6 sequence; length of alignment 160
alifold output
   16    40  0 100.0%   0.000 GC:6   
    6    50  0  99.9%   0.004 GU:6   
   14    42  0  99.8%   0.006 UA:6   
    5    51  0  99.6%   0.012 UA:6   
    7    49  1 100.0%   0.001 CG:5   
   17    39  1  99.5%   0.032 GU:1    AU:4   
   15    41  2  99.9%   0.004 AU:4   
    8    48  3  99.3%   0.021 UA:3   
   18    38  0  97.5%   0.159 GC:3    GU:3   
    9    47  2  98.8%   0.036 AU:4   
    4    52  0  98.0%   0.061 GC:6   
   10    46  3  97.3%   0.080 AU:3   
   13    43  0  96.0%   0.127 AU:6   
   26    33  0  94.1%   0.360 CG:3    UG:3   
   11    45  1  95.1%   0.152 GC:3    GU:2   
   25    34  0  94.5%   0.363 CG:6   
   23    36  0  94.5%   0.466 CG:6   
   24    35  0  94.5%   0.208 AU:6   
    3    53  0  94.2%   0.169 AU:6   
   22    37  0  93.6%   0.386 GU:6   
    2    54  2  75.5%   0.652 UA:4   
   76    85  0  72.5%   1.423 AU:6   
   75    86  2  72.6%   1.308 CG:4   
  115   126  0  69.1%   1.844 CG:6   
   77    84  1  68.1%   1.089 GC:1    GU:1    AU:3   
  114   127  2  68.7%   1.168 CG:3    UG:1   
  117   124  0  68.2%   2.051 GU:6   
  116   125  2  68.8%   1.869 UA:4   
  118   123  0  66.1%   2.165 UA:6   
   74    87  0  64.9%   1.451 UA:6   
  113   128  2  65.0%   1.237 AU:1    UA:3   
  112   129  3  55.7%   1.723 UA:3   
  111   130  0  53.2%   1.748 GC:6   
   68   155  0  50.4%   1.807 GC:2    GU:3    AU:1   
   71   152  0  50.5%   1.988 CG:1    UG:5   
   69   154  0  50.7%   1.900 UA:6   
   72   151  0  50.5%   1.859 CG:6   
   70   153  2  50.3%   1.939 UG:3    UA:1   
  134   144  1  47.4%   2.219 CG:2    UG:3    +
  133   145  2  47.8%   2.236 CG:4    +
  131   147  2  47.7%   1.919 CG:4    +
  132   146  2  47.7%   2.165 AU:4    +
  130   148  0  44.7%   2.210 CG:6    +
  109   133  2  41.8%   2.179 GC:4   
  135   143  1  41.1%   1.592 AU:5    +
  108   134  1  38.9%   2.142 GC:2    GU:3   
  110   132  2  39.5%   2.086 UA:4   
   78    83  3  37.5%   1.697 AU:3   
   27    32  1  34.9%   1.195 GU:5    +
   97   148  0  34.2%   2.151 CG:6   
  100   145  0  34.2%   2.062 CG:6   
   99   146  1  34.1%   2.043 GC:1    GU:4   
  101   144  1  33.9%   1.486 CG:2    UG:3   
   96   149  1  33.9%   2.193 GC:2    GU:3   
   98   147  3  34.1%   2.006 CG:2    UG:1   
  129   149  3  34.3%   2.230 AU:3    +
   73   150  0  33.0%   1.700 AU:6    +
  102   143  1  27.2%   1.625 GU:1    AU:4   
   95   150  0  25.8%   2.116 AU:6   
   92   125  0  18.6%   1.292 AU:2    UA:4    +
   67   156  3  20.0%   1.410 UG:3    +
   93   124  0  18.7%   1.318 AU:6    +
   94   123  0  18.6%   1.346 UA:6    +
  100   148  0  17.1%   2.664 CG:6    +
  101   147  1  17.1%   2.030 CG:2    UG:3    +
  103   145  0  17.1%   1.854 CG:6    +
   99   149  1  17.1%   2.626 GC:2    GU:3    +
   91   126  3  17.8%   1.323 CG:3    +
   95   122  2  17.7%   1.470 AU:4    +
   97   151  0  16.7%   2.963 CG:6    +
  102   146  2  17.1%   2.193 AU:4    +
   98   150  3  16.7%   2.942 AU:3    +
   94   151  0  15.7%   1.804 UG:6    +
   96   112  0  14.5%   1.173 GC:3    GU:3    +
  103   111  0  14.8%   1.405 CG:6    +
   97   111  0  14.6%   1.135 CG:6    +
  104   110  2  14.7%   1.612 AU:2    UA:2    +
  104   144  2  14.4%   1.617 CG:1    UG:3    +
  102   112  2  14.4%   1.331 GC:1    AU:3    +
   62    68  0  11.4%   0.844 CG:3    UG:2    UA:1    +
  105   109  2  13.9%   1.325 CG:4    +
   61    69  0  11.3%   0.843 GU:3    AU:3    +
   99   115  0  12.1%   1.450 GC:6    +
   56    72  0  11.6%   0.878 GC:6    +
  100   106  0  11.4%   0.749 CG:6    +
   97   109  0  11.3%   0.756 CG:6    +
   98   116  3  12.0%   1.595 AU:3    +
   70    88  0  11.2%   1.367 UA:6    +
   98   110  3  11.8%   1.251 AU:3    +
   71    87  1  11.4%   1.376 UA:5    +
   99   107  3  11.4%   0.751 GC:1    GU:2    +
   98   108  3  11.3%   0.750 CG:2    UG:1    +
   72    86  2  11.4%   1.191 CG:4    +
   73    85  0  10.7%   1.182 AU:6    +
   69    89  0   9.5%   1.264 UG:4    UA:2    +
   97   117  0  10.3%   1.506 CG:6    +
   57    71  1  10.6%   0.801 AU:5    +
   62   117  0   9.0%   1.036 CG:3    UG:3    +
   55    73  0   9.9%   0.744 UA:6    +
  128   150  3  10.5%   2.164 AU:3    +
   60    70  0   8.7%   0.738 GU:3    AU:3    +
   58   120  0   9.6%   0.912 CG:6    +
   96   118  0   9.6%   1.594 GU:6    +
   57   121  0   9.6%   1.170 AU:6    +
  100   108  0   9.4%   1.169 CG:6    +
   55   123  0   9.1%   1.037 UA:6    +
   64   115  0   9.0%   1.043 GC:6    +
   56   122  2   9.5%   1.167 GU:4    +
   59   119  2   9.1%   0.805 AU:2    UA:2    +
   96   110  2   9.2%   0.737 GU:4    +
   63   116  1   9.0%   0.766 AU:5    +
   67    82  0   7.5%   0.649 UG:3    AU:3    +
   69    80  0   7.5%   0.940 UG:2    UA:4    +
  106   140  0   6.9%   1.141 GC:2    GU:4    +
   70    79  0   7.4%   0.995 UA:6    +
   94   154  0   7.1%   1.859 UA:6    +
   66    83  2   7.4%   0.689 CG:1    AU:3    +
   68    81  1   7.4%   0.930 GU:5    +
   54   124  0   6.9%   0.863 AU:6    +
   96   121  0   6.8%   1.624 GU:6    +
   95   113  1   7.1%   0.720 AU:5    +
   93   155  2   6.8%   1.511 AU:4    +
   97   120  0   6.1%   1.540 CG:6    +
   75    82  3   6.8%   0.886 CG:3    +
   71    78  1   6.4%   0.956 UA:5    +
  102   118  0   4.9%   1.480 GU:1    AU:5    +
  107   139  3   6.6%   1.257 AU:3    +
   65    84  2   6.5%   0.728 AU:4    +
   61   118  0   4.7%   0.921 GU:3    AU:3    +
   60   118  0   4.4%   0.744 GU:3    AU:3    +
   23    30  0   5.3%   0.468 CG:6    +
   22    31  0   5.3%   0.466 GC:6    +
  100   109  0   5.1%   1.179 CG:6    +
   20    34  0   4.1%   0.491 CG:2    UG:4    +
   68    90  3   5.6%   1.140 GU:2    AU:1    +
  101   108  1   5.0%   0.961 CG:2    UG:3    +
  103   117  0   4.9%   1.471 CG:6    +
  101   119  2   4.9%   0.888 CG:1    AU:1    UA:2    +
   74    83  3   5.3%   0.869 UG:1    UA:2    +
   76    81  1   5.3%   0.776 AU:5    +
   64    85  0   4.7%   0.706 GU:6    +
  100   120  0   4.5%   1.647 CG:6    +
   99   121  0   4.2%   1.629 GU:6    +
   21    33  0   4.2%   0.445 CG:6    +
   19    36  0   4.1%   0.441 CG:6    +
   90   127  3   4.7%   0.800 UG:3    +
  108   115  0   3.9%   1.686 GC:6    +
  106   138  0   3.9%   0.748 GU:6    +
   92   156  3   4.2%   1.381 UG:3    +
  100   117  0   3.4%   1.536 CG:6    +
   64    72  0   3.4%   0.675 GC:6    +
   53   125  2   4.0%   0.453 UA:4    +
   99   118  0   3.3%   1.566 GU:6    +
  109   114  2   3.6%   1.227 GC:3    GU:1    +
    2    86  0   0.0%   0.243 CG:1    UG:3    AU:1    UA:1    +
  107   116  3   3.7%   1.176 AU:3    +
  103   109  0   2.8%   0.737 CG:6    +
  107   137  3   3.3%   0.763 CG:1    UA:2    +
   65    71  1   3.2%   0.636 AU:5    +
   60    71  0   0.7%   0.596 GC:1    GU:2    AU:3    +
   99   112  0   1.7%   0.893 GC:3    GU:3    +
  137   141  0   1.7%   0.537 GU:2    AU:4    +
  137   143  0   0.6%   1.138 GC:1    GU:1    AU:4    +
   27    31  0   2.4%   0.421 GC:6    +
   67    91  3   3.0%   0.686 UG:3    +
   84    89  0   0.3%   0.948 CG:2    UG:2    UA:2    +
   83    90  0   0.3%   1.143 GU:1    AU:2    UA:3    +
   56    75  0   2.3%   0.635 GC:6    +
  106   139  0   2.2%   0.753 GU:6    +
   57    74  0   2.2%   0.642 AU:6    +
   60   150  0   1.1%   0.640 GU:3    AU:3    +
  102   110  2   2.5%   0.864 GU:1    AU:3    +
   61    71  0   0.1%   0.601 GC:1    GU:2    AU:3    +
  106   143  0   1.1%   1.278 GC:1    GU:5    +
  108   140  0   1.1%   1.817 GC:2    GU:4    +
   71    89  0   0.1%   1.142 CG:1    UG:3    UA:2    +
   20    33  0   1.1%   0.147 CG:2    UG:4    +
   68    94  0   1.1%   0.871 GU:5    AU:1    +
   99   110  2   2.7%   1.041 GU:4    +
   81    86  0   0.0%   0.934 UG:4    AU:1    UA:1    +
   68   143  0   0.0%   0.751 GC:1    GU:4    AU:1    +
   77   143  0   0.0%   0.330 GC:1    GU:1    AU:4    +
   52   126  0   2.0%   0.258 CG:6    +
   55    76  0   2.0%   0.519 UA:6    +
  121   157  0   0.9%   0.798 UG:1    UA:5    +
  120   158  0   0.9%   0.942 GC:2    GU:4    +
  104   108  2   2.2%   0.910 CG:1    UG:3    +
   62   148  0   0.9%   0.725 CG:3    UG:3    +
  107   138  3   2.6%   0.943 AU:3    +
  108   133  2   2.5%   1.225 GC:4    +
  108   112  0   0.8%   1.533 GC:3    GU:3    +
  100   111  0   1.7%   1.151 CG:6    +
   54    74  0   1.7%   0.436 AU:6    +
   61    70  0   0.7%   0.642 GU:3    AU:3    +
   72    89  2   2.3%   1.165 CG:4    +
   56    62  0   0.6%   0.142 GC:3    GU:3    +
   59    90  2   1.9%   0.317 AU:2    UA:2    +
   72   152  0   1.5%   1.695 CG:6    +
   64   158  0   0.5%   0.718 GC:2    GU:4    +
  136   141  0   1.5%   0.363 AU:6    +
   89   155  1   1.0%   0.915 GC:1    GU:3    AU:1    +
   64    84  0   0.4%   0.296 GC:2    GU:4    +
   58   152  0   1.4%   0.668 CG:6    +
   71   153  2   1.4%   1.763 CG:1    UG:2    UA:1    +
   60    69  0   0.4%   0.149 GU:3    AU:3    +
  151   158  0   0.3%   1.409 GC:2    GU:4    +
   65   158  2   1.9%   0.639 AU:4    +
   58    91  3   2.0%   0.405 CG:3    +
   58    64  0   1.2%   0.167 CG:6    +
   67    90  0   0.2%   0.399 AU:3    UA:3    +
  108   138  0   1.2%   1.786 GU:6    +
  109   140  0   0.1%   1.695 GC:2    GU:4    +
   94   157  0   0.1%   1.097 UG:1    UA:5    +
   61   160  0   0.1%   0.573 GU:3    AU:3    +
   57    69  0   1.1%   0.185 AU:6    +
   69   157  0   0.1%   1.257 UG:1    UA:5    +
  102   141  0   0.1%   0.579 GU:1    AU:5    +
   70    89  0   0.1%   1.138 UG:4    UA:2    +
    1   157  0   0.1%   0.117 UG:1    UA:5    +
   70   154  0   1.1%   1.747 UA:6    +
   80   138  0   0.1%   0.237 GU:2    AU:4    +
   55    61  0   0.1%   0.035 UG:3    UA:3    +
   77   141  0   0.1%   0.335 GU:2    AU:4    +
   19    34  0   1.1%   0.148 CG:6    +
   89   160  0   0.1%   0.541 GU:4    AU:2    +
   56   158  0   0.1%   0.746 GC:2    GU:4    +
  152   158  0   0.1%   0.844 GC:2    GU:4    +
   80    94  0   0.1%   0.310 GU:2    AU:4    +
   80    84  0   0.1%   0.744 GC:2    AU:4    +
   71   148  0   0.1%   0.936 CG:1    UG:5    +
   70    77  0   0.1%   0.410 UG:2    UA:4    +
  102   139  0   0.1%   0.555 GU:1    AU:5    +
  112   127  0   0.1%   0.909 CG:3    UG:3    +
   61    94  0   0.1%   0.365 GU:3    AU:3    +
   89    94  0   0.1%   0.502 GU:4    AU:2    +
   64    71  0   0.1%   0.366 GC:1    GU:5    +
  102   121  0   0.1%   1.104 GU:1    AU:5    +
   55    60  0   0.0%   0.024 UG:3    UA:3    +
   56   155  0   0.0%   0.741 GC:2    GU:4    +
   74    80  0   0.0%   0.378 UG:2    UA:4    +
   77    85  0   0.0%   0.986 GU:2    AU:4    +
   69    93  0   1.0%   0.963 UA:6    +
   60    85  0   0.0%   0.342 GU:3    AU:3    +
  120   155  0   0.0%   1.219 GC:2    GU:4    +
   74    89  0   0.0%   0.987 UG:4    UA:2    +
   61    74  0   0.0%   0.467 GU:3    AU:3    +
   66    70  3   1.8%   0.547 AU:3    +
   68   160  0   0.0%   1.159 GU:5    AU:1    +
    1    60  0   0.0%   0.074 UG:3    UA:3    +
   62    96  0   0.0%   0.388 CG:3    UG:3    +
   55   157  0   0.0%   0.627 UG:1    UA:5    +
   22    38  0   0.0%   0.276 GC:3    GU:3    +
  102   138  0   0.0%   0.544 GU:1    AU:5    +
  109   143  0   0.0%   1.844 GC:1    GU:5    +
   96   155  0   0.0%   2.051 GC:2    GU:4    +
  126   155  0   0.0%   1.402 GC:2    GU:4    +
   80    85  0   0.0%   0.889 GU:2    AU:4    +
  127   155  0   0.0%   1.151 GC:2    GU:4    +
   55    89  0   0.0%   0.371 UG:4    UA:2    +
   84    96  0   0.0%   0.609 CG:2    UG:4    +
    1    61  0   0.0%   0.074 UG:3    UA:3    +
   89   124  0   0.0%   0.589 GU:4    AU:2    +
   62   151  0   0.0%   0.720 CG:3    UG:3    +
  108   143  0   0.0%   1.944 GC:1    GU:5    +
   80   160  0   0.0%   0.276 GU:2    AU:4    +
   56    71  0   0.0%   0.132 GC:1    GU:5    +
   80   139  0   0.0%   0.233 GU:2    AU:4    +
    4   155  0   0.0%   0.030 GC:2    GU:4    +
  117   143  0   0.0%   1.443 GC:1    GU:5    +
    4   158  0   0.0%   0.027 GC:2    GU:4    +
  120   140  0   0.0%   0.830 GC:2    GU:4    +
  150   157  0   0.0%   1.512 UG:1    UA:5    +
  102   116  0   0.0%   0.893 GU:1    AU:5    +
   62   152  0   0.0%   0.713 CG:3    UG:3    +
  112   148  0   0.0%   1.794 CG:3    UG:3    +
    5   157  0   0.0%   0.017 UG:1    UA:5    +
   62   144  0   0.0%   0.601 CG:3    UG:3    +
  151   155  0   0.0%   1.769 GC:2    GU:4    +
   64   140  0   0.0%   0.607 GC:2    GU:4    +
   94   102  0   0.0%   0.116 UG:1    UA:5    +
   74   157  0   0.0%   0.698 UG:1    UA:5    +
   84   127  0   0.0%   0.559 CG:2    UG:4    +
   60   160  0   0.0%   0.530 GU:3    AU:3    +
   85   157  0   0.0%   0.750 UG:1    UA:5    +
   69    77  0   0.0%   0.348 UG:2    UA:4    +
  106   112  0   0.0%   0.968 GC:3    GU:3    +
   84   126  0   0.0%   0.636 CG:2    UG:4    +
  117   158  0   0.0%   1.268 GC:2    GU:4    +
  118   157  0   0.0%   1.174 UG:1    UA:5    +
    1    89  0   0.0%   0.078 UG:4    UA:2    +
  140   144  0   0.0%   1.390 CG:2    UG:4    +
   85    89  0   0.0%   1.064 UG:4    UA:2    +
   89   121  0   0.0%   0.619 GU:4    AU:2    +
   68    74  0   0.0%   0.489 GU:5    AU:1    +
  124   157  0   0.0%   0.965 UG:1    UA:5    +
   64   155  0   0.0%   0.627 GC:2    GU:4    +
   20    36  0   0.0%   0.311 CG:2    UG:4    +
   69   137  0   0.0%   0.855 UG:2    UA:4    +
  149   156  1   0.0%   1.675 CG:1    GC:1    UG:2    UA:1    +
   60   124  0   0.0%   0.651 GU:3    AU:3    +
   55    68  0   0.0%   0.060 UG:5    UA:1    +
   84   152  0   0.0%   1.042 CG:2    UG:4    +
   68   138  0   0.0%   0.751 GU:5    AU:1    +
   70   157  0   0.0%   1.333 UG:1    UA:5    +
   61   149  2   1.0%   0.640 GC:1    GU:2    AU:1    +
  127   158  0   0.0%   0.737 GC:2    GU:4    +
   61    85  0   0.0%   0.352 GU:3    AU:3    +
   62   147  0   0.0%   0.601 CG:3    UG:3    +
   70    80  0   0.0%   0.796 UG:2    UA:4    +
   68   150  0   0.0%   0.819 GU:5    AU:1    +
   96   158  0   0.0%   1.647 GC:2    GU:4    +
   64   112  0   0.0%   0.387 GC:3    GU:3    +
  126   158  0   0.0%   0.989 GC:2    GU:4    +
   56    84  0   0.0%   0.465 GC:2    GU:4    +
   55    77  0   0.0%   0.365 UG:2    UA:4    +
   60    94  0   0.0%   0.333 GU:3    AU:3    +
   89   138  0   0.0%   0.411 GU:4    AU:2    +
   68   124  0   0.0%   0.935 GU:5    AU:1    +
   96   140  0   0.0%   1.045 GC:2    GU:4    +
   71   145  0   0.0%   0.876 CG:1    UG:5    +
   26    30  0   0.0%   0.158 CG:3    UG:3    +
  140   152  0   0.0%   0.807 CG:2    UG:4    +
  140   147  0   0.0%   1.355 CG:2    UG:4    +
    6   158  0   0.0%   0.003 GC:2    GU:4    +
   71   127  0   0.0%   0.876 CG:1    UG:5    +
   77    94  0   0.0%   0.398 GU:2    AU:4    +
   99   143  0   0.0%   0.939 GC:1    GU:5    +
   55    80  0   0.0%   0.365 UG:2    UA:4    +
   62   120  0   0.0%   0.823 CG:3    UG:3    +
   61   121  0   0.0%   0.717 GU:3    AU:3    +
   84   120  0   0.0%   0.780 CG:2    UG:4    +
   71   151  0   0.0%   0.960 CG:1    UG:5    +
   60    74  0   0.0%   0.448 GU:3    AU:3    +
   53    77  0   0.0%   0.058 UG:2    UA:4    +
   61   150  0   0.0%   0.605 GU:3    AU:3    +
   53    60  0   0.0%   0.060 UG:3    UA:3    +
   80   124  0   0.0%   0.399 GU:2    AU:4    +
   85   137  0   0.0%   0.704 UG:2    UA:4    +
   80   141  0   0.0%   0.232 GU:2    AU:4    +
   22    26  0   0.0%   0.000 GC:3    GU:3    +
    1    77  0   0.0%   0.075 UG:2    UA:4    +
  102   150  0   0.0%   2.298 GU:1    AU:5    +
   89   150  0   0.0%   0.838 GU:4    AU:2    +
   68    85  0   0.0%   0.720 GU:5    AU:1    +
  148   158  0   0.0%   1.399 GC:2    GU:4    +
  143   148  0   0.0%   1.974 CG:1    UG:5    +
    1    80  0   0.0%   0.075 UG:2    UA:4    +
  140   145  0   0.0%   1.352 CG:2    UG:4    +
  140   148  0   0.0%   1.399 CG:2    UG:4    +
  112   117  0   0.0%   1.477 CG:3    UG:3    +
   62   127  0   0.0%   0.598 CG:3    UG:3    +
   62    99  0   0.0%   0.381 CG:3    UG:3    +
   77   150  0   0.0%   0.759 GU:2    AU:4    +
   53   157  0   0.0%   0.206 UG:1    UA:5    +
  126   140  0   0.0%   0.940 GC:2    GU:4    +
   11    43  0   0.0%   0.000 GU:5    AU:1    +
  121   137  0   0.0%   0.713 UG:2    UA:4    +
    1    68  0   0.0%   0.074 UG:5    UA:1    +
   62   145  0   0.0%   0.599 CG:3    UG:3    +
   84   151  0   0.0%   0.986 CG:2    UG:4    +
   71   109  0   0.0%   0.875 CG:1    UG:5    +
   84    99  0   0.0%   0.562 CG:2    UG:4    +
   77   139  0   0.0%   0.314 GU:2    AU:4    +
   62   111  0   0.0%   0.380 CG:3    UG:3    +
   26    34  0   0.0%   0.305 CG:3    UG:3    +
   89   116  0   0.0%   0.615 GU:4    AU:2    +
   53    61  0   0.0%   0.058 UG:3    UA:3    +
   16    38  0   0.0%   0.000 GC:3    GU:3    +
   60   116  0   0.0%   0.332 GU:3    AU:3    +
   55   102  0   0.0%   0.383 UG:1    UA:5    +
  124   137  0   0.0%   0.910 UG:2    UA:4    +
   61   116  0   0.0%   0.353 GU:3    AU:3    +
  111   158  0   0.0%   1.339 GC:2    GU:4    +
  148   155  0   0.0%   1.812 GC:2    GU:4    +
   61   124  0   0.0%   0.677 GU:3    AU:3    +
  117   155  0   0.0%   1.670 GC:2    GU:4    +
   53    68  0   0.0%   0.057 UG:5    UA:1    +
  102   124  0   0.0%   1.035 GU:1    AU:5    +
   53    80  0   0.0%   0.058 UG:2    UA:4    +
   84   145  0   0.0%   0.568 CG:2    UG:4    +
   80   150  0   0.0%   0.660 GU:2    AU:4    +
   71    96  0   0.0%   0.926 CG:1    UG:5    +
    6   155  0   0.0%   0.007 GC:2    GU:4    +
  124   154  0   1.0%   1.606 UA:6    +
   98   113  2   1.3%   0.940 AU:3    UA:1    +
   56    70  0   0.9%   0.212 GU:6    +
   89   158  1   0.3%   0.689 GC:1    GU:3    AU:1    +
   59   151  3   1.3%   0.570 CG:1    UG:2    +
   60    84  1   0.3%   0.351 GC:1    GU:2    AU:2    +
   58    68  1   1.3%   0.224 CG:5    +
   57    92  2   1.5%   0.623 AU:4    +
   96   115  0   0.8%   0.896 GC:6    +
   95   116  0   0.8%   0.612 AU:6    +
  107   141  3   1.5%   1.016 AU:3    +
   94   117  0   0.7%   0.467 UG:6    +
  101   106  1   0.7%   0.361 CG:2    UG:3    +
   66    92  3   1.5%   0.551 AU:3    +
   18    35  0   0.7%   0.106 GU:6    +
   71    86  1   0.2%   0.680 CG:1    UG:3    UA:1    +
  101   111  1   0.7%   0.681 CG:2    UG:3    +
   86   158  1   0.2%   0.751 GC:1    GU:3    AU:1    +
  138   142  0   0.7%   0.440 UA:6    +
   93   118  0   0.7%   0.528 AU:6    +
  103   108  0   0.7%   0.723 CG:6    +
   18    37  0   0.6%   0.134 GU:6    +
    2   156  1   0.1%   0.284 CG:1    UG:2    UA:2    +
  109   139  0   0.6%   1.766 GU:6    +
  105   144  2   1.3%   1.098 CG:4    +
   62    89  1   0.1%   0.394 CG:2    UG:2    UA:1    +
  107   113  2   0.9%   0.691 AU:3    UA:1    +
  109   131  2   1.2%   1.117 GC:4    +
    1    57  0   0.6%   0.123 UA:6    +
  106   114  2   0.9%   0.460 GC:3    GU:1    +
  137   146  1   0.0%   1.314 GC:1    GU:1    AU:3    +
   61    84  1   0.0%   0.353 GC:1    GU:2    AU:2    +
   86   155  1   0.0%   0.932 GC:2    GU:2    AU:1    +
   84   156  1   0.0%   0.925 CG:1    UG:2    UA:2    +
   60   146  1   0.0%   0.469 GC:1    GU:2    AU:2    +
    2    60  1   0.0%   0.243 CG:1    UG:2    UA:2    +
   89   112  1   0.0%   0.396 GC:2    GU:2    AU:1    +
   84   137  1   0.0%   0.570 CG:1    UG:1    UA:3    +
   80   140  1   0.0%   0.234 GC:1    GU:1    AU:3    +
   97   127  0   0.5%   1.180 CG:6    +
   61   155  1   0.0%   0.554 GC:1    GU:2    AU:2    +
   80   158  1   0.0%   0.384 GC:1    GU:1    AU:3    +
    2    89  1   0.0%   0.244 CG:1    UG:2    UA:2    +
   60   155  1   0.0%   0.537 GC:1    GU:2    AU:2    +
   71   156  1   0.0%   1.640 CG:1    UG:2    UA:2    +
    2    61  1   0.0%   0.241 CG:1    UG:2    UA:2    +
   77   158  1   0.0%   0.482 GC:1    GU:1    AU:3    +
   61   146  1   0.0%   0.494 GC:1    GU:2    AU:2    +
    2   119  1   0.0%   0.244 UG:1    AU:1    UA:3    +
   68   134  1   0.0%   0.749 GC:2    GU:2    AU:1    +
  113   119  1   0.0%   0.730 UG:1    AU:1    UA:3    +
  130   145  0   0.5%   1.121 CG:6    +
    2    56  1   0.5%   0.308 CG:1    UG:4    +
  109   130  0   0.5%   0.977 GC:6    +
  135   141  0   0.5%   0.208 AU:6    +
   92   113  3   1.0%   0.320 AU:2    UA:1    +
  129   150  0   0.4%   2.154 AU:6    +
  109   134  1   0.4%   1.789 GC:2    GU:3    +
    1    56  0   0.4%   0.078 UG:6    +
   92   153  2   0.7%   1.073 UG:3    UA:1    +
   59    86  2   0.0%   0.089 CG:1    UG:1    AU:1    UA:1    +
   94   111  0   0.4%   0.184 UG:6    +
  126   149  1   0.4%   1.465 GC:2    GU:3    +
   77    81  1   0.3%   0.444 GU:1    AU:4    +
  123   155  2   1.0%   1.595 AU:4    +
   75   148  0   0.3%   0.657 CG:6    +
   64    75  0   0.3%   0.321 GC:6    +
   65    74  0   0.3%   0.325 AU:6    +
    1    54  0   0.3%   0.046 UA:6    +
  150   159  0   0.2%   1.492 UA:6    +
  108   139  0   0.2%   1.770 GU:6    +
   94   120  0   0.2%   0.448 UG:6    +
   70    87  0   0.2%   0.656 UA:6    +
   90   154  3   1.0%   1.063 UA:3    +
   58   151  0   0.2%   0.510 CG:6    +
  111   131  2   0.9%   1.257 GC:4    +
  109   138  0   0.2%   1.691 GU:6    +
   93   121  0   0.2%   0.448 AU:6    +
   69    88  0   0.2%   0.595 UA:6    +
  122   156  3   1.0%   1.211 UG:3    +
   62    86  2   0.5%   0.416 CG:2    UG:2    +
   55    93  0   0.2%   0.405 UA:6    +
   88    94  0   0.2%   0.420 AU:6    +
   91   155  3   0.7%   1.167 GC:1    GU:2    +
  108   141  0   0.2%   1.639 GU:6    +
   85   159  0   0.2%   0.773 UA:6    +
   93   112  3   0.9%   0.223 AU:3    +
   67    95  3   0.9%   0.507 UA:3    +
   68   158  1   0.2%   1.274 GC:1    GU:4    +
   12    43  0   0.2%   0.030 AU:6    +
  124   151  0   0.1%   1.826 UG:6    +
   74    88  0   0.1%   0.912 UA:6    +
  106   141  0   0.1%   0.800 GU:6    +
   91   114  3   0.9%   0.398 GC:3    +
   21    36  0   0.1%   0.296 CG:6    +
  106   115  0   0.1%   0.871 GC:6    +
   22    35  0   0.1%   0.221 GU:6    +
   23    34  0   0.1%   0.370 CG:6    +
    3    55  0   0.1%   0.083 AU:6    +
   54    94  0   0.1%   0.326 AU:6    +
   69    96  0   0.1%   0.913 UG:6    +
   70    78  0   0.1%   0.429 UA:6    +
   62   156  1   0.1%   0.684 CG:3    UA:2    +
   75   144  0   0.1%   0.564 CG:6    +
   71    77  1   0.1%   0.437 UG:2    UA:3    +
   74   145  0   0.1%   0.654 UG:6    +
   70    95  0   0.1%   0.964 UA:6    +
   69    79  0   0.1%   0.374 UA:6    +
   72   147  0   0.1%   0.762 CG:6    +
   79   139  0   0.1%   0.243 AU:6    +
   25    33  0   0.1%   0.205 CG:6    +
  106   134  1   0.1%   0.377 GC:2    GU:3    +
   81   137  1   0.1%   0.433 UG:2    UA:3    +
   97   152  0   0.1%   2.166 CG:6    +
  109   115  0   0.1%   1.569 GC:6    +
  108   116  0   0.1%   1.568 GU:6    +
   82    92  1   0.1%   0.630 GU:3    UA:2    +
   55   159  0   0.1%   0.635 UA:6    +
   74   154  0   0.1%   1.072 UA:6    +
   74   148  0   0.1%   0.704 UG:6    +
   71   157  1   0.1%   1.345 UG:1    UA:4    +
   75   147  0   0.1%   0.572 CG:6    +
   55   154  0   0.1%   0.627 UA:6    +
   79    85  0   0.1%   0.903 AU:6    +
   53    95  0   0.1%   0.076 UA:6    +
   88   160  0   0.1%   0.387 AU:6    +
  132   150  0   0.1%   2.133 AU:6    +
  130   152  0   0.1%   1.275 CG:6    +
   21    34  0   0.1%   0.329 CG:6    +
   60   149  2   0.1%   0.486 GC:1    GU:2    AU:1    +
    1   154  0   0.1%   0.101 UA:6    +
   70   156  1   0.1%   1.650 UG:3    UA:2    +
   58   117  0   0.1%   0.246 CG:6    +
   63    85  1   0.6%   0.167 AU:5    +
   57   118  0   0.1%   0.504 AU:6    +
  134   148  1   0.1%   1.889 CG:2    UG:3    +
   69    78  0   0.1%   0.360 UA:6    +
   65    70  0   0.1%   0.339 AU:6    +
   95   121  0   0.1%   0.575 AU:6    +
   92   154  2   0.7%   1.148 UA:4    +
    2   151  1   0.1%   0.257 CG:1    UG:4    +
   78    85  0   0.1%   1.254 AU:6    +
   65   160  0   0.1%   0.477 AU:6    +
   64    94  0   0.1%   0.416 GU:6    +
  103   120  0   0.1%   1.136 CG:6    +
   64   160  0   0.1%   0.679 GU:6    +
  104   119  2   0.1%   0.748 UG:1    AU:1    UA:2    +
    1   152  0   0.0%   0.091 UG:6    +
   64    70  0   0.0%   0.388 GU:6    +
   65    94  0   0.0%   0.376 AU:6    +
   55    65  0   0.0%   0.062 UA:6    +
  106   116  0   0.0%   0.864 GU:6    +
   94   152  0   0.0%   1.301 UG:6    +
   65    69  0   0.0%   0.355 AU:6    +
    3   150  0   0.0%   0.075 AU:6    +
   75   151  0   0.0%   1.001 CG:6    +
   94   156  1   0.0%   1.493 UG:3    UA:2    +
   76   150  0   0.0%   0.979 AU:6    +
   54   160  0   0.0%   0.507 AU:6    +
  124   156  1   0.0%   1.380 UG:3    UA:2    +
   55    63  1   0.5%   0.106 UA:5    +
   55    95  0   0.0%   0.394 UA:6    +
  121   154  0   0.0%   1.266 UA:6    +
  138   145  0   0.0%   1.401 UG:6    +
   69   159  0   0.0%   1.253 UA:6    +
   56    94  0   0.0%   0.509 GU:6    +
   85   156  1   0.0%   1.064 UG:3    UA:2    +
  139   144  0   0.0%   1.430 UG:6    +
   85    93  0   0.0%   0.775 UA:6    +
   97   108  0   0.0%   0.023 CG:6    +
   85   135  0   0.0%   0.703 UA:6    +
  127   150  0   0.0%   1.556 GU:6    +
   55   156  1   0.0%   0.627 UG:3    UA:2    +
   52    96  0   0.0%   0.027 CG:6    +
   55    64  0   0.0%   0.056 UG:6    +
   85    95  0   0.0%   0.758 UA:6    +
    2   152  1   0.0%   0.258 CG:1    UG:4    +
   57    70  0   0.0%   0.131 AU:6    +
   84   157  1   0.0%   0.616 CG:1    UA:4    +
   95   124  0   0.0%   1.136 AU:6    +
   64    69  0   0.0%   0.406 GU:6    +
    1   159  0   0.0%   0.106 UA:6    +
   81    89  1   0.0%   0.761 UG:3    UA:2    +
   86    94  1   0.0%   0.643 GU:4    AU:1    +
   87    94  0   0.0%   0.662 AU:6    +
   93   150  0   0.0%   0.944 AU:6    +
   58   148  0   0.0%   0.469 CG:6    +
   99   150  0   0.0%   2.690 GU:6    +
   70    93  0   0.0%   0.959 UA:6    +
   74   152  0   0.0%   1.128 UG:6    +
   58    96  0   0.0%   0.236 CG:6    +
    4   149  1   0.0%   0.025 GC:2    GU:3    +
   96   100  0   0.0%   0.065 GC:6    +
  138   144  0   0.0%   1.432 UG:6    +
    1   156  1   0.0%   0.095 UG:3    UA:2    +
   24    28  0   0.0%   0.004 AU:6    +
   25    30  0   0.0%   0.160 CG:6    +
   78   141  0   0.0%   0.596 AU:6    +
  127   149  1   0.0%   1.194 GC:2    GU:3    +
  154   160  0   0.0%   0.809 AU:6    +
  135   139  0   0.0%   0.351 AU:6    +
  116   123  0   0.0%   1.186 UA:6    +
  134   147  1   0.0%   1.838 CG:2    UG:3    +
   56   150  0   0.0%   0.727 GU:6    +
    1    65  0   0.0%   0.076 UA:6    +
   53   156  1   0.0%   0.209 UG:3    UA:2    +
   23    33  0   0.0%   0.341 CG:6    +
  126   150  0   0.0%   1.805 GU:6    +
  118   142  0   0.0%   1.109 UA:6    +
  115   145  0   0.0%   1.598 CG:6    +
  116   144  0   0.0%   1.623 UG:6    +
   65    85  0   0.0%   0.524 AU:6    +
   64    97  0   0.0%   0.389 GC:6    +
    5   154  0   0.0%   0.013 UA:6    +
   58    99  0   0.0%   0.233 CG:6    +
   18    39  0   0.0%   0.101 GU:6    +
   75   152  0   0.0%   1.055 CG:6    +
    2    64  1   0.0%   0.243 CG:1    UG:4    +
   94   159  0   0.0%   1.073 UA:6    +
  132   141  0   0.0%   0.479 AU:6    +
   87   124  0   0.0%   0.753 AU:6    +
  111   134  1   0.0%   1.495 GC:2    GU:3    +
  124   135  0   0.0%   0.793 UA:6    +
   87   160  0   0.0%   0.624 AU:6    +
  111   149  1   0.0%   1.825 GC:2    GU:3    +
   96   124  0   0.0%   1.516 GU:6    +
   93   160  0   0.0%   0.768 AU:6    +
   55    88  0   0.0%   0.369 UA:6    +
  103   144  0   0.0%   0.950 CG:6    +
   89   113  1   0.0%   0.402 GU:3    AU:2    +
    1    88  0   0.0%   0.078 UA:6    +
   85   126  0   0.0%   0.773 UG:6    +
  132   139  0   0.0%   0.696 AU:6    +
   65   139  0   0.0%   0.351 AU:6    +
   97   126  0   0.0%   1.342 CG:6    +
  101   109  1   0.0%   0.591 CG:2    UG:3    +
   85   136  0   0.0%   0.705 UA:6    +
    1    87  0   0.0%   0.077 UA:6    +
   95   118  0   0.0%   0.636 AU:6    +
   64   149  1   0.0%   0.662 GC:2    GU:3    +
  100   127  0   0.0%   1.129 CG:6    +
    1    64  0   0.0%   0.074 UG:6    +
  101   126  1   0.0%   0.791 CG:2    UG:3    +
   79    94  0   0.0%   0.305 AU:6    +
  132   138  0   0.0%   0.668 AU:6    +
  124   159  0   0.0%   0.906 UA:6    +
   53   126  0   0.0%   0.274 UG:6    +
   69   156  1   0.0%   1.546 UG:3    UA:2    +
  151   160  0   0.0%   1.154 GU:6    +
   69    73  0   0.0%   0.584 UA:6    +
  109   141  0   0.0%   1.526 GU:6    +
   74    79  0   0.0%   0.376 UA:6    +
  150   156  1   0.0%   1.924 UG:3    UA:2    +
   90   122  1   0.0%   0.592 AU:3    UA:2    +
   70    76  0   0.0%   0.485 UA:6    +
   73    94  0   0.0%   0.611 AU:6    +
   79   141  0   0.0%   0.239 AU:6    +
   99   116  0   0.0%   1.195 GU:6    +
    1    93  0   0.0%   0.079 UA:6    +
   64   100  0   0.0%   0.388 GC:6    +
   68   149  1   0.0%   0.807 GC:2    GU:3    +
   53   159  0   0.0%   0.201 UA:6    +
   55   151  0   0.0%   0.609 UG:6    +
   58   145  0   0.0%   0.464 CG:6    +
   97   106  0   0.0%   0.017 CG:6    +
  152   160  0   0.0%   0.595 GU:6    +
   56   100  0   0.0%   0.497 GC:6    +
   58   126  0   0.0%   0.542 CG:6    +
    7   152  0   0.0%   0.008 CG:6    +
  116   159  0   0.0%   0.982 UA:6    +
    1   151  0   0.0%   0.080 UG:6    +
   69    76  0   0.0%   0.436 UA:6    +
   86   160  1   0.0%   0.617 GU:4    AU:1    +
   88   116  0   0.0%   0.525 AU:6    +
   52   127  0   0.0%   0.103 CG:6    +
   86   124  1   0.0%   0.734 GU:4    AU:1    +
   85   154  0   0.0%   1.111 UA:6    +
   80   143  1   0.0%   0.234 GU:2    AU:3    +
   88   124  0   0.0%   0.490 AU:6    +
  124   152  0   0.0%   1.290 UG:6    +
   53    76  0   0.0%   0.059 UA:6    +
   70   136  0   0.0%   0.893 UA:6    +
   55   148  0   0.0%   0.602 UG:6    +
   74    93  0   0.0%   0.703 UA:6    +
   69    87  0   0.0%   0.567 UA:6    +
    9   150  0   0.0%   0.017 AU:6    +
   70    86  1   0.0%   0.651 UG:4    UA:1    +
   94   142  0   0.0%   0.504 UA:6    +
   95   141  0   0.0%   0.639 AU:6    +
  123   160  0   0.0%   0.925 AU:6    +
   58   109  0   0.0%   0.232 CG:6    +
  156   160  1   0.0%   0.623 GU:3    AU:2    +
   74    78  0   0.0%   0.363 UA:6    +
   64   103  0   0.0%   0.387 GC:6    +
  100   144  0   0.0%   0.963 CG:6    +
   78   139  0   0.0%   0.578 AU:6    +
    3    85  0   0.0%   0.066 AU:6    +
   53    78  0   0.0%   0.059 UA:6    +
   52    64  0   0.0%   0.023 CG:6    +
   88   121  0   0.0%   0.528 AU:6    +
   79   138  0   0.0%   0.220 AU:6    +
   61   143  1   0.0%   0.493 GU:3    AU:2    +
   57    94  0   0.0%   0.502 AU:6    +
   86   141  1   0.0%   0.562 GU:4    AU:1    +
   88   139  0   0.0%   0.315 AU:6    +
   68   112  1   0.0%   0.753 GC:2    GU:3    +
   85   142  0   0.0%   0.696 UA:6    +
   91   133  1   0.0%   0.633 CG:2    GC:3    +
   55    96  0   0.0%   0.386 UG:6    +
    4   160  0   0.0%   0.025 GU:6    +
    5   159  0   0.0%   0.010 UA:6    +
   60   143  1   0.0%   0.466 GU:3    AU:2    +
   58   127  0   0.0%   0.464 CG:6    +
  121   127  0   0.0%   1.014 UG:6    +
   55   152  0   0.0%   0.609 UG:6    +
   69    95  0   0.0%   0.901 UA:6    +
  115   127  0   0.0%   1.355 CG:6    +
   94   129  0   0.0%   0.503 UA:6    +
   85   152  0   0.0%   1.178 UG:6    +
   54    69  0   0.0%   0.230 AU:6    +
   70   152  0   0.0%   0.964 UG:6    +
    2   126  1   0.0%   0.244 CG:1    UG:4    +
   78    94  0   0.0%   0.661 AU:6    +
   67   125  1   0.0%   0.549 AU:2    UA:3    +
   85   151  0   0.0%   1.122 UG:6    +
   69   123  0   0.0%   1.071 UA:6    +
    1   127  0   0.0%   0.079 UG:6    +
   96   150  0   0.0%   2.190 GU:6    +
  100   152  0   0.0%   2.130 CG:6    +
   96   103  0   0.0%   0.060 GC:6    +
  101   151  1   0.0%   2.070 CG:2    UG:3    +
    2   127  1   0.0%   0.245 CG:1    UG:4    +
   75   127  0   0.0%   0.539 CG:6    +
   57   160  0   0.0%   0.727 AU:6    +
   72   144  0   0.0%   0.740 CG:6    +
  119   125  2   0.0%   1.079 GU:1    AU:1    UA:2    +
   55    87  0   0.0%   0.367 UA:6    +
  116   126  0   0.0%   1.581 UG:6    +
   78   150  0   0.0%   1.023 AU:6    +
  118   159  0   0.0%   1.158 UA:6    +
   69   142  0   0.0%   0.855 UA:6    +
  120   124  0   0.0%   1.332 GU:6    +
  139   145  0   0.0%   1.392 UG:6    +
   85   132  0   0.0%   0.691 UA:6    +
  141   151  0   0.0%   1.323 UG:6    +
   72   111  0   0.0%   0.740 CG:6    +
   97   145  0   0.0%   0.988 CG:6    +
   72   120  0   0.0%   0.963 CG:6    +
  101   117  1   0.0%   0.835 CG:2    UG:3    +
  138   154  0   0.0%   1.070 UA:6    +
  142   150  0   0.0%   1.448 AU:6    +
   72   126  0   0.0%   0.818 CG:6    +
   56    97  0   0.0%   0.495 GC:6    +
  126   134  1   0.0%   1.077 GC:2    GU:3    +
   75    96  0   0.0%   0.589 CG:6    +
   96   146  1   0.0%   1.048 GC:1    GU:4    +
   74   142  0   0.0%   0.630 UA:6    +
   97   147  0   0.0%   0.993 CG:6    +
   70   159  0   0.0%   1.333 UA:6    +
    1    95  0   0.0%   0.078 UA:6    +
   11    47  1   0.0%   0.069 GC:1    GU:4    +
    1    96  0   0.0%   0.079 UG:6    +
   81   156  1   0.0%   0.778 UG:3    UA:2    +
   76   141  0   0.0%   0.525 AU:6    +
    1    79  0   0.0%   0.075 UA:6    +
   69   111  0   0.0%   0.856 UG:6    +
   19    30  0   0.0%   0.000 CG:6    +
  130   147  0   0.0%   1.098 CG:6    +
   18    31  0   0.0%   0.000 GC:6    +
    1    78  0   0.0%   0.075 UA:6    +
   88   150  0   0.0%   0.741 AU:6    +
   53    93  0   0.0%   0.059 UA:6    +
   74    86  1   0.0%   0.643 UG:4    UA:1    +
   94   126  0   0.0%   0.891 UG:6    +
   76    94  0   0.0%   0.608 AU:6    +
  117   160  0   0.0%   1.093 GU:6    +
   69   129  0   0.0%   0.854 UA:6    +
   87   139  0   0.0%   0.576 AU:6    +
   65   121  0   0.0%   0.574 AU:6    +
  111   138  0   0.0%   1.391 GU:6    +
   94   109  0   0.0%   0.116 UG:6    +
   28    33  0   0.0%   0.248 UG:6    +
   82   122  1   0.0%   0.680 GU:3    UA:2    +
    3   160  0   0.0%   0.074 AU:6    +
   56   160  0   0.0%   0.734 GU:6    +
  139   148  0   0.0%   1.438 UG:6    +
   69   151  0   0.0%   0.933 UG:6    +
   21    27  0   0.0%   0.000 CG:6    +
   53   127  0   0.0%   0.196 UG:6    +
   88   138  0   0.0%   0.314 AU:6    +
   18    40  0   0.0%   0.094 GC:6    +
   69   152  0   0.0%   0.926 UG:6    +
   64   101  1   0.0%   0.387 GC:2    GU:3    +
  115   120  0   0.0%   1.221 CG:6    +
  135   150  0   0.0%   1.793 AU:6    +
  134   151  1   0.0%   1.839 CG:2    UG:3    +
  150   154  0   0.0%   2.107 UA:6    +
   87   121  0   0.0%   0.789 AU:6    +
   90   110  1   0.0%   0.350 AU:3    UA:2    +
  115   152  0   0.0%   1.425 CG:6    +
   17    37  1   0.0%   0.000 GU:1    AU:4    +
   65   118  0   0.0%   0.634 AU:6    +
  116   151  0   0.0%   1.934 UG:6    +
   85   123  0   0.0%   0.907 UA:6    +
   94   127  0   0.0%   0.651 UG:6    +
   55    78  0   0.0%   0.365 UA:6    +
   57   150  0   0.0%   0.727 AU:6    +
   55    79  0   0.0%   0.365 UA:6    +
   65   150  0   0.0%   0.417 AU:6    +
  121   126  0   0.0%   1.247 UG:6    +
   68    84  1   0.0%   0.748 GC:1    GU:4    +
   53    65  0   0.0%   0.059 UA:6    +
   89   149  2   0.0%   0.460 GC:1    GU:2    AU:1    +
  141   147  0   0.0%   1.326 UG:6    +
   23    27  0   0.0%   0.000 CG:6    +
   72    96  0   0.0%   0.789 CG:6    +
  100   126  0   0.0%   1.366 CG:6    +
  138   147  0   0.0%   1.401 UG:6    +
   70   151  0   0.0%   0.971 UG:6    +
   57    85  0   0.0%   0.407 AU:6    +
   80   146  1   0.0%   0.237 GC:1    AU:4    +
   93   116  0   0.0%   0.363 AU:6    +
   71    80  1   0.0%   0.785 UG:2    UA:3    +
   19    33  0   0.0%   0.000 CG:6    +
   22    28  0   0.0%   0.000 GU:6    +
   56   124  0   0.0%   0.904 GU:6    +
   69   148  0   0.0%   0.898 UG:6    +
   56    85  0   0.0%   0.465 GU:6    +
   65   141  0   0.0%   0.350 AU:6    +
  111   115  0   0.0%   1.364 GC:6    +
   64   146  1   0.0%   0.607 GC:1    GU:4    +
   99   103  0   0.0%   0.009 GC:6    +
   56    69  0   0.0%   0.086 GU:6    +
  112   137  2   0.0%   1.189 CG:1    UG:1    UA:2    +
   74   151  0   0.0%   1.067 UG:6    +
   73   160  0   0.0%   0.957 AU:6    +
   60    81  1   0.0%   0.298 GU:3    AU:2    +
    1   126  0   0.0%   0.079 UG:6    +
  121   129  0   0.0%   0.922 UA:6    +
  139   147  0   0.0%   1.394 UG:6    +
   86   150  1   0.0%   0.988 GU:4    AU:1    +
   99   124  0   0.0%   1.434 GU:6    +
   91   149  2   0.0%   0.690 CG:1    GC:1    GU:2    +
   67    86  2   0.0%   0.289 UG:2    AU:1    UA:1    +
   69    86  1   0.0%   0.601 UG:4    UA:1    +
   56   101  1   0.0%   0.496 GC:2    GU:3    +
   69   136  0   0.0%   0.854 UA:6    +
  138   148  0   0.0%   1.445 UG:6    +
  134   145  1   0.0%   1.830 CG:2    UG:3    +
  124   136  0   0.0%   0.799 UA:6    +
   56    74  0   0.0%   0.448 GU:6    +
  117   121  0   0.0%   1.331 GU:6    +
   85    96  0   0.0%   0.742 UG:6    +
   56   118  0   0.0%   0.496 GU:6    +
   62    80  2   0.0%   0.292 CG:1    UG:1    UA:2    +
   96   101  1   0.0%   0.062 GC:2    GU:3    +
   74    95  0   0.0%   0.693 UA:6    +
   61    81  1   0.0%   0.311 GU:3    AU:2    +
  137   149  2   0.0%   1.370 GC:1    GU:1    AU:2    +
   58   111  0   0.0%   0.232 CG:6    +
  120   130  0   0.0%   0.923 GC:6    +
  111   141  0   0.0%   1.198 GU:6    +
   86   118  1   0.0%   0.833 GU:4    AU:1    +
   85   127  0   0.0%   0.693 UG:6    +
   60   104  2   0.0%   0.322 GC:1    GU:1    AU:2    +
   70   135  0   0.0%   0.892 UA:6    +
   88   118  0   0.0%   0.587 AU:6    +
   70    96  0   0.0%   0.944 UG:6    +
    3    94  0   0.0%   0.066 AU:6    +
  124   142  0   0.0%   0.795 UA:6    +
   55   129  0   0.0%   0.602 UA:6    +
   53    79  0   0.0%   0.059 UA:6    +
  144   149  1   0.0%   2.226 GC:2    GU:3    +
   55   126  0   0.0%   0.681 UG:6    +
    1   129  0   0.0%   0.079 UA:6    +
  124   129  0   0.0%   1.118 UA:6    +
   55    86  1   0.0%   0.366 UG:4    UA:1    +
    1    73  0   0.0%   0.074 UA:6    +
    7   151  0   0.0%   0.005 CG:6    +
    1    86  1   0.0%   0.075 UG:4    UA:1    +
   16    39  0   0.0%   0.000 GU:6    +
   74   159  0   0.0%   0.691 UA:6    +
  116   127  0   0.0%   1.347 UG:6    +
  127   139  0   0.0%   0.765 GU:6    +
    2    96  1   0.0%   0.244 CG:1    UG:4    +
   55   120  0   0.0%   0.384 UG:6    +
   79   150  0   0.0%   0.666 AU:6    +
   72   108  0   0.0%   0.737 CG:6    +
  123   150  0   0.0%   1.899 AU:6    +
  108   130  0   0.0%   0.914 GC:6    +
    2    82  2   0.0%   0.241 CG:1    UG:2    AU:1    +
  123   138  0   0.0%   1.106 AU:6    +
   87   150  0   0.0%   1.002 AU:6    +
   72   127  0   0.0%   0.739 CG:6    +
  127   160  0   0.0%   0.516 GU:6    +
   64   141  0   0.0%   0.606 GU:6    +
  117   150  0   0.0%   2.112 GU:6    +
  136   150  0   0.0%   1.508 AU:6    +
   78   138  0   0.0%   0.577 AU:6    +
  121   159  0   0.0%   0.693 UA:6    +
   53    73  0   0.0%   0.058 UA:6    +
    7   127  0   0.0%   0.001 CG:6    +
  120   160  0   0.0%   0.679 GU:6    +
   56   121  0   0.0%   0.496 GU:6    +
   79   160  0   0.0%   0.278 AU:6    +
    4   150  0   0.0%   0.025 GU:6    +
   83   125  1   0.0%   0.922 AU:2    UA:3    +
  109   116  0   0.0%   1.551 GU:6    +
   94   135  0   0.0%   0.509 UA:6    +
    5   129  0   0.0%   0.004 UA:6    +
   75   126  0   0.0%   0.617 CG:6    +
   64   150  0   0.0%   0.673 GU:6    +
  118   126  0   0.0%   1.756 UG:6    +
   94    99  0   0.0%   0.123 UG:6    +
  130   151  0   0.0%   1.804 CG:6    +
  111   118  0   0.0%   1.513 GU:6    +
   97   144  0   0.0%   0.988 CG:6    +
    1    76  0   0.0%   0.074 UA:6    +
    3    50  0   0.0%   0.000 AU:6    +
   56   149  1   0.0%   0.721 GC:2    GU:3    +
   78   160  0   0.0%   0.634 AU:6    +
   82   133  1   0.0%   0.457 GC:3    UG:2    +
   54   150  0   0.0%   0.497 AU:6    +
   53   151  0   0.0%   0.200 UG:6    +
   54   121  0   0.0%   0.308 AU:6    +
   53    64  0   0.0%   0.059 UG:6    +
   86   139  1   0.0%   0.561 GU:4    AU:1    +
    5   156  1   0.0%   0.016 UG:3    UA:2    +
   96   160  0   0.0%   1.472 GU:6    +
    5   152  0   0.0%   0.010 UG:6    +
    4   130  0   0.0%   0.020 GC:6    +
   55   127  0   0.0%   0.602 UG:6    +
   87   138  0   0.0%   0.575 AU:6    +
   74   109  0   0.0%   0.629 UG:6    +
   75   108  0   0.0%   0.537 CG:6    +
  129   138  0   0.0%   0.646 AU:6    +
   72   148  0   0.0%   0.794 CG:6    +
   94   148  0   0.0%   0.574 UG:6    +
    1    51  0   0.0%   0.000 UA:6    +
   53   152  0   0.0%   0.201 UG:6    +
   70   111  0   0.0%   0.895 UG:6    +
  126   160  0   0.0%   0.769 GU:6    +
   54    85  0   0.0%   0.299 AU:6    +
   58   106  0   0.0%   0.231 CG:6    +
   69    99  0   0.0%   0.860 UG:6    +
   53   154  0   0.0%   0.202 UA:6    +
   54    70  0   0.0%   0.230 AU:6    +
   85   129  0   0.0%   0.691 UA:6    +
   69   135  0   0.0%   0.854 UA:6    +
  118   154  0   0.0%   1.768 UA:6    +
   89   101  2   0.0%   0.390 GC:1    GU:2    AU:1    +
    4    53  0   0.0%   0.077 GU:6    +
   64   139  0   0.0%   0.604 GU:6    +
   75   111  0   0.0%   0.540 CG:6    +
    7    18  0   0.0%   0.000 CG:6    +
    6    19  0   0.0%   0.000 GC:6    +
   74   127  0   0.0%   0.630 UG:6    +
   53    57  0   0.0%   0.086 UA:6    +
   65   138  0   0.0%   0.348 AU:6    +
    5   151  0   0.0%   0.009 UG:6    +
   70   148  0   0.0%   0.936 UG:6    +
   50   127  0   0.0%   0.002 UG:6    +
  106   118  0   0.0%   1.149 GU:6    +
   69   147  0   0.0%   0.856 UG:6    +
   70   147  0   0.0%   0.894 UG:6    +
  120   138  0   0.0%   0.859 GU:6    +
   94   147  0   0.0%   0.517 UG:6    +
  133   153  1   0.0%   1.295 CG:3    GC:2    +
  118   127  0   0.0%   1.522 UG:6    +
   89   134  2   0.0%   0.404 GC:1    GU:2    AU:1    +
   85   144  0   0.0%   0.704 UG:6    +
   52   152  0   0.0%   0.108 CG:6    +
  103   148  0   0.0%   1.614 CG:6    +
  134   152  1   0.0%   1.293 CG:2    UG:3    +
   75   145  0   0.0%   0.554 CG:6    +
   53    96  0   0.0%   0.067 UG:6    +
   82   131  1   0.0%   0.457 GC:3    UA:2    +
   66    96  3   0.7%   0.455 CG:3    +
   98   126  3   0.5%   1.330 CG:2    UG:1    +
  128   147  3   0.5%   1.077 CG:2    UG:1    +
   96   128  3   0.5%   1.084 GC:2    GU:1    +
  136   143  1   0.5%   0.991 AU:5    +
  132   143  1   0.4%   0.861 AU:5    +
   98   122  3   0.7%   1.470 AU:3    +
  128   151  3   0.4%   1.680 CG:2    UG:1    +
  110   137  2   0.2%   1.542 UG:1    UA:3    +
   73    84  2   0.5%   0.549 AU:4    +
   63   160  1   0.4%   0.433 AU:5    +
  131   144  2   0.5%   0.917 CG:4    +
   92   157  2   0.2%   0.851 UG:1    UA:3    +
  129   146  2   0.5%   1.112 AU:4    +
  133   149  3   0.1%   1.961 CG:1    GC:1    GU:1    +
  108   131  2   0.5%   0.992 GC:4    +
   90   157  3   0.3%   0.662 UG:1    UA:2    +
  102   140  2   0.1%   0.572 GU:1    AU:3    +
   67    98  2   0.1%   0.433 AU:1    UA:3    +
   11    44  2   0.1%   0.023 GC:2    GU:2    +
   17    38  3   0.3%   0.049 GC:1    AU:2    +
   76    82  3   0.5%   0.733 AU:3    +
   60   107  3   0.0%   0.323 GC:1    GU:1    AU:1    +
   90   119  3   0.0%   0.573 UG:1    AU:1    UA:1    +
   89   107  3   0.0%   0.390 GC:1    GU:1    AU:1    +
  119   153  3   0.0%   0.835 GC:1    UG:1    UA:1    +
   68    75  1   0.2%   0.465 GC:5    +
   61    92  2   0.1%   0.420 GU:3    AU:1    +
   89   122  2   0.1%   0.631 GU:3    AU:1    +
   61   114  2   0.1%   0.357 GC:3    AU:1    +
   58    89  2   0.4%   0.195 CG:4    +
   68    92  2   0.0%   0.849 GU:3    AU:1    +
   83    91  2   0.0%   1.051 GC:1    UG:3    +
  110   129  2   0.4%   1.026 UA:4    +
   94   153  2   0.0%   1.261 UG:3    UA:1    +
   81    90  2   0.0%   0.726 AU:1    UA:3    +
  122   153  2   0.0%   1.043 UG:3    UA:1    +
   86   134  2   0.0%   0.555 GC:2    GU:2    +
    1   153  2   0.0%   0.089 UG:3    UA:1    +
   77   149  2   0.0%   0.383 GC:1    AU:3    +
   63    82  2   0.0%   0.079 CG:1    AU:3    +
  108   114  2   0.0%   0.872 GC:3    GU:1    +
  119   141  2   0.0%   0.480 GU:1    AU:3    +
   61   158  2   0.0%   0.552 GU:3    AU:1    +
   93   113  1   0.2%   0.219 AU:5    +
  119   124  2   0.0%   1.143 GU:1    AU:3    +
   94   119  2   0.0%   0.394 UG:1    UA:3    +
  104   109  2   0.0%   0.589 CG:1    UG:3    +
   62   153  2   0.0%   0.653 CG:3    UA:1    +
   90   113  2   0.0%   0.365 AU:3    UA:1    +
   60   158  2   0.0%   0.535 GU:3    AU:1    +
   82   128  2   0.0%   0.459 GC:2    UA:2    +
  124   153  2   0.0%   1.245 UG:3    UA:1    +
   68   114  2   0.0%   0.754 GC:3    AU:1    +
   96   114  2   0.0%   0.610 GC:3    GU:1    +
   64   114  2   0.0%   0.392 GC:3    GU:1    +
  104   145  2   0.0%   1.360 CG:1    UG:3    +
   90   101  2   0.0%   0.350 AU:3    UA:1    +
   74   153  2   0.0%   1.062 UG:3    UA:1    +
   92   104  2   0.0%   0.176 AU:2    UA:2    +
  153   160  2   0.0%   0.538 GU:3    AU:1    +
   80    92  2   0.0%   0.365 GU:2    AU:2    +
   77   140  2   0.0%   0.315 GU:2    AU:2    +
   60    92  2   0.0%   0.392 GU:3    AU:1    +
   55   153  2   0.0%   0.610 UG:3    UA:1    +
   99   114  2   0.0%   0.472 GC:3    GU:1    +
  139   153  2   0.0%   0.794 UG:3    UA:1    +
  137   155  2   0.0%   0.947 GU:2    AU:2    +
   68   110  2   0.0%   0.748 GU:3    AU:1    +
   77    92  2   0.0%   0.470 GU:1    AU:3    +
  119   160  2   0.0%   0.444 GU:1    AU:3    +
   83   156  2   0.0%   1.160 GC:1    UG:3    +
  122   137  2   0.0%   0.715 UG:1    UA:3    +
   80   155  2   0.0%   0.596 GU:2    AU:2    +
   86   140  2   0.0%   0.562 GC:1    GU:3    +
   85   119  2   0.0%   0.908 UG:1    UA:3    +
   69   153  2   0.0%   0.864 UG:3    UA:1    +
   55   119  2   0.0%   0.384 UG:1    UA:3    +
    2    77  2   0.0%   0.241 UG:1    UA:3    +
  114   153  2   0.0%   0.932 CG:3    UA:1    +
   17    41  2   0.0%   0.023 GU:1    AU:3    +
   60   122  2   0.0%   0.688 GU:3    AU:1    +
    5   153  2   0.0%   0.011 UG:3    UA:1    +
   17    32  2   0.0%   0.000 GU:1    AU:3    +
   85   153  2   0.0%   1.117 UG:3    UA:1    +
  104   111  2   0.0%   1.072 CG:1    UG:3    +
   81    98  2   0.0%   0.419 AU:1    UA:3    +
   77   146  2   0.0%   0.335 GU:1    AU:3    +
   59    82  2   0.0%   0.045 UG:2    AU:2    +
  104   117  2   0.0%   1.126 CG:1    UG:3    +
  122   157  2   0.0%   0.756 UG:1    UA:3    +
    1   119  2   0.0%   0.078 UG:1    UA:3    +
   99   104  2   0.0%   0.010 GC:1    GU:3    +
  102   122  2   0.0%   1.101 GU:1    AU:3    +
  112   157  2   0.0%   1.139 CG:1    UA:3    +
   53   153  2   0.0%   0.202 UG:3    UA:1    +
   81   128  2   0.0%   0.411 AU:1    UA:3    +
   63   158  3   0.4%   0.414 AU:3    +
  136   140  2   0.3%   0.355 AU:4    +
  111   128  3   0.1%   0.761 GC:2    GU:1    +
   68    97  1   0.1%   0.768 GC:5    +
   58    86  2   0.3%   0.164 CG:4    +
   57    90  3   0.4%   0.471 AU:3    +
   63    81  2   0.3%   0.091 AU:4    +
   76   143  1   0.1%   0.549 AU:5    +
   98   111  3   0.1%   0.841 CG:2    UG:1    +
   59    70  3   0.4%   0.130 AU:3    +
   95   110  2   0.3%   0.122 AU:4    +
   71    88  1   0.1%   1.138 UA:5    +
   68    72  1   0.1%   0.707 GC:5    +
  125   150  2   0.3%   1.845 AU:4    +
   81    93  1   0.1%   0.498 UA:5    +
   63    94  1   0.1%   0.139 AU:5    +
  110   136  2   0.3%   1.421 UA:4    +
   65   113  1   0.1%   0.360 AU:5    +
   71    91  3   0.1%   1.116 CG:1    UG:2    +
   62   159  3   0.3%   0.720 UA:3    +
   77    82  3   0.1%   0.479 GU:2    AU:1    +
   56    91  3   0.3%   0.522 GC:3    +
   98   151  3   0.1%   2.592 CG:2    UG:1    +
  104   137  3   0.1%   0.403 UG:2    UA:1    +
    2   153  3   0.1%   0.267 CG:1    UG:2    +
  104   142  3   0.3%   0.440 UA:3    +
   63    69  1   0.1%   0.378 AU:5    +
   59    68  3   0.1%   0.076 CG:1    UG:2    +
   59    85  3   0.3%   0.099 AU:3    +
   62    82  3   0.3%   0.345 CG:3    +
   71    76  1   0.1%   0.504 UA:5    +
   81    92  3   0.0%   0.569 AU:1    UA:2    +
   61    83  3   0.3%   0.363 GU:3    +
   73    81  1   0.0%   0.460 AU:5    +
  102   113  1   0.0%   0.693 AU:5    +
   22    32  1   0.0%   0.165 GU:5    +
   59    64  3   0.0%   0.071 CG:1    UG:2    +
  128   149  3   0.0%   1.101 UG:1    AU:2    +
   81    88  1   0.0%   0.679 UA:5    +
   63    70  1   0.0%   0.353 AU:5    +
   82    89  3   0.0%   0.816 UG:2    UA:1    +
   63    71  1   0.0%   0.328 AU:5    +
   86    92  3   0.0%   0.717 GU:2    AU:1    +
   71    83  3   0.0%   0.818 UG:1    UA:2    +
  128   152  3   0.0%   1.117 CG:2    UG:1    +
   81   159  1   0.0%   0.463 UA:5    +
   67   157  3   0.3%   0.804 UA:3    +
  110   135  2   0.2%   1.394 UA:4    +
   62    83  3   0.0%   0.331 UG:1    UA:2    +
   83   137  3   0.0%   0.810 UG:1    UA:2    +
   62   157  3   0.0%   0.669 UG:1    UA:2    +
   98   117  3   0.0%   1.324 CG:2    UG:1    +
   59   147  3   0.0%   0.372 CG:1    UG:2    +
  113   126  1   0.0%   0.779 UG:5    +
   24    32  1   0.0%   0.008 AU:5    +
  128   153  3   0.0%   1.071 CG:2    UA:1    +
   63   150  1   0.0%   0.398 AU:5    +
  114   146  3   0.0%   1.158 AU:2    UA:1    +
   59    98  3   0.0%   0.146 AU:1    UA:2    +
  113   147  1   0.0%   1.328 UG:5    +
   81    87  1   0.0%   0.950 UA:5    +
   84    91  3   0.0%   0.811 CG:1    UG:2    +
   71   154  1   0.0%   1.697 UA:5    +
   72    91  3   0.3%   1.005 CG:3    +
  114   125  3   0.0%   0.661 AU:2    UA:1    +
   71    93  1   0.0%   0.950 UA:5    +
   59   152  3   0.0%   0.507 CG:1    UG:2    +
   64    81  1   0.0%   0.221 GU:5    +
   80    90  3   0.0%   0.530 GU:1    AU:2    +
   86   125  3   0.0%   0.681 GU:2    UA:1    +
   83    94  3   0.0%   0.885 GU:1    AU:2    +
  106   133  2   0.2%   0.376 GC:4    +
   53    63  1   0.0%   0.060 UA:5    +
   63   141  1   0.0%   0.329 AU:5    +
  113   129  1   0.0%   0.990 UA:5    +
    1    63  1   0.0%   0.073 UA:5    +
   89   114  3   0.0%   0.398 GC:2    GU:1    +
   99   128  3   0.0%   0.955 GC:2    GU:1    +
   83   138  3   0.0%   0.810 GU:1    AU:2    +
   67    80  3   0.0%   0.047 UG:1    UA:2    +
  108   113  1   0.0%   1.136 GU:5    +
   59   144  3   0.0%   0.369 CG:1    UG:2    +
  107   144  3   0.0%   1.575 CG:1    UG:2    +
   59   125  3   0.0%   0.498 AU:1    UA:2    +
   96   107  3   0.0%   0.061 GC:1    GU:2    +
   88   113  1   0.0%   0.311 AU:5    +
   81   142  1   0.0%   0.420 UA:5    +
   81   157  1   0.0%   0.466 UA:5    +
  109   113  1   0.0%   1.135 GU:5    +
    2    92  3   0.0%   0.244 AU:1    UA:2    +
   86   153  3   0.0%   0.975 GC:2    UA:1    +
    8    47  3   0.0%   0.001 AU:2    UA:1    +
   63    74  1   0.0%   0.195 AU:5    +
  107   111  3   0.0%   0.954 CG:1    UG:2    +
   71    79  1   0.0%   0.793 UA:5    +
   93   143  1   0.0%   0.513 AU:5    +
   98   106  3   0.0%   0.011 CG:2    UG:1    +
   83    89  3   0.0%   1.137 UG:2    UA:1    +
   81    95  1   0.0%   0.475 UA:5    +
   59   108  3   0.0%   0.144 CG:1    UG:2    +
   71   135  1   0.0%   0.875 UA:5    +
   67   137  3   0.0%   0.419 UG:1    UA:2    +
  104   134  3   0.0%   0.377 UG:1    AU:2    +
   82   137  3   0.0%   0.472 UG:1    UA:2    +
   79   143  1   0.0%   0.239 AU:5    +
   96   113  1   0.0%   0.816 GU:5    +
   67    89  3   0.0%   0.270 UG:2    UA:1    +
   98   109  3   0.0%   0.503 CG:2    UG:1    +
   81   129  1   0.0%   0.411 UA:5    +
   83   160  3   0.0%   0.853 GU:1    AU:2    +
   68   113  1   0.0%   0.758 GU:5    +
   82   155  3   0.0%   0.839 GC:1    GU:2    +
   59    96  3   0.0%   0.147 CG:1    UG:2    +
   90   146  3   0.0%   0.526 AU:2    UA:1    +
  106   113  1   0.0%   0.602 GU:5    +
   84   153  3   0.0%   0.982 CG:1    UG:2    +
  120   128  3   0.0%   0.879 GC:2    GU:1    +
   73   143  1   0.0%   0.528 AU:5    +
   98   144  3   0.0%   0.900 CG:2    UG:1    +
   81    96  1   0.0%   0.462 UG:5    +
   81   136  1   0.0%   0.412 UA:5    +
   81   154  1   0.0%   0.834 UA:5    +
   62    77  3   0.0%   0.292 UG:2    UA:1    +
   90   158  3   0.3%   0.827 AU:3    +
    2    91  3   0.0%   0.244 CG:1    UG:2    +
   68   115  1   0.0%   0.971 GC:5    +
   82   140  3   0.0%   0.476 GC:1    GU:2    +
    2    90  3   0.0%   0.243 AU:1    UA:2    +
   98   146  3   0.0%   0.905 AU:2    UA:1    +
   59   126  3   0.0%   0.448 CG:1    UG:2    +
   90   137  3   0.0%   0.522 UG:1    UA:2    +
   99   113  1   0.0%   0.735 GU:5    +
   81   123  1   0.0%   0.629 UA:5    +
   83   121  3   0.0%   1.017 GU:1    AU:2    +
   54    71  1   0.0%   0.230 AU:5    +
   71    95  1   0.0%   0.939 UA:5    +
   68   130  1   0.0%   0.749 GC:5    +
   78   143  1   0.0%   0.595 AU:5    +
  104   114  3   0.0%   0.417 AU:1    UA:2    +
   86   122  3   0.0%   0.771 GU:2    AU:1    +
  128   148  3   0.0%   1.084 CG:2    UG:1    +
   54    81  1   0.0%   0.299 AU:5    +
   83   139  3   0.0%   0.810 GU:1    AU:2    +
   98   152  3   0.0%   2.070 CG:2    UG:1    +
   81   145  1   0.0%   0.428 UG:5    +
   65    81  1   0.0%   0.157 AU:5    +
   66   149  3   0.0%   0.446 CG:1    AU:2    +
   67   119  3   0.0%   0.637 AU:1    UA:2    +
  107   117  3   0.0%   1.171 CG:1    UG:2    +
   77    90  3   0.0%   0.634 GU:2    AU:1    +
    2   128  3   0.0%   0.244 AU:1    UA:2    +
  113   154  1   0.0%   1.326 UA:5    +
   57    81  1   0.0%   0.407 AU:5    +
  119   158  3   0.0%   0.619 GU:1    AU:2    +
   61   128  3   0.0%   0.492 GC:2    AU:1    +
  113   127  1   0.0%   0.542 UG:5    +
   82   157  3   0.0%   0.512 UG:1    UA:2    +
   56   128  3   0.0%   0.720 GC:2    GU:1    +
   90   149  3   0.0%   0.571 UG:1    AU:2    +
   64    98  3   0.0%   0.387 GC:2    GU:1    +
   62   102  3   0.0%   0.380 UG:1    UA:2    +
  123   143  1   0.0%   1.229 AU:5    +
   71   159  1   0.0%   1.333 UA:5    +
   64   113  1   0.0%   0.387 GU:5    +
  102   134  3   0.0%   0.531 GU:1    AU:2    +
   69    83  3   0.0%   0.773 UG:1    UA:2    +
   68    82  3   0.0%   0.740 GU:2    AU:1    +
    6   128  3   0.0%   0.002 GC:2    GU:1    +
   55    83  3   0.0%   0.365 UG:1    UA:2    +
   81   152  1   0.0%   0.901 UG:5    +
    1    83  3   0.0%   0.075 UG:1    UA:2    +
   59   120  3   0.0%   0.593 CG:1    UG:2    +
  149   153  3   0.0%   1.592 CG:1    UG:2    +
   68   100  1   0.0%   0.749 GC:5    +
   70    83  3   0.0%   0.822 UG:1    UA:2    +
  113   136  1   0.0%   0.669 UA:5    +
   90   102  3   0.0%   0.349 UG:1    UA:2    +
   56    81  1   0.0%   0.465 GU:5    +
   80   149  3   0.0%   0.282 GU:1    AU:2    +
    8    17  3   0.0%   0.000 UG:1    UA:2    +
   15    39  1   0.0%   0.000 AU:5    +
  134   142  3   0.2%   0.471 UA:3    +
   93   158  2   0.2%   0.951 AU:4    +
   73    90  3   0.2%   0.857 AU:3    +
   88   158  2   0.1%   0.514 AU:4    +
   92   159  2   0.1%   0.851 UA:4    +
   59    69  3   0.2%   0.102 AU:3    +
   56    92  2   0.1%   0.510 GU:4    +
   62    87  3   0.2%   0.379 UA:3    +
   66   158  3   0.2%   0.566 AU:3    +
   73   146  2   0.1%   0.552 AU:4    +
   78   140  2   0.1%   0.600 AU:4    +
   91   158  3   0.2%   0.930 GU:3    +
   67    76  3   0.2%   0.146 UA:3    +
   92   152  2   0.1%   1.051 UG:4    +
   73   155  2   0.1%   1.287 AU:4    +
   76    84  2   0.1%   0.553 AU:4    +
   78    84  2   0.1%   1.101 AU:4    +
   63   155  2   0.1%   0.360 AU:4    +
  131   151  2   0.1%   1.576 CG:4    +
  135   140  2   0.1%   0.305 AU:4    +
   90   159  3   0.2%   0.673 UA:3    +
   60    72  3   0.2%   0.564 GC:3    +
   64    91  3   0.1%   0.503 GC:3    +
   59   150  3   0.1%   0.404 AU:3    +
   88   155  2   0.1%   0.694 AU:4    +
   76   146  2   0.1%   0.555 AU:4    +
   65    83  3   0.1%   0.187 AU:3    +
   87   158  2   0.1%   0.752 AU:4    +
   63    92  3   0.1%   0.197 AU:3    +
    3   155  2   0.1%   0.082 AU:4    +
   79    84  2   0.1%   0.743 AU:4    +
   77    83  3   0.1%   0.453 AU:3    +
   54   155  2   0.0%   0.510 AU:4    +
   61    67  3   0.1%   0.047 GU:3    +
   65    92  2   0.0%   0.431 AU:4    +
   78    82  3   0.1%   0.649 AU:3    +
   95   155  2   0.0%   1.629 AU:4    +
   56    66  3   0.1%   0.103 GC:3    +
   70    91  3   0.1%   1.122 UG:3    +
   91   120  3   0.1%   0.559 CG:3    +
   92   151  2   0.0%   0.972 UG:4    +
   89    97  2   0.0%   0.405 GC:4    +
   60    67  3   0.1%   0.035 GU:3    +
   90   121  3   0.1%   0.603 AU:3    +
   67   159  3   0.1%   0.809 UA:3    +
   84   136  2   0.0%   0.570 UA:4    +
   62    93  3   0.1%   0.401 UA:3    +
   75    89  2   0.0%   0.898 CG:4    +
   94   125  2   0.0%   0.950 UA:4    +
  110   142  2   0.0%   1.416 UA:4    +
   73    92  2   0.0%   0.684 AU:4    +
   72   156  3   0.1%   1.527 CG:3    +
   88    92  2   0.0%   0.463 AU:4    +
   91   152  3   0.1%   1.138 CG:3    +
   76    83  3   0.1%   0.678 AU:3    +
  117   122  2   0.0%   1.336 GU:4    +
   79   140  2   0.0%   0.239 AU:4    +
  155   159  2   0.0%   0.796 UA:4    +
  133   148  2   0.0%   1.930 CG:4    +
   84    93  2   0.0%   0.637 UA:4    +
   87    92  2   0.0%   0.734 AU:4    +
   54   158  2   0.0%   0.502 AU:4    +
   92   123  2   0.0%   0.443 UA:4    +
  126   133  2   0.0%   1.146 GC:4    +
  135   146  2   0.0%   1.485 AU:4    +
    2   159  2   0.0%   0.270 UA:4    +
   96   122  2   0.0%   1.547 GU:4    +
   64    92  2   0.0%   0.468 GU:4    +
   92   111  2   0.0%   0.184 UG:4    +
    2    57  2   0.0%   0.269 UA:4    +
   63   143  2   0.0%   0.330 AU:4    +
   89   100  2   0.0%   0.392 GC:4    +
    2   157  2   0.0%   0.275 UA:4    +
   65    90  3   0.1%   0.458 AU:3    +
   95   158  2   0.0%   1.226 AU:4    +
   76   155  2   0.0%   0.914 AU:4    +
  105   111  2   0.0%   0.981 CG:4    +
   85   125  2   0.0%   0.821 UA:4    +
   93   122  2   0.0%   0.420 AU:4    +
  133   144  2   0.0%   1.212 CG:4    +
   73   158  2   0.0%   1.068 AU:4    +
   57   146  2   0.0%   0.721 AU:4    +
   92    96  2   0.0%   0.232 UG:4    +
   89   115  2   0.0%   0.615 GC:4    +
   57   155  2   0.0%   0.736 AU:4    +
   87   155  2   0.0%   0.942 AU:4    +
   82   136  3   0.1%   0.476 UA:3    +
   84   159  2   0.0%   0.606 UA:4    +
   66    99  3   0.1%   0.396 CG:3    +
    3   158  2   0.0%   0.075 AU:4    +
    8   151  2   0.0%   0.013 UG:4    +
    2   154  2   0.0%   0.262 UA:4    +
   88   122  2   0.0%   0.527 AU:4    +
  154   158  2   0.0%   1.050 AU:4    +
  106   131  2   0.0%   0.344 GC:4    +
  105   117  2   0.0%   1.034 CG:4    +
    2    87  2   0.0%   0.244 UA:4    +
   99   105  2   0.0%   0.010 GC:4    +
   92    99  2   0.0%   0.183 UG:4    +
  111   133  2   0.0%   1.562 GC:4    +
   84    88  2   0.0%   0.821 UA:4    +
   79    92  2   0.0%   0.376 AU:4    +
   62    91  3   0.1%   0.475 CG:3    +
  118   125  2   0.0%   1.788 UA:4    +
   70    90  3   0.1%   1.184 UA:3    +
   92   144  2   0.0%   0.546 UG:4    +
   57   158  2   0.0%   0.733 AU:4    +
  136   146  2   0.0%   1.200 AU:4    +
   57   110  2   0.0%   0.491 AU:4    +
  131   148  2   0.0%   1.606 CG:4    +
    2    63  2   0.0%   0.241 UA:4    +
   92   120  2   0.0%   0.455 UG:4    +
   93   110  2   0.0%   0.087 AU:4    +
   92   126  2   0.0%   0.924 UG:4    +
    2    88  2   0.0%   0.244 UA:4    +
   63   113  2   0.0%   0.110 AU:4    +
   89   130  2   0.0%   0.400 GC:4    +
   87   140  2   0.0%   0.577 AU:4    +
  123   158  2   0.0%   1.144 AU:4    +
   65   155  2   0.0%   0.370 AU:4    +
   54    92  2   0.0%   0.300 AU:4    +
   10    47  2   0.0%   0.039 AU:4    +
   84    95  2   0.0%   0.619 UA:4    +
  106   110  2   0.0%   1.248 GU:4    +
  132   140  2   0.0%   0.636 AU:4    +
   84   135  2   0.0%   0.562 UA:4    +
   65   146  2   0.0%   0.352 AU:4    +
   92   132  2   0.0%   0.537 UA:4    +
  122   127  2   0.0%   1.015 UG:4    +
   92   127  2   0.0%   0.684 UG:4    +
   78    92  2   0.0%   0.734 AU:4    +
  127   133  2   0.0%   0.911 GC:4    +
    2    65  2   0.0%   0.242 UA:4    +
   87   122  2   0.0%   0.788 AU:4    +
  122   126  2   0.0%   1.249 UG:4    +
   55   125  2   0.0%   0.731 UA:4    +
   99   122  2   0.0%   1.500 GU:4    +
   20    29  2   0.0%   0.000 UA:4    +
  122   159  2   0.0%   0.695 UA:4    +
    2    95  2   0.0%   0.244 UA:4    +
   86    97  2   0.0%   0.558 GC:4    +
    2    93  2   0.0%   0.244 UA:4    +
    2    78  2   0.0%   0.241 UA:4    +
   64   122  2   0.0%   0.828 GU:4    +
  133   152  2   0.0%   1.347 CG:4    +
   76    92  2   0.0%   0.681 AU:4    +
   86   130  2   0.0%   0.549 GC:4    +
   73   110  2   0.0%   0.527 AU:4    +
   65   140  2   0.0%   0.350 AU:4    +
   84   154  2   0.0%   0.975 UA:4    +
   92   117  2   0.0%   0.442 UG:4    +
    2    51  2   0.0%   0.000 UA:4    +
    2    76  2   0.0%   0.241 UA:4    +
  125   141  2   0.0%   0.812 AU:4    +
    2    79  2   0.0%   0.241 UA:4    +
  122   136  2   0.0%   0.603 UA:4    +
  142   146  2   0.0%   1.142 AU:4    +
   57    84  2   0.0%   0.407 AU:4    +
   84   132  2   0.0%   0.556 UA:4    +
    3    92  2   0.0%   0.066 AU:4    +
  125   160  2   0.0%   0.798 AU:4    +
   79   158  2   0.0%   0.388 AU:4    +
  133   147  2   0.0%   1.887 CG:4    +
  105   145  2   0.0%   1.010 CG:4    +
  121   125  2   0.0%   1.278 UA:4    +
  122   154  2   0.0%   1.265 UA:4    +
  131   145  2   0.0%   0.857 CG:4    +
    1   125  2   0.0%   0.078 UA:4    +
   92   108  2   0.0%   0.175 UG:4    +
   92   129  2   0.0%   0.536 UA:4    +
   89   103  2   0.0%   0.390 GC:4    +
   76   140  2   0.0%   0.525 AU:4    +
  122   129  2   0.0%   0.924 UA:4    +
   95   146  2   0.0%   0.643 AU:4    +
   96   133  2   0.0%   1.035 GC:4    +
  122   151  2   0.0%   1.601 UG:4    +
   92   135  2   0.0%   0.543 UA:4    +
   79   155  2   0.0%   0.602 AU:4    +
   78   158  2   0.0%   0.745 AU:4    +
  129   155  2   0.0%   1.467 AU:4    +
   57   122  2   0.0%   0.944 AU:4    +
   88   110  2   0.0%   0.301 AU:4    +
   88   140  2   0.0%   0.315 AU:4    +
   67    73  3   0.1%   0.276 UA:3    +
   63    90  3   0.1%   0.210 AU:3    +
   62    67  3   0.1%   0.072 UA:3    +
   69    90  3   0.1%   1.096 UA:3    +
   75   153  3   0.1%   1.004 CG:3    +
   62    95  3   0.1%   0.396 UA:3    +
   59   116  3   0.1%   0.158 AU:3    +
   60   115  3   0.1%   0.337 GC:3    +
   79    83  3   0.1%   0.980 AU:3    +
  125   155  3   0.1%   1.432 AU:3    +
   83   135  3   0.1%   0.806 UA:3    +
   91   160  3   0.1%   0.763 GU:3    +
   61    90  3   0.1%   0.444 AU:3    +
   67    93  3   0.1%   0.393 UA:3    +
   69    91  3   0.0%   1.023 UG:3    +
   55    67  3   0.0%   0.066 UA:3    +
   66   160  3   0.0%   0.458 AU:3    +
   62    73  3   0.0%   0.526 UA:3    +
  104   136  3   0.0%   0.394 UA:3    +
   91   111  3   0.0%   0.275 CG:3    +
   66   112  3   0.0%   0.393 AU:3    +
   72    82  3   0.0%   0.606 CG:3    +
   66   113  3   0.0%   0.401 AU:3    +
    1    59  3   0.0%   0.073 UA:3    +
   90   112  3   0.0%   0.363 AU:3    +
   90    96  3   0.0%   0.406 UG:3    +
   60    75  3   0.0%   0.388 GC:3    +
   66    94  3   0.0%   0.375 AU:3    +
   62    88  3   0.0%   0.360 UA:3    +
   91   127  3   0.0%   0.780 CG:3    +
   82    88  3   0.0%   0.733 UA:3    +
   60    90  3   0.0%   0.424 AU:3    +
   90    95  3   0.0%   0.417 UA:3    +
   82   158  3   0.0%   0.630 GU:3    +
   98   118  3   0.0%   1.379 AU:3    +
   82    87  3   0.0%   1.005 UA:3    +
   54    62  3   0.0%   0.233 AU:3    +
   74    90  3   0.0%   0.949 UA:3    +
   83   157  3   0.0%   0.851 UA:3    +
   57   149  3   0.0%   0.727 AU:3    +
  104   135  3   0.0%   0.385 UA:3    +
   90   123  3   0.0%   0.585 UA:3    +
   91   122  3   0.0%   0.552 GU:3    +
   90    94  3   0.0%   0.459 AU:3    +
   85    90  3   0.0%   1.027 UA:3    +
   58   156  3   0.0%   0.559 CG:3    +
   67   111  3   0.0%   0.422 UG:3    +
   90   132  3   0.0%   0.514 UA:3    +
   67    94  3   0.0%   0.402 AU:3    +
   89   133  3   0.0%   0.403 GC:3    +
   55    66  3   0.0%   0.058 UA:3    +
   91   131  3   0.0%   0.633 GC:3    +
   83    88  3   0.0%   1.058 UA:3    +
   95   101  3   0.0%   0.075 AU:3    +
   91    96  3   0.0%   0.319 CG:3    +
   57    62  3   0.0%   0.067 AU:3    +
   90   152  3   0.0%   0.999 UG:3    +
   83    87  3   0.0%   1.331 UA:3    +
  101   142  3   0.0%   0.379 UA:3    +
   91   151  3   0.0%   1.062 CG:3    +
   66   111  3   0.0%   0.386 CG:3    +
   66   152  3   0.0%   0.464 CG:3    +
   58   153  3   0.0%   0.550 CG:3    +
   72   153  3   0.0%   1.572 CG:3    +
   61    72  3   0.0%   0.569 GC:3    +
   60    97  3   0.0%   0.324 GC:3    +
   90   124  3   0.0%   0.556 AU:3    +
   95   112  3   0.0%   0.142 AU:3    +
  125   134  3   0.0%   1.109 AU:3    +
   90   111  3   0.0%   0.355 UG:3    +
   91   124  3   0.0%   0.511 GU:3    +
   88   134  3   0.0%   0.308 AU:3    +
   91    97  3   0.0%   0.277 GC:3    +
   73   149  3   0.0%   0.593 AU:3    +
   65   112  3   0.0%   0.344 AU:3    +
   75   156  3   0.0%   0.938 CG:3    +
   66   151  3   0.0%   0.470 CG:3    +
  125   158  3   0.0%   1.019 AU:3    +
   90    99  3   0.0%   0.357 UG:3    +
   66    74  3   0.0%   0.254 AU:3    +
   91   113  3   0.0%   0.279 GU:3    +
   82   138  3   0.0%   0.474 GU:3    +
   67   150  3   0.0%   0.488 AU:3    +
   90   160  3   0.0%   0.666 AU:3    +
   75    91  3   0.0%   0.791 CG:3    +
  132   149  3   0.0%   1.871 AU:3    +
   66   138  3   0.0%   0.391 AU:3    +
   66    81  3   0.0%   0.102 AU:3    +
   74    82  3   0.0%   0.396 UG:3    +
   76    90  3   0.0%   0.845 AU:3    +
  153   158  3   0.0%   0.781 GU:3    +
   83   127  3   0.0%   0.795 UG:3    +
   62   142  3   0.0%   0.599 UA:3    +
   85    91  3   0.0%   0.943 UG:3    +
   91   100  3   0.0%   0.265 GC:3    +
   82    95  3   0.0%   0.522 UA:3    +
   91   121  3   0.0%   0.552 GU:3    +
   55    59  3   0.0%   0.013 UA:3    +
   65    82  3   0.0%   0.160 AU:3    +
   67   160  3   0.0%   0.813 AU:3    +
   88   101  3   0.0%   0.302 AU:3    +
   90   129  3   0.0%   0.511 UA:3    +
   54    90  3   0.0%   0.300 AU:3    +
   73    82  3   0.0%   0.460 AU:3    +
   79    90  3   0.0%   0.539 AU:3    +
   90   126  3   0.0%   0.448 UG:3    +
    9    46  3   0.0%   0.001 AU:3    +
   57    67  3   0.0%   0.037 AU:3    +
   56    67  3   0.0%   0.091 GU:3    +
   82    94  3   0.0%   0.548 GU:3    +
   91   105  3   0.0%   0.263 GC:3    +
   67   151  3   0.0%   0.499 UG:3    +
   55    91  3   0.0%   0.369 UG:3    +
   67    77  3   0.0%   0.046 UA:3    +
   56    90  3   0.0%   0.467 GU:3    +
   91   112  3   0.0%   0.274 GU:3    +
   62   154  3   0.0%   0.657 UA:3    +
   82   141  3   0.0%   0.475 GU:3    +
   55    90  3   0.0%   0.369 UA:3    +
    1    90  3   0.0%   0.078 UA:3    +
   98   121  3   0.0%   1.265 AU:3    +
   90   120  3   0.0%   0.580 UG:3    +
    1    66  3   0.0%   0.075 UA:3    +
   81    91  3   0.0%   0.654 UG:3    +
   91   145  3   0.0%   0.641 CG:3    +
   61    75  3   0.0%   0.399 GC:3    +
   74    91  3   0.0%   0.881 UG:3    +
   83   136  3   0.0%   0.804 UA:3    +
   83    93  3   0.0%   0.873 UA:3    +
   54    67  3   0.0%   0.230 AU:3    +
   63   104  3   0.0%   0.110 AU:3    +
   82   139  3   0.0%   0.475 GU:3    +
   59   160  3   0.0%   0.442 AU:3    +
   58    82  3   0.0%   0.112 CG:3    +
   57    83  3   0.0%   0.407 AU:3    +
   67    88  3   0.0%   0.245 UA:3    +
   95   149  3   0.0%   0.688 AU:3    +
   11    46  3   0.0%   0.083 GU:3    +
    1    91  3   0.0%   0.078 UG:3    +
   66   145  3   0.0%   0.391 CG:3    +
   91   115  3   0.0%   0.531 GC:3    +
   59    94  3   0.0%   0.154 AU:3    +
   67   152  3   0.0%   0.492 UG:3    +
   64    83  3   0.0%   0.222 GU:3    +
   83   154  3   0.0%   1.215 UA:3    +
   92    98  3   0.0%   0.184 UA:3    +
   67   139  3   0.0%   0.420 AU:3    +
   63    84  3   0.0%   0.079 AU:3    +
   66   126  3   0.0%   0.470 CG:3    +
   67   144  3   0.0%   0.421 UG:3    +
   90   106  3   0.0%   0.349 UG:3    +
   83   153  3   0.0%   1.222 UG:3    +
   67    74  3   0.0%   0.204 AU:3    +
    1    67  3   0.0%   0.075 UA:3    +
   61    97  3   0.0%   0.346 GC:3    +
  112   132  3   0.0%   1.418 UA:3    +
  149   157  3   0.0%   1.262 UA:3    +
   91   117  3   0.0%   0.531 CG:3    +
   83   159  3   0.0%   0.843 UA:3    +
   67    71  3   0.0%   0.429 AU:3    +
   73    83  3   0.0%   0.466 AU:3    +
   83    95  3   0.0%   0.857 UA:3    +
   90   151  3   0.0%   0.939 UG:3    +
   62    76  3   0.0%   0.369 UA:3    +
   91    99  3   0.0%   0.270 CG:3    +
   64    90  3   0.0%   0.481 GU:3    +
   67    78  3   0.0%   0.046 UA:3    +
   82    93  3   0.0%   0.537 UA:3    +
   12    46  3   0.0%   0.037 AU:3    +
   74   128  3   0.0%   0.629 UA:3    +
   63   146  3   0.0%   0.330 AU:3    +
   95   104  3   0.0%   0.072 AU:3    +
   82   159  3   0.0%   0.508 UA:3    +
   67    96  3   0.0%   0.452 UG:3    +
   89   131  3   0.0%   0.399 GC:3    +
   10   149  3   0.0%   0.029 AU:3    +
   82   135  3   0.0%   0.458 UA:3    +
   70   128  3   0.0%   0.893 UA:3    +
   90   118  3   0.0%   0.639 AU:3    +
   97   153  3   0.0%   2.111 CG:3    +
   67   116  3   0.0%   0.640 AU:3    +
   90   116  3   0.0%   0.576 AU:3    +
   66   117  3   0.0%   0.611 CG:3    +
   67    79  3   0.0%   0.046 UA:3    +
  121   128  3   0.0%   0.890 UA:3    +
   66   120  3   0.0%   0.615 CG:3    +
   67   153  3   0.0%   0.430 UG:3    +
   67   154  3   0.0%   0.434 UA:3    +
   82   160  3   0.0%   0.518 GU:3    +
   83    96  3   0.0%   0.844 UG:3    +
   91   150  3   0.0%   1.069 GU:3    +
   67    87  3   0.0%   0.255 UA:3    +
   55    98  3   0.0%   0.383 UA:3    +
   90   150  3   0.0%   0.949 AU:3    +
   82    97  3   0.0%   0.468 GC:3    +
    1   128  3   0.0%   0.079 UA:3    +
   79   149  3   0.0%   0.288 AU:3    +
   78    90  3   0.0%   0.897 AU:3    +
   82   154  3   0.0%   0.880 UA:3    +
  136   149  3   0.0%   1.261 AU:3    +
   85    98  3   0.0%   0.698 UA:3    +
   65   101  3   0.0%   0.342 AU:3    +
  101   125  3   0.0%   0.820 UA:3    +
  101   123  3   0.0%   0.906 UA:3    +
   91   110  3   0.0%   0.263 GU:3    +
   76   149  3   0.0%   0.594 AU:3    +
   62    78  3   0.0%   0.292 UA:3    +
   98   124  3   0.0%   1.371 AU:3    +
   66   139  3   0.0%   0.391 AU:3    +
   66   144  3   0.0%   0.392 CG:3    +
   83   152  3   0.0%   1.282 UG:3    +
   53    91  3   0.0%   0.059 UG:3    +
   61   103  3   0.0%   0.344 GC:3    +
   67    85  3   0.0%   0.435 AU:3    +
   67   138  3   0.0%   0.419 AU:3    +
   54   149  3   0.0%   0.495 AU:3    +
   82    96  3   0.0%   0.508 UG:3    +
   91   109  3   0.0%   0.263 CG:3    +
    3    62  3   0.0%   0.065 AU:3    +
   62    79  3   0.0%   0.292 UA:3    +
   61   100  3   0.0%   0.345 GC:3    +
   64    82  3   0.0%   0.222 GU:3    +
   56    82  3   0.0%   0.465 GU:3    +
   87   134  3   0.0%   0.567 AU:3    +
   91   148  3   0.0%   0.703 CG:3    +
  104   132  3   0.0%   0.374 UA:3    +
   61   115  3   0.0%   0.353 GC:3    +
   57   112  3   0.0%   0.490 AU:3    +
   91   118  3   0.0%   0.595 GU:3    +
   59    74  3   0.0%   0.197 AU:3    +
   50   128  3   0.0%   0.002 UA:3    +
   82   144  3   0.0%   0.475 UG:3    +
   94    98  3   0.0%   0.123 UA:3    +
  124   128  3   0.0%   1.086 UA:3    +
   93   149  3   0.0%   0.561 AU:3    +
   88   112  3   0.0%   0.305 AU:3    +
   84   128  3   0.0%   0.557 UA:3    +
   60    82  3   0.0%   0.298 AU:3    +
   78   149  3   0.0%   0.645 AU:3    +
   95   134  3   0.0%   0.631 AU:3    +
   66    85  3   0.0%   0.470 AU:3    +
   53    59  3   0.0%   0.059 UA:3    +
   94   128  3   0.0%   0.502 UA:3    +
   88   149  3   0.0%   0.363 AU:3    +
  149   154  3   0.0%   1.860 UA:3    +
   85   128  3   0.0%   0.692 UA:3    +
   98   112  3   0.0%   0.849 AU:3    +
   98   143  3   0.0%   0.900 AU:3    +
  142   149  3   0.0%   1.200 AU:3    +
   66   148  3   0.0%   0.434 CG:3    +
   82   126  3   0.0%   0.537 UG:3    +
   57    82  3   0.0%   0.407 AU:3    +
   65   149  3   0.0%   0.405 AU:3    +
   62   123  3   0.0%   0.815 UA:3    +
  112   136  3   0.0%   1.078 UA:3    +
   82   152  3   0.0%   0.947 UG:3    +
   70    82  3   0.0%   0.815 UG:3    +
   63   122  3   0.0%   0.551 AU:3    +
   56    83  3   0.0%   0.465 GU:3    +
   53    66  3   0.0%   0.058 UA:3    +
    3    90  3   0.0%   0.066 AU:3    +
   88   104  3   0.0%   0.301 AU:3    +
   53    82  3   0.0%   0.058 UG:3    +
  149   159  3   0.0%   1.201 UA:3    +
   67   135  3   0.0%   0.418 UA:3    +
   83   132  3   0.0%   0.792 UA:3    +
  128   138  3   0.0%   0.614 AU:3    +
   53   128  3   0.0%   0.195 UA:3    +
   60   101  3   0.0%   0.322 GU:3    +
   97   156  3   0.0%   2.151 CG:3    +
   82   145  3   0.0%   0.474 UG:3    +
   67   142  3   0.0%   0.419 UA:3    +
   61    82  3   0.0%   0.311 AU:3    +
  128   139  3   0.0%   0.641 AU:3    +
   59   118  3   0.0%   0.153 AU:3    +
   66   143  3   0.0%   0.391 AU:3    +
   93   134  3   0.0%   0.504 AU:3    +
    1    82  3   0.0%   0.075 UG:3    +
   54    82  3   0.0%   0.299 AU:3    +
   91   101  3   0.0%   0.263 GU:3    +
.((((((((((.((((((...(((((......))))))))))).)))))))))).............(((((.(((((....))))).......((((((((.....(((((((((((....)))))))).)))........))))))))))))).....
