6 sequence; length of alignment 153
alifold output
   11    31  0 100.0%   0.000 CG:2    AU:1    UA:3   
   13    29  0 100.0%   0.001 CG:2    AU:1    UA:3   
  110   142  0  99.9%   0.002 CG:2    GC:3    UG:1   
    9    33  0  99.9%   0.004 UG:1    AU:4    UA:1   
   10    32  0 100.0%   0.000 CG:3    AU:3   
  109   143  0 100.0%   0.001 AU:3    UA:3   
   12    30  0 100.0%   0.001 AU:3    UA:3   
   15    27  0  99.7%   0.013 CG:4    UA:2   
  124   131  0  99.4%   0.026 CG:3    AU:3   
  108   144  0 100.0%   0.000 CG:6   
   14    28  0  99.9%   0.002 AU:6   
  116   137  0  99.8%   0.006 CG:6   
   48    70  0  98.4%   0.074 CG:3    UA:3   
  117   136  1  99.4%   0.018 CG:2    AU:3   
    8    34  1  98.8%   0.038 GU:1    AU:3    UA:1   
  123   132  0  99.2%   0.063 GC:6   
   50    68  0  97.3%   0.117 GU:3    UG:3   
  107   145  0  97.0%   0.099 AU:3    UA:3   
  115   138  0  96.6%   0.102 GU:3    UA:3   
   47    71  2  98.1%   0.078 AU:4   
   49    69  2  97.9%   0.090 AU:3    --:1   
   46    72  3  97.5%   0.080 AU:3   
   45    73  0  94.3%   0.172 UG:1    UA:5   
   51    67  0  93.8%   0.216 AU:6   
   86    95  0  92.7%   0.404 CG:6   
   87    94  0  92.1%   0.434 UA:6   
    7    35  0  90.3%   0.283 UA:6   
   83    97  0  86.2%   0.526 GC:3    UA:3   
   84    96  2  86.6%   0.485 GC:3    AU:1   
  119   135  0  85.1%   0.690 CG:6   
  120   134  3  81.1%   0.519 UA:3   
   43    75  0  75.2%   0.690 UA:6   
   41    77  0  73.8%   0.750 AU:3    --:3   
   42    76  3  74.5%   0.736 AU:3   
  121   133  3  73.6%   0.691 CG:3   
   88    93  3  72.7%   0.929 UG:3   
   38    80  0  58.9%   1.934 CG:4    UG:2   
   40    78  0  58.1%   1.464 UA:3    --:3   
   39    79  1  57.9%   1.817 UG:3    --:2   
   37    81  0  55.3%   1.676 CG:3    --:3   
  112   140  0  54.8%   0.989 GC:3    --:3   
  106   146  3  52.2%   1.105 UA:3   
   18    23  1  29.6%   1.104 CG:3    UG:2    +
   37    80  0  28.1%   1.399 CG:6    +
   38    79  3  27.8%   1.425 CG:1    UG:2    +
   39    78  0  26.0%   1.218 CG:1    UA:3    --:2    +
   17    24  3  26.2%   1.076 GU:3    +
  122   133  3  20.5%   1.244 UA:3    +
  105   148  0  19.5%   1.212 UA:3    --:3    +
  106   147  3  19.3%   1.478 GC:3    +
  103   150  3  17.3%   1.195 AU:3    +
  104   149  3  17.2%   1.185 UA:3    +
  102   151  2  16.6%   1.371 CG:3    AU:1    +
  118   135  3  13.7%   0.818 CG:3    +
  114   140  0  11.9%   1.090 GC:3    --:3    +
   18    24  3  11.0%   1.485 UA:3    +
   42    77  0   9.5%   1.210 AU:6    +
   43    76  3   8.5%   1.127 UG:2    UA:1    +
   18    25  3   8.5%   1.254 UA:3    +
    5   151  0   3.6%   0.914 CG:3    GC:2    GU:1    +
   44    75  3   5.3%   0.713 UA:3    +
   86    93  0   4.2%   0.470 CG:6    +
   18    26  0   2.1%   1.079 CG:3    UG:2    UA:1    +
   56    66  0   1.0%   0.301 GC:2    GU:1    UG:2    UA:1    +
   87    92  0   4.0%   0.470 UA:6    +
   80    99  1   3.6%   1.207 GC:3    GU:2    +
    3    79  0   2.3%   0.281 CG:3    AU:3    +
    2    80  0   2.2%   0.268 CG:3    UG:3    +
    4    78  0   2.2%   0.296 UG:3    UA:3    +
    6    37  3   3.9%   0.427 GC:3    +
   19    24  3   3.8%   0.992 AU:3    +
   50    66  0   0.1%   0.043 GC:2    GU:1    UG:2    UA:1    +
   66   106  0   0.0%   0.128 CG:2    GU:2    UG:1    AU:1    +
    6    76  0   0.8%   0.253 GU:3    UG:2    UA:1    +
    5    38  3   3.5%   0.395 GC:3    +
   79   100  3   3.4%   1.310 GC:3    +
   80   100  0   1.6%   1.298 GC:3    GU:3    +
  106   148  0   1.5%   1.405 GC:3    UA:3    +
    5   148  3   3.1%   0.748 GC:3    +
   81    99  0   2.3%   0.896 GC:3    --:3    +
   59    79  0   0.2%   0.935 GU:1    UG:3    AU:2    +
   54    59  0   0.2%   0.065 UG:1    AU:3    UA:2    +
   55    60  0   2.1%   0.297 AU:6    +
    6    88  0   0.1%   0.228 GU:3    UG:1    UA:2    +
   54    88  0   0.1%   0.142 UG:1    AU:3    UA:2    +
   59    83  0   0.1%   0.152 GU:1    UG:3    AU:2    +
    3    83  0   1.0%   0.255 CG:3    AU:3    +
   79    88  0   0.0%   0.929 GU:3    UG:1    UA:2    +
   88   101  0   0.0%   0.485 GU:1    AU:2    UA:3    +
   49    88  0   0.0%   0.091 UG:1    AU:3    UA:2    +
  106   151  0   0.0%   1.321 GC:2    GU:1    UG:3    +
   68    76  0   0.0%   0.593 GU:3    UG:2    UA:1    +
   59    89  0   0.0%   0.123 GU:1    UG:3    AU:2    +
   76   101  0   0.0%   0.595 GU:2    AU:1    UA:3    +
   59    68  0   0.0%   0.092 GU:1    UG:3    AU:2    +
   76    89  0   0.0%   0.569 GU:2    UG:3    AU:1    +
   49    59  0   0.0%   0.040 UG:1    AU:3    UA:2    +
   83    88  0   0.0%   0.131 GU:3    UG:1    UA:2    +
   76   151  0   0.0%   0.790 GC:2    UG:3    AU:1    +
   50   151  0   0.0%   0.254 GC:2    GU:1    UG:3    +
   59    72  0   0.0%   0.082 GU:1    AU:2    UA:3    +
   72    88  0   0.0%   0.075 UG:1    AU:3    UA:2    +
   72    76  0   0.0%   0.543 UG:2    AU:3    UA:1    +
   68    88  0   0.0%   0.124 GU:3    UG:1    UA:2    +
   76    83  0   0.0%   0.594 GU:2    UG:3    AU:1    +
   56   151  0   0.0%   0.407 GC:2    GU:1    UG:3    +
   49    76  0   0.0%   0.522 UG:2    AU:3    UA:1    +
   38    78  1   2.0%   0.441 CG:3    UA:2    +
   56    62  0   1.9%   0.297 UA:3    --:3    +
   79   102  0   0.8%   1.250 GC:3    UA:3    +
   84    99  1   1.8%   0.720 GC:3    AU:2    +
   66    76  1   0.8%   0.650 CG:1    GU:2    UG:1    AU:1    +
  115   139  3   2.5%   0.311 UA:3    +
    4   149  3   2.5%   0.574 UA:3    +
    6   147  3   2.2%   0.585 GC:1    GU:2    +
    1    85  0   0.7%   0.179 UG:2    UA:4    +
   68   102  0   0.5%   0.201 GC:3    UA:3    +
   70   100  0   0.5%   0.141 GC:3    AU:3    +
   55    63  0   1.4%   0.340 AU:3    --:3    +
    6   102  0   0.4%   0.310 GC:3    UA:3    +
   89   102  0   0.4%   0.313 GC:3    UA:3    +
   54    63  0   1.3%   0.207 AU:3    --:3    +
    3    89  0   0.3%   0.209 CG:3    AU:3    +
    1    81  0   1.3%   0.179 UG:3    --:3    +
    2   146  0   0.2%   0.245 CG:3    UA:3    +
    5    89  0   0.2%   0.325 CG:3    GU:3    +
  107   146  3   1.9%   0.671 UA:3    +
   46    89  0   0.2%   0.095 CG:3    AU:3    +
    2    91  0   0.2%   0.203 CG:3    UA:3    +
  106   149  0   0.2%   1.271 GC:3    UA:3    +
   60    78  0   0.1%   1.018 UG:3    UA:3    +
   95   100  0   0.1%   0.520 GC:3    GU:3    +
    1    91  0   0.1%   0.140 UG:3    UA:3    +
    7   146  0   0.1%   0.229 UG:3    UA:3    +
   50   101  0   0.1%   0.133 GU:3    UA:3    +
   83   102  0   0.1%   0.517 GC:3    UA:3    +
    7    91  0   0.1%   0.182 UG:3    UA:3    +
   52    64  0   1.1%   0.186 GC:3    --:3    +
  106   145  0   0.1%   0.029 GU:3    UA:3    +
   89    97  0   0.1%   0.271 GC:3    UA:3    +
   58    84  0   0.1%   0.126 UG:3    UA:3    +
    6   104  0   0.0%   0.271 GU:3    UA:3    +
    2    93  0   0.0%   0.185 CG:3    UG:3    +
   93   100  0   0.0%   0.812 GC:3    GU:3    +
   79    97  0   0.0%   0.889 GC:3    UA:3    +
   38    95  0   0.0%   0.894 CG:4    UG:2    +
    2    78  0   0.0%   0.022 CG:3    UA:3    +
    7    85  0   0.0%   0.186 UG:2    UA:4    +
   83   100  3   1.8%   0.761 GC:3    +
    5    83  0   0.0%   0.316 CG:3    GU:3    +
   44    93  0   0.0%   0.209 CG:3    UG:3    +
   44    95  0   0.0%   0.210 CG:3    UG:3    +
  146   150  0   0.0%   0.967 GC:3    AU:3    +
  120   128  0   0.0%   0.007 GC:3    UA:3    +
    4    84  0   0.0%   0.229 UG:3    UA:3    +
  122   128  0   0.0%   0.010 GC:3    UA:3    +
    4   146  0   0.0%   0.263 UG:3    UA:3    +
    6    97  0   0.0%   0.217 GC:3    UA:3    +
    5    79  0   0.0%   0.311 CG:3    GU:3    +
   50   149  0   0.0%   0.207 GC:3    UA:3    +
   45    78  0   0.0%   0.899 UG:3    UA:3    +
    1   146  0   0.0%   0.161 UG:3    UA:3    +
   84   100  0   0.0%   0.674 GC:3    AU:3    +
   39    80  0   0.0%   1.429 CG:1    UG:3    --:2    +
   43    78  0   0.0%   1.280 UG:3    UA:3    +
   69    84  0   0.0%   0.124 UG:3    UA:2    --:1    +
  101   106  0   0.0%   0.233 UG:3    AU:3    +
    4    85  0   0.0%   0.217 UG:2    UA:4    +
   48    93  0   0.0%   0.077 CG:3    UG:3    +
   36    71  0   0.0%   0.040 CG:2    AU:4    +
   67    73  0   0.0%   0.162 UG:1    UA:5    +
   38    81  0   0.0%   1.291 CG:1    UG:2    --:3    +
   78   150  0   0.0%   1.091 GC:3    AU:3    +
   38    93  0   0.0%   0.889 CG:4    UG:2    +
   78    87  0   0.0%   0.878 GU:3    AU:3    +
   19    28  0   0.0%   0.128 GU:3    AU:3    +
   43    73  0   0.0%   0.023 UG:1    UA:5    +
    4    82  0   1.0%   0.277 UA:3    --:3    +
   79   104  0   0.0%   1.116 GU:3    UA:3    +
   46    79  0   0.0%   0.870 CG:3    AU:3    +
    6   106  0   0.0%   0.264 GU:3    UG:3    +
   39    95  0   0.0%   0.696 CG:1    UG:3    --:2    +
    2    95  0   0.0%   0.180 CG:3    UG:3    +
   83   104  0   0.0%   0.410 GU:3    UA:3    +
    1    84  0   0.0%   0.079 UG:3    UA:3    +
   69    85  0   0.0%   0.102 UG:2    UA:3    --:1    +
   58    85  0   0.0%   0.102 UG:2    UA:4    +
   66    88  1   0.0%   0.146 CG:1    GU:2    AU:1    UA:1    +
   95   147  0   0.0%   0.281 GC:4    GU:2    +
   56    83  0   0.0%   0.289 GU:3    UG:3    +
   56    68  0   0.0%   0.240 GU:3    UG:3    +
   70    77  0   0.0%   0.567 GU:3    AU:3    +
   69    78  0   0.0%   0.907 UG:2    UA:3    --:1    +
    5   142  0   0.0%   0.315 CG:3    GC:3    +
   80   147  0   0.0%   1.185 GC:4    GU:2    +
   87    91  0   0.0%   0.087 UG:3    UA:3    +
   56   149  0   0.0%   0.359 GC:3    UA:3    +
   81   147  0   0.0%   0.762 GC:1    GU:2    --:3    +
   58    78  0   0.0%   0.874 UG:3    UA:3    +
   68    97  0   0.0%   0.083 GC:3    UA:3    +
   44    84  0   0.0%   0.217 CG:3    UA:3    +
   89   106  0   0.0%   0.096 GU:3    UG:3    +
   43    85  0   0.0%   0.489 UG:2    UA:4    +
   50    72  0   0.0%   0.087 GU:3    UA:3    +
   44    80  0   0.0%   0.925 CG:3    UG:3    +
   73    77  0   0.0%   0.633 GU:1    AU:5    +
  104   145  0   0.0%   0.092 AU:3    UA:3    +
    7    73  0   0.0%   0.116 UG:1    UA:5    +
   56    79  0   0.0%   1.042 GU:3    UG:3    +
   67    85  0   0.0%   0.181 UG:2    UA:4    +
   46    68  0   0.0%   0.002 CG:3    AU:3    +
   68   104  0   0.0%   0.142 GU:3    UA:3    +
   48    95  0   0.0%   0.072 CG:3    UG:3    +
    6    46  0   0.0%   0.135 GC:3    UA:3    +
   39    93  0   0.0%   0.693 CG:1    UG:3    --:2    +
   77    84  0   0.0%   0.609 UG:3    UA:3    +
   50    54  0   0.0%   0.003 GU:3    UA:3    +
   56   148  0   0.0%   0.397 GC:3    UA:3    +
   49    56  0   0.0%   0.003 UG:3    AU:3    +
    4    91  0   0.0%   0.226 UG:3    UA:3    +
   93   147  0   0.0%   0.598 GC:4    GU:2    +
   44    70  0   0.0%   0.004 CG:3    UA:3    +
   83   106  0   0.0%   0.345 GU:3    UG:3    +
  122   131  0   0.0%   0.006 GU:3    UG:3    +
   77    91  0   0.0%   0.601 UG:3    UA:3    +
   50   148  0   0.0%   0.242 GC:3    UA:3    +
   80   150  0   0.0%   1.144 GC:3    GU:3    +
   39   146  0   0.0%   0.720 CG:1    UA:3    --:2    +
  101   107  0   0.0%   0.223 AU:3    UA:3    +
   50    89  0   0.0%   0.110 GU:3    UG:3    +
    7    84  0   0.0%   0.190 UG:3    UA:3    +
   52   147  0   0.0%   0.241 GC:1    GU:2    --:3    +
   89   104  0   0.0%   0.174 GU:3    UA:3    +
  118   131  0   0.0%   0.000 CG:3    AU:3    +
   45    91  0   0.0%   0.114 UG:3    UA:3    +
   60    84  0   0.0%   0.226 UG:3    UA:3    +
   58    73  0   0.0%   0.098 UG:1    UA:5    +
  120   131  0   0.0%   0.003 GU:3    UG:3    +
   91   150  0   0.0%   0.196 GC:3    AU:3    +
   95   150  0   0.0%   0.240 GC:3    GU:3    +
   67    84  0   0.0%   0.202 UG:3    UA:3    +
   66   105  0   0.0%   0.139 GU:2    AU:1    --:3    +
   73    87  0   0.0%   0.116 GU:1    AU:5    +
   67    78  0   0.0%   0.989 UG:3    UA:3    +
   49   104  0   0.0%   0.076 AU:3    UA:3    +
   60    70  0   0.0%   0.172 UG:3    UA:3    +
    6    56  0   0.0%   0.135 GU:3    UG:3    +
  120   138  0   0.0%   0.226 GU:3    UA:3    +
   72   106  0   0.0%   0.035 UG:3    AU:3    +
   43    70  0   0.0%   0.022 UG:3    UA:3    +
   43   146  0   0.0%   0.510 UG:3    UA:3    +
   79   106  0   0.0%   1.057 GU:3    UG:3    +
   39    85  0   0.0%   0.710 CG:1    UA:3    --:2    +
   46    83  0   0.0%   0.092 CG:3    AU:3    +
    1    78  0   0.0%   0.013 UG:3    UA:3    +
    6   107  0   0.0%   0.260 GU:3    UA:3    +
   43    84  0   0.0%   0.498 UG:3    UA:3    +
   48    84  0   0.0%   0.091 CG:3    UA:3    +
   45    84  0   0.0%   0.114 UG:3    UA:3    +
   77    85  0   0.0%   0.587 UG:2    UA:4    +
    7    78  0   0.0%   0.227 UG:3    UA:3    +
    6   150  3   1.8%   0.598 GU:3    +
   93   150  0   0.0%   0.557 GC:3    GU:3    +
   50    83  0   0.0%   0.122 GU:3    UG:3    +
   38    52  0   0.0%   0.119 CG:1    UG:2    --:3    +
   72   104  0   0.0%   0.068 AU:3    UA:3    +
   66    71  1   0.0%   0.082 CG:1    GU:2    UG:1    AU:1    +
   45   146  0   0.0%   0.129 UG:3    UA:3    +
   83   107  0   0.0%   0.340 GU:3    UA:3    +
   45    70  0   0.0%   0.004 UG:3    UA:3    +
   48    80  0   0.0%   0.800 CG:3    UG:3    +
   20    26  1   1.5%   0.272 CG:5    +
   37    79  3   1.7%   0.471 CG:3    +
  105   149  0   1.0%   0.945 UA:3    --:3    +
   83    96  1   0.8%   0.206 GC:3    UA:2    +
   78   101  3   1.6%   1.139 GU:3    +
   81   100  0   0.8%   0.918 GC:3    --:3    +
   67    75  0   0.8%   0.615 UA:6    +
   68    74  1   0.8%   0.155 GC:3    UA:2    +
    5    81  0   0.8%   0.391 CG:3    --:3    +
   56    61  0   0.7%   0.143 UA:3    --:3    +
   55    67  0   0.6%   0.311 AU:6    +
    5    77  3   1.3%   0.336 GU:3    +
   76   149  1   0.6%   0.776 GC:2    UA:3    +
   78   147  1   0.6%   1.159 GC:3    AU:2    +
   69    73  0   0.6%   0.175 UA:5    --:1    +
  121   135  0   0.6%   0.730 CG:6    +
   65    77  0   0.5%   0.614 AU:4    --:2    +
   64   151  1   0.0%   0.231 CG:3    GC:1    GU:1    +
   71   151  1   0.0%   0.216 GC:1    GU:1    UG:3    +
    5   147  3   1.2%   0.477 GC:3    +
   67   103  0   0.5%   0.236 UA:6    +
    4    42  0   0.5%   0.098 UA:6    +
    7    75  0   0.4%   0.188 UA:6    +
   66   104  2   0.4%   0.185 GU:2    AU:1    UA:1    +
   77   102  3   1.2%   0.780 UA:3    +
   47    60  0   0.3%   0.053 AU:6    +
    4   148  3   1.0%   0.392 UA:3    +
    4    94  0   0.3%   0.259 UA:6    +
    6   152  2   0.6%   0.525 GC:3    UG:1    +
   81    97  0   0.3%   0.499 GC:3    --:3    +
   84    97  3   1.0%   0.475 GC:3    +
   65   105  0   0.2%   0.086 AU:3    --:3    +
    4    90  0   0.2%   0.243 UA:6    +
   52    59  0   0.2%   0.065 GU:3    --:3    +
   45    90  0   0.2%   0.125 UA:6    +
   56    82  0   0.2%   0.298 UA:3    --:3    +
    2    84  3   0.9%   0.233 UG:3    +
   43    92  0   0.2%   0.505 UA:6    +
   52    63  0   0.2%   0.062 GU:3    --:3    +
   58    80  0   0.2%   0.844 UG:6    +
   57    81  0   0.2%   0.494 CG:3    --:3    +
  119   137  0   0.2%   0.177 CG:6    +
    1    92  0   0.2%   0.151 UA:6    +
  105   146  0   0.2%   0.114 UA:3    --:3    +
    5    37  3   0.9%   0.126 GC:3    +
   51    60  0   0.1%   0.067 AU:6    +
   57    93  0   0.1%   0.101 CG:6    +
   58    92  0   0.1%   0.127 UA:6    +
   60    90  0   0.1%   0.229 UA:6    +
    1    82  0   0.1%   0.094 UA:3    --:3    +
   57    80  0   0.1%   0.810 CG:6    +
    2    41  0   0.1%   0.028 UA:3    --:3    +
    1    42  0   0.1%   0.027 UA:6    +
   52    99  0   0.1%   0.131 GC:3    --:3    +
   76   103  3   0.9%   0.687 UA:3    +
  100   151  3   0.8%   0.746 CG:3    +
   98   153  1   0.1%   0.050 UG:1    AU:4    +
   52    60  0   0.1%   0.068 GU:3    --:3    +
  101   153  1   0.1%   0.289 UG:2    AU:3    +
   58    62  0   0.1%   0.121 UA:3    --:3    +
   52    57  0   0.1%   0.039 GC:3    --:3    +
   77   103  0   0.1%   0.709 UA:6    +
   55    87  0   0.1%   0.228 AU:6    +
   82   104  0   0.1%   0.154 AU:3    --:3    +
   80    86  0   0.1%   0.823 GC:6    +
   50    61  0   0.1%   0.038 UA:3    --:3    +
   15    26  1   0.1%   0.014 CG:3    UG:2    +
   61    77  0   0.1%   0.563 AU:3    --:3    +
   59    66  2   0.1%   0.117 GU:1    UG:2    UA:1    +
    7    98  1   0.1%   0.166 UG:1    UA:4    +
   64    89  1   0.1%   0.113 CG:3    GU:2    +
   87    93  0   0.1%   0.348 UG:6    +
    4    41  0   0.1%   0.032 UA:3    --:3    +
   56    81  0   0.1%   0.640 UG:3    --:3    +
   53    89  0   0.1%   0.062 CG:3    --:3    +
   63    79  0   0.1%   0.998 UG:3    --:3    +
   51    58  0   0.0%   0.048 AU:6    +
  105   151  0   0.0%   0.971 UG:3    --:3    +
    1    94  0   0.0%   0.143 UA:6    +
   47    69  0   0.0%   0.029 AU:5    --:1    +
    4   103  0   0.0%   0.251 UA:6    +
   77    90  0   0.0%   0.605 UA:6    +
   81   102  0   0.0%   0.764 GC:3    --:3    +
   53    68  0   0.0%   0.042 CG:3    --:3    +
   80    87  0   0.0%   0.828 GU:6    +
   52    86  0   0.0%   0.115 GC:3    --:3    +
   51    87  0   0.0%   0.121 AU:6    +
   41    76  0   0.0%   0.062 AU:3    --:3    +
   40    79  0   0.0%   1.158 UG:3    --:3    +
   60    65  0   0.0%   0.167 UA:4    --:2    +
    6   153  1   0.0%   0.472 GU:3    UG:2    +
    7   103  0   0.0%   0.180 UA:6    +
    2    85  1   0.0%   0.187 CG:2    UA:3    +
    3    81  0   0.0%   0.172 CG:3    --:3    +
   45    94  0   0.0%   0.113 UA:6    +
   60    82  0   0.0%   0.237 UA:3    --:3    +
   74    79  1   0.0%   0.911 CG:3    AU:2    +
   45    92  0   0.0%   0.118 UA:6    +
  148   153  1   0.0%   0.636 CG:2    AU:3    +
   43    94  0   0.0%   0.490 UA:6    +
   93    99  1   0.0%   0.761 GC:3    GU:2    +
   52    58  0   0.0%   0.038 GU:3    --:3    +
   81    86  0   0.0%   0.478 GC:3    --:3    +
   37    95  0   0.0%   0.954 CG:6    +
   45    75  0   0.0%   0.462 UA:6    +
    1   103  0   0.0%   0.158 UA:6    +
   58    65  0   0.0%   0.048 UA:4    --:2    +
   95   152  1   0.0%   0.153 GC:4    GU:1    +
   43   103  0   0.0%   0.480 UA:6    +
    4    80  0   0.0%   0.216 UG:6    +
   98   105  0   0.0%   0.042 AU:3    --:3    +
   81   105  0   0.0%   0.613 GU:3    --:3    +
  115   140  0   0.0%   0.714 GC:3    --:3    +
   53    70  0   0.0%   0.028 CG:3    --:3    +
    2    82  0   0.0%   0.114 UA:3    --:3    +
   52    71  0   0.0%   0.114 GU:3    --:3    +
    4    92  0   0.0%   0.221 UA:6    +
   64    79  1   0.0%   0.914 CG:3    GU:2    +
    4    98  1   0.0%   0.231 UG:1    UA:4    +
    6    74  1   0.0%   0.140 GC:3    UA:2    +
   51    63  0   0.0%   0.035 AU:3    --:3    +
  114   138  0   0.0%   0.005 GU:3    --:3    +
  111   142  0   0.0%   0.005 CG:3    --:3    +
    1    41  0   0.0%   0.007 UA:3    --:3    +
   83   153  1   0.0%   0.350 GU:3    UG:2    +
    4    35  0   0.0%   0.004 UA:6    +
   52    67  0   0.0%   0.156 GU:3    --:3    +
    1    98  1   0.0%   0.142 UG:1    UA:4    +
   53    84  0   0.0%   0.060 CG:3    --:3    +
  101   105  0   0.0%   0.246 AU:3    --:3    +
   63    80  0   0.0%   0.917 UG:3    --:3    +
    6    96  1   0.0%   0.212 GC:3    UA:2    +
   71    82  0   0.0%   0.097 UA:3    --:3    +
  149   153  1   0.0%   0.542 CG:2    AU:3    +
   69    75  0   0.0%   0.497 UA:5    --:1    +
   75   105  0   0.0%   0.480 AU:3    --:3    +
   95    99  1   0.0%   0.445 GC:3    GU:2    +
    1    95  0   0.0%   0.138 UG:6    +
   81    96  0   0.0%   0.452 GC:3    --:3    +
   89    96  1   0.0%   0.235 GC:3    UA:2    +
   57    95  0   0.0%   0.083 CG:6    +
   58    94  0   0.0%   0.110 UA:6    +
   43    80  0   0.0%   1.207 UG:6    +
    6   105  0   0.0%   0.261 GU:3    --:3    +
   40    93  0   0.0%   0.346 UG:3    --:3    +
   62    76  0   0.0%   0.561 AU:3    --:3    +
   41   105  0   0.0%   0.245 AU:3    --:3    +
   82   105  0   0.0%   0.099 AU:3    --:3    +
   52   152  0   0.0%   0.135 GC:3    --:3    +
   60    92  0   0.0%   0.223 UA:6    +
   53   151  0   0.0%   0.186 CG:3    --:3    +
   81   152  0   0.0%   0.628 GC:3    --:3    +
   45    55  0   0.0%   0.004 UA:6    +
    4    81  0   0.0%   0.188 UG:3    --:3    +
   52    56  0   0.0%   0.019 GU:3    --:3    +
   52    69  0   0.0%   0.115 GU:3    --:3    +
   74    81  0   0.0%   0.487 CG:3    --:3    +
   40    94  0   0.0%   0.347 UA:3    --:3    +
   43    51  0   0.0%   0.022 UA:6    +
   60    80  0   0.0%   0.940 UG:6    +
   45    51  0   0.0%   0.004 UA:6    +
   53    95  0   0.0%   0.037 CG:3    --:3    +
   58    90  0   0.0%   0.101 UA:6    +
   77    98  1   0.0%   0.562 UG:1    UA:4    +
    1    93  0   0.0%   0.133 UG:6    +
   40    75  0   0.0%   0.027 UA:3    --:3    +
   44    52  0   0.0%   0.003 CG:3    --:3    +
   87    95  0   0.0%   0.343 UG:6    +
   45    61  0   0.0%   0.004 UA:3    --:3    +
   63    81  0   0.0%   0.577 UG:3    --:3    +
   50    62  0   0.0%   0.029 UA:3    --:3    +
   44    81  0   0.0%   0.592 CG:3    --:3    +
   52    96  0   0.0%   0.097 GC:3    --:3    +
   45    80  0   0.0%   0.824 UG:6    +
   69    80  0   0.0%   0.840 UG:5    --:1    +
   45    62  0   0.0%   0.004 UA:3    --:3    +
   78   105  0   0.0%   0.949 AU:3    --:3    +
   41    50  0   0.0%   0.015 AU:3    --:3    +
   90   105  0   0.0%   0.092 AU:3    --:3    +
   76    82  0   0.0%   0.589 UA:3    --:3    +
   51    69  0   0.0%   0.119 AU:5    --:1    +
   80   152  1   0.0%   1.050 GC:4    GU:1    +
   61    87  0   0.0%   0.069 AU:3    --:3    +
   63    89  0   0.0%   0.186 UG:3    --:3    +
   62    77  0   0.0%   0.599 AU:3    --:3    +
    4    47  0   0.0%   0.041 UA:6    +
   82   150  0   0.0%   0.209 AU:3    --:3    +
   36   106  1   0.0%   0.043 CG:2    AU:3    +
   77    92  0   0.0%   0.600 UA:6    +
  113   138  0   0.0%   0.001 AU:3    --:3    +
    6    40  0   0.0%   0.135 GU:3    --:3    +
   53    83  0   0.0%   0.066 CG:3    --:3    +
    2    81  0   0.0%   0.156 UG:3    --:3    +
   43    82  0   0.0%   0.505 UA:3    --:3    +
   82   153  0   0.0%   0.086 AU:3    --:3    +
    6    34  1   0.0%   0.002 GU:3    UA:2    +
   85   150  1   0.0%   0.183 GC:2    AU:3    +
   18    29  1   0.0%   0.916 CG:2    UA:3    +
   37    93  0   0.0%   0.953 CG:6    +
   40    95  0   0.0%   0.345 UG:3    --:3    +
   63    78  0   0.0%   0.980 UA:3    --:3    +
   40    51  0   0.0%   0.002 UA:3    --:3    +
   58    82  0   0.0%   0.125 UA:3    --:3    +
   34    82  0   0.0%   0.070 UA:3    --:3    +
   55    69  0   0.0%   0.210 AU:5    --:1    +
   64    83  1   0.0%   0.128 CG:3    GU:2    +
   59    81  0   0.0%   0.509 UG:3    --:3    +
   81   104  0   0.0%   0.655 GU:3    --:3    +
   64    81  0   0.0%   0.493 CG:3    --:3    +
   74    83  1   0.0%   0.123 CG:3    AU:2    +
   63    82  0   0.0%   0.208 UA:3    --:3    +
    1    51  0   0.0%   0.013 UA:6    +
   40    80  0   0.0%   1.079 UG:3    --:3    +
   67    98  1   0.0%   0.149 UG:1    UA:4    +
   59    82  0   0.0%   0.138 UA:3    --:3    +
   81    88  0   0.0%   0.496 GU:3    --:3    +
   77    93  0   0.0%   0.590 UG:6    +
   82    88  0   0.0%   0.126 AU:3    --:3    +
   84   105  0   0.0%   0.340 GU:3    --:3    +
   60    81  0   0.0%   0.601 UG:3    --:3    +
   63    85  0   0.0%   0.179 UA:3    --:3    +
    7    95  0   0.0%   0.166 UG:6    +
   63    75  0   0.0%   0.530 UA:3    --:3    +
   70    99  1   0.0%   0.047 GC:3    AU:2    +
   81   150  0   0.0%   0.721 GU:3    --:3    +
   39    82  0   0.0%   0.727 UA:3    --:3    +
   15    23  1   0.0%   0.001 CG:3    UG:2    +
   40   148  0   0.0%   0.487 UA:3    --:3    +
   38   146  1   0.0%   0.916 CG:3    UA:2    +
   36   105  0   0.0%   0.040 AU:3    --:3    +
   39    81  0   0.0%   1.094 UG:3    --:3    +
   87    98  1   0.0%   0.255 UG:1    UA:4    +
   43    47  0   0.0%   0.021 UA:6    +
   16    28  0   0.0%   0.024 AU:6    +
   79   153  1   0.0%   1.069 GU:3    UG:2    +
   62    88  0   0.0%   0.127 AU:3    --:3    +
   77    81  0   0.0%   0.985 UG:3    --:3    +
   82    87  0   0.0%   0.107 AU:3    --:3    +
   93   152  1   0.0%   0.465 GC:4    GU:1    +
    1    35  0   0.0%   0.002 UA:6    +
   63    84  0   0.0%   0.199 UG:3    --:3    +
   40    81  0   0.0%   0.745 UG:3    --:3    +
   40   151  0   0.0%   0.495 UG:3    --:3    +
   69   103  0   0.0%   0.130 UA:5    --:1    +
   77    94  0   0.0%   0.590 UA:6    +
   85   105  0   0.0%   0.073 AU:3    --:3    +
   41   150  0   0.0%   0.339 AU:3    --:3    +
   49    63  0   0.0%   0.022 AU:3    --:3    +
   42    58  0   0.0%   0.035 AU:6    +
   52    97  0   0.0%   0.099 GC:3    --:3    +
    6   140  0   0.0%   0.260 GC:3    --:3    +
   81   106  0   0.0%   0.598 GU:3    --:3    +
   63    90  0   0.0%   0.186 UA:3    --:3    +
   61    88  0   0.0%   0.088 AU:3    --:3    +
   62    87  0   0.0%   0.108 AU:3    --:3    +
   82   106  0   0.0%   0.085 AU:3    --:3    +
   71   101  1   0.0%   0.115 GU:2    UA:3    +
   71    83  1   0.0%   0.100 GU:2    UG:3    +
   47    67  0   0.0%   0.019 AU:6    +
    8    33  1   0.0%   0.001 UG:1    AU:4    +
   67    80  0   0.0%   0.920 UG:6    +
   40   149  0   0.0%   0.446 UA:3    --:3    +
   34    83  1   0.0%   0.067 UG:3    AU:2    +
   38    91  1   0.0%   0.892 CG:3    UA:2    +
   41    59  0   0.0%   0.014 AU:3    --:3    +
   42    60  0   0.0%   0.035 AU:6    +
    1    90  0   0.0%   0.112 UA:6    +
    4    51  0   0.0%   0.041 UA:6    +
   36    40  0   0.0%   0.037 AU:3    --:3    +
   40    89  0   0.0%   0.349 UG:3    --:3    +
   72   153  1   0.0%   0.035 UG:2    AU:3    +
  105   145  0   0.0%   0.026 UA:3    --:3    +
    3    52  0   0.0%   0.020 CG:3    --:3    +
   41    88  0   0.0%   0.265 AU:3    --:3    +
   45   103  0   0.0%   0.097 UA:6    +
   42   105  0   0.0%   0.483 AU:3    --:3    +
   42    87  0   0.0%   0.490 AU:6    +
  112   138  0   0.0%   0.000 GU:3    --:3    +
   43    55  0   0.0%   0.021 UA:6    +
   61    67  0   0.0%   0.140 AU:3    --:3    +
   42    67  0   0.0%   0.035 AU:6    +
   87   103  0   0.0%   0.346 UA:6    +
    4    75  0   0.0%   0.041 UA:6    +
   46    52  0   0.0%   0.001 CG:3    --:3    +
   39    52  0   0.0%   0.001 UG:3    --:3    +
   52   100  0   0.0%   0.142 GC:3    --:3    +
   43    52  0   0.0%   0.021 UG:3    --:3    +
   40    54  0   0.0%   0.001 UA:3    --:3    +
   71    79  1   0.0%   0.884 GU:2    UG:3    +
    7   139  0   0.0%   0.166 UA:6    +
    7    82  0   0.0%   0.196 UA:3    --:3    +
   62    67  0   0.0%   0.182 AU:3    --:3    +
   43    98  1   0.0%   0.471 UG:1    UA:4    +
   73   105  0   0.0%   0.105 AU:3    --:3    +
   49    71  1   0.0%   0.065 UG:2    AU:3    +
    7    42  0   0.0%   0.149 UA:6    +
   77    82  0   0.0%   0.617 UA:3    --:3    +
    1    80  0   0.0%   0.015 UG:6    +
   74    89  1   0.0%   0.099 CG:3    AU:2    +
   65    87  0   0.0%   0.069 AU:4    --:2    +
   64    68  1   0.0%   0.088 CG:3    GU:2    +
   40    61  0   0.0%   0.001 UA:3    --:3    +
   35    40  0   0.0%   0.099 AU:3    --:3    +
   81   153  0   0.0%   0.599 GU:3    --:3    +
   48    52  0   0.0%   0.002 CG:3    --:3    +
   45    65  0   0.0%   0.003 UA:4    --:2    +
   79    96  1   0.0%   0.877 GC:3    UA:2    +
   43    62  0   0.0%   0.021 UA:3    --:3    +
   35    43  0   0.0%   0.118 AU:6    +
   47    77  0   0.0%   0.552 AU:6    +
   76   148  1   0.0%   0.726 GC:2    UA:3    +
   91   105  0   0.0%   0.088 AU:3    --:3    +
    1    55  0   0.0%   0.013 UA:6    +
   63    91  0   0.0%   0.187 UA:3    --:3    +
   41   153  0   0.0%   0.246 AU:3    --:3    +
   40    82  0   0.0%   0.377 UA:3    --:3    +
   89   105  0   0.0%   0.108 GU:3    --:3    +
   83   105  0   0.0%   0.359 GU:3    --:3    +
   53    81  0   0.0%   0.430 CG:3    --:3    +
   94   105  0   0.0%   0.148 AU:3    --:3    +
   79   105  0   0.0%   1.068 GU:3    --:3    +
   43    90  0   0.0%   0.474 UA:6    +
    7    90  0   0.0%   0.169 UA:6    +
    1     8  1   0.0%   0.001 UG:1    UA:4    +
   81    87  0   0.0%   0.478 GU:3    --:3    +
   40    49  0   0.0%   0.001 UA:3    --:3    +
   42    63  0   0.0%   0.035 AU:3    --:3    +
    8   153  1   0.0%   0.018 UG:1    AU:4    +
   47   105  0   0.0%   0.056 AU:3    --:3    +
    7    41  0   0.0%   0.129 UA:3    --:3    +
   80   105  0   0.0%   1.032 GU:3    --:3    +
   35    77  0   0.0%   0.160 AU:6    +
   92   105  0   0.0%   0.207 AU:3    --:3    +
   63    83  0   0.0%   0.212 UG:3    --:3    +
   43    65  0   0.0%   0.021 UA:4    --:2    +
   76    81  0   0.0%   0.957 UG:3    --:3    +
   40   146  0   0.0%   0.369 UA:3    --:3    +
   39    62  0   0.0%   0.001 UA:3    --:3    +
   69    90  0   0.0%   0.108 UA:5    --:1    +
   34    81  0   0.0%   0.109 UG:3    --:3    +
    1    47  0   0.0%   0.012 UA:6    +
   52    88  0   0.0%   0.132 GU:3    --:3    +
   67    90  0   0.0%   0.188 UA:6    +
   41    60  0   0.0%   0.014 AU:3    --:3    +
   34   101  1   0.0%   0.052 AU:2    UA:3    +
   43    81  0   0.0%   0.872 UG:3    --:3    +
   61    76  0   0.0%   0.516 AU:3    --:3    +
   58    81  0   0.0%   0.495 UG:3    --:3    +
   47    58  0   0.0%   0.001 AU:6    +
   40    55  0   0.0%   0.001 UA:3    --:3    +
   41    69  0   0.0%   0.014 AU:3    --:3    +
   71    89  1   0.0%   0.076 GU:2    UG:3    +
   41   106  0   0.0%   0.246 AU:3    --:3    +
   67    92  0   0.0%   0.189 UA:6    +
   93   105  0   0.0%   0.448 GU:3    --:3    +
   62   105  0   0.0%   0.086 AU:3    --:3    +
   40    91  0   0.0%   0.347 UA:3    --:3    +
   61    69  0   0.0%   0.066 AU:3    --:3    +
   40    73  0   0.0%   0.002 UA:3    --:3    +
   40    84  0   0.0%   0.371 UG:3    --:3    +
    6    53  0   0.0%   0.135 GC:3    --:3    +
   71    81  0   0.0%   0.463 UG:3    --:3    +
   40    62  0   0.0%   0.001 UA:3    --:3    +
    4    55  0   0.0%   0.041 UA:6    +
    1    75  0   0.0%   0.012 UA:6    +
   41    45  0   0.0%   0.013 AU:3    --:3    +
   43    61  0   0.0%   0.021 UA:3    --:3    +
   63    68  0   0.0%   0.168 UG:3    --:3    +
   91   147  1   0.0%   0.237 GC:3    AU:2    +
   52    87  0   0.0%   0.113 GU:3    --:3    +
   35   105  0   0.0%   0.101 AU:3    --:3    +
   55    77  0   0.0%   0.693 AU:6    +
   65    69  0   0.0%   0.043 AU:4    --:2    +
  121   137  0   0.0%   0.274 CG:6    +
   69    82  0   0.0%   0.130 UA:3    --:3    +
   62    69  0   0.0%   0.109 AU:3    --:3    +
   40   101  0   0.0%   0.360 UA:3    --:3    +
   61   105  0   0.0%   0.046 AU:3    --:3    +
   45    95  0   0.0%   0.106 UG:6    +
   43    93  0   0.0%   0.482 UG:6    +
   40    98  0   0.0%   0.331 UA:3    --:3    +
   42    69  0   0.0%   0.035 AU:5    --:1    +
   71   149  1   0.0%   0.167 GC:2    UA:3    +
   34    41  0   0.0%   0.026 UA:3    --:3    +
    7    92  0   0.0%   0.173 UA:6    +
    7    94  0   0.0%   0.170 UA:6    +
    7    47  0   0.0%   0.116 UA:6    +
   69    81  0   0.0%   0.499 UG:3    --:3    +
   72   105  0   0.0%   0.045 AU:3    --:3    +
    4    95  0   0.0%   0.239 UG:6    +
   46    81  0   0.0%   0.457 CG:3    --:3    +
    8   105  0   0.0%   0.014 AU:3    --:3    +
   40    47  0   0.0%   0.001 UA:3    --:3    +
   62   107  0   0.0%   0.084 AU:3    --:3    +
   53    79  0   0.0%   0.843 CG:3    --:3    +
   47    87  0   0.0%   0.053 AU:6    +
   40    68  0   0.0%   0.001 UG:3    --:3    +
    7    81  0   0.0%   0.236 UG:3    --:3    +
   40    72  0   0.0%   0.002 UA:3    --:3    +
   17    28  0   0.0%   0.352 GU:6    +
   62   106  0   0.0%   0.088 AU:3    --:3    +
   39    61  0   0.0%   0.001 UA:3    --:3    +
   40   103  0   0.0%   0.335 UA:3    --:3    +
   45    52  0   0.0%   0.002 UG:3    --:3    +
   37    52  0   0.0%   0.169 CG:3    --:3    +
   45    82  0   0.0%   0.121 UA:3    --:3    +
   15    19  1   0.0%   0.000 CG:3    UA:2    +
   41   104  0   0.0%   0.250 AU:3    --:3    +
   67    82  0   0.0%   0.211 UA:3    --:3    +
    4     8  1   0.0%   0.000 UG:1    UA:4    +
   62    71  0   0.0%   0.103 AU:3    --:3    +
   51    77  0   0.0%   0.606 AU:6    +
    2    61  0   0.0%   0.013 UA:3    --:3    +
   40    70  0   0.0%   0.002 UG:3    --:3    +
   40    92  0   0.0%   0.345 UA:3    --:3    +
   47    63  0   0.0%   0.018 AU:3    --:3    +
   35    45  0   0.0%   0.099 AU:6    +
    7    55  0   0.0%   0.116 UA:6    +
   61   106  0   0.0%   0.048 AU:3    --:3    +
    4    93  0   0.0%   0.214 UG:6    +
   41    63  0   0.0%   0.014 AU:3    --:3    +
    3   151  2   0.3%   0.277 CG:3    AU:1    +
   99   151  2   0.3%   0.601 CG:3    GC:1    +
   79    99  2   0.2%   0.960 GC:3    UG:1    +
  101   150  3   0.7%   0.453 AU:3    +
  122   132  3   0.6%   0.103 GC:3    +
    6    99  2   0.2%   0.252 GC:3    UG:1    +
   80   101  3   0.6%   1.217 GU:3    +
   77   148  3   0.6%   0.866 UA:3    +
   48    59  3   0.3%   0.057 UG:1    UA:2    +
   69   101  2   0.5%   0.184 UA:3    --:1    +
  104   148  3   0.6%   0.374 UA:3    +
   71    99  3   0.3%   0.097 GU:2    UG:1    +
   75   150  3   0.5%   0.646 AU:3    +
   83    99  2   0.1%   0.529 GC:3    UG:1    +
  126   130  2   0.1%   0.022 AU:1    UA:3    +
    7    36  2   0.4%   0.175 UA:4    +
    4    88  3   0.2%   0.223 UG:1    UA:2    +
   88    98  2   0.0%   0.312 GU:1    UA:3    +
   80    96  2   0.0%   0.803 GC:3    GU:1    +
   74   151  3   0.4%   0.295 CG:3    +
  104   151  2   0.0%   0.992 UG:3    AU:1    +
   98   150  2   0.0%   0.155 GC:1    AU:3    +
   84   152  2   0.0%   0.361 GC:3    AU:1    +
   98   104  2   0.0%   0.107 AU:3    UA:1    +
    2    98  2   0.0%   0.185 CG:1    UA:3    +
    8   150  2   0.0%   0.112 GC:1    AU:3    +
   97   151  2   0.0%   0.409 CG:3    AU:1    +
   74    80  2   0.0%   0.829 CG:3    UG:1    +
   36   153  2   0.0%   0.046 CG:1    AU:3    +
   74    93  2   0.0%   0.088 CG:3    UG:1    +
   70    74  2   0.0%   0.065 GC:3    AU:1    +
  122   126  2   0.0%   0.003 GU:3    UA:1    +
   71    78  2   0.0%   0.873 UG:1    UA:3    +
   74    95  2   0.0%   0.076 CG:3    UG:1    +
   79   152  2   0.0%   1.096 GC:3    UG:1    +
   83   152  2   0.0%   0.374 GC:3    UG:1    +
   98   106  2   0.0%   0.027 UG:1    AU:3    +
   74    84  2   0.0%   0.112 CG:3    UA:1    +
  125   131  2   0.0%   0.015 GU:3    UG:1    +
   76    98  2   0.0%   0.531 GU:1    UA:3    +
   18    27  2   0.0%   0.919 CG:1    UG:3    +
   89    99  2   0.0%   0.408 GC:3    UG:1    +
   71    85  2   0.0%   0.067 UG:1    UA:3    +
  146   153  2   0.0%   0.513 GU:1    AU:3    +
   34    84  2   0.0%   0.064 UG:3    UA:1    +
   70    96  2   0.0%   0.027 GC:3    AU:1    +
    9    34  2   0.0%   0.015 AU:3    UA:1    +
   78   153  2   0.0%   0.968 GU:1    AU:3    +
    2     8  2   0.0%   0.001 CG:1    UA:3    +
   85   147  2   0.0%   0.223 GC:2    AU:2    +
   46   151  2   0.0%   0.219 CG:3    AU:1    +
   88   148  2   0.0%   0.509 GC:1    UA:3    +
   50    98  2   0.0%   0.080 GU:1    UA:3    +
   36    76  2   0.0%   0.078 CG:1    AU:3    +
   70   152  2   0.0%   0.082 GC:3    AU:1    +
   34    85  2   0.0%   0.054 UG:1    UA:3    +
  120   126  2   0.0%   0.000 GU:3    UA:1    +
   34   151  2   0.0%   0.185 UG:3    AU:1    +
   89   152  2   0.0%   0.124 GC:3    UG:1    +
   98   107  2   0.0%   0.019 AU:3    UA:1    +
   38    85  2   0.0%   0.906 CG:2    UA:2    +
   68   152  2   0.0%   0.136 GC:3    UG:1    +
   71    84  2   0.0%   0.087 UG:3    UA:1    +
   59   149  2   0.0%   0.209 GC:1    UA:3    +
   59   148  2   0.0%   0.247 GC:1    UA:3    +
   84   153  2   0.0%   0.330 GU:3    AU:1    +
   34    78  2   0.0%   0.100 UG:1    UA:3    +
   33    84  2   0.0%   0.051 UG:3    UA:1    +
    8   104  2   0.0%   0.021 AU:3    UA:1    +
    8    88  2   0.0%   0.036 AU:3    UA:1    +
    2    73  2   0.0%   0.013 CG:1    UA:3    +
   16    24  3   0.4%   0.068 AU:3    +
    5   150  3   0.4%   0.556 GC:3    +
   18    22  3   0.4%   0.068 UA:3    +
   75   104  3   0.4%   0.545 AU:3    +
   56    65  1   0.1%   0.172 UA:3    --:2    +
   56    60  3   0.4%   0.203 GU:3    +
   50    57  3   0.3%   0.061 GC:3    +
   49    58  3   0.3%   0.059 AU:3    +
   88   103  3   0.3%   0.453 UA:3    +
    3    43  3   0.3%   0.057 AU:3    +
   85   101  3   0.1%   0.246 GU:2    AU:1    +
    6   146  3   0.3%   0.334 UG:3    +
   90   101  3   0.3%   0.297 AU:3    +
   85   100  3   0.1%   0.421 GU:2    AU:1    +
   48    88  3   0.0%   0.083 UG:1    UA:2    +
   58    66  3   0.0%   0.097 UG:2    UA:1    +
   44    76  3   0.0%   0.641 UG:2    UA:1    +
   39    94  1   0.0%   0.699 UA:3    --:2    +
   65    88  1   0.0%   0.093 AU:3    --:2    +
  122   134  3   0.3%   0.579 UA:3    +
   85   151  3   0.0%   0.259 GC:2    AU:1    +
   59    65  1   0.0%   0.063 UA:3    --:2    +
   44    73  3   0.0%   0.008 UG:1    UA:2    +
    4    76  3   0.0%   0.045 UG:2    UA:1    +
    6    38  3   0.0%   0.253 GC:1    GU:2    +
   60    66  3   0.0%   0.212 UG:2    UA:1    +
  146   151  3   0.0%   1.061 GC:2    GU:1    +
   98   147  3   0.0%   0.191 GC:1    AU:2    +
   66    74  3   0.0%   0.065 GC:2    UA:1    +
   66    87  3   0.0%   0.126 GU:2    AU:1    +
  147   151  3   0.0%   1.060 CG:1    UG:2    +
   68    85  3   0.0%   0.121 UG:2    UA:1    +
    5    93  3   0.3%   0.336 CG:3    +
  125   132  1   0.0%   0.045 GC:5    +
   51    56  3   0.3%   0.049 AU:3    +
   60    88  3   0.0%   0.208 UG:1    UA:2    +
   77    88  3   0.0%   0.591 UG:1    UA:2    +
   87   104  3   0.3%   0.361 UA:3    +
   80   151  3   0.0%   1.217 GC:2    GU:1    +
    6    39  1   0.0%   0.135 GU:3    --:2    +
   79   147  3   0.0%   1.232 GC:1    GU:2    +
   88   100  3   0.0%   0.664 GU:1    AU:2    +
   65   106  1   0.0%   0.063 AU:3    --:2    +
    8   147  3   0.0%   0.152 GC:1    AU:2    +
   59    67  3   0.0%   0.153 GU:1    AU:2    +
   39    75  1   0.0%   0.026 UA:3    --:2    +
    6    85  3   0.0%   0.215 UG:2    UA:1    +
   39    55  1   0.0%   0.002 UA:3    --:2    +
   66    99  3   0.0%   0.122 CG:1    GC:2    +
   39    49  1   0.0%   0.002 UA:3    --:2    +
   39   149  1   0.0%   0.797 UA:3    --:2    +
   73    83  3   0.0%   0.167 GU:1    AU:2    +
   50    65  1   0.0%   0.028 UA:3    --:2    +
   59    77  3   0.0%   0.564 GU:1    AU:2    +
   91   151  3   0.0%   0.270 GC:2    GU:1    +
   66    78  3   0.0%   0.949 CG:2    UG:1    +
   39    92  1   0.0%   0.695 UA:3    --:2    +
   54    85  3   0.0%   0.130 UG:2    UA:1    +
   49    73  3   0.0%   0.104 UG:1    UA:2    +
   39    90  1   0.0%   0.696 UA:3    --:2    +
   93   151  3   0.0%   0.630 GC:2    GU:1    +
   39   148  1   0.0%   0.837 UA:3    --:2    +
   43    59  3   0.0%   0.021 UG:1    UA:2    +
   38   151  3   0.0%   1.041 CG:1    UG:2    +
   89   147  3   0.0%   0.258 GC:1    GU:2    +
   39   151  1   0.0%   0.845 UG:3    --:2    +
   43    66  3   0.0%   0.021 UG:2    UA:1    +
   45    76  3   0.0%   0.536 UG:2    UA:1    +
   38    83  3   0.0%   0.926 CG:1    UG:2    +
   73    79  3   0.0%   0.952 GU:1    AU:2    +
   78   151  3   0.0%   1.163 GC:2    GU:1    +
   76   100  3   0.0%   0.585 GU:2    AU:1    +
   49    85  3   0.0%   0.087 UG:2    UA:1    +
   48    76  3   0.0%   0.516 UG:2    UA:1    +
   83   147  3   0.0%   0.509 GC:1    GU:2    +
   39    68  1   0.0%   0.001 UG:3    --:2    +
   79    85  3   0.0%   0.909 UG:2    UA:1    +
   39    84  1   0.0%   0.720 UG:3    --:2    +
   66    91  3   0.0%   0.150 CG:2    UG:1    +
   65   150  1   0.0%   0.158 AU:3    --:2    +
   85    89  3   0.0%   0.101 GU:2    AU:1    +
  121   125  1   0.0%   0.000 CG:5    +
   65   104  1   0.0%   0.060 AU:3    --:2    +
   38    98  3   0.0%   0.878 CG:1    UA:2    +
   39    51  1   0.0%   0.001 UA:3    --:2    +
   84   147  3   0.0%   0.490 GC:1    GU:2    +
   39    98  1   0.0%   0.682 UA:3    --:2    +
   66    80  3   0.0%   0.880 CG:2    UG:1    +
   76    87  3   0.0%   0.542 GU:2    AU:1    +
   39    73  1   0.0%   0.002 UA:3    --:2    +
   66    77  3   0.0%   0.642 GU:2    AU:1    +
   45    88  3   0.0%   0.088 UG:1    UA:2    +
   65    76  1   0.0%   0.493 AU:3    --:2    +
   39   101  1   0.0%   0.711 UA:3    --:2    +
   38    73  3   0.0%   0.120 CG:1    UA:2    +
   66    93  3   0.0%   0.139 CG:2    UG:1    +
   35    39  1   0.0%   0.099 AU:3    --:2    +
   60    76  3   0.0%   0.626 UG:2    UA:1    +
   39   103  1   0.0%   0.686 UA:3    --:2    +
   39   145  1   0.0%   0.676 UA:3    --:2    +
   46    66  3   0.0%   0.001 CG:2    AU:1    +
   67    76  3   0.0%   0.653 UG:2    UA:1    +
    1    76  3   0.0%   0.012 UG:2    UA:1    +
   39    72  1   0.0%   0.002 UA:3    --:2    +
   48    85  3   0.0%   0.081 UG:2    UA:1    +
   68    73  3   0.0%   0.099 UG:1    UA:2    +
   39    54  1   0.0%   0.001 UA:3    --:2    +
   38    68  3   0.0%   0.119 CG:1    UG:2    +
   39    83  1   0.0%   0.730 UG:3    --:2    +
    7    76  3   0.0%   0.179 UG:2    UA:1    +
   45    59  3   0.0%   0.002 UG:1    UA:2    +
    2   101  3   0.2%   0.225 UA:3    +
    4    36  2   0.2%   0.036 UA:4    +
    4   151  3   0.2%   0.457 UG:3    +
    3    95  3   0.2%   0.224 CG:3    +
   91   100  3   0.2%   0.464 GU:3    +
    2    90  3   0.2%   0.188 UA:3    +
    7   149  3   0.2%   0.324 UA:3    +
    3   100  3   0.2%   0.231 AU:3    +
    6    92  3   0.2%   0.244 UA:3    +
    1   102  3   0.2%   0.175 UA:3    +
   44    91  3   0.2%   0.227 UG:3    +
   79   146  3   0.2%   1.132 UG:3    +
    5   149  3   0.2%   0.609 GC:3    +
    5    87  3   0.2%   0.293 GU:3    +
   54    60  3   0.2%   0.076 AU:3    +
   55    83  3   0.2%   0.273 AU:3    +
   94   101  3   0.1%   0.357 AU:3    +
    6    86  3   0.1%   0.206 GC:3    +
    5   100  3   0.1%   0.340 GU:3    +
    7   101  3   0.1%   0.209 UA:3    +
    2   151  3   0.1%   0.253 UG:3    +
  118   138  3   0.1%   0.335 AU:3    +
   93   102  3   0.1%   0.650 GC:3    +
   59    91  3   0.1%   0.140 UA:3    +
    6   100  3   0.1%   0.272 GC:3    +
   47    88  3   0.1%   0.091 AU:3    +
   56    94  3   0.1%   0.279 UA:3    +
   51   100  3   0.1%   0.156 AU:3    +
   49   102  3   0.1%   0.114 UA:3    +
   78   100  3   0.1%   0.942 GU:3    +
   54    69  2   0.0%   0.111 AU:3    --:1    +
   58    79  3   0.1%   0.898 UG:3    +
   94   153  2   0.0%   0.139 AU:4    +
    1    36  2   0.0%   0.005 UA:4    +
   64    80  2   0.0%   0.834 CG:4    +
    4   101  3   0.1%   0.261 UA:3    +
   84   102  3   0.1%   0.511 GC:3    +
   20    27  2   0.0%   0.068 CG:4    +
  103   153  2   0.0%   0.446 AU:4    +
   51   153  2   0.0%   0.114 AU:4    +
   36    43  2   0.0%   0.057 AU:4    +
    7   151  3   0.1%   0.371 UG:3    +
   71    95  2   0.0%   0.051 UG:4    +
   34    73  2   0.0%   0.014 UA:4    +
   51    71  2   0.0%   0.114 AU:4    +
   71    80  2   0.0%   0.804 UG:4    +
   83   103  3   0.1%   0.446 UA:3    +
   92   153  2   0.0%   0.194 AU:4    +
   35   153  2   0.0%   0.103 AU:4    +
   36    77  2   0.0%   0.099 AU:4    +
   69    83  2   0.0%   0.134 UG:3    --:1    +
   37    83  3   0.1%   0.997 CG:3    +
   36    87  2   0.0%   0.049 AU:4    +
   42   153  2   0.0%   0.485 AU:4    +
   36    45  2   0.0%   0.037 AU:4    +
   80   153  2   0.0%   1.023 GU:4    +
   33    85  2   0.0%   0.042 UA:4    +
   71    94  2   0.0%   0.062 UA:4    +
   42    71  2   0.0%   0.036 AU:4    +
   75   153  2   0.0%   0.496 AU:4    +
   69   151  2   0.0%   0.260 UG:3    --:1    +
   95   153  2   0.0%   0.121 GU:4    +
    1     9  2   0.0%   0.001 UA:4    +
   71    75  2   0.0%   0.460 UA:4    +
   85   153  2   0.0%   0.063 AU:4    +
   36    58  2   0.0%   0.037 AU:4    +
   84   101  3   0.1%   0.501 AU:3    +
   54    84  3   0.1%   0.152 UA:3    +
   56    86  3   0.1%   0.253 GC:3    +
   55    59  3   0.1%   0.059 AU:3    +
   50    86  3   0.1%   0.087 GC:3    +
    5   101  3   0.1%   0.347 GU:3    +
  120   133  3   0.1%   0.022 UA:3    +
    2   148  3   0.1%   0.231 UA:3    +
   77   101  3   0.1%   0.638 UA:3    +
  123   131  3   0.1%   0.016 GU:3    +
   80   102  3   0.1%   1.187 GC:3    +
   59    78  3   0.1%   0.902 UA:3    +
   49    87  3   0.1%   0.070 AU:3    +
   48   103  3   0.1%   0.075 UA:3    +
   79    87  3   0.1%   0.905 GU:3    +
  106   150  3   0.1%   1.227 GC:3    +
   49    67  3   0.1%   0.034 AU:3    +
    6    35  3   0.1%   0.015 UA:3    +
   88    92  3   0.1%   0.243 UA:3    +
    2   149  3   0.0%   0.234 UA:3    +
   79   103  3   0.0%   1.150 UA:3    +
   48    68  3   0.0%   0.031 CG:3    +
  104   146  3   0.0%   0.158 UA:3    +
   78    89  3   0.0%   0.917 GU:3    +
    4   102  3   0.0%   0.254 UA:3    +
   89    93  3   0.0%   0.477 UG:3    +
   46    70  3   0.0%   0.013 CG:3    +
    1   149  3   0.0%   0.170 UA:3    +
  119   133  3   0.0%   0.012 CG:3    +
   47   104  3   0.0%   0.071 AU:3    +
    2   103  3   0.0%   0.206 UA:3    +
   78   104  3   0.0%   0.998 AU:3    +
    1   151  3   0.0%   0.172 UG:3    +
    3    77  3   0.0%   0.028 AU:3    +
  120   135  3   0.0%   0.597 UG:3    +
    1   104  3   0.0%   0.161 UA:3    +
    3    84  3   0.0%   0.210 CG:3    +
   46    93  3   0.0%   0.077 CG:3    +
   76    91  3   0.0%   0.573 UA:3    +
    2   106  3   0.0%   0.205 CG:3    +
    2    36  3   0.0%   0.009 UA:3    +
  121   127  3   0.0%   0.007 CG:3    +
  119   129  3   0.0%   0.007 CG:3    +
  120   132  3   0.0%   0.009 GC:3    +
    1   148  3   0.0%   0.164 UA:3    +
   92   101  3   0.0%   0.399 AU:3    +
   51    68  3   0.0%   0.128 AU:3    +
  121   131  3   0.0%   0.010 CG:3    +
   44   102  3   0.0%   0.225 UA:3    +
    1    79  3   0.0%   0.018 UG:3    +
    4   104  3   0.0%   0.247 UA:3    +
   92   100  3   0.0%   0.573 AU:3    +
   78    88  3   0.0%   0.903 AU:3    +
   49   150  3   0.0%   0.164 AU:3    +
    3    93  3   0.0%   0.187 CG:3    +
   42   104  3   0.0%   0.493 AU:3    +
    3   145  3   0.0%   0.213 AU:3    +
  117   137  3   0.0%   0.013 CG:3    +
   96   151  3   0.0%   0.378 CG:3    +
  121   129  3   0.0%   0.010 CG:3    +
   51    72  3   0.0%   0.126 AU:3    +
   54    67  3   0.0%   0.151 AU:3    +
   44    79  3   0.0%   1.005 CG:3    +
   46    77  3   0.0%   0.542 AU:3    +
   88    94  3   0.0%   0.408 UA:3    +
   45   101  3   0.0%   0.123 UA:3    +
   48   151  3   0.0%   0.228 CG:3    +
   86   106  3   0.0%   0.245 CG:3    +
   55    68  3   0.0%   0.221 AU:3    +
   47    76  3   0.0%   0.520 AU:3    +
   50    73  3   0.0%   0.122 UA:3    +
   51    89  3   0.0%   0.146 AU:3    +
    4    83  3   0.0%   0.228 UG:3    +
   89   100  3   0.0%   0.440 GC:3    +
   50    90  3   0.0%   0.110 UA:3    +
   48    89  3   0.0%   0.088 CG:3    +
   48    75  3   0.0%   0.441 UA:3    +
  107   148  3   0.0%   0.717 UA:3    +
    2    94  3   0.0%   0.184 UA:3    +
    1    97  3   0.0%   0.140 UA:3    +
   49    91  3   0.0%   0.094 UG:3    +
   54    58  3   0.0%   0.031 AU:3    +
    6    80  3   0.0%   0.266 UG:3    +
    3   101  3   0.0%   0.225 AU:3    +
   87   102  3   0.0%   0.431 UA:3    +
   46   100  3   0.0%   0.080 AU:3    +
   42    79  3   0.0%   1.316 AU:3    +
    5    84  3   0.0%   0.312 CG:3    +
  100   106  3   0.0%   0.412 UG:3    +
   49    92  3   0.0%   0.095 UA:3    +
   91   101  3   0.0%   0.276 GU:3    +
   45    72  3   0.0%   0.007 UA:3    +
   70    83  3   0.0%   0.102 AU:3    +
   36   150  3   0.0%   0.137 AU:3    +
   77    89  3   0.0%   0.600 UG:3    +
  100   104  3   0.0%   0.491 UA:3    +
    6   103  3   0.0%   0.265 UA:3    +
   35    83  3   0.0%   0.155 AU:3    +
   50    91  3   0.0%   0.111 UA:3    +
    1   101  3   0.0%   0.142 UA:3    +
   94   100  3   0.0%   0.510 AU:3    +
   48    92  3   0.0%   0.085 UA:3    +
   50    87  3   0.0%   0.085 GU:3    +
   77   104  3   0.0%   0.674 UA:3    +
   37    70  3   0.0%   0.171 CG:3    +
   80    97  3   0.0%   0.805 GC:3    +
   37    78  3   0.0%   0.259 CG:3    +
   71    98  3   0.0%   0.036 UA:3    +
   56    67  3   0.0%   0.303 GU:3    +
   59    93  3   0.0%   0.123 UG:3    +
   75    79  3   0.0%   1.306 AU:3    +
   51    59  3   0.0%   0.042 AU:3    +
    7   148  3   0.0%   0.339 UA:3    +
    1     6  3   0.0%   0.003 UG:3    +
   79    86  3   0.0%   0.892 GC:3    +
   57    68  3   0.0%   0.065 CG:3    +
   46    54  3   0.0%   0.003 AU:3    +
   83    95  3   0.0%   0.108 UG:3    +
    1    83  3   0.0%   0.079 UG:3    +
    1     5  3   0.0%   0.002 UG:3    +
   44    50  3   0.0%   0.004 UG:3    +
    2    42  3   0.0%   0.021 UA:3    +
   78   148  3   0.0%   1.157 GC:3    +
   57    91  3   0.0%   0.087 CG:3    +
   35    72  3   0.0%   0.100 AU:3    +
   95   102  3   0.0%   0.325 GC:3    +
    2     6  3   0.0%   0.002 UG:3    +
   77   151  3   0.0%   0.843 UG:3    +
   70    79  3   0.0%   0.887 AU:3    +
    2    92  3   0.0%   0.184 UA:3    +
   50    67  3   0.0%   0.039 GU:3    +
   76    90  3   0.0%   0.566 UA:3    +
   37   151  3   0.0%   1.106 CG:3    +
   91   104  3   0.0%   0.154 AU:3    +
   75    83  3   0.0%   0.518 AU:3    +
   56    92  3   0.0%   0.265 UA:3    +
   72    97  3   0.0%   0.036 UA:3    +
   44    56  3   0.0%   0.004 UG:3    +
    5    80  3   0.0%   0.308 CG:3    +
   54    97  3   0.0%   0.100 UA:3    +
   42    49  3   0.0%   0.036 AU:3    +
   57    84  3   0.0%   0.104 CG:3    +
  107   149  3   0.0%   0.624 UA:3    +
    6    78  3   0.0%   0.263 UG:3    +
   77   149  3   0.0%   0.799 UA:3    +
  101   146  3   0.0%   0.281 UG:3    +
   72    94  3   0.0%   0.069 UA:3    +
   68    86  3   0.0%   0.102 GC:3    +
    3    48  3   0.0%   0.020 AU:3    +
   54   150  3   0.0%   0.195 AU:3    +
   54    94  3   0.0%   0.125 UA:3    +
    2   145  3   0.0%   0.201 UA:3    +
   47    89  3   0.0%   0.092 AU:3    +
   58    83  3   0.0%   0.128 UG:3    +
   72    77  3   0.0%   0.572 AU:3    +
    2    49  3   0.0%   0.013 UA:3    +
   93   101  3   0.0%   0.630 GU:3    +
    5    86  3   0.0%   0.262 GC:3    +
   89    94  3   0.0%   0.179 UA:3    +
   76    94  3   0.0%   0.560 UA:3    +
    6    90  3   0.0%   0.222 UA:3    +
   59    84  3   0.0%   0.136 UG:3    +
   88    95  3   0.0%   0.390 UG:3    +
    2    35  3   0.0%   0.002 UA:3    +
    4   143  3   0.0%   0.242 UA:3    +
   64    84  3   0.0%   0.116 CG:3    +
    3   144  3   0.0%   0.208 CG:3    +
   70    86  3   0.0%   0.049 GC:3    +
   93    97  3   0.0%   0.614 GC:3    +
   46    60  3   0.0%   0.002 AU:3    +
   72    84  3   0.0%   0.094 UA:3    +
    6    44  3   0.0%   0.135 GC:3    +
    2    50  3   0.0%   0.013 CG:3    +
   76    93  3   0.0%   0.560 UG:3    +
   77   106  3   0.0%   0.618 UG:3    +
   38    50  3   0.0%   0.120 CG:3    +
   87   101  3   0.0%   0.430 UA:3    +
   37    84  3   0.0%   0.982 CG:3    +
   44   151  3   0.0%   0.357 CG:3    +
   83    90  3   0.0%   0.131 UA:3    +
   60    79  3   0.0%   1.016 UG:3    +
   86    91  3   0.0%   0.085 CG:3    +
   79    90  3   0.0%   0.927 UA:3    +
   57    83  3   0.0%   0.116 CG:3    +
   55   150  3   0.0%   0.298 AU:3    +
    1   106  3   0.0%   0.157 UG:3    +
  123   128  3   0.0%   0.005 GC:3    +
    7   145  3   0.0%   0.169 UA:3    +
   92   150  3   0.0%   0.316 AU:3    +
   47    59  3   0.0%   0.002 AU:3    +
   80   148  3   0.0%   1.211 GC:3    +
    3    44  3   0.0%   0.020 AU:3    +
   93   149  3   0.0%   0.585 GC:3    +
  100   146  3   0.0%   0.460 UG:3    +
    4   106  3   0.0%   0.244 UG:3    +
   84    89  3   0.0%   0.123 AU:3    +
   45    49  3   0.0%   0.002 UA:3    +
   38    56  3   0.0%   0.120 CG:3    +
    6    75  3   0.0%   0.137 UA:3    +
    3    80  3   0.0%   0.193 CG:3    +
  123   130  3   0.0%   0.001 GU:3    +
   35    44  3   0.0%   0.099 AU:3    +
  119   131  3   0.0%   0.003 CG:3    +
    2    83  3   0.0%   0.103 UG:3    +
    6    42  3   0.0%   0.168 UA:3    +
   50    60  3   0.0%   0.040 GU:3    +
    5    95  3   0.0%   0.316 CG:3    +
   75   106  3   0.0%   0.469 AU:3    +
   36   104  3   0.0%   0.047 AU:3    +
   42    48  3   0.0%   0.034 AU:3    +
   72    95  3   0.0%   0.057 UG:3    +
    1    50  3   0.0%   0.012 UG:3    +
   57    78  3   0.0%   0.861 CG:3    +
  100   107  3   0.0%   0.403 UA:3    +
   76    92  3   0.0%   0.569 UA:3    +
   72    78  3   0.0%   0.879 UG:3    +
   54    70  3   0.0%   0.105 UA:3    +
   44    78  3   0.0%   0.997 UG:3    +
   70   102  3   0.0%   0.122 GC:3    +
    3     7  3   0.0%   0.001 AU:3    +
   57    79  3   0.0%   0.865 CG:3    +
    5   145  3   0.0%   0.317 GU:3    +
   85   104  3   0.0%   0.124 AU:3    +
   94   150  3   0.0%   0.257 AU:3    +
   50    85  3   0.0%   0.103 UA:3    +
   50    58  3   0.0%   0.042 GU:3    +
    4    97  3   0.0%   0.225 UA:3    +
   95   149  3   0.0%   0.268 GC:3    +
   60    83  3   0.0%   0.239 UG:3    +
   44    51  3   0.0%   0.003 UA:3    +
    6    77  3   0.0%   0.236 GU:3    +
   49    94  3   0.0%   0.084 UA:3    +
    7   102  3   0.0%   0.199 UA:3    +
   47    72  3   0.0%   0.067 AU:3    +
    6    94  3   0.0%   0.229 UA:3    +
   50    92  3   0.0%   0.110 UA:3    +
   49    90  3   0.0%   0.090 UA:3    +
   48    91  3   0.0%   0.083 UG:3    +
    7   104  3   0.0%   0.174 UA:3    +
   68    84  3   0.0%   0.141 UA:3    +
   46    95  3   0.0%   0.071 CG:3    +
  123   129  3   0.0%   0.005 GU:3    +
   42   150  3   0.0%   0.578 AU:3    +
    3    49  3   0.0%   0.020 AU:3    +
   75   101  3   0.0%   0.514 AU:3    +
   45    54  3   0.0%   0.002 UA:3    +
   44    55  3   0.0%   0.003 UA:3    +
   49    60  3   0.0%   0.039 AU:3    +
   97   101  3   0.0%   0.421 AU:3    +
   80    89  3   0.0%   0.849 GU:3    +
   49    55  3   0.0%   0.003 UA:3    +
   83    94  3   0.0%   0.118 UA:3    +
   38   106  3   0.0%   0.874 CG:3    +
   85   107  3   0.0%   0.054 AU:3    +
    6    43  3   0.0%   0.154 GU:3    +
   45    83  3   0.0%   0.124 UG:3    +
   80   145  3   0.0%   1.019 GU:3    +
   76    95  3   0.0%   0.548 UG:3    +
   58    68  3   0.0%   0.076 UG:3    +
   43   149  3   0.0%   0.587 UA:3    +
   35   150  3   0.0%   0.196 AU:3    +
   90   104  3   0.0%   0.157 AU:3    +
   43   104  3   0.0%   0.474 UA:3    +
   49    93  3   0.0%   0.084 UG:3    +
   50    70  3   0.0%   0.080 UG:3    +
   79    92  3   0.0%   0.925 UA:3    +
   76    85  3   0.0%   0.559 UA:3    +
   42    83  3   0.0%   0.539 AU:3    +
   44   104  3   0.0%   0.196 UA:3    +
   87   149  3   0.0%   0.416 UA:3    +
    5    43  3   0.0%   0.179 GU:3    +
    4    79  3   0.0%   0.214 UG:3    +
   42    54  3   0.0%   0.034 AU:3    +
   50    55  3   0.0%   0.004 UA:3    +
   56    85  3   0.0%   0.260 UA:3    +
   85   106  3   0.0%   0.060 AU:3    +
   37   146  3   0.0%   0.980 CG:3    +
   83    92  3   0.0%   0.129 UA:3    +
   95   101  3   0.0%   0.330 GU:3    +
   48    55  3   0.0%   0.002 UA:3    +
  118   137  3   0.0%   0.277 CG:3    +
   92   104  3   0.0%   0.273 AU:3    +
   48    90  3   0.0%   0.083 UA:3    +
   42    56  3   0.0%   0.035 AU:3    +
   94   104  3   0.0%   0.214 AU:3    +
   78    83  3   0.0%   0.929 GU:3    +
    7    79  3   0.0%   0.229 UG:3    +
   84   106  3   0.0%   0.327 GU:3    +
   72    80  3   0.0%   0.811 UG:3    +
   44    97  3   0.0%   0.187 UA:3    +
    1    46  3   0.0%   0.012 UA:3    +
   47    56  3   0.0%   0.002 AU:3    +
   44   103  3   0.0%   0.200 UA:3    +
   80   104  3   0.0%   1.080 GU:3    +
   80   149  3   0.0%   1.173 GC:3    +
   77    97  3   0.0%   0.555 UA:3    +
   56   147  3   0.0%   0.372 GC:3    +
   45    50  3   0.0%   0.002 UG:3    +
   51   101  3   0.0%   0.156 AU:3    +
   83    87  3   0.0%   0.112 GU:3    +
    2    89  3   0.0%   0.149 UG:3    +
   56    84  3   0.0%   0.276 UG:3    +
    4   145  3   0.0%   0.243 UA:3    +
   51    83  3   0.0%   0.157 AU:3    +
   75    88  3   0.0%   0.486 AU:3    +
   78   149  3   0.0%   1.118 GC:3    +
   57   146  3   0.0%   0.101 CG:3    +
   86   146  3   0.0%   0.294 CG:3    +
   59    80  3   0.0%   0.847 UG:3    +
    2    54  3   0.0%   0.013 UA:3    +
   50    84  3   0.0%   0.113 UG:3    +
   95   104  3   0.0%   0.197 GU:3    +
   35   100  3   0.0%   0.130 AU:3    +
   78    86  3   0.0%   0.875 GC:3    +
   56    80  3   0.0%   0.963 UG:3    +
    1   107  3   0.0%   0.157 UA:3    +
   43   148  3   0.0%   0.627 UA:3    +
    1   145  3   0.0%   0.157 UA:3    +
   48    94  3   0.0%   0.076 UA:3    +
   80   106  3   0.0%   1.021 GU:3    +
   43    49  3   0.0%   0.021 UA:3    +
   51   150  3   0.0%   0.207 AU:3    +
    6    84  3   0.0%   0.227 UA:3    +
   44    89  3   0.0%   0.195 CG:3    +
   91   149  3   0.0%   0.224 GC:3    +
   42    50  3   0.0%   0.035 AU:3    +
   44    92  3   0.0%   0.213 UA:3    +
   64    70  3   0.0%   0.071 CG:3    +
    6    87  3   0.0%   0.197 GU:3    +
   45    79  3   0.0%   0.901 UG:3    +
   43    54  3   0.0%   0.021 UA:3    +
    7   106  3   0.0%   0.169 UG:3    +
   43   151  3   0.0%   0.635 UG:3    +
    5    45  3   0.0%   0.160 GU:3    +
   48   104  3   0.0%   0.065 UA:3    +
   14    24  3   0.0%   0.000 AU:3    +
   73   106  3   0.0%   0.095 AU:3    +
   73   104  3   0.0%   0.127 AU:3    +
   37   106  3   0.0%   0.938 CG:3    +
   90   100  3   0.0%   0.424 AU:3    +
   72    93  3   0.0%   0.068 UG:3    +
   79   150  3   0.0%   1.191 GU:3    +
   87    97  3   0.0%   0.439 UA:3    +
   47   150  3   0.0%   0.151 AU:3    +
    6    48  3   0.0%   0.135 GC:3    +
   90   150  3   0.0%   0.201 AU:3    +
   50    93  3   0.0%   0.100 UG:3    +
   83    91  3   0.0%   0.131 UG:3    +
   43    56  3   0.0%   0.021 UG:3    +
   89    95  3   0.0%   0.161 UG:3    +
    6    91  3   0.0%   0.216 UG:3    +
   48    56  3   0.0%   0.002 UG:3    +
   60    68  3   0.0%   0.188 UG:3    +
   17    30  3   0.0%   0.352 GU:3    +
   59    85  3   0.0%   0.115 UA:3    +
   36    88  3   0.0%   0.062 AU:3    +
   45   102  3   0.0%   0.120 UA:3    +
   78   106  3   0.0%   0.938 AU:3    +
   43    97  3   0.0%   0.465 UA:3    +
   68    91  3   0.0%   0.128 UG:3    +
    7    89  3   0.0%   0.171 UG:3    +
   49   103  3   0.0%   0.081 UA:3    +
   49    97  3   0.0%   0.058 UA:3    +
   49    75  3   0.0%   0.446 UA:3    +
   47    54  3   0.0%   0.002 AU:3    +
   42    68  3   0.0%   0.035 AU:3    +
  103   145  3   0.0%   0.123 AU:3    +
   35   101  3   0.0%   0.138 AU:3    +
   90   106  3   0.0%   0.079 AU:3    +
   42    59  3   0.0%   0.035 AU:3    +
   43    72  3   0.0%   0.022 UA:3    +
   70    89  3   0.0%   0.078 AU:3    +
  119   127  3   0.0%   0.000 CG:3    +
   46    80  3   0.0%   0.791 CG:3    +
   89   103  3   0.0%   0.208 UA:3    +
   72   150  3   0.0%   0.130 AU:3    +
   84    88  3   0.0%   0.117 GU:3    +
   84   104  3   0.0%   0.391 GU:3    +
   79    91  3   0.0%   0.926 UG:3    +
    2    79  3   0.0%   0.018 UG:3    +
    5    54  3   0.0%   0.160 GU:3    +
    4    46  3   0.0%   0.040 UA:3    +
   46   101  3   0.0%   0.086 AU:3    +
    5    44  3   0.0%   0.160 GU:3    +
   48    78  3   0.0%   0.874 UG:3    +
   76    80  3   0.0%   1.298 UG:3    +
    6    95  3   0.0%   0.224 UG:3    +
   56    78  3   0.0%   1.037 UA:3    +
   54    78  3   0.0%   0.918 UG:3    +
   54    80  3   0.0%   0.843 UG:3    +
   55    79  3   0.0%   1.021 AU:3    +
   47    79  3   0.0%   0.881 AU:3    +
  145   150  3   0.0%   0.511 AU:3    +
   68    77  3   0.0%   0.620 GU:3    +
   44    83  3   0.0%   0.226 CG:3    +
   43    79  3   0.0%   1.283 UG:3    +
  117   135  3   0.0%   0.000 CG:3    +
   57    70  3   0.0%   0.048 CG:3    +
    5    57  3   0.0%   0.160 GC:3    +
   93   104  3   0.0%   0.514 GU:3    +
   43    50  3   0.0%   0.021 UG:3    +
   80    88  3   0.0%   0.843 GU:3    +
    4    89  3   0.0%   0.210 UG:3    +
    3    45  3   0.0%   0.019 AU:3    +
   51    88  3   0.0%   0.137 AU:3    +
   42    72  3   0.0%   0.035 AU:3    +
    2    75  3   0.0%   0.013 UA:3    +
   45   104  3   0.0%   0.093 UA:3    +
   45   106  3   0.0%   0.087 UG:3    +
   50   150  3   0.0%   0.179 GC:3    +
   70   150  3   0.0%   0.150 GU:3    +
   43    68  3   0.0%   0.021 UG:3    +
   47   100  3   0.0%   0.083 AU:3    +
   75   100  3   0.0%   0.505 AU:3    +
   45   149  3   0.0%   0.206 UA:3    +
   50   103  3   0.0%   0.097 UA:3    +
    4   107  3   0.0%   0.241 UA:3    +
   45   148  3   0.0%   0.246 UA:3    +
    6    45  3   0.0%   0.135 GU:3    +
   83   150  3   0.0%   0.468 GU:3    +
   54    95  3   0.0%   0.121 UG:3    +
   49    77  3   0.0%   0.556 AU:3    +
   35    89  3   0.0%   0.128 AU:3    +
   57   151  3   0.0%   0.229 CG:3    +
   49    84  3   0.0%   0.097 UA:3    +
   45   151  3   0.0%   0.254 UG:3    +
    7    97  3   0.0%   0.153 UA:3    +
   60   148  3   0.0%   0.337 UA:3    +
   34   148  3   0.0%   0.177 UA:3    +
  102   145  3   0.0%   0.217 AU:3    +
   86   151  3   0.0%   0.438 CG:3    +
   44   106  3   0.0%   0.189 UG:3    +
   67    72  3   0.0%   0.128 UA:3    +
   35   104  3   0.0%   0.109 AU:3    +
   34   149  3   0.0%   0.137 UA:3    +
   56   150  3   0.0%   0.332 GC:3    +
   44    68  3   0.0%   0.003 CG:3    +
   83    93  3   0.0%   0.119 UG:3    +
    3    60  3   0.0%   0.020 AU:3    +
   47   101  3   0.0%   0.090 AU:3    +
   44   146  3   0.0%   0.231 UG:3    +
  127   132  3   0.0%   0.045 GC:3    +
   46    58  3   0.0%   0.001 AU:3    +
   84   150  3   0.0%   0.449 GU:3    +
   58   149  3   0.0%   0.196 UA:3    +
    7    83  3   0.0%   0.193 UG:3    +
   67    89  3   0.0%   0.192 UG:3    +
   50   147  3   0.0%   0.217 GC:3    +
   50    78  3   0.0%   0.896 UA:3    +
   87   106  3   0.0%   0.267 UG:3    +
   37    56  3   0.0%   0.169 CG:3    +
   93   148  3   0.0%   0.623 GC:3    +
    5    49  3   0.0%   0.161 GU:3    +
   42   101  3   0.0%   0.517 AU:3    +
   95   148  3   0.0%   0.305 GC:3    +
   92   106  3   0.0%   0.194 AU:3    +
   68    87  3   0.0%   0.104 GU:3    +
    6    51  3   0.0%   0.135 UA:3    +
   72    92  3   0.0%   0.079 UA:3    +
   45    56  3   0.0%   0.003 UG:3    +
   60    89  3   0.0%   0.212 UG:3    +
   68    75  3   0.0%   0.514 UA:3    +
   46    84  3   0.0%   0.082 CG:3    +
    6    47  3   0.0%   0.135 UA:3    +
   79    84  3   0.0%   0.931 UA:3    +
......(((((((((...........))))))))).(((((((.(((((((...............))))))).))))))).((.(((....)))))........(((((.(..(((.(((.((......)))))))).).))))).......
