6 sequence; length of alignment 164
alifold output
  118   126  0 100.0%   0.002 GC:2    GU:1    AU:3   
   47    83  0  99.1%   0.033 GC:1    GU:2    AU:3   
  117   127  0 100.0%   0.000 CG:3    UA:3   
   50    80  0 100.0%   0.001 GC:4    AU:2   
   51    79  0  99.9%   0.002 GC:2    AU:4   
   48    82  0 100.0%   0.001 GC:6   
   11    23  1 100.0%   0.001 CG:2    UA:3   
    9    25  0 100.0%   0.002 CG:6   
   49    81  0 100.0%   0.002 AU:6   
  113   131  0  99.9%   0.004 AU:6   
   13    21  0  99.7%   0.011 UA:6   
   12    22  2 100.0%   0.001 CG:3    UA:1   
   10    24  1 100.0%   0.001 CG:5   
  114   130  3  99.9%   0.002 CG:3   
  115   129  1  99.6%   0.011 AU:5   
  116   128  3  99.7%   0.010 AU:3   
  110   134  1  99.1%   0.027 GC:5   
  112   132  1  98.7%   0.039 GU:5   
   52    77  0  97.1%   0.166 GC:5    AU:1   
  119   125  0  97.9%   0.063 AU:6   
  106   138  0  97.7%   0.119 AU:6   
  105   139  2  97.8%   0.119 CG:1    UG:3   
  111   133  3  98.1%   0.057 AU:3   
   14    20  1  97.8%   0.068 UA:5   
  104   140  0  96.6%   0.125 UA:6   
    8    26  3  95.6%   0.141 UA:3   
  107   137  3  95.2%   0.189 UG:3   
  103   141  2  87.8%   0.414 AU:4   
   39    95  0  81.2%   0.870 CG:3    UG:3   
  120   124  3  82.3%   0.482 CG:2    UG:1   
  108   136  2  81.5%   0.546 UA:4   
   40    94  3  81.4%   0.705 CG:3   
   46    86  0  80.0%   0.588 AU:4    --:2   
    7    27  0  79.5%   0.581 UA:6   
   15    19  0  79.1%   0.556 AU:6   
   41    93  3  79.2%   0.845 UA:3   
   42    92  1  78.9%   0.795 UA:5   
   38    96  2  75.0%   0.953 GU:3    UA:1   
  145   162  1  73.1%   1.098 CG:5   
  147   160  1  72.5%   1.124 UA:5   
  146   161  3  72.3%   1.141 UG:2    UA:1   
   43    91  3  71.8%   1.075 UA:3   
  148   159  3  71.5%   1.113 GC:1    GU:2   
  149   158  0  70.0%   1.040 UG:1    UA:5   
   37    97  0  70.5%   1.057 UA:6   
  144   163  2  67.5%   1.099 UA:4   
   33   100  0  53.8%   1.260 GC:4    GU:2   
   34    99  0  50.6%   1.364 UG:4    UA:2   
  102   142  2  47.5%   1.254 UG:3    UA:1   
  143   164  0  39.3%   1.317 UG:1    UA:5   
   32   101  2  40.7%   1.183 AU:4   
   58    70  0  36.7%   1.177 UG:3    UA:2    --:1    +
   59    69  3  38.0%   1.175 CG:2    UG:1    +
   35    98  2  36.2%   1.422 UG:2    UA:2   
   57    71  0  33.3%   1.110 AU:5    --:1    +
   61    68  0  30.6%   1.139 AU:6    +
   44    90  3  29.6%   1.417 GU:1    AU:1    UA:1    +
   54    64  0  27.4%   1.064 CG:6   
   53    65  1  27.0%   1.063 UA:5   
   55    74  0  18.2%   1.326 AU:6    +
   55    63  3  16.8%   0.901 AU:3   
   63    70  0  14.8%   1.640 CG:3    UA:2    --:1    +
   56    73  3  15.9%   0.935 AU:3    +
   62    71  0  11.9%   1.310 AU:5    --:1    +
  147   162  0   9.2%   1.524 CG:1    UG:4    UA:1    +
    2    30  2   9.4%   0.667 CG:1    GC:1    UG:2    +
  149   160  0   9.3%   1.480 UA:6    +
  148   161  3   9.4%   1.565 GC:3    +
   33   153  0   7.4%   1.143 GC:5    GU:1    +
  146   163  0   8.4%   1.531 UA:6    +
    1    31  3   8.9%   0.655 GC:3    +
   93   146  0   7.1%   1.018 GU:2    AU:4    +
  150   159  3   8.5%   1.278 UA:3    +
   34   152  0   7.3%   1.168 UA:6    +
   94   145  0   7.1%   0.988 GC:6    +
   58    73  2   7.5%   1.331 AU:1    UA:3    +
    3    29  3   7.8%   0.599 AU:3    +
   59    72  2   7.2%   0.996 UG:1    UA:3    +
   92   147  1   7.1%   0.928 AU:5    +
   57    74  0   6.5%   1.226 AU:5    --:1    +
   91   148  3   7.0%   1.002 CG:3    +
   95   144  1   6.1%   0.879 GC:1    GU:4    +
   35   151  2   6.4%   1.160 UA:4    +
   64    69  3   6.2%   1.324 GC:1    GU:2    +
   32   154  2   5.9%   0.943 AU:2    UA:2    +
   44    88  2   5.8%   0.618 UG:1    AU:3    +
   90   149  2   5.4%   0.988 GU:2    AU:2    +
   98   146  0   3.7%   1.203 GU:3    AU:3    +
   28    33  0   4.3%   0.429 CG:6    +
   43    89  3   4.6%   0.509 UG:2    UA:1    +
   37    93  0   3.1%   0.348 UG:2    UA:4    +
   36   150  3   4.1%   0.669 AU:3    +
   27    34  0   3.3%   0.552 AU:6    +
   99   145  2   4.0%   1.302 GC:4    +
   61    71  0   3.1%   1.065 AU:5    --:1    +
   53    70  0   1.1%   0.501 CG:1    UG:2    UA:2    --:1    +
   34    98  0   1.8%   0.384 UG:3    UA:3    +
   97   147  1   3.2%   1.011 AU:5    +
   96   148  1   2.7%   0.846 CG:1    UG:4    +
    5    29  3   3.4%   0.559 AU:3    +
   99   143  0   1.4%   0.838 GU:4    AU:2    +
   39    99  0   0.4%   0.950 CG:3    UG:1    UA:2    +
   89   150  3   2.8%   0.642 GU:2    AU:1    +
   93   147  0   0.3%   0.883 GC:1    GU:1    AU:4    +
   36    94  3   3.0%   0.344 CG:3    +
   41    88  0   0.2%   0.047 UG:1    AU:3    UA:2    +
   38    92  3   2.9%   0.334 UA:3    +
   37    95  0   2.1%   0.469 UG:6    +
  142   147  0   0.1%   0.866 GC:1    GU:4    AU:1    +
   39    93  1   2.1%   0.461 CG:2    UA:3    +
   38   161  0   0.0%   0.517 GC:3    UG:2    UA:1    +
    8   162  0   0.0%   0.063 CG:1    UG:4    UA:1    +
  150   158  0   1.0%   0.735 UG:1    UA:5    +
  157   162  0   0.0%   0.599 CG:1    UG:4    UA:1    +
   44   135  0   0.0%   0.596 GU:1    AU:4    UA:1    +
    4   157  0   0.0%   0.037 GC:1    GU:1    AU:4    +
   52    63  0   0.0%   0.005 GC:3    GU:2    AU:1    +
   83    93  0   0.0%   0.406 CG:1    UG:1    UA:4    +
   99   147  0   0.0%   1.140 GC:1    GU:3    AU:2    +
   42    98  0   0.0%   0.820 CG:1    UG:2    UA:3    +
    4   147  0   0.0%   0.032 GC:1    GU:1    AU:4    +
  100   162  0   0.0%   0.591 CG:4    UG:1    UA:1    +
   52    59  0   0.0%   0.002 GC:2    GU:3    AU:1    +
    8    98  0   0.0%   0.051 CG:1    UG:2    UA:3    +
   87   105  0   0.0%   0.078 GC:1    GU:3    UA:2    +
   29    88  0   0.0%   0.360 UG:1    AU:3    UA:2    +
   39   142  0   0.0%   0.432 CG:3    UG:2    UA:1    +
   42   162  0   0.0%   0.348 CG:1    UG:4    UA:1    +
  142   157  0   0.0%   0.556 GC:1    GU:4    AU:1    +
   52    79  0   0.0%   0.110 GC:2    GU:3    AU:1    +
    8   142  0   0.0%   0.053 CG:1    UG:4    UA:1    +
   79    98  0   0.0%   0.500 CG:2    UG:1    UA:3    +
   42    47  0   0.0%   0.005 CG:1    UG:2    UA:3    +
   42    99  0   0.0%   0.867 CG:1    UG:3    UA:2    +
   31    99  2   2.6%   0.551 CG:4    +
   30   100  3   2.6%   0.549 GC:3    +
   39    91  3   2.4%   0.284 UA:3    +
   94   100  0   0.6%   0.932 GC:4    GU:2    +
   42    90  3   2.1%   0.289 UG:2    UA:1    +
   93   101  0   0.5%   0.954 GU:2    AU:4    +
   35    97  2   2.2%   0.403 UA:4    +
   36    96  3   2.2%   0.398 AU:3    +
   99   144  1   0.9%   0.952 GC:1    GU:2    AU:2    +
   62    68  0   1.4%   0.597 AU:6    +
   98   143  0   0.4%   0.647 GU:3    AU:3    +
  100   142  1   1.3%   0.728 CG:3    UG:2    +
  148   153  0   0.3%   0.636 GC:5    GU:1    +
   59    64  0   0.3%   0.407 CG:2    UG:4    +
  101   142  0   0.2%   0.660 UG:5    UA:1    +
   52    66  3   1.7%   0.212 GU:2    AU:1    +
   64    77  0   0.2%   0.625 GC:5    GU:1    +
   37    98  0   0.2%   0.968 UG:3    UA:3    +
   33   156  0   0.1%   0.820 GC:4    GU:2    +
  148   156  0   0.1%   0.441 GC:4    GU:2    +
   98   141  0   0.1%   0.557 GU:3    AU:3    +
   39    94  0   0.1%   0.398 CG:3    UG:3    +
   99   141  0   0.1%   0.613 GU:4    AU:2    +
   95   100  0   0.1%   0.864 GC:4    GU:2    +
  148   157  0   0.1%   0.405 GC:1    GU:5    +
  100   148  0   0.1%   0.906 CG:4    UG:2    +
   99   149  0   0.1%   1.059 GU:4    AU:2    +
   38    94  3   1.8%   0.469 UG:3    +
   98   150  0   0.1%   1.034 GU:3    AU:3    +
    6   164  0   0.1%   0.081 UG:1    UA:5    +
   93   149  0   0.1%   0.848 GU:2    AU:4    +
   95   147  0   0.1%   0.791 GC:1    GU:5    +
   47    86  0   0.0%   0.240 GU:3    AU:1    --:2    +
    4    34  0   0.0%   0.026 GU:2    AU:4    +
   33    42  0   0.0%   0.165 GC:1    GU:5    +
   94   156  0   0.0%   0.716 GC:4    GU:2    +
   39   148  0   0.0%   0.434 CG:3    UG:3    +
   37   162  0   0.0%   0.511 UG:5    UA:1    +
    4   143  0   0.0%   0.031 GU:2    AU:4    +
   42    94  0   0.0%   0.692 CG:1    UG:5    +
   95   153  0   0.0%   0.814 GC:5    GU:1    +
    7   162  0   0.0%   0.214 UG:5    UA:1    +
   99   138  0   0.0%   0.590 GU:4    AU:2    +
   37    99  0   0.0%   1.009 UG:4    UA:2    +
   43    93  0   0.0%   0.853 UG:2    UA:4    +
  143   158  0   0.0%   0.210 UG:1    UA:5    +
   99   146  0   0.0%   1.164 GU:4    AU:2    +
   93   150  0   0.0%   0.913 GU:2    AU:4    +
   33    39  0   0.0%   0.161 GC:3    GU:3    +
   98   149  0   0.0%   0.970 GU:3    AU:3    +
    6   142  0   0.0%   0.065 UG:5    UA:1    +
   42    95  0   0.0%   0.664 CG:1    UG:5    +
   95   156  0   0.0%   0.661 GC:4    GU:2    +
    4   146  0   0.0%   0.031 GU:2    AU:4    +
   70    76  0   0.0%   0.806 GU:3    AU:2    --:1    +
  104   142  0   0.0%   0.528 UG:5    UA:1    +
   94   157  0   0.0%   0.681 GC:1    GU:5    +
    4   101  0   0.0%   0.025 GU:2    AU:4    +
   94   153  0   0.0%   0.866 GC:5    GU:1    +
    7   164  0   0.0%   0.221 UG:1    UA:5    +
  139   156  0   0.0%   0.158 GC:4    GU:2    +
  157   164  0   0.0%   0.505 CG:1    UA:5    +
    4   149  0   0.0%   0.032 GU:2    AU:4    +
   37   142  0   0.0%   0.530 UG:5    UA:1    +
   47   146  0   0.0%   0.035 GU:3    AU:3    +
  146   164  0   0.0%   1.214 UG:1    UA:5    +
   52   141  0   0.0%   0.139 GU:5    AU:1    +
    4    86  0   0.0%   0.021 GU:2    AU:2    --:2    +
   50   143  0   0.0%   0.030 GU:4    AU:2    +
   98   104  0   0.0%   0.510 GU:3    AU:3    +
   88   102  1   0.0%   0.338 GU:1    UG:1    AU:2    UA:1    +
    6    99  0   0.0%   0.063 UG:4    UA:2    +
    7    98  0   0.0%   0.204 UG:3    UA:3    +
  146   162  0   0.0%   0.875 UG:5    UA:1    +
   34    93  0   0.0%   0.143 UG:2    UA:4    +
    4   150  0   0.0%   0.033 GU:2    AU:4    +
  100   139  0   0.0%   0.544 CG:4    UG:2    +
   29    38  0   0.0%   0.361 UG:3    AU:3    +
    6   162  0   0.0%   0.066 UG:5    UA:1    +
   99   104  0   0.0%   0.558 GU:4    AU:2    +
   98   107  0   0.0%   0.505 GU:3    AU:3    +
   55    68  0   1.0%   0.440 AU:6    +
  142   150  0   0.0%   0.821 GU:5    AU:1    +
  150   162  0   0.0%   1.059 UG:5    UA:1    +
    6   158  0   0.0%   0.063 UG:1    UA:5    +
  146   158  0   0.0%   0.393 UG:1    UA:5    +
   34   164  0   0.0%   0.804 UG:1    UA:5    +
  141   164  0   0.0%   0.219 UG:1    UA:5    +
   43   162  0   0.0%   0.496 UG:5    UA:1    +
   37   158  0   0.0%   0.492 UG:1    UA:5    +
    7    99  0   0.0%   0.208 UG:4    UA:2    +
    8    25  0   0.0%   0.001 CG:1    UG:5    +
    7   158  0   0.0%   0.206 UG:1    UA:5    +
   95   149  0   1.0%   0.895 GU:6    +
    4   141  0   0.0%   0.024 GU:2    AU:4    +
    6    98  0   0.0%   0.058 UG:3    UA:3    +
   37   164  0   0.0%   0.499 UG:1    UA:5    +
   70    74  0   0.0%   1.249 GU:3    AU:2    --:1    +
   43   158  0   0.0%   0.479 UG:1    UA:5    +
  100   110  0   0.0%   0.504 CG:4    UG:2    +
   86    93  0   0.0%   0.616 UG:2    UA:2    --:2    +
   52    68  0   0.0%   0.076 GU:5    AU:1    +
   52    74  0   0.0%   0.079 GU:5    AU:1    +
   34   158  0   0.0%   0.794 UG:1    UA:5    +
    7   142  0   0.0%   0.208 UG:5    UA:1    +
   70   107  0   0.0%   0.719 GU:3    AU:2    --:1    +
   13    22  0   0.0%   0.006 UG:3    UA:3    +
  139   147  0   0.0%   0.438 GC:1    GU:5    +
  118   125  0   0.0%   0.001 GU:3    AU:3    +
   94   147  0   0.0%   0.849 GC:1    GU:5    +
   53    64  0   0.0%   0.003 CG:1    UG:5    +
   90   155  1   0.0%   0.649 GC:1    GU:1    AU:1    UA:2    +
  142   149  0   0.0%   0.769 GU:5    AU:1    +
   42   148  0   0.0%   0.367 CG:1    UG:5    +
  141   158  0   0.0%   0.217 UG:1    UA:5    +
   86   158  0   0.0%   0.235 UG:1    UA:3    --:2    +
   51    68  0   0.0%   0.001 GU:2    AU:4    +
  139   153  0   0.0%   0.310 GC:5    GU:1    +
   33   157  0   0.0%   0.776 GC:1    GU:5    +
   37    47  0   0.0%   0.023 UG:3    UA:3    +
  149   164  0   0.0%   1.144 UG:1    UA:5    +
   99   107  0   0.0%   0.552 GU:4    AU:2    +
    7    93  0   0.0%   0.201 UG:2    UA:4    +
   34   142  0   0.0%   0.633 UG:5    UA:1    +
    6    93  0   0.0%   0.056 UG:2    UA:4    +
  139   157  0   0.0%   0.120 GC:1    GU:5    +
  101   164  0   0.0%   0.535 UG:1    UA:5    +
  138   158  0   0.0%   0.102 UG:1    UA:5    +
    4    43  0   0.0%   0.019 GU:2    AU:4    +
   39   139  0   0.0%   0.418 CG:3    UG:3    +
   43   142  0   0.0%   0.515 UG:5    UA:1    +
  143   162  0   0.0%   0.220 UG:5    UA:1    +
   83    94  0   0.0%   0.390 CG:1    UG:5    +
   90   159  1   0.0%   0.649 GC:1    GU:1    AU:1    UA:2    +
   86    90  0   0.0%   0.691 UG:2    UA:2    --:2    +
  149   162  0   0.0%   1.232 UG:5    UA:1    +
  142   146  0   0.0%   0.866 GU:5    AU:1    +
  107   142  0   0.0%   0.570 UG:5    UA:1    +
   51    74  0   0.0%   0.000 GU:2    AU:4    +
   34   162  0   0.0%   0.812 UG:5    UA:1    +
   51    81  0   0.0%   0.002 GU:2    AU:4    +
   43   164  0   0.0%   0.484 UG:1    UA:5    +
   48    77  0   0.0%   0.000 GC:5    GU:1    +
    8   139  0   0.0%   0.049 CG:1    UG:5    +
   33   147  0   0.0%   0.587 GC:1    GU:5    +
   86    98  0   0.0%   0.726 UG:1    UA:3    --:2    +
   77    95  0   0.0%   0.388 CG:5    UG:1    +
   79    94  0   0.0%   0.373 CG:2    UG:4    +
    4    37  0   0.0%   0.018 GU:2    AU:4    +
   80    95  0   0.0%   0.345 CG:4    UG:2    +
    4   107  0   0.0%   0.022 GU:2    AU:4    +
   51    59  0   0.0%   0.000 GC:2    AU:4    +
   42   139  0   0.0%   0.358 CG:1    UG:5    +
    4   138  0   0.0%   0.022 GU:2    AU:4    +
   43    98  0   0.0%   0.966 UG:3    UA:3    +
   98   138  0   0.0%   0.536 GU:3    AU:3    +
   34    52  0   0.0%   0.136 UG:5    UA:1    +
   80    99  0   0.0%   0.547 CG:4    UA:2    +
   48    83  0   0.0%   0.015 GC:1    GU:5    +
  150   164  0   0.0%   0.969 UG:1    UA:5    +
   93   104  0   0.0%   0.441 GU:2    AU:4    +
   99   150  0   0.0%   1.106 GU:4    AU:2    +
   81    98  0   0.0%   0.500 UG:3    UA:3    +
   93   107  0   0.0%   0.435 GU:2    AU:4    +
   77    94  0   0.0%   0.416 CG:5    UG:1    +
   93   143  0   0.0%   0.462 GU:2    AU:4    +
   48   147  0   0.0%   0.027 GC:1    GU:5    +
    4   104  0   0.0%   0.022 GU:2    AU:4    +
    8    95  0   0.0%   0.048 CG:1    UG:5    +
    8    94  0   0.0%   0.048 CG:1    UG:5    +
   95   157  0   0.0%   0.624 GC:1    GU:5    +
   48    53  0   0.0%   0.000 GC:1    GU:5    +
  138   162  0   0.0%   0.117 UG:5    UA:1    +
   43    47  0   0.0%   0.019 UG:3    UA:3    +
   97   143  0   1.0%   0.535 AU:6    +
  151   157  1   1.4%   0.492 AU:5    +
   29   101  3   1.7%   0.580 AU:3    +
   26    35  3   1.3%   0.229 AU:2    UA:1    +
   35    95  2   1.5%   0.281 UG:4    +
   88   151  3   1.5%   0.693 UA:3    +
   35    44  1   0.2%   0.105 UG:1    AU:1    UA:3    +
   94   150  0   0.7%   0.994 GU:6    +
    1   161  1   0.6%   0.345 CG:2    GC:3    +
   31   139  0   0.6%   0.442 CG:6    +
  143   152  0   0.6%   0.465 UA:6    +
  142   153  1   0.6%   0.808 GC:4    GU:1    +
   45    86  0   0.6%   0.125 AU:4    --:2    +
   96   142  1   0.1%   0.383 CG:1    UG:3    UA:1    +
   31   148  0   0.6%   0.483 CG:6    +
    2    99  1   0.1%   0.249 CG:2    UG:1    UA:2    +
  144   162  1   0.0%   0.307 CG:1    UG:3    UA:1    +
   87   159  1   0.0%   0.103 GC:1    GU:2    UA:2    +
   34   136  0   0.5%   0.644 UA:6    +
   38    90  1   0.0%   0.029 GU:2    UG:2    UA:1    +
    5   144  1   0.0%   0.129 CG:1    GU:1    AU:3    +
   87   155  1   0.0%   0.101 GC:1    GU:2    UA:2    +
   99   108  1   0.0%   0.551 GC:1    GU:2    AU:2    +
   72   105  1   0.0%   0.217 GU:1    AU:2    UA:2    +
   38   102  1   0.0%   0.476 GU:3    UG:1    UA:1    +
   90   105  1   0.0%   0.479 GU:2    AU:1    UA:2    +
   39    47  1   0.0%   0.007 CG:2    UG:1    UA:2    +
   93   108  1   0.0%   0.435 GC:1    GU:1    AU:3    +
  120   127  1   0.0%   0.161 CG:2    UG:1    UA:2    +
   32    88  1   0.0%   0.016 UG:1    AU:3    UA:1    +
  108   142  1   0.0%   0.689 CG:1    UG:3    UA:1    +
   46    88  3   1.2%   0.606 AU:3    +
   57    76  0   0.5%   0.662 AU:5    --:1    +
   41    91  3   1.2%   0.291 UA:3    +
  107   140  0   0.4%   0.166 UA:6    +
  108   139  1   0.4%   0.306 CG:1    UG:4    +
   53    75  3   1.2%   0.562 UA:3    +
  106   141  0   0.4%   0.259 AU:6    +
   97   146  0   0.4%   0.713 AU:6    +
   35    99  2   0.7%   1.152 UG:2    UA:2    +
   54    69  3   1.1%   0.503 CG:3    +
    6    27  0   0.3%   0.059 UA:6    +
   44    87  3   0.6%   0.164 GU:1    UG:1    AU:1    +
   95   145  0   0.3%   0.784 GC:6    +
   55    73  3   1.1%   0.493 AU:3    +
   94   146  0   0.3%   0.862 GU:6    +
   56    74  0   0.3%   0.664 AU:6    +
   63    67  3   1.0%   0.448 UA:3    +
   27   143  0   0.2%   0.372 AU:6    +
   33   101  0   0.2%   0.974 GU:6    +
   92   101  0   0.2%   0.799 AU:6    +
   34    45  0   0.2%   0.160 UA:6    +
   31    95  0   0.2%   0.267 CG:6    +
   33   146  0   0.2%   0.592 GU:6    +
  143   163  0   0.1%   0.236 UA:6    +
  141   148  0   0.1%   0.543 UG:6    +
  140   149  0   0.1%   0.351 AU:6    +
   33   145  0   0.1%   0.569 GC:6    +
  139   150  0   0.1%   0.424 GU:6    +
   58    75  2   0.4%   0.728 AU:1    UA:3    +
   98   145  3   0.9%   0.889 GC:3    +
  138   151  0   0.1%   0.356 UA:6    +
   37    94  0   0.1%   0.264 UG:6    +
  144   164  1   0.1%   0.942 CG:1    UA:4    +
   94   101  0   0.1%   0.920 GU:6    +
   43    92  0   0.1%   0.771 UA:6    +
   37    45  0   0.1%   0.043 UA:6    +
   56    71  0   0.1%   0.026 AU:5    --:1    +
   64    68  0   0.1%   0.860 GU:6    +
   34   160  0   0.1%   0.835 UA:6    +
   42    93  1   0.1%   0.706 UG:2    UA:3    +
  101   140  0   0.1%   0.526 UA:6    +
   97   141  0   0.1%   0.409 AU:6    +
    2    33  1   0.1%   0.247 CG:2    UG:3    +
   55    76  1   0.6%   0.796 AU:5    +
   65    74  0   0.1%   0.897 AU:6    +
   30   161  1   0.1%   0.494 CG:2    GC:3    +
  147   158  1   0.1%   0.398 UG:1    UA:4    +
   34    97  0   0.1%   0.164 UA:6    +
   30   156  3   0.8%   0.524 GC:3    +
    7   163  0   0.1%   0.225 UA:6    +
   28   148  0   0.1%   0.200 CG:6    +
  152   157  1   0.5%   0.414 AU:5    +
   43    90  2   0.4%   0.345 UG:2    UA:2    +
   92   150  0   0.0%   0.800 AU:6    +
  107   136  0   0.0%   0.051 UA:6    +
    6   163  0   0.0%   0.075 UA:6    +
   31    94  0   0.0%   0.239 CG:6    +
   27   149  0   0.0%   0.348 AU:6    +
  146   160  0   0.0%   0.434 UA:6    +
   37    46  0   0.0%   0.029 UA:6    +
   43   151  0   0.0%   0.660 UA:6    +
   44   150  1   0.0%   0.756 GU:1    AU:4    +
   52    71  0   0.0%   0.084 GU:5    --:1    +
   87    91  1   0.0%   0.462 GC:3    UA:2    +
   95   143  0   0.0%   0.393 GU:6    +
   37    44  1   0.0%   0.034 UG:1    UA:4    +
  101   136  0   0.0%   0.540 UA:6    +
    3   144  1   0.0%   0.217 CG:1    AU:4    +
    6    33  0   0.0%   0.072 UG:6    +
   93   157  1   0.0%   0.666 GU:2    AU:3    +
   86    92  0   0.0%   0.535 UA:4    --:2    +
   28   142  1   0.5%   0.246 CG:5    +
  153   162  1   0.0%   0.740 CG:4    UG:1    +
   45   149  0   0.0%   0.129 AU:6    +
   13    20  0   0.0%   0.007 UA:6    +
   61    74  0   0.0%   0.988 AU:6    +
  156   162  1   0.0%   0.548 CG:3    UG:2    +
   28    95  0   0.0%   0.153 CG:6    +
    4   144  1   0.0%   0.034 GC:1    AU:4    +
   36    87  1   0.0%   0.028 CG:3    AU:2    +
   98   144  2   0.4%   0.777 GU:3    AU:1    +
   98   147  1   0.0%   1.063 GU:3    AU:2    +
   94   149  0   0.0%   0.827 GU:6    +
   43   136  0   0.0%   0.500 UA:6    +
   43    95  0   0.0%   0.813 UG:6    +
    2   148  1   0.0%   0.246 CG:2    UG:3    +
   97   150  0   0.0%   0.864 AU:6    +
   28    94  0   0.0%   0.150 CG:6    +
  139   145  0   0.0%   0.478 GC:6    +
   96   154  1   0.0%   0.605 AU:1    UA:4    +
  137   161  1   0.0%   0.151 CG:2    GC:3    +
  138   160  0   0.0%   0.137 UA:6    +
   29   159  1   0.0%   0.497 AU:2    UA:3    +
    2    88  2   0.0%   0.236 CG:1    GU:1    UA:2    +
   29   155  1   0.0%   0.494 AU:2    UA:3    +
   43    94  0   0.0%   0.838 UG:6    +
   33    96  1   0.0%   0.176 GC:1    GU:4    +
   82    94  0   0.0%   0.377 CG:6    +
    6   160  0   0.0%   0.091 UA:6    +
   37   152  0   0.0%   0.682 UA:6    +
  141   160  0   0.0%   0.252 UA:6    +
   88    96  2   0.0%   0.630 GU:1    AU:2    UA:1    +
   57    68  0   0.0%   0.051 AU:5    --:1    +
   55    71  0   0.0%   0.352 AU:5    --:1    +
   34    92  0   0.0%   0.141 UA:6    +
   43    97  0   0.0%   0.830 UA:6    +
   48   145  0   0.0%   0.013 GC:6    +
   87   109  1   0.0%   0.079 GC:3    UA:2    +
  150   160  0   0.0%   1.086 UA:6    +
   88   108  2   0.0%   0.317 GU:1    AU:2    UA:1    +
   56    68  0   0.0%   0.054 AU:6    +
   92   149  0   0.0%   0.726 AU:6    +
   54   139  0   0.0%   0.443 CG:6    +
   64    71  0   0.0%   1.290 GU:5    --:1    +
   28   139  0   0.0%   0.160 CG:6    +
    2    98  2   0.0%   0.236 CG:1    UG:2    UA:1    +
   98   156  1   0.0%   0.777 GC:3    AU:2    +
   81    95  0   0.0%   0.347 UG:6    +
   29   105  1   0.0%   0.448 AU:3    UA:2    +
   86   160  0   0.0%   0.269 UA:4    --:2    +
   55   138  0   0.0%   0.771 AU:6    +
  135   158  1   0.0%   0.021 UG:1    UA:4    +
    6   140  0   0.0%   0.059 UA:6    +
   29   154  1   0.0%   0.491 AU:2    UA:3    +
  136   143  0   0.0%   0.371 AU:6    +
   37   148  0   0.0%   0.523 UG:6    +
   43   160  0   0.0%   0.513 UA:6    +
   95   107  0   0.0%   0.360 GU:6    +
   86   151  0   0.0%   0.414 UA:4    --:2    +
   34   106  0   0.0%   0.564 UA:6    +
   34    95  0   0.0%   0.159 UG:6    +
    6   152  0   0.0%   0.063 UA:6    +
   65    71  0   0.0%   1.114 AU:5    --:1    +
   33   107  0   0.0%   0.515 GU:6    +
   37   151  0   0.0%   0.665 UA:6    +
  146   151  0   0.0%   0.655 UA:6    +
  146   152  0   0.0%   0.614 UA:6    +
   86   152  0   0.0%   0.428 UA:4    --:2    +
   34   163  0   0.0%   0.806 UA:6    +
    4    42  1   0.0%   0.020 GU:2    AU:3    +
   94   108  1   0.0%   0.415 GC:1    GU:4    +
    7   160  0   0.0%   0.234 UA:6    +
  142   156  1   0.0%   0.593 GC:3    GU:2    +
    7   151  0   0.0%   0.206 UA:6    +
   37    92  0   0.0%   0.028 UA:6    +
   32    38  1   0.0%   0.023 UG:2    AU:3    +
  143   148  0   0.0%   0.505 UG:6    +
    8   158  1   0.0%   0.052 UG:1    UA:4    +
   97   104  0   0.0%   0.373 AU:6    +
   69    73  1   0.0%   1.186 GU:3    UA:2    +
  149   163  0   0.0%   1.257 UA:6    +
   39   162  1   0.0%   0.413 CG:2    UG:3    +
   64    74  0   0.0%   1.060 GU:6    +
   34   140  0   0.0%   0.592 UA:6    +
  144   158  1   0.0%   0.292 CG:1    UA:4    +
  144   154  1   0.0%   0.471 GU:1    UA:4    +
   41   159  1   0.0%   0.309 AU:2    UA:3    +
  138   152  0   0.0%   0.302 UA:6    +
   37   163  0   0.0%   0.501 UA:6    +
    7   139  0   0.0%   0.203 UG:6    +
   30    87  1   0.0%   0.240 CG:3    GU:2    +
   33    37  0   0.0%   0.163 GU:6    +
   33   141  0   0.0%   0.570 GU:6    +
    9    24  0   0.0%   0.001 CG:6    +
   42   158  1   0.0%   0.332 UG:1    UA:4    +
  143   160  0   0.0%   0.240 UA:6    +
   95   150  0   0.0%   0.903 GU:6    +
  141   151  0   0.0%   0.451 UA:6    +
   33   104  0   0.0%   0.515 GU:6    +
   62    74  0   0.0%   0.830 AU:6    +
   90   147  2   0.0%   0.503 GC:1    GU:1    AU:2    +
   97   149  0   0.0%   0.807 AU:6    +
    6   148  0   0.0%   0.062 UG:6    +
   95   101  0   0.0%   0.857 GU:6    +
   95   104  0   0.0%   0.363 GU:6    +
    7   152  0   0.0%   0.206 UA:6    +
  136   141  0   0.0%   0.393 AU:6    +
  121   125  0   0.0%   0.022 AU:6    +
   90   154  2   0.0%   0.812 GU:1    AU:1    UA:2    +
   71   106  0   0.0%   0.741 UA:5    --:1    +
   92   107  0   0.0%   0.340 AU:6    +
    6   151  0   0.0%   0.061 UA:6    +
   43   163  0   0.0%   0.487 UA:6    +
   34    46  0   0.0%   0.137 UA:6    +
    2   139  1   0.0%   0.240 CG:2    UG:3    +
   86    97  0   0.0%   0.590 UA:4    --:2    +
  140   146  0   0.0%   0.440 AU:6    +
    2    94  1   0.0%   0.234 CG:2    UG:3    +
  150   163  0   0.0%   1.082 UA:6    +
  104   139  0   0.0%   0.059 UG:6    +
   33    43  0   0.0%   0.162 GU:6    +
   42    57  0   0.0%   0.005 UA:5    --:1    +
   86   106  0   0.0%   0.229 UA:4    --:2    +
   97   101  0   0.0%   0.865 AU:6    +
   27   101  0   0.0%   0.324 AU:6    +
   43    56  0   0.0%   0.019 UA:6    +
   38    87  1   0.0%   0.030 GU:2    UG:3    +
  143   151  0   0.0%   0.420 UA:6    +
    1    87  1   0.0%   0.235 CG:3    GU:2    +
    8   164  1   0.0%   0.061 UG:1    UA:4    +
    7    97  0   0.0%   0.201 UA:6    +
  101   106  0   0.0%   0.505 UA:6    +
   34    94  0   0.0%   0.147 UG:6    +
    4    96  1   0.0%   0.020 GC:1    AU:4    +
   34   151  0   0.0%   0.593 UA:6    +
   42   164  1   0.0%   0.336 UG:1    UA:4    +
   81   163  0   0.0%   0.014 UA:6    +
   41   155  1   0.0%   0.310 AU:2    UA:3    +
  144   148  1   0.0%   0.597 CG:1    UG:4    +
  136   150  0   0.0%   0.518 AU:6    +
   34    44  1   0.0%   0.125 UG:1    UA:4    +
    6    95  0   0.0%   0.056 UG:6    +
  115   131  0   0.0%   0.005 AU:6    +
   95   146  0   0.0%   0.775 GU:6    +
  101   160  0   0.0%   0.564 UA:6    +
  138   148  0   0.0%   0.419 UG:6    +
    7    45  0   0.0%   0.201 UA:6    +
   86    95  0   0.0%   0.573 UG:4    --:2    +
   41   154  1   0.0%   0.473 AU:2    UA:3    +
  101   163  0   0.0%   0.538 UA:6    +
   65   104  0   0.0%   0.402 AU:6    +
   37   140  0   0.0%   0.484 UA:6    +
    2    95  1   0.0%   0.234 CG:2    UG:3    +
    6    94  0   0.0%   0.056 UG:6    +
    8    44  1   0.0%   0.048 CG:1    UA:4    +
  136   149  0   0.0%   0.466 AU:6    +
    7    94  0   0.0%   0.202 UG:6    +
   62   107  0   0.0%   0.324 AU:6    +
   37   160  0   0.0%   0.521 UA:6    +
   33   143  0   0.0%   0.571 GU:6    +
    6    46  0   0.0%   0.055 UA:6    +
  101   152  0   0.0%   0.733 UA:6    +
   45   150  0   0.0%   0.247 AU:6    +
  101   110  0   0.0%   0.504 UG:6    +
   45   143  0   0.0%   0.114 AU:6    +
    6    92  0   0.0%   0.055 UA:6    +
  141   163  0   0.0%   0.222 UA:6    +
  101   148  0   0.0%   0.857 UG:6    +
    7    92  0   0.0%   0.201 UA:6    +
   88   144  2   0.0%   0.322 GU:1    UG:1    AU:2    +
    6    97  0   0.0%   0.056 UA:6    +
   94   144  1   0.0%   0.420 GC:1    GU:4    +
   28   112  0   0.0%   0.157 CG:6    +
    7    33  0   0.0%   0.216 UG:6    +
   74    97  0   0.0%   0.896 UA:6    +
   92   141  0   0.0%   0.366 AU:6    +
   86    94  0   0.0%   0.601 UG:4    --:2    +
    2   137  2   0.0%   0.239 CG:1    GC:1    UG:2    +
   49    68  0   0.0%   0.001 AU:6    +
   43   152  0   0.0%   0.671 UA:6    +
   27   150  0   0.0%   0.344 AU:6    +
    2    38  2   0.0%   0.231 CG:1    GU:1    UG:2    +
  106   143  0   0.0%   0.214 AU:6    +
   33   144  1   0.0%   0.550 GC:1    GU:4    +
   92   146  0   0.0%   0.358 AU:6    +
    7   140  0   0.0%   0.203 UA:6    +
    6    45  0   0.0%   0.055 UA:6    +
    4    39  1   0.0%   0.018 GC:2    AU:3    +
   82    95  0   0.0%   0.347 CG:6    +
   37    49  0   0.0%   0.023 UA:6    +
  101   139  0   0.0%   0.543 UG:6    +
   45   146  0   0.0%   0.106 AU:6    +
   48    54  0   0.0%   0.000 GC:6    +
   46   149  0   0.0%   0.281 AU:6    +
   48    86  0   0.0%   0.225 GU:4    --:2    +
   94   107  0   0.0%   0.414 GU:6    +
   52    80  1   0.0%   0.110 GC:3    GU:2    +
   89   102  2   0.0%   0.199 CG:1    GU:2    AU:1    +
   44   149  1   0.0%   0.628 GU:1    AU:4    +
   43   148  0   0.0%   0.513 UG:6    +
    8    93  1   0.0%   0.048 UG:2    UA:3    +
   48    81  0   0.0%   0.000 GU:6    +
    4     8  1   0.0%   0.000 GU:2    AU:3    +
    7    44  1   0.0%   0.201 UG:1    UA:4    +
    6   106  0   0.0%   0.057 UA:6    +
   88   161  2   0.0%   0.438 GC:1    UG:2    UA:1    +
   81    92  0   0.0%   0.304 UA:6    +
   27   104  0   0.0%   0.322 AU:6    +
   76    99  1   0.0%   0.634 UG:3    UA:2    +
   44   143  1   0.0%   0.620 GU:1    AU:4    +
  107   139  0   0.0%   0.120 UG:6    +
   27   138  0   0.0%   0.323 AU:6    +
   44   141  1   0.0%   0.620 GU:1    AU:4    +
   95   108  1   0.0%   0.358 GC:1    GU:4    +
   27    37  0   0.0%   0.321 AU:6    +
   32   135  1   0.0%   0.380 AU:4    UA:1    +
   46   146  0   0.0%   0.261 AU:6    +
   33   149  0   0.0%   0.596 GU:6    +
   45   141  0   0.0%   0.114 AU:6    +
   27   141  0   0.0%   0.324 AU:6    +
  136   146  0   0.0%   0.580 AU:6    +
   28   110  0   0.0%   0.157 CG:6    +
   43   139  0   0.0%   0.505 UG:6    +
  138   163  0   0.0%   0.108 UA:6    +
   33   150  0   0.0%   0.586 GU:6    +
  104   136  0   0.0%   0.042 UA:6    +
  101   151  0   0.0%   0.775 UA:6    +
  147   164  1   0.0%   1.217 UG:1    UA:4    +
  110   145  0   0.0%   0.400 GC:6    +
    7   136  0   0.0%   0.202 UA:6    +
   89   144  2   0.0%   0.186 CG:1    GU:2    AU:1    +
   95   141  0   0.0%   0.384 GU:6    +
  104   163  0   0.0%   0.062 UA:6    +
   51    76  1   0.0%   0.001 GU:2    AU:3    +
   27   107  0   0.0%   0.322 AU:6    +
  105   162  2   0.0%   0.071 CG:1    UG:2    UA:1    +
   92   143  0   0.0%   0.367 AU:6    +
    8    99  1   0.0%   0.054 UG:4    UA:1    +
  112   131  0   0.0%   0.000 GU:6    +
   92   104  0   0.0%   0.345 AU:6    +
    4   135  1   0.0%   0.022 GU:2    AU:3    +
   31    48  0   0.0%   0.225 CG:6    +
   44   138  1   0.0%   0.627 GU:1    AU:4    +
   24    37  0   0.0%   0.001 GU:6    +
  141   152  0   0.0%   0.402 UA:6    +
   27    43  0   0.0%   0.321 AU:6    +
  110   138  0   0.0%   0.100 GU:6    +
    7   148  0   0.0%   0.205 UG:6    +
   33    54  0   0.0%   0.158 GC:6    +
    6   136  0   0.0%   0.057 UA:6    +
   94   143  0   0.0%   0.441 GU:6    +
    7    95  0   0.0%   0.201 UG:6    +
   46   143  0   0.0%   0.270 AU:6    +
   47   156  2   0.0%   0.063 GC:2    GU:1    AU:1    +
   49   146  0   0.0%   0.022 AU:6    +
   25    31  0   0.0%   0.217 GC:6    +
   86   163  0   0.0%   0.242 UA:4    --:2    +
   97   107  0   0.0%   0.367 AU:6    +
   46   150  0   0.0%   0.401 AU:6    +
   25   145  0   0.0%   0.003 GC:6    +
    6    44  1   0.0%   0.055 UG:1    UA:4    +
   13    17  0   0.0%   0.000 UA:6    +
   96   139  1   0.0%   0.355 CG:1    UG:4    +
    9    95  0   0.0%   0.001 CG:6    +
   98   157  1   0.0%   0.740 GU:3    AU:2    +
   81    97  0   0.0%   0.364 UA:6    +
   11    24  1   0.0%   0.001 CG:2    UG:3    +
   94   138  0   0.0%   0.447 GU:6    +
  139   144  1   0.0%   0.342 GC:1    GU:4    +
   83    90  2   0.0%   0.481 CG:1    UG:1    UA:2    +
  140   150  0   0.0%   0.394 AU:6    +
    6   139  0   0.0%   0.057 UG:6    +
    9    94  0   0.0%   0.002 CG:6    +
   43    61  0   0.0%   0.019 UA:6    +
   44   146  1   0.0%   0.611 GU:1    AU:4    +
   26    44  2   0.0%   0.112 UG:1    AU:1    UA:2    +
   97   138  0   0.0%   0.400 AU:6    +
    9   139  0   0.0%   0.001 CG:6    +
    7    46  0   0.0%   0.200 UA:6    +
   86    99  0   0.0%   0.774 UG:4    --:2    +
   43   106  0   0.0%   0.468 UA:6    +
  135   162  1   0.0%   0.034 UG:4    UA:1    +
   45   101  0   0.0%   0.540 AU:6    +
  107   160  0   0.0%   0.116 UA:6    +
   86   110  0   0.0%   0.228 UG:4    --:2    +
   42    88  3   0.5%   0.113 CG:1    UA:2    +
   41    89  3   0.5%   0.095 UG:2    UA:1    +
   93   100  3   0.2%   0.880 GC:1    GU:1    AU:1    +
   32   138  2   0.6%   0.474 AU:4    +
   45    88  3   0.7%   0.377 AU:3    +
   42    87  2   0.2%   0.050 CG:1    UG:3    +
   91   102  2   0.2%   0.448 CG:1    AU:3    +
   30   102  2   0.2%   0.396 CG:1    GU:3    +
   59    73  3   0.6%   1.224 UA:3    +
   36    99  3   0.6%   0.799 CG:3    +
   33   137  3   0.6%   0.604 GC:3    +
   87   153  2   0.2%   0.304 GC:3    GU:1    +
   66    75  3   0.3%   0.222 AU:1    UA:2    +
   58    72  3   0.3%   0.449 UG:1    UA:2    +
   65    76  1   0.3%   0.502 AU:5    +
   58    65  1   0.3%   0.410 UA:5    +
  102   144  3   0.1%   0.685 GC:1    UG:1    AU:1    +
  144   151  2   0.5%   0.585 UA:4    +
  102   135  3   0.0%   0.072 GU:1    AU:1    UA:1    +
   30   149  3   0.5%   0.466 GU:3    +
  147   161  3   0.0%   0.902 CG:1    UG:1    UA:1    +
   90   100  3   0.0%   0.923 GC:1    GU:1    AU:1    +
    4   100  3   0.0%   0.026 GC:1    GU:1    AU:1    +
   52    75  3   0.0%   0.080 GC:1    GU:1    AU:1    +
   90   156  3   0.0%   0.687 GC:1    GU:1    AU:1    +
  156   161  3   0.0%   0.578 CG:1    UG:1    UA:1    +
  155   161  3   0.0%   0.550 CG:1    UG:1    UA:1    +
   90    96  3   0.0%   0.784 GC:1    GU:1    AU:1    +
   93   156  3   0.0%   0.695 GC:1    GU:1    AU:1    +
   83   161  3   0.0%   0.066 CG:1    UG:1    UA:1    +
   93   155  3   0.0%   0.656 GC:1    GU:1    AU:1    +
  100   161  3   0.0%   0.618 CG:1    UG:1    UA:1    +
    8    89  3   0.0%   0.048 CG:1    UG:1    UA:1    +
   93   159  3   0.0%   0.658 GC:1    GU:1    AU:1    +
   38    44  2   0.1%   0.050 GU:1    UA:3    +
   35   154  2   0.1%   0.989 AU:1    UA:3    +
   43    87  2   0.4%   0.105 UG:4    +
    2   160  3   0.5%   0.325 UA:3    +
   43    88  3   0.2%   0.124 UG:1    UA:2    +
   58    66  2   0.0%   0.104 AU:1    UA:3    +
   93   102  2   0.0%   0.496 GU:1    AU:3    +
   36   102  2   0.0%   0.277 CG:1    AU:3    +
   53    72  2   0.0%   0.412 CG:1    UA:3    +
  102   109  2   0.0%   0.069 GC:1    UA:3    +
    5   143  2   0.0%   0.131 GU:1    AU:3    +
    5    34  2   0.0%   0.127 GU:1    AU:3    +
    2   142  2   0.0%   0.246 CG:1    UG:3    +
   68    72  2   0.0%   0.694 UG:1    UA:3    +
    3    87  2   0.0%   0.209 CG:2    AU:2    +
   36    90  2   0.0%   0.026 CG:2    AU:2    +
   39    87  2   0.0%   0.016 CG:3    UG:1    +
    3   102  2   0.0%   0.211 CG:1    AU:3    +
   90   150  2   0.0%   0.898 GU:2    AU:2    +
    4    35  2   0.0%   0.023 GU:1    AU:3    +
   40    88  2   0.0%   0.010 CG:1    AU:3    +
   32   155  2   0.0%   0.613 AU:2    UA:2    +
   96   155  2   0.0%   0.444 AU:1    UA:3    +
    5   141  2   0.0%   0.123 GU:1    AU:3    +
    5   157  2   0.0%   0.130 GU:1    AU:3    +
    2   162  2   0.0%   0.276 CG:1    UG:3    +
   89   161  2   0.0%   0.333 CG:2    GC:2    +
   98   105  2   0.0%   0.506 GC:1    AU:3    +
   87   103  2   0.0%   0.083 GC:2    UA:2    +
   87   154  2   0.0%   0.264 GU:2    UA:2    +
    5   146  2   0.0%   0.126 GU:1    AU:3    +
    5   102  2   0.0%   0.122 CG:1    AU:3    +
    5   149  2   0.0%   0.127 GU:1    AU:3    +
   35   162  2   0.0%   0.833 UG:3    UA:1    +
    4   102  2   0.0%   0.024 GU:1    AU:3    +
  144   159  2   0.0%   0.296 GU:1    UA:3    +
   32   159  2   0.0%   0.619 AU:2    UA:2    +
   87   157  2   0.0%   0.103 GC:1    GU:3    +
    5   101  2   0.0%   0.122 GU:1    AU:3    +
   44   157  2   0.0%   0.610 GU:1    AU:3    +
    2    93  2   0.0%   0.234 CG:1    UA:3    +
   34    90  2   0.0%   0.139 UG:2    UA:2    +
    5    87  2   0.0%   0.121 CG:2    AU:2    +
   87   156  2   0.0%   0.139 GC:2    GU:2    +
   66    76  2   0.0%   0.192 AU:3    UA:1    +
   98   102  2   0.0%   0.559 GU:3    AU:1    +
    1   102  2   0.0%   0.241 CG:1    GU:3    +
   90   104  2   0.0%   0.484 GU:2    AU:2    +
   90   109  2   0.0%   0.478 GC:2    UA:2    +
  111   132  2   0.0%   0.001 CG:1    AU:3    +
    1   144  2   0.0%   0.243 CG:1    GU:3    +
  114   132  2   0.0%   0.015 CG:1    AU:3    +
   41    58  2   0.0%   0.005 AU:3    UA:1    +
    5    37  2   0.0%   0.118 GU:1    AU:3    +
   94   105  2   0.0%   0.415 GC:1    GU:3    +
   69   108  2   0.0%   0.604 GU:3    UA:1    +
   32   105  2   0.0%   0.381 AU:3    UA:1    +
   35    93  2   0.0%   0.082 UG:2    UA:2    +
    5   150  2   0.0%   0.127 GU:1    AU:3    +
   36   144  2   0.0%   0.260 CG:1    AU:3    +
   99   105  2   0.0%   0.553 GC:1    GU:3    +
   37    90  2   0.0%   0.027 UG:2    UA:2    +
    5    96  2   0.0%   0.119 GU:1    AU:3    +
    5    39  2   0.0%   0.118 GC:1    AU:3    +
   98   153  2   0.0%   0.931 GC:3    AU:1    +
  102   159  2   0.0%   0.441 GU:1    UA:3    +
   30   144  2   0.0%   0.382 CG:1    GU:3    +
   98   108  2   0.0%   0.504 GU:3    AU:1    +
   64   105  2   0.0%   0.572 GC:1    GU:3    +
   67   102  2   0.0%   0.096 CG:1    AU:3    +
    5   147  2   0.0%   0.126 GU:1    AU:3    +
   90   143  2   0.0%   0.506 GU:2    AU:2    +
   29   111  2   0.0%   0.446 AU:1    UA:3    +
   75    96  2   0.0%   0.415 AU:3    UA:1    +
    1    90  2   0.0%   0.234 CG:2    GU:2    +
   77    99  2   0.0%   0.590 CG:3    UG:1    +
   92   102  2   0.3%   0.413 AU:4    +
   44   147  2   0.0%   0.617 GU:1    AU:3    +
   39   158  2   0.0%   0.395 CG:1    UA:3    +
  144   155  2   0.0%   0.297 GU:1    UA:3    +
   44    83  2   0.0%   0.023 GU:1    AU:3    +
    5   138  2   0.0%   0.120 GU:1    AU:3    +
   35    51  2   0.0%   0.076 UG:2    UA:2    +
   39   164  2   0.0%   0.402 CG:1    UA:3    +
   66   111  2   0.0%   0.105 AU:1    UA:3    +
  102   137  2   0.0%   0.100 GC:1    UG:3    +
   30    90  2   0.0%   0.237 CG:2    GU:2    +
   80    93  2   0.0%   0.388 CG:2    UA:2    +
    5   107  2   0.0%   0.120 GU:1    AU:3    +
   33   105  2   0.0%   0.514 GC:1    GU:3    +
  137   144  2   0.0%   0.348 CG:1    GU:3    +
   87   100  2   0.0%   0.528 GC:2    GU:2    +
  111   144  2   0.0%   0.273 CG:1    AU:3    +
    5   104  2   0.0%   0.120 GU:1    AU:3    +
    5    83  2   0.0%   0.118 GC:1    AU:3    +
    4   108  2   0.0%   0.022 GU:1    AU:3    +
   26    38  2   0.0%   0.112 UG:2    AU:2    +
    7    90  2   0.0%   0.201 UG:2    UA:2    +
   91   144  2   0.0%   0.407 CG:1    AU:3    +
    8    90  2   0.0%   0.048 UG:2    UA:2    +
   90   101  2   0.0%   0.922 GU:2    AU:2    +
   99   153  2   0.0%   1.007 GC:3    GU:1    +
    6    90  2   0.0%   0.055 UG:2    UA:2    +
   99   156  2   0.0%   0.853 GC:2    GU:2    +
   26   105  2   0.0%   0.113 AU:2    UA:2    +
   51   144  2   0.0%   0.008 GU:2    AU:2    +
  102   154  2   0.0%   0.606 GU:1    UA:3    +
   47    79  2   0.0%   0.000 GU:3    AU:1    +
   44    59  2   0.0%   0.023 GC:1    AU:3    +
   95   105  2   0.0%   0.358 GC:1    GU:3    +
   56    76  1   0.2%   0.383 AU:5    +
   44    86  1   0.2%   0.057 AU:3    --:2    +
   31   142  1   0.1%   0.439 CG:5    +
   32   147  3   0.4%   0.486 AU:3    +
   90   103  3   0.1%   0.500 GC:1    UA:2    +
   29   141  3   0.4%   0.512 AU:3    +
   38   100  3   0.4%   0.926 GC:3    +
    6    29  3   0.4%   0.410 UA:3    +
   40    98  3   0.4%   0.711 CG:3    +
  109   138  3   0.4%   0.131 AU:3    +
   59    70  2   0.3%   0.855 UG:3    --:1    +
  147   154  2   0.2%   0.593 UA:4    +
  106   135  1   0.1%   0.023 AU:5    +
   29   150  3   0.3%   0.528 AU:3    +
   46    83  1   0.1%   0.021 AU:5    +
   38    93  3   0.1%   0.252 UG:2    UA:1    +
  141   154  2   0.2%   0.413 UA:4    +
   35   159  3   0.1%   0.829 AU:1    UA:2    +
   31   162  1   0.1%   0.440 CG:5    +
    8    27  1   0.0%   0.258 UA:5    +
   89   104  3   0.0%   0.189 GU:2    AU:1    +
   64    75  3   0.0%   0.640 GC:1    GU:2    +
   67    74  3   0.3%   0.622 AU:3    +
   67    72  3   0.0%   0.269 CG:1    AU:2    +
   95   155  3   0.0%   0.622 GC:1    GU:2    +
   28   162  1   0.0%   0.204 CG:5    +
   42   152  1   0.0%   0.526 UA:5    +
    2    36  3   0.0%   0.236 GC:1    UA:2    +
  105   142  3   0.3%   0.558 UG:3    +
   52    76  1   0.0%   0.085 GU:5    +
   58    62  1   0.0%   0.008 UA:5    +
  142   159  3   0.0%   0.554 GC:1    GU:2    +
   42   137  3   0.0%   0.357 CG:1    UG:2    +
   35    88  3   0.0%   0.084 AU:1    UA:2    +
   53    62  1   0.0%   0.005 UA:5    +
   39    90  3   0.0%   0.017 CG:2    UA:1    +
   37    89  3   0.0%   0.029 UG:2    UA:1    +
   34    89  3   0.0%   0.141 UG:2    UA:1    +
   14    21  1   0.0%   0.028 UA:5    +
    2   164  3   0.0%   0.279 UG:1    UA:2    +
   88   150  3   0.0%   0.477 GU:1    AU:2    +
  147   163  1   0.0%   1.330 UA:5    +
   88   158  3   0.0%   0.397 UG:1    UA:2    +
   39    89  3   0.0%   0.014 UG:2    UA:1    +
  139   159  3   0.0%   0.114 GC:1    GU:2    +
  157   163  1   0.0%   0.617 UA:5    +
    2   158  3   0.0%   0.249 UG:1    UA:2    +
   89   157  3   0.0%   0.297 GU:2    AU:1    +
    2   155  3   0.0%   0.248 GU:1    UA:2    +
   46   147  1   0.0%   0.270 AU:5    +
   53   140  1   0.0%   0.464 UA:5    +
  136   157  1   0.0%   0.230 AU:5    +
   44    96  3   0.0%   0.906 GU:1    AU:2    +
   89   101  3   0.0%   0.630 GU:2    AU:1    +
    8   161  3   0.0%   0.085 UG:2    UA:1    +
   97   157  1   0.0%   0.578 AU:5    +
  149   161  3   0.0%   1.270 UG:2    UA:1    +
    8   163  1   0.0%   0.064 UA:5    +
  147   152  1   0.0%   0.599 UA:5    +
   58    64  1   0.0%   0.359 UG:5    +
   40    86  1   0.0%   0.005 AU:3    --:2    +
   35   105  3   0.0%   0.630 AU:1    UA:2    +
   88   149  3   0.0%   0.355 GU:1    AU:2    +
   29    35  3   0.0%   0.417 AU:2    UA:1    +
  148   155  3   0.0%   0.386 GC:1    GU:2    +
   99   155  3   0.0%   0.814 GC:1    GU:2    +
   69    77  3   0.0%   0.646 GC:2    GU:1    +
   45    83  1   0.0%   0.024 AU:5    +
   44   159  3   0.0%   0.608 AU:2    UA:1    +
   89   107  3   0.0%   0.181 GU:2    AU:1    +
   41    99  3   0.0%   0.842 UG:1    UA:2    +
    6   161  3   0.0%   0.097 UG:2    UA:1    +
   42   161  3   0.0%   0.376 UG:2    UA:1    +
   87    96  3   0.0%   0.390 GC:1    GU:2    +
  147   151  1   0.0%   0.640 UA:5    +
  112   134  1   0.0%   0.023 GC:5    +
   53    61  1   0.0%   0.002 UA:5    +
   61    76  1   0.0%   0.548 AU:5    +
   89   149  3   0.0%   0.220 GU:2    AU:1    +
   62    76  1   0.0%   0.391 AU:5    +
   42   163  1   0.0%   0.340 UA:5    +
  101   161  3   0.0%   0.576 UG:2    UA:1    +
   96   105  3   0.0%   0.321 AU:1    UA:2    +
    7   161  3   0.0%   0.240 UG:2    UA:1    +
    9   162  1   0.0%   0.008 CG:5    +
    2   159  3   0.0%   0.249 GU:1    UA:2    +
   95   159  3   0.0%   0.618 GC:1    GU:2    +
    2    44  3   0.0%   0.232 UG:1    UA:2    +
   64    76  1   0.0%   0.625 GU:5    +
  113   133  1   0.0%   0.021 AU:5    +
   90   153  3   0.0%   0.843 GC:2    AU:1    +
   93   153  3   0.0%   0.851 GC:2    AU:1    +
   88   162  3   0.0%   0.411 UG:2    UA:1    +
   89    96  3   0.0%   0.491 GU:2    AU:1    +
   38    42  3   0.0%   0.018 GC:1    GU:2    +
   99   111  3   0.0%   0.549 GC:2    GU:1    +
   51    77  3   0.0%   0.001 GC:2    AU:1    +
   33   159  3   0.0%   0.768 GC:1    GU:2    +
   92   157  1   0.0%   0.546 AU:5    +
   38   162  3   0.0%   0.485 UG:2    UA:1    +
   72    76  3   0.0%   0.303 GU:1    AU:2    +
  153   161  3   0.0%   0.770 CG:2    UA:1    +
   47    88  3   0.0%   0.323 GU:2    AU:1    +
    2   154  3   0.0%   0.246 GU:1    UA:2    +
  135   142  1   0.0%   0.504 UG:5    +
   52    73  3   0.0%   0.078 GU:2    AU:1    +
  134   139  1   0.0%   0.098 CG:5    +
   88    93  3   0.0%   0.700 UG:2    UA:1    +
    4    88  3   0.0%   0.021 GU:2    AU:1    +
   42   160  1   0.0%   0.364 UA:5    +
   35    41  3   0.0%   0.065 AU:1    UA:2    +
    8   160  1   0.0%   0.077 UA:5    +
   42    97  1   0.0%   0.681 UA:5    +
   29   142  3   0.0%   0.501 UG:2    UA:1    +
   43   161  3   0.0%   0.523 UG:2    UA:1    +
   27   157  1   0.0%   0.345 AU:5    +
   42    46  1   0.0%   0.010 UA:5    +
   53    57  1   0.0%   0.001 UA:4    --:1    +
   52    69  3   0.0%   0.075 GC:1    GU:2    +
   75   102  3   0.0%   0.124 UG:1    AU:2    +
   38   164  3   0.0%   0.475 UG:1    UA:2    +
   41    86  1   0.0%   0.006 AU:3    --:2    +
  110   135  1   0.0%   0.020 GU:5    +
    8    97  1   0.0%   0.048 UA:5    +
  133   140  1   0.0%   0.087 UA:5    +
    8   151  1   0.0%   0.051 UA:5    +
   82   162  1   0.0%   0.023 CG:5    +
  110   133  1   0.0%   0.001 GU:5    +
   94   155  3   0.0%   0.670 GC:1    GU:2    +
   34    88  3   0.0%   0.139 UG:1    UA:2    +
  143   161  3   0.0%   0.250 UG:2    UA:1    +
   88   104  3   0.0%   0.317 GU:1    AU:2    +
  112   133  1   0.0%   0.032 GU:5    +
    4    38  3   0.0%   0.018 GU:2    AU:1    +
  135   151  1   0.0%   0.261 UA:5    +
    1     8  3   0.0%   0.001 GC:1    GU:2    +
    2    87  3   0.0%   0.232 CG:2    UG:1    +
   30    42  3   0.0%   0.237 GC:1    GU:2    +
   29    99  3   0.0%   0.380 UG:1    UA:2    +
  140   157  1   0.0%   0.097 AU:5    +
    5    42  3   0.0%   0.119 GU:1    AU:2    +
   42   151  1   0.0%   0.504 UA:5    +
    3    90  3   0.0%   0.206 CG:1    AU:2    +
   34   161  3   0.0%   0.840 UG:2    UA:1    +
   52    58  1   0.0%   0.001 GU:5    +
    2    91  3   0.0%   0.233 GC:1    UA:2    +
   44   154  3   0.0%   0.771 AU:2    UA:1    +
   37    88  3   0.0%   0.027 UG:1    UA:2    +
   45   157  1   0.0%   0.102 AU:5    +
   26   102  3   0.0%   0.115 UG:1    AU:2    +
   32    86  1   0.0%   0.015 AU:3    --:2    +
  140   147  1   0.0%   0.416 AU:5    +
   33   155  3   0.0%   0.759 GC:1    GU:2    +
  135   163  1   0.0%   0.024 UA:5    +
    4    26  3   0.0%   0.000 GU:1    AU:2    +
   80   164  3   0.0%   0.009 CG:1    UA:2    +
   44   156  3   0.0%   0.645 GC:1    AU:2    +
   44   144  3   0.0%   0.598 GU:1    AU:2    +
  150   161  3   0.0%   1.095 UG:2    UA:1    +
    5    90  3   0.0%   0.119 CG:1    AU:2    +
    5    35  3   0.0%   0.121 GU:1    AU:2    +
  136   147  1   0.0%   0.556 AU:5    +
   38   158  3   0.0%   0.467 UG:1    UA:2    +
   37   161  3   0.0%   0.532 UG:2    UA:1    +
    8    92  1   0.0%   0.048 UA:5    +
   77    98  3   0.0%   0.543 CG:2    UG:1    +
    8    30  3   0.0%   0.279 CG:1    UG:2    +
    6    89  3   0.0%   0.055 UG:2    UA:1    +
   87   108  3   0.0%   0.076 GC:1    GU:2    +
   88   107  3   0.0%   0.315 GU:1    AU:2    +
    2    89  3   0.0%   0.233 GC:1    UG:2    +
   26   158  3   0.0%   0.117 UG:1    UA:2    +
   46   157  1   0.0%   0.257 AU:5    +
  113   132  1   0.0%   0.014 AU:5    +
   12    23  3   0.0%   0.001 CG:2    UA:1    +
   48    69  3   0.0%   0.001 GC:1    GU:2    +
   39    88  3   0.0%   0.012 UG:1    UA:2    +
  135   148  1   0.0%   0.343 UG:5    +
   29    86  1   0.0%   0.359 AU:3    --:2    +
   88   157  3   0.0%   0.401 GU:1    AU:2    +
   49    83  1   0.0%   0.016 AU:5    +
   35   155  3   0.0%   0.821 AU:1    UA:2    +
   50    75  3   0.0%   0.000 GC:1    GU:2    +
   49    76  1   0.0%   0.000 AU:5    +
    2   109  3   0.0%   0.239 GC:1    UA:2    +
   89   143  3   0.0%   0.208 GU:2    AU:1    +
   45   147  1   0.0%   0.112 AU:5    +
  105   144  3   0.0%   0.302 UG:1    AU:2    +
  112   135  1   0.0%   0.024 GU:5    +
   83   152  1   0.0%   0.215 UA:5    +
   49    53  1   0.0%   0.000 AU:5    +
   51    66  3   0.0%   0.000 GU:2    AU:1    +
    8   152  1   0.0%   0.051 UA:5    +
   42   140  1   0.0%   0.326 UA:5    +
   26    32  3   0.0%   0.059 AU:1    UA:2    +
   38    47  3   0.0%   0.025 UG:2    UA:1    +
   46    53  1   0.0%   0.005 AU:5    +
  135   140  1   0.0%   0.077 UA:5    +
   97   135  1   0.0%   0.367 AU:5    +
   27    42  1   0.0%   0.321 AU:5    +
   76    95  1   0.0%   0.432 UG:5    +
   41    47  3   0.0%   0.004 UG:1    UA:2    +
   44   155  3   0.0%   0.608 AU:2    UA:1    +
  142   155  3   0.0%   0.551 GC:1    GU:2    +
  116   129  1   0.0%   0.007 AU:5    +
   42   142  1   0.0%   0.369 UG:5    +
    7    88  3   0.0%   0.202 UG:1    UA:2    +
   88   143  3   0.0%   0.343 GU:1    AU:2    +
   26   159  3   0.0%   0.116 AU:1    UA:2    +
    6    88  3   0.0%   0.057 UG:1    UA:2    +
   33   134  1   0.0%   0.513 GC:5    +
   90   157  3   0.0%   0.651 GU:2    AU:1    +
   42   136  1   0.0%   0.348 UA:5    +
   69    79  3   0.0%   0.604 GC:2    GU:1    +
  135   152  1   0.0%   0.219 UA:5    +
   80    98  3   0.0%   0.499 CG:1    UG:2    +
    8   140  1   0.0%   0.049 UA:5    +
    5   135  3   0.0%   0.120 GU:1    AU:2    +
    2   105  3   0.0%   0.239 GU:1    UA:2    +
   41   142  3   0.0%   0.344 UG:2    UA:1    +
   29    51  3   0.0%   0.358 UG:2    UA:1    +
   28    52  1   0.0%   0.144 CG:5    +
   10    25  1   0.0%   0.001 CG:5    +
   26   108  3   0.0%   0.113 AU:2    UA:1    +
   29    89  3   0.0%   0.358 UG:2    UA:1    +
   50    69  3   0.0%   0.000 GC:1    GU:2    +
   10    94  1   0.0%   0.001 CG:5    +
   42    62  1   0.0%   0.005 UA:5    +
  135   160  1   0.0%   0.050 UA:5    +
  135   139  1   0.0%   0.098 UG:5    +
  149   159  3   0.2%   0.826 UA:3    +
    4    29  3   0.2%   0.241 AU:3    +
   36    43  3   0.2%   0.049 AU:3    +
   97   144  2   0.1%   0.619 AU:4    +
    7    26  3   0.2%   0.037 UA:3    +
   32    37  2   0.1%   0.028 AU:4    +
   31    98  3   0.2%   0.285 CG:3    +
   41    97  3   0.2%   0.667 UA:3    +
   30    96  3   0.2%   0.274 GU:3    +
   30    99  3   0.2%   0.290 CG:3    +
  103   138  2   0.1%   0.072 AU:4    +
  102   139  2   0.1%   0.119 UG:4    +
   32   146  2   0.1%   0.431 AU:4    +
   63    69  3   0.1%   0.797 UG:3    +
   33   102  2   0.1%   0.537 GU:4    +
   29    97  3   0.1%   0.389 UA:3    +
   68    73  3   0.1%   1.080 UA:3    +
   31    38  3   0.1%   0.245 CG:3    +
  150   154  2   0.0%   0.536 UA:4    +
   59    65  2   0.0%   0.400 UA:4    +
    6    30  3   0.1%   0.288 UG:3    +
  103   143  2   0.0%   0.305 AU:4    +
    1    33  3   0.1%   0.248 CG:3    +
    6    32  2   0.0%   0.057 UA:4    +
  146   155  3   0.1%   0.413 UA:3    +
  103   108  2   0.0%   0.025 AU:4    +
   28    98  3   0.1%   0.173 CG:3    +
   32    43  2   0.0%   0.018 AU:4    +
   32   141  2   0.0%   0.440 AU:4    +
   88   152  3   0.1%   0.601 UA:3    +
   96   152  2   0.0%   0.634 UA:4    +
   28    99  2   0.0%   0.167 CG:4    +
    3   147  2   0.0%   0.217 AU:4    +
  149   155  3   0.1%   0.314 UA:3    +
    3   150  2   0.0%   0.219 AU:4    +
   34   155  3   0.1%   0.807 UA:3    +
   27    96  2   0.0%   0.325 AU:4    +
   70    77  2   0.0%   0.763 GC:3    --:1    +
    3   157  2   0.0%   0.220 AU:4    +
   96   151  2   0.0%   0.674 UA:4    +
    1    28  3   0.1%   0.021 GC:3    +
   87   150  2   0.0%   0.237 GU:4    +
  140   144  2   0.0%   0.323 AU:4    +
   49   144  2   0.0%   0.009 AU:4    +
    3    34  2   0.0%   0.204 AU:4    +
    3   143  2   0.0%   0.212 AU:4    +
   96   106  2   0.0%   0.321 UA:4    +
    7    32  2   0.0%   0.204 UA:4    +
  149   154  2   0.0%   0.475 UA:4    +
    3   141  2   0.0%   0.211 AU:4    +
    3   101  2   0.0%   0.208 AU:4    +
   96   158  2   0.0%   0.436 UA:4    +
   32   157  3   0.1%   0.633 AU:3    +
   35    92  2   0.0%   0.081 UA:4    +
  102   140  2   0.0%   0.082 UA:4    +
   54    70  2   0.0%   0.454 CG:3    --:1    +
   71    75  2   0.0%   0.840 UA:3    --:1    +
   35   158  2   0.0%   0.816 UA:4    +
    3    43  2   0.0%   0.205 AU:4    +
   37   154  2   0.0%   0.661 UA:4    +
   27   102  2   0.0%   0.325 AU:4    +
   97   102  2   0.0%   0.424 AU:4    +
   66    71  2   0.0%   0.823 AU:3    --:1    +
   34   103  2   0.0%   0.567 UA:4    +
   35   163  2   0.0%   0.827 UA:4    +
   37   103  2   0.0%   0.488 UA:4    +
   97   108  2   0.0%   0.368 AU:4    +
   35   139  2   0.0%   0.662 UG:4    +
   35    45  2   0.0%   0.089 UA:4    +
  108   140  2   0.0%   0.263 UA:4    +
  102   160  2   0.0%   0.469 UA:4    +
   32    42  2   0.0%   0.013 AU:4    +
   35    94  2   0.0%   0.087 UG:4    +
   95   102  2   0.0%   0.415 GU:4    +
   27    35  2   0.0%   0.381 AU:4    +
  119   126  2   0.0%   0.022 AU:4    +
   55    59  2   0.0%   0.001 AU:4    +
    6   154  2   0.0%   0.061 UA:4    +
   74   103  2   0.0%   0.540 UA:4    +
    7   154  2   0.0%   0.204 UA:4    +
   32    68  2   0.0%   0.014 AU:4    +
   35    65  2   0.0%   0.077 UA:4    +
   35   164  2   0.0%   0.824 UA:4    +
   30    70  2   0.0%   0.237 CG:3    --:1    +
   35   142  2   0.0%   0.672 UG:4    +
   31    87  2   0.0%   0.228 CG:4    +
    3   138  2   0.0%   0.209 AU:4    +
    3     7  2   0.0%   0.001 AU:4    +
    3    96  2   0.0%   0.207 AU:4    +
  144   160  2   0.0%   0.323 UA:4    +
   28    87  2   0.0%   0.147 CG:4    +
   35   160  2   0.0%   0.849 UA:4    +
   94   102  2   0.0%   0.471 GU:4    +
   79    97  2   0.0%   0.363 UA:4    +
   32   143  2   0.0%   0.440 AU:4    +
   29    71  2   0.0%   0.358 AU:3    --:1    +
   87   149  2   0.0%   0.115 GU:4    +
  138   154  2   0.0%   0.270 UA:4    +
    3   149  2   0.0%   0.215 AU:4    +
   32   104  2   0.0%   0.382 AU:4    +
  102   151  2   0.0%   0.679 UA:4    +
    3   146  2   0.0%   0.213 AU:4    +
   35    46  2   0.0%   0.077 UA:4    +
   87   107  2   0.0%   0.077 GU:4    +
   87   145  2   0.0%   0.087 GC:4    +
   35   152  2   0.0%   0.999 UA:4    +
  146   154  2   0.0%   0.565 UA:4    +
   34   154  2   0.0%   0.951 UA:4    +
   61   108  2   0.0%   0.480 AU:4    +
  102   163  2   0.0%   0.442 UA:4    +
   37    87  2   0.0%   0.028 UG:4    +
    3    37  2   0.0%   0.204 AU:4    +
  102   164  2   0.0%   0.438 UA:4    +
  102   136  2   0.0%   0.097 UA:4    +
  102   162  2   0.0%   0.452 UG:4    +
   32   150  2   0.0%   0.463 AU:4    +
   50    82  2   0.0%   0.001 GC:4    +
    6   103  2   0.0%   0.057 UA:4    +
   35   148  2   0.0%   0.665 UG:4    +
   35   136  2   0.0%   0.655 UA:4    +
   92    96  2   0.0%   0.623 AU:4    +
  102   106  2   0.0%   0.063 UA:4    +
  144   152  2   0.0%   0.519 UA:4    +
  103   107  2   0.0%   0.019 AU:4    +
   45    96  2   0.0%   0.401 AU:4    +
  143   154  2   0.0%   0.385 UA:4    +
   96   140  2   0.0%   0.323 UA:4    +
  103   150  2   0.0%   0.451 AU:4    +
   43   154  2   0.0%   0.647 UA:4    +
   96   136  2   0.0%   0.348 UA:4    +
  103   146  2   0.0%   0.513 AU:4    +
  102   148  2   0.0%   0.761 UG:4    +
   35   140  2   0.0%   0.630 UA:4    +
   34    87  2   0.0%   0.139 UG:4    +
   27   144  2   0.0%   0.342 AU:4    +
  102   158  2   0.0%   0.437 UA:4    +
    3   104  2   0.0%   0.208 AU:4    +
   45   144  2   0.0%   0.093 AU:4    +
   62    79  2   0.0%   0.324 AU:4    +
    6    87  2   0.0%   0.057 UG:4    +
  121   126  2   0.0%   0.001 AU:4    +
   50   145  2   0.0%   0.011 GC:4    +
   92   108  2   0.0%   0.340 AU:4    +
   35    49  2   0.0%   0.076 UA:4    +
    7    87  2   0.0%   0.203 UG:4    +
  102   152  2   0.0%   0.637 UA:4    +
   32   149  2   0.0%   0.473 AU:4    +
  103   157  2   0.0%   0.161 AU:4    +
  101   154  2   0.0%   0.702 UA:4    +
   92   144  2   0.0%   0.345 AU:4    +
   38    97  3   0.1%   0.785 UA:3    +
   36    95  3   0.1%   0.223 CG:3    +
  104   137  3   0.1%   0.061 UG:3    +
  150   155  3   0.1%   0.371 UA:3    +
   33   161  3   0.1%   0.819 GC:3    +
  105   136  3   0.1%   0.053 UA:3    +
   30   143  3   0.1%   0.408 GU:3    +
   62    66  3   0.1%   0.097 AU:3    +
   61    73  3   0.1%   1.052 AU:3    +
  110   137  3   0.1%   0.112 GC:3    +
    1   100  3   0.1%   0.248 GC:3    +
   39    92  3   0.1%   0.218 UA:3    +
   29   103  3   0.1%   0.452 UA:3    +
   30    39  3   0.0%   0.243 GU:3    +
    7    29  3   0.0%   0.554 UA:3    +
   30    95  3   0.0%   0.248 CG:3    +
  147   159  3   0.0%   0.403 UA:3    +
    3    35  3   0.0%   0.210 AU:3    +
   67    73  3   0.0%   0.634 AU:3    +
   38    45  3   0.0%   0.048 UA:3    +
   39   160  3   0.0%   0.433 UA:3    +
   41    94  3   0.0%   0.655 UG:3    +
  100   137  3   0.0%   0.544 CG:3    +
   29   162  3   0.0%   0.510 UG:3    +
   38    95  3   0.0%   0.379 UG:3    +
   66    74  3   0.0%   0.603 AU:3    +
   38   148  3   0.0%   0.499 UG:3    +
   52    67  3   0.0%   0.079 GC:3    +
   56    63  3   0.0%   0.308 AU:3    +
   40    95  3   0.0%   0.516 CG:3    +
   41    92  3   0.0%   0.209 UA:3    +
   38    43  3   0.0%   0.036 GU:3    +
    1   153  3   0.0%   0.249 GC:3    +
   38    98  3   0.0%   0.911 UA:3    +
   28    38  3   0.0%   0.148 CG:3    +
  146   159  3   0.0%   0.402 UA:3    +
   34    41  3   0.0%   0.128 UA:3    +
   61    66  3   0.0%   0.083 AU:3    +
   40   139  3   0.0%   0.233 CG:3    +
   41   138  3   0.0%   0.334 AU:3    +
    2    27  3   0.0%   0.005 UA:3    +
    1    34  3   0.0%   0.237 GU:3    +
   62    73  3   0.0%   0.896 AU:3    +
   56    66  3   0.0%   0.078 AU:3    +
   26   150  3   0.0%   0.120 AU:3    +
   29    94  3   0.0%   0.367 UG:3    +
   29    37  3   0.0%   0.361 AU:3    +
   89    95  3   0.0%   0.523 CG:3    +
   29   158  3   0.0%   0.496 UA:3    +
   39   140  3   0.0%   0.390 UA:3    +
   89    94  3   0.0%   0.549 CG:3    +
   25    36  3   0.0%   0.008 GC:3    +
   30   157  3   0.0%   0.453 GU:3    +
   69    74  3   0.0%   1.137 GU:3    +
   29    98  3   0.0%   0.384 UG:3    +
   29    93  3   0.0%   0.363 UA:3    +
    1   156  3   0.0%   0.250 GC:3    +
   68    75  3   0.0%   0.589 UA:3    +
    1   142  3   0.0%   0.244 CG:3    +
    2   152  3   0.0%   0.248 UA:3    +
   35   103  3   0.0%   0.634 UA:3    +
    2   151  3   0.0%   0.247 UA:3    +
   38   149  3   0.0%   0.494 GU:3    +
   36   142  3   0.0%   0.299 CG:3    +
   30   101  3   0.0%   0.430 GU:3    +
   38   141  3   0.0%   0.482 GU:3    +
   59    66  3   0.0%   0.100 UA:3    +
   36   101  3   0.0%   0.702 AU:3    +
  108   137  3   0.0%   0.263 UG:3    +
    7   159  3   0.0%   0.208 UA:3    +
   91    99  3   0.0%   0.935 CG:3    +
   29   104  3   0.0%   0.447 AU:3    +
    2   163  3   0.0%   0.277 UA:3    +
   33    40  3   0.0%   0.157 GC:3    +
   36   149  3   0.0%   0.291 AU:3    +
  137   142  3   0.0%   0.590 CG:3    +
   91   149  3   0.0%   0.785 AU:3    +
  137   156  3   0.0%   0.153 GC:3    +
   38   156  3   0.0%   0.511 GC:3    +
   30   104  3   0.0%   0.372 GU:3    +
   97   105  3   0.0%   0.369 AU:3    +
    7    30  3   0.0%   0.431 UG:3    +
   38   151  3   0.0%   0.640 UA:3    +
   29    34  3   0.0%   0.475 AU:3    +
   39    45  3   0.0%   0.029 UA:3    +
   29    36  3   0.0%   0.361 UA:3    +
   91   150  3   0.0%   0.850 AU:3    +
    1    99  3   0.0%   0.237 CG:3    +
   36   143  3   0.0%   0.282 AU:3    +
   30   153  3   0.0%   0.409 GC:3    +
   38   153  3   0.0%   0.657 GC:3    +
   36   148  3   0.0%   0.293 CG:3    +
   30   142  3   0.0%   0.405 CG:3    +
  137   153  3   0.0%   0.307 GC:3    +
   39   155  3   0.0%   0.402 UA:3    +
   38   150  3   0.0%   0.613 GU:3    +
   88    95  3   0.0%   0.658 UG:3    +
   38    46  3   0.0%   0.029 UA:3    +
   41    95  3   0.0%   0.626 UG:3    +
    1   145  3   0.0%   0.244 GC:3    +
   36   104  3   0.0%   0.255 AU:3    +
   39    97  3   0.0%   0.713 UA:3    +
   29   138  3   0.0%   0.448 AU:3    +
  103   144  3   0.0%   0.395 AU:3    +
    6   159  3   0.0%   0.063 UA:3    +
   40   148  3   0.0%   0.240 CG:3    +
    1     6  3   0.0%   0.002 GU:3    +
   89   148  3   0.0%   0.224 CG:3    +
   30    37  3   0.0%   0.236 GU:3    +
   33    38  3   0.0%   0.165 GU:3    +
   40   162  3   0.0%   0.218 CG:3    +
   37    91  3   0.0%   0.027 UA:3    +
    5    41  3   0.0%   0.119 AU:3    +
   40   150  3   0.0%   0.352 AU:3    +
   39   151  3   0.0%   0.570 UA:3    +
  143   155  3   0.0%   0.212 UA:3    +
   65    73  3   0.0%   0.949 AU:3    +
    1    37  3   0.0%   0.235 GU:3    +
    6    40  3   0.0%   0.056 UA:3    +
   33    91  3   0.0%   0.160 GC:3    +
   29   160  3   0.0%   0.522 UA:3    +
   36   157  3   0.0%   0.399 AU:3    +
   91    95  3   0.0%   0.734 CG:3    +
   53    67  3   0.0%   0.360 UA:3    +
   26    97  3   0.0%   0.114 UA:3    +
  109   139  3   0.0%   0.114 CG:3    +
   38   163  3   0.0%   0.478 UA:3    +
   30    34  3   0.0%   0.353 GU:3    +
  101   109  3   0.0%   0.505 UA:3    +
    1   143  3   0.0%   0.243 GU:3    +
   34    38  3   0.0%   0.135 UG:3    +
  138   155  3   0.0%   0.111 UA:3    +
    6   155  3   0.0%   0.062 UA:3    +
   34   159  3   0.0%   0.794 UA:3    +
   29   164  3   0.0%   0.504 UA:3    +
   29   143  3   0.0%   0.490 AU:3    +
   64    73  3   0.0%   1.124 GU:3    +
    1    94  3   0.0%   0.235 CG:3    +
   34    40  3   0.0%   0.124 UA:3    +
   39   163  3   0.0%   0.405 UA:3    +
    6    26  3   0.0%   0.002 UA:3    +
   29   163  3   0.0%   0.505 UA:3    +
   30   145  3   0.0%   0.378 GC:3    +
   38   157  3   0.0%   0.475 GU:3    +
   38   152  3   0.0%   0.656 UA:3    +
  143   159  3   0.0%   0.213 UA:3    +
    1    29  3   0.0%   0.008 GU:3    +
   39   152  3   0.0%   0.585 UA:3    +
   38   147  3   0.0%   0.479 GU:3    +
   33    89  3   0.0%   0.160 GC:3    +
   96   103  3   0.0%   0.333 UA:3    +
   40   146  3   0.0%   0.215 AU:3    +
    1   149  3   0.0%   0.244 GU:3    +
    6    36  3   0.0%   0.057 UA:3    +
   33    41  3   0.0%   0.156 GU:3    +
   41   149  3   0.0%   0.334 AU:3    +
   30   148  3   0.0%   0.384 CG:3    +
   36    41  3   0.0%   0.009 AU:3    +
   37    41  3   0.0%   0.015 UA:3    +
   30   141  3   0.0%   0.394 GU:3    +
    1   157  3   0.0%   0.248 GU:3    +
   91   108  3   0.0%   0.401 AU:3    +
   53    69  3   0.0%   0.358 UG:3    +
   29   140  3   0.0%   0.448 UA:3    +
   39    46  3   0.0%   0.011 UA:3    +
   41   164  3   0.0%   0.309 UA:3    +
   29    33  3   0.0%   0.505 UG:3    +
   73   104  3   0.0%   0.588 AU:3    +
   88    97  3   0.0%   0.676 UA:3    +
   27    39  3   0.0%   0.321 AU:3    +
  105   140  3   0.0%   0.076 UA:3    +
   29   146  3   0.0%   0.471 AU:3    +
    1     7  3   0.0%   0.001 GU:3    +
   41    45  3   0.0%   0.026 UA:3    +
    8    29  3   0.0%   0.400 UA:3    +
   30    40  3   0.0%   0.237 GC:3    +
   31    69  3   0.0%   0.225 CG:3    +
   47    82  3   0.0%   0.001 GC:3    +
   33    67  3   0.0%   0.159 GC:3    +
   96   109  3   0.0%   0.320 UA:3    +
   34    66  3   0.0%   0.137 UA:3    +
   41   163  3   0.0%   0.311 UA:3    +
   36   138  3   0.0%   0.284 AU:3    +
   43   159  3   0.0%   0.483 UA:3    +
   36    64  3   0.0%   0.019 CG:3    +
   40    59  3   0.0%   0.003 AU:3    +
   41    46  3   0.0%   0.009 UA:3    +
   29   149  3   0.0%   0.474 AU:3    +
   39    61  3   0.0%   0.007 UA:3    +
   40   149  3   0.0%   0.232 AU:3    +
   38    62  3   0.0%   0.025 UA:3    +
    1   141  3   0.0%   0.241 GU:3    +
    1    95  3   0.0%   0.235 CG:3    +
   40   141  3   0.0%   0.223 AU:3    +
   38    99  3   0.0%   0.956 UG:3    +
  147   155  3   0.0%   0.397 UA:3    +
    7   155  3   0.0%   0.205 UA:3    +
   29   151  3   0.0%   0.490 UA:3    +
   41   162  3   0.0%   0.320 UG:3    +
    2    97  3   0.0%   0.234 UA:3    +
   38   143  3   0.0%   0.482 GU:3    +
   34    91  3   0.0%   0.139 UA:3    +
    6    38  3   0.0%   0.055 UG:3    +
   91   104  3   0.0%   0.407 AU:3    +
   68   109  3   0.0%   0.489 UA:3    +
   41   158  3   0.0%   0.304 UA:3    +
   30   150  3   0.0%   0.428 GU:3    +
   36   141  3   0.0%   0.278 AU:3    +
    1   148  3   0.0%   0.243 CG:3    +
   91   142  3   0.0%   0.446 CG:3    +
  137   149  3   0.0%   0.352 GU:3    +
   38   160  3   0.0%   0.496 UA:3    +
   42   154  3   0.0%   0.500 UA:3    +
   39   159  3   0.0%   0.399 UA:3    +
   88    94  3   0.0%   0.685 UG:3    +
  137   148  3   0.0%   0.427 CG:3    +
    6    41  3   0.0%   0.056 UA:3    +
   88   106  3   0.0%   0.315 UA:3    +
   29    43  3   0.0%   0.358 AU:3    +
    1   101  3   0.0%   0.240 GU:3    +
    1   150  3   0.0%   0.244 GU:3    +
   66   103  3   0.0%   0.111 UA:3    +
   63   106  3   0.0%   0.644 UA:3    +
   41   152  3   0.0%   0.494 UA:3    +
  135   154  3   0.0%   0.188 UA:3    +
  104   109  3   0.0%   0.014 UA:3    +
   43   155  3   0.0%   0.484 UA:3    +
    3     8  3   0.0%   0.001 AU:3    +
   88    92  3   0.0%   0.616 UA:3    +
   29   152  3   0.0%   0.490 UA:3    +
   30   146  3   0.0%   0.379 GU:3    +
   36   147  3   0.0%   0.279 AU:3    +
   41   146  3   0.0%   0.317 AU:3    +
   41   140  3   0.0%   0.301 UA:3    +
   37   159  3   0.0%   0.496 UA:3    +
    3    39  3   0.0%   0.204 AU:3    +
   99   109  3   0.0%   0.550 GC:3    +
  103   135  3   0.0%   0.023 AU:3    +
   37   137  3   0.0%   0.513 UG:3    +
    2   140  3   0.0%   0.240 UA:3    +
   91   147  3   0.0%   0.426 AU:3    +
    8   154  3   0.0%   0.049 UA:3    +
   29    42  3   0.0%   0.358 AU:3    +
   91    96  3   0.0%   0.703 AU:3    +
   38   146  3   0.0%   0.473 GU:3    +
    1   139  3   0.0%   0.240 CG:3    +
   30   110  3   0.0%   0.370 CG:3    +
   50    67  3   0.0%   0.001 GC:3    +
    7    91  3   0.0%   0.201 UA:3    +
   55    66  3   0.0%   0.370 AU:3    +
   89    99  3   0.0%   0.721 CG:3    +
   30    41  3   0.0%   0.237 GU:3    +
   67   110  3   0.0%   0.073 CG:3    +
   73    98  3   0.0%   1.083 UG:3    +
   29    45  3   0.0%   0.358 UA:3    +
   36    50  3   0.0%   0.019 CG:3    +
   40   138  3   0.0%   0.226 AU:3    +
   39   154  3   0.0%   0.564 UA:3    +
   28   137  3   0.0%   0.158 CG:3    +
  137   146  3   0.0%   0.466 GU:3    +
   38   101  3   0.0%   0.906 GU:3    +
   38    48  3   0.0%   0.025 UG:3    +
   30   139  3   0.0%   0.372 CG:3    +
   38   140  3   0.0%   0.455 UA:3    +
   29    46  3   0.0%   0.358 UA:3    +
   37   155  3   0.0%   0.497 UA:3    +
   91   146  3   0.0%   0.420 AU:3    +
   41   150  3   0.0%   0.453 AU:3    +
    1   147  3   0.0%   0.243 GU:3    +
   38   145  3   0.0%   0.463 GC:3    +
    1    96  3   0.0%   0.235 GU:3    +
    6   137  3   0.0%   0.057 UG:3    +
    3   108  3   0.0%   0.208 AU:3    +
  141   155  3   0.0%   0.224 UA:3    +
   29   106  3   0.0%   0.446 UA:3    +
  137   145  3   0.0%   0.480 GC:3    +
   38   139  3   0.0%   0.487 UG:3    +
    3   135  3   0.0%   0.208 AU:3    +
    1    40  3   0.0%   0.234 GC:3    +
   31   137  3   0.0%   0.345 CG:3    +
   94   109  3   0.0%   0.414 GC:3    +
   30    94  3   0.0%   0.241 CG:3    +
   29   109  3   0.0%   0.446 UA:3    +
  109   133  3   0.0%   0.005 AU:3    +
   41   160  3   0.0%   0.336 UA:3    +
   38   136  3   0.0%   0.480 UA:3    +
   36   146  3   0.0%   0.273 AU:3    +
   26    34  3   0.0%   0.063 AU:3    +
   26   151  3   0.0%   0.116 UA:3    +
   89   142  3   0.0%   0.225 CG:3    +
   26   160  3   0.0%   0.142 UA:3    +
    1   146  3   0.0%   0.243 GU:3    +
    2   136  3   0.0%   0.239 UA:3    +
   41    98  3   0.0%   0.793 UG:3    +
   36   139  3   0.0%   0.286 CG:3    +
   29   136  3   0.0%   0.446 UA:3    +
    7    36  3   0.0%   0.203 UA:3    +
  118   124  3   0.0%   0.000 GC:3    +
  101   137  3   0.0%   0.541 UG:3    +
   41   141  3   0.0%   0.325 AU:3    +
   41   137  3   0.0%   0.326 UG:3    +
   26    37  3   0.0%   0.113 AU:3    +
   41   143  3   0.0%   0.325 AU:3    +
    1   138  3   0.0%   0.240 GU:3    +
   29    91  3   0.0%   0.359 UA:3    +
   41   148  3   0.0%   0.341 UG:3    +
   36    48  3   0.0%   0.019 CG:3    +
   95   137  3   0.0%   0.389 GC:3    +
   30   147  3   0.0%   0.379 GU:3    +
    6    91  3   0.0%   0.055 UA:3    +
   83   154  3   0.0%   0.191 UA:3    +
   39    98  3   0.0%   0.840 UG:3    +
   27   105  3   0.0%   0.322 AU:3    +
   95   161  3   0.0%   0.656 GC:3    +
   88    98  3   0.0%   0.811 UA:3    +
   88    99  3   0.0%   0.859 UG:3    +
   69   100  3   0.0%   1.056 GC:3    +
   47   145  3   0.0%   0.022 GC:3    +
   47    54  3   0.0%   0.000 GC:3    +
   30   108  3   0.0%   0.370 GU:3    +
   30   138  3   0.0%   0.371 GU:3    +
   27    88  3   0.0%   0.322 AU:3    +
   91   157  3   0.0%   0.602 AU:3    +
   92   105  3   0.0%   0.340 AU:3    +
  139   161  3   0.0%   0.152 GC:3    +
   40   143  3   0.0%   0.223 AU:3    +
    7    40  3   0.0%   0.201 UA:3    +
   30    43  3   0.0%   0.237 GU:3    +
  109   146  3   0.0%   0.396 AU:3    +
   94   161  3   0.0%   0.711 GC:3    +
    8    32  3   0.0%   0.051 UA:3    +
   38   142  3   0.0%   0.499 UG:3    +
    2    92  3   0.0%   0.233 UA:3    +
   26    33  3   0.0%   0.071 UG:3    +
   95   109  3   0.0%   0.358 GC:3    +
   29   107  3   0.0%   0.446 AU:3    +
   29    95  3   0.0%   0.364 UG:3    +
   88   163  3   0.0%   0.401 UA:3    +
   28    47  3   0.0%   0.144 CG:3    +
   41   151  3   0.0%   0.479 UA:3    +
   26   163  3   0.0%   0.123 UA:3    +
   98   134  3   0.0%   0.501 GC:3    +
   88   160  3   0.0%   0.427 UA:3    +
   26    43  3   0.0%   0.113 AU:3    +
   26   142  3   0.0%   0.117 UG:3    +
   91   101  3   0.0%   0.841 AU:3    +
  137   147  3   0.0%   0.442 GU:3    +
   89   110  3   0.0%   0.179 CG:3    +
  109   141  3   0.0%   0.209 AU:3    +
    1    39  3   0.0%   0.234 GU:3    +
   88   148  3   0.0%   0.358 UG:3    +
   98   161  3   0.0%   0.771 GC:3    +
  115   128  3   0.0%   0.000 AU:3    +
    4    41  3   0.0%   0.018 AU:3    +
   99   137  3   0.0%   0.581 GC:3    +
  101   159  3   0.0%   0.537 UA:3    +
  103   147  3   0.0%   0.489 AU:3    +
   31    47  3   0.0%   0.225 CG:3    +
   26   101  3   0.0%   0.115 AU:3    +
  119   128  3   0.0%   0.024 AU:3    +
   30    50  3   0.0%   0.236 CG:3    +
   29   148  3   0.0%   0.475 UG:3    +
   44   105  3   0.0%   0.592 AU:3    +
   26   143  3   0.0%   0.119 AU:3    +
    3    42  3   0.0%   0.204 AU:3    +
   26   139  3   0.0%   0.113 UG:3    +
......(((((((((...)))))))))....((((.(((((((..((((((((((.......)))...........).)))))..)....)))))))))))(((((((.(((((((((((...))))))))))).)))))))(((((((........)))))))
