6 sequence; length of alignment 159
alifold output
  128   150  0  99.7%   0.011 UG:2    UA:4   
  131   147  0  99.6%   0.012 UG:3    UA:3   
  130   148  0  99.8%   0.006 UA:6   
  135   143  0  98.5%   0.048 GU:3    AU:3   
  133   145  2  99.9%   0.003 CG:4   
  134   144  1  99.6%   0.014 AU:5   
  125   153  0  99.0%   0.070 CG:6   
  129   149  2  99.6%   0.012 UA:4   
  127   151  2  99.0%   0.032 UA:4   
  126   152  3  98.5%   0.063 AU:3   
  132   146  2  97.3%   0.080 GU:3    AU:1   
  136   142  0  94.2%   0.172 AU:2    UA:4   
   24   114  0  88.4%   0.676 GC:2    AU:4    +
   28   110  0  89.2%   0.630 GC:6    +
   25   113  0  89.2%   0.759 GC:6    +
   26   112  0  89.1%   0.555 AU:6    +
   27   111  3  89.0%   0.600 GC:1    GU:2    +
   29   109  2  88.3%   0.661 CG:4    +
   32    52  0  81.3%   0.682 CG:6    +
   31    53  0  81.2%   0.905 GC:6    +
   33    51  1  76.7%   0.885 CG:1    UG:1    UA:3    +
   30    54  2  65.1%   1.226 GU:1    UA:3    +
   35    47  0  61.7%   1.215 GC:6    +
   14    23  0  57.2%   1.235 CG:6    +
   36    46  0  56.2%   1.244 CG:1    UG:5    +
   15    22  1  56.1%   1.249 UA:5    +
  124   154  2  48.3%   1.759 UG:4   
    7   119  0  47.3%   1.657 GC:6    +
    6   120  2  46.6%   1.738 GC:2    GU:2    +
   34    50  0  44.5%   1.588 UA:6    +
    8   118  3  42.6%   1.538 AU:3    +
   16    21  2  40.9%   1.347 GU:4    +
   11   115  2  37.6%   1.776 CG:4    +
   10   116  0  36.8%   1.416 AU:6    +
   80   100  0  36.3%   1.655 GC:6   
   79   101  0  36.0%   1.567 GC:4    --:2   
    5   121  2  36.5%   1.538 UA:4    +
   81    99  0  34.1%   1.692 UG:1    UA:5   
  123   155  3  33.1%   1.840 GC:1    AU:2   
   37    45  2  32.2%   1.346 UG:3    UA:1    +
   34    48  3  28.8%   1.252 UA:3    +
   80    96  0  26.1%   1.312 GC:4    GU:2    +
   81    95  0  26.0%   1.350 UA:6    +
   79    97  0  26.0%   1.239 GC:4    --:2    +
   38    45  1  25.1%   1.613 CG:3    GC:1    GU:1    +
   80   103  0  23.9%   1.976 GC:6    +
   79   104  0  23.7%   1.924 GC:4    --:2    +
   85    91  0  22.5%   1.494 GC:5    GU:1    +
   82    94  2  23.9%   1.197 AU:4    +
   81   102  2  21.6%   1.970 UG:1    UA:3    +
   11   154  0  21.0%   1.753 CG:6    +
    9   156  1  21.0%   1.081 UG:1    UA:4    +
   85    97  0  20.7%   2.429 GC:6    +
   10   155  2  21.1%   1.400 AU:4    +
    8   157  2  20.6%   1.630 AU:4    +
   84    95  0  19.8%   1.681 UA:6   
   85    94  0  19.7%   2.129 GU:6   
   84    98  0  19.5%   1.949 UA:6    +
    7   158  2  19.2%   1.881 GC:2    GU:2    +
   88    97  0  18.7%   2.424 GC:6    +
   87    98  0  18.4%   2.108 UA:6    +
   83    96  3  18.8%   1.658 GC:2    AU:1   
   86    93  2  17.4%   1.687 AU:4   
   58    65  0  15.1%   1.219 GU:4    AU:2    +
   78    98  0  15.0%   1.051 UA:4    --:2    +
   57    66  2  15.1%   1.442 GU:4    +
   85   100  0  14.2%   2.555 GC:6    +
   38    57  0  12.9%   1.262 CG:4    GC:2   
   37    58  0  12.9%   1.546 UG:4    UA:2   
   56    67  0  13.4%   1.093 UA:6    +
   34    61  0  12.3%   1.623 UG:2    UA:4   
   43    52  0  11.8%   1.074 CG:3    UG:3   
   59    64  0  12.7%   1.259 AU:6    +
   37    46  0  12.6%   1.723 UG:6    +
   35    60  2  12.8%   1.301 GC:1    GU:3   
   36    59  1  12.9%   1.279 UA:5   
   57    62  2  12.9%   1.324 GC:4    +
   44    51  0  11.2%   1.002 UG:2    UA:4   
    2   124  0  11.0%   0.878 CG:2    AU:4    +
   66    85  0  10.7%   1.456 CG:2    UG:4    +
   87    95  0  11.2%   1.711 UA:6    +
   88    94  0  11.2%   1.883 GU:6    +
   67    84  0  11.1%   1.309 AU:6    +
    3   123  3  11.5%   0.974 CG:1    AU:2    +
    6   114  0  10.0%   1.077 GC:2    GU:4   
   42    53  3  11.7%   1.103 GC:3   
   15    27  0   9.0%   1.217 CG:1    UG:2    UA:3   
    5   115  0  10.0%   0.893 UG:4    UA:2   
   68    83  2  11.0%   0.762 CG:2    GC:2    +
   33    62  3  11.0%   1.176 GC:1    UA:2   
    6   159  1  10.0%   1.735 GC:2    GU:3    +
    7   113  0  10.0%   0.977 GC:6   
    4   116  0   9.9%   0.717 AU:6   
   86    90  3  10.4%   1.327 AU:3    +
   56    63  2   9.9%   0.732 UA:4    +
   14    28  0   9.1%   1.214 CG:6   
    6    15  0   7.9%   0.726 GC:1    GU:5    +
   41    54  3   9.6%   1.133 AU:3   
   65    86  0   8.8%   1.453 UA:6    +
    8   112  0   8.7%   0.659 AU:6   
   13    29  2   9.1%   0.722 GC:4   
   11    31  0   8.2%   0.799 CG:6   
    7    14  0   8.1%   0.653 GC:6    +
    3   117  3   8.7%   0.649 AU:3   
   12    30  3   8.4%   0.736 UG:1    AU:2   
   66    76  0   6.7%   1.080 CG:2    UA:4    +
   55    64  2   6.5%   0.574 AU:4    +
   72    80  0   4.7%   0.665 CG:2    UG:4    +
    5    16  0   4.7%   0.445 UG:4    UA:2    +
   22   116  0   5.5%   1.546 AU:6    +
   67    75  2   6.0%   0.935 AU:4    +
   88    96  0   4.2%   1.734 GC:4    GU:2    +
   61    89  0   4.1%   0.893 GU:2    AU:4    +
   65    77  0   4.8%   0.993 UA:4    --:2    +
   89    95  0   4.7%   1.787 UA:6    +
   71    81  0   4.6%   0.584 AU:6    +
   58    93  1   3.7%   1.141 GC:1    GU:2    AU:2    +
   32    46  0   3.7%   0.405 CG:6    +
   31    47  0   3.7%   0.618 GC:6    +
   59    92  0   3.6%   1.060 AU:6    +
   62    88  2   4.3%   1.009 CG:4    +
   61    66  0   2.4%   0.908 GC:2    AU:4    +
   62    90  2   3.7%   1.227 CG:2    AU:2    +
    2   118  3   4.0%   0.402 AU:3    +
   35    43  0   2.2%   0.359 GC:3    GU:3    +
   60    90  3   3.5%   0.842 CG:1    UG:1    AU:1    +
   63    87  2   3.7%   0.757 AU:4    +
   56    95  0   3.0%   0.932 UA:6    +
   61    91  3   3.5%   0.995 GC:2    AU:1    +
   33    45  3   3.4%   0.377 CG:1    UG:2    +
   63    89  2   3.6%   1.006 AU:4    +
   58    96  1   2.3%   1.160 GC:3    GU:1    AU:1    +
   57    94  2   3.5%   1.351 GU:4    +
  122   154  0   2.8%   0.776 CG:6    +
   58    69  0   0.8%   0.781 GC:3    GU:1    AU:2    +
   72    79  0   1.6%   0.364 CG:1    UG:3    --:2    +
   89    99  0   1.5%   1.070 UG:1    UA:5    +
   64    88  0   2.5%   1.160 UG:6    +
   30    48  2   2.8%   0.536 GU:1    UA:3    +
   61    87  0   1.4%   0.559 GU:2    AU:4    +
   27    36  0   0.2%   0.271 GC:1    GU:2    AU:3    +
   64    86  0   2.2%   0.850 UA:6    +
   19    24  0   1.2%   0.254 UG:2    UA:4    +
   15    51  0   0.2%   0.818 CG:1    UG:1    UA:4    +
   56    98  0   2.2%   0.976 UA:6    +
  123   157  0   0.1%   1.028 GU:1    AU:3    UA:2    +
   60   102  0   0.1%   0.587 CG:1    AU:2    UA:3    +
   36    42  2   2.1%   0.290 CG:1    UG:2    UA:1    +
   36   109  0   0.0%   0.924 CG:1    UG:3    UA:2    +
   27   114  0   0.0%   0.743 GC:2    GU:1    AU:3    +
   13   114  0   0.0%   0.570 GC:2    GU:2    AU:2    +
   69   109  0   0.0%   0.315 CG:3    UG:1    UA:2    +
   24    36  0   0.0%   0.083 GC:1    GU:1    AU:4    +
   15   115  0   0.0%   1.476 CG:1    UG:3    UA:2    +
  109   114  0   0.0%   0.621 GC:2    GU:2    AU:2    +
  129   147  0   0.0%   0.001 CG:2    UG:1    UA:3    +
   15   150  0   0.0%   0.848 CG:1    UG:1    UA:4    +
   16   114  0   0.0%   0.809 GC:2    GU:2    AU:2    +
   83   127  0   0.0%   0.581 CG:2    GU:2    AU:2    +
   16    69  0   0.0%   0.545 GC:3    GU:1    AU:2    +
   69   115  0   0.0%   0.777 CG:3    UG:1    UA:2    +
   36    58  0   0.0%   0.488 CG:1    UG:3    UA:2    +
   42    75  0   0.0%   0.391 GU:3    AU:1    UA:2    +
   21   132  0   0.0%   0.486 CG:2    UG:3    UA:1    +
   33    49  2   2.7%   0.413 UA:4    +
    6    11  0   2.0%   0.233 GC:6    +
  121   155  2   2.6%   1.050 AU:4    +
    9   115  0   0.9%   0.404 UG:4    UA:2    +
    7   117  0   0.9%   0.863 GC:3    GU:3    +
   64    71  0   1.9%   0.721 UA:6    +
   47    52  0   1.8%   1.131 CG:6    +
   46    53  0   1.8%   1.565 GC:6    +
   57    97  2   2.4%   1.391 GC:4    +
   17    25  2   2.4%   0.331 CG:4    +
   59    89  0   1.6%   0.805 AU:6    +
   58    90  2   1.6%   0.873 GC:1    GU:1    AU:2    +
   37    41  0   1.6%   0.299 UA:6    +
   81   109  0   0.6%   1.584 UG:4    UA:2    +
   35    40  0   1.5%   0.245 GC:6    +
   88   100  0   1.5%   1.879 GC:6    +
   34    49  0   1.4%   0.704 UA:6    +
   73    78  0   1.4%   0.290 AU:4    --:2    +
   34    41  0   1.4%   0.193 UA:6    +
   84    99  0   0.3%   1.332 UG:1    UA:5    +
   60    67  3   2.0%   0.783 UA:3    +
   40    46  0   1.2%   1.124 CG:6    +
    9    16  0   0.2%   0.191 UG:4    UA:2    +
    5    13  0   0.2%   0.042 UG:4    UA:2    +
   23   117  0   0.2%   0.851 GC:3    GU:3    +
   28    36  0   0.2%   0.284 GC:1    GU:5    +
   60    88  2   1.5%   0.552 CG:1    UG:3    +
   57    91  2   1.5%   1.110 GC:3    GU:1    +
   13   152  0   0.2%   0.384 GU:4    AU:2    +
   65    76  0   0.2%   0.574 UG:2    UA:4    +
   59    65  0   1.2%   1.041 AU:6    +
   58    92  0   0.2%   0.796 GU:4    AU:2    +
   85   101  0   1.2%   2.153 GC:6    +
   11    23  0   1.2%   0.267 CG:6    +
   31    66  0   0.1%   0.558 GC:2    GU:4    +
   46    96  0   0.1%   0.974 GC:4    GU:2    +
   69    80  0   0.1%   0.121 CG:3    UG:3    +
   58    94  0   0.1%   1.033 GU:4    AU:2    +
  115   122  2   1.8%   0.957 GC:4    +
   31    43  0   0.1%   0.243 GC:3    GU:3    +
   52   110  0   1.1%   0.850 GC:6    +
   56    61  0   0.1%   0.320 UG:2    UA:4    +
    1    21  0   0.1%   0.026 GC:2    AU:4    +
   13    19  0   0.1%   0.096 GU:4    AU:2    +
   51    92  0   0.1%   0.521 GU:2    AU:4    +
   52    91  0   0.1%   0.572 GC:5    GU:1    +
   13   116  0   0.1%   0.997 GU:4    AU:2    +
   58    64  0   0.1%   0.504 GU:4    AU:2    +
   85    96  0   0.1%   1.766 GC:4    GU:2    +
   15    23  0   0.1%   0.933 CG:1    UG:5    +
   87    99  0   0.1%   1.168 UG:1    UA:5    +
    9    13  0   0.1%   0.029 UG:4    UA:2    +
   27    37  0   0.1%   0.276 GU:3    AU:3    +
   16    44  0   0.1%   0.547 GU:4    AU:2    +
   69    79  0   0.1%   0.106 CG:3    UG:1    --:2    +
   92    99  0   0.1%   0.699 UG:1    UA:5    +
   64    76  0   0.0%   0.595 UG:2    UA:4    +
   16   116  0   0.0%   1.236 GU:4    AU:2    +
   61    81  0   0.0%   0.380 GU:2    AU:4    +
   56    76  0   0.0%   0.611 UG:2    UA:4    +
   75    82  0   0.0%   0.221 AU:2    UA:4    +
    6    21  0   0.0%   0.393 GC:2    GU:4    +
  120   156  3   1.3%   0.876 UG:1    AU:1    UA:1    +
   28    43  0   0.0%   0.255 GC:3    GU:3    +
   23    43  0   0.0%   0.465 GC:3    GU:3    +
   24   112  0   0.0%   0.327 GU:2    AU:4    +
   21   154  0   0.0%   0.830 CG:2    UG:4    +
   76    81  0   0.0%   0.406 GU:2    AU:4    +
   27    44  0   0.0%   0.263 GU:3    AU:3    +
   23   114  0   0.0%   0.725 GC:2    GU:4    +
    6   155  0   0.0%   1.045 GC:2    GU:4    +
   24   116  0   0.0%   1.065 GU:2    AU:4    +
    1   155  0   0.0%   0.033 GC:2    AU:4    +
    9   109  0   0.0%   0.050 UG:4    UA:2    +
   61    65  0   0.0%   0.682 GU:2    AU:4    +
   51    64  0   0.0%   0.502 GU:2    AU:4    +
    6   117  0   0.0%   0.839 GC:3    GU:3    +
    1    19  0   0.0%   0.008 GU:2    AU:4    +
   78    99  0   0.0%   0.410 UG:1    UA:3    --:2    +
   52    69  0   0.0%   0.548 GC:3    GU:3    +
   61    92  0   0.0%   0.833 GU:2    AU:4    +
   25   117  0   0.0%   0.645 GC:3    GU:3    +
   89   109  0   0.0%   0.780 UG:4    UA:2    +
   52    66  0   0.0%   0.557 GC:2    GU:4    +
   61    94  0   0.0%   0.843 GU:2    AU:4    +
   21    61  0   0.0%   0.469 CG:2    UA:4    +
  109   116  0   0.0%   1.115 GU:4    AU:2    +
   36    52  0   0.0%   0.700 CG:1    UG:5    +
  135   141  0   0.0%   0.004 GU:3    AU:3    +
  132   141  0   0.0%   0.003 GU:5    AU:1    +
   94    99  0   0.0%   1.567 UG:1    UA:5    +
   37    51  0   0.0%   0.992 UG:2    UA:4    +
   31    69  0   0.0%   0.540 GC:3    GU:3    +
   58    84  0   0.0%   0.673 GU:4    AU:2    +
   51    56  0   0.0%   0.522 GU:2    AU:4    +
   21    31  0   0.0%   0.656 CG:2    UG:4    +
   15   153  0   0.0%   0.881 CG:1    UG:5    +
   69    85  0   0.0%   0.384 CG:3    UG:3    +
   51    65  0   0.0%   0.494 GU:2    AU:4    +
   25    91  0   0.0%   0.208 GC:5    GU:1    +
   24    92  0   0.0%   0.106 GU:2    AU:4    +
   34    51  0   0.0%   1.083 UG:2    UA:4    +
    9    99  0   0.0%   0.044 UG:1    UA:5    +
    1     5  0   0.0%   0.002 GU:2    AU:4    +
   72    88  0   0.0%   0.665 CG:2    UG:4    +
   52    96  0   0.0%   0.566 GC:4    GU:2    +
   44   115  0   0.0%   0.959 UG:4    UA:2    +
   19   115  0   0.0%   0.793 UG:4    UA:2    +
   78    83  0   0.0%   0.353 UG:2    UA:2    --:2    +
   64    99  0   0.0%   0.790 UG:1    UA:5    +
   17    57  0   0.0%   0.133 CG:4    GC:2    +
   66    88  0   0.0%   1.237 CG:2    UG:4    +
    7    21  0   0.0%   0.290 GC:2    GU:4    +
   56    99  0   0.0%   0.813 UG:1    UA:5    +
    7    15  0   0.0%   0.432 GC:1    GU:5    +
   19    61  0   0.0%   0.139 UG:2    UA:4    +
   52    72  0   0.0%   0.546 GC:2    GU:4    +
   72    85  0   0.0%   0.644 CG:2    UG:4    +
    9    27  0   0.0%   0.037 UG:3    UA:3    +
    7   155  0   0.0%   0.933 GC:2    GU:4    +
   54   108  1   1.0%   0.804 AU:2    UA:3    +
   16   152  0   0.0%   0.635 GU:4    AU:2    +
   80    91  0   0.0%   0.360 GC:5    GU:1    +
   65    99  0   0.0%   0.957 UG:1    UA:5    +
   24    56  0   0.0%   0.114 GU:2    AU:4    +
   69    88  0   0.0%   0.403 CG:3    UG:3    +
    7    96  0   0.0%   0.262 GC:4    GU:2    +
   15    25  0   0.0%   0.590 CG:1    UG:5    +
   76    84  0   0.0%   0.473 GU:2    AU:4    +
   66    80  0   0.0%   0.703 CG:2    UG:4    +
   12   121  0   0.0%   0.701 AU:2    UA:4    +
    6    66  0   0.0%   0.362 GC:2    GU:4    +
   84   115  0   0.0%   1.637 UG:4    UA:2    +
   23   155  0   0.0%   0.876 GC:2    GU:4    +
   27    89  0   0.0%   0.282 GU:3    AU:3    +
    6    91  0   0.0%   0.362 GC:5    GU:1    +
   35    69  0   0.0%   0.777 GC:3    GU:3    +
   21    25  0   0.0%   0.625 CG:2    UG:4    +
   21    35  0   0.0%   0.453 CG:2    UG:4    +
   13    81  0   0.0%   0.303 GU:4    AU:2    +
   25    66  0   0.0%   0.207 GC:2    GU:4    +
    1     9  0   0.0%   0.001 GU:2    AU:4    +
   15    79  0   0.0%   0.796 CG:1    UG:3    --:2    +
   12    82  0   0.0%   0.330 AU:2    UA:4    +
   46   117  0   0.0%   1.290 GC:3    GU:3    +
   37    61  0   0.0%   1.281 UG:2    UA:4    +
   24    37  0   0.0%   0.083 GU:2    AU:4    +
    6    36  0   0.0%   0.358 GC:1    GU:5    +
   79    91  0   0.0%   0.278 GC:3    GU:1    --:2    +
   25    36  0   0.0%   0.180 GC:1    GU:5    +
   56   115  0   0.0%   1.510 UG:4    UA:2    +
   75   121  0   0.0%   0.601 AU:2    UA:4    +
   79   114  0   0.0%   1.554 GC:2    GU:2    --:2    +
   35    72  0   0.0%   0.776 GC:2    GU:4    +
   35    66  0   0.0%   0.786 GC:2    GU:4    +
   76    92  0   0.0%   0.371 GU:2    AU:4    +
   27    92  0   0.0%   0.282 GU:3    AU:3    +
   19    27  0   0.0%   0.350 UG:3    UA:3    +
   28    91  0   0.0%   0.289 GC:5    GU:1    +
   27    64  0   0.0%   0.282 GU:3    AU:3    +
   31    72  0   0.0%   0.539 GC:2    GU:4    +
  130   147  0   0.0%   0.000 UG:3    UA:3    +
   37    99  0   0.0%   1.028 UG:1    UA:5    +
   76   112  0   0.0%   0.584 GU:2    AU:4    +
   65   109  0   0.0%   1.145 UG:4    UA:2    +
    9    76  0   0.0%   0.042 UG:2    UA:4    +
  117   154  0   0.0%   0.669 CG:3    UG:3    +
   27    56  0   0.0%   0.292 GU:3    AU:3    +
   76    87  0   0.0%   0.410 GU:2    AU:4    +
   24    65  0   0.0%   0.105 GU:2    AU:4    +
    9    24  0   0.0%   0.035 UG:2    UA:4    +
   23    66  0   0.0%   0.465 GC:2    GU:4    +
   19   145  0   0.0%   0.154 UG:4    UA:2    +
   64   109  0   0.0%   0.978 UG:4    UA:2    +
    1   116  0   0.0%   0.012 GU:2    AU:4    +
   51    78  0   0.0%   0.492 GU:1    AU:3    --:2    +
   24    94  0   0.0%   0.106 GU:2    AU:4    +
   13    44  0   0.0%   0.286 GU:4    AU:2    +
   19    58  0   0.0%   0.138 UG:4    UA:2    +
   99   116  0   0.0%   1.342 GU:1    AU:5    +
  121   136  0   0.0%   0.421 AU:4    UA:2    +
   79    96  0   0.0%   0.180 GC:3    GU:1    --:2    +
   56   109  0   0.0%   1.047 UG:4    UA:2    +
  115   152  0   0.0%   0.769 GU:4    AU:2    +
   58    89  0   0.0%   0.675 GU:4    AU:2    +
   15   154  0   0.0%   1.181 CG:1    UG:5    +
   28   114  0   0.0%   0.747 GC:2    GU:4    +
   24    64  0   0.0%   0.104 GU:2    AU:4    +
   12    73  0   0.0%   0.330 AU:2    UA:4    +
   21    76  0   0.0%   0.467 CG:2    UA:4    +
   58    81  0   0.0%   0.671 GU:4    AU:2    +
  128   147  0   0.0%   0.000 UG:3    UA:3    +
   51    94  0   0.0%   0.514 GU:2    AU:4    +
    9    58  0   0.0%   0.041 UG:4    UA:2    +
    7    36  0   0.0%   0.258 GC:1    GU:5    +
  106   146  0   0.0%   0.104 CG:2    AU:4    +
   58    87  0   0.0%   0.676 GU:4    AU:2    +
  109   141  0   0.0%   0.259 GU:4    AU:2    +
  117   153  0   0.0%   0.364 CG:3    UG:3    +
  114   153  0   0.0%   0.399 CG:2    UG:4    +
   28    96  0   0.0%   0.288 GC:4    GU:2    +
   19    51  0   0.0%   0.142 UG:2    UA:4    +
   61    84  0   0.0%   0.373 GU:2    AU:4    +
   44    58  0   0.0%   0.557 UG:4    UA:2    +
   21    46  0   0.0%   0.469 CG:2    UG:4    +
   21    28  0   0.0%   0.674 CG:2    UG:4    +
    1    66  0   0.0%   0.012 GC:2    AU:4    +
  121   127  0   0.0%   0.421 UG:2    AU:4    +
   13   141  0   0.0%   0.346 GU:4    AU:2    +
   15   139  0   0.0%   0.847 CG:1    UG:5    +
   25   114  0   0.0%   0.670 GC:2    GU:4    +
   76    89  0   0.0%   0.542 GU:2    AU:4    +
   19    99  0   0.0%   0.138 UG:1    UA:5    +
   55   124  0   0.0%   0.509 CG:2    AU:4    +
   27    69  0   0.0%   0.281 GC:3    AU:3    +
   24   129  0   0.0%   0.222 GC:2    AU:4    +
   85   117  0   0.0%   2.018 GC:3    GU:3    +
  116   132  0   0.0%   0.907 UG:5    UA:1    +
   87   115  0   0.0%   1.445 UG:4    UA:2    +
   35    96  0   0.0%   0.776 GC:4    GU:2    +
   27   112  0   0.0%   0.708 GU:3    AU:3    +
   76    94  0   0.0%   0.380 GU:2    AU:4    +
    8   116  0   0.9%   0.598 AU:6    +
   18    25  2   1.3%   0.335 CG:3    UG:1    +
   65    70  2   1.5%   0.635 UA:4    +
   86    92  0   0.8%   0.819 AU:6    +
   63    72  3   1.5%   0.453 AU:3    +
   51   111  2   1.1%   0.758 GC:2    AU:2    +
   85    93  1   0.7%   0.899 GC:1    GU:4    +
   65    85  0   0.7%   0.797 UG:6    +
   81    98  0   0.7%   1.023 UA:6    +
   29    52  0   0.6%   0.363 CG:6    +
   28    53  0   0.6%   0.369 GC:6    +
   72    76  1   0.1%   0.367 CG:1    UG:1    UA:3    +
   38    46  2   1.3%   1.303 CG:4    +
   80   110  0   0.6%   1.534 GC:6    +
   30   102  1   0.1%   0.664 GU:1    UG:1    UA:3    +
   85   104  0   0.5%   2.203 GC:6    +
   72   109  1   0.0%   0.593 CG:1    UG:3    UA:1    +
   50   112  0   0.5%   0.805 AU:6    +
   33   102  1   0.0%   0.706 GU:1    UG:1    UA:3    +
   61    72  1   0.0%   0.398 GC:1    GU:1    AU:3    +
   58    72  1   0.0%   0.696 GC:1    GU:3    AU:1    +
   51    72  1   0.0%   0.494 GC:1    GU:1    AU:3    +
   51    66  1   0.0%   0.505 GC:1    GU:1    AU:3    +
   38    42  1   0.5%   0.211 CG:3    GU:2    +
   93   102  1   0.0%   0.964 UG:1    AU:1    UA:3    +
   33   109  1   0.0%   0.850 CG:1    UG:2    UA:2    +
   27    33  1   0.0%   0.226 GC:1    GU:2    AU:2    +
   51    93  1   0.0%   0.515 GC:1    GU:1    AU:3    +
   17    45  1   0.0%   0.130 CG:3    GC:1    GU:1    +
   12    45  1   0.0%   0.319 UG:3    AU:1    UA:1    +
   27    93  1   0.0%   0.282 GC:1    GU:2    AU:2    +
   13    72  1   0.0%   0.303 GC:1    GU:3    AU:1    +
   96   109  1   0.0%   1.144 CG:3    UG:1    UA:1    +
   31   107  2   1.1%   0.762 GC:4    +
   79   111  1   0.5%   1.404 GC:1    GU:2    --:2    +
   12    22  2   1.1%   0.192 UA:4    +
    6   119  0   0.5%   0.711 GC:6    +
   53   109  2   1.1%   0.859 CG:4    +
    7    11  0   0.4%   0.148 GC:6    +
    5    20  0   0.4%   0.228 UA:6    +
   23    40  0   0.4%   0.501 GC:6    +
   58    66  2   1.1%   1.039 GU:4    +
   31   104  0   0.4%   0.641 GC:6    +
   54    65  3   1.2%   0.718 AU:3    +
    6    19  0   0.4%   0.414 GU:6    +
  116   121  2   1.1%   1.373 UA:4    +
   30    51  1   0.4%   0.402 UG:2    UA:3    +
   26    37  0   0.4%   0.072 AU:6    +
   90    98  3   1.1%   1.779 UA:3    +
    6    14  0   0.4%   0.161 GC:6    +
   29    35  0   0.4%   0.285 CG:6    +
   23   116  0   0.4%   1.364 GU:6    +
   57    69  2   0.7%   0.968 GC:3    GU:1    +
   56    71  0   0.4%   0.632 UA:6    +
   88   101  0   0.3%   1.584 GC:6    +
   63    75  1   0.3%   0.364 AU:4    UA:1    +
   82   105  1   0.3%   0.587 AU:3    UA:2    +
   40    45  3   1.1%   1.103 CG:3    +
    6   122  0   0.3%   1.070 GC:6    +
   84   102  2   0.6%   1.384 UG:1    UA:3    +
   88    93  1   0.3%   0.855 GC:1    GU:4    +
   66    73  2   1.0%   0.628 UA:4    +
   11    25  0   0.3%   0.213 CG:6    +
   59    94  0   0.3%   1.001 AU:6    +
   79   108  1   0.3%   1.297 GC:1    GU:2    --:2    +
    6   104  0   0.3%   0.417 GC:6    +
    7   103  0   0.3%   0.317 GC:6    +
   80   104  0   0.3%   1.711 GC:6    +
    9    20  0   0.2%   0.087 UA:6    +
   10    19  0   0.2%   0.094 AU:6    +
   73   105  1   0.2%   0.286 AU:3    UA:2    +
   85   103  0   0.2%   2.098 GC:6    +
   29    46  0   0.2%   0.295 CG:6    +
   28    47  0   0.2%   0.293 GC:6    +
   78   106  0   0.2%   0.483 UA:4    --:2    +
   71    78  0   0.2%   0.169 AU:4    --:2    +
   64    77  0   0.2%   0.620 UA:4    --:2    +
   23   119  0   0.2%   0.936 GC:6    +
   14    52  0   0.2%   0.811 CG:6    +
   85    92  0   0.2%   0.809 GU:6    +
   19    23  0   0.2%   0.509 UG:6    +
   36    45  2   0.2%   0.284 CG:1    UG:2    UA:1    +
   63    78  0   0.2%   0.352 AU:4    --:2    +
   23   104  0   0.2%   0.514 GC:6    +
   41    56  0   0.2%   0.404 AU:6    +
   15    24  1   0.2%   0.597 UG:2    UA:3    +
   14    25  0   0.2%   0.590 CG:6    +
   12    54  1   0.2%   0.349 AU:2    UA:3    +
   44    98  0   0.1%   0.317 UA:6    +
   31    64  0   0.1%   0.546 GU:6    +
   35   103  0   0.1%   0.834 GC:6    +
   86    94  0   0.1%   1.729 AU:6    +
    6   101  0   0.1%   0.387 GC:6    +
    7   100  0   0.1%   0.287 GC:6    +
   20   116  0   0.1%   0.739 AU:6    +
   67    72  2   0.8%   0.571 AU:4    +
   25   103  0   0.1%   0.248 GC:6    +
   23    53  0   0.1%   0.492 GC:6    +
   82   108  2   0.5%   0.561 AU:2    UA:2    +
   20    56  0   0.1%   0.076 AU:6    +
   37    49  0   0.1%   0.941 UA:6    +
   31    44  0   0.1%   0.252 GU:6    +
   24    39  2   0.4%   0.151 GU:1    AU:3    +
   13    21  2   0.8%   0.187 GU:4    +
   49    94  0   0.1%   0.214 AU:6    +
   30   105  2   0.4%   0.742 GU:1    UA:3    +
   74    78  0   0.1%   0.171 AU:4    --:2    +
   62    79  0   0.1%   0.542 CG:4    --:2    +
   28   100  0   0.1%   0.314 GC:6    +
   11    28  0   0.1%   0.197 CG:6    +
   65    71  0   0.1%   0.587 UA:6    +
   14    46  0   0.1%   0.788 CG:6    +
   16   122  2   0.7%   0.715 GC:4    +
   15    45  2   0.1%   0.795 CG:1    UG:2    UA:1    +
   46   116  0   0.1%   1.818 GU:6    +
  125   154  0   0.1%   0.819 CG:6    +
   45   117  2   0.1%   1.260 GC:1    GU:2    AU:1    +
   52    97  0   0.1%   0.583 GC:6    +
   53    88  0   0.1%   0.563 CG:6    +
   31   101  0   0.1%   0.568 GC:6    +
   31    40  0   0.1%   0.247 GC:6    +
  122   153  0   0.1%   0.179 CG:6    +
   50    92  0   0.1%   0.409 AU:6    +
   14   154  0   0.1%   1.166 CG:6    +
   44    50  0   0.1%   0.421 UA:6    +
   22    44  0   0.1%   0.398 AU:6    +
   18    23  2   0.4%   0.490 CG:3    UG:1    +
   88   103  0   0.1%   1.527 GC:6    +
    3   124  1   0.0%   0.726 CG:1    AU:4    +
    7    18  2   0.4%   0.308 GC:3    GU:1    +
   25    40  0   0.0%   0.236 GC:6    +
   35   104  0   0.0%   0.852 GC:6    +
   87   102  2   0.4%   1.226 UG:1    UA:3    +
   52    89  0   0.0%   0.554 GU:6    +
   23   113  0   0.0%   0.718 GC:6    +
   35   100  0   0.0%   0.802 GC:6    +
   67    81  0   0.0%   0.584 AU:6    +
   36    99  1   0.0%   0.765 UG:1    UA:4    +
    5   156  1   0.0%   0.824 UG:1    UA:4    +
    4    19  0   0.0%   0.024 AU:6    +
    5    22  0   0.0%   0.190 UA:6    +
   23   122  0   0.0%   0.595 GC:6    +
    9    35  0   0.0%   0.045 UG:6    +
   93    99  1   0.0%   1.014 CG:1    UA:4    +
   34    98  0   0.0%   1.116 UA:6    +
   43    51  1   0.0%   0.348 CG:2    UA:3    +
   19   156  1   0.0%   0.497 UG:1    UA:4    +
   33    99  1   0.0%   0.697 CG:1    UA:4    +
   35    97  0   0.0%   0.784 GC:6    +
   56    77  0   0.0%   0.610 UA:4    --:2    +
   94    98  0   0.0%   2.189 UA:6    +
   19    25  0   0.0%   0.304 UG:6    +
   25   111  1   0.0%   0.224 GC:3    GU:2    +
   88    92  0   0.0%   0.511 GU:6    +
  123   158  2   0.0%   1.012 GU:1    AU:1    UA:2    +
   10    34  0   0.0%   0.036 AU:6    +
   19    26  0   0.0%   0.135 UA:6    +
    7    37  0   0.0%   0.264 GU:6    +
  119   154  0   0.0%   0.746 CG:6    +
   55    78  0   0.0%   0.249 AU:4    --:2    +
   37    98  0   0.0%   1.029 UA:6    +
    7   122  0   0.0%   0.948 GC:6    +
   36    61  1   0.0%   1.017 UG:2    UA:3    +
    1   117  1   0.0%   0.018 GC:2    AU:3    +
   42   107  1   0.0%   0.500 GC:3    UA:2    +
   88   104  0   0.0%   1.587 GC:6    +
   46   103  0   0.0%   0.995 GC:6    +
   67    78  0   0.0%   0.590 AU:4    --:2    +
   66    77  0   0.0%   0.861 UA:4    --:2    +
   50    65  0   0.0%   0.399 AU:6    +
   90   105  1   0.0%   0.852 GU:2    UA:3    +
   37    59  0   0.0%   1.287 UA:6    +
  118   157  1   0.0%   0.915 AU:3    UA:2    +
   15   156  1   0.0%   1.186 CG:1    UA:4    +
   80   101  0   0.0%   1.285 GC:6    +
   20    44  0   0.0%   0.060 AU:6    +
   52   100  0   0.0%   0.591 GC:6    +
   80    97  0   0.0%   0.974 GC:6    +
  134   143  0   0.0%   0.005 AU:6    +
   56    86  0   0.0%   0.610 UA:6    +
   52   101  0   0.0%   0.586 GC:6    +
   52   104  0   0.0%   0.623 GC:6    +
   35    44  0   0.0%   0.195 GU:6    +
   10    56  0   0.0%   0.035 AU:6    +
   57    78  0   0.0%   0.911 GU:4    --:2    +
   88   110  0   0.0%   1.318 GC:6    +
   35    48  3   0.8%   1.053 GU:3    +
   23    29  0   0.0%   0.650 GC:6    +
   28    37  0   0.0%   0.272 GU:6    +
   31   110  0   0.0%   0.756 GC:6    +
   26   116  0   0.0%   0.981 AU:6    +
    9    26  0   0.0%   0.039 UA:6    +
   61    78  0   0.0%   0.375 AU:4    --:2    +
   79   107  0   0.0%   1.259 GC:4    --:2    +
    6    40  0   0.0%   0.363 GC:6    +
   25    56  0   0.0%   0.217 GU:6    +
   35   101  0   0.0%   0.804 GC:6    +
   79   100  0   0.0%   0.471 GC:4    --:2    +
   92    98  0   0.0%   1.312 UA:6    +
    7   116  0   0.0%   0.751 GU:6    +
   35   110  0   0.0%   0.934 GC:6    +
   28   113  0   0.0%   0.735 GC:6    +
    8    34  0   0.0%   0.022 AU:6    +
  135   144  1   0.0%   0.023 GU:2    AU:3    +
   35    53  0   0.0%   0.731 GC:6    +
    5    41  0   0.0%   0.187 UA:6    +
  133   140  0   0.0%   0.003 CG:6    +
    7   159  1   0.0%   1.481 GC:2    GU:3    +
   79   103  0   0.0%   0.869 GC:4    --:2    +
   89    98  0   0.0%   1.519 UA:6    +
   31   103  0   0.0%   0.570 GC:6    +
    1   159  1   0.0%   0.031 GC:2    AU:3    +
   78   109  0   0.0%   0.609 UG:4    --:2    +
   30    70  1   0.0%   0.645 GC:1    UA:4    +
   85    89  0   0.0%   0.602 GU:6    +
   75    79  0   0.0%   0.283 UG:4    --:2    +
   49    56  0   0.0%   0.218 AU:6    +
   46   113  0   0.0%   1.296 GC:6    +
   19    41  0   0.0%   0.131 UA:6    +
   45   114  2   0.0%   1.275 GC:2    GU:1    AU:1    +
   52    65  0   0.0%   0.546 GU:6    +
   59    78  0   0.0%   0.606 AU:4    --:2    +
   26    56  0   0.0%   0.043 AU:6    +
   14    31  0   0.0%   0.978 CG:6    +
   23   101  0   0.0%   0.477 GC:6    +
    9    22  0   0.0%   0.039 UA:6    +
   23    93  1   0.0%   0.467 GC:1    GU:4    +
   22    94  0   0.0%   0.396 AU:6    +
   25   101  0   0.0%   0.218 GC:6    +
  128   151  0   0.0%   0.017 UA:6    +
   28    32  0   0.0%   0.228 GC:6    +
   31    65  0   0.0%   0.530 GU:6    +
   30   109  1   0.0%   0.837 UG:3    UA:2    +
   52   103  0   0.0%   0.601 GC:6    +
   59    81  0   0.0%   0.603 AU:6    +
    8    37  0   0.0%   0.026 AU:6    +
   44    49  0   0.0%   0.205 UA:6    +
   56    85  0   0.0%   0.607 UG:6    +
   26    34  0   0.0%   0.011 AU:6    +
   52    64  0   0.0%   0.552 GU:6    +
  130   149  0   0.0%   0.008 UA:6    +
   71    89  0   0.0%   0.588 AU:6    +
   58    78  0   0.0%   0.674 GU:4    --:2    +
    8    19  0   0.0%   0.046 AU:6    +
   25   100  0   0.0%   0.217 GC:6    +
   81    86  0   0.0%   0.485 UA:6    +
  154   159  1   0.0%   1.037 GC:2    GU:3    +
    7   110  0   0.0%   0.287 GC:6    +
   23    47  0   0.0%   0.469 GC:6    +
    6   111  1   0.0%   0.387 GC:3    GU:2    +
   80    87  0   0.0%   0.350 GU:6    +
   77    84  0   0.0%   0.424 AU:4    --:2    +
   50    56  0   0.0%   0.426 AU:6    +
   67    87  0   0.0%   1.006 AU:6    +
   23   100  0   0.0%   0.475 GC:6    +
   18   123  2   0.0%   0.403 CG:1    AU:2    UA:1    +
   23    97  0   0.0%   0.467 GC:6    +
   71    84  0   0.0%   0.519 AU:6    +
   51    69  2   0.0%   0.493 GC:1    GU:1    AU:2    +
  131   148  0   0.0%   0.007 UA:6    +
   25    47  0   0.0%   0.216 GC:6    +
   65    98  0   0.0%   1.038 UA:6    +
   64    80  0   0.0%   0.600 UG:6    +
   17    42  1   0.0%   0.125 CG:3    GU:2    +
   23    37  0   0.0%   0.433 GU:6    +
  116   156  1   0.0%   1.245 UG:1    UA:4    +
   23   103  0   0.0%   0.484 GC:6    +
    5   154  0   0.0%   0.816 UG:6    +
    9    98  0   0.0%   0.043 UA:6    +
   85   113  0   0.0%   2.029 GC:6    +
   86   112  0   0.0%   1.235 AU:6    +
    5    10  0   0.0%   0.001 UA:6    +
    4     9  0   0.0%   0.002 AU:6    +
   50    64  0   0.0%   0.402 AU:6    +
   30    58  1   0.0%   0.634 UG:3    UA:2    +
   32    80  0   0.0%   0.303 CG:6    +
   54    75  1   0.0%   0.621 AU:3    UA:2    +
   65    79  0   0.0%   0.693 UG:4    --:2    +
   31    81  0   0.0%   0.539 GU:6    +
   49    65  0   0.0%   0.186 AU:6    +
   44    67  0   0.0%   0.293 UA:6    +
    6    97  0   0.0%   0.362 GC:6    +
   11    35  0   0.0%   0.394 CG:6    +
   78    86  0   0.0%   0.401 UA:4    --:2    +
    1    15  1   0.0%   0.002 GU:2    AU:3    +
   25    29  0   0.0%   0.397 GC:6    +
   12   126  1   0.0%   0.333 AU:2    UA:3    +
   80   119  0   0.0%   1.687 GC:6    +
   42    62  1   0.0%   0.639 GC:3    UA:2    +
   43    61  1   0.0%   0.633 CG:2    UA:3    +
   16    60  2   0.0%   0.545 GC:1    GU:1    AU:2    +
    5    98  0   0.0%   0.187 UA:6    +
   49    92  0   0.0%   0.188 AU:6    +
   84    88  0   0.0%   0.552 UG:6    +
    4    64  0   0.0%   0.028 AU:6    +
  128   149  0   0.0%   0.001 UA:6    +
    7    32  0   0.0%   0.258 GC:6    +
   28    56  0   0.0%   0.299 GU:6    +
   66    79  0   0.0%   0.703 UG:4    --:2    +
   79    92  0   0.0%   0.231 GU:4    --:2    +
   25   104  0   0.0%   0.243 GC:6    +
   79   110  0   0.0%   1.357 GC:4    --:2    +
   28   103  0   0.0%   0.318 GC:6    +
    9   154  0   0.0%   0.096 UG:6    +
   25    53  0   0.0%   0.224 GC:6    +
   15    61  1   0.0%   0.796 UG:2    UA:3    +
   50    94  0   0.0%   0.417 AU:6    +
   53    80  0   0.0%   0.550 CG:6    +
   52    92  0   0.0%   0.567 GU:6    +
   52    81  0   0.0%   0.544 GU:6    +
   24    30  1   0.0%   0.289 GU:2    AU:3    +
    6    33  1   0.0%   0.358 GC:1    GU:4    +
   10   141  0   0.0%   0.410 AU:6    +
    8   143  0   0.0%   0.650 AU:6    +
   33    79  1   0.0%   0.689 CG:1    UG:2    --:2    +
    8    64  0   0.0%   0.024 AU:6    +
   11    80  0   0.0%   0.391 CG:6    +
   77    87  0   0.0%   0.360 AU:4    --:2    +
   10    81  0   0.0%   0.033 AU:6    +
    7    65  0   0.0%   0.261 GU:6    +
   11   140  0   0.0%   0.768 CG:6    +
   10   112  0   0.0%   0.246 AU:6    +
   31    97  0   0.0%   0.540 GC:6    +
   37    50  0   0.0%   1.139 UA:6    +
   64    79  0   0.0%   0.600 UG:4    --:2    +
   29    88  0   0.0%   0.291 CG:6    +
   79    84  0   0.0%   0.333 GU:4    --:2    +
  128   148  0   0.0%   0.001 UA:6    +
  134   141  0   0.0%   0.002 AU:6    +
    5    67  0   0.0%   0.186 UA:6    +
    8    89  0   0.0%   0.024 AU:6    +
    9    88  0   0.0%   0.042 UG:6    +
   19    67  0   0.0%   0.138 UA:6    +
   46   110  0   0.0%   1.092 GC:6    +
   12    63  1   0.0%   0.330 AU:1    UA:4    +
   11    52  0   0.0%   0.391 CG:6    +
   31   100  0   0.0%   0.554 GC:6    +
   37    95  0   0.0%   1.020 UA:6    +
   12    79  0   0.0%   0.330 UG:4    --:2    +
   64    98  0   0.0%   0.871 UA:6    +
    9    59  0   0.0%   0.041 UA:6    +
   14    80  0   0.0%   0.789 CG:6    +
    5    23  0   0.0%   0.185 UG:6    +
   26    65  0   0.0%   0.032 AU:6    +
   25    32  0   0.0%   0.178 GC:6    +
   23   125  0   0.0%   0.533 GC:6    +
   10    87  0   0.0%   0.033 AU:6    +
   22    34  0   0.0%   0.384 AU:6    +
   46    97  0   0.0%   0.968 GC:6    +
    9    49  0   0.0%   0.040 UA:6    +
   39   102  2   0.0%   0.087 UG:1    AU:1    UA:2    +
   77   112  0   0.0%   0.539 AU:4    --:2    +
    6   113  0   0.0%   0.387 GC:6    +
    7   125  0   0.0%   0.927 GC:6    +
   65    80  0   0.0%   0.692 UG:6    +
   14   153  0   0.0%   0.857 CG:6    +
   59   112  0   0.0%   1.173 AU:6    +
   59    87  0   0.0%   0.606 AU:6    +
   32    88  0   0.0%   0.303 CG:6    +
   42    72  2   0.0%   0.391 GC:1    GU:2    AU:1    +
   25   110  0   0.0%   0.246 GC:6    +
    9    67  0   0.0%   0.042 UA:6    +
   30    99  1   0.0%   0.645 UG:1    UA:4    +
    7    19  0   0.0%   0.295 GU:6    +
   28    89  0   0.0%   0.288 GU:6    +
  139   143  0   0.0%   0.017 GU:6    +
   78    82  0   0.0%   0.109 UA:4    --:2    +
   31    89  0   0.0%   0.539 GU:6    +
  119   153  0   0.0%   0.434 CG:6    +
  119   140  0   0.0%   0.401 CG:6    +
   24    60  2   0.0%   0.106 GC:1    GU:1    AU:2    +
   23   159  1   0.0%   0.768 GC:2    GU:3    +
   77   116  0   0.0%   1.043 AU:4    --:2    +
    7   104  0   0.0%   0.302 GC:6    +
    5    35  0   0.0%   0.185 UG:6    +
   78   115  0   0.0%   1.067 UG:4    --:2    +
   52    56  0   0.0%   0.573 GU:6    +
   76   117  1   0.0%   0.566 GC:2    AU:3    +
   37    67  0   0.0%   1.028 UA:6    +
   24   117  2   0.0%   0.541 GC:1    GU:1    AU:2    +
    6    34  0   0.0%   0.358 GU:6    +
   26    92  0   0.0%   0.033 AU:6    +
   34    67  0   0.0%   1.115 UA:6    +
   48    73  1   0.0%   0.545 AU:2    UA:3    +
   80   113  0   0.0%   1.628 GC:6    +
   23    33  1   0.0%   0.431 GC:1    GU:4    +
   71    87  0   0.0%   0.455 AU:6    +
   25    93  1   0.0%   0.207 GC:1    GU:4    +
   25    97  0   0.0%   0.207 GC:6    +
    7   112  0   0.0%   0.286 GU:6    +
   98   112  0   0.0%   1.456 AU:6    +
   49   112  0   0.0%   0.515 AU:6    +
    7    33  1   0.0%   0.258 GC:1    GU:4    +
   85   110  0   0.0%   1.905 GC:6    +
   81    88  0   0.0%   0.481 UG:6    +
  133   139  0   0.0%   0.001 CG:6    +
   23    32  0   0.0%   0.430 GC:6    +
   59    84  0   0.0%   0.602 AU:6    +
   45   118  2   0.0%   1.507 GU:2    AU:1    UA:1    +
   42   117  2   0.0%   0.724 GC:1    GU:2    AU:1    +
   19    49  0   0.0%   0.131 UA:6    +
   88   122  0   0.0%   1.162 GC:6    +
    9    23  0   0.0%   0.035 UG:6    +
    9    95  0   0.0%   0.042 UA:6    +
   85   125  0   0.0%   1.692 GC:6    +
   11    46  0   0.0%   0.390 CG:6    +
   56    88  0   0.0%   0.613 UG:6    +
   25   119  0   0.0%   0.718 GC:6    +
   46   100  0   0.0%   0.982 GC:6    +
   34    46  0   0.0%   0.214 UG:6    +
   77    81  0   0.0%   0.352 AU:4    --:2    +
   10    94  0   0.0%   0.033 AU:6    +
   67    92  0   0.0%   0.968 AU:6    +
   13   138  1   0.0%   0.346 GU:3    AU:2    +
   30    61  1   0.0%   0.635 UG:2    UA:3    +
   19    46  0   0.0%   0.143 UG:6    +
   40    52  0   0.0%   0.411 CG:6    +
   11   153  0   0.0%   0.768 CG:6    +
   27   117  2   0.0%   0.714 GC:1    GU:2    AU:1    +
  110   154  0   0.0%   0.555 CG:6    +
   26    64  0   0.0%   0.032 AU:6    +
    8    56  0   0.0%   0.023 AU:6    +
   28   116  0   0.0%   1.241 GU:6    +
   26    94  0   0.0%   0.033 AU:6    +
   25    65  0   0.0%   0.206 GU:6    +
   65    88  0   0.0%   1.235 UG:6    +
   33    70  1   0.0%   0.689 GC:1    UA:4    +
   35   122  0   0.0%   0.859 GC:6    +
    1    43  1   0.0%   0.012 GC:2    AU:3    +
   80    84  0   0.0%   0.413 GU:6    +
   79    87  0   0.0%   0.269 GU:4    --:2    +
   49    64  0   0.0%   0.194 AU:6    +
   64    85  0   0.0%   0.597 UG:6    +
  103   154  0   0.0%   0.768 CG:6    +
   19    50  0   0.0%   0.131 UA:6    +
  104   153  0   0.0%   0.525 CG:6    +
   42    48  1   0.0%   0.670 GU:3    UA:2    +
   22    56  0   0.0%   0.402 AU:6    +
   25    64  0   0.0%   0.206 GU:6    +
   71   112  0   0.0%   0.615 AU:6    +
   16    78  0   0.0%   0.545 GU:4    --:2    +
   67    94  0   0.0%   0.976 AU:6    +
   30    76  1   0.0%   0.644 UG:2    UA:3    +
   26    44  0   0.0%   0.041 AU:6    +
    7    40  0   0.0%   0.262 GC:6    +
   78    88  0   0.0%   0.397 UG:4    --:2    +
   78    85  0   0.0%   0.377 UG:4    --:2    +
   56    80  0   0.0%   0.606 UG:6    +
   53    85  0   0.0%   0.549 CG:6    +
    9    31  0   0.0%   0.037 UG:6    +
   77    89  0   0.0%   0.491 AU:4    --:2    +
   19   154  0   0.0%   0.489 UG:6    +
   23    56  0   0.0%   0.474 GU:6    +
    9    28  0   0.0%   0.037 UG:6    +
    9    71  0   0.0%   0.041 UA:6    +
   28   101  0   0.0%   0.309 GC:6    +
    6   125  0   0.0%   1.035 GC:6    +
   25    94  0   0.0%   0.207 GU:6    +
   64    95  0   0.0%   0.888 UA:6    +
   46    65  0   0.0%   0.947 GU:6    +
   33    46  1   0.0%   0.271 CG:1    UG:4    +
   50    78  0   0.0%   0.395 AU:4    --:2    +
  116   151  0   0.0%   0.907 UA:6    +
   36    51  1   0.0%   0.723 UG:2    UA:3    +
  100   154  0   0.0%   1.085 CG:6    +
  101   153  0   0.0%   0.508 CG:6    +
   49    78  0   0.0%   0.186 AU:4    --:2    +
   23    65  0   0.0%   0.465 GU:6    +
   11    85  0   0.0%   0.391 CG:6    +
    6   116  0   0.0%   0.848 GU:6    +
   44    52  0   0.0%   0.735 UG:6    +
   28    92  0   0.0%   0.289 GU:6    +
  113   154  0   0.0%   0.683 CG:6    +
    6    32  0   0.0%   0.357 GC:6    +
  110   140  0   0.0%   0.217 CG:6    +
  111   139  1   0.0%   0.183 CG:3    UG:2    +
   28   104  0   0.0%   0.321 GC:6    +
    7    53  0   0.0%   0.261 GC:6    +
   19    59  0   0.0%   0.137 UA:6    +
   80    93  1   0.0%   0.322 GC:1    GU:4    +
   28    34  0   0.0%   0.230 GU:6    +
    4    92  0   0.0%   0.028 AU:6    +
   52    94  0   0.0%   0.566 GU:6    +
   45   105  2   0.0%   0.979 GU:2    AU:1    UA:1    +
   81    85  0   0.0%   0.461 UG:6    +
   46   104  0   0.0%   1.012 GC:6    +
   79    94  0   0.0%   0.239 GU:4    --:2    +
   52    93  1   0.0%   0.567 GC:1    GU:4    +
    4    56  0   0.0%   0.027 AU:6    +
  125   139  0   0.0%   0.002 CG:6    +
   35    64  0   0.0%   0.785 GU:6    +
   23    34  0   0.0%   0.433 GU:6    +
    7   101  0   0.0%   0.278 GC:6    +
    9    25  0   0.0%   0.035 UG:6    +
  144   150  1   0.0%   0.010 UG:1    UA:4    +
  143   151  0   0.0%   0.029 UA:6    +
   80    89  0   0.0%   0.481 GU:6    +
  116   154  0   0.0%   1.245 UG:6    +
   11   139  0   0.0%   0.768 CG:6    +
   53    79  0   0.0%   0.549 CG:4    --:2    +
   56    79  0   0.0%   0.606 UG:4    --:2    +
    9    50  0   0.0%   0.040 UA:6    +
  111   153  1   0.0%   0.215 CG:3    UG:2    +
    6   103  0   0.0%   0.370 GC:6    +
   13    60  2   0.0%   0.303 GC:1    GU:1    AU:2    +
    7    29  0   0.0%   0.257 GC:6    +
    9    77  0   0.0%   0.041 UA:4    --:2    +
   22   131  0   0.0%   0.592 AU:6    +
    6    37  0   0.0%   0.358 GU:6    +
   23   130  0   0.0%   0.532 GU:6    +
  119   139  0   0.0%   0.401 CG:6    +
   14   140  0   0.0%   0.826 CG:6    +
    6   110  0   0.0%   0.386 GC:6    +
   47    80  0   0.0%   0.520 CG:6    +
   10    65  0   0.0%   0.033 AU:6    +
   28    33  1   0.0%   0.228 GC:1    GU:4    +
   22    64  0   0.0%   0.394 AU:6    +
   20    64  0   0.0%   0.061 AU:6    +
   65    95  0   0.0%   1.054 UA:6    +
   46    81  0   0.0%   0.946 GU:6    +
   28    97  0   0.0%   0.289 GC:6    +
   40    85  0   0.0%   0.209 CG:6    +
  126   146  1   0.0%   0.001 UG:2    AU:3    +
   20   152  0   0.0%   0.117 AU:6    +
   13    78  0   0.0%   0.303 GU:4    --:2    +
   86   116  0   0.0%   1.739 AU:6    +
   33    52  1   0.0%   0.656 CG:1    UG:4    +
   52   119  0   0.0%   1.012 GC:6    +
   27    60  2   0.0%   0.283 GC:1    GU:1    AU:2    +
   34    59  0   0.0%   0.847 UA:6    +
    4   112  0   0.0%   0.028 AU:6    +
   19    98  0   0.0%   0.138 UA:6    +
   41    84  0   0.0%   0.372 AU:6    +
   12   153  2   0.6%   0.427 UG:4    +
   12    24  2   0.3%   0.137 UG:2    UA:2    +
   57   104  2   0.6%   1.353 GC:4    +
   57    68  2   0.3%   0.900 CG:2    GC:2    +
   65    74  2   0.6%   0.614 UA:4    +
   58   103  2   0.6%   1.110 GC:4    +
   77   105  1   0.4%   0.372 AU:3    --:2    +
   14   109  2   0.6%   0.889 CG:4    +
   39    46  2   0.6%   0.904 UG:4    +
   16   107  2   0.6%   0.633 GC:4    +
   13   110  2   0.6%   0.392 GC:4    +
    5   123  2   0.2%   1.097 UG:1    UA:3    +
   15   123  3   0.4%   1.157 UG:1    UA:2    +
   56    70  2   0.5%   0.628 UA:4    +
   42    56  2   0.2%   0.433 GU:3    AU:1    +
  102   108  3   0.1%   0.593 GU:1    AU:1    UA:1    +
    1   120  2   0.2%   0.045 GC:2    AU:2    +
   15   108  3   0.6%   0.885 UA:3    +
   43    99  2   0.1%   0.405 CG:1    UA:3    +
   70    81  2   0.5%   0.186 AU:4    +
   68    72  3   0.1%   0.168 GC:1    GU:1    AU:1    +
   36   102  2   0.1%   0.795 CG:1    UA:3    +
    6    18  2   0.1%   0.348 GC:3    GU:1    +
   73   108  2   0.1%   0.265 AU:2    UA:2    +
   56   102  2   0.1%   0.839 UG:1    UA:3    +
   58    91  2   0.1%   0.833 GC:3    GU:1    +
   25    38  2   0.4%   0.250 GC:4    +
   36    49  1   0.3%   0.672 UA:5    +
  102   111  3   0.0%   0.626 GU:1    AU:1    UA:1    +
   82   102  2   0.1%   0.746 AU:2    UA:2    +
    5   102  2   0.1%   0.204 UG:1    UA:3    +
   51    96  3   0.0%   0.513 GC:1    GU:1    AU:1    +
   48   102  3   0.0%   0.576 UG:1    AU:1    UA:1    +
   68    96  3   0.0%   0.376 GC:1    GU:1    AU:1    +
   30    39  3   0.0%   0.238 GU:1    UG:1    UA:1    +
   61    96  3   0.0%   0.783 GC:1    GU:1    AU:1    +
   39    58  2   0.1%   0.341 UG:2    UA:2    +
   33    50  2   0.4%   0.286 UA:4    +
  118   158  2   0.1%   0.918 AU:2    UA:2    +
   83    92  2   0.1%   0.425 GU:2    AU:2    +
   12    27  2   0.1%   0.121 UG:3    UA:1    +
    6    12  2   0.4%   0.146 GU:4    +
   37    42  2   0.1%   0.206 UG:3    UA:1    +
   57    72  2   0.1%   0.930 GC:1    GU:3    +
   56    68  2   0.1%   0.555 UG:2    UA:2    +
   79   105  1   0.2%   1.338 GU:3    --:2    +
   73   102  2   0.1%   0.191 AU:2    UA:2    +
   21    45  2   0.1%   0.472 UG:3    UA:1    +
  123   152  2   0.1%   0.325 GU:1    AU:3    +
   64    74  2   0.4%   0.624 UA:4    +
   85    90  2   0.0%   0.605 GC:1    GU:3    +
   89   102  2   0.0%   0.975 UG:1    UA:3    +
   80   107  2   0.4%   1.405 GC:4    +
    4    21  2   0.4%   0.078 AU:4    +
   68    84  2   0.0%   0.530 GU:2    AU:2    +
  114   123  2   0.0%   0.664 UG:1    UA:3    +
   75    99  2   0.0%   0.236 UG:1    UA:3    +
   56   105  3   0.5%   0.934 UA:3    +
   81   106  2   0.4%   1.401 UA:4    +
    6   158  2   0.0%   1.045 GC:2    GU:2    +
  116   123  2   0.0%   1.206 UG:1    UA:3    +
   83    94  2   0.0%   0.771 GU:2    AU:2    +
   21    42  2   0.0%   0.457 UG:3    UA:1    +
   64    68  2   0.0%   0.493 UG:2    UA:2    +
   68    81  2   0.0%   0.041 GU:2    AU:2    +
   19    45  2   0.0%   0.139 UG:3    UA:1    +
   90    95  3   0.4%   1.800 UA:3    +
  120   124  2   0.0%   0.633 CG:2    AU:2    +
   52    90  2   0.0%   0.553 GC:1    GU:3    +
   57    96  2   0.0%   1.115 GC:3    GU:1    +
   65    83  2   0.0%   0.692 UG:2    UA:2    +
   64    83  2   0.0%   0.597 UG:2    UA:2    +
   18    46  2   0.0%   0.122 CG:3    UG:1    +
   60    75  2   0.0%   0.363 AU:2    UA:2    +
   10    15  1   0.2%   0.241 AU:5    +
   18   124  2   0.0%   0.374 CG:2    AU:2    +
   19   123  2   0.0%   0.446 UG:1    UA:3    +
  120   153  2   0.0%   0.404 CG:2    UG:2    +
  124   157  2   0.0%   0.964 GU:2    UA:2    +
   13   117  2   0.0%   0.618 GC:1    GU:3    +
   34   102  2   0.0%   1.125 UG:1    UA:3    +
   90   108  2   0.0%   0.771 GU:2    UA:2    +
  154   158  2   0.0%   1.128 GC:2    GU:2    +
  129   150  2   0.0%   0.010 UG:2    UA:2    +
   16   117  2   0.0%   0.854 GC:1    GU:3    +
   83    89  2   0.0%   0.576 GU:2    AU:2    +
   60    80  2   0.0%   0.355 CG:1    UG:3    +
   34    45  2   0.0%   0.204 UG:3    UA:1    +
    7   120  2   0.0%   1.291 GC:2    GU:2    +
   76   111  2   0.0%   0.395 GC:2    AU:2    +
   13   158  2   0.0%   0.684 GC:2    AU:2    +
   34    42  2   0.0%   0.080 UG:3    UA:1    +
   12   158  2   0.0%   0.687 AU:2    UA:2    +
   65    73  2   0.3%   0.547 UA:4    +
   72    99  2   0.0%   0.386 UG:1    UA:3    +
   61    93  2   0.0%   0.844 GU:2    AU:2    +
   24    96  2   0.0%   0.106 GC:2    AU:2    +
   84   105  3   0.4%   1.200 UA:3    +
    9   102  2   0.0%   0.050 UG:1    UA:3    +
   23   120  2   0.0%   0.896 GC:2    GU:2    +
   13   157  2   0.0%   0.693 GU:2    AU:2    +
   23   158  2   0.0%   0.854 GC:2    GU:2    +
    1   157  2   0.0%   0.030 GU:2    AU:2    +
  115   158  2   0.0%   1.078 GC:2    AU:2    +
  124   158  2   0.0%   0.950 GU:2    UA:2    +
   19    42  2   0.0%   0.130 UG:3    UA:1    +
   94   102  2   0.0%   1.518 UG:1    UA:3    +
   45    66  2   0.0%   0.922 GU:3    AU:1    +
  127   150  2   0.0%   0.001 UG:2    UA:2    +
  115   157  2   0.0%   1.087 GU:2    AU:2    +
   37   102  2   0.0%   1.044 UG:1    UA:3    +
  120   154  2   0.0%   0.710 CG:2    UG:2    +
   66    83  2   0.0%   0.702 UG:2    UA:2    +
   83   116  2   0.0%   1.431 GU:2    AU:2    +
   68    89  2   0.0%   0.597 GU:2    AU:2    +
   69    99  2   0.0%   0.125 CG:1    UA:3    +
   75    83  2   0.0%   0.461 UG:2    UA:2    +
   12   157  2   0.0%   0.696 AU:2    UA:2    +
   18   153  2   0.0%   0.147 CG:3    UG:1    +
   45    56  2   0.0%   0.943 GU:3    AU:1    +
   45    69  2   0.0%   0.913 GC:3    AU:1    +
    7    90  2   0.0%   0.261 GC:1    GU:3    +
   16   158  2   0.0%   0.945 GC:2    AU:2    +
   16    43  2   0.0%   0.535 GC:1    GU:3    +
   12    51  2   0.0%   0.320 UG:1    UA:3    +
   13    43  2   0.0%   0.286 GC:1    GU:3    +
   43    57  2   0.0%   0.652 CG:1    UG:3    +
   52    60  2   0.0%   0.804 GC:1    GU:3    +
   57   114  2   0.0%   1.607 GC:2    GU:2    +
   92   102  2   0.0%   0.650 UG:1    UA:3    +
   36    68  2   0.0%   0.753 UG:2    UA:2    +
   45   107  2   0.0%   1.020 GC:3    UA:1    +
   43    58  2   0.0%   0.644 CG:1    UG:3    +
   43   109  2   0.0%   0.537 CG:1    UG:3    +
    9   123  2   0.0%   0.363 UG:1    UA:3    +
   76   120  2   0.0%   0.606 GC:2    AU:2    +
  120   127  2   0.0%   0.369 CG:2    AU:2    +
   33    61  2   0.0%   0.447 UG:2    UA:2    +
   80    90  2   0.0%   0.475 GC:1    GU:3    +
  120   139  2   0.0%   0.369 CG:2    UG:2    +
   64   102  2   0.0%   0.809 UG:1    UA:3    +
   83    87  2   0.0%   0.443 GU:2    AU:2    +
   90   107  2   0.0%   0.760 GC:2    UA:2    +
   65   102  2   0.0%   0.976 UG:1    UA:3    +
   51    75  2   0.0%   0.492 GU:1    AU:3    +
   15   102  2   0.0%   0.802 UG:1    UA:3    +
   66    99  2   0.0%   0.958 UG:1    UA:3    +
   27    91  2   0.0%   0.282 GC:3    AU:1    +
   18   154  2   0.0%   0.449 CG:3    UG:1    +
   48    54  2   0.0%   1.098 AU:2    UA:2    +
   63   105  2   0.0%   0.664 AU:3    UA:1    +
   87   123  2   0.0%   1.067 UG:1    UA:3    +
   56    83  2   0.0%   0.605 UG:2    UA:2    +
   24    33  2   0.0%   0.081 GU:2    AU:2    +
   54   105  2   0.0%   0.689 AU:2    UA:2    +
   18   146  2   0.0%   0.114 CG:2    AU:2    +
   44   102  2   0.0%   0.315 UG:1    UA:3    +
   16   157  2   0.0%   0.954 GU:2    AU:2    +
   68    92  2   0.0%   0.427 GU:2    AU:2    +
   24    66  2   0.0%   0.105 GU:2    AU:2    +
   45    62  2   0.0%   1.159 GC:3    UA:1    +
   34   123  2   0.0%   1.408 UG:1    UA:3    +
  102   116  2   0.0%   1.293 GU:1    AU:3    +
   21    68  2   0.0%   0.467 CG:2    UA:2    +
  118   126  2   0.0%   0.580 AU:2    UA:2    +
   18    28  2   0.0%   0.332 CG:3    UG:1    +
   68   116  2   0.0%   1.126 GU:2    AU:2    +
   68    87  2   0.0%   0.464 GU:2    AU:2    +
   19   102  2   0.0%   0.144 UG:1    UA:3    +
   99   155  2   0.0%   0.836 GU:1    AU:3    +
   76   114  2   0.0%   0.595 GU:2    AU:2    +
  102   152  2   0.0%   0.456 GU:1    AU:3    +
    1   111  2   0.0%   0.012 GC:2    AU:2    +
   91   109  2   0.0%   0.780 CG:3    UG:1    +
   39   108  2   0.0%   0.100 GU:1    UA:3    +
   28    90  2   0.0%   0.288 GC:1    GU:3    +
   15    57  2   0.0%   0.797 CG:1    UG:3    +
  102   112  2   0.0%   0.789 GU:1    AU:3    +
   21    99  2   0.0%   0.468 UG:1    UA:3    +
   42    96  2   0.0%   0.391 GC:3    AU:1    +
  153   158  2   0.0%   0.380 GC:2    GU:2    +
   68   112  2   0.0%   0.622 GU:2    AU:2    +
  126   138  2   0.0%   0.001 AU:3    UA:1    +
   18    52  2   0.0%   0.120 CG:3    UG:1    +
   75    90  2   0.0%   0.522 UG:2    AU:2    +
   56   123  2   0.0%   1.133 UG:1    UA:3    +
   24   124  2   0.0%   0.480 GU:2    AU:2    +
    5    42  2   0.0%   0.185 UG:3    UA:1    +
   27    48  3   0.2%   0.281 GU:2    AU:1    +
   59    93  2   0.3%   0.990 AU:4    +
   27    54  3   0.4%   0.344 AU:3    +
   30   107  3   0.1%   0.733 GC:1    UA:2    +
   17    23  2   0.3%   0.446 CG:4    +
   75   106  2   0.3%   0.307 UA:4    +
   57    93  3   0.1%   1.014 GC:1    GU:2    +
   30    67  1   0.1%   0.659 UA:5    +
  121   156  3   0.1%   0.933 AU:1    UA:2    +
   72    77  1   0.1%   0.327 UA:3    --:2    +
   69    76  3   0.1%   0.305 UG:2    UA:1    +
   69    83  3   0.1%   0.363 CG:2    UA:1    +
    2   123  3   0.1%   0.160 CG:1    AU:2    +
   20   118  3   0.3%   0.688 AU:3    +
   83    91  3   0.1%   0.468 GC:2    AU:1    +
   36    48  3   0.3%   1.010 UA:3    +
    6   118  3   0.3%   0.806 GU:3    +
   55    72  3   0.3%   0.276 AU:3    +
   30    41  1   0.1%   0.225 UA:5    +
   99   108  3   0.1%   0.636 GC:1    AU:2    +
    3    19  1   0.0%   0.022 AU:5    +
   51    91  3   0.0%   0.505 GC:2    AU:1    +
   36    50  1   0.0%   0.876 UA:5    +
   15    20  1   0.0%   0.273 UA:5    +
   76   105  3   0.3%   0.389 AU:3    +
   90    99  3   0.0%   1.113 UG:1    UA:2    +
  124   156  3   0.0%   1.028 UG:1    UA:2    +
   22   117  3   0.3%   0.908 AU:3    +
   58   104  2   0.2%   1.140 GC:4    +
   56   106  2   0.2%   0.883 UA:4    +
   18   118  3   0.0%   0.648 AU:2    UA:1    +
   61    69  3   0.0%   0.446 GU:2    AU:1    +
    8    36  1   0.0%   0.028 AU:5    +
  117   123  3   0.0%   0.633 CG:1    UA:2    +
   33   105  3   0.0%   0.747 GU:1    UA:2    +
   37    48  3   0.3%   1.303 UA:3    +
    8    21  2   0.2%   0.076 AU:4    +
    8    15  1   0.0%   0.215 AU:5    +
   24   118  3   0.0%   0.799 GU:2    AU:1    +
   61    90  3   0.0%   0.759 GU:2    AU:1    +
   12   156  3   0.0%   0.701 UG:1    UA:2    +
    1    18  3   0.0%   0.006 GC:2    AU:1    +
   60    76  3   0.0%   0.361 UG:2    UA:1    +
   58    62  2   0.2%   0.825 GC:4    +
  120   159  3   0.0%   0.665 UG:1    AU:2    +
   54    76  3   0.0%   0.624 UG:2    UA:1    +
   54    68  3   0.0%   0.622 UG:2    UA:1    +
   72   102  3   0.0%   0.408 UG:1    UA:2    +
   83   105  3   0.0%   0.773 GU:2    AU:1    +
   18   105  3   0.0%   0.124 AU:2    UA:1    +
   33    38  3   0.0%   0.035 GC:1    UG:2    +
   20   117  3   0.3%   0.390 AU:3    +
    4    15  1   0.0%   0.007 AU:5    +
   15    26  1   0.0%   0.566 UA:5    +
   22    30  1   0.0%   0.590 AU:5    +
   51    90  3   0.0%   0.495 GU:2    AU:1    +
    3   116  1   0.0%   0.011 AU:5    +
   54    61  3   0.0%   0.822 UG:2    UA:1    +
   30    49  1   0.0%   0.328 UA:5    +
   13    53  2   0.2%   0.325 GC:4    +
   57   108  3   0.0%   1.336 GC:1    GU:2    +
   31   108  3   0.0%   0.652 GC:1    GU:2    +
   36    41  1   0.0%   0.103 UA:5    +
   33   107  3   0.0%   0.788 GC:1    UA:2    +
   93   105  3   0.0%   0.745 AU:1    UA:2    +
   39    48  3   0.0%   0.601 GU:1    UA:2    +
   54    58  3   0.0%   0.833 UG:1    UA:2    +
   72    83  3   0.0%   0.618 UG:2    UA:1    +
   54    93  3   0.0%   0.639 AU:2    UA:1    +
   51    60  3   0.0%   0.753 GU:1    AU:2    +
   24    48  3   0.0%   0.105 GU:2    AU:1    +
   12    33  3   0.0%   0.321 UG:1    AU:2    +
   21   123  3   0.0%   0.777 CG:1    UA:2    +
   99   111  3   0.0%   0.674 GC:1    AU:2    +
   54   102  3   0.0%   0.654 AU:1    UA:2    +
   43    68  3   0.0%   0.371 CG:2    UA:1    +
   10    36  1   0.0%   0.034 AU:5    +
    3     9  1   0.0%   0.001 AU:5    +
   21   156  3   0.0%   0.827 UG:1    UA:2    +
   69   102  3   0.0%   0.144 CG:1    UA:2    +
   42    69  3   0.0%   0.392 GC:2    GU:1    +
   30    98  1   0.0%   0.645 UA:5    +
   68   102  3   0.0%   0.314 CG:1    AU:2    +
   30    50  1   0.0%   0.326 UA:5    +
    3    65  1   0.0%   0.007 AU:5    +
   30    68  3   0.0%   0.643 UG:2    UA:1    +
   15    41  1   0.0%   0.780 UA:5    +
   48    93  3   0.0%   0.546 AU:2    UA:1    +
   33    48  3   0.0%   0.234 GU:1    UA:2    +
   24   105  3   0.0%   0.129 GU:2    AU:1    +
  108   115  3   0.0%   0.829 CG:1    UG:2    +
   15   134  1   0.0%   0.848 UA:5    +
    7   144  1   0.0%   0.927 GU:5    +
   30    59  1   0.0%   0.634 UA:5    +
   17    39  3   0.0%   0.125 CG:1    GU:2    +
  126   150  3   0.0%   0.001 UG:1    UA:2    +
   18    68  3   0.0%   0.109 CG:2    UA:1    +
   20    36  1   0.0%   0.051 AU:5    +
   30    62  3   0.0%   0.634 GC:1    UA:2    +
   45   111  3   0.0%   1.029 GC:1    GU:2    +
   51   108  3   0.0%   0.539 GC:1    AU:2    +
   63   108  3   0.0%   0.652 AU:2    UA:1    +
   63   102  3   0.0%   0.604 AU:2    UA:1    +
  124   159  3   0.0%   0.859 GC:2    UG:1    +
   18    48  3   0.0%   0.109 AU:2    UA:1    +
    4    36  1   0.0%   0.027 AU:5    +
   60   105  3   0.0%   0.640 AU:1    UA:2    +
   30    90  3   0.0%   0.645 GC:1    UG:2    +
    3    37  1   0.0%   0.006 AU:5    +
   75    93  3   0.0%   0.370 AU:2    UA:1    +
  125   132  1   0.0%   0.002 CG:5    +
   10    30  1   0.0%   0.027 AU:5    +
   54    78  1   0.0%   0.622 AU:3    --:2    +
   17   159  3   0.0%   0.373 CG:1    GC:2    +
   36    71  1   0.0%   0.753 UA:5    +
   80   108  3   0.0%   1.369 GC:1    GU:2    +
   68    91  3   0.0%   0.475 GC:2    AU:1    +
   13   108  3   0.0%   0.306 GC:1    GU:2    +
   13   111  3   0.0%   0.334 GC:1    GU:2    +
   15    59  1   0.0%   0.796 UA:5    +
   36    95  1   0.0%   0.754 UA:5    +
  134   138  1   0.0%   0.001 AU:5    +
   58   108  3   0.0%   1.111 GC:1    GU:2    +
   27   108  3   0.0%   0.318 GC:1    GU:2    +
   15   151  1   0.0%   0.848 UA:5    +
   30    71  1   0.0%   0.644 UA:5    +
   30    52  1   0.0%   0.390 UG:5    +
  136   144  3   0.0%   0.063 AU:2    UA:1    +
   33    57  3   0.0%   0.454 CG:1    UG:2    +
   20   144  1   0.0%   0.104 AU:5    +
   27    90  3   0.0%   0.282 GU:1    AU:2    +
  108   120  3   0.0%   0.519 AU:1    UA:2    +
   18    61  3   0.0%   0.109 CG:2    UA:1    +
    3    94  1   0.0%   0.007 AU:5    +
   15    49  1   0.0%   0.784 UA:5    +
   18   159  3   0.0%   0.349 UG:1    AU:2    +
   12   138  3   0.0%   0.333 AU:2    UA:1    +
   15    50  1   0.0%   0.784 UA:5    +
   30    35  1   0.0%   0.234 UG:5    +
   30    77  1   0.0%   0.644 UA:3    --:2    +
   30    75  3   0.0%   0.644 GU:1    UA:2    +
    3    44  1   0.0%   0.006 AU:5    +
  139   144  1   0.0%   0.006 GU:5    +
  102   114  3   0.0%   0.799 GC:1    AU:2    +
   76    90  3   0.0%   0.535 GU:2    AU:1    +
   27   105  3   0.0%   0.311 GU:2    AU:1    +
    1   126  3   0.0%   0.027 GU:2    AU:1    +
  117   150  3   0.0%   0.331 UG:2    UA:1    +
  105   147  3   0.0%   0.224 UG:2    UA:1    +
   33    75  3   0.0%   0.688 GU:1    UA:2    +
  111   120  3   0.0%   0.549 AU:1    UA:2    +
  120   138  3   0.0%   0.368 AU:2    UA:1    +
   48    79  1   0.0%   0.545 UG:3    --:2    +
   59    66  2   0.2%   0.975 AU:4    +
   57   101  2   0.1%   1.244 GC:4    +
   11    16  2   0.1%   0.287 CG:4    +
   21   106  2   0.1%   0.496 UA:4    +
   58   100  2   0.1%   1.029 GC:4    +
   11   109  2   0.1%   0.420 CG:4    +
   19   118  3   0.2%   0.711 UA:3    +
   57   105  3   0.2%   1.356 GU:3    +
   64    73  2   0.1%   0.576 UA:4    +
   40    57  2   0.1%   0.498 CG:4    +
   55    66  2   0.1%   0.254 AU:4    +
   21   115  2   0.1%   1.155 UG:4    +
    4   124  2   0.1%   0.530 AU:4    +
   21    55  2   0.1%   0.481 UA:4    +
    7    17  2   0.1%   0.254 GC:4    +
   43    55  3   0.2%   0.407 UA:3    +
   57    64  2   0.1%   0.760 GU:4    +
   72   106  3   0.2%   0.434 UA:3    +
    2    19  2   0.1%   0.023 AU:4    +
   14   115  2   0.1%   1.481 CG:4    +
  107   115  2   0.1%   0.815 CG:4    +
   50    93  2   0.1%   0.424 AU:4    +
   19    57  2   0.1%   0.152 UG:4    +
   30    45  3   0.2%   0.258 UG:3    +
   12    20  2   0.1%   0.086 UA:4    +
  109   113  2   0.1%   0.608 GC:4    +
    5   105  3   0.2%   0.224 UA:3    +
   16    47  2   0.1%   0.561 GC:4    +
   17    46  2   0.1%   0.147 CG:4    +
   47   115  2   0.1%   1.200 CG:4    +
   55    65  2   0.1%   0.279 AU:4    +
   13    47  2   0.1%   0.302 GC:4    +
   22   105  3   0.2%   0.438 AU:3    +
   57    65  2   0.1%   0.633 GU:4    +
   16   119  2   0.1%   0.975 GC:4    +
   64    70  2   0.1%   0.514 UA:4    +
    7   118  3   0.2%   0.740 GU:3    +
   57    92  2   0.1%   0.997 GU:4    +
   66    71  2   0.1%   0.578 UA:4    +
  104   109  2   0.1%   0.748 CG:4    +
   45    97  3   0.1%   0.943 GC:3    +
   66    74  2   0.1%   0.577 UA:4    +
   13    17  2   0.1%   0.042 GC:4    +
   62    80  2   0.1%   0.545 CG:4    +
  106   116  2   0.1%   0.963 AU:4    +
   49    93  2   0.1%   0.200 AU:4    +
   55    94  2   0.1%   0.270 AU:4    +
   17   115  2   0.1%   0.794 CG:4    +
    8    12  2   0.1%   0.037 AU:4    +
  115   119  2   0.1%   1.086 GC:4    +
   56    74  2   0.1%   0.607 UA:4    +
   13   155  2   0.1%   0.704 GU:4    +
   59    72  2   0.0%   0.633 AU:4    +
   55    75  2   0.0%   0.250 AU:4    +
   57    75  2   0.0%   0.916 GU:4    +
   42   100  3   0.1%   0.435 GC:3    +
   44    54  3   0.1%   0.843 UA:3    +
   26    39  2   0.0%   0.062 AU:4    +
   56    73  2   0.0%   0.602 UA:4    +
   22   114  2   0.0%   0.649 AU:4    +
   84   106  2   0.0%   1.067 UA:4    +
   93    98  2   0.0%   1.631 UA:4    +
   44    55  2   0.0%   0.314 UA:4    +
   20   155  2   0.0%   0.453 AU:4    +
   22   118  3   0.1%   1.173 AU:3    +
   32    42  3   0.1%   0.032 CG:3    +
   35   107  2   0.0%   0.896 GC:4    +
   57   107  2   0.0%   1.353 GC:4    +
   10   114  2   0.0%   0.272 AU:4    +
   71    75  2   0.0%   0.318 AU:4    +
   66    82  2   0.0%   0.706 UA:4    +
   22    54  3   0.1%   0.418 AU:3    +
  115   124  2   0.0%   1.020 GU:4    +
   35    62  2   0.0%   1.026 GC:4    +
    4   157  2   0.0%   0.274 AU:4    +
    6    17  2   0.0%   0.328 GC:4    +
  103   109  2   0.0%   0.679 CG:4    +
   12   115  2   0.0%   0.977 UG:4    +
   33    41  2   0.0%   0.018 UA:4    +
  101   109  2   0.0%   0.722 CG:4    +
   88   107  2   0.0%   1.228 GC:4    +
    6    38  2   0.0%   0.364 GC:4    +
   89   106  2   0.0%   0.638 UA:4    +
  100   109  2   0.0%   0.991 CG:4    +
    1   124  2   0.0%   0.031 AU:4    +
   73    81  2   0.0%   0.319 AU:4    +
   61    75  2   0.0%   0.382 AU:4    +
   38    58  2   0.0%   0.995 CG:4    +
    8   117  3   0.1%   0.562 AU:3    +
   17   154  2   0.0%   0.475 CG:4    +
   16   155  2   0.0%   0.965 GU:4    +
   53    58  2   0.0%   0.827 CG:4    +
    4    12  2   0.0%   0.006 AU:4    +
   31    62  2   0.0%   0.522 GC:4    +
   34    63  2   0.0%   1.112 UA:4    +
   49    66  2   0.0%   0.200 AU:4    +
   40    58  2   0.0%   0.484 CG:4    +
   82    92  2   0.0%   0.166 AU:4    +
   13   107  2   0.0%   0.308 GC:4    +
   62    85  2   0.0%   0.540 CG:4    +
   13   122  2   0.0%   0.368 GC:4    +
  124   151  2   0.0%   0.268 UA:4    +
   63    84  2   0.0%   0.331 AU:4    +
   39    59  2   0.0%   0.334 UA:4    +
    2   116  2   0.0%   0.013 AU:4    +
   32   109  2   0.0%   0.458 CG:4    +
  136   140  2   0.0%   0.005 UG:4    +
   12    25  2   0.0%   0.124 UG:4    +
   19   121  2   0.0%   0.524 UA:4    +
   55    87  2   0.0%   0.252 AU:4    +
    3    15  2   0.0%   0.005 AU:4    +
   58   107  2   0.0%   1.129 GC:4    +
   10    33  2   0.0%   0.031 AU:4    +
  110   115  2   0.0%   0.895 CG:4    +
   21   121  2   0.0%   0.858 UA:4    +
    9    57  2   0.0%   0.043 UG:4    +
   13   119  2   0.0%   0.724 GC:4    +
   16   110  2   0.0%   0.606 GC:4    +
   21    41  2   0.0%   0.455 UA:4    +
  108   114  3   0.1%   0.522 AU:3    +
   17   109  2   0.0%   0.174 CG:4    +
   29    57  2   0.0%   0.299 CG:4    +
    2    21  2   0.0%   0.018 AU:4    +
   75    80  2   0.0%   0.364 UG:4    +
   65    82  2   0.0%   0.689 UA:4    +
  121   152  2   0.0%   0.436 AU:4    +
    7   157  2   0.0%   0.933 GU:4    +
   59    75  2   0.0%   0.610 AU:4    +
   74    81  2   0.0%   0.248 AU:4    +
   12    23  2   0.0%   0.141 UG:4    +
   13   125  2   0.0%   0.347 GC:4    +
   85   107  2   0.0%   1.815 GC:4    +
   16    29  2   0.0%   0.753 GC:4    +
   17    28  2   0.0%   0.349 CG:4    +
   12    16  2   0.0%   0.198 UG:4    +
    3    12  2   0.0%   0.003 AU:4    +
   13    32  2   0.0%   0.287 GC:4    +
   12    26  2   0.0%   0.108 UA:4    +
   92   106  2   0.0%   0.314 UA:4    +
   55    92  2   0.0%   0.259 AU:4    +
   13   113  2   0.0%   0.566 GC:4    +
   52    62  2   0.0%   0.788 GC:4    +
   10    21  2   0.0%   0.073 AU:4    +
   53    57  2   0.0%   0.831 CG:4    +
    7    38  2   0.0%   0.264 GC:4    +
   70    84  2   0.0%   0.378 AU:4    +
   58    75  2   0.0%   0.678 GU:4    +
   21    95  2   0.0%   0.468 UA:4    +
   34   106  2   0.0%   1.127 UA:4    +
   66    86  2   0.0%   1.241 UA:4    +
   50    66  2   0.0%   0.408 AU:4    +
   57    84  2   0.0%   0.907 GU:4    +
    4   155  2   0.0%   0.269 AU:4    +
   29    58  2   0.0%   0.291 CG:4    +
    9   106  2   0.0%   0.045 UA:4    +
  115   125  2   0.0%   0.758 GC:4    +
   73    87  2   0.0%   0.329 AU:4    +
    7    12  2   0.0%   0.050 GU:4    +
    7    39  2   0.0%   0.262 GU:4    +
    3    21  2   0.0%   0.015 AU:4    +
   21    59  2   0.0%   0.466 UA:4    +
   17    58  2   0.0%   0.132 CG:4    +
    3   155  2   0.0%   0.477 AU:4    +
    2   155  2   0.0%   0.394 AU:4    +
   58    97  2   0.0%   1.082 GC:4    +
   75    98  2   0.0%   0.309 UA:4    +
   73    84  2   0.0%   0.391 AU:4    +
    2     9  2   0.0%   0.001 AU:4    +
   21    26  2   0.0%   0.455 UA:4    +
  131   142  2   0.0%   0.001 UA:4    +
   66   106  2   0.0%   0.972 UA:4    +
   57   103  2   0.0%   1.240 GC:4    +
   13   124  2   0.0%   0.602 GU:4    +
   63    81  2   0.0%   0.331 AU:4    +
   64   106  2   0.0%   0.803 UA:4    +
   70    87  2   0.0%   0.315 AU:4    +
   82    89  2   0.0%   0.332 AU:4    +
   94   106  2   0.0%   1.180 UA:4    +
   19   106  2   0.0%   0.139 UA:4    +
   16   124  2   0.0%   0.879 GU:4    +
   21    49  2   0.0%   0.458 UA:4    +
   58   101  2   0.0%   1.015 GC:4    +
    2    12  2   0.0%   0.001 AU:4    +
    5    63  2   0.0%   0.186 UA:4    +
    6    62  2   0.0%   0.361 GC:4    +
  104   115  2   0.0%   1.162 CG:4    +
   20   157  2   0.0%   0.438 AU:4    +
   39    49  2   0.0%   0.240 UA:4    +
    8   155  2   0.0%   0.656 AU:4    +
   66    98  2   0.0%   1.040 UA:4    +
   75    85  2   0.0%   0.487 UG:4    +
    6   157  2   0.0%   1.041 GU:4    +
   11    57  2   0.0%   0.392 CG:4    +
   74    84  2   0.0%   0.320 AU:4    +
   20   124  2   0.0%   0.363 AU:4    +
   13    62  2   0.0%   0.303 GC:4    +
    9   142  2   0.0%   0.095 UA:4    +
   82    87  2   0.0%   0.201 AU:4    +
   16    40  2   0.0%   0.535 GC:4    +
   75   109  2   0.0%   0.438 UG:4    +
    2    66  2   0.0%   0.009 AU:4    +
   16   104  2   0.0%   0.561 GC:4    +
   16   133  2   0.0%   0.622 GC:4    +
   57   100  2   0.0%   1.222 GC:4    +
  127   149  2   0.0%   0.001 UA:4    +
    9    82  2   0.0%   0.042 UA:4    +
    9    63  2   0.0%   0.042 UA:4    +
   44    70  2   0.0%   0.285 UA:4    +
   44    57  2   0.0%   0.565 UG:4    +
   52   107  2   0.0%   0.662 GC:4    +
   47   109  2   0.0%   0.675 CG:4    +
   12   139  2   0.0%   0.333 UG:4    +
  124   153  2   0.0%   0.303 UG:4    +
   20    66  2   0.0%   0.061 AU:4    +
   34    70  2   0.0%   1.108 UA:4    +
   47    58  2   0.0%   0.795 CG:4    +
   49   114  2   0.0%   0.554 AU:4    +
   22   155  2   0.0%   0.935 AU:4    +
   23    38  2   0.0%   0.432 GC:4    +
    8   124  2   0.0%   0.907 AU:4    +
   58   113  2   0.0%   1.365 GC:4    +
   49    72  2   0.0%   0.187 AU:4    +
   75    86  2   0.0%   0.509 UA:4    +
   33    67  2   0.0%   0.697 UA:4    +
    1    12  2   0.0%   0.001 AU:4    +
   72    98  2   0.0%   0.466 UA:4    +
   10    66  2   0.0%   0.033 AU:4    +
   22    39  2   0.0%   0.381 AU:4    +
   50    72  2   0.0%   0.395 AU:4    +
    5   106  2   0.0%   0.203 UA:4    +
  129   148  2   0.0%   0.001 UA:4    +
   74    87  2   0.0%   0.257 AU:4    +
   16    62  2   0.0%   0.545 GC:4    +
   65   106  2   0.0%   0.970 UA:4    +
   62   109  2   0.0%   0.997 CG:4    +
   10   157  2   0.0%   1.068 AU:4    +
   16   101  2   0.0%   0.553 GC:4    +
   12   109  2   0.0%   0.341 UG:4    +
   55   116  2   0.0%   1.100 AU:4    +
   33    71  2   0.0%   0.688 UA:4    +
    9    55  2   0.0%   0.040 UA:4    +
    9   121  2   0.0%   0.462 UA:4    +
   35    39  2   0.0%   0.052 GU:4    +
   40   109  2   0.0%   0.364 CG:4    +
   11    58  2   0.0%   0.391 CG:4    +
   72    86  2   0.0%   0.667 UA:4    +
   74    94  2   0.0%   0.227 AU:4    +
  106   112  2   0.0%   0.446 AU:4    +
   55    89  2   0.0%   0.250 AU:4    +
   26    93  2   0.0%   0.033 AU:4    +
   86   124  2   0.0%   1.148 AU:4    +
   34    73  2   0.0%   1.107 UA:4    +
   89   121  2   0.0%   0.910 UA:4    +
   66   109  2   0.0%   1.146 UG:4    +
   12   106  2   0.0%   0.331 UA:4    +
   57    87  2   0.0%   0.911 GU:4    +
  115   155  2   0.0%   1.100 GU:4    +
   16   125  2   0.0%   0.622 GC:4    +
   12   154  2   0.0%   0.693 UG:4    +
   37    70  2   0.0%   1.020 UA:4    +
   13   104  2   0.0%   0.319 GC:4    +
    8    33  2   0.0%   0.019 AU:4    +
   12    49  2   0.0%   0.320 UA:4    +
   22   157  2   0.0%   0.923 AU:4    +
   55    84  2   0.0%   0.244 AU:4    +
   31    38  2   0.0%   0.235 GC:4    +
   28   107  2   0.0%   0.324 GC:4    +
   32    58  2   0.0%   0.303 CG:4    +
  109   119  2   0.0%   0.656 GC:4    +
   29   115  2   0.0%   1.062 CG:4    +
    2    44  2   0.0%   0.009 AU:4    +
   49    75  2   0.0%   0.187 AU:4    +
  109   155  2   0.0%   0.603 GU:4    +
   10    75  2   0.0%   0.033 AU:4    +
   75    88  2   0.0%   0.506 UG:4    +
   13   136  2   0.0%   0.346 GU:4    +
   97   109  2   0.0%   1.340 CG:4    +
   32    57  2   0.0%   0.311 CG:4    +
   47    57  2   0.0%   0.802 CG:4    +
   50    75  2   0.0%   0.395 AU:4    +
   16   103  2   0.0%   0.561 GC:4    +
   19    63  2   0.0%   0.138 UA:4    +
   39    99  2   0.0%   0.071 UA:4    +
   52    75  2   0.0%   0.544 GU:4    +
   20   114  2   0.0%   0.295 AU:4    +
   70    94  2   0.0%   0.285 AU:4    +
   87   106  2   0.0%   0.871 UA:4    +
   74    89  2   0.0%   0.389 AU:4    +
   66    95  2   0.0%   1.056 UA:4    +
   15    70  2   0.0%   0.796 UA:4    +
  100   115  2   0.0%   1.416 CG:4    +
   67    93  2   0.0%   0.980 AU:4    +
  103   115  2   0.0%   1.099 CG:4    +
   64    82  2   0.0%   0.594 UA:4    +
    9    73  2   0.0%   0.041 UA:4    +
   23    62  2   0.0%   0.465 GC:4    +
    8    39  2   0.0%   0.024 AU:4    +
    6    39  2   0.0%   0.360 GU:4    +
   13   137  2   0.0%   0.346 GC:4    +
   23   157  2   0.0%   0.863 GU:4    +
   10    72  2   0.0%   0.032 AU:4    +
   21    57  2   0.0%   0.473 UG:4    +
   39    50  2   0.0%   0.445 UA:4    +
    4    93  2   0.0%   0.028 AU:4    +
   55    81  2   0.0%   0.245 AU:4    +
   71    93  2   0.0%   0.429 AU:4    +
   57    81  2   0.0%   0.906 GU:4    +
   56    82  2   0.0%   0.606 UA:4    +
   63    92  2   0.0%   0.717 AU:4    +
   12    57  2   0.0%   0.331 UG:4    +
  127   148  2   0.0%   0.000 UA:4    +
   75   115  2   0.0%   0.898 UG:4    +
    9    70  2   0.0%   0.041 UA:4    +
   22    33  2   0.0%   0.382 AU:4    +
   14    58  2   0.0%   0.789 CG:4    +
   44    63  2   0.0%   0.286 UA:4    +
   19    70  2   0.0%   0.138 UA:4    +
   74   116  2   0.0%   0.921 AU:4    +
   82   128  2   0.0%   0.404 AU:4    +
    7   124  2   0.0%   1.183 GU:4    +
  109   122  2   0.0%   0.320 GC:4    +
   57    89  2   0.0%   0.910 GU:4    +
   22    75  2   0.0%   0.394 AU:4    +
   22    66  2   0.0%   0.394 AU:4    +
  107   145  2   0.0%   0.133 CG:4    +
   16   100  2   0.0%   0.553 GC:4    +
   25    62  2   0.0%   0.206 GC:4    +
  101   115  2   0.0%   1.145 CG:4    +
   23   124  2   0.0%   0.791 GU:4    +
    5    55  2   0.0%   0.185 UA:4    +
    4    39  2   0.0%   0.027 AU:4    +
    8    72  2   0.0%   0.023 AU:4    +
   19    55  2   0.0%   0.131 UA:4    +
   38   109  2   0.0%   0.880 CG:4    +
   58   110  2   0.0%   1.212 GC:4    +
  115   133  2   0.0%   0.756 GC:4    +
  114   134  2   0.0%   0.367 UA:4    +
    2    94  2   0.0%   0.009 AU:4    +
    4   114  2   0.0%   0.028 AU:4    +
   22   124  2   0.0%   0.851 AU:4    +
   44   106  2   0.0%   0.313 UA:4    +
    9    74  2   0.0%   0.041 UA:4    +
   12    61  2   0.0%   0.329 UA:4    +
   44    73  2   0.0%   0.283 UA:4    +
  142   152  2   0.0%   0.091 AU:4    +
   70   112  2   0.0%   0.472 AU:4    +
   57   122  2   0.0%   1.312 GC:4    +
  137   145  2   0.0%   0.001 CG:4    +
   21    67  2   0.0%   0.467 UA:4    +
   12    50  2   0.0%   0.319 UA:4    +
  124   140  2   0.0%   0.263 UG:4    +
   13   103  2   0.0%   0.319 GC:4    +
   27   101  3   0.1%   0.308 GC:3    +
   48    95  3   0.1%   0.565 UA:3    +
    9   118  3   0.1%   0.629 UA:3    +
   10   117  3   0.1%   0.688 AU:3    +
   30    55  3   0.1%   0.650 UA:3    +
   48   114  3   0.1%   0.920 AU:3    +
   54    67  3   0.1%   0.636 UA:3    +
   59    90  3   0.1%   0.751 AU:3    +
   60    71  3   0.1%   0.379 UA:3    +
   54    87  3   0.1%   0.633 AU:3    +
   48    94  3   0.0%   0.556 AU:3    +
   29    42  3   0.0%   0.254 CG:3    +
   44   118  3   0.0%   0.881 UA:3    +
   74   105  3   0.0%   0.191 AU:3    +
   34   105  3   0.0%   1.169 UA:3    +
   27    38  3   0.0%   0.278 GC:3    +
   34   108  3   0.0%   1.153 UA:3    +
   72    82  3   0.0%   0.375 UA:3    +
  126   153  3   0.0%   0.072 UG:3    +
   36   106  3   0.0%   0.785 UA:3    +
   54    95  3   0.0%   0.641 UA:3    +
   98   105  3   0.0%   1.334 AU:3    +
   20    43  3   0.0%   0.056 AU:3    +
   71   105  3   0.0%   0.371 AU:3    +
   30   106  3   0.0%   0.689 UA:3    +
   60    70  3   0.0%   0.379 UA:3    +
   54    66  3   0.0%   0.631 AU:3    +
   45   104  3   0.0%   0.980 GC:3    +
   44   105  3   0.0%   0.354 UA:3    +
   43   106  3   0.0%   0.401 UA:3    +
   99   105  3   0.0%   0.713 AU:3    +
   56   108  3   0.0%   0.927 UA:3    +
    2   117  3   0.0%   0.018 AU:3    +
   37   105  3   0.0%   1.080 UA:3    +
   60    95  3   0.0%   0.654 UA:3    +
   87   108  3   0.0%   0.913 UA:3    +
  121   159  3   0.0%   0.766 AU:3    +
   87   105  3   0.0%   0.991 UA:3    +
   30    63  3   0.0%   0.638 UA:3    +
    5   118  3   0.0%   0.568 UA:3    +
    3   118  3   0.0%   0.354 AU:3    +
   59    69  3   0.0%   0.673 AU:3    +
   51   105  3   0.0%   0.563 AU:3    +
   22    60  3   0.0%   0.396 AU:3    +
   54    59  3   0.0%   0.826 UA:3    +
    1   118  3   0.0%   0.017 AU:3    +
  138   142  3   0.0%   0.060 UA:3    +
   69   108  3   0.0%   0.193 UA:3    +
    4   159  3   0.0%   0.272 AU:3    +
   37   108  3   0.0%   1.060 UA:3    +
   31   105  3   0.0%   0.616 GU:3    +
   54    71  3   0.0%   0.621 UA:3    +
   85   105  3   0.0%   1.904 GU:3    +
    9   108  3   0.0%   0.046 UA:3    +
  117   121  3   0.0%   0.750 UA:3    +
   34    54  3   0.0%   1.168 UA:3    +
    2    15  3   0.0%   0.003 AU:3    +
   54    72  3   0.0%   0.623 AU:3    +
   54    99  3   0.0%   0.647 UA:3    +
   54    88  3   0.0%   0.632 UG:3    +
   15   121  3   0.0%   1.195 UA:3    +
    3   159  3   0.0%   0.477 AU:3    +
   42    47  3   0.0%   0.574 GC:3    +
   11    27  3   0.0%   0.181 CG:3    +
   48    67  3   0.0%   0.554 UA:3    +
   60    98  3   0.0%   0.636 UA:3    +
   23   118  3   0.0%   1.091 GU:3    +
   84   108  3   0.0%   1.102 UA:3    +
   54    94  3   0.0%   0.639 AU:3    +
   30    57  3   0.0%   0.642 UG:3    +
    2   159  3   0.0%   0.393 AU:3    +
   54    64  3   0.0%   0.571 AU:3    +
   22    48  3   0.0%   0.386 AU:3    +
   48    57  3   0.0%   0.827 UG:3    +
   20    60  3   0.0%   0.061 AU:3    +
   60    99  3   0.0%   0.555 UA:3    +
   26    90  3   0.0%   0.033 AU:3    +
   54    98  3   0.0%   0.646 UA:3    +
   49    54  3   0.0%   0.739 AU:3    +
   67   105  3   0.0%   0.915 AU:3    +
    3   157  3   0.0%   0.475 AU:3    +
   55   105  3   0.0%   0.309 AU:3    +
    4   117  3   0.0%   0.474 AU:3    +
   45    53  3   0.0%   1.383 GC:3    +
   10   105  3   0.0%   0.045 AU:3    +
   50    69  3   0.0%   0.397 AU:3    +
   65   105  3   0.0%   1.036 UA:3    +
  105   109  3   0.0%   0.475 UG:3    +
   95   105  3   0.0%   1.419 AU:3    +
   10   118  3   0.0%   0.940 AU:3    +
   81   118  3   0.0%   1.896 UA:3    +
   41    48  3   0.0%   0.680 AU:3    +
  126   151  3   0.0%   0.003 UA:3    +
   82   117  3   0.0%   0.732 AU:3    +
  105   114  3   0.0%   0.580 AU:3    +
   27   104  3   0.0%   0.314 GC:3    +
   43    50  3   0.0%   0.489 UA:3    +
   20   105  3   0.0%   0.073 AU:3    +
   43    49  3   0.0%   0.285 UA:3    +
   86   105  3   0.0%   1.103 AU:3    +
   42   119  3   0.0%   0.798 GC:3    +
   14    42  3   0.0%   0.772 CG:3    +
   30    82  3   0.0%   0.645 UA:3    +
   65   108  3   0.0%   1.024 UA:3    +
   81   108  3   0.0%   1.396 UA:3    +
   81   105  3   0.0%   1.437 UA:3    +
   32    45  3   0.0%   0.032 CG:3    +
   14   135  3   0.0%   0.826 CG:3    +
   48    55  3   0.0%   0.572 UA:3    +
   24    54  3   0.0%   0.122 AU:3    +
   35   105  3   0.0%   0.848 GU:3    +
   59   105  3   0.0%   0.924 AU:3    +
   22   159  3   0.0%   0.827 AU:3    +
   26    54  3   0.0%   0.049 AU:3    +
   26   105  3   0.0%   0.056 AU:3    +
   17   132  3   0.0%   0.136 CG:3    +
   43    71  3   0.0%   0.371 UA:3    +
    4   118  3   0.0%   0.389 AU:3    +
   44    48  3   0.0%   0.564 UA:3    +
   17    27  3   0.0%   0.345 CG:3    +
   16   118  3   0.0%   1.110 GU:3    +
   19   108  3   0.0%   0.169 UA:3    +
   44   108  3   0.0%   0.330 UA:3    +
   10    48  3   0.0%   0.031 AU:3    +
    2   105  3   0.0%   0.009 AU:3    +
    9   105  3   0.0%   0.054 UA:3    +
   94   105  3   0.0%   1.299 UA:3    +
   49    69  3   0.0%   0.188 AU:3    +
   58   105  3   0.0%   1.122 GU:3    +
    8    60  3   0.0%   0.023 AU:3    +
   54    89  3   0.0%   0.630 AU:3    +
   16    48  3   0.0%   0.545 GU:3    +
   19   105  3   0.0%   0.151 UA:3    +
   22    43  3   0.0%   0.383 AU:3    +
   22   126  3   0.0%   0.593 AU:3    +
  105   112  3   0.0%   0.569 AU:3    +
   42   110  3   0.0%   0.536 GC:3    +
   94   108  3   0.0%   1.217 UA:3    +
   42   122  3   0.0%   0.463 GC:3    +
   67    90  3   0.0%   1.132 AU:3    +
  118   141  3   0.0%   0.580 AU:3    +
    8   159  3   0.0%   1.210 AU:3    +
    4   105  3   0.0%   0.028 AU:3    +
   14    27  3   0.0%   0.558 CG:3    +
    6   105  3   0.0%   0.397 GU:3    +
   92   108  3   0.0%   0.350 UA:3    +
   50    54  3   0.0%   0.946 AU:3    +
   26    48  3   0.0%   0.032 AU:3    +
   13   118  3   0.0%   0.873 GU:3    +
   64   108  3   0.0%   0.857 UA:3    +
   45   101  3   0.0%   0.942 GC:3    +
   80   105  3   0.0%   1.409 GU:3    +
   92   105  3   0.0%   0.431 UA:3    +
    3    43  3   0.0%   0.007 AU:3    +
   30    73  3   0.0%   0.644 UA:3    +
    6   126  3   0.0%   1.035 GU:3    +
  117   142  3   0.0%   0.331 UA:3    +
   84   126  3   0.0%   0.968 UA:3    +
   43   121  3   0.0%   0.753 UA:3    +
   26   118  3   0.0%   0.712 AU:3    +
   60    86  3   0.0%   0.355 UA:3    +
   42   101  3   0.0%   0.420 GC:3    +
   50    60  3   0.0%   0.657 AU:3    +
   54    92  3   0.0%   0.638 AU:3    +
  115   159  3   0.0%   0.992 GU:3    +
  126   131  3   0.0%   0.001 AU:3    +
  121   138  3   0.0%   0.421 AU:3    +
   89   108  3   0.0%   0.673 UA:3    +
   17   147  3   0.0%   0.136 CG:3    +
   64   105  3   0.0%   0.869 UA:3    +
   20    48  3   0.0%   0.052 AU:3    +
   15    63  3   0.0%   0.796 UA:3    +
   36   121  3   0.0%   1.139 UA:3    +
  122   135  3   0.0%   0.133 CG:3    +
   49    60  3   0.0%   0.449 AU:3    +
   69    98  3   0.0%   0.205 UA:3    +
   61   105  3   0.0%   0.780 AU:3    +
  118   154  3   0.0%   0.917 UG:3    +
   48    56  3   0.0%   0.576 AU:3    +
    3   105  3   0.0%   0.007 AU:3    +
   13   159  3   0.0%   0.598 GU:3    +
   69    95  3   0.0%   0.222 UA:3    +
   48   115  3   0.0%   1.227 UG:3    +
  108   112  3   0.0%   0.492 AU:3    +
   27   110  3   0.0%   0.318 GC:3    +
   50   105  3   0.0%   0.463 AU:3    +
   10    54  3   0.0%   0.031 AU:3    +
   10   159  3   0.0%   0.973 AU:3    +
   41   118  3   0.0%   0.948 AU:3    +
   13   105  3   0.0%   0.314 GU:3    +
    4    43  3   0.0%   0.027 AU:3    +
  126   149  3   0.0%   0.001 UA:3    +
   29    45  3   0.0%   0.256 CG:3    +
   20    69  3   0.0%   0.060 AU:3    +
   31    54  3   0.0%   0.837 GU:3    +
   54    84  3   0.0%   0.621 AU:3    +
   69    86  3   0.0%   0.407 UA:3    +
  105   152  3   0.0%   0.237 AU:3    +
   30    74  3   0.0%   0.644 UA:3    +
   27   100  3   0.0%   0.291 GC:3    +
   10    69  3   0.0%   0.032 AU:3    +
   98   117  3   0.0%   1.438 AU:3    +
   19    48  3   0.0%   0.131 UA:3    +
   26    60  3   0.0%   0.033 AU:3    +
   16   159  3   0.0%   0.858 GU:3    +
   20   159  3   0.0%   0.342 AU:3    +
    3    93  3   0.0%   0.007 AU:3    +
    6    54  3   0.0%   0.361 GU:3    +
   42   104  3   0.0%   0.453 GC:3    +
    5   126  3   0.0%   0.815 UA:3    +
   48    76  3   0.0%   0.545 UA:3    +
   27    97  3   0.0%   0.282 GC:3    +
   48    65  3   0.0%   0.545 AU:3    +
  106   117  3   0.0%   0.432 AU:3    +
    2    43  3   0.0%   0.009 AU:3    +
   11    45  3   0.0%   0.390 CG:3    +
   48    71  3   0.0%   0.545 UA:3    +
   48    52  3   0.0%   1.081 UG:3    +
  105   116  3   0.0%   1.074 AU:3    +
   41    60  3   0.0%   0.637 AU:3    +
   43    74  3   0.0%   0.370 UA:3    +
   15   106  3   0.0%   0.797 UA:3    +
   27    32  3   0.0%   0.224 GC:3    +
   49   105  3   0.0%   0.254 AU:3    +
   16   105  3   0.0%   0.556 GU:3    +
   48    61  3   0.0%   0.806 UA:3    +
   48    58  3   0.0%   0.818 UG:3    +
  108   116  3   0.0%   1.007 AU:3    +
  118   152  3   0.0%   0.592 AU:3    +
   41   105  3   0.0%   0.427 AU:3    +
  113   135  3   0.0%   0.345 CG:3    +
   36    63  3   0.0%   0.756 UA:3    +
    1   105  3   0.0%   0.012 AU:3    +
  125   147  3   0.0%   0.002 CG:3    +
   73   117  3   0.0%   0.492 AU:3    +
   45   119  3   0.0%   1.325 GC:3    +
  114   118  3   0.0%   0.943 UA:3    +
   43    59  3   0.0%   0.637 UA:3    +
   27    62  3   0.0%   0.282 GC:3    +
   36   105  3   0.0%   0.817 UA:3    +
   67   117  3   0.0%   1.145 AU:3    +
  126   154  3   0.0%   0.815 UG:3    +
..((((((..(((((...........))))).((((((..((((......))))..))))))................(((.((((......))))..)))..........)))))).....((((((((((((((.....))))))))))))))....
