3 sequence; length of alignment 160
alifold output
   47    77  0  99.7%   0.015 GC:2    AU:1   
   51    73  0 100.0%   0.000 CG:3   
   54    70  0 100.0%   0.001 CG:3   
   53    71  1  99.9%   0.002 GC:1    AU:1   
   48    76  0  99.9%   0.008 UA:3   
   55    69  0  99.8%   0.005 CG:3   
   49    75  0  99.6%   0.016 UG:3   
   52    72  1  99.7%   0.009 UA:2   
   50    74  1  99.6%   0.015 UA:2   
  139   150  0  98.7%   0.047 CG:3   
  138   151  0  98.5%   0.070 CG:3   
   15    98  0  97.2%   0.106 GC:2    GU:1   
  131   156  0  98.0%   0.173 CG:3   
  130   157  0  98.0%   0.150 AU:3   
   16    97  0  97.6%   0.084 GC:3   
  132   155  0  97.3%   0.179 AU:3   
  129   158  1  97.7%   0.175 GC:2   
   17    96  1  97.6%   0.084 CG:2   
  137   152  1  97.5%   0.121 AU:2   
   18    95  0  96.4%   0.110 AU:3   
  136   153  0  95.9%   0.231 CG:3   
  140   149  1  95.9%   0.134 AU:2   
  104   110  0  91.4%   0.637 AU:1    UA:2   
  101   113  0  90.6%   0.542 CG:2    UA:1   
   37    84  0  91.1%   0.451 CG:3   
   36    85  0  91.0%   0.475 UA:3   
  105   109  0  90.7%   0.623 GC:3   
  100   114  0  90.6%   0.590 UA:3   
   99   115  0  90.4%   0.647 GC:3   
  103   111  1  90.3%   0.477 GC:2   
   35    86  1  90.0%   0.518 GC:2   
   19    93  0  87.8%   0.350 CG:3   
   20    92  1  86.6%   0.379 AU:2   
  133   154  0  85.4%   0.495 UG:3   
   21    91  0  84.8%   0.486 GC:3   
   22    31  0  69.2%   0.768 GC:3   
   23    30  0  69.2%   0.765 UA:3   
  128   159  1  68.6%   1.130 UA:2   
   24    29  1  64.8%   0.846 GC:1    GU:1   
   45    79  0  46.9%   1.532 AU:3   
   44    80  0  44.1%   1.674 GU:1    AU:2   
   41    81  0  39.7%   1.186 CG:1    UG:1    AU:1    +
   42    80  0  40.0%   1.154 AU:3    +
   43    79  0  36.1%   1.119 AU:3    +
  127   160  0  24.1%   1.631 UG:3    +
    7    13  0  24.0%   1.352 GC:3    +
    2   120  0  21.2%   1.075 CG:1    UG:2    +
    3   119  0  20.4%   0.993 AU:3    +
    6    14  1  19.8%   1.300 GU:2    +
    6    13  0  19.3%   0.960 GC:3    +
    1   121  0  19.2%   1.027 UA:3    +
    8    12  1  18.1%   0.938 UA:2    +
    4   118  1  13.6%   0.886 AU:2    +
   33    88  1  13.3%   1.276 GC:2    +
   23    90  0  12.2%   1.200 UA:3    +
   24    89  0  10.5%   1.508 GC:1    GU:2    +
   22    91  0  11.5%   1.325 GC:3    +
   21    92  0  10.5%   1.043 GU:3    +
  126   160  0   7.3%   0.822 CG:2    UG:1    +
  127   159  0   6.9%   0.770 UA:3    +
   24    86  0   5.9%   0.969 GC:2    GU:1    +
   24    31  0   6.7%   1.079 GC:3    +
   25    30  0   6.4%   0.785 UA:3    +
   22    88  0   5.4%   0.745 GC:2    GU:1    +
   25    85  0   5.8%   0.732 UA:3    +
    6   109  0   5.8%   1.229 GC:3    +
    7   108  0   5.7%   0.941 GC:3    +
   23    87  1   5.8%   0.759 UA:2    +
   26    84  1   5.2%   0.628 CG:1    UG:1    +
    7   117  0   3.4%   1.017 GC:2    GU:1    +
    6   118  0   3.2%   1.555 GC:1    GU:2    +
   24    88  0   3.1%   1.122 GC:2    GU:1    +
    5   110  1   4.5%   0.500 UA:2    +
   13    99  0   4.0%   1.049 CG:3    +
  122   126  0   2.9%   0.598 GC:2    AU:1    +
  142   147  0   3.9%   0.389 GU:3    +
   12   100  0   3.8%   0.695 AU:3    +
    2   113  0   1.6%   0.218 CG:1    UG:1    UA:1    +
    2   122  0   1.3%   0.596 CG:1    UG:1    UA:1    +
   44    79  0   2.3%   0.636 GU:1    AU:2    +
   26    33  0   1.2%   0.166 CG:1    GC:1    UG:1    +
   26    34  1   3.1%   0.423 GC:1    UA:1    +
   29    81  0   0.9%   0.447 CG:1    UG:1    AU:1    +
   27    33  1   3.4%   0.405 CG:2    +
    7   101  0   1.9%   0.588 GC:2    GU:1    +
  121   127  0   2.9%   0.731 AU:3    +
   57    65  0   2.7%   0.378 UA:3    +
   21    98  0   1.6%   0.674 GC:2    GU:1    +
   58    64  0   2.6%   0.329 UA:3    +
   25    87  1   3.0%   0.884 UA:2    +
   43    80  0   2.5%   1.061 AU:3    +
   46    79  0   1.4%   1.001 GU:1    AU:2    +
  134   153  0   2.3%   0.308 UG:3    +
   35    41  0   0.3%   0.095 GC:1    GU:1    UA:1    +
   13   103  0   2.2%   1.109 CG:3    +
    9   105  0   1.2%   0.184 CG:1    UG:2    +
   10   105  0   2.2%   0.331 UG:3    +
  140   152  0   1.2%   0.280 UG:1    AU:2    +
   41    83  1   2.1%   0.651 AU:1    UA:1    +
   16   101  0   1.1%   0.261 GC:2    GU:1    +
   29    35  0   0.0%   0.331 CG:1    UG:1    AU:1    +
   26    35  0   0.0%   0.176 CG:1    GU:1    UG:1    +
   26    81  0   0.0%   0.165 CG:1    GU:1    UG:1    +
   26    96  0   0.0%   0.521 CG:1    GU:1    UG:1    +
   29    96  0   0.0%   0.460 CG:1    UG:1    AU:1    +
  135   152  0   1.0%   0.138 UG:1    AU:2    +
    6   102  0   1.9%   0.883 GC:3    +
   14    99  1   2.4%   0.740 UG:2    +
    8   116  1   2.4%   0.692 UA:2    +
    6   117  0   0.8%   1.035 GC:2    GU:1    +
   21    89  0   0.7%   0.138 GC:1    GU:2    +
   22    97  0   1.7%   0.916 GC:3    +
   24    95  0   1.6%   1.217 GU:3    +
   25    94  0   1.6%   0.709 UA:3    +
  120   128  1   2.1%   0.787 GU:2    +
   22   117  0   0.6%   1.003 GC:2    GU:1    +
   21   118  0   0.6%   0.995 GC:1    GU:2    +
    9   106  1   2.1%   0.371 UA:2    +
  107   123  0   1.5%   0.363 UA:3    +
  120   126  0   0.5%   0.630 GC:2    GU:1    +
  117   122  0   0.5%   0.479 CG:2    UA:1    +
  106   124  0   1.5%   0.419 AU:3    +
   26    93  1   1.4%   0.667 CG:1    UG:1    +
   17   156  0   0.4%   0.118 CG:2    UG:1    +
   12   104  1   1.9%   0.796 AU:2    +
  109   120  0   1.4%   0.835 CG:3    +
   11   104  1   1.9%   0.276 AU:2    +
    5   103  0   1.3%   0.195 UG:3    +
  113   126  0   0.3%   0.346 GC:2    AU:1    +
   45    80  0   1.3%   1.394 AU:3    +
    1   114  0   1.3%   0.188 UA:3    +
  117   154  0   0.3%   0.322 CG:2    UG:1    +
  103   117  0   0.3%   0.523 GC:2    GU:1    +
   22    89  0   0.2%   0.507 GC:1    GU:2    +
   19    99  0   1.2%   0.501 CG:3    +
   18   100  0   1.2%   0.329 AU:3    +
   84   101  0   0.2%   0.445 GC:2    GU:1    +
   86    99  0   0.2%   0.584 CG:2    UG:1    +
   81   104  0   0.2%   0.691 GU:2    UA:1    +
   17   122  0   0.2%   0.170 CG:2    UA:1    +
  113   117  0   0.2%   0.468 GC:2    AU:1    +
   93   101  0   0.2%   0.368 GC:2    GU:1    +
  139   153  0   1.2%   0.303 CG:3    +
  138   154  0   1.2%   0.402 CG:3    +
   78   107  0   0.2%   0.050 GU:1    AU:2    +
  137   155  0   1.2%   0.254 AU:3    +
   89   105  0   0.2%   0.543 CG:1    UG:2    +
  136   156  0   1.2%   0.281 CG:3    +
    9   129  0   0.2%   0.239 CG:1    UG:2    +
    7   126  0   0.2%   0.813 GC:2    GU:1    +
   23    96  1   1.6%   0.909 UG:2    +
   26    87  1   1.1%   0.743 GU:1    UA:1    +
    6   126  0   0.1%   1.105 GC:2    GU:1    +
   27    93  0   0.1%   0.345 CG:2    UG:1    +
    1   123  0   1.1%   0.549 UA:3    +
   15   102  0   1.1%   0.274 GC:3    +
  101   129  0   0.1%   0.290 CG:2    UG:1    +
    7   118  0   0.1%   1.149 GC:1    GU:2    +
  105   126  0   0.1%   0.392 GC:2    GU:1    +
   27   113  0   0.1%   0.283 CG:2    UA:1    +
   27    84  0   0.1%   0.314 CG:2    UG:1    +
  122   127  0   0.1%   0.482 GU:2    AU:1    +
    1   122  0   0.1%   0.412 UG:2    UA:1    +
    2   105  0   0.1%   0.030 CG:1    UG:2    +
  101   122  0   0.1%   0.371 CG:2    UA:1    +
   10   122  0   0.1%   0.249 UG:2    UA:1    +
    9   120  0   0.1%   0.523 CG:1    UG:2    +
   96   104  0   0.1%   0.356 GU:2    UA:1    +
  143   150  0   0.1%   0.037 CG:1    UG:2    +
    9    15  0   0.1%   0.031 CG:1    UG:2    +
    7    88  0   0.1%   0.368 GC:2    GU:1    +
    6    89  0   0.1%   0.662 GC:1    GU:2    +
    7    17  0   0.1%   0.366 GC:2    GU:1    +
    2   160  0   0.1%   0.498 CG:1    UG:2    +
    8    87  0   0.1%   0.331 AU:1    UA:2    +
    2     6  0   0.1%   0.014 CG:1    UG:2    +
    2     7  0   0.1%   0.019 CG:1    UG:2    +
   84    89  0   0.1%   0.613 GC:1    GU:2    +
   81   111  0   0.0%   0.462 GC:2    UA:1    +
   87   104  0   0.0%   0.581 AU:2    UA:1    +
   86   105  0   0.0%   0.464 CG:2    UG:1    +
   88   103  0   0.0%   0.740 CG:2    UG:1    +
   59    70  0   0.0%   0.010 CG:2    UG:1    +
    2    93  0   0.0%   0.018 CG:1    UG:2    +
   16   126  0   0.0%   0.124 GC:2    GU:1    +
    2   129  0   0.0%   0.488 CG:1    UG:2    +
    9   160  0   0.0%   0.232 CG:1    UG:2    +
    6    17  0   0.0%   0.653 GC:2    GU:1    +
    1   113  0   0.0%   0.023 UG:2    UA:1    +
    9   103  0   0.0%   0.080 CG:1    UG:2    +
  108   122  1   1.5%   0.507 CG:2    +
   22    27  0   0.0%   0.006 GC:2    GU:1    +
  118   153  0   0.0%   0.479 CG:1    UG:2    +
   13   160  0   1.0%   1.068 CG:3    +
  117   160  0   0.0%   0.326 CG:2    UG:1    +
  103   126  0   0.0%   0.334 GC:2    GU:1    +
  122   134  0   0.0%   0.369 GU:2    AU:1    +
   86   156  0   0.0%   0.314 CG:2    UG:1    +
   88   154  0   0.0%   0.590 CG:2    UG:1    +
   38    44  0   0.0%   0.021 UG:1    UA:2    +
   89   153  0   0.0%   0.350 CG:1    UG:2    +
  118   160  0   0.0%   0.542 CG:1    UG:2    +
    9    99  0   0.0%   0.019 CG:1    UG:2    +
  141   151  0   1.0%   0.176 UG:3    +
   27   122  0   0.0%   0.270 CG:2    UA:1    +
  117   129  0   0.0%   0.273 CG:2    UG:1    +
    6    98  0   0.0%   0.658 GC:2    GU:1    +
    8    96  0   0.0%   0.327 UG:2    AU:1    +
   46    80  0   0.0%   0.986 GU:1    AU:2    +
   93    98  0   0.0%   0.292 GC:2    GU:1    +
   22    86  0   0.0%   0.268 GC:2    GU:1    +
   36    78  0   0.0%   0.042 UG:1    UA:2    +
    2    15  0   0.0%   0.011 CG:1    UG:2    +
  101   120  0   0.0%   0.639 CG:2    UG:1    +
   38    46  0   0.0%   0.022 UG:1    UA:2    +
   98   103  0   0.0%   0.293 CG:2    UG:1    +
   84    88  0   0.0%   0.829 GC:2    GU:1    +
    5   122  0   0.0%   0.316 UG:2    UA:1    +
  101   105  0   0.0%   0.343 CG:2    UG:1    +
   98   153  0   0.0%   0.103 CG:2    UG:1    +
   78    89  0   0.0%   0.336 GC:1    AU:2    +
   15   126  0   0.0%   0.123 GC:2    GU:1    +
   88    93  0   0.0%   0.747 CG:2    UG:1    +
   15   101  0   0.0%   0.126 GC:2    GU:1    +
  118   129  0   0.0%   0.487 CG:1    UG:2    +
  113   119  0   0.0%   0.722 GU:2    AU:1    +
   17    99  0   0.0%   0.255 CG:2    UG:1    +
   15    89  0   0.0%   0.025 GC:1    GU:2    +
   16    88  0   0.0%   0.016 GC:2    GU:1    +
   36    44  0   0.0%   0.031 UG:1    UA:2    +
   99   117  0   0.0%   0.583 GC:2    GU:1    +
  128   135  0   0.0%   0.113 AU:1    UA:2    +
   79   113  0   0.0%   1.013 UG:2    UA:1    +
   88   113  0   0.0%   0.683 CG:2    UA:1    +
  110   128  0   0.0%   0.291 AU:2    UA:1    +
  143   151  0   0.0%   0.088 CG:1    UG:2    +
    8   110  0   0.0%   0.518 AU:1    UA:2    +
    9    16  0   0.0%   0.020 CG:1    UG:2    +
    9    44  0   0.0%   0.016 CG:1    UA:2    +
   21    88  0   0.0%   0.036 GC:2    GU:1    +
   36    46  0   0.0%   0.031 UG:1    UA:2    +
  122   148  0   0.0%   0.330 GU:2    AU:1    +
  113   124  0   0.0%   0.389 GU:2    AU:1    +
   17   105  0   0.0%   0.193 CG:2    UG:1    +
  105   117  0   0.0%   0.500 GC:2    GU:1    +
  107   113  0   0.0%   0.244 UG:2    UA:1    +
   10   113  0   0.0%   0.218 UG:2    UA:1    +
   20   104  0   0.0%   0.341 AU:2    UA:1    +
   47    79  0   0.0%   0.882 GU:2    AU:1    +
  122   149  0   0.0%   0.331 GU:2    AU:1    +
  122   147  0   0.0%   0.329 GU:2    AU:1    +
  103   118  0   0.0%   0.728 GC:1    GU:2    +
   46    89  0   0.0%   0.391 GC:1    AU:2    +
   38    78  0   0.0%   0.028 UG:1    UA:2    +
   22   101  0   0.0%   0.882 GC:2    GU:1    +
   98   120  0   0.0%   0.493 CG:2    UG:1    +
  128   140  0   0.0%   0.111 AU:1    UA:2    +
    2    16  0   0.0%   0.010 CG:1    UG:2    +
   86    93  0   0.0%   0.458 CG:2    UG:1    +
   47    88  0   0.0%   0.556 GC:2    AU:1    +
   98   129  0   0.0%   0.119 CG:2    UG:1    +
   48    78  0   0.0%   0.007 UG:1    UA:2    +
   16    27  0   0.0%   0.006 GC:2    GU:1    +
   56    74  0   0.0%   0.055 AU:1    UA:2    +
   35   111  0   0.0%   0.175 GC:2    UA:1    +
   28    44  0   0.0%   0.029 UG:1    UA:2    +
   88   105  0   0.0%   0.737 CG:2    UG:1    +
   78    95  0   0.0%   0.110 GU:1    AU:2    +
   22   126  0   0.0%   0.809 GC:2    GU:1    +
    5   113  0   0.0%   0.288 UG:2    UA:1    +
   28    46  0   0.0%   0.028 UG:1    UA:2    +
   88    99  0   0.0%   0.846 CG:2    UG:1    +
    5    78  0   0.0%   0.019 UG:1    UA:2    +
   20   128  0   0.0%   0.168 AU:2    UA:1    +
  107   122  0   0.0%   0.166 UG:2    UA:1    +
   15   118  0   0.0%   0.492 GC:1    GU:2    +
   27   129  0   0.0%   0.178 CG:2    UG:1    +
   96   111  0   0.0%   0.108 GC:2    UA:1    +
  104   135  0   0.0%   0.350 AU:1    UA:2    +
   89    93  0   0.0%   0.523 CG:1    UG:2    +
   15   117  0   0.0%   0.254 GC:2    GU:1    +
   98   105  0   0.0%   0.288 CG:2    UG:1    +
  140   144  0   0.0%   0.003 UG:1    AU:2    +
  126   142  0   0.0%   0.180 CG:2    UG:1    +
   24    98  0   0.0%   1.144 GC:2    GU:1    +
  122   133  0   0.0%   0.369 GU:2    AU:1    +
    6   101  0   0.0%   0.656 GC:2    GU:1    +
   21    27  0   0.0%   0.000 GC:2    GU:1    +
   16   117  0   0.0%   0.251 GC:2    GU:1    +
   16    98  0   0.0%   0.064 GC:2    GU:1    +
  113   127  0   0.0%   0.320 GU:2    AU:1    +
    8    81  0   0.0%   0.319 UG:2    AU:1    +
   59    69  0   0.0%   0.002 CG:2    UG:1    +
   44    48  0   0.0%   0.003 GU:1    AU:2    +
   28    78  0   0.0%   0.028 UG:1    UA:2    +
   99   126  0   0.0%   0.424 GC:2    GU:1    +
   17    93  0   0.0%   0.013 CG:2    UG:1    +
   88   122  0   0.0%   0.673 CG:2    UA:1    +
   17   120  0   0.0%   0.397 CG:2    UG:1    +
  110   125  0   0.0%   0.381 AU:2    UA:1    +
   99   118  0   0.0%   0.820 GC:1    GU:2    +
   44    49  0   0.0%   0.003 GU:1    AU:2    +
  129   143  0   0.0%   0.057 GC:1    GU:2    +
  118   151  0   0.0%   0.473 CG:1    UG:2    +
    2   103  0   0.0%   0.013 CG:1    UG:2    +
    8    35  0   0.0%   0.318 UG:2    AU:1    +
  100   113  0   0.0%   0.332 UG:2    UA:1    +
  105   118  0   0.0%   0.721 GC:1    GU:2    +
    7    98  0   0.0%   0.363 GC:2    GU:1    +
   77    84  0   0.0%   0.280 CG:2    UG:1    +
   84    98  0   0.0%   0.375 GC:2    GU:1    +
  125   135  0   0.0%   0.141 AU:1    UA:2    +
  118   154  0   0.0%   0.518 CG:1    UG:2    +
   27    47  0   0.0%   0.132 CG:2    UA:1    +
   52    74  0   0.0%   0.009 AU:1    UA:2    +
   44    89  0   0.0%   0.778 GC:1    AU:2    +
    9    84  0   0.0%   0.015 CG:1    UG:2    +
   17    22  0   0.0%   0.007 CG:2    UG:1    +
  104   140  0   0.0%   0.349 AU:1    UA:2    +
   17    24  0   0.0%   0.007 CG:2    UG:1    +
    2   156  0   0.0%   0.483 CG:1    UG:2    +
   46   118  0   0.0%   0.487 GC:1    AU:2    +
   39   128  0   0.0%   0.022 AU:2    UA:1    +
   21   101  0   0.0%   0.636 GC:2    GU:1    +
   58    65  0   1.0%   0.371 UA:3    +
  134   154  0   0.9%   0.437 UG:3    +
    4   124  0   0.8%   0.468 AU:3    +
    5   123  0   0.8%   0.421 UA:3    +
    5   132  0   0.8%   0.407 UA:3    +
   57    64  0   0.8%   0.120 UA:3    +
    4   133  0   0.8%   0.509 AU:3    +
    6   131  0   0.8%   1.207 GC:3    +
  110   119  1   1.2%   0.768 AU:2    +
   30    80  0   0.7%   0.550 AU:3    +
    8   106  1   1.2%   0.486 UA:2    +
    3   134  0   0.7%   0.481 AU:3    +
  105   125  1   1.1%   0.499 GU:2    +
   23   116  0   0.6%   0.958 UA:3    +
   24   115  0   0.6%   1.177 GC:3    +
   19   120  0   0.6%   0.626 CG:3    +
   25   114  0   0.6%   0.744 UA:3    +
    4   104  1   1.0%   0.169 AU:2    +
   25    34  1   1.0%   0.318 UA:2    +
  135   157  1   1.0%   0.252 AU:2    +
  112   119  0   0.5%   0.560 AU:3    +
  119   129  0   0.5%   0.569 UG:3    +
    5   116  0   0.5%   0.296 UA:3    +
    7   115  0   0.4%   0.694 GC:3    +
   26   113  1   0.4%   0.588 CG:1    UG:1    +
   18   155  0   0.4%   0.165 AU:3    +
   19   154  0   0.4%   0.274 CG:3    +
   16   157  0   0.4%   0.170 GU:3    +
   61    68  0   0.4%   0.081 AU:3    +
   14   159  1   0.9%   0.602 UA:2    +
   56    65  1   0.9%   0.129 UA:2    +
   10   112  0   0.3%   0.169 UA:3    +
  105   115  0   0.3%   0.493 GC:3    +
  115   156  0   0.3%   0.273 CG:3    +
  114   157  0   0.3%   0.316 AU:3    +
  116   155  0   0.3%   0.249 AU:3    +
  136   151  0   0.3%   0.055 CG:3    +
   62    67  0   0.3%   0.065 AU:3    +
  112   127  0   0.3%   0.147 AU:3    +
  107   114  0   0.3%   0.282 UA:3    +
   13   120  0   0.3%   1.284 CG:3    +
  145   150  0   0.3%   0.074 CG:3    +
  142   148  0   0.2%   0.188 GU:3    +
   13   105  0   0.2%   1.063 CG:3    +
    7   124  0   0.2%   0.839 GU:3    +
   10   121  0   0.2%   0.517 UA:3    +
    6   115  0   0.2%   0.943 GC:3    +
   85   100  0   0.2%   0.492 AU:3    +
   82   103  0   0.2%   0.207 CG:3    +
   14   104  1   0.2%   0.681 AU:1    UA:1    +
   29    33  1   0.2%   0.496 CG:1    UG:1    +
   29    84  1   0.2%   0.554 CG:1    UG:1    +
   28    85  0   0.2%   0.236 UA:3    +
   80   105  0   0.2%   1.122 UG:3    +
   79   106  0   0.2%   1.063 UA:3    +
   94   100  0   0.2%   0.306 AU:3    +
   91   103  0   0.2%   0.606 CG:3    +
  115   120  0   0.2%   0.699 CG:3    +
   95    99  0   0.2%   0.429 UG:3    +
  120   131  0   0.2%   0.699 GC:3    +
   16   102  0   0.2%   0.241 GC:3    +
  119   132  0   0.1%   0.561 UA:3    +
    3    10  0   0.1%   0.029 AU:3    +
   60    69  0   0.1%   0.028 CG:3    +
   29    39  1   0.1%   0.325 AU:1    UA:1    +
    6   127  0   0.1%   1.119 GU:3    +
    7   131  0   0.1%   0.847 GC:3    +
   30    38  0   0.1%   0.465 AU:3    +
   30    36  0   0.1%   0.458 AU:3    +
  100   130  0   0.1%   0.345 UA:3    +
   99   131  0   0.1%   0.471 GC:3    +
   10   120  0   0.1%   0.490 UG:3    +
    4   119  0   0.1%   0.688 AU:3    +
   10   106  0   0.1%   0.263 UA:3    +
    3   125  1   0.6%   0.438 AU:2    +
    5    12  0   0.1%   0.025 UA:3    +
   20   119  1   0.6%   0.565 AU:2    +
  142   146  0   0.1%   0.022 GU:3    +
    6   119  0   0.1%   1.415 GU:3    +
   28   112  0   0.1%   0.093 UA:3    +
    5    15  0   0.1%   0.029 UG:3    +
   94   107  0   0.1%   0.126 AU:3    +
   93   108  0   0.1%   0.398 GC:3    +
  138   150  0   0.1%   0.019 CG:3    +
   41    84  1   0.1%   0.755 CG:1    UG:1    +
    7   107  0   0.1%   0.454 GU:3    +
  102   120  0   0.1%   0.550 CG:3    +
    6   108  0   0.1%   0.748 GC:3    +
  100   123  0   0.1%   0.435 UA:3    +
   21    32  1   0.6%   0.089 GU:2    +
   42    79  0   0.1%   0.025 AU:3    +
   61    66  0   0.1%   0.019 AU:3    +
   97   103  0   0.1%   0.297 CG:3    +
    4   127  0   0.1%   0.405 AU:3    +
   95   106  0   0.1%   0.290 UA:3    +
   99   124  0   0.1%   0.473 GU:3    +
    1   106  0   0.1%   0.024 UA:3    +
   10   123  0   0.1%   0.282 UA:3    +
   36    76  0   0.1%   0.044 UA:3    +
   37    75  0   0.1%   0.025 CG:3    +
   84   108  0   0.1%   0.475 GC:3    +
   85   107  0   0.1%   0.317 AU:3    +
   91    99  0   0.1%   0.692 CG:3    +
   32    78  1   0.1%   0.053 UG:1    UA:1    +
   61    67  0   0.1%   0.021 AU:3    +
   90   100  0   0.1%   0.495 AU:3    +
    5    90  0   0.1%   0.030 UA:3    +
  103   127  0   0.1%   0.340 GU:3    +
    5   121  0   0.0%   0.582 UA:3    +
  123   127  0   0.0%   0.353 AU:3    +
    4    10  0   0.0%   0.030 AU:3    +
   24    37  0   0.0%   0.480 GC:3    +
   33    41  1   0.0%   0.204 GC:1    GU:1    +
   13    84  0   0.0%   0.670 CG:3    +
    5   159  0   0.0%   0.344 UA:3    +
   10   103  0   0.0%   0.086 UG:3    +
   62    66  0   0.0%   0.021 AU:3    +
   57    61  0   0.0%   0.010 UA:3    +
   14    83  1   0.0%   0.346 AU:1    UA:1    +
    5   120  0   0.0%   0.584 UG:3    +
    1     7  0   0.0%   0.011 UG:3    +
   38    43  0   0.0%   0.025 UA:3    +
   38    85  0   0.0%   0.302 UA:3    +
   80   112  0   0.0%   0.977 UA:3    +
    3    92  0   0.0%   0.022 AU:3    +
  124   160  0   0.0%   0.210 UG:3    +
   15    82  0   0.0%   0.024 GC:3    +
   14   128  1   0.0%   0.483 AU:1    UA:1    +
   30    92  0   0.0%   0.868 AU:3    +
   14   125  1   0.0%   0.519 AU:1    UA:1    +
  133   159  0   0.0%   0.691 UA:3    +
   22    37  0   0.0%   0.274 GC:3    +
   12   127  0   0.0%   0.551 AU:3    +
    1    94  0   0.0%   0.015 UA:3    +
   15   127  0   0.0%   0.129 GU:3    +
   15   124  0   0.0%   0.164 GU:3    +
   24   131  0   0.0%   1.131 GC:3    +
   23   132  0   0.0%   0.825 UA:3    +
   25   130  0   0.0%   0.623 UA:3    +
   32    41  1   0.0%   0.041 AU:1    UA:1    +
  120   127  0   0.0%   0.577 GU:3    +
  142   149  0   0.0%   0.199 GU:3    +
   13   129  0   0.0%   0.937 CG:3    +
   22   133  0   0.0%   0.832 GU:3    +
   10   159  0   0.0%   0.177 UA:3    +
  134   159  0   0.0%   0.683 UA:3    +
   38    45  0   0.0%   0.025 UA:3    +
   26   129  1   0.0%   0.475 CG:1    UG:1    +
    6    10  0   0.0%   0.025 GU:3    +
   29    93  1   0.0%   0.558 CG:1    UG:1    +
    1     6  0   0.0%   0.006 UG:3    +
    5    18  0   0.0%   0.022 UA:3    +
   12   124  0   0.0%   0.587 AU:3    +
   21   134  0   0.0%   0.581 GU:3    +
    1   130  0   0.0%   0.455 UA:3    +
  119   130  0   0.0%   0.533 UA:3    +
   38    84  0   0.0%   0.295 UG:3    +
  103   119  0   0.0%   0.690 GU:3    +
   16    36  0   0.0%   0.011 GU:3    +
   36    43  0   0.0%   0.034 UA:3    +
   22    29  1   0.0%   0.008 GC:1    GU:1    +
   16    37  0   0.0%   0.014 GC:3    +
  116   124  0   0.0%   0.301 AU:3    +
  119   159  0   0.0%   0.562 UA:3    +
   15    37  0   0.0%   0.019 GC:3    +
  131   142  0   0.0%   0.072 CG:3    +
  132   141  0   0.0%   0.058 AU:3    +
   92   159  0   0.0%   0.428 UA:3    +
   94   157  0   0.0%   0.122 AU:3    +
   97   154  0   0.0%   0.131 CG:3    +
   91   160  0   0.0%   0.473 CG:3    +
   95   156  0   0.0%   0.152 UG:3    +
  123   133  0   0.0%   0.247 AU:3    +
  103   109  0   0.0%   0.365 GC:3    +
   18    36  0   0.0%   0.009 AU:3    +
  124   132  0   0.0%   0.190 UA:3    +
    8    14  1   0.0%   0.650 AU:1    UA:1    +
    1   160  0   0.0%   0.458 UG:3    +
   85   157  0   0.0%   0.317 AU:3    +
    7   119  0   0.0%   1.096 GU:3    +
   10   129  0   0.0%   0.179 UG:3    +
   82   160  0   0.0%   0.083 CG:3    +
   29    87  1   0.0%   0.698 AU:1    UA:1    +
   91   151  0   0.0%   0.413 CG:3    +
   92   150  0   0.0%   0.374 UG:3    +
   93    97  0   0.0%   0.288 GC:3    +
   62    68  0   0.0%   0.053 AU:3    +
   28    94  0   0.0%   0.123 UA:3    +
   58    62  0   0.0%   0.009 UA:3    +
   90    95  0   0.0%   0.394 AU:3    +
    1   159  0   0.0%   0.456 UA:3    +
   95   105  0   0.0%   0.305 UG:3    +
   16    82  0   0.0%   0.016 GC:3    +
    4   134  0   0.0%   0.470 AU:3    +
   93   149  0   0.0%   0.216 GU:3    +
  136   154  0   0.0%   0.285 CG:3    +
   28   121  0   0.0%   0.421 UA:3    +
   29   120  1   0.0%   0.764 CG:1    UG:1    +
    7    97  0   0.0%   0.364 GC:3    +
   12   119  0   0.0%   0.874 AU:3    +
    1   112  0   0.0%   0.018 UA:3    +
   18    80  0   0.0%   0.008 AU:3    +
  119   123  0   0.0%   0.655 UA:3    +
   94   148  0   0.0%   0.094 AU:3    +
   93   102  0   0.0%   0.344 GC:3    +
  108   120  0   0.0%   0.602 CG:3    +
    6    19  0   0.0%   0.652 GC:3    +
   38    42  0   0.0%   0.019 UA:3    +
  131   160  0   0.0%   0.697 CG:3    +
  107   121  0   0.0%   0.414 UA:3    +
   30   119  0   0.0%   0.879 AU:3    +
  133   160  0   0.0%   0.793 UG:3    +
  121   133  0   0.0%   0.532 AU:3    +
  120   134  0   0.0%   0.662 GU:3    +
   36    42  0   0.0%   0.032 UA:3    +
   31    84  0   0.0%   0.630 CG:3    +
   37   105  0   0.0%   0.264 CG:3    +
   36   106  0   0.0%   0.280 UA:3    +
    3   124  0   0.0%   0.347 AU:3    +
    5   160  0   0.0%   0.342 UG:3    +
   36    45  0   0.0%   0.033 UA:3    +
  124   159  0   0.0%   0.195 UA:3    +
   23    85  0   0.0%   0.262 UA:3    +
    3   127  0   0.0%   0.379 AU:3    +
   24    28  0   0.0%   0.004 GU:3    +
   16   124  0   0.0%   0.159 GU:3    +
  145   151  0   0.0%   0.108 CG:3    +
    1   120  0   0.0%   0.078 UG:3    +
   36   123  0   0.0%   0.252 UA:3    +
    1    12  0   0.0%   0.008 UA:3    +
  146   150  0   0.0%   0.052 UG:3    +
  121   157  0   0.0%   0.536 AU:3    +
   38   121  0   0.0%   0.394 UA:3    +
    1   116  0   0.0%   0.077 UA:3    +
   15    38  0   0.0%   0.018 GU:3    +
  120   124  0   0.0%   0.633 GU:3    +
  103   115  0   0.0%   0.450 GC:3    +
  100   121  0   0.0%   0.665 UA:3    +
  100   106  0   0.0%   0.376 UA:3    +
  129   145  0   0.0%   0.060 GC:3    +
   10    85  0   0.0%   0.018 UA:3    +
   32    44  1   0.0%   0.042 UG:1    UA:1    +
  124   130  0   0.0%   0.176 UA:3    +
   12   107  0   0.0%   0.529 AU:3    +
   97   105  0   0.0%   0.290 CG:3    +
   10   116  0   0.0%   0.246 UA:3    +
  103   108  0   0.0%   0.376 GC:3    +
   84    91  0   0.0%   0.669 GC:3    +
   28    90  0   0.0%   0.312 UA:3    +
   64    68  0   0.0%   0.162 AU:3    +
   80    85  0   0.0%   1.194 UA:3    +
  141   150  0   0.0%   0.024 UG:3    +
   57    62  0   0.0%   0.009 UA:3    +
   29   110  1   0.0%   0.510 AU:1    UA:1    +
   99   107  0   0.0%   0.336 GU:3    +
   80    84  0   0.0%   1.195 UG:3    +
  102   129  0   0.0%   0.173 CG:3    +
   79    85  0   0.0%   1.149 UA:3    +
    6   124  0   0.0%   1.113 GU:3    +
   92   121  0   0.0%   0.732 UA:3    +
   44    83  1   0.0%   0.576 GU:1    AU:1    +
  116   127  0   0.0%   0.212 AU:3    +
   78    83  1   0.0%   0.132 GU:1    AU:1    +
   95   132  0   0.0%   0.164 UA:3    +
   94   133  0   0.0%   0.132 AU:3    +
  133   156  0   0.0%   0.246 UG:3    +
   94   119  0   0.0%   0.471 AU:3    +
   16   100  0   0.0%   0.163 GU:3    +
   93   134  0   0.0%   0.250 GU:3    +
  114   124  0   0.0%   0.350 AU:3    +
   24    36  0   0.0%   0.468 GU:3    +
    1    16  0   0.0%   0.008 UG:3    +
  129   134  0   0.0%   0.097 GU:3    +
  132   157  0   0.0%   0.148 AU:3    +
   15   109  0   0.0%   0.264 GC:3    +
   16   108  0   0.0%   0.266 GC:3    +
   82    93  0   0.0%   0.198 CG:3    +
    7   127  0   0.0%   0.800 GU:3    +
    7   102  0   0.0%   0.514 GC:3    +
   10   160  0   0.0%   0.175 UG:3    +
  111   120  1   0.5%   0.638 CG:2    +
   14   122  1   0.0%   0.560 UG:1    UA:1    +
    5   112  0   0.0%   0.225 UA:3    +
  109   129  0   0.0%   0.345 CG:3    +
   80    90  0   0.0%   1.210 UA:3    +
   92    99  0   0.0%   0.661 UG:3    +
   18   124  0   0.0%   0.156 AU:3    +
  129   136  0   0.0%   0.058 GC:3    +
   10    15  0   0.0%   0.029 UG:3    +
   22    28  0   0.0%   0.003 GU:3    +
   93   109  0   0.0%   0.378 GC:3    +
  124   129  0   0.0%   0.189 UG:3    +
  114   119  0   0.0%   0.682 AU:3    +
  100   116  0   0.0%   0.449 UA:3    +
   36   114  0   0.0%   0.245 UA:3    +
    7   157  0   0.0%   0.794 GU:3    +
   25    90  0   0.0%   0.767 UA:3    +
  123   155  0   0.0%   0.247 AU:3    +
   32    46  1   0.0%   0.041 UG:1    UA:1    +
   10    43  0   0.0%   0.016 UA:3    +
  124   154  0   0.0%   0.181 UG:3    +
   30    79  0   0.0%   0.448 AU:3    +
   38   112  0   0.0%   0.061 UA:3    +
   10    99  0   0.0%   0.019 UG:3    +
   21    38  0   0.0%   0.032 GU:3    +
   24    41  1   0.0%   0.468 GC:1    GU:1    +
   63    69  0   0.0%   0.011 CG:3    +
   10    94  0   0.0%   0.020 UA:3    +
   19   103  0   0.0%   0.332 CG:3    +
   32   128  1   0.0%   0.078 AU:1    UA:1    +
  121   149  0   0.0%   0.491 AU:3    +
  120   136  0   0.0%   0.624 GC:3    +
   31   129  0   0.0%   0.471 CG:3    +
  123   147  0   0.0%   0.202 AU:3    +
   22    82  0   0.0%   0.270 GC:3    +
   28    93  0   0.0%   0.236 UG:3    +
   23    42  0   0.0%   0.258 UA:3    +
   24    91  0   0.0%   1.369 GC:3    +
   79    84  0   0.0%   1.150 UG:3    +
    7    91  0   0.0%   0.361 GC:3    +
   19   105  0   0.0%   0.331 CG:3    +
   24    82  0   0.0%   0.472 GC:3    +
    7   109  0   0.0%   0.772 GC:3    +
   28    42  0   0.0%   0.029 UA:3    +
   26    39  1   0.0%   0.163 GU:1    UA:1    +
  119   151  0   0.0%   0.504 UG:3    +
    6    92  0   0.0%   0.657 GU:3    +
   31   103  0   0.0%   0.610 CG:3    +
   13   156  0   0.0%   0.919 CG:3    +
   36    90  0   0.0%   0.415 UA:3    +
   29   105  1   0.0%   0.526 CG:1    UG:1    +
   19    24  0   0.0%   0.002 CG:3    +
   28    43  0   0.0%   0.029 UA:3    +
   13    22  0   0.0%   0.661 CG:3    +
   12   157  0   0.0%   0.531 AU:3    +
  129   157  0   0.0%   0.104 GU:3    +
   12    23  0   0.0%   0.318 AU:3    +
   28   106  0   0.0%   0.196 UA:3    +
   21    37  0   0.0%   0.034 GC:3    +
   18    25  0   0.0%   0.003 AU:3    +
  115   160  0   0.0%   0.272 CG:3    +
   55    70  0   0.0%   0.003 CG:3    +
  123   148  0   0.0%   0.204 AU:3    +
  121   146  0   0.0%   0.489 AU:3    +
   24    97  0   0.0%   1.141 GC:3    +
  107   112  0   0.0%   0.066 UA:3    +
   22    38  0   0.0%   0.267 GU:3    +
   31    93  0   0.0%   0.639 CG:3    +
   13   154  0   0.0%   0.918 CG:3    +
   37    93  0   0.0%   0.291 CG:3    +
   28    84  0   0.0%   0.195 UG:3    +
   36    94  0   0.0%   0.204 UA:3    +
  137   149  0   0.0%   0.003 AU:3    +
  121   148  0   0.0%   0.491 AU:3    +
   22    36  0   0.0%   0.266 GU:3    +
   12   155  0   0.0%   0.531 AU:3    +
  120   149  0   0.0%   0.625 GU:3    +
   99   108  0   0.0%   0.485 GC:3    +
   21    31  0   0.0%   0.001 GC:3    +
  120   147  0   0.0%   0.624 GU:3    +
  123   146  0   0.0%   0.202 AU:3    +
   12    92  0   0.0%   0.321 AU:3    +
   22    26  1   0.0%   0.001 GC:1    GU:1    +
   21   102  0   0.0%   0.646 GC:3    +
   97   129  0   0.0%   0.121 CG:3    +
   46    83  1   0.0%   0.189 GU:1    AU:1    +
   31    99  0   0.0%   0.725 CG:3    +
  129   139  0   0.0%   0.057 GC:3    +
  119   160  0   0.0%   0.568 UG:3    +
  138   142  0   0.0%   0.002 CG:3    +
  119   137  0   0.0%   0.502 UA:3    +
  105   124  0   0.0%   0.365 GU:3    +
  116   134  0   0.0%   0.207 AU:3    +
   30   100  0   0.0%   0.679 AU:3    +
   42   119  0   0.0%   0.779 AU:3    +
  112   124  0   0.0%   0.202 AU:3    +
   15    97  0   0.0%   0.022 GC:3    +
  131   154  0   0.0%   0.114 CG:3    +
   79    90  0   0.0%   1.163 UA:3    +
   41   120  1   0.0%   0.871 CG:1    UG:1    +
    1   105  0   0.0%   0.010 UG:3    +
   13    93  0   0.0%   0.667 CG:3    +
  130   155  0   0.0%   0.088 AU:3    +
   36   130  0   0.0%   0.150 UA:3    +
   37   129  0   0.0%   0.124 CG:3    +
   16    91  0   0.0%   0.011 GC:3    +
   22    41  1   0.0%   0.266 GC:1    GU:1    +
   15    92  0   0.0%   0.024 GU:3    +
   84   102  0   0.0%   0.428 GC:3    +
   79    94  0   0.0%   0.951 UA:3    +
   55    75  0   0.0%   0.010 CG:3    +
   57    73  0   0.0%   0.141 UG:3    +
  136   150  0   0.0%   0.003 CG:3    +
   38    90  0   0.0%   0.314 UA:3    +
   80    93  0   0.0%   1.114 UG:3    +
    5   114  0   0.0%   0.278 UA:3    +
   51    84  0   0.0%   0.272 CG:3    +
  115   129  0   0.0%   0.221 CG:3    +
   28    45  0   0.0%   0.029 UA:3    +
   50    85  0   0.0%   0.273 UA:3    +
   92   103  0   0.0%   0.556 UG:3    +
  105   131  0   0.0%   0.410 GC:3    +
  107   130  0   0.0%   0.137 UA:3    +
   21    28  0   0.0%   0.001 GU:3    +
   84    97  0   0.0%   0.372 GC:3    +
    3    80  0   0.0%   0.013 AU:3    +
   92   112  0   0.0%   0.403 UA:3    +
    4    79  0   0.0%   0.023 AU:3    +
   15    28  0   0.0%   0.014 GU:3    +
  108   129  0   0.0%   0.290 CG:3    +
   21   127  0   0.0%   0.562 GU:3    +
   26    40  1   0.0%   0.163 GC:1    UA:1    +
    2    81  1   0.0%   0.010 CG:1    UG:1    +
    1    18  0   0.0%   0.007 UA:3    +
   25   123  0   0.0%   0.719 UA:3    +
  136   142  0   0.0%   0.003 CG:3    +
   41    47  1   0.0%   0.023 CG:1    UG:1    +
   52    83  1   0.0%   0.128 AU:1    UA:1    +
   24   124  0   0.0%   1.140 GU:3    +
   84   109  0   0.0%   0.462 GC:3    +
  116   133  0   0.0%   0.211 AU:3    +
    7    19  0   0.0%   0.357 GC:3    +
    5   106  0   0.0%   0.085 UA:3    +
   10   130  0   0.0%   0.176 UA:3    +
  106   133  0   0.0%   0.270 AU:3    +
    5    93  0   0.0%   0.025 UG:3    +
  119   150  0   0.0%   0.503 UG:3    +
  105   134  0   0.0%   0.391 GU:3    +
    4   107  0   0.0%   0.071 AU:3    +
   36    84  0   0.0%   0.216 UG:3    +
  123   134  0   0.0%   0.241 AU:3    +
  107   132  0   0.0%   0.155 UA:3    +
   14    29  1   0.0%   0.337 AU:1    UA:1    +
    5    16  0   0.0%   0.016 UG:3    +
   10   114  0   0.0%   0.210 UA:3    +
   15    31  0   0.0%   0.014 GC:3    +
   14    32  1   0.0%   0.337 AU:1    UA:1    +
  134   156  0   0.0%   0.236 UG:3    +
  134   160  0   0.0%   0.781 UG:3    +
  121   134  0   0.0%   0.527 AU:3    +
    6   133  0   0.0%   1.172 GU:3    +
   97   120  0   0.0%   0.495 CG:3    +
  103   136  0   0.0%   0.313 GC:3    +
   10    42  0   0.0%   0.015 UA:3    +
  123   157  0   0.0%   0.248 AU:3    +
   13    24  0   0.0%   0.660 CG:3    +
   12    25  0   0.0%   0.318 AU:3    +
  109   160  0   0.0%   0.377 CG:3    +
  133   153  0   0.0%   0.049 UG:3    +
   15    91  0   0.0%   0.020 GC:3    +
   43    48  0   0.0%   0.007 AU:3    +
   43    49  0   0.0%   0.007 AU:3    +
   42    49  0   0.0%   0.006 AU:3    +
   10    93  0   0.0%   0.019 UG:3    +
  137   141  0   0.0%   0.002 AU:3    +
   95   112  0   0.0%   0.155 UA:3    +
   82    99  0   0.0%   0.283 CG:3    +
  120   145  0   0.0%   0.624 GC:3    +
   24    38  0   0.0%   0.469 GU:3    +
   11    26  1   0.0%   0.003 CG:1    AU:1    +
   16    38  0   0.0%   0.010 GU:3    +
  127   132  0   0.0%   0.210 UA:3    +
  105   127  0   0.0%   0.379 GU:3    +
    3    95  0   0.0%   0.016 AU:3    +
   19   129  0   0.0%   0.221 CG:3    +
  114   127  0   0.0%   0.278 AU:3    +
  130   134  0   0.0%   0.082 AU:3    +
    2    96  1   0.0%   0.013 CG:1    UG:1    +
   91   105  0   0.0%   0.594 CG:3    +
   20    29  1   0.0%   0.001 AU:1    UA:1    +
   48    75  0   0.0%   0.005 UG:3    +
    7    31  0   0.0%   0.356 GC:3    +
    7    82  0   0.0%   0.356 GC:3    +
   18    92  0   0.0%   0.009 AU:3    +
   49    76  0   0.0%   0.010 UA:3    +
   42    50  0   0.0%   0.006 AU:3    +
   53    77  1   0.0%   0.009 GC:1    AU:1    +
   15    19  0   0.0%   0.015 GC:3    +
   25    84  0   0.0%   0.238 UG:3    +
  103   133  0   0.0%   0.353 GU:3    +
   21    97  0   0.0%   0.467 GC:3    +
   30   127  0   0.0%   0.520 AU:3    +
  103   131  0   0.0%   0.368 GC:3    +
    3   133  0   0.0%   0.382 AU:3    +
   91   120  0   0.0%   0.801 CG:3    +
  124   156  0   0.0%   0.180 UG:3    +
   23    99  0   0.0%   1.023 UG:3    +
   10    84  0   0.0%   0.016 UG:3    +
    6   134  0   0.0%   1.168 GU:3    +
   50    75  0   0.0%   0.013 UG:3    +
    7   100  0   0.0%   0.362 GU:3    +
   25    43  0   0.0%   0.234 UA:3    +
    3   107  0   0.0%   0.019 AU:3    +
  120   133  0   0.0%   0.663 GU:3    +
  107   116  0   0.0%   0.213 UA:3    +
   18    79  0   0.0%   0.004 AU:3    +
   95   123  0   0.0%   0.239 UA:3    +
    7   133  0   0.0%   0.831 GU:3    +
   97   142  0   0.0%   0.101 CG:3    +
  100   120  0   0.0%   0.695 UG:3    +
   94   124  0   0.0%   0.153 AU:3    +
    5    99  0   0.0%   0.023 UG:3    +
   85    92  0   0.0%   0.638 AU:3    +
   43    50  0   0.0%   0.007 AU:3    +
   75    82  0   0.0%   0.016 GC:3    +
   99   109  0   0.0%   0.470 GC:3    +
   31   105  0   0.0%   0.609 CG:3    +
   18   119  0   0.0%   0.442 AU:3    +
   41    87  1   0.0%   0.818 AU:1    UA:1    +
    4   100  0   0.0%   0.023 AU:3    +
   57    69  0   0.0%   0.142 UG:3    +
    4    95  0   0.0%   0.023 AU:3    +
   13    21  0   0.0%   0.660 CG:3    +
   10    16  0   0.0%   0.020 UG:3    +
  100   112  0   0.0%   0.245 UA:3    +
  129   133  0   0.0%   0.100 GU:3    +
    5    94  0   0.0%   0.025 UA:3    +
   22   102  0   0.0%   0.892 GC:3    +
    4   157  0   0.0%   0.434 AU:3    +
  102   160  0   0.0%   0.204 CG:3    +
   24    80  0   0.0%   0.469 GU:3    +
    7    37  0   0.0%   0.356 GC:3    +
    1    15  0   0.0%   0.007 UG:3    +
    6    38  0   0.0%   0.650 GU:3    +
   51    75  0   0.0%   0.008 CG:3    +
   82   129  0   0.0%   0.041 CG:3    +
    6    37  0   0.0%   0.650 GC:3    +
   24   136  0   0.0%   1.081 GC:3    +
   23   137  0   0.0%   0.782 UA:3    +
   82   105  0   0.0%   0.193 CG:3    +
   22   138  0   0.0%   0.789 GC:3    +
   21   139  0   0.0%   0.543 GC:3    +
   50    76  0   0.0%   0.010 UA:3    +
    7    36  0   0.0%   0.356 GU:3    +
   93   131  0   0.0%   0.260 GC:3    +
   83   128  1   0.0%   0.140 AU:1    UA:1    +
   18   107  0   0.0%   0.102 AU:3    +
    4   155  0   0.0%   0.434 AU:3    +
   37   120  0   0.0%   0.497 CG:3    +
   30    95  0   0.0%   0.600 AU:3    +
    5   154  0   0.0%   0.330 UG:3    +
   29   113  1   0.0%   0.487 CG:1    UG:1    +
   36   121  0   0.0%   0.494 UA:3    +
  123   149  0   0.0%   0.204 AU:3    +
   92   132  0   0.0%   0.410 UA:3    +
   93   145  0   0.0%   0.213 GC:3    +
  102   142  0   0.0%   0.145 CG:3    +
    5   156  0   0.0%   0.330 UG:3    +
   10   132  0   0.0%   0.201 UA:3    +
  106   127  0   0.0%   0.253 AU:3    +
   83   104  1   0.0%   0.356 AU:1    UA:1    +
  103   141  0   0.0%   0.312 GU:3    +
  105   139  0   0.0%   0.354 GC:3    +
   36   116  0   0.0%   0.281 UA:3    +
   99   145  0   0.0%   0.408 GC:3    +
   29   129  1   0.0%   0.388 CG:1    UG:1    +
   99   138  0   0.0%   0.408 GC:3    +
   15   108  0   0.0%   0.268 GC:3    +
   15   131  0   0.0%   0.151 GC:3    +
   32   104  1   0.0%   0.280 AU:1    UA:1    +
   12    95  0   0.0%   0.318 AU:3    +
  103   124  0   0.0%   0.373 GU:3    +
  100   137  0   0.0%   0.314 UA:3    +
   15   158  1   0.4%   0.178 GC:2    +
    8   114  1   0.4%   0.505 UA:2    +
   42    83  1   0.4%   0.542 AU:2    +
    9   113  1   0.4%   0.282 UG:2    +
   32    90  1   0.4%   0.370 UA:2    +
   33    89  1   0.3%   0.818 GU:2    +
  113   118  1   0.3%   0.729 GU:2    +
  113   158  1   0.3%   0.359 GC:2    +
  104   116  1   0.3%   0.531 UA:2    +
  114   125  1   0.3%   0.373 AU:2    +
  108   113  1   0.3%   0.442 CG:2    +
   28    34  1   0.3%   0.206 UA:2    +
  121   125  1   0.3%   0.534 AU:2    +
    9   122  1   0.3%   0.297 UG:2    +
    8   123  1   0.3%   0.634 UA:2    +
  118   130  1   0.2%   0.525 UA:2    +
   34    89  1   0.2%   0.528 AU:2    +
   27    35  1   0.2%   0.175 CG:2    +
   36    40  1   0.2%   0.062 UA:2    +
   35    88  1   0.2%   0.736 GC:2    +
   90   104  1   0.2%   0.558 AU:2    +
   30    83  1   0.2%   0.520 AU:2    +
  112   118  1   0.2%   0.491 AU:2    +
   14   103  1   0.2%   0.610 UG:2    +
    8   130  1   0.2%   0.547 UA:2    +
    4    14  1   0.2%   0.045 AU:2    +
   25    35  1   0.1%   0.256 UG:2    +
    4     9  1   0.1%   0.029 AU:2    +
   13   122  1   0.1%   1.020 CG:2    +
   31    35  1   0.1%   0.491 CG:2    +
   36    87  1   0.1%   0.479 UA:2    +
   14   121  1   0.1%   0.831 UA:2    +
    6   125  1   0.1%   1.127 GU:2    +
  140   148  1   0.1%   0.029 AU:2    +
   28    40  1   0.1%   0.043 UA:2    +
   11   119  1   0.1%   0.441 AU:2    +
  144   151  1   0.1%   0.103 UG:2    +
  123   128  1   0.1%   0.315 AU:2    +
    2   121  1   0.1%   0.752 UA:2    +
    9   121  1   0.1%   0.529 UA:2    +
   40    80  1   0.1%   0.078 AU:2    +
  121   128  1   0.1%   0.593 AU:2    +
   31    81  1   0.1%   0.513 CG:2    +
    9   123  1   0.1%   0.323 UA:2    +
   28    87  1   0.1%   0.384 UA:2    +
    8   121  1   0.1%   0.831 UA:2    +
   27    81  1   0.1%   0.149 CG:2    +
    7   125  1   0.1%   0.823 GU:2    +
   35    77  1   0.1%   0.070 GC:2    +
   43    83  1   0.1%   0.599 AU:2    +
    3   128  1   0.1%   0.390 AU:2    +
    8    16  1   0.1%   0.327 UG:2    +
   56    62  1   0.1%   0.013 UA:2    +
   81    86  1   0.1%   0.706 GC:2    +
   12   118  1   0.0%   0.921 AU:2    +
  122   128  1   0.0%   0.433 GU:2    +
   22    32  1   0.0%   0.299 GU:2    +
    8   122  1   0.0%   0.567 UG:2    +
   38    81  1   0.0%   0.092 UG:2    +
    3   104  1   0.0%   0.025 AU:2    +
  140   147  1   0.0%   0.011 AU:2    +
  115   122  1   0.0%   0.381 CG:2    +
   32    42  1   0.0%   0.045 UA:2    +
   83    90  1   0.0%   0.418 UA:2    +
  125   160  1   0.0%   0.218 UG:2    +
   11   128  1   0.0%   0.104 AU:2    +
    2   112  1   0.0%   0.028 UA:2    +
    5    11  1   0.0%   0.008 UA:2    +
  125   159  1   0.0%   0.204 UA:2    +
   56    64  1   0.0%   0.012 UA:2    +
    3    14  1   0.0%   0.017 AU:2    +
   30    89  1   0.0%   0.790 AU:2    +
    2   159  1   0.0%   0.490 UA:2    +
   81    88  1   0.0%   0.993 GC:2    +
   33    37  1   0.0%   0.203 GC:2    +
    7    14  1   0.0%   0.689 GU:2    +
   38    74  1   0.0%   0.026 UA:2    +
   88    96  1   0.0%   0.655 CG:2    +
   80    87  1   0.0%   1.269 UA:2    +
   39    80  1   0.0%   0.052 AU:2    +
   35    82  1   0.0%   0.072 GC:2    +
    6   158  1   0.0%   1.139 GC:2    +
   17    35  1   0.0%   0.012 CG:2    +
  116   125  1   0.0%   0.293 AU:2    +
   33    86  1   0.0%   0.371 GC:2    +
   11   125  1   0.0%   0.137 AU:2    +
    2   123  1   0.0%   0.533 UA:2    +
   19    35  1   0.0%   0.009 CG:2    +
    8    15  1   0.0%   0.325 UG:2    +
   17    81  1   0.0%   0.014 CG:2    +
   28    33  1   0.0%   0.179 UG:2    +
   28    81  1   0.0%   0.041 UG:2    +
   93   158  1   0.0%   0.246 GC:2    +
   96   155  1   0.0%   0.134 GU:2    +
   36    81  1   0.0%   0.099 UG:2    +
  106   125  1   0.0%   0.333 AU:2    +
  118   123  1   0.0%   0.646 UA:2    +
   84   158  1   0.0%   0.326 GC:2    +
   87   155  1   0.0%   0.374 AU:2    +
   83   159  1   0.0%   0.183 UA:2    +
   23    33  1   0.0%   0.261 UG:2    +
   90   152  1   0.0%   0.308 AU:2    +
   89    96  1   0.0%   0.432 UG:2    +
  120   125  1   0.0%   0.625 GU:2    +
   33    79  1   0.0%   0.199 GU:2    +
  130   143  1   0.0%   0.045 AU:2    +
  133   140  1   0.0%   0.048 UA:2    +
   91    96  1   0.0%   0.491 CG:2    +
   11   107  1   0.0%   0.088 AU:2    +
  111   160  1   0.0%   0.189 CG:2    +
  109   122  1   0.0%   0.500 CG:2    +
  120   158  1   0.0%   0.674 GC:2    +
    3   118  1   0.0%   0.023 AU:2    +
   33   111  1   0.0%   0.492 GC:2    +
  118   159  1   0.0%   0.530 UA:2    +
   32   112  1   0.0%   0.098 UA:2    +
  128   160  1   0.0%   0.976 UG:2    +
   33    38  1   0.0%   0.202 GU:2    +
  118   122  1   0.0%   0.668 UG:2    +
  135   155  1   0.0%   0.121 AU:2    +
    8   105  1   0.0%   0.333 UG:2    +
  102   113  1   0.0%   0.351 CG:2    +
    9   116  1   0.0%   0.290 UA:2    +
    3     9  1   0.0%   0.003 AU:2    +
   35    79  1   0.0%   0.065 GU:2    +
    9   130  1   0.0%   0.232 UA:2    +
   11   127  1   0.0%   0.107 AU:2    +
   33    82  1   0.0%   0.204 GC:2    +
   56    61  1   0.0%   0.003 UA:2    +
   35   107  1   0.0%   0.182 GU:2    +
   37   122  1   0.0%   0.216 CG:2    +
    5    20  1   0.0%   0.020 UA:2    +
   35   124  1   0.0%   0.237 GU:2    +
   11   100  1   0.0%   0.006 AU:2    +
   34   125  1   0.0%   0.240 AU:2    +
   32    43  1   0.0%   0.042 UA:2    +
   33   126  1   0.0%   0.514 GC:2    +
   11   118  1   0.0%   0.470 AU:2    +
   33    77  1   0.0%   0.196 GC:2    +
    4   125  1   0.0%   0.422 AU:2    +
    2   116  1   0.0%   0.090 UA:2    +
  119   135  1   0.0%   0.504 UA:2    +
   15    83  1   0.0%   0.024 GU:2    +
    1    11  1   0.0%   0.007 UA:2    +
  104   114  1   0.0%   0.534 UA:2    +
   14   116  1   0.0%   0.572 UA:2    +
    4     8  1   0.0%   0.003 AU:2    +
   19    33  1   0.0%   0.004 CG:2    +
  105   111  1   0.0%   0.378 GC:2    +
    3     8  1   0.0%   0.002 AU:2    +
   31   113  1   0.0%   0.572 CG:2    +
   40    79  1   0.0%   0.027 AU:2    +
   28    35  1   0.0%   0.049 UG:2    +
    2   114  1   0.0%   0.145 UA:2    +
   34    80  1   0.0%   0.209 AU:2    +
   11   124  1   0.0%   0.144 AU:2    +
  129   144  1   0.0%   0.059 GU:2    +
  125   129  1   0.0%   0.196 UG:2    +
  103   128  1   0.0%   0.324 GU:2    +
   14   123  1   0.0%   0.582 UA:2    +
   91   122  1   0.0%   0.520 CG:2    +
   33    80  1   0.0%   0.233 GU:2    +
   23    34  1   0.0%   0.258 UA:2    +
   33   109  1   0.0%   0.654 GC:2    +
  122   131  1   0.0%   0.394 GC:2    +
    2   106  1   0.0%   0.025 UA:2    +
   34    38  1   0.0%   0.183 AU:2    +
    4   128  1   0.0%   0.400 AU:2    +
    2    12  1   0.0%   0.010 UA:2    +
   15   125  1   0.0%   0.152 GU:2    +
  114   118  1   0.0%   0.672 AU:2    +
  111   122  1   0.0%   0.308 CG:2    +
   96   131  1   0.0%   0.153 GC:2    +
   33   108  1   0.0%   0.659 GC:2    +
  104   112  1   0.0%   0.366 UA:2    +
   89   112  1   0.0%   0.380 UA:2    +
   25    33  1   0.0%   0.180 UG:2    +
   14    90  1   0.0%   0.346 UA:2    +
    9   112  1   0.0%   0.157 UA:2    +
   14   120  1   0.0%   0.818 UG:2    +
   35    89  1   0.0%   0.499 GU:2    +
  130   144  1   0.0%   0.045 AU:2    +
   37    81  1   0.0%   0.077 CG:2    +
    8   129  1   0.0%   0.517 UG:2    +
   16   125  1   0.0%   0.147 GU:2    +
    7   111  1   0.0%   0.609 GC:2    +
   96   117  1   0.0%   0.290 GC:2    +
   81    89  1   0.0%   0.765 GU:2    +
   92   110  1   0.0%   0.511 UA:2    +
   92   135  1   0.0%   0.371 UA:2    +
   34    79  1   0.0%   0.174 AU:2    +
   32    45  1   0.0%   0.041 UA:2    +
  113   125  1   0.0%   0.363 GU:2    +
    9   159  1   0.0%   0.225 UA:2    +
  140   146  1   0.0%   0.003 AU:2    +
   37   113  1   0.0%   0.224 CG:2    +
    8   120  1   0.0%   0.823 UG:2    +
   35   115  1   0.0%   0.242 GC:2    +
   12   125  1   0.0%   0.574 AU:2    +
   87   107  1   0.0%   0.371 AU:2    +
    8   160  1   0.0%   0.532 UG:2    +
   28    39  1   0.0%   0.021 UA:2    +
   34   107  1   0.0%   0.195 AU:2    +
  116   128  1   0.0%   0.182 AU:2    +
   38    87  1   0.0%   0.371 UA:2    +
  110   118  1   0.0%   0.649 AU:2    +
   14    84  1   0.0%   0.344 UG:2    +
   18   104  1   0.0%   0.309 AU:2    +
   25    40  1   0.0%   0.234 UA:2    +
    8   159  1   0.0%   0.532 UA:2    +
   56    69  1   0.0%   0.050 UG:2    +
    6   128  1   0.0%   1.102 GU:2    +
   23    81  1   0.0%   0.260 UG:2    +
   14   160  1   0.0%   0.568 UG:2    +
    8    90  1   0.0%   0.327 UA:2    +
    8    45  1   0.0%   0.319 UA:2    +
  144   150  1   0.0%   0.028 UG:2    +
   30   104  1   0.0%   0.713 AU:2    +
    6   111  1   0.0%   0.902 GC:2    +
  112   125  1   0.0%   0.175 AU:2    +
   25    81  1   0.0%   0.236 UG:2    +
   14    21  1   0.0%   0.337 UG:2    +
   35    91  1   0.0%   0.561 GC:2    +
   33    91  1   0.0%   0.877 GC:2    +
  122   145  1   0.0%   0.328 GC:2    +
    8   113  1   0.0%   0.445 UG:2    +
    9   114  1   0.0%   0.254 UA:2    +
   34    92  1   0.0%   0.555 AU:2    +
   33   117  1   0.0%   0.676 GC:2    +
   25    96  1   0.0%   0.665 UG:2    +
  109   113  1   0.0%   0.485 CG:2    +
   85    89  1   0.0%   0.603 AU:2    +
   24    32  1   0.0%   0.496 GU:2    +
   20    38  1   0.0%   0.002 AU:2    +
   35    95  1   0.0%   0.274 GU:2    +
  123   144  1   0.0%   0.201 AU:2    +
   35    80  1   0.0%   0.098 GU:2    +
   20    89  1   0.0%   0.006 AU:2    +
  137   143  1   0.0%   0.002 AU:2    +
    8   103  1   0.0%   0.382 UG:2    +
    1   135  1   0.0%   0.452 UA:2    +
   35   109  1   0.0%   0.338 GC:2    +
   12   128  1   0.0%   0.538 AU:2    +
   87    92  1   0.0%   0.711 AU:2    +
  128   137  1   0.0%   0.111 UA:2    +
   82    96  1   0.0%   0.101 CG:2    +
   81    97  1   0.0%   0.530 GC:2    +
   35   131  1   0.0%   0.222 GC:2    +
  125   130  1   0.0%   0.181 UA:2    +
   89    94  1   0.0%   0.405 UA:2    +
   48    87  1   0.0%   0.342 UA:2    +
   39    89  1   0.0%   0.339 AU:2    +
   28   110  1   0.0%   0.191 UA:2    +
    2    18  1   0.0%   0.010 UA:2    +
   43   118  1   0.0%   0.894 AU:2    +
    7   158  1   0.0%   0.796 GC:2    +
   33    97  1   0.0%   0.581 GC:2    +
   36   110  1   0.0%   0.274 UA:2    +
  122   158  1   0.0%   0.376 GC:2    +
   23    39  1   0.0%   0.258 UA:2    +
   23    40  1   0.0%   0.258 UA:2    +
   87    95  1   0.0%   0.445 AU:2    +
    9    85  1   0.0%   0.015 UA:2    +
    7   128  1   0.0%   0.790 GU:2    +
   96   146  1   0.0%   0.104 GU:2    +
   58    72  1   0.0%   0.145 UA:2    +
    8    99  1   0.0%   0.324 UG:2    +
   45    83  1   0.0%   0.541 AU:2    +
    8    18  1   0.0%   0.321 UA:2    +
  118   132  1   0.0%   0.513 UA:2    +
   79    87  1   0.0%   1.220 UA:2    +
  135   143  1   0.0%   0.004 AU:2    +
   86    96  1   0.0%   0.362 CG:2    +
   33   101  1   0.0%   0.614 GC:2    +
   91   113  1   0.0%   0.528 CG:2    +
  104   132  1   0.0%   0.390 UA:2    +
   13    33  1   0.0%   0.660 CG:2    +
   40    48  1   0.0%   0.022 AU:2    +
    9    43  1   0.0%   0.015 UA:2    +
   81    92  1   0.0%   0.804 GU:2    +
    7   104  1   0.0%   0.488 GU:2    +
   83   112  1   0.0%   0.162 UA:2    +
  121   144  1   0.0%   0.489 AU:2    +
  125   132  1   0.0%   0.193 UA:2    +
   81   109  1   0.0%   0.616 GC:2    +
   81   100  1   0.0%   0.618 GU:2    +
   84   111  1   0.0%   0.301 GC:2    +
  112   128  1   0.0%   0.101 AU:2    +
    9    94  1   0.0%   0.018 UA:2    +
   49    74  1   0.0%   0.002 UA:2    +
   34   100  1   0.0%   0.368 AU:2    +
   87   100  1   0.0%   0.537 AU:2    +
   11    92  1   0.0%   0.006 AU:2    +
  118   135  1   0.0%   0.472 UA:2    +
   54    81  1   0.0%   0.431 CG:2    +
   82   113  1   0.0%   0.142 CG:2    +
   30   128  1   0.0%   0.510 AU:2    +
    8    30  1   0.0%   0.318 UA:2    +
   23    35  1   0.0%   0.261 UG:2    +
   27    96  1   0.0%   0.244 CG:2    +
  111   129  1   0.0%   0.153 CG:2    +
    6    32  1   0.0%   0.650 GU:2    +
    6    83  1   0.0%   0.650 GU:2    +
   13   113  1   0.0%   0.979 CG:2    +
   17    33  1   0.0%   0.007 CG:2    +
  104   130  1   0.0%   0.372 UA:2    +
  122   143  1   0.0%   0.328 GU:2    +
   96   102  1   0.0%   0.235 GC:2    +
   93   111  1   0.0%   0.217 GC:2    +
    8   112  1   0.0%   0.382 UA:2    +
   39    79  1   0.0%   0.012 AU:2    +
   39    49  1   0.0%   0.009 AU:2    +
   32    85  1   0.0%   0.225 UA:2    +
   89   121  1   0.0%   0.708 UA:2    +
    1   110  1   0.0%   0.015 UA:2    +
   14    93  1   0.0%   0.344 UG:2    +
  113   128  1   0.0%   0.290 GU:2    +
  127   135  1   0.0%   0.159 UA:2    +
   96   145  1   0.0%   0.104 GC:2    +
   14   112  1   0.0%   0.477 UA:2    +
   18   125  1   0.0%   0.145 AU:2    +
   89   110  1   0.0%   0.487 UA:2    +
   40   119  1   0.0%   0.408 AU:2    +
   20    28  1   0.0%   0.001 AU:2    +
   21    83  1   0.0%   0.035 GU:2    +
   37    47  1   0.0%   0.012 CG:2    +
   80   110  1   0.0%   1.079 UA:2    +
    9    34  1   0.0%   0.015 UA:2    +
   35   108  1   0.0%   0.343 GC:2    +
   10   110  1   0.0%   0.251 UA:2    +
   39   119  1   0.0%   0.391 AU:2    +
   96   143  1   0.0%   0.104 GU:2    +
  102   122  1   0.0%   0.261 CG:2    +
   32    84  1   0.0%   0.224 UG:2    +
    8   132  1   0.0%   0.563 UA:2    +
   20   100  1   0.0%   0.307 AU:2    +
   99   104  1   0.0%   0.551 GU:2    +
    8    44  1   0.0%   0.318 UA:2    +
   81    91  1   0.0%   0.826 GC:2    +
   33   127  1   0.0%   0.512 GU:2    +
   47    82  1   0.0%   0.011 GC:2    +
   83    94  1   0.0%   0.200 UA:2    +
   93   125  1   0.0%   0.263 GU:2    +
   40   118  1   0.0%   0.452 AU:2    +
   34   118  1   0.0%   0.611 AU:2    +
   52    78  1   0.0%   0.009 UA:2    +
   10    33  1   0.0%   0.015 UG:2    +
   31    47  1   0.0%   0.444 CG:2    +
   96   118  1   0.0%   0.527 GU:2    +
   35   117  1   0.0%   0.359 GC:2    +
  128   132  1   0.0%   0.163 UA:2    +
   25   135  1   0.0%   0.605 UA:2    +
   99   111  1   0.0%   0.310 GC:2    +
  110   124  1   0.0%   0.408 AU:2    +
  104   123  1   0.0%   0.472 UA:2    +
   18    32  1   0.0%   0.003 AU:2    +
  105   128  1   0.0%   0.366 GU:2    +
   32   106  1   0.0%   0.211 UA:2    +
   77    96  1   0.0%   0.101 CG:2    +
  103   125  1   0.0%   0.357 GU:2    +
    9   110  1   0.0%   0.292 UA:2    +
    5    39  1   0.0%   0.018 UA:2    +
   25    39  1   0.0%   0.233 UA:2    +
  124   135  1   0.0%   0.137 UA:2    +
   40    89  1   0.0%   0.356 AU:2    +
   96   109  1   0.0%   0.269 GC:2    +
  104   113  1   0.0%   0.542 UG:2    +
..............((((((((((....)))...(((......((.(((((((((.............))))))))).))...)))....))).))))(((.(((...))).)))............((((((..(((((........))))))))))).
