6 sequence; length of alignment 140
alifold output
   23    29  0  87.0%   0.384 CG:6   
   22    30  0  86.9%   0.390 CG:6   
   66    91  0  79.4%   1.349 GC:6   
   67    90  0  79.3%   1.349 CG:6   
   69    87  0  77.8%   0.901 AU:6   
   68    88  0  77.5%   1.115 UA:6   
   70    86  3  74.7%   1.294 UA:3   
   65    92  3  71.3%   1.466 AU:3   
   71    85  3  69.9%   1.362 UA:3   
   12    38  0  61.3%   0.914 GC:6   
   14    36  0  61.2%   0.908 GC:6   
   11    39  0  60.8%   0.920 AU:6   
   13    37  3  61.3%   0.913 GC:3   
   75    84  3  54.6%   1.555 AU:3   
   19    33  3  51.7%   1.218 CG:3   
   60    95  1  48.9%   1.595 AU:5   
   59    96  3  48.6%   1.615 AU:3   
   57    97  0  47.7%   1.755 UA:6   
   61    94  2  47.3%   1.505 GC:3    AU:1   
   20    32  0  46.9%   1.172 UA:6   
   76    83  3  46.7%   1.452 UA:3   
   10    40  3  43.2%   1.105 UA:3   
   45   107  0  39.1%   2.151 GC:6   
   46   106  0  37.9%   2.050 UG:2    UA:4   
   56    98  3  36.7%   1.832 UG:3   
   51   102  0  34.6%   1.439 UA:6   
   50   103  3  33.4%   1.384 GU:1    AU:2   
   49   104  0  30.3%   1.531 AU:6   
    9    45  0  29.7%   1.592 CG:6    +
    8    46  0  29.5%   1.601 GU:6    +
    7    47  0  27.4%   1.337 UG:2    UA:4    +
   44   108  0  27.4%   2.240 UA:6   
   52   101  3  27.7%   1.741 UG:3   
   55    99  3  24.6%   1.584 UG:3   
   64    93  2  22.2%   1.819 GU:3    UA:1    +
   77    82  3  22.6%   1.376 GU:3    +
   10    44  3  21.4%   1.756 AU:3    +
   36    66  0  20.4%   1.590 CG:6    +
   35    67  0  20.4%   1.299 GC:6    +
   39    63  0  20.0%   1.586 UA:6    +
   38    64  3  20.3%   1.585 CG:3    +
   37    65  3  20.3%   1.583 UA:3    +
   13    94  1  18.9%   1.577 GC:3    UA:2    +
   11    96  0  18.9%   1.286 AU:6    +
    9    98  0  18.9%   1.656 CG:6    +
   34    68  0  18.7%   0.961 AU:6    +
   15    92  0  18.6%   1.263 AU:6    +
   12    95  1  18.8%   1.299 GU:5    +
    9    43  0  18.3%   1.057 CG:6    +
    6    48  3  19.0%   1.137 UA:3    +
   14    93  1  18.7%   1.567 GU:5    +
   10    97  3  18.9%   1.703 UA:3    +
   14    38  0  18.1%   1.533 GC:6    +
   16    36  3  18.1%   1.233 GC:3    +
   15    37  3  18.1%   1.230 AU:3    +
   17    35  3  17.5%   1.106 CG:3    +
   64    94  1  16.5%   2.321 GC:3    UA:2    +
   40    62  3  17.0%   1.301 AU:3    +
   13    39  3  16.7%   1.515 GU:3    +
   63    95  1  15.9%   2.144 AU:5    +
    8    44  0  15.2%   1.025 GU:6    +
   46    54  0  13.5%   1.378 UA:6    +
   16    91  3  13.0%   1.122 GC:3    +
   45    55  3  12.9%   1.417 GU:3    +
   47    53  3  12.0%   1.208 GU:2    AU:1    +
   17    90  3  12.2%   1.281 CG:3    +
   62    96  3  12.0%   2.018 AU:3    +
   54   100  3  11.1%   1.397 AU:3    +
   29    74  0   9.8%   0.903 GC:3    --:3    +
   30    73  0   9.3%   0.929 GC:3    --:3    +
   44    56  3   9.9%   1.460 UA:3    +
   56   103  0   7.9%   2.806 AU:3    UA:3    +
   28    75  2   9.4%   0.671 UA:4    +
   31    71  3   9.3%   0.887 AU:3    +
   32    70  0   8.4%   1.054 AU:6    +
   52   107  3   9.0%   2.186 GC:3    +
   55   103  0   7.1%   2.379 AU:3    UA:3    +
   27    76  2   8.4%   0.635 GU:1    AU:3    +
   51   108  0   8.0%   1.917 UA:6    +
   57   102  0   7.9%   2.497 UA:6    +
   22    90  0   7.0%   1.003 CG:6    +
   23    89  0   7.0%   0.752 CG:3    --:3    +
   21    91  0   7.0%   0.965 GC:6    +
   54   104  0   6.7%   1.977 AU:6    +
   59   100  0   5.4%   2.026 AU:3    UA:3    +
   57   101  0   6.3%   2.286 UG:6    +
   43    57  0   6.3%   1.031 GU:6    +
   17    33  3   7.0%   0.562 CG:3    +
   56   102  3   6.8%   2.212 UA:3    +
   53   106  3   6.5%   1.762 UG:2    UA:1    +
   59   101  3   6.5%   2.456 UG:3    +
   55   104  3   6.3%   2.680 AU:3    +
   24    88  3   6.1%   0.671 UA:3    +
   55   100  0   4.3%   1.731 AU:3    UA:3    +
   53   101  3   5.9%   1.590 UG:3    +
   26    77  3   5.8%   0.527 UG:3    +
   50   104  0   3.7%   1.415 GU:1    AU:5    +
   52   100  0   3.6%   0.868 GU:3    UA:3    +
   63    96  0   4.5%   2.286 AU:6    +
   71    79  0   3.5%   0.767 CG:3    UA:3    +
   60   100  3   5.2%   2.095 AU:3    +
   60    96  0   4.3%   1.663 AU:6    +
    7    45  0   4.1%   0.578 UG:6    +
   48   104  0   4.0%   1.032 AU:6    +
   62    97  3   4.6%   1.918 UA:3    +
   56   100  0   2.8%   1.889 AU:3    UA:3    +
   57    99  0   2.7%   1.685 UG:3    UA:3    +
   57    98  0   3.6%   1.726 UG:6    +
   77    84  0   2.5%   1.436 GU:3    UG:3    +
   59    97  3   4.3%   1.670 UA:3    +
   70    80  0   3.4%   0.677 UA:6    +
   61    95  1   3.3%   1.491 GU:3    AU:2    +
   56    99  3   4.0%   1.625 UG:3    +
   52   102  3   4.0%   1.564 UA:3    +
   51   103  3   3.9%   1.621 UA:3    +
   48    52  3   3.9%   0.838 AU:3    +
    4    64  0   0.0%   0.074 CG:1    GC:1    GU:2    UG:2    +
   69    81  0   3.0%   0.369 AU:6    +
  101   107  0   2.9%   2.332 GC:6    +
   51   101  0   2.9%   0.658 UG:6    +
   25    87  3   3.6%   0.573 AU:3    +
   49   103  3   3.5%   0.526 AU:3    +
   25    78  3   3.5%   0.387 AU:3    +
   20    85  0   2.6%   0.815 UA:6    +
   20    31  0   2.5%   0.293 UA:6    +
    7   100  3   3.3%   1.005 UA:3    +
   30    71  0   1.4%   0.363 GC:3    GU:3    +
   41    52  0   0.4%   0.267 CG:1    UG:2    AU:3    +
   76    85  0   2.4%   1.353 UA:6    +
   64    95  2   2.7%   2.427 GU:3    UA:1    +
   53    99  3   3.0%   0.726 UA:3    +
   52   103  0   1.2%   1.764 GU:3    UA:3    +
   10   100  0   1.1%   1.360 AU:3    UA:3    +
   51   106  0   1.1%   1.356 UG:2    UA:4    +
   24    29  0   1.0%   0.286 CG:3    UG:3    +
   52    64  0   0.0%   0.615 GC:1    GU:2    UG:3    +
    2    93  0   0.0%   0.087 GU:2    AU:3    UA:1    +
   19    64  0   0.0%   0.362 CG:3    GC:1    GU:2    +
    4    77  0   0.0%   0.074 CG:1    GU:3    UG:2    +
    4    13  0   0.0%   0.008 CG:1    GU:3    UG:2    +
    1    52  0   1.0%   0.150 CG:3    GU:3    +
   75    82  0   1.9%   0.559 AU:6    +
   77    83  0   0.8%   1.149 GU:3    UA:3    +
    6    42  0   0.8%   0.129 AU:3    UA:3    +
   44   106  0   0.8%   1.154 UG:2    UA:4    +
    8   107  0   1.8%   1.018 GC:6    +
   18    92  0   0.7%   0.468 GU:3    AU:3    +
   68    89  0   1.7%   0.929 UG:3    --:3    +
    7   108  0   1.7%   1.016 UA:6    +
   19    86  3   2.3%   0.638 GU:3    +
   63    93  1   2.0%   0.954 AU:5    +
   52   105  1   1.5%   1.199 GU:2    UG:3    +
   31    70  0   1.4%   0.285 AU:6    +
    6    46  3   2.2%   0.404 AU:3    +
   18    87  0   0.4%   0.093 GU:3    AU:3    +
   51    61  0   0.4%   0.259 UG:3    UA:3    +
   53    59  0   0.4%   0.549 AU:3    UA:3    +
   47   104  0   0.3%   0.859 GU:2    AU:4    +
   61    96  0   0.3%   1.464 GU:3    AU:3    +
   42    60  3   2.0%   0.475 UA:3    +
   21    78  0   0.2%   0.060 GC:3    GU:3    +
   98   107  0   1.2%   1.807 GC:6    +
   20    79  0   0.2%   0.536 UG:3    UA:3    +
   25    84  0   0.2%   0.291 CG:3    AU:3    +
   44    50  0   0.2%   0.736 UG:1    UA:5    +
   79    87  0   0.2%   0.727 GU:3    AU:3    +
    7    43  0   1.1%   0.294 UG:6    +
  100   108  3   1.9%   2.085 UA:3    +
    9   101  0   1.1%   1.271 CG:6    +
   50    57  0   0.1%   0.364 GU:1    AU:5    +
   47    57  0   0.1%   0.920 GU:2    AU:4    +
   37    99  0   0.1%   0.970 CG:3    UA:3    +
   50    81  0   0.1%   0.127 GU:1    AU:5    +
    7    99  0   0.1%   0.682 UG:3    UA:3    +
   51    99  0   0.1%   0.231 UG:3    UA:3    +
   21    84  3   1.9%   0.279 GU:3    +
   47    51  0   0.1%   0.515 GU:2    AU:4    +
   75    87  0   1.1%   1.304 AU:6    +
   14    96  0   1.1%   1.404 GU:6    +
   44    61  0   0.1%   1.056 UG:3    UA:3    +
   84   100  0   0.1%   1.858 GU:3    UA:3    +
    8    78  0   0.1%   0.772 GC:3    GU:3    +
    7    79  0   0.1%   0.668 UG:3    UA:3    +
   29    78  0   0.1%   0.632 GC:3    GU:3    +
   16    96  0   0.1%   1.020 GU:3    AU:3    +
    5    44  0   1.1%   0.153 AU:6    +
   16    82  0   0.1%   0.335 GU:3    AU:3    +
   33    71  0   0.1%   0.881 GC:3    GU:3    +
   57   106  0   0.1%   1.932 UG:2    UA:4    +
   14    71  0   0.1%   0.628 GC:3    GU:3    +
   16    92  0   0.1%   0.910 GU:3    AU:3    +
   30    78  0   0.1%   0.643 GC:3    GU:3    +
   46    50  0   0.1%   0.528 UG:1    UA:5    +
   23    30  0   1.1%   0.396 CG:6    +
   61    70  0   0.0%   0.362 GU:3    AU:3    +
    6    55  0   0.0%   0.544 AU:3    UA:3    +
   55    77  0   0.0%   0.623 UG:3    AU:3    +
   42    53  0   0.0%   0.240 AU:3    UA:3    +
    6    52  0   0.0%   0.619 UG:3    AU:3    +
   46    61  0   0.0%   0.921 UG:3    UA:3    +
   12    24  0   0.0%   0.022 GC:3    GU:3    +
   75    81  0   1.0%   0.523 AU:6    +
   18    82  0   0.0%   0.028 GU:3    AU:3    +
   47    87  0   0.0%   0.896 GU:2    AU:4    +
   13    42  0   0.0%   0.807 GU:3    UA:3    +
   53    83  0   0.0%   0.428 AU:3    UA:3    +
   57    79  0   0.0%   0.415 UG:3    UA:3    +
    7    50  0   0.0%   0.661 UG:1    UA:5    +
   18    81  0   0.0%   0.024 GU:3    AU:3    +
   99   104  0   0.0%   1.907 GU:3    AU:3    +
   18    71  0   0.0%   0.015 GC:3    AU:3    +
   83   100  0   0.0%   1.662 AU:3    UA:3    +
   29    71  0   0.0%   0.192 GC:3    GU:3    +
    7    18  0   0.0%   0.014 UG:3    UA:3    +
   33    78  0   0.0%   0.752 GC:3    GU:3    +
   53    62  0   0.0%   0.714 AU:3    UA:3    +
   79   104  0   0.0%   1.427 GU:3    AU:3    +
   13    19  0   0.0%   0.013 GC:3    UG:3    +
   17    84  0   0.0%   0.511 CG:3    AU:3    +
   78    90  0   0.0%   0.912 CG:3    UG:3    +
   19    77  0   0.0%   0.373 CG:3    GU:3    +
    1    84  0   0.0%   0.064 CG:3    GU:3    +
    6    56  0   0.0%   0.541 AU:3    UA:3    +
   24    30  0   0.0%   0.230 CG:3    UG:3    +
   61    76  0   0.0%   0.312 GU:3    AU:3    +
   66    78  0   0.0%   0.510 GC:3    GU:3    +
   82   106  0   0.0%   1.136 UG:2    UA:4    +
   61    71  0   0.0%   0.373 GC:3    AU:3    +
   78   101  0   0.0%   1.481 CG:3    UG:3    +
   62   100  0   0.0%   1.920 AU:3    UA:3    +
   61    92  0   0.0%   0.433 GU:3    AU:3    +
   50    82  0   0.0%   0.124 GU:1    AU:5    +
   65   100  0   0.0%   1.707 AU:3    UA:3    +
   70    79  0   0.0%   0.405 UG:3    UA:3    +
   62   103  0   0.0%   1.993 AU:3    UA:3    +
   68    79  0   0.0%   0.431 UG:3    UA:3    +
   59    77  0   0.0%   0.398 UG:3    AU:3    +
   16    37  0   0.0%   0.921 GC:3    AU:3    +
   61   104  0   0.0%   1.711 GU:3    AU:3    +
    8    26  0   0.0%   0.022 GC:2    GU:4    +
   79    96  0   0.0%   1.565 GU:3    AU:3    +
   76    99  0   0.0%   1.555 UG:3    UA:3    +
   26    43  0   0.0%   0.429 CG:2    UG:4    +
   26    30  0   0.0%   0.178 CG:2    UG:4    +
   30    37  0   0.0%   0.783 GC:3    GU:3    +
   39    47  0   0.0%   0.962 UG:2    UA:4    +
   24    90  0   0.0%   0.761 CG:3    UG:3    +
   18    37  0   0.0%   0.616 GC:3    AU:3    +
   21    26  0   0.0%   0.015 GC:2    GU:4    +
   24    33  0   0.0%   0.613 CG:3    UG:3    +
   47    96  0   0.0%   1.092 GU:2    AU:4    +
   59   103  0   0.0%   2.266 AU:3    UA:3    +
   13    83  0   0.0%   0.632 GU:3    UA:3    +
    6    10  0   0.0%   0.006 AU:3    UA:3    +
   39    61  0   0.0%   0.621 UG:3    UA:3    +
   20    47  0   0.0%   0.849 UG:2    UA:4    +
   24    45  0   0.0%   0.603 CG:3    UG:3    +
   50    70  0   0.0%   0.358 GU:1    AU:5    +
   16    20  0   0.0%   0.013 GU:3    AU:3    +
   29    37  0   0.0%   0.792 GC:3    GU:3    +
   24    43  0   0.0%   0.484 CG:3    UG:3    +
   92    99  0   0.0%   1.387 UG:3    UA:3    +
   16    81  0   0.0%   0.319 GU:3    AU:3    +
   57    61  0   0.0%   0.361 UG:3    UA:3    +
   14    37  0   0.0%   0.605 GC:3    GU:3    +
   26    33  0   0.0%   0.566 CG:2    UG:4    +
   82    99  0   0.0%   1.196 UG:3    UA:3    +
   44    99  0   0.0%   1.055 UG:3    UA:3    +
   81    99  0   0.0%   0.946 UG:3    UA:3    +
   71    90  0   0.0%   1.369 CG:3    UG:3    +
   17    52  0   0.0%   0.581 CG:3    AU:3    +
    7   106  0   0.0%   0.809 UG:2    UA:4    +
   18    39  0   0.0%   0.611 GU:3    AU:3    +
   18    51  0   0.0%   0.108 GU:3    AU:3    +
   10   103  0   0.0%   1.182 AU:3    UA:3    +
   92   106  0   0.0%   1.326 UG:2    UA:4    +
   16    71  0   0.0%   0.317 GC:3    AU:3    +
   53    84  0   0.0%   0.520 UG:3    AU:3    +
   35    78  0   0.0%   0.823 GC:3    GU:3    +
   84   103  0   0.0%   1.922 GU:3    UA:3    +
   96   106  0   0.0%   1.968 UG:2    UA:4    +
   62    77  0   0.0%   0.586 UG:3    AU:3    +
    6    62  0   0.0%   0.536 AU:3    UA:3    +
   13    84  0   0.0%   0.631 GU:3    UG:3    +
   81   106  0   0.0%   0.885 UG:2    UA:4    +
    7    61  0   0.0%   0.650 UG:3    UA:3    +
   55    86  0   0.0%   0.586 AU:3    UA:3    +
   46    79  0   0.0%   0.984 UG:3    UA:3    +
   61    68  0   0.0%   0.382 GU:3    AU:3    +
   21    71  0   0.0%   0.018 GC:3    GU:3    +
   18    96  0   0.0%   0.455 GU:3    AU:3    +
   61    81  0   0.0%   0.112 GU:3    AU:3    +
   37    90  0   0.0%   1.388 CG:3    UG:3    +
   42   103  0   0.0%   0.415 AU:3    UA:3    +
   42    77  0   0.0%   0.557 UG:3    AU:3    +
   16    70  0   0.0%   0.317 GU:3    AU:3    +
    6    59  0   0.0%   0.537 AU:3    UA:3    +
   12    71  0   0.0%   0.345 GC:3    GU:3    +
   87   106  0   0.0%   1.118 UG:2    UA:4    +
   87    99  0   0.0%   1.184 UG:3    UA:3    +
   41    89  0   0.0%   0.388 CG:1    UG:2    --:3    +
   66    71  0   0.0%   0.636 GC:3    GU:3    +
   46    99  0   0.0%   0.915 UG:3    UA:3    +
   71   101  0   0.0%   1.938 CG:3    UG:3    +
   65   103  0   0.0%   1.776 AU:3    UA:3    +
   50    87  0   0.0%   0.262 GU:1    AU:5    +
   18    76  0   0.0%   0.013 GU:3    AU:3    +
   47    82  0   0.0%   0.743 GU:2    AU:4    +
   42   100  0   0.0%   0.540 AU:3    UA:3    +
   53    65  0   0.0%   0.688 AU:3    UA:3    +
   56    77  0   0.0%   0.598 UG:3    AU:3    +
   50    96  0   0.0%   0.458 GU:1    AU:5    +
   13    56  0   0.0%   0.626 GU:3    UA:3    +
   83   103  0   0.0%   1.744 AU:3    UA:3    +
   26    98  0   0.0%   0.598 CG:2    UG:4    +
   70   106  0   0.0%   1.314 UG:2    UA:4    +
   56    86  0   0.0%   0.563 AU:3    UA:3    +
   65    86  0   0.0%   0.514 AU:3    UA:3    +
   18    44  0   0.0%   0.687 GU:3    AU:3    +
   51    79  0   0.0%   0.277 UG:3    UA:3    +
   26    45  0   0.0%   0.547 CG:2    UG:4    +
   42    86  0   0.0%   0.520 AU:3    UA:3    +
    4   105  1   0.5%   0.209 CG:1    GU:2    UG:2    +
   76    80  0   0.9%   0.529 UA:6    +
    6   101  3   1.6%   0.750 UG:3    +
   26    86  3   1.6%   0.524 UA:3    +
   43   107  0   0.8%   0.911 GC:6    +
    2    51  1   0.8%   0.132 GU:2    AU:3    +
    4   103  1   0.8%   0.205 GU:3    UA:2    +
   48    57  0   0.8%   0.835 AU:6    +
   78    84  3   1.5%   1.007 CG:3    +
   16    94  2   1.1%   1.054 GC:3    AU:1    +
   54   103  3   1.5%   1.521 AU:3    +
   46    60  0   0.7%   1.054 UA:6    +
    8    42  3   1.5%   0.315 GU:3    +
   53   104  3   1.5%   1.611 AU:3    +
   44    54  0   0.7%   0.826 UA:6    +
   77    85  3   1.4%   1.382 UA:3    +
   45    57  0   0.6%   1.157 GU:6    +
   75    86  3   1.4%   1.313 AU:3    +
   55   102  3   1.4%   1.701 UA:3    +
   10    41  1   0.6%   0.535 AU:2    UA:3    +
    4    41  1   0.1%   0.034 GC:1    GU:2    UA:2    +
   15    95  1   1.1%   1.105 AU:5    +
   27    84  1   0.1%   0.396 CG:1    UG:1    AU:3    +
   29    73  0   0.6%   0.276 GC:3    --:3    +
   76    86  3   1.3%   1.413 UA:3    +
   28    41  1   0.0%   0.111 GC:1    GU:1    UA:3    +
    2    28  1   0.0%   0.010 GU:1    UG:1    AU:3    +
   93   105  1   0.0%   0.921 UG:3    AU:1    UA:1    +
    2    26  1   0.0%   0.009 GC:1    GU:1    AU:3    +
   59    98  3   1.2%   1.650 UG:3    +
   41    59  1   0.5%   0.230 AU:3    UA:2    +
   70    85  0   0.5%   0.619 UA:6    +
    5   104  0   0.5%   0.243 AU:6    +
   24    79  3   1.2%   0.247 UG:3    +
   55   101  3   1.2%   1.822 UG:3    +
   41    62  1   0.4%   0.544 AU:3    UA:2    +
   53   102  3   1.2%   1.334 UA:3    +
    7   101  0   0.4%   0.910 UG:6    +
   28    77  1   0.4%   0.471 GU:2    UG:3    +
    4    45  3   0.9%   0.144 CG:1    UG:2    +
   20    33  0   0.4%   1.049 UG:6    +
   44    60  0   0.3%   1.131 UA:6    +
    6   109  3   1.1%   0.781 UA:3    +
   20    88  0   0.3%   0.684 UA:6    +
    6    43  3   1.0%   0.185 UG:3    +
   63    92  0   0.3%   0.746 AU:6    +
   17    93  3   1.0%   1.219 AU:3    +
   21    87  0   0.2%   0.208 GU:6    +
    5    51  0   0.2%   0.192 AU:6    +
   13    97  3   1.0%   1.399 UA:3    +
    2    52  2   0.6%   0.182 UG:1    AU:3    +
   51   110  0   0.2%   1.153 UA:6    +
   29    76  0   0.2%   0.695 GU:6    +
   20    34  0   0.2%   0.518 UA:6    +
    5    46  0   0.2%   0.123 AU:6    +
  104   111  0   0.2%   1.265 UA:6    +
   39    54  0   0.2%   0.641 UA:6    +
   51   109  0   0.2%   1.153 UA:6    +
   42   110  3   0.9%   0.520 UA:3    +
   22    29  0   0.2%   0.047 CG:6    +
   33    70  0   0.2%   0.863 GU:6    +
   43    51  0   0.1%   0.571 GU:6    +
    7    48  0   0.1%   0.971 UA:6    +
   44    49  0   0.1%   0.728 UA:6    +
   21    82  0   0.1%   0.069 GU:6    +
   74    79  0   0.1%   0.498 CG:3    --:3    +
    2     7  1   0.1%   0.028 GU:2    AU:3    +
    7    49  0   0.1%   0.672 UA:6    +
  104   109  0   0.1%   1.312 UA:6    +
   81    85  0   0.1%   0.782 UA:6    +
    7   102  0   0.1%   0.841 UA:6    +
   97   104  0   0.1%   2.215 AU:6    +
    9    21  0   0.1%   0.036 CG:6    +
    8    22  0   0.1%   0.034 GC:6    +
   78   106  1   0.1%   0.935 CG:2    UA:3    +
   82    88  0   0.1%   0.912 UA:6    +
   38    98  0   0.1%   1.277 CG:6    +
   39    97  0   0.1%   1.325 UA:6    +
  104   110  0   0.1%   1.291 UA:6    +
   49    82  0   0.1%   0.141 AU:6    +
   73    77  0   0.1%   0.506 CG:3    --:3    +
   43    91  0   0.1%   1.172 GC:6    +
   51    80  0   0.1%   0.224 UA:6    +
   40    96  0   0.1%   1.092 AU:6    +
   44    90  0   0.1%   1.503 UG:6    +
   82   102  0   0.1%   1.523 UA:6    +
   80   104  0   0.1%   1.384 AU:6    +
   49    57  0   0.1%   0.375 AU:6    +
    9    90  0   0.1%   0.725 CG:6    +
    8    91  0   0.1%   0.780 GC:6    +
    7    42  3   0.8%   0.219 UA:3    +
   87    97  0   0.1%   1.492 UA:6    +
    3    42  1   0.1%   0.029 AU:3    UA:2    +
   76   108  0   0.1%   1.532 UA:6    +
   96   109  0   0.1%   1.432 UA:6    +
   88    96  0   0.1%   1.748 AU:6    +
   46    85  0   0.1%   1.024 UA:6    +
   11   104  0   0.1%   0.758 AU:6    +
   67    89  0   0.1%   0.540 CG:3    --:3    +
    3    52  1   0.1%   0.180 UG:2    AU:3    +
   27    78  2   0.4%   0.419 GC:1    AU:3    +
   10   105  1   0.1%   1.172 UG:3    AU:2    +
   11    87  0   0.1%   0.354 AU:6    +
   41    55  1   0.1%   0.159 AU:3    UA:2    +
   60   104  0   0.1%   1.967 AU:6    +
    5    81  0   0.1%   0.107 AU:6    +
   59   105  1   0.1%   1.197 UG:3    AU:2    +
    3    51  2   0.8%   0.202 AU:4    +
   77    89  0   0.1%   1.062 UG:3    --:3    +
   80    87  0   0.1%   0.663 AU:6    +
    3   104  2   0.7%   0.217 AU:4    +
   73    79  0   0.1%   0.505 CG:3    --:3    +
    3    83  1   0.1%   0.113 AU:3    UA:2    +
   95   106  1   0.1%   1.911 UG:2    UA:3    +
   51   111  0   0.1%   1.117 UA:6    +
    3    10  1   0.1%   0.017 AU:3    UA:2    +
   11    20  0   0.1%   0.019 AU:6    +
   70    88  0   0.1%   1.068 UA:6    +
   30    74  0   0.1%   0.703 GC:3    --:3    +
   44   109  0   0.1%   1.506 UA:6    +
   30    82  0   0.1%   0.511 GU:6    +
   31    76  0   0.1%   0.620 AU:6    +
   13    73  0   0.1%   0.635 GC:3    --:3    +
   31    81  0   0.1%   0.425 AU:6    +
   93    99  1   0.1%   1.523 UG:3    UA:2    +
   54    96  0   0.1%   0.728 AU:6    +
   45    51  0   0.1%   0.683 GU:6    +
   91   101  0   0.1%   1.897 CG:6    +
   12    74  0   0.1%   0.357 GC:3    --:3    +
   91    98  0   0.1%   1.579 CG:6    +
   92    97  0   0.1%   1.696 UA:6    +
   15    70  0   0.1%   0.325 AU:6    +
   23    35  0   0.1%   0.513 CG:6    +
   12    23  0   0.1%   0.019 GC:6    +
   36   101  0   0.0%   1.096 CG:6    +
    2   104  1   0.0%   0.098 GU:2    AU:3    +
   96   108  0   0.0%   2.007 UA:6    +
   76    88  0   0.0%   1.248 UA:6    +
   81    89  0   0.0%   0.506 UG:3    --:3    +
   51   112  0   0.0%   1.102 UA:6    +
   31    82  0   0.0%   0.433 AU:6    +
    7    54  0   0.0%   0.656 UA:6    +
   63    68  0   0.0%   0.657 AU:6    +
   60    68  0   0.0%   0.486 AU:6    +
   81    88  0   0.0%   0.649 UA:6    +
   41    56  1   0.0%   0.155 AU:3    UA:2    +
   69    76  0   0.0%   0.261 AU:6    +
   34    70  0   0.0%   0.625 AU:6    +
   70    75  0   0.0%   0.534 UA:6    +
    9    35  0   0.0%   0.030 CG:6    +
   32    76  0   0.0%   0.820 AU:6    +
    8    36  0   0.0%   0.027 GC:6    +
   29   107  0   0.0%   0.565 GC:6    +
   57    75  0   0.0%   0.539 UA:6    +
    7   109  0   0.0%   0.934 UA:6    +
   17    89  0   0.0%   0.508 CG:3    --:3    +
   32    81  0   0.0%   0.620 AU:6    +
    4    53  1   0.0%   0.077 GU:3    UA:2    +
   70    89  0   0.0%   0.938 UG:3    --:3    +
   56   101  3   0.8%   1.924 UG:3    +
   14    23  0   0.0%   0.015 GC:6    +
    7   136  0   0.0%   0.903 UA:6    +
    7   137  0   0.0%   0.905 UA:6    +
    7   138  0   0.0%   0.907 UA:6    +
    7   135  0   0.0%   0.901 UA:6    +
    7   111  0   0.0%   0.891 UA:6    +
    7   134  0   0.0%   0.898 UA:6    +
    4    25  1   0.0%   0.016 GC:3    UA:2    +
    7   110  0   0.0%   0.889 UA:6    +
   15    20  0   0.0%   0.016 AU:6    +
   23    33  0   0.0%   0.734 CG:6    +
  104   112  0   0.0%   1.232 UA:6    +
   82    89  0   0.0%   0.757 UG:3    --:3    +
   20    80  0   0.0%   0.519 UA:6    +
   40    57  0   0.0%   0.402 AU:6    +
   39    60  0   0.0%   0.623 UA:6    +
   14    22  0   0.0%   0.018 GC:6    +
   55   105  1   0.0%   1.483 UG:3    AU:2    +
   78    89  0   0.0%   0.543 CG:3    --:3    +
   32    82  0   0.0%   0.626 AU:6    +
   33    68  0   0.0%   0.563 GU:6    +
   69    82  0   0.0%   0.170 AU:6    +
   92   101  0   0.0%   1.901 UG:6    +
    7   139  0   0.0%   0.908 UA:6    +
   22    35  0   0.0%   0.473 CG:6    +
   21    36  0   0.0%   0.629 GC:6    +
   88   104  0   0.0%   1.611 AU:6    +
   22    33  0   0.0%   0.699 CG:6    +
  104   134  0   0.0%   1.221 UA:6    +
   33    81  0   0.0%   0.616 GU:6    +
  104   113  0   0.0%   1.211 UA:3    --:3    +
  104   108  0   0.0%   1.945 UA:6    +
   46    88  0   0.0%   1.092 UA:6    +
    7   133  0   0.0%   0.893 UA:5    --:1    +
   47    59  3   0.8%   0.880 AU:3    +
   32   104  0   0.0%   0.681 AU:6    +
    9    29  0   0.0%   0.024 CG:6    +
    3    46  2   0.7%   0.119 AU:4    +
   54    82  0   0.0%   0.384 AU:6    +
   87   101  0   0.0%   1.687 UG:6    +
   11    44  0   0.0%   1.016 AU:6    +
   33    74  0   0.0%   0.817 GC:3    --:3    +
    3    59  1   0.0%   0.099 AU:3    UA:2    +
  104   133  0   0.0%   1.215 UA:5    --:1    +
   28    86  1   0.0%   0.435 GU:2    UA:3    +
   20    75  0   0.0%   0.498 UA:6    +
   51    85  0   0.0%   0.316 UA:6    +
    7    31  0   0.0%   0.016 UA:6    +
   44    63  0   0.0%   1.352 UA:6    +
   21    81  0   0.0%   0.044 GU:6    +
    7    40  0   0.0%   0.017 UA:6    +
   21    74  0   0.0%   0.020 GC:3    --:3    +
   29    82  0   0.0%   0.490 GU:6    +
  104   135  0   0.0%   1.223 UA:6    +
   96   110  0   0.0%   1.399 UA:6    +
   46   112  0   0.0%   1.290 UA:6    +
   89   103  0   0.0%   1.504 GU:3    --:3    +
   82   101  0   0.0%   1.691 UG:6    +
   81   102  0   0.0%   1.253 UA:6    +
   45    67  0   0.0%   1.235 GC:6    +
  104   136  0   0.0%   1.224 UA:6    +
   61    93  1   0.0%   0.442 GU:3    AU:2    +
   46    66  0   0.0%   1.214 UG:6    +
   46   109  0   0.0%   1.346 UA:6    +
  104   130  0   0.0%   1.211 UA:5    --:1    +
   96   112  0   0.0%   1.337 UA:6    +
   82   109  0   0.0%   0.581 UA:6    +
    3    55  1   0.0%   0.097 AU:3    UA:2    +
   46   108  0   0.0%   1.734 UA:6    +
   20    69  0   0.0%   0.496 UA:6    +
  104   137  0   0.0%   1.224 UA:6    +
   12    39  0   0.0%   0.621 GU:6    +
    7   112  0   0.0%   0.889 UA:6    +
   92   109  0   0.0%   0.771 UA:6    +
   44   110  0   0.0%   1.484 UA:6    +
   57    63  0   0.0%   0.632 UA:6    +
   49    87  0   0.0%   0.273 AU:6    +
  104   138  0   0.0%   1.224 UA:6    +
   96   111  0   0.0%   1.356 UA:6    +
   81   110  0   0.0%   0.305 UA:6    +
   51    60  0   0.0%   0.294 UA:6    +
    5    20  0   0.0%   0.003 AU:6    +
   93   106  1   0.0%   1.456 UG:1    UA:4    +
  104   114  0   0.0%   1.209 UA:3    --:3    +
   46   111  0   0.0%   1.302 UA:6    +
   33    76  0   0.0%   0.814 GU:6    +
   45    91  0   0.0%   1.384 GC:6    +
   56   105  1   0.0%   1.524 UG:3    AU:2    +
   46    90  0   0.0%   1.358 UG:6    +
   30    70  0   0.0%   0.181 GU:6    +
   18    93  1   0.0%   0.444 GU:3    AU:2    +
   33    73  0   0.0%   0.830 GC:3    --:3    +
  104   115  0   0.0%   1.209 UA:3    --:3    +
   46   113  0   0.0%   1.284 UA:3    --:3    +
   96   102  0   0.0%   2.342 UA:6    +
   63    70  0   0.0%   0.627 AU:6    +
   30    81  0   0.0%   0.496 GU:6    +
   68    85  0   0.0%   0.452 UA:6    +
  104   116  0   0.0%   1.209 UA:3    --:3    +
   96   101  0   0.0%   2.537 UG:6    +
   95   113  0   0.0%   1.261 UA:3    --:3    +
   55    64  1   0.0%   0.718 UG:3    AU:2    +
   20    89  0   0.0%   0.649 UG:3    --:3    +
   56    64  1   0.0%   0.698 UG:3    AU:2    +
  104   131  0   0.0%   1.211 UA:5    --:1    +
   24    89  0   0.0%   0.499 CG:3    --:3    +
   92   112  0   0.0%   0.687 UA:6    +
   51   136  0   0.0%   1.094 UA:6    +
   46   110  0   0.0%   1.327 UA:6    +
    9    66  0   0.0%   0.699 CG:6    +
    8    67  0   0.0%   0.754 GC:6    +
  104   139  0   0.0%   1.223 UA:6    +
   42   113  0   0.0%   0.454 UA:3    --:3    +
   51   137  0   0.0%   1.095 UA:6    +
  104   132  0   0.0%   1.211 UA:5    --:1    +
    7   132  0   0.0%   0.889 UA:5    --:1    +
    7   131  0   0.0%   0.889 UA:5    --:1    +
    7   130  0   0.0%   0.888 UA:5    --:1    +
   76    90  0   0.0%   1.477 UG:6    +
    2    46  1   0.0%   0.012 GU:2    AU:3    +
   15    39  0   0.0%   0.918 AU:6    +
   71    89  0   0.0%   0.993 UG:3    --:3    +
   44   111  0   0.0%   1.459 UA:6    +
   61    73  0   0.0%   0.323 GC:3    --:3    +
    5    57  0   0.0%   0.092 AU:6    +
   60    70  0   0.0%   0.454 AU:6    +
   23    90  0   0.0%   0.830 CG:6    +
   30    76  0   0.0%   0.689 GU:6    +
   20    29  0   0.0%   0.015 UG:6    +
    8   104  0   0.0%   0.868 GU:6    +
   29    81  0   0.0%   0.487 GU:6    +
   33   104  0   0.0%   0.673 GU:6    +
   83   105  1   0.0%   0.651 UG:3    AU:2    +
   25    89  0   0.0%   0.466 CG:3    --:3    +
   98   104  0   0.0%   2.093 GU:6    +
   46   114  0   0.0%   1.283 UA:3    --:3    +
   45   104  0   0.0%   1.008 GU:6    +
   51   139  0   0.0%   1.095 UA:6    +
   51   138  0   0.0%   1.095 UA:6    +
   30    38  0   0.0%   0.784 GC:6    +
   30   107  0   0.0%   0.572 GC:6    +
   46   102  0   0.0%   0.929 UA:6    +
   89   100  0   0.0%   1.432 GU:3    --:3    +
   29    39  0   0.0%   0.788 GU:6    +
   42    64  1   0.0%   0.666 UG:3    AU:2    +
    8    39  0   0.0%   0.023 GU:6    +
   75   104  0   0.0%   1.978 AU:6    +
   67    98  0   0.0%   1.426 CG:6    +
   68    97  0   0.0%   1.612 UA:6    +
   69    96  0   0.0%   1.618 AU:6    +
   52   113  0   0.0%   1.286 UA:3    --:3    +
   74   105  0   0.0%   0.371 CG:3    --:3    +
   42   114  0   0.0%   0.454 UA:3    --:3    +
   39   112  0   0.0%   0.954 UA:6    +
   41    65  1   0.0%   0.521 AU:3    UA:2    +
    3    95  1   0.0%   0.104 AU:4    UA:1    +
   40    46  0   0.0%   0.865 AU:6    +
    2    96  1   0.0%   0.088 GU:2    AU:3    +
   57   109  0   0.0%   1.378 UA:6    +
    7   140  0   0.0%   0.905 UA:6    +
   46    63  0   0.0%   1.210 UA:6    +
    1    28  1   0.0%   0.014 CG:2    GU:3    +
   44   112  0   0.0%   1.444 UA:6    +
   12    96  0   0.0%   0.986 GU:6    +
   57   110  0   0.0%   1.353 UA:6    +
   35    91  0   0.0%   1.111 GC:6    +
   36    90  0   0.0%   1.394 CG:6    +
   16    93  1   0.0%   0.907 GU:3    AU:2    +
   36    45  0   0.0%   1.154 CG:6    +
   39    88  0   0.0%   1.136 UA:6    +
   39   113  0   0.0%   0.952 UA:3    --:3    +
   57   134  0   0.0%   1.288 UA:6    +
    3    56  1   0.0%   0.096 AU:3    UA:2    +
   40    87  0   0.0%   0.879 AU:6    +
   57   112  0   0.0%   1.296 UA:6    +
   20    90  0   0.0%   0.911 UG:6    +
   35    46  0   0.0%   0.818 GU:6    +
   38    43  0   0.0%   1.031 CG:6    +
    5    70  0   0.0%   0.089 AU:6    +
   57   111  0   0.0%   1.315 UA:6    +
   46   115  0   0.0%   1.283 UA:3    --:3    +
   38    89  0   0.0%   1.128 CG:3    --:3    +
   60    76  0   0.0%   0.412 AU:6    +
   51    97  0   0.0%   0.558 UA:6    +
   12   107  0   0.0%   0.766 GC:6    +
   54    76  0   0.0%   0.564 AU:6    +
   34    92  0   0.0%   0.693 AU:6    +
   51    98  0   0.0%   0.515 UG:6    +
    7   113  0   0.0%   0.886 UA:3    --:3    +
    7   114  0   0.0%   0.886 UA:3    --:3    +
    2    57  1   0.0%   0.082 GU:2    AU:3    +
    7   115  0   0.0%   0.887 UA:3    --:3    +
    7   116  0   0.0%   0.887 UA:3    --:3    +
   82   110  0   0.0%   0.555 UA:6    +
    4   100  1   0.0%   0.081 GU:3    UA:2    +
   69   104  0   0.0%   1.478 AU:6    +
   21    68  0   0.0%   0.013 GU:6    +
   42   115  0   0.0%   0.453 UA:3    --:3    +
   51   140  0   0.0%   1.093 UA:6    +
   66   107  0   0.0%   1.230 GC:6    +
   29    38  0   0.0%   0.793 GC:6    +
   92   113  0   0.0%   0.676 UA:3    --:3    +
   57   135  0   0.0%   1.290 UA:6    +
   56   113  0   0.0%   1.415 UA:3    --:3    +
    2    44  1   0.0%   0.011 GU:2    AU:3    +
   44    48  0   0.0%   1.007 UA:6    +
   85    96  0   0.0%   1.853 AU:6    +
   36    43  0   0.0%   1.035 CG:6    +
   51   113  0   0.0%   1.090 UA:3    --:3    +
   81   111  0   0.0%   0.266 UA:6    +
   85   104  0   0.0%   1.723 AU:6    +
   44    69  0   0.0%   1.030 UA:6    +
   74   101  0   0.0%   1.466 CG:3    --:3    +
   43    70  0   0.0%   0.978 GU:6    +
   57   108  0   0.0%   1.962 UA:6    +
   57   136  0   0.0%   1.290 UA:6    +
   45    87  0   0.0%   1.095 GU:6    +
   42   116  0   0.0%   0.454 UA:3    --:3    +
   57   137  0   0.0%   1.290 UA:6    +
   35    44  0   0.0%   1.007 GU:6    +
   57    69  0   0.0%   0.305 UA:6    +
    5    96  0   0.0%   0.096 AU:6    +
   51   134  0   0.0%   1.092 UA:6    +
    9    30  0   0.0%   0.022 CG:6    +
   82    97  0   0.0%   1.491 UA:6    +
   51   114  0   0.0%   1.089 UA:3    --:3    +
   33    38  0   0.0%   1.168 GC:6    +
   39   111  0   0.0%   0.954 UA:6    +
   92   111  0   0.0%   0.705 UA:6    +
   22    45  0   0.0%   0.687 CG:6    +
   21    46  0   0.0%   0.503 GU:6    +
   81    98  0   0.0%   1.128 UG:6    +
   14    82  0   0.0%   0.626 GU:6    +
   33    91  0   0.0%   1.040 GC:6    +
   57   138  0   0.0%   1.290 UA:6    +
   32    39  0   0.0%   0.968 AU:6    +
   81    90  0   0.0%   0.869 UG:6    +
   84   105  1   0.0%   0.829 GU:2    UG:3    +
   13    74  0   0.0%   0.631 GC:3    --:3    +
   15    81  0   0.0%   0.323 AU:6    +
   32    92  0   0.0%   0.945 AU:6    +
   39   114  0   0.0%   0.952 UA:3    --:3    +
   44   114  0   0.0%   1.438 UA:3    --:3    +
   51   135  0   0.0%   1.093 UA:6    +
   46    97  0   0.0%   1.264 UA:6    +
   46   116  0   0.0%   1.283 UA:3    --:3    +
   43    67  0   0.0%   1.015 GC:6    +
   44    88  0   0.0%   1.223 UA:6    +
   44   113  0   0.0%   1.438 UA:3    --:3    +
   44   115  0   0.0%   1.438 UA:3    --:3    +
   20    30  0   0.0%   0.014 UG:6    +
   70   111  0   0.0%   0.701 UA:6    +
   44    66  0   0.0%   1.353 UG:6    +
   15    96  0   0.0%   1.055 AU:6    +
   34   104  0   0.0%   0.427 AU:6    +
    4    27  2   0.0%   0.012 GC:1    GU:1    UA:2    +
   73    90  0   0.0%   0.915 CG:3    --:3    +
   20    35  0   0.0%   0.813 UG:6    +
   92   102  0   0.0%   1.705 UA:6    +
   12    20  0   0.0%   0.016 GU:6    +
   15    82  0   0.0%   0.324 AU:6    +
   14    73  0   0.0%   0.624 GC:3    --:3    +
    6    28  1   0.0%   0.003 UG:2    AU:3    +
   30    36  0   0.0%   0.788 GC:6    +
   51    69  0   0.0%   0.182 UA:6    +
   61    74  0   0.0%   0.307 GC:3    --:3    +
   76    89  0   0.0%   1.100 UG:3    --:3    +
   16    95  1   0.0%   1.004 GU:3    AU:2    +
   33    82  0   0.0%   0.617 GU:6    +
   57   132  0   0.0%   1.284 UA:5    --:1    +
   74    90  0   0.0%   0.896 CG:3    --:3    +
   90   107  0   0.0%   1.376 GC:6    +
   51   131  0   0.0%   1.089 UA:5    --:1    +
   33   107  0   0.0%   0.675 GC:6    +
   57   131  0   0.0%   1.284 UA:5    --:1    +
   57   133  0   0.0%   1.285 UA:5    --:1    +
   87   102  0   0.0%   1.498 UA:6    +
   51    63  0   0.0%   0.504 UA:6    +
    9    14  0   0.0%   0.011 CG:6    +
   51   132  0   0.0%   1.089 UA:5    --:1    +
   63   104  0   0.0%   2.008 AU:6    +
   62   105  1   0.0%   0.906 UG:3    AU:2    +
   92   110  0   0.0%   0.744 UA:6    +
  104   140  0   0.0%   1.219 UA:6    +
   23   101  0   0.0%   0.521 CG:6    +
   55   113  0   0.0%   1.373 UA:3    --:3    +
   34    76  0   0.0%   0.572 AU:6    +
   14    92  0   0.0%   0.625 GU:6    +
   55   114  0   0.0%   1.372 UA:3    --:3    +
   44   116  0   0.0%   1.438 UA:3    --:3    +
   32    68  0   0.0%   0.363 AU:6    +
   51   133  0   0.0%   1.090 UA:5    --:1    +
    7    69  0   0.0%   0.651 UA:6    +
   20    63  0   0.0%   0.493 UA:6    +
   82    98  0   0.0%   1.377 UG:6    +
   39   115  0   0.0%   0.951 UA:3    --:3    +
   66    92  0   0.0%   1.169 GU:6    +
   95   114  0   0.0%   1.258 UA:3    --:3    +
   57    80  0   0.0%   0.339 UA:6    +
   51   115  0   0.0%   1.089 UA:3    --:3    +
   57   139  0   0.0%   1.289 UA:6    +
   15   104  0   0.0%   0.782 AU:6    +
   70   110  0   0.0%   0.738 UA:6    +
   31   104  0   0.0%   0.485 AU:6    +
   52   114  0   0.0%   1.284 UA:3    --:3    +
   51   116  0   0.0%   1.089 UA:3    --:3    +
   96   113  0   0.0%   1.324 UA:3    --:3    +
   37    89  0   0.0%   1.126 UG:3    --:3    +
   51   130  0   0.0%   1.089 UA:5    --:1    +
   70    90  0   0.0%   1.312 UG:6    +
   93   113  0   0.0%   0.805 UA:3    --:3    +
   23    43  0   0.0%   0.602 CG:6    +
   57   130  0   0.0%   1.284 UA:5    --:1    +
   21    73  0   0.0%   0.017 GC:3    --:3    +
   82    90  0   0.0%   1.119 UG:6    +
   59    64  1   0.0%   0.499 UG:3    AU:2    +
   64    73  0   0.0%   0.585 GC:3    --:3    +
   46   130  0   0.0%   1.283 UA:5    --:1    +
   82   111  0   0.0%   0.516 UA:6    +
    7    97  0   0.0%   0.657 UA:6    +
   52   115  0   0.0%   1.284 UA:3    --:3    +
   38    45  0   0.0%   1.149 CG:6    +
   92    98  0   0.0%   1.577 UG:6    +
   96   134  0   0.0%   1.325 UA:6    +
    8    23  0   0.0%   0.019 GC:6    +
   76   110  0   0.0%   0.909 UA:6    +
   22    89  0   0.0%   0.181 CG:3    --:3    +
   18    95  1   0.0%   0.456 GU:3    AU:2    +
    7    98  0   0.0%   0.657 UG:6    +
   81   112  0   0.0%   0.246 UA:6    +
   96   135  0   0.0%   1.326 UA:6    +
   41    83  1   0.0%   0.242 AU:3    UA:2    +
   43    81  0   0.0%   0.725 GU:6    +
   39   116  0   0.0%   0.951 UA:3    --:3    +
   95   115  0   0.0%   1.257 UA:3    --:3    +
   44    80  0   0.0%   1.050 UA:6    +
    7    12  0   0.0%   0.011 UG:6    +
    7    11  0   0.0%   0.011 UA:6    +
   12    44  0   0.0%   1.025 GU:6    +
   12    22  0   0.0%   0.015 GC:6    +
    3    62  1   0.0%   0.097 AU:3    UA:2    +
   63    76  0   0.0%   0.577 AU:6    +
   96   136  0   0.0%   1.327 UA:6    +
   40    44  0   0.0%   1.054 AU:6    +
   29    36  0   0.0%   0.797 GC:6    +
   70   112  0   0.0%   0.681 UA:6    +
   15    68  0   0.0%   0.313 AU:6    +
   96   133  0   0.0%   1.322 UA:5    --:1    +
   39   109  0   0.0%   1.001 UA:6    +
   44   102  0   0.0%   1.068 UA:6    +
   73   101  0   0.0%   1.484 CG:3    --:3    +
   39    85  0   0.0%   1.059 UA:6    +
   52   116  0   0.0%   1.284 UA:3    --:3    +
   93   114  0   0.0%   0.804 UA:3    --:3    +
   20    97  0   0.0%   1.006 UA:6    +
    7    60  0   0.0%   0.650 UA:6    +
   76   112  0   0.0%   0.852 UA:6    +
   21    76  0   0.0%   0.019 GU:6    +
   95    99  1   0.0%   1.967 UG:3    UA:2    +
   96   114  0   0.0%   1.322 UA:3    --:3    +
   46   131  0   0.0%   1.283 UA:5    --:1    +
   12    73  0   0.0%   0.345 GC:3    --:3    +
   29    87  0   0.0%   0.647 GU:6    +
   63    81  0   0.0%   0.377 AU:6    +
   14    20  0   0.0%   0.009 GU:6    +
   47    78  1   0.0%   0.878 GC:2    AU:3    +
   14    39  0   0.0%   1.219 GU:6    +
   96   130  0   0.0%   1.321 UA:5    --:1    +
   54    87  0   0.0%   0.519 AU:6    +
   11    76  0   0.0%   0.340 AU:6    +
   96   137  0   0.0%   1.326 UA:6    +
   60    92  0   0.0%   0.532 AU:6    +
   34    81  0   0.0%   0.370 AU:6    +
    3    65  1   0.0%   0.096 AU:3    UA:2    +
    5    39  0   0.0%   0.003 AU:6    +
   40    51  0   0.0%   0.474 AU:6    +
   56   114  0   0.0%   1.413 UA:3    --:3    +
    7    75  0   0.0%   0.650 UA:6    +
   96   138  0   0.0%   1.326 UA:6    +
   49    96  0   0.0%   0.468 AU:6    +
   95   116  0   0.0%   1.257 UA:3    --:3    +
   44   130  0   0.0%   1.438 UA:5    --:1    +
   93   115  0   0.0%   0.803 UA:3    --:3    +
   31    68  0   0.0%   0.096 AU:6    +
   55   115  0   0.0%   1.372 UA:3    --:3    +
    8    96  0   0.0%   0.767 GU:6    +
    3    93  1   0.0%   0.103 AU:4    UA:1    +
   43    68  0   0.0%   1.006 GU:6    +
   89    96  0   0.0%   1.580 GU:3    --:3    +
   92   114  0   0.0%   0.674 UA:3    --:3    +
   14   107  0   0.0%   1.078 GC:6    +
   23    98  0   0.0%   0.694 CG:6    +
   49    76  0   0.0%   0.317 AU:6    +
   56   115  0   0.0%   1.413 UA:3    --:3    +
   46   132  0   0.0%   1.283 UA:5    --:1    +
   68    80  0   0.0%   0.355 UA:6    +
   44    75  0   0.0%   1.253 UA:6    +
   96   131  0   0.0%   1.321 UA:5    --:1    +
   14    74  0   0.0%   0.624 GC:3    --:3    +
   44   131  0   0.0%   1.438 UA:5    --:1    +
   43    76  0   0.0%   0.927 GU:6    +
   18    74  0   0.0%   0.013 GC:3    --:3    +
   68    75  0   0.0%   0.554 UA:6    +
   87    98  0   0.0%   1.370 UG:6    +
   55   116  0   0.0%   1.371 UA:3    --:3    +
   64    74  0   0.0%   0.570 GC:3    --:3    +
   76   109  0   0.0%   0.935 UA:6    +
   31    87  0   0.0%   0.575 AU:6    +
   96   132  0   0.0%   1.321 UA:5    --:1    +
   10   113  0   0.0%   1.132 UA:3    --:3    +
   96   115  0   0.0%   1.321 UA:3    --:3    +
   10   116  0   0.0%   1.132 UA:3    --:3    +
   10   114  0   0.0%   1.132 UA:3    --:3    +
   10   115  0   0.0%   1.132 UA:3    --:3    +
   39   130  0   0.0%   0.952 UA:5    --:1    +
   60    82  0   0.0%   0.215 AU:6    +
    8    74  0   0.0%   0.753 GC:3    --:3    +
   66    70  0   0.0%   0.622 GU:6    +
   76   111  0   0.0%   0.871 UA:6    +
   14    91  0   0.0%   0.631 GC:6    +
   18    73  0   0.0%   0.013 GC:3    --:3    +
   45    74  0   0.0%   1.148 GC:3    --:3    +
   44   132  0   0.0%   1.438 UA:5    --:1    +
   44    85  0   0.0%   1.146 UA:6    +
    7    15  0   0.0%   0.011 UA:6    +
   48    87  0   0.0%   0.704 AU:6    +
   33    67  0   0.0%   0.557 GC:6    +
   43    87  0   0.0%   0.870 GU:6    +
   39   110  0   0.0%   0.954 UA:6    +
   89   104  0   0.0%   1.446 GU:3    --:3    +
   32    87  0   0.0%   0.767 AU:6    +
   46   133  0   0.0%   1.284 UA:5    --:1    +
   20    98  0   0.0%   0.963 UG:6    +
   31    96  0   0.0%   0.767 AU:6    +
   48    96  0   0.0%   0.902 AU:6    +
   92   108  0   0.0%   1.359 UA:6    +
   92   115  0   0.0%   0.673 UA:3    --:3    +
   46   134  0   0.0%   1.286 UA:6    +
   39    45  0   0.0%   1.143 UG:6    +
   42   105  1   0.0%   0.382 UG:3    AU:2    +
    9    89  0   0.0%   0.704 CG:3    --:3    +
   56   116  0   0.0%   1.412 UA:3    --:3    +
   21   107  0   0.0%   0.409 GC:6    +
   44   133  0   0.0%   1.439 UA:5    --:1    +
   43   104  0   0.0%   0.789 GU:6    +
   12    36  0   0.0%   0.018 GC:6    +
    5    92  0   0.0%   0.095 AU:6    +
    5    76  0   0.0%   0.089 AU:6    +
   82   108  0   0.0%   1.169 UA:6    +
   57   113  0   0.0%   1.285 UA:3    --:3    +
   54    81  0   0.0%   0.377 AU:6    +
   14    70  0   0.0%   0.615 GU:6    +
   93   130  0   0.0%   0.803 UA:5    --:1    +
   70   113  0   0.0%   0.671 UA:3    --:3    +
   93   133  0   0.0%   0.804 UA:5    --:1    +
   60    87  0   0.0%   0.351 AU:6    +
    7    32  0   0.0%   0.015 UA:6    +
   70   102  0   0.0%   1.693 UA:6    +
   46   101  0   0.0%   1.043 UG:6    +
   35   107  0   0.0%   0.744 GC:6    +
   57   114  0   0.0%   1.284 UA:3    --:3    +
   81   109  0   0.0%   0.328 UA:6    +
   20   108  0   0.0%   0.715 UA:6    +
   66    74  0   0.0%   0.568 GC:3    --:3    +
   73   105  0   0.0%   0.389 CG:3    --:3    +
   96   139  0   0.0%   1.325 UA:6    +
   92   116  0   0.0%   0.673 UA:3    --:3    +
   93   116  0   0.0%   0.803 UA:3    --:3    +
    7    63  0   0.0%   0.650 UA:6    +
   57   140  0   0.0%   1.286 UA:6    +
   93   131  0   0.0%   0.803 UA:5    --:1    +
   39   131  0   0.0%   0.952 UA:5    --:1    +
   46   135  0   0.0%   1.286 UA:6    +
    7    30  0   0.0%   0.012 UG:6    +
   39    48  0   0.0%   0.931 UA:6    +
   30    96  0   0.0%   0.850 GU:6    +
   44   134  0   0.0%   1.441 UA:6    +
   92   134  0   0.0%   0.677 UA:6    +
   57   115  0   0.0%   1.284 UA:3    --:3    +
   12    57  0   0.0%   0.348 GU:6    +
   76   113  0   0.0%   0.841 UA:3    --:3    +
    1    74  0   0.0%   0.062 GC:3    --:3    +
   48    81  0   0.0%   0.549 AU:6    +
   87   109  0   0.0%   0.561 UA:6    +
   59   113  0   0.0%   1.075 UA:3    --:3    +
    9    33  0   0.0%   0.021 CG:6    +
   64    83  1   0.0%   0.384 GU:3    UA:2    +
   96   116  0   0.0%   1.321 UA:3    --:3    +
   70   109  0   0.0%   0.764 UA:6    +
   59   114  0   0.0%   1.074 UA:3    --:3    +
   90    96  0   0.0%   1.945 GU:6    +
   20    49  0   0.0%   0.510 UA:6    +
   50    93  1   0.0%   0.449 GU:1    AU:4    +
   57    85  0   0.0%   0.433 UA:6    +
   17    28  1   0.0%   0.003 CG:2    AU:3    +
   89   107  0   0.0%   1.012 GC:3    --:3    +
   92   138  0   0.0%   0.678 UA:6    +
   48    82  0   0.0%   0.552 AU:6    +
   93   132  0   0.0%   0.803 UA:5    --:1    +
   44   135  0   0.0%   1.441 UA:6    +
   82   112  0   0.0%   0.496 UA:6    +
   92   137  0   0.0%   0.678 UA:6    +
   59   115  0   0.0%   1.073 UA:3    --:3    +
   92   131  0   0.0%   0.673 UA:5    --:1    +
   81   108  0   0.0%   0.919 UA:6    +
   92   139  0   0.0%   0.677 UA:6    +
    7    80  0   0.0%   0.662 UA:6    +
   59   116  0   0.0%   1.073 UA:3    --:3    +
   54    92  0   0.0%   0.700 AU:6    +
   49    81  0   0.0%   0.115 AU:6    +
   78   113  0   0.0%   0.276 UA:3    --:3    +
   44   136  0   0.0%   1.441 UA:6    +
   92   136  0   0.0%   0.678 UA:6    +
   66    73  0   0.0%   0.583 GC:3    --:3    +
   11    46  0   0.0%   0.825 AU:6    +
   39   132  0   0.0%   0.952 UA:5    --:1    +
   87   108  0   0.0%   1.152 UA:6    +
    5    82  0   0.0%   0.101 AU:6    +
   92   132  0   0.0%   0.673 UA:5    --:1    +
   39    43  0   0.0%   1.025 UG:6    +
   33    87  0   0.0%   0.759 GU:6    +
   12    91  0   0.0%   0.362 GC:6    +
   24    47  1   0.0%   0.421 CG:2    UA:3    +
   46   136  0   0.0%   1.286 UA:6    +
   92   135  0   0.0%   0.678 UA:6    +
   26    79  2   0.3%   0.306 UG:3    UA:1    +
    7    41  3   0.7%   0.128 UA:3    +
   43    59  3   0.7%   0.788 GU:3    +
   64    92  3   0.7%   0.816 GU:3    +
   49    56  3   0.7%   0.453 AU:3    +
   76    84  3   0.7%   1.252 UG:3    +
   46    56  3   0.6%   1.176 UA:3    +
   75    83  3   0.6%   0.513 AU:3    +
    8    41  3   0.3%   0.124 GC:1    GU:2    +
   46   105  2   0.2%   0.963 UG:3    UA:1    +
   42   108  3   0.6%   0.508 UA:3    +
   43    55  3   0.5%   0.533 GU:3    +
   45    53  3   0.5%   0.665 GU:3    +
   96   105  2   0.1%   1.445 UG:3    UA:1    +
   18    94  2   0.1%   0.463 GC:3    AU:1    +
   12    41  3   0.3%   0.455 GC:1    GU:2    +
   41    47  3   0.0%   0.467 CG:1    UG:1    UA:1    +
   47    64  3   0.0%   1.030 GC:1    GU:1    AU:1    +
   41   106  3   0.0%   0.206 CG:1    UG:1    UA:1    +
   94   101  2   0.1%   2.283 CG:3    UG:1    +
   27    83  2   0.1%   0.287 AU:3    UA:1    +
   41    95  2   0.1%   0.587 AU:3    UA:1    +
   51   105  2   0.1%   0.858 UG:3    UA:1    +
   47    55  3   0.5%   1.041 AU:3    +
   94    99  2   0.1%   1.771 CG:3    UA:1    +
    2    84  2   0.1%   0.094 UG:1    AU:3    +
   28    79  2   0.0%   0.349 UG:3    UA:1    +
   94    98  2   0.0%   1.952 CG:3    UG:1    +
   95   100  2   0.0%   2.400 AU:1    UA:3    +
   93   100  2   0.0%   1.951 AU:1    UA:3    +
   27    81  2   0.0%   0.266 GU:1    AU:3    +
    6    50  3   0.2%   0.553 UG:1    UA:2    +
   42    61  3   0.4%   0.390 UG:3    +
   71    84  3   0.4%   0.658 UG:3    +
   10    27  2   0.0%   0.017 AU:1    UA:3    +
   87   105  2   0.0%   0.587 UG:3    UA:1    +
   14    94  2   0.0%   1.258 GC:3    GU:1    +
   46    55  3   0.4%   1.171 UA:3    +
   27    87  2   0.0%   0.433 GU:1    AU:3    +
   94   105  2   0.0%   1.166 CG:3    AU:1    +
   13    95  2   0.0%   1.265 GU:3    UA:1    +
   27    82  2   0.0%   0.266 GU:1    AU:3    +
    2    56  2   0.0%   0.083 AU:3    UA:1    +
   95   103  2   0.0%   2.459 AU:1    UA:3    +
    2    42  2   0.0%   0.011 AU:3    UA:1    +
    7   105  2   0.0%   0.834 UG:3    UA:1    +
    2    55  2   0.0%   0.081 AU:3    UA:1    +
    6    93  2   0.0%   0.544 AU:3    UA:1    +
    2    83  2   0.0%   0.082 AU:3    UA:1    +
   90    94  2   0.0%   1.674 GC:3    GU:1    +
    7    27  2   0.0%   0.013 UG:1    UA:3    +
   27    42  2   0.0%   0.188 AU:3    UA:1    +
   68   105  2   0.0%   0.714 UG:3    UA:1    +
   79    83  3   0.4%   0.798 GU:3    +
   86    95  2   0.0%   1.782 AU:3    UA:1    +
    2    95  2   0.0%   0.087 GU:1    AU:3    +
   44   105  2   0.0%   1.071 UG:3    UA:1    +
    6    95  2   0.0%   0.544 AU:3    UA:1    +
   30    94  2   0.0%   0.852 GC:3    GU:1    +
    2    10  2   0.0%   0.010 AU:3    UA:1    +
   20    27  2   0.0%   0.014 UG:1    UA:3    +
   57   105  2   0.0%   1.390 UG:3    UA:1    +
    3    28  2   0.0%   0.009 UG:1    AU:3    +
   53    95  2   0.0%   0.750 AU:3    UA:1    +
    2    59  2   0.0%   0.082 AU:3    UA:1    +
   18    26  2   0.0%   0.010 GU:3    AU:1    +
   27    96  2   0.0%   0.624 GU:1    AU:3    +
   82   105  2   0.0%   0.601 UG:3    UA:1    +
   12    94  2   0.0%   0.356 GC:3    GU:1    +
   29    94  2   0.0%   0.841 GC:3    GU:1    +
   13    93  2   0.0%   0.633 GU:3    UA:1    +
   43    94  2   0.0%   1.071 GC:3    GU:1    +
   86    93  2   0.0%   1.333 AU:3    UA:1    +
   33    94  2   0.0%   0.954 GC:3    GU:1    +
   27    39  2   0.0%   0.607 GU:1    AU:3    +
   53    93  2   0.0%   0.742 AU:3    UA:1    +
   71   105  2   0.0%   0.843 CG:3    UA:1    +
   92   105  2   0.0%   0.793 UG:3    UA:1    +
   93   103  2   0.0%   2.017 AU:1    UA:3    +
   18    28  2   0.0%   0.006 GU:3    AU:1    +
    2    62  2   0.0%   0.081 AU:3    UA:1    +
   27    44  2   0.0%   0.683 GU:1    AU:3    +
   52    60  3   0.4%   0.466 UA:3    +
   62    98  3   0.4%   1.708 UG:3    +
   57   100  3   0.4%   1.746 UA:3    +
   42    51  3   0.4%   0.352 AU:3    +
   42    57  3   0.4%   0.290 AU:3    +
   26    84  3   0.1%   0.346 CG:2    UG:1    +
    8   100  3   0.3%   0.942 GU:3    +
   50   100  3   0.1%   0.291 GU:1    AU:2    +
   11    42  3   0.3%   0.522 AU:3    +
   45    56  3   0.3%   1.147 GU:3    +
   95   110  1   0.1%   1.338 UA:5    +
  100   106  3   0.1%   1.839 UG:2    UA:1    +
   93   102  1   0.1%   1.844 UA:5    +
    4   101  3   0.1%   0.094 CG:1    UG:2    +
   40    53  3   0.3%   0.434 AU:3    +
    6   102  3   0.3%   0.665 UA:3    +
   42   111  3   0.3%   0.486 UA:3    +
   15    93  1   0.0%   0.961 AU:5    +
   95   109  1   0.0%   1.353 UA:5    +
   45    59  3   0.3%   1.016 GU:3    +
    4    43  3   0.0%   0.025 CG:1    UG:2    +
    1   107  3   0.3%   0.113 GC:3    +
    6    47  3   0.0%   0.193 UG:2    UA:1    +
   93   108  1   0.0%   1.491 UA:5    +
   50    86  3   0.0%   0.267 GU:1    AU:2    +
   95   111  1   0.0%   1.291 UA:5    +
   43    64  3   0.0%   1.015 GC:1    GU:2    +
   93   111  1   0.0%   0.836 UA:5    +
   95   112  1   0.0%   1.272 UA:5    +
    5   103  3   0.3%   0.187 AU:3    +
   47   103  3   0.0%   0.783 GU:2    AU:1    +
   90    95  1   0.0%   1.883 GU:5    +
   60    93  1   0.0%   0.540 AU:5    +
   95   102  1   0.0%   2.281 UA:5    +
   93   112  1   0.0%   0.817 UA:5    +
    4    21  3   0.0%   0.010 CG:1    UG:2    +
   86   106  3   0.0%   1.213 UG:2    UA:1    +
    4     8  3   0.0%   0.011 CG:1    UG:2    +
   41    45  3   0.0%   0.648 CG:1    UG:2    +
    6   106  3   0.0%   0.634 UG:2    UA:1    +
    4    99  3   0.0%   0.081 CG:1    UG:2    +
   64   101  3   0.0%   2.314 CG:1    UG:2    +
   45    64  3   0.0%   1.233 GC:1    GU:2    +
   80    95  1   0.0%   1.443 AU:5    +
    5    93  1   0.0%   0.096 AU:5    +
   93   110  1   0.0%   0.873 UA:5    +
   13   106  3   0.0%   1.001 UG:2    UA:1    +
   64    98  3   0.0%   2.003 CG:1    UG:2    +
   43    93  1   0.0%   1.068 GU:5    +
   33    93  1   0.0%   0.947 GU:5    +
    3    94  3   0.0%   0.104 AU:1    UA:2    +
   31    93  1   0.0%   0.762 AU:5    +
   88    95  1   0.0%   1.671 AU:5    +
   93   101  1   0.0%   2.024 UG:5    +
   93    98  1   0.0%   1.700 UG:5    +
   48    95  1   0.0%   0.900 AU:5    +
   93   109  1   0.0%   0.900 UA:5    +
   95   101  1   0.0%   2.475 UG:5    +
   29    95  1   0.0%   0.840 GU:5    +
   19    26  3   0.0%   0.013 GC:2    GU:1    +
   85    95  1   0.0%   1.795 AU:5    +
    5    95  1   0.0%   0.096 AU:5    +
   54    95  1   0.0%   0.714 AU:5    +
   93    97  1   0.0%   1.815 UA:5    +
    4    26  3   0.0%   0.013 GC:2    GU:1    +
   95   108  1   0.0%   1.935 UA:5    +
   95   135  1   0.0%   1.262 UA:5    +
   95   136  1   0.0%   1.263 UA:5    +
    4    61  3   0.0%   0.074 CG:1    UG:2    +
   28    95  3   0.0%   0.627 GU:2    UA:1    +
   95   134  1   0.0%   1.261 UA:5    +
   75    93  1   0.0%   1.611 AU:5    +
   95   137  1   0.0%   1.262 UA:5    +
    4    98  3   0.0%   0.081 CG:1    UG:2    +
   14    41  3   0.0%   0.724 GC:1    GU:2    +
   11    95  1   0.0%   0.342 AU:5    +
   95   138  1   0.0%   1.262 UA:5    +
   95   139  1   0.0%   1.261 UA:5    +
   95   131  1   0.0%   1.257 UA:4    --:1    +
   77   106  3   0.0%   1.429 UG:2    UA:1    +
   50    95  1   0.0%   0.457 AU:5    +
   32    95  1   0.0%   0.960 AU:5    +
   47   100  3   0.0%   0.905 GU:2    AU:1    +
   95   132  1   0.0%   1.257 UA:4    --:1    +
   95   133  1   0.0%   1.258 UA:4    --:1    +
   49    95  1   0.0%   0.467 AU:5    +
   54    93  1   0.0%   0.706 AU:5    +
   31    95  1   0.0%   0.768 AU:5    +
   30    93  1   0.0%   0.844 GU:5    +
   93   137  1   0.0%   0.808 UA:5    +
   85    93  1   0.0%   1.346 AU:5    +
   95   130  1   0.0%   1.257 UA:4    --:1    +
   93   136  1   0.0%   0.808 UA:5    +
   93   138  1   0.0%   0.808 UA:5    +
   88    93  1   0.0%   1.222 AU:5    +
   93   135  1   0.0%   0.808 UA:5    +
   40    95  1   0.0%   1.071 AU:5    +
   41   101  3   0.0%   0.352 CG:1    UG:2    +
   93   134  1   0.0%   0.807 UA:5    +
   49    93  1   0.0%   0.459 AU:5    +
   47    86  3   0.0%   0.896 GU:2    AU:1    +
    4    12  3   0.0%   0.008 CG:1    UG:2    +
   95   140  1   0.0%   1.258 UA:5    +
   59    99  3   0.2%   1.466 UG:3    +
   50    62  3   0.2%   0.436 AU:3    +
   43    56  3   0.2%   0.516 GU:3    +
   22    84  3   0.2%   0.296 CG:3    +
   19    87  3   0.2%   0.526 GU:3    +
   48   103  3   0.2%   0.632 AU:3    +
   52   109  3   0.2%   1.377 UA:3    +
   12    42  3   0.2%   0.541 GU:3    +
   71    88  3   0.2%   1.146 UA:3    +
   22    77  3   0.2%   0.196 CG:3    +
   53   108  3   0.2%   1.647 UA:3    +
   69    86  3   0.2%   0.345 AU:3    +
   19    35  3   0.2%   0.693 CG:3    +
    6    44  3   0.2%   0.176 AU:3    +
   44    59  3   0.2%   1.080 UA:3    +
   44    55  3   0.2%   0.814 UA:3    +
   26    80  2   0.1%   0.225 UA:4    +
   26    85  2   0.1%   0.335 UA:4    +
   50    55  3   0.2%   0.434 AU:3    +
   20    86  3   0.2%   0.745 UA:3    +
   42   109  3   0.2%   0.459 UA:3    +
    4   104  3   0.2%   0.196 GU:3    +
   80    86  3   0.2%   0.759 AU:3    +
   46    52  3   0.1%   0.643 UG:3    +
   78    88  3   0.1%   0.696 UA:3    +
   46    53  3   0.1%   0.596 UA:3    +
    1     8  3   0.1%   0.028 CG:3    +
   44    62  3   0.1%   1.371 UA:3    +
   26    32  2   0.1%   0.375 UA:4    +
    6    49  3   0.1%   0.533 UA:3    +
   20    83  3   0.1%   0.547 UA:3    +
   32    71  3   0.1%   0.884 AU:3    +
   51    56  3   0.1%   0.530 UA:3    +
   28    80  2   0.0%   0.276 UA:4    +
   13    40  3   0.1%   1.000 UA:3    +
   55    97  3   0.1%   0.796 UA:3    +
   24    85  3   0.1%   0.254 UA:3    +
  103   112  3   0.1%   1.279 UA:3    +
   52   108  3   0.1%   1.934 UA:3    +
    4     9  3   0.1%   0.027 GC:3    +
   77   107  3   0.1%   1.522 GC:3    +
   77    81  3   0.1%   0.453 GU:3    +
   11    26  2   0.0%   0.018 AU:4    +
   55    98  3   0.1%   0.761 UG:3    +
   28    85  2   0.0%   0.373 UA:4    +
   28   108  2   0.0%   0.331 UA:4    +
   52   106  3   0.1%   1.504 UA:3    +
   48    56  3   0.1%   0.795 AU:3    +
   81   103  3   0.1%   1.453 UA:3    +
   48    53  3   0.1%   0.800 AU:3    +
   48    83  3   0.1%   0.581 AU:3    +
   46    59  3   0.1%   0.956 UA:3    +
   50    56  3   0.1%   0.411 AU:3    +
   83   101  3   0.1%   1.760 UG:3    +
   47    52  3   0.1%   0.513 AU:3    +
   56    97  3   0.1%   0.784 UA:3    +
   47    56  3   0.1%   0.975 AU:3    +
   25    81  3   0.1%   0.166 AU:3    +
   42    92  3   0.1%   0.719 AU:3    +
   10    43  3   0.1%   0.841 UG:3    +
    3    44  2   0.0%   0.019 AU:4    +
    3     7  2   0.0%   0.013 AU:4    +
   47    84  3   0.1%   0.866 AU:3    +
   26    88  2   0.0%   0.475 UA:4    +
   71    83  3   0.1%   0.505 UA:3    +
   26    75  2   0.0%   0.014 UA:4    +
   10    88  3   0.1%   0.771 UA:3    +
   52    98  3   0.1%   0.638 UG:3    +
   52    79  3   0.1%   0.403 UG:3    +
    9    77  3   0.1%   0.717 CG:3    +
   12   103  3   0.1%   0.747 GU:3    +
  103   110  3   0.1%   1.326 UA:3    +
    3    92  2   0.0%   0.103 AU:4    +
    4    51  3   0.1%   0.160 GU:3    +
   28    40  2   0.0%   0.374 UA:4    +
    6    80  3   0.1%   0.554 UA:3    +
   52   133  2   0.0%   1.285 UA:3    --:1    +
   21    28  2   0.0%   0.011 GU:4    +
    3    82  2   0.0%   0.097 AU:4    +
   59   133  2   0.0%   1.075 UA:3    --:1    +
    5    26  2   0.0%   0.006 AU:4    +
   12    86  3   0.1%   0.367 GU:3    +
   56   133  2   0.0%   1.414 UA:3    --:1    +
   56   132  2   0.0%   1.413 UA:3    --:1    +
    3    96  2   0.0%   0.104 AU:4    +
   26   110  2   0.0%   0.286 UA:4    +
   42   130  2   0.0%   0.454 UA:3    --:1    +
   52   130  2   0.0%   1.284 UA:3    --:1    +
   55   133  2   0.0%   1.373 UA:3    --:1    +
    3    57  2   0.0%   0.096 AU:4    +
   52   131  2   0.0%   1.284 UA:3    --:1    +
   11    28  2   0.0%   0.012 AU:4    +
   52   132  2   0.0%   1.284 UA:3    --:1    +
   56   131  2   0.0%   1.413 UA:3    --:1    +
   26    31  2   0.0%   0.101 UA:4    +
   42   131  2   0.0%   0.454 UA:3    --:1    +
   26    97  2   0.0%   0.641 UA:4    +
   55   132  2   0.0%   1.371 UA:3    --:1    +
   59   131  2   0.0%   1.074 UA:3    --:1    +
   59   132  2   0.0%   1.074 UA:3    --:1    +
   59   130  2   0.0%   1.073 UA:3    --:1    +
   17    95  3   0.1%   1.191 AU:3    +
   42   132  2   0.0%   0.454 UA:3    --:1    +
   28    33  2   0.0%   0.558 UG:4    +
   10   133  2   0.0%   1.134 UA:3    --:1    +
   42   133  2   0.0%   0.455 UA:3    --:1    +
   10   132  2   0.0%   1.133 UA:3    --:1    +
   10   131  2   0.0%   1.133 UA:3    --:1    +
   10   130  2   0.0%   1.132 UA:3    --:1    +
    3    39  2   0.0%   0.008 AU:4    +
   28    88  2   0.0%   0.449 UA:4    +
   26    40  2   0.0%   0.382 UA:4    +
   28   109  2   0.0%   0.309 UA:4    +
   55   131  2   0.0%   1.371 UA:3    --:1    +
   56   130  2   0.0%   1.412 UA:3    --:1    +
   26   111  2   0.0%   0.285 UA:4    +
   55   130  2   0.0%   1.371 UA:3    --:1    +
   28    32  2   0.0%   0.363 UA:4    +
   28    54  2   0.0%   0.005 UA:4    +
   42    54  3   0.1%   0.242 UA:3    +
    4    82  3   0.1%   0.092 GU:3    +
   61   103  3   0.1%   1.774 AU:3    +
   45    86  3   0.1%   1.105 GU:3    +
   12    19  3   0.1%   0.019 GC:3    +
   24    84  3   0.1%   0.249 CG:3    +
   13    85  3   0.1%   0.643 UA:3    +
   53    78  3   0.1%   0.552 AU:3    +
   20    84  3   0.1%   0.544 UG:3    +
   25    83  3   0.1%   0.181 AU:3    +
   15    83  3   0.1%   0.340 AU:3    +
   99   107  3   0.1%   1.531 GC:3    +
   52   110  3   0.1%   1.350 UA:3    +
   56    96  3   0.1%   0.776 AU:3    +
   13   102  3   0.1%   1.037 UA:3    +
   53    97  3   0.1%   0.757 UA:3    +
   51   100  3   0.1%   0.412 UA:3    +
  103   111  3   0.1%   1.285 UA:3    +
   86    98  3   0.1%   1.470 UG:3    +
   54    77  3   0.1%   0.558 AU:3    +
    6    45  3   0.1%   0.157 UG:3    +
   83    87  3   0.1%   0.975 AU:3    +
    5   100  3   0.1%   0.111 AU:3    +
   49    55  3   0.1%   0.414 AU:3    +
   10    76  3   0.1%   0.762 AU:3    +
   53   109  3   0.1%   1.061 UA:3    +
   21    86  3   0.1%   0.235 GU:3    +
   17    81  3   0.1%   0.514 AU:3    +
   14    84  3   0.1%   0.638 GU:3    +
   48    55  3   0.1%   0.837 AU:3    +
   41    57  3   0.1%   0.162 AU:3    +
   23    84  3   0.1%   0.304 CG:3    +
   92   100  3   0.1%   1.822 UA:3    +
   25    33  3   0.1%   0.572 CG:3    +
   24    80  3   0.1%   0.140 UA:3    +
   30    77  3   0.1%   0.680 GU:3    +
   15   100  3   0.1%   0.889 AU:3    +
   49    59  3   0.1%   0.231 AU:3    +
   24    34  3   0.1%   0.087 UA:3    +
   42   112  3   0.1%   0.462 UA:3    +
   43    53  3   0.1%   0.471 GU:3    +
   98   103  3   0.1%   2.151 GU:3    +
   48    59  3   0.1%   0.660 AU:3    +
   13    22  3   0.1%   0.024 GC:3    +
   13    18  3   0.1%   0.012 UA:3    +
   21    83  3   0.0%   0.070 GU:3    +
    6   104  3   0.0%   0.717 AU:3    +
   55    76  3   0.0%   0.639 AU:3    +
   52    99  3   0.0%   0.338 UG:3    +
   29    83  3   0.0%   0.509 GU:3    +
   81    86  3   0.0%   0.768 UA:3    +
   52   111  3   0.0%   1.317 UA:3    +
   77    87  3   0.0%   1.209 GU:3    +
   62    69  3   0.0%   0.371 UA:3    +
   62   102  3   0.0%   1.816 UA:3    +
   11    24  3   0.0%   0.018 AU:3    +
   78    86  3   0.0%   0.790 UA:3    +
   31    77  3   0.0%   0.603 AU:3    +
   30    83  3   0.0%   0.524 GU:3    +
   45    52  3   0.0%   0.668 GU:3    +
   53   110  3   0.0%   1.036 UA:3    +
   51    55  3   0.0%   0.538 UA:3    +
   41    93  3   0.0%   0.573 AU:3    +
   56    75  3   0.0%   0.603 UA:3    +
   52   104  3   0.0%   1.692 GU:3    +
   44    53  3   0.0%   0.744 UA:3    +
   10    20  3   0.0%   0.016 AU:3    +
   61    67  3   0.0%   0.394 GC:3    +
    5    56  3   0.0%   0.094 AU:3    +
    9   105  3   0.0%   1.110 CG:3    +
    5    52  3   0.0%   0.167 AU:3    +
    1     9  3   0.0%   0.018 GC:3    +
   64    91  3   0.0%   0.806 GC:3    +
   59    69  3   0.0%   0.180 UA:3    +
   56    76  3   0.0%   0.621 AU:3    +
    5    53  3   0.0%   0.092 AU:3    +
   49    53  3   0.0%   0.370 AU:3    +
   60    71  3   0.0%   0.476 AU:3    +
   44    52  3   0.0%   0.822 UG:3    +
   54    78  3   0.0%   0.518 AU:3    +
   10    34  3   0.0%   0.021 UA:3    +
   23    79  3   0.0%   0.211 CG:3    +
   43    52  3   0.0%   0.547 GU:3    +
  100   109  3   0.0%   1.357 UA:3    +
   71    80  3   0.0%   0.581 UA:3    +
    8    53  3   0.0%   0.762 GU:3    +
   83    88  3   0.0%   0.960 UA:3    +
   13    24  3   0.0%   0.025 GU:3    +
   12    25  3   0.0%   0.023 GC:3    +
    6    99  3   0.0%   0.550 UA:3    +
   40    59  3   0.0%   0.404 AU:3    +
    9    52  3   0.0%   0.787 CG:3    +
   18    86  3   0.0%   0.026 AU:3    +
    7   103  3   0.0%   0.867 UA:3    +
   79    84  3   0.0%   0.964 GU:3    +
   25    82  3   0.0%   0.167 AU:3    +
    6   110  3   0.0%   0.689 UA:3    +
    5    24  3   0.0%   0.007 AU:3    +
   40    56  3   0.0%   0.401 AU:3    +
   13    23  3   0.0%   0.018 GC:3    +
   24    32  3   0.0%   0.421 UA:3    +
   53    79  3   0.0%   0.478 UA:3    +
    3    26  3   0.0%   0.012 AU:3    +
   19    81  3   0.0%   0.383 GU:3    +
   19    92  3   0.0%   0.831 GU:3    +
    4    57  3   0.0%   0.078 GU:3    +
   29    84  3   0.0%   0.609 GU:3    +
    4   107  3   0.0%   0.181 GC:3    +
   31    83  3   0.0%   0.442 AU:3    +
   92   103  3   0.0%   1.891 UA:3    +
   56   104  3   0.0%   2.553 AU:3    +
   22    79  3   0.0%   0.185 CG:3    +
   78    85  3   0.0%   0.804 UA:3    +
    6   111  3   0.0%   0.690 UA:3    +
    6   112  3   0.0%   0.692 UA:3    +
   53    63  3   0.0%   0.691 UA:3    +
    6   139  3   0.0%   0.701 UA:3    +
    6   138  3   0.0%   0.699 UA:3    +
    6   137  3   0.0%   0.698 UA:3    +
    6   136  3   0.0%   0.696 UA:3    +
    6   135  3   0.0%   0.694 UA:3    +
   88   100  3   0.0%   1.596 AU:3    +
   54    62  3   0.0%   0.682 AU:3    +
   61   100  3   0.0%   1.694 AU:3    +
   10    25  3   0.0%   0.016 UA:3    +
    6    51  3   0.0%   0.631 AU:3    +
   38    61  3   0.0%   0.616 CG:3    +
   10   104  3   0.0%   1.208 AU:3    +
   57   103  3   0.0%   2.478 UA:3    +
   64    96  3   0.0%   2.388 GU:3    +
   55    81  3   0.0%   0.443 AU:3    +
    1    51  3   0.0%   0.019 GU:3    +
   56    80  3   0.0%   0.409 UA:3    +
   45    62  3   0.0%   1.245 GU:3    +
  103   109  3   0.0%   1.341 UA:3    +
   62    92  3   0.0%   0.730 AU:3    +
   43    62  3   0.0%   1.016 GU:3    +
   17    98  3   0.0%   1.133 CG:3    +
   69    84  3   0.0%   0.271 AU:3    +
    6   134  3   0.0%   0.692 UA:3    +
   59   102  3   0.0%   2.089 UA:3    +
   53    60  3   0.0%   0.521 UA:3    +
   62    66  3   0.0%   0.685 UG:3    +
   70    83  3   0.0%   0.473 UA:3    +
  103   135  3   0.0%   1.257 UA:3    +
   30    84  3   0.0%   0.621 GU:3    +
   53    98  3   0.0%   0.712 UG:3    +
   70    84  3   0.0%   0.568 UG:3    +
    5    42  3   0.0%   0.014 AU:3    +
    6   140  3   0.0%   0.701 UA:3    +
   18    36  3   0.0%   0.621 GC:3    +
   19    70  3   0.0%   0.370 GU:3    +
   83   108  3   0.0%   1.221 UA:3    +
   84   107  3   0.0%   1.436 GC:3    +
   86   102  3   0.0%   1.594 UA:3    +
    8    17  3   0.0%   0.013 GC:3    +
    4    46  3   0.0%   0.100 GU:3    +
   19    90  3   0.0%   0.735 CG:3    +
   19    76  3   0.0%   0.371 GU:3    +
   33   103  3   0.0%   0.648 GU:3    +
   55   106  3   0.0%   2.012 UA:3    +
    9    16  3   0.0%   0.014 CG:3    +
   48    86  3   0.0%   0.709 AU:3    +
   55    61  3   0.0%   0.449 UG:3    +
   80   103  3   0.0%   1.421 AU:3    +
  103   134  3   0.0%   1.254 UA:3    +
   52    61  3   0.0%   0.343 UG:3    +
    6    19  3   0.0%   0.003 UG:3    +
    6    32  3   0.0%   0.004 UA:3    +
   25    76  3   0.0%   0.021 AU:3    +
   69    78  3   0.0%   0.196 AU:3    +
   13    99  3   0.0%   1.006 UA:3    +
   68    83  3   0.0%   0.381 UA:3    +
   62    99  3   0.0%   1.507 UG:3    +
   32    77  3   0.0%   0.798 AU:3    +
   56    63  3   0.0%   0.696 UA:3    +
  103   136  3   0.0%   1.257 UA:3    +
   85   103  3   0.0%   1.781 AU:3    +
   52    80  3   0.0%   0.325 UA:3    +
    1     7  3   0.0%   0.002 GU:3    +
   54    59  3   0.0%   0.495 AU:3    +
   31    78  3   0.0%   0.558 AU:3    +
   62    71  3   0.0%   0.669 AU:3    +
   71    77  3   0.0%   0.537 CG:3    +
   47    65  3   0.0%   1.031 AU:3    +
   17    92  3   0.0%   1.080 AU:3    +
   84    99  3   0.0%   1.426 UG:3    +
  103   137  3   0.0%   1.257 UA:3    +
   65    90  3   0.0%   0.790 UG:3    +
   18    77  3   0.0%   0.016 AU:3    +
   18    83  3   0.0%   0.026 GU:3    +
    1    43  3   0.0%   0.016 CG:3    +
   52   135  3   0.0%   1.290 UA:3    +
   69    77  3   0.0%   0.239 AU:3    +
  103   138  3   0.0%   1.257 UA:3    +
   52   136  3   0.0%   1.291 UA:3    +
   80    84  3   0.0%   0.894 AU:3    +
   11   103  3   0.0%   0.716 AU:3    +
   18    84  3   0.0%   0.025 GU:3    +
    8   103  3   0.0%   0.845 GU:3    +
  100   110  3   0.0%   1.325 UA:3    +
  100   112  3   0.0%   1.263 UA:3    +
  103   139  3   0.0%   1.257 UA:3    +
   37    62  3   0.0%   0.613 UA:3    +
   17    87  3   0.0%   0.508 AU:3    +
   53   134  3   0.0%   0.970 UA:3    +
   10    15  3   0.0%   0.008 UA:3    +
   59    71  3   0.0%   0.478 AU:3    +
   16    38  3   0.0%   0.923 GC:3    +
    4    44  3   0.0%   0.024 GU:3    +
   84   104  3   0.0%   1.866 GU:3    +
  100   111  3   0.0%   1.282 UA:3    +
   18    78  3   0.0%   0.017 GU:3    +
   55   108  3   0.0%   2.050 UA:3    +
   68    77  3   0.0%   0.549 UG:3    +
   53   135  3   0.0%   0.971 UA:3    +
    1   101  3   0.0%   0.065 CG:3    +
    1   104  3   0.0%   0.066 GU:3    +
   19    91  3   0.0%   0.744 GC:3    +
   25    30  3   0.0%   0.180 CG:3    +
   52    63  3   0.0%   0.611 UA:3    +
   10    39  3   0.0%   0.018 AU:3    +
   77    91  3   0.0%   1.436 GC:3    +
   39    62  3   0.0%   0.622 UA:3    +
   25    29  3   0.0%   0.189 CG:3    +
   57    62  3   0.0%   0.657 UA:3    +
   42    50  3   0.0%   0.201 UA:3    +
    1    94  3   0.0%   0.064 GC:3    +
   52   138  3   0.0%   1.291 UA:3    +
   54    65  3   0.0%   0.653 AU:3    +
   53   111  3   0.0%   0.996 UA:3    +
   52   137  3   0.0%   1.291 UA:3    +
   52   112  3   0.0%   1.295 UA:3    +
   19    30  3   0.0%   0.010 CG:3    +
   42    49  3   0.0%   0.205 UA:3    +
   24    77  3   0.0%   0.088 UG:3    +
   10    51  3   0.0%   0.848 AU:3    +
   17    83  3   0.0%   0.512 AU:3    +
   51    59  3   0.0%   0.304 UA:3    +
   79    86  3   0.0%   0.801 AU:3    +
   76   103  3   0.0%   2.038 UA:3    +
   53   112  3   0.0%   0.977 UA:3    +
   17    21  3   0.0%   0.011 CG:3    +
   70    77  3   0.0%   0.524 UG:3    +
   39    59  3   0.0%   0.619 UA:3    +
   19    79  3   0.0%   0.372 CG:3    +
   18    91  3   0.0%   0.313 GC:3    +
   67    77  3   0.0%   0.555 CG:3    +
   29    77  3   0.0%   0.662 GU:3    +
   77   102  3   0.0%   1.809 UA:3    +
   16    22  3   0.0%   0.016 GC:3    +
   24    31  3   0.0%   0.154 UA:3    +
   62    75  3   0.0%   0.593 UA:3    +
    1    57  3   0.0%   0.063 GU:3    +
   41    51  3   0.0%   0.212 AU:3    +
    6    24  3   0.0%   0.004 AU:3    +
   12   100  3   0.0%   0.858 GU:3    +
   31    37  3   0.0%   0.706 AU:3    +
   53   137  3   0.0%   0.972 UA:3    +
   69    83  3   0.0%   0.175 AU:3    +
   12    17  3   0.0%   0.002 GC:3    +
   64    71  3   0.0%   0.638 GC:3    +
   53   136  3   0.0%   0.972 UA:3    +
   17    82  3   0.0%   0.512 AU:3    +
   45   103  3   0.0%   0.983 GU:3    +
  103   108  3   0.0%   1.995 UA:3    +
   24    86  3   0.0%   0.249 UA:3    +
   65    70  3   0.0%   0.621 AU:3    +
  103   140  3   0.0%   1.254 UA:3    +
    1    55  3   0.0%   0.062 GU:3    +
   42    48  3   0.0%   0.511 UA:3    +
    7    55  3   0.0%   0.656 UA:3    +
   24    75  3   0.0%   0.068 UA:3    +
   46   103  3   0.0%   0.965 UA:3    +
   49   100  3   0.0%   0.282 AU:3    +
   82    86  3   0.0%   1.011 UA:3    +
   56    60  3   0.0%   0.528 UA:3    +
   34   103  3   0.0%   0.402 AU:3    +
   23    77  3   0.0%   0.205 CG:3    +
   52   139  3   0.0%   1.291 UA:3    +
   56   110  3   0.0%   1.481 UA:3    +
   33    77  3   0.0%   0.793 GU:3    +
  100   104  3   0.0%   2.330 AU:3    +
   55    75  3   0.0%   0.616 UA:3    +
   56   111  3   0.0%   1.444 UA:3    +
   49    83  3   0.0%   0.141 AU:3    +
   60    77  3   0.0%   0.392 AU:3    +
   50    59  3   0.0%   0.202 AU:3    +
   62    70  3   0.0%   0.653 AU:3    +
   47    62  3   0.0%   1.041 AU:3    +
   78    97  3   0.0%   1.283 UA:3    +
   10    21  3   0.0%   0.019 UG:3    +
   51    65  3   0.0%   0.506 UA:3    +
   56   135  3   0.0%   1.418 UA:3    +
   75   100  3   0.0%   1.966 AU:3    +
   99   103  3   0.0%   1.959 AU:3    +
   84    88  3   0.0%   1.137 UA:3    +
   97   103  3   0.0%   2.252 AU:3    +
    4    71  3   0.0%   0.075 GU:3    +
   83   109  3   0.0%   0.630 UA:3    +
   70   103  3   0.0%   1.874 UA:3    +
    9    99  3   0.0%   1.037 CG:3    +
   53   138  3   0.0%   0.972 UA:3    +
    6    69  3   0.0%   0.536 UA:3    +
   71   102  3   0.0%   1.750 UA:3    +
    5    55  3   0.0%   0.087 AU:3    +
   56   112  3   0.0%   1.425 UA:3    +
    6    54  3   0.0%   0.532 UA:3    +
   17    78  3   0.0%   0.501 AU:3    +
   77    88  3   0.0%   1.190 UA:3    +
   56    71  3   0.0%   0.672 AU:3    +
   19    82  3   0.0%   0.382 GU:3    +
    1    98  3   0.0%   0.064 CG:3    +
   77    98  3   0.0%   1.687 UG:3    +
   56   109  3   0.0%   1.507 UA:3    +
   53    61  3   0.0%   0.418 UA:3    +
   52    97  3   0.0%   0.663 UA:3    +
   51    62  3   0.0%   0.532 UA:3    +
   52    96  3   0.0%   0.674 GU:3    +
    1    45  3   0.0%   0.015 CG:3    +
    6    92  3   0.0%   0.543 AU:3    +
   79   100  3   0.0%   1.414 AU:3    +
   52    57  3   0.0%   0.563 GU:3    +
   56   136  3   0.0%   1.419 UA:3    +
   59   109  3   0.0%   1.169 UA:3    +
    1    46  3   0.0%   0.015 GU:3    +
  100   134  3   0.0%   1.251 UA:3    +
   25    44  3   0.0%   0.693 AU:3    +
   32    78  3   0.0%   0.754 AU:3    +
   84    97  3   0.0%   1.719 UA:3    +
   59   108  3   0.0%   1.752 UA:3    +
  100   137  3   0.0%   1.252 UA:3    +
   71    75  3   0.0%   0.543 UA:3    +
  100   138  3   0.0%   1.252 UA:3    +
   42    63  3   0.0%   0.663 UA:3    +
   19    25  3   0.0%   0.014 GC:3    +
  100   136  3   0.0%   1.252 UA:3    +
   83    96  3   0.0%   1.810 AU:3    +
   53    66  3   0.0%   0.689 UG:3    +
   56   137  3   0.0%   1.419 UA:3    +
  100   135  3   0.0%   1.252 UA:3    +
   37    42  3   0.0%   0.796 UA:3    +
   65   108  3   0.0%   1.251 UA:3    +
   71   110  3   0.0%   0.795 UA:3    +
   10    29  3   0.0%   0.015 UG:3    +
    1    44  3   0.0%   0.015 GU:3    +
   56   138  3   0.0%   1.418 UA:3    +
    7    53  3   0.0%   0.652 UA:3    +
  100   139  3   0.0%   1.251 UA:3    +
    1    10  3   0.0%   0.013 GU:3    +
   78   105  3   0.0%   0.386 UG:3    +
   59   111  3   0.0%   1.105 UA:3    +
   35   103  3   0.0%   0.718 GU:3    +
   52    67  3   0.0%   0.613 GC:3    +
    6    40  3   0.0%   0.003 UA:3    +
   59   110  3   0.0%   1.143 UA:3    +
   19    36  3   0.0%   0.976 GC:3    +
   56    70  3   0.0%   0.657 AU:3    +
   13    98  3   0.0%   1.309 UG:3    +
   59    68  3   0.0%   0.487 AU:3    +
   65    79  3   0.0%   0.434 UG:3    +
   52   134  3   0.0%   1.287 UA:3    +
    1    56  3   0.0%   0.062 GU:3    +
   55   136  3   0.0%   1.377 UA:3    +
   16    83  3   0.0%   0.330 GU:3    +
   40    55  3   0.0%   0.397 AU:3    +
   59    75  3   0.0%   0.405 UA:3    +
   96   103  3   0.0%   2.519 UA:3    +
   55   110  3   0.0%   1.440 UA:3    +
    5    10  3   0.0%   0.006 AU:3    +
   51    64  3   0.0%   0.506 UG:3    +
   56   139  3   0.0%   1.418 UA:3    +
   61   107  3   0.0%   1.280 GC:3    +
   84    91  3   0.0%   1.354 GC:3    +
   55   111  3   0.0%   1.402 UA:3    +
    6   108  3   0.0%   0.634 UA:3    +
   63    71  3   0.0%   0.640 AU:3    +
    1    29  3   0.0%   0.014 CG:3    +
   19    38  3   0.0%   0.972 GC:3    +
   53    96  3   0.0%   0.752 AU:3    +
   60    78  3   0.0%   0.349 AU:3    +
   59   134  3   0.0%   1.078 UA:3    +
   55   112  3   0.0%   1.383 UA:3    +
   68    84  3   0.0%   0.473 UG:3    +
   56   134  3   0.0%   1.417 UA:3    +
   63   100  3   0.0%   1.997 AU:3    +
   42    68  3   0.0%   0.657 AU:3    +
    1    96  3   0.0%   0.063 GU:3    +
   25    42  3   0.0%   0.197 AU:3    +
   83    98  3   0.0%   1.426 UG:3    +
   42    71  3   0.0%   0.644 AU:3    +
   84   108  3   0.0%   1.398 UA:3    +
   14    83  3   0.0%   0.626 GU:3    +
   10    98  3   0.0%   1.389 UG:3    +
   59   135  3   0.0%   1.079 UA:3    +
   32    83  3   0.0%   0.632 AU:3    +
   35   100  3   0.0%   0.843 GU:3    +
   48   100  3   0.0%   0.715 AU:3    +
   49    71  3   0.0%   0.383 AU:3    +
   56   106  3   0.0%   2.052 UA:3    +
   59   136  3   0.0%   1.079 UA:3    +
   53    57  3   0.0%   0.639 AU:3    +
   61    77  3   0.0%   0.292 AU:3    +
    6    70  3   0.0%   0.537 AU:3    +
   55   109  3   0.0%   1.466 UA:3    +
   41    46  3   0.0%   0.602 AU:3    +
   83    92  3   0.0%   1.177 AU:3    +
    1    59  3   0.0%   0.062 GU:3    +
   18    23  3   0.0%   0.014 GC:3    +
   19    24  3   0.0%   0.018 GC:3    +
   18    65  3   0.0%   0.007 GU:3    +
   83    97  3   0.0%   1.540 UA:3    +
   84    96  3   0.0%   1.989 GU:3    +
   55    96  3   0.0%   0.782 AU:3    +
   49    62  3   0.0%   0.418 AU:3    +
   55    63  3   0.0%   0.716 UA:3    +
   24   100  3   0.0%   0.500 UA:3    +
   59   137  3   0.0%   1.079 UA:3    +
   55   134  3   0.0%   1.375 UA:3    +
   71   109  3   0.0%   0.820 UA:3    +
    1    12  3   0.0%   0.013 CG:3    +
   59    79  3   0.0%   0.281 UG:3    +
   11   100  3   0.0%   0.843 AU:3    +
   55   135  3   0.0%   1.376 UA:3    +
   50    84  3   0.0%   0.226 AU:3    +
   55   137  3   0.0%   1.377 UA:3    +
   17    66  3   0.0%   0.495 CG:3    +
    4    96  3   0.0%   0.081 GU:3    +
   32   103  3   0.0%   0.653 AU:3    +
   56    81  3   0.0%   0.420 AU:3    +
   86    97  3   0.0%   1.569 UA:3    +
   20    25  3   0.0%   0.018 UA:3    +
   16    67  3   0.0%   0.313 GC:3    +
    5    71  3   0.0%   0.089 AU:3    +
   10   106  3   0.0%   1.132 UA:3    +
   42    47  3   0.0%   0.542 UA:3    +
   90   103  3   0.0%   1.867 GU:3    +
   78   108  3   0.0%   0.961 UA:3    +
   77   109  3   0.0%   0.887 UA:3    +
   55    60  3   0.0%   0.548 UA:3    +
   19    78  3   0.0%   0.372 GC:3    +
   14   100  3   0.0%   1.176 GU:3    +
   46    62  3   0.0%   1.222 UA:3    +
   64    70  3   0.0%   0.623 GU:3    +
   40    52  3   0.0%   0.460 AU:3    +
   34    77  3   0.0%   0.551 AU:3    +
   42    46  3   0.0%   0.677 AU:3    +
   21    62  3   0.0%   0.012 GU:3    +
   51    83  3   0.0%   0.241 UA:3    +
   19    29  3   0.0%   0.010 CG:3    +
   81   100  3   0.0%   1.361 UA:3    +
   83   106  3   0.0%   1.185 UA:3    +
   55    82  3   0.0%   0.445 AU:3    +
   56    61  3   0.0%   0.426 UG:3    +
   55   138  3   0.0%   1.376 UA:3    +
   79   107  3   0.0%   1.002 GC:3    +
   54    83  3   0.0%   0.390 AU:3    +
   12    84  3   0.0%   0.354 GU:3    +
   18    22  3   0.0%   0.019 GC:3    +
   26    41  3   0.0%   0.119 UA:3    +
   83   110  3   0.0%   0.604 UA:3    +
   77    90  3   0.0%   1.427 UG:3    +
   83    90  3   0.0%   1.168 UG:3    +
   55   139  3   0.0%   1.376 UA:3    +
   56   108  3   0.0%   2.090 UA:3    +
   34    71  3   0.0%   0.637 AU:3    +
   86    99  3   0.0%   1.280 UA:3    +
   55    71  3   0.0%   0.693 AU:3    +
   31    84  3   0.0%   0.537 AU:3    +
   16    53  3   0.0%   0.320 AU:3    +
   65    97  3   0.0%   1.587 UA:3    +
   48    84  3   0.0%   0.670 AU:3    +
   25    98  3   0.0%   0.592 CG:3    +
   62   101  3   0.0%   1.997 UG:3    +
   36    77  3   0.0%   1.157 CG:3    +
    4    23  3   0.0%   0.009 GC:3    +
   17    96  3   0.0%   1.185 AU:3    +
   59   104  3   0.0%   2.208 AU:3    +
   96   100  3   0.0%   2.456 UA:3    +
   83   104  3   0.0%   1.687 AU:3    +
   45    65  3   0.0%   1.232 GU:3    +
   88   103  3   0.0%   1.663 AU:3    +
   62   106  3   0.0%   1.433 UA:3    +
   19    23  3   0.0%   0.016 GC:3    +
   13    38  3   0.0%   0.613 GC:3    +
   42    82  3   0.0%   0.379 AU:3    +
   20    77  3   0.0%   0.503 UG:3    +
   68    86  3   0.0%   0.513 UA:3    +
   37    64  3   0.0%   0.612 CG:3    +
   65    71  3   0.0%   0.635 AU:3    +
  100   140  3   0.0%   1.248 UA:3    +
   65    96  3   0.0%   1.857 AU:3    +
   16    84  3   0.0%   0.328 GU:3    +
   62    76  3   0.0%   0.606 AU:3    +
   50    65  3   0.0%   0.395 AU:3    +
   77   111  3   0.0%   0.823 UA:3    +
   52    68  3   0.0%   0.603 GU:3    +
   59   138  3   0.0%   1.079 UA:3    +
   40    84  3   0.0%   0.840 AU:3    +
   71   111  3   0.0%   0.757 UA:3    +
    6    61  3   0.0%   0.536 UA:3    +
   56   140  3   0.0%   1.415 UA:3    +
   13   101  3   0.0%   1.138 UG:3    +
   15    84  3   0.0%   0.332 AU:3    +
   39    56  3   0.0%   0.621 UA:3    +
    4    24  3   0.0%   0.009 GC:3    +
   43   100  3   0.0%   0.890 GU:3    +
   62    68  3   0.0%   0.676 AU:3    +
   13    21  3   0.0%   0.013 UG:3    +
   16   103  3   0.0%   0.709 AU:3    +
   17    70  3   0.0%   0.498 AU:3    +
    3    24  3   0.0%   0.006 AU:3    +
   78   110  3   0.0%   0.344 UA:3    +
   14    19  3   0.0%   0.008 GC:3    +
   19    98  3   0.0%   0.789 CG:3    +
   15    71  3   0.0%   0.321 AU:3    +
    6    98  3   0.0%   0.543 UG:3    +
   52    85  3   0.0%   0.420 UA:3    +
   22    61  3   0.0%   0.150 CG:3    +
   95   105  3   0.0%   1.363 UG:3    +
   84    90  3   0.0%   1.347 UG:3    +
   60   103  3   0.0%   2.007 AU:3    +
   48    77  3   0.0%   0.730 AU:3    +
    6    12  3   0.0%   0.000 UG:3    +
   10   134  3   0.0%   1.136 UA:3    +
   55   140  3   0.0%   1.373 UA:3    +
   10   135  3   0.0%   1.136 UA:3    +
   18    24  3   0.0%   0.015 GU:3    +
   43   103  3   0.0%   0.764 GU:3    +
   10   101  3   0.0%   1.267 UG:3    +
   44    65  3   0.0%   1.352 UA:3    +
   56    85  3   0.0%   0.502 UA:3    +
   29    86  3   0.0%   0.646 GU:3    +
   62    82  3   0.0%   0.409 AU:3    +
   65    69  3   0.0%   0.335 UA:3    +
    5    62  3   0.0%   0.088 AU:3    +
   18    38  3   0.0%   0.617 GC:3    +
   10   136  3   0.0%   1.136 UA:3    +
   46   100  3   0.0%   1.088 UA:3    +
    4    38  3   0.0%   0.012 GC:3    +
    6    76  3   0.0%   0.536 AU:3    +
   10   109  3   0.0%   1.183 UA:3    +
   42   134  3   0.0%   0.457 UA:3    +
   48    62  3   0.0%   0.851 AU:3    +
   53   139  3   0.0%   0.971 UA:3    +
   13    43  3   0.0%   1.040 UG:3    +
   13    71  3   0.0%   0.622 GC:3    +
   13    75  3   0.0%   0.626 UA:3    +
   53    88  3   0.0%   0.568 UA:3    +
   59    63  3   0.0%   0.498 UA:3    +
   19    37  3   0.0%   0.972 GU:3    +
   90   100  3   0.0%   1.797 GU:3    +
   52    78  3   0.0%   0.460 GC:3    +
   21    77  3   0.0%   0.021 GU:3    +
    5    77  3   0.0%   0.089 AU:3    +
    1    42  3   0.0%   0.014 GU:3    +
   42    88  3   0.0%   0.535 UA:3    +
   10   137  3   0.0%   1.136 UA:3    +
    6    11  3   0.0%   0.000 UA:3    +
    4    91  3   0.0%   0.080 GC:3    +
   24    97  3   0.0%   0.669 UA:3    +
   10   111  3   0.0%   1.136 UA:3    +
    5    59  3   0.0%   0.090 AU:3    +
   10   110  3   0.0%   1.136 UA:3    +
   60    65  3   0.0%   0.487 AU:3    +
    4    78  3   0.0%   0.074 GC:3    +
   10   112  3   0.0%   1.134 UA:3    +
   42    69  3   0.0%   0.342 UA:3    +
   10   138  3   0.0%   1.136 UA:3    +
   77   110  3   0.0%   0.861 UA:3    +
   10   139  3   0.0%   1.136 UA:3    +
   71   112  3   0.0%   0.737 UA:3    +
   86   104  3   0.0%   1.715 AU:3    +
   18   100  3   0.0%   0.275 AU:3    +
   19    99  3   0.0%   0.483 CG:3    +
   59   106  3   0.0%   1.718 UA:3    +
   42   135  3   0.0%   0.457 UA:3    +
   62    80  3   0.0%   0.393 UA:3    +
   10    99  3   0.0%   1.084 UG:3    +
   10    45  3   0.0%   1.283 UG:3    +
   34    78  3   0.0%   0.508 AU:3    +
   78   109  3   0.0%   0.370 UA:3    +
    6    26  3   0.0%   0.004 AU:3    +
   21    25  3   0.0%   0.016 GC:3    +
   10   102  3   0.0%   1.150 UA:3    +
   57    65  3   0.0%   0.629 UA:3    +
    4    92  3   0.0%   0.081 GU:3    +
   46    86  3   0.0%   1.078 UA:3    +
   77   112  3   0.0%   0.803 UA:3    +
    4    81  3   0.0%   0.074 GU:3    +
   13   108  3   0.0%   1.069 UA:3    +
   42    70  3   0.0%   0.629 AU:3    +
   17   101  3   0.0%   0.958 CG:3    +
   61    83  3   0.0%   0.122 GU:3    +
   41   104  3   0.0%   0.296 AU:3    +
   22    99  3   0.0%   0.376 CG:3    +
    7    25  3   0.0%   0.014 UA:3    +
   51    86  3   0.0%   0.376 UA:3    +
    7    52  3   0.0%   0.731 UG:3    +
   87   100  3   0.0%   1.605 UA:3    +
   41    70  3   0.0%   0.485 AU:3    +
   78   111  3   0.0%   0.306 UA:3    +
   61    78  3   0.0%   0.249 GU:3    +
   17    30  3   0.0%   0.002 CG:3    +
   59    70  3   0.0%   0.461 AU:3    +
   41    78  3   0.0%   0.370 AU:3    +
   67    84  3   0.0%   0.478 CG:3    +
   45    84  3   0.0%   1.050 GU:3    +
   52   140  3   0.0%   1.288 UA:3    +
   46    64  3   0.0%   1.211 UG:3    +
   10    96  3   0.0%   0.759 AU:3    +
   64   104  3   0.0%   2.248 GU:3    +
   43    86  3   0.0%   0.869 GU:3    +
   42   136  3   0.0%   0.457 UA:3    +
   80   100  3   0.0%   1.348 AU:3    +
   87   103  3   0.0%   1.677 UA:3    +
   25    96  3   0.0%   0.647 AU:3    +
   91   105  3   0.0%   0.787 CG:3    +
   91    99  3   0.0%   1.385 CG:3    +
   33    86  3   0.0%   0.759 GU:3    +
   84   109  3   0.0%   0.807 UA:3    +
   32    86  3   0.0%   0.766 AU:3    +
    9    61  3   0.0%   0.698 CG:3    +
   17    39  3   0.0%   1.098 AU:3    +
   24    99  3   0.0%   0.320 UG:3    +
   15    24  3   0.0%   0.013 AU:3    +
   61    86  3   0.0%   0.255 AU:3    +
   49    86  3   0.0%   0.274 AU:3    +
   16    23  3   0.0%   0.010 GC:3    +
   33    83  3   0.0%   0.625 GU:3    +
   13    35  3   0.0%   0.016 UG:3    +
   55    80  3   0.0%   0.427 UA:3    +
   62    85  3   0.0%   0.487 UA:3    +
   64   107  3   0.0%   1.816 GC:3    +
   52    82  3   0.0%   0.340 GU:3    +
    1    30  3   0.0%   0.014 CG:3    +
   17    29  3   0.0%   0.004 CG:3    +
   57    64  3   0.0%   0.632 UG:3    +
    9    13  3   0.0%   0.011 CG:3    +
   14    25  3   0.0%   0.011 GC:3    +
   85   100  3   0.0%   1.708 AU:3    +
   46    83  3   0.0%   0.932 UA:3    +
   65    75  3   0.0%   0.558 UA:3    +
    8    62  3   0.0%   0.753 GU:3    +
    9    18  3   0.0%   0.013 CG:3    +
   57    84  3   0.0%   0.456 UG:3    +
   53    82  3   0.0%   0.416 AU:3    +
   59    88  3   0.0%   0.370 UA:3    +
   44    86  3   0.0%   1.207 UA:3    +
    5    37  3   0.0%   0.003 AU:3    +
   50    83  3   0.0%   0.131 AU:3    +
    6    57  3   0.0%   0.539 AU:3    +
   59    92  3   0.0%   0.538 AU:3    +
    1    62  3   0.0%   0.062 GU:3    +
   42   101  3   0.0%   0.495 UG:3    +
    5    13  3   0.0%   0.000 AU:3    +
   42   137  3   0.0%   0.457 UA:3    +
   13    31  3   0.0%   0.014 UA:3    +
   63    84  3   0.0%   0.481 AU:3    +
    3    78  3   0.0%   0.096 AU:3    +
   59   139  3   0.0%   1.078 UA:3    +
   86    96  3   0.0%   1.839 AU:3    +
   40    71  3   0.0%   1.000 AU:3    +
   60    84  3   0.0%   0.316 AU:3    +
   13    20  3   0.0%   0.014 GU:3    +
   59   112  3   0.0%   1.086 UA:3    +
   45   100  3   0.0%   1.107 GU:3    +
   44   103  3   0.0%   1.103 UA:3    +
    6    16  3   0.0%   0.000 UA:3    +
   10    60  3   0.0%   0.747 UA:3    +
    7    56  3   0.0%   0.655 UA:3    +
   49    84  3   0.0%   0.236 AU:3    +
   42   138  3   0.0%   0.457 UA:3    +
   86    90  3   0.0%   1.197 UG:3    +
   64    68  3   0.0%   0.652 GU:3    +
   69   103  3   0.0%   1.535 AU:3    +
   39    52  3   0.0%   0.693 UG:3    +
   84   102  3   0.0%   1.742 UA:3    +
   62   104  3   0.0%   1.935 AU:3    +
   63   103  3   0.0%   2.066 AU:3    +
    6    75  3   0.0%   0.536 UA:3    +
   42   104  3   0.0%   0.439 AU:3    +
   19    43  3   0.0%   0.780 CG:3    +
   14    55  3   0.0%   0.620 GU:3    +
    8    19  3   0.0%   0.012 GC:3    +
    6    81  3   0.0%   0.548 AU:3    +
   56    79  3   0.0%   0.480 UG:3    +
   10    47  3   0.0%   1.103 UA:3    +
   83   111  3   0.0%   0.565 UA:3    +
   84   101  3   0.0%   1.930 UG:3    +
   11    59  3   0.0%   0.336 AU:3    +
   13    36  3   0.0%   0.016 GC:3    +
   20    42  3   0.0%   0.677 UA:3    +
   86   101  3   0.0%   1.779 UG:3    +
   49    65  3   0.0%   0.405 AU:3    +
   17    24  3   0.0%   0.012 AU:3    +
   17    45  3   0.0%   1.030 CG:3    +
    6    33  3   0.0%   0.003 UG:3    +
    8    59  3   0.0%   0.754 GU:3    +
   10    32  3   0.0%   0.014 UA:3    +
   65    98  3   0.0%   1.473 UG:3    +
    6    39  3   0.0%   0.003 AU:3    +
   25    46  3   0.0%   0.503 AU:3    +
   19    96  3   0.0%   0.843 GU:3    +
   17    68  3   0.0%   0.494 AU:3    +
   47    83  3   0.0%   0.750 AU:3    +
   21   100  3   0.0%   0.512 GU:3    +
   39    53  3   0.0%   0.613 UA:3    +
   65    99  3   0.0%   1.293 UG:3    +
   59    76  3   0.0%   0.417 AU:3    +
   10   108  3   0.0%   1.201 UA:3    +
   86   110  3   0.0%   0.629 UA:3    +
   59    85  3   0.0%   0.300 UA:3    +
.........(((((....((.((.....)).))..)))))...(((..((((..(((.(((...(((((((...((......)))))).))).)))))).)))).)))................................
