3 sequence; length of alignment 161
alifold output
   12   158  0  99.3%   0.045 CG:1    UG:1    UA:1   
   13   157  0  99.4%   0.048 CG:2    UG:1   
   14   156  0  99.4%   0.049 CG:3   
   11   159  0  97.8%   0.072 AU:3   
   15   155  0  95.1%   0.180 AU:3   
  135   146  0  93.4%   0.351 GC:1    GU:2   
  133   149  0  92.7%   0.369 CG:1    UG:2   
  136   145  0  93.7%   0.525 CG:3   
  132   150  0  93.6%   0.582 GC:3   
  131   151  0  93.5%   0.623 GC:3   
   22   124  0  91.6%   0.400 GC:2    GU:1   
   23   123  0  91.6%   0.392 GC:3   
   73    89  0  90.9%   0.544 CG:3   
   21   125  1  91.3%   0.396 AU:2   
   35   112  0  90.7%   0.294 GC:3   
   20   126  0  90.7%   0.294 UA:3   
   74    88  1  90.6%   0.467 AU:2   
   34   113  0  89.4%   0.316 AU:3   
   36   111  0  89.3%   0.356 UG:3   
   77    85  0  88.8%   0.479 CG:3   
   72    90  0  87.7%   0.648 CG:2    UG:1   
   75    87  0  88.0%   0.536 UG:2    --:1   
   78    84  0  87.3%   0.440 UA:3   
   33   114  0  86.7%   0.400 UG:3   
   37   110  1  86.9%   0.428 CG:2   
   76    86  1  86.9%   0.530 UG:2   
   19   127  0  84.5%   0.530 GU:2    AU:1   
   32   115  0  85.3%   0.505 AU:3   
   31   116  0  84.3%   0.527 CG:3   
   10   160  0  82.5%   0.486 GU:1    AU:2   
   30   117  0  82.5%   0.585 GU:3   
   24   122  1  82.7%   0.631 AU:2   
  137   144  1  82.7%   0.802 UA:2   
   38   109  0  76.2%   0.678 UA:3   
   62   103  0  65.1%   1.202 GC:1    GU:1    AU:1   
   63   102  0  65.8%   1.274 CG:1    GC:2   
   64   101  0  65.7%   1.220 CG:2    AU:1   
   16   154  0  63.1%   1.178 GC:1    GU:2   
   79    83  1  61.1%   0.993 UA:2   
   43   106  0  57.7%   1.457 GU:3   
   42   107  1  57.4%   1.232 CG:1    UG:1   
   44   105  0  57.2%   1.487 AU:3   
   41   108  0  55.7%   1.696 CG:3   
  134   147  0  51.7%   1.210 UG:3   
   45   104  1  50.5%   1.225 AU:2   
   67    96  0  24.7%   2.136 GC:3   
   39   108  0  23.7%   1.210 UG:3    +
   17   129  0  21.7%   1.094 AU:3    +
   28   121  0  15.4%   1.186 GC:2    GU:1    +
   59    67  0  16.4%   1.187 CG:3    +
   58    68  0  15.1%   1.136 UA:3    +
   29   120  0  15.0%   1.201 AU:3    +
   67    94  1  14.0%   1.943 GC:2    +
   16   130  0  12.6%   0.835 GU:3    +
   66    95  0  12.6%   1.240 UA:3    +
  129   153  0  11.9%   1.639 UA:3    +
  128   154  0  10.7%   1.328 GC:1    GU:2    +
   94   101  0   9.2%   1.847 CG:2    GU:1    +
   30   119  0  10.0%   1.224 GU:3    +
   31   118  0   9.5%   1.038 CG:3    +
   63    94  0   7.9%   0.890 CG:1    GC:2    +
   68    91  0   8.8%   1.174 AU:3    +
   57    99  0   7.7%   0.771 CG:1    AU:2    +
   93   102  1   9.0%   1.757 GC:2    +
   32   117  0   8.4%   1.027 AU:3    +
   67    92  1   8.9%   1.246 GC:2    +
   49   107  0   7.7%   1.661 CG:3    +
   49    55  1   8.1%   0.883 CG:2    +
   70    91  0   7.5%   1.024 AU:3    +
   50   106  0   7.5%   1.311 AU:3    +
   58    98  0   7.3%   1.234 UA:3    +
   64    93  1   7.6%   0.762 CG:2    +
   56   100  1   7.4%   0.914 AU:2    +
   33   116  0   6.8%   0.843 UG:3    +
   48   108  0   5.6%   1.685 CG:1    UG:2    +
   55    94  0   5.6%   0.898 CG:1    GC:2    +
   66    98  0   6.4%   1.496 UA:3    +
   41   107  0   6.3%   0.727 CG:3    +
   22   151  0   6.2%   0.697 GC:3    +
   23   150  0   6.2%   0.693 GC:3    +
   48    56  1   6.7%   0.750 UA:2    +
   20   153  0   6.1%   0.631 UA:3    +
   43    59  0   6.0%   0.687 GC:3    +
   17   130  0   5.8%   1.181 AU:3    +
   43    49  0   5.8%   0.552 GC:3    +
   44    58  0   5.7%   0.629 AU:3    +
   21   152  1   6.2%   0.905 AU:2    +
   18   129  0   4.6%   0.870 GU:1    AU:2    +
   25   147  0   5.6%   0.617 CG:3    +
   24   148  0   5.6%   0.762 AU:3    +
   26   145  0   5.4%   0.581 CG:3    +
   27   144  0   5.2%   0.491 UA:3    +
   52    97  0   5.0%   0.539 AU:3    +
   54    95  1   5.3%   0.775 UA:2    +
   18   152  0   3.7%   0.713 GU:1    AU:2    +
   40   133  0   3.7%   0.765 GC:1    GU:2    +
   67    97  0   4.5%   1.967 GU:3    +
   71    93  1   5.0%   1.028 CG:2    +
   51    98  1   5.0%   0.542 UA:2    +
   79   108  0   3.2%   1.801 CG:1    UG:2    +
   28   120  0   4.2%   0.587 GU:3    +
   95   100  1   4.5%   1.366 AU:2    +
   34   115  0   4.0%   0.650 AU:3    +
   72    86  0   2.8%   0.337 CG:2    UG:1    +
  107   124  0   2.8%   1.613 GC:2    GU:1    +
  110   121  0   2.8%   1.146 GC:2    GU:1    +
   35   136  0   3.7%   0.497 GC:3    +
   41   132  0   3.7%   1.185 CG:3    +
   33   138  0   3.7%   0.707 UA:3    +
   42   131  1   3.6%   0.874 CG:1    UG:1    +
   52   104  0   3.6%   1.066 AU:3    +
   39   109  0   3.6%   1.092 UA:3    +
   55   102  0   2.6%   0.857 CG:1    GC:2    +
   29   119  0   3.5%   0.563 AU:3    +
   36   135  0   3.5%   0.494 UG:3    +
   59   108  0   3.4%   1.789 CG:3    +
   53   103  1   3.8%   0.564 AU:2    +
   44    48  1   3.7%   0.389 AU:2    +
   80   107  0   3.2%   1.374 CG:3    +
   34   137  1   3.7%   0.630 AU:2    +
   78   109  0   3.2%   1.111 UA:3    +
   43   130  0   3.1%   1.673 GU:3    +
   77   110  0   3.1%   0.866 CG:3    +
   58   109  0   3.0%   1.401 UA:3    +
   90    96  0   3.0%   1.111 GC:3    +
   44   129  0   3.0%   1.660 AU:3    +
   89    97  0   2.9%   1.008 GU:3    +
   28   119  0   2.9%   0.407 GU:3    +
  108   123  0   2.8%   1.660 GC:3    +
   73    85  0   2.8%   0.416 CG:3    +
   40   112  0   2.8%   0.664 GC:3    +
   41   111  0   2.8%   1.147 CG:3    +
   81   106  0   2.8%   0.990 GU:3    +
   60   107  1   3.2%   1.210 UG:2    +
  112   118  0   2.7%   1.052 CG:3    +
   32   139  1   3.2%   0.778 AU:2    +
   22   121  0   1.6%   0.229 GC:2    GU:1    +
   91    95  0   2.6%   1.336 UA:3    +
   50    99  1   3.1%   0.606 AU:2    +
   51   114  0   1.5%   0.610 CG:1    UG:2    +
   43   121  0   1.5%   1.349 GC:2    GU:1    +
   49    67  0   2.5%   0.714 CG:3    +
   65    98  0   2.5%   0.698 UA:3    +
   71    90  1   3.0%   0.468 CG:2    +
   50    54  1   2.9%   0.414 AU:2    +
   17   152  0   2.4%   0.851 AU:3    +
   21   122  0   1.4%   0.206 UG:1    AU:2    +
   86   103  0   1.4%   1.246 GC:1    GU:2    +
   50    66  0   2.4%   0.424 AU:3    +
  109   122  1   2.8%   1.164 AU:2    +
   88   101  0   1.3%   0.908 UG:2    AU:1    +
   44   104  0   2.3%   0.638 AU:3    +
   71    87  1   2.8%   0.323 CG:2    +
   49   128  0   2.3%   1.178 CG:3    +
   50   127  0   2.2%   1.155 AU:3    +
   43   105  0   2.2%   0.675 GU:3    +
   66    93  0   2.2%   0.703 UG:3    +
   54    93  0   1.1%   0.420 CG:1    UG:2    +
   25   118  0   2.1%   0.277 CG:3    +
   42   110  1   2.1%   0.833 CG:1    UG:1    +
   70    88  1   2.5%   0.320 AU:2    +
   52   125  0   2.0%   0.923 AU:3    +
   77    86  0   2.0%   0.627 CG:3    +
   85   103  0   1.0%   1.089 GC:1    GU:2    +
   79    86  0   1.0%   0.883 CG:1    UG:2    +
   42   101  0   0.0%   0.098 CG:1    UG:1    AU:1    +
   48    62  0   0.0%   0.419 CG:1    UG:1    UA:1    +
   62   137  0   0.0%   0.599 GC:1    GU:1    AU:1    +
  146   158  0   0.0%   0.118 CG:1    UG:1    UA:1    +
   19   103  0   0.0%   0.050 GC:1    GU:1    AU:1    +
   24   119  0   2.0%   0.257 AU:3    +
   78    85  0   1.9%   0.636 UG:3    +
  128   142  0   0.9%   0.347 GC:1    GU:2    +
   82   107  0   0.9%   1.187 CG:1    UG:2    +
   54    74  0   0.8%   0.307 CG:1    UA:2    +
  131   139  0   0.8%   0.464 GC:1    GU:2    +
   31    40  0   1.7%   0.210 CG:3    +
   51   126  1   2.2%   0.755 UA:2    +
   30    41  0   1.7%   0.210 GC:3    +
   51   116  0   0.7%   0.828 CG:1    UG:2    +
   19   154  1   2.2%   0.797 GU:2    +
   54   107  0   0.7%   1.279 CG:1    UG:2    +
   32    39  0   1.7%   0.205 AU:3    +
   23   120  0   1.6%   0.226 GU:3    +
   35   124  0   0.6%   0.334 GC:2    GU:1    +
   66    74  0   0.6%   0.241 UG:1    UA:2    +
   72    89  0   0.6%   0.261 CG:2    UG:1    +
   50   115  0   1.5%   1.060 AU:3    +
   44   120  0   1.5%   1.422 AU:3    +
   83   104  0   1.5%   1.241 AU:3    +
   88    98  1   2.0%   1.134 UA:2    +
   62    97  0   0.5%   0.415 GU:2    AU:1    +
   42    62  1   1.5%   0.204 CG:1    UG:1    +
   46   118  0   1.5%   0.726 UG:3    +
    1     7  0   1.5%   0.189 GC:3    +
   49   116  0   1.5%   1.308 CG:3    +
   48    68  1   2.0%   0.594 UA:2    +
  131   137  0   0.5%   0.401 GC:1    GU:2    +
  111   120  0   1.5%   1.154 GU:3    +
  124   131  0   0.5%   0.518 CG:2    UG:1    +
   47   117  0   1.4%   0.677 AU:3    +
   13   108  0   0.4%   0.072 CG:2    UG:1    +
   48   101  1   1.4%   0.652 CG:1    UG:1    +
   40    51  0   0.4%   0.185 GC:1    GU:2    +
   18   124  1   1.4%   0.202 GC:1    AU:1    +
   37    55  0   0.4%   0.065 CG:2    GC:1    +
   87    96  0   1.4%   0.988 GC:3    +
   74   113  0   0.4%   0.415 GU:1    AU:2    +
   85   104  0   1.4%   1.466 GU:3    +
  111   119  0   1.4%   1.131 GU:3    +
   52   113  0   1.3%   0.697 AU:3    +
   51   107  0   0.3%   1.000 CG:1    UG:2    +
   21   100  0   0.3%   0.063 AU:2    UA:1    +
   84   105  0   1.3%   1.079 AU:3    +
  130   153  0   1.3%   1.266 UA:3    +
   17   125  0   1.3%   0.191 AU:3    +
  124   157  0   0.3%   0.384 CG:2    UG:1    +
   92   101  0   0.2%   0.798 CG:2    AU:1    +
   18   130  0   0.2%   0.717 GU:1    AU:2    +
   26   118  0   1.2%   0.272 CG:3    +
   76    87  1   1.7%   0.611 UG:2    +
   86    97  0   1.2%   0.946 GU:3    +
  124   156  0   0.2%   0.351 CG:2    UG:1    +
   74   115  0   0.2%   0.618 GU:1    AU:2    +
   41    63  1   1.7%   0.285 CG:2    +
  139   145  0   0.2%   0.450 CG:1    UG:2    +
   79    87  0   0.1%   0.842 CG:1    UG:2    +
   80    85  0   1.1%   0.518 CG:3    +
   18   154  0   0.1%   0.698 GC:1    AU:2    +
   54   111  0   0.1%   0.772 CG:1    UG:2    +
   18   127  0   0.1%   0.118 GU:1    AU:2    +
   18   155  0   0.1%   0.465 GU:1    AU:2    +
   48    90  0   0.1%   0.481 CG:1    UG:2    +
   40    64  1   1.6%   0.348 GC:2    +
   68    97  0   1.1%   1.131 AU:3    +
   79    85  0   0.1%   0.730 CG:1    UG:2    +
   51    87  0   0.1%   0.098 CG:1    UG:2    +
   48   116  0   0.1%   1.052 CG:1    UG:2    +
   74    82  0   0.1%   0.111 GC:1    AU:2    +
   67   121  0   0.1%   1.944 GC:2    GU:1    +
   45    99  0   0.1%   0.090 UG:1    AU:2    +
   19   129  0   0.1%   0.742 GU:2    AU:1    +
   56    91  0   1.1%   0.430 AU:3    +
  128   139  0   0.1%   0.298 GC:1    GU:2    +
   54    81  0   0.1%   0.249 CG:1    UG:2    +
   13   132  0   0.1%   0.043 CG:2    UG:1    +
   38   110  0   1.1%   0.530 UG:3    +
  137   147  0   0.1%   0.884 CG:1    UG:2    +
   84   103  1   1.6%   0.849 AU:2    +
   48    87  0   0.1%   0.448 CG:1    UG:2    +
  139   147  0   0.1%   0.752 CG:1    UG:2    +
   83   106  0   1.1%   1.315 AU:3    +
   40    82  0   0.1%   0.227 GC:1    GU:2    +
   28   142  0   0.1%   0.567 GC:1    GU:2    +
   85   102  1   1.6%   0.959 GC:2    +
   62    78  0   0.1%   0.113 GU:2    AU:1    +
   43   103  0   0.1%   0.407 GC:1    GU:2    +
  114   139  0   0.1%   0.394 GC:1    GU:2    +
   18   125  0   0.1%   0.151 GU:1    AU:2    +
   30   121  0   0.0%   0.830 GC:2    GU:1    +
   51    67  0   0.0%   0.181 CG:1    UG:2    +
  116   137  0   0.0%   0.618 GC:1    GU:2    +
  137   145  0   0.0%   0.568 CG:1    UG:2    +
   48   118  0   0.0%   1.136 CG:1    UG:2    +
    5   142  0   0.0%   0.041 GC:1    GU:2    +
   72    93  0   0.0%   0.791 CG:2    UG:1    +
    1   146  0   0.0%   0.104 GC:1    GU:2    +
  103   110  0   0.0%   1.043 CG:1    UG:2    +
  116   139  0   0.0%   0.610 GC:1    GU:2    +
   43    54  0   0.0%   0.185 GC:1    GU:2    +
   43    48  0   0.0%   0.021 GC:1    GU:2    +
   67    82  0   0.0%   0.519 GC:1    GU:2    +
   19   152  0   0.0%   0.463 GU:2    AU:1    +
   10   159  0   0.0%   0.013 GU:1    AU:2    +
   30   142  0   0.0%   0.541 GC:1    GU:2    +
   45   119  1   1.5%   1.132 AU:2    +
  111   146  0   0.0%   0.464 GC:1    GU:2    +
    4    10  0   0.0%   0.008 UG:1    UA:2    +
   54    67  0   0.0%   0.298 CG:1    UG:2    +
   72   116  0   0.0%   0.734 CG:2    UG:1    +
   54   110  0   0.0%   0.760 CG:1    UG:2    +
  118   137  0   0.0%   0.735 GC:1    GU:2    +
  137   149  0   0.0%   0.433 CG:1    UG:2    +
   54   114  0   0.0%   0.728 CG:1    UG:2    +
  114   142  0   0.0%   0.318 GC:1    GU:2    +
   74    91  0   0.0%   0.701 GU:1    AU:2    +
   84   104  0   1.0%   1.171 AU:3    +
   35    54  0   0.0%   0.008 GC:1    GU:2    +
   62   104  0   0.0%   1.174 GU:2    AU:1    +
  124   145  0   0.0%   0.476 CG:2    UG:1    +
  135   139  0   0.0%   0.322 GC:1    GU:2    +
   45    60  0   0.0%   0.055 AU:2    UA:1    +
   72    87  0   0.0%   0.239 CG:2    UG:1    +
   55   122  0   0.0%   0.997 CG:1    GU:2    +
   43    51  0   0.0%   0.199 GC:1    GU:2    +
  128   137  0   0.0%   0.290 GC:1    GU:2    +
   93   103  0   0.0%   1.387 GC:1    GU:2    +
  135   142  0   0.0%   0.258 GC:1    GU:2    +
   37    63  0   0.0%   0.029 CG:2    GC:1    +
   38    62  0   0.0%   0.030 UG:2    UA:1    +
   45   122  0   0.0%   0.710 UG:1    AU:2    +
   10   134  0   0.0%   0.008 GU:1    AU:2    +
  132   142  0   0.0%   0.323 GC:1    GU:2    +
   40    54  0   0.0%   0.146 GC:1    GU:2    +
   51    74  0   0.0%   0.071 CG:1    UA:2    +
   54   108  0   0.0%   1.352 CG:1    UG:2    +
   46    74  0   0.0%   0.132 UG:1    UA:2    +
   67    72  0   0.0%   0.428 GC:2    GU:1    +
  103   107  0   0.0%   1.762 CG:1    UG:2    +
   62    66  0   0.0%   0.187 GU:2    AU:1    +
    5   139  0   0.0%   0.033 GC:1    GU:2    +
  132   137  0   0.0%   0.377 GC:1    GU:2    +
   63    99  0   0.0%   0.665 CG:1    GU:2    +
  107   121  0   0.0%   1.569 GC:2    GU:1    +
   62   106  0   0.0%   1.086 GU:2    AU:1    +
  103   128  0   0.0%   0.787 CG:1    UG:2    +
  118   139  0   0.0%   0.723 GC:1    GU:2    +
   40    48  0   0.0%   0.084 GC:1    GU:2    +
   74    79  0   0.0%   0.130 GC:1    AU:2    +
   62   113  0   0.0%   0.650 GU:2    AU:1    +
   33    62  0   0.0%   0.002 UG:2    UA:1    +
  111   133  0   0.0%   0.599 GC:1    GU:2    +
   74   106  0   0.0%   0.792 GU:1    AU:2    +
  107   137  0   0.0%   1.358 GC:1    GU:2    +
   89   103  0   0.0%   1.022 GC:1    GU:2    +
   72   108  0   0.0%   1.271 CG:2    UG:1    +
   19   130  0   0.0%   0.692 GU:2    AU:1    +
   18    97  0   0.0%   0.002 GU:1    AU:2    +
   23    48  0   0.0%   0.003 GC:1    GU:2    +
   63   122  0   0.0%   0.845 CG:1    GU:2    +
   40   124  0   0.0%   0.553 GC:2    GU:1    +
   30   146  0   0.0%   0.508 GC:1    GU:2    +
   90   139  0   0.0%   0.544 GC:1    GU:2    +
   23   121  0   0.0%   0.160 GC:2    GU:1    +
   62    72  0   0.0%   0.085 GC:2    AU:1    +
  132   139  0   0.0%   0.387 GC:1    GU:2    +
   10   113  0   0.0%   0.017 GU:1    AU:2    +
    4    19  0   0.0%   0.006 UG:2    UA:1    +
   54   118  0   0.0%   0.963 CG:1    UG:2    +
   48   107  0   0.0%   1.028 CG:1    UG:2    +
   43    79  0   0.0%   0.354 GC:1    GU:2    +
   39    74  0   0.0%   0.137 UG:1    UA:2    +
   10   146  0   0.0%   0.010 GC:1    AU:2    +
   45   100  0   0.0%   0.083 AU:2    UA:1    +
   48   128  0   0.0%   0.777 CG:1    UG:2    +
  121   135  0   0.0%   0.685 CG:2    UG:1    +
   12   132  0   0.0%   0.026 CG:1    UG:2    +
   58    62  0   0.0%   0.273 UG:2    UA:1    +
   90   103  0   0.0%   1.058 GC:1    GU:2    +
   54    90  0   0.0%   0.262 CG:1    UG:2    +
   28   139  0   0.0%   0.553 GC:1    GU:2    +
   72   118  0   0.0%   0.756 CG:2    UG:1    +
  111   142  0   0.0%   0.490 GC:1    GU:2    +
   40   103  0   0.0%   0.272 GC:1    GU:2    +
   54    85  0   0.0%   0.236 CG:1    UG:2    +
  118   124  0   0.0%   0.871 GC:2    GU:1    +
   43   124  0   0.0%   1.047 GC:2    GU:1    +
  124   132  0   0.0%   0.498 CG:2    UG:1    +
   79    90  0   0.0%   0.751 CG:1    UG:2    +
  103   108  0   0.0%   1.800 CG:1    UG:2    +
   51   128  0   0.0%   0.574 CG:1    UG:2    +
  142   147  0   0.0%   0.663 CG:1    UG:2    +
    6    10  0   0.0%   0.004 UG:1    UA:2    +
  121   128  0   0.0%   0.689 CG:2    UG:1    +
   13    23  0   0.0%   0.002 CG:2    UG:1    +
   35    48  0   0.0%   0.010 GC:1    GU:2    +
   43    72  0   0.0%   0.348 GC:2    GU:1    +
   62   125  0   0.0%   0.743 GU:2    AU:1    +
   60   101  0   0.0%   0.172 UG:2    AU:1    +
   89   124  0   0.0%   0.574 GC:2    GU:1    +
  116   121  0   0.0%   1.018 GC:2    GU:1    +
   51    93  0   0.0%   0.110 CG:1    UG:2    +
   62    91  0   0.0%   0.197 GU:2    AU:1    +
   55    99  0   0.0%   0.686 CG:1    GU:2    +
   72   114  0   0.0%   0.504 CG:2    UG:1    +
   67    79  0   0.0%   0.469 GC:1    GU:2    +
   65    74  0   0.0%   0.064 UG:1    UA:2    +
  118   142  0   0.0%   0.644 GC:1    GU:2    +
  131   146  0   0.0%   0.267 GC:1    GU:2    +
   72    81  0   0.0%   0.055 CG:2    UG:1    +
   13   131  0   0.0%   0.025 CG:2    UG:1    +
   19   125  0   0.0%   0.150 GU:2    AU:1    +
   10   133  0   0.0%   0.004 GC:1    AU:2    +
   89   121  0   0.0%   0.831 GC:2    GU:1    +
   12    18  0   0.0%   0.001 CG:1    UA:2    +
   28   146  0   0.0%   0.561 GC:1    GU:2    +
   62   105  0   0.0%   1.024 GU:2    AU:1    +
   10    20  0   0.0%   0.004 GU:1    AU:2    +
   57   122  0   0.0%   0.536 CG:1    AU:2    +
   48   132  0   0.0%   0.878 CG:1    UG:2    +
   72    85  0   0.0%   0.036 CG:2    UG:1    +
   48    86  0   0.0%   0.433 CG:1    UG:2    +
    5   146  0   0.0%   0.039 GC:1    GU:2    +
    5   133  0   0.0%   0.030 GC:1    GU:2    +
   58    74  0   0.0%   0.523 UG:1    UA:2    +
   82    87  0   0.0%   0.389 CG:1    UG:2    +
   86   124  0   0.0%   0.739 GC:2    GU:1    +
  133   147  0   0.0%   0.321 CG:1    UG:2    +
  124   128  0   0.0%   0.434 CG:2    UG:1    +
   54   128  0   0.0%   0.636 CG:1    UG:2    +
    5    12  0   0.0%   0.004 GC:1    GU:2    +
   30   139  0   0.0%   0.501 GC:1    GU:2    +
   89   137  0   0.0%   0.519 GC:1    GU:2    +
  132   154  0   0.0%   0.920 GC:1    GU:2    +
   51   111  0   0.0%   0.513 CG:1    UG:2    +
   72   111  0   0.0%   0.542 CG:2    UG:1    +
   46    62  0   0.0%   0.184 UG:2    UA:1    +
   51   108  0   0.0%   1.119 CG:1    UG:2    +
  108   121  0   0.0%   1.607 GC:2    GU:1    +
   54   132  0   0.0%   0.651 CG:1    UG:2    +
  116   142  0   0.0%   0.528 GC:1    GU:2    +
  110   124  0   0.0%   0.791 GC:2    GU:1    +
   51    85  0   0.0%   0.073 CG:1    UG:2    +
   74   117  0   0.0%   0.715 GU:1    AU:2    +
   48    81  0   0.0%   0.436 CG:1    UG:2    +
  114   121  0   0.0%   0.807 GC:2    GU:1    +
   35    51  0   0.0%   0.003 GC:1    GU:2    +
   51   135  0   0.0%   0.559 CG:1    UG:2    +
   39    62  0   0.0%   0.136 UG:2    UA:1    +
   12   135  0   0.0%   0.028 CG:1    UG:2    +
  131   142  0   0.0%   0.359 GC:1    GU:2    +
   28   137  0   0.0%   0.551 GC:1    GU:2    +
   85   124  0   0.0%   0.713 GC:2    GU:1    +
   51   131  0   0.0%   0.586 CG:1    UG:2    +
   67   124  0   0.0%   1.682 GC:2    GU:1    +
   87   139  0   0.0%   0.664 GC:1    GU:2    +
   62   121  0   0.0%   0.901 GC:2    AU:1    +
  116   124  0   0.0%   0.761 GC:2    GU:1    +
   23   124  0   0.0%   0.316 GC:2    GU:1    +
   51   118  0   0.0%   0.816 CG:1    UG:2    +
   62   130  0   0.0%   1.072 GU:2    AU:1    +
  148   158  0   0.0%   0.222 UG:2    UA:1    +
   40   121  0   0.0%   0.715 GC:2    GU:1    +
   45    76  0   0.0%   0.052 AU:2    UA:1    +
   48   111  0   0.0%   0.950 CG:1    UG:2    +
   35    72  0   0.0%   0.007 GC:2    GU:1    +
    5   137  0   0.0%   0.030 GC:1    GU:2    +
  133   145  0   0.0%   0.318 CG:1    UG:2    +
  121   132  0   0.0%   0.705 CG:2    UG:1    +
   51    90  0   0.0%   0.105 CG:1    UG:2    +
   54    86  0   0.0%   0.240 CG:1    UG:2    +
   16   133  0   0.0%   0.304 GC:1    GU:2    +
   81   103  0   0.0%   0.531 GC:1    GU:2    +
   51   110  0   0.0%   0.523 CG:1    UG:2    +
   51   147  0   0.0%   0.599 CG:1    UG:2    +
    1   121  0   0.0%   0.093 GC:2    GU:1    +
   93   121  0   0.0%   1.198 GC:2    GU:1    +
  121   131  0   0.0%   0.702 CG:2    UG:1    +
  128   146  0   0.0%   0.213 GC:1    GU:2    +
   16   124  0   0.0%   0.025 GC:2    GU:1    +
   35   133  0   0.0%   0.152 GC:1    GU:2    +
   12   128  0   0.0%   0.025 CG:1    UG:2    +
  139   156  0   0.0%   0.235 CG:1    UG:2    +
   48    93  0   0.0%   0.476 CG:1    UG:2    +
   79   111  0   0.0%   0.915 CG:1    UG:2    +
  142   149  0   0.0%   0.208 CG:1    UG:2    +
   28   124  0   0.0%   0.693 GC:2    GU:1    +
   18    27  0   0.0%   0.002 GU:1    AU:2    +
   12   110  0   0.0%   0.045 CG:1    UG:2    +
  110   137  0   0.0%   0.636 GC:1    GU:2    +
   30   133  0   0.0%   0.521 GC:1    GU:2    +
   74    78  0   0.0%   0.127 GU:1    AU:2    +
  121   147  0   0.0%   0.708 CG:2    UG:1    +
   18   159  0   0.0%   0.418 GU:1    AU:2    +
   10   130  0   0.0%   0.003 GU:1    AU:2    +
   67   142  0   0.0%   1.541 GC:1    GU:2    +
  121   149  0   0.0%   0.547 CG:2    UG:1    +
   48    67  0   0.0%   0.367 CG:1    UG:2    +
   87   103  0   0.0%   1.179 GC:1    GU:2    +
  114   124  0   0.0%   0.551 GC:2    GU:1    +
    6   158  0   0.0%   0.028 UG:2    UA:1    +
   19   155  0   0.0%   0.389 GU:2    AU:1    +
   51    81  0   0.0%   0.073 CG:1    UG:2    +
   30    82  0   0.0%   0.072 GC:1    GU:2    +
   90   121  0   0.0%   0.867 GC:2    GU:1    +
   27    74  0   0.0%   0.013 UG:1    UA:2    +
   54   116  0   0.0%   0.940 CG:1    UG:2    +
  121   145  0   0.0%   0.703 CG:2    UG:1    +
  131   154  0   0.0%   0.960 GC:1    GU:2    +
  108   124  0   0.0%   1.551 GC:2    GU:1    +
   28   133  0   0.0%   0.574 GC:1    GU:2    +
   28    51  0   0.0%   0.013 GC:1    GU:2    +
   51    86  0   0.0%   0.077 CG:1    UG:2    +
   12   145  0   0.0%   0.029 CG:1    UG:2    +
   19   121  0   0.0%   0.027 GC:2    AU:1    +
   30   103  0   0.0%   0.096 GC:1    GU:2    +
  139   149  0   0.0%   0.292 CG:1    UG:2    +
   82   108  0   0.0%   1.200 CG:1    UG:2    +
  120   158  0   0.0%   0.651 UG:2    UA:1    +
   18   104  0   0.0%   0.049 GU:1    AU:2    +
   82   128  0   0.0%   0.213 CG:1    UG:2    +
   93   133  0   0.0%   0.907 GC:1    GU:2    +
   62   115  0   0.0%   0.861 GU:2    AU:1    +
  110   133  0   0.0%   0.657 GC:1    GU:2    +
   54    87  0   0.0%   0.246 CG:1    UG:2    +
  145   154  0   0.0%   0.876 GC:1    GU:2    +
  121   157  0   0.0%   0.545 CG:2    UG:1    +
  132   146  0   0.0%   0.228 GC:1    GU:2    +
   62   120  0   0.0%   1.030 GU:2    AU:1    +
   45    88  0   0.0%   0.055 AU:2    UA:1    +
   21    99  0   0.0%   0.012 UG:1    AU:2    +
   48   110  0   0.0%   0.961 CG:1    UG:2    +
   79   110  0   0.0%   0.994 CG:1    UG:2    +
   67   103  0   0.0%   1.947 GC:1    GU:2    +
  103   131  0   0.0%   0.799 CG:1    UG:2    +
  124   147  0   0.0%   0.477 CG:2    UG:1    +
   18   133  0   0.0%   0.254 GC:1    AU:2    +
   35   142  0   0.0%   0.287 GC:1    GU:2    +
   43   133  0   0.0%   1.124 GC:1    GU:2    +
   35   139  0   0.0%   0.361 GC:1    GU:2    +
   53   104  0   1.0%   1.005 AU:3    +
   83   105  0   1.0%   1.099 AU:3    +
   56   105  0   1.0%   1.127 AU:3    +
   59   107  0   1.0%   1.416 CG:3    +
   52   105  0   0.9%   0.911 AU:3    +
   40    49  0   0.9%   0.213 GC:3    +
   87   102  1   1.4%   1.178 GC:2    +
   19   123  1   1.4%   0.204 GC:2    +
   88    95  1   1.4%   0.847 UA:2    +
  129   141  0   0.9%   0.806 UA:3    +
   67    80  0   0.9%   0.593 GC:3    +
   89    94  1   1.3%   1.027 GC:2    +
  130   140  0   0.8%   0.762 UA:3    +
   69    78  0   0.8%   0.145 AU:3    +
   87    99  1   1.3%   0.947 GU:2    +
   62    96  1   1.3%   0.285 GC:2    +
  127   143  0   0.8%   0.478 UA:3    +
   91    98  0   0.8%   1.444 UA:3    +
   55   112  1   1.2%   1.071 GC:2    +
   53    75  0   0.7%   0.206 AU:2    --:1    +
   67    73  0   0.7%   0.573 GC:3    +
   55    92  1   1.2%   0.527 GC:2    +
   97   107  0   0.7%   1.750 UG:3    +
   96   108  0   0.7%   1.867 CG:3    +
   98   106  0   0.7%   1.622 AU:3    +
   50   117  0   0.7%   1.205 AU:3    +
   46    53  0   0.7%   0.150 UA:3    +
   49   118  0   0.7%   1.367 CG:3    +
   52   115  0   0.6%   0.917 AU:3    +
   31   128  0   0.6%   0.539 CG:3    +
   32   127  0   0.6%   0.665 AU:3    +
   33   126  0   0.6%   0.495 UA:3    +
   34   125  0   0.6%   0.469 AU:3    +
   30   129  0   0.6%   1.056 GU:3    +
   39    50  0   0.6%   0.172 UA:3    +
   79    84  1   1.1%   0.642 UA:2    +
   66    81  0   0.5%   0.228 UG:3    +
   41    93  0   0.5%   0.235 CG:3    +
   26   131  0   0.5%   0.159 CG:3    +
   25   132  0   0.5%   0.189 CG:3    +
   78    87  0   0.5%   0.672 UG:3    +
   46   128  0   0.5%   0.352 UG:3    +
  132   136  0   0.5%   0.416 GC:3    +
   47   127  0   0.5%   0.447 AU:3    +
  123   132  0   0.4%   0.532 CG:3    +
  136   147  0   0.4%   0.820 CG:3    +
   14   107  0   0.4%   0.072 CG:3    +
   15   106  0   0.4%   0.072 AU:3    +
   16   105  0   0.4%   0.072 GU:3    +
   65    95  0   0.4%   0.285 UA:3    +
   17   104  0   0.4%   0.072 AU:3    +
   57   104  1   0.9%   1.029 AU:2    +
   29   130  0   0.4%   0.961 AU:3    +
    5   161  0   0.4%   0.110 GC:3    +
   46    56  0   0.4%   0.161 UA:3    +
   18   103  1   0.4%   0.070 GU:1    AU:1    +
  130   138  0   0.4%   0.810 UA:3    +
   77    87  0   0.4%   0.600 CG:3    +
   77    81  0   0.4%   0.132 CG:3    +
   55   106  1   0.9%   1.345 GU:2    +
  135   148  0   0.4%   0.445 GU:3    +
   86   102  1   0.9%   1.050 GC:2    +
   37   111  1   0.9%   0.412 CG:2    +
   39    52  0   0.4%   0.173 UA:3    +
   40   123  0   0.4%   0.567 GC:3    +
   73   114  0   0.4%   0.593 CG:3    +
   68    79  1   0.9%   0.519 AU:2    +
    5   112  0   0.4%   0.066 GC:3    +
    6   111  0   0.4%   0.064 UG:3    +
    7   110  0   0.4%   0.125 CG:3    +
   39    95  0   0.4%   0.201 UA:3    +
  127   141  0   0.3%   0.384 UA:3    +
   25    90  0   0.3%   0.059 CG:3    +
   24    91  0   0.3%   0.060 AU:3    +
   26    89  0   0.3%   0.059 CG:3    +
   38    53  0   0.3%   0.065 UA:3    +
  125   143  0   0.3%   0.337 UA:3    +
   43   104  0   0.3%   0.457 GU:3    +
   89   100  1   0.8%   0.751 GU:2    +
   55    73  1   0.8%   0.409 GC:2    +
   52   106  0   0.3%   0.987 AU:3    +
   49   108  0   0.3%   1.654 CG:3    +
   80   108  0   0.3%   1.393 CG:3    +
   90    99  1   0.8%   0.913 GU:2    +
   53   105  0   0.3%   0.841 AU:3    +
   46   109  0   0.3%   0.547 UA:3    +
   46    52  0   0.3%   0.079 UA:3    +
   29   117  0   0.3%   0.079 AU:3    +
   16   129  0   0.3%   0.073 GU:3    +
  125   156  0   0.3%   0.358 UG:3    +
   58   108  0   0.2%   1.604 UG:3    +
  126   155  0   0.2%   0.383 AU:3    +
   46   126  0   0.2%   0.391 UA:3    +
   78   110  0   0.2%   0.832 UG:3    +
   36    56  0   0.2%   0.048 UA:3    +
   77   111  0   0.2%   0.720 CG:3    +
    2   116  0   0.2%   0.051 CG:3    +
   59    90  0   0.2%   0.570 CG:3    +
    1   117  0   0.2%   0.114 GU:3    +
   75    83  0   0.2%   0.099 UA:2    --:1    +
   47   125  0   0.2%   0.373 AU:3    +
  123   157  0   0.2%   0.361 CG:3    +
   77    89  0   0.2%   0.454 CG:3    +
  128   152  0   0.2%   0.629 GU:3    +
   70   119  0   0.2%   0.966 AU:3    +
   73   116  0   0.2%   0.810 CG:3    +
   50    58  0   0.2%   0.349 AU:3    +
   44    91  0   0.2%   0.364 AU:3    +
   76   111  1   0.7%   0.619 UG:2    +
   80    86  0   0.2%   0.515 CG:3    +
   70   117  0   0.2%   0.840 AU:3    +
   78    86  0   0.2%   0.608 UG:3    +
   15   130  0   0.2%   0.055 AU:3    +
   48    55  1   0.2%   0.235 CG:1    UG:1    +
   44   130  0   0.2%   1.536 AU:3    +
  118   136  0   0.2%   0.753 GC:3    +
   67    77  0   0.2%   0.485 GC:3    +
   46    70  0   0.2%   0.149 UA:3    +
    4   114  0   0.1%   0.043 UG:3    +
   96   107  0   0.1%   1.731 CG:3    +
   69   120  0   0.1%   0.671 AU:3    +
  119   135  0   0.1%   0.849 UG:3    +
   43   123  0   0.1%   1.058 GC:3    +
   36    68  0   0.1%   0.048 UA:3    +
   75   114  0   0.1%   0.472 UG:2    --:1    +
  127   153  0   0.1%   0.576 UA:3    +
   78    83  0   0.1%   0.107 UA:3    +
  122   158  1   0.1%   0.379 UG:1    UA:1    +
   49    89  0   0.1%   0.572 CG:3    +
   69    91  0   0.1%   0.402 AU:3    +
   22    96  0   0.1%   0.029 GC:3    +
    2   114  0   0.1%   0.026 CG:3    +
    1   115  0   0.1%   0.091 GU:3    +
   67    91  0   0.1%   0.624 GU:3    +
   56   104  0   0.1%   1.156 AU:3    +
   47    91  0   0.1%   0.112 AU:3    +
   46    98  0   0.1%   0.164 UA:3    +
   25   149  0   0.1%   0.316 CG:3    +
   28   123  0   0.1%   0.703 GC:3    +
   75    84  0   0.1%   0.103 UA:2    --:1    +
   47    97  0   0.1%   0.094 AU:3    +
   89    96  0   0.1%   0.768 GC:3    +
   65    84  0   0.1%   0.048 UA:3    +
   26   147  0   0.1%   0.445 CG:3    +
   20    98  0   0.1%   0.022 UA:3    +
   68   120  0   0.1%   1.273 AU:3    +
   14   131  0   0.1%   0.044 CG:3    +
   75    81  0   0.1%   0.106 UG:2    --:1    +
   96   132  0   0.1%   0.848 CG:3    +
   45    54  1   0.6%   0.107 AU:2    +
   97   131  0   0.1%   0.765 UG:3    +
  131   152  0   0.1%   0.742 GU:3    +
   93   136  0   0.1%   0.905 GC:3    +
   28    49  0   0.1%   0.026 GC:3    +
   56   106  0   0.1%   1.159 AU:3    +
   46    50  0   0.1%   0.055 UA:3    +
   73    87  0   0.1%   0.332 CG:3    +
  134   149  0   0.1%   0.454 UG:3    +
    2   118  0   0.1%   0.041 CG:3    +
   47   119  0   0.1%   0.765 AU:3    +
   98   130  0   0.1%   1.403 AU:3    +
   69    75  0   0.1%   0.065 AU:2    --:1    +
  132   151  0   0.1%   0.537 GC:3    +
   39    44  0   0.1%   0.092 UA:3    +
   38   114  0   0.1%   0.469 UG:3    +
   28    42  1   0.1%   0.018 GC:1    GU:1    +
   59    89  0   0.1%   0.542 CG:3    +
   95   134  0   0.1%   0.789 AU:3    +
   49    86  0   0.1%   0.533 CG:3    +
    4   116  0   0.1%   0.044 UG:3    +
   27   118  0   0.1%   0.172 UG:3    +
  127   140  0   0.1%   0.341 UA:3    +
    1   119  0   0.1%   0.103 GU:3    +
   58    90  0   0.1%   0.531 UG:3    +
   69   119  0   0.1%   0.694 AU:3    +
    7   114  0   0.1%   0.118 CG:3    +
    1   161  0   0.1%   0.114 GC:3    +
   69    97  0   0.1%   0.470 AU:3    +
  136   149  0   0.1%   0.359 CG:3    +
  129   138  0   0.1%   0.802 UA:3    +
  138   148  0   0.1%   0.385 AU:3    +
  135   150  0   0.1%   0.490 GC:3    +
    8   113  0   0.1%   0.024 AU:3    +
  151   156  0   0.1%   0.292 CG:3    +
   27    50  0   0.1%   0.022 UA:3    +
  150   157  0   0.1%   0.291 CG:3    +
   36   114  0   0.1%   0.296 UG:3    +
   66    83  0   0.1%   0.180 UA:3    +
   44   106  0   0.1%   1.095 AU:3    +
   56   120  0   0.1%   1.110 AU:3    +
   19   124  1   0.1%   0.159 GC:1    GU:1    +
   47   104  0   0.1%   0.574 AU:3    +
   41    81  0   0.1%   0.159 CG:3    +
  131   136  0   0.1%   0.347 GC:3    +
  110   120  0   0.1%   0.995 GU:3    +
   46    89  0   0.1%   0.166 UG:3    +
   63    96  1   0.6%   0.454 GC:2    +
   59    85  0   0.1%   0.499 CG:3    +
   52    66  0   0.1%   0.151 AU:3    +
   53    65  0   0.1%   0.108 AU:3    +
   39    83  0   0.1%   0.148 UA:3    +
   27    44  0   0.1%   0.015 UA:3    +
   43    80  0   0.1%   0.366 GC:3    +
   39    53  0   0.1%   0.162 UA:3    +
    5   115  0   0.1%   0.059 GU:3    +
   38    84  0   0.1%   0.040 UA:3    +
  115   138  0   0.1%   0.538 UA:3    +
    5     9  1   0.0%   0.014 GC:1    GU:1    +
   39   110  0   0.0%   0.825 UG:3    +
   56    65  0   0.0%   0.247 AU:3    +
   17   155  0   0.0%   0.733 AU:3    +
  113   140  0   0.0%   0.212 UA:3    +
   47    54  1   0.5%   0.138 AU:2    +
   40    59  0   0.0%   0.154 GC:3    +
   43    73  0   0.0%   0.358 GC:3    +
   59    86  0   0.0%   0.506 CG:3    +
    2   145  0   0.0%   0.040 CG:3    +
   47    58  0   0.0%   0.225 AU:3    +
   73    93  0   0.0%   0.819 CG:3    +
    4   143  0   0.0%   0.031 UA:3    +
   29    91  0   0.0%   0.037 AU:3    +
    6   141  0   0.0%   0.034 UA:3    +
   26   132  0   0.0%   0.143 CG:3    +
    1     9  1   0.0%   0.073 GC:1    GU:1    +
  105   126  0   0.0%   0.912 UA:3    +
    8   160  0   0.0%   0.019 AU:3    +
   53    58  0   0.0%   0.279 AU:3    +
   52    58  0   0.0%   0.234 AU:3    +
   46    69  0   0.0%   0.125 UA:3    +
   27   131  0   0.0%   0.061 UG:3    +
   65    85  0   0.0%   0.053 UG:3    +
  117   138  0   0.0%   0.650 UA:3    +
   42    55  1   0.0%   0.038 CG:1    UG:1    +
   17   127  0   0.0%   0.090 AU:3    +
   71    99  1   0.0%   0.710 CG:1    AU:1    +
   56    66  0   0.0%   0.338 AU:3    +
   58    69  0   0.0%   0.490 UA:3    +
   36    86  0   0.0%   0.038 UG:3    +
  127   138  0   0.0%   0.452 UA:3    +
   67   123  0   0.0%   1.692 GC:3    +
  128   136  0   0.0%   0.303 GC:3    +
   58    86  0   0.0%   0.497 UG:3    +
  129   135  0   0.0%   0.806 UG:3    +
  125   140  0   0.0%   0.285 UA:3    +
   27   132  0   0.0%   0.066 UG:3    +
   49   114  0   0.0%   0.939 CG:3    +
   11   160  0   0.0%   0.196 AU:3    +
   31    89  0   0.0%   0.099 CG:3    +
  104   109  0   0.0%   1.498 UA:3    +
   58    87  0   0.0%   0.506 UG:3    +
   47   120  0   0.0%   0.716 AU:3    +
   25    93  0   0.0%   0.028 CG:3    +
   27   143  0   0.0%   0.037 UA:3    +
   39   107  0   0.0%   0.191 UG:3    +
   77    90  0   0.0%   0.548 CG:3    +
   98   105  0   0.0%   1.414 AU:3    +
   55   103  1   0.0%   0.824 GC:1    GU:1    +
   95   117  0   0.0%   1.279 AU:3    +
   50   113  0   0.0%   0.695 AU:3    +
   96   116  0   0.0%   1.150 CG:3    +
  112   145  0   0.0%   0.540 CG:3    +
   46   107  0   0.0%   0.672 UG:3    +
   47   106  0   0.0%   0.444 AU:3    +
   78    89  0   0.0%   0.481 UG:3    +
   52    65  0   0.0%   0.054 AU:3    +
   65    93  0   0.0%   0.322 UG:3    +
   16   152  0   0.0%   0.310 GU:3    +
   35    41  0   0.0%   0.077 GC:3    +
  118   123  0   0.0%   0.882 GC:3    +
   43    77  0   0.0%   0.358 GC:3    +
   58   107  0   0.0%   1.460 UG:3    +
   62   124  1   0.0%   0.655 GC:1    GU:1    +
   40    46  0   0.0%   0.079 GU:3    +
   58   118  0   0.0%   1.285 UG:3    +
  115   140  0   0.0%   0.418 UA:3    +
   40   106  0   0.0%   0.281 GU:3    +
   16   155  0   0.0%   0.650 GU:3    +
   36    40  0   0.0%   0.077 UG:3    +
   93   112  0   0.0%   1.029 GC:3    +
   59    93  0   0.0%   0.600 CG:3    +
   23    96  0   0.0%   0.037 GC:3    +
   65    70  0   0.0%   0.035 UA:3    +
   33    87  0   0.0%   0.007 UG:3    +
  151   157  0   0.0%   0.293 CG:3    +
   47   129  0   0.0%   0.848 AU:3    +
   93   119  0   0.0%   1.388 GU:3    +
   36    53  0   0.0%   0.010 UA:3    +
  112   116  0   0.0%   0.755 CG:3    +
  113   144  0   0.0%   0.365 UA:3    +
   30   136  0   0.0%   0.504 GC:3    +
   31   135  0   0.0%   0.483 CG:3    +
   47   130  0   0.0%   0.800 AU:3    +
   27    93  0   0.0%   0.021 UG:3    +
  134   140  0   0.0%   0.074 UA:3    +
   53    97  0   0.0%   0.312 AU:3    +
  111   117  0   0.0%   0.845 GU:3    +
  125   144  0   0.0%   0.453 UA:3    +
   39    47  0   0.0%   0.082 UA:3    +
   32   134  0   0.0%   0.457 AU:3    +
  149   159  0   0.0%   0.122 GU:3    +
   22    97  0   0.0%   0.024 GU:3    +
   66    84  0   0.0%   0.187 UA:3    +
   48    63  1   0.0%   0.427 CG:1    UG:1    +
  152   156  0   0.0%   0.452 UG:3    +
   65    89  0   0.0%   0.087 UG:3    +
   98   115  0   0.0%   1.193 AU:3    +
   29   142  1   0.5%   0.553 AU:2    +
   73    86  0   0.0%   0.317 CG:3    +
   11   134  0   0.0%   0.009 AU:3    +
   28   130  0   0.0%   1.005 GU:3    +
   40   105  0   0.0%   0.277 GU:3    +
   36    44  0   0.0%   0.011 UA:3    +
   42   108  1   0.0%   1.089 CG:1    UG:1    +
  123   128  0   0.0%   0.447 CG:3    +
   45    75  0   0.0%   0.052 AU:2    --:1    +
   73    90  0   0.0%   0.561 CG:3    +
   29    65  0   0.0%   0.011 AU:3    +
   80    87  0   0.0%   0.484 CG:3    +
   95   106  0   0.0%   1.529 AU:3    +
   53   113  0   0.0%   0.508 AU:3    +
   28    66  0   0.0%   0.018 GU:3    +
    4     8  0   0.0%   0.004 UA:3    +
   35    59  0   0.0%   0.010 GC:3    +
   38   111  0   0.0%   0.457 UG:3    +
   50    97  0   0.0%   0.276 AU:3    +
  134   143  0   0.0%   0.082 UA:3    +
   27    43  0   0.0%   0.006 UG:3    +
   24   120  0   0.0%   0.169 AU:3    +
   49    93  0   0.0%   0.564 CG:3    +
  113   143  0   0.0%   0.213 UA:3    +
   50   104  0   0.0%   0.863 AU:3    +
  147   161  0   0.0%   0.581 GC:3    +
  106   126  0   0.0%   1.050 UA:3    +
  104   126  0   0.0%   1.123 UA:3    +
   29   129  0   0.0%   0.937 AU:3    +
   53   115  0   0.0%   0.722 AU:3    +
   40   104  0   0.0%   0.275 GU:3    +
  115   141  0   0.0%   0.416 UA:3    +
   24   159  0   0.0%   0.467 AU:3    +
   26   157  0   0.0%   0.278 CG:3    +
   23   160  0   0.0%   0.514 GU:3    +
  120   135  0   0.0%   0.791 UG:3    +
   59    87  0   0.0%   0.509 CG:3    +
   42    81  1   0.0%   0.080 CG:1    UG:1    +
   22   161  0   0.0%   0.380 GC:3    +
    9   135  1   0.0%   0.013 CG:1    UG:1    +
   27   156  0   0.0%   0.192 UG:3    +
  118   161  0   0.0%   0.636 GC:3    +
    2   147  0   0.0%   0.036 CG:3    +
    2   135  0   0.0%   0.032 CG:3    +
   20   128  0   0.0%   0.120 UG:3    +
   50    75  0   0.0%   0.249 AU:2    --:1    +
    1   136  0   0.0%   0.096 GC:3    +
   66    90  0   0.0%   0.221 UG:3    +
   26    43  0   0.0%   0.004 CG:3    +
   26    93  0   0.0%   0.026 CG:3    +
    1   148  0   0.0%   0.100 GU:3    +
    7    16  0   0.0%   0.066 CG:3    +
   20    95  0   0.0%   0.004 UA:3    +
  113   118  0   0.0%   0.788 UG:3    +
    6    24  0   0.0%   0.005 UA:3    +
    5    25  0   0.0%   0.007 GC:3    +
   70    97  0   0.0%   0.704 AU:3    +
   75    90  0   0.0%   0.459 UG:2    --:1    +
    7    23  0   0.0%   0.066 CG:3    +
    6    17  0   0.0%   0.004 UA:3    +
   93    97  0   0.0%   1.081 GU:3    +
  123   145  0   0.0%   0.484 CG:3    +
    6   138  0   0.0%   0.026 UA:3    +
   46   110  0   0.0%   0.443 UG:3    +
   22   150  0   0.0%   0.178 GC:3    +
    1     6  0   0.0%   0.003 GU:3    +
  109   119  0   0.0%   1.245 AU:3    +
  108   120  0   0.0%   1.746 GU:3    +
    2    28  0   0.0%   0.003 CG:3    +
   39    43  0   0.0%   0.076 UG:3    +
   38    56  0   0.0%   0.041 UA:3    +
   41   128  0   0.0%   0.817 CG:3    +
   91   138  0   0.0%   0.783 UA:3    +
   65    69  0   0.0%   0.026 UA:3    +
   40   129  0   0.0%   0.908 GU:3    +
   38    44  0   0.0%   0.009 UA:3    +
   68   105  0   0.0%   1.250 AU:3    +
   95   115  0   0.0%   1.164 AU:3    +
   96   114  0   0.0%   0.936 CG:3    +
   69   104  0   0.0%   0.776 AU:3    +
    4   140  0   0.0%   0.023 UA:3    +
   65    83  0   0.0%   0.025 UA:3    +
   93   117  0   0.0%   1.270 GU:3    +
   67   106  0   0.0%   2.110 GU:3    +
    4    11  0   0.0%   0.006 UA:3    +
   73    81  0   0.0%   0.133 CG:3    +
   35   113  0   0.0%   0.212 GU:3    +
   40   119  0   0.0%   0.887 GU:3    +
   23   134  0   0.0%   0.178 GU:3    +
   41   118  0   0.0%   1.154 CG:3    +
  119   138  0   0.0%   0.826 UA:3    +
   59    81  0   0.0%   0.495 CG:3    +
   58    70  0   0.0%   0.494 UA:3    +
   50    78  0   0.0%   0.250 AU:3    +
   73   107  0   0.0%   1.220 CG:3    +
  128   155  0   0.0%   0.535 GU:3    +
   35    96  0   0.0%   0.020 GC:3    +
   34    97  0   0.0%   0.015 AU:3    +
   59   118  0   0.0%   1.147 CG:3    +
   33    98  0   0.0%   0.012 UA:3    +
  112   132  0   0.0%   0.538 CG:3    +
   50   105  0   0.0%   0.815 AU:3    +
   38    68  0   0.0%   0.039 UA:3    +
   39    67  0   0.0%   0.150 UG:3    +
  108   136  0   0.0%   1.405 GC:3    +
    8   115  0   0.0%   0.034 AU:3    +
  113   131  0   0.0%   0.365 UG:3    +
    2   149  0   0.0%   0.036 CG:3    +
    7   116  0   0.0%   0.111 CG:3    +
   66    70  0   0.0%   0.120 UA:3    +
   40    80  0   0.0%   0.215 GC:3    +
    9   114  1   0.0%   0.032 CG:1    UG:1    +
   28   155  0   0.0%   0.620 GU:3    +
   22    49  0   0.0%   0.003 GC:3    +
   38    52  0   0.0%   0.007 UA:3    +
   41    90  0   0.0%   0.171 CG:3    +
  106   138  0   0.0%   0.926 UA:3    +
   31   145  0   0.0%   0.640 CG:3    +
   16   127  0   0.0%   0.027 GU:3    +
   59   116  0   0.0%   1.123 CG:3    +
   98   104  0   0.0%   1.625 AU:3    +
    5    14  0   0.0%   0.006 GC:3    +
   40    91  0   0.0%   0.243 GU:3    +
   53    66  0   0.0%   0.192 AU:3    +
   38   135  0   0.0%   0.427 UG:3    +
    1   150  0   0.0%   0.100 GC:3    +
    8   148  0   0.0%   0.011 AU:3    +
    7   149  0   0.0%   0.094 CG:3    +
    9   147  1   0.0%   0.012 CG:1    UG:1    +
   42    93  1   0.0%   0.107 CG:1    UG:1    +
   26   116  0   0.0%   0.043 CG:3    +
   43   112  0   0.0%   1.008 GC:3    +
    7   135  0   0.0%   0.093 CG:3    +
    4    15  0   0.0%   0.006 UA:3    +
   41   114  0   0.0%   0.949 CG:3    +
   27    67  0   0.0%   0.014 UG:3    +
   30   112  0   0.0%   0.094 GC:3    +
   31   111  0   0.0%   0.097 CG:3    +
   42    89  1   0.0%   0.097 CG:1    UG:1    +
   29   113  0   0.0%   0.027 AU:3    +
  119   126  0   0.0%   0.934 UA:3    +
   36    95  0   0.0%   0.035 UA:3    +
   69   105  0   0.0%   0.627 AU:3    +
   27   145  0   0.0%   0.345 UG:3    +
   38   131  0   0.0%   0.333 UG:3    +
   40    73  0   0.0%   0.214 GC:3    +
   70    75  0   0.0%   0.062 AU:2    --:1    +
   93   106  0   0.0%   1.522 GU:3    +
   28   117  0   0.0%   0.040 GU:3    +
   39   114  0   0.0%   0.795 UG:3    +
  118   125  0   0.0%   0.860 GU:3    +
   46   131  0   0.0%   0.426 UG:3    +
   68   106  0   0.0%   1.311 AU:3    +
  117   126  0   0.0%   0.762 UA:3    +
    8   134  0   0.0%   0.009 AU:3    +
  110   134  0   0.0%   0.524 GU:3    +
   53   119  0   0.0%   0.935 AU:3    +
   28    59  0   0.0%   0.015 GC:3    +
   31    90  0   0.0%   0.095 CG:3    +
   27    95  0   0.0%   0.017 UA:3    +
    5   160  0   0.0%   0.036 GU:3    +
   40   115  0   0.0%   0.645 GU:3    +
  117   140  0   0.0%   0.525 UA:3    +
   33    89  0   0.0%   0.026 UG:3    +
  116   127  0   0.0%   0.794 GU:3    +
   29    58  0   0.0%   0.008 AU:3    +
   70    78  0   0.0%   0.069 AU:3    +
   38    47  0   0.0%   0.007 UA:3    +
   65    86  0   0.0%   0.049 UG:3    +
   96   110  0   0.0%   1.069 CG:3    +
   53   125  0   0.0%   0.601 AU:3    +
    4   147  0   0.0%   0.027 UG:3    +
  118   127  0   0.0%   0.904 GU:3    +
   70   104  0   0.0%   1.015 AU:3    +
   97   109  0   0.0%   1.204 UA:3    +
   50   125  0   0.0%   0.862 AU:3    +
  126   130  0   0.0%   0.853 AU:3    +
   66   107  0   0.0%   1.616 UG:3    +
   44    78  0   0.0%   0.305 AU:3    +
    4   145  0   0.0%   0.029 UG:3    +
   52   120  0   0.0%   1.051 AU:3    +
   68   119  0   0.0%   1.302 AU:3    +
   28   104  0   0.0%   0.044 GU:3    +
   66   108  0   0.0%   1.693 UG:3    +
   43    91  0   0.0%   0.382 GU:3    +
   47   105  0   0.0%   0.523 AU:3    +
   15   127  0   0.0%   0.025 AU:3    +
  114   130  0   0.0%   0.875 GU:3    +
   30    91  0   0.0%   0.095 GU:3    +
   67   120  0   0.0%   2.053 GU:3    +
   65   109  0   0.0%   0.639 UA:3    +
   63   124  1   0.0%   0.787 GC:1    GU:1    +
   53    91  0   0.0%   0.181 AU:3    +
   38   108  0   0.0%   0.058 UG:3    +
   46   108  0   0.0%   0.842 UG:3    +
  123   131  0   0.0%   0.457 CG:3    +
   15   129  0   0.0%   0.026 AU:3    +
   53   106  0   0.0%   0.892 AU:3    +
   39    56  0   0.0%   0.149 UA:3    +
   43    66  0   0.0%   0.349 GU:3    +
   95   104  0   0.0%   1.635 AU:3    +
   66    89  0   0.0%   0.224 UG:3    +
   59   110  0   0.0%   0.951 CG:3    +
   11    20  0   0.0%   0.003 AU:3    +
   80    89  0   0.0%   0.302 CG:3    +
  123   147  0   0.0%   0.488 CG:3    +
   44    65  0   0.0%   0.304 AU:3    +
   24    36  0   0.0%   0.002 AU:3    +
   36    47  0   0.0%   0.005 UA:3    +
  125   131  0   0.0%   0.459 UG:3    +
   13    18  1   0.0%   0.001 CG:1    UA:1    +
   57    75  0   0.0%   0.070 AU:2    --:1    +
   22    38  0   0.0%   0.002 GU:3    +
   16   123  0   0.0%   0.026 GC:3    +
   22    26  0   0.0%   0.001 GC:3    +
   24   134  0   0.0%   0.284 AU:3    +
   23    49  0   0.0%   0.003 GC:3    +
   20    40  0   0.0%   0.002 UG:3    +
   47    66  0   0.0%   0.051 AU:3    +
  115   126  0   0.0%   0.651 UA:3    +
   85    97  0   0.0%   0.761 GU:3    +
   14    22  0   0.0%   0.002 CG:3    +
   36    70  0   0.0%   0.030 UA:3    +
   50    65  0   0.0%   0.159 AU:3    +
    2    16  0   0.0%   0.001 CG:3    +
  141   148  0   0.0%   0.259 AU:3    +
  134   141  0   0.0%   0.083 UA:3    +
  116   125  0   0.0%   0.750 GU:3    +
   68    78  0   0.0%   0.397 AU:3    +
   90   123  0   0.0%   0.617 GC:3    +
  126   152  0   0.0%   0.663 AU:3    +
   86    96  0   0.0%   0.835 GC:3    +
   77   108  0   0.0%   1.266 CG:3    +
  114   127  0   0.0%   0.583 GU:3    +
   39    68  0   0.0%   0.146 UA:3    +
    8   159  0   0.0%   0.010 AU:3    +
   42    67  1   0.0%   0.088 CG:1    UG:1    +
  131   150  0   0.0%   0.434 GC:3    +
   65    90  0   0.0%   0.081 UG:3    +
   49    85  0   0.0%   0.518 CG:3    +
   68    75  0   0.0%   0.415 AU:2    --:1    +
    7    28  0   0.0%   0.066 CG:3    +
   27   147  0   0.0%   0.353 UG:3    +
   25    35  0   0.0%   0.002 CG:3    +
   52   127  0   0.0%   0.888 AU:3    +
   75    89  0   0.0%   0.356 UG:2    --:1    +
   75    86  0   0.0%   0.194 UG:2    --:1    +
  107   123  0   0.0%   1.318 GC:3    +
   15   152  0   0.0%   0.036 AU:3    +
   46    67  0   0.0%   0.131 UG:3    +
    8    27  0   0.0%   0.003 AU:3    +
   27    34  0   0.0%   0.002 UA:3    +
   42    63  1   0.0%   0.144 CG:1    UG:1    +
   41    67  0   0.0%   0.161 CG:3    +
   59   128  0   0.0%   0.818 CG:3    +
   38    69  0   0.0%   0.029 UA:3    +
   77   107  0   0.0%   1.189 CG:3    +
    6    29  0   0.0%   0.004 UA:3    +
   38    43  0   0.0%   0.006 UG:3    +
  119   141  0   0.0%   0.700 UA:3    +
   96   145  0   0.0%   0.838 CG:3    +
  116   123  0   0.0%   0.769 GC:3    +
   66    85  0   0.0%   0.190 UG:3    +
   38    67  0   0.0%   0.042 UG:3    +
   58   111  0   0.0%   1.082 UG:3    +
   55   124  1   0.0%   0.937 GC:1    GU:1    +
   90    97  0   0.0%   0.943 GU:3    +
    9    21  1   0.0%   0.007 AU:1    UA:1    +
  125   153  0   0.0%   0.465 UA:3    +
   49   131  0   0.0%   1.105 CG:3    +
   70   115  0   0.0%   0.701 AU:3    +
    5   136  0   0.0%   0.031 GC:3    +
   78   107  0   0.0%   1.221 UG:3    +
   93   148  0   0.0%   0.931 GU:3    +
   85    96  0   0.0%   0.808 GC:3    +
   20    28  0   0.0%   0.003 UG:3    +
   24    97  0   0.0%   0.032 AU:3    +
    6    11  0   0.0%   0.002 UA:3    +
   91   109  0   0.0%   1.273 UA:3    +
   91   108  0   0.0%   1.791 UG:3    +
   97   144  0   0.0%   0.750 UA:3    +
    9   111  1   0.0%   0.028 CG:1    UG:1    +
  128   151  0   0.0%   0.380 GC:3    +
   84    97  0   0.0%   0.588 AU:3    +
   41   110  0   0.0%   0.874 CG:3    +
  120   140  0   0.0%   0.651 UA:3    +
   31    87  0   0.0%   0.072 CG:3    +
   81   105  0   0.0%   0.632 GU:3    +
   90   120  0   0.0%   1.006 GU:3    +
   91   111  0   0.0%   0.982 UG:3    +
   98   113  0   0.0%   0.986 AU:3    +
   50   129  0   0.0%   1.407 AU:3    +
   90   112  0   0.0%   0.696 GC:3    +
  104   128  0   0.0%   1.030 UG:3    +
   58    89  0   0.0%   0.522 UG:3    +
   73   111  0   0.0%   0.568 CG:3    +
  104   108  0   0.0%   2.044 UG:3    +
   25   128  0   0.0%   0.108 CG:3    +
  125   145  0   0.0%   0.461 UG:3    +
   24   129  0   0.0%   0.753 AU:3    +
   50   130  0   0.0%   1.357 AU:3    +
   43    58  0   0.0%   0.178 GU:3    +
   87   123  0   0.0%   0.738 GC:3    +
   35   115  0   0.0%   0.388 GU:3    +
   22   123  0   0.0%   0.154 GC:3    +
   35   123  0   0.0%   0.245 GC:3    +
   28    33  0   0.0%   0.002 GU:3    +
   34   130  0   0.0%   0.739 AU:3    +
   58    93  0   0.0%   0.577 UG:3    +
   46    93  0   0.0%   0.167 UG:3    +
   65    81  0   0.0%   0.032 UG:3    +
  125   138  0   0.0%   0.401 UA:3    +
   40   134  0   0.0%   0.506 GU:3    +
   43    96  0   0.0%   0.383 GC:3    +
   56    97  0   0.0%   0.460 AU:3    +
   26    35  0   0.0%   0.001 CG:3    +
   23   130  0   0.0%   0.623 GU:3    +
  145   151  0   0.0%   0.487 GC:3    +
   35    49  0   0.0%   0.010 GC:3    +
   39    69  0   0.0%   0.136 UA:3    +
   34    38  0   0.0%   0.001 AU:3    +
  104   140  0   0.0%   0.880 UA:3    +
   40    96  0   0.0%   0.258 GC:3    +
   90   136  0   0.0%   0.556 GC:3    +
   28    96  0   0.0%   0.031 GC:3    +
   53   129  0   0.0%   0.980 AU:3    +
   44   119  0   0.0%   1.275 AU:3    +
   25   145  0   0.0%   0.136 CG:3    +
   26   149  0   0.0%   0.278 CG:3    +
   91   135  0   0.0%   0.789 UG:3    +
   33   131  0   0.0%   0.378 UG:3    +
   52    75  0   0.0%   0.055 AU:2    --:1    +
  109   148  0   0.0%   0.884 AU:3    +
   89   104  0   0.0%   1.268 GU:3    +
  144   152  0   0.0%   0.728 AU:3    +
   35   129  0   0.0%   0.657 GU:3    +
   43   120  0   0.0%   1.284 GU:3    +
   27   140  0   0.0%   0.027 UA:3    +
  128   150  0   0.0%   0.380 GC:3    +
   40    77  0   0.0%   0.213 GC:3    +
   95   148  0   0.0%   0.935 AU:3    +
   96   147  0   0.0%   0.846 CG:3    +
  121   158  1   0.0%   0.546 CG:1    UG:1    +
   14   128  0   0.0%   0.025 CG:3    +
  129   149  0   0.0%   0.709 UG:3    +
    9    22  1   0.0%   0.007 CG:1    UG:1    +
   58    67  0   0.0%   0.305 UG:3    +
  115   128  0   0.0%   0.555 UG:3    +
   52   130  0   0.0%   1.174 AU:3    +
    7   156  0   0.0%   0.092 CG:3    +
   38    70  0   0.0%   0.029 UA:3    +
    1    14  0   0.0%   0.067 GC:3    +
   53   127  0   0.0%   0.643 AU:3    +
   97   116  0   0.0%   1.068 UG:3    +
   34    46  0   0.0%   0.001 AU:3    +
   93   150  0   0.0%   0.943 GC:3    +
  111   123  0   0.0%   0.738 GC:3    +
   46    68  0   0.0%   0.126 UA:3    +
   49   110  0   0.0%   1.041 CG:3    +
   33    47  0   0.0%   0.001 UA:3    +
  109   120  0   0.0%   1.195 AU:3    +
   89   113  0   0.0%   0.593 GU:3    +
    7   131  0   0.0%   0.091 CG:3    +
   39   126  0   0.0%   0.748 UA:3    +
   52   134  0   0.0%   0.585 AU:3    +
   16   151  0   0.0%   0.303 GC:3    +
   26   107  0   0.0%   0.046 CG:3    +
   56   130  0   0.0%   1.145 AU:3    +
   25   108  0   0.0%   0.047 CG:3    +
    6   132  0   0.0%   0.024 UG:3    +
  114   123  0   0.0%   0.559 GC:3    +
   73   118  0   0.0%   0.811 CG:3    +
   58    95  0   0.0%   0.671 UA:3    +
   68   104  0   0.0%   1.396 AU:3    +
   38    50  0   0.0%   0.010 UA:3    +
    2   156  0   0.0%   0.035 CG:3    +
  125   141  0   0.0%   0.277 UA:3    +
  107   125  0   0.0%   1.501 GU:3    +
   90   104  0   0.0%   1.304 GU:3    +
    8   155  0   0.0%   0.009 AU:3    +
   75   111  0   0.0%   0.462 UG:2    --:1    +
   73   110  0   0.0%   0.571 CG:3    +
   65   110  0   0.0%   0.430 UG:3    +
  115   143  0   0.0%   0.418 UA:3    +
  129   140  0   0.0%   0.674 UA:3    +
  117   128  0   0.0%   0.665 UG:3    +
    5    31  0   0.0%   0.006 GC:3    +
    4    32  0   0.0%   0.006 UA:3    +
   16    26  0   0.0%   0.002 GC:3    +
  107   112  0   0.0%   1.402 GC:3    +
   41   135  0   0.0%   1.033 CG:3    +
   75   116  0   0.0%   0.670 UG:2    --:1    +
    2    40  0   0.0%   0.001 CG:3    +
    1    41  0   0.0%   0.067 GC:3    +
   93   104  0   0.0%   1.630 GU:3    +
   36    50  0   0.0%   0.009 UA:3    +
   40   136  0   0.0%   0.625 GC:3    +
    8   130  0   0.0%   0.007 AU:3    +
  134   144  0   0.0%   0.175 UA:3    +
   67   105  0   0.0%   2.047 GU:3    +
   96   118  0   0.0%   1.159 CG:3    +
   35    58  0   0.0%   0.006 GU:3    +
   15    27  0   0.0%   0.002 AU:3    +
   63    75  0   0.0%   0.128 GU:2    --:1    +
   46    83  0   0.0%   0.134 UA:3    +
   38    93  0   0.0%   0.038 UG:3    +
   40   125  0   0.0%   0.552 GU:3    +
   31    93  0   0.0%   0.080 CG:3    +
   44    66  0   0.0%   0.304 AU:3    +
    9   158  1   0.0%   0.010 CG:1    UA:1    +
   63   103  1   0.0%   1.058 GC:1    GU:1    +
  117   141  0   0.0%   0.522 UA:3    +
   95   119  0   0.0%   1.390 AU:3    +
  101   142  1   0.0%   0.734 GC:1    GU:1    +
  112   128  0   0.0%   0.521 CG:3    +
  130   143  0   0.0%   0.730 UA:3    +
   85   125  0   0.0%   0.803 GU:3    +
   14    28  0   0.0%   0.002 CG:3    +
  145   161  0   0.0%   0.274 GC:3    +
    7   145  0   0.0%   0.095 CG:3    +
    6   157  0   0.0%   0.028 UG:3    +
  117   143  0   0.0%   0.525 UA:3    +
   58    81  0   0.0%   0.493 UG:3    +
   90   105  0   0.0%   1.087 GU:3    +
   66   109  0   0.0%   1.178 UA:3    +
   59   114  0   0.0%   0.908 CG:3    +
   35    73  0   0.0%   0.007 GC:3    +
   43   129  0   0.0%   1.400 GU:3    +
   86   123  0   0.0%   0.746 GC:3    +
   50    91  0   0.0%   0.296 AU:3    +
  110   119  0   0.0%   1.032 GU:3    +
   10   137  1   0.0%   0.005 GU:1    AU:1    +
    1   160  0   0.0%   0.099 GU:3    +
   47    75  0   0.0%   0.051 AU:2    --:1    +
   25    30  0   0.0%   0.001 CG:3    +
   65   108  0   0.0%   1.153 UG:3    +
  116   161  0   0.0%   0.518 GC:3    +
   38   107  0   0.0%   0.057 UG:3    +
   58   128  0   0.0%   0.954 UG:3    +
   97   114  0   0.0%   0.858 UG:3    +
   39    81  0   0.0%   0.136 UG:3    +
   81    96  0   0.0%   0.515 GC:3    +
   46    95  0   0.0%   0.156 UA:3    +
    6   135  0   0.0%   0.025 UG:3    +
    5   151  0   0.0%   0.035 GC:3    +
   69   106  0   0.0%   0.688 AU:3    +
   80   110  0   0.0%   0.645 CG:3    +
   75    85  0   0.0%   0.194 UG:2    --:1    +
   40    58  0   0.0%   0.143 GU:3    +
  109   125  0   0.0%   0.988 AU:3    +
  135   151  0   0.0%   0.486 GC:3    +
   49    81  0   0.0%   0.520 CG:3    +
   26    67  0   0.0%   0.002 CG:3    +
  130   135  0   0.0%   0.754 UG:3    +
  105   128  0   0.0%   0.814 UG:3    +
   36    69  0   0.0%   0.029 UA:3    +
    7   111  0   0.0%   0.105 CG:3    +
   47    65  0   0.0%   0.051 AU:3    +
   28   136  0   0.0%   0.552 GC:3    +
    5   117  0   0.0%   0.049 GU:3    +
  111   129  0   0.0%   1.101 GU:3    +
   95   105  0   0.0%   1.417 AU:3    +
   41   131  0   0.0%   0.818 CG:3    +
   22   125  0   0.0%   0.318 GU:3    +
   33   143  0   0.0%   0.470 UA:3    +
   70   105  0   0.0%   0.866 AU:3    +
   31   114  0   0.0%   0.100 CG:3    +
   50   119  0   0.0%   1.275 AU:3    +
   30   115  0   0.0%   0.100 GU:3    +
   33   132  0   0.0%   0.381 UG:3    +
  131   155  0   0.0%   0.406 GU:3    +
   85   105  0   0.0%   1.191 GU:3    +
  134   138  0   0.0%   0.175 UA:3    +
   29    38  0   0.0%   0.001 AU:3    +
   86    91  0   0.0%   0.916 GU:3    +
    5   113  0   0.0%   0.033 GU:3    +
   80   128  0   0.0%   0.389 CG:3    +
   81   127  0   0.0%   0.486 GU:3    +
   47    78  0   0.0%   0.052 AU:3    +
  116   136  0   0.0%   0.614 GC:3    +
  117   135  0   0.0%   0.650 UG:3    +
   14   157  0   0.0%   0.043 CG:3    +
   16   125  0   0.0%   0.026 GU:3    +
   40    65  0   0.0%   0.214 GU:3    +
   52   117  0   0.0%   0.995 AU:3    +
   32    38  0   0.0%   0.001 AU:3    +
  114   119  0   0.0%   0.954 GU:3    +
   28    39  0   0.0%   0.002 GU:3    +
   15   134  0   0.0%   0.039 AU:3    +
   67   112  0   0.0%   1.759 GC:3    +
   40    66  0   0.0%   0.214 GU:3    +
   36   132  0   0.0%   0.177 UG:3    +
   14   135  0   0.0%   0.034 CG:3    +
   23    97  0   0.0%   0.033 GU:3    +
   44   125  0   0.0%   0.991 AU:3    +
    4   138  0   0.0%   0.020 UA:3    +
  147   160  0   0.0%   0.713 GU:3    +
   28    46  0   0.0%   0.007 GU:3    +
   84   125  0   0.0%   0.634 AU:3    +
    4   118  0   0.0%   0.026 UG:3    +
   91   107  0   0.0%   1.737 UG:3    +
   39   111  0   0.0%   0.792 UG:3    +
   56   119  0   0.0%   1.144 AU:3    +
  105   140  0   0.0%   0.664 UA:3    +
   89   106  0   0.0%   1.158 GU:3    +
   31    35  0   0.0%   0.001 CG:3    +
   56    78  0   0.0%   0.237 AU:3    +
   50   148  0   0.0%   0.923 AU:3    +
   35    46  0   0.0%   0.003 GU:3    +
   15    20  0   0.0%   0.002 AU:3    +
   29    36  0   0.0%   0.001 AU:3    +
   49   149  0   0.0%   0.957 CG:3    +
  147   159  0   0.0%   0.572 GU:3    +
   34    65  0   0.0%   0.003 AU:3    +
   27    47  0   0.0%   0.007 UA:3    +
   59   131  0   0.0%   0.830 CG:3    +
   16   161  0   0.0%   0.626 GC:3    +
   20    24  0   0.0%   0.002 UA:3    +
  118   160  0   0.0%   0.770 GU:3    +
   17   160  0   0.0%   0.841 AU:3    +
  123   156  0   0.0%   0.325 CG:3    +
   11   129  0   0.0%   0.001 AU:3    +
  113   128  0   0.0%   0.351 UG:3    +
   69   117  0   0.0%   0.570 AU:3    +
   29   104  0   0.0%   0.036 AU:3    +
    6   145  0   0.0%   0.031 UG:3    +
   27   126  0   0.0%   0.109 UA:3    +
  104   141  0   0.0%   0.882 UA:3    +
  143   152  0   0.0%   0.498 AU:3    +
  140   155  0   0.0%   0.139 AU:3    +
   58   132  0   0.0%   0.969 UG:3    +
   28   129  0   0.0%   1.045 GU:3    +
  145   150  0   0.0%   0.486 GC:3    +
   28    73  0   0.0%   0.015 GC:3    +
   93   105  0   0.0%   1.414 GU:3    +
  111   136  0   0.0%   0.583 GC:3    +
  112   135  0   0.0%   0.506 CG:3    +
   28   105  0   0.0%   0.043 GU:3    +
  120   126  0   0.0%   0.890 UA:3    +
   35   130  0   0.0%   0.605 GU:3    +
  105   109  0   0.0%   1.277 UA:3    +
  118   159  0   0.0%   0.629 GU:3    +
   46    90  0   0.0%   0.155 UG:3    +
   56   134  0   0.0%   0.556 AU:3    +
   77    93  0   0.0%   0.787 CG:3    +
   38   126  0   0.0%   0.416 UA:3    +
   67   119  0   0.0%   2.100 GU:3    +
   56   113  0   0.0%   0.719 AU:3    +
   70   120  0   0.0%   0.907 AU:3    +
   36   110  0   0.0%   0.053 UG:3    +
   62    75  0   0.0%   0.133 GU:2    --:1    +
  126   148  0   0.0%   0.435 AU:3    +
  130   147  0   0.0%   0.837 UG:3    +
   34    58  0   0.0%   0.001 AU:3    +
  127   147  0   0.0%   0.548 UG:3    +
   39   116  0   0.0%   0.974 UG:3    +
  130   144  0   0.0%   0.825 UA:3    +
   27   138  0   0.0%   0.027 UA:3    +
   29    46  0   0.0%   0.001 AU:3    +
   86   104  0   0.0%   1.433 GU:3    +
   26    85  0   0.0%   0.002 CG:3    +
  129   145  0   0.0%   0.867 UG:3    +
   25    86  0   0.0%   0.001 CG:3    +
   13   158  1   0.0%   0.043 CG:1    UG:1    +
   25    43  0   0.0%   0.001 CG:3    +
   41    87  0   0.0%   0.152 CG:3    +
   66   143  0   0.0%   0.695 UA:3    +
    7   157  0   0.0%   0.092 CG:3    +
   65   144  0   0.0%   0.304 UA:3    +
   89   105  0   0.0%   1.051 GU:3    +
   84   106  0   0.0%   1.131 AU:3    +
  101   139  1   0.0%   0.808 GC:1    GU:1    +
   26    86  0   0.0%   0.002 CG:3    +
   25    87  0   0.0%   0.002 CG:3    +
   27    84  0   0.0%   0.013 UA:3    +
    5   159  0   0.0%   0.035 GU:3    +
   42    86  1   0.0%   0.077 CG:1    UG:1    +
   29   134  0   0.0%   0.467 AU:3    +
  143   148  0   0.0%   0.281 AU:3    +
   31    86  0   0.0%   0.072 CG:3    +
   36   128  0   0.0%   0.172 UG:3    +
   48    74  1   0.0%   0.431 UG:1    UA:1    +
    9    19  1   0.0%   0.007 CG:1    UG:1    +
  120   132  0   0.0%   0.809 UG:3    +
   98   129  0   0.0%   1.436 AU:3    +
   31   132  0   0.0%   0.513 CG:3    +
    6   140  0   0.0%   0.025 UA:3    +
    5   150  0   0.0%   0.035 GC:3    +
   27    85  0   0.0%   0.013 UG:3    +
   36   116  0   0.0%   0.486 UG:3    +
   30    59  0   0.0%   0.071 GC:3    +
    9   110  1   0.0%   0.027 CG:1    UG:1    +
  114   120  0   0.0%   0.912 GU:3    +
   32   113  0   0.0%   0.085 AU:3    +
    4   141  0   0.0%   0.021 UA:3    +
   42   132  1   0.0%   0.757 CG:1    UG:1    +
   56   125  0   0.0%   0.816 AU:3    +
    1    20  0   0.0%   0.067 GU:3    +
   89   123  0   0.0%   0.581 GC:3    +
   44   127  0   0.0%   1.003 AU:3    +
   31    81  0   0.0%   0.072 CG:3    +
   33   140  0   0.0%   0.465 UA:3    +
   58   126  0   0.0%   1.050 UA:3    +
    6    30  0   0.0%   0.003 UG:3    +
    8    20  0   0.0%   0.002 AU:3    +
  125   149  0   0.0%   0.302 UG:3    +
   36   109  0   0.0%   0.056 UA:3    +
   32    91  0   0.0%   0.094 AU:3    +
  118   134  0   0.0%   0.604 GU:3    +
   30    36  0   0.0%   0.001 GU:3    +
   16    20  0   0.0%   0.002 GU:3    +
   46   114  0   0.0%   0.334 UG:3    +
   52    91  0   0.0%   0.114 AU:3    +
   96   128  0   0.0%   0.815 CG:3    +
   47   113  0   0.0%   0.205 AU:3    +
   27    87  0   0.0%   0.013 UG:3    +
   49    90  0   0.0%   0.557 CG:3    +
   83   125  0   0.0%   0.770 AU:3    +
   83    97  0   0.0%   0.735 AU:3    +
   53   117  0   0.0%   0.829 AU:3    +
   59   132  0   0.0%   0.833 CG:3    +
   24    46  0   0.0%   0.002 AU:3    +
   46   140  0   0.0%   0.269 UA:3    +
   65   126  0   0.0%   0.392 UA:3    +
   28   148  0   0.0%   0.718 GU:3    +
  129   144  0   0.0%   0.857 UA:3    +
   52    78  0   0.0%   0.075 AU:3    +
   15   125  0   0.0%   0.024 AU:3    +
   36    52  0   0.0%   0.004 UA:3    +
    2    35  0   0.0%   0.001 CG:3    +
   91   140  0   0.0%   0.660 UA:3    +
   87    97  0   0.0%   0.876 GU:3    +
   26   135  0   0.0%   0.108 CG:3    +
  116   129  0   0.0%   1.132 GU:3    +
   90   106  0   0.0%   1.194 GU:3    +
    9   131  1   0.0%   0.008 CG:1    UG:1    +
   43   117  0   0.0%   1.200 GU:3    +
   41   116  0   0.0%   1.128 CG:3    +
   58   110  0   0.0%   1.086 UG:3    +
   26   110  0   0.0%   0.042 CG:3    +
   40   117  0   0.0%   0.756 GU:3    +
  108   112  0   0.0%   1.440 GC:3    +
    2   157  0   0.0%   0.035 CG:3    +
   35    77  0   0.0%   0.007 GC:3    +
   97   143  0   0.0%   0.601 UA:3    +
  106   128  0   0.0%   0.953 UG:3    +
   34    78  0   0.0%   0.002 AU:3    +
   35   127  0   0.0%   0.315 GU:3    +
   30    49  0   0.0%   0.077 GC:3    +
    1    36  0   0.0%   0.067 GU:3    +
  114   125  0   0.0%   0.539 GU:3    +
   77   131  0   0.0%   0.541 CG:3    +
   31   147  0   0.0%   0.647 CG:3    +
   49   111  0   0.0%   1.030 CG:3    +
   27    52  0   0.0%   0.012 UA:3    +
   36   126  0   0.0%   0.259 UA:3    +
   30   148  0   0.0%   0.665 GU:3    +
  127   132  0   0.0%   0.504 UG:3    +
    7   147  0   0.0%   0.093 CG:3    +
  119   128  0   0.0%   0.836 UG:3    +
   25   111  0   0.0%   0.044 CG:3    +
    4   153  0   0.0%   0.025 UA:3    +
  113   126  0   0.0%   0.447 UA:3    +
   38   132  0   0.0%   0.335 UG:3    +
  112   149  0   0.0%   0.381 CG:3    +
  111   150  0   0.0%   0.628 GC:3    +
  110   151  0   0.0%   0.685 GC:3    +
    4   144  0   0.0%   0.024 UA:3    +
   43   125  0   0.0%   1.045 GU:3    +
  140   148  0   0.0%   0.251 AU:3    +
   44    97  0   0.0%   0.330 AU:3    +
   14   132  0   0.0%   0.038 CG:3    +
  145   159  0   0.0%   0.269 GU:3    +
   27   109  0   0.0%   0.038 UA:3    +
  149   161  0   0.0%   0.125 GC:3    +
   36    43  0   0.0%   0.005 UG:3    +
   20   149  0   0.0%   0.119 UG:3    +
   95   129  0   0.0%   1.412 AU:3    +
   81   104  0   0.0%   0.780 GU:3    +
   39   135  0   0.0%   0.757 UG:3    +
  114   129  0   0.0%   0.921 GU:3    +
    7   132  0   0.0%   0.091 CG:3    +
    2   128  0   0.0%   0.029 CG:3    +
  134   145  0   0.0%   0.184 UG:3    +
  107   113  0   0.0%   1.329 GU:3    +
  108   150  0   0.0%   1.447 GC:3    +
  107   151  0   0.0%   1.407 GC:3    +
  104   110  0   0.0%   1.284 UG:3    +
   29   125  0   0.0%   0.580 AU:3    +
   35    42  1   0.0%   0.008 GC:1    GU:1    +
    1   120  0   0.0%   0.093 GU:3    +
   66   126  0   0.0%   0.931 UA:3    +
  109   152  0   0.0%   1.110 AU:3    +
   39    70  0   0.0%   0.136 UA:3    +
   47   115  0   0.0%   0.382 AU:3    +
   28   134  0   0.0%   0.556 GU:3    +
   91   114  0   0.0%   0.927 UG:3    +
   23    59  0   0.0%   0.002 GC:3    +
   27    68  0   0.0%   0.013 UA:3    +
   33    90  0   0.0%   0.023 UG:3    +
   83   127  0   0.0%   0.813 AU:3    +
  112   131  0   0.0%   0.533 CG:3    +
  109   134  0   0.0%   0.733 AU:3    +
   46   116  0   0.0%   0.513 UG:3    +
   53    78  0   0.0%   0.136 AU:3    +
  127   144  0   0.0%   0.535 UA:3    +
   26    30  0   0.0%   0.001 CG:3    +
    1   129  0   0.0%   0.093 GU:3    +
   56    75  0   0.0%   0.272 AU:2    --:1    +
   30   130  0   0.0%   0.973 GU:3    +
   34    39  0   0.0%   0.069 AU:3    +
   67    75  0   0.0%   0.487 GU:2    --:1    +
    1   159  0   0.0%   0.099 GU:3    +
   28   106  0   0.0%   0.043 GU:3    +
   58    83  0   0.0%   0.485 UA:3    +
   39   118  0   0.0%   0.998 UG:3    +
    2    22  0   0.0%   0.000 CG:3    +
   43   136  0   0.0%   1.104 GC:3    +
   97   132  0   0.0%   0.762 UG:3    +
   28    91  0   0.0%   0.034 GU:3    +
   24    58  0   0.0%   0.002 AU:3    +
  144   160  0   0.0%   0.486 AU:3    +
   59   111  0   0.0%   0.946 CG:3    +
   43   134  0   0.0%   0.986 GU:3    +
   20    52  0   0.0%   0.002 UA:3    +
   30   120  0   0.0%   0.949 GU:3    +
    6   114  0   0.0%   0.041 UG:3    +
   28   125  0   0.0%   0.692 GU:3    +
   65   107  0   0.0%   1.076 UG:3    +
   33    56  0   0.0%   0.000 UA:3    +
   32   130  0   0.0%   0.923 AU:3    +
    7    35  0   0.0%   0.065 CG:3    +
   44   134  0   0.0%   0.938 AU:3    +
   39   131  0   0.0%   0.663 UG:3    +
  113   141  0   0.0%   0.207 UA:3    +
   29   105  0   0.0%   0.036 AU:3    +
   42    85  1   0.0%   0.077 CG:1    UG:1    +
   41    86  0   0.0%   0.153 CG:3    +
    7   118  0   0.0%   0.096 CG:3    +
   32    58  0   0.0%   0.069 AU:3    +
   31   131  0   0.0%   0.510 CG:3    +
    8   117  0   0.0%   0.026 AU:3    +
   93   123  0   0.0%   0.948 GC:3    +
   98   125  0   0.0%   1.057 AU:3    +
   93   120  0   0.0%   1.337 GU:3    +
   16    25  0   0.0%   0.002 GC:3    +
   75   109  0   0.0%   0.675 UA:2    --:1    +
   43    65  0   0.0%   0.348 GU:3    +
    9   116  1   0.0%   0.028 CG:1    UG:1    +
   36   141  0   0.0%   0.259 UA:3    +
    4   126  0   0.0%   0.020 UA:3    +
   28   112  0   0.0%   0.040 GC:3    +
   97   126  0   0.0%   0.831 UA:3    +
   17   134  0   0.0%   0.583 AU:3    +
   69   115  0   0.0%   0.461 AU:3    +
   17   105  0   0.0%   0.048 AU:3    +
   46    87  0   0.0%   0.132 UG:3    +
   36   138  0   0.0%   0.378 UA:3    +
   27   116  0   0.0%   0.035 UG:3    +
  147   152  0   0.0%   0.955 GU:3    +
   27   141  0   0.0%   0.029 UA:3    +
   28    77  0   0.0%   0.015 GC:3    +
   96   131  0   0.0%   0.826 CG:3    +
   68   117  0   0.0%   1.193 AU:3    +
  147   151  0   0.0%   0.790 GC:3    +
   39   132  0   0.0%   0.666 UG:3    +
   97   108  0   0.0%   1.756 UG:3    +
   40    97  0   0.0%   0.256 GU:3    +
   40    94  1   0.5%   0.300 GC:2    +
   48    53  1   0.5%   0.266 UA:2    +
   12   109  1   0.4%   0.071 UA:2    +
   48   126  1   0.4%   0.896 UA:2    +
   24   133  1   0.4%   0.323 AU:2    +
   19   102  1   0.4%   0.070 GC:2    +
  126   142  1   0.4%   0.352 AU:2    +
   46    55  1   0.3%   0.143 UG:2    +
   52    76  1   0.3%   0.114 AU:2    +
   49   101  1   0.3%   0.674 CG:2    +
   20   101  1   0.3%   0.066 UG:2    +
   23    92  1   0.3%   0.059 GC:2    +
   48   109  1   0.3%   1.082 UA:2    +
   79   109  1   0.3%   1.221 UA:2    +
   46    57  1   0.2%   0.145 UA:2    +
  123   158  1   0.2%   0.391 CG:2    +
   86   100  1   0.2%   0.741 GU:2    +
   22    99  1   0.2%   0.060 GU:2    +
   47    51  1   0.2%   0.074 AU:2    +
    3   115  1   0.2%   0.058 AU:2    +
   50   100  1   0.2%   0.432 AU:2    +
   37    67  1   0.2%   0.066 CG:2    +
   45   127  1   0.2%   0.700 AU:2    +
  137   143  1   0.2%   0.262 UA:2    +
  138   142  1   0.2%   0.303 AU:2    +
  139   143  1   0.2%   0.284 UA:2    +
   60    89  1   0.2%   0.118 UG:2    +
   71   118  1   0.2%   0.882 CG:2    +
   43    92  1   0.2%   0.415 GC:2    +
   51    57  1   0.2%   0.100 UA:2    +
   63    72  1   0.2%   0.113 GC:2    +
   62    73  1   0.2%   0.159 GC:2    +
   45   129  1   0.2%   1.154 AU:2    +
   71   116  1   0.2%   0.845 CG:2    +
  138   146  1   0.2%   0.277 AU:2    +
   93   100  1   0.2%   0.876 GU:2    +
   55    59  1   0.2%   0.465 GC:2    +
   87   100  1   0.2%   0.781 GU:2    +
   54    62  1   0.1%   0.268 UG:2    +
   68    76  1   0.1%   0.428 AU:2    +
   37   114  1   0.1%   0.386 CG:2    +
   76    90  1   0.1%   0.534 UG:2    +
   47   103  1   0.1%   0.137 AU:2    +
   44   122  1   0.1%   1.058 AU:2    +
   50    88  1   0.1%   0.279 AU:2    +
   44   103  1   0.1%   0.374 AU:2    +
    3   113  1   0.1%   0.025 AU:2    +
   21    97  1   0.1%   0.024 AU:2    +
   37   135  1   0.1%   0.360 CG:2    +
   29   122  1   0.1%   0.669 AU:2    +
   55   105  1   0.1%   1.164 GU:2    +
   60    98  1   0.1%   0.434 UA:2    +
   64    85  1   0.1%   0.105 CG:2    +
   55    60  1   0.1%   0.306 GU:2    +
   55    80  1   0.1%   0.350 GC:2    +
   76    83  1   0.1%   0.076 UA:2    +
   57   105  1   0.1%   0.850 AU:2    +
   94   135  1   0.1%   1.099 CG:2    +
   45    58  1   0.1%   0.223 AU:2    +
   96   101  1   0.1%   1.316 CG:2    +
   29    48  1   0.1%   0.019 AU:2    +
   56    79  1   0.1%   0.256 AU:2    +
    3   117  1   0.1%   0.053 AU:2    +
   82   101  1   0.1%   0.425 UG:2    +
   83   100  1   0.1%   0.603 AU:2    +
   84    99  1   0.1%   0.554 AU:2    +
   45    51  1   0.1%   0.046 AU:2    +
   53    82  1   0.1%   0.153 AU:2    +
   81   102  1   0.1%   0.482 GC:2    +
   53    60  1   0.1%   0.113 AU:2    +
  126   154  1   0.1%   0.675 AU:2    +
   47    88  1   0.1%   0.069 AU:2    +
   55   121  1   0.1%   1.191 GC:2    +
   51    56  1   0.1%   0.278 UA:2    +
   63    77  1   0.1%   0.105 GC:2    +
   55    64  1   0.1%   0.359 GC:2    +
   44   100  1   0.1%   0.351 AU:2    +
   60    84  1   0.1%   0.050 UA:2    +
   47   100  1   0.1%   0.106 AU:2    +
  140   146  1   0.1%   0.151 AU:2    +
   45   105  1   0.1%   0.846 AU:2    +
   46   101  1   0.1%   0.176 UG:2    +
   67    99  1   0.1%   1.835 GU:2    +
   37    85  1   0.1%   0.050 CG:2    +
   44    79  1   0.1%   0.317 AU:2    +
  102   128  1   0.1%   0.949 CG:2    +
   57    91  1   0.0%   0.139 AU:2    +
   57   119  1   0.0%   0.906 AU:2    +
   57    78  1   0.0%   0.045 AU:2    +
   19    99  1   0.0%   0.013 GU:2    +
  139   144  1   0.0%   0.508 UA:2    +
   56    60  1   0.0%   0.256 AU:2    +
   17   154  1   0.0%   0.971 AU:2    +
   55    66  1   0.0%   0.387 GU:2    +
   28    92  1   0.0%   0.044 GC:2    +
   38    45  1   0.0%   0.011 UA:2    +
   64    86  1   0.0%   0.105 CG:2    +
  102   111  1   0.0%   1.123 CG:2    +
   60    85  1   0.0%   0.055 UG:2    +
  101   112  1   0.0%   0.967 GC:2    +
  101   129  1   0.0%   1.350 GU:2    +
   41    62  1   0.0%   0.084 CG:2    +
  126   139  1   0.0%   0.377 AU:2    +
   70   100  1   0.0%   0.559 AU:2    +
   54    63  1   0.0%   0.259 UG:2    +
   57    65  1   0.0%   0.047 AU:2    +
   68   122  1   0.0%   0.949 AU:2    +
   60    74  1   0.0%   0.080 UA:2    +
   57   100  1   0.0%   0.484 AU:2    +
   57   106  1   0.0%   0.909 AU:2    +
  102   107  1   0.0%   1.919 CG:2    +
   49    62  1   0.0%   0.495 CG:2    +
   94   118  1   0.0%   1.443 CG:2    +
   37    43  1   0.0%   0.010 CG:2    +
   32    88  1   0.0%   0.076 AU:2    +
   40   102  1   0.0%   0.274 GC:2    +
   52    60  1   0.0%   0.059 AU:2    +
   41   101  1   0.0%   0.203 CG:2    +
   45    78  1   0.0%   0.056 AU:2    +
   63    91  1   0.0%   0.197 GU:2    +
   62    92  1   0.0%   0.195 GC:2    +
   63   123  1   0.0%   0.793 GC:2    +
   62    88  1   0.0%   0.123 GU:2    +
   60    95  1   0.0%   0.239 UA:2    +
   44    76  1   0.0%   0.308 AU:2    +
   55   123  1   0.0%   0.943 GC:2    +
   68    99  1   0.0%   1.037 AU:2    +
   94   111  1   0.0%   1.275 CG:2    +
   60    68  1   0.0%   0.406 UA:2    +
   67   100  1   0.0%   1.737 GU:2    +
  150   158  1   0.0%   0.284 CG:2    +
   43    60  1   0.0%   0.352 GU:2    +
   57    88  1   0.0%   0.057 AU:2    +
   64    90  1   0.0%   0.137 CG:2    +
   44    51  1   0.0%   0.163 AU:2    +
   67    71  1   0.0%   0.416 GC:2    +
   56   122  1   0.0%   0.788 AU:2    +
   50    60  1   0.0%   0.166 AU:2    +
   52   100  1   0.0%   0.268 AU:2    +
   51   101  1   0.0%   0.337 UG:2    +
   48    52  1   0.0%   0.176 UA:2    +
   53    99  1   0.0%   0.279 AU:2    +
   94   107  1   0.0%   2.029 CG:2    +
  133   141  1   0.0%   0.218 UA:2    +
   29   137  1   0.0%   0.467 AU:2    +
   41    55  1   0.0%   0.099 CG:2    +
   30    64  1   0.0%   0.074 GC:2    +
   55   104  1   0.0%   1.299 GU:2    +
   31    63  1   0.0%   0.074 CG:2    +
   54    98  1   0.0%   0.610 UA:2    +
   52   103  1   0.0%   0.272 AU:2    +
   54    70  1   0.0%   0.198 UA:2    +
   99   114  1   0.0%   0.721 UG:2    +
   44    60  1   0.0%   0.308 AU:2    +
   95   133  1   0.0%   0.914 AU:2    +
   15   154  1   0.0%   0.039 AU:2    +
   43   102  1   0.0%   0.398 GC:2    +
   34    60  1   0.0%   0.004 AU:2    +
   55    72  1   0.0%   0.289 GC:2    +
   11   133  1   0.0%   0.005 AU:2    +
   92   107  1   0.0%   1.402 CG:2    +
   57    66  1   0.0%   0.134 AU:2    +
   25   158  1   0.0%   0.310 CG:2    +
   18   100  1   0.0%   0.004 AU:2    +
   19   151  1   0.0%   0.243 GC:2    +
   60    86  1   0.0%   0.057 UG:2    +
   55    96  1   0.0%   0.563 GC:2    +
   48    98  1   0.0%   0.462 UA:2    +
   55    97  1   0.0%   0.721 GU:2    +
   39    45  1   0.0%   0.081 UA:2    +
   47    99  1   0.0%   0.097 AU:2    +
   47    60  1   0.0%   0.057 AU:2    +
   39    55  1   0.0%   0.157 UG:2    +
   34    88  1   0.0%   0.007 AU:2    +
   60    69  1   0.0%   0.038 UA:2    +
    3   146  1   0.0%   0.035 AU:2    +
   54   101  1   0.0%   0.551 UG:2    +
   19    96  1   0.0%   0.004 GC:2    +
   51    55  1   0.0%   0.307 UG:2    +
   50   103  1   0.0%   0.424 AU:2    +
   55   100  1   0.0%   0.595 GU:2    +
    3    27  1   0.0%   0.003 AU:2    +
   90   102  1   0.0%   0.998 GC:2    +
   68   100  1   0.0%   0.938 AU:2    +
    3   134  1   0.0%   0.031 AU:2    +
   62    94  1   0.0%   0.295 GC:2    +
   45   106  1   0.0%   0.758 AU:2    +
   94   116  1   0.0%   1.426 CG:2    +
   22    94  1   0.0%   0.004 GC:2    +
   69    88  1   0.0%   0.079 AU:2    +
   62   100  1   0.0%   0.430 GU:2    +
   44    54  1   0.0%   0.144 AU:2    +
   51    84  1   0.0%   0.074 UA:2    +
   54    69  1   0.0%   0.189 UA:2    +
   76    89  1   0.0%   0.407 UG:2    +
   95    99  1   0.0%   1.069 AU:2    +
   59   101  1   0.0%   0.621 CG:2    +
   63   112  1   0.0%   0.871 GC:2    +
   55   113  1   0.0%   0.930 GU:2    +
   64    81  1   0.0%   0.088 CG:2    +
   92   118  1   0.0%   0.810 CG:2    +
   54    68  1   0.0%   0.272 UA:2    +
   60    70  1   0.0%   0.043 UA:2    +
   76    81  1   0.0%   0.084 UG:2    +
  102   108  1   0.0%   1.957 CG:2    +
  133   138  1   0.0%   0.310 UA:2    +
   98   103  1   0.0%   1.380 AU:2    +
   64   111  1   0.0%   0.836 CG:2    +
   53    76  1   0.0%   0.156 AU:2    +
   63    82  1   0.0%   0.106 GU:2    +
   84   100  1   0.0%   0.452 AU:2    +
  101   127  1   0.0%   1.005 GU:2    +
    3   148  1   0.0%   0.033 AU:2    +
   70    76  1   0.0%   0.052 AU:2    +
   31   101  1   0.0%   0.095 CG:2    +
   30   102  1   0.0%   0.095 GC:2    +
   62   123  1   0.0%   0.654 GC:2    +
   69    99  1   0.0%   0.413 AU:2    +
   59    63  1   0.0%   0.262 CG:2    +
   70   103  1   0.0%   0.766 AU:2    +
  100   128  1   0.0%   0.615 UG:2    +
   93    99  1   0.0%   0.975 GU:2    +
   29   103  1   0.0%   0.036 AU:2    +
   69    76  1   0.0%   0.050 AU:2    +
   60    67  1   0.0%   0.437 UG:2    +
   37   132  1   0.0%   0.255 CG:2    +
   47    76  1   0.0%   0.053 AU:2    +
   69   100  1   0.0%   0.315 AU:2    +
   28    94  1   0.0%   0.021 GC:2    +
   64    87  1   0.0%   0.103 CG:2    +
   60    93  1   0.0%   0.142 UG:2    +
   65   101  1   0.0%   0.536 UG:2    +
   62    77  1   0.0%   0.098 GC:2    +
   51    63  1   0.0%   0.136 UG:2    +
   48    69  1   0.0%   0.434 UA:2    +
  133   144  1   0.0%   0.309 UA:2    +
   76    84  1   0.0%   0.067 UA:2    +
    3    20  1   0.0%   0.002 AU:2    +
   55    65  1   0.0%   0.292 GU:2    +
   70    79  1   0.0%   0.070 AU:2    +
   63    76  1   0.0%   0.113 GU:2    +
   63    97  1   0.0%   0.527 GU:2    +
   63    88  1   0.0%   0.116 GU:2    +
   56    99  1   0.0%   0.427 AU:2    +
   62    99  1   0.0%   0.524 GU:2    +
   52    99  1   0.0%   0.357 AU:2    +
    8   139  1   0.0%   0.010 AU:2    +
   68    88  1   0.0%   0.449 AU:2    +
   51    62  1   0.0%   0.134 UG:2    +
   12    19  1   0.0%   0.002 UG:2    +
   69    79  1   0.0%   0.107 AU:2    +
   21   127  1   0.0%   0.325 AU:2    +
   56   103  1   0.0%   0.658 AU:2    +
   32    99  1   0.0%   0.090 AU:2    +
  100   107  1   0.0%   1.595 UG:2    +
   35    71  1   0.0%   0.007 GC:2    +
   58    63  1   0.0%   0.268 UG:2    +
  137   141  1   0.0%   0.226 UA:2    +
   51    95  1   0.0%   0.099 UA:2    +
   83   103  1   0.0%   0.800 AU:2    +
   60   109  1   0.0%   0.663 UA:2    +
   23    37  1   0.0%   0.002 GC:2    +
   43   100  1   0.0%   0.390 GU:2    +
   64   110  1   0.0%   0.839 CG:2    +
   43    71  1   0.0%   0.348 GC:2    +
   32   100  1   0.0%   0.091 AU:2    +
   56    76  1   0.0%   0.257 AU:2    +
   40    60  1   0.0%   0.147 GU:2    +
   70    99  1   0.0%   0.650 AU:2    +
   92   108  1   0.0%   1.454 CG:2    +
   21    39  1   0.0%   0.001 AU:2    +
    3    12  1   0.0%   0.001 AU:2    +
   19    41  1   0.0%   0.002 GC:2    +
   21    27  1   0.0%   0.002 AU:2    +
   24    48  1   0.0%   0.003 AU:2    +
   22   122  1   0.0%   0.155 GU:2    +
    8   137  1   0.0%   0.008 AU:2    +
   55    77  1   0.0%   0.329 GC:2    +
   54    84  1   0.0%   0.236 UA:2    +
   71    89  1   0.0%   0.159 CG:2    +
   12    24  1   0.0%   0.003 UA:2    +
   49    63  1   0.0%   0.495 CG:2    +
   71    81  1   0.0%   0.043 CG:2    +
   85    99  1   0.0%   0.716 GU:2    +
   81    88  1   0.0%   0.276 GU:2    +
   71   114  1   0.0%   0.599 CG:2    +
   38    57  1   0.0%   0.027 UA:2    +
   45   130  1   0.0%   1.093 AU:2    +
  101   106  1   0.0%   1.491 GU:2    +
   95   146  1   0.0%   0.778 AU:2    +
   62   112  1   0.0%   0.736 GC:2    +
   53   100  1   0.0%   0.185 AU:2    +
   94   147  1   0.0%   1.128 CG:2    +
    3   160  1   0.0%   0.032 AU:2    +
   17   122  1   0.0%   0.025 AU:2    +
   92   110  1   0.0%   0.724 CG:2    +
   83    99  1   0.0%   0.685 AU:2    +
   95   103  1   0.0%   1.389 AU:2    +
   44    99  1   0.0%   0.338 AU:2    +
   45   120  1   0.0%   1.023 AU:2    +
   27    45  1   0.0%   0.007 UA:2    +
  108   122  1   0.0%   1.412 GU:2    +
   30    88  1   0.0%   0.072 GU:2    +
   47   122  1   0.0%   0.396 AU:2    +
   63    92  1   0.0%   0.187 GC:2    +
   90    94  1   0.0%   1.010 GC:2    +
  122   132  1   0.0%   0.511 UG:2    +
   48    95  1   0.0%   0.466 UA:2    +
   71    86  1   0.0%   0.022 CG:2    +
   91   101  1   0.0%   1.108 UG:2    +
   86    99  1   0.0%   0.796 GU:2    +
   50    76  1   0.0%   0.249 AU:2    +
   62   102  1   0.0%   0.309 GC:2    +
   97   101  1   0.0%   1.243 UG:2    +
  126   137  1   0.0%   0.380 AU:2    +
   40   122  1   0.0%   0.580 GU:2    +
   85   100  1   0.0%   0.618 GU:2    +
   55   117  1   0.0%   1.250 GU:2    +
   92   149  1   0.0%   0.331 CG:2    +
   29   154  1   0.0%   0.878 AU:2    +
   67    76  1   0.0%   0.473 GU:2    +
   37   128  1   0.0%   0.249 CG:2    +
   23    94  1   0.0%   0.022 GC:2    +
   24   146  1   0.0%   0.284 AU:2    +
   87    94  1   0.0%   1.035 GC:2    +
  133   153  1   0.0%   0.709 UA:2    +
   94   108  1   0.0%   2.079 CG:2    +
   76   109  1   0.0%   0.733 UA:2    +
   63    73  1   0.0%   0.143 GC:2    +
   51    69  1   0.0%   0.070 UA:2    +
   62    80  1   0.0%   0.110 GC:2    +
   45   125  1   0.0%   0.649 AU:2    +
   54   126  1   0.0%   0.732 UA:2    +
   94   149  1   0.0%   0.967 CG:2    +
   70    82  1   0.0%   0.032 AU:2    +
  100   109  1   0.0%   1.083 UA:2    +
   94   110  1   0.0%   1.349 CG:2    +
   56    88  1   0.0%   0.257 AU:2    +
   55   125  1   0.0%   1.029 GU:2    +
   99   107  1   0.0%   1.575 UG:2    +
   54   109  1   0.0%   0.859 UA:2    +
   88    93  1   0.0%   0.732 UG:2    +
   53   133  1   0.0%   0.478 AU:2    +
  103   109  1   0.0%   1.246 UA:2    +
  103   126  1   0.0%   0.876 UA:2    +
  101   105  1   0.0%   1.349 GU:2    +
   43    64  1   0.0%   0.416 GC:2    +
   47   133  1   0.0%   0.346 AU:2    +
   57   129  1   0.0%   0.945 AU:2    +
   57    82  1   0.0%   0.045 AU:2    +
   60    87  1   0.0%   0.059 UG:2    +
  102   110  1   0.0%   1.191 CG:2    +
   60   114  1   0.0%   0.411 UG:2    +
   60   126  1   0.0%   0.415 UA:2    +
   47    82  1   0.0%   0.054 AU:2    +
   51    83  1   0.0%   0.072 UA:2    +
   39    57  1   0.0%   0.135 UA:2    +
   69   103  1   0.0%   0.525 AU:2    +
  103   141  1   0.0%   0.638 UA:2    +
   50   122  1   0.0%   0.909 AU:2    +
   63    79  1   0.0%   0.104 GU:2    +
   62    82  1   0.0%   0.109 GU:2    +
   56    82  1   0.0%   0.250 AU:2    +
   58   101  1   0.0%   0.792 UG:2    +
   64   128  1   0.0%   0.705 CG:2    +
   30    94  1   0.0%   0.074 GC:2    +
   88   138  1   0.0%   0.523 UA:2    +
  100   143  1   0.0%   0.474 UA:2    +
   53   122  1   0.0%   0.568 AU:2    +
   81   100  1   0.0%   0.318 GU:2    +
   63   100  1   0.0%   0.569 GU:2    +
   35    64  1   0.0%   0.008 GC:2    +
    3   155  1   0.0%   0.031 AU:2    +
   62    76  1   0.0%   0.117 GU:2    +
   32    48  1   0.0%   0.075 AU:2    +
   48    70  1   0.0%   0.440 UA:2    +
   51    68  1   0.0%   0.154 UA:2    +
   45    65  1   0.0%   0.050 AU:2    +
   37   131  1   0.0%   0.251 CG:2    +
   76    85  1   0.0%   0.165 UG:2    +
   63   129  1   0.0%   1.255 GU:2    +
   80   101  1   0.0%   0.502 CG:2    +
   63   115  1   0.0%   0.994 GU:2    +
   99   144  1   0.0%   0.604 UA:2    +
    3    39  1   0.0%   0.002 AU:2    +
   64    89  1   0.0%   0.137 CG:2    +
   37    62  1   0.0%   0.024 CG:2    +
   64   114  1   0.0%   0.796 CG:2    +
   37   108  1   0.0%   0.066 CG:2    +
   38    55  1   0.0%   0.046 UG:2    +
   63   105  1   0.0%   1.157 GU:2    +
   82    98  1   0.0%   0.654 UA:2    +
   63    80  1   0.0%   0.105 GC:2    +
   85    92  1   0.0%   0.669 GC:2    +
   52    82  1   0.0%   0.077 AU:2    +
   82    95  1   0.0%   0.487 UA:2    +
   87    92  1   0.0%   0.673 GC:2    +
   99   108  1   0.0%   1.616 UG:2    +
  107   122  1   0.0%   1.373 GU:2    +
   57    97  1   0.0%   0.211 AU:2    +
   55   127  1   0.0%   1.072 GU:2    +
   67   122  1   0.0%   1.740 GU:2    +
   45    66  1   0.0%   0.050 AU:2    +
   51    70  1   0.0%   0.077 UA:2    +
   43    88  1   0.0%   0.361 GU:2    +
   23   122  1   0.0%   0.152 GU:2    +
   87   122  1   0.0%   0.794 GU:2    +
   51   109  1   0.0%   0.628 UA:2    +
   34   142  1   0.0%   0.422 AU:2    +
   89    99  1   0.0%   0.762 GU:2    +
   19    25  1   0.0%   0.002 GC:2    +
   67    88  1   0.0%   0.523 GU:2    +
   30    37  1   0.0%   0.001 GC:2    +
   36    57  1   0.0%   0.020 UA:2    +
   57   120  1   0.0%   0.855 AU:2    +
   82   126  1   0.0%   0.309 UA:2    +
    3    33  1   0.0%   0.002 AU:2    +
   46    63  1   0.0%   0.187 UG:2    +
   45    91  1   0.0%   0.086 AU:2    +
   36    63  1   0.0%   0.022 UG:2    +
   99   128  1   0.0%   0.595 UG:2    +
   99   110  1   0.0%   0.851 UG:2    +
  142   153  1   0.0%   0.606 UA:2    +
   50    79  1   0.0%   0.251 AU:2    +
   28    37  1   0.0%   0.002 GC:2    +
   39    63  1   0.0%   0.137 UG:2    +
  133   140  1   0.0%   0.203 UA:2    +
   76   114  1   0.0%   0.545 UG:2    +
  122   143  1   0.0%   0.351 UA:2    +
   55   120  1   0.0%   1.306 GU:2    +
   63   125  1   0.0%   0.876 GU:2    +
  141   154  1   0.0%   0.701 AU:2    +
   16   102  1   0.0%   0.001 GC:2    +
   60   108  1   0.0%   1.177 UG:2    +
   36    55  1   0.0%   0.006 UG:2    +
   38    63  1   0.0%   0.030 UG:2    +
  141   146  1   0.0%   0.154 AU:2    +
   57   133  1   0.0%   0.442 AU:2    +
   76   108  1   0.0%   1.248 UG:2    +
   26    62  1   0.0%   0.002 CG:2    +
  122   126  1   0.0%   0.592 UA:2    +
   19    26  1   0.0%   0.001 GC:2    +
   25    63  1   0.0%   0.001 CG:2    +
   60    90  1   0.0%   0.101 UG:2    +
   98   142  1   0.0%   0.832 AU:2    +
   57    76  1   0.0%   0.054 AU:2    +
   63   120  1   0.0%   1.163 GU:2    +
   99   141  1   0.0%   0.453 UA:2    +
   28   122  1   0.0%   0.759 GU:2    +
    3   119  1   0.0%   0.034 AU:2    +
   85    94  1   0.0%   1.030 GC:2    +
  122   131  1   0.0%   0.508 UG:2    +
    2    19  1   0.0%   0.000 CG:2    +
   81    99  1   0.0%   0.417 GU:2    +
   43    99  1   0.0%   0.388 GU:2    +
  100   140  1   0.0%   0.469 UA:2    +
   30    92  1   0.0%   0.094 GC:2    +
   36    45  1   0.0%   0.004 UA:2    +
   64   145  1   0.0%   0.722 CG:2    +
  100   108  1   0.0%   1.635 UG:2    +
   28    88  1   0.0%   0.015 GU:2    +
   40    92  1   0.0%   0.241 GC:2    +
   64   118  1   0.0%   1.034 CG:2    +
  122   157  1   0.0%   0.351 UG:2    +
   63   136  1   0.0%   0.733 GC:2    +
   64   135  1   0.0%   0.689 CG:2    +
   71   107  1   0.0%   1.289 CG:2    +
  122   144  1   0.0%   0.500 UA:2    +
  122   135  1   0.0%   0.491 UG:2    +
   40    88  1   0.0%   0.222 GU:2    +
   60   116  1   0.0%   0.625 UG:2    +
   43    94  1   0.0%   0.398 GC:2    +
   24    88  1   0.0%   0.002 AU:2    +
   29    60  1   0.0%   0.007 AU:2    +
   63   121  1   0.0%   1.034 GC:2    +
   55    91  1   0.0%   0.375 GU:2    +
   45    79  1   0.0%   0.056 AU:2    +
   37   116  1   0.0%   0.563 CG:2    +
   47   139  1   0.0%   0.312 AU:2    +
  101   130  1   0.0%   1.299 GU:2    +
   90   100  1   0.0%   0.747 GU:2    +
   40    71  1   0.0%   0.213 GC:2    +
   63   146  1   0.0%   0.614 GU:2    +
   63   119  1   0.0%   1.211 GU:2    +
   71   111  1   0.0%   0.637 CG:2    +
   52   146  1   0.0%   0.583 AU:2    +
   55    82  1   0.0%   0.343 GU:2    +
   60   131  1   0.0%   0.331 UG:2    +
   86    94  1   0.0%   1.057 GC:2    +
   34   139  1   0.0%   0.496 AU:2    +
   57    79  1   0.0%   0.045 AU:2    +
   48   138  1   0.0%   0.840 UA:2    +
  122   138  1   0.0%   0.474 UA:2    +
    3   159  1   0.0%   0.031 AU:2    +
   52   122  1   0.0%   0.733 AU:2    +
   29    88  1   0.0%   0.008 AU:2    +
   45   117  1   0.0%   0.811 AU:2    +
   19   150  1   0.0%   0.241 GC:2    +
   19   100  1   0.0%   0.007 GU:2    +
   50    82  1   0.0%   0.251 AU:2    +
   90   122  1   0.0%   0.673 GU:2    +
   88   114  1   0.0%   0.669 UG:2    +
   45   115  1   0.0%   0.700 AU:2    +
   18   122  1   0.0%   0.025 AU:2    +
    8   133  1   0.0%   0.007 AU:2    +
   45    97  1   0.0%   0.063 AU:2    +
   71    85  1   0.0%   0.024 CG:2    +
   57   127  1   0.0%   0.608 AU:2    +
   32    60  1   0.0%   0.068 AU:2    +
   63    78  1   0.0%   0.105 GU:2    +
   92   114  1   0.0%   0.589 CG:2    +
   14    19  1   0.0%   0.002 CG:2    +
   22    92  1   0.0%   0.002 GC:2    +
    2   158  1   0.0%   0.035 CG:2    +
   62    79  1   0.0%   0.109 GU:2    +
   43   122  1   0.0%   1.086 GU:2    +
  100   110  1   0.0%   0.871 UG:2    +
   62   122  1   0.0%   0.711 GU:2    +
  146   153  1   0.0%   0.575 UA:2    +
   55   115  1   0.0%   1.141 GU:2    +
   37    93  1   0.0%   0.047 CG:2    +
   21    51  1   0.0%   0.001 AU:2    +
   32   146  1   0.0%   0.564 AU:2    +
   52    79  1   0.0%   0.076 AU:2    +
   54    83  1   0.0%   0.235 UA:2    +
   57   125  1   0.0%   0.565 AU:2    +
   44   133  1   0.0%   1.076 AU:2    +
   63   117  1   0.0%   1.102 GU:2    +
    3   127  1   0.0%   0.029 AU:2    +
   64   116  1   0.0%   1.010 CG:2    +
   94   132  1   0.0%   1.112 CG:2    +
   89   102  1   0.0%   0.960 GC:2    +
   99   111  1   0.0%   0.773 UG:2    +
    5    37  1   0.0%   0.005 GC:2    +
  126   133  1   0.0%   0.396 AU:2    +
   34   133  1   0.0%   0.286 AU:2    +
  102   132  1   0.0%   0.962 CG:2    +
  101   125  1   0.0%   0.961 GU:2    +
   99   131  1   0.0%   0.613 UG:2    +
   33    57  1   0.0%   0.000 UA:2    +
   60    81  1   0.0%   0.045 UG:2    +
   29   133  1   0.0%   0.485 AU:2    +
   12   138  1   0.0%   0.026 UA:2    +
   26    55  1   0.0%   0.002 CG:2    +
   45   133  1   0.0%   0.643 AU:2    +
   89   122  1   0.0%   0.637 GU:2    +
  126   146  1   0.0%   0.280 AU:2    +
  118   122  1   0.0%   0.931 GU:2    +
   55    79  1   0.0%   0.331 GU:2    +
   57   115  1   0.0%   0.682 AU:2    +
   15   103  1   0.0%   0.001 AU:2    +
    3   154  1   0.0%   0.031 AU:2    +
  122   128  1   0.0%   0.495 UG:2    +
   55    76  1   0.0%   0.349 GU:2    +
   12   144  1   0.0%   0.025 UA:2    +
   11   139  1   0.0%   0.005 AU:2    +
   21   148  1   0.0%   0.172 AU:2    +
   53    88  1   0.0%   0.154 AU:2    +
   22    60  1   0.0%   0.002 GU:2    +
   64   107  1   0.0%   1.485 CG:2    +
  101   133  1   0.0%   0.843 GU:2    +
  122   141  1   0.0%   0.348 UA:2    +
   71   128  1   0.0%   0.530 CG:2    +
.........(((((((..((((((.....(((((((((..(((((................(((..(....((((((((...)))))))).....)....)))))))))))))))))....))))))...(((((((......)))).)))..))))))).
