3 sequence; length of alignment 161
alifold output
   45    89  0 100.0%   0.002 CG:1    UA:2   
  100   117  0 100.0%   0.002 GC:2    GU:1   
   54    80  0  99.9%   0.002 GU:1    AU:2   
   48    86  0  99.8%   0.005 GC:2    AU:1   
   62    72  0  99.8%   0.006 CG:1    UG:2   
   60    74  0  99.1%   0.028 CG:2    UG:1   
   47    87  0 100.0%   0.000 GC:3   
  103   114  0 100.0%   0.000 GC:3   
   53    81  0 100.0%   0.000 GC:3   
  130   152  0 100.0%   0.001 GC:3   
  104   113  0 100.0%   0.001 UA:3   
  105   112  0  99.9%   0.002 AU:3   
   46    88  0  99.9%   0.002 UA:3   
   64    70  0  99.9%   0.003 CG:3   
  106   111  0  99.9%   0.003 CG:3   
   61    73  0  99.9%   0.004 UA:3   
   44    90  0  99.8%   0.020 CG:3   
   55    79  0  99.8%   0.006 UA:3   
  102   115  0  99.8%   0.007 GU:3   
   99   118  0  99.4%   0.019 AU:3   
  101   116  1  99.7%   0.010 AU:2   
   63    71  1  99.5%   0.015 GU:2   
  131   151  0  98.9%   0.033 CG:3   
  129   153  0  98.2%   0.097 UA:3   
   52    82  0  97.1%   0.086 UA:3   
   56    78  1  96.8%   0.112 AU:2   
   43    91  0  94.9%   0.224 UA:3   
   98   119  0  94.8%   0.292 UA:3   
  136   147  0  82.8%   0.734 CG:3   
  128   154  0  82.6%   0.568 UA:3   
  135   148  0  76.9%   1.209 UA:3   
   97   120  0  71.9%   1.133 UA:3   
   57    77  1  66.4%   0.850 AU:2   
  134   149  1  55.8%   1.673 UG:1    UA:1   
  133   150  0  54.9%   1.710 CG:3   
  124   156  0  49.0%   2.057 AU:3    +
  123   157  0  48.9%   2.332 GC:3    +
  132   150  0  45.0%   1.079 CG:1    UG:2    +
   29    39  0  44.7%   1.654 GC:3   
   30    38  0  44.3%   1.604 AU:3   
  133   149  1  43.7%   1.087 CG:2    +
  125   155  0  41.4%   2.249 AU:3    +
   50    84  0  39.7%   1.100 AU:3    +
   31    37  0  38.4%   1.530 AU:3   
   42    92  0  35.3%   1.731 UG:3    +
  138   146  0  25.9%   1.508 GC:2    GU:1    +
  134   148  1  22.1%   1.002 UA:2    +
   14    23  0  20.5%   1.051 CG:1    UG:2    +
   15    22  1  20.0%   1.023 GC:2    +
   92   126  0  18.7%   1.774 GC:3   
   13    24  0  18.5%   1.004 UA:3    +
   29   157  0  18.3%   1.976 GC:3    +
   93   125  0  18.2%   1.756 UA:3   
  138   144  0  18.0%   1.077 GU:3    +
   30   156  0  17.9%   1.847 AU:3    +
  137   145  1  17.2%   1.059 UA:2    +
   28   158  0  15.2%   1.717 UA:3    +
    7   160  1  15.3%   1.013 GC:2    +
   26    94  0  14.7%   1.053 CG:3    +
    8   159  1  15.1%   1.105 GC:2    +
   31   155  0  14.2%   1.510 AU:3    +
   27    93  0  14.1%   1.444 AU:3    +
   23    39  0  13.7%   1.222 GC:3    +
   24    38  0  13.5%   1.206 AU:3    +
   25    95  0  13.5%   1.371 AU:3    +
  135   147  0  12.8%   0.797 UG:3    +
   28    92  0  11.0%   1.244 UG:3    +
   39   123  0  10.9%   1.534 CG:3    +
   40   122  0  10.7%   1.026 UA:3    +
   38   124  0  10.7%   1.458 UA:3    +
   23   157  0  10.5%   1.619 GC:3   
   24   156  0  10.3%   1.536 AU:3   
   25    37  0   9.7%   0.741 AU:3    +
   95   158  0   9.5%   2.016 UA:3    +
   94   159  0   9.5%   1.994 GC:3    +
   96   157  0   8.6%   1.870 GC:3    +
   41   121  1   9.1%   1.011 UA:2    +
   26    96  0   8.5%   1.201 CG:3    +
   27    95  0   8.4%   1.793 AU:3    +
   37   125  0   8.2%   1.484 UA:3    +
   28    94  0   7.9%   1.575 UG:3    +
   25   155  0   7.5%   1.445 AU:3   
   29    35  0   7.1%   0.763 GU:3    +
   28    36  0   6.9%   0.775 UA:3    +
   92   160  0   6.4%   2.234 GC:3    +
   25    97  0   6.2%   1.297 AU:3    +
   30    34  0   5.5%   0.689 AU:3    +
   22    96  0   5.0%   0.922 CG:3    +
  138   142  0   5.0%   0.448 GC:3    +
  137   143  1   4.7%   0.433 UG:1    UA:1    +
   27    37  0   4.5%   0.917 AU:3    +
   28    33  0   4.4%   0.523 UA:3    +
   95   122  0   4.1%   1.360 UA:3    +
   27    34  0   4.0%   0.465 AU:3    +
   21    97  0   3.7%   0.584 AU:3    +
   26    92  0   3.4%   0.389 CG:3    +
   25    93  0   3.3%   0.667 AU:3    +
   23    95  0   3.0%   1.084 GU:3    +
   10    18  0   0.7%   0.209 GU:1    AU:1    UA:1    +
   42   120  0   2.6%   0.837 UA:3    +
    3     9  1   2.3%   0.277 CG:1    GU:1    +
   27    35  0   2.3%   0.455 AU:3    +
  139   146  0   1.2%   0.539 GC:2    GU:1    +
   93   158  0   2.2%   1.505 UA:3    +
   92   159  0   2.2%   1.762 GC:3    +
    2    10  1   2.1%   0.253 CG:1    AU:1    +
   59    76  0   2.1%   0.260 AU:3    +
  132   151  0   1.1%   0.516 CG:1    UG:2    +
   94   157  0   2.1%   1.700 GC:3    +
    9    18  0   0.0%   0.106 GU:1    AU:1    UA:1    +
  132   149  0   0.0%   0.002 CG:1    UG:1    UA:1    +
   41   149  0   0.0%   0.570 CG:1    UG:1    UA:1    +
   10   116  0   0.0%   0.151 GU:1    AU:1    UA:1    +
   23   160  0   1.9%   1.654 GC:3    +
   93   124  0   1.9%   1.014 UA:3    +
   24    98  0   1.9%   0.941 AU:3    +
    4     8  1   1.9%   0.238 CG:1    UA:1    +
   29    93  0   1.8%   1.306 GU:3    +
    8    38  0   0.7%   0.242 GU:2    AU:1    +
   22    94  0   1.6%   0.609 CG:3    +
    3    15  0   0.6%   0.207 CG:2    GC:1    +
    8   156  0   0.6%   0.283 GU:2    AU:1    +
   21    95  0   1.5%   0.352 AU:3    +
   41    92  0   0.5%   0.794 CG:1    UG:2    +
   41    94  0   0.5%   1.113 CG:1    UG:2    +
   23    41  0   0.5%   0.838 GC:1    GU:2    +
   39    94  0   1.5%   1.482 CG:3    +
   40    94  0   1.5%   1.068 UG:3    +
   21    40  0   1.4%   0.253 AU:3    +
   57    76  0   0.3%   0.056 GU:1    AU:2    +
   56    77  0   0.3%   0.050 AU:2    UA:1    +
   94   126  0   1.3%   1.237 GC:3    +
   94   160  0   1.3%   1.919 GC:3    +
   20    98  0   1.2%   0.283 AU:3    +
    1    14  0   0.2%   0.035 GC:1    AU:2    +
   29    41  0   0.2%   0.858 GC:1    GU:2    +
   96   159  0   1.2%   1.529 GC:3    +
  123   127  0   1.1%   0.533 GC:3    +
    8    13  0   0.1%   0.148 GU:2    AU:1    +
   95   125  0   1.1%   1.556 UA:3    +
   57    78  0   0.0%   0.330 GU:1    AU:2    +
    8    28  0   0.0%   0.138 GU:2    AU:1    +
   14    29  0   0.0%   0.421 CG:1    UG:2    +
   41    96  0   0.0%   0.808 CG:1    UG:2    +
    8    40  0   0.0%   0.214 GU:2    AU:1    +
   41    90  0   0.0%   0.293 CG:1    UG:2    +
    5    18  0   0.0%   0.028 AU:2    UA:1    +
   41   123  0   0.0%   0.817 CG:1    UG:2    +
    8    17  0   0.0%   0.113 GU:1    AU:1    --:1    +
    1    13  0   0.0%   0.003 GU:1    AU:2    +
    1   156  0   0.0%   0.018 GU:1    AU:2    +
    8    42  0   0.0%   0.177 GU:2    AU:1    +
   14   123  0   0.0%   0.473 CG:1    UG:2    +
    8   155  0   0.0%   0.196 GU:2    AU:1    +
    1    35  0   0.0%   0.015 GU:1    AU:2    +
    1    17  0   0.0%   0.014 GU:1    AU:1    --:1    +
   58    74  0   0.0%   0.002 CG:2    UG:1    +
    1    41  0   0.0%   0.016 GC:1    AU:2    +
   40    89  0   0.0%   0.220 UG:1    UA:2    +
   42    89  0   0.0%   0.160 UG:1    UA:2    +
    8    37  0   0.0%   0.133 GU:2    AU:1    +
   95   143  0   0.0%   0.940 UG:1    UA:2    +
   92   146  0   0.0%   1.170 GC:2    GU:1    +
    8    35  0   0.0%   0.133 GU:2    AU:1    +
   89   128  0   0.0%   0.013 GU:1    AU:2    +
   14    96  0   0.0%   0.468 CG:1    UG:2    +
  135   143  0   0.0%   0.002 UG:1    UA:2    +
   14    94  0   0.0%   0.469 CG:1    UG:2    +
    8    93  0   0.0%   0.177 GU:2    AU:1    +
  128   149  0   0.0%   0.066 UG:2    UA:1    +
    1    98  0   0.0%   0.015 GU:1    AU:2    +
    1   155  0   0.0%   0.015 GU:1    AU:2    +
  132   139  0   0.0%   0.001 CG:1    UG:2    +
  130   146  0   0.0%   0.001 GC:2    GU:1    +
  107   129  0   0.0%   0.006 GU:1    AU:2    +
    8    95  0   0.0%   0.177 GU:2    AU:1    +
   41   147  0   0.0%   0.570 CG:1    UG:2    +
   37   149  0   0.0%   1.073 UG:2    UA:1    +
    1    93  0   0.0%   0.015 GU:1    AU:2    +
    8    34  0   0.0%   0.132 GU:2    AU:1    +
  135   149  0   0.0%   1.159 UG:2    UA:1    +
  129   143  0   0.0%   0.033 UG:1    UA:2    +
    1    95  0   0.0%   0.015 GU:1    AU:2    +
   58    72  0   0.0%   0.000 CG:2    UG:1    +
   60    70  0   0.0%   0.000 CG:2    UG:1    +
   14    92  0   0.0%   0.467 CG:1    UG:2    +
  117   123  0   0.0%   0.289 CG:2    UG:1    +
   58    70  0   0.0%   0.000 CG:2    UG:1    +
    8    43  0   0.0%   0.175 GU:2    AU:1    +
   57    71  0   0.0%   0.000 GC:1    AU:2    +
    1    28  0   0.0%   0.013 GU:1    AU:2    +
  132   138  0   0.0%   0.000 CG:1    UG:2    +
    1    38  0   0.0%   0.014 GU:1    AU:2    +
  149   155  0   0.0%   1.617 GU:2    AU:1    +
    1    42  0   0.0%   0.015 GU:1    AU:2    +
    8   128  0   0.0%   0.200 GU:2    AU:1    +
   60    92  0   0.0%   0.825 CG:2    UG:1    +
   58    94  0   0.0%   0.741 CG:2    UG:1    +
   62    90  0   0.0%   0.007 CG:1    UG:2    +
   48    84  0   0.0%   0.000 GU:2    AU:1    +
    1    43  0   0.0%   0.015 GU:1    AU:2    +
    8   118  0   0.0%   0.175 GU:2    AU:1    +
    8    97  0   0.0%   0.175 GU:2    AU:1    +
   57    95  0   0.0%   0.982 GU:1    AU:2    +
   63    69  0   0.0%   0.000 GU:2    AU:1    +
    1    40  0   0.0%   0.014 GU:1    AU:2    +
   45    90  0   0.0%   0.005 CG:1    UG:2    +
    8    98  0   0.0%   0.175 GU:2    AU:1    +
    1    34  0   0.0%   0.013 GU:1    AU:2    +
    8   129  0   0.0%   0.195 GU:2    AU:1    +
  102   117  0   0.0%   0.003 GC:2    GU:1    +
    1   129  0   0.0%   0.015 GU:1    AU:2    +
   41    89  0   0.0%   0.288 CG:1    UA:2    +
   60    72  0   0.0%   0.000 CG:2    UG:1    +
    1   128  0   0.0%   0.015 GU:1    AU:2    +
   22    29  0   1.0%   0.484 CG:3    +
   93   161  0   0.9%   1.190 UA:3    +
  122   128  0   0.9%   0.546 AU:3    +
   16   156  0   0.9%   0.230 AU:3    +
   29   160  0   0.8%   1.561 GC:3    +
   92   127  0   0.8%   1.272 GC:3    +
   20    41  1   1.3%   0.232 AU:2    +
   97   158  0   0.8%   1.379 UA:3    +
   23    93  0   0.8%   0.799 GU:3    +
   95   123  0   0.7%   1.200 UG:3    +
   23   159  0   0.7%   1.460 GC:3    +
   20    42  0   0.7%   0.233 AU:3    +
   39    96  0   0.7%   1.291 CG:3    +
  137   147  1   1.1%   1.022 UG:2    +
    9    37  1   0.6%   0.222 GU:1    AU:1    +
   16    34  0   0.6%   0.124 AU:3    +
   28   161  0   0.6%   1.216 UA:3    +
   96   126  0   0.6%   0.936 GC:3    +
   17    33  0   0.6%   0.156 UA:2    --:1    +
   36    95  0   0.6%   0.975 AU:3    +
    9    19  1   0.6%   0.184 GU:1    UA:1    +
   39    92  0   0.6%   1.156 CG:3    +
   37    94  0   0.5%   1.457 UG:3    +
   33    40  0   0.5%   0.483 AU:3    +
   15   157  1   1.0%   0.603 GC:2    +
   97   125  0   0.5%   1.246 UA:3    +
   24    40  0   0.5%   0.791 AU:3    +
  121   129  0   0.5%   0.365 AU:3    +
   35    96  0   0.5%   0.778 UG:3    +
   13    33  0   0.5%   0.471 UA:3    +
   31    42  0   0.4%   0.603 AU:3    +
   97   121  0   0.4%   0.885 UA:3    +
   12    34  0   0.4%   0.094 AU:3    +
  139   144  0   0.4%   0.381 GU:3    +
   94   127  0   0.4%   0.932 GC:3    +
   27    41  1   0.9%   0.690 AU:2    +
   37    96  0   0.4%   1.301 UG:3    +
   95   121  0   0.4%   0.988 UA:3    +
   96   155  0   0.4%   1.081 GU:3    +
   27    40  0   0.4%   0.570 AU:3    +
   42    91  0   0.4%   0.241 UA:3    +
   23    28  0   0.4%   0.424 GU:3    +
   19    42  1   0.9%   0.179 AU:2    +
    9   155  1   0.4%   0.228 GU:1    AU:1    +
   22    92  0   0.4%   0.447 CG:3    +
   21    93  0   0.3%   0.195 AU:3    +
   21    41  1   0.8%   0.299 AU:2    +
  140   144  0   0.3%   0.388 AU:3    +
   32    37  0   0.3%   0.892 AU:3    +
   36    97  0   0.3%   0.610 AU:3    +
    7    39  1   0.8%   0.159 GC:2    +
   98   120  0   0.3%   0.568 UA:3    +
   96   160  0   0.2%   1.508 GC:3    +
   31    38  0   0.2%   1.119 AU:3    +
   13    21  0   0.2%   0.096 UA:3    +
   40    91  0   0.2%   0.263 UA:3    +
    6    40  1   0.7%   0.127 AU:2    +
    3    10  1   0.2%   0.221 CG:1    GU:1    +
   30    43  0   0.2%   0.629 AU:3    +
   97   154  0   0.2%   0.676 UA:3    +
    7    15  1   0.2%   0.085 GC:1    UG:1    +
   32    40  0   0.2%   0.291 AU:3    +
    9   156  1   0.2%   0.249 GU:1    AU:1    +
   98   124  0   0.2%   0.567 UA:3    +
   31    40  0   0.2%   0.591 AU:3    +
    7    14  1   0.2%   0.071 GC:1    GU:1    +
   30    40  0   0.2%   0.733 AU:3    +
   97   122  0   0.1%   0.997 UA:3    +
   33    38  0   0.1%   0.952 AU:3    +
  124   155  0   0.1%   0.918 AU:3    +
   30    42  0   0.1%   0.701 AU:3    +
   95   161  0   0.1%   1.278 UA:3    +
   32    42  0   0.1%   0.289 AU:3    +
   12    17  0   0.1%   0.030 AU:2    --:1    +
   30    37  0   0.1%   0.611 AU:3    +
   32    38  0   0.1%   0.810 AU:3    +
   95   124  0   0.1%   1.224 UA:3    +
  123   156  0   0.1%   1.019 GU:3    +
   29    44  0   0.1%   0.661 GC:3    +
  123   159  0   0.1%   1.426 GC:3    +
   10    35  1   0.1%   0.165 GU:1    AU:1    +
    2     7  1   0.1%   0.024 CG:1    AU:1    +
    7   157  1   0.6%   0.201 GC:2    +
   13    25  0   0.1%   0.403 UA:3    +
   27    42  0   0.1%   0.552 AU:3    +
   33    37  0   0.1%   1.020 AU:3    +
   91   128  0   0.1%   0.122 AU:3    +
   16    38  0   0.1%   0.104 AU:3    +
   29    38  0   0.1%   0.599 GU:3    +
   25    40  0   0.1%   0.397 AU:3    +
   24    42  0   0.1%   0.745 AU:3    +
   17    21  0   0.1%   0.051 UA:2    --:1    +
   15    35  1   0.6%   0.476 GU:2    +
   32    41  1   0.6%   0.424 AU:2    +
  123   160  0   0.1%   1.428 GC:3    +
   29    42  0   0.1%   0.744 GU:3    +
   10   155  1   0.1%   0.192 GU:1    AU:1    +
   10    19  1   0.1%   0.177 AU:1    UA:1    +
   93   122  0   0.1%   0.799 UA:3    +
   33    42  0   0.1%   0.415 AU:3    +
   36    93  0   0.1%   0.765 AU:3    +
   13    20  0   0.1%   0.063 UA:3    +
   14   158  1   0.6%   0.563 UA:2    +
   17    24  0   0.1%   0.354 UA:2    --:1    +
   25    42  0   0.1%   0.367 AU:3    +
  135   145  0   0.1%   0.016 UA:3    +
   32   155  0   0.1%   0.662 AU:3    +
   24    95  0   0.1%   0.841 AU:3    +
   16    28  0   0.1%   0.029 AU:3    +
   12   155  0   0.1%   0.099 AU:3    +
   20    34  0   0.1%   0.093 AU:3    +
    5    41  1   0.6%   0.113 AU:2    +
   98   121  0   0.1%   0.489 UA:3    +
   37    92  0   0.1%   1.207 UG:3    +
   17    30  0   0.1%   0.051 UA:2    --:1    +
   17    25  0   0.1%   0.045 UA:2    --:1    +
   12    28  0   0.1%   0.038 AU:3    +
   30    35  0   0.1%   0.512 AU:3    +
   34   154  0   0.1%   0.383 UA:3    +
   17    27  0   0.1%   0.047 UA:2    --:1    +
   13    36  0   0.1%   0.434 UA:3    +
   12    37  0   0.1%   0.093 AU:3    +
   40    96  0   0.1%   0.758 UG:3    +
   90   127  0   0.0%   0.039 GC:3    +
   23    42  0   0.0%   0.747 GU:3    +
   38    96  0   0.0%   1.158 UG:3    +
  125   156  0   0.0%   1.980 AU:3    +
   43   119  0   0.0%   0.098 UA:3    +
   35    94  0   0.0%   0.900 UG:3    +
  142   147  0   0.0%   0.632 CG:3    +
   33   155  0   0.0%   0.789 AU:3    +
   23   127  0   0.0%   0.839 GC:3    +
   25    38  0   0.0%   0.581 AU:3    +
   13   154  0   0.0%   0.443 UA:3    +
   24    37  0   0.0%   0.385 AU:3    +
   21    28  0   0.0%   0.064 AU:3    +
   29    43  0   0.0%   0.656 GU:3    +
   13   122  0   0.0%   0.438 UA:3    +
   31   156  0   0.0%   1.368 AU:3    +
   16   155  0   0.0%   0.091 AU:3    +
   97   123  0   0.0%   0.887 UG:3    +
   30    93  0   0.0%   1.117 AU:3    +
    9    13  1   0.0%   0.138 GU:1    AU:1    +
   25    34  0   0.0%   0.087 AU:3    +
   23    97  0   0.0%   0.939 GU:3    +
   10   156  1   0.0%   0.210 GU:1    AU:1    +
   29   159  0   0.0%   1.373 GC:3    +
   93   123  0   0.0%   0.796 UG:3    +
   13    27  0   0.0%   0.396 UA:3    +
   12   156  0   0.0%   0.116 AU:3    +
   13    31  0   0.0%   0.402 UA:3    +
   24    43  0   0.0%   0.669 AU:3    +
   29    34  0   0.0%   0.259 GU:3    +
   23    38  0   0.0%   0.415 GU:3    +
   12    35  0   0.0%   0.063 AU:3    +
   24    35  0   0.0%   0.391 AU:3    +
  128   153  0   0.0%   0.080 UA:3    +
   96   127  0   0.0%   0.584 GC:3    +
    9    28  1   0.0%   0.136 GU:1    AU:1    +
   10    28  1   0.0%   0.150 GU:1    AU:1    +
   40    92  0   0.0%   0.657 UG:3    +
   12    38  0   0.0%   0.100 AU:3    +
   64    74  0   0.0%   0.018 CG:3    +
   28   154  0   0.0%   0.835 UA:3    +
   13    30  0   0.0%   0.398 UA:3    +
    9    38  1   0.0%   0.203 GU:1    AU:1    +
   23    43  0   0.0%   0.676 GU:3    +
   93   121  0   0.0%   0.768 UA:3    +
   17   154  0   0.0%   0.085 UA:2    --:1    +
   13   158  0   0.0%   0.443 UA:3    +
   36    42  0   0.0%   0.382 AU:3    +
   35   153  0   0.0%   0.374 UA:3    +
   23    44  0   0.0%   0.668 GC:3    +
  123   155  0   0.0%   0.895 GU:3    +
   24    97  0   0.0%   0.791 AU:3    +
   67    72  0   0.0%   0.009 CG:3    +
    7    41  1   0.0%   0.121 GC:1    GU:1    +
   97   119  0   0.0%   0.331 UA:3    +
   27   155  0   0.0%   1.167 AU:3    +
   17   158  0   0.0%   0.113 UA:2    --:1    +
  122   156  0   0.0%   1.096 AU:3    +
   31    35  0   0.0%   0.345 AU:3    +
   31    43  0   0.0%   0.474 AU:3    +
  122   155  0   0.0%   0.991 AU:3    +
   10    38  1   0.0%   0.193 GU:1    AU:1    +
  129   154  0   0.0%   0.241 UA:3    +
   10    37  1   0.0%   0.184 GU:1    AU:1    +
   16    37  0   0.0%   0.079 AU:3    +
   33    93  0   0.0%   0.785 AU:3    +
   32    43  0   0.0%   0.168 AU:3    +
    9    14  1   0.0%   0.144 GU:1    AU:1    +
    7    17  0   0.0%   0.037 GU:2    --:1    +
   32   156  0   0.0%   0.787 AU:3    +
   98   153  0   0.0%   0.227 UA:3    +
   20    28  0   0.0%   0.052 AU:3    +
  121   156  0   0.0%   0.960 AU:3    +
   42    94  0   0.0%   1.291 UG:3    +
   25    35  0   0.0%   0.074 AU:3    +
   96   156  0   0.0%   1.164 GU:3    +
   24   155  0   0.0%   0.778 AU:3    +
   34    92  0   0.0%   0.743 UG:3    +
   98   122  0   0.0%   0.602 UA:3    +
   21    42  0   0.0%   0.214 AU:3    +
   23    98  0   0.0%   0.867 GU:3    +
   38    91  0   0.0%   0.737 UA:3    +
   24    28  0   0.0%   0.386 AU:3    +
   95   120  0   0.0%   0.791 UA:3    +
   13   161  0   0.0%   0.442 UA:3    +
   24    93  0   0.0%   0.716 AU:3    +
   33    97  0   0.0%   0.562 AU:3    +
   17    36  0   0.0%   0.098 UA:2    --:1    +
   13    32  0   0.0%   0.400 UA:3    +
   42   121  0   0.0%   0.874 UA:3    +
   20   155  0   0.0%   0.216 AU:3    +
   27    38  0   0.0%   0.701 AU:3    +
   90   160  0   0.0%   0.467 GC:3    +
   40   124  0   0.0%   0.786 UA:3    +
   38    94  0   0.0%   1.323 UG:3    +
   23    35  0   0.0%   0.404 GU:3    +
   20   156  0   0.0%   0.276 AU:3    +
   23   156  0   0.0%   0.914 GU:3    +
   34    96  0   0.0%   0.727 UG:3    +
   24    34  0   0.0%   0.397 AU:3    +
   97   124  0   0.0%   0.927 UA:3    +
    6    19  1   0.0%   0.022 AU:1    UA:1    +
   28    32  0   0.0%   0.108 UA:3    +
   17    31  0   0.0%   0.044 UA:2    --:1    +
   21   155  0   0.0%   0.380 AU:3    +
   13   121  0   0.0%   0.431 UA:3    +
  121   128  0   0.0%   0.303 AU:3    +
   17    32  0   0.0%   0.066 UA:2    --:1    +
   42   122  0   0.0%   0.896 UA:3    +
   39    90  0   0.0%   0.684 CG:3    +
   20    97  0   0.0%   0.126 AU:3    +
    9    41  1   0.0%   0.196 GU:1    AU:1    +
   29   127  0   0.0%   0.738 GC:3    +
  123   128  0   0.0%   0.406 GU:3    +
   17   122  0   0.0%   0.079 UA:2    --:1    +
   31    93  0   0.0%   0.966 AU:3    +
   10    14  1   0.0%   0.148 GU:1    AU:1    +
   28    91  0   0.0%   0.379 UA:3    +
   20    40  0   0.0%   0.073 AU:3    +
   26   123  0   0.0%   0.631 CG:3    +
   17    96  0   0.0%   0.076 UG:2    --:1    +
   30   155  0   0.0%   0.828 AU:3    +
   22   123  0   0.0%   0.624 CG:3    +
   33   128  0   0.0%   0.270 AU:3    +
   23   126  0   0.0%   0.828 GC:3    +
   40   121  0   0.0%   0.309 UA:3    +
   12    95  0   0.0%   0.061 AU:3    +
   12    93  0   0.0%   0.060 AU:3    +
    6    10  1   0.0%   0.096 UG:1    AU:1    +
   10    40  1   0.0%   0.192 GU:1    AU:1    +
   16    97  0   0.0%   0.050 AU:3    +
   33    95  0   0.0%   0.917 AU:3    +
   25    43  0   0.0%   0.284 AU:3    +
   29   126  0   0.0%   0.732 GC:3    +
    5    19  1   0.0%   0.026 AU:1    UA:1    +
   98   123  0   0.0%   0.495 UG:3    +
   35   154  0   0.0%   0.382 UA:3    +
   13   124  0   0.0%   0.434 UA:3    +
   22   100  0   0.0%   0.622 CG:3    +
   13    94  0   0.0%   0.431 UG:3    +
   20    35  0   0.0%   0.077 AU:3    +
   16    40  0   0.0%   0.088 AU:3    +
   21    34  0   0.0%   0.093 AU:3    +
   36    40  0   0.0%   0.434 AU:3    +
    4    18  1   0.0%   0.076 AU:1    UA:1    +
   17   161  0   0.0%   0.091 UA:2    --:1    +
   13    92  0   0.0%   0.429 UG:3    +
   17    23  0   0.0%   0.347 UG:2    --:1    +
   16    95  0   0.0%   0.052 AU:3    +
   20    95  0   0.0%   0.128 AU:3    +
   32    93  0   0.0%   0.659 AU:3    +
    4    23  1   0.0%   0.077 CG:1    UG:1    +
  122   129  0   0.0%   0.472 AU:3    +
   17    94  0   0.0%   0.076 UG:2    --:1    +
   17    29  0   0.0%   0.037 UG:2    --:1    +
   29    40  0   0.0%   0.773 GU:3    +
   32    98  0   0.0%   0.265 AU:3    +
   25   156  0   0.0%   1.350 AU:3    +
    4    96  1   0.0%   0.079 CG:1    UG:1    +
   35   125  0   0.0%   0.367 UA:3    +
   12    42  0   0.0%   0.059 AU:3    +
   33   129  0   0.0%   0.264 AU:3    +
   21    37  0   0.0%   0.072 AU:3    +
   34    94  0   0.0%   0.915 UG:3    +
    4    29  1   0.0%   0.077 CG:1    UG:1    +
   43    92  0   0.0%   0.902 UG:3    +
   36    43  0   0.0%   0.258 AU:3    +
   32   129  0   0.0%   0.138 AU:3    +
    4    94  1   0.0%   0.079 CG:1    UG:1    +
   92    97  0   0.0%   1.137 GU:3    +
   16    35  0   0.0%   0.080 AU:3    +
   20    38  0   0.0%   0.081 AU:3    +
   20    43  0   0.0%   0.131 AU:3    +
   36   128  0   0.0%   0.285 AU:3    +
   17   121  0   0.0%   0.078 UA:2    --:1    +
   37   124  0   0.0%   0.869 UA:3    +
  133   147  0   0.0%   0.002 CG:3    +
   92   128  0   0.0%   1.188 GU:3    +
   16    93  0   0.0%   0.051 AU:3    +
    9    40  1   0.0%   0.201 GU:1    AU:1    +
   96   142  0   0.0%   0.492 GC:3    +
   93   145  0   0.0%   0.931 UA:3    +
   94   144  0   0.0%   0.820 GU:3    +
   42    96  0   0.0%   1.008 UG:3    +
  121   155  0   0.0%   0.855 AU:3    +
   13    23  0   0.0%   0.070 UG:3    +
   37   154  0   0.0%   1.087 UA:3    +
   38   125  0   0.0%   1.186 UA:3    +
   43   121  0   0.0%   0.318 UA:3    +
   35   121  0   0.0%   0.371 UA:3    +
    9    34  1   0.0%   0.128 GU:1    AU:1    +
  135   150  0   0.0%   1.161 UG:3    +
   34   125  0   0.0%   0.363 UA:3    +
   10    34  1   0.0%   0.141 GU:1    AU:1    +
   23    40  0   0.0%   0.732 GU:3    +
   17    92  0   0.0%   0.074 UG:2    --:1    +
   97   141  0   0.0%   0.626 UA:3    +
   95   154  0   0.0%   0.955 UA:3    +
   36   155  0   0.0%   0.798 AU:3    +
  120   129  0   0.0%   0.359 AU:3    +
   34   122  0   0.0%   0.367 UA:3    +
   93   120  0   0.0%   0.632 UA:3    +
   12    40  0   0.0%   0.095 AU:3    +
   10    41  1   0.0%   0.184 GU:1    AU:1    +
  124   128  0   0.0%   0.404 AU:3    +
   28   121  0   0.0%   0.827 UA:3    +
   28   122  0   0.0%   0.826 UA:3    +
   38    92  0   0.0%   1.121 UG:3    +
   13   120  0   0.0%   0.428 UA:3    +
   27    43  0   0.0%   0.458 AU:3    +
   29   156  0   0.0%   1.048 GU:3    +
   29    37  0   0.0%   0.656 GU:3    +
   40   158  0   0.0%   0.865 UA:3    +
   36    98  0   0.0%   0.406 AU:3    +
   13    96  0   0.0%   0.429 UG:3    +
    9    35  1   0.0%   0.129 GU:1    AU:1    +
   38   121  0   0.0%   0.745 UA:3    +
   32   128  0   0.0%   0.142 AU:3    +
  133   139  0   0.0%   0.001 CG:3    +
   37   122  0   0.0%   0.872 UA:3    +
   33    98  0   0.0%   0.390 AU:3    +
   21   156  0   0.0%   0.436 AU:3    +
   16    42  0   0.0%   0.050 AU:3    +
  120   156  0   0.0%   1.001 AU:3    +
   12    97  0   0.0%   0.058 AU:3    +
   35    91  0   0.0%   0.336 UA:3    +
    9    42  1   0.0%   0.165 GU:1    AU:1    +
   90   129  0   0.0%   0.014 GU:3    +
   92   157  0   0.0%   1.810 GC:3    +
   17   120  0   0.0%   0.074 UA:2    --:1    +
   21    98  0   0.0%   0.393 AU:3    +
  133   138  0   0.0%   0.001 CG:3    +
   92    98  0   0.0%   0.949 GU:3    +
   35    99  0   0.0%   0.365 UA:3    +
   27   156  0   0.0%   1.261 AU:3    +
  127   150  0   0.0%   0.143 CG:3    +
  126   151  0   0.0%   0.418 CG:3    +
   20    93  0   0.0%   0.125 AU:3    +
  123   129  0   0.0%   0.373 GU:3    +
   43    90  0   0.0%   0.039 UG:3    +
  135   140  0   0.0%   0.001 UA:3    +
   13   125  0   0.0%   0.433 UA:3    +
   21    43  0   0.0%   0.142 AU:3    +
   90   157  0   0.0%   0.650 GC:3    +
  128   148  0   0.0%   0.066 UA:3    +
   91   156  0   0.0%   0.743 AU:3    +
   98   140  0   0.0%   0.218 UA:3    +
  126   150  0   0.0%   0.418 CG:3    +
   28   153  0   0.0%   0.824 UA:3    +
   38   153  0   0.0%   0.984 UA:3    +
   33    43  0   0.0%   0.289 AU:3    +
   91    97  0   0.0%   0.409 AU:3    +
  130   142  0   0.0%   0.001 GC:3    +
  124   129  0   0.0%   0.372 AU:3    +
   43   120  0   0.0%   0.188 UA:3    +
   95   119  0   0.0%   0.694 UA:3    +
  129   147  0   0.0%   0.033 UG:3    +
   32    95  0   0.0%   0.791 AU:3    +
   28    96  0   0.0%   1.184 UG:3    +
   35   124  0   0.0%   0.366 UA:3    +
   42   158  0   0.0%   0.970 UA:3    +
   35   158  0   0.0%   0.689 UA:3    +
   20    37  0   0.0%   0.067 AU:3    +
  114   123  0   0.0%   0.289 CG:3    +
  115   122  0   0.0%   0.398 UA:3    +
  111   126  0   0.0%   0.419 GC:3    +
  100   136  0   0.0%   0.001 GC:3    +
  101   135  0   0.0%   0.004 AU:3    +
  103   133  0   0.0%   0.000 GC:3    +
  106   130  0   0.0%   0.002 CG:3    +
  112   125  0   0.0%   0.595 UA:3    +
   94   128  0   0.0%   0.838 GU:3    +
   39   147  0   0.0%   1.048 CG:3    +
    9    95  1   0.0%   0.166 GU:1    AU:1    +
   38   148  0   0.0%   0.979 UA:3    +
   40   148  0   0.0%   0.543 UA:3    +
  135   141  0   0.0%   0.001 UA:3    +
    9    93  1   0.0%   0.165 GU:1    AU:1    +
   40   161  0   0.0%   0.587 UA:3    +
  101   115  0   0.0%   0.000 AU:3    +
   10    93  1   0.0%   0.154 GU:1    AU:1    +
   52    85  0   0.0%   0.029 UA:3    +
   38   150  0   0.0%   0.979 UG:3    +
   94   155  0   0.0%   1.344 GU:3    +
  108   128  0   0.0%   0.019 AU:3    +
   34   153  0   0.0%   0.364 UA:3    +
   32    97  0   0.0%   0.434 AU:3    +
   92   155  0   0.0%   1.693 GU:3    +
   37   151  0   0.0%   1.073 UG:3    +
   43    88  0   0.0%   0.036 UA:3    +
   10    95  1   0.0%   0.155 GU:1    AU:1    +
   34   124  0   0.0%   0.362 UA:3    +
   27    97  0   0.0%   1.229 AU:3    +
   35   123  0   0.0%   0.367 UG:3    +
  129   148  0   0.0%   0.034 UA:3    +
   59    78  0   0.0%   0.117 AU:3    +
   91    95  0   0.0%   0.778 AU:3    +
   25    98  0   0.0%   0.954 AU:3    +
   93   154  0   0.0%   0.945 UA:3    +
   33   156  0   0.0%   0.909 AU:3    +
   27    46  0   0.0%   0.442 AU:3    +
  127   138  0   0.0%   0.143 CG:3    +
   21    38  0   0.0%   0.084 AU:3    +
  126   139  0   0.0%   0.418 CG:3    +
   34   158  0   0.0%   0.687 UA:3    +
   34   121  0   0.0%   0.367 UA:3    +
   31    95  0   0.0%   1.098 AU:3    +
   21    35  0   0.0%   0.080 AU:3    +
   26    47  0   0.0%   0.020 CG:3    +
  128   158  0   0.0%   0.893 UA:3    +
   35    92  0   0.0%   0.718 UG:3    +
   42   119  0   0.0%   0.551 UA:3    +
   38   158  0   0.0%   1.300 UA:3    +
  120   128  0   0.0%   0.372 AU:3    +
   23    37  0   0.0%   0.393 GU:3    +
   98   154  0   0.0%   0.247 UA:3    +
   17   125  0   0.0%   0.074 UA:2    --:1    +
    4    92  1   0.0%   0.077 CG:1    UG:1    +
   31   129  0   0.0%   0.444 AU:3    +
   91    98  0   0.0%   0.222 AU:3    +
   26    90  0   0.0%   0.020 CG:3    +
  156   161  0   0.0%   1.111 UA:3    +
  155   161  0   0.0%   1.022 UA:3    +
   30    95  0   0.0%   1.248 AU:3    +
  102   114  0   0.0%   0.000 GC:3    +
   35   120  0   0.0%   0.366 UA:3    +
   42   161  0   0.0%   0.692 UA:3    +
   35   122  0   0.0%   0.370 UA:3    +
   29    95  0   0.0%   1.372 GU:3    +
   40   125  0   0.0%   0.749 UA:3    +
  123   136  0   0.0%   0.341 GC:3    +
   16    43  0   0.0%   0.047 AU:3    +
  124   135  0   0.0%   0.340 AU:3    +
   37   158  0   0.0%   1.394 UA:3    +
   13   123  0   0.0%   0.432 UG:3    +
   37   121  0   0.0%   0.872 UA:3    +
   96   118  0   0.0%   0.457 GU:3    +
   35   161  0   0.0%   0.412 UA:3    +
   10    42  1   0.0%   0.154 GU:1    AU:1    +
   95   153  0   0.0%   0.945 UA:3    +
    4   123  1   0.0%   0.077 CG:1    UG:1    +
   29   152  0   0.0%   0.715 GC:3    +
  150   159  0   0.0%   1.398 GC:3    +
   38   123  0   0.0%   0.741 UG:3    +
   16    98  0   0.0%   0.048 AU:3    +
  118   122  0   0.0%   0.401 UA:3    +
    4   130  1   0.0%   0.077 CG:1    UG:1    +
   64    72  0   0.0%   0.003 CG:3    +
  131   150  0   0.0%   0.001 CG:3    +
   40   154  0   0.0%   0.557 UA:3    +
   23   155  0   0.0%   0.853 GU:3    +
   34   161  0   0.0%   0.410 UA:3    +
   40   123  0   0.0%   0.786 UG:3    +
   94    98  0   0.0%   0.873 GU:3    +
   21   128  0   0.0%   0.347 AU:3    +
   38   122  0   0.0%   0.744 UA:3    +
  131   139  0   0.0%   0.000 CG:3    +
   28   120  0   0.0%   0.822 UA:3    +
  151   159  0   0.0%   0.768 GC:3    +
  150   160  0   0.0%   1.396 GC:3    +
   37   161  0   0.0%   1.117 UA:3    +
   39   151  0   0.0%   1.048 CG:3    +
   40   150  0   0.0%   0.543 UG:3    +
   96   152  0   0.0%   0.491 GC:3    +
   42   123  0   0.0%   0.893 UG:3    +
   38   120  0   0.0%   0.740 UA:3    +
  123   133  0   0.0%   0.341 GC:3    +
   42   148  0   0.0%   0.648 UA:3    +
   38   161  0   0.0%   1.023 UA:3    +
   72    81  0   0.0%   0.004 GC:3    +
   31   128  0   0.0%   0.449 AU:3    +
   73    80  0   0.0%   0.005 AU:3    +
   13    29  0   0.0%   0.391 UG:3    +
  135   139  0   0.0%   0.001 UG:3    +
   38   154  0   0.0%   0.993 UA:3    +
  125   129  0   0.0%   0.627 AU:3    +
  120   155  0   0.0%   0.899 AU:3    +
   31    97  0   0.0%   0.742 AU:3    +
   70    83  0   0.0%   0.001 GC:3    +
   98   158  0   0.0%   0.886 UA:3    +
   28    90  0   0.0%   0.376 UG:3    +
   91   129  0   0.0%   0.101 AU:3    +
   98   138  0   0.0%   0.218 UG:3    +
   59    69  0   0.0%   0.000 AU:3    +
   31    98  0   0.0%   0.571 AU:3    +
   30    97  0   0.0%   0.891 AU:3    +
  147   157  0   0.0%   1.757 GC:3    +
  148   156  0   0.0%   1.556 AU:3    +
   34    99  0   0.0%   0.361 UA:3    +
   61    74  0   0.0%   0.011 UG:3    +
   36   129  0   0.0%   0.279 AU:3    +
   53    83  0   0.0%   0.000 GC:3    +
  121   135  0   0.0%   0.308 AU:3    +
  131   147  0   0.0%   0.001 CG:3    +
  123   152  0   0.0%   0.341 GC:3    +
   93   119  0   0.0%   0.538 UA:3    +
   93    99  0   0.0%   0.534 UA:3    +
    9    97  1   0.0%   0.163 GU:1    AU:1    +
   43    94  0   0.0%   0.826 UG:3    +
   42   154  0   0.0%   0.662 UA:3    +
  134   143  1   0.0%   0.001 UG:1    UA:1    +
   17    99  0   0.0%   0.072 UA:2    --:1    +
   40   120  0   0.0%   0.302 UA:3    +
   23    34  0   0.0%   0.414 GU:3    +
   88   129  0   0.0%   0.006 AU:3    +
   20   129  0   0.0%   0.179 AU:3    +
   36   156  0   0.0%   0.920 AU:3    +
   17   124  0   0.0%   0.075 UA:2    --:1    +
    9   128  1   0.0%   0.172 GU:1    AU:1    +
   90   128  0   0.0%   0.020 GU:3    +
   59    93  0   0.0%   0.616 AU:3    +
   61    91  0   0.0%   0.090 UA:3    +
   20   128  0   0.0%   0.185 AU:3    +
   13   153  0   0.0%   0.433 UA:3    +
   97   153  0   0.0%   0.630 UA:3    +
   24   128  0   0.0%   0.744 AU:3    +
   10    43  1   0.0%   0.152 GU:1    AU:1    +
   29   155  0   0.0%   0.952 GU:3    +
   90   126  0   0.0%   0.023 GC:3    +
   10    97  1   0.0%   0.152 GU:1    AU:1    +
  126   130  0   0.0%   0.417 CG:3    +
   30   129  0   0.0%   0.593 AU:3    +
   12   128  0   0.0%   0.066 AU:3    +
   29    98  0   0.0%   0.845 GU:3    +
   16   128  0   0.0%   0.057 AU:3    +
   13   119  0   0.0%   0.427 UA:3    +
   28   125  0   0.0%   0.821 UA:3    +
   42   124  0   0.0%   0.890 UA:3    +
   99   155  0   0.0%   0.553 AU:3    +
   10   128  1   0.0%   0.161 GU:1    AU:1    +
   28   124  0   0.0%   0.822 UA:3    +
   34    91  0   0.0%   0.359 UA:3    +
   27   128  0   0.0%   0.936 AU:3    +
   97   151  0   0.0%   0.625 UG:3    +
   30    98  0   0.0%   0.721 AU:3    +
  101   118  0   0.0%   0.010 AU:3    +
   10    98  1   0.0%   0.152 GU:1    AU:1    +
   23   129  0   0.0%   0.817 GU:3    +
    9   117  1   0.0%   0.162 GC:1    AU:1    +
   92   129  0   0.0%   1.174 GU:3    +
  131   138  0   0.0%   0.000 CG:3    +
   37    91  0   0.0%   0.813 UA:3    +
   94   118  0   0.0%   0.740 GU:3    +
   43   147  0   0.0%   0.091 UG:3    +
   25   128  0   0.0%   0.832 AU:3    +
   17   119  0   0.0%   0.072 UA:2    --:1    +
   34   123  0   0.0%   0.364 UG:3    +
  137   149  1   0.0%   1.199 UG:1    UA:1    +
   22    90  0   0.0%   0.383 CG:3    +
  115   125  0   0.0%   0.597 UA:3    +
   17   123  0   0.0%   0.075 UG:2    --:1    +
   13    91  0   0.0%   0.426 UA:3    +
   94   129  0   0.0%   0.825 GU:3    +
   92   131  0   0.0%   1.169 GC:3    +
   37   123  0   0.0%   0.869 UG:3    +
  130   136  0   0.0%   0.001 GC:3    +
  136   150  0   0.0%   0.850 CG:3    +
   93   130  0   0.0%   0.930 UG:3    +
   42   153  0   0.0%   0.652 UA:3    +
  119   156  0   0.0%   0.705 AU:3    +
   43   122  0   0.0%   0.338 UA:3    +
   30   128  0   0.0%   0.598 AU:3    +
   34   120  0   0.0%   0.362 UA:3    +
   97   161  0   0.0%   0.772 UA:3    +
   98   125  0   0.0%   0.811 UA:3    +
  123   131  0   0.0%   0.340 GC:3    +
  118   158  0   0.0%   0.673 UA:3    +
  119   128  0   0.0%   0.076 AU:3    +
    8   160  1   0.5%   0.887 GC:2    +
   18    32  1   0.5%   0.174 UA:2    +
   15   160  1   0.5%   0.859 GC:2    +
   14    32  1   0.4%   0.492 UA:2    +
   14    36  1   0.4%   0.510 UA:2    +
    5    14  1   0.3%   0.070 AU:2    +
    6    13  1   0.3%   0.068 AU:2    +
    7   127  1   0.3%   0.138 GC:2    +
   14    20  1   0.3%   0.105 UA:2    +
    3     8  1   0.3%   0.048 CG:2    +
    8   126  1   0.3%   0.222 GC:2    +
    8   157  1   0.2%   0.296 GC:2    +
    7   159  1   0.2%   0.176 GC:2    +
   31    41  1   0.2%   0.667 AU:2    +
   33    41  1   0.2%   0.542 AU:2    +
    2    13  1   0.2%   0.121 AU:2    +
   14   161  1   0.2%   0.533 UA:2    +
    8    14  1   0.1%   0.167 GU:2    +
   30    41  1   0.1%   0.807 AU:2    +
    8    26  1   0.1%   0.149 GC:2    +
   19    43  1   0.1%   0.120 AU:2    +
    6   128  1   0.1%   0.084 AU:2    +
    7    22  1   0.1%   0.059 GC:2    +
   14    24  1   0.1%   0.736 UA:2    +
   15    26  1   0.1%   0.399 GC:2    +
   12    18  1   0.1%   0.075 AU:2    +
  137   148  1   0.1%   1.057 UA:2    +
   25    41  1   0.1%   0.439 AU:2    +
   15    39  1   0.1%   0.467 GC:2    +
    8    22  1   0.1%   0.141 GC:2    +
   19    28  1   0.1%   0.079 AU:2    +
   14    21  1   0.1%   0.100 UA:2    +
   24    41  1   0.1%   0.810 AU:2    +
   18    29  1   0.1%   0.084 UG:2    +
   15   159  1   0.1%   0.777 GC:2    +
   19    35  1   0.1%   0.105 AU:2    +
   18    24  1   0.1%   0.395 UA:2    +
   18    36  1   0.1%   0.138 UA:2    +
  136   149  1   0.1%   0.858 CG:2    +
   14    27  1   0.1%   0.424 UA:2    +
    5    13  1   0.1%   0.023 AU:2    +
    8    18  1   0.1%   0.123 GU:2    +
   18    23  1   0.0%   0.390 UG:2    +
    5   129  1   0.0%   0.067 AU:2    +
   36    41  1   0.0%   0.509 AU:2    +
   14    30  1   0.0%   0.427 UA:2    +
    7    26  1   0.0%   0.051 GC:2    +
   14   121  1   0.0%   0.477 UA:2    +
   13    19  1   0.0%   0.091 UA:2    +
    8    39  1   0.0%   0.215 GC:2    +
   15   156  1   0.0%   0.472 GU:2    +
   63    75  1   0.0%   0.012 GC:2    +
   65    73  1   0.0%   0.009 UA:2    +
    3    94  1   0.0%   0.156 CG:2    +
    2    95  1   0.0%   0.109 AU:2    +
    7    13  1   0.0%   0.047 GU:2    +
   18    27  1   0.0%   0.078 UA:2    +
    3    92  1   0.0%   0.152 CG:2    +
   59    77  1   0.0%   0.374 AU:2    +
    7    40  1   0.0%   0.125 GU:2    +
   19    95  1   0.0%   0.111 AU:2    +
    2    93  1   0.0%   0.106 AU:2    +
   18    96  1   0.0%   0.110 UG:2    +
    6    42  1   0.0%   0.061 AU:2    +
   14   153  1   0.0%   0.475 UA:2    +
   14    31  1   0.0%   0.425 UA:2    +
   15    38  1   0.0%   0.451 GU:2    +
   18    25  1   0.0%   0.077 UA:2    +
   18    31  1   0.0%   0.079 UA:2    +
   18    30  1   0.0%   0.083 UA:2    +
   15    28  1   0.0%   0.389 GU:2    +
   18   158  1   0.0%   0.145 UA:2    +
   14    33  1   0.0%   0.471 UA:2    +
    8   127  1   0.0%   0.210 GC:2    +
   19   156  1   0.0%   0.203 AU:2    +
    3    96  1   0.0%   0.154 CG:2    +
    3    23  1   0.0%   0.149 CG:2    +
    5   156  1   0.0%   0.064 AU:2    +
    6   155  1   0.0%   0.070 AU:2    +
   18   121  1   0.0%   0.112 UA:2    +
    2   155  1   0.0%   0.108 AU:2    +
   18   153  1   0.0%   0.110 UA:2    +
   14    25  1   0.0%   0.417 UA:2    +
   14   120  1   0.0%   0.469 UA:2    +
    7   156  1   0.0%   0.111 GU:2    +
    7    28  1   0.0%   0.049 GU:2    +
   18   154  1   0.0%   0.116 UA:2    +
   18   161  1   0.0%   0.123 UA:2    +
    2    34  1   0.0%   0.102 AU:2    +
   15   127  1   0.0%   0.433 GC:2    +
   19    98  1   0.0%   0.107 AU:2    +
   41   122  1   0.0%   0.815 UA:2    +
   41   120  1   0.0%   0.352 UA:2    +
   18    33  1   0.0%   0.155 UA:2    +
  137   141  1   0.0%   0.003 UA:2    +
    2    97  1   0.0%   0.107 AU:2    +
    6   156  1   0.0%   0.071 AU:2    +
    6    28  1   0.0%   0.022 AU:2    +
   15    41  1   0.0%   0.447 GU:2    +
   19    97  1   0.0%   0.107 AU:2    +
    5    28  1   0.0%   0.026 AU:2    +
   14   122  1   0.0%   0.474 UA:2    +
    2    40  1   0.0%   0.102 AU:2    +
   41    91  1   0.0%   0.307 UA:2    +
   18    99  1   0.0%   0.106 UA:2    +
    7   155  1   0.0%   0.109 GU:2    +
    5    93  1   0.0%   0.058 AU:2    +
    5    95  1   0.0%   0.059 AU:2    +
   56    76  1   0.0%   0.001 AU:2    +
   14   154  1   0.0%   0.477 UA:2    +
   19    40  1   0.0%   0.094 AU:2    +
    2   156  1   0.0%   0.108 AU:2    +
   19   155  1   0.0%   0.143 AU:2    +
    1    18  1   0.0%   0.014 AU:2    +
    8    41  1   0.0%   0.206 GU:2    +
    5    43  1   0.0%   0.056 AU:2    +
   18   120  1   0.0%   0.107 UA:2    +
   15    98  1   0.0%   0.414 GU:2    +
    7   128  1   0.0%   0.115 GU:2    +
    7    38  1   0.0%   0.047 GU:2    +
   18   122  1   0.0%   0.111 UA:2    +
    7   126  1   0.0%   0.089 GC:2    +
    5   155  1   0.0%   0.061 AU:2    +
    6    34  1   0.0%   0.021 AU:2    +
    5    35  1   0.0%   0.026 AU:2    +
    5    42  1   0.0%   0.055 AU:2    +
    3    29  1   0.0%   0.147 CG:2    +
    3   123  1   0.0%   0.153 CG:2    +
  134   147  1   0.0%   0.002 UG:2    +
  132   140  1   0.0%   0.001 UA:2    +
   14   119  1   0.0%   0.466 UA:2    +
   14   124  1   0.0%   0.472 UA:2    +
   12    41  1   0.0%   0.088 AU:2    +
   15    34  1   0.0%   0.399 GU:2    +
  127   149  1   0.0%   0.143 CG:2    +
   15    93  1   0.0%   0.416 GU:2    +
  134   138  1   0.0%   0.001 UG:2    +
   19    93  1   0.0%   0.106 AU:2    +
   15    95  1   0.0%   0.417 GU:2    +
   41   158  1   0.0%   0.892 UA:2    +
   18   119  1   0.0%   0.105 UA:2    +
   15   152  1   0.0%   0.414 GC:2    +
    2    42  1   0.0%   0.102 AU:2    +
   18    94  1   0.0%   0.107 UG:2    +
  134   145  1   0.0%   0.001 UA:2    +
    7    42  1   0.0%   0.090 GU:2    +
    6    37  1   0.0%   0.021 AU:2    +
  102   134  1   0.0%   0.003 GU:2    +
    5    38  1   0.0%   0.026 AU:2    +
   19    38  1   0.0%   0.104 AU:2    +
   16    41  1   0.0%   0.080 AU:2    +
   14    91  1   0.0%   0.465 UA:2    +
   39   149  1   0.0%   1.049 CG:2    +
   99   137  1   0.0%   0.007 AU:2    +
   15   155  1   0.0%   0.448 GU:2    +
    6    95  1   0.0%   0.060 AU:2    +
  132   148  1   0.0%   0.001 UA:2    +
   19    34  1   0.0%   0.104 AU:2    +
    6    93  1   0.0%   0.060 AU:2    +
    7    43  1   0.0%   0.088 GU:2    +
    7    37  1   0.0%   0.046 GU:2    +
   15    42  1   0.0%   0.416 GU:2    +
  116   121  1   0.0%   0.284 UA:2    +
   15   126  1   0.0%   0.429 GC:2    +
    7    93  1   0.0%   0.090 GU:2    +
  134   141  1   0.0%   0.001 UA:2    +
   59    71  1   0.0%   0.000 AU:2    +
    7    35  1   0.0%   0.047 GU:2    +
    5    40  1   0.0%   0.026 AU:2    +
   41   161  1   0.0%   0.614 UA:2    +
   18   124  1   0.0%   0.107 UA:2    +
    7    95  1   0.0%   0.091 GU:2    +
   41   124  1   0.0%   0.812 UA:2    +
    2    28  1   0.0%   0.100 AU:2    +
    6    38  1   0.0%   0.021 AU:2    +
    7    34  1   0.0%   0.047 GU:2    +
   19   118  1   0.0%   0.105 AU:2    +
  125   134  1   0.0%   0.595 AU:2    +
    6    35  1   0.0%   0.021 AU:2    +
   15    43  1   0.0%   0.413 GU:2    +
  122   137  1   0.0%   0.440 AU:2    +
  149   160  1   0.0%   1.399 GC:2    +
    2    35  1   0.0%   0.102 AU:2    +
   14    99  1   0.0%   0.466 UA:2    +
    6   129  1   0.0%   0.070 AU:2    +
   15    40  1   0.0%   0.453 GU:2    +
   18    91  1   0.0%   0.103 UA:2    +
   41    88  1   0.0%   0.287 UA:2    +
    2    37  1   0.0%   0.101 AU:2    +
   71    82  1   0.0%   0.034 UA:2    +
  122   134  1   0.0%   0.439 AU:2    +
  124   132  1   0.0%   0.339 AU:2    +
  116   124  1   0.0%   0.342 UA:2    +
    5   128  1   0.0%   0.056 AU:2    +
   15   118  1   0.0%   0.413 GU:2    +
   41   154  1   0.0%   0.584 UA:2    +
   15    97  1   0.0%   0.414 GU:2    +
   48    83  1   0.0%   0.000 GC:2    +
    6    97  1   0.0%   0.058 AU:2    +
   14   125  1   0.0%   0.471 UA:2    +
   65    70  1   0.0%   0.001 UG:2    +
    2   128  1   0.0%   0.106 AU:2    +
    7    97  1   0.0%   0.089 GU:2    +
   18   123  1   0.0%   0.107 UG:2    +
   62    73  1   0.0%   0.003 UA:2    +
   15    37  1   0.0%   0.441 GU:2    +
   19    37  1   0.0%   0.091 AU:2    +
  134   140  1   0.0%   0.001 UA:2    +
   41   125  1   0.0%   0.777 UA:2    +
   41   153  1   0.0%   0.575 UA:2    +
   15    44  1   0.0%   0.413 GC:2    +
   18    92  1   0.0%   0.105 UG:2    +
    5    34  1   0.0%   0.026 AU:2    +
    6    43  1   0.0%   0.058 AU:2    +
   18   100  1   0.0%   0.105 UG:2    +
  100   116  1   0.0%   0.001 GU:2    +
   63    67  1   0.0%   0.000 GC:2    +
  131   149  1   0.0%   0.001 CG:2    +
   18   125  1   0.0%   0.107 UA:2    +
    5    97  1   0.0%   0.056 AU:2    +
    2    43  1   0.0%   0.101 AU:2    +
    5    37  1   0.0%   0.025 AU:2    +
  142   149  1   0.0%   0.845 CG:2    +
   19   129  1   0.0%   0.109 AU:2    +
   15   129  1   0.0%   0.418 GU:2    +
......................(((...(((.....)))...((((((...((((((..(((((.....)))))..))))))...))))))((...((((((((((....))))))))))....)).((((.((((..........)))))))))))....
