3 sequence; length of alignment 160
alifold output
   23    38  0  99.6%   0.018 GC:1    AU:2   
   25    36  0  99.9%   0.010 CG:3   
   24    37  0  99.9%   0.010 CG:3   
   26    35  1  99.6%   0.014 AU:2   
   81   115  0  98.9%   0.100 UA:3   
   82   114  0  98.8%   0.126 GC:3   
   27    34  0  98.7%   0.042 UA:3   
   80   116  1  98.1%   0.094 CG:1    UG:1   
   78   118  0  98.0%   0.122 GC:3   
   77   119  1  96.6%   0.165 UG:1    AU:1   
   79   117  0  96.5%   0.160 GU:3   
   50    61  0  95.6%   0.191 UA:3   
   52    59  0  95.4%   0.248 CG:3   
   51    60  1  95.6%   0.189 UA:2   
   49    62  1  95.5%   0.250 CG:2   
   83   113  1  94.2%   0.395 GC:2   
   28    33  0  89.9%   0.291 UG:3   
    6    13  0  89.6%   0.298 UA:3   
    5    14  0  89.3%   0.304 GC:3   
   76   120  1  87.7%   0.415 GC:2   
    4    15  1  87.0%   0.364 GC:2   
    7    12  0  81.3%   0.508 UA:3   
   22    39  0  78.6%   0.645 UG:2    UA:1   
   48    63  0  72.7%   0.805 GU:3   
   44    67  0  65.0%   0.976 UA:3   
   45    66  0  64.7%   0.961 UA:3   
  134   150  0  62.8%   1.033 CG:1    UG:2   
   75   121  1  64.2%   0.913 AU:2   
  137   147  0  62.4%   1.016 CG:2    UG:1   
  135   149  0  62.8%   1.020 AU:3   
  133   151  0  62.7%   1.032 AU:3   
  136   148  0  62.5%   1.022 AU:3   
   43    68  1  62.5%   1.021 AU:2   
  132   152  0  61.7%   1.189 AU:3   
  131   153  0  58.0%   1.352 UA:3   
   88   108  0  57.9%   1.096 UA:3    +
   87   109  0  57.9%   1.479 UA:3    +
   86   110  0  57.0%   1.486 UG:3    +
   89   107  1  56.9%   1.047 UG:2    +
   85   111  1  53.2%   1.459 UA:2    +
   90    98  0  49.4%   1.085 GC:2    GU:1   
   91    97  0  49.7%   1.084 GC:3   
   42    69  0  47.4%   1.107 UG:1    UA:2   
   90   106  1  45.0%   1.556 GC:2    +
   92    96  0  43.3%   1.118 UA:3   
   86   102  0  39.1%   1.109 UG:2    UA:1   
   84   104  0  39.1%   1.134 GC:1    AU:2   
   85   103  0  39.3%   1.136 UA:3   
   87   101  0  37.7%   1.105 UG:1    UA:2   
  123   159  1  37.0%   1.823 CG:2   
  124   158  0  36.4%   2.194 UA:3   
   95   101  0  34.6%   1.525 UG:1    UA:2    +
  122   160  0  33.9%   1.278 GC:1    AU:2   
  137   150  0  33.3%   1.852 CG:2    UG:1    +
   94   102  1  34.2%   1.518 CG:2    +
  135   152  0  33.7%   1.879 AU:3    +
  136   151  0  33.5%   1.866 AU:3    +
  133   154  0  33.2%   1.627 AU:3    +
  134   153  1  33.7%   1.924 UA:2    +
  138   146  1  33.4%   1.165 GU:2   
   72   127  0  30.6%   1.746 GU:1    AU:2    +
   73   126  0  30.8%   1.473 UA:3    +
  125   157  0  29.6%   2.025 UG:1    UA:2   
   74   125  1  30.1%   1.449 AU:2    +
  132   155  1  29.8%   1.989 AU:2    +
   71   128  1  29.3%   1.825 AU:2    +
   70   129  0  26.9%   1.738 UG:2    UA:1    +
   96   100  0  27.8%   1.491 AU:3    +
   53    57  0  25.0%   1.191 CG:3    +
  131   156  1  24.9%   2.010 UA:2    +
  142   147  0  22.9%   1.722 CG:3    +
  141   148  0  21.6%   1.615 AU:3    +
   92   103  0  19.3%   1.749 UA:3    +
   91   104  0  18.3%   1.685 GC:1    GU:2    +
  138   149  1  19.2%   1.892 GU:2    +
   69   130  0  17.3%   2.000 GU:1    AU:2    +
  129   155  1  17.1%   1.789 GU:2    +
   48    64  0  15.3%   1.191 GC:3    +
   75   124  1  15.2%   1.427 AU:2    +
  128   156  1  14.4%   1.589 UA:2    +
  130   157  0  11.7%   2.141 UG:1    UA:2    +
   91   105  1  12.9%   1.666 GU:2    +
   16   159  0  12.3%   1.046 CG:3    +
  139   147  0  10.8%   1.116 CG:3    +
   70   126  0  10.6%   0.970 UA:3    +
   72   124  0   9.3%   0.916 GU:1    AU:2    +
   17   158  1  10.7%   1.138 UA:2    +
   71   125  1  10.7%   1.107 AU:2    +
   68   129  0   7.1%   1.012 CG:1    UG:1    UA:1    +
   76   123  1   8.8%   0.841 GC:2    +
   44    69  0   7.0%   1.263 UG:1    UA:2    +
   43    70  0   7.5%   0.963 AU:3    +
   69   127  0   5.9%   1.151 GU:1    AU:2    +
   67   130  0   6.9%   1.231 AU:3    +
   42    71  1   7.2%   1.044 UA:2    +
  127   157  0   5.5%   1.702 UG:1    UA:2    +
   47    66  0   5.9%   1.011 UA:3    +
   46    67  0   5.8%   1.104 UA:3    +
   66   131  0   5.5%   1.161 AU:3    +
   69   128  0   4.2%   1.220 GU:1    AU:2    +
  138   148  1   5.3%   1.256 GU:2    +
   10    19  0   3.3%   0.422 GU:1    AU:2    +
   11    18  0   3.3%   0.346 CG:1    UG:2    +
    9    20  0   3.3%   0.457 GC:2    GU:1    +
   41    72  1   3.8%   0.475 UG:1    UA:1    +
   65   132  1   3.8%   0.505 UA:2    +
  129   154  0   2.1%   1.028 GU:2    AU:1    +
    2   155  0   1.1%   0.277 GU:1    AU:1    UA:1    +
   46    66  0   3.1%   0.721 UA:3    +
   45    67  0   2.9%   0.985 UA:3    +
    3    17  1   3.3%   0.345 AU:2    +
   11   150  0   1.7%   0.372 CG:1    UG:2    +
   10   151  0   1.7%   0.381 GU:1    AU:2    +
  140   145  0   2.7%   0.419 UA:3    +
    4    16  1   3.2%   0.450 GC:2    +
   83   105  1   2.9%   0.351 GU:2    +
  140   144  0   2.3%   0.308 UA:3    +
   39    68  0   0.2%   0.339 GC:1    GU:1    AU:1    +
    5    15  0   2.2%   0.476 GC:3    +
    7   157  0   1.2%   0.420 UG:1    UA:2    +
   18    55  0   2.1%   0.447 GC:3    +
   17    56  1   2.1%   0.461 AU:1    UA:1    +
   16    57  0   2.1%   0.383 CG:3    +
    4   119  0   0.1%   0.292 CG:1    GC:1    GU:1    +
   10    63  0   1.1%   0.261 GU:1    AU:2    +
   62    68  0   0.0%   0.495 GC:1    GU:1    AU:1    +
   41    62  0   0.0%   0.077 CG:1    UG:1    UA:1    +
    2    65  0   0.0%   0.077 GU:1    AU:1    UA:1    +
    2   119  0   0.0%   0.080 GC:1    UG:1    AU:1    +
   41   102  0   0.0%   0.187 CG:1    UG:1    UA:1    +
  107   119  0   0.0%   0.511 CG:1    GC:1    GU:1    +
   41   129  0   0.0%   0.194 CG:1    UG:1    UA:1    +
    2    51  0   0.0%   0.075 GU:1    UG:1    AU:1    +
    5    68  0   1.0%   0.364 GC:1    GU:2    +
   10   154  0   1.0%   0.429 GU:1    AU:2    +
   19    54  0   1.9%   0.458 UA:3    +
   48   160  0   0.9%   0.821 GC:1    GU:2    +
   69   125  0   0.8%   0.708 GU:1    AU:2    +
   40    72  0   0.8%   0.236 UG:1    UA:2    +
   40    71  1   2.3%   0.291 UA:2    +
   12   149  0   1.7%   0.494 AU:3    +
   13   148  0   1.7%   0.349 AU:3    +
   14   147  0   1.7%   0.371 CG:3    +
    9   152  0   1.7%   0.423 GU:3    +
   12    17  1   2.1%   0.565 AU:2    +
  129   137  0   0.6%   0.733 GC:2    AU:1    +
   83   112  0   1.6%   0.360 GC:3    +
   39    73  0   0.6%   0.363 GU:2    AU:1    +
  105   111  0   0.6%   0.926 AU:1    UA:2    +
  128   157  0   0.6%   1.714 UG:1    UA:2    +
    5    20  0   0.5%   0.325 GC:2    GU:1    +
    8   153  0   1.5%   0.238 UA:3    +
   18    41  0   0.5%   0.207 GC:1    GU:2    +
   78    98  0   0.5%   0.085 GC:2    GU:1    +
   77    99  0   0.5%   0.080 AU:2    UA:1    +
   72   104  0   0.4%   0.256 GC:1    AU:2    +
   44    62  0   0.4%   0.144 UG:2    UA:1    +
   90   105  1   1.9%   0.720 GU:2    +
   46   157  0   0.4%   0.546 UG:1    UA:2    +
    8   157  0   0.4%   0.276 UG:1    UA:2    +
   71   105  0   0.4%   0.354 AU:2    UA:1    +
   87   108  0   1.4%   0.576 UA:3    +
    4   120  0   0.4%   0.347 CG:1    GC:2    +
   73   122  0   0.4%   0.153 UG:1    UA:2    +
   86   109  0   1.3%   0.588 UA:3    +
   44    72  0   0.3%   0.745 UG:1    UA:2    +
   20   159  0   0.3%   0.605 CG:2    UG:1    +
   95   102  0   0.3%   1.198 UG:2    UA:1    +
  122   130  0   0.2%   0.584 GU:1    AU:2    +
    3    19  0   1.2%   0.301 AU:3    +
   92   101  0   0.2%   0.796 UG:1    UA:2    +
    5   160  0   0.2%   0.398 GC:1    GU:2    +
  131   157  0   0.2%   1.948 UG:1    UA:2    +
   88   101  0   0.2%   0.408 UG:1    UA:2    +
    2    20  1   1.2%   0.170 GC:1    AU:1    +
   87   102  0   0.2%   0.772 UG:2    UA:1    +
   29    33  0   0.2%   0.130 CG:1    UG:2    +
   20   157  1   1.2%   0.454 CG:1    UA:1    +
  130   153  0   1.2%   0.843 UA:3    +
   73   129  0   0.2%   1.076 UG:2    UA:1    +
   72   130  0   0.1%   1.325 GU:1    AU:2    +
    6   158  0   1.1%   0.330 UA:3    +
   47   157  0   0.1%   0.450 UG:1    UA:2    +
   41   159  0   0.1%   0.587 CG:1    UG:2    +
   45    62  0   0.1%   0.124 UG:2    UA:1    +
   20   110  0   0.1%   0.233 CG:2    UG:1    +
   84    92  0   0.1%   0.024 GU:1    AU:2    +
   39   137  0   0.1%   0.321 GC:2    AU:1    +
   42   157  0   0.1%   0.778 UG:1    UA:2    +
   85   110  0   1.1%   0.561 UG:3    +
   21   138  0   0.1%   0.110 CG:2    AU:1    +
   72   125  0   0.1%   0.764 GU:1    AU:2    +
   19   157  0   0.1%   0.512 UG:1    UA:2    +
    6    23  0   0.1%   0.122 UG:1    UA:2    +
   18   160  0   0.1%   0.476 GC:1    GU:2    +
   47    69  0   0.1%   0.789 UG:1    UA:2    +
   88   102  0   0.1%   0.411 UG:2    UA:1    +
  129   146  0   0.1%   0.683 GU:2    AU:1    +
   89   101  0   0.1%   0.399 UG:1    UA:2    +
    9    64  0   1.1%   0.302 GC:3    +
   62   137  0   0.1%   0.157 GC:2    AU:1    +
    6   122  0   0.1%   0.178 UG:1    UA:2    +
   39    70  0   0.1%   0.279 GU:2    AU:1    +
   40    69  0   0.1%   0.044 UG:1    UA:2    +
   41    48  0   0.1%   0.048 CG:1    UG:2    +
  134   147  0   0.1%   0.127 CG:1    UG:2    +
   45   157  0   0.1%   0.614 UG:1    UA:2    +
  123   138  0   0.1%   0.305 CG:2    AU:1    +
   18    68  0   0.0%   0.348 GC:1    GU:2    +
   48    68  0   0.0%   0.977 GC:1    GU:2    +
   71   155  0   0.0%   1.060 AU:2    UA:1    +
   72   154  0   0.0%   0.931 GU:1    AU:2    +
   19   158  0   1.0%   0.878 UA:3    +
   91    98  0   0.0%   0.739 GC:2    GU:1    +
   19   122  0   0.0%   0.335 UG:1    UA:2    +
   89   102  0   0.0%   0.402 UG:2    UA:1    +
   92   102  0   0.0%   0.781 UG:2    UA:1    +
  107   120  0   0.0%   0.565 CG:1    GC:2    +
  129   152  0   0.0%   0.793 GU:2    AU:1    +
   46    62  0   0.0%   0.125 UG:2    UA:1    +
  122   134  0   0.0%   0.065 GC:1    AU:2    +
   51    77  0   0.0%   0.073 GU:1    UA:2    +
  129   143  0   0.0%   0.669 GU:2    AU:1    +
   93   105  0   0.0%   0.502 AU:2    UA:1    +
  124   157  0   0.0%   0.812 UG:1    UA:2    +
   11   159  0   0.0%   0.303 CG:1    UG:2    +
    6   157  0   0.0%   0.181 UG:1    UA:2    +
   65    77  0   0.0%   0.101 AU:1    UA:2    +
   10   160  0   0.0%   0.350 GC:1    AU:2    +
  124   129  0   0.0%   1.184 UG:2    UA:1    +
   90   104  0   0.0%   0.763 GC:1    GU:2    +
   69   131  0   0.0%   1.375 GU:1    AU:2    +
   10   117  0   0.0%   0.170 GU:1    AU:2    +
   93    99  0   0.0%   0.035 AU:2    UA:1    +
   72   121  0   0.0%   0.243 GU:1    AU:2    +
   65    71  0   0.0%   0.380 AU:1    UA:2    +
   18   142  0   1.0%   0.471 GC:3    +
  122   128  0   0.0%   0.598 GU:1    AU:2    +
   11   116  0   0.0%   0.164 CG:1    UG:2    +
   19    39  0   0.0%   0.205 UG:2    UA:1    +
   72   160  0   0.0%   0.942 GC:1    AU:2    +
   70   122  0   0.0%   0.225 UG:1    UA:2    +
   42    72  0   0.0%   0.748 UG:1    UA:2    +
   18   134  0   0.0%   0.331 GC:1    GU:2    +
   18   137  0   0.0%   0.333 GC:2    GU:1    +
   22   157  0   0.0%   0.361 UG:1    UA:2    +
   10   127  0   0.0%   0.178 GU:1    AU:2    +
    5   137  0   0.0%   0.309 GC:2    GU:1    +
   45    69  0   0.0%   0.980 UG:1    UA:2    +
   41    59  0   0.0%   0.087 CG:1    UG:2    +
  121   129  0   0.0%   0.942 UG:2    UA:1    +
   39    46  0   0.0%   0.250 GU:2    AU:1    +
   20    48  0   0.0%   0.204 CG:2    UG:1    +
   29   150  0   0.0%   0.129 CG:1    UG:2    +
   51   156  0   0.0%   0.182 GC:1    UA:2    +
   19    72  0   0.0%   0.313 UG:1    UA:2    +
   39    47  0   0.0%   0.249 GU:2    AU:1    +
    8   129  0   0.0%   0.048 UG:2    UA:1    +
   39    45  0   0.0%   0.249 GU:2    AU:1    +
   63    84  0   0.0%   0.348 UG:1    UA:2    +
   10   130  0   0.0%   0.174 GU:1    AU:2    +
   62    85  0   0.0%   0.132 GU:2    AU:1    +
   44   157  0   0.0%   0.707 UG:1    UA:2    +
    6    10  0   0.0%   0.002 UG:1    UA:2    +
    5    11  0   0.0%   0.002 GC:1    GU:2    +
   72   128  0   0.0%   1.351 GU:1    AU:2    +
   40   157  0   0.0%   0.310 UG:1    UA:2    +
   20    76  0   0.0%   0.204 CG:2    UG:1    +
   63   122  0   0.0%   0.361 UG:1    UA:2    +
   69   160  0   0.0%   1.328 GC:1    AU:2    +
   69   134  0   0.0%   1.211 GC:1    AU:2    +
    9   134  0   0.0%   0.214 GC:1    GU:2    +
   50    62  0   0.0%   0.187 UG:2    UA:1    +
   50   157  0   0.0%   0.261 UG:1    UA:2    +
   86   101  0   0.0%   0.008 UG:1    UA:2    +
    6    62  0   0.0%   0.111 UG:2    UA:1    +
  122   131  0   0.0%   0.227 GU:1    AU:2    +
   18   104  0   0.0%   0.296 GC:1    GU:2    +
  122   127  0   0.0%   0.622 GU:1    AU:2    +
   84   117  0   0.0%   0.425 GU:1    AU:2    +
    6    72  0   0.0%   0.157 UG:1    UA:2    +
  122   140  0   0.0%   0.065 GU:1    AU:2    +
   68   159  0   0.0%   1.036 CG:1    UG:2    +
   84    89  0   0.0%   0.002 GU:1    AU:2    +
  104   110  0   0.0%   1.131 CG:1    UG:2    +
   40   122  0   0.0%   0.172 UG:1    UA:2    +
   85   102  0   0.0%   0.012 UG:2    UA:1    +
   42   101  0   0.0%   0.596 UG:1    UA:2    +
   63    69  0   0.0%   0.901 UG:1    UA:2    +
  125   129  0   0.0%   1.304 UG:2    UA:1    +
   41    76  0   0.0%   0.189 CG:1    UG:2    +
   62    70  0   0.0%   0.335 GU:2    AU:1    +
   69    73  0   0.0%   0.616 GU:1    AU:2    +
   63    72  0   0.0%   0.528 UG:1    UA:2    +
    5   134  0   0.0%   0.306 GC:1    GU:2    +
   68    79  0   0.0%   0.377 CG:1    UG:2    +
   19   129  0   0.0%   0.331 UG:2    UA:1    +
   47    62  0   0.0%   0.127 UG:2    UA:1    +
   38    48  0   0.0%   0.009 CG:1    UG:2    +
   56    71  0   0.0%   0.380 AU:1    UA:2    +
   62    73  0   0.0%   0.182 GU:2    AU:1    +
   46    69  0   0.0%   0.870 UG:1    UA:2    +
   40    62  0   0.0%   0.053 UG:2    UA:1    +
   46    72  0   0.0%   0.503 UG:1    UA:2    +
   39    44  0   0.0%   0.271 GU:2    AU:1    +
  104   116  0   0.0%   0.760 CG:1    UG:2    +
   20   116  0   0.0%   0.231 CG:2    UG:1    +
   20    33  0   0.0%   0.196 CG:2    UG:1    +
   20    79  0   0.0%   0.205 CG:2    UG:1    +
  152   157  0   0.0%   1.839 UG:1    UA:2    +
   10    44  0   0.0%   0.119 GU:1    AU:2    +
   19    69  0   0.0%   0.312 UG:1    UA:2    +
  117   122  0   0.0%   0.099 UG:1    UA:2    +
   99   111  0   0.0%   0.396 AU:1    UA:2    +
  122   143  0   0.0%   0.058 GU:1    AU:2    +
   11    48  0   0.0%   0.115 CG:1    UG:2    +
   11    72  0   0.0%   0.156 CG:1    UA:2    +
   59    68  0   0.0%   0.539 GC:1    GU:2    +
   10   124  0   0.0%   0.203 GU:1    AU:2    +
   68   147  0   0.0%   0.677 CG:1    UG:2    +
   11   157  0   0.0%   0.351 CG:1    UA:2    +
   10    73  0   0.0%   0.169 GU:1    AU:2    +
   42   129  0   0.0%   0.605 UG:2    UA:1    +
   69   146  0   0.0%   1.209 GU:1    AU:2    +
   23   151  0   0.0%   0.125 GU:1    AU:2    +
   11   122  0   0.0%   0.162 CG:1    UA:2    +
   98   110  0   0.0%   0.789 CG:2    UG:1    +
  134   157  0   0.0%   1.733 CG:1    UA:2    +
   57    68  0   0.0%   0.875 GC:1    GU:2    +
   11    69  0   0.0%   0.156 CG:1    UA:2    +
   39   154  0   0.0%   0.413 GU:2    AU:1    +
   20   147  0   0.0%   0.288 CG:2    UG:1    +
   20    78  0   0.0%   0.205 CG:2    UG:1    +
   10    40  0   0.0%   0.118 GU:1    AU:2    +
    7    72  0   0.0%   0.244 UG:1    UA:2    +
    9    41  0   0.0%   0.155 GC:1    GU:2    +
   10    70  0   0.0%   0.169 GU:1    AU:2    +
  129   140  0   0.0%   0.673 GU:2    AU:1    +
   45    72  0   0.0%   0.625 UG:1    UA:2    +
   48   134  0   0.0%   0.620 GC:1    GU:2    +
   69   124  0   0.0%   0.598 GU:1    AU:2    +
   42    62  0   0.0%   0.064 UG:2    UA:1    +
    7   102  0   0.0%   0.244 UG:2    UA:1    +
    5   104  0   0.0%   0.273 GC:1    GU:2    +
   11    82  0   0.0%   0.156 CG:1    UG:2    +
    8   122  0   0.0%   0.050 UG:1    UA:2    +
   19    23  0   0.0%   0.206 UG:1    UA:2    +
   22    72  0   0.0%   0.219 UG:1    UA:2    +
   70   157  0   0.0%   1.034 UG:1    UA:2    +
   29   147  0   0.0%   0.089 CG:1    UG:2    +
   39    50  0   0.0%   0.247 GU:2    AU:1    +
    8   101  0   0.0%   0.033 UG:1    UA:2    +
   39   127  0   0.0%   0.309 GU:2    AU:1    +
   69   121  0   0.0%   0.587 GU:1    AU:2    +
   22   122  0   0.0%   0.227 UG:1    UA:2    +
   23    29  0   0.0%   0.008 GC:1    AU:2    +
   22   129  0   0.0%   0.225 UG:2    UA:1    +
   23   152  0   0.0%   0.127 GU:1    AU:2    +
    6    69  0   0.0%   0.156 UG:1    UA:2    +
   83   104  0   0.0%   0.049 GC:1    GU:2    +
   68    76  0   0.0%   0.376 CG:1    UG:2    +
    7   122  0   0.0%   0.260 UG:1    UA:2    +
  120   138  0   0.0%   0.171 CG:2    GU:1    +
  137   159  0   0.0%   1.591 CG:2    UG:1    +
   73   157  0   0.0%   0.699 UG:1    UA:2    +
  143   157  0   0.0%   1.063 UG:1    UA:2    +
   23    41  0   0.0%   0.038 GC:1    AU:2    +
    8    72  0   0.0%   0.034 UG:1    UA:2    +
   41    78  0   0.0%   0.189 CG:1    UG:2    +
   42   122  0   0.0%   0.606 UG:1    UA:2    +
   68   150  0   0.0%   0.715 CG:1    UG:2    +
   44   129  0   0.0%   0.553 UG:2    UA:1    +
   68    78  0   0.0%   0.377 CG:1    UG:2    +
   39   140  0   0.0%   0.312 GU:2    AU:1    +
   69   154  0   0.0%   1.314 GU:1    AU:2    +
   69   152  0   0.0%   1.322 GU:1    AU:2    +
   20    57  0   0.0%   0.282 CG:2    UG:1    +
   47    72  0   0.0%   0.410 UG:1    UA:2    +
  148   157  0   0.0%   1.897 UG:1    UA:2    +
   29    57  0   0.0%   0.094 CG:1    UG:2    +
   40   129  0   0.0%   0.169 UG:2    UA:1    +
   37    41  0   0.0%   0.029 GC:1    GU:2    +
    5    41  0   0.0%   0.225 GC:1    GU:2    +
  122   148  0   0.0%   0.128 GU:1    AU:2    +
   26   155  0   0.0%   0.122 AU:2    UA:1    +
   28   157  0   0.0%   0.245 UG:1    UA:2    +
   51    74  0   0.0%   0.084 GC:1    UA:2    +
   41    57  0   0.0%   0.114 CG:1    UG:2    +
   41   110  0   0.0%   0.202 CG:1    UG:2    +
    9   160  0   0.0%   0.387 GC:1    GU:2    +
   59   137  0   0.0%   0.188 GC:2    GU:1    +
  149   157  0   0.0%   1.726 UG:1    UA:2    +
   20    59  0   0.0%   0.252 CG:2    UG:1    +
    6   129  0   0.0%   0.169 UG:2    UA:1    +
   10    22  0   0.0%   0.142 GU:1    AU:2    +
   23   149  0   0.0%   0.082 GU:1    AU:2    +
   10   134  0   0.0%   0.170 GC:1    AU:2    +
   23    42  0   0.0%   0.028 GU:1    AU:2    +
   69   149  0   0.0%   1.278 GU:1    AU:2    +
  122   154  0   0.0%   0.167 GU:1    AU:2    +
   72   151  0   0.0%   0.928 GU:1    AU:2    +
   18    38  0   0.0%   0.124 GC:1    GU:2    +
   72    81  0   0.0%   0.188 GU:1    AU:2    +
   27   157  0   0.0%   0.156 UG:1    UA:2    +
  147   160  0   0.0%   1.524 GC:1    GU:2    +
   56    77  0   0.0%   0.096 AU:1    UA:2    +
  134   159  0   0.0%   1.580 CG:1    UG:2    +
   85   101  0   0.0%   0.011 UG:1    UA:2    +
   29    59  0   0.0%   0.064 CG:1    UG:2    +
   62   154  0   0.0%   0.248 GU:2    AU:1    +
   62   130  0   0.0%   0.139 GU:2    AU:1    +
   72   146  0   0.0%   0.816 GU:1    AU:2    +
   23    40  0   0.0%   0.018 GU:1    AU:2    +
    7   129  0   0.0%   0.255 UG:2    UA:1    +
   39   121  0   0.0%   0.324 GU:2    AU:1    +
   84    88  0   0.0%   0.002 GU:1    AU:2    +
   39    63  0   0.0%   0.295 GU:2    AU:1    +
  140   157  0   0.0%   1.280 UG:1    UA:2    +
  122   146  0   0.0%   0.058 GU:1    AU:2    +
   33    38  0   0.0%   0.112 GC:1    GU:2    +
  122   149  0   0.0%   0.128 GU:1    AU:2    +
   11   110  0   0.0%   0.163 CG:1    UG:2    +
    6    39  0   0.0%   0.108 UG:2    UA:1    +
   20   150  0   0.0%   0.326 CG:2    UG:1    +
   72   134  0   0.0%   0.818 GC:1    AU:2    +
   23    50  0   0.0%   0.011 GU:1    AU:2    +
   69   104  0   0.0%   0.559 GC:1    AU:2    +
   22    69  0   0.0%   0.218 UG:1    UA:2    +
  121   157  0   0.0%   0.570 UG:1    UA:2    +
   11   147  0   0.0%   0.160 CG:1    UG:2    +
   10   148  0   0.0%   0.169 GU:1    AU:2    +
    7    62  0   0.0%   0.202 UG:2    UA:1    +
  151   157  0   0.0%   1.845 UG:1    UA:2    +
   47   129  0   0.0%   0.234 UG:2    UA:1    +
   27    62  0   0.0%   0.057 UG:2    UA:1    +
   39   128  0   0.0%   0.309 GU:2    AU:1    +
   19    62  0   0.0%   0.347 UG:2    UA:1    +
    8    69  0   0.0%   0.033 UG:1    UA:2    +
   62   131  0   0.0%   0.139 GU:2    AU:1    +
   63   129  0   0.0%   0.358 UG:2    UA:1    +
   39   125  0   0.0%   0.329 GU:2    AU:1    +
  122   151  0   0.0%   0.170 GU:1    AU:2    +
   23   148  0   0.0%   0.082 GU:1    AU:2    +
   51    71  0   0.0%   0.355 GU:1    UA:2    +
   73   101  0   0.0%   0.058 UG:1    UA:2    +
    7    23  0   0.0%   0.208 UG:1    UA:2    +
   39   146  0   0.0%   0.309 GU:2    AU:1    +
   79   160  0   0.0%   0.254 GC:1    GU:2    +
   72   131  0   0.0%   0.988 GU:1    AU:2    +
   10   152  0   0.0%   0.311 GU:1    AU:2    +
   33    41  0   0.0%   0.135 GC:1    GU:2    +
   63   157  0   0.0%   0.578 UG:1    UA:2    +
   39   130  0   0.0%   0.303 GU:2    AU:1    +
   47   122  0   0.0%   0.236 UG:1    UA:2    +
   44    84  0   0.0%   0.544 UG:1    UA:2    +
   48   137  0   0.0%   0.624 GC:2    GU:1    +
   47    84  0   0.0%   0.226 UG:1    UA:2    +
   35    39  0   0.0%   0.246 UG:2    UA:1    +
   20    83  0   0.0%   0.202 CG:2    UG:1    +
   46   122  0   0.0%   0.329 UG:1    UA:2    +
   39   124  0   0.0%   0.335 GU:2    AU:1    +
   65   111  0   0.0%   0.112 AU:1    UA:2    +
  104   122  0   0.0%   0.751 CG:1    UA:2    +
   50    72  0   0.0%   0.251 UG:1    UA:2    +
    6    67  0   1.0%   0.248 UA:3    +
  128   158  0   1.0%   1.963 UA:3    +
    3   154  0   0.9%   0.397 AU:3    +
   12   152  0   0.9%   0.556 AU:3    +
   19   141  0   0.9%   0.460 UA:3    +
   13   151  0   0.9%   0.408 AU:3    +
   49   159  0   0.9%   0.606 CG:3    +
   14   150  0   0.9%   0.429 CG:3    +
   79   118  0   0.9%   0.242 GC:3    +
   50   158  0   0.9%   0.651 UA:3    +
   67   127  0   0.9%   0.762 AU:3    +
   14    59  0   0.9%   0.238 CG:3    +
    7    66  0   0.9%   0.323 UA:3    +
   66   128  0   0.8%   0.767 AU:3    +
   78   119  1   0.8%   0.246 GC:1    GU:1    +
   88   107  1   1.3%   0.207 UG:2    +
  139   150  0   0.7%   1.142 CG:3    +
   57    64  0   0.7%   0.928 GC:3    +
  127   159  0   0.7%   1.755 UG:3    +
   58    63  0   0.7%   0.443 AU:3    +
   22   158  0   0.6%   0.680 UA:3    +
  140   147  0   0.6%   0.928 UG:3    +
  130   136  0   0.6%   0.645 UA:3    +
  141   146  0   0.6%   0.539 AU:3    +
    8   156  1   1.1%   0.262 UA:2    +
   48    65  1   1.1%   0.724 GU:2    +
   19    43  0   0.6%   0.297 UA:3    +
   18    44  0   0.5%   0.255 GU:3    +
    7    13  0   0.5%   0.350 UA:3    +
   21    39  1   1.0%   0.180 CG:2    +
  131   135  0   0.5%   0.295 UA:3    +
    9   155  1   1.0%   0.481 GU:2    +
  127   158  0   0.5%   1.764 UA:3    +
    8    12  0   0.5%   0.247 UA:3    +
    9    16  0   0.5%   0.199 GC:3    +
   79    97  0   0.5%   0.084 GC:3    +
   11   153  1   0.9%   0.429 UA:2    +
   76   100  0   0.4%   0.083 GU:3    +
   82    95  0   0.4%   0.074 GU:3    +
   83    94  0   0.4%   0.073 GC:3    +
   81    96  0   0.4%   0.072 UA:3    +
   73   103  0   0.4%   0.128 UA:3    +
   45    61  0   0.4%   0.085 UA:3    +
   46    60  0   0.4%   0.086 UA:3    +
    7   158  0   0.4%   0.430 UA:3    +
    3    22  0   0.4%   0.235 AU:3    +
   45   158  0   0.4%   0.937 UA:3    +
  110   118  0   0.4%   0.586 GC:3    +
  112   116  0   0.4%   0.212 CG:3    +
    3   124  0   0.4%   0.292 AU:3    +
   43    63  0   0.4%   0.154 AU:3    +
   48    53  0   0.4%   0.079 GC:3    +
    3   121  0   0.4%   0.268 AU:3    +
  128   159  0   0.3%   1.878 UG:3    +
   11    62  1   0.8%   0.236 UG:2    +
   49    57  0   0.3%   0.147 CG:3    +
   68   126  1   0.8%   0.494 UA:2    +
   49    59  0   0.3%   0.158 CG:3    +
    2   125  1   0.3%   0.157 GU:1    AU:1    +
    6   159  0   0.3%   0.285 UG:3    +
   50    58  0   0.3%   0.065 UA:3    +
   59    64  0   0.3%   0.591 GC:3    +
   21   159  1   0.8%   0.518 CG:2    +
   47    59  0   0.3%   0.131 UG:3    +
   44   159  0   0.3%   0.967 UG:3    +
  125   158  0   0.3%   2.005 UA:3    +
   43    73  0   0.3%   0.650 AU:3    +
    1    19  0   0.3%   0.061 AU:3    +
  125   135  0   0.3%   0.752 UA:3    +
  127   133  0   0.3%   0.651 UA:3    +
   18    42  0   0.3%   0.203 GU:3    +
   16   116  0   0.2%   0.272 CG:3    +
   40    67  0   0.2%   0.108 UA:3    +
   53    59  0   0.2%   0.554 CG:3    +
   88   109  0   0.2%   0.832 UA:3    +
   89   108  0   0.2%   0.758 UA:3    +
    5   119  1   0.2%   0.330 GC:1    GU:1    +
  124   136  0   0.2%   0.625 UA:3    +
   18   114  0   0.2%   0.348 GC:3    +
   87   110  0   0.2%   1.200 UG:3    +
  130   158  0   0.2%   1.866 UA:3    +
  128   132  0   0.2%   0.746 UA:3    +
   52    57  0   0.2%   0.159 CG:3    +
   42    66  0   0.2%   0.115 UA:3    +
  146   153  0   0.2%   1.314 UA:3    +
  145   154  0   0.2%   0.715 AU:3    +
   15    59  0   0.2%   0.284 CG:3    +
  147   152  0   0.2%   1.815 GU:3    +
  124   159  0   0.2%   1.794 UG:3    +
   79   112  0   0.2%   0.085 GC:3    +
    9    14  0   0.2%   0.132 GC:3    +
    2    19  1   0.2%   0.048 GU:1    AU:1    +
   86   103  0   0.2%   0.795 UA:3    +
   47    60  0   0.2%   0.097 UA:3    +
  126   131  0   0.2%   0.856 AU:3    +
   46    61  0   0.2%   0.091 UA:3    +
  125   132  0   0.2%   0.846 UA:3    +
   65   129  1   0.6%   0.203 UG:2    +
   47    54  0   0.1%   0.112 UA:3    +
   41   157  1   0.1%   0.360 UG:1    UA:1    +
   40   158  0   0.1%   0.592 UA:3    +
   46   158  0   0.1%   0.815 UA:3    +
    4   160  1   0.6%   0.442 GU:2    +
   90    97  0   0.1%   0.057 GC:3    +
   18   154  0   0.1%   0.508 GU:3    +
   42   158  0   0.1%   1.051 UA:3    +
  139   159  0   0.1%   1.198 CG:3    +
   51   157  1   0.6%   0.356 UA:2    +
  106   110  1   0.6%   0.911 CG:2    +
  140   158  0   0.1%   1.243 UA:3    +
  124   133  0   0.1%   0.591 UA:3    +
   80   110  1   0.1%   0.047 CG:1    UG:1    +
    2   123  1   0.1%   0.107 GC:1    UA:1    +
   85    91  0   0.1%   0.024 UG:3    +
    5   112  0   0.1%   0.294 GC:3    +
   85   109  0   0.1%   0.416 UA:3    +
   28    34  0   0.1%   0.132 UA:3    +
   17   155  1   0.1%   0.462 AU:1    UA:1    +
   86   108  0   0.1%   0.409 UA:3    +
   18   112  0   0.1%   0.323 GC:3    +
    7   110  0   0.1%   0.265 UG:3    +
   18    64  0   0.1%   0.353 GC:3    +
   76   118  0   0.1%   0.065 GC:3    +
  125   159  0   0.1%   1.937 UG:3    +
   40   136  0   0.1%   0.185 UA:3    +
   95   103  0   0.1%   1.154 UA:3    +
    3   125  0   0.1%   0.284 AU:3    +
    5    24  0   0.1%   0.236 GC:3    +
  126   140  0   0.1%   0.706 AU:3    +
   38   138  1   0.1%   0.034 CG:1    UG:1    +
   37   139  0   0.1%   0.025 GC:3    +
   75   119  1   0.1%   0.044 CG:1    AU:1    +
   36   140  0   0.1%   0.022 GU:3    +
   45   159  0   0.1%   0.868 UG:3    +
    8   109  0   0.1%   0.052 UA:3    +
  131   144  0   0.1%   0.246 UA:3    +
   81   109  0   0.1%   0.066 UA:3    +
   18    40  0   0.1%   0.144 GU:3    +
  132   143  0   0.1%   0.187 AU:3    +
    1   124  0   0.1%   0.060 AU:3    +
   82   106  1   0.6%   0.117 GC:2    +
  130   145  0   0.1%   0.579 UA:3    +
   17    65  1   0.1%   0.317 AU:1    UA:1    +
  125   141  0   0.1%   0.772 UA:3    +
    2   160  1   0.1%   0.196 GU:1    AU:1    +
   19   153  0   0.1%   0.504 UA:3    +
   54    63  0   0.1%   0.404 AU:3    +
   70   132  0   0.1%   0.947 UA:3    +
    8   115  0   0.1%   0.055 UA:3    +
   19   156  1   0.6%   0.524 UA:2    +
   64   159  0   0.1%   0.854 CG:3    +
    9   114  0   0.1%   0.218 GC:3    +
  138   151  1   0.6%   1.753 GU:2    +
    1   121  0   0.1%   0.052 AU:3    +
   40   159  0   0.1%   0.541 UG:3    +
   35   141  0   0.1%   0.064 UA:3    +
    8    13  0   0.1%   0.166 UA:3    +
    5   118  0   0.1%   0.294 GC:3    +
    7    18  0   0.1%   0.211 UG:3    +
   86    90  0   0.1%   0.016 UG:3    +
   63   136  0   0.1%   0.375 UA:3    +
  135   140  0   0.1%   0.090 AU:3    +
    4    21  1   0.6%   0.323 GC:2    +
   14    18  0   0.1%   0.243 CG:3    +
    2    21  1   0.1%   0.077 GC:1    UA:1    +
   87   103  0   0.1%   0.795 UA:3    +
    2   120  1   0.1%   0.092 GC:1    UG:1    +
   41    69  1   0.1%   0.076 UG:1    UA:1    +
   19   159  0   0.1%   0.767 UG:3    +
  133   148  0   0.1%   0.119 AU:3    +
    9    15  0   0.1%   0.228 GC:3    +
  127   156  1   0.6%   0.816 UA:2    +
  126   154  0   0.1%   0.811 AU:3    +
   13    19  0   0.1%   0.338 AU:3    +
    1   125  0   0.1%   0.060 AU:3    +
   44    66  0   0.1%   0.139 UA:3    +
   44   158  0   0.1%   0.981 UA:3    +
  135   146  0   0.1%   0.086 AU:3    +
    2   128  1   0.0%   0.131 GU:1    AU:1    +
  132   149  0   0.0%   0.253 AU:3    +
    3   127  0   0.0%   0.262 AU:3    +
    2   154  1   0.0%   0.138 GU:1    AU:1    +
    7   116  0   0.0%   0.262 UG:3    +
   19    67  0   0.0%   0.364 UA:3    +
   18   146  0   0.0%   0.391 GU:3    +
   17   157  1   0.0%   0.426 UG:1    UA:1    +
    8   158  0   0.0%   0.264 UA:3    +
  142   159  0   0.0%   1.297 CG:3    +
   19   145  0   0.0%   0.385 UA:3    +
  128   153  0   0.0%   0.736 UA:3    +
    5   154  0   0.0%   0.369 GU:3    +
    2   124  1   0.0%   0.109 GU:1    AU:1    +
   44   133  0   0.0%   0.557 UA:3    +
   20    39  1   0.0%   0.208 CG:1    UG:1    +
  143   158  0   0.0%   1.020 UA:3    +
    1    22  0   0.0%   0.037 AU:3    +
   46    59  0   0.0%   0.073 UG:3    +
   45    60  0   0.0%   0.022 UA:3    +
   16   147  0   0.0%   0.320 CG:3    +
    1   128  0   0.0%   0.061 AU:3    +
   47    58  0   0.0%   0.030 UA:3    +
   73   153  0   0.0%   0.602 UA:3    +
  127   145  0   0.0%   0.620 UA:3    +
  128   144  0   0.0%   0.615 UA:3    +
  131   158  0   0.0%   1.881 UA:3    +
   78   121  0   0.0%   0.462 GU:3    +
   42   135  0   0.0%   0.612 UA:3    +
   52    79  0   0.0%   0.077 CG:3    +
   53    78  0   0.0%   0.397 CG:3    +
    1   154  0   0.0%   0.066 AU:3    +
  126   146  0   0.0%   0.695 AU:3    +
   47    67  0   0.0%   0.846 UA:3    +
   18   143  0   0.0%   0.386 GU:3    +
   55    76  0   0.0%   0.105 CG:3    +
    7   159  0   0.0%   0.361 UG:3    +
   59   139  0   0.0%   0.196 GC:3    +
   67   131  0   0.0%   1.028 AU:3    +
   48    52  0   0.0%   0.022 GC:3    +
   44    61  0   0.0%   0.042 UA:3    +
   48    55  0   0.0%   0.127 GC:3    +
   88   103  0   0.0%   0.432 UA:3    +
   49    79  0   0.0%   0.097 CG:3    +
   33   142  0   0.0%   0.163 GC:3    +
   50    78  0   0.0%   0.077 UG:3    +
   58   140  0   0.0%   0.100 AU:3    +
   52    76  0   0.0%   0.071 CG:3    +
    3    70  0   0.0%   0.205 AU:3    +
   50    59  0   0.0%   0.123 UG:3    +
   67   128  0   0.0%   0.729 AU:3    +
  131   150  0   0.0%   0.347 UG:3    +
   48    80  1   0.0%   0.619 GC:1    GU:1    +
   47    61  0   0.0%   0.092 UA:3    +
   51    80  1   0.0%   0.077 GU:1    UA:1    +
    6   153  0   0.0%   0.179 UA:3    +
    6    12  0   0.0%   0.008 UA:3    +
   76   114  0   0.0%   0.063 GC:3    +
   66    73  0   0.0%   0.690 AU:3    +
   14   159  0   0.0%   0.303 CG:3    +
  130   159  0   0.0%   1.767 UG:3    +
   31   151  0   0.0%   0.123 AU:3    +
   32   150  1   0.0%   0.124 CG:1    UG:1    +
   18   127  0   0.0%   0.338 GU:3    +
   33   149  0   0.0%   0.191 GU:3    +
   19   126  0   0.0%   0.333 UA:3    +
   34   148  0   0.0%   0.100 AU:3    +
   30   152  0   0.0%   0.124 AU:3    +
   40    48  0   0.0%   0.019 UG:3    +
    3   128  0   0.0%   0.265 AU:3    +
   79   119  1   0.0%   0.230 GC:1    GU:1    +
  132   140  0   0.0%   0.183 AU:3    +
  127   153  0   0.0%   0.738 UA:3    +
  131   141  0   0.0%   0.275 UA:3    +
    2    46  1   0.0%   0.079 GU:1    AU:1    +
   64   110  0   0.0%   0.425 CG:3    +
   55   159  0   0.0%   0.533 CG:3    +
  121   135  0   0.0%   0.362 UA:3    +
   64    76  0   0.0%   0.412 CG:3    +
   64    78  0   0.0%   0.415 CG:3    +
    2   127  1   0.0%   0.122 GU:1    AU:1    +
   15   159  0   0.0%   0.258 CG:3    +
   47   158  0   0.0%   0.711 UA:3    +
    3   130  0   0.0%   0.262 AU:3    +
    3    45  0   0.0%   0.198 AU:3    +
   18   139  0   0.0%   0.335 GC:3    +
  116   127  0   0.0%   0.656 GU:3    +
  115   128  0   0.0%   0.598 AU:3    +
   45   132  0   0.0%   0.449 UA:3    +
   82    94  0   0.0%   0.008 GC:3    +
   43    47  0   0.0%   0.050 AU:3    +
  117   126  0   0.0%   0.719 UA:3    +
    1    47  0   0.0%   0.039 AU:3    +
   94   110  0   0.0%   0.808 CG:3    +
   55   116  0   0.0%   0.120 CG:3    +
   57   114  0   0.0%   0.537 GC:3    +
   16    76  0   0.0%   0.224 CG:3    +
   95   109  0   0.0%   0.831 UA:3    +
   91   112  0   0.0%   1.044 GC:3    +
    9   118  0   0.0%   0.218 GC:3    +
   63    79  0   0.0%   0.359 UG:3    +
   40    66  0   0.0%   0.059 UA:3    +
   15    78  0   0.0%   0.227 CG:3    +
   14    79  0   0.0%   0.162 CG:3    +
   63    67  0   0.0%   0.971 UA:3    +
   10    20  1   0.0%   0.313 GC:1    AU:1    +
   42    48  0   0.0%   0.034 UG:3    +
   54   117  0   0.0%   0.099 AU:3    +
   78   114  0   0.0%   0.075 GC:3    +
   66   130  0   0.0%   0.684 AU:3    +
    2   121  1   0.0%   0.093 GU:1    AU:1    +
   46    58  0   0.0%   0.014 UA:3    +
   45    59  0   0.0%   0.066 UG:3    +
   62    80  1   0.0%   0.138 GC:1    AU:1    +
    2   131  1   0.0%   0.128 GU:1    AU:1    +
   80   119  1   0.0%   0.139 UG:1    AU:1    +
   73   159  0   0.0%   0.920 UG:3    +
   46   159  0   0.0%   0.742 UG:3    +
   47    57  0   0.0%   0.104 UG:3    +
   35   147  0   0.0%   0.092 UG:3    +
   44    60  0   0.0%   0.038 UA:3    +
   18    45  0   0.0%   0.206 GU:3    +
  125   147  0   0.0%   0.797 UG:3    +
   19   133  0   0.0%   0.331 UA:3    +
   66    70  0   0.0%   0.838 AU:3    +
   61    81  0   0.0%   0.093 AU:3    +
   19   136  0   0.0%   0.333 UA:3    +
   67    73  0   0.0%   0.686 AU:3    +
   76   119  1   0.0%   0.074 GC:1    GU:1    +
   76   121  0   0.0%   0.496 GU:3    +
   17    69  1   0.0%   0.308 UG:1    UA:1    +
  136   154  0   0.0%   1.293 AU:3    +
   81   108  0   0.0%   0.042 UA:3    +
   12   125  0   0.0%   0.313 AU:3    +
   89   103  0   0.0%   0.421 UA:3    +
   15   147  0   0.0%   0.299 CG:3    +
  142   150  0   0.0%   1.212 CG:3    +
    6   136  0   0.0%   0.173 UA:3    +
    3    73  0   0.0%   0.204 AU:3    +
   16    78  0   0.0%   0.226 CG:3    +
  128   147  0   0.0%   0.685 UG:3    +
    9   128  0   0.0%   0.223 GU:3    +
    2   130  1   0.0%   0.125 GU:1    AU:1    +
   15    79  0   0.0%   0.228 CG:3    +
   91   100  0   0.0%   0.388 GU:3    +
   88   110  0   0.0%   0.820 UG:3    +
   89   109  0   0.0%   0.760 UA:3    +
   16    48  0   0.0%   0.140 CG:3    +
   59   142  0   0.0%   0.234 GC:3    +
   42    58  0   0.0%   0.023 UA:3    +
    8    66  0   0.0%   0.076 UA:3    +
   68    72  1   0.0%   0.553 UG:1    UA:1    +
  141   151  0   0.0%   1.235 AU:3    +
   58   143  0   0.0%   0.094 AU:3    +
    1   131  0   0.0%   0.059 AU:3    +
    3    46  0   0.0%   0.200 AU:3    +
   40    60  0   0.0%   0.014 UA:3    +
   45    58  0   0.0%   0.011 UA:3    +
   31   148  0   0.0%   0.075 AU:3    +
   20   122  1   0.0%   0.222 CG:1    UA:1    +
   30   149  0   0.0%   0.075 AU:3    +
   32   147  1   0.0%   0.080 CG:1    UG:1    +
    7   135  0   0.0%   0.258 UA:3    +
    2    47  1   0.0%   0.079 GU:1    AU:1    +
   46    57  0   0.0%   0.091 UG:3    +
  144   152  0   0.0%   0.899 AU:3    +
   13   124  0   0.0%   0.175 AU:3    +
  145   151  0   0.0%   0.922 AU:3    +
    2    70  1   0.0%   0.080 GU:1    AU:1    +
   42    67  0   0.0%   0.110 UA:3    +
    7    67  0   0.0%   0.291 UA:3    +
  143   153  0   0.0%   0.883 UA:3    +
    2    45  1   0.0%   0.074 GU:1    AU:1    +
    5    64  0   0.0%   0.229 GC:3    +
  130   141  0   0.0%   0.610 UA:3    +
   18    73  0   0.0%   0.300 GU:3    +
    2    73  1   0.0%   0.081 GU:1    AU:1    +
    3    27  0   0.0%   0.191 AU:3    +
  141   149  0   0.0%   1.115 AU:3    +
    2    68  1   0.0%   0.079 GC:1    AU:1    +
   78   112  0   0.0%   0.055 GC:3    +
    1    73  0   0.0%   0.039 AU:3    +
  146   150  0   0.0%   1.234 UG:3    +
    2    28  1   0.0%   0.072 GU:1    AU:1    +
   42    61  0   0.0%   0.024 UA:3    +
    3    44  0   0.0%   0.193 AU:3    +
    3   131  0   0.0%   0.261 AU:3    +
   61   140  0   0.0%   0.104 AU:3    +
   22   159  0   0.0%   0.602 UG:3    +
   18   125  0   0.0%   0.355 GU:3    +
  128   135  0   0.0%   0.607 UA:3    +
   44    59  0   0.0%   0.086 UG:3    +
    2    42  1   0.0%   0.073 GU:1    AU:1    +
   85    90  0   0.0%   0.003 UG:3    +
   42   159  0   0.0%   0.986 UG:3    +
    5   139  0   0.0%   0.309 GC:3    +
    1    70  0   0.0%   0.038 AU:3    +
  148   153  0   0.0%   1.737 UA:3    +
  147   154  0   0.0%   1.583 GU:3    +
   63   133  0   0.0%   0.358 UA:3    +
   64    83  0   0.0%   0.405 CG:3    +
    5    44  0   0.0%   0.227 GU:3    +
   27    33  0   0.0%   0.004 UG:3    +
   61    86  0   0.0%   0.092 AU:3    +
   12   128  0   0.0%   0.293 AU:3    +
   60    87  0   0.0%   0.084 AU:3    +
    6    43  0   0.0%   0.110 UA:3    +
    9   131  0   0.0%   0.217 GU:3    +
   18    49  0   0.0%   0.202 GC:3    +
   59    88  0   0.0%   0.178 GU:3    +
   66    81  0   0.0%   0.636 AU:3    +
    5    16  0   0.0%   0.297 GC:3    +
  127   136  0   0.0%   0.636 UA:3    +
   19    48  0   0.0%   0.233 UG:3    +
    1    46  0   0.0%   0.034 AU:3    +
   20    72  1   0.0%   0.204 CG:1    UA:1    +
  125   144  0   0.0%   0.722 UA:3    +
   13   130  0   0.0%   0.144 AU:3    +
    1   127  0   0.0%   0.054 AU:3    +
   61   124  0   0.0%   0.131 AU:3    +
   76   112  0   0.0%   0.053 GC:3    +
    3    42  0   0.0%   0.193 AU:3    +
    5   127  0   0.0%   0.313 GU:3    +
    1   130  0   0.0%   0.057 AU:3    +
   12   131  0   0.0%   0.287 AU:3    +
  126   143  0   0.0%   0.688 AU:3    +
    3   152  0   0.0%   0.260 AU:3    +
    8   132  0   0.0%   0.048 UA:3    +
    6   126  0   0.0%   0.170 UA:3    +
   49    82  0   0.0%   0.091 CG:3    +
    2    27  1   0.0%   0.070 GU:1    AU:1    +
   70   159  0   0.0%   1.251 UG:3    +
   18    46  0   0.0%   0.205 GU:3    +
   18   121  0   0.0%   0.345 GU:3    +
   85   108  0   0.0%   0.382 UA:3    +
    1     8  0   0.0%   0.002 AU:3    +
   60   125  0   0.0%   0.117 AU:3    +
   67   154  0   0.0%   0.969 AU:3    +
   90   100  0   0.0%   0.392 GU:3    +
  124   145  0   0.0%   0.588 UA:3    +
   20   138  1   0.0%   0.216 CG:1    UG:1    +
  154   159  0   0.0%   1.477 UG:3    +
    1   152  0   0.0%   0.059 AU:3    +
   17   129  1   0.0%   0.328 UG:1    UA:1    +
   50    57  0   0.0%   0.107 UG:3    +
    8   135  0   0.0%   0.049 UA:3    +
    2   152  1   0.0%   0.126 GU:1    AU:1    +
   54   154  0   0.0%   0.204 AU:3    +
   98   102  1   0.0%   1.161 CG:1    UG:1    +
   18   128  0   0.0%   0.337 GU:3    +
    2    40  1   0.0%   0.071 GU:1    AU:1    +
  136   152  0   0.0%   1.513 AU:3    +
   43    50  0   0.0%   0.044 AU:3    +
   13   127  0   0.0%   0.146 AU:3    +
    7   136  0   0.0%   0.259 UA:3    +
   33   146  0   0.0%   0.117 GU:3    +
   58    73  0   0.0%   0.138 AU:3    +
    7    61  0   0.0%   0.203 UA:3    +
   17   122  1   0.0%   0.327 UG:1    UA:1    +
    7   153  0   0.0%   0.261 UA:3    +
  133   140  0   0.0%   0.053 AU:3    +
   34   127  0   0.0%   0.033 AU:3    +
   33   128  0   0.0%   0.121 GU:3    +
   35   126  0   0.0%   0.011 UA:3    +
    8    60  0   0.0%   0.032 UA:3    +
    2     7  1   0.0%   0.001 GU:1    AU:1    +
   32   129  1   0.0%   0.009 CG:1    UG:1    +
   59   112  0   0.0%   0.192 GC:3    +
   22   109  0   0.0%   0.224 UA:3    +
   19   103  0   0.0%   0.313 UA:3    +
   31   130  0   0.0%   0.007 AU:3    +
    5    63  0   0.0%   0.226 GU:3    +
  136   149  0   0.0%   0.728 AU:3    +
  100   109  0   0.0%   0.809 UA:3    +
   57   142  0   0.0%   0.566 GC:3    +
    1    28  0   0.0%   0.032 AU:3    +
   36   125  0   0.0%   0.035 GU:3    +
  132   154  0   0.0%   0.669 AU:3    +
  121   126  0   0.0%   0.993 UA:3    +
   61    70  0   0.0%   0.295 AU:3    +
   86    91  0   0.0%   0.014 UG:3    +
   20   102  1   0.0%   0.203 CG:1    UG:1    +
   58    89  0   0.0%   0.085 AU:3    +
    4    41  1   0.0%   0.270 GC:1    GU:1    +
  154   158  0   0.0%   1.568 UA:3    +
   18    22  0   0.0%   0.150 GU:3    +
   83   118  0   0.0%   0.332 GC:3    +
    3    40  0   0.0%   0.191 AU:3    +
   20   129  1   0.0%   0.218 CG:1    UG:1    +
   43   154  0   0.0%   0.695 AU:3    +
  135   143  0   0.0%   0.076 AU:3    +
   18    70  0   0.0%   0.299 GU:3    +
   22   153  0   0.0%   0.334 UA:3    +
   81   110  0   0.0%   0.071 UG:3    +
  131   159  0   0.0%   1.786 UG:3    +
   49   150  0   0.0%   0.208 CG:3    +
   30   131  0   0.0%   0.006 AU:3    +
  133   152  0   0.0%   0.752 AU:3    +
    5    73  0   0.0%   0.276 GU:3    +
   76   124  0   0.0%   0.935 GU:3    +
   18   118  0   0.0%   0.323 GC:3    +
   22    43  0   0.0%   0.256 UA:3    +
   48   151  0   0.0%   0.732 GU:3    +
   42    60  0   0.0%   0.023 UA:3    +
    6    18  0   0.0%   0.102 UG:3    +
   53    90  0   0.0%   0.386 CG:3    +
  126   149  0   0.0%   0.761 AU:3    +
   52    91  0   0.0%   0.067 CG:3    +
   82   119  1   0.0%   0.181 GC:1    GU:1    +
  132   151  0   0.0%   0.289 AU:3    +
    3   140  0   0.0%   0.258 AU:3    +
   27   145  0   0.0%   0.021 UA:3    +
   19   144  0   0.0%   0.381 UA:3    +
   70   133  0   0.0%   0.815 UA:3    +
    7   133  0   0.0%   0.256 UA:3    +
  100   108  0   0.0%   0.794 UA:3    +
   25   147  0   0.0%   0.085 CG:3    +
   55    59  0   0.0%   0.243 CG:3    +
   17   105  1   0.0%   0.306 AU:1    UA:1    +
    8    18  0   0.0%   0.037 UG:3    +
    5    49  0   0.0%   0.225 GC:3    +
   40   103  0   0.0%   0.162 UA:3    +
   43   100  0   0.0%   0.582 AU:3    +
   50    67  0   0.0%   0.691 UA:3    +
   85   116  0   0.0%   0.813 UG:3    +
   18   130  0   0.0%   0.331 GU:3    +
    4    68  1   0.0%   0.273 GC:1    GU:1    +
    6    48  0   0.0%   0.110 UG:3    +
  121   132  0   0.0%   0.481 UA:3    +
    8   159  0   0.0%   0.206 UG:3    +
   17   119  1   0.0%   0.339 UG:1    AU:1    +
    5    55  0   0.0%   0.226 GC:3    +
   48   139  0   0.0%   0.625 GC:3    +
  121   158  0   0.0%   0.854 UA:3    +
   28   144  0   0.0%   0.113 UA:3    +
   54    89  0   0.0%   0.093 AU:3    +
  136   143  0   0.0%   0.078 AU:3    +
   18   124  0   0.0%   0.360 GU:3    +
  128   133  0   0.0%   0.607 UA:3    +
  115   124  0   0.0%   0.593 AU:3    +
   52   147  0   0.0%   0.146 CG:3    +
   17    39  1   0.0%   0.207 UG:1    UA:1    +
   37   124  0   0.0%   0.040 GU:3    +
    6    54  0   0.0%   0.110 UA:3    +
   42   153  0   0.0%   0.718 UA:3    +
   45    57  0   0.0%   0.089 UG:3    +
  127   132  0   0.0%   0.735 UA:3    +
    1    42  0   0.0%   0.033 AU:3    +
   44   153  0   0.0%   0.667 UA:3    +
    6   133  0   0.0%   0.170 UA:3    +
    8   108  0   0.0%   0.034 UA:3    +
    7   109  0   0.0%   0.245 UA:3    +
   44    58  0   0.0%   0.032 UA:3    +
   16   110  0   0.0%   0.230 CG:3    +
    2     8  1   0.0%   0.002 GU:1    AU:1    +
    5   142  0   0.0%   0.308 GC:3    +
   18   152  0   0.0%   0.500 GU:3    +
   86   115  0   0.0%   0.813 UA:3    +
   38    69  1   0.0%   0.007 UG:1    UA:1    +
    8   126  0   0.0%   0.046 UA:3    +
   27    31  0   0.0%   0.002 UA:3    +
    3   151  0   0.0%   0.258 AU:3    +
   37    49  0   0.0%   0.003 GC:3    +
   17    72  1   0.0%   0.306 UG:1    UA:1    +
   42   132  0   0.0%   0.599 UA:3    +
    3     7  0   0.0%   0.001 AU:3    +
  131   136  0   0.0%   0.275 UA:3    +
   43   152  0   0.0%   0.704 AU:3    +
   18   131  0   0.0%   0.331 GU:3    +
  103   117  0   0.0%   0.779 AU:3    +
   19    34  0   0.0%   0.199 UA:3    +
    6   141  0   0.0%   0.172 UA:3    +
   44    48  0   0.0%   0.044 UG:3    +
   18    47  0   0.0%   0.204 GU:3    +
   57    70  0   0.0%   0.718 GU:3    +
   18    35  0   0.0%   0.124 GU:3    +
    9    52  0   0.0%   0.155 GC:3    +
   12    42  0   0.0%   0.281 AU:3    +
    5    40  0   0.0%   0.225 GU:3    +
   68   107  1   0.0%   0.368 CG:1    UG:1    +
    3    47  0   0.0%   0.198 AU:3    +
   22   108  0   0.0%   0.217 UA:3    +
  100   110  0   0.0%   0.807 UG:3    +
   26    32  1   0.0%   0.001 UG:1    AU:1    +
   43   131  0   0.0%   0.587 AU:3    +
    9   125  0   0.0%   0.240 GU:3    +
   55   147  0   0.0%   0.176 CG:3    +
   15   150  0   0.0%   0.340 CG:3    +
   12    47  0   0.0%   0.282 AU:3    +
  135   154  0   0.0%   1.289 AU:3    +
  126   130  0   0.0%   1.169 AU:3    +
  121   141  0   0.0%   0.396 UA:3    +
    3     8  0   0.0%   0.002 AU:3    +
  133   146  0   0.0%   0.046 AU:3    +
  130   135  0   0.0%   0.550 UA:3    +
  140   150  0   0.0%   1.059 UG:3    +
   16    82  0   0.0%   0.223 CG:3    +
   13    40  0   0.0%   0.137 AU:3    +
   50    60  0   0.0%   0.063 UA:3    +
   63   135  0   0.0%   0.361 UA:3    +
   15    57  0   0.0%   0.211 CG:3    +
   33   143  0   0.0%   0.115 GU:3    +
    9    45  0   0.0%   0.158 GU:3    +
   15    83  0   0.0%   0.225 CG:3    +
   36    50  0   0.0%   0.002 GU:3    +
    7   132  0   0.0%   0.255 UA:3    +
    5    22  0   0.0%   0.242 GU:3    +
   13    46  0   0.0%   0.140 AU:3    +
    5    52  0   0.0%   0.225 GC:3    +
   20    69  1   0.0%   0.202 CG:1    UA:1    +
   67   148  0   0.0%   0.933 AU:3    +
   16    37  0   0.0%   0.135 CG:3    +
    1    40  0   0.0%   0.032 AU:3    +
   70   108  0   0.0%   0.211 UA:3    +
   25    33  0   0.0%   0.007 CG:3    +
   54   148  0   0.0%   0.169 AU:3    +
  124   132  0   0.0%   0.696 UA:3    +
    6   110  0   0.0%   0.157 UG:3    +
   87    91  0   0.0%   0.009 UG:3    +
   24   150  0   0.0%   0.122 CG:3    +
  121   144  0   0.0%   0.356 UA:3    +
   45   153  0   0.0%   0.563 UA:3    +
    6   116  0   0.0%   0.165 UG:3    +
   42   126  0   0.0%   0.602 UA:3    +
   16   150  0   0.0%   0.357 CG:3    +
   10    17  1   0.0%   0.123 GU:1    AU:1    +
   90   114  0   0.0%   0.841 GC:3    +
   14   116  0   0.0%   0.165 CG:3    +
   30   143  0   0.0%   0.004 AU:3    +
   12    81  0   0.0%   0.280 AU:3    +
   66   149  0   0.0%   0.910 AU:3    +
    1     7  0   0.0%   0.001 AU:3    +
   28   133  0   0.0%   0.107 UA:3    +
    2   151  1   0.0%   0.124 GU:1    AU:1    +
  128   141  0   0.0%   0.652 UA:3    +
   47   159  0   0.0%   0.640 UG:3    +
   43   125  0   0.0%   0.614 AU:3    +
   49   110  0   0.0%   0.106 CG:3    +
   66   125  0   0.0%   0.667 AU:3    +
   42   133  0   0.0%   0.599 UA:3    +
   50   109  0   0.0%   0.077 UA:3    +
   89   115  0   0.0%   0.380 UA:3    +
   43   128  0   0.0%   0.594 AU:3    +
   53    82  0   0.0%   0.387 CG:3    +
  110   114  0   0.0%   0.483 GC:3    +
   52    83  0   0.0%   0.067 CG:3    +
   36    53  0   0.0%   0.002 GC:3    +
   70   145  0   0.0%   0.812 UA:3    +
  136   140  0   0.0%   0.088 AU:3    +
   37    52  0   0.0%   0.002 GC:3    +
   34   143  0   0.0%   0.025 AU:3    +
   50    54  0   0.0%   0.088 UA:3    +
   70   158  0   0.0%   1.316 UA:3    +
   16    59  0   0.0%   0.271 CG:3    +
  127   141  0   0.0%   0.660 UA:3    +
  115   121  0   0.0%   0.377 AU:3    +
   13   117  0   0.0%   0.138 AU:3    +
   54    81  0   0.0%   0.093 AU:3    +
   73   158  0   0.0%   0.982 UA:3    +
    7   115  0   0.0%   0.251 UA:3    +
   19   108  0   0.0%   0.313 UA:3    +
   47   135  0   0.0%   0.237 UA:3    +
   67   124  0   0.0%   0.667 AU:3    +
   35    54  0   0.0%   0.081 UA:3    +
   20   107  1   0.0%   0.203 CG:1    UG:1    +
   60    70  0   0.0%   0.288 AU:3    +
   53   159  0   0.0%   0.817 CG:3    +
   58    70  0   0.0%   0.289 AU:3    +
   13   154  0   0.0%   0.351 AU:3    +
   40   126  0   0.0%   0.167 UA:3    +
   90    94  0   0.0%   0.032 GC:3    +
   25   150  0   0.0%   0.122 CG:3    +
   28   145  0   0.0%   0.110 UA:3    +
   47   153  0   0.0%   0.345 UA:3    +
   83   114  0   0.0%   0.292 GC:3    +
    9    49  0   0.0%   0.154 GC:3    +
   12   121  0   0.0%   0.307 AU:3    +
   52   150  0   0.0%   0.185 CG:3    +
   82   112  0   0.0%   0.086 GC:3    +
   48    70  0   0.0%   0.816 GU:3    +
   12    19  0   0.0%   0.473 AU:3    +
   44   145  0   0.0%   0.553 UA:3    +
   60   140  0   0.0%   0.094 AU:3    +
  108   121  0   0.0%   0.742 AU:3    +
   19    79  0   0.0%   0.315 UG:3    +
   14    48  0   0.0%   0.117 CG:3    +
   15    48  0   0.0%   0.211 CG:3    +
   43   146  0   0.0%   0.590 AU:3    +
   53   147  0   0.0%   0.465 CG:3    +
   54   146  0   0.0%   0.099 AU:3    +
    5    70  0   0.0%   0.276 GU:3    +
  149   158  0   0.0%   1.677 UA:3    +
   44    57  0   0.0%   0.113 UG:3    +
   46   136  0   0.0%   0.330 UA:3    +
    1    45  0   0.0%   0.033 AU:3    +
    4    20  1   0.0%   0.285 GC:1    GU:1    +
   40   153  0   0.0%   0.287 UA:3    +
    2    44  1   0.0%   0.072 GU:1    AU:1    +
   14   110  0   0.0%   0.166 CG:3    +
  144   149  0   0.0%   0.796 AU:3    +
   18    80  1   0.0%   0.295 GC:1    GU:1    +
    5   124  0   0.0%   0.341 GU:3    +
  152   158  0   0.0%   1.790 UA:3    +
   45   144  0   0.0%   0.452 UA:3    +
   35   144  0   0.0%   0.018 UA:3    +
  109   121  0   0.0%   0.759 AU:3    +
   46    54  0   0.0%   0.083 UA:3    +
   18    24  0   0.0%   0.130 GC:3    +
   18   148  0   0.0%   0.454 GU:3    +
   40    61  0   0.0%   0.012 UA:3    +
  108   117  0   0.0%   0.445 AU:3    +
    2     6  1   0.0%   0.000 GU:1    AU:1    +
  124   141  0   0.0%   0.631 UA:3    +
   13    81  0   0.0%   0.136 AU:3    +
   31   143  0   0.0%   0.004 AU:3    +
   36   143  0   0.0%   0.012 GU:3    +
    6   103  0   0.0%   0.157 UA:3    +
   22   126  0   0.0%   0.222 UA:3    +
    2    22  1   0.0%   0.072 GU:1    AU:1    +
   16    79  0   0.0%   0.225 CG:3    +
   33    55  0   0.0%   0.191 GC:3    +
   18   149  0   0.0%   0.455 GU:3    +
   22   136  0   0.0%   0.221 UA:3    +
   57    73  0   0.0%   0.566 GU:3    +
   37   142  0   0.0%   0.058 GC:3    +
  116   142  0   0.0%   0.117 GC:3    +
   48   112  0   0.0%   0.628 GC:3    +
   70    76  0   0.0%   0.219 UG:3    +
  121   136  0   0.0%   0.363 UA:3    +
    5   121  0   0.0%   0.325 GU:3    +
  117   141  0   0.0%   0.117 UA:3    +
   55    79  0   0.0%   0.103 CG:3    +
    7   108  0   0.0%   0.244 UA:3    +
   30   146  0   0.0%   0.005 AU:3    +
   90    95  0   0.0%   0.030 GU:3    +
   22    31  0   0.0%   0.026 UA:3    +
   36   146  0   0.0%   0.013 GU:3    +
  115   143  0   0.0%   0.041 AU:3    +
   27   153  0   0.0%   0.132 UA:3    +
    5   128  0   0.0%   0.315 GU:3    +
   58   124  0   0.0%   0.123 AU:3    +
    1     6  0   0.0%   0.000 AU:3    +
  151   158  0   0.0%   1.796 UA:3    +
  140   153  0   0.0%   1.106 UA:3    +
   74   119  1   0.0%   0.041 CG:1    AU:1    +
   48   154  0   0.0%   0.723 GU:3    +
   88   116  0   0.0%   0.451 UG:3    +
   22    30  0   0.0%   0.026 UA:3    +
    8   136  0   0.0%   0.049 UA:3    +
   33    53  0   0.0%   0.109 GC:3    +
   18   140  0   0.0%   0.332 GU:3    +
   22    48  0   0.0%   0.220 UG:3    +
   57   125  0   0.0%   0.547 GU:3    +
   42    59  0   0.0%   0.074 UG:3    +
   60   154  0   0.0%   0.193 AU:3    +
   40    76  0   0.0%   0.163 UG:3    +
  148   159  0   0.0%   1.756 UG:3    +
   76   125  0   0.0%   1.057 GU:3    +
  124   144  0   0.0%   0.590 UA:3    +
   46   153  0   0.0%   0.438 UA:3    +
    5    19  0   0.0%   0.268 GU:3    +
  128   136  0   0.0%   0.607 UA:3    +
   58   127  0   0.0%   0.096 AU:3    +
   45   133  0   0.0%   0.449 UA:3    +
   19    66  0   0.0%   0.348 UA:3    +
   53   150  0   0.0%   0.504 CG:3    +
  125   150  0   0.0%   0.833 UG:3    +
   66   152  0   0.0%   0.954 AU:3    +
   55    91  0   0.0%   0.095 CG:3    +
    2   106  1   0.0%   0.079 GC:1    UA:1    +
   35    43  0   0.0%   0.045 UA:3    +
   70   153  0   0.0%   0.927 UA:3    +
   36    42  0   0.0%   0.019 GU:3    +
   34    44  0   0.0%   0.051 AU:3    +
   42   144  0   0.0%   0.608 UA:3    +
   91    95  0   0.0%   0.032 GU:3    +
   70   109  0   0.0%   0.219 UA:3    +
   47    96  0   0.0%   0.226 UA:3    +
   89    96  0   0.0%   0.025 UA:3    +
   67   151  0   0.0%   0.975 AU:3    +
   42   147  0   0.0%   0.679 UG:3    +
   42    57  0   0.0%   0.101 UG:3    +
   49    83  0   0.0%   0.090 CG:3    +
  116   139  0   0.0%   0.079 GC:3    +
   48    95  0   0.0%   0.614 GU:3    +
   54    92  0   0.0%   0.093 AU:3    +
   43   130  0   0.0%   0.588 AU:3    +
   43   143  0   0.0%   0.589 AU:3    +
    3    63  0   0.0%   0.195 AU:3    +
  143   147  0   0.0%   1.009 UG:3    +
   38    72  1   0.0%   0.007 UG:1    UA:1    +
   45    54  0   0.0%   0.083 UA:3    +
    5   130  0   0.0%   0.309 GU:3    +
   33    45  0   0.0%   0.114 GU:3    +
   54   128  0   0.0%   0.107 AU:3    +
   13    63  0   0.0%   0.184 AU:3    +
    6    66  0   0.0%   0.110 UA:3    +
   64    79  0   0.0%   0.413 CG:3    +
  115   140  0   0.0%   0.047 AU:3    +
   33    52  0   0.0%   0.109 GC:3    +
   79   114  0   0.0%   0.072 GC:3    +
    6   109  0   0.0%   0.157 UA:3    +
   98   107  1   0.0%   0.772 CG:1    UG:1    +
   22    61  0   0.0%   0.216 UA:3    +
    5   125  0   0.0%   0.334 GU:3    +
   76    80  1   0.0%   0.017 GC:1    GU:1    +
   19    58  0   0.0%   0.306 UA:3    +
   79   121  0   0.0%   0.472 GU:3    +
   57   128  0   0.0%   0.527 GU:3    +
   52   159  0   0.0%   0.497 CG:3    +
   63   132  0   0.0%   0.354 UA:3    +
  133   143  0   0.0%   0.046 AU:3    +
  126   148  0   0.0%   0.760 AU:3    +
   40    79  0   0.0%   0.164 UG:3    +
   68   122  1   0.0%   0.378 UG:1    UA:1    +
   28    58  0   0.0%   0.105 UA:3    +
   50    66  0   0.0%   0.694 UA:3    +
   48   152  0   0.0%   0.733 GU:3    +
   50    82  0   0.0%   0.070 UG:3    +
   20    62  1   0.0%   0.241 CG:1    UG:1    +
  141   152  0   0.0%   1.216 AU:3    +
   49    76  0   0.0%   0.089 CG:3    +
   41   122  1   0.0%   0.196 UG:1    UA:1    +
   58   154  0   0.0%   0.197 AU:3    +
  144   148  0   0.0%   0.966 AU:3    +
   46   132  0   0.0%   0.323 UA:3    +
   14    91  0   0.0%   0.159 CG:3    +
   15    90  0   0.0%   0.225 CG:3    +
    7   126  0   0.0%   0.256 UA:3    +
  152   159  0   0.0%   1.698 UG:3    +
  133   149  0   0.0%   0.115 AU:3    +
   47   132  0   0.0%   0.230 UA:3    +
   28   158  0   0.0%   0.502 UA:3    +
    8   133  0   0.0%   0.047 UA:3    +
   54    73  0   0.0%   0.145 AU:3    +
    5    97  0   0.0%   0.272 GC:3    +
   43   121  0   0.0%   0.609 AU:3    +
    2   149  1   0.0%   0.124 GU:1    AU:1    +
   27   158  0   0.0%   0.412 UA:3    +
    4    98  1   0.0%   0.271 GC:1    GU:1    +
    3    50  0   0.0%   0.195 AU:3    +
   83    92  0   0.0%   0.001 GU:3    +
    1    44  0   0.0%   0.032 AU:3    +
    6    96  0   0.0%   0.157 UA:3    +
  136   146  0   0.0%   0.080 AU:3    +
    3   148  0   0.0%   0.257 AU:3    +
   48    94  0   0.0%   0.614 GC:3    +
   13    92  0   0.0%   0.136 AU:3    +
   90   112  0   0.0%   0.898 GC:3    +
   40    58  0   0.0%   0.010 UA:3    +
   73   132  0   0.0%   0.608 UA:3    +
   66   127  0   0.0%   0.645 AU:3    +
   44   126  0   0.0%   0.550 UA:3    +
   70    78  0   0.0%   0.220 UG:3    +
   43   127  0   0.0%   0.593 AU:3    +
   48    73  0   0.0%   0.664 GU:3    +
  121   159  0   0.0%   0.788 UG:3    +
   54   149  0   0.0%   0.169 AU:3    +
   66   121  0   0.0%   0.661 AU:3    +
  125   153  0   0.0%   0.837 UA:3    +
   19    60  0   0.0%   0.307 UA:3    +
   46   133  0   0.0%   0.325 UA:3    +
   18    53  0   0.0%   0.201 GC:3    +
    2    63  1   0.0%   0.076 GU:1    AU:1    +
   41   107  1   0.0%   0.186 CG:1    UG:1    +
   46    82  0   0.0%   0.319 UG:3    +
   27   159  0   0.0%   0.365 UG:3    +
   16    83  0   0.0%   0.223 CG:3    +
  111   119  1   0.0%   0.521 UG:1    AU:1    +
   46   108  0   0.0%   0.319 UA:3    +
   68   157  1   0.0%   0.820 UG:1    UA:1    +
   42   109  0   0.0%   0.603 UA:3    +
   67   125  0   0.0%   0.661 AU:3    +
   40   108  0   0.0%   0.162 UA:3    +
   76   142  0   0.0%   0.428 GC:3    +
   58   128  0   0.0%   0.097 AU:3    +
  125   136  0   0.0%   0.736 UA:3    +
   57    89  0   0.0%   0.513 GU:3    +
   22   133  0   0.0%   0.219 UA:3    +
   58    88  0   0.0%   0.084 AU:3    +
   58   117  0   0.0%   0.088 AU:3    +
   57   118  0   0.0%   0.522 GC:3    +
   19   132  0   0.0%   0.327 UA:3    +
   89   110  0   0.0%   0.757 UG:3    +
   32    39  1   0.0%   0.241 CG:1    UG:1    +
   63   141  0   0.0%   0.404 UA:3    +
   70    79  0   0.0%   0.220 UG:3    +
   18    81  0   0.0%   0.295 GU:3    +
  127   147  0   0.0%   0.690 UG:3    +
    6   145  0   0.0%   0.172 UA:3    +
   61   143  0   0.0%   0.097 AU:3    +
   31    40  0   0.0%   0.008 AU:3    +
   45   109  0   0.0%   0.449 UA:3    +
  135   151  0   0.0%   0.767 AU:3    +
  126   152  0   0.0%   0.806 AU:3    +
    5   146  0   0.0%   0.308 GU:3    +
   59   127  0   0.0%   0.190 GU:3    +
   39    80  1   0.0%   0.296 GC:1    AU:1    +
   40   133  0   0.0%   0.164 UA:3    +
   40    54  0   0.0%   0.087 UA:3    +
    8    67  0   0.0%   0.080 UA:3    +
  148   158  0   0.0%   1.848 UA:3    +
   78   124  0   0.0%   0.675 GU:3    +
   28    60  0   0.0%   0.105 UA:3    +
  109   124  0   0.0%   0.974 AU:3    +
   55    78  0   0.0%   0.103 CG:3    +
  124   135  0   0.0%   0.582 UA:3    +
   34   146  0   0.0%   0.026 AU:3    +
   22    66  0   0.0%   0.258 UA:3    +
  121   145  0   0.0%   0.352 UA:3    +
    9    94  0   0.0%   0.203 GC:3    +
   66   154  0   0.0%   0.945 AU:3    +
   63   158  0   0.0%   0.856 UA:3    +
   55   150  0   0.0%   0.214 CG:3    +
   18   119  1   0.0%   0.335 GC:1    GU:1    +
   12    70  0   0.0%   0.284 AU:3    +
   73   145  0   0.0%   0.478 UA:3    +
  127   135  0   0.0%   0.634 UA:3    +
   27    59  0   0.0%   0.068 UG:3    +
  143   150  0   0.0%   0.834 UG:3    +
   73   150  0   0.0%   0.591 UG:3    +
   59   140  0   0.0%   0.191 GU:3    +
   54   151  0   0.0%   0.211 AU:3    +
    5    45  0   0.0%   0.228 GU:3    +
    9   154  0   0.0%   0.337 GU:3    +
  108   125  0   0.0%   1.080 AU:3    +
  125   133  0   0.0%   0.706 UA:3    +
  151   159  0   0.0%   1.704 UG:3    +
   14    83  0   0.0%   0.159 CG:3    +
   15    82  0   0.0%   0.225 CG:3    +
   47   126  0   0.0%   0.232 UA:3    +
   59    87  0   0.0%   0.176 GU:3    +
  127   144  0   0.0%   0.615 UA:3    +
   23   137  1   0.0%   0.014 GC:1    AU:1    +
   16    36  0   0.0%   0.135 CG:3    +
   57   152  0   0.0%   0.633 GU:3    +
   12    46  0   0.0%   0.283 AU:3    +
   29   157  1   0.0%   0.155 UG:1    UA:1    +
   13    45  0   0.0%   0.139 AU:3    +
  145   152  0   0.0%   0.903 AU:3    +
   27    61  0   0.0%   0.016 UA:3    +
   73    78  0   0.0%   0.069 UG:3    +
    7   144  0   0.0%   0.257 UA:3    +
   22   115  0   0.0%   0.237 UA:3    +
   15   110  0   0.0%   0.232 CG:3    +
   15    37  0   0.0%   0.210 CG:3    +
    9    73  0   0.0%   0.206 GU:3    +
   48   118  0   0.0%   0.621 GC:3    +
    1    63  0   0.0%   0.035 AU:3    +
    2   117  1   0.0%   0.079 GU:1    AU:1    +
   48   114  0   0.0%   0.633 GC:3    +
  132   146  0   0.0%   0.180 AU:3    +
   45   135  0   0.0%   0.453 UA:3    +
   54   130  0   0.0%   0.100 AU:3    +
   22    67  0   0.0%   0.266 UA:3    +
   40    59  0   0.0%   0.062 UG:3    +
   59    63  0   0.0%   0.499 GU:3    +
    2   100  1   0.0%   0.079 GU:1    AU:1    +
   47   115  0   0.0%   0.246 UA:3    +
   22   135  0   0.0%   0.220 UA:3    +
   36   142  0   0.0%   0.058 GC:3    +
   61   154  0   0.0%   0.202 AU:3    +
   22   150  0   0.0%   0.332 UG:3    +
   63   153  0   0.0%   0.475 UA:3    +
    8    61  0   0.0%   0.032 UA:3    +
   24   159  0   0.0%   0.356 CG:3    +
   22   141  0   0.0%   0.261 UA:3    +
    9    53  0   0.0%   0.154 GC:3    +
   35   145  0   0.0%   0.015 UA:3    +
    5   152  0   0.0%   0.310 GU:3    +
   34   154  0   0.0%   0.132 AU:3    +
   45    83  0   0.0%   0.442 UG:3    +
  145   149  0   0.0%   0.801 AU:3    +
   12   154  0   0.0%   0.496 AU:3    +
   44   136  0   0.0%   0.559 UA:3    +
   61   131  0   0.0%   0.097 AU:3    +
   48   142  0   0.0%   0.664 GC:3    +
   28   147  0   0.0%   0.182 UG:3    +
  140   159  0   0.0%   1.143 UG:3    +
   46   135  0   0.0%   0.329 UA:3    +
   70   103  0   0.0%   0.210 UA:3    +
    5   131  0   0.0%   0.309 GU:3    +
    3   143  0   0.0%   0.257 AU:3    +
   38   122  1   0.0%   0.014 UG:1    UA:1    +
   45   136  0   0.0%   0.455 UA:3    +
   59   118  0   0.0%   0.185 GC:3    +
    1   149  0   0.0%   0.057 AU:3    +
   73    79  0   0.0%   0.069 UG:3    +
   49   147  0   0.0%   0.169 CG:3    +
   32   156  1   0.0%   0.087 GC:1    UA:1    +
   15    76  0   0.0%   0.221 CG:3    +
   40   145  0   0.0%   0.173 UA:3    +
   67   121  0   0.0%   0.656 AU:3    +
   81   116  0   0.0%   0.097 UG:3    +
   60   117  0   0.0%   0.087 AU:3    +
   40   141  0   0.0%   0.217 UA:3    +
   59   114  0   0.0%   0.198 GC:3    +
   58   151  0   0.0%   0.205 AU:3    +
   27   147  0   0.0%   0.092 UG:3    +
   47   133  0   0.0%   0.232 UA:3    +
   48   131  0   0.0%   0.620 GU:3    +
   49   116  0   0.0%   0.110 CG:3    +
   28    61  0   0.0%   0.105 UA:3    +
   61   121  0   0.0%   0.119 AU:3    +
    3   149  0   0.0%   0.257 AU:3    +
   48   148  0   0.0%   0.689 GU:3    +
   23   160  1   0.0%   0.081 GU:1    AU:1    +
   73   133  0   0.0%   0.481 UA:3    +
   60    86  0   0.0%   0.082 AU:3    +
    2   134  1   0.0%   0.124 GU:1    AU:1    +
   76    81  0   0.0%   0.013 GU:3    +
   45   126  0   0.0%   0.447 UA:3    +
   28   153  0   0.0%   0.221 UA:3    +
    9   149  0   0.0%   0.213 GU:3    +
   44   132  0   0.0%   0.546 UA:3    +
   35   153  0   0.0%   0.130 UA:3    +
   47   144  0   0.0%   0.234 UA:3    +
   50   115  0   0.0%   0.089 UA:3    +
   76   139  0   0.0%   0.390 GC:3    +
   30    35  0   0.0%   0.005 AU:3    +
   18    25  0   0.0%   0.130 GC:3    +
   12   146  0   0.0%   0.282 AU:3    +
  135   148  0   0.0%   0.143 AU:3    +
   80   159  1   0.0%   0.475 CG:1    UG:1    +
   50   153  0   0.0%   0.188 UA:3    +
   54    70  0   0.0%   0.297 AU:3    +
   19   147  0   0.0%   0.453 UG:3    +
   59    70  0   0.0%   0.381 GU:3    +
   48   125  0   0.0%   0.647 GU:3    +
    9    70  0   0.0%   0.207 GU:3    +
   79   139  0   0.0%   0.143 GC:3    +
   43   140  0   0.0%   0.593 AU:3    +
    3   117  0   0.0%   0.200 AU:3    +
    8    54  0   0.0%   0.031 UA:3    +
   46   145  0   0.0%   0.324 UA:3    +
   81   158  0   0.0%   0.561 UA:3    +
    1   151  0   0.0%   0.057 AU:3    +
   57   139  0   0.0%   0.525 GC:3    +
   80   105  1   0.0%   0.028 AU:1    UA:1    +
   78   140  0   0.0%   0.128 GU:3    +
   48   117  0   0.0%   0.616 GU:3    +
   19    76  0   0.0%   0.313 UG:3    +
    2   140  1   0.0%   0.124 GU:1    AU:1    +
   22   132  0   0.0%   0.219 UA:3    +
   63   108  0   0.0%   0.348 UA:3    +
   61   130  0   0.0%   0.098 AU:3    +
   76   127  0   0.0%   0.963 GU:3    +
    9    19  0   0.0%   0.120 GU:3    +
   42   141  0   0.0%   0.648 UA:3    +
   19   109  0   0.0%   0.319 UA:3    +
   60   149  0   0.0%   0.158 AU:3    +
   46   116  0   0.0%   0.339 UG:3    +
   31   146  0   0.0%   0.005 AU:3    +
    9   139  0   0.0%   0.214 GC:3    +
   82   118  0   0.0%   0.153 GC:3    +
    1    27  0   0.0%   0.031 AU:3    +
   13    47  0   0.0%   0.139 AU:3    +
   12    73  0   0.0%   0.283 AU:3    +
   36   124  0   0.0%   0.039 GU:3    +
   34    40  0   0.0%   0.029 AU:3    +
  144   154  0   0.0%   0.674 AU:3    +
   44    54  0   0.0%   0.107 UA:3    +
   23   155  1   0.0%   0.128 GU:1    AU:1    +
   59    73  0   0.0%   0.229 GU:3    +
    7    43  0   0.0%   0.202 UA:3    +
  116   125  0   0.0%   0.744 GU:3    +
    8    43  0   0.0%   0.032 UA:3    +
   63   159  0   0.0%   0.788 UG:3    +
   60   131  0   0.0%   0.089 AU:3    +
   15   116  0   0.0%   0.230 CG:3    +
   13    22  0   0.0%   0.160 AU:3    +
   53    76  0   0.0%   0.388 CG:3    +
   78   139  0   0.0%   0.130 GC:3    +
   57   143  0   0.0%   0.519 GU:3    +
   18    52  0   0.0%   0.201 GC:3    +
    1   117  0   0.0%   0.037 AU:3    +
  141   154  0   0.0%   0.993 AU:3    +
   19   135  0   0.0%   0.330 UA:3    +
   95   108  0   0.0%   0.812 UA:3    +
   45   108  0   0.0%   0.442 UA:3    +
   46   109  0   0.0%   0.326 UA:3    +
    1   140  0   0.0%   0.057 AU:3    +
   47   108  0   0.0%   0.227 UA:3    +
    9   121  0   0.0%   0.237 GU:3    +
   22   110  0   0.0%   0.233 UG:3    +
   33    64  0   0.0%   0.165 GC:3    +
   24   147  0   0.0%   0.084 CG:3    +
    2   148  1   0.0%   0.124 GU:1    AU:1    +
   61    73  0   0.0%   0.142 AU:3    +
   34    63  0   0.0%   0.070 AU:3    +
    9    63  0   0.0%   0.155 GU:3    +
   33   118  0   0.0%   0.115 GC:3    +
   42    54  0   0.0%   0.095 UA:3    +
    9    40  0   0.0%   0.155 GU:3    +
    7    60  0   0.0%   0.201 UA:3    +
    2    11  1   0.0%   0.001 GU:1    AU:1    +
  131   147  0   0.0%   0.304 UG:3    +
   34   117  0   0.0%   0.023 AU:3    +
   60   130  0   0.0%   0.090 AU:3    +
   58   121  0   0.0%   0.112 AU:3    +
  123   129  1   0.4%   0.919 CG:2    +
  111   117  1   0.4%   0.504 AU:2    +
  128   138  1   0.4%   0.661 UG:2    +
  126   160  1   0.3%   1.245 AU:2    +
    4   123  1   0.3%   0.362 GC:2    +
  126   134  1   0.3%   0.717 AU:2    +
   42    74  1   0.3%   0.630 UA:2    +
   47   156  1   0.3%   0.367 UA:2    +
   58    65  1   0.3%   0.183 AU:2    +
   74   121  1   0.3%   0.099 AU:2    +
   17   115  1   0.2%   0.354 UA:2    +
   41    66  1   0.2%   0.118 UA:2    +
   45    71  1   0.2%   0.744 UA:2    +
   93   104  1   0.2%   0.759 AU:2    +
   51    57  1   0.2%   0.144 UG:2    +
   43    65  1   0.2%   0.106 AU:2    +
   93   100  1   0.2%   0.064 AU:2    +
  144   155  1   0.2%   0.940 AU:2    +
   81   107  1   0.2%   0.059 UG:2    +
   78   113  1   0.2%   0.075 GC:2    +
   86   111  1   0.2%   1.153 UA:2    +
    1    17  1   0.2%   0.031 AU:2    +
   17    43  1   0.2%   0.236 UA:2    +
   43   160  1   0.2%   0.690 AU:2    +
   74   128  1   0.1%   0.986 AU:2    +
  107   112  1   0.1%   0.520 GC:2    +
   41    67  1   0.1%   0.139 UA:2    +
   74   124  1   0.1%   0.326 AU:2    +
  143   156  1   0.1%   0.821 UA:2    +
   19   111  1   0.1%   0.343 UA:2    +
   97   102  1   0.1%   1.179 CG:2    +
   51    58  1   0.1%   0.063 UA:2    +
   41   158  1   0.1%   0.630 UA:2    +
   82   113  1   0.1%   0.100 GC:2    +
   91   106  1   0.1%   1.352 GC:2    +
    4   113  1   0.1%   0.293 GC:2    +
    6   111  1   0.1%   0.178 UA:2    +
   42   156  1   0.1%   0.704 UA:2    +
   77   121  1   0.1%   0.425 AU:2    +
   17   144  1   0.1%   0.344 UA:2    +
   71   131  1   0.1%   1.107 AU:2    +
  138   160  1   0.1%   1.449 GU:2    +
    4    25  1   0.1%   0.280 GC:2    +
   78   120  1   0.1%   0.267 GC:2    +
    5   123  1   0.1%   0.342 GC:2    +
   77   117  1   0.1%   0.053 AU:2    +
    4   124  1   0.1%   0.369 GU:2    +
   55    62  1   0.1%   0.224 CG:2    +
    3   155  1   0.1%   0.373 AU:2    +
  126   155  1   0.1%   0.837 AU:2    +
   56    61  1   0.1%   0.182 UA:2    +
   87   107  1   0.1%   0.414 UG:2    +
    1   155  1   0.1%   0.076 AU:2    +
  130   156  1   0.1%   1.053 UA:2    +
   83   106  1   0.1%   0.172 GC:2    +
    3   160  1   0.1%   0.332 AU:2    +
   41   135  1   0.1%   0.203 UA:2    +
  125   156  1   0.1%   0.843 UA:2    +
  134   141  1   0.1%   0.098 UA:2    +
   18   123  1   0.1%   0.361 GC:2    +
   65   158  1   0.1%   0.767 UA:2    +
   43   155  1   0.1%   0.716 AU:2    +
   84   105  1   0.1%   0.510 AU:2    +
    1   160  1   0.0%   0.077 AU:2    +
   75   127  1   0.0%   1.178 AU:2    +
   48   155  1   0.0%   0.747 GU:2    +
   43   134  1   0.0%   0.594 AU:2    +
   71   124  1   0.0%   0.363 AU:2    +
  138   142  1   0.0%   0.105 GC:2    +
   70   156  1   0.0%   0.928 UA:2    +
   40    74  1   0.0%   0.166 UA:2    +
   79   120  1   0.0%   0.281 GC:2    +
    4   155  1   0.0%   0.397 GU:2    +
   46   156  1   0.0%   0.418 UA:2    +
  138   143  1   0.0%   0.069 GU:2    +
   56    75  1   0.0%   0.099 UA:2    +
   16   129  1   0.0%   0.247 CG:2    +
  141   160  1   0.0%   0.952 AU:2    +
   65    74  1   0.0%   0.112 UA:2    +
   90    99  1   0.0%   0.394 GU:2    +
   74   152  1   0.0%   0.543 AU:2    +
   39    49  1   0.0%   0.251 GC:2    +
   63   111  1   0.0%   0.368 UA:2    +
   17   159  1   0.0%   0.875 UG:2    +
    9    21  1   0.0%   0.192 GC:2    +
   29   153  1   0.0%   0.135 UA:2    +
   65   109  1   0.0%   0.106 UA:2    +
   56   158  1   0.0%   0.599 UA:2    +
   65    75  1   0.0%   0.098 UA:2    +
    7   156  1   0.0%   0.264 UA:2    +
  114   129  1   0.0%   0.635 CG:2    +
   56   115  1   0.0%   0.118 UA:2    +
   13   160  1   0.0%   0.318 AU:2    +
   92   111  1   0.0%   1.073 UA:2    +
  107   113  1   0.0%   0.495 GC:2    +
   85    93  1   0.0%   0.014 UA:2    +
   19   138  1   0.0%   0.334 UG:2    +
   62   112  1   0.0%   0.151 GC:2    +
   21   129  1   0.0%   0.095 CG:2    +
   54   160  1   0.0%   0.220 AU:2    +
   68   132  1   0.0%   0.728 UA:2    +
   18   155  1   0.0%   0.512 GU:2    +
   79   113  1   0.0%   0.069 GC:2    +
   41   136  1   0.0%   0.205 UA:2    +
    5   155  1   0.0%   0.377 GU:2    +
   71   121  1   0.0%   0.345 AU:2    +
   11   126  1   0.0%   0.162 UA:2    +
  135   155  1   0.0%   1.526 AU:2    +
  105   110  1   0.0%   0.887 UG:2    +
    5    21  1   0.0%   0.252 GC:2    +
   17   147  1   0.0%   0.409 UG:2    +
    6   156  1   0.0%   0.178 UA:2    +
   63    77  1   0.0%   0.350 UA:2    +
   87   111  1   0.0%   1.145 UA:2    +
   21    48  1   0.0%   0.089 CG:2    +
   90   113  1   0.0%   0.889 GC:2    +
   17   135  1   0.0%   0.327 UA:2    +
  102   106  1   0.0%   1.188 GC:2    +
  105   109  1   0.0%   0.887 UA:2    +
   75   125  1   0.0%   1.266 AU:2    +
  134   156  1   0.0%   1.475 UA:2    +
  129   142  1   0.0%   0.709 GC:2    +
    3    41  1   0.0%   0.192 AU:2    +
   64   129  1   0.0%   0.416 CG:2    +
   62   139  1   0.0%   0.153 GC:2    +
   59   113  1   0.0%   0.187 GC:2    +
    3    65  1   0.0%   0.198 AU:2    +
   17   126  1   0.0%   0.325 UA:2    +
    4    65  1   0.0%   0.274 GU:2    +
  129   160  1   0.0%   1.563 GU:2    +
    4    45  1   0.0%   0.273 GU:2    +
   97   107  1   0.0%   0.785 CG:2    +
   16    39  1   0.0%   0.137 CG:2    +
  120   129  1   0.0%   0.749 CG:2    +
   65    82  1   0.0%   0.096 UG:2    +
   11   129  1   0.0%   0.161 UG:2    +
    4    64  1   0.0%   0.271 GC:2    +
    6   138  1   0.0%   0.173 UG:2    +
   63   138  1   0.0%   0.374 UG:2    +
   70    74  1   0.0%   0.231 UA:2    +
   71   127  1   0.0%   0.778 AU:2    +
   70    75  1   0.0%   0.215 UA:2    +
    4   140  1   0.0%   0.330 GU:2    +
  129   134  1   0.0%   0.650 GU:2    +
   62   123  1   0.0%   0.170 GC:2    +
   14   129  1   0.0%   0.162 CG:2    +
    1    29  1   0.0%   0.033 AU:2    +
   56    66  1   0.0%   0.718 UA:2    +
   66   155  1   0.0%   0.963 AU:2    +
    4   154  1   0.0%   0.381 GU:2    +
   96   104  1   0.0%   1.460 AU:2    +
   17   145  1   0.0%   0.332 UA:2    +
   40    75  1   0.0%   0.162 UA:2    +
   11   132  1   0.0%   0.162 UA:2    +
   45   156  1   0.0%   0.536 UA:2    +
   39    64  1   0.0%   0.305 GC:2    +
   86    93  1   0.0%   0.009 UA:2    +
   86   107  1   0.0%   0.397 UG:2    +
   22   156  1   0.0%   0.302 UA:2    +
   62   134  1   0.0%   0.141 GU:2    +
   21   110  1   0.0%   0.101 CG:2    +
   19    77  1   0.0%   0.312 UA:2    +
   65   156  1   0.0%   0.365 UA:2    +
   48    56  1   0.0%   0.123 GU:2    +
   43    51  1   0.0%   0.044 AU:2    +
   39   123  1   0.0%   0.333 GC:2    +
  129   139  1   0.0%   0.669 GC:2    +
   96   105  1   0.0%   1.212 AU:2    +
    1    41  1   0.0%   0.033 AU:2    +
  133   155  1   0.0%   1.495 AU:2    +
   68   135  1   0.0%   0.608 UA:2    +
   51    61  1   0.0%   0.148 UA:2    +
   29    34  1   0.0%   0.033 UA:2    +
  130   138  1   0.0%   0.595 UG:2    +
    4    22  1   0.0%   0.286 GU:2    +
   91    99  1   0.0%   0.387 GU:2    +
   22   138  1   0.0%   0.228 UG:2    +
   41    61  1   0.0%   0.035 UA:2    +
   26   146  1   0.0%   0.009 AU:2    +
    4   128  1   0.0%   0.337 GU:2    +
    4   139  1   0.0%   0.328 GC:2    +
   17   153  1   0.0%   0.443 UA:2    +
   65   133  1   0.0%   0.260 UA:2    +
  134   144  1   0.0%   0.050 UA:2    +
  100   107  1   0.0%   0.789 UG:2    +
   51    66  1   0.0%   0.693 UA:2    +
  116   123  1   0.0%   0.315 GC:2    +
   65    72  1   0.0%   0.271 UA:2    +
   47    71  1   0.0%   0.516 UA:2    +
   40   156  1   0.0%   0.252 UA:2    +
   99   109  1   0.0%   0.444 UA:2    +
    3    68  1   0.0%   0.198 AU:2    +
   99   110  1   0.0%   0.442 UG:2    +
   68   133  1   0.0%   0.604 UA:2    +
   29   132  1   0.0%   0.014 UA:2    +
   56    67  1   0.0%   0.714 UA:2    +
   67   134  1   0.0%   0.865 AU:2    +
   65   135  1   0.0%   0.264 UA:2    +
   49   138  1   0.0%   0.107 CG:2    +
   81   111  1   0.0%   0.062 UA:2    +
   70    77  1   0.0%   0.216 UA:2    +
    7    71  1   0.0%   0.244 UA:2    +
   44   156  1   0.0%   0.639 UA:2    +
   44    71  1   0.0%   0.804 UA:2    +
   68   108  1   0.0%   0.368 UA:2    +
    4    70  1   0.0%   0.276 GU:2    +
    4    50  1   0.0%   0.269 GU:2    +
    1    65  1   0.0%   0.036 AU:2    +
   68   153  1   0.0%   0.717 UA:2    +
   66   134  1   0.0%   0.842 AU:2    +
    1    68  1   0.0%   0.036 AU:2    +
   99   108  1   0.0%   0.428 UA:2    +
   17    66  1   0.0%   0.345 UA:2    +
  120   159  1   0.0%   0.594 CG:2    +
   13    17  1   0.0%   0.336 AU:2    +
   21    78  1   0.0%   0.088 CG:2    +
   74   127  1   0.0%   0.991 AU:2    +
   70   107  1   0.0%   0.210 UG:2    +
   17   109  1   0.0%   0.313 UA:2    +
  102   118  1   0.0%   0.861 GC:2    +
   11    43  1   0.0%   0.115 UA:2    +
    4    56  1   0.0%   0.270 GU:2    +
  124   156  1   0.0%   0.697 UA:2    +
   18   120  1   0.0%   0.341 GC:2    +
    4    14  1   0.0%   0.001 GC:2    +
   18    65  1   0.0%   0.298 GU:2    +
   61    68  1   0.0%   0.452 AU:2    +
   10    51  1   0.0%   0.117 AU:2    +
  105   115  1   0.0%   0.535 UA:2    +
   75   151  1   0.0%   0.706 AU:2    +
   67   160  1   0.0%   0.981 AU:2    +
    4   143  1   0.0%   0.329 GU:2    +
   19    74  1   0.0%   0.311 UA:2    +
  134   145  1   0.0%   0.046 UA:2    +
   99   103  1   0.0%   0.763 UA:2    +
    4   127  1   0.0%   0.333 GU:2    +
   39   104  1   0.0%   0.297 GU:2    +
   21   107  1   0.0%   0.085 CG:2    +
   14    39  1   0.0%   0.117 CG:2    +
   39   160  1   0.0%   0.375 GU:2    +
    4    53  1   0.0%   0.269 GC:2    +
   87    93  1   0.0%   0.004 UA:2    +
   17    36  1   0.0%   0.205 UG:2    +
   42    75  1   0.0%   0.597 UA:2    +
   12   155  1   0.0%   0.506 AU:2    +
  104   111  1   0.0%   1.084 UA:2    +
    4    44  1   0.0%   0.269 GU:2    +
   19    71  1   0.0%   0.311 UA:2    +
    4   121  1   0.0%   0.330 GU:2    +
  155   159  1   0.0%   1.708 UG:2    +
   13    41  1   0.0%   0.137 AU:2    +
   39    52  1   0.0%   0.247 GC:2    +
   29   144  1   0.0%   0.020 UA:2    +
   68   158  1   0.0%   1.103 UA:2    +
   51    59  1   0.0%   0.120 UG:2    +
   19    75  1   0.0%   0.312 UA:2    +
   21    76  1   0.0%   0.086 CG:2    +
   39    53  1   0.0%   0.247 GC:2    +
  107   121  1   0.0%   0.753 GU:2    +
    4   125  1   0.0%   0.356 GU:2    +
   53    62  1   0.0%   0.503 CG:2    +
  138   152  1   0.0%   1.707 GU:2    +
  101   105  1   0.0%   1.237 AU:2    +
   71   130  1   0.0%   1.412 AU:2    +
   17   141  1   0.0%   0.324 UA:2    +
  116   120  1   0.0%   0.216 GC:2    +
   91   113  1   0.0%   1.030 GC:2    +
    8    71  1   0.0%   0.033 UA:2    +
   40    77  1   0.0%   0.161 UA:2    +
   12    41  1   0.0%   0.281 AU:2    +
   17   132  1   0.0%   0.324 UA:2    +
   65   126  1   0.0%   0.102 UA:2    +
   51   108  1   0.0%   0.071 UA:2    +
   11   156  1   0.0%   0.328 UA:2    +
   26   149  1   0.0%   0.076 AU:2    +
  134   138  1   0.0%   0.070 UG:2    +
    3    51  1   0.0%   0.195 AU:2    +
   52   107  1   0.0%   0.067 CG:2    +
   65    69  1   0.0%   0.643 UA:2    +
  156   160  1   0.0%   1.308 AU:2    +
    5   120  1   0.0%   0.323 GC:2    +
   88    93  1   0.0%   0.003 UA:2    +
   41    60  1   0.0%   0.035 UA:2    +
  107   123  1   0.0%   0.661 GC:2    +
  102   112  1   0.0%   0.882 GC:2    +
   54   155  1   0.0%   0.220 AU:2    +
    5    17  1   0.0%   0.309 GU:2    +
    9    17  1   0.0%   0.161 GU:2    +
  107   118  1   0.0%   0.483 GC:2    +
   73   156  1   0.0%   0.590 UA:2    +
   22    77  1   0.0%   0.217 UA:2    +
   56    74  1   0.0%   0.109 UA:2    +
   41   133  1   0.0%   0.189 UA:2    +
   17    58  1   0.0%   0.297 UA:2    +
  107   114  1   0.0%   0.444 GC:2    +
  141   155  1   0.0%   1.227 AU:2    +
   74   155  1   0.0%   0.550 AU:2    +
  136   155  1   0.0%   1.525 AU:2    +
   76   113  1   0.0%   0.044 GC:2    +
   65   157  1   0.0%   0.476 UA:2    +
   11    61  1   0.0%   0.115 UA:2    +
  131   138  1   0.0%   0.257 UG:2    +
  153   160  1   0.0%   1.397 AU:2    +
   21    62  1   0.0%   0.125 CG:2    +
   54    68  1   0.0%   0.454 AU:2    +
   16   107  1   0.0%   0.223 CG:2    +
    4   130  1   0.0%   0.331 GU:2    +
   12    68  1   0.0%   0.326 AU:2    +
   65   136  1   0.0%   0.269 UA:2    +
    9    65  1   0.0%   0.205 GU:2    +
    9   123  1   0.0%   0.241 GC:2    +
   56    69  1   0.0%   0.647 UA:2    +
   22    75  1   0.0%   0.217 UA:2    +
   14    62  1   0.0%   0.198 CG:2    +
   46    71  1   0.0%   0.608 UA:2    +
    8   107  1   0.0%   0.033 UG:2    +
   60    65  1   0.0%   0.166 AU:2    +
   47    74  1   0.0%   0.245 UA:2    +
   59   155  1   0.0%   0.307 GU:2    +
   38   141  1   0.0%   0.060 UA:2    +
   56    78  1   0.0%   0.101 UG:2    +
   22    74  1   0.0%   0.217 UA:2    +
    8    74  1   0.0%   0.033 UA:2    +
   56   156  1   0.0%   0.205 UA:2    +
   59   123  1   0.0%   0.214 GC:2    +
    4    19  1   0.0%   0.312 GU:2    +
   64   138  1   0.0%   0.424 CG:2    +
   56    72  1   0.0%   0.274 UA:2    +
   43    56  1   0.0%   0.125 AU:2    +
  149   156  1   0.0%   1.476 UA:2    +
   26   154  1   0.0%   0.113 AU:2    +
   77   124  1   0.0%   0.637 AU:2    +
   75    81  1   0.0%   0.009 AU:2    +
   17    78  1   0.0%   0.308 UG:2    +
  123   147  1   0.0%   0.359 CG:2    +
    4    73  1   0.0%   0.274 GU:2    +
    4    40  1   0.0%   0.268 GU:2    +
   85   107  1   0.0%   0.390 UG:2    +
   17    79  1   0.0%   0.308 UG:2    +
   78   123  1   0.0%   0.368 GC:2    +
  127   138  1   0.0%   0.627 UG:2    +
    4    11  1   0.0%   0.000 GU:2    +
  110   120  1   0.0%   0.619 GC:2    +
   60    68  1   0.0%   0.445 AU:2    +
  150   155  1   0.0%   1.629 GU:2    +
   75   128  1   0.0%   1.147 AU:2    +
   53   129  1   0.0%   0.394 CG:2    +
   65   153  1   0.0%   0.372 UA:2    +
   22    71  1   0.0%   0.217 UA:2    +
   56   126  1   0.0%   0.101 UA:2    +
   56    90  1   0.0%   0.093 UG:2    +
   17    67  1   0.0%   0.350 UA:2    +
   58    68  1   0.0%   0.446 AU:2    +
   71   152  1   0.0%   1.042 AU:2    +
   57   155  1   0.0%   0.640 GU:2    +
   15    39  1   0.0%   0.210 CG:2    +
  104   109  1   0.0%   1.132 UA:2    +
   54    65  1   0.0%   0.160 AU:2    +
   57    65  1   0.0%   0.581 GU:2    +
   74   131  1   0.0%   0.594 AU:2    +
   10   155  1   0.0%   0.393 AU:2    +
   39   155  1   0.0%   0.422 GU:2    +
    4   105  1   0.0%   0.272 GU:2    +
   65    78  1   0.0%   0.103 UG:2    +
   16   138  1   0.0%   0.241 CG:2    +
  140   156  1   0.0%   1.022 UA:2    +
   34    51  1   0.0%   0.021 AU:2    +
   50    75  1   0.0%   0.068 UA:2    +
    9   106  1   0.0%   0.203 GC:2    +
    4    46  1   0.0%   0.273 GU:2    +
  117   138  1   0.0%   0.086 UG:2    +
  152   156  1   0.0%   1.589 UA:2    +
   39   139  1   0.0%   0.314 GC:2    +
   16    62  1   0.0%   0.260 CG:2    +
   15   138  1   0.0%   0.226 CG:2    +
   41   145  1   0.0%   0.197 UA:2    +
   99   107  1   0.0%   0.424 UG:2    +
   44    74  1   0.0%   0.563 UA:2    +
   41    58  1   0.0%   0.032 UA:2    +
    4   137  1   0.0%   0.327 GC:2    +
   40   111  1   0.0%   0.176 UA:2    +
   65   159  1   0.0%   0.696 UG:2    +
   30    56  1   0.0%   0.082 AU:2    +
    4   114  1   0.0%   0.279 GC:2    +
   65   150  1   0.0%   0.371 UG:2    +
    3   134  1   0.0%   0.257 AU:2    +
   17    60  1   0.0%   0.298 UA:2    +
   41   126  1   0.0%   0.192 UA:2    +
    7    75  1   0.0%   0.244 UA:2    +
   45    74  1   0.0%   0.461 UA:2    +
    4   131  1   0.0%   0.331 GU:2    +
   40   138  1   0.0%   0.185 UG:2    +
   39   112  1   0.0%   0.311 GC:2    +
   56   153  1   0.0%   0.214 UA:2    +
   39    51  1   0.0%   0.246 GU:2    +
   21   116  1   0.0%   0.105 CG:2    +
  136   160  1   0.0%   1.237 AU:2    +
   62   142  1   0.0%   0.191 GC:2    +
   59    65  1   0.0%   0.260 GU:2    +
   17    82  1   0.0%   0.306 UG:2    +
    4    42  1   0.0%   0.269 GU:2    +
   56   144  1   0.0%   0.103 UA:2    +
    3    99  1   0.0%   0.200 AU:2    +
   65   122  1   0.0%   0.106 UA:2    +
    3   105  1   0.0%   0.200 AU:2    +
   17    61  1   0.0%   0.298 UA:2    +
   50    93  1   0.0%   0.069 UA:2    +
   46    75  1   0.0%   0.320 UA:2    +
   71   160  1   0.0%   1.050 AU:2    +
   28   156  1   0.0%   0.188 UA:2    +
   52    62  1   0.0%   0.181 CG:2    +
   56   145  1   0.0%   0.099 UA:2    +
   47   107  1   0.0%   0.226 UG:2    +
   17    76  1   0.0%   0.307 UG:2    +
   11   158  1   0.0%   0.352 UA:2    +
    7    74  1   0.0%   0.244 UA:2    +
   79   123  1   0.0%   0.380 GC:2    +
   75   143  1   0.0%   0.593 AU:2    +
   11    60  1   0.0%   0.115 UA:2    +
   15   107  1   0.0%   0.225 CG:2    +
   11    39  1   0.0%   0.114 UG:2    +
   39    65  1   0.0%   0.255 GU:2    +
    4    49  1   0.0%   0.269 GC:2    +
   15   129  1   0.0%   0.227 CG:2    +
  104   108  1   0.0%   1.117 UA:2    +
   17    48  1   0.0%   0.217 UG:2    +
   74   130  1   0.0%   0.922 AU:2    +
  125   138  1   0.0%   0.729 UG:2    +
   79   106  1   0.0%   0.036 GC:2    +
   55   129  1   0.0%   0.104 CG:2    +
   11    71  1   0.0%   0.156 UA:2    +
   41   153  1   0.0%   0.311 UA:2    +
   73    77  1   0.0%   0.064 UA:2    +
   39    55  1   0.0%   0.329 GC:2    +
  133   160  1   0.0%   1.208 AU:2    +
   75   130  1   0.0%   1.093 AU:2    +
   74   160  1   0.0%   0.544 AU:2    +
   67   155  1   0.0%   0.985 AU:2    +
   11   133  1   0.0%   0.161 UA:2    +
   61   155  1   0.0%   0.218 AU:2    +
    1   134  1   0.0%   0.057 AU:2    +
   41   132  1   0.0%   0.188 UA:2    +
   37   123  1   0.0%   0.037 GC:2    +
   77   125  1   0.0%   0.759 AU:2    +
   94   107  1   0.0%   0.787 CG:2    +
    6    74  1   0.0%   0.157 UA:2    +
   56    62  1   0.0%   0.215 UG:2    +
  123   150  1   0.0%   0.397 CG:2    +
   60   155  1   0.0%   0.209 AU:2    +
    8    75  1   0.0%   0.033 UA:2    +
   30    41  1   0.0%   0.027 AU:2    +
    6    71  1   0.0%   0.156 UA:2    +
   75   154  1   0.0%   0.702 AU:2    +
  138   154  1   0.0%   1.484 GU:2    +
   17    54  1   0.0%   0.216 UA:2    +
   42    77  1   0.0%   0.596 UA:2    +
   66   160  1   0.0%   0.958 AU:2    +
  151   156  1   0.0%   1.595 UA:2    +
   74   149  1   0.0%   0.492 AU:2    +
   74    81  1   0.0%   0.025 AU:2    +
   33   155  1   0.0%   0.232 GU:2    +
    3    11  1   0.0%   0.001 AU:2    +
  147   155  1   0.0%   1.814 GU:2    +
    4     8  1   0.0%   0.001 GU:2    +
   88   111  1   0.0%   0.773 UA:2    +
   27   156  1   0.0%   0.099 UA:2    +
   21   150  1   0.0%   0.207 CG:2    +
   48   123  1   0.0%   0.650 GC:2    +
  146   156  1   0.0%   1.214 UA:2    +
   51   158  1   0.0%   0.601 UA:2    +
  121   156  1   0.0%   0.461 UA:2    +
   39   142  1   0.0%   0.354 GC:2    +
   72   155  1   0.0%   0.944 AU:2    +
   26   160  1   0.0%   0.075 AU:2    +
    4   152  1   0.0%   0.330 GU:2    +
   61    65  1   0.0%   0.173 AU:2    +
  122   155  1   0.0%   0.183 AU:2    +
   29    60  1   0.0%   0.013 UA:2    +
   26   148  1   0.0%   0.076 AU:2    +
   75   117  1   0.0%   0.010 AU:2    +
   51    84  1   0.0%   0.070 UA:2    +
   18   106  1   0.0%   0.296 GC:2    +
   11   111  1   0.0%   0.163 UA:2    +
   63    71  1   0.0%   0.633 UA:2    +
  110   123  1   0.0%   0.718 GC:2    +
   39   134  1   0.0%   0.299 GU:2    +
    4   142  1   0.0%   0.328 GC:2    +
   68   109  1   0.0%   0.376 UA:2    +
   62   160  1   0.0%   0.261 GU:2    +
   62   120  1   0.0%   0.157 GC:2    +
   21   147  1   0.0%   0.169 CG:2    +
   17   133  1   0.0%   0.323 UA:2    +
   41   144  1   0.0%   0.200 UA:2    +
    6    75  1   0.0%   0.157 UA:2    +
   64   107  1   0.0%   0.404 CG:2    +
   26    63  1   0.0%   0.053 AU:2    +
   75   140  1   0.0%   0.599 AU:2    +
   56   129  1   0.0%   0.103 UG:2    +
   12   160  1   0.0%   0.458 AU:2    +
   74   154  1   0.0%   0.533 AU:2    +
   48   106  1   0.0%   0.614 GC:2    +
   56   157  1   0.0%   0.317 UA:2    +
   46    74  1   0.0%   0.338 UA:2    +
   17    23  1   0.0%   0.211 UA:2    +
   44    75  1   0.0%   0.545 UA:2    +
    5    65  1   0.0%   0.229 GU:2    +
  124   138  1   0.0%   0.603 UG:2    +
   11    74  1   0.0%   0.156 UA:2    +
   47    75  1   0.0%   0.227 UA:2    +
   39   120  1   0.0%   0.321 GC:2    +
   10   105  1   0.0%   0.165 AU:2    +
    4   118  1   0.0%   0.279 GC:2    +
  105   122  1   0.0%   0.533 UA:2    +
   77   140  1   0.0%   0.089 AU:2    +
    9   120  1   0.0%   0.234 GC:2    +
  121   138  1   0.0%   0.365 UG:2    +
  132   160  1   0.0%   1.342 AU:2    +
   71   154  1   0.0%   1.034 AU:2    +
   76   106  1   0.0%   0.035 GC:2    +
  145   155  1   0.0%   0.935 AU:2    +
   21    82  1   0.0%   0.084 CG:2    +
   71   143  1   0.0%   0.928 AU:2    +
   17   136  1   0.0%   0.325 UA:2    +
   26   152  1   0.0%   0.121 AU:2    +
   59   120  1   0.0%   0.203 GC:2    +
...((((....))))......(((((((....)))))))..((((..(((((......)))))..)))).....(((((((((((((..(((...)))..))))........)))))))))((((.....((((((((.......))))))))...))))
