3 sequence; length of alignment 144
alifold output
  116   129  0 100.0%   0.000 GC:2    AU:1   
   22    36  0 100.0%   0.001 GC:1    AU:2   
  115   130  0  99.9%   0.011 UG:1    UA:2   
   53    93  0  99.6%   0.019 AU:1    UA:2   
   69    77  0 100.0%   0.000 CG:3   
   66    80  0 100.0%   0.000 CG:3   
   21    37  0 100.0%   0.000 CG:3   
  118   127  0 100.0%   0.001 GC:3   
   70    76  0 100.0%   0.000 CG:3   
  117   128  0 100.0%   0.001 UA:3   
   23    35  0  99.9%   0.002 UA:3   
   65    81  0  99.9%   0.002 AU:3   
   26    32  0  99.9%   0.005 CG:3   
   68    78  0  99.9%   0.002 AU:3   
   19    39  0  99.9%   0.008 GC:3   
   25    33  0  99.9%   0.002 AU:3   
   67    79  0  99.9%   0.003 UG:3   
   24    34  0  99.9%   0.003 UG:3   
   20    38  0  99.9%   0.008 UG:3   
  114   131  0  99.8%   0.018 CG:3   
   64    82  0  99.6%   0.012 GU:3   
   52    94  1  99.0%   0.030 AU:2   
   54    92  1  98.8%   0.060 UA:2   
   50    96  0  98.2%   0.197 CG:3   
   55    91  0  96.3%   0.159 CG:1    UA:2   
   49    97  1  97.8%   0.188 CG:2   
   51    95  1  97.6%   0.142 UG:2   
  119   126  0  96.5%   0.103 UA:3   
   63    83  1  97.0%   0.090 UA:2   
   62    84  0  89.0%   0.316 AU:3   
   18    40  0  86.8%   0.397 UA:3   
  113   132  1  86.9%   0.715 AU:2   
   27    31  0  84.0%   0.442 UG:3   
   48    98  1  72.0%   0.783 UA:2   
   71    75  0  70.6%   0.737 AU:3   
  106   135  0  55.3%   1.516 GC:2    GU:1   
  107   134  0  55.1%   1.418 UA:3   
  105   136  1  53.8%   1.577 AU:2   
    2   140  0  51.3%   1.383 GC:3    +
  104   137  0  51.3%   1.603 GU:3   
    3   139  0  49.8%   1.467 UA:3    +
  103   138  0  44.8%   2.143 GC:3   
    4   138  0  44.6%   1.331 GC:3    +
  112   133  0  41.2%   1.845 GU:3    +
  108   133  1  38.5%   1.167 AU:2   
    1   141  1  37.7%   1.341 AU:2    +
   57    89  1  37.3%   1.172 UA:2    +
   59    87  0  35.0%   1.144 AU:3    +
  102   139  1  27.4%   2.097 UA:2   
   12    46  0  25.5%   1.149 UA:3    +
   11    47  1  24.6%   1.097 CG:2    +
   13    45  1  22.2%   1.127 UA:2    +
    9   105  0  19.4%   1.184 AU:1    UA:2    +
    8   106  0  19.6%   1.244 CG:3    +
    7   107  0  18.1%   1.203 AU:3    +
   10   104  1  17.5%   0.959 UG:2    +
   44   103  0  16.1%   1.362 CG:3    +
   46   100  0  14.0%   1.229 AU:3    +
   45   102  1  14.1%   1.386 AU:2    +
   11   103  1  12.8%   1.172 CG:2    +
    2     8  0  11.2%   0.734 GC:3    +
    3     7  0   9.7%   0.679 UA:3    +
  106   140  0   9.1%   1.947 GC:3    +
  107   139  0   8.9%   2.139 UA:3    +
   57    90  0   7.6%   1.030 CG:1    UA:2    +
  105   141  1   8.9%   1.834 AU:2    +
  104   142  1   7.8%   1.558 GU:2    +
    1     9  1   7.6%   0.587 AU:2    +
  103   143  1   7.5%   1.692 GC:2    +
  112   135  0   5.8%   1.459 GC:2    GU:1    +
  111   136  0   5.9%   1.456 AU:3    +
  110   137  0   5.1%   1.250 AU:3    +
  109   136  0   4.5%   1.118 AU:3    +
  101   112  0   4.2%   0.525 CG:3    +
   99   142  0   2.0%   0.316 CG:1    GU:1    AU:1    +
  112   132  0   3.0%   0.615 GC:1    GU:2    +
   41   106  0   2.7%   0.794 CG:2    UG:1    +
  102   111  1   4.2%   0.906 UA:2    +
  108   137  1   4.1%   1.265 AU:2    +
  109   132  1   4.0%   0.458 AU:2    +
    4    14  0   3.4%   0.409 GC:3    +
    3    15  0   2.7%   0.520 UA:3    +
  100   113  0   2.4%   0.618 UA:3    +
    6   137  1   2.8%   0.454 AU:2    +
  109   137  0   2.3%   1.196 AU:3    +
   42   102  0   1.2%   0.292 AU:2    UA:1    +
   41   103  0   1.2%   0.543 CG:2    UG:1    +
  110   136  0   2.2%   0.919 AU:3    +
  102   144  1   2.7%   1.280 UA:2    +
   13   105  0   1.1%   0.981 AU:1    UA:2    +
   57    88  0   1.1%   0.200 CG:1    UG:2    +
   56    88  0   1.1%   0.148 CG:2    UG:1    +
   60    87  0   2.0%   0.649 AU:3    +
   10    99  0   0.0%   0.045 GC:1    UG:1    UA:1    +
    7   136  0   2.0%   0.898 AU:3    +
    4   140  0   1.9%   1.180 GC:3    +
  111   133  0   1.9%   0.805 AU:3    +
   14   103  0   1.8%   0.631 CG:3    +
   58    87  0   0.8%   0.176 GU:2    AU:1    +
   49    96  0   1.8%   0.214 CG:3    +
   50    95  0   1.8%   0.214 CG:3    +
   40   107  0   1.7%   0.671 AU:3    +
    5   139  0   1.6%   0.694 UA:3    +
   47   101  1   2.1%   0.698 GC:2    +
   55    90  0   0.3%   0.082 CG:1    UA:2    +
    2   141  0   0.3%   1.123 GC:1    GU:2    +
   43   102  0   0.3%   0.275 AU:2    UA:1    +
    6   136  1   1.8%   0.297 AU:2    +
   10   108  0   0.2%   0.417 GU:1    UA:2    +
   13    42  0   0.2%   0.093 AU:1    UA:2    +
    6   142  0   0.2%   0.314 CG:1    AU:2    +
    4    41  0   0.2%   0.206 GC:2    GU:1    +
   14   104  0   1.2%   0.748 CG:3    +
    4    44  0   1.2%   0.358 GC:3    +
    4   135  0   0.1%   0.270 GC:2    GU:1    +
  103   141  0   0.1%   1.506 GC:1    GU:2    +
    9   108  0   0.1%   0.586 AU:1    UA:2    +
   10    47  0   0.1%   0.074 GC:1    UG:2    +
    6    10  0   0.1%   0.027 CG:1    AU:2    +
   41   104  0   0.1%   0.543 CG:2    UG:1    +
   13    43  0   0.1%   0.156 AU:1    UA:2    +
  105   142  0   0.1%   1.321 UG:1    AU:2    +
    2    41  0   0.1%   0.317 GC:2    GU:1    +
    2   135  0   0.1%   0.361 GC:2    GU:1    +
   10   105  0   0.1%   0.678 GU:1    UA:2    +
    4   141  0   0.0%   1.078 GC:1    GU:2    +
   57    91  0   0.0%   0.670 CG:1    UA:2    +
   97   142  0   0.0%   0.120 CG:1    GU:2    +
  102   108  0   0.0%   0.524 AU:1    UA:2    +
   48   105  0   0.0%   0.736 AU:1    UA:2    +
  106   141  0   0.0%   1.721 GC:1    GU:2    +
   43    48  0   0.0%   0.116 AU:2    UA:1    +
  104   141  0   0.0%   1.261 GC:1    GU:2    +
   63    85  0   0.0%   0.034 AU:1    UA:2    +
   42    48  0   0.0%   0.072 AU:2    UA:1    +
   10    42  0   0.0%   0.030 GU:1    UA:2    +
   51    93  0   0.0%   0.003 AU:1    UA:2    +
   13   108  0   0.0%   0.553 AU:1    UA:2    +
    9    43  0   0.0%   0.280 AU:1    UA:2    +
   54    93  0   0.0%   0.039 AU:1    UA:2    +
   56    96  0   0.0%   0.141 CG:2    UG:1    +
   57    95  0   0.0%   0.713 CG:1    UG:2    +
   57    96  0   0.0%   0.709 CG:1    UG:2    +
   55    88  0   0.0%   0.002 CG:1    UG:2    +
   19    41  0   0.0%   0.021 GC:2    GU:1    +
    9    42  0   0.0%   0.217 AU:1    UA:2    +
   47   142  0   0.0%   0.565 CG:1    GU:2    +
   42   142  0   0.0%   0.149 UG:1    AU:2    +
  130   141  0   0.0%   0.649 GC:1    AU:2    +
   54   105  0   0.0%   0.454 AU:1    UA:2    +
   55   104  0   0.0%   0.542 CG:1    UG:2    +
   56   103  0   0.0%   0.749 CG:2    UG:1    +
   51   108  0   0.0%   0.063 AU:1    UA:2    +
  104   135  0   0.0%   0.481 GC:2    GU:1    +
   12    90  0   0.0%   0.439 UG:1    UA:2    +
   58    84  0   0.0%   0.001 GU:2    AU:1    +
   47    61  0   0.0%   0.398 CG:1    GC:2    +
   10    43  0   0.0%   0.090 GU:1    UA:2    +
   43   142  0   0.0%   0.159 UG:1    AU:2    +
   55    96  0   0.0%   0.164 CG:1    UG:2    +
   56    95  0   0.0%   0.144 CG:2    UG:1    +
   10    97  0   0.0%   0.041 GC:1    UG:2    +
    9    93  0   0.0%   0.228 AU:1    UA:2    +
  112   120  0   0.0%   0.152 GC:1    GU:2    +
    2   129  0   0.0%   0.349 GC:2    GU:1    +
  103   135  0   0.0%   0.714 GC:2    GU:1    +
   32    41  0   0.0%   0.018 GC:2    GU:1    +
   41   121  0   0.0%   0.195 CG:2    UG:1    +
  121   135  0   0.0%   0.525 GC:2    GU:1    +
  103   129  0   0.0%   0.699 GC:2    GU:1    +
  108   142  0   0.0%   0.872 UG:1    AU:2    +
   61    97  0   0.0%   0.090 CG:2    GC:1    +
   95   141  0   0.0%   0.501 GC:1    GU:2    +
   96   141  0   0.0%   0.497 GC:1    GU:2    +
  106   132  0   0.0%   0.529 GC:1    GU:2    +
   12   130  0   0.0%   0.538 UG:1    UA:2    +
   41   112  0   0.0%   0.212 CG:2    UG:1    +
  104   132  0   0.0%   0.477 GC:1    GU:2    +
   19    36  0   0.0%   0.002 GC:1    GU:2    +
   22    33  0   0.0%   0.000 GU:1    AU:2    +
  121   129  0   0.0%   0.018 GC:2    GU:1    +
   41    58  0   0.0%   0.035 CG:2    UA:1    +
  120   130  0   0.0%   0.012 CG:1    UA:2    +
  104   129  0   0.0%   0.466 GC:2    GU:1    +
   84    90  0   0.0%   0.329 UG:1    UA:2    +
   63    93  0   0.0%   0.037 AU:1    UA:2    +
    3    45  0   1.0%   0.508 UA:3    +
    5   109  0   0.9%   0.210 UA:3    +
   15   102  1   1.4%   0.303 AU:2    +
   46   102  1   1.4%   1.245 AU:2    +
   12   106  0   0.8%   0.972 UG:3    +
   13   104  1   1.3%   0.899 UG:2    +
   58    86  1   1.2%   0.164 GC:2    +
   48    97  1   1.2%   0.170 UG:2    +
    7    12  0   0.6%   0.347 AU:3    +
    5    43  1   1.0%   0.176 UA:2    +
    2    44  0   0.5%   0.386 GC:3    +
   44   104  0   0.4%   0.884 CG:3    +
  113   133  0   0.4%   1.145 AU:3    +
   12   105  1   0.9%   0.899 UA:2    +
   47   100  1   0.9%   0.829 GU:2    +
    5   134  0   0.4%   0.199 UA:3    +
   11   106  1   0.8%   1.098 CG:2    +
    4     8  0   0.3%   0.300 GC:3    +
    2    17  0   0.3%   0.344 GU:3    +
  109   133  0   0.3%   0.635 AU:3    +
    2    14  0   0.3%   0.321 GC:3    +
  121   125  0   0.3%   0.051 GU:3    +
    1    12  0   0.3%   0.247 AU:3    +
    3    16  0   0.3%   0.370 UA:3    +
    8   112  0   0.2%   0.649 CG:3    +
  104   138  0   0.2%   1.576 GC:3    +
    3   144  0   0.2%   0.813 UA:3    +
    2   101  0   0.2%   0.374 GC:3    +
    6    13  1   0.7%   0.129 AU:2    +
   45   100  0   0.2%   0.455 AU:3    +
   48    99  1   0.2%   0.352 UG:1    UA:1    +
   16   100  0   0.2%   0.068 AU:3    +
   17    99  1   0.2%   0.121 UG:1    UA:1    +
   62    87  0   0.2%   0.622 AU:3    +
    8   131  0   0.1%   0.647 CG:3    +
  104   140  0   0.1%   1.278 GC:3    +
  106   138  0   0.1%   1.612 GC:3    +
   17    40  0   0.1%   0.063 UA:3    +
  110   133  0   0.1%   0.459 AU:3    +
   12    45  0   0.1%   0.157 UA:3    +
   17    42  1   0.6%   0.152 UA:2    +
    1    18  0   0.1%   0.240 AU:3    +
  101   106  0   0.1%   0.628 CG:3    +
   99   141  1   0.1%   0.458 GU:1    AU:1    +
   12   103  0   0.1%   0.726 UG:3    +
    5    40  0   0.1%   0.032 UA:3    +
   44   106  0   0.1%   0.915 CG:3    +
    4   101  0   0.1%   0.259 GC:3    +
  103   140  0   0.1%   1.497 GC:3    +
    3   134  0   0.1%   0.433 UA:3    +
   18    98  0   0.1%   0.152 UA:3    +
    3    40  0   0.1%   0.351 UA:3    +
  111   137  0   0.0%   1.243 AU:3    +
    5   111  0   0.0%   0.137 UA:3    +
    5   110  0   0.0%   0.133 UA:3    +
   17    45  0   0.0%   0.485 UA:3    +
    1    17  0   0.0%   0.225 AU:3    +
    5    16  0   0.0%   0.027 UA:3    +
    4    39  0   0.0%   0.172 GC:3    +
   26    31  0   0.0%   0.010 CG:3    +
    1   136  0   0.0%   0.244 AU:3    +
    7   137  0   0.0%   0.780 AU:3    +
    5    38  0   0.0%   0.014 UG:3    +
    4    17  0   0.0%   0.189 GU:3    +
   15   100  0   0.0%   0.117 AU:3    +
    4   133  0   0.0%   0.243 GU:3    +
  106   136  0   0.0%   1.342 GU:3    +
  106   114  0   0.0%   0.523 GC:3    +
  112   136  0   0.0%   1.679 GU:3    +
   12    16  0   0.0%   0.096 UA:3    +
  107   113  0   0.0%   0.492 UA:3    +
    2   138  0   0.0%   0.361 GC:3    +
    4    12  0   0.0%   0.063 GU:3    +
   17    46  0   0.0%   0.460 UA:3    +
   60    84  0   0.0%   0.008 AU:3    +
   49   104  0   0.0%   0.562 CG:3    +
   50   103  0   0.0%   0.790 CG:3    +
  104   136  0   0.0%   0.626 GU:3    +
    8    19  0   0.0%   0.269 CG:3    +
   14   106  0   0.0%   0.669 CG:3    +
    8   103  0   0.0%   0.288 CG:3    +
   13    99  1   0.0%   0.411 UG:1    UA:1    +
    8   104  0   0.0%   0.289 CG:3    +
   12   111  0   0.0%   0.556 UA:3    +
    7    20  0   0.0%   0.265 AU:3    +
  103   107  0   0.0%   1.094 GU:3    +
    7    17  0   0.0%   0.288 AU:3    +
   18    45  0   0.0%   0.540 UA:3    +
    5    15  0   0.0%   0.103 UA:3    +
  103   137  0   0.0%   0.810 GU:3    +
  112   138  0   0.0%   1.539 GC:3    +
    5    98  0   0.0%   0.066 UA:3    +
    7   133  0   0.0%   0.617 AU:3    +
   17    98  0   0.0%   0.089 UA:3    +
   46   136  0   0.0%   0.866 AU:3    +
   12    99  1   0.0%   0.444 UG:1    UA:1    +
  113   137  0   0.0%   1.076 AU:3    +
   19    44  0   0.0%   0.084 GC:3    +
   45   137  0   0.0%   0.800 AU:3    +
   12   109  0   0.0%   0.590 UA:3    +
    3   111  0   0.0%   0.422 UA:3    +
  100   144  0   0.0%   0.457 UA:3    +
   53    99  1   0.0%   0.040 UG:1    UA:1    +
  100   139  0   0.0%   0.855 UA:3    +
   52   100  0   0.0%   0.358 AU:3    +
   46   107  0   0.0%   1.101 AU:3    +
    5    99  1   0.0%   0.066 UG:1    UA:1    +
  107   111  0   0.0%   0.550 UA:3    +
  112   137  0   0.0%   1.623 GU:3    +
   15   137  0   0.0%   0.278 AU:3    +
   59    84  0   0.0%   0.002 AU:3    +
   54    99  1   0.0%   0.063 UG:1    UA:1    +
   12   104  0   0.0%   0.769 UG:3    +
    5   144  0   0.0%   0.231 UA:3    +
   14   112  0   0.0%   0.283 CG:3    +
   99   107  1   0.0%   0.421 GU:1    AU:1    +
    3    99  1   0.0%   0.420 UG:1    UA:1    +
   16   107  0   0.0%   0.358 AU:3    +
  100   109  0   0.0%   0.407 UA:3    +
   17   106  0   0.0%   0.499 UG:3    +
    3   110  0   0.0%   0.420 UA:3    +
    4   100  0   0.0%   0.231 GU:3    +
   16   136  0   0.0%   0.196 AU:3    +
    2    12  0   0.0%   0.284 GU:3    +
    3   113  0   0.0%   0.422 UA:3    +
   64    84  0   0.0%   0.113 GU:3    +
    2   114  0   0.0%   0.350 GC:3    +
    7    18  0   0.0%   0.269 AU:3    +
  131   140  0   0.0%   0.666 GC:3    +
  106   137  0   0.0%   1.308 GU:3    +
   12    98  0   0.0%   0.441 UA:3    +
   20    40  0   0.0%   0.146 UA:3    +
    1   115  0   0.0%   0.236 AU:3    +
  112   140  0   0.0%   1.445 GC:3    +
  113   136  0   0.0%   1.127 AU:3    +
   14    19  0   0.0%   0.137 CG:3    +
  107   112  0   0.0%   0.546 UG:3    +
  122   126  0   0.0%   0.042 UA:3    +
   17   144  0   0.0%   0.112 UA:3    +
   14    88  0   0.0%   0.137 CG:3    +
  100   106  0   0.0%   0.856 UG:3    +
   52   107  0   0.0%   0.402 AU:3    +
   98   107  0   0.0%   0.639 AU:3    +
   18    99  1   0.0%   0.156 UG:1    UA:1    +
   12   144  0   0.0%   0.549 UA:3    +
   15    87  0   0.0%   0.109 AU:3    +
    2   100  0   0.0%   0.336 GU:3    +
    1     5  0   0.0%   0.001 AU:3    +
  100   110  0   0.0%   0.368 UA:3    +
  121   127  0   0.0%   0.018 GC:3    +
    3    46  0   0.0%   0.418 UA:3    +
  103   136  0   0.0%   0.853 GU:3    +
    2    86  0   0.0%   0.335 GC:3    +
   64    86  0   0.0%   0.060 GC:3    +
    2   137  0   0.0%   0.354 GU:3    +
   86    95  0   0.0%   0.151 CG:3    +
    4    84  0   0.0%   0.230 GU:3    +
    5    83  0   0.0%   0.062 UA:3    +
    9    99  1   0.0%   0.230 UG:1    UA:1    +
    1    87  0   0.0%   0.226 AU:3    +
   18    46  0   0.0%   0.511 UA:3    +
  100   111  0   0.0%   0.370 UA:3    +
   59   100  0   0.0%   0.716 AU:3    +
  100   104  0   0.0%   0.813 UG:3    +
   12   134  0   0.0%   0.569 UA:3    +
    7   100  0   0.0%   0.272 AU:3    +
    3    98  0   0.0%   0.419 UA:3    +
   86    96  0   0.0%   0.147 CG:3    +
   87    95  0   0.0%   0.594 UG:3    +
   27    32  0   0.0%   0.147 UG:3    +
    1   100  0   0.0%   0.226 AU:3    +
    8    95  0   0.0%   0.283 CG:3    +
   12   139  0   0.0%   0.947 UA:3    +
   12   110  0   0.0%   0.548 UA:3    +
    3   109  0   0.0%   0.419 UA:3    +
   98   115  0   0.0%   0.248 AU:3    +
    5   112  0   0.0%   0.129 UG:3    +
   17   139  0   0.0%   0.509 UA:3    +
    4   137  0   0.0%   0.248 GU:3    +
    7    81  0   0.0%   0.271 AU:3    +
  106   127  0   0.0%   0.518 GC:3    +
  107   126  0   0.0%   0.397 UA:3    +
   96   101  0   0.0%   0.191 GC:3    +
    8    80  0   0.0%   0.283 CG:3    +
  113   119  0   0.0%   0.093 AU:3    +
  114   118  0   0.0%   0.004 CG:3    +
    2   136  0   0.0%   0.356 GU:3    +
   65    82  0   0.0%   0.005 AU:3    +
    4   127  0   0.0%   0.235 GC:3    +
    3   128  0   0.0%   0.421 UA:3    +
    5   126  0   0.0%   0.129 UA:3    +
   12    40  0   0.0%   0.075 UA:3    +
    2    18  0   0.0%   0.311 GU:3    +
    4    18  0   0.0%   0.170 GU:3    +
   16   137  0   0.0%   0.149 AU:3    +
    1   137  0   0.0%   0.238 AU:3    +
   39   106  0   0.0%   0.407 CG:3    +
    4   136  0   0.0%   0.251 GU:3    +
   38   107  0   0.0%   0.318 GU:3    +
   44    64  0   0.0%   0.079 CG:3    +
   95   101  0   0.0%   0.195 GC:3    +
   14    96  0   0.0%   0.137 CG:3    +
   26   106  0   0.0%   0.407 CG:3    +
   25   107  0   0.0%   0.315 AU:3    +
   31   101  0   0.0%   0.168 GC:3    +
   64    81  0   0.0%   0.001 GU:3    +
   18   144  0   0.0%   0.156 UA:3    +
   17   111  0   0.0%   0.116 UA:3    +
   34    39  0   0.0%   0.005 GC:3    +
   33    40  0   0.0%   0.144 UA:3    +
   18   110  0   0.0%   0.158 UA:3    +
   17   110  0   0.0%   0.113 UA:3    +
   23   109  0   0.0%   0.058 UA:3    +
   18   109  0   0.0%   0.197 UA:3    +
    5   103  0   0.0%   0.064 UG:3    +
    5   106  0   0.0%   0.064 UG:3    +
   49    95  0   0.0%   0.001 CG:3    +
  106   133  0   0.0%   0.542 GU:3    +
    3   112  0   0.0%   0.421 UG:3    +
   17   103  0   0.0%   0.441 UG:3    +
   17   109  0   0.0%   0.153 UA:3    +
  104   114  0   0.0%   0.466 GC:3    +
   61    99  1   0.0%   0.043 CG:1    GC:1    +
    8    96  0   0.0%   0.283 CG:3    +
   21   112  0   0.0%   0.017 CG:3    +
  103   114  0   0.0%   0.700 GC:3    +
   49    64  0   0.0%   0.000 CG:3    +
   20   113  0   0.0%   0.005 UA:3    +
   44   118  0   0.0%   0.403 CG:3    +
   19   114  0   0.0%   0.005 GC:3    +
  118   138  0   0.0%   0.748 GC:3    +
  117   139  0   0.0%   0.985 UA:3    +
   88   101  0   0.0%   0.213 GC:3    +
  122   134  0   0.0%   0.365 UA:3    +
   49   112  0   0.0%   0.112 CG:3    +
   45   117  0   0.0%   0.692 AU:3    +
   89   100  0   0.0%   0.733 AU:3    +
   46    67  0   0.0%   0.375 AU:3    +
   46   115  0   0.0%   0.711 AU:3    +
  101   131  0   0.0%   0.250 CG:3    +
   15   133  0   0.0%   0.195 AU:3    +
   87    92  0   0.0%   0.515 UA:3    +
   96   100  0   0.0%   0.439 GU:3    +
   96   140  0   0.0%   0.513 GC:3    +
  103   115  0   0.0%   0.700 GU:3    +
    5    45  0   0.0%   0.107 UA:3    +
   99   115  1   0.0%   0.030 GU:1    AU:1    +
   62    82  0   0.0%   0.000 AU:3    +
   21    38  0   0.0%   0.004 CG:3    +
   49   103  0   0.0%   0.788 CG:3    +
   87    96  0   0.0%   0.589 UG:3    +
   18   139  0   0.0%   0.554 UA:3    +
   15   136  0   0.0%   0.324 AU:3    +
    4    49  0   0.0%   0.229 GC:3    +
  103   133  0   0.0%   0.723 GU:3    +
   40   122  0   0.0%   0.216 AU:3    +
   99   137  1   0.0%   0.135 GU:1    AU:1    +
   60   100  0   0.0%   0.429 AU:3    +
   17   134  0   0.0%   0.131 UA:3    +
    5   113  0   0.0%   0.130 UA:3    +
   15   107  0   0.0%   0.485 AU:3    +
   45   107  0   0.0%   1.082 AU:3    +
  104   133  0   0.0%   0.489 GU:3    +
    2    49  0   0.0%   0.335 GC:3    +
    5    46  0   0.0%   0.062 UA:3    +
  118   125  0   0.0%   0.001 GU:3    +
   17   104  0   0.0%   0.527 UG:3    +
   44   112  0   0.0%   0.419 CG:3    +
   18   134  0   0.0%   0.175 UA:3    +
  114   121  0   0.0%   0.004 CG:3    +
   14   131  0   0.0%   0.275 CG:3    +
  113   122  0   0.0%   0.093 AU:3    +
  117   126  0   0.0%   0.000 UA:3    +
    5   104  0   0.0%   0.064 UG:3    +
   84    89  0   0.0%   0.494 UA:3    +
   98   137  0   0.0%   0.353 AU:3    +
  100   112  0   0.0%   0.367 UG:3    +
   66    79  0   0.0%   0.000 CG:3    +
   99   136  1   0.0%   0.183 GU:1    AU:1    +
   46   137  0   0.0%   0.817 AU:3    +
  115   128  0   0.0%   0.003 UA:3    +
    8   121  0   0.0%   0.620 CG:3    +
   12    19  0   0.0%   0.066 UG:3    +
   26    34  0   0.0%   0.005 CG:3    +
   16   133  0   0.0%   0.067 AU:3    +
    7   122  0   0.0%   0.580 AU:3    +
   38    44  0   0.0%   0.083 GC:3    +
   21    34  0   0.0%   0.000 CG:3    +
   20    35  0   0.0%   0.002 UA:3    +
   14   118  0   0.0%   0.266 CG:3    +
   46   133  0   0.0%   0.734 AU:3    +
   45   133  0   0.0%   0.715 AU:3    +
   23    32  0   0.0%   0.000 UG:3    +
   18   104  0   0.0%   0.572 UG:3    +
    4   107  0   0.0%   0.235 GU:3    +
   18   111  0   0.0%   0.161 UA:3    +
   14    95  0   0.0%   0.137 CG:3    +
    5    52  0   0.0%   0.062 UA:3    +
  122   128  0   0.0%   0.001 UA:3    +
   24    31  0   0.0%   0.000 UG:3    +
   18    37  0   0.0%   0.009 UG:3    +
   98   133  0   0.0%   0.271 AU:3    +
  137   144  0   0.0%   0.948 UA:3    +
  100   134  0   0.0%   0.474 UA:3    +
   15   117  0   0.0%   0.172 AU:3    +
   70    77  0   0.0%   0.000 CG:3    +
   14   121  0   0.0%   0.266 CG:3    +
    3    43  1   0.4%   0.416 UA:2    +
    2    11  1   0.3%   0.306 GC:2    +
    6   133  1   0.3%   0.122 AU:2    +
   41    47  1   0.3%   0.450 CG:2    +
    4   143  1   0.3%   0.749 GC:2    +
   55    89  1   0.3%   0.054 UA:2    +
    8    47  1   0.3%   0.317 CG:2    +
    9    46  1   0.3%   0.260 UA:2    +
    4    11  1   0.3%   0.090 GC:2    +
    1   142  1   0.3%   0.652 AU:2    +
   11   104  1   0.2%   0.994 CG:2    +
    9   111  1   0.2%   0.616 UA:2    +
   61    88  1   0.2%   0.142 CG:2    +
    5   108  1   0.2%   0.105 UA:2    +
   12    43  1   0.2%   0.174 UA:2    +
   54    91  1   0.2%   0.046 UA:2    +
    6    12  1   0.2%   0.062 AU:2    +
    7   132  1   0.2%   0.614 AU:2    +
   10   110  1   0.2%   0.406 UA:2    +
   10    45  1   0.2%   0.099 UA:2    +
    9   109  1   0.2%   0.633 UA:2    +
   17    43  1   0.2%   0.185 UA:2    +
    2   143  1   0.2%   0.751 GC:2    +
    7   141  1   0.1%   1.093 AU:2    +
  105   137  1   0.1%   1.232 AU:2    +
    1   102  1   0.1%   0.252 AU:2    +
    7    48  1   0.1%   0.288 AU:2    +
  104   143  1   0.1%   1.286 GC:2    +
    9   134  1   0.1%   0.635 UA:2    +
    3    42  1   0.1%   0.365 UA:2    +
    9    16  1   0.1%   0.241 UA:2    +
   54    90  1   0.1%   0.022 UA:2    +
  110   132  1   0.1%   0.180 AU:2    +
  120   126  1   0.1%   0.053 UA:2    +
   98   142  1   0.1%   0.308 AU:2    +
   13    46  1   0.1%   0.779 UA:2    +
   10    15  1   0.1%   0.130 UA:2    +
   43   107  1   0.1%   0.518 AU:2    +
    9   130  1   0.1%   0.596 UA:2    +
   97   143  1   0.1%   0.119 GC:2    +
  111   132  1   0.1%   0.315 AU:2    +
   12    47  1   0.1%   0.817 UG:2    +
    2   142  1   0.1%   0.744 GU:2    +
   53    92  1   0.0%   0.013 UA:2    +
    6   107  1   0.0%   0.067 AU:2    +
   98   141  1   0.0%   0.663 AU:2    +
   47   140  1   0.0%   0.951 GC:2    +
    9    15  1   0.0%   0.306 UA:2    +
    4    13  1   0.0%   0.050 GU:2    +
   46   141  1   0.0%   1.121 AU:2    +
   53    91  1   0.0%   0.007 UA:2    +
    1    10  1   0.0%   0.203 AU:2    +
  108   136  1   0.0%   0.907 AU:2    +
   40    48  1   0.0%   0.159 AU:2    +
   14    47  1   0.0%   0.517 CG:2    +
  105   115  1   0.0%   0.426 AU:2    +
    7    13  1   0.0%   0.301 AU:2    +
   10    16  1   0.0%   0.049 UA:2    +
    4    10  1   0.0%   0.029 GU:2    +
    4     9  1   0.0%   0.221 GU:2    +
  102   109  1   0.0%   0.545 UA:2    +
   18    42  1   0.0%   0.192 UA:2    +
   47   102  1   0.0%   1.002 GU:2    +
   11   112  1   0.0%   0.718 CG:2    +
   45   142  1   0.0%   0.733 AU:2    +
    6   141  1   0.0%   0.646 AU:2    +
   10    46  1   0.0%   0.053 UA:2    +
   10   134  1   0.0%   0.416 UA:2    +
    9    47  1   0.0%   0.248 UG:2    +
   13   110  1   0.0%   0.535 UA:2    +
   16   102  1   0.0%   0.116 AU:2    +
    2     9  1   0.0%   0.444 GU:2    +
   47   135  1   0.0%   0.539 GC:2    +
  102   110  1   0.0%   0.505 UA:2    +
   55    92  1   0.0%   0.092 UA:2    +
    9   103  1   0.0%   0.233 UG:2    +
    9   110  1   0.0%   0.574 UA:2    +
   13    47  1   0.0%   0.779 UG:2    +
    6    18  1   0.0%   0.065 AU:2    +
   10   109  1   0.0%   0.424 UA:2    +
   13    98  1   0.0%   0.407 UA:2    +
    2    10  1   0.0%   0.251 GU:2    +
   43   100  1   0.0%   0.119 AU:2    +
   15   142  1   0.0%   0.209 AU:2    +
   17    47  1   0.0%   0.463 UG:2    +
   54    98  1   0.0%   0.280 UA:2    +
   55    97  1   0.0%   0.151 UG:2    +
   47   143  1   0.0%   0.556 GC:2    +
   56    97  1   0.0%   0.127 CG:2    +
   16   141  1   0.0%   0.447 AU:2    +
   12    42  1   0.0%   0.075 UA:2    +
   55    98  1   0.0%   0.322 UA:2    +
   20    43  1   0.0%   0.104 UA:2    +
    9   106  1   0.0%   0.869 UG:2    +
   98   102  1   0.0%   0.727 AU:2    +
   48   139  1   0.0%   0.731 UA:2    +
    2    13  1   0.0%   0.269 GU:2    +
   14    97  1   0.0%   0.139 CG:2    +
   96   143  1   0.0%   0.121 GC:2    +
   48   134  1   0.0%   0.352 UA:2    +
   58    94  1   0.0%   0.107 GU:2    +
   54    89  1   0.0%   0.002 UA:2    +
   15   141  1   0.0%   0.574 AU:2    +
  103   142  1   0.0%   1.199 GU:2    +
   16    48  1   0.0%   0.041 AU:2    +
    7   142  1   0.0%   0.717 AU:2    +
   42   107  1   0.0%   0.498 AU:2    +
   57    85  1   0.0%   0.001 UA:2    +
  100   108  1   0.0%   0.387 UA:2    +
   10   113  1   0.0%   0.380 UA:2    +
  108   132  1   0.0%   0.053 AU:2    +
    6    17  1   0.0%   0.080 AU:2    +
    9   139  1   0.0%   1.008 UA:2    +
   43   141  1   0.0%   0.526 AU:2    +
   13   103  1   0.0%   0.678 UG:2    +
   12   108  1   0.0%   0.568 UA:2    +
  132   139  1   0.0%   1.363 UA:2    +
  111   141  1   0.0%   1.050 AU:2    +
    6   100  1   0.0%   0.058 AU:2    +
   13    89  1   0.0%   0.403 UA:2    +
  100   105  1   0.0%   0.767 UA:2    +
    4   142  1   0.0%   0.707 GU:2    +
   16   142  1   0.0%   0.080 AU:2    +
   53   106  1   0.0%   0.519 UG:2    +
   10   103  1   0.0%   0.046 UG:2    +
   18    43  1   0.0%   0.233 UA:2    +
    6    48  1   0.0%   0.057 AU:2    +
   42   100  1   0.0%   0.074 AU:2    +
    1    13  1   0.0%   0.215 AU:2    +
    5    42  1   0.0%   0.023 UA:2    +
   58   101  1   0.0%   0.195 GC:2    +
   10   144  1   0.0%   0.395 UA:2    +
    3    85  1   0.0%   0.419 UA:2    +
   13   113  1   0.0%   0.518 UA:2    +
   48    60  1   0.0%   0.015 UA:2    +
   10    98  1   0.0%   0.043 UA:2    +
   10   139  1   0.0%   0.793 UA:2    +
    9   144  1   0.0%   0.609 UA:2    +
    6    82  1   0.0%   0.057 AU:2    +
    9    45  1   0.0%   0.256 UA:2    +
   50    58  1   0.0%   0.001 CG:2    +
  110   142  1   0.0%   0.599 AU:2    +
    9    98  1   0.0%   0.230 UA:2    +
   18   105  1   0.0%   0.557 UA:2    +
   13   144  1   0.0%   0.532 UA:2    +
   47   141  1   0.0%   0.931 GU:2    +
   46   142  1   0.0%   0.751 AU:2    +
   59    94  1   0.0%   0.379 AU:2    +
    6   102  1   0.0%   0.066 AU:2    +
   53    90  1   0.0%   0.001 UA:2    +
   97   101  1   0.0%   0.175 GC:2    +
   97   140  1   0.0%   0.498 GC:2    +
   13    97  1   0.0%   0.403 UG:2    +
   45   141  1   0.0%   1.095 AU:2    +
  108   125  1   0.0%   0.041 AU:2    +
   54    97  1   0.0%   0.107 UG:2    +
   13   109  1   0.0%   0.572 UA:2    +
   10   111  1   0.0%   0.397 UA:2    +
  102   106  1   0.0%   0.994 UG:2    +
    1    48  1   0.0%   0.226 AU:2    +
   42   141  1   0.0%   0.514 AU:2    +
    9   104  1   0.0%   0.232 UG:2    +
   53    98  1   0.0%   0.255 UA:2    +
   10    92  1   0.0%   0.041 UA:2    +
    6   125  1   0.0%   0.061 AU:2    +
    7   102  1   0.0%   0.280 AU:2    +
  120   128  1   0.0%   0.007 UA:2    +
    2    48  1   0.0%   0.335 GU:2    +
   15    48  1   0.0%   0.117 AU:2    +
   13    40  1   0.0%   0.052 UA:2    +
    9    40  1   0.0%   0.219 UA:2    +
   13   139  1   0.0%   0.929 UA:2    +
   11    97  1   0.0%   0.381 CG:2    +
   95   102  1   0.0%   0.575 GU:2    +
  119   123  1   0.0%   0.000 UA:2    +
   45    63  1   0.0%   0.404 AU:2    +
   29   103  1   0.0%   0.347 CG:2    +
   30   102  1   0.0%   0.072 AU:2    +
   27   105  1   0.0%   0.563 UA:2    +
   24   108  1   0.0%   0.039 UA:2    +
   28   104  1   0.0%   0.432 UG:2    +
   44    97  1   0.0%   0.080 CG:2    +
  109   124  1   0.0%   0.060 AU:2    +
    2   102  1   0.0%   0.357 GU:2    +
    4   102  1   0.0%   0.244 GU:2    +
   11   131  1   0.0%   0.709 CG:2    +
   48   103  1   0.0%   1.009 UG:2    +
   11    19  1   0.0%   0.038 CG:2    +
    9    79  1   0.0%   0.228 UG:2    +
   97   102  1   0.0%   0.555 GU:2    +
    6   132  1   0.0%   0.061 AU:2    +
   18    97  1   0.0%   0.137 UG:2    +
    4    48  1   0.0%   0.229 GU:2    +
   48    65  1   0.0%   0.015 UA:2    +
   47    66  1   0.0%   0.397 GC:2    +
   43   119  1   0.0%   0.123 AU:2    +
   10   106  1   0.0%   0.672 UG:2    +
   42   120  1   0.0%   0.113 AU:2    +
    3   108  1   0.0%   0.419 UA:2    +
   10    40  1   0.0%   0.030 UA:2    +
    9    95  1   0.0%   0.228 UG:2    +
  116   140  1   0.0%   0.654 GC:2    +
  109   141  1   0.0%   1.074 AU:2    +
   88    94  1   0.0%   0.124 GU:2    +
  102   112  1   0.0%   0.770 UG:2    +
   47   114  1   0.0%   0.522 GC:2    +
  123   133  1   0.0%   0.883 AU:2    +
  102   130  1   0.0%   0.623 UA:2    +
    3    47  1   0.0%   0.418 UG:2    +
   13   134  1   0.0%   0.551 UA:2    +
   18   108  1   0.0%   0.178 UA:2    +
   40   102  1   0.0%   0.217 AU:2    +
   48   113  1   0.0%   0.317 UA:2    +
   57    92  1   0.0%   0.633 UA:2    +
  105   133  1   0.0%   0.445 AU:2    +
    7   124  1   0.0%   0.580 AU:2    +
   49    58  1   0.0%   0.000 CG:2    +
   86    97  1   0.0%   0.131 CG:2    +
   17    97  1   0.0%   0.084 UG:2    +
    9   112  1   0.0%   0.597 UG:2    +
  102   134  1   0.0%   0.654 UA:2    +
   48   104  1   0.0%   0.777 UG:2    +
   17   105  1   0.0%   0.511 UA:2    +
    8    97  1   0.0%   0.283 CG:2    +
   48    96  1   0.0%   0.015 UG:2    +
    5    47  1   0.0%   0.062 UG:2    +
   47   107  1   0.0%   0.912 GU:2    +
  116   127  1   0.0%   0.000 GC:2    +
   16   132  1   0.0%   0.055 AU:2    +
   50    97  1   0.0%   0.163 CG:2    +
   48    59  1   0.0%   0.014 UA:2    +
   48   144  1   0.0%   0.332 UA:2    +
   47    56  1   0.0%   0.397 GC:2    +
   18    47  1   0.0%   0.515 UG:2    +
   11    96  1   0.0%   0.381 CG:2    +
  108   141  1   0.0%   1.184 AU:2    +
   89    94  1   0.0%   0.397 AU:2    +
    5   105  1   0.0%   0.064 UA:2    +
   61    95  1   0.0%   0.110 CG:2    +
  106   143  1   0.0%   1.313 GC:2    +
   13   111  1   0.0%   0.537 UA:2    +
   13   106  1   0.0%   0.914 UG:2    +
   47   136  1   0.0%   0.676 GU:2    +
   46    57  1   0.0%   0.375 AU:2    +
   10   130  1   0.0%   0.383 UA:2    +
   87    93  1   0.0%   0.504 UA:2    +
   42   137  1   0.0%   0.217 AU:2    +
   62    94  1   0.0%   0.125 AU:2    +
   51    96  1   0.0%   0.114 UG:2    +
    6    51  1   0.0%   0.056 AU:2    +
   43   132  1   0.0%   0.134 AU:2    +
   42   133  1   0.0%   0.136 AU:2    +
   41    97  1   0.0%   0.036 CG:2    +
   42    57  1   0.0%   0.058 AU:2    +
   40   142  1   0.0%   0.251 AU:2    +
   95   142  1   0.0%   0.134 GU:2    +
   51    92  1   0.0%   0.000 UA:2    +
   40   141  1   0.0%   0.617 AU:2    +
   55    93  1   0.0%   0.080 UA:2    +
  134   141  1   0.0%   1.007 AU:2    +
   15   120  1   0.0%   0.172 AU:2    +
    4    53  1   0.0%   0.229 GU:2    +
.................((((((((((...)))))))))).......((((((((......((((((((((...))))))))))......))))))))...(((((((....(((((((......)))))))))))))).....
