3 sequence; length of alignment 161
alifold output
   32    41  0  99.9%   0.003 UG:1    UA:2   
   28    45  0  99.8%   0.005 GC:2    AU:1   
   71    83  0  99.7%   0.021 GC:1    GU:2   
   33    40  0 100.0%   0.001 CG:3   
   61    89  0 100.0%   0.002 CG:3   
   60    90  0  99.9%   0.003 CG:3   
   29    44  0  99.9%   0.006 UA:3   
   31    42  0  99.8%   0.005 UA:3   
   30    43  0  99.8%   0.006 UA:3   
   68    86  0  99.8%   0.006 CG:3   
   62    88  0  99.7%   0.010 AU:3   
   69    85  1  99.8%   0.005 CG:2   
   57    92  0  99.0%   0.038 CG:3   
   56    93  0  98.6%   0.048 AU:3   
   70    84  1  99.1%   0.036 AU:2   
   72    82  0  98.2%   0.110 UA:3   
   63    87  0  97.6%   0.070 UA:3   
   55    94  1  94.5%   0.241 AU:2   
   34    39  0  91.9%   0.235 UA:3   
  114   121  0  83.4%   1.183 CG:3   
  113   122  0  83.3%   1.085 CG:3   
   73    81  1  82.3%   0.614 UA:2   
   54    95  1  81.7%   0.534 CG:1    UG:1   
   16    25  0  80.2%   0.619 CG:3   
   17    24  1  79.8%   0.682 CG:2   
    7   101  0  74.6%   0.708 UA:3   
    9    99  1  74.7%   0.790 CG:2   
    8   100  1  74.6%   0.758 AU:2   
   10    98  0  73.3%   0.693 AU:3   
    6   102  1  73.3%   0.815 GC:2   
  135   148  0  72.7%   0.856 AU:3   
  134   149  0  72.4%   0.881 AU:3   
  136   147  1  72.8%   0.821 GC:2   
  137   146  1  71.7%   0.814 AU:2   
  133   150  0  70.6%   0.984 UA:3   
   15    26  1  68.7%   0.964 UA:2   
   11    97  0  66.4%   0.825 AU:3   
   27    46  0  66.3%   1.168 UA:3   
  138   145  0  64.3%   0.922 AU:3   
  132   151  1  55.3%   1.210 AU:2   
  109   125  0  48.8%   1.595 UG:1    UA:2   
  110   124  0  48.8%   1.853 GC:2    GU:1   
   59    91  1  49.7%   1.395 AU:2    +
   58    91  1  49.0%   1.051 AU:2   
  108   126  0  46.2%   1.528 UG:1    UA:2   
  107   127  1  38.8%   1.282 AU:2   
   53    96  1  36.0%   1.576 AU:2    +
    2   104  0  32.7%   1.182 CG:3   
   12    96  1  32.0%   1.116 AU:2   
  106   128  0  28.9%   1.483 GU:1    AU:2   
    1   105  0  29.9%   1.159 UA:3   
   14    27  0  24.7%   1.180 GU:3    +
    2   158  0  23.5%   1.655 CG:3    +
    1   159  0  21.5%   1.609 UA:3    +
  140   147  0  17.0%   1.239 GC:3    +
  139   148  0  14.8%   1.175 GU:1    AU:2    +
  141   146  1  13.7%   1.156 AU:2    +
   14   124  0  11.9%   1.380 GC:2    GU:1    +
   16   122  0  12.2%   0.975 CG:3    +
   17   121  0  12.2%   1.120 CG:3    +
  138   149  0  11.8%   1.378 AU:3    +
   15   123  1  12.1%   1.175 UA:2    +
  136   154  0  10.6%   1.286 GC:2    AU:1    +
   20   118  0   9.9%   0.789 UG:2    UA:1    +
    4   156  0  10.9%   1.168 GC:3    +
   19   119  0   9.7%   0.789 GU:1    AU:2    +
   25   113  0  10.3%   1.158 GC:3    +
  137   153  1  10.6%   1.356 AU:2    +
   24   114  1  10.2%   1.108 GC:2    +
  102   110  0   9.5%   1.173 CG:3    +
  138   152  0   9.4%   1.568 AU:3    +
  103   109  0   9.2%   0.858 AU:3    +
  139   151  0   8.1%   1.505 GC:1    AU:2    +
   21   117  1   7.5%   0.678 UA:2    +
    6   130  0   5.4%   0.822 GU:2    AU:1    +
    7   129  0   5.5%   0.764 UA:3    +
    2   110  0   5.3%   0.919 CG:3    +
    8   128  0   5.0%   0.774 AU:3    +
  104   108  0   4.9%   1.080 GU:3    +
   50    99  0   3.9%   0.664 UG:2    UA:1    +
    5   131  0   4.8%   0.548 AU:3    +
    1   111  0   4.7%   0.876 UA:3    +
   52    99  1   4.5%   0.818 CG:1    UG:1    +
    3   109  1   5.0%   0.534 AU:2    +
   51    98  0   4.5%   0.717 AU:3    +
   50   101  0   4.1%   0.792 UA:3    +
   51   100  1   4.5%   0.824 AU:2    +
    6   151  0   1.8%   0.777 GC:1    GU:1    AU:1    +
    4   108  0   3.8%   0.529 GU:3    +
   53    98  0   3.3%   1.151 AU:3    +
   99   133  0   2.0%   0.876 GU:2    AU:1    +
  104   130  0   2.9%   1.194 GU:3    +
   25    48  0   1.9%   0.559 GC:2    GU:1    +
   99   124  0   1.8%   1.012 GC:2    AU:1    +
    4   154  0   1.8%   0.586 GC:2    GU:1    +
   98   125  0   1.7%   0.833 UG:1    UA:2    +
  105   130  0   2.7%   1.089 AU:3    +
  104   131  0   2.6%   1.427 GU:3    +
  135   152  0   2.5%   0.807 AU:3    +
  103   131  0   2.5%   0.873 AU:3    +
   18    24  0   1.4%   0.523 UG:2    AU:1    +
   96   106  0   1.4%   1.019 CG:1    UA:2    +
   97   126  0   1.3%   0.633 UG:1    UA:2    +
    9    14  0   2.2%   0.304 CG:3    +
   13    96  0   1.2%   0.604 GC:1    GU:2    +
  106   131  0   1.2%   1.152 GU:1    AU:2    +
    3    24  1   2.1%   0.241 UG:1    AU:1    +
    2    25  0   2.1%   0.245 CG:3    +
    6   100  0   0.1%   0.105 GC:1    GU:1    AU:1    +
    4    23  0   2.1%   0.274 GC:3    +
  110   156  0   2.1%   1.419 GC:3    +
    6    96  0   0.0%   0.095 GC:1    GU:1    AU:1    +
   24   112  0   0.0%   0.363 GC:1    GU:1    UA:1    +
   47   112  0   0.0%   0.049 GC:1    GU:1    UA:1    +
   98   134  0   2.0%   0.926 UA:3    +
  136   152  0   1.0%   0.796 GU:2    AU:1    +
  109   157  0   1.9%   1.142 UA:3    +
  136   151  1   2.4%   1.008 GU:2    +
   24   115  0   0.9%   0.788 GU:2    UA:1    +
    5   152  0   1.9%   0.500 AU:3    +
    1    26  0   1.8%   0.221 UA:3    +
    7   150  0   1.8%   0.717 UA:3    +
   97   135  0   1.7%   0.729 UA:3    +
  101   131  0   1.7%   0.773 AU:3    +
  108   118  0   0.7%   0.699 UG:2    UA:1    +
    6    20  0   0.7%   0.153 GU:2    AU:1    +
    6   133  0   0.7%   0.610 GU:2    AU:1    +
    7    19  0   0.7%   0.106 UG:1    UA:2    +
  109   126  0   0.6%   1.331 UG:1    UA:2    +
  151   160  0   0.5%   1.053 CG:1    UG:2    +
   97   105  0   1.5%   0.915 UA:3    +
  154   158  0   0.5%   1.095 CG:2    UG:1    +
   98   104  0   1.5%   1.106 UG:3    +
   73    80  1   2.0%   0.238 UA:2    +
  100   132  1   2.0%   0.721 UA:2    +
   17    25  0   1.5%   0.683 CG:3    +
  147   158  0   1.5%   1.287 CG:3    +
  148   157  0   1.4%   0.946 UA:3    +
  106   120  0   0.4%   0.283 GU:1    AU:2    +
  110   154  0   0.4%   1.009 GC:2    GU:1    +
   48   160  0   0.4%   0.206 CG:2    UG:1    +
   97   106  0   0.4%   0.557 UG:1    UA:2    +
  124   160  0   0.4%   0.852 CG:2    UG:1    +
  134   153  1   1.9%   0.765 AU:2    +
    6   152  0   0.4%   0.765 GU:2    AU:1    +
  124   158  0   0.4%   1.214 CG:2    UG:1    +
  102   121  0   1.3%   1.001 CG:3    +
    6   145  0   0.3%   0.592 GU:2    AU:1    +
  107   130  0   1.3%   1.054 AU:3    +
  106   130  0   0.3%   0.958 GU:1    AU:2    +
  104   154  0   0.3%   1.032 GC:2    GU:1    +
  103   120  0   1.3%   0.460 AU:3    +
  139   145  0   0.2%   0.395 GU:1    AU:2    +
  110   142  0   0.2%   0.884 GC:2    GU:1    +
  106   152  0   0.2%   0.739 GU:1    AU:2    +
   19   108  0   0.2%   0.235 GU:1    AU:2    +
  108   129  0   1.2%   1.074 UA:3    +
   14    94  0   1.2%   0.651 GU:3    +
    8    15  1   1.7%   0.208 AU:2    +
   18    55  0   0.1%   0.177 AU:1    UA:2    +
  154   160  0   0.1%   0.648 CG:2    UG:1    +
   72    81  0   1.1%   0.158 UA:3    +
   14   142  0   0.1%   0.880 GC:2    GU:1    +
  126   131  0   0.1%   1.019 GU:1    AU:2    +
  131   136  0   0.1%   0.626 UG:2    UA:1    +
  126   151  0   0.1%   0.586 GC:1    AU:2    +
  125   152  0   0.1%   0.594 GU:1    AU:2    +
   67    83  0   0.1%   0.022 GC:1    AU:2    +
   95   108  0   0.1%   0.385 GU:2    AU:1    +
   14    96  0   0.1%   0.988 GC:1    GU:2    +
  121   154  0   0.1%   0.718 GC:2    GU:1    +
   98   106  0   0.1%   0.721 UG:1    UA:2    +
   48   104  0   0.1%   0.495 CG:2    UG:1    +
   14    23  0   1.1%   0.336 GC:3    +
    8   149  0   1.1%   0.657 AU:3    +
  125   131  0   0.1%   0.978 GU:1    AU:2    +
  126   133  0   0.1%   0.617 GU:1    AU:2    +
  121   142  0   0.1%   0.616 GC:2    GU:1    +
   52   158  0   0.1%   0.580 CG:2    UG:1    +
  151   158  0   0.1%   1.401 CG:1    UG:2    +
   95   142  0   0.1%   0.247 GC:2    AU:1    +
  100   110  0   0.1%   0.583 CG:1    UG:2    +
  118   145  0   0.1%   0.341 GU:2    AU:1    +
  126   130  0   0.1%   0.948 GU:1    AU:2    +
   13   151  0   0.1%   0.310 GC:1    GU:2    +
  106   151  0   0.1%   0.680 GC:1    AU:2    +
   99   109  0   0.0%   0.677 GU:2    AU:1    +
    7    99  0   0.0%   0.059 UG:2    UA:1    +
   96   139  0   0.0%   0.943 CG:1    UA:2    +
   98   136  0   0.0%   0.821 UG:2    UA:1    +
   13   154  0   0.0%   0.313 GC:2    GU:1    +
  100   106  0   0.0%   0.483 CG:1    UA:2    +
   19   120  0   0.0%   0.346 GU:1    AU:2    +
   99   142  0   0.0%   0.702 GC:2    AU:1    +
  106   145  0   0.0%   0.612 GU:1    AU:2    +
   13   124  0   0.0%   0.207 GC:2    GU:1    +
  136   142  0   0.0%   0.109 GC:2    AU:1    +
   95   128  0   0.0%   0.446 GU:2    AU:1    +
  126   152  0   0.0%   0.632 GU:1    AU:2    +
   14    48  0   0.0%   0.498 GC:2    GU:1    +
   54    92  0   0.0%   0.029 CG:2    UG:1    +
   99   108  0   0.0%   0.670 GU:2    AU:1    +
  124   136  0   0.0%   0.750 CG:2    UA:1    +
   13    52  0   0.0%   0.077 GC:2    GU:1    +
    1   106  0   0.0%   0.446 UG:1    UA:2    +
  122   154  0   0.0%   0.627 GC:2    GU:1    +
   14    52  0   0.0%   0.499 GC:2    GU:1    +
   98   139  0   0.0%   0.792 UG:1    UA:2    +
  130   139  0   0.0%   0.524 UG:1    UA:2    +
   13    48  0   0.0%   0.072 GC:2    GU:1    +
   96   126  0   0.0%   0.909 CG:1    UA:2    +
  125   130  0   0.0%   0.915 GU:1    AU:2    +
  118   124  0   0.0%   0.980 GC:2    AU:1    +
  128   136  0   0.0%   0.739 UG:2    UA:1    +
   96   160  0   0.0%   1.007 CG:1    UG:2    +
   96   104  0   0.0%   1.221 CG:1    UG:2    +
   92   142  0   0.0%   0.039 GC:2    GU:1    +
    6   131  0   0.0%   0.658 GU:2    AU:1    +
  106   119  0   0.0%   0.428 GU:1    AU:2    +
   55    91  0   0.0%   0.017 AU:2    UA:1    +
   50    95  0   0.0%   0.061 UG:2    UA:1    +
    6    48  0   0.0%   0.095 GC:2    AU:1    +
  108   125  0   0.0%   0.472 UG:1    UA:2    +
   15    47  0   0.0%   0.383 UG:2    AU:1    +
   97   125  0   0.0%   0.460 UG:1    UA:2    +
   14   154  0   0.0%   0.966 GC:2    GU:1    +
   67    88  0   0.0%   0.020 GU:1    AU:2    +
   97   136  0   0.0%   0.628 UG:2    UA:1    +
  126   145  0   0.0%   0.519 GU:1    AU:2    +
  139   149  0   0.0%   0.879 GU:1    AU:2    +
  119   126  0   0.0%   0.810 UG:1    UA:2    +
    4   124  0   0.0%   0.290 GC:2    GU:1    +
   48   158  0   0.0%   0.488 CG:2    UG:1    +
  130   136  0   0.0%   0.547 UG:2    UA:1    +
  118   130  0   0.0%   0.764 GU:2    AU:1    +
   95   109  0   0.0%   0.382 GU:2    AU:1    +
   14   151  0   0.0%   0.964 GC:1    GU:2    +
  120   125  0   0.0%   0.583 UG:1    UA:2    +
  100   104  0   0.0%   0.833 CG:1    UG:2    +
    6   108  0   0.0%   0.466 GU:2    AU:1    +
   99   154  0   0.0%   0.765 GC:2    AU:1    +
    4   151  0   0.0%   0.322 GC:1    GU:2    +
  118   142  0   0.0%   0.320 GC:2    AU:1    +
  124   140  0   0.0%   0.734 CG:2    UG:1    +
  125   151  0   0.0%   0.530 GC:1    AU:2    +
   25    52  0   0.0%   0.422 GC:2    GU:1    +
  100   160  0   0.0%   0.609 CG:1    UG:2    +
  140   154  0   0.0%   0.746 GC:2    GU:1    +
  109   118  0   0.0%   0.741 UG:2    UA:1    +
   19    27  0   0.0%   0.387 GU:1    AU:2    +
   97   139  0   0.0%   0.601 UG:1    UA:2    +
   96   140  0   0.0%   0.957 CG:1    UG:2    +
  136   149  0   0.0%   0.603 GU:2    AU:1    +
    6   119  0   0.0%   0.332 GU:2    AU:1    +
   52   160  0   0.0%   0.247 CG:2    UG:1    +
    7    95  0   0.0%   0.048 UG:2    UA:1    +
    7   118  0   0.0%   0.276 UG:2    UA:1    +
  142   160  0   0.0%   0.152 CG:2    UG:1    +
    7   126  0   0.0%   0.287 UG:1    UA:2    +
  125   133  0   0.0%   0.572 GU:1    AU:2    +
   99   130  0   0.0%   0.773 GU:2    AU:1    +
   13    54  0   0.0%   0.072 GC:2    GU:1    +
   52    92  0   0.0%   0.031 CG:2    UG:1    +
   52   110  0   0.0%   0.366 CG:2    UG:1    +
   73    85  0   0.0%   0.249 GC:1    UG:2    +
   14    54  0   0.0%   0.492 GC:2    GU:1    +
   31   106  0   0.0%   0.017 UG:1    UA:2    +
   95   124  0   0.0%   0.489 GC:2    AU:1    +
  131   139  0   0.0%   0.581 UG:1    UA:2    +
  104   151  0   0.0%   0.979 GC:1    GU:2    +
  128   139  0   0.0%   0.703 UG:1    UA:2    +
  104   124  0   0.0%   1.011 GC:2    GU:1    +
   94   125  0   0.0%   0.146 UG:1    UA:2    +
   96   110  0   0.0%   1.083 CG:1    UG:2    +
   63    95  0   0.0%   0.222 UG:2    UA:1    +
   20   106  0   0.0%   0.067 UG:1    UA:2    +
  133   139  0   0.0%   0.176 UG:1    UA:2    +
   19   100  0   0.0%   0.281 GC:1    AU:2    +
   52   104  0   0.0%   0.570 CG:2    UG:1    +
  140   151  0   0.0%   1.157 GC:1    GU:2    +
   48   110  0   0.0%   0.285 CG:2    UG:1    +
   76    85  0   0.0%   0.016 GC:1    UG:2    +
   75    86  0   0.0%   0.004 CG:2    UG:1    +
   20    99  0   0.0%   0.285 UG:2    UA:1    +
  100   122  0   0.0%   0.670 CG:1    UG:2    +
   28    52  0   0.0%   0.025 GC:2    AU:1    +
    4    52  0   0.0%   0.115 GC:2    GU:1    +
  139   152  0   0.0%   1.074 GU:1    AU:2    +
  136   145  0   0.0%   0.115 GU:2    AU:1    +
  100   126  0   0.0%   0.514 CG:1    UA:2    +
    7   106  0   0.0%   0.275 UG:1    UA:2    +
    1   136  0   0.0%   0.597 UG:2    UA:1    +
   15    24  0   0.0%   0.198 UG:2    AU:1    +
    6   128  0   0.0%   0.344 GU:2    AU:1    +
    7   125  0   0.0%   0.286 UG:1    UA:2    +
  106   133  0   0.0%   0.707 GU:1    AU:2    +
   99   120  0   0.0%   0.571 GU:2    AU:1    +
   93   126  0   0.0%   0.033 UG:1    UA:2    +
   47   127  0   0.0%   0.128 GU:2    UG:1    +
   95   130  0   0.0%   0.395 GU:2    AU:1    +
  118   154  0   0.0%   0.415 GC:2    AU:1    +
  136   148  0   0.0%   0.588 GU:2    AU:1    +
   25   154  0   0.0%   0.770 GC:2    GU:1    +
  120   126  0   0.0%   0.608 UG:1    UA:2    +
    1     6  0   0.0%   0.001 UG:2    UA:1    +
   13   142  0   0.0%   0.192 GC:2    GU:1    +
  120   136  0   0.0%   0.207 UG:2    UA:1    +
  118   131  0   0.0%   0.813 GU:2    AU:1    +
   20   136  0   0.0%   0.339 UG:2    UA:1    +
   28   109  0   0.0%   0.166 GU:2    AU:1    +
    6   120  0   0.0%   0.333 GU:2    AU:1    +
   94   106  0   0.0%   0.157 UG:1    UA:2    +
  118   133  0   0.0%   0.417 GU:2    AU:1    +
   19    50  0   0.0%   0.041 GU:1    AU:2    +
   93   139  0   0.0%   0.033 UG:1    UA:2    +
   96   158  0   0.0%   1.328 CG:1    UG:2    +
   99   131  0   0.0%   0.791 GU:2    AU:1    +
   19   151  0   0.0%   0.381 GC:1    AU:2    +
    4   142  0   0.0%   0.298 GC:2    GU:1    +
    4    54  0   0.0%   0.115 GC:2    GU:1    +
   54   158  0   0.0%   0.573 CG:2    UG:1    +
   27    99  0   0.0%   0.849 UG:2    UA:1    +
    1   125  0   0.0%   0.594 UG:1    UA:2    +
    4    48  0   0.0%   0.115 GC:2    GU:1    +
  119   136  0   0.0%   0.407 UG:2    UA:1    +
    1   126  0   0.0%   0.594 UG:1    UA:2    +
   99   128  0   0.0%   0.819 GU:2    AU:1    +
   19    96  0   0.0%   0.486 GC:1    AU:2    +
   54   160  0   0.0%   0.244 CG:2    UG:1    +
   50   125  0   0.0%   0.314 UG:1    UA:2    +
   48    92  0   0.0%   0.090 CG:2    UG:1    +
   95   154  0   0.0%   0.310 GC:2    AU:1    +
   98   126  0   0.0%   0.753 UG:1    UA:2    +
   24   153  0   0.0%   0.756 GU:2    UA:1    +
   20    95  0   0.0%   0.064 UG:2    UA:1    +
   95   133  0   0.0%   0.266 GU:2    AU:1    +
   41    96  0   0.0%   0.431 GC:1    AU:2    +
   13   100  0   0.0%   0.357 GC:1    GU:2    +
   94    99  0   0.0%   0.632 UG:2    UA:1    +
  109   136  0   0.0%   0.906 UG:2    UA:1    +
   48   140  0   0.0%   0.121 CG:2    UG:1    +
   21    47  0   0.0%   0.045 GU:1    UG:2    +
   19   109  0   0.0%   0.231 GU:1    AU:2    +
   14   100  0   0.0%   0.776 GC:1    GU:2    +
    4   100  0   0.0%   0.116 GC:1    GU:2    +
   92   100  0   0.0%   0.390 GC:1    GU:2    +
   54   110  0   0.0%   0.368 CG:2    UG:1    +
  122   151  0   0.0%   0.574 GC:1    GU:2    +
    6    31  0   0.0%   0.089 GU:2    AU:1    +
   93    99  0   0.0%   0.523 UG:2    UA:1    +
  110   151  0   0.0%   0.931 GC:1    GU:2    +
   24    91  0   0.0%   0.360 GU:2    UA:1    +
   40    96  0   0.0%   0.430 GC:1    GU:2    +
  119   125  0   0.0%   0.781 UG:1    UA:2    +
  100   125  0   0.0%   0.524 CG:1    UA:2    +
    6    97  0   0.0%   0.094 GU:2    AU:1    +
   19   133  0   0.0%   0.341 GU:1    AU:2    +
  100   158  0   0.0%   0.942 CG:1    UG:2    +
   50   106  0   0.0%   0.328 UG:1    UA:2    +
   64    73  0   0.0%   0.000 CG:1    AU:2    +
   47   153  0   0.0%   0.162 GU:2    UA:1    +
   25   100  0   0.0%   0.624 GC:1    GU:2    +
   50   139  0   0.0%   0.315 UG:1    UA:2    +
   20   139  0   0.0%   0.327 UG:1    UA:2    +
   31    41  0   0.0%   0.000 UG:1    UA:2    +
   94   139  0   0.0%   0.148 UG:1    UA:2    +
  100   140  0   0.0%   0.560 CG:1    UG:2    +
   71    75  0   0.0%   0.000 GC:2    GU:1    +
   70    76  0   0.0%   0.000 UG:1    AU:2    +
  118   128  0   0.0%   0.940 GU:2    AU:1    +
   19    88  0   0.0%   0.056 GU:1    AU:2    +
   28   108  0   0.0%   0.158 GU:2    AU:1    +
  126   148  0   0.0%   0.529 GU:1    AU:2    +
  125   149  0   0.0%   0.503 GU:1    AU:2    +
   67    84  0   0.0%   0.015 GU:1    AU:2    +
    6    27  0   0.0%   0.089 GU:2    AU:1    +
   19   145  0   0.0%   0.322 GU:1    AU:2    +
   97   118  0   0.0%   0.692 UG:2    UA:1    +
   93   106  0   0.0%   0.045 UG:1    UA:2    +
   54   104  0   0.0%   0.572 CG:2    UG:1    +
   95   119  0   0.0%   0.486 GU:2    AU:1    +
   18    47  0   0.0%   0.145 UG:2    AU:1    +
   54    90  0   0.0%   0.016 CG:2    UG:1    +
   21    55  0   0.0%   0.055 GU:1    UA:2    +
  108   136  0   0.0%   0.850 UG:2    UA:1    +
   27    95  0   0.0%   0.628 UG:2    UA:1    +
   30   106  0   0.0%   0.016 UG:1    UA:2    +
   52   140  0   0.0%   0.201 CG:2    UG:1    +
  122   142  0   0.0%   0.519 GC:2    GU:1    +
  118   152  0   0.0%   0.421 GU:2    AU:1    +
  142   158  0   0.0%   0.548 CG:2    UG:1    +
  125   145  0   0.0%   0.480 GU:1    AU:2    +
   96   125  0   0.0%   0.901 CG:1    UA:2    +
   63    67  0   0.0%   0.000 UG:1    UA:2    +
   28    50  0   0.0%   0.052 GU:2    AU:1    +
    6    98  0   0.0%   0.094 GU:2    AU:1    +
    1   139  0   0.0%   0.607 UG:1    UA:2    +
   28    54  0   0.0%   0.014 GC:2    AU:1    +
  121   151  0   0.0%   0.666 GC:1    GU:2    +
   25    54  0   0.0%   0.412 GC:2    GU:1    +
   45    92  0   0.0%   0.004 CG:2    UG:1    +
    7   136  0   0.0%   0.494 UG:2    UA:1    +
    4    96  0   0.0%   0.115 GC:1    GU:2    +
   40    45  0   0.0%   0.002 GC:2    GU:1    +
   19   152  0   0.0%   0.407 GU:1    AU:2    +
   50   126  0   0.0%   0.315 UG:1    UA:2    +
  106   149  0   0.0%   0.653 GU:1    AU:2    +
   95   131  0   0.0%   0.415 GU:2    AU:1    +
   27   118  0   0.0%   0.870 UG:2    UA:1    +
    7    67  0   0.0%   0.047 UG:1    UA:2    +
   25   151  0   0.0%   0.769 GC:1    GU:2    +
  100   121  0   0.0%   0.701 CG:1    UG:2    +
   94   136  0   0.0%   0.160 UG:2    UA:1    +
   90   142  0   0.0%   0.012 GC:2    GU:1    +
   55   153  0   0.0%   0.190 AU:2    UA:1    +
   95   145  0   0.0%   0.253 GU:2    AU:1    +
   45   104  0   0.0%   0.381 CG:2    UG:1    +
   21    64  0   0.0%   0.045 GC:1    UA:2    +
  108   139  0   0.0%   0.814 UG:1    UA:2    +
  104   142  0   0.0%   0.902 GC:2    GU:1    +
    1    41  0   0.0%   0.075 UG:1    UA:2    +
   15    55  0   0.0%   0.379 AU:1    UA:2    +
  100   139  0   0.0%   0.544 CG:1    UA:2    +
  126   149  0   0.0%   0.538 GU:1    AU:2    +
   99   152  0   0.0%   0.790 GU:2    AU:1    +
   25    96  0   0.0%   0.829 GC:1    GU:2    +
  119   139  0   0.0%   0.375 UG:1    UA:2    +
    6    50  0   0.0%   0.092 GU:2    AU:1    +
  108   158  0   1.0%   1.356 UG:3    +
   13   114  0   1.0%   0.273 GC:3    +
   12    97  0   1.0%   0.793 AU:3    +
   14   113  0   1.0%   0.692 GC:3    +
   25   114  0   1.0%   1.053 GC:3    +
  104   119  0   0.9%   1.017 GU:3    +
  146   159  1   1.3%   1.181 UA:2    +
   74    79  1   1.3%   0.179 AU:2    +
  152   159  0   0.7%   1.196 UA:3    +
    5   153  1   1.2%   0.564 AU:2    +
    4   102  0   0.7%   0.223 GC:3    +
    9   121  0   0.7%   0.475 CG:3    +
   10   120  0   0.7%   0.352 AU:3    +
    7   132  0   0.7%   0.552 UA:3    +
  109   116  0   0.7%   0.526 UA:3    +
  145   160  0   0.7%   0.571 UG:3    +
   10   128  0   0.7%   0.538 AU:3    +
   11   119  0   0.7%   0.421 AU:3    +
  109   117  0   0.7%   0.783 UA:3    +
    8   131  0   0.7%   0.732 AU:3    +
  128   155  0   0.7%   0.876 UA:3    +
  108   117  0   0.7%   0.639 UA:3    +
    4   153  1   1.2%   0.477 GU:2    +
  113   121  0   0.6%   0.746 CG:3    +
  107   119  0   0.6%   0.453 AU:3    +
  148   159  0   0.6%   1.262 UA:3    +
  147   160  0   0.6%   0.897 CG:3    +
  149   158  0   0.6%   1.275 UG:3    +
  112   122  1   0.6%   0.397 CG:1    UG:1    +
  141   148  0   0.6%   0.976 AU:3    +
  140   149  0   0.6%   0.993 GU:3    +
    4     9  0   0.6%   0.086 GC:3    +
  100   123  1   1.0%   0.817 UA:2    +
  103   130  0   0.5%   0.565 AU:3    +
    6    17  1   1.0%   0.144 GC:2    +
    7   155  0   0.5%   0.653 UA:3    +
   11    98  0   0.5%   0.590 AU:3    +
   13   147  0   0.5%   0.291 GC:3    +
   11   128  0   0.5%   0.651 AU:3    +
   12   148  0   0.5%   0.608 AU:3    +
  107   128  0   0.5%   1.135 AU:3    +
    5    18  1   1.0%   0.138 AU:2    +
   13   161  0   0.5%   0.336 GC:3    +
  137   151  1   0.9%   0.946 AU:2    +
   16   158  0   0.4%   0.886 CG:3    +
   98   105  0   0.4%   1.082 UA:3    +
   15    22  1   0.9%   0.207 UA:2    +
   12   115  1   0.9%   0.558 AU:2    +
  116   120  0   0.4%   0.260 AU:3    +
  105   128  0   0.4%   0.775 AU:3    +
  114   122  0   0.4%   1.009 CG:3    +
    4   147  0   0.4%   0.360 GC:3    +
  109   155  0   0.4%   0.979 UA:3    +
   13   156  0   0.3%   0.558 GC:3    +
   20   117  0   0.3%   0.135 UA:3    +
   11   127  1   0.8%   0.475 AU:2    +
  105   131  0   0.3%   1.097 AU:3    +
    7   144  0   0.3%   0.537 UA:3    +
   13    23  0   0.3%   0.177 GC:3    +
    9    13  0   0.3%   0.091 CG:3    +
   99   112  1   0.3%   0.564 GC:1    GU:1    +
  128   134  0   0.3%   0.804 UA:3    +
  152   160  0   0.3%   0.858 UG:3    +
   11   149  0   0.3%   0.517 AU:3    +
   52    95  1   0.3%   0.079 CG:1    UG:1    +
  131   158  0   0.3%   1.129 UG:3    +
  104   128  0   0.3%   0.940 GU:3    +
   50   159  0   0.3%   0.718 UA:3    +
  130   155  0   0.3%   0.673 UA:3    +
  130   159  0   0.2%   0.978 UA:3    +
  156   160  0   0.2%   0.686 CG:3    +
  132   152  0   0.2%   0.656 AU:3    +
  129   133  0   0.2%   0.414 AU:3    +
    2   160  0   0.2%   1.017 CG:3    +
  131   159  0   0.2%   1.060 UA:3    +
  109   143  0   0.2%   0.911 UA:3    +
  108   144  0   0.2%   0.871 UA:3    +
    6   124  1   0.2%   0.368 GC:1    GU:1    +
  141   149  0   0.2%   0.966 AU:3    +
   13    17  0   0.2%   0.110 GC:3    +
   20   107  0   0.2%   0.102 UA:3    +
    9   158  0   0.2%   0.779 CG:3    +
  107   145  0   0.2%   0.589 AU:3    +
  129   152  0   0.2%   0.428 AU:3    +
   58    94  0   0.2%   0.508 AU:3    +
  128   157  0   0.2%   0.874 UA:3    +
  135   153  1   0.7%   0.802 AU:2    +
   53    94  0   0.2%   0.113 AU:3    +
    1   137  0   0.2%   0.630 UA:3    +
  104   147  0   0.2%   0.966 GC:3    +
    9   160  0   0.2%   0.466 CG:3    +
   19    54  1   0.2%   0.079 GC:1    AU:1    +
   19    52  1   0.2%   0.074 GC:1    AU:1    +
   16   110  0   0.2%   0.382 CG:3    +
  137   152  0   0.2%   0.679 AU:3    +
   20    53  0   0.2%   0.092 UA:3    +
  121   156  0   0.2%   1.011 GC:3    +
   20    51  0   0.2%   0.076 UA:3    +
    7   123  0   0.2%   0.310 UA:3    +
  103   148  0   0.2%   0.506 AU:3    +
    5   108  0   0.2%   0.242 AU:3    +
  120   157  0   0.2%   0.298 UA:3    +
  130   160  0   0.2%   0.678 UG:3    +
   14   156  0   0.2%   1.201 GC:3    +
  110   128  0   0.2%   1.488 GU:3    +
  131   157  0   0.1%   0.738 UA:3    +
   23   104  0   0.1%   0.550 CG:3    +
  131   155  0   0.1%   0.731 UA:3    +
  110   114  0   0.1%   0.775 GC:3    +
  128   159  0   0.1%   1.158 UA:3    +
    4   161  0   0.1%   0.713 GC:3    +
  134   152  0   0.1%   0.545 AU:3    +
  104   156  0   0.1%   1.250 GC:3    +
   53    97  0   0.1%   0.763 AU:3    +
  109   129  0   0.1%   1.093 UA:3    +
   16   140  0   0.1%   0.488 CG:3    +
  133   155  0   0.1%   0.571 UA:3    +
   17   110  0   0.1%   0.501 CG:3    +
   98   157  0   0.1%   0.816 UA:3    +
  130   137  0   0.1%   0.542 UA:3    +
   51    97  0   0.1%   0.380 AU:3    +
  133   157  0   0.1%   0.574 UA:3    +
   66    84  0   0.1%   0.022 AU:3    +
  103   108  0   0.1%   0.208 AU:3    +
    5    21  1   0.6%   0.143 AU:2    +
  152   157  0   0.1%   0.784 UA:3    +
   94   103  0   0.1%   0.161 UA:3    +
  123   152  0   0.1%   0.485 AU:3    +
   48    99  1   0.1%   0.332 CG:1    UG:1    +
  119   158  0   0.1%   0.839 UG:3    +
  153   158  1   0.6%   1.249 UG:2    +
  143   148  0   0.1%   0.659 AU:3    +
    4   109  0   0.1%   0.445 GU:3    +
    6   154  1   0.1%   0.738 GC:1    GU:1    +
   97   158  0   0.1%   1.007 UG:3    +
   97   107  0   0.1%   0.487 UA:3    +
    9   110  0   0.1%   0.527 CG:3    +
   59    93  0   0.1%   0.386 AU:3    +
   27   111  0   0.1%   0.801 UA:3    +
   24    50  1   0.6%   0.428 GU:2    +
    4   131  0   0.1%   0.308 GU:3    +
   10   109  0   0.1%   0.408 AU:3    +
   13    97  0   0.1%   0.465 GU:3    +
    2   140  0   0.1%   0.645 CG:3    +
  130   158  0   0.1%   1.032 UG:3    +
   26    50  0   0.1%   0.394 AU:3    +
   25   102  0   0.1%   0.683 GC:3    +
  102   122  0   0.1%   0.869 CG:3    +
    5   130  0   0.1%   0.116 AU:3    +
  120   155  0   0.1%   0.249 UA:3    +
  104   113  0   0.1%   0.913 GC:3    +
  101   133  0   0.1%   0.576 AU:3    +
    1   141  0   0.1%   0.623 UA:3    +
  120   143  0   0.1%   0.201 UA:3    +
   72    78  0   0.1%   0.015 UA:3    +
  119   144  0   0.1%   0.417 UA:3    +
   11   108  0   0.1%   0.458 AU:3    +
  104   114  0   0.1%   0.954 GC:3    +
   71    79  0   0.1%   0.015 GU:3    +
   12   152  0   0.1%   0.656 AU:3    +
   22    50  0   0.1%   0.073 AU:3    +
   97   104  0   0.1%   0.758 UG:3    +
    2    13  0   0.1%   0.014 CG:3    +
   98   110  0   0.1%   0.814 UG:3    +
  111   119  0   0.1%   0.555 AU:3    +
  101   109  0   0.1%   0.544 AU:3    +
  105   152  0   0.1%   0.742 AU:3    +
   98   103  0   0.1%   0.543 UA:3    +
  112   118  1   0.1%   0.311 CG:1    UG:1    +
   97   111  0   0.1%   0.626 UA:3    +
  114   160  0   0.1%   0.594 CG:3    +
    4    16  0   0.1%   0.042 GC:3    +
   12   127  1   0.6%   0.610 AU:2    +
  152   158  0   0.1%   1.181 UG:3    +
  128   158  0   0.1%   1.231 UG:3    +
   24    48  1   0.1%   0.343 GC:1    GU:1    +
   94   143  0   0.1%   0.163 UA:3    +
    2   122  0   0.1%   0.627 CG:3    +
    2   121  0   0.1%   0.619 CG:3    +
    8   119  0   0.1%   0.333 AU:3    +
  110   120  0   0.1%   0.595 GU:3    +
  104   161  0   0.1%   1.003 GC:3    +
    7   160  0   0.1%   0.628 UG:3    +
   47    52  1   0.1%   0.043 GC:1    GU:1    +
  131   140  0   0.1%   0.610 UG:3    +
   47    54  1   0.1%   0.037 GC:1    GU:1    +
   97   138  0   0.1%   0.605 UA:3    +
   17   158  0   0.1%   0.957 CG:3    +
   66    88  0   0.1%   0.024 AU:3    +
  128   135  0   0.1%   0.784 UA:3    +
   98   137  0   0.1%   0.802 UA:3    +
   14   161  0   0.1%   0.942 GC:3    +
    1   123  0   0.1%   0.601 UA:3    +
   12   145  0   0.1%   0.538 AU:3    +
  114   140  0   0.0%   0.549 CG:3    +
    8   130  0   0.0%   0.647 AU:3    +
  130   141  0   0.0%   0.543 UA:3    +
    7    22  0   0.0%   0.051 UA:3    +
  131   137  0   0.0%   0.602 UA:3    +
   97   137  0   0.0%   0.610 UA:3    +
  105   119  0   0.0%   0.778 AU:3    +
  137   149  0   0.0%   0.595 AU:3    +
   12   128  0   0.0%   0.726 AU:3    +
  143   149  0   0.0%   0.652 AU:3    +
  120   134  0   0.0%   0.254 UA:3    +
  122   161  0   0.0%   0.576 GC:3    +
   13    27  0   0.0%   0.071 GU:3    +
  119   135  0   0.0%   0.447 UA:3    +
    7    13  0   0.0%   0.017 UG:3    +
   98   143  0   0.0%   0.796 UA:3    +
    5   133  0   0.0%   0.266 AU:3    +
   93   144  0   0.0%   0.063 UA:3    +
  121   133  0   0.0%   0.707 GU:3    +
  130   157  0   0.0%   0.662 UA:3    +
  123   130  0   0.0%   0.816 AU:3    +
    8    98  0   0.0%   0.104 AU:3    +
   24    52  1   0.0%   0.384 GC:1    GU:1    +
   97   140  0   0.0%   0.625 UG:3    +
    6   156  1   0.5%   0.981 GC:2    +
  131   138  0   0.0%   0.584 UA:3    +
  108   150  0   0.0%   0.903 UA:3    +
   60    92  0   0.0%   0.027 CG:3    +
  141   145  0   0.0%   0.390 AU:3    +
   34    38  0   0.0%   0.009 UA:2    --:1    +
    9   140  0   0.0%   0.414 CG:3    +
    1   122  0   0.0%   0.595 UG:3    +
  144   148  0   0.0%   0.671 AU:3    +
   92   145  0   0.0%   0.058 GU:3    +
   53    93  0   0.0%   0.030 AU:3    +
  107   131  0   0.0%   1.052 AU:3    +
  130   138  0   0.0%   0.520 UA:3    +
  123   131  0   0.0%   0.869 AU:3    +
    8   152  0   0.0%   0.664 AU:3    +
  128   137  0   0.0%   0.717 UA:3    +
  123   128  0   0.0%   0.991 AU:3    +
   25    50  0   0.0%   0.445 GU:3    +
   97   144  0   0.0%   0.628 UA:3    +
    6    21  1   0.0%   0.123 GU:1    AU:1    +
  103   128  0   0.0%   0.535 AU:3    +
   14   147  0   0.0%   0.932 GC:3    +
  104   120  0   0.0%   0.772 GU:3    +
   13   148  0   0.0%   0.270 GU:3    +
  138   148  0   0.0%   0.609 AU:3    +
   97   103  0   0.0%   0.369 UA:3    +
  103   133  0   0.0%   0.561 AU:3    +
   93   104  0   0.0%   0.422 UG:3    +
  137   145  0   0.0%   0.095 AU:3    +
   11   130  0   0.0%   0.587 AU:3    +
   94   129  0   0.0%   0.312 UA:3    +
    9   104  0   0.0%   0.724 CG:3    +
   11   152  0   0.0%   0.544 AU:3    +
   10   131  0   0.0%   0.513 AU:3    +
  114   158  0   0.0%   0.965 CG:3    +
    4   119  0   0.0%   0.289 GU:3    +
   93   141  0   0.0%   0.053 UA:3    +
   13    50  0   0.0%   0.075 GU:3    +
   97   159  0   0.0%   0.987 UA:3    +
   98   107  0   0.0%   0.652 UA:3    +
   10    97  0   0.0%   0.010 AU:3    +
  108   159  0   0.0%   1.252 UA:3    +
   14   112  1   0.0%   0.559 GC:1    GU:1    +
   94   140  0   0.0%   0.171 UG:3    +
    4   133  0   0.0%   0.306 GU:3    +
   13    94  0   0.0%   0.079 GU:3    +
  119   123  0   0.0%   0.682 UA:3    +
  119   155  0   0.0%   0.438 UA:3    +
  109   121  0   0.0%   0.827 UG:3    +
   92   102  0   0.0%   0.320 GC:3    +
  122   131  0   0.0%   1.013 GU:3    +
   13   113  0   0.0%   0.141 GC:3    +
   93   101  0   0.0%   0.382 UA:3    +
  105   120  0   0.0%   0.568 AU:3    +
   50   103  0   0.0%   0.319 UA:3    +
  149   155  0   0.0%   0.762 UA:3    +
  131   150  0   0.0%   0.660 UA:3    +
   12    98  0   0.0%   0.692 AU:3    +
    1   157  0   0.0%   0.620 UA:3    +
  104   109  0   0.0%   1.007 GU:3    +
    1   150  0   0.0%   0.618 UA:3    +
  145   150  0   0.0%   0.692 UA:3    +
   56    94  0   0.0%   0.142 AU:3    +
  112   140  1   0.0%   0.091 CG:1    UG:1    +
   16    92  0   0.0%   0.190 CG:3    +
  128   143  0   0.0%   0.723 UA:3    +
    5   119  0   0.0%   0.102 AU:3    +
   25   112  1   0.0%   0.413 GC:1    GU:1    +
   98   158  0   0.0%   1.192 UG:3    +
   12    27  0   0.0%   0.019 AU:3    +
   13   102  0   0.0%   0.402 GC:3    +
   51    94  0   0.0%   0.078 AU:3    +
  131   135  0   0.0%   0.651 UA:3    +
    1   107  0   0.0%   0.445 UA:3    +
    7    12  0   0.0%   0.006 UA:3    +
  110   131  0   0.0%   1.353 GU:3    +
    4   120  0   0.0%   0.293 GU:3    +
   46    50  0   0.0%   0.327 AU:3    +
  109   123  0   0.0%   0.793 UA:3    +
  111   130  0   0.0%   0.684 AU:3    +
   13    20  0   0.0%   0.080 GU:3    +
  110   161  0   0.0%   1.017 GC:3    +
   12    50  0   0.0%   0.024 AU:3    +
   10   152  0   0.0%   0.425 AU:3    +
  130   135  0   0.0%   0.592 UA:3    +
  132   149  0   0.0%   0.196 AU:3    +
   20    26  0   0.0%   0.375 UA:3    +
   13   152  0   0.0%   0.336 GU:3    +
  109   158  0   0.0%   1.419 UG:3    +
   94   110  0   0.0%   0.330 UG:3    +
   12    29  0   0.0%   0.019 AU:3    +
  104   133  0   0.0%   1.016 GU:3    +
  102   158  0   0.0%   0.995 CG:3    +
  108   123  0   0.0%   0.715 UA:3    +
  121   161  0   0.0%   0.667 GC:3    +
    1   135  0   0.0%   0.598 UA:3    +
  143   152  0   0.0%   0.599 AU:3    +
    7    51  0   0.0%   0.049 UA:3    +
   14    57  0   0.0%   0.494 GC:3    +
    5    50  0   0.0%   0.085 AU:3    +
   77    81  0   0.0%   0.218 UA:3    +
   93   111  0   0.0%   0.196 UA:3    +
   12   149  0   0.0%   0.606 AU:3    +
   61    90  0   0.0%   0.006 CG:3    +
  109   132  0   0.0%   0.978 UA:3    +
    6    52  1   0.0%   0.095 GC:1    GU:1    +
  140   145  0   0.0%   0.392 GU:3    +
  105   109  0   0.0%   0.853 AU:3    +
   98   135  0   0.0%   0.846 UA:3    +
  130   144  0   0.0%   0.559 UA:3    +
   11   145  0   0.0%   0.436 AU:3    +
    8    50  0   0.0%   0.096 AU:3    +
    4   152  0   0.0%   0.325 GU:3    +
  131   143  0   0.0%   0.602 UA:3    +
    7   105  0   0.0%   0.635 UA:3    +
  133   159  0   0.0%   0.851 UA:3    +
  108   116  0   0.0%   0.349 UA:3    +
   92   112  1   0.0%   0.029 GC:1    GU:1    +
   10   130  0   0.0%   0.488 AU:3    +
    4    17  0   0.0%   0.036 GC:3    +
    7   159  0   0.0%   0.933 UA:3    +
  119   129  0   0.0%   0.587 UA:3    +
   16   160  0   0.0%   0.522 CG:3    +
  129   145  0   0.0%   0.293 AU:3    +
  102   140  0   0.0%   0.621 CG:3    +
  122   147  0   0.0%   0.545 GC:3    +
    5   128  0   0.0%   0.102 AU:3    +
   22   119  0   0.0%   0.348 AU:3    +
  117   128  0   0.0%   0.943 AU:3    +
    1   160  0   0.0%   0.952 UG:3    +
    7   107  0   0.0%   0.276 UA:3    +
   97   110  0   0.0%   0.636 UG:3    +
    1   158  0   0.0%   0.620 UG:3    +
  111   152  0   0.0%   0.337 AU:3    +
  108   122  0   0.0%   0.665 UG:3    +
  117   131  0   0.0%   0.815 AU:3    +
   54    99  1   0.0%   0.683 CG:1    UG:1    +
  140   148  0   0.0%   0.923 GU:3    +
  111   120  0   0.0%   0.331 AU:3    +
  109   159  0   0.0%   1.356 UA:3    +
    4   128  0   0.0%   0.292 GU:3    +
  130   150  0   0.0%   0.598 UA:3    +
  113   160  0   0.0%   0.543 CG:3    +
    8   133  0   0.0%   0.554 AU:3    +
    7    14  0   0.0%   0.009 UG:3    +
  108   157  0   0.0%   0.841 UA:3    +
  121   148  0   0.0%   0.633 GU:3    +
    7   134  0   0.0%   0.484 UA:3    +
  119   141  0   0.0%   0.390 UA:3    +
  128   160  0   0.0%   0.850 UG:3    +
  119   150  0   0.0%   0.450 UA:3    +
    1   103  0   0.0%   0.078 UA:3    +
   14   102  0   0.0%   0.820 GC:3    +
    5    97  0   0.0%   0.086 AU:3    +
  117   152  0   0.0%   0.421 AU:3    +
  120   140  0   0.0%   0.196 UG:3    +
    5    20  0   0.0%   0.053 AU:3    +
  109   122  0   0.0%   0.743 UG:3    +
   98   111  0   0.0%   0.791 UA:3    +
  121   128  0   0.0%   1.222 GU:3    +
   20   135  0   0.0%   0.329 UA:3    +
  128   138  0   0.0%   0.701 UA:3    +
    5   109  0   0.0%   0.252 AU:3    +
  131   160  0   0.0%   0.730 UG:3    +
   98   155  0   0.0%   0.821 UA:3    +
    1   155  0   0.0%   0.617 UA:3    +
  133   138  0   0.0%   0.177 UA:3    +
  108   160  0   0.0%   0.936 UG:3    +
    6   127  1   0.0%   0.344 GU:1    AU:1    +
  104   112  1   0.0%   0.637 GC:1    GU:1    +
    4    98  0   0.0%   0.118 GU:3    +
   72    80  0   0.0%   0.008 UA:3    +
   14    93  0   0.0%   0.495 GU:3    +
   98   116  0   0.0%   0.645 UA:3    +
  128   132  0   0.0%   0.786 UA:3    +
   13   128  0   0.0%   0.409 GU:3    +
   22   133  0   0.0%   0.122 AU:3    +
  120   129  0   0.0%   0.386 UA:3    +
   10    20  0   0.0%   0.039 AU:3    +
   14    20  0   0.0%   0.128 GU:3    +
  130   134  0   0.0%   0.600 UA:3    +
   14    60  0   0.0%   0.493 GC:3    +
   13    61  0   0.0%   0.073 GC:3    +
  105   133  0   0.0%   0.742 AU:3    +
   17   160  0   0.0%   0.608 CG:3    +
   98   138  0   0.0%   0.787 UA:3    +
  140   161  0   0.0%   0.453 GC:3    +
   50   157  0   0.0%   0.323 UA:3    +
  107   152  0   0.0%   0.669 AU:3    +
   97   117  0   0.0%   0.670 UA:3    +
    5   120  0   0.0%   0.104 AU:3    +
   69    89  0   0.0%   0.005 CG:3    +
   68    90  0   0.0%   0.007 CG:3    +
   12    20  0   0.0%   0.051 AU:3    +
   11   131  0   0.0%   0.606 AU:3    +
  144   149  0   0.0%   0.660 AU:3    +
  102   160  0   0.0%   0.660 CG:3    +
   48    95  1   0.0%   0.091 CG:1    UG:1    +
  101   128  0   0.0%   0.590 AU:3    +
   13   130  0   0.0%   0.364 GU:3    +
    1    14  0   0.0%   0.003 UG:3    +
  101   108  0   0.0%   0.529 AU:3    +
    7   116  0   0.0%   0.275 UA:3    +
   12   131  0   0.0%   0.699 AU:3    +
  116   149  0   0.0%   0.152 AU:3    +
   56    97  0   0.0%   0.375 AU:3    +
  104   152  0   0.0%   1.008 GU:3    +
   12   130  0   0.0%   0.679 AU:3    +
  103   152  0   0.0%   0.551 AU:3    +
    6   153  1   0.0%   0.756 GU:1    AU:1    +
  117   148  0   0.0%   0.348 AU:3    +
   65    88  0   0.0%   0.006 AU:3    +
   17   104  0   0.0%   0.673 CG:3    +
   14    97  0   0.0%   0.879 GU:3    +
   11    20  0   0.0%   0.040 AU:3    +
   33   104  0   0.0%   0.381 CG:3    +
   69    86  0   0.0%   0.005 CG:3    +
   32   105  0   0.0%   0.366 UA:3    +
   97   101  0   0.0%   0.711 UA:3    +
    1   134  0   0.0%   0.596 UA:3    +
   51    93  0   0.0%   0.021 AU:3    +
   17    92  0   0.0%   0.306 CG:3    +
  107   133  0   0.0%   0.657 AU:3    +
   30   107  0   0.0%   0.019 UA:3    +
  128   150  0   0.0%   0.777 UA:3    +
    1     5  0   0.0%   0.001 UA:3    +
   95   112  1   0.0%   0.222 GC:1    GU:1    +
  133   158  0   0.0%   0.929 UG:3    +
  123   133  0   0.0%   0.470 AU:3    +
   53   109  0   0.0%   0.689 AU:3    +
    7    11  0   0.0%   0.002 UA:3    +
   48   106  1   0.0%   0.117 CG:1    UA:1    +
  108   132  0   0.0%   0.920 UA:3    +
  128   140  0   0.0%   0.724 UG:3    +
   72    86  0   0.0%   0.078 UG:3    +
  135   149  0   0.0%   0.638 AU:3    +
   16   104  0   0.0%   0.556 CG:3    +
   34   103  0   0.0%   0.084 UA:3    +
   25   156  0   0.0%   0.987 GC:3    +
  129   149  0   0.0%   0.312 AU:3    +
   11    30  0   0.0%   0.004 AU:3    +
   20   116  0   0.0%   0.077 UA:3    +
   23   158  0   0.0%   0.545 CG:3    +
  116   128  0   0.0%   0.739 AU:3    +
  133   137  0   0.0%   0.196 UA:3    +
  133   141  0   0.0%   0.190 UA:3    +
   26   108  0   0.0%   0.495 AU:3    +
    7   158  0   0.0%   0.942 UG:3    +
   17   140  0   0.0%   0.586 CG:3    +
   37    98  0   0.0%   0.263 AU:3    +
  119   160  0   0.0%   0.449 UG:3    +
   10   148  0   0.0%   0.340 AU:3    +
    5   148  0   0.0%   0.292 AU:3    +
  121   131  0   0.0%   1.093 GU:3    +
    4   149  0   0.0%   0.320 GU:3    +
    7   157  0   0.0%   0.602 UA:3    +
  149   157  0   0.0%   0.818 UA:3    +
   63    90  0   0.0%   0.027 UG:3    +
   26   152  0   0.0%   0.451 AU:3    +
  133   144  0   0.0%   0.207 UA:3    +
    8    94  0   0.0%   0.094 AU:3    +
  122   156  0   0.0%   0.902 GC:3    +
   63    89  0   0.0%   0.025 UG:3    +
  110   147  0   0.0%   0.900 GC:3    +
  137   148  0   0.0%   0.571 AU:3    +
   65    93  0   0.0%   0.027 AU:3    +
    1   104  0   0.0%   0.077 UG:3    +
   50   158  0   0.0%   0.699 UG:3    +
  120   132  0   0.0%   0.275 UA:3    +
   12    94  0   0.0%   0.020 AU:3    +
   94   138  0   0.0%   0.149 UA:3    +
    4   130  0   0.0%   0.291 GU:3    +
  112   160  1   0.0%   0.127 CG:1    UG:1    +
  132   145  0   0.0%   0.173 AU:3    +
  140   156  0   0.0%   0.785 GC:3    +
   38    97  0   0.0%   0.331 AU:2    --:1    +
   20   155  0   0.0%   0.361 UA:3    +
   46    98  0   0.0%   0.537 AU:3    +
  109   134  0   0.0%   0.947 UA:3    +
    8    20  0   0.0%   0.124 AU:3    +
   58    93  0   0.0%   0.370 AU:3    +
    7   117  0   0.0%   0.275 UA:3    +
  101   119  0   0.0%   0.637 AU:3    +
   11   148  0   0.0%   0.438 AU:3    +
    1    12  0   0.0%   0.002 UA:3    +
  111   128  0   0.0%   0.860 AU:3    +
   27   107  0   0.0%   0.642 UA:3    +
  112   121  1   0.0%   0.386 CG:1    UG:1    +
  120   159  0   0.0%   0.569 UA:3    +
  108   135  0   0.0%   0.883 UA:3    +
  110   133  0   0.0%   0.958 GU:3    +
    1   129  0   0.0%   0.594 UA:3    +
  145   159  0   0.0%   0.784 UA:3    +
    7   141  0   0.0%   0.488 UA:3    +
   97   122  0   0.0%   0.719 UG:3    +
    9    25  0   0.0%   0.213 CG:3    +
    7   111  0   0.0%   0.418 UA:3    +
  122   130  0   0.0%   0.958 GU:3    +
    9    92  0   0.0%   0.133 CG:3    +
    6   142  1   0.0%   0.536 GC:1    GU:1    +
   11    27  0   0.0%   0.004 AU:3    +
   23   110  0   0.0%   0.343 CG:3    +
  130   140  0   0.0%   0.540 UG:3    +
   26   109  0   0.0%   0.503 AU:3    +
   50   105  0   0.0%   0.678 UA:3    +
    7   103  0   0.0%   0.272 UA:3    +
   10   149  0   0.0%   0.371 AU:3    +
  113   140  0   0.0%   0.504 CG:3    +
   98   121  0   0.0%   0.919 UG:3    +
  128   141  0   0.0%   0.716 UA:3    +
   26   130  0   0.0%   0.513 AU:3    +
   13    93  0   0.0%   0.072 GU:3    +
   14   114  0   0.0%   0.646 GC:3    +
   25   131  0   0.0%   0.879 GU:3    +
  116   131  0   0.0%   0.610 AU:3    +
  122   128  0   0.0%   1.137 GU:3    +
    1    10  0   0.0%   0.002 UA:3    +
   13   131  0   0.0%   0.384 GU:3    +
  133   140  0   0.0%   0.197 UG:3    +
    9   122  0   0.0%   0.407 CG:3    +
   13    98  0   0.0%   0.395 GU:3    +
  135   145  0   0.0%   0.150 AU:3    +
    4    97  0   0.0%   0.116 GU:3    +
   61    92  0   0.0%   0.023 CG:3    +
   23   160  0   0.0%   0.199 CG:3    +
   27   110  0   0.0%   0.809 UG:3    +
  117   130  0   0.0%   0.763 AU:3    +
   25    97  0   0.0%   0.727 GU:3    +
    6    15  1   0.0%   0.005 GU:1    AU:1    +
    1   132  0   0.0%   0.594 UA:3    +
  103   149  0   0.0%   0.507 AU:3    +
   29    51  0   0.0%   0.021 UA:3    +
   20   137  0   0.0%   0.338 UA:3    +
   46    97  0   0.0%   0.602 AU:3    +
  110   149  0   0.0%   0.907 GU:3    +
  113   158  0   0.0%   0.921 CG:3    +
   27    51  0   0.0%   0.644 UA:3    +
  108   155  0   0.0%   0.865 UA:3    +
  109   150  0   0.0%   0.953 UA:3    +
  122   152  0   0.0%   0.612 GU:3    +
   48   126  1   0.0%   0.104 CG:1    UA:1    +
    7   121  0   0.0%   0.279 UG:3    +
  104   148  0   0.0%   0.952 GU:3    +
  101   130  0   0.0%   0.542 AU:3    +
   94   137  0   0.0%   0.159 UA:3    +
   14   152  0   0.0%   0.990 GU:3    +
   14    50  0   0.0%   0.493 GU:3    +
    8    93  0   0.0%   0.093 AU:3    +
   27    53  0   0.0%   0.646 UA:3    +
   50    56  0   0.0%   0.054 UA:3    +
  144   152  0   0.0%   0.608 AU:3    +
  119   159  0   0.0%   0.764 UA:3    +
    1     8  0   0.0%   0.001 UA:3    +
   94   101  0   0.0%   0.488 UA:3    +
   50   129  0   0.0%   0.474 UA:3    +
  101   149  0   0.0%   0.511 AU:3    +
   94   107  0   0.0%   0.159 UA:3    +
  119   137  0   0.0%   0.385 UA:3    +
   20   105  0   0.0%   0.426 UA:3    +
   51   128  0   0.0%   0.534 AU:3    +
    8   120  0   0.0%   0.327 AU:3    +
  112   158  1   0.0%   0.507 CG:1    UG:1    +
   10    94  0   0.0%   0.003 AU:3    +
   27   129  0   0.0%   0.794 UA:3    +
  149   159  0   0.0%   1.161 UA:3    +
   13    57  0   0.0%   0.071 GC:3    +
  110   152  0   0.0%   0.967 GU:3    +
   97   116  0   0.0%   0.476 UA:3    +
   93   107  0   0.0%   0.046 UA:3    +
  121   130  0   0.0%   1.043 GU:3    +
   92   161  0   0.0%   0.092 GC:3    +
   23    92  0   0.0%   0.154 CG:3    +
   93   160  0   0.0%   0.096 UG:3    +
   77    82  0   0.0%   0.023 UA:3    +
  119   132  0   0.0%   0.475 UA:3    +
   10    31  0   0.0%   0.003 AU:3    +
   22    93  0   0.0%   0.058 AU:3    +
   20   138  0   0.0%   0.327 UA:3    +
   12   108  0   0.0%   0.574 AU:3    +
    7   122  0   0.0%   0.282 UG:3    +
   94   141  0   0.0%   0.166 UA:3    +
   97   134  0   0.0%   0.517 UA:3    +
   20   157  0   0.0%   0.333 UA:3    +
  111   148  0   0.0%   0.263 AU:3    +
   97   157  0   0.0%   0.608 UA:3    +
   92   108  0   0.0%   0.178 GU:3    +
  105   148  0   0.0%   0.675 AU:3    +
  104   149  0   0.0%   0.962 GU:3    +
   94   159  0   0.0%   0.526 UA:3    +
    8   148  0   0.0%   0.528 AU:3    +
    6    18  1   0.0%   0.095 GU:1    AU:1    +
   14   130  0   0.0%   1.028 GU:3    +
   94   157  0   0.0%   0.161 UA:3    +
  101   152  0   0.0%   0.554 AU:3    +
  120   158  0   0.0%   0.637 UG:3    +
   46   128  0   0.0%   0.493 AU:3    +
  131   141  0   0.0%   0.598 UA:3    +
   98   132  0   0.0%   0.728 UA:3    +
   20    25  0   0.0%   0.360 UG:3    +
   10    27  0   0.0%   0.003 AU:3    +
    2    14  0   0.0%   0.006 CG:3    +
   22   152  0   0.0%   0.187 AU:3    +
   34   101  0   0.0%   0.301 UA:3    +
  120   135  0   0.0%   0.242 UA:3    +
   11   109  0   0.0%   0.472 AU:3    +
   58    98  0   0.0%   0.877 AU:3    +
   14   145  0   0.0%   0.887 GU:3    +
   90   147  0   0.0%   0.054 GC:3    +
   19    48  1   0.0%   0.042 GC:1    AU:1    +
  148   155  0   0.0%   0.767 UA:3    +
  133   160  0   0.0%   0.531 UG:3    +
   65    84  0   0.0%   0.000 AU:3    +
   20   150  0   0.0%   0.400 UA:3    +
    7   104  0   0.0%   0.636 UG:3    +
  107   120  0   0.0%   0.200 AU:3    +
   98   129  0   0.0%   0.855 UA:3    +
   10   119  0   0.0%   0.248 AU:3    +
   25   109  0   0.0%   0.569 GU:3    +
   92   156  0   0.0%   0.329 GC:3    +
   51   131  0   0.0%   0.509 AU:3    +
   13   145  0   0.0%   0.215 GU:3    +
  103   119  0   0.0%   0.520 AU:3    +
  134   148  0   0.0%   0.169 AU:3    +
   89   148  0   0.0%   0.049 GU:3    +
   50   132  0   0.0%   0.350 UA:3    +
    1    11  0   0.0%   0.001 UA:3    +
   98   159  0   0.0%   1.171 UA:3    +
  148   158  0   0.0%   1.248 UG:3    +
   97   129  0   0.0%   0.677 UA:3    +
   50   160  0   0.0%   0.388 UG:3    +
    1   110  0   0.0%   0.442 UG:3    +
  109   160  0   0.0%   1.038 UG:3    +
   60    89  0   0.0%   0.001 CG:3    +
   50   110  0   0.0%   0.496 UG:3    +
  119   157  0   0.0%   0.467 UA:3    +
  116   133  0   0.0%   0.215 AU:3    +
   57   110  0   0.0%   0.207 CG:3    +
   51   109  0   0.0%   0.480 AU:3    +
   25   152  0   0.0%   0.796 GU:3    +
   27   159  0   0.0%   0.990 UA:3    +
   93   155  0   0.0%   0.072 UA:3    +
  111   131  0   0.0%   0.732 AU:3    +
   50   111  0   0.0%   0.476 UA:3    +
   40    97  0   0.0%   0.328 GU:3    +
   11   120  0   0.0%   0.386 AU:3    +
   50   104  0   0.0%   0.700 UG:3    +
   24    54  1   0.0%   0.372 GC:1    GU:1    +
    4    33  0   0.0%   0.114 GC:3    +
    5    32  0   0.0%   0.081 AU:3    +
   58   109  0   0.0%   0.526 AU:3    +
   50    58  0   0.0%   0.052 UA:3    +
   52   126  1   0.0%   0.184 CG:1    UA:1    +
  123   145  0   0.0%   0.379 AU:3    +
   93   129  0   0.0%   0.192 UA:3    +
   94   105  0   0.0%   0.507 UA:3    +
    1   138  0   0.0%   0.607 UA:3    +
   92   131  0   0.0%   0.217 GU:3    +
    7   135  0   0.0%   0.483 UA:3    +
  121   147  0   0.0%   0.634 GC:3    +
   50   155  0   0.0%   0.348 UA:3    +
   11    93  0   0.0%   0.004 AU:3    +
  120   137  0   0.0%   0.184 UA:3    +
  140   152  0   0.0%   0.927 GU:3    +
   27   157  0   0.0%   0.640 UA:3    +
   92   130  0   0.0%   0.197 GU:3    +
    3    55  1   0.0%   0.081 AU:1    UA:1    +
  119   138  0   0.0%   0.371 UA:3    +
   97   160  0   0.0%   0.670 UG:3    +
   46    94  0   0.0%   0.329 AU:3    +
   25   108  0   0.0%   0.561 GU:3    +
   50   134  0   0.0%   0.317 UA:3    +
   39    98  0   0.0%   0.340 AU:3    +
  108   137  0   0.0%   0.827 UA:3    +
   17   122  0   0.0%   0.832 CG:3    +
   10   145  0   0.0%   0.339 AU:3    +
   93   138  0   0.0%   0.033 UA:3    +
  148   160  0   0.0%   0.888 UG:3    +
    7   143  0   0.0%   0.482 UA:3    +
   14   128  0   0.0%   1.073 GU:3    +
  121   152  0   0.0%   0.703 GU:3    +
    8    29  0   0.0%   0.091 AU:3    +
   94   134  0   0.0%   0.150 UA:3    +
   51   133  0   0.0%   0.360 AU:3    +
    5    98  0   0.0%   0.085 AU:3    +
  133   143  0   0.0%   0.190 UA:3    +
  149   160  0   0.0%   0.819 UG:3    +
   31    43  0   0.0%   0.004 UA:3    +
   52   106  1   0.0%   0.197 CG:1    UA:1    +
   39    97  0   0.0%   0.405 AU:3    +
   25   147  0   0.0%   0.736 GC:3    +
   11    50  0   0.0%   0.006 AU:3    +
   13    29  0   0.0%   0.064 GU:3    +
  129   148  0   0.0%   0.303 AU:3    +
    7    35  0   0.0%   0.043 UA:3    +
   12   119  0   0.0%   0.516 AU:3    +
    4   114  0   0.0%   0.283 GC:3    +
    8    34  0   0.0%   0.092 AU:3    +
  119   134  0   0.0%   0.445 UA:3    +
   30    42  0   0.0%   0.001 UA:3    +
   30    44  0   0.0%   0.004 UA:3    +
    5   149  0   0.0%   0.275 AU:3    +
   59    97  0   0.0%   0.704 AU:3    +
   71    77  0   0.0%   0.000 GU:3    +
   97   132  0   0.0%   0.550 UA:3    +
   94   155  0   0.0%   0.188 UA:3    +
   32    42  0   0.0%   0.003 UA:3    +
  109   135  0   0.0%   0.938 UA:3    +
  141   152  0   0.0%   0.903 AU:3    +
   14    98  0   0.0%   0.813 GU:3    +
   20   159  0   0.0%   0.683 UA:3    +
   98   117  0   0.0%   0.836 UA:3    +
   63    86  0   0.0%   0.000 UG:3    +
   20   132  0   0.0%   0.361 UA:3    +
   71    84  0   0.0%   0.025 GU:3    +
    7    26  0   0.0%   0.116 UA:3    +
    5   145  0   0.0%   0.254 AU:3    +
  130   143  0   0.0%   0.539 UA:3    +
  116   148  0   0.0%   0.140 AU:3    +
   29    43  0   0.0%   0.002 UA:3    +
   12    30  0   0.0%   0.017 AU:3    +
   11    94  0   0.0%   0.004 AU:3    +
  131   144  0   0.0%   0.616 UA:3    +
   14   131  0   0.0%   1.047 GU:3    +
    1    13  0   0.0%   0.002 UG:3    +
  123   148  0   0.0%   0.393 AU:3    +
   93   105  0   0.0%   0.394 UA:3    +
   93   110  0   0.0%   0.213 UG:3    +
   94   104  0   0.0%   0.532 UG:3    +
   65    72  0   0.0%   0.000 AU:3    +
   57   160  0   0.0%   0.082 CG:3    +
   17    90  0   0.0%   0.302 CG:3    +
   26    97  0   0.0%   0.665 AU:3    +
  109   140  0   0.0%   0.887 UG:3    +
  108   141  0   0.0%   0.830 UA:3    +
   20   101  0   0.0%   0.283 UA:3    +
   25   161  0   0.0%   0.729 GC:3    +
    4    20  0   0.0%   0.035 GU:3    +
   45    99  1   0.0%   0.225 CG:1    UG:1    +
  108   134  0   0.0%   0.890 UA:3    +
   34    40  0   0.0%   0.081 UG:3    +
   12    93  0   0.0%   0.019 AU:3    +
   27   101  0   0.0%   0.847 UA:3    +
   10   133  0   0.0%   0.363 AU:3    +
   98   140  0   0.0%   0.805 UG:3    +
   20    87  0   0.0%   0.063 UA:3    +
   72    87  0   0.0%   0.098 UA:3    +
   48   125  1   0.0%   0.103 CG:1    UA:1    +
   27   155  0   0.0%   0.667 UA:3    +
   28    48  1   0.0%   0.089 GC:1    GU:1    +
   51   152  0   0.0%   0.426 AU:3    +
   20   144  0   0.0%   0.345 UA:3    +
   94   111  0   0.0%   0.307 UA:3    +
   11    31  0   0.0%   0.004 AU:3    +
   26    98  0   0.0%   0.600 AU:3    +
   97   141  0   0.0%   0.618 UA:3    +
  110   119  0   0.0%   0.805 GU:3    +
  108   143  0   0.0%   0.815 UA:3    +
   13   149  0   0.0%   0.287 GU:3    +
  128   144  0   0.0%   0.737 UA:3    +
   11   133  0   0.0%   0.457 AU:3    +
   22    27  0   0.0%   0.404 AU:3    +
   29   107  0   0.0%   0.018 UA:3    +
   93   158  0   0.0%   0.426 UG:3    +
   16    90  0   0.0%   0.185 CG:3    +
   17    89  0   0.0%   0.302 CG:3    +
   25   130  0   0.0%   0.859 GU:3    +
   90   102  0   0.0%   0.297 GC:3    +
   22   109  0   0.0%   0.220 AU:3    +
  109   137  0   0.0%   0.883 UA:3    +
   50   150  0   0.0%   0.388 UA:3    +
  110   130  0   0.0%   1.299 GU:3    +
   50   107  0   0.0%   0.329 UA:3    +
   93   135  0   0.0%   0.035 UA:3    +
    8    97  0   0.0%   0.095 AU:3    +
    1   101  0   0.0%   0.075 UA:3    +
   20   111  0   0.0%   0.231 UA:3    +
   57   158  0   0.0%   0.412 CG:3    +
    7   137  0   0.0%   0.493 UA:3    +
   90   113  0   0.0%   0.286 GC:3    +
   89   114  0   0.0%   0.325 GC:3    +
   10    32  0   0.0%   0.003 AU:3    +
   57    89  0   0.0%   0.002 CG:3    +
   59   108  0   0.0%   0.510 AU:3    +
   13   108  0   0.0%   0.280 GU:3    +
   12   109  0   0.0%   0.593 AU:3    +
   58    88  0   0.0%   0.000 AU:3    +
    4    50  0   0.0%   0.114 GU:3    +
   25    98  0   0.0%   0.661 GU:3    +
    4   112  1   0.0%   0.283 GC:1    GU:1    +
   60    86  0   0.0%   0.001 CG:3    +
   25   120  0   0.0%   0.731 GU:3    +
   63    92  0   0.0%   0.044 UG:3    +
   20   160  0   0.0%   0.362 UG:3    +
   52   125  1   0.0%   0.184 CG:1    UA:1    +
   26   119  0   0.0%   0.610 AU:3    +
   13   133  0   0.0%   0.234 GU:3    +
  134   145  0   0.0%   0.158 AU:3    +
   62    84  0   0.0%   0.000 AU:3    +
   45    95  1   0.0%   0.004 CG:1    UG:1    +
  105   149  0   0.0%   0.684 AU:3    +
   62    93  0   0.0%   0.029 AU:3    +
   26   131  0   0.0%   0.533 AU:3    +
   22    97  0   0.0%   0.383 AU:3    +
   29   155  0   0.0%   0.037 UA:3    +
   27   160  0   0.0%   0.669 UG:3    +
  108   138  0   0.0%   0.814 UA:3    +
    7    53  0   0.0%   0.047 UA:3    +
   50    59  0   0.0%   0.053 UA:3    +
   43    97  0   0.0%   0.329 AU:3    +
   71    88  0   0.0%   0.019 GU:3    +
   46   131  0   0.0%   0.468 AU:3    +
    4   113  0   0.0%   0.283 GC:3    +
    8   145  0   0.0%   0.529 AU:3    +
  112   136  1   0.0%   0.105 CG:1    UG:1    +
   27   150  0   0.0%   0.707 UA:3    +
   48   136  1   0.0%   0.116 CG:1    UG:1    +
   20   141  0   0.0%   0.340 UA:3    +
   56   108  0   0.0%   0.182 AU:3    +
  116   152  0   0.0%   0.212 AU:3    +
    6    54  1   0.0%   0.092 GC:1    GU:1    +
   31   105  0   0.0%   0.365 UA:3    +
   50   135  0   0.0%   0.317 UA:3    +
   51   149  0   0.0%   0.383 AU:3    +
   12   133  0   0.0%   0.550 AU:3    +
   46   109  0   0.0%   0.439 AU:3    +
  122   149  0   0.0%   0.549 GU:3    +
   29   111  0   0.0%   0.165 UA:3    +
   22   131  0   0.0%   0.269 AU:3    +
   22    98  0   0.0%   0.318 AU:3    +
   44    93  0   0.0%   0.003 AU:3    +
   50   138  0   0.0%   0.315 UA:3    +
   92   113  0   0.0%   0.306 GC:3    +
   53   152  0   0.0%   0.635 AU:3    +
   10    50  0   0.0%   0.005 AU:3    +
   28   112  1   0.0%   0.006 GC:1    AU:1    +
   78    84  0   0.0%   0.027 AU:3    +
    4    69  0   0.0%   0.115 GC:3    +
    3    70  1   0.0%   0.081 AU:1    UA:1    +
   42    98  0   0.0%   0.264 AU:3    +
    2    71  0   0.0%   0.085 CG:3    +
   50   123  0   0.0%   0.584 UA:3    +
   50   137  0   0.0%   0.326 UA:3    +
   26   128  0   0.0%   0.558 AU:3    +
  120   138  0   0.0%   0.170 UA:3    +
  111   133  0   0.0%   0.338 AU:3    +
    8   109  0   0.0%   0.472 AU:3    +
  109   138  0   0.0%   0.870 UA:3    +
   43    94  0   0.0%   0.057 AU:3    +
   20   158  0   0.0%   0.708 UG:3    +
   20    56  0   0.0%   0.064 UA:3    +
   46   152  0   0.0%   0.385 AU:3    +
   22   120  0   0.0%   0.122 AU:3    +
   16   121  0   0.0%   0.238 CG:3    +
   48   139  1   0.0%   0.103 CG:1    UA:1    +
  101   120  0   0.0%   0.412 AU:3    +
    7   110  0   0.0%   0.429 UG:3    +
  120   160  0   0.0%   0.254 UG:3    +
  117   145  0   0.0%   0.327 AU:3    +
   36    40  0   0.0%   0.000 CG:3    +
   93   132  0   0.0%   0.068 UA:3    +
  132   148  0   0.0%   0.183 AU:3    +
    2    40  0   0.0%   0.085 CG:3    +
   23   140  0   0.0%   0.180 CG:3    +
   38    98  0   0.0%   0.265 AU:2    --:1    +
   98   123  0   0.0%   0.892 UA:3    +
   33   158  0   0.0%   0.382 CG:3    +
  117   133  0   0.0%   0.418 AU:3    +
   29    53  0   0.0%   0.022 UA:3    +
   26   133  0   0.0%   0.384 AU:3    +
   25    60  0   0.0%   0.400 GC:3    +
   32    40  0   0.0%   0.000 UG:3    +
   92   133  0   0.0%   0.068 GU:3    +
   20   104  0   0.0%   0.432 UG:3    +
   32   159  0   0.0%   0.358 UA:3    +
   14   133  0   0.0%   0.898 GU:3    +
   14   148  0   0.0%   0.927 GU:3    +
    1    22  0   0.0%   0.002 UA:3    +
   34   157  0   0.0%   0.087 UA:3    +
   14   149  0   0.0%   0.946 GU:3    +
  120   150  0   0.0%   0.248 UA:3    +
   22    63  0   0.0%   0.057 AU:3    +
    1   140  0   0.0%   0.607 UG:3    +
  116   130  0   0.0%   0.560 AU:3    +
   32   104  0   0.0%   0.380 UG:3    +
   13   112  1   0.0%   0.136 GC:1    GU:1    +
   62    94  0   0.0%   0.138 AU:3    +
   46   108  0   0.0%   0.431 AU:3    +
    8    27  0   0.0%   0.091 AU:3    +
   20   103  0   0.0%   0.065 UA:3    +
  122   133  0   0.0%   0.617 GU:3    +
   27   132  0   0.0%   0.669 UA:3    +
   27   158  0   0.0%   1.015 UG:3    +
    1   143  0   0.0%   0.613 UA:3    +
  110   148  0   0.0%   0.896 GU:3    +
   97   123  0   0.0%   0.725 UA:3    +
   93   137  0   0.0%   0.044 UA:3    +
   22   128  0   0.0%   0.295 AU:3    +
   92    98  0   0.0%   0.535 GU:3    +
   97   155  0   0.0%   0.635 UA:3    +
  110   115  1   0.5%   0.616 GU:2    +
  153   159  1   0.5%   1.212 UA:2    +
   96   136  1   0.5%   0.992 UG:2    +
   15   159  1   0.4%   1.066 UA:2    +
   47   102  1   0.4%   0.361 GC:2    +
   47   161  1   0.4%   0.153 GC:2    +
  129   153  1   0.4%   0.485 AU:2    +
  100   111  1   0.4%   0.615 UA:2    +
   21   116  1   0.4%   0.119 UA:2    +
    5   146  1   0.4%   0.315 AU:2    +
  115   121  1   0.4%   0.739 UG:2    +
    8    18  1   0.3%   0.171 AU:2    +
   22   115  1   0.3%   0.155 AU:2    +
    3   148  1   0.3%   0.296 AU:2    +
  111   153  1   0.3%   0.393 AU:2    +
  105   153  1   0.2%   0.787 AU:2    +
   14   146  1   0.2%   0.929 GU:2    +
  106   127  1   0.2%   0.267 AU:2    +
  127   135  1   0.2%   0.618 UA:2    +
    2   136  1   0.2%   0.652 CG:2    +
   57    95  1   0.2%   0.233 CG:2    +
  127   155  1   0.2%   0.628 UA:2    +
   15   111  1   0.2%   0.560 UA:2    +
   96   107  1   0.2%   0.935 UA:2    +
  135   151  1   0.2%   0.795 AU:2    +
   12    18  1   0.2%   0.097 AU:2    +
   21   106  1   0.1%   0.079 UA:2    +
   76    80  1   0.1%   0.107 UA:2    +
   95   102  1   0.1%   0.522 GC:2    +
  105   127  1   0.1%   0.575 AU:2    +
  136   153  1   0.1%   0.756 GU:2    +
   51    96  1   0.1%   0.477 AU:2    +
   15   141  1   0.1%   0.680 UA:2    +
  127   157  1   0.1%   0.665 UA:2    +
   56    96  1   0.1%   0.850 AU:2    +
   99   156  1   0.1%   1.005 GC:2    +
   96   101  1   0.1%   1.193 UA:2    +
   18    53  1   0.1%   0.165 UA:2    +
  105   146  1   0.1%   0.670 AU:2    +
  138   146  1   0.1%   0.621 AU:2    +
   10   127  1   0.1%   0.299 AU:2    +
  106   146  1   0.1%   0.645 AU:2    +
  122   153  1   0.1%   0.657 GU:2    +
  127   158  1   0.1%   1.037 UG:2    +
  111   127  1   0.1%   0.697 AU:2    +
  100   155  1   0.1%   0.593 UA:2    +
  127   160  1   0.1%   0.661 UG:2    +
  127   132  1   0.1%   0.624 UA:2    +
   15   155  1   0.1%   0.703 UA:2    +
  138   151  1   0.1%   1.155 AU:2    +
   18    22  1   0.1%   0.138 UA:2    +
    9   118  1   0.1%   0.374 CG:2    +
  100   134  1   0.1%   0.624 UA:2    +
  110   127  1   0.1%   1.298 GU:2    +
  107   151  1   0.1%   0.636 AU:2    +
    6   161  1   0.1%   0.705 GC:2    +
  115   159  1   0.1%   0.556 UA:2    +
    5    15  1   0.1%   0.013 AU:2    +
   11   153  1   0.1%   0.560 AU:2    +
   55    97  1   0.1%   0.425 AU:2    +
  127   150  1   0.1%   0.611 UA:2    +
   47   100  1   0.1%   0.256 GU:2    +
   96   141  1   0.1%   0.964 UA:2    +
    3   120  1   0.1%   0.246 AU:2    +
   73    78  1   0.1%   0.017 UA:2    +
  103   115  1   0.1%   0.363 AU:2    +
    3   133  1   0.1%   0.251 AU:2    +
   11   146  1   0.0%   0.448 AU:2    +
   21    51  1   0.0%   0.066 UA:2    +
  104   153  1   0.0%   1.024 GU:2    +
   18   157  1   0.0%   0.174 UA:2    +
  100   107  1   0.0%   0.420 UA:2    +
    3   108  1   0.0%   0.092 AU:2    +
  127   159  1   0.0%   0.945 UA:2    +
  115   139  1   0.0%   0.176 UA:2    +
  118   156  1   0.0%   0.698 GC:2    +
    8    21  1   0.0%   0.131 AU:2    +
   73    82  1   0.0%   0.270 UA:2    +
  100   141  1   0.0%   0.567 UA:2    +
  153   157  1   0.0%   0.769 UA:2    +
   13   127  1   0.0%   0.274 GU:2    +
  117   146  1   0.0%   0.348 AU:2    +
  132   153  1   0.0%   0.662 AU:2    +
   15   160  1   0.0%   0.726 UG:2    +
   24   113  1   0.0%   0.416 GC:2    +
   96   159  1   0.0%   1.319 UA:2    +
    6    16  1   0.0%   0.012 GC:2    +
   76    81  1   0.0%   0.228 UA:2    +
  127   134  1   0.0%   0.592 UA:2    +
    6    23  1   0.0%   0.173 GC:2    +
   27    47  1   0.0%   0.637 UG:2    +
  125   153  1   0.0%   0.612 AU:2    +
   10   153  1   0.0%   0.437 AU:2    +
  123   153  1   0.0%   0.509 AU:2    +
   99   113  1   0.0%   0.812 GC:2    +
  104   127  1   0.0%   0.757 GU:2    +
  127   136  1   0.0%   0.565 UG:2    +
  115   157  1   0.0%   0.260 UA:2    +
  127   137  1   0.0%   0.541 UA:2    +
   95   161  1   0.0%   0.296 GC:2    +
   23    47  1   0.0%   0.159 CG:2    +
   96   105  1   0.0%   1.197 UA:2    +
   11    96  1   0.0%   0.011 AU:2    +
    7    47  1   0.0%   0.049 UG:2    +
   96   138  1   0.0%   0.936 UA:2    +
  127   138  1   0.0%   0.529 UA:2    +
  129   151  1   0.0%   0.350 AU:2    +
   15    51  1   0.0%   0.384 UA:2    +
  140   146  1   0.0%   0.349 GU:2    +
  127   144  1   0.0%   0.566 UA:2    +
  151   159  1   0.0%   1.314 UA:2    +
  144   151  1   0.0%   0.839 AU:2    +
   55    96  1   0.0%   0.878 AU:2    +
  100   135  1   0.0%   0.614 UA:2    +
   95   127  1   0.0%   0.303 GU:2    +
    3   152  1   0.0%   0.265 AU:2    +
   23   118  1   0.0%   0.401 CG:2    +
  118   127  1   0.0%   0.773 GU:2    +
   15    56  1   0.0%   0.383 UA:2    +
  153   160  1   0.0%   0.828 UG:2    +
   12   151  1   0.0%   0.618 AU:2    +
   16    24  1   0.0%   0.090 CG:2    +
   10   146  1   0.0%   0.343 AU:2    +
   14   153  1   0.0%   0.999 GU:2    +
   21   118  1   0.0%   0.508 UG:2    +
   64    88  1   0.0%   0.006 AU:2    +
   96   137  1   0.0%   0.943 UA:2    +
  123   146  1   0.0%   0.392 AU:2    +
   21    25  1   0.0%   0.363 UG:2    +
  118   151  1   0.0%   0.385 GU:2    +
   12    21  1   0.0%   0.053 AU:2    +
   12   153  1   0.0%   0.660 AU:2    +
   53   100  1   0.0%   0.894 AU:2    +
  139   146  1   0.0%   0.338 AU:2    +
    5   127  1   0.0%   0.100 AU:2    +
   21   134  1   0.0%   0.276 UA:2    +
   11    15  1   0.0%   0.076 AU:2    +
   14    21  1   0.0%   0.129 GU:2    +
   99   161  1   0.0%   0.756 GC:2    +
  116   153  1   0.0%   0.239 AU:2    +
   47    97  1   0.0%   0.347 GU:2    +
  100   105  1   0.0%   0.827 UA:2    +
    8   153  1   0.0%   0.671 AU:2    +
  106   115  1   0.0%   0.216 AU:2    +
   55    98  1   0.0%   0.589 AU:2    +
  141   153  1   0.0%   0.895 AU:2    +
  100   129  1   0.0%   0.617 UA:2    +
  134   151  1   0.0%   0.776 AU:2    +
   11   151  1   0.0%   0.513 AU:2    +
   96   111  1   0.0%   1.064 UA:2    +
  127   139  1   0.0%   0.531 UA:2    +
  106   153  1   0.0%   0.738 AU:2    +
    8   127  1   0.0%   0.324 AU:2    +
   15    59  1   0.0%   0.383 UA:2    +
   50    55  1   0.0%   0.063 UA:2    +
  123   127  1   0.0%   0.814 AU:2    +
   18   159  1   0.0%   0.522 UA:2    +
  125   146  1   0.0%   0.493 AU:2    +
   99   115  1   0.0%   0.631 GU:2    +
   70    88  1   0.0%   0.022 AU:2    +
    3   128  1   0.0%   0.240 AU:2    +
   67    91  1   0.0%   0.710 AU:2    +
  151   157  1   0.0%   0.994 UA:2    +
   24   102  1   0.0%   0.627 GC:2    +
  151   155  1   0.0%   0.937 UA:2    +
  114   118  1   0.0%   0.618 CG:2    +
   91   103  1   0.0%   0.706 UA:2    +
   47    96  1   0.0%   0.448 GU:2    +
    4   127  1   0.0%   0.289 GU:2    +
  113   118  1   0.0%   0.570 CG:2    +
    3   131  1   0.0%   0.241 AU:2    +
   11    18  1   0.0%   0.067 AU:2    +
  110   153  1   0.0%   0.977 GU:2    +
   13    21  1   0.0%   0.080 GU:2    +
   91   143  1   0.0%   0.703 UA:2    +
    3    20  1   0.0%   0.002 AU:2    +
    5   151  1   0.0%   0.277 AU:2    +
  111   115  1   0.0%   0.328 AU:2    +
  115   150  1   0.0%   0.240 UA:2    +
   15    19  1   0.0%   0.108 UA:2    +
   47   156  1   0.0%   0.347 GC:2    +
   10    15  1   0.0%   0.074 AU:2    +
   76    82  1   0.0%   0.035 UA:2    +
   74    84  1   0.0%   0.076 AU:2    +
   96   123  1   0.0%   1.171 UA:2    +
   15   101  1   0.0%   0.602 UA:2    +
   15   150  1   0.0%   0.733 UA:2    +
   18   139  1   0.0%   0.162 UA:2    +
   18   103  1   0.0%   0.161 UA:2    +
   55    93  1   0.0%   0.019 AU:2    +
  118   147  1   0.0%   0.352 GC:2    +
   47    57  1   0.0%   0.019 GC:2    +
  103   153  1   0.0%   0.558 AU:2    +
   21    53  1   0.0%   0.065 UA:2    +
   24   154  1   0.0%   0.724 GC:2    +
   15   105  1   0.0%   0.746 UA:2    +
   23    99  1   0.0%   0.375 CG:2    +
  118   161  1   0.0%   0.368 GC:2    +
   15    95  1   0.0%   0.383 UG:2    +
   18   138  1   0.0%   0.161 UA:2    +
   62    91  1   0.0%   0.704 AU:2    +
   11    21  1   0.0%   0.041 AU:2    +
   36    99  1   0.0%   0.224 CG:2    +
   15    25  1   0.0%   0.199 UG:2    +
   64    94  1   0.0%   0.137 AU:2    +
   10    21  1   0.0%   0.040 AU:2    +
   21   105  1   0.0%   0.410 UA:2    +
   25   153  1   0.0%   0.804 GU:2    +
   22   100  1   0.0%   0.282 AU:2    +
    8   151  1   0.0%   0.635 AU:2    +
  117   127  1   0.0%   0.771 AU:2    +
  136   146  1   0.0%   0.124 GU:2    +
  115   129  1   0.0%   0.383 UA:2    +
  102   118  1   0.0%   0.768 CG:2    +
   18    25  1   0.0%   0.461 UG:2    +
  126   153  1   0.0%   0.647 AU:2    +
    6   147  1   0.0%   0.576 GC:2    +
   15    53  1   0.0%   0.380 UA:2    +
   46   100  1   0.0%   0.500 AU:2    +
    8   115  1   0.0%   0.317 AU:2    +
  127   141  1   0.0%   0.544 UA:2    +
   35   100  1   0.0%   0.225 AU:2    +
   99   114  1   0.0%   0.848 GC:2    +
   70    79  1   0.0%   0.001 AU:2    +
   24    98  1   0.0%   0.622 GU:2    +
    2     6  1   0.0%   0.001 CG:2    +
  111   146  1   0.0%   0.259 AU:2    +
  103   127  1   0.0%   0.390 AU:2    +
    2    99  1   0.0%   0.086 CG:2    +
    3    98  1   0.0%   0.082 AU:2    +
   13    18  1   0.0%   0.114 GU:2    +
   62    96  1   0.0%   0.821 AU:2    +
   47   154  1   0.0%   0.129 GC:2    +
   18   101  1   0.0%   0.379 UA:2    +
   96   129  1   0.0%   1.066 UA:2    +
   10    18  1   0.0%   0.066 AU:2    +
   10   151  1   0.0%   0.398 AU:2    +
  136   156  1   0.0%   1.089 GC:2    +
   96   118  1   0.0%   1.137 UG:2    +
  107   115  1   0.0%   0.149 AU:2    +
   53    91  1   0.0%   0.020 AU:2    +
  138   153  1   0.0%   1.337 AU:2    +
  121   127  1   0.0%   1.052 GU:2    +
   95   100  1   0.0%   0.568 GU:2    +
    9    47  1   0.0%   0.135 CG:2    +
   21   101  1   0.0%   0.266 UA:2    +
    9    95  1   0.0%   0.134 CG:2    +
   13   115  1   0.0%   0.226 GU:2    +
   96   103  1   0.0%   0.837 UA:2    +
   26   100  1   0.0%   0.563 AU:2    +
  100   137  1   0.0%   0.557 UA:2    +
   13   153  1   0.0%   0.341 GU:2    +
   21    26  1   0.0%   0.374 UA:2    +
    3     7  1   0.0%   0.001 AU:2    +
   24   109  1   0.0%   0.524 GU:2    +
  105   151  1   0.0%   0.701 AU:2    +
   16    95  1   0.0%   0.188 CG:2    +
  122   127  1   0.0%   0.967 GU:2    +
    3   130  1   0.0%   0.239 AU:2    +
   99   127  1   0.0%   0.682 GU:2    +
   21   136  1   0.0%   0.286 UG:2    +
  135   146  1   0.0%   0.159 AU:2    +
   95   156  1   0.0%   0.527 GC:2    +
   11   115  1   0.0%   0.310 AU:2    +
  115   132  1   0.0%   0.273 UA:2    +
  100   150  1   0.0%   0.614 UA:2    +
   18    26  1   0.0%   0.473 UA:2    +
  102   136  1   0.0%   0.638 CG:2    +
  134   146  1   0.0%   0.167 AU:2    +
  121   153  1   0.0%   0.728 GU:2    +
  143   153  1   0.0%   0.587 AU:2    +
  127   140  1   0.0%   0.551 UG:2    +
   21   104  1   0.0%   0.415 UG:2    +
   26   153  1   0.0%   0.457 AU:2    +
   47    98  1   0.0%   0.281 GU:2    +
   18   118  1   0.0%   0.165 UG:2    +
   14    18  1   0.0%   0.163 GU:2    +
  107   153  1   0.0%   0.677 AU:2    +
   39    96  1   0.0%   0.507 AU:2    +
   21   137  1   0.0%   0.285 UA:2    +
   24   156  1   0.0%   0.940 GC:2    +
    4    21  1   0.0%   0.035 GU:2    +
  123   151  1   0.0%   0.427 AU:2    +
    8    96  1   0.0%   0.095 AU:2    +
   70    83  1   0.0%   0.008 AU:2    +
   20    47  1   0.0%   0.046 UG:2    +
   96   135  1   0.0%   0.906 UA:2    +
   18    51  1   0.0%   0.145 UA:2    +
   14   127  1   0.0%   0.937 GU:2    +
    3   149  1   0.0%   0.261 AU:2    +
    5    96  1   0.0%   0.083 AU:2    +
   21   135  1   0.0%   0.275 UA:2    +
   57    99  1   0.0%   0.521 CG:2    +
   96   155  1   0.0%   0.974 UA:2    +
   20    24  1   0.0%   0.362 UG:2    +
  105   115  1   0.0%   0.565 AU:2    +
   17    95  1   0.0%   0.305 CG:2    +
   47   124  1   0.0%   0.317 GC:2    +
    5   100  1   0.0%   0.084 AU:2    +
   92   127  1   0.0%   0.106 GU:2    +
   10    96  1   0.0%   0.004 AU:2    +
   26    96  1   0.0%   0.768 AU:2    +
   66    83  1   0.0%   0.000 AU:2    +
   12   146  1   0.0%   0.536 AU:2    +
   99   151  1   0.0%   0.762 GU:2    +
  100   136  1   0.0%   0.580 UG:2    +
   15   144  1   0.0%   0.676 UA:2    +
   56   100  1   0.0%   0.395 AU:2    +
   96   132  1   0.0%   0.939 UA:2    +
    9    24  1   0.0%   0.212 CG:2    +
   18   121  1   0.0%   0.456 UG:2    +
   25   115  1   0.0%   0.791 GU:2    +
    9    28  1   0.0%   0.132 CG:2    +
   47    93  1   0.0%   0.019 GU:2    +
   10    91  1   0.0%   0.003 AU:2    +
  141   151  1   0.0%   1.133 AU:2    +
   17    47  1   0.0%   0.306 CG:2    +
   24   131  1   0.0%   0.833 GU:2    +
  115   134  1   0.0%   0.243 UA:2    +
  122   146  1   0.0%   0.537 GU:2    +
   17   136  1   0.0%   0.581 CG:2    +
  114   136  1   0.0%   0.555 CG:2    +
   46    96  1   0.0%   0.704 AU:2    +
   16    47  1   0.0%   0.189 CG:2    +
  111   151  1   0.0%   0.297 AU:2    +
   96   157  1   0.0%   0.947 UA:2    +
    9   136  1   0.0%   0.412 CG:2    +
    3    34  1   0.0%   0.081 AU:2    +
   18   155  1   0.0%   0.194 UA:2    +
   68    85  1   0.0%   0.000 CG:2    +
  144   153  1   0.0%   0.597 AU:2    +
   96   117  1   0.0%   1.113 UA:2    +
  101   153  1   0.0%   0.561 AU:2    +
  115   135  1   0.0%   0.234 UA:2    +
    6    36  1   0.0%   0.089 GC:2    +
   51   127  1   0.0%   0.398 AU:2    +
   18   107  1   0.0%   0.162 UA:2    +
   16    99  1   0.0%   0.408 CG:2    +
  136   161  1   0.0%   0.755 GC:2    +
   24   148  1   0.0%   0.688 GU:2    +
   18   135  1   0.0%   0.161 UA:2    +
   15   129  1   0.0%   0.809 UA:2    +
  100   157  1   0.0%   0.561 UA:2    +
   26   146  1   0.0%   0.379 AU:2    +
   21   158  1   0.0%   0.654 UG:2    +
  101   115  1   0.0%   0.472 AU:2    +
  127   143  1   0.0%   0.546 UA:2    +
   18   116  1   0.0%   0.160 UA:2    +
   55   109  1   0.0%   0.237 AU:2    +
  146   150  1   0.0%   0.913 UA:2    +
  140   153  1   0.0%   0.917 GU:2    +
   70    77  1   0.0%   0.000 AU:2    +
   18   137  1   0.0%   0.171 UA:2    +
  139   153  1   0.0%   1.063 AU:2    +
   26   151  1   0.0%   0.423 AU:2    +
  132   146  1   0.0%   0.181 AU:2    +
   18   134  1   0.0%   0.161 UA:2    +
   21   157  1   0.0%   0.279 UA:2    +
   18    89  1   0.0%   0.159 UG:2    +
  100   116  1   0.0%   0.427 UA:2    +
   91   101  1   0.0%   1.051 UA:2    +
   15   137  1   0.0%   0.661 UA:2    +
   21   159  1   0.0%   0.629 UA:2    +
   16   136  1   0.0%   0.467 CG:2    +
  115   122  1   0.0%   0.634 UG:2    +
   23    95  1   0.0%   0.153 CG:2    +
   19   115  1   0.0%   0.112 AU:2    +
   21   155  1   0.0%   0.307 UA:2    +
   21   138  1   0.0%   0.274 UA:2    +
   22   153  1   0.0%   0.193 AU:2    +
  146   160  1   0.0%   0.781 UG:2    +
   28   156  1   0.0%   0.302 GC:2    +
    3    50  1   0.0%   0.081 AU:2    +
   23   136  1   0.0%   0.176 CG:2    +
   18   117  1   0.0%   0.160 UA:2    +
   95   113  1   0.0%   0.499 GC:2    +
    6   114  1   0.0%   0.326 GC:2    +
  143   151  1   0.0%   0.825 AU:2    +
    5   115  1   0.0%   0.094 AU:2    +
   21   110  1   0.0%   0.237 UG:2    +
   74    83  1   0.0%   0.068 AU:2    +
   64    91  1   0.0%   0.701 AU:2    +
   96   116  1   0.0%   0.921 UA:2    +
   47   142  1   0.0%   0.054 GC:2    +
   15   126  1   0.0%   0.650 UA:2    +
   17    99  1   0.0%   0.525 CG:2    +
   47   152  1   0.0%   0.156 GU:2    +
    4    18  1   0.0%   0.034 GU:2    +
   47   108  1   0.0%   0.201 GU:2    +
    6   113  1   0.0%   0.326 GC:2    +
  103   151  1   0.0%   0.522 AU:2    +
   21   107  1   0.0%   0.071 UA:2    +
  115   138  1   0.0%   0.166 UA:2    +
   71    76  1   0.0%   0.000 GU:2    +
   91   157  1   0.0%   0.709 UA:2    +
   10   115  1   0.0%   0.239 AU:2    +
   21   143  1   0.0%   0.273 UA:2    +
  115   160  1   0.0%   0.237 UG:2    +
  113   136  1   0.0%   0.520 CG:2    +
   91   141  1   0.0%   0.715 UA:2    +
   15    46  1   0.0%   0.376 UA:2    +
   13   146  1   0.0%   0.217 GU:2    +
   61    85  1   0.0%   0.001 CG:2    +
   47   130  1   0.0%   0.219 GU:2    +
    4   146  1   0.0%   0.298 GU:2    +
   15    92  1   0.0%   0.382 UG:2    +
   51   153  1   0.0%   0.433 AU:2    +
  146   158  1   0.0%   1.086 UG:2    +
  117   153  1   0.0%   0.444 AU:2    +
   22    96  1   0.0%   0.486 AU:2    +
   24   152  1   0.0%   0.750 GU:2    +
   47    94  1   0.0%   0.072 GU:2    +
   26   115  1   0.0%   0.444 AU:2    +
   44    96  1   0.0%   0.431 AU:2    +
  100   159  1   0.0%   0.923 UA:2    +
   12   100  1   0.0%   0.653 AU:2    +
   63    74  1   0.0%   0.000 UA:2    +
  104   115  1   0.0%   0.731 GU:2    +
   15   143  1   0.0%   0.658 UA:2    +
   44   100  1   0.0%   0.226 AU:2    +
   73    86  1   0.0%   0.249 UG:2    +
  115   137  1   0.0%   0.179 UA:2    +
   18   106  1   0.0%   0.162 UA:2    +
   10   100  1   0.0%   0.456 AU:2    +
   47   131  1   0.0%   0.238 GU:2    +
   15    58  1   0.0%   0.381 UA:2    +
    2    24  1   0.0%   0.005 CG:2    +
   18    56  1   0.0%   0.160 UA:2    +
   21   140  1   0.0%   0.290 UG:2    +
   18    46  1   0.0%   0.142 UA:2    +
  116   146  1   0.0%   0.136 AU:2    +
   21   132  1   0.0%   0.307 UA:2    +
   56    91  1   0.0%   0.004 AU:2    +
    6    68  1   0.0%   0.092 GC:2    +
   15   158  1   0.0%   1.017 UG:2    +
  129   146  1   0.0%   0.301 AU:2    +
   19   153  1   0.0%   0.414 AU:2    +
   47   151  1   0.0%   0.128 GU:2    +
   20    55  1   0.0%   0.072 UA:2    +
  117   151  1   0.0%   0.381 AU:2    +
   15   157  1   0.0%   0.666 UA:2    +
   95   114  1   0.0%   0.539 GC:2    +
   24    61  1   0.0%   0.360 GC:2    +
  115   158  1   0.0%   0.610 UG:2    +
   18   136  1   0.0%   0.172 UG:2    +
   24   161  1   0.0%   0.683 GC:2    +
   18   110  1   0.0%   0.341 UG:2    +
  100   118  1   0.0%   0.642 UG:2    +
   95   146  1   0.0%   0.265 GU:2    +
   24   124  1   0.0%   0.912 GC:2    +
   15   104  1   0.0%   0.751 UG:2    +
   21   103  1   0.0%   0.047 UA:2    +
    3    97  1   0.0%   0.081 AU:2    +
   53   153  1   0.0%   0.641 AU:2    +
  100   138  1   0.0%   0.544 UA:2    +
   11   100  1   0.0%   0.527 AU:2    +
   21    99  1   0.0%   0.268 UG:2    +
  101   151  1   0.0%   0.526 AU:2    +
   61    95  1   0.0%   0.200 CG:2    +
  146   155  1   0.0%   0.727 UA:2    +
   15   106  1   0.0%   0.386 UA:2    +
  115   123  1   0.0%   0.478 UA:2    +
    4    15  1   0.0%   0.029 GU:2    +
   15   125  1   0.0%   0.650 UA:2    +
   47   128  1   0.0%   0.264 GU:2    +
   21   129  1   0.0%   0.431 UA:2    +
((...(((((((..(((......)))((((((((....)))))))).......(((((.((((....((((((.......)))))))))))))))))))))).))(((((..((......)).)))))...(((((((......)))))))..........
