3 sequence; length of alignment 160
alifold output
  102   111  0 100.0%   0.001 CG:1    AU:2   
   86   126  0 100.0%   0.000 GC:3   
  103   110  0 100.0%   0.000 GC:3   
   87   125  0 100.0%   0.000 CG:3   
  104   109  0  99.9%   0.002 CG:3   
   85   127  0  99.9%   0.002 UA:3   
  134   145  0  99.9%   0.008 CG:3   
  101   112  0  99.8%   0.013 UG:3   
  100   113  0  99.8%   0.019 CG:3   
  133   146  0  99.6%   0.015 UA:3   
   84   128  1  99.9%   0.007 GC:2   
  135   144  1  99.8%   0.010 CG:2   
   88   124  0  99.2%   0.025 AU:3   
   83   129  0  98.6%   0.051 AU:3   
  132   147  1  98.0%   0.080 GC:2   
   61    73  0  97.4%   0.181 GU:3   
   60    74  0  97.3%   0.195 UA:3   
   62    72  1  97.7%   0.184 GC:2   
   59    75  0  97.0%   0.231 GC:3   
   63    71  0  96.5%   0.202 CG:3   
   94   119  0  95.9%   0.120 GC:3   
   64    70  0  95.0%   0.203 CG:3   
   82   130  0  89.9%   0.512 GC:1    GU:2   
   93   120  1  89.5%   0.402 AU:2   
   89   123  0  84.0%   0.440 UG:1    UA:2   
    6    13  0  82.9%   0.521 CG:3   
    5    14  0  82.9%   0.468 UA:3   
    4    15  0  82.6%   0.485 CG:3   
  136   143  0  65.3%   0.990 GU:3   
    7    12  0  61.5%   0.900 AU:3   
   92   121  1  60.0%   1.168 AU:2   
   46   153  0  49.4%   1.869 GC:1    GU:2    +
   45   154  0  49.6%   1.528 CG:3    +
   25    77  0  49.6%   1.678 GC:3   
   24    78  0  49.6%   1.633 AU:3   
   23    79  0  49.5%   1.805 GC:3   
   26    76  0  49.5%   1.806 GC:3   
   44   155  0  49.5%   1.952 UA:3    +
   47   152  0  49.1%   1.792 AU:3    +
   29    38  0  48.7%   1.797 CG:3   
   28    39  0  48.7%   2.425 GC:3   
   43   156  1  48.5%   1.728 GC:2    +
   48   151  1  47.3%   1.448 UA:2    +
   27    40  1  42.7%   2.016 GU:1    AU:1   
    1    18  0  37.1%   1.273 GC:1    GU:2   
    2    17  0  37.2%   1.106 AU:3   
   49   150  1  36.7%   1.499 AU:2    +
   22    80  0  31.0%   1.827 GU:3   
   99   115  0  27.6%   1.224 UA:3    +
   96   118  1  26.6%   1.057 CG:2    +
   43    51  0  26.1%   1.245 GC:3   
   98   116  0  26.0%   1.204 UA:3    +
   18   154  0  24.1%   1.864 CG:1    UG:2    +
   44    50  0  24.8%   1.155 UA:3   
   20   152  0  24.1%   1.575 AU:3    +
   19   153  1  24.4%   1.138 AU:2    +
   42    52  0  22.6%   1.455 UA:3   
   21   151  1  22.9%   1.533 UA:2    +
   17   155  0  21.7%   1.849 UA:3    +
   42   157  1  20.5%   1.841 UA:2    +
   50   149  1  18.5%   1.445 AU:2    +
   46    57  0  17.8%   1.051 GC:3    +
   47    56  0  17.6%   0.993 AU:3    +
   28    35  0  16.2%   1.751 GC:3    +
   27    36  1  16.0%   1.565 GU:1    AU:1    +
   22   150  0  14.9%   2.001 GC:1    GU:2    +
   26    37  0  15.9%   1.979 GC:3    +
   25    35  0  15.2%   1.408 GC:3    +
   24    36  0  15.2%   1.262 AU:3    +
   23    37  0  15.0%   1.410 GC:3    +
   23    39  0  12.3%   1.767 GC:3    +
   22    40  0  12.3%   1.342 GU:3    +
   21    41  1  11.8%   1.066 UA:2    +
   90   123  0   9.6%   0.822 CG:1    UA:2    +
   26    33  0  10.5%   1.061 GC:3    +
   20    42  0  10.2%   0.999 AU:3    +
   13    37  0   7.9%   1.082 GC:3    +
   14    36  0   7.9%   0.794 AU:3    +
   11    39  0   7.9%   0.955 GC:3    +
   12    38  0   7.9%   1.280 UG:3    +
   15    35  0   7.7%   1.140 GC:3    +
   22    39  0   7.1%   1.156 GC:3    +
   22    29  0   6.9%   0.808 GC:3    +
   18    26  0   5.8%   1.084 CG:1    UG:2    +
   21    30  1   6.8%   0.609 UA:2    +
   16    28  0   6.1%   0.843 CG:3    +
   15    29  0   6.0%   0.739 GC:3    +
   17    27  1   6.0%   1.092 UG:1    UA:1    +
   52    81  0   5.6%   0.917 AU:3    +
   13    33  0   5.4%   0.649 GC:3    +
   12    34  0   5.3%   0.819 UA:3    +
   51    82  0   5.3%   0.939 CG:3    +
  136   142  0   5.1%   0.459 GC:3    +
   98   115  0   5.1%   0.457 UA:3    +
   53    80  0   5.0%   0.917 AU:3    +
   18    23  0   3.9%   0.890 CG:1    UG:2    +
   20    31  1   5.0%   0.556 AU:2    +
   11    35  0   4.3%   0.464 GC:3    +
   91   121  1   4.8%   0.442 AU:2    +
   17    24  0   4.0%   0.892 UA:3    +
   16    25  0   4.0%   0.641 CG:3    +
   29    43  0   3.7%   1.110 CG:3    +
   30    42  0   3.7%   0.866 AU:3    +
   98   117  0   2.7%   0.793 UG:1    UA:2    +
   65    70  0   3.4%   0.451 CG:3    +
   31    41  1   3.6%   0.868 UA:2    +
   10    38  0   2.9%   0.518 CG:3    +
   28    44  0   2.8%   1.173 GU:3    +
   25    39  0   2.7%   1.572 GC:3    +
   43    54  0   1.7%   0.753 GC:2    GU:1    +
    8    38  0   1.6%   0.223 CG:1    UG:2    +
   33    38  0   2.6%   1.477 CG:3    +
   24    40  0   2.6%   1.126 AU:3    +
   32    40  1   3.0%   1.172 AU:2    +
    1    16  0   2.5%   0.351 GC:3    +
   92   120  1   2.9%   0.310 AU:2    +
    9    39  1   2.9%   0.466 GC:2    +
   97   118  1   2.7%   0.644 CG:2    +
   99   116  0   2.0%   0.949 UA:3    +
   27    31  0   0.0%   0.380 GU:1    UG:1    AU:1    +
   64    71  0   2.0%   0.360 CG:3    +
   27   159  0   0.0%   0.893 GU:1    UG:1    AU:1    +
   11    21  0   0.8%   0.146 GC:1    GU:2    +
   10    15  0   1.8%   0.404 CG:3    +
    1   158  0   1.8%   0.824 GC:3    +
   44    53  0   1.7%   0.676 UA:3    +
    1   150  0   0.6%   0.649 GC:1    GU:2    +
   46    51  0   1.6%   0.586 GC:3    +
    9    37  1   2.0%   0.315 GC:2    +
    4    25  0   1.4%   0.349 CG:3    +
    5    24  0   1.4%   0.337 UA:3    +
    1   153  0   0.3%   0.644 GC:1    GU:2    +
   11    37  0   1.3%   0.443 GC:3    +
    6    23  0   1.3%   0.392 CG:3    +
    9    16  1   1.8%   0.311 GC:2    +
   39    62  0   1.3%   1.410 CG:3    +
   40    61  0   1.3%   1.124 UG:3    +
   41    60  0   1.3%   0.641 AU:3    +
   38    63  0   1.3%   1.057 GC:3    +
   17    34  0   1.2%   1.071 UA:3    +
   42    59  0   1.2%   0.961 UG:3    +
   18    82  0   0.2%   0.804 CG:1    UG:2    +
   13   150  0   0.1%   0.603 GC:1    GU:2    +
   21    38  0   0.1%   0.654 CG:1    UG:2    +
   54    59  0   0.1%   0.217 CG:2    UG:1    +
   25   147  0   0.1%   1.010 GC:2    GU:1    +
   94   122  0   0.1%   0.074 GC:2    GU:1    +
  132   156  0   0.1%   0.429 GC:2    UG:1    +
   43    48  0   0.1%   0.227 GC:1    GU:2    +
   18    25  0   0.1%   0.778 CG:1    UG:2    +
   46    54  0   0.1%   0.193 GC:2    GU:1    +
  150   154  0   0.1%   1.484 CG:1    UG:2    +
   13    18  0   0.0%   0.601 GC:1    GU:2    +
   48    59  0   0.0%   0.111 CG:1    UG:2    +
  136   153  0   0.0%   1.194 GC:1    GU:2    +
   28    33  0   1.0%   0.720 GC:3    +
    8    22  0   0.0%   0.037 CG:1    UG:2    +
   11   153  0   0.0%   0.518 GC:1    GU:2    +
  136   150  0   0.0%   1.142 GC:1    GU:2    +
   21   154  0   0.0%   1.248 CG:1    UG:2    +
    9   156  0   0.0%   0.308 GC:2    UG:1    +
   28    54  0   0.0%   1.008 GC:2    GU:1    +
    1    21  0   0.0%   0.541 GC:1    GU:2    +
   26    54  0   0.0%   0.747 GC:2    GU:1    +
   22   153  0   0.0%   1.791 GC:1    GU:2    +
   21    25  0   0.0%   0.262 CG:1    UG:2    +
   21    26  0   0.0%   0.242 CG:1    UG:2    +
   54    82  0   0.0%   0.259 CG:2    UG:1    +
   21    82  0   0.0%   0.523 CG:1    UG:2    +
   99   117  0   0.0%   0.540 UG:1    UA:2    +
    1     8  0   0.0%   0.048 GC:1    GU:2    +
   11    18  0   0.0%   0.438 GC:1    GU:2    +
   38    54  0   0.0%   0.881 GC:2    GU:1    +
   18    22  0   0.0%   0.520 CG:1    UG:2    +
   21    43  0   0.0%   0.546 CG:1    UG:2    +
    9   159  0   0.0%   0.304 GU:2    UG:1    +
  147   154  0   0.0%   0.785 CG:2    UG:1    +
  149   157  0   0.0%   0.797 AU:1    UA:2    +
   18    43  0   0.0%   0.808 CG:1    UG:2    +
   82   150  0   0.0%   1.029 GC:1    GU:2    +
  132   149  0   0.0%   0.456 GU:2    UA:1    +
   21    28  0   0.0%   0.234 CG:1    UG:2    +
    8    23  0   0.0%   0.082 CG:1    UG:2    +
   96   113  0   0.0%   0.001 CG:2    UG:1    +
   97   112  0   0.0%   0.001 CG:2    UG:1    +
   82   153  0   0.0%   1.077 GC:1    GU:2    +
   54    61  0   0.0%   0.164 CG:2    UG:1    +
   25    54  0   0.0%   0.619 GC:2    GU:1    +
   15   153  0   0.0%   0.667 GC:1    GU:2    +
  144   159  0   0.0%   0.053 GU:2    UG:1    +
   21    59  0   0.0%   0.509 CG:1    UG:2    +
   48    61  0   0.0%   0.108 CG:1    UG:2    +
   21    46  0   0.0%   0.509 CG:1    UG:2    +
   54    62  0   0.0%   0.161 CG:2    UG:1    +
    1   130  0   0.0%   0.550 GC:1    GU:2    +
    8    43  0   0.0%   0.167 CG:1    UG:2    +
    1   147  0   0.0%   0.550 GC:2    GU:1    +
   54   145  0   0.0%   0.090 CG:2    UG:1    +
   32    66  0   0.0%   0.152 AU:2    UA:1    +
   23   150  0   0.0%   1.463 GC:1    GU:2    +
   48    62  0   0.0%   0.108 CG:1    UG:2    +
   13   153  0   0.0%   0.606 GC:1    GU:2    +
   15   147  0   0.0%   0.605 GC:2    GU:1    +
   28    48  0   0.0%   1.002 GC:1    GU:2    +
   18    38  0   0.0%   1.145 CG:1    UG:2    +
   90   117  0   0.0%   0.000 CG:1    UA:2    +
   22   147  0   0.0%   1.103 GC:2    GU:1    +
  145   153  0   0.0%   0.759 GC:1    GU:2    +
   38   153  0   0.0%   1.339 GC:1    GU:2    +
    9   149  0   0.0%   0.330 GU:2    UA:1    +
    8    13  0   0.0%   0.162 CG:1    UG:2    +
  130   154  0   0.0%   0.845 CG:1    UG:2    +
    8   154  0   0.0%   0.174 CG:1    UG:2    +
   15    21  0   0.0%   0.288 GC:1    GU:2    +
   90    94  0   0.0%   0.000 CG:1    UG:2    +
   26   147  0   0.0%   1.118 GC:2    GU:1    +
   21   136  0   0.0%   0.509 CG:1    UG:2    +
    8    25  0   0.0%   0.083 CG:1    UG:2    +
   97   113  0   0.0%   0.001 CG:2    UG:1    +
   46   150  0   0.0%   0.752 GC:1    GU:2    +
    8    15  0   0.0%   0.160 CG:1    UG:2    +
   43   150  0   0.0%   0.978 GC:1    GU:2    +
  144   156  0   0.0%   0.389 GC:2    UG:1    +
   48    82  0   0.0%   0.048 CG:1    UG:2    +
   38   147  0   0.0%   0.947 GC:2    GU:1    +
    8    46  0   0.0%   0.133 CG:1    UG:2    +
   38    48  0   0.0%   0.876 GC:1    GU:2    +
   23   153  0   0.0%   1.535 GC:1    GU:2    +
   18    46  0   0.0%   0.770 CG:1    UG:2    +
  144   149  0   0.0%   0.431 GU:2    UA:1    +
  136   147  0   0.0%   0.462 GC:2    GU:1    +
   48   154  0   0.0%   1.136 CG:1    UG:2    +
   94   114  0   0.0%   0.000 GC:1    GU:2    +
  132   159  0   0.0%   0.086 GU:2    UG:1    +
  145   150  0   0.0%   0.711 GC:1    GU:2    +
   11   150  0   0.0%   0.484 GC:1    GU:2    +
    1     6  0   1.0%   0.138 GC:3    +
   77    82  0   1.0%   0.693 CG:3    +
    3    17  1   1.5%   0.558 AU:2    +
   20    40  0   1.0%   0.397 AU:3    +
    7    42  0   0.9%   0.457 AU:3    +
   10    22  0   0.8%   0.237 CG:3    +
   52    58  0   0.8%   0.499 AU:3    +
   12    20  0   0.8%   0.438 UA:3    +
    6   154  0   0.8%   0.429 CG:3    +
   51    59  0   0.8%   0.606 CG:3    +
    2    18  1   1.3%   0.905 AU:2    +
   37    46  0   0.8%   1.067 CG:3    +
   38    45  0   0.8%   0.992 GC:3    +
    5   155  0   0.7%   0.336 UA:3    +
   28    45  0   0.7%   1.079 GC:3    +
   36    47  0   0.7%   0.935 UA:3    +
    6    43  0   0.7%   0.378 CG:3    +
   50    60  0   0.7%   0.533 AU:3    +
   33    67  0   0.6%   0.659 CG:3    +
    1    10  0   0.6%   0.134 GC:3    +
   25    37  0   0.5%   1.201 GC:3    +
   29    71  0   0.5%   0.936 CG:3    +
   62    75  0   0.5%   0.221 GC:3    +
   61    76  0   0.5%   0.533 GC:3    +
   30    36  0   0.4%   1.060 AU:3    +
    8    41  1   0.9%   0.225 UA:2    +
   50   148  0   0.4%   0.527 AU:3    +
   38   158  0   0.4%   1.131 GC:3    +
   52   148  0   0.4%   0.700 AU:3    +
   20    81  0   0.4%   0.576 AU:3    +
   30    69  0   0.4%   0.398 AU:3    +
   42    47  0   0.4%   0.521 UA:3    +
   43    58  0   0.4%   0.695 GU:3    +
   39    43  0   0.4%   1.437 CG:3    +
   29    70  0   0.4%   0.902 CG:3    +
   33    70  0   0.4%   0.678 CG:3    +
   53   148  0   0.4%   0.433 AU:3    +
   67    79  0   0.4%   0.473 GC:3    +
   34    69  0   0.4%   0.346 AU:3    +
   68    78  0   0.4%   0.452 AU:3    +
   40   160  0   0.4%   1.069 UA:3    +
   24   148  0   0.4%   1.033 AU:3    +
  137   143  0   0.3%   0.338 AU:3    +
   28    75  0   0.3%   1.102 GC:3    +
    2   152  0   0.3%   0.521 AU:3    +
   16    22  0   0.3%   0.271 CG:3    +
   53    81  0   0.3%   0.508 AU:3    +
   37    67  0   0.3%   1.081 CG:3    +
   36    68  0   0.3%   0.939 UA:3    +
   27    73  1   0.3%   0.903 GU:1    AU:1    +
   19    81  0   0.3%   0.080 AU:3    +
   11   158  0   0.3%   0.580 GC:3    +
   27    72  1   0.3%   0.883 GC:1    UG:1    +
   40    49  0   0.3%   0.973 UA:3    +
    9    40  1   0.7%   0.375 GU:2    +
   70    77  0   0.2%   0.625 GC:3    +
   71    76  0   0.2%   0.590 GC:3    +
   26    35  0   0.2%   1.092 GC:3    +
   16    23  0   0.2%   0.283 CG:3    +
   22   158  0   0.2%   1.522 GC:3    +
   17    22  0   0.2%   0.541 UG:3    +
   26    36  0   0.2%   0.966 GU:3    +
   28    63  0   0.2%   1.041 GC:3    +
   29    62  0   0.2%   0.864 CG:3    +
    6    22  0   0.2%   0.241 CG:3    +
   13    35  0   0.2%   0.500 GC:3    +
   26    64  0   0.2%   0.780 GC:3    +
   25    65  0   0.2%   0.655 GC:3    +
   53    58  0   0.2%   0.189 AU:3    +
   34    60  0   0.2%   0.256 AU:3    +
   35    59  0   0.2%   0.979 CG:3    +
   33    61  0   0.2%   0.586 CG:3    +
   30    73  0   0.2%   0.400 AU:3    +
   23   158  0   0.1%   1.268 GC:3    +
   16   154  0   0.1%   0.584 CG:3    +
   70    76  0   0.1%   0.625 GC:3    +
   71    75  0   0.1%   0.244 GC:3    +
  148   155  0   0.1%   0.888 UA:3    +
   12   151  0   0.1%   0.740 UA:3    +
   43    57  0   0.1%   0.646 GC:3    +
  154   158  0   0.1%   0.946 GC:3    +
   50    55  0   0.1%   0.391 AU:3    +
   17    83  0   0.1%   0.833 UA:3    +
   16    38  0   0.1%   0.896 CG:3    +
   15    39  0   0.1%   0.927 GC:3    +
   41    56  0   0.1%   0.480 AU:3    +
    2   149  1   0.6%   0.532 AU:2    +
   11   152  0   0.1%   0.495 GU:3    +
   53    60  0   0.1%   0.219 AU:3    +
   59    77  0   0.1%   0.529 GC:3    +
   22    37  0   0.1%   0.635 GC:3    +
   22    81  0   0.1%   1.158 GU:3    +
   49    56  0   0.1%   0.374 AU:3    +
   49    55  0   0.1%   0.058 AU:3    +
   76    82  0   0.1%   0.605 CG:3    +
   16    26  0   0.1%   0.348 CG:3    +
   59    76  0   0.1%   0.521 GC:3    +
   14    40  0   0.1%   0.452 AU:3    +
    7    40  0   0.1%   0.340 AU:3    +
   61    77  0   0.1%   0.504 GC:3    +
  100   112  0   0.1%   0.020 CG:3    +
   17    25  0   0.1%   0.782 UG:3    +
   62    76  0   0.1%   0.521 GC:3    +
    3   157  1   0.1%   0.112 AU:1    UA:1    +
  133   155  0   0.1%   0.744 UA:3    +
   35    67  0   0.1%   1.005 CG:3    +
   99   113  0   0.1%   0.018 UG:3    +
   42    49  0   0.1%   0.473 UA:3    +
   19    40  0   0.1%   0.087 AU:3    +
   11    33  0   0.1%   0.066 GC:3    +
   15   148  0   0.1%   0.650 GU:3    +
   49    58  0   0.1%   0.087 AU:3    +
   82   131  0   0.1%   0.339 GU:3    +
    7   153  1   0.6%   0.482 AU:2    +
   20    80  0   0.1%   0.499 AU:3    +
    1    37  0   0.1%   0.554 GC:3    +
    2    36  0   0.1%   0.440 AU:3    +
    4    13  0   0.1%   0.021 CG:3    +
  134   154  0   0.1%   0.765 CG:3    +
   19    42  0   0.1%   0.085 AU:3    +
   14    31  1   0.6%   0.249 AU:2    +
   34    66  1   0.6%   0.326 AU:2    +
   43    63  0   0.1%   0.723 GC:3    +
   41    55  0   0.1%   0.465 AU:3    +
   15   158  0   0.1%   0.715 GC:3    +
   45    61  0   0.1%   0.162 CG:3    +
   44    62  0   0.1%   0.613 UG:3    +
   43   158  0   0.1%   1.157 GC:3    +
   44    49  0   0.0%   0.146 UA:3    +
   25   158  0   0.0%   1.118 GC:3    +
   59    79  0   0.0%   0.528 GC:3    +
    5    23  0   0.0%   0.169 UG:3    +
    5    41  0   0.0%   0.234 UA:3    +
   49   148  0   0.0%   0.113 AU:3    +
    6    11  0   0.0%   0.059 CG:3    +
   22    42  0   0.0%   1.020 GU:3    +
   25    36  0   0.0%   0.994 GU:3    +
   47    60  0   0.0%   0.447 AU:3    +
   17    26  0   0.0%   0.600 UG:3    +
   42    53  0   0.0%   0.795 UA:3    +
   10   154  0   0.0%   0.296 CG:3    +
   51    61  0   0.0%   0.538 CG:3    +
  131   151  0   0.0%   0.723 UA:3    +
   22    33  0   0.0%   0.443 GC:3    +
    1    39  0   0.0%   0.553 GC:3    +
   50    58  0   0.0%   0.403 AU:3    +
   40    53  0   0.0%   0.951 UA:3    +
    4    11  0   0.0%   0.012 CG:3    +
  137   152  0   0.0%   0.754 AU:3    +
   23    45  0   0.0%   0.763 GC:3    +
   24    44  0   0.0%   0.588 AU:3    +
   47    55  0   0.0%   0.075 AU:3    +
   35    43  0   0.0%   1.111 CG:3    +
    2   148  0   0.0%   0.441 AU:3    +
   12    19  0   0.0%   0.310 UA:3    +
   50    56  0   0.0%   0.690 AU:3    +
   34    44  0   0.0%   0.333 AU:3    +
   23    36  0   0.0%   0.419 GU:3    +
   11    42  0   0.0%   0.500 GU:3    +
   12    41  0   0.0%   0.763 UA:3    +
    6    26  0   0.0%   0.283 CG:3    +
   26    42  0   0.0%   1.036 GU:3    +
   26   158  0   0.0%   1.235 GC:3    +
  138   143  0   0.0%   0.307 AU:3    +
   20   148  0   0.0%   0.552 AU:3    +
   46    56  0   0.0%   0.129 GU:3    +
   38    57  0   0.0%   0.889 GC:3    +
   52    56  0   0.0%   0.674 AU:3    +
   52    60  0   0.0%   0.492 AU:3    +
   28    57  0   0.0%   1.013 GC:3    +
   10    43  0   0.0%   0.285 CG:3    +
   33    59  0   0.0%   0.556 CG:3    +
    5    27  1   0.0%   0.227 UG:1    UA:1    +
   33    43  0   0.0%   0.713 CG:3    +
   34    58  0   0.0%   0.228 AU:3    +
   26    75  0   0.0%   0.763 GC:3    +
  148   154  0   0.0%   0.893 UG:3    +
  138   148  0   0.0%   0.139 AU:3    +
   26    45  0   0.0%   0.752 GC:3    +
   23    29  0   0.0%   0.562 GC:3    +
   26    40  0   0.0%   1.198 GU:3    +
   27    58  1   0.0%   0.842 GU:1    AU:1    +
  135   154  0   0.0%   0.762 CG:3    +
    4    28  0   0.0%   0.237 CG:3    +
   34    42  0   0.0%   0.635 AU:3    +
   41    58  0   0.0%   0.471 AU:3    +
   22    79  0   0.0%   0.736 GC:3    +
   38    51  0   0.0%   0.879 GC:3    +
    1    17  0   0.0%   0.172 GU:3    +
    4    26  0   0.0%   0.235 CG:3    +
    4    23  0   0.0%   0.174 CG:3    +
   38    44  0   0.0%   0.951 GU:3    +
   23    40  0   0.0%   1.114 GU:3    +
   27    55  1   0.0%   0.839 GU:1    AU:1    +
   39    59  0   0.0%   1.247 CG:3    +
   38    60  0   0.0%   0.896 GU:3    +
   37    61  0   0.0%   1.006 CG:3    +
   23    42  0   0.0%   1.043 GU:3    +
   23    57  0   0.0%   0.761 GC:3    +
   24    56  0   0.0%   0.584 AU:3    +
   45    59  0   0.0%   0.152 CG:3    +
   25    55  0   0.0%   0.623 GU:3    +
   57    82  0   0.0%   0.497 CG:3    +
    7   152  0   0.0%   0.394 AU:3    +
   25    76  0   0.0%   0.637 GC:3    +
   52    80  0   0.0%   0.756 AU:3    +
    1    45  0   0.0%   0.551 GC:3    +
   45   136  0   0.0%   0.090 CG:3    +
   43   139  0   0.0%   0.651 GC:3    +
    2    44  0   0.0%   0.434 AU:3    +
   64    82  0   0.0%   0.315 CG:3    +
   26    79  0   0.0%   1.462 GC:3    +
   53    78  0   0.0%   0.449 AU:3    +
   46    55  0   0.0%   0.121 GU:3    +
  141   148  0   0.0%   0.136 AU:3    +
   42    50  0   0.0%   0.449 UA:3    +
  131   140  0   0.0%   0.013 UA:3    +
   27    78  1   0.0%   1.221 GU:1    AU:1    +
    4   154  0   0.0%   0.239 CG:3    +
   42   140  0   0.0%   0.843 UA:3    +
   25    80  0   0.0%   1.354 GU:3    +
  133   138  0   0.0%   0.005 UA:3    +
   57   145  0   0.0%   0.330 CG:3    +
    4    43  0   0.0%   0.237 CG:3    +
   13    40  0   0.0%   0.587 GU:3    +
   56   146  0   0.0%   0.337 UA:3    +
   25    57  0   0.0%   0.624 GC:3    +
   28    77  0   0.0%   1.415 GC:3    +
   35    70  0   0.0%   1.006 CG:3    +
   26    56  0   0.0%   0.749 GU:3    +
   27    44  1   0.0%   0.841 GU:1    AU:1    +
   25    42  0   0.0%   0.910 GU:3    +
   36    62  0   0.0%   0.879 UG:3    +
    6    38  0   0.0%   0.280 CG:3    +
   13   158  0   0.0%   0.657 GC:3    +
    6    25  0   0.0%   0.336 CG:3    +
   22    58  0   0.0%   0.732 GU:3    +
  139   145  0   0.0%   0.010 CG:3    +
   46   135  0   0.0%   0.425 GC:3    +
   28    37  0   0.0%   1.467 GC:3    +
    4    22  0   0.0%   0.171 CG:3    +
   56    83  0   0.0%   0.343 UA:3    +
    5    25  0   0.0%   0.281 UG:3    +
    7    17  0   0.0%   0.733 AU:3    +
   24    58  0   0.0%   0.584 AU:3    +
   24    42  0   0.0%   0.867 AU:3    +
   25    33  0   0.0%   0.372 GC:3    +
    3    27  1   0.0%   0.067 AU:1    UA:1    +
   33    71  0   0.0%   0.643 CG:3    +
   11    16  0   0.0%   0.172 GC:3    +
   22    77  0   0.0%   0.732 GC:3    +
   23    76  0   0.0%   0.760 GC:3    +
   38    56  0   0.0%   0.882 GU:3    +
   42   160  0   0.0%   1.194 UA:3    +
   44    52  0   0.0%   0.801 UA:3    +
   28    72  1   0.5%   1.113 GC:2    +
   47   133  0   0.0%   0.373 AU:3    +
   21    27  1   0.0%   0.233 CG:1    UA:1    +
   61    75  0   0.0%   0.155 GC:3    +
   49   131  0   0.0%   0.049 AU:3    +
   19   148  0   0.0%   0.081 AU:3    +
   51    62  0   0.0%   0.534 CG:3    +
    9    21  1   0.0%   0.094 GC:1    GU:1    +
   19   152  0   0.0%   0.082 AU:3    +
   39   145  0   0.0%   1.289 CG:3    +
   44   138  0   0.0%   0.540 UA:3    +
   44   137  0   0.0%   0.539 UA:3    +
   47    58  0   0.0%   0.399 AU:3    +
  152   160  0   0.0%   0.756 UA:3    +
   24    81  0   0.0%   0.986 AU:3    +
   46    60  0   0.0%   0.492 GU:3    +
   23    35  0   0.0%   0.552 GC:3    +
   33    46  0   0.0%   0.552 CG:3    +
   81   154  0   0.0%   0.978 UG:3    +
   41   143  0   0.0%   0.519 AU:3    +
    1   148  0   0.0%   0.552 GU:3    +
   38    64  0   0.0%   0.949 GC:3    +
   36    67  0   0.0%   0.905 UG:3    +
   26    39  0   0.0%   1.596 GC:3    +
    1    29  0   0.0%   0.540 GC:3    +
   22   148  0   0.0%   1.140 GU:3    +
   25    45  0   0.0%   0.624 GC:3    +
   45    62  0   0.0%   0.159 CG:3    +
   81   151  0   0.0%   0.934 UA:3    +
   50    81  0   0.0%   0.445 AU:3    +
   15    33  0   0.0%   0.565 GC:3    +
   12    30  0   0.0%   0.346 UA:3    +
   27    56  1   0.0%   0.838 GU:1    AU:1    +
   13    29  0   0.0%   0.166 GC:3    +
   52   131  0   0.0%   0.548 AU:3    +
  131   154  0   0.0%   0.761 UG:3    +
   17    41  0   0.0%   0.859 UA:3    +
   82   158  0   0.0%   0.478 GC:3    +
   79   136  0   0.0%   0.382 CG:3    +
   25    40  0   0.0%   1.073 GU:3    +
   26    44  0   0.0%   0.749 GU:3    +
   44    59  0   0.0%   0.601 UG:3    +
   76   145  0   0.0%   0.422 CG:3    +
   83   131  0   0.0%   0.033 AU:3    +
   26    57  0   0.0%   0.749 GC:3    +
   78   137  0   0.0%   0.375 UA:3    +
    3     9  1   0.0%   0.001 UG:1    AU:1    +
   23    78  0   0.0%   0.760 GU:3    +
   12   155  0   0.0%   0.757 UA:3    +
   27    42  1   0.0%   1.126 GU:1    AU:1    +
   46   134  0   0.0%   0.423 GC:3    +
   50    80  0   0.0%   0.765 AU:3    +
    5    26  0   0.0%   0.223 UG:3    +
    5    22  0   0.0%   0.158 UG:3    +
    4    38  0   0.0%   0.235 CG:3    +
   81   155  0   0.0%   0.950 UA:3    +
   16    43  0   0.0%   0.546 CG:3    +
   28    55  0   0.0%   1.008 GU:3    +
   39    71  0   0.0%   1.314 CG:3    +
   40    70  0   0.0%   1.044 UG:3    +
   25    79  0   0.0%   1.333 GC:3    +
   28    51  0   0.0%   1.003 GC:3    +
   20    44  0   0.0%   0.487 AU:3    +
   41    69  0   0.0%   0.562 AU:3    +
    2   131  0   0.0%   0.434 AU:3    +
  135   145  0   0.0%   0.008 CG:3    +
   49    81  0   0.0%   0.095 AU:3    +
   10    28  0   0.0%   0.144 CG:3    +
   24    80  0   0.0%   1.306 AU:3    +
   57   154  0   0.0%   1.073 CG:3    +
    1    79  0   0.0%   0.550 GC:3    +
   42    68  0   0.0%   0.879 UA:3    +
   80   155  0   0.0%   1.245 UA:3    +
   50   133  0   0.0%   0.397 AU:3    +
   81   140  0   0.0%   0.231 UA:3    +
   51   154  0   0.0%   1.362 CG:3    +
    2    40  0   0.0%   0.431 AU:3    +
   17   154  0   0.0%   0.870 UG:3    +
   56   155  0   0.0%   1.053 UA:3    +
    2    78  0   0.0%   0.433 AU:3    +
   52    78  0   0.0%   0.733 AU:3    +
   80   141  0   0.0%   0.527 UA:3    +
   22    45  0   0.0%   0.731 GC:3    +
   25    58  0   0.0%   0.623 GU:3    +
  131   155  0   0.0%   0.733 UA:3    +
   23    81  0   0.0%   1.156 GU:3    +
   17   151  0   0.0%   0.828 UA:3    +
   82   139  0   0.0%   0.328 GC:3    +
   46    58  0   0.0%   0.451 GU:3    +
   23    44  0   0.0%   0.757 GU:3    +
   65    82  0   0.0%   0.301 CG:3    +
    2    42  0   0.0%   0.431 AU:3    +
    5    20  0   0.0%   0.157 UA:3    +
   37    43  0   0.0%   1.116 CG:3    +
   55   146  0   0.0%   0.029 UA:3    +
   79   154  0   0.0%   1.127 CG:3    +
   76   136  0   0.0%   0.421 CG:3    +
   19   131  0   0.0%   0.047 AU:3    +
   56   145  0   0.0%   0.335 UG:3    +
   53   152  0   0.0%   1.010 AU:3    +
   34    40  0   0.0%   1.141 AU:3    +
   16    82  0   0.0%   0.510 CG:3    +
   78   155  0   0.0%   1.092 UA:3    +
   17    23  0   0.0%   0.521 UG:3    +
    1   131  0   0.0%   0.550 GU:3    +
   30    55  0   0.0%   0.333 AU:3    +
   39    46  0   0.0%   1.270 CG:3    +
   20   131  0   0.0%   0.513 AU:3    +
   43    56  0   0.0%   0.624 GU:3    +
   15   152  0   0.0%   0.641 GU:3    +
   25    29  0   0.0%   0.559 GC:3    +
   19    80  0   0.0%   0.030 AU:3    +
   38    42  0   0.0%   1.252 GU:3    +
   23    77  0   0.0%   0.760 GC:3    +
   18    27  1   0.0%   0.909 UG:1    UA:1    +
   26    78  0   0.0%   1.457 GU:3    +
   24    55  0   0.0%   0.580 AU:3    +
   82   129  0   0.0%   0.225 GU:3    +
   23    56  0   0.0%   0.757 GU:3    +
   62    73  0   0.0%   0.150 GU:3    +
   22    36  0   0.0%   0.480 GU:3    +
   22    57  0   0.0%   0.729 GC:3    +
   26    77  0   0.0%   1.457 GC:3    +
  145   158  0   0.0%   0.156 GC:3    +
    1    33  0   0.0%   0.539 GC:3    +
   59    78  0   0.0%   0.517 GU:3    +
  148   160  0   0.0%   0.172 UA:3    +
   56    82  0   0.0%   0.502 UG:3    +
   68    80  0   0.0%   0.582 AU:3    +
   25    75  0   0.0%   0.633 GC:3    +
   35    62  0   0.0%   0.967 CG:3    +
    1    57  0   0.0%   0.549 GC:3    +
    1   152  0   0.0%   0.585 GU:3    +
    2    81  0   0.0%   0.433 AU:3    +
   55    83  0   0.0%   0.036 UA:3    +
    2    56  0   0.0%   0.432 AU:3    +
   67    81  0   0.0%   0.305 GU:3    +
    4    46  0   0.0%   0.236 CG:3    +
  129   151  0   0.0%   0.719 UA:3    +
    1    81  0   0.0%   0.550 GU:3    +
   43    55  0   0.0%   0.620 GU:3    +
    1   134  0   0.0%   0.550 GC:3    +
    1    40  0   0.0%   0.548 GU:3    +
   78    82  0   0.0%   0.597 UG:3    +
    2   133  0   0.0%   0.433 AU:3    +
    6    46  0   0.0%   0.311 CG:3    +
   45    67  0   0.0%   0.142 CG:3    +
  143   151  0   0.0%   1.008 UA:3    +
  128   154  0   0.0%   0.749 CG:3    +
   22    78  0   0.0%   0.732 GU:3    +
   44    68  0   0.0%   0.576 UA:3    +
    5    47  0   0.0%   0.227 UA:3    +
   81   160  0   0.0%   0.258 UA:3    +
    5    19  0   0.0%   0.156 UA:3    +
   36    41  0   0.0%   1.256 UA:3    +
   20    60  0   0.0%   0.483 AU:3    +
  136   152  0   0.0%   1.158 GU:3    +
  143   160  0   0.0%   0.328 UA:3    +
   14   148  0   0.0%   0.421 AU:3    +
   61    65  0   0.0%   0.089 GC:3    +
   77   136  0   0.0%   0.426 CG:3    +
   55    82  0   0.0%   0.197 UG:3    +
   40    52  0   0.0%   0.942 UA:3    +
   94   100  0   0.0%   0.000 GC:3    +
   43    69  0   0.0%   0.692 GU:3    +
   55    61  0   0.0%   0.104 UG:3    +
   49    60  0   0.0%   0.118 AU:3    +
   75    82  0   0.0%   0.258 CG:3    +
   40    47  0   0.0%   0.962 UA:3    +
   46    79  0   0.0%   0.773 GC:3    +
   23    80  0   0.0%   1.476 GU:3    +
   83   152  0   0.0%   0.748 AU:3    +
   70    75  0   0.0%   0.284 GC:3    +
    3   132  1   0.0%   0.067 UG:1    AU:1    +
   27    48  1   0.0%   0.833 GU:1    AU:1    +
   47    78  0   0.0%   0.721 AU:3    +
   30    56  0   0.0%   0.333 AU:3    +
   95    99  0   0.0%   0.000 AU:3    +
  139   154  0   0.0%   0.759 CG:3    +
  141   152  0   0.0%   0.728 AU:3    +
    6    82  0   0.0%   0.311 CG:3    +
   17   160  0   0.0%   1.149 UA:3    +
   29    46  0   0.0%   0.830 CG:3    +
   53   131  0   0.0%   0.266 AU:3    +
  140   148  0   0.0%   0.134 AU:3    +
   16    62  0   0.0%   0.509 CG:3    +
   93   101  0   0.0%   0.000 AU:3    +
   15    63  0   0.0%   0.605 GC:3    +
   91   124  0   0.0%   0.157 AU:3    +
   82   128  0   0.0%   0.225 GC:3    +
    2    80  0   0.0%   0.433 AU:3    +
    2   129  0   0.0%   0.433 AU:3    +
    7    81  0   0.0%   0.370 AU:3    +
   57   136  0   0.0%   0.326 CG:3    +
   56   137  0   0.0%   0.334 UA:3    +
    6    15  0   0.0%   0.363 CG:3    +
   28    73  0   0.0%   1.061 GU:3    +
   17    61  0   0.0%   0.808 UG:3    +
    7    36  0   0.0%   0.324 AU:3    +
   53    85  0   0.0%   0.264 AU:3    +
   74    81  0   0.0%   0.255 AU:3    +
    5    83  0   0.0%   0.227 UA:3    +
   37   154  0   0.0%   1.406 CG:3    +
   12   160  0   0.0%   0.736 UA:3    +
   57    67  0   0.0%   0.380 CG:3    +
   38    65  0   0.0%   0.948 GC:3    +
   57    61  0   0.0%   0.400 CG:3    +
   59    65  0   0.0%   0.133 GC:3    +
   55   138  0   0.0%   0.029 UA:3    +
   42    46  0   0.0%   0.457 UG:3    +
   40    50  0   0.0%   0.942 UA:3    +
    7    44  0   0.0%   0.371 AU:3    +
   65    71  0   0.0%   0.268 CG:3    +
   36   155  0   0.0%   1.253 UA:3    +
   56    68  0   0.0%   0.372 UA:3    +
   78    83  0   0.0%   0.382 UA:3    +
    1     5  0   0.0%   0.000 GU:3    +
   63    70  0   0.0%   0.115 CG:3    +
   14   152  0   0.0%   0.432 AU:3    +
   14    78  0   0.0%   0.394 AU:3    +
   50   131  0   0.0%   0.397 AU:3    +
   13    79  0   0.0%   0.542 GC:3    +
   12    26  0   0.0%   0.348 UG:3    +
  138   152  0   0.0%   0.732 AU:3    +
   11    36  0   0.0%   0.196 GU:3    +
   15    77  0   0.0%   0.605 GC:3    +
    1    42  0   0.0%   0.548 GU:3    +
  131   160  0   0.0%   0.044 UA:3    +
  113   119  0   0.0%   0.048 GC:3    +
    1   128  0   0.0%   0.550 GC:3    +
   23   148  0   0.0%   1.144 GU:3    +
   61    79  0   0.0%   0.490 GC:3    +
   25   148  0   0.0%   1.049 GU:3    +
   46    64  0   0.0%   0.433 GC:3    +
   43    60  0   0.0%   0.712 GU:3    +
   59   142  0   0.0%   0.169 GC:3    +
   26    65  0   0.0%   0.769 GC:3    +
   43    64  0   0.0%   0.660 GC:3    +
   36   160  0   0.0%   0.889 UA:3    +
   40    46  0   0.0%   0.966 UG:3    +
   25    78  0   0.0%   1.331 GU:3    +
   50    78  0   0.0%   0.744 AU:3    +
   38    55  0   0.0%   0.880 GU:3    +
   49   152  0   0.0%   1.157 AU:3    +
    5   160  0   0.0%   0.263 UA:3    +
   22   152  0   0.0%   1.761 GU:3    +
   15    85  0   0.0%   0.605 GU:3    +
   13    17  0   0.0%   0.593 GU:3    +
   23    33  0   0.0%   0.372 GC:3    +
  146   152  0   0.0%   0.731 AU:3    +
   30    44  0   0.0%   0.437 AU:3    +
   60   141  0   0.0%   0.142 UA:3    +
   92    99  0   0.0%   0.000 AU:3    +
   46    63  0   0.0%   0.492 GC:3    +
   46   158  0   0.0%   0.920 GC:3    +
   26    73  0   0.0%   0.758 GU:3    +
   58    82  0   0.0%   0.261 UG:3    +
   13    42  0   0.0%   0.589 GU:3    +
   93    98  0   0.0%   0.000 AU:3    +
   52   143  0   0.0%   0.546 AU:3    +
   22    35  0   0.0%   0.619 GC:3    +
   11    17  0   0.0%   0.439 GU:3    +
   22    65  0   0.0%   0.730 GC:3    +
   22   135  0   0.0%   1.103 GC:3    +
   79   145  0   0.0%   0.382 CG:3    +
    1    51  0   0.0%   0.549 GC:3    +
   23    64  0   0.0%   0.758 GC:3    +
   51   145  0   0.0%   0.616 CG:3    +
   13    64  0   0.0%   0.542 GC:3    +
   23   134  0   0.0%   1.108 GC:3    +
   28    40  0   0.0%   1.687 GU:3    +
  101   113  0   0.0%   0.010 UG:3    +
   78   146  0   0.0%   0.375 UA:3    +
   17    50  0   0.0%   0.808 UA:3    +
   58    74  0   0.0%   0.091 UA:3    +
   50   152  0   0.0%   1.457 AU:3    +
   36    53  0   0.0%   0.865 UA:3    +
  133   141  0   0.0%   0.003 UA:3    +
    5    38  0   0.0%   0.223 UG:3    +
  137   148  0   0.0%   0.150 AU:3    +
   67    80  0   0.0%   0.598 GU:3    +
   36    74  0   0.0%   0.883 UA:3    +
    1    77  0   0.0%   0.549 GC:3    +
   11    45  0   0.0%   0.452 GC:3    +
   62    77  0   0.0%   0.491 GC:3    +
   10    46  0   0.0%   0.247 CG:3    +
   30    60  0   0.0%   0.330 AU:3    +
  129   155  0   0.0%   0.733 UA:3    +
   29    61  0   0.0%   0.829 CG:3    +
   70    79  0   0.0%   0.609 GC:3    +
   35    46  0   0.0%   0.945 CG:3    +
   22   131  0   0.0%   1.104 GU:3    +
   92    98  0   0.0%   0.000 AU:3    +
   38   142  0   0.0%   0.937 GC:3    +
   71    77  0   0.0%   0.542 GC:3    +
   56    62  0   0.0%   0.406 UG:3    +
   46    65  0   0.0%   0.433 GC:3    +
   11    65  0   0.0%   0.451 GC:3    +
   63    82  0   0.0%   0.277 CG:3    +
   59   139  0   0.0%   0.170 GC:3    +
   11    29  0   0.0%   0.049 GC:3    +
   28   158  0   0.0%   1.185 GC:3    +
   12    28  0   0.0%   0.346 UG:3    +
   55   151  0   0.0%   0.732 UA:3    +
   74    80  0   0.0%   0.548 AU:3    +
   24   133  0   0.0%   0.937 AU:3    +
   42   151  0   0.0%   1.190 UA:3    +
   58   140  0   0.0%   0.091 UA:3    +
    2    12  0   0.0%   0.001 AU:3    +
   81   136  0   0.0%   0.231 UG:3    +
   59    73  0   0.0%   0.148 GU:3    +
   91    99  0   0.0%   0.000 AU:3    +
   58   151  0   0.0%   0.795 UA:3    +
   42    70  0   0.0%   0.883 UG:3    +
   46    76  0   0.0%   0.772 GC:3    +
   59    80  0   0.0%   0.690 GU:3    +
   43    75  0   0.0%   0.668 GC:3    +
   61   139  0   0.0%   0.135 GC:3    +
   17    82  0   0.0%   0.808 UG:3    +
   61    78  0   0.0%   0.486 GU:3    +
   41   152  0   0.0%   0.891 AU:3    +
   80   137  0   0.0%   0.527 UA:3    +
   60   138  0   0.0%   0.143 UA:3    +
   13    65  0   0.0%   0.542 GC:3    +
    5   154  0   0.0%   0.228 UG:3    +
   16    46  0   0.0%   0.509 CG:3    +
   67    77  0   0.0%   0.420 GC:3    +
   59    64  0   0.0%   0.133 GC:3    +
   17    43  0   0.0%   0.845 UG:3    +
   82   135  0   0.0%   0.327 GC:3    +
   28    56  0   0.0%   1.007 GU:3    +
  112   119  0   0.0%   0.048 GC:3    +
   56   151  0   0.0%   1.038 UA:3    +
   80   151  0   0.0%   1.230 UA:3    +
  133   145  0   0.0%   0.005 UG:3    +
   38    58  0   0.0%   0.885 GU:3    +
   70    78  0   0.0%   0.605 GU:3    +
  131   146  0   0.0%   0.011 UA:3    +
    5    43  0   0.0%   0.227 UG:3    +
   40   151  0   0.0%   1.351 UA:3    +
   28    36  0   0.0%   1.319 GU:3    +
   39    67  0   0.0%   1.342 CG:3    +
   44    74  0   0.0%   0.537 UA:3    +
   13    36  0   0.0%   0.345 GU:3    +
   22    76  0   0.0%   0.730 GC:3    +
   71    78  0   0.0%   0.536 GU:3    +
    1    35  0   0.0%   0.539 GC:3    +
   77   154  0   0.0%   1.171 CG:3    +
   47   148  0   0.0%   0.428 AU:3    +
   36    52  0   0.0%   0.865 UA:3    +
   10    82  0   0.0%   0.247 CG:3    +
   11    81  0   0.0%   0.451 GU:3    +
   80   154  0   0.0%   1.273 UG:3    +
    6   145  0   0.0%   0.311 CG:3    +
   17    38  0   0.0%   1.187 UG:3    +
   43    79  0   0.0%   0.999 GC:3    +
   12   154  0   0.0%   0.763 UG:3    +
   36    49  0   0.0%   0.865 UA:3    +
    5   146  0   0.0%   0.227 UA:3    +
    1    76  0   0.0%   0.549 GC:3    +
   61   135  0   0.0%   0.135 GC:3    +
   62   134  0   0.0%   0.128 GC:3    +
   17    47  0   0.0%   0.808 UA:3    +
   98   112  0   0.0%   0.000 UG:3    +
   55    59  0   0.0%   0.148 UG:3    +
   89    95  0   0.0%   0.000 UA:3    +
   92   124  0   0.0%   0.417 AU:3    +
   23    75  0   0.0%   0.758 GC:3    +
   15    44  0   0.0%   0.608 GU:3    +
   39   154  0   0.0%   1.686 CG:3    +
   49    78  0   0.0%   0.395 AU:3    +
   67   134  0   0.0%   0.077 GC:3    +
   60    68  0   0.0%   0.155 UA:3    +
    5   151  0   0.0%   0.227 UA:3    +
   68   133  0   0.0%   0.061 AU:3    +
   21   132  1   0.0%   0.510 CG:1    UG:1    +
   59    69  0   0.0%   0.166 GU:3    +
   98   113  0   0.0%   0.000 UG:3    +
   35    71  0   0.0%   0.988 CG:3    +
   74    78  0   0.0%   0.399 AU:3    +
   60   140  0   0.0%   0.143 UA:3    +
    7   148  0   0.0%   0.397 AU:3    +
   93    99  0   0.0%   0.000 AU:3    +
   64   136  0   0.0%   0.143 CG:3    +
    1   135  0   0.0%   0.550 GC:3    +
   58    70  0   0.0%   0.134 UG:3    +
   57    71  0   0.0%   0.350 CG:3    +
   10    67  0   0.0%   0.247 CG:3    +
   49    80  0   0.0%   0.415 AU:3    +
   37   145  0   0.0%   1.008 CG:3    +
   82   148  0   0.0%   0.454 GU:3    +
   57    62  0   0.0%   0.397 CG:3    +
    7    69  0   0.0%   0.369 AU:3    +
   16   145  0   0.0%   0.513 CG:3    +
   19    44  0   0.0%   0.032 AU:3    +
   36   146  0   0.0%   0.883 UA:3    +
   24   152  0   0.0%   1.330 AU:3    +
    6    70  0   0.0%   0.311 CG:3    +
    3    32  1   0.0%   0.066 AU:1    UA:1    +
   18    32  1   0.5%   0.825 UA:2    +
   23   149  1   0.5%   1.232 GU:2    +
    3   148  1   0.4%   0.142 AU:2    +
   41   159  1   0.4%   0.611 AU:2    +
   41    48  1   0.4%   0.493 AU:2    +
   31    68  1   0.4%   0.390 UA:2    +
   52   149  1   0.3%   1.027 AU:2    +
   49   149  1   0.3%   0.174 AU:2    +
   12   157  1   0.3%   0.774 UA:2    +
   93   121  1   0.3%   0.598 AU:2    +
   13   156  1   0.3%   0.605 GC:2    +
    8    20  1   0.2%   0.047 UA:2    +
   19    31  1   0.2%   0.082 AU:2    +
    7    21  1   0.2%   0.350 AU:2    +
  149   154  1   0.1%   1.212 UG:2    +
   22   159  1   0.1%   1.439 GU:2    +
   14   149  1   0.1%   0.453 AU:2    +
   94   120  1   0.1%   0.269 GU:2    +
   24    66  1   0.1%   0.601 AU:2    +
   12    32  1   0.1%   0.364 UA:2    +
    1   156  1   0.1%   0.623 GC:2    +
   95   121  1   0.1%   0.494 AU:2    +
   13    31  1   0.1%   0.181 GU:2    +
   18    24  1   0.1%   0.766 UA:2    +
   21   160  1   0.1%   0.866 UA:2    +
    7    18  1   0.1%   0.737 AU:2    +
   95   120  1   0.1%   0.226 AU:2    +
   18    41  1   0.1%   0.829 UA:2    +
   80   132  1   0.1%   0.538 UG:2    +
  149   155  1   0.1%   1.182 UA:2    +
  131   157  1   0.0%   0.376 UA:2    +
   16    84  1   0.0%   0.520 CG:2    +
   24   159  1   0.0%   0.985 AU:2    +
   14   159  1   0.0%   0.416 AU:2    +
   50   150  1   0.0%   1.438 AU:2    +
    4     9  1   0.0%   0.010 CG:2    +
   21    34  1   0.0%   0.463 UA:2    +
   79   132  1   0.0%   0.387 CG:2    +
   94   121  1   0.0%   0.525 GU:2    +
    2   153  1   0.0%   0.513 AU:2    +
   15   156  1   0.0%   0.642 GC:2    +
    3    12  1   0.0%   0.008 AU:2    +
   91   120  1   0.0%   0.007 AU:2    +
    3   152  1   0.0%   0.116 AU:2    +
  137   149  1   0.0%   0.450 AU:2    +
   19   149  1   0.0%   0.095 AU:2    +
   53   149  1   0.0%   0.711 AU:2    +
    2   159  1   0.0%   0.496 AU:2    +
    8    24  1   0.0%   0.085 UA:2    +
    1   149  1   0.0%   0.557 GU:2    +
   32    60  1   0.0%   0.149 AU:2    +
   17    32  1   0.0%   0.764 UA:2    +
    9    35  1   0.0%   0.082 GC:2    +
   48    53  1   0.0%   0.110 UA:2    +
    1   159  1   0.0%   0.687 GU:2    +
   19   150  1   0.0%   0.097 AU:2    +
   32    44  1   0.0%   0.253 AU:2    +
   40   157  1   0.0%   1.029 UA:2    +
   52   150  1   0.0%   1.292 AU:2    +
   38   159  1   0.0%   0.988 GU:2    +
  132   148  1   0.0%   0.163 GU:2    +
   32    36  1   0.0%   0.867 AU:2    +
   18    34  1   0.0%   0.978 UA:2    +
    8   151  1   0.0%   0.137 UA:2    +
   20   149  1   0.0%   0.562 AU:2    +
  140   149  1   0.0%   0.431 AU:2    +
  132   139  1   0.0%   0.014 GC:2    +
    9    44  1   0.0%   0.300 GU:2    +
   31    61  1   0.0%   0.327 UG:2    +
   44   157  1   0.0%   1.240 UA:2    +
  154   159  1   0.0%   0.830 GU:2    +
   32    69  1   0.0%   0.171 AU:2    +
   25   159  1   0.0%   1.020 GU:2    +
   19   159  1   0.0%   0.406 AU:2    +
   18   151  1   0.0%   0.795 UA:2    +
   22   156  1   0.0%   1.418 GC:2    +
    8   157  1   0.0%   0.143 UA:2    +
   83   130  1   0.0%   0.122 AU:2    +
   58   144  1   0.0%   0.094 UG:2    +
  153   160  1   0.0%   0.785 UA:2    +
   31    70  1   0.0%   0.369 UG:2    +
  150   157  1   0.0%   1.069 UA:2    +
    8    19  1   0.0%   0.004 UA:2    +
  150   155  1   0.0%   1.451 UA:2    +
   48    52  1   0.0%   0.369 UA:2    +
   98   118  1   0.0%   1.051 UG:2    +
   48   132  1   0.0%   0.038 UG:2    +
   38    66  1   0.0%   0.974 GU:2    +
    2   150  1   0.0%   0.501 AU:2    +
   21   155  1   0.0%   1.220 UA:2    +
   40   144  1   0.0%   1.002 UG:2    +
   20   159  1   0.0%   0.870 AU:2    +
   22   149  1   0.0%   1.151 GU:2    +
   34    48  1   0.0%   0.221 AU:2    +
  148   157  1   0.0%   0.501 UA:2    +
   20   153  1   0.0%   1.260 AU:2    +
  151   159  1   0.0%   0.757 AU:2    +
    9   158  1   0.0%   0.371 GC:2    +
   20   150  1   0.0%   0.561 AU:2    +
    2     8  1   0.0%   0.002 AU:2    +
   24    31  1   0.0%   0.396 AU:2    +
  132   150  1   0.0%   0.736 GU:2    +
    3    44  1   0.0%   0.069 AU:2    +
   77   144  1   0.0%   0.427 CG:2    +
   11   156  1   0.0%   0.470 GC:2    +
   51   132  1   0.0%   0.617 CG:2    +
  152   157  1   0.0%   1.084 UA:2    +
    9    42  1   0.0%   0.340 GU:2    +
  155   159  1   0.0%   0.790 AU:2    +
   95   114  1   0.0%   0.001 AU:2    +
   14    18  1   0.0%   0.590 AU:2    +
   53   150  1   0.0%   0.989 AU:2    +
    9   150  1   0.0%   0.330 GU:2    +
   38    72  1   0.0%   0.981 GC:2    +
   81   132  1   0.0%   0.238 UG:2    +
   17   157  1   0.0%   1.172 UA:2    +
    9    36  1   0.0%   0.085 GU:2    +
    9    29  1   0.0%   0.078 GC:2    +
  150   160  1   0.0%   0.740 UA:2    +
   14   153  1   0.0%   0.458 AU:2    +
    8    30  1   0.0%   0.023 UA:2    +
  130   151  1   0.0%   0.802 UA:2    +
   52   153  1   0.0%   1.339 AU:2    +
   18   155  1   0.0%   1.495 UA:2    +
   18   160  1   0.0%   1.127 UA:2    +
  153   157  1   0.0%   1.111 UA:2    +
    3    42  1   0.0%   0.067 AU:2    +
   32    48  1   0.0%   0.144 AU:2    +
   21    47  1   0.0%   0.509 UA:2    +
   57   144  1   0.0%   0.327 CG:2    +
   32    73  1   0.0%   0.174 AU:2    +
    8   160  1   0.0%   0.136 UA:2    +
  139   144  1   0.0%   0.008 CG:2    +
   78   132  1   0.0%   0.375 UG:2    +
    2    21  1   0.0%   0.427 AU:2    +
   50   130  1   0.0%   0.395 AU:2    +
   20    48  1   0.0%   0.483 AU:2    +
    7    31  1   0.0%   0.320 AU:2    +
  130   141  1   0.0%   0.098 UA:2    +
   18   157  1   0.0%   1.149 UA:2    +
   31    52  1   0.0%   0.323 UA:2    +
   31    49  1   0.0%   0.323 UA:2    +
    3    40  1   0.0%   0.067 AU:2    +
   26    31  1   0.0%   0.382 GU:2    +
   31    74  1   0.0%   0.348 UA:2    +
   81   157  1   0.0%   0.582 UA:2    +
    9    18  1   0.0%   0.505 GU:2    +
   77   132  1   0.0%   0.425 CG:2    +
   83   149  1   0.0%   0.447 AU:2    +
   99   118  1   0.0%   0.892 UG:2    +
   43   159  1   0.0%   1.051 GU:2    +
  144   150  1   0.0%   0.711 GU:2    +
  140   153  1   0.0%   0.757 AU:2    +
    3   131  1   0.0%   0.068 AU:2    +
   54    84  1   0.0%   0.093 CG:2    +
    3    55  1   0.0%   0.067 AU:2    +
  149   160  1   0.0%   0.468 UA:2    +
   82   156  1   0.0%   0.705 GC:2    +
    7   159  1   0.0%   0.404 AU:2    +
   11    31  1   0.0%   0.049 GU:2    +
    9    17  1   0.0%   0.508 GU:2    +
    5     9  1   0.0%   0.004 UG:2    +
   24   149  1   0.0%   1.030 AU:2    +
   84   129  1   0.0%   0.019 GU:2    +
   18    30  1   0.0%   0.739 UA:2    +
    8   155  1   0.0%   0.171 UA:2    +
   61    72  1   0.0%   0.120 GC:2    +
   31    71  1   0.0%   0.372 UG:2    +
   31    53  1   0.0%   0.323 UA:2    +
  138   150  1   0.0%   0.711 AU:2    +
   46    66  1   0.0%   0.458 GU:2    +
   13   159  1   0.0%   0.572 GU:2    +
   13   149  1   0.0%   0.575 GU:2    +
   66    70  1   0.0%   0.245 UG:2    +
   30    48  1   0.0%   0.330 AU:2    +
   55   144  1   0.0%   0.029 UG:2    +
   14    21  1   0.0%   0.214 AU:2    +
   53   130  1   0.0%   0.264 AU:2    +
  114   118  1   0.0%   0.451 UG:2    +
   25    31  1   0.0%   0.403 GU:2    +
  140   150  1   0.0%   0.709 AU:2    +
    9    45  1   0.0%   0.298 GC:2    +
  141   149  1   0.0%   0.428 AU:2    +
    9    33  1   0.0%   0.077 GC:2    +
   76   132  1   0.0%   0.420 CG:2    +
   54   144  1   0.0%   0.090 CG:2    +
  137   153  1   0.0%   0.779 AU:2    +
   51   144  1   0.0%   0.616 CG:2    +
   31    67  1   0.0%   0.324 UG:2    +
  141   150  1   0.0%   0.707 AU:2    +
   31    47  1   0.0%   0.323 UA:2    +
   19    48  1   0.0%   0.029 AU:2    +
   18    49  1   0.0%   0.770 UA:2    +
    2   130  1   0.0%   0.433 AU:2    +
  134   144  1   0.0%   0.003 CG:2    +
   23   159  1   0.0%   1.162 GU:2    +
    5   157  1   0.0%   0.269 UA:2    +
  138   149  1   0.0%   0.431 AU:2    +
    4    84  1   0.0%   0.236 CG:2    +
    3    80  1   0.0%   0.067 AU:2    +
   31    43  1   0.0%   0.482 UG:2    +
   31    50  1   0.0%   0.323 UA:2    +
   26   159  1   0.0%   1.134 GU:2    +
   47   150  1   0.0%   0.701 AU:2    +
  137   150  1   0.0%   0.728 AU:2    +
  132   142  1   0.0%   0.011 GC:2    +
  112   120  1   0.0%   0.226 GU:2    +
   47   149  1   0.0%   0.444 AU:2    +
   31    38  1   0.0%   0.943 UG:2    +
   84   130  1   0.0%   0.102 GU:2    +
   25    66  1   0.0%   0.639 GU:2    +
   15   159  1   0.0%   0.626 GU:2    +
    8    34  1   0.0%   0.022 UA:2    +
  118   122  1   0.0%   0.458 GC:2    +
   22    31  1   0.0%   0.470 GU:2    +
   55    84  1   0.0%   0.031 UG:2    +
    3    81  1   0.0%   0.067 AU:2    +
    9   152  1   0.0%   0.318 GU:2    +
   21    83  1   0.0%   0.518 UA:2    +
  132   158  1   0.0%   0.189 GC:2    +
  130   155  1   0.0%   0.817 UA:2    +
   80   144  1   0.0%   0.529 UG:2    +
   15    31  1   0.0%   0.434 GU:2    +
   77    84  1   0.0%   0.427 CG:2    +
   18    83  1   0.0%   0.790 UA:2    +
  136   149  1   0.0%   0.856 GU:2    +
   32    42  1   0.0%   0.556 AU:2    +
    9   153  1   0.0%   0.349 GU:2    +
   31    59  1   0.0%   0.323 UG:2    +
   82   159  1   0.0%   0.375 GU:2    +
  145   149  1   0.0%   0.432 GU:2    +
   49   153  1   0.0%   1.184 AU:2    +
    3   129  1   0.0%   0.067 AU:2    +
    3    85  1   0.0%   0.067 AU:2    +
   20   130  1   0.0%   0.512 AU:2    +
   47   153  1   0.0%   1.470 AU:2    +
   38   156  1   0.0%   0.964 GC:2    +
   76    84  1   0.0%   0.422 CG:2    +
    2    31  1   0.0%   0.425 AU:2    +
   41   150  1   0.0%   0.847 AU:2    +
   23    31  1   0.0%   0.404 GU:2    +
   14   150  1   0.0%   0.445 AU:2    +
    7   150  1   0.0%   0.402 AU:2    +
   32    58  1   0.0%   0.147 AU:2    +
   90   115  1   0.0%   0.000 UA:2    +
  132   153  1   0.0%   0.783 GU:2    +
   54   132  1   0.0%   0.090 CG:2    +
   91   114  1   0.0%   0.000 AU:2    +
   89   118  1   0.0%   0.000 UG:2    +
  143   157  1   0.0%   0.655 UA:2    +
   90   118  1   0.0%   0.000 UG:2    +
   69   132  1   0.0%   0.046 UG:2    +
   15   149  1   0.0%   0.653 GU:2    +
  132   152  1   0.0%   0.756 GU:2    +
   82   149  1   0.0%   0.749 GU:2    +
   25   156  1   0.0%   1.019 GC:2    +
    3    36  1   0.0%   0.071 AU:2    +
    8    14  1   0.0%   0.157 UA:2    +
    8    68  1   0.0%   0.133 UA:2    +
((.((((....)))).))...((((((((........))).(((.....)))......((((((.....))))))))))).((((((((..(((.....(((((....))))).....))).)))))))).(((((......))))).............
