3 sequence; length of alignment 161
alifold output
    6    37  0 100.0%   0.001 GC:2    AU:1   
  132   141  0  99.9%   0.007 UG:1    UA:2   
   18    25  0  99.9%   0.004 GC:2    GU:1   
  128   145  0  99.8%   0.007 GC:2    AU:1   
    8    35  0 100.0%   0.000 GC:3   
   15    28  0 100.0%   0.000 CG:3   
   17    26  0 100.0%   0.000 GC:3   
   13    30  0 100.0%   0.000 CG:3   
   16    27  0 100.0%   0.001 UA:3   
   14    29  0 100.0%   0.001 AU:3   
    7    36  0 100.0%   0.001 UA:3   
  133   140  0 100.0%   0.006 CG:3   
   12    31  0  99.9%   0.002 AU:3   
    9    34  0  99.9%   0.004 AU:3   
  129   144  0  99.8%   0.005 UA:3   
  131   142  0  99.8%   0.009 UA:3   
  130   143  0  99.8%   0.008 UA:3   
   11    32  0  99.0%   0.031 UG:3   
    5    38  0  97.6%   0.073 AU:3   
   68   108  0  97.0%   0.203 UA:3   
   69   107  0  96.8%   0.255 AU:3   
   67   109  1  97.0%   0.203 GC:2   
   66   110  0  95.3%   0.257 UA:3   
   70   106  0  94.0%   0.304 UG:2    UA:1   
   77   102  0  93.2%   0.433 GC:3   
   84    97  0  92.4%   0.548 CG:3   
   85    96  0  92.2%   0.392 UA:3   
   19    24  0  92.1%   0.228 UA:3   
   65   111  1  92.5%   0.334 UA:2   
  134   139  0  91.7%   0.244 UA:3   
   78   101  0  91.7%   0.472 AU:3   
   63   113  0  90.6%   0.390 CG:3   
   64   112  1  90.8%   0.381 UA:2   
   86    95  1  90.0%   0.412 UA:2   
   76   103  1  88.9%   0.448 AU:1    UA:1   
   81    99  0  81.9%   0.890 GC:2    GU:1   
   71   105  1  83.4%   0.622 UA:2   
   80   100  1  82.5%   0.643 GC:2   
    4    39  1  81.4%   0.503 UA:2   
   75   104  0  76.7%   0.966 UG:3   
   83    98  1  75.9%   1.083 GU:2   
  116   125  0  73.4%   1.052 CG:3   
  117   124  1  73.0%   1.090 CG:2   
  127   146  0  68.1%   1.250 UA:3   
  115   126  1  61.2%   1.389 UA:2   
   87    94  1  61.1%   1.142 UA:2   
   54    59  0  47.6%   1.369 CG:3   
   53    60  1  45.5%   1.302 UA:2   
    2   157  0  38.5%   1.828 GC:3   
   52    61  0  34.0%   1.428 UG:1    UA:2   
    1   158  0  33.4%   1.748 UA:3   
  114   127  0  23.2%   1.283 GU:3    +
   52    58  0  13.8%   0.858 UG:1    UA:2    +
   51    59  0  14.0%   0.848 CG:3    +
    2    40  0  12.9%   0.794 GC:1    GU:2    +
    1    41  0  11.2%   0.737 UA:3    +
  118   155  0   8.2%   1.084 AU:1    UA:2    +
  119   154  1   8.8%   0.849 GC:1    AU:1    +
  120   153  0   8.3%   1.071 UA:3    +
   59   117  0   6.6%   1.455 GC:3    +
   49   150  0   6.0%   0.664 AU:3    +
   64   113  0   5.0%   0.746 CG:1    UG:2    +
   53    57  1   6.2%   0.557 UA:2    +
   48   151  0   5.4%   0.692 UA:3    +
   50   149  1   5.7%   0.590 AU:2    +
    2   152  0   4.2%   0.888 GC:2    GU:1    +
   58   118  1   5.6%   0.803 AU:2    +
   80    99  0   4.1%   0.553 GC:2    GU:1    +
   63   114  0   5.1%   0.719 CG:3    +
   73   104  0   4.0%   0.597 CG:2    UG:1    +
   51   147  1   5.4%   0.945 CG:2    +
   59   116  0   4.5%   1.200 GC:3    +
   77    99  0   3.5%   0.404 GC:2    GU:1    +
    2    44  0   4.4%   0.679 GC:3    +
  114   160  0   4.1%   1.198 GC:3    +
    2   154  0   3.0%   0.934 GC:2    GU:1    +
   60   115  1   4.2%   0.904 AU:2    +
    1    45  0   3.6%   0.640 UA:3    +
   79    97  0   3.6%   0.469 CG:3    +
  114   157  0   3.5%   1.345 GC:3    +
    1   153  0   3.5%   0.790 UA:3    +
   73    83  0   2.3%   0.264 CG:2    UG:1    +
  125   149  0   2.1%   1.043 GC:1    GU:2    +
   78    98  1   3.6%   0.469 AU:2    +
   57   120  0   3.0%   0.561 AU:3    +
  113   161  0   3.0%   0.596 GC:3    +
   71   106  0   1.0%   0.484 CG:1    UG:1    UA:1    +
  115   159  1   3.5%   1.158 UA:2    +
   52   146  0   2.9%   1.227 UA:3    +
   83    93  0   2.8%   0.542 GC:3    +
   62   115  1   3.3%   0.677 AU:2    +
  118   124  0   1.7%   0.850 UG:2    AU:1    +
   63    97  0   2.7%   0.308 CG:3    +
   66    94  0   2.7%   0.307 UA:3    +
   65   112  1   3.2%   0.611 UA:2    +
   55   122  0   2.7%   0.438 UA:3    +
   68    92  0   2.7%   0.301 UA:3    +
  115   156  1   3.2%   1.024 UA:2    +
   56   121  1   3.2%   0.399 AU:2    +
   81   100  1   3.2%   0.796 GC:2    +
   69    91  0   2.6%   0.296 AU:3    +
   72    84  0   2.3%   0.268 GC:3    +
   82    94  1   2.7%   0.513 UA:2    +
   67    93  1   2.7%   0.306 GC:2    +
   54   125  0   2.2%   0.872 CG:3    +
   64    96  1   2.7%   0.307 UA:2    +
   65    95  1   2.7%   0.308 UA:2    +
  119   152  1   2.2%   0.404 GC:1    AU:1    +
   54   104  0   2.1%   0.608 CG:3    +
  120   151  0   2.1%   0.605 UA:3    +
    6   149  0   0.0%   0.029 GC:1    GU:1    AU:1    +
   40   106  0   0.0%   0.398 CG:1    UG:1    UA:1    +
  106   149  0   0.0%   0.461 GC:1    GU:1    AU:1    +
   62    98  1   2.4%   0.312 AU:2    +
   75    81  0   1.9%   0.232 UG:3    +
   51   125  0   1.9%   0.577 CG:3    +
   59   102  0   1.9%   0.926 GC:3    +
    1   155  1   2.4%   0.821 UA:2    +
   60   101  0   1.8%   0.625 AU:3    +
   41    46  0   1.8%   0.480 AU:3    +
  117   125  0   1.8%   1.086 CG:3    +
    2   160  0   1.8%   1.308 GC:3    +
    4    42  0   0.7%   0.304 GC:1    UA:2    +
   52   106  0   0.7%   0.901 UG:2    UA:1    +
   74    82  1   2.1%   0.254 AU:2    +
   71   104  0   0.6%   0.194 CG:1    UG:2    +
   39    48  0   1.6%   0.381 AU:3    +
   66   111  0   1.6%   0.434 UA:3    +
   40    47  1   2.0%   0.525 UA:2    +
    4   155  0   0.5%   0.407 GU:1    UA:2    +
   55   103  1   2.0%   0.291 UA:2    +
    2   149  0   0.5%   0.521 GC:1    GU:2    +
   43   115  0   0.5%   0.122 AU:2    UA:1    +
  118   153  1   1.9%   0.641 UA:2    +
   42    53  0   0.3%   0.124 CG:1    AU:2    +
   53   126  1   1.8%   0.959 UA:2    +
   77    86  0   0.3%   0.071 GC:1    GU:2    +
   59    99  0   0.3%   0.725 GC:2    GU:1    +
   76    87  0   0.3%   0.077 AU:2    UA:1    +
   58    64  0   0.2%   0.322 GC:1    AU:2    +
   53   124  0   0.2%   0.764 GU:1    UG:2    +
  124   150  1   1.6%   1.035 GU:2    +
   83    99  0   0.1%   0.882 GC:2    GU:1    +
   52   124  1   1.6%   1.000 UG:2    +
   55   124  1   1.6%   0.575 UG:2    +
   58   120  0   0.1%   0.617 GU:1    AU:2    +
   86   104  0   0.1%   0.594 CG:1    UG:2    +
   58   101  0   0.1%   0.329 GU:1    AU:2    +
    2    73  0   0.1%   0.423 GC:2    GU:1    +
   89    97  0   1.1%   0.477 CG:3    +
   59   149  0   0.1%   1.330 GC:1    GU:2    +
   58   150  0   0.1%   0.726 GU:1    AU:2    +
   90    96  0   1.1%   0.340 UA:3    +
   59   152  0   0.1%   1.260 GC:2    GU:1    +
  114   152  0   0.0%   0.752 GC:2    GU:1    +
   48    61  0   0.0%   0.148 UG:1    UA:2    +
  114   154  0   0.0%   0.724 GC:2    GU:1    +
  106   120  0   0.0%   0.390 GU:2    AU:1    +
  107   119  0   0.0%   0.117 UG:1    UA:2    +
    4    43  0   0.0%   0.223 GU:1    UA:2    +
   46    58  0   0.0%   0.115 UG:1    UA:2    +
   61   150  0   0.0%   0.680 GU:1    AU:2    +
    4   124  0   0.0%   0.227 GU:1    UG:2    +
   53   155  0   0.0%   0.907 GU:1    UA:2    +
   71    80  0   0.0%   0.011 CG:1    UG:2    +
   50   107  0   1.0%   0.161 AU:3    +
   55    61  0   0.0%   0.433 UG:1    UA:2    +
   55   119  0   0.0%   0.151 UG:1    UA:2    +
  121   155  0   0.0%   0.500 GU:1    UA:2    +
   59   154  0   0.0%   1.230 GC:2    GU:1    +
   99   114  0   0.0%   0.659 CG:2    UG:1    +
  125   152  0   0.0%   0.866 GC:2    GU:1    +
   61   131  0   0.0%   0.428 GU:1    AU:2    +
   58   134  0   0.0%   0.480 GU:1    AU:2    +
   48   106  0   0.0%   0.166 UG:2    UA:1    +
   40   119  0   0.0%   0.401 CG:1    UA:2    +
   40    58  0   0.0%   0.399 CG:1    UA:2    +
    4   147  0   0.0%   0.269 GU:1    UG:2    +
   76   118  0   0.0%   0.332 AU:2    UA:1    +
   75   119  0   0.0%   0.329 UG:1    UA:2    +
  119   127  0   0.0%   0.358 GU:1    AU:2    +
   46   119  0   0.0%   0.125 UG:1    UA:2    +
   40    61  0   0.0%   0.399 CG:1    UA:2    +
   75   106  0   0.0%   0.547 UG:2    UA:1    +
   58    65  0   0.0%   0.314 GC:1    AU:2    +
   59    64  0   0.0%   0.691 GC:1    GU:2    +
    2   145  0   0.0%   0.442 GC:2    GU:1    +
   48   119  0   0.0%   0.172 UG:1    UA:2    +
   48    58  0   0.0%   0.141 UG:1    UA:2    +
   43    53  0   0.0%   0.052 UG:1    AU:2    +
   99   104  0   0.0%   0.899 CG:2    UG:1    +
   46    61  0   0.0%   0.111 UG:1    UA:2    +
  115   155  0   0.0%   0.796 AU:1    UA:2    +
   76    82  0   0.0%   0.087 AU:2    UA:1    +
  114   149  0   0.0%   0.821 GC:1    GU:2    +
   40   114  0   0.0%   0.420 CG:1    UG:2    +
   65   113  0   0.0%   0.545 CG:1    UG:2    +
   73    77  0   0.0%   0.009 CG:2    UG:1    +
   58    90  0   0.0%   0.299 GU:1    AU:2    +
   64   114  0   0.0%   0.563 CG:1    UG:2    +
   59    71  0   0.0%   0.679 GC:1    GU:2    +
   61    86  0   0.0%   0.386 GC:1    AU:2    +
  119   150  0   0.0%   0.261 GU:1    AU:2    +
  128   152  0   0.0%   0.240 GC:2    AU:1    +
   65   125  0   0.0%   0.512 CG:1    UG:2    +
   40    59  0   0.0%   0.399 CG:1    UG:2    +
  121   147  0   0.0%   0.341 GU:1    UG:2    +
   53   147  0   0.0%   0.987 GU:1    UG:2    +
   42   121  0   0.0%   0.088 CG:1    AU:2    +
  125   154  0   0.0%   0.955 GC:2    GU:1    +
   61   120  0   0.0%   0.563 GU:1    AU:2    +
   86    97  0   0.0%   0.414 CG:1    UG:2    +
   71    77  0   0.0%   0.003 CG:1    UG:2    +
   61    71  0   0.0%   0.387 GC:1    AU:2    +
  115   124  0   0.0%   0.577 UG:2    AU:1    +
   52   119  0   0.0%   0.790 UG:1    UA:2    +
    1    61  0   0.0%   0.401 UG:1    UA:2    +
   61   101  0   0.0%   0.481 GU:1    AU:2    +
  128   154  0   0.0%   0.331 GC:2    AU:1    +
   65   104  0   0.0%   0.202 CG:1    UG:2    +
   81    86  0   0.0%   0.095 GC:1    GU:2    +
    4    76  0   0.0%   0.213 GU:1    UA:2    +
   48   128  0   0.0%   0.171 UG:2    UA:1    +
   55   106  0   0.0%   0.228 UG:2    UA:1    +
   73    80  0   0.0%   0.011 CG:2    UG:1    +
   72    86  0   0.0%   0.097 GC:1    GU:2    +
  100   124  0   0.0%   0.484 CG:2    GU:1    +
   99   125  0   0.0%   0.655 CG:2    UG:1    +
   46   128  0   0.0%   0.124 UG:2    UA:1    +
   73    97  0   0.0%   0.191 CG:2    UG:1    +
   71   119  0   0.0%   0.249 CG:1    UA:2    +
   65    81  0   0.0%   0.016 CG:1    UG:2    +
    1   119  0   0.0%   0.411 UG:1    UA:2    +
   64    80  0   0.0%   0.015 CG:1    UG:2    +
  115   147  0   0.0%   0.881 UG:2    AU:1    +
   59    73  0   0.0%   0.683 GC:2    GU:1    +
  104   154  0   0.0%   0.583 GC:2    GU:1    +
   80    86  0   0.0%   0.024 GC:1    GU:2    +
   73    81  0   0.0%   0.009 CG:2    UG:1    +
  113   152  0   0.0%   0.395 GC:2    GU:1    +
   59    65  0   0.0%   0.693 GC:1    GU:2    +
   76    98  0   0.0%   0.133 AU:2    UA:1    +
   46   106  0   0.0%   0.117 UG:2    UA:1    +
  113   149  0   0.0%   0.473 GC:1    GU:2    +
  113   154  0   0.0%   0.364 GC:2    GU:1    +
   65    77  0   0.0%   0.017 CG:1    UG:2    +
   61    70  0   0.0%   0.391 GU:1    AU:2    +
   76   121  0   0.0%   0.266 UG:1    AU:2    +
  118   147  0   0.0%   0.482 UG:2    AU:1    +
   43   121  0   0.0%   0.059 UG:1    AU:2    +
  131   141  0   0.0%   0.004 UG:1    UA:2    +
   71   125  0   0.0%   0.458 CG:1    UG:2    +
   58    66  0   0.0%   0.311 GU:1    AU:2    +
   40   125  0   0.0%   0.403 CG:1    UG:2    +
    1    58  0   0.0%   0.400 UG:1    UA:2    +
    6    38  0   0.0%   0.025 GU:2    AU:1    +
   58    85  0   0.0%   0.298 GU:1    AU:2    +
   72   154  0   0.0%   0.236 GC:2    GU:1    +
   77   149  0   0.0%   0.444 GC:1    GU:2    +
  125   145  0   0.0%   0.527 GC:2    GU:1    +
   61    65  0   0.0%   0.401 GC:1    AU:2    +
   58   107  0   0.0%   0.359 GU:1    AU:2    +
   71    83  0   0.0%   0.005 CG:1    UG:2    +
   40    72  0   0.0%   0.402 CG:1    UG:2    +
  128   150  0   0.0%   0.379 GU:2    AU:1    +
   43   118  0   0.0%   0.059 AU:2    UA:1    +
   53    67  0   0.0%   0.587 GC:1    UG:2    +
   58    71  0   0.0%   0.298 GC:1    AU:2    +
   61   130  0   0.0%   0.423 GU:1    AU:2    +
   72   152  0   0.0%   0.267 GC:2    GU:1    +
   81   154  0   0.0%   0.527 GC:2    GU:1    +
   72    99  0   0.0%   0.133 GC:2    GU:1    +
   83   152  0   0.0%   0.584 GC:2    GU:1    +
   38    58  0   0.0%   0.078 UG:1    UA:2    +
   61   127  0   0.0%   0.427 GU:1    AU:2    +
   38    49  0   1.0%   0.165 UA:3    +
   52   105  0   0.9%   0.830 UA:3    +
   91    95  0   0.8%   0.433 UA:3    +
   52   126  0   0.8%   0.984 UA:3    +
   53   105  1   1.3%   0.797 UA:2    +
  122   150  0   0.7%   0.511 AU:3    +
  124   149  1   0.7%   0.858 GC:1    GU:1    +
  114   123  0   0.7%   0.345 GC:3    +
   41    48  0   0.7%   0.488 AU:3    +
   51   106  1   1.1%   0.432 CG:2    +
   44   114  0   0.6%   0.269 CG:3    +
   85    92  0   0.6%   0.241 UA:3    +
   73   106  1   0.5%   0.502 CG:1    UG:1    +
   54   124  1   1.0%   0.671 CG:2    +
   88    98  1   1.0%   0.618 AU:2    +
   70   105  0   0.5%   0.191 UA:3    +
   56   120  0   0.4%   0.117 AU:3    +
   81    93  0   0.4%   0.259 GC:3    +
    3   114  0   0.4%   0.075 CG:3    +
   46   153  0   0.4%   0.322 UA:3    +
   53   125  1   0.9%   0.875 UG:2    +
   80   101  0   0.4%   0.557 GU:3    +
   49    55  0   0.4%   0.155 AU:3    +
   48    56  0   0.4%   0.183 UA:3    +
   77    84  0   0.4%   0.148 GC:3    +
   72    89  0   0.3%   0.156 GC:3    +
    1   151  0   0.3%   0.477 UA:3    +
    2   150  0   0.3%   0.526 GU:3    +
  125   150  0   0.3%   1.013 GU:3    +
   83    91  0   0.3%   0.251 GU:3    +
    3   147  1   0.8%   0.154 CG:2    +
   81    89  0   0.3%   0.147 GC:3    +
    2   161  0   0.3%   1.212 GC:3    +
   80    90  0   0.3%   0.056 GU:3    +
   44    59  0   0.3%   0.187 CG:3    +
   78    85  0   0.2%   0.065 AU:3    +
   48    62  0   0.2%   0.184 UA:3    +
   52    62  0   0.2%   0.748 UA:3    +
   59   157  0   0.2%   1.529 GC:3    +
   47   150  0   0.2%   0.190 AU:3    +
   56   150  0   0.2%   0.438 AU:3    +
   46   151  0   0.2%   0.196 UA:3    +
   61   115  1   0.7%   0.670 AU:2    +
   59    63  0   0.2%   0.701 GC:3    +
   55   151  0   0.2%   0.552 UA:3    +
   57   101  0   0.2%   0.235 AU:3    +
   52    60  0   0.2%   0.351 UA:3    +
   39    46  0   0.2%   0.204 AU:3    +
  147   154  1   0.2%   0.607 GC:1    GU:1    +
   47    55  0   0.2%   0.129 AU:3    +
   46    56  0   0.2%   0.124 UA:3    +
  150   158  0   0.1%   0.823 UA:3    +
   75   105  0   0.1%   0.617 UA:3    +
  102   125  0   0.1%   0.390 CG:3    +
  103   124  1   0.1%   0.429 UG:1    AU:1    +
  149   156  1   0.6%   0.610 UA:2    +
  104   123  0   0.1%   0.496 GC:3    +
    1   159  0   0.1%   1.042 UA:3    +
   52   125  0   0.1%   0.962 UG:3    +
  121   151  1   0.6%   0.519 UA:2    +
  124   152  1   0.1%   0.867 GC:1    GU:1    +
  101   126  0   0.1%   0.342 UA:3    +
   59   160  0   0.1%   1.229 GC:3    +
   51   114  0   0.1%   0.409 CG:3    +
  109   114  0   0.1%   0.287 CG:3    +
   40    49  1   0.6%   0.496 UA:2    +
   79    83  0   0.1%   0.112 CG:3    +
   56    66  0   0.1%   0.061 AU:3    +
   41   150  0   0.1%   0.405 AU:3    +
   38    47  0   0.1%   0.046 UA:3    +
  115   122  1   0.6%   0.527 UA:2    +
   85   105  0   0.1%   0.451 UA:3    +
   83   107  0   0.1%   0.550 GU:3    +
   81   109  0   0.1%   0.467 GC:3    +
  126   150  0   0.1%   0.830 AU:3    +
   52    57  0   0.1%   0.050 UA:3    +
  150   156  0   0.1%   0.595 UA:3    +
   47    68  0   0.1%   0.120 AU:3    +
   46    69  0   0.1%   0.127 UA:3    +
    3    72  0   0.1%   0.020 CG:3    +
   49    66  0   0.1%   0.115 AU:3    +
    1   156  0   0.1%   0.660 UA:3    +
   52    59  0   0.1%   0.615 UG:3    +
    2   109  0   0.1%   0.428 GC:3    +
   45    70  0   0.1%   0.155 AU:3    +
    1    74  0   0.1%   0.415 UA:3    +
    3   125  0   0.1%   0.047 CG:3    +
    1   110  0   0.1%   0.420 UA:3    +
   72   107  0   0.1%   0.221 GU:3    +
   51   113  0   0.1%   0.345 CG:3    +
   48   108  0   0.1%   0.177 UA:3    +
   52   112  0   0.1%   0.795 UA:3    +
   59   161  0   0.1%   1.170 GC:3    +
    2   123  0   0.1%   0.448 GC:3    +
   55   105  0   0.1%   0.243 UA:3    +
    5   150  0   0.1%   0.057 AU:3    +
   85    95  0   0.0%   0.173 UA:3    +
   55    60  0   0.0%   0.425 UA:3    +
   72   102  0   0.0%   0.202 GC:3    +
   72    79  0   0.0%   0.018 GC:3    +
   49   107  0   0.0%   0.117 AU:3    +
   48    57  0   0.0%   0.142 UA:3    +
   41    55  0   0.0%   0.366 AU:3    +
  125   160  0   0.0%   0.850 GC:3    +
   55   146  0   0.0%   0.434 UA:3    +
   60   150  0   0.0%   0.847 AU:3    +
   45    52  0   0.0%   0.162 AU:3    +
  134   138  0   0.0%   0.011 UA:2    --:1    +
    3    59  0   0.0%   0.009 CG:3    +
   52   156  0   0.0%   1.038 UA:3    +
   55    62  0   0.0%   0.086 UA:3    +
   80   102  0   0.0%   0.489 GC:3    +
  104   109  0   0.0%   0.513 GC:3    +
    2   116  0   0.0%   0.439 GC:3    +
   46    57  0   0.0%   0.109 UA:3    +
   80    84  0   0.0%   0.119 GC:3    +
   48    60  0   0.0%   0.143 UA:3    +
    1   146  0   0.0%   0.423 UA:3    +
   61   149  1   0.0%   0.646 GU:1    AU:1    +
   46    50  0   0.0%   0.097 UA:3    +
  147   152  1   0.0%   0.489 GC:1    GU:1    +
  101   112  0   0.0%   0.414 UA:3    +
   46   158  0   0.0%   0.540 UA:3    +
  120   156  0   0.0%   0.580 UA:3    +
   50   150  0   0.0%   0.455 AU:3    +
   48   158  0   0.0%   0.715 UA:3    +
   46   159  0   0.0%   0.184 UA:3    +
  150   159  0   0.0%   0.573 UA:3    +
   44   113  0   0.0%   0.163 CG:3    +
   48   159  0   0.0%   0.358 UA:3    +
   47    52  0   0.0%   0.116 AU:3    +
   47   107  0   0.0%   0.116 AU:3    +
   50    55  0   0.0%   0.047 AU:3    +
   48   156  0   0.0%   0.358 UA:3    +
   59   133  0   0.0%   1.111 GC:3    +
   46   156  0   0.0%   0.183 UA:3    +
   60   132  0   0.0%   0.600 AU:3    +
   81   101  0   0.0%   0.614 GU:3    +
   46   108  0   0.0%   0.123 UA:3    +
   90    94  0   0.0%   0.527 UA:3    +
   52   159  0   0.0%   1.035 UA:3    +
   70    81  0   0.0%   0.012 UG:3    +
   59   101  0   0.0%   0.726 GU:3    +
   54   140  0   0.0%   0.579 CG:3    +
   46    62  0   0.0%   0.114 UA:3    +
   72   109  0   0.0%   0.165 GC:3    +
   55   139  0   0.0%   0.312 UA:3    +
  120   126  0   0.0%   0.574 UA:3    +
   48   153  0   0.0%   0.478 UA:3    +
   57   150  0   0.0%   0.576 AU:3    +
    2   117  0   0.0%   0.439 GC:3    +
   45   150  0   0.0%   0.187 AU:3    +
  123   147  1   0.5%   0.346 CG:2    +
   93    97  0   0.0%   0.568 CG:3    +
   80    93  0   0.0%   0.127 GC:3    +
   83    89  0   0.0%   0.141 GC:3    +
   62   130  0   0.0%   0.244 AU:3    +
   79   114  0   0.0%   0.351 CG:3    +
  150   155  1   0.5%   0.793 UA:2    +
   44    72  0   0.0%   0.164 CG:3    +
   52   142  0   0.0%   0.907 UA:3    +
    1   126  0   0.0%   0.418 UA:3    +
   79   104  0   0.0%   0.588 CG:3    +
   48   126  0   0.0%   0.176 UA:3    +
   56   107  0   0.0%   0.101 AU:3    +
   58   149  1   0.0%   0.687 GU:1    AU:1    +
   52   113  0   0.0%   0.797 UG:3    +
   55   108  0   0.0%   0.149 UA:3    +
   59   150  0   0.0%   1.356 GU:3    +
    2    51  0   0.0%   0.408 GC:3    +
   59   120  0   0.0%   1.245 GU:3    +
  114   161  0   0.0%   0.987 GC:3    +
   70   111  0   0.0%   0.243 UA:3    +
   50   127  0   0.0%   0.072 AU:3    +
   49   127  0   0.0%   0.114 AU:3    +
   52    56  0   0.0%   0.061 UA:3    +
   77   116  0   0.0%   0.369 GC:3    +
   74   101  0   0.0%   0.191 AU:3    +
   44   125  0   0.0%   0.196 CG:3    +
   46    60  0   0.0%   0.110 UA:3    +
   58   152  1   0.0%   0.620 GC:1    AU:1    +
   55    59  0   0.0%   0.704 UG:3    +
   61   152  1   0.0%   0.572 GC:1    AU:1    +
   52   122  0   0.0%   0.791 UA:3    +
  113   160  0   0.0%   0.339 GC:3    +
   74   107  0   0.0%   0.189 AU:3    +
   47   127  0   0.0%   0.117 AU:3    +
   48   110  0   0.0%   0.174 UA:3    +
   45   120  0   0.0%   0.150 AU:3    +
   74   120  0   0.0%   0.239 AU:3    +
  146   150  0   0.0%   0.761 AU:3    +
   46   111  0   0.0%   0.122 UA:3    +
   54    77  0   0.0%   0.357 CG:3    +
   52   158  0   0.0%   1.389 UA:3    +
   46   112  0   0.0%   0.123 UA:3    +
   62   150  0   0.0%   0.492 AU:3    +
   46   146  0   0.0%   0.138 UA:3    +
   48   146  0   0.0%   0.186 UA:3    +
    2   107  0   0.0%   0.415 GU:3    +
   58   154  1   0.0%   0.591 GC:1    AU:1    +
   81   102  0   0.0%   0.560 GC:3    +
   61   154  1   0.0%   0.541 GC:1    AU:1    +
   56    75  0   0.0%   0.044 AU:3    +
   54   114  0   0.0%   0.505 CG:3    +
   39   120  0   0.0%   0.250 AU:3    +
   81   116  0   0.0%   0.564 GC:3    +
   80   117  0   0.0%   0.523 GC:3    +
   54   113  0   0.0%   0.452 CG:3    +
   84   113  0   0.0%   0.440 CG:3    +
   85   112  0   0.0%   0.357 UA:3    +
   45    55  0   0.0%   0.146 AU:3    +
    1    47  0   0.0%   0.400 UA:3    +
  109   113  0   0.0%   0.300 CG:3    +
    2    46  0   0.0%   0.405 GU:3    +
    1    39  0   0.0%   0.002 UA:3    +
  124   154  1   0.0%   0.953 GC:1    GU:1    +
   55   112  0   0.0%   0.147 UA:3    +
   51    80  0   0.0%   0.280 CG:3    +
    1   108  0   0.0%   0.408 UA:3    +
   55   153  0   0.0%   0.471 UA:3    +
   46   110  0   0.0%   0.125 UA:3    +
   77   117  0   0.0%   0.407 GC:3    +
   90   105  0   0.0%   0.366 UA:3    +
   90    95  0   0.0%   0.223 UA:3    +
   46   126  0   0.0%   0.126 UA:3    +
   69    90  0   0.0%   0.013 AU:3    +
   47   120  0   0.0%   0.116 AU:3    +
   60   120  0   0.0%   0.734 AU:3    +
   52   153  0   0.0%   1.154 UA:3    +
   80   161  0   0.0%   0.363 GC:3    +
   81   160  0   0.0%   0.500 GC:3    +
   91   104  0   0.0%   0.616 UG:3    +
   55   156  0   0.0%   0.350 UA:3    +
   48   122  0   0.0%   0.171 UA:3    +
   55   158  0   0.0%   0.704 UA:3    +
   41    52  0   0.0%   0.357 AU:3    +
  113   117  0   0.0%   0.442 GC:3    +
   57    66  0   0.0%   0.210 AU:3    +
   75    80  0   0.0%   0.007 UG:3    +
   68    83  0   0.0%   0.009 UG:3    +
   50   120  0   0.0%   0.069 AU:3    +
   80    89  0   0.0%   0.030 GC:3    +
   52   151  0   0.0%   1.212 UA:3    +
   97   102  0   0.0%   0.492 GC:3    +
    1    49  0   0.0%   0.401 UA:3    +
    2    54  0   0.0%   0.407 GC:3    +
   56   101  0   0.0%   0.044 AU:3    +
  113   157  0   0.0%   0.638 GC:3    +
   55   159  0   0.0%   0.346 UA:3    +
    2    48  0   0.0%   0.405 GU:3    +
   51   104  0   0.0%   0.280 CG:3    +
   83    90  0   0.0%   0.120 GU:3    +
   45   127  0   0.0%   0.148 AU:3    +
   48   111  0   0.0%   0.169 UA:3    +
  125   157  0   0.0%   1.130 GC:3    +
   85    94  0   0.0%   0.261 UA:3    +
   39   150  0   0.0%   0.273 AU:3    +
    3   113  0   0.0%   0.011 CG:3    +
   51    97  0   0.0%   0.279 CG:3    +
   52    96  0   0.0%   0.705 UA:3    +
   59    89  0   0.0%   0.678 GC:3    +
   68   122  0   0.0%   0.237 UA:3    +
   60    70  0   0.0%   0.385 AU:3    +
   62    85  0   0.0%   0.036 AU:3    +
   52   108  0   0.0%   0.788 UA:3    +
    2    38  0   0.0%   0.001 GU:3    +
   57    91  0   0.0%   0.197 AU:3    +
   59   123  0   0.0%   1.110 GC:3    +
   46    59  0   0.0%   0.126 UG:3    +
   46   122  0   0.0%   0.123 UA:3    +
   52   111  0   0.0%   0.783 UA:3    +
  127   158  0   0.0%   0.992 UA:3    +
   62    68  0   0.0%   0.042 AU:3    +
   48    59  0   0.0%   0.153 UG:3    +
   79   113  0   0.0%   0.382 CG:3    +
   51   140  0   0.0%   0.422 CG:3    +
   52   139  0   0.0%   0.903 UA:3    +
   85    97  0   0.0%   0.436 UG:3    +
  114   150  0   0.0%   0.849 GU:3    +
  127   153  0   0.0%   1.043 UA:3    +
   72   123  0   0.0%   0.132 GC:3    +
   38   151  0   0.0%   0.101 UA:3    +
   48    69  0   0.0%   0.166 UA:3    +
  129   151  0   0.0%   0.333 UA:3    +
   53   138  0   0.0%   0.775 UA:2    --:1    +
  106   121  1   0.0%   0.365 GU:1    AU:1    +
   38    45  0   0.0%   0.146 UA:3    +
   49    68  0   0.0%   0.110 AU:3    +
   72    90  0   0.0%   0.118 GU:3    +
  114   120  0   0.0%   0.372 GU:3    +
   46   114  0   0.0%   0.173 UG:3    +
  107   122  0   0.0%   0.205 UA:3    +
   75    83  0   0.0%   0.165 UG:3    +
   77   101  0   0.0%   0.256 GU:3    +
   47    70  0   0.0%   0.114 AU:3    +
   48   114  0   0.0%   0.220 UG:3    +
  113   123  0   0.0%   0.269 GC:3    +
   89   104  0   0.0%   0.548 CG:3    +
    1   114  0   0.0%   0.411 UG:3    +
  127   151  0   0.0%   0.939 UA:3    +
   50   129  0   0.0%   0.068 AU:3    +
   66    74  0   0.0%   0.019 UA:3    +
   83   157  0   0.0%   0.827 GC:3    +
   91    96  0   0.0%   0.377 UA:3    +
   38    50  0   0.0%   0.077 UA:3    +
   51    72  0   0.0%   0.285 CG:3    +
   41    75  0   0.0%   0.360 AU:3    +
  107   151  0   0.0%   0.320 UA:3    +
   92   107  0   0.0%   0.259 AU:3    +
   74    90  0   0.0%   0.095 AU:3    +
   66   112  0   0.0%   0.430 UA:3    +
    3    77  0   0.0%   0.009 CG:3    +
   91   108  0   0.0%   0.201 UA:3    +
  102   113  0   0.0%   0.401 CG:3    +
   77    89  0   0.0%   0.059 GC:3    +
  106   152  1   0.0%   0.382 GC:1    GU:1    +
   77    93  0   0.0%   0.137 GC:3    +
    2    79  0   0.0%   0.413 GC:3    +
   47    75  0   0.0%   0.109 AU:3    +
   11    33  0   0.0%   0.011 UG:3    +
    1    50  0   0.0%   0.400 UA:3    +
  129   156  0   0.0%   0.144 UA:3    +
   39    55  0   0.0%   0.248 AU:3    +
    1    60  0   0.0%   0.400 UA:3    +
  108   150  0   0.0%   0.303 AU:3    +
   63    77  0   0.0%   0.015 CG:3    +
   48    74  0   0.0%   0.165 UA:3    +
   62    70  0   0.0%   0.041 AU:3    +
    1    62  0   0.0%   0.401 UA:3    +
   80    91  0   0.0%   0.119 GU:3    +
   70    78  0   0.0%   0.007 UA:3    +
  120   125  0   0.0%   0.671 UG:3    +
   55   104  0   0.0%   0.222 UG:3    +
   68    72  0   0.0%   0.015 UG:3    +
    2    63  0   0.0%   0.407 GC:3    +
  104   116  0   0.0%   0.610 GC:3    +
    3   104  0   0.0%   0.009 CG:3    +
   70   104  0   0.0%   0.100 UG:3    +
   62   107  0   0.0%   0.182 AU:3    +
    5    48  0   0.0%   0.026 AU:3    +
    1   122  0   0.0%   0.411 UA:3    +
   55   113  0   0.0%   0.149 UG:3    +
    1    56  0   0.0%   0.400 UA:3    +
   84   114  0   0.0%   0.405 CG:3    +
    2   127  0   0.0%   0.440 GU:3    +
   62   120  0   0.0%   0.379 AU:3    +
   85   113  0   0.0%   0.401 UG:3    +
   48   112  0   0.0%   0.169 UA:3    +
  107   112  0   0.0%   0.308 UA:3    +
   93   104  0   0.0%   0.685 CG:3    +
    2    55  0   0.0%   0.406 GU:3    +
   94   101  0   0.0%   0.707 AU:3    +
   69    75  0   0.0%   0.008 AU:3    +
  107   113  0   0.0%   0.353 UG:3    +
  129   153  0   0.0%   0.436 UA:3    +
    2   102  0   0.0%   0.413 GC:3    +
   38    56  0   0.0%   0.077 UA:3    +
   68    78  0   0.0%   0.008 UA:3    +
    1    80  0   0.0%   0.406 UG:3    +
   66    80  0   0.0%   0.015 UG:3    +
    5    46  0   0.0%   0.026 AU:3    +
   70    74  0   0.0%   0.011 UA:3    +
  101   114  0   0.0%   0.422 UG:3    +
   39    52  0   0.0%   0.247 AU:3    +
   63    81  0   0.0%   0.014 CG:3    +
   50    68  0   0.0%   0.018 AU:3    +
   63    83  0   0.0%   0.014 CG:3    +
   84   104  0   0.0%   0.636 CG:3    +
   47    66  0   0.0%   0.103 AU:3    +
   45    66  0   0.0%   0.140 AU:3    +
   55   125  0   0.0%   0.521 UG:3    +
   46   113  0   0.0%   0.124 UG:3    +
  120   159  0   0.0%   0.575 UA:3    +
   72   157  0   0.0%   0.509 GC:3    +
   49   130  0   0.0%   0.110 AU:3    +
   45    68  0   0.0%   0.140 AU:3    +
   47   129  0   0.0%   0.114 AU:3    +
   55   126  0   0.0%   0.420 UA:3    +
   44    77  0   0.0%   0.155 CG:3    +
   45   107  0   0.0%   0.147 AU:3    +
   70   108  0   0.0%   0.135 UA:3    +
   52    69  0   0.0%   0.709 UA:3    +
   66   158  0   0.0%   0.602 UA:3    +
   68   156  0   0.0%   0.160 UA:3    +
   52   110  0   0.0%   0.787 UA:3    +
  105   120  0   0.0%   0.442 AU:3    +
   45   129  0   0.0%   0.147 AU:3    +
  103   155  1   0.0%   0.333 AU:1    UA:1    +
   92   101  0   0.0%   0.360 AU:3    +
    5    75  0   0.0%   0.026 AU:3    +
   66    78  0   0.0%   0.015 UA:3    +
  131   143  0   0.0%   0.006 UA:3    +
   52   114  0   0.0%   0.847 UG:3    +
   44   104  0   0.0%   0.155 CG:3    +
  112   150  0   0.0%   0.457 AU:3    +
   81    90  0   0.0%   0.112 GU:3    +
   68    74  0   0.0%   0.012 UA:3    +
    1   125  0   0.0%   0.414 UG:3    +
    1    57  0   0.0%   0.400 UA:3    +
   55   114  0   0.0%   0.201 UG:3    +
   51    81  0   0.0%   0.278 CG:3    +
   48   125  0   0.0%   0.175 UG:3    +
  130   142  0   0.0%   0.003 UA:3    +
  127   159  0   0.0%   0.747 UA:3    +
    1   112  0   0.0%   0.411 UA:3    +
   52    80  0   0.0%   0.704 UG:3    +
   77    85  0   0.0%   0.042 GU:3    +
   50    70  0   0.0%   0.017 AU:3    +
    1   111  0   0.0%   0.411 UA:3    +
   70   159  0   0.0%   0.116 UA:3    +
  130   144  0   0.0%   0.006 UA:3    +
   75   122  0   0.0%   0.422 UA:3    +
  132   142  0   0.0%   0.007 UA:3    +
   55    69  0   0.0%   0.060 UA:3    +
    3    83  0   0.0%   0.009 CG:3    +
    2    84  0   0.0%   0.412 GC:3    +
  107   156  0   0.0%   0.127 UA:3    +
  112   129  0   0.0%   0.210 AU:3    +
  110   120  0   0.0%   0.200 AU:3    +
  129   143  0   0.0%   0.001 UA:3    +
   90    97  0   0.0%   0.410 UG:3    +
   74    85  0   0.0%   0.088 AU:3    +
  113   127  0   0.0%   0.259 GU:3    +
   70   125  0   0.0%   0.313 UG:3    +
  120   158  0   0.0%   0.820 UA:3    +
   38   158  0   0.0%   0.445 UA:3    +
   41   127  0   0.0%   0.361 AU:3    +
   56    68  0   0.0%   0.048 AU:3    +
   80   157  0   0.0%   0.722 GC:3    +
   68   151  0   0.0%   0.352 UA:3    +
   53   106  1   0.0%   0.730 UG:1    UA:1    +
   55   137  0   0.0%   0.306 UA:3    +
   67   152  1   0.0%   0.279 GC:1    GU:1    +
  113   150  0   0.0%   0.502 GU:3    +
  127   156  0   0.0%   0.750 UA:3    +
  122   127  0   0.0%   0.481 AU:3    +
   55    92  0   0.0%   0.054 UA:3    +
   70   126  0   0.0%   0.212 UA:3    +
  107   159  0   0.0%   0.123 UA:3    +
   81    85  0   0.0%   0.112 GU:3    +
  104   117  0   0.0%   0.647 GC:3    +
   69   150  0   0.0%   0.385 AU:3    +
  134   140  0   0.0%   0.087 UG:3    +
   75    95  0   0.0%   0.189 UA:3    +
   72    91  0   0.0%   0.212 GU:3    +
   59    84  0   0.0%   0.677 GC:3    +
   38   153  0   0.0%   0.196 UA:3    +
   83   102  0   0.0%   0.586 GC:3    +
  125   161  0   0.0%   0.763 GC:3    +
   77   120  0   0.0%   0.366 GU:3    +
   38   159  0   0.0%   0.087 UA:3    +
   56    91  0   0.0%   0.043 AU:3    +
   41   107  0   0.0%   0.360 AU:3    +
   55   110  0   0.0%   0.145 UA:3    +
  107   114  0   0.0%   0.318 UG:3    +
   66   153  0   0.0%   0.371 UA:3    +
  107   111  0   0.0%   0.245 UA:3    +
  111   120  0   0.0%   0.291 AU:3    +
    7   156  0   0.0%   0.015 UA:3    +
   80   109  0   0.0%   0.376 GC:3    +
   75   151  0   0.0%   0.537 UA:3    +
   38   156  0   0.0%   0.091 UA:3    +
   62   127  0   0.0%   0.243 AU:3    +
   72    93  0   0.0%   0.215 GC:3    +
   63    72  0   0.0%   0.021 CG:3    +
   57    90  0   0.0%   0.196 AU:3    +
   44    80  0   0.0%   0.155 CG:3    +
  111   130  0   0.0%   0.147 AU:3    +
    1    59  0   0.0%   0.400 UG:3    +
   81    91  0   0.0%   0.190 GU:3    +
   63    80  0   0.0%   0.014 CG:3    +
   48    72  0   0.0%   0.167 UG:3    +
    7   159  0   0.0%   0.011 UA:3    +
  129   135  0   0.0%   0.001 UA:3    +
   69    85  0   0.0%   0.008 AU:3    +
    5    55  0   0.0%   0.026 AU:3    +
  112   127  0   0.0%   0.214 AU:3    +
   68   113  0   0.0%   0.384 UG:3    +
  113   120  0   0.0%   0.400 GU:3    +
   60   127  0   0.0%   0.598 AU:3    +
   18    23  0   0.0%   0.000 GU:3    +
   49   120  0   0.0%   0.111 AU:3    +
   69   127  0   0.0%   0.142 AU:3    +
   77   160  0   0.0%   0.304 GC:3    +
  108   120  0   0.0%   0.200 AU:3    +
   59   109  0   0.0%   0.782 GC:3    +
   72   101  0   0.0%   0.211 GU:3    +
  112   120  0   0.0%   0.354 AU:3    +
    6   154  1   0.0%   0.105 GC:1    GU:1    +
   85   156  0   0.0%   0.174 UA:3    +
   68   112  0   0.0%   0.340 UA:3    +
   77   157  0   0.0%   0.606 GC:3    +
   57   107  0   0.0%   0.264 AU:3    +
   54    72  0   0.0%   0.361 CG:3    +
   89   113  0   0.0%   0.338 CG:3    +
   75   108  0   0.0%   0.360 UA:3    +
   68   110  0   0.0%   0.188 UA:3    +
   90   112  0   0.0%   0.276 UA:3    +
   72   117  0   0.0%   0.307 GC:3    +
   70   156  0   0.0%   0.121 UA:3    +
    2   120  0   0.0%   0.436 GU:3    +
   62   129  0   0.0%   0.239 AU:3    +
    5   107  0   0.0%   0.026 AU:3    +
   39   107  0   0.0%   0.248 AU:3    +
   60    66  0   0.0%   0.392 AU:3    +
   39   127  0   0.0%   0.248 AU:3    +
   96   101  0   0.0%   0.425 AU:3    +
    5   120  0   0.0%   0.026 AU:3    +
    2    52  0   0.0%   0.406 GU:3    +
  127   137  0   0.0%   0.345 UA:3    +
  101   122  0   0.0%   0.305 UA:3    +
   80   160  0   0.0%   0.420 GC:3    +
   78    90  0   0.0%   0.018 AU:3    +
   57   127  0   0.0%   0.333 AU:3    +
   46   125  0   0.0%   0.128 UG:3    +
  132   140  0   0.0%   0.004 UG:3    +
  125   133  0   0.0%   0.528 GC:3    +
   38   146  0   0.0%   0.088 UA:3    +
   78    91  0   0.0%   0.111 AU:3    +
  119   149  1   0.0%   0.231 GU:1    AU:1    +
  126   132  0   0.0%   0.427 AU:3    +
   78   107  0   0.0%   0.307 AU:3    +
   46    74  0   0.0%   0.121 UA:3    +
    7   153  0   0.0%   0.120 UA:3    +
   83   109  0   0.0%   0.487 GC:3    +
   91   111  0   0.0%   0.299 UA:3    +
    6   152  1   0.0%   0.134 GC:1    GU:1    +
  104   157  0   0.0%   0.856 GC:3    +
   45    75  0   0.0%   0.146 AU:3    +
  109   125  0   0.0%   0.278 CG:3    +
  118   128  1   0.0%   0.268 UG:1    UA:1    +
   85   104  0   0.0%   0.597 UG:3    +
   59    70  0   0.0%   0.682 GU:3    +
   70    77  0   0.0%   0.007 UG:3    +
  136   140  0   0.0%   0.003 CG:3    +
  111   150  0   0.0%   0.393 AU:3    +
   99   106  1   0.0%   0.670 CG:1    UG:1    +
  119   145  1   0.0%   0.013 GC:1    AU:1    +
   91    97  0   0.0%   0.495 UG:3    +
   51    77  0   0.0%   0.278 CG:3    +
  110   131  0   0.0%   0.057 AU:3    +
  102   114  0   0.0%   0.366 CG:3    +
  105   150  0   0.0%   0.551 AU:3    +
    2   129  0   0.0%   0.440 GU:3    +
    3    80  0   0.0%   0.009 CG:3    +
   72    85  0   0.0%   0.097 GU:3    +
   80    85  0   0.0%   0.041 GU:3    +
   77    91  0   0.0%   0.133 GU:3    +
   48   143  0   0.0%   0.171 UA:3    +
   70    95  0   0.0%   0.109 UA:3    +
   75    97  0   0.0%   0.190 UG:3    +
   38    57  0   0.0%   0.076 UA:3    +
  147   157  1   0.5%   0.836 GC:2    +
    1    42  1   0.5%   0.322 UA:2    +
   82    92  1   0.4%   0.261 UA:2    +
   81    98  1   0.3%   0.390 GU:2    +
  122   149  1   0.3%   0.413 AU:2    +
   76    85  1   0.3%   0.059 AU:2    +
   43    52  1   0.3%   0.068 AU:2    +
  126   149  1   0.3%   0.829 AU:2    +
   82    88  1   0.3%   0.151 UA:2    +
   75   103  1   0.2%   0.215 UA:2    +
   75    88  1   0.2%   0.126 UA:2    +
    2   115  1   0.2%   0.457 GU:2    +
   40    45  1   0.2%   0.425 UA:2    +
   57   149  1   0.2%   0.555 AU:2    +
   53    61  1   0.2%   0.972 UA:2    +
   57    65  1   0.1%   0.220 AU:2    +
  149   159  1   0.1%   0.573 UA:2    +
    4   156  1   0.1%   0.296 UA:2    +
   44   147  1   0.1%   0.257 CG:2    +
    4   146  1   0.1%   0.246 UA:2    +
   53    59  1   0.1%   0.529 UG:2    +
  147   160  1   0.1%   0.524 GC:2    +
   59   100  1   0.1%   0.715 GC:2    +
   57   118  1   0.1%   0.236 AU:2    +
   59   118  1   0.1%   1.292 GU:2    +
   84   106  1   0.1%   0.428 CG:2    +
   87    92  1   0.1%   0.200 UA:2    +
   82   108  1   0.1%   0.279 UA:2    +
  108   115  1   0.1%   0.393 AU:2    +
   40   151  1   0.1%   0.443 UA:2    +
    1    43  1   0.1%   0.290 UA:2    +
   57   121  1   0.1%   0.451 AU:2    +
   48    67  1   0.1%   0.171 UG:2    +
   83    87  1   0.1%   0.135 GU:2    +
   86    94  1   0.1%   0.233 UA:2    +
   50   115  1   0.1%   0.114 AU:2    +
   50    65  1   0.1%   0.022 AU:2    +
   74    87  1   0.1%   0.107 AU:2    +
   53   104  1   0.1%   0.598 UG:2    +
    4   151  1   0.1%   0.261 UA:2    +
  118   122  1   0.1%   0.337 UA:2    +
   60    98  1   0.1%   0.393 AU:2    +
   55    67  1   0.1%   0.068 UG:2    +
   43    48  1   0.1%   0.127 AU:2    +
  118   156  1   0.1%   0.695 UA:2    +
  106   117  1   0.1%   0.429 GC:2    +
  105   118  1   0.1%   0.493 AU:2    +
   87    95  1   0.1%   0.547 UA:2    +
   53    58  1   0.1%   0.491 UA:2    +
   51   124  1   0.1%   0.361 CG:2    +
   54   106  1   0.1%   0.536 CG:2    +
  115   158  1   0.1%   1.170 UA:2    +
   42    48  1   0.1%   0.176 AU:2    +
   71    88  1   0.0%   0.020 UA:2    +
   54   147  1   0.0%   0.796 CG:2    +
    4    41  1   0.0%   0.424 UA:2    +
   70    88  1   0.0%   0.019 UA:2    +
  121   153  1   0.0%   0.597 UA:2    +
  124   161  1   0.0%   0.764 GC:2    +
   53   111  1   0.0%   0.655 UA:2    +
  105   121  1   0.0%   0.429 AU:2    +
   76   101  1   0.0%   0.142 AU:2    +
   40    56  1   0.0%   0.400 UA:2    +
   69    87  1   0.0%   0.017 AU:2    +
   47    53  1   0.0%   0.119 AU:2    +
   86    92  1   0.0%   0.174 UA:2    +
    4   153  1   0.0%   0.357 UA:2    +
  149   153  1   0.0%   0.813 UA:2    +
   62   149  1   0.0%   0.464 AU:2    +
  100   113  1   0.0%   0.536 CG:2    +
    1   124  1   0.0%   0.419 UG:2    +
  127   147  1   0.0%   0.856 UG:2    +
   56   118  1   0.0%   0.054 AU:2    +
   46   155  1   0.0%   0.283 UA:2    +
    4   158  1   0.0%   0.645 UA:2    +
  115   151  1   0.0%   0.888 UA:2    +
   42    46  1   0.0%   0.153 AU:2    +
  115   153  1   0.0%   0.820 UA:2    +
   45    53  1   0.0%   0.163 AU:2    +
  108   118  1   0.0%   0.248 AU:2    +
    4    58  1   0.0%   0.216 UA:2    +
   53   141  1   0.0%   0.780 UA:2    +
   71   110  1   0.0%   0.299 UA:2    +
   58   121  1   0.0%   0.595 AU:2    +
   77   100  1   0.0%   0.168 GC:2    +
   53   158  1   0.0%   1.161 UA:2    +
   78   115  1   0.0%   0.545 AU:2    +
   92    98  1   0.0%   0.652 AU:2    +
   42   150  1   0.0%   0.122 AU:2    +
    4   159  1   0.0%   0.287 UA:2    +
   60   118  1   0.0%   0.777 AU:2    +
    3   124  1   0.0%   0.038 CG:2    +
   43   150  1   0.0%   0.094 AU:2    +
   40    50  1   0.0%   0.393 UA:2    +
   49   149  1   0.0%   0.144 AU:2    +
    1   147  1   0.0%   0.422 UG:2    +
  121   125  1   0.0%   0.652 UG:2    +
   48   147  1   0.0%   0.227 UG:2    +
   71   108  1   0.0%   0.282 UA:2    +
   48   155  1   0.0%   0.456 UA:2    +
   53    62  1   0.0%   0.613 UA:2    +
  149   158  1   0.0%   0.791 UA:2    +
   60   149  1   0.0%   0.812 AU:2    +
   41   118  1   0.0%   0.363 AU:2    +
   46   147  1   0.0%   0.178 UG:2    +
   40   159  1   0.0%   0.423 UA:2    +
   53   122  1   0.0%   0.653 UA:2    +
  120   155  1   0.0%   0.768 UA:2    +
   40   158  1   0.0%   0.780 UA:2    +
   86    96  1   0.0%   0.296 UA:2    +
   40   156  1   0.0%   0.425 UA:2    +
   45   149  1   0.0%   0.178 AU:2    +
    5    40  1   0.0%   0.292 AU:2    +
   47   118  1   0.0%   0.115 AU:2    +
  116   124  1   0.0%   0.360 CG:2    +
   53   153  1   0.0%   0.923 UA:2    +
   55    76  1   0.0%   0.056 UA:2    +
   47   149  1   0.0%   0.146 AU:2    +
   42    52  1   0.0%   0.071 AU:2    +
   69    82  1   0.0%   0.009 AU:2    +
   53    78  1   0.0%   0.584 UA:2    +
   49    53  1   0.0%   0.103 AU:2    +
    3   106  1   0.0%   0.012 CG:2    +
   40   155  1   0.0%   0.526 UA:2    +
   61    98  1   0.0%   0.393 AU:2    +
   40   153  1   0.0%   0.528 UA:2    +
   53   112  1   0.0%   0.655 UA:2    +
  124   157  1   0.0%   1.128 GC:2    +
   86   111  1   0.0%   0.274 UA:2    +
   49   121  1   0.0%   0.111 AU:2    +
   89   106  1   0.0%   0.322 CG:2    +
   40   147  1   0.0%   0.442 UG:2    +
   68    88  1   0.0%   0.010 UA:2    +
   41   149  1   0.0%   0.390 AU:2    +
   88   107  1   0.0%   0.183 AU:2    +
   45    71  1   0.0%   0.147 AU:2    +
   52   155  1   0.0%   1.131 UA:2    +
   59   121  1   0.0%   1.225 GU:2    +
   41    53  1   0.0%   0.357 AU:2    +
   82    95  1   0.0%   0.318 UA:2    +
   52   147  1   0.0%   1.218 UG:2    +
   82   159  1   0.0%   0.247 UA:2    +
  112   118  1   0.0%   0.401 AU:2    +
   49   118  1   0.0%   0.111 AU:2    +
   82    97  1   0.0%   0.439 UG:2    +
   67    84  1   0.0%   0.013 GC:2    +
   52   103  1   0.0%   0.705 UA:2    +
   43    55  1   0.0%   0.037 AU:2    +
  114   121  1   0.0%   0.351 GU:2    +
  147   161  1   0.0%   0.425 GC:2    +
    5   149  1   0.0%   0.053 AU:2    +
   61   118  1   0.0%   0.606 AU:2    +
  118   158  1   0.0%   0.935 UA:2    +
   55   155  1   0.0%   0.450 UA:2    +
  115   125  1   0.0%   0.591 UG:2    +
   53   114  1   0.0%   0.709 UG:2    +
   40   146  1   0.0%   0.411 UA:2    +
  118   125  1   0.0%   0.792 UG:2    +
    4   105  1   0.0%   0.214 UA:2    +
   87   110  1   0.0%   0.398 UA:2    +
   50    98  1   0.0%   0.013 AU:2    +
   67   123  1   0.0%   0.145 GC:2    +
   87   108  1   0.0%   0.389 UA:2    +
   44   124  1   0.0%   0.195 CG:2    +
   60    87  1   0.0%   0.380 AU:2    +
   53    95  1   0.0%   0.583 UA:2    +
   69   121  1   0.0%   0.258 AU:2    +
   87    96  1   0.0%   0.517 UA:2    +
   53   110  1   0.0%   0.651 UA:2    +
   66   124  1   0.0%   0.428 UG:2    +
  124   160  1   0.0%   0.838 GC:2    +
   59   115  1   0.0%   0.822 GU:2    +
   42    55  1   0.0%   0.091 AU:2    +
   83   100  1   0.0%   0.716 GC:2    +
   53    69  1   0.0%   0.588 UA:2    +
   63    67  1   0.0%   0.024 CG:2    +
  118   151  1   0.0%   0.486 UA:2    +
   47   121  1   0.0%   0.114 AU:2    +
    4    49  1   0.0%   0.212 UA:2    +
   82    96  1   0.0%   0.318 UA:2    +
   53   146  1   0.0%   0.893 UA:2    +
   51   128  1   0.0%   0.422 CG:2    +
    4   113  1   0.0%   0.215 UG:2    +
  121   126  1   0.0%   0.551 UA:2    +
   64   126  1   0.0%   0.464 UA:2    +
   53   159  1   0.0%   0.801 UA:2    +
   67    89  1   0.0%   0.013 GC:2    +
   53   156  1   0.0%   0.804 UA:2    +
   40    62  1   0.0%   0.397 UA:2    +
   72    87  1   0.0%   0.101 GU:2    +
   60   121  1   0.0%   0.713 AU:2    +
   67    73  1   0.0%   0.017 GC:2    +
  108   121  1   0.0%   0.179 AU:2    +
   55   147  1   0.0%   0.526 UG:2    +
   40    57  1   0.0%   0.394 UA:2    +
  128   157  1   0.0%   0.505 GC:2    +
    4   112  1   0.0%   0.214 UA:2    +
   74    86  1   0.0%   0.089 AU:2    +
   69    86  1   0.0%   0.008 AU:2    +
   56   149  1   0.0%   0.374 AU:2    +
   40    60  1   0.0%   0.396 UA:2    +
   53   151  1   0.0%   0.980 UA:2    +
    4    47  1   0.0%   0.212 UA:2    +
   44   128  1   0.0%   0.189 CG:2    +
   90   103  1   0.0%   0.268 UA:2    +
  115   119  1   0.0%   0.345 UA:2    +
   93   106  1   0.0%   0.457 CG:2    +
  118   126  1   0.0%   0.690 UA:2    +
   43   120  1   0.0%   0.059 AU:2    +
    4    45  1   0.0%   0.331 UA:2    +
   71   124  1   0.0%   0.446 UG:2    +
   80    98  1   0.0%   0.241 GU:2    +
   76    90  1   0.0%   0.039 AU:2    +
   64   111  1   0.0%   0.117 UA:2    +
   62   118  1   0.0%   0.422 AU:2    +
   40    76  1   0.0%   0.397 UA:2    +
   54    67  1   0.0%   0.360 CG:2    +
   46    76  1   0.0%   0.116 UA:2    +
  100   104  1   0.0%   0.740 CG:2    +
  117   147  1   0.0%   0.704 CG:2    +
   64    76  1   0.0%   0.016 UA:2    +
   63   106  1   0.0%   0.203 CG:2    +
   64   105  1   0.0%   0.214 UA:2    +
   98   105  1   0.0%   0.788 UA:2    +
   78    82  1   0.0%   0.086 AU:2    +
  105   115  1   0.0%   0.624 AU:2    +
   53   119  1   0.0%   0.652 UA:2    +
   49    64  1   0.0%   0.098 AU:2    +
   66   103  1   0.0%   0.191 UA:2    +
  106   116  1   0.0%   0.379 GC:2    +
   45   115  1   0.0%   0.184 AU:2    +
   61   121  1   0.0%   0.542 AU:2    +
   67   102  1   0.0%   0.185 GC:2    +
   63   147  1   0.0%   0.568 CG:2    +
   39   149  1   0.0%   0.276 AU:2    +
   38    43  1   0.0%   0.034 UA:2    +
    2   121  1   0.0%   0.436 GU:2    +
   44   106  1   0.0%   0.156 CG:2    +
   83   115  1   0.0%   0.772 GU:2    +
   43   129  1   0.0%   0.059 AU:2    +
   86   112  1   0.0%   0.334 UA:2    +
   43   107  1   0.0%   0.034 AU:2    +
   67    79  1   0.0%   0.012 GC:2    +
  120   124  1   0.0%   0.659 UG:2    +
  127   155  1   0.0%   0.944 UA:2    +
   47   115  1   0.0%   0.150 AU:2    +
   82   158  1   0.0%   0.604 UA:2    +
   53   108  1   0.0%   0.651 UA:2    +
   85   103  1   0.0%   0.342 UA:2    +
   80    87  1   0.0%   0.032 GU:2    +
   68    76  1   0.0%   0.009 UA:2    +
   51    67  1   0.0%   0.283 CG:2    +
  106   123  1   0.0%   0.256 GC:2    +
   39   115  1   0.0%   0.260 AU:2    +
   43    71  1   0.0%   0.033 AU:2    +
   40   126  1   0.0%   0.400 UA:2    +
   50    64  1   0.0%   0.007 AU:2    +
   44    67  1   0.0%   0.154 CG:2    +
   46    67  1   0.0%   0.110 UG:2    +
  116   147  1   0.0%   0.588 CG:2    +
  121   158  1   0.0%   0.546 UA:2    +
   67   157  1   0.0%   0.521 GC:2    +
    1   103  1   0.0%   0.406 UA:2    +
   62    82  1   0.0%   0.035 AU:2    +
  121   156  1   0.0%   0.304 UA:2    +
   72    98  1   0.0%   0.213 GU:2    +
    4   114  1   0.0%   0.236 UG:2    +
    4    50  1   0.0%   0.211 UA:2    +
   71   158  1   0.0%   0.620 UA:2    +
  114   118  1   0.0%   0.417 GU:2    +
   76    86  1   0.0%   0.022 AU:2    +
   42   115  1   0.0%   0.100 AU:2    +
   43    68  1   0.0%   0.033 AU:2    +
  130   155  1   0.0%   0.338 UA:2    +
    4   126  1   0.0%   0.219 UA:2    +
   72   100  1   0.0%   0.124 GC:2    +
    2   118  1   0.0%   0.436 GU:2    +
  111   115  1   0.0%   0.480 AU:2    +
  120   147  1   0.0%   0.363 UG:2    +
   39    53  1   0.0%   0.247 AU:2    +
   87   111  1   0.0%   0.488 UA:2    +
   67    75  1   0.0%   0.013 GU:2    +
   60    71  1   0.0%   0.380 AU:2    +
   72   118  1   0.0%   0.310 GU:2    +
   72    82  1   0.0%   0.012 GU:2    +
   66    76  1   0.0%   0.015 UA:2    +
  118   159  1   0.0%   0.690 UA:2    +
   46   124  1   0.0%   0.130 UG:2    +
   49    71  1   0.0%   0.105 AU:2    +
   38    42  1   0.0%   0.086 UA:2    +
  106   157  1   0.0%   0.624 GC:2    +
   65   159  1   0.0%   0.315 UA:2    +
   41   121  1   0.0%   0.361 AU:2    +
   50    82  1   0.0%   0.012 AU:2    +
   60    64  1   0.0%   0.392 AU:2    +
   49   115  1   0.0%   0.146 AU:2    +
   42   127  1   0.0%   0.088 AU:2    +
   64    78  1   0.0%   0.015 UA:2    +
   77    98  1   0.0%   0.135 GU:2    +
    6   157  1   0.0%   0.368 GC:2    +
   77    82  1   0.0%   0.086 GU:2    +
  106   160  1   0.0%   0.322 GC:2    +
   43   127  1   0.0%   0.059 AU:2    +
    4   108  1   0.0%   0.214 UA:2    +
   88   101  1   0.0%   0.283 AU:2    +
   42   120  1   0.0%   0.088 AU:2    +
  111   118  1   0.0%   0.336 AU:2    +
   40   122  1   0.0%   0.399 UA:2    +
  110   115  1   0.0%   0.389 AU:2    +
  118   146  1   0.0%   0.387 UA:2    +
   42   118  1   0.0%   0.088 AU:2    +
    6   160  1   0.0%   0.073 GC:2    +
   40   108  1   0.0%   0.398 UA:2    +
   76   150  1   0.0%   0.394 AU:2    +
    4    56  1   0.0%   0.211 UA:2    +
   58   115  1   0.0%   0.348 AU:2    +
  109   147  1   0.0%   0.268 CG:2    +
   71   155  1   0.0%   0.367 UA:2    +
    4   122  1   0.0%   0.214 UA:2    +
    4    62  1   0.0%   0.213 UA:2    +
   41    71  1   0.0%   0.359 AU:2    +
   57    86  1   0.0%   0.196 AU:2    +
   87   104  1   0.0%   0.803 UG:2    +
   64   146  1   0.0%   0.469 UA:2    +
    3   128  1   0.0%   0.038 CG:2    +
   42    71  1   0.0%   0.087 AU:2    +
   65   110  1   0.0%   0.120 UA:2    +
  128   136  1   0.0%   0.001 GC:2    +
   73   124  1   0.0%   0.451 CG:2    +
   38   155  1   0.0%   0.193 UA:2    +
   71    94  1   0.0%   0.106 UA:2    +
   45   121  1   0.0%   0.147 AU:2    +
   42   130  1   0.0%   0.087 AU:2    +
  110   121  1   0.0%   0.179 AU:2    +
   71    76  1   0.0%   0.003 UA:2    +
   49    65  1   0.0%   0.098 AU:2    +
   98   126  1   0.0%   0.606 UA:2    +
   76   107  1   0.0%   0.237 AU:2    +
   56    87  1   0.0%   0.043 AU:2    +
  103   120  1   0.0%   0.341 AU:2    +
   71    78  1   0.0%   0.003 UA:2    +
   47    64  1   0.0%   0.103 AU:2    +
   50   121  1   0.0%   0.067 AU:2    +
    4    61  1   0.0%   0.213 UA:2    +
    4    60  1   0.0%   0.213 UA:2    +
   57    64  1   0.0%   0.186 AU:2    +
   48   124  1   0.0%   0.176 UG:2    +
  110   118  1   0.0%   0.246 AU:2    +
   86   155  1   0.0%   0.253 UA:2    +
   41   115  1   0.0%   0.373 AU:2    +
    4    57  1   0.0%   0.211 UA:2    +
   45   118  1   0.0%   0.147 AU:2    +
   79   106  1   0.0%   0.359 CG:2    +
   70    76  1   0.0%   0.008 UA:2    +
   50   118  1   0.0%   0.068 AU:2    +
   59    98  1   0.0%   0.678 GU:2    +
   50    71  1   0.0%   0.013 AU:2    +
  111   121  1   0.0%   0.269 AU:2    +
   56    65  1   0.0%   0.040 AU:2    +
   82   153  1   0.0%   0.372 UA:2    +
   71   153  1   0.0%   0.388 UA:2    +
  112   121  1   0.0%   0.333 AU:2    +
  124   134  1   0.0%   0.515 GU:2    +
   72   121  1   0.0%   0.247 GU:2    +
   38   147  1   0.0%   0.117 UG:2    +
   82   110  1   0.0%   0.281 UA:2    +
   57   115  1   0.0%   0.253 AU:2    +
   52    76  1   0.0%   0.704 UA:2    +
  112   149  1   0.0%   0.428 AU:2    +
   81    87  1   0.0%   0.103 GU:2    +
   71   126  1   0.0%   0.357 UA:2    +
    4   125  1   0.0%   0.222 UG:2    +
   74    98  1   0.0%   0.189 AU:2    +
   43    70  1   0.0%   0.032 AU:2    +
    5   121  1   0.0%   0.026 AU:2    +
((.((((((.(((((((((....))))))))).))))))............(((....))).(((((((((...((((.((.(((((......)))))))))))))))))))).(((......)))((((((((....))))))))..........))...
