6 sequence; length of alignment 160
alifold output
   89   123  0  97.4%   0.246 GC:3    GU:3   
   90   122  0  97.0%   0.261 CG:4    UG:2   
   59   152  0  96.7%   0.312 CG:4    UG:2   
   88   124  0  97.3%   0.266 UA:6   
   87   125  1  97.2%   0.259 GU:4    AU:1   
   85   127  1  97.0%   0.268 GC:4    UA:1   
   86   126  2  97.0%   0.272 UA:4   
   64   146  0  96.2%   0.189 CG:6   
   58   153  1  96.0%   0.286 GC:2    AU:3   
   63   147  2  95.3%   0.202 GC:1    GU:1    AU:2   
   73   139  0  90.6%   0.687 GC:4    GU:2   
   74   138  0  90.5%   0.703 GC:5    GU:1   
   60   151  3  90.3%   0.406 AU:3   
   56   155  0  89.5%   0.567 CG:6   
   72   140  3  85.3%   0.636 AU:3   
   65   145  0  84.4%   0.531 AU:6   
   34    43  0  79.7%   1.201 GU:3    AU:3   
   33    44  0  80.0%   0.868 UA:6   
   91   121  3  80.7%   0.683 AU:3   
   32    45  2  79.2%   0.796 AU:4   
   35    42  3  76.7%   1.426 GC:3   
   71   141  3  75.1%   0.882 UA:3   
   31    46  0  74.2%   1.028 UA:6   
   61   150  0  68.7%   1.252 CG:1    UG:2    UA:3   
   55   156  2  70.5%   0.876 GU:1    AU:3   
    8    19  0  69.2%   1.690 CG:6   
    7    20  3  69.3%   1.434 UA:3   
    5    22  2  69.0%   1.062 CG:4   
   97   113  0  68.3%   0.792 CG:6   
   95   115  0  68.2%   0.796 CG:6   
   98   112  0  67.9%   0.800 AU:6   
    6    21  3  68.3%   1.286 UG:1    UA:2   
   96   114  2  68.2%   0.794 AU:4   
    9    18  2  66.6%   1.672 CG:1    UG:3   
   68   143  1  65.0%   0.903 CG:5   
   62   148  0  62.2%   0.920 UA:6    +
   99   111  3  62.0%   0.904 GC:1    GU:2   
   84   128  1  61.1%   1.028 CG:1    UG:4   
   94   116  0  60.1%   1.030 UG:6   
  101   110  0  58.4%   0.946 CG:6   
   36    41  0  57.1%   1.664 GU:3    AU:3   
   66   144  0  49.7%   1.204 GC:2    GU:4    +
    4    23  2  50.8%   1.343 GU:1    UA:3   
   67   144  0  47.3%   1.564 GC:2    GU:3    AU:1   
   25    52  1  46.3%   1.700 GC:4    GU:1   
   24    53  1  45.3%   1.771 GC:3    UA:2   
   80   134  0  44.8%   1.828 GC:6    +
   82   133  0  44.0%   1.781 GC:6    +
   80   133  0  43.6%   1.417 GC:6   
   83   132  0  43.4%   2.386 UA:6    +
   81   132  1  43.7%   1.526 UA:5   
   70   142  0  42.2%   1.455 GU:6    +
   79   135  3  41.9%   1.433 UA:3    +
   83   130  0  37.8%   1.597 UA:6   
   62   149  0  35.6%   1.811 UA:6   
  104   110  0  33.8%   1.425 CG:6    +
  103   111  3  32.6%   1.455 UG:1    UA:2    +
  101   113  0  31.6%   1.670 CG:6    +
   84   131  1  31.1%   1.701 CG:1    UG:4    +
  102   112  3  31.0%   1.419 GU:1    AU:2    +
   97   116  0  30.0%   1.847 CG:6    +
  100   114  1  29.8%   1.410 AU:5    +
   96   117  2  29.6%   1.549 AU:4    +
   61   149  1  28.0%   1.139 UA:5    +
   95   118  3  26.3%   1.504 CG:3    +
   27    50  3  21.5%   1.521 GC:3    +
   10    16  1  16.1%   0.934 AU:5    +
    9    17  2  15.8%   1.129 CG:1    UG:3    +
    8    18  0  14.9%   1.309 CG:6    +
   66   145  0  13.0%   1.410 GU:6    +
   11    15  2  10.3%   0.775 GC:1    GU:1    AU:2    +
   25    39  0   9.2%   0.769 GU:5    AU:1    +
   24    40  1  10.2%   0.944 GC:3    UA:2    +
   22    42  1  10.1%   1.068 CG:2    GC:3    +
   21    43  0   8.8%   1.155 GU:1    AU:5    +
   23    41  3  10.1%   1.067 AU:3    +
    5    19  0   8.0%   0.733 CG:6    +
   29    48  3   8.4%   1.217 UG:1    UA:2    +
    7    19  3   8.1%   0.995 UG:3    +
   69   143  0   7.1%   0.951 UG:6    +
   74   133  0   7.1%   0.626 GC:6    +
   73   134  0   7.1%   0.628 GC:6    +
   77   131  0   6.7%   0.610 CG:6    +
    4    20  3   7.2%   0.686 UA:3    +
   83   129  3   6.9%   0.885 UG:1    UA:2    +
    8    17  0   6.2%   0.600 CG:6    +
   55   157  0   5.0%   0.837 GU:1    AU:5    +
   54   158  1   6.1%   0.718 UA:5    +
   29    35  0   4.2%   0.635 UG:3    UA:3    +
   28    36  0   4.2%   0.616 UG:3    UA:3    +
   78   130  2   5.8%   0.599 UA:4    +
   51   159  1   4.6%   0.707 GC:1    GU:2    AU:2    +
    3    24  3   5.9%   0.725 UG:3    +
   11    16  0   3.9%   0.996 GU:2    AU:4    +
    6    18  2   5.1%   0.586 CG:1    UG:3    +
   50   160  1   5.2%   1.033 CG:5    +
   75   132  2   5.1%   0.501 UA:4    +
   34    41  0   3.4%   0.817 GU:3    AU:3    +
   29    36  0   3.1%   0.795 UG:3    UA:3    +
   93   116  0   3.1%   0.328 CG:2    UG:4    +
    6    20  3   4.7%   0.865 UA:3    +
    3    25  0   1.9%   0.616 CG:3    UG:2    UA:1    +
   32    43  0   3.7%   0.655 AU:6    +
   28    37  0   2.7%   0.633 UG:5    UA:1    +
   21    28  0   2.6%   0.747 GU:1    AU:5    +
    3    21  2   3.9%   0.470 CG:1    UA:3    +
   19    30  0   2.6%   1.039 GC:3    GU:3    +
   76   136  3   4.0%   0.671 GU:2    AU:1    +
   31    44  0   3.5%   0.530 UA:6    +
   30    35  1   2.9%   0.728 CG:2    UG:1    UA:2    +
    3    12  0   1.3%   0.176 CG:3    UG:1    UA:2    +
   27    49  1   2.2%   0.653 CG:1    GC:2    GU:1    AU:1    +
    9    24  0   0.2%   0.824 CG:1    UG:2    AU:2    UA:1    +
   23    51  3   3.3%   0.961 CG:1    AU:1    UA:1    +
   30    34  2   3.0%   0.498 CG:1    UG:2    UA:1    +
   92   117  1   3.5%   0.437 AU:5    +
   33    42  3   3.7%   0.706 UG:3    +
   70   138  0   1.9%   0.353 GC:5    GU:1    +
   25    49  2   3.2%   0.707 GC:2    GU:2    +
   24    50  3   3.6%   0.888 GC:3    +
   79   129  3   3.4%   0.535 UG:1    UA:2    +
   99   114  0   0.6%   0.695 GC:1    GU:3    AU:2    +
   20    29  0   2.6%   0.959 AU:6    +
   70   139  0   1.6%   0.403 GC:4    GU:2    +
   52   160  0   1.6%   1.047 CG:5    UG:1    +
   12   153  0   0.6%   0.255 GC:3    GU:1    AU:2    +
   22    52  2   2.9%   0.932 GC:3    GU:1    +
   78   129  1   2.0%   0.255 UG:1    AU:2    UA:2    +
   90   118  2   2.4%   0.274 CG:2    UG:1    UA:1    +
   82   125  0   2.3%   0.293 GU:6    +
   92   121  0   2.3%   0.634 AU:6    +
   35    40  3   3.0%   0.904 GC:3    +
   76   132  3   3.0%   0.535 UA:3    +
   79   128  0   2.2%   0.281 UG:6    +
   83   124  0   2.2%   0.269 UA:6    +
   25    30  0   0.1%   0.236 GC:3    GU:2    AU:1    +
   34    45  0   0.1%   0.753 GC:2    GU:1    AU:3    +
   36    45  0   0.1%   0.894 GC:2    GU:1    AU:3    +
   12   159  0   0.0%   0.186 GC:1    GU:3    AU:2    +
   12    45  0   0.0%   0.111 GC:2    GU:2    AU:2    +
   99   106  0   0.0%   0.017 GC:3    GU:1    AU:2    +
   12   156  0   0.0%   0.206 GC:2    GU:2    AU:2    +
   67   147  0   0.0%   0.511 GC:2    GU:3    AU:1    +
   25    45  0   0.0%   0.364 GC:2    GU:3    AU:1    +
   25   156  0   0.0%   1.003 GC:2    GU:3    AU:1    +
   61    67  0   0.0%   0.057 CG:1    UG:4    UA:1    +
   37    45  0   0.0%   0.424 GC:2    GU:3    AU:1    +
   54    63  0   0.0%   0.112 UG:2    AU:1    UA:3    +
   25   159  0   0.0%   0.977 GC:1    GU:4    AU:1    +
   25   153  0   0.0%   1.025 GC:3    GU:2    AU:1    +
   23    76  0   0.0%   0.751 CG:2    AU:3    UA:1    +
   67   153  0   0.0%   0.562 GC:3    GU:2    AU:1    +
   58   114  0   0.0%   0.054 GC:1    GU:1    AU:4    +
   11   159  0   0.0%   0.490 GC:1    GU:1    AU:4    +
   58   159  0   0.0%   0.315 GC:1    GU:1    AU:4    +
   67    81  0   0.0%   0.049 GC:1    GU:4    AU:1    +
   35   144  0   0.0%   0.668 GC:2    GU:1    AU:3    +
   34   159  0   0.0%   0.530 GC:1    GU:2    AU:3    +
   37   156  0   0.0%   0.235 GC:2    GU:3    AU:1    +
   37   153  0   0.0%   0.255 GC:3    GU:2    AU:1    +
   36   159  0   0.0%   0.673 GC:1    GU:2    AU:3    +
    7    48  0   0.0%   0.600 GU:3    UG:1    UA:2    +
   67   106  0   0.0%   0.038 GC:3    GU:2    AU:1    +
   35    61  0   0.0%   0.635 GC:1    GU:2    AU:3    +
   37   159  0   0.0%   0.211 GC:1    GU:4    AU:1    +
   87   121  1   2.0%   0.242 GU:4    AU:1    +
   86   122  0   2.0%   0.243 UG:6    +
   89   119  1   2.4%   0.278 GC:5    +
   80   127  1   2.4%   0.291 GC:5    +
   19   138  0   0.9%   1.059 GC:5    GU:1    +
   18   139  0   0.9%   1.193 GC:4    GU:2    +
   81   131  0   0.9%   0.492 CG:1    UG:5    +
   21   136  0   0.8%   0.864 GU:1    AU:5    +
   28    46  0   1.8%   0.673 UA:6    +
   88   120  3   2.3%   0.264 UG:1    UA:2    +
   55    71  0   0.8%   0.131 GU:1    AU:5    +
   52    74  0   0.7%   0.727 CG:5    UG:1    +
   81   126  2   2.4%   0.290 UA:4    +
   34    39  0   0.7%   0.517 GU:3    AU:3    +
    1    29  0   0.7%   0.147 GU:1    AU:5    +
   58   151  0   0.7%   0.226 GU:2    AU:4    +
   27    47  3   2.2%   0.445 GC:2    AU:1    +
   18    56  0   1.7%   1.173 GC:6    +
   91   117  2   2.0%   0.244 CG:1    AU:3    +
   22    27  3   2.2%   0.580 CG:2    GC:1    +
    3   152  0   0.7%   0.620 CG:3    UG:3    +
   67   140  0   0.5%   0.188 GU:5    AU:1    +
    1   154  0   0.5%   0.165 GU:1    AU:5    +
   28    35  0   0.5%   0.269 UG:3    UA:3    +
   11   154  0   0.5%   0.567 GU:2    AU:4    +
   29    34  0   0.5%   0.259 UG:3    UA:3    +
   85   123  2   1.8%   0.225 GC:2    GU:2    +
   29    37  0   0.4%   0.609 UG:5    UA:1    +
   94   118  0   0.4%   0.504 UG:3    UA:3    +
   19    45  0   0.4%   0.915 GC:2    GU:4    +
    3   155  0   0.4%   0.618 CG:3    UG:3    +
    1   157  0   0.4%   0.171 GU:1    AU:5    +
   16    58  0   0.3%   0.590 UG:2    UA:4    +
    2    13  0   1.3%   0.171 AU:6    +
   12    16  0   0.3%   0.583 GU:4    AU:2    +
   31    36  0   0.3%   0.428 UG:3    UA:3    +
    3    19  0   0.2%   0.103 CG:3    UG:3    +
   31    35  0   0.2%   0.403 UG:3    UA:3    +
    4    24  1   1.2%   0.974 UG:3    AU:2    +
   63   144  1   0.7%   0.147 GC:1    GU:1    AU:3    +
   74   134  0   1.2%   0.600 GC:6    +
   52   155  0   0.2%   0.743 CG:5    UG:1    +
   51    75  1   0.7%   0.292 GU:2    AU:2    UA:1    +
   19    52  0   0.2%   0.933 GC:5    GU:1    +
   55   154  0   0.2%   0.173 GU:1    AU:5    +
   18    30  0   0.2%   0.876 GC:3    GU:3    +
   66   139  0   0.1%   0.126 GC:4    GU:2    +
   81   128  0   0.1%   0.234 CG:1    UG:5    +
   70   141  3   1.6%   0.553 GC:2    GU:1    +
   11   145  0   0.1%   0.480 GU:2    AU:4    +
   52    67  0   0.1%   0.634 CG:5    UA:1    +
   18    52  0   0.1%   0.973 GC:5    GU:1    +
   18    31  0   1.1%   1.014 GU:6    +
   16    34  0   0.1%   0.531 UG:3    UA:3    +
   30   128  0   0.1%   0.457 CG:3    UG:3    +
   59    66  0   0.1%   0.069 CG:4    UG:2    +
   73   138  0   0.1%   0.440 GC:5    GU:1    +
   16    21  0   0.1%   0.891 UG:1    UA:5    +
   28    48  3   1.6%   0.761 UG:1    UA:2    +
   16    35  0   0.1%   0.541 UG:3    UA:3    +
   45    82  0   0.1%   0.279 CG:2    UG:4    +
    5    18  0   1.1%   0.194 CG:6    +
   67   142  0   0.1%   0.146 GU:5    AU:1    +
   13    21  0   0.1%   0.483 UG:1    UA:5    +
   15    19  0   0.1%   0.994 CG:3    UG:3    +
   16    55  0   0.1%   0.548 UG:1    UA:5    +
   35    41  0   0.1%   0.817 GU:3    AU:3    +
   13    55  0   0.1%   0.123 UG:1    UA:5    +
    3   160  0   0.1%   0.600 CG:3    UG:3    +
   12    39  0   0.1%   0.113 GU:4    AU:2    +
   74   139  0   0.1%   0.614 GC:4    GU:2    +
   36    43  0   0.1%   1.171 GU:3    AU:3    +
   13    36  0   0.1%   0.111 UG:3    UA:3    +
   28    34  0   0.1%   0.195 UG:3    UA:3    +
   58   154  0   0.1%   0.226 GU:2    AU:4    +
   13    37  0   0.1%   0.113 UG:5    UA:1    +
   17    52  0   0.0%   0.608 GC:5    GU:1    +
   45    70  0   0.0%   0.265 CG:2    UG:4    +
   30   131  0   0.0%   0.453 CG:3    UG:3    +
  123   128  0   0.0%   0.525 CG:3    UG:3    +
   17    45  0   0.0%   0.578 GC:2    GU:4    +
   15   150  1   0.5%   0.416 CG:2    UG:1    UA:2    +
   34   157  0   0.0%   0.556 GU:3    AU:3    +
   12   142  0   0.0%   0.125 GU:4    AU:2    +
   18    45  0   0.0%   0.917 GC:2    GU:4    +
    1    16  0   0.0%   0.044 GU:1    AU:5    +
   15   143  0   0.0%   0.315 CG:3    UG:3    +
   37    41  0   0.0%   0.886 GU:5    AU:1    +
   17   139  0   0.0%   0.700 GC:4    GU:2    +
   59   155  0   0.0%   0.350 CG:4    UG:2    +
   18   138  0   0.0%   1.067 GC:5    GU:1    +
   12    33  0   0.0%   0.102 GU:4    AU:2    +
   97   115  0   1.0%   0.676 CG:6    +
   33    55  0   0.0%   0.389 UG:1    UA:5    +
   52    80  0   0.0%   0.666 CG:5    UG:1    +
   25    41  0   0.0%   0.563 GU:5    AU:1    +
   99   112  0   0.0%   0.579 GU:4    AU:2    +
   11   157  0   0.0%   0.514 GU:2    AU:4    +
   21    31  0   0.0%   0.573 GU:1    AU:5    +
   35    79  0   0.0%   0.639 GU:3    AU:3    +
   66   153  0   0.0%   0.829 GC:3    GU:3    +
   21   142  0   0.0%   0.799 GU:1    AU:5    +
   13    35  0   0.0%   0.098 UG:3    UA:3    +
   37    52  0   0.0%   0.792 GC:5    AU:1    +
  106   113  0   0.0%   0.640 CG:3    UG:3    +
    2    28  0   1.0%   0.203 AU:6    +
  106   131  0   0.0%   0.665 CG:3    UG:3    +
    1    28  0   0.0%   0.043 GU:1    AU:5    +
   88   118  0   0.0%   0.008 UG:3    UA:3    +
   11   140  0   0.0%   0.426 GU:2    AU:4    +
   13    34  0   0.0%   0.096 UG:3    UA:3    +
   12   145  0   0.0%   0.157 GU:4    AU:2    +
   17   147  0   0.0%   0.756 GC:2    GU:4    +
   61    66  0   0.0%   0.066 CG:1    UG:5    +
   59   160  0   0.0%   0.412 CG:4    UG:2    +
   90   116  0   0.0%   0.005 CG:4    UG:2    +
  113   123  0   0.0%   0.732 GC:3    GU:3    +
  114   122  0   0.0%   0.814 CG:1    UG:5    +
   58    69  0   0.0%   0.060 GU:2    AU:4    +
   25    29  0   0.0%   0.250 GU:5    AU:1    +
  146   159  0   0.0%   0.257 GC:1    GU:5    +
   35    43  0   0.0%   1.151 GU:3    AU:3    +
    7    14  0   0.0%   0.043 GU:3    UA:3    +
   18   156  0   0.0%   1.151 GC:2    GU:4    +
    7    40  0   0.0%   0.600 GC:3    UA:3    +
   18   147  0   0.0%   1.126 GC:2    GU:4    +
   15    66  0   0.0%   0.295 CG:3    UG:3    +
   45    80  0   0.0%   0.262 CG:2    UG:4    +
   45   160  0   0.0%   0.299 CG:2    UG:4    +
   21    29  0   0.0%   0.649 GU:1    AU:5    +
  106   110  0   0.0%   0.699 CG:3    UG:3    +
    3    36  0   0.0%   0.517 CG:3    UA:3    +
   17    59  0   0.0%   0.689 GC:4    GU:2    +
   59   146  0   0.0%   0.097 CG:4    UG:2    +
  147   155  0   0.0%   0.288 CG:2    UG:4    +
   55   151  0   0.0%   0.123 GU:1    AU:5    +
   25   140  0   0.0%   1.005 GU:5    AU:1    +
   45   155  0   0.0%   0.316 CG:2    UG:4    +
  146   156  0   0.0%   0.383 GC:2    GU:4    +
    7    42  0   0.0%   0.603 GC:3    UG:3    +
   11    39  0   0.0%   0.422 GU:2    AU:4    +
   11   142  0   0.0%   0.425 GU:2    AU:4    +
    3    17  0   0.0%   0.061 CG:3    UG:3    +
   43    55  0   0.0%   0.552 UG:1    UA:5    +
   25    31  0   0.0%   0.174 GU:5    AU:1    +
   59    70  0   0.0%   0.107 CG:4    UG:2    +
  115   123  0   0.0%   0.418 GC:3    GU:3    +
   12   151  0   0.0%   0.166 GU:4    AU:2    +
   13   150  0   0.0%   0.160 UG:3    UA:3    +
   61    73  0   0.0%   0.063 CG:1    UG:5    +
  138   143  0   0.0%   0.757 CG:5    UG:1    +
   35    39  0   0.0%   0.592 GU:3    AU:3    +
   58    71  0   0.0%   0.095 GU:2    AU:4    +
   99   107  0   0.0%   0.014 GU:4    AU:2    +
   17    57  2   1.7%   0.822 GC:4    +
   37    43  0   0.0%   0.706 GU:5    AU:1    +
  152   159  0   0.0%   0.339 GC:1    GU:5    +
   70   144  0   0.0%   1.444 GC:2    GU:4    +
   93   113  0   0.0%   0.007 CG:2    UG:4    +
   17    30  0   0.0%   0.554 GC:3    GU:3    +
   55    62  0   0.0%   0.019 GU:1    AU:5    +
   52   152  0   0.0%   0.729 CG:5    UG:1    +
   37   154  0   0.0%   0.259 GU:5    AU:1    +
   67   137  0   0.0%   0.086 GU:5    AU:1    +
   66   138  0   0.0%   0.096 GC:5    GU:1    +
   25   157  0   0.0%   1.000 GU:5    AU:1    +
  128   138  0   0.0%   0.651 GC:5    GU:1    +
  153   160  0   0.0%   0.398 CG:3    UG:3    +
   67   145  0   0.0%   0.879 GU:5    AU:1    +
   21   157  0   0.0%   0.828 GU:1    AU:5    +
   59   143  0   0.0%   0.081 CG:4    UG:2    +
    3    18  0   0.0%   0.061 CG:3    UG:3    +
   31    37  0   0.0%   0.265 UG:5    UA:1    +
   70   123  0   0.0%   0.051 GC:3    GU:3    +
    3    34  0   0.0%   0.514 CG:3    UA:3    +
  146   153  0   0.0%   0.192 GC:3    GU:3    +
   18   153  0   0.0%   1.172 GC:3    GU:3    +
  147   152  0   0.0%   0.219 CG:2    UG:4    +
   82   123  0   0.0%   0.029 GC:3    GU:3    +
   19   144  0   0.0%   1.003 GC:2    GU:4    +
   34    79  0   0.0%   0.505 GU:3    AU:3    +
   61   146  0   0.0%   0.053 CG:1    UG:5    +
  156   160  0   0.0%   0.589 CG:2    UG:4    +
   28    55  0   0.0%   0.630 UG:1    UA:5    +
   67   151  0   0.0%   0.636 GU:5    AU:1    +
   16    36  0   0.0%   0.534 UG:3    UA:3    +
   30   160  0   0.0%   0.463 CG:3    UG:3    +
   18    59  0   0.0%   1.058 GC:4    GU:2    +
  118   125  0   0.0%   0.622 GU:3    AU:3    +
   34   140  0   0.0%   0.552 GU:3    AU:3    +
   31    55  0   0.0%   0.499 UG:1    UA:5    +
   37   137  0   0.0%   0.236 GU:5    AU:1    +
    1    31  0   0.0%   0.080 GU:1    AU:5    +
  143   159  0   0.0%   0.705 GC:1    GU:5    +
  123   143  0   0.0%   0.627 CG:3    UG:3    +
  155   159  0   0.0%   0.403 GC:1    GU:5    +
   11    69  0   0.0%   0.422 GU:2    AU:4    +
  122   144  0   0.0%   0.907 GC:2    GU:4    +
   11    31  0   0.0%   0.420 GU:2    AU:4    +
   45   152  0   0.0%   0.337 CG:2    UG:4    +
   12    29  0   0.0%   0.135 GU:4    AU:2    +
   13    67  0   0.0%   0.113 UG:5    UA:1    +
  144   152  0   0.0%   0.921 CG:2    UG:4    +
   12    41  0   0.0%   0.103 GU:4    AU:2    +
  143   153  0   0.0%   0.644 GC:3    GU:3    +
   39    67  0   0.0%   0.300 UG:5    UA:1    +
   21   145  0   0.0%   0.816 GU:1    AU:5    +
   59   113  0   0.0%   0.064 CG:4    UG:2    +
   62   150  0   0.0%   1.030 UG:3    UA:3    +
   35   121  0   0.0%   0.636 GU:3    AU:3    +
  150   157  0   0.0%   0.573 GU:3    AU:3    +
   70   147  0   0.0%   0.741 GC:2    GU:4    +
    3   146  0   0.0%   0.519 CG:3    UG:3    +
   16    25  0   0.0%   0.574 UG:5    UA:1    +
  143   147  0   0.0%   0.593 GC:2    GU:4    +
   45   146  0   0.0%   0.296 CG:2    UG:4    +
   39   118  0   0.0%   0.299 UG:3    UA:3    +
   19    59  0   0.0%   0.926 GC:4    GU:2    +
   12    28  0   0.0%   0.142 GU:4    AU:2    +
   41   150  0   0.0%   0.799 UG:3    UA:3    +
   62    67  0   0.0%   0.039 UG:5    UA:1    +
  144   155  0   0.0%   0.988 CG:2    UG:4    +
   25    43  0   0.0%   0.549 GU:5    AU:1    +
   11    41  0   0.0%   0.421 GU:2    AU:4    +
    1    41  0   0.0%   0.080 GU:1    AU:5    +
   15   160  0   0.0%   0.342 CG:3    UG:3    +
   21    41  0   0.0%   0.506 GU:1    AU:5    +
  139   146  0   0.0%   0.294 CG:4    UG:2    +
   15   155  0   0.0%   0.372 CG:3    UG:3    +
   36    69  0   0.0%   0.648 GU:3    AU:3    +
  143   156  0   0.0%   0.833 GC:2    GU:4    +
   13    58  0   0.0%   0.113 UG:2    UA:4    +
   58   145  0   0.0%   0.083 GU:2    AU:4    +
   11    29  0   0.0%   0.459 GU:2    AU:4    +
    1    13  0   0.0%   0.001 GU:1    AU:5    +
   59    74  0   0.0%   0.105 CG:4    UG:2    +
    3    82  0   0.0%   0.519 CG:3    UG:3    +
   25    33  0   0.0%   0.115 GU:5    AU:1    +
  131   138  0   0.0%   0.889 GC:5    GU:1    +
   17    61  0   0.0%   0.687 GC:1    GU:5    +
   52    70  0   0.0%   0.621 CG:5    UG:1    +
  139   143  0   0.0%   0.746 CG:4    UG:2    +
    6    76  1   0.0%   0.652 CG:1    UG:1    AU:2    UA:1    +
   17   159  0   0.0%   0.755 GC:1    GU:5    +
   19   156  0   0.0%   1.016 GC:2    GU:4    +
   11    28  0   0.0%   0.467 GU:2    AU:4    +
   61   116  0   0.0%   0.021 CG:1    UG:5    +
   28   150  0   0.0%   0.694 UG:3    UA:3    +
   11    33  0   0.0%   0.420 GU:2    AU:4    +
   34   145  0   0.0%   0.534 GU:3    AU:3    +
   33    37  0   0.0%   0.176 UG:5    UA:1    +
   36   157  0   0.0%   0.696 GU:3    AU:3    +
   58    62  0   0.0%   0.053 GU:2    AU:4    +
  136   150  0   0.0%   0.605 UG:3    UA:3    +
  106   116  0   0.0%   0.819 CG:3    UG:3    +
   15   146  0   0.0%   0.326 CG:3    UG:3    +
   45   128  0   0.0%   0.275 CG:2    UG:4    +
   18    61  0   0.0%   1.057 GC:1    GU:5    +
   34    71  0   0.0%   0.504 GU:3    AU:3    +
   61   131  0   0.0%   0.026 CG:1    UG:5    +
   61   152  0   0.0%   0.785 CG:1    UG:5    +
   36   121  0   0.0%   0.651 GU:3    AU:3    +
   12   157  0   0.0%   0.197 GU:4    AU:2    +
   18   144  0   0.0%   1.135 GC:2    GU:4    +
   17   156  0   0.0%   0.779 GC:2    GU:4    +
   29    55  0   0.0%   0.710 UG:1    UA:5    +
   11    45  0   0.0%   0.421 GC:2    AU:4    +
   93   122  0   0.0%   0.273 CG:2    UG:4    +
   39    55  0   0.0%   0.313 UG:1    UA:5    +
   36   154  0   0.0%   0.720 GU:3    AU:3    +
   35   157  0   0.0%   0.682 GU:3    AU:3    +
    1    43  0   0.0%   0.080 GU:1    AU:5    +
   29   150  0   0.0%   0.777 UG:3    UA:3    +
   21   137  0   0.0%   0.829 GU:1    AU:5    +
   93   115  0   0.0%   0.007 CG:2    UG:4    +
   19    61  0   0.0%   0.925 GC:1    GU:5    +
   61   155  0   0.0%   0.850 CG:1    UG:5    +
   55    69  0   0.0%   0.021 GU:1    AU:5    +
   19   159  0   0.0%   0.989 GC:1    GU:5    +
   83    99  0   0.0%   0.018 UG:4    UA:2    +
    3   143  0   0.0%   0.519 CG:3    UG:3    +
   80   106  0   0.0%   0.020 GC:3    GU:3    +
   30   155  0   0.0%   0.493 CG:3    UG:3    +
    3   118  0   0.0%   0.519 CG:3    UA:3    +
   66   106  0   0.0%   0.046 GC:3    GU:3    +
    1    39  0   0.0%   0.080 GU:1    AU:5    +
    1   145  0   0.0%   0.081 GU:1    AU:5    +
   18   159  0   0.0%   1.123 GC:1    GU:5    +
  152   156  0   0.0%   0.461 GC:2    GU:4    +
   99   103  0   0.0%   0.008 GU:4    AU:2    +
    1   151  0   0.0%   0.081 GU:1    AU:5    +
   61    70  0   0.0%   0.063 CG:1    UG:5    +
   45   113  0   0.0%   0.266 CG:2    UG:4    +
   12    69  0   0.0%   0.113 GU:4    AU:2    +
  131   139  0   0.0%   0.879 GC:4    GU:2    +
   34    69  0   0.0%   0.504 GU:3    AU:3    +
   67    71  0   0.0%   0.085 GU:5    AU:1    +
   13    25  0   0.0%   0.174 UG:5    UA:1    +
   37   157  0   0.0%   0.234 GU:5    AU:1    +
   52   122  0   0.0%   0.654 CG:5    UG:1    +
   15   152  0   0.0%   0.396 CG:3    UG:3    +
   66   147  0   0.0%   0.772 GC:2    GU:4    +
   73   144  0   0.0%   1.157 GC:2    GU:4    +
   69   150  0   0.0%   0.602 UG:3    UA:3    +
   34    62  0   0.0%   0.505 GU:3    AU:3    +
   12   154  0   0.0%   0.226 GU:4    AU:2    +
   19   147  0   0.0%   0.992 GC:2    GU:4    +
   17   144  0   0.0%   0.765 GC:2    GU:4    +
   11   151  0   0.0%   0.482 GU:2    AU:4    +
   41    55  0   0.0%   0.747 UG:1    UA:5    +
  138   146  0   0.0%   0.304 CG:5    UG:1    +
   19   153  0   0.0%   1.039 GC:3    GU:3    +
  145   150  0   0.0%   0.798 UG:3    UA:3    +
   21   154  0   0.0%   0.856 GU:1    AU:5    +
   11    43  0   0.0%   0.423 GU:2    AU:4    +
   30    73  0   0.0%   0.433 CG:3    UG:3    +
   21    33  0   0.0%   0.515 GU:1    AU:5    +
  122   147  0   0.0%   0.205 GC:2    GU:4    +
  123   146  0   0.0%   0.176 CG:3    UG:3    +
  150   154  0   0.0%   0.452 GU:3    AU:3    +
   58   157  0   0.0%   0.348 GU:2    AU:4    +
   67   136  0   0.0%   0.082 GU:5    AU:1    +
   12   140  0   0.0%   0.116 GU:4    AU:2    +
   25   154  0   0.0%   1.028 GU:5    AU:1    +
  142   150  0   0.0%   0.779 UG:3    UA:3    +
   11    71  0   0.0%   0.421 GU:2    AU:4    +
   11    62  0   0.0%   0.421 GU:2    AU:4    +
   35   154  0   0.0%   0.705 GU:3    AU:3    +
   12    43  0   0.0%   0.105 GU:4    AU:2    +
   17   153  0   0.0%   0.803 GC:3    GU:3    +
  131   156  0   0.0%   0.965 GC:2    GU:4    +
   30    66  0   0.0%   0.434 CG:3    UG:3    +
   12    31  0   0.0%   0.095 GU:4    AU:2    +
    1    33  0   0.0%   0.080 GU:1    AU:5    +
   74    93  0   0.0%   0.043 GC:2    GU:4    +
   80    90  0   0.0%   0.011 GC:4    GU:2    +
   81    89  0   0.0%   0.011 CG:1    UG:5    +
   16   150  0   0.0%   0.667 UG:3    UA:3    +
    3    27  2   1.0%   0.604 CG:2    UG:1    UA:1    +
   26    52  3   1.4%   0.719 GC:2    AU:1    +
   20   137  0   0.9%   0.893 AU:6    +
    7    18  3   1.6%   0.472 UG:3    +
   17   140  0   0.9%   0.820 GU:6    +
   27    45  1   0.3%   0.239 GC:2    GU:1    AU:2    +
   32    41  0   0.8%   0.378 AU:6    +
   24    57  1   0.8%   1.249 GC:3    UA:2    +
   56    70  0   0.7%   0.258 CG:6    +
   64   143  0   0.7%   0.133 CG:6    +
   65   142  0   0.7%   0.155 AU:6    +
    6    17  2   1.0%   0.177 CG:1    UG:3    +
   72   136  3   1.5%   0.284 AU:3    +
   59   150  2   0.7%   0.233 CG:2    UG:1    UA:1    +
   73   135  3   1.2%   0.439 GC:2    GU:1    +
   12   144  1   0.2%   0.166 GC:1    GU:3    AU:1    +
   70   140  0   0.6%   0.385 GU:6    +
   25    53  3   1.4%   1.419 GC:3    +
   15    36  1   0.1%   0.325 CG:2    UG:1    UA:2    +
   95   116  0   0.6%   0.779 CG:6    +
   15    34  1   0.1%   0.296 CG:2    UG:1    UA:2    +
  103   108  2   0.9%   0.173 UG:1    UA:3    +
   13   152  0   0.6%   0.254 UG:6    +
   42    47  1   0.1%   0.747 CG:2    GC:2    GU:1    +
   51    81  1   0.0%   0.238 GC:1    GU:2    AU:2    +
   84    99  1   0.0%   0.013 CG:1    UG:2    UA:2    +
   58   156  1   0.0%   0.444 GC:1    GU:1    AU:3    +
  108   129  1   0.0%   0.502 UG:1    AU:3    UA:1    +
   27   159  1   0.0%   0.722 GC:1    GU:2    AU:2    +
   12   139  1   0.0%   0.118 GC:3    GU:1    AU:1    +
   35   156  1   0.0%   0.684 GC:1    GU:2    AU:2    +
   63    81  1   0.0%   0.019 GC:1    GU:1    AU:3    +
   58   147  1   0.0%   0.076 GC:1    GU:1    AU:3    +
   11   156  1   0.0%   0.515 GC:1    GU:1    AU:3    +
   11   147  1   0.0%   0.464 GC:1    GU:1    AU:3    +
   19    56  0   0.5%   1.052 GC:6    +
   34   123  1   0.0%   0.506 GC:2    GU:1    AU:2    +
   12   147  1   0.0%   0.147 GC:1    GU:3    AU:1    +
  150   156  1   0.0%   0.670 GC:1    GU:2    AU:2    +
   12    30  1   0.0%   0.099 GC:2    GU:2    AU:1    +
   47    76  1   0.0%   0.136 CG:2    GU:2    UA:1    +
   76   137  3   1.0%   0.505 GU:2    AU:1    +
  118   147  1   0.0%   0.572 GC:1    GU:2    AU:2    +
   63   114  1   0.0%   0.008 GC:1    GU:1    AU:3    +
  105   117  1   0.0%   0.566 CG:1    GU:1    AU:3    +
  144   150  1   0.0%   1.130 CG:1    UG:2    UA:2    +
   36   156  1   0.0%   0.697 GC:1    GU:2    AU:2    +
   42    85  1   0.0%   0.618 CG:3    GC:1    GU:1    +
   87    93  1   0.0%   0.009 GC:2    GU:2    AU:1    +
  118   123  1   0.0%   0.604 GC:2    GU:1    AU:2    +
   27   147  1   0.0%   0.718 GC:2    GU:1    AU:2    +
   36   153  1   0.0%   0.717 GC:2    GU:1    AU:2    +
   45   150  1   0.0%   0.330 CG:1    UG:2    UA:2    +
   21    54  1   0.5%   0.836 GU:1    AU:4    +
   28    51  1   0.5%   0.815 UG:3    UA:2    +
  102   108  3   1.0%   0.147 GU:1    UA:2    +
   59    67  1   0.4%   0.120 CG:3    UG:2    +
   30    36  2   0.4%   0.672 CG:1    UG:2    UA:1    +
   16   149  0   0.4%   0.672 UA:6    +
   30    37  1   0.4%   0.560 CG:2    UG:3    +
   29    46  0   0.3%   0.601 UA:6    +
   93   118  2   0.6%   0.302 UG:3    UA:1    +
   30    48  3   0.8%   0.815 CG:1    UA:2    +
    8   155  0   0.3%   0.840 CG:6    +
    8   146  0   0.3%   0.791 CG:6    +
    5    17  0   0.3%   0.067 CG:6    +
   25    56  1   0.8%   1.115 GC:5    +
   76   131  3   1.0%   0.164 UG:3    +
   28    44  0   0.3%   0.493 UA:6    +
   16    51  1   0.2%   0.557 UG:3    UA:2    +
   27    52  2   0.6%   1.318 GC:3    AU:1    +
   79   130  0   0.2%   0.436 UA:6    +
    6    11  2   0.2%   0.082 CG:1    UG:1    UA:2    +
    1    14  3   0.7%   0.105 GU:1    AU:2    +
   56   152  0   0.2%   0.292 CG:6    +
   51   156  2   0.2%   0.311 GC:1    GU:2    AU:1    +
   66   141  3   0.7%   0.193 GC:2    GU:1    +
   32    39  0   0.2%   0.286 AU:6    +
   41    46  0   0.2%   1.080 UA:6    +
   17    31  0   0.2%   0.581 GU:6    +
   67   138  1   0.2%   0.117 GC:4    GU:1    +
   19    29  0   0.1%   0.801 GU:6    +
   69   141  3   0.9%   0.207 UA:3    +
   70   136  0   0.1%   0.124 GU:6    +
   16    32  0   0.1%   0.513 UA:6    +
   28   130  0   0.1%   0.646 UA:6    +
    5   160  0   0.1%   0.627 CG:6    +
    6    27  2   0.1%   0.708 CG:1    UG:1    UA:2    +
   20    28  0   0.1%   0.689 AU:6    +
   22   135  3   0.6%   0.863 GC:2    GU:1    +
    4   151  3   0.6%   0.809 GU:1    AU:2    +
   13   143  0   0.1%   0.143 UG:6    +
   24    54  3   0.6%   1.168 GU:2    AU:1    +
   77    82  0   0.1%   0.039 CG:6    +
   83   131  0   0.1%   0.963 UG:6    +
   57   155  2   0.8%   0.458 CG:4    +
   15    35  2   0.1%   0.311 CG:1    UG:2    UA:1    +
   23    58  3   0.6%   0.832 CG:2    UA:1    +
    4    11  3   0.9%   0.124 UA:3    +
   80    97  0   0.1%   0.032 GC:6    +
   82    95  0   0.1%   0.039 GC:6    +
   29    44  0   0.1%   0.506 UA:6    +
  116   133  0   0.1%   1.761 GC:6    +
  115   134  0   0.1%   0.959 GC:6    +
   79    98  0   0.1%   0.028 UA:6    +
   27    39  1   0.1%   0.393 GU:3    AU:2    +
   33    46  0   0.1%   0.704 UA:6    +
   74   137  0   0.1%   0.367 GU:6    +
    6    36  2   0.1%   0.665 CG:1    UG:2    UA:1    +
   64    70  0   0.1%   0.064 CG:6    +
   46   157  0   0.1%   0.423 AU:6    +
   63    71  1   0.1%   0.061 GU:2    AU:3    +
   79   132  0   0.1%   0.511 UA:6    +
   24    48  1   0.1%   0.525 GU:3    UA:2    +
   30    51  2   0.1%   0.617 CG:2    UG:1    UA:1    +
   24    52  2   0.4%   0.820 GC:3    AU:1    +
   53    73  2   0.7%   0.591 CG:4    +
   44    83  0   0.1%   0.350 AU:6    +
   17    33  0   0.1%   0.580 GU:6    +
   26    39  1   0.1%   0.259 GU:2    AU:3    +
   43   158  0   0.1%   0.580 UA:6    +
   44   157  0   0.1%   0.402 AU:6    +
   86    92  0   0.1%   0.016 UA:6    +
   65    69  0   0.1%   0.046 AU:6    +
   70   137  0   0.1%   0.123 GU:6    +
   73   140  0   0.1%   0.642 GU:6    +
    5   155  0   0.1%   0.625 CG:6    +
    2    29  0   0.1%   0.156 AU:6    +
   51   157  1   0.1%   0.312 GU:3    AU:2    +
   65   140  0   0.1%   0.091 AU:6    +
    8   152  0   0.1%   0.806 CG:6    +
   24    51  3   0.3%   0.788 GU:1    UG:1    UA:1    +
  100   107  0   0.1%   0.017 AU:6    +
   33    40  3   0.8%   0.385 UA:3    +
   13   158  0   0.0%   0.180 UA:6    +
   34    54  1   0.0%   0.616 GU:3    AU:2    +
    5   152  0   0.0%   0.630 CG:6    +
  121   130  0   0.0%   0.931 UA:6    +
   44    71  0   0.0%   0.340 AU:6    +
   46    69  0   0.0%   0.351 AU:6    +
  103   110  0   0.0%   0.387 UG:6    +
    2   157  0   0.0%   0.202 AU:6    +
   29   132  0   0.0%   0.721 UA:6    +
   31   130  0   0.0%   0.508 UA:6    +
   13    44  0   0.0%   0.114 UA:6    +
   33   158  0   0.0%   0.403 UA:6    +
  151   158  0   0.0%   0.413 UA:6    +
   24   135  2   0.0%   1.135 GC:1    GU:1    UA:2    +
   16    46  0   0.0%   0.515 UA:6    +
  152   157  0   0.0%   0.372 GU:6    +
  121   128  0   0.0%   0.759 UG:6    +
   89    95  0   0.0%   0.015 GC:6    +
  150   159  1   0.0%   0.549 GU:3    AU:2    +
   13    20  0   0.0%   0.682 UA:6    +
   38    76  1   0.0%   0.072 CG:2    AU:3    +
   43   160  0   0.0%   0.574 UG:6    +
   67   139  1   0.0%   0.116 GC:3    GU:2    +
   86    98  0   0.0%   0.020 UA:6    +
   56    74  0   0.0%   0.226 CG:6    +
   25    50  2   0.7%   0.711 GC:4    +
   84   122  1   0.0%   0.012 CG:1    UG:4    +
   24    42  1   0.0%   0.724 GC:3    UG:2    +
    8   143  0   0.0%   0.742 CG:6    +
   94   115  0   0.0%   0.009 UG:6    +
   82   101  0   0.0%   0.032 GC:6    +
   83   100  0   0.0%   0.020 UA:6    +
   19   137  0   0.0%   0.934 GU:6    +
   13    32  0   0.0%   0.090 UA:6    +
   55   159  1   0.0%   0.658 GU:1    AU:4    +
   64   155  0   0.0%   0.303 CG:6    +
   54    76  2   0.0%   0.167 UG:2    AU:1    UA:1    +
   65   154  0   0.0%   0.312 AU:6    +
   63   156  1   0.0%   0.403 GC:2    AU:3    +
   25   138  1   0.0%   1.007 GC:4    GU:1    +
   20   136  0   0.0%   0.768 AU:6    +
   51   154  1   0.0%   0.305 GU:3    AU:2    +
   13   155  0   0.0%   0.205 UG:6    +
   41    74  0   0.0%   0.739 UG:6    +
   26   137  1   0.0%   0.144 GU:2    AU:3    +
  100   112  0   0.0%   0.279 AU:6    +
   13    17  0   0.0%   0.621 UG:6    +
   31   160  0   0.0%   0.514 UG:6    +
   20    43  0   0.0%   0.731 AU:6    +
  104   115  0   0.0%   0.688 CG:6    +
  107   130  0   0.0%   0.595 UA:6    +
   28   132  0   0.0%   0.633 UA:6    +
   17   134  0   0.0%   0.693 GC:6    +
   18   133  0   0.0%   1.062 GC:6    +
   83   128  0   0.0%   0.216 UG:6    +
   28   158  0   0.0%   0.653 UA:6    +
   39    44  0   0.0%   0.618 UA:6    +
   29   131  0   0.0%   0.713 UG:6    +
   27    54  1   0.0%   0.801 GU:3    AU:2    +
   80   104  0   0.0%   0.023 GC:6    +
    1   159  1   0.0%   0.134 GU:1    AU:4    +
    2    43  0   0.0%   0.118 AU:6    +
   41   160  0   0.0%   0.759 UG:6    +
   27   136  1   0.0%   0.743 GU:3    AU:2    +
  148   157  0   0.0%   0.539 AU:6    +
   17   157  0   0.0%   0.779 GU:6    +
  112   124  0   0.0%   0.758 UA:6    +
    5   146  0   0.0%   0.557 CG:6    +
   16   158  0   0.0%   0.624 UA:6    +
   77   128  0   0.0%   0.027 CG:6    +
   98   107  0   0.0%   0.013 AU:6    +
   29    51  1   0.0%   0.873 UG:3    UA:2    +
   13    51  1   0.0%   0.111 UG:3    UA:2    +
    8   160  0   0.0%   0.797 CG:6    +
  103   116  0   0.0%   1.238 UG:6    +
   19   145  0   0.0%   1.001 GU:6    +
   17    64  0   0.0%   0.690 GC:6    +
   39    46  0   0.0%   0.619 UA:6    +
  115   121  0   0.0%   0.657 GU:6    +
   76   129  2   0.0%   0.030 GU:1    AU:1    UA:2    +
   16    65  0   0.0%   0.555 UA:6    +
   20    31  0   0.0%   0.783 AU:6    +
   51   151  1   0.0%   0.293 GU:3    AU:2    +
   16   148  0   0.0%   0.608 UA:6    +
   20   145  0   0.0%   0.837 AU:6    +
   18   134  0   0.0%   1.063 GC:6    +
   19   133  0   0.0%   0.931 GC:6    +
    3    11  1   0.0%   0.003 CG:2    UA:3    +
   46    79  0   0.0%   0.349 AU:6    +
   79   131  0   0.0%   0.468 UG:6    +
   11   153  1   0.0%   0.486 GC:2    AU:3    +
  102   117  2   0.0%   0.989 GU:1    UG:1    AU:2    +
   19    62  0   0.0%   0.928 GU:6    +
   71   143  0   0.0%   0.798 UG:6    +
   39   158  0   0.0%   0.325 UA:6    +
   27    33  1   0.0%   0.155 GU:3    AU:2    +
   66   140  0   0.0%   0.110 GU:6    +
   28    32  0   0.0%   0.172 UA:6    +
   33   128  0   0.0%   0.384 UG:6    +
   26    33  1   0.0%   0.029 GU:2    AU:3    +
  148   154  0   0.0%   0.416 AU:6    +
   64    80  0   0.0%   0.020 CG:6    +
   86   124  0   0.0%   0.185 UA:6    +
   48    54  2   0.0%   0.480 GU:1    AU:2    UA:1    +
   56   160  0   0.0%   0.570 CG:6    +
   65    79  0   0.0%   0.039 AU:6    +
    2   151  0   0.0%   0.119 AU:6    +
    3   150  2   0.0%   0.521 CG:1    UG:2    UA:1    +
   24   141  2   0.0%   1.131 GC:1    GU:1    UA:2    +
   26    30  2   0.0%   0.142 GC:1    GU:1    AU:2    +
  104   113  0   0.0%   0.997 CG:6    +
   46   154  0   0.0%   0.424 AU:6    +
   43    82  0   0.0%   0.542 UG:6    +
   56   146  0   0.0%   0.214 CG:6    +
   18    33  0   0.0%   0.913 GU:6    +
   86   128  0   0.0%   0.526 UG:6    +
   73   136  0   0.0%   0.400 GU:6    +
   20   154  0   0.0%   0.878 AU:6    +
  134   143  0   0.0%   1.154 CG:6    +
  113   125  0   0.0%   0.750 GU:6    +
    2   154  0   0.0%   0.179 AU:6    +
   45    51  2   0.0%   0.435 CG:1    UG:2    UA:1    +
    1    54  1   0.0%   0.082 GU:1    AU:4    +
   70    77  0   0.0%   0.055 GC:6    +
   16    20  0   0.0%   1.085 UA:6    +
   74   140  0   0.0%   0.640 GU:6    +
   18    29  0   0.0%   0.882 GU:6    +
   26    31  1   0.0%   0.087 GU:2    AU:3    +
   66   142  0   0.0%   0.141 GU:6    +
   19    28  0   0.0%   0.781 GU:6    +
   51   153  2   0.0%   0.295 GC:2    GU:1    AU:1    +
    2    39  0   0.0%   0.114 AU:6    +
  130   136  0   0.0%   0.827 AU:6    +
   62    82  0   0.0%   0.018 UG:6    +
   13    46  0   0.0%   0.107 UA:6    +
   16   155  0   0.0%   0.652 UG:6    +
   13    18  0   0.0%   0.911 UG:6    +
   15    37  1   0.0%   0.310 CG:2    UG:3    +
   95   110  0   0.0%   0.011 CG:6    +
  101   115  0   0.0%   0.994 CG:6    +
   26    41  1   0.0%   0.259 GU:2    AU:3    +
   17   154  0   0.0%   0.806 GU:6    +
  145   160  0   0.0%   0.716 UG:6    +
   17    56  0   0.0%   0.623 GC:6    +
   33   124  0   0.0%   0.374 UA:6    +
   69    73  0   0.0%   0.055 UG:6    +
   32   125  0   0.0%   0.373 AU:6    +
   26   157  1   0.0%   0.138 GU:2    AU:3    +
   13   146  0   0.0%   0.154 UG:6    +
  101   116  0   0.0%   1.489 CG:6    +
   62    66  0   0.0%   0.048 UG:6    +
    4    54  2   0.0%   0.713 GU:1    AU:2    UA:1    +
    2    33  0   0.0%   0.113 AU:6    +
   69   149  0   0.0%   1.016 UA:6    +
   77   116  0   0.0%   0.015 CG:6    +
   33    80  0   0.0%   0.373 UG:6    +
   76   117  2   0.0%   0.015 GU:2    UG:1    AU:1    +
   64   152  0   0.0%   0.232 CG:6    +
   71   122  0   0.0%   0.049 UG:6    +
   65   151  0   0.0%   0.409 AU:6    +
   51    69  1   0.0%   0.194 GU:3    AU:2    +
   15    25  1   0.0%   0.359 CG:2    UG:3    +
   74   136  0   0.0%   0.400 GU:6    +
    6    51  2   0.0%   0.653 UG:2    AU:1    UA:1    +
   80   125  0   0.0%   0.021 GU:6    +
   69   124  0   0.0%   0.013 UA:6    +
   46    71  0   0.0%   0.348 AU:6    +
  117   126  1   0.0%   0.689 GC:1    UA:4    +
   43    51  1   0.0%   0.715 UG:3    UA:2    +
   31    82  0   0.0%   0.488 UG:6    +
   98   121  0   0.0%   0.640 AU:6    +
   73   137  0   0.0%   0.347 GU:6    +
   18   145  0   0.0%   1.131 GU:6    +
    2    16  0   0.0%   0.064 AU:6    +
   16    26  1   0.0%   0.495 UG:2    UA:3    +
   15    27  2   0.0%   0.322 CG:1    UG:2    UA:1    +
   13    19  0   0.0%   0.795 UG:6    +
  128   133  0   0.0%   1.355 GC:6    +
   35   139  2   0.0%   0.686 GC:2    GU:1    AU:1    +
  128   134  0   0.0%   1.048 GC:6    +
   20   157  0   0.0%   0.849 AU:6    +
   80   103  0   0.0%   0.019 GU:6    +
   63   145  1   0.0%   0.074 GU:2    AU:3    +
   32   142  0   0.0%   0.387 AU:6    +
   31   158  0   0.0%   0.512 UA:6    +
   27    41  1   0.0%   0.385 GU:3    AU:2    +
   21    61  1   0.0%   0.747 GU:1    AU:4    +
    7    53  1   0.0%   0.601 GC:3    UA:2    +
   97   122  0   0.0%   0.809 CG:6    +
   32   157  0   0.0%   0.417 AU:6    +
  124   142  0   0.0%   0.545 AU:6    +
   19    31  0   0.0%   0.899 GU:6    +
   62   146  0   0.0%   0.041 UG:6    +
   66    77  0   0.0%   0.049 GC:6    +
   20   151  0   0.0%   0.871 AU:6    +
   83   122  0   0.0%   0.016 UG:6    +
    9   150  2   0.0%   0.626 CG:1    UG:1    UA:2    +
    6    34  2   0.0%   0.646 CG:1    UG:2    UA:1    +
   27    43  1   0.0%   0.372 GU:3    AU:2    +
   46   151  0   0.0%   0.415 AU:6    +
   20    39  0   0.0%   0.726 AU:6    +
   31   143  0   0.0%   0.508 UG:6    +
   41    65  0   0.0%   0.734 UA:6    +
   18    39  0   0.0%   0.909 GU:6    +
   43    63  1   0.0%   0.537 UG:2    UA:3    +
   27   157  1   0.0%   0.741 GU:3    AU:2    +
   44    62  0   0.0%   0.331 AU:6    +
   36    54  1   0.0%   0.756 GU:3    AU:2    +
  149   157  0   0.0%   0.989 AU:6    +
   39   152  0   0.0%   0.371 UG:6    +
   18    41  0   0.0%   0.904 GU:6    +
    3    37  1   0.0%   0.515 CG:2    UG:3    +
   51    59  2   0.0%   0.212 GC:2    GU:1    AU:1    +
   56   116  0   0.0%   0.183 CG:6    +
  151   160  0   0.0%   0.473 UG:6    +
   82   134  0   0.0%   1.112 GC:6    +
  154   158  0   0.0%   0.308 UA:6    +
   33    82  0   0.0%   0.374 UG:6    +
   55   117  1   0.0%   0.056 GU:1    AU:4    +
   35    54  1   0.0%   0.742 GU:2    AU:3    +
  154   160  0   0.0%   0.371 UG:6    +
  142   148  0   0.0%   0.742 UA:6    +
   29   158  0   0.0%   0.733 UA:6    +
   32    83  0   0.0%   0.372 AU:6    +
   41   158  0   0.0%   0.759 UA:6    +
    2    31  0   0.0%   0.113 AU:6    +
   12    49  2   0.0%   0.105 GC:2    GU:1    AU:1    +
   16    44  0   0.0%   0.511 UA:6    +
   43   148  0   0.0%   0.565 UA:6    +
   88   122  0   0.0%   0.171 UG:6    +
   26   140  1   0.0%   0.143 GU:2    AU:3    +
   31    51  1   0.0%   0.666 UG:3    UA:2    +
   26    43  1   0.0%   0.246 GU:2    AU:3    +
   54   118  1   0.0%   0.159 UG:3    UA:2    +
    9    35  2   0.0%   0.583 CG:1    UG:2    UA:1    +
   80   137  0   0.0%   0.969 GU:6    +
   46   145  0   0.0%   0.380 AU:6    +
   27   156  2   0.0%   0.744 GC:1    GU:2    AU:1    +
   13    27  1   0.0%   0.138 UG:3    UA:2    +
   41   116  0   0.0%   0.735 UG:6    +
   20    62  0   0.0%   0.763 AU:6    +
   69   148  0   0.0%   0.564 UA:6    +
  136   143  0   0.0%   0.769 UG:6    +
   43   130  0   0.0%   0.554 UA:6    +
   39    74  0   0.0%   0.299 UG:6    +
  151   155  0   0.0%   0.412 UG:6    +
   41   132  0   0.0%   0.740 UA:6    +
   86   130  0   0.0%   0.693 UA:6    +
   24   156  2   0.0%   1.141 GC:1    GU:2    AU:1    +
   19    43  0   0.0%   0.843 GU:6    +
   27    31  1   0.0%   0.212 GU:3    AU:2    +
   28   131  0   0.0%   0.628 UG:6    +
   71   146  0   0.0%   0.347 UG:6    +
    6    37  2   0.0%   0.658 CG:1    UG:2    UA:1    +
   74   101  0   0.0%   0.043 GC:6    +
    5    80  0   0.0%   0.553 CG:6    +
   29   130  0   0.0%   0.718 UA:6    +
   17    43  0   0.0%   0.572 GU:6    +
    8    74  0   0.0%   0.735 CG:6    +
   19   157  0   0.0%   1.013 GU:6    +
    2    83  0   0.0%   0.117 AU:6    +
   18   157  0   0.0%   1.146 GU:6    +
   64   113  0   0.0%   0.009 CG:6    +
   65   112  0   0.0%   0.032 AU:6    +
    7    57  1   0.0%   0.601 GC:3    UA:2    +
   73   104  0   0.0%   0.043 GC:6    +
   13    26  1   0.0%   0.096 UG:2    UA:3    +
   39    51  1   0.0%   0.478 UG:3    UA:2    +
  132   137  0   0.0%   1.116 AU:6    +
   51    71  1   0.0%   0.194 GU:3    AU:2    +
   70   104  0   0.0%   0.050 GC:6    +
   34    81  1   0.0%   0.505 GU:3    AU:2    +
   11    54  1   0.0%   0.422 GU:2    AU:3    +
    2    41  0   0.0%   0.113 AU:6    +
   74   103  0   0.0%   0.043 GU:6    +
   62   115  0   0.0%   0.009 UG:6    +
   26   154  1   0.0%   0.166 GU:2    AU:3    +
   21   159  1   0.0%   0.804 GU:1    AU:4    +
   70   134  0   0.0%   0.073 GC:6    +
   64   128  0   0.0%   0.019 CG:6    +
   63   129  2   0.0%   0.020 GU:1    AU:2    UA:1    +
   33   146  0   0.0%   0.404 UG:6    +
  134   152  0   0.0%   0.780 CG:6    +
   62   130  0   0.0%   0.022 UA:6    +
   31   148  0   0.0%   0.515 UA:6    +
   11    61  1   0.0%   0.421 GU:2    AU:3    +
   80   136  0   0.0%   1.098 GU:6    +
   56   122  0   0.0%   0.182 CG:6    +
   20    79  0   0.0%   0.762 AU:6    +
   15    58  2   0.0%   0.292 CG:1    UG:1    UA:2    +
    5    70  0   0.0%   0.552 CG:6    +
   12    54  1   0.0%   0.109 GU:4    AU:1    +
   29   149  0   0.0%   0.761 UA:6    +
   27   151  1   0.0%   0.762 GU:3    AU:2    +
   55    61  1   0.0%   0.018 GU:1    AU:4    +
  107   115  0   0.0%   0.329 UG:6    +
  142   160  0   0.0%   0.696 UG:6    +
   97   110  0   0.0%   0.011 CG:6    +
   62   110  0   0.0%   0.008 UG:6    +
   17   145  0   0.0%   0.761 GU:6    +
    5    74  0   0.0%   0.553 CG:6    +
   33    51  1   0.0%   0.549 UG:3    UA:2    +
  137   149  0   0.0%   0.889 UA:6    +
    9    37  2   0.0%   0.587 CG:1    UG:2    UA:1    +
   73   142  0   0.0%   0.805 GU:6    +
   17    39  0   0.0%   0.571 GU:6    +
   16   143  0   0.0%   0.598 UG:6    +
   95   113  0   0.0%   0.011 CG:6    +
  142   149  0   0.0%   1.193 UA:6    +
   29   160  0   0.0%   0.730 UG:6    +
   28   160  0   0.0%   0.649 UG:6    +
    6    48  2   0.0%   0.652 UG:1    AU:2    UA:1    +
   54   150  1   0.0%   0.224 UG:2    UA:3    +
   39   132  0   0.0%   0.304 UA:6    +
   89   121  0   0.0%   0.175 GU:6    +
   69    74  0   0.0%   0.054 UG:6    +
    5   143  0   0.0%   0.553 CG:6    +
   32    71  0   0.0%   0.371 AU:6    +
   51    79  1   0.0%   0.231 GU:3    AU:2    +
   33    70  0   0.0%   0.373 UG:6    +
   41   130  0   0.0%   0.748 UA:6    +
   24    75  2   0.0%   1.076 GU:2    UG:1    AU:1    +
   56   128  0   0.0%   0.192 CG:6    +
   41    51  1   0.0%   0.912 UG:3    UA:2    +
    8    70  0   0.0%   0.735 CG:6    +
   95   122  0   0.0%   0.781 CG:6    +
   82   104  0   0.0%   0.029 GC:6    +
   13   149  0   0.0%   0.150 UA:6    +
   20    41  0   0.0%   0.720 AU:6    +
  137   148  0   0.0%   0.437 UA:6    +
   46    83  0   0.0%   0.357 AU:6    +
   19    33  0   0.0%   0.847 GU:6    +
   66   154  0   0.0%   0.800 GU:6    +
   94   100  0   0.0%   0.003 UA:6    +
   84   102  2   0.0%   0.006 CG:1    AU:1    UA:2    +
    5   116  0   0.0%   0.553 CG:6    +
    4   117  2   0.0%   0.712 GU:1    UG:1    AU:2    +
   62   158  0   0.0%   0.880 UA:6    +
   16   160  0   0.0%   0.622 UG:6    +
  136   149  0   0.0%   1.019 UA:6    +
   27   153  2   0.0%   0.766 GC:2    GU:1    AU:1    +
  134   146  0   0.0%   0.702 CG:6    +
   33   160  0   0.0%   0.397 UG:6    +
   18    43  0   0.0%   0.909 GU:6    +
  145   149  0   0.0%   1.212 UA:6    +
   65   107  0   0.0%   0.031 AU:6    +
   86   100  0   0.0%   0.010 UA:6    +
   63   142  1   0.0%   0.021 GU:2    AU:3    +
  149   154  0   0.0%   0.867 AU:6    +
   13    63  1   0.0%   0.113 UG:2    UA:3    +
   71   132  0   0.0%   0.054 UA:6    +
  116   121  0   0.0%   1.149 GU:6    +
   70   133  0   0.0%   0.070 GC:6    +
  143   151  0   0.0%   0.718 GU:6    +
  101   122  0   0.0%   0.811 CG:6    +
  130   140  0   0.0%   0.834 AU:6    +
   66   107  0   0.0%   0.047 GU:6    +
   20   140  0   0.0%   0.850 AU:6    +
  130   142  0   0.0%   1.001 AU:6    +
  133   146  0   0.0%   1.009 CG:6    +
   41    73  0   0.0%   0.733 UG:6    +
  145   158  0   0.0%   0.648 UA:6    +
   70    97  0   0.0%   0.050 GC:6    +
  132   140  0   0.0%   1.253 AU:6    +
   69    98  0   0.0%   0.012 UA:6    +
  104   131  0   0.0%   1.022 CG:6    +
   13   148  0   0.0%   0.146 UA:6    +
   12    61  1   0.0%   0.112 GU:4    AU:1    +
   89    97  0   0.0%   0.013 GC:6    +
   44   154  0   0.0%   0.410 AU:6    +
   37    59  1   0.0%   0.216 GC:3    GU:2    +
   88    98  0   0.0%   0.012 UA:6    +
    7    51  2   0.0%   0.601 GU:1    UG:1    UA:2    +
  142   158  0   0.0%   0.629 UA:6    +
   27   154  1   0.0%   0.769 GU:3    AU:2    +
   62   143  0   0.0%   0.025 UG:6    +
   46   112  0   0.0%   0.351 AU:6    +
  133   155  0   0.0%   1.155 CG:6    +
    8   113  0   0.0%   0.735 CG:6    +
   17    41  0   0.0%   0.566 GU:6    +
   14    24  1   0.0%   0.290 UG:3    AU:2    +
   89   125  0   0.0%   0.238 GU:6    +
  103   132  0   0.0%   1.421 UA:6    +
   16   146  0   0.0%   0.611 UG:6    +
  143   157  0   0.0%   0.736 GU:6    +
  137   143  0   0.0%   0.639 UG:6    +
   51   123  2   0.0%   0.226 GC:2    GU:1    AU:1    +
   43   115  0   0.0%   0.540 UG:6    +
   70   107  0   0.0%   0.050 GU:6    +
   28   155  0   0.0%   0.678 UG:6    +
   43   155  0   0.0%   0.588 UG:6    +
   18    28  0   0.0%   0.889 GU:6    +
   73    77  0   0.0%   0.047 GC:6    +
   37    54  1   0.0%   0.294 GU:4    AU:1    +
   88    92  0   0.0%   0.006 UA:6    +
  131   137  0   0.0%   0.772 GU:6    +
   20    33  0   0.0%   0.729 AU:6    +
    6    58  2   0.0%   0.652 CG:1    UG:1    UA:2    +
   20   142  0   0.0%   0.815 AU:6    +
   17    62  0   0.0%   0.687 GU:6    +
   70   101  0   0.0%   0.050 GC:6    +
   66   134  0   0.0%   0.069 GC:6    +
   71   100  0   0.0%   0.048 UA:6    +
   18   154  0   0.0%   1.174 GU:6    +
  132   145  0   0.0%   1.439 AU:6    +
   83    92  0   0.0%   0.012 UA:6    +
  132   136  0   0.0%   1.246 AU:6    +
  128   142  0   0.0%   0.838 GU:6    +
   77    89  0   0.0%   0.013 CG:6    +
   17    29  0   0.0%   0.589 GU:6    +
   51   121  1   0.0%   0.226 GU:3    AU:2    +
   73   133  0   0.0%   0.063 GC:6    +
   19   154  0   0.0%   1.041 GU:6    +
  121   148  0   0.0%   0.668 UA:6    +
  124   145  0   0.0%   0.565 AU:6    +
   37   138  1   0.0%   0.237 GC:4    GU:1    +
   18    62  0   0.0%   1.057 GU:6    +
   13   160  0   0.0%   0.176 UG:6    +
  116   125  0   0.0%   0.928 GU:6    +
   36   139  2   0.0%   0.701 GC:2    GU:1    AU:1    +
   28   152  0   0.0%   0.701 UG:6    +
   33    63  1   0.0%   0.372 UG:2    UA:3    +
  130   137  0   0.0%   0.697 AU:6    +
   66    71  0   0.0%   0.093 GU:6    +
  131   157  0   0.0%   0.869 GU:6    +
   69   130  0   0.0%   0.026 UA:6    +
  130   157  0   0.0%   0.794 AU:6    +
  133   143  0   0.0%   1.460 CG:6    +
   17   142  0   0.0%   0.744 GU:6    +
    9    25  2   0.0%   0.668 CG:1    UG:2    UA:1    +
   18    64  0   0.0%   1.058 GC:6    +
   73    95  0   0.0%   0.043 GC:6    +
   99   117  1   0.0%   0.904 GU:3    AU:2    +
   19    41  0   0.0%   0.838 GU:6    +
   29    74  0   0.0%   0.699 UG:6    +
   18   142  0   0.0%   1.113 GU:6    +
   28   146  0   0.0%   0.660 UG:6    +
   29   128  0   0.0%   0.699 UG:6    +
   19   134  0   0.0%   0.930 GC:6    +
   56    66  0   0.0%   0.153 CG:6    +
   31    65  0   0.0%   0.488 UA:6    +
   64   122  0   0.0%   0.009 CG:6    +
   65   121  0   0.0%   0.031 AU:6    +
   71   149  0   0.0%   1.048 UA:6    +
  140   149  0   0.0%   1.025 UA:6    +
  131   136  0   0.0%   0.901 GU:6    +
  146   157  0   0.0%   0.285 GU:6    +
    7    27  2   0.0%   0.647 GC:1    UG:2    UA:1    +
   39   160  0   0.0%   0.320 UG:6    +
   74    94  0   0.0%   0.043 GU:6    +
   62   124  0   0.0%   0.009 UA:6    +
   44   151  0   0.0%   0.403 AU:6    +
   62   152  0   0.0%   0.821 UG:6    +
  103   113  0   0.0%   1.052 UG:6    +
   56    80  0   0.0%   0.192 CG:6    +
   55    81  1   0.0%   0.066 GU:1    AU:4    +
   17   136  0   0.0%   0.691 GU:6    +
   63    69  1   0.0%   0.007 GU:2    AU:3    +
   73    94  0   0.0%   0.043 GU:6    +
  139   150  2   0.0%   0.582 CG:2    UG:1    UA:1    +
   64   110  0   0.0%   0.009 CG:6    +
   80   101  0   0.0%   0.018 GC:6    +
   43   152  0   0.0%   0.612 UG:6    +
  142   152  0   0.0%   0.570 UG:6    +
   16   152  0   0.0%   0.675 UG:6    +
   54    72  3   0.7%   0.233 UA:3    +
   18    49  2   0.3%   0.964 GC:2    GU:2    +
   98   114  1   0.5%   0.609 AU:5    +
   57   152  2   0.6%   0.316 CG:4    +
    6    19  2   0.3%   0.512 CG:1    UG:3    +
    4    19  3   0.7%   0.183 UG:3    +
   31    42  3   0.7%   0.457 UG:3    +
   60    66  3   0.4%   0.090 CG:2    UG:1    +
   22    59  2   0.6%   0.823 GC:4    +
   19    49  2   0.2%   0.931 GC:2    GU:2    +
   20    54  1   0.4%   0.821 AU:5    +
   11   144  2   0.2%   0.470 GU:2    AU:2    +
   26    47  3   0.1%   0.068 CG:1    GC:1    AU:1    +
    7    26  2   0.2%   0.618 GC:1    UA:3    +
    5   150  3   0.6%   0.650 CG:3    +
    2   153  3   0.6%   0.213 AU:3    +
    7    16  3   0.6%   0.103 GU:3    +
   17    50  1   0.3%   0.635 GC:5    +
    9   146  2   0.2%   0.629 CG:1    UG:3    +
   18    57  2   0.5%   1.176 GC:4    +
   22    53  2   0.5%   0.802 GC:4    +
   14   151  3   0.5%   0.217 AU:3    +
    7   156  3   0.3%   0.709 GC:1    GU:2    +
   16   141  3   0.5%   0.639 UA:3    +
   15    22  2   0.1%   0.548 CG:2    UG:2    +
   61    65  1   0.3%   0.059 UA:5    +
   26   139  3   0.0%   0.146 GC:1    GU:1    AU:1    +
   47    80  2   0.1%   0.152 CG:3    UG:1    +
  105   111  3   0.0%   0.665 GU:1    UG:1    AU:1    +
   11   139  3   0.0%   0.422 GC:1    GU:1    AU:1    +
   14    23  2   0.1%   0.423 AU:1    UA:3    +
   49   129  3   0.0%   0.255 CG:1    GU:1    UA:1    +
   72   105  3   0.0%   0.046 CG:1    AU:1    UA:1    +
   15    26  3   0.0%   0.280 CG:1    UG:1    UA:1    +
    9    26  3   0.0%   0.590 CG:1    UG:1    UA:1    +
    4    75  3   0.0%   0.712 GU:1    AU:1    UA:1    +
   48    75  3   0.0%   0.370 GU:1    AU:1    UA:1    +
    9    51  3   0.0%   0.580 CG:1    UG:1    UA:1    +
   63   123  3   0.0%   0.008 GC:1    GU:1    AU:1    +
   59    63  3   0.0%   0.032 CG:1    UG:1    UA:1    +
   17    47  2   0.1%   0.586 GC:3    GU:1    +
   10   145  1   0.2%   0.361 AU:5    +
    7   147  3   0.2%   0.647 GC:1    GU:2    +
   25   133  1   0.2%   0.984 GC:5    +
   78    99  2   0.1%   0.019 UG:3    UA:1    +
   85    93  2   0.1%   0.016 GC:2    GU:2    +
   18    50  1   0.2%   0.989 GC:5    +
   14    54  2   0.1%   0.098 AU:3    UA:1    +
    2   156  2   0.4%   0.215 AU:4    +
    8    25  1   0.2%   0.832 CG:5    +
   24    31  2   0.1%   0.319 GU:3    AU:1    +
   94   120  3   0.2%   0.460 UG:1    UA:2    +
   36    49  2   0.1%   0.885 GC:2    AU:2    +
    1    30  2   0.1%   0.087 GC:1    AU:3    +
   19    47  2   0.0%   0.879 GC:3    GU:1    +
   22    30  2   0.0%   0.483 GC:3    GU:1    +
   53   160  2   0.4%   0.828 CG:4    +
    6   149  3   0.5%   0.734 UA:3    +
    3    22  2   0.0%   0.224 CG:1    UG:3    +
   18    47  2   0.0%   0.919 GC:3    GU:1    +
   35    52  2   0.0%   1.229 GC:3    AU:1    +
   55    75  2   0.0%   0.095 GU:1    AU:3    +
   36    78  2   0.0%   0.655 GU:2    AU:2    +
   49   160  2   0.0%   0.276 CG:2    UG:2    +
   40    47  3   0.2%   0.539 CG:2    AU:1    +
   26    54  2   0.0%   0.198 GU:1    AU:3    +
   21    30  2   0.0%   0.616 GC:1    AU:3    +
   12    52  2   0.0%   0.110 GC:3    GU:1    +
    6    14  2   0.0%   0.053 AU:2    UA:2    +
   79   105  2   0.0%   0.018 UG:1    UA:3    +
   47   160  2   0.0%   0.167 CG:3    UG:1    +
   13    24  2   0.0%   0.318 UG:3    UA:1    +
   52   150  2   0.0%   0.721 CG:3    UA:1    +
   85    91  2   0.0%   0.003 GC:3    UA:1    +
   24    28  2   0.0%   0.394 GU:3    AU:1    +
    6   152  2   0.0%   0.725 CG:1    UG:3    +
   17    49  2   0.0%   0.578 GC:2    GU:2    +
   21   144  2   0.0%   0.820 GU:1    AU:3    +
   37    47  2   0.0%   0.287 GC:3    AU:1    +
   49    70  2   0.0%   0.247 CG:2    UG:2    +
   87   123  2   0.0%   0.161 GC:1    GU:3    +
   47   155  2   0.0%   0.189 CG:3    UG:1    +
   55   147  2   0.0%   0.078 GU:1    AU:3    +
    9   155  2   0.0%   0.638 CG:1    UG:3    +
   24    29  2   0.0%   0.391 GU:3    AU:1    +
   27   138  2   0.0%   0.747 GC:3    AU:1    +
   24    33  2   0.0%   0.257 GU:3    AU:1    +
   15    21  2   0.0%   0.657 CG:1    UA:3    +
  105   112  2   0.0%   0.634 GU:1    AU:3    +
   34    49  2   0.0%   0.736 GC:2    AU:2    +
   24   157  2   0.0%   1.139 GU:3    AU:1    +
   84   126  2   0.0%   0.115 AU:1    UA:3    +
    7    50  2   0.0%   0.601 GC:3    UA:1    +
   37    49  2   0.0%   0.414 GC:2    GU:2    +
   47    70  2   0.0%   0.136 CG:3    UG:1    +
   16    24  2   0.0%   0.717 UG:3    UA:1    +
    3    55  2   0.0%   0.519 CG:1    UA:3    +
   75   118  2   0.0%   0.039 UG:2    UA:2    +
   49    66  2   0.0%   0.243 CG:2    UG:2    +
    6    12  2   0.0%   0.087 CG:1    UG:3    +
   24    41  2   0.0%   0.712 GU:3    AU:1    +
   63   153  2   0.0%   0.208 GC:2    AU:2    +
   58   144  2   0.0%   0.087 GU:2    AU:2    +
   22   156  2   0.0%   0.842 GC:1    GU:3    +
    6   150  2   0.0%   0.718 CG:1    UA:3    +
   12    59  2   0.0%   0.113 GC:2    GU:2    +
    6   160  2   0.0%   0.702 CG:1    UG:3    +
   67    75  2   0.0%   0.075 GU:3    AU:1    +
   45    55  2   0.0%   0.271 UG:1    UA:3    +
   21    45  2   0.0%   0.757 GU:1    AU:3    +
   12   138  2   0.0%   0.113 GC:3    GU:1    +
   35    78  2   0.0%   0.634 GU:2    AU:2    +
   24   154  2   0.0%   1.167 GU:3    AU:1    +
   36   138  2   0.0%   0.699 GC:3    AU:1    +
   15    55  2   0.0%   0.298 CG:1    UA:3    +
   49    67  2   0.0%   0.243 CG:2    UG:2    +
    1   156  2   0.0%   0.109 GU:1    AU:3    +
   23    48  2   0.0%   0.630 UG:1    AU:3    +
   49    58  2   0.0%   0.292 CG:2    UA:2    +
   22   144  2   0.0%   0.831 GC:2    GU:2    +
   24    43  2   0.0%   0.704 GU:3    AU:1    +
   38    75  2   0.0%   0.063 CG:1    AU:3    +
   30    55  2   0.0%   0.444 CG:1    UA:3    +
    1     9  2   0.0%   0.001 GC:1    AU:3    +
   24   142  2   0.0%   1.110 GU:3    AU:1    +
   40   117  2   0.0%   0.401 CG:1    AU:3    +
   28    38  2   0.3%   0.487 UA:4    +
   11    49  2   0.0%   0.421 GC:2    AU:2    +
   26   159  2   0.0%   0.114 GU:2    AU:2    +
    6   155  2   0.0%   0.712 CG:1    UG:3    +
    9   143  2   0.0%   0.582 CG:1    UG:3    +
   24   159  2   0.0%   1.115 GU:3    AU:1    +
   26   156  2   0.0%   0.141 GU:2    AU:2    +
   47   131  2   0.0%   0.144 CG:3    UG:1    +
    9    73  2   0.0%   0.579 CG:1    UG:3    +
   24    45  2   0.0%   0.518 GU:3    AU:1    +
   35    45  2   0.0%   0.868 GU:3    AU:1    +
   24    39  2   0.0%   0.252 GU:3    AU:1    +
   58    75  2   0.0%   0.090 GU:1    AU:3    +
   21   156  2   0.0%   0.830 GU:1    AU:3    +
    7    68  2   0.0%   0.601 GC:3    UG:1    +
   69   105  2   0.0%   0.012 UG:1    UA:3    +
   55   123  2   0.0%   0.056 GC:1    AU:3    +
   47    82  2   0.0%   0.146 CG:3    UG:1    +
    6    25  2   0.0%   0.713 CG:1    UG:3    +
   60   117  2   0.0%   0.027 UG:1    AU:3    +
    9   160  2   0.0%   0.610 CG:1    UG:3    +
    1    45  2   0.0%   0.080 GU:1    AU:3    +
    6    73  2   0.0%   0.652 CG:1    UG:3    +
  108   114  2   0.0%   0.769 GU:1    AU:3    +
    1    84  2   0.0%   0.081 GU:1    AU:3    +
    7    72  2   0.0%   0.601 GC:2    UA:2    +
   49   155  2   0.0%   0.292 CG:2    UG:2    +
   81   105  2   0.0%   0.021 UG:1    UA:3    +
    9    66  2   0.0%   0.579 CG:1    UG:3    +
    6   115  2   0.0%   0.652 CG:1    UG:3    +
   49    80  2   0.0%   0.250 CG:2    UG:2    +
   22   138  2   0.0%   0.841 GC:3    GU:1    +
   49    74  2   0.0%   0.244 CG:2    UG:2    +
    9    19  2   0.0%   1.286 CG:1    UG:3    +
    9   152  2   0.0%   0.633 CG:1    UG:3    +
   69   108  2   0.0%   0.012 UG:1    UA:3    +
   85    90  2   0.0%   0.000 GC:2    GU:2    +
   47   143  2   0.0%   0.155 CG:3    UG:1    +
    9    70  2   0.0%   0.579 CG:1    UG:3    +
   55   153  3   0.2%   0.156 GU:1    AU:2    +
    4   154  3   0.2%   0.804 GU:1    AU:2    +
   29    38  2   0.3%   0.530 UA:4    +
    2   159  1   0.2%   0.207 AU:5    +
    4    13  3   0.2%   0.128 GU:1    AU:2    +
   17    54  1   0.1%   0.642 GU:5    +
   39    48  3   0.1%   0.672 UG:1    UA:2    +
   29   129  3   0.1%   0.726 UG:1    UA:2    +
   54   155  1   0.1%   0.252 UG:5    +
   82   127  1   0.1%   0.233 GC:5    +
  102   107  3   0.1%   0.037 GU:1    AU:2    +
   81   130  1   0.1%   0.341 UA:5    +
   37    50  1   0.1%   0.729 GC:5    +
   54    65  1   0.1%   0.137 UA:5    +
   80   135  3   0.1%   1.336 GC:2    GU:1    +
   25    47  3   0.1%   0.359 GC:2    GU:1    +
   76    83  3   0.1%   0.033 GU:2    AU:1    +
    5    37  1   0.1%   0.564 CG:5    +
  117   132  1   0.1%   1.575 UA:5    +
    4   157  3   0.1%   0.798 GU:1    AU:2    +
   46    81  1   0.1%   0.365 AU:5    +
   44   159  1   0.1%   0.390 AU:5    +
   23    49  3   0.1%   0.651 UG:1    AU:2    +
    5    12  2   0.2%   0.100 CG:4    +
   42   159  3   0.1%   0.655 GC:1    GU:2    +
   36    52  3   0.1%   1.255 GC:2    GU:1    +
   54   160  1   0.1%   0.622 UG:5    +
   91   122  3   0.3%   0.421 CG:3    +
   25   134  1   0.1%   0.981 GC:5    +
   87    91  3   0.1%   0.013 GC:2    UA:1    +
    7   153  3   0.1%   0.676 GC:1    GU:2    +
   48    79  3   0.0%   0.384 GU:1    AU:2    +
  102   106  3   0.0%   0.015 GC:1    AU:2    +
  122   127  1   0.0%   0.270 GC:5    +
   16    48  3   0.0%   0.519 UG:1    UA:2    +
   25    48  3   0.0%   0.374 GU:2    AU:1    +
   32   159  1   0.0%   0.402 AU:5    +
   11    23  3   0.0%   0.776 GC:2    AU:1    +
    5    25  1   0.0%   0.624 CG:5    +
   88    96  1   0.0%   0.015 UA:5    +
   37    77  1   0.0%   0.194 GC:5    +
    7    17  3   0.3%   0.153 UG:3    +
   41    48  3   0.0%   1.102 UG:1    UA:2    +
  120   131  3   0.0%   0.762 CG:2    UG:1    +
    7   144  3   0.0%   0.608 GC:2    GU:1    +
   15    42  3   0.0%   0.301 CG:2    UG:1    +
   81   129  3   0.0%   0.345 UG:1    UA:2    +
   50    82  1   0.0%   0.553 CG:5    +
   50   155  1   0.0%   0.598 CG:5    +
   24    30  3   0.0%   0.360 GC:2    GU:1    +
   24   139  3   0.0%   1.148 GC:2    GU:1    +
   22   141  3   0.0%   0.832 GC:2    GU:1    +
   98   117  1   0.0%   0.862 AU:5    +
   25    54  1   0.0%   1.001 GU:5    +
   81   102  3   0.0%   0.024 UG:1    UA:2    +
  110   127  1   0.0%   0.824 GC:5    +
  105   114  3   0.0%   0.687 GU:1    AU:2    +
    8    37  1   0.0%   0.744 CG:5    +
   89   117  1   0.0%   0.008 GU:5    +
   60    67  3   0.0%   0.063 CG:2    UG:1    +
   10   154  1   0.0%   0.376 AU:5    +
   61   158  1   0.0%   0.847 UA:5    +
   86   120  3   0.0%   0.013 UG:1    UA:2    +
   19    50  1   0.0%   0.922 GC:5    +
    9    36  3   0.0%   0.589 UG:1    UA:2    +
  119   131  1   0.0%   0.749 CG:5    +
   70   135  3   0.0%   0.094 GC:2    GU:1    +
    4    43  3   0.0%   0.715 GU:1    AU:2    +
   68   146  1   0.0%   0.364 CG:5    +
   47    68  3   0.0%   0.135 GC:2    UG:1    +
   18    53  2   0.2%   0.993 GC:4    +
    4    25  3   0.0%   0.778 UG:2    UA:1    +
    7    15  3   0.0%   0.011 GC:1    GU:2    +
   20    61  1   0.0%   0.764 AU:5    +
   30    42  3   0.0%   0.625 CG:1    UG:2    +
  111   125  3   0.0%   0.784 GU:1    AU:2    +
   31    48  3   0.0%   0.839 UG:1    UA:2    +
   42    49  3   0.0%   0.856 CG:1    GC:2    +
   56    67  1   0.0%   0.155 CG:5    +
   50   152  1   0.0%   0.616 CG:5    +
   46   159  1   0.0%   0.395 AU:5    +
   17   135  3   0.0%   0.695 GC:2    GU:1    +
   10   157  1   0.0%   0.368 AU:5    +
   44    81  1   0.0%   0.337 AU:5    +
   23    27  3   0.0%   0.504 CG:2    UA:1    +
   50    70  1   0.0%   0.545 CG:5    +
   48   157  3   0.0%   0.434 GU:1    AU:2    +
   49    76  3   0.0%   0.247 CG:2    GU:1    +
   36    47  3   0.0%   0.752 GC:2    GU:1    +
   54   148  1   0.0%   0.185 UA:5    +
   44    54  1   0.0%   0.440 AU:5    +
   34    47  3   0.0%   0.613 GC:2    GU:1    +
   67    77  1   0.0%   0.042 GC:5    +
   48   154  3   0.0%   0.446 GU:1    AU:2    +
  119   128  1   0.0%   0.505 CG:5    +
  114   124  1   0.0%   0.809 UA:5    +
   86   129  3   0.0%   0.528 UG:1    UA:2    +
    4    41  3   0.0%   0.711 GU:1    AU:2    +
    2    54  1   0.0%   0.118 AU:5    +
   12   141  3   0.0%   0.116 GC:2    AU:1    +
   73   141  3   0.0%   0.779 GC:2    GU:1    +
   92   114  1   0.0%   0.008 AU:5    +
   54   152  1   0.0%   0.234 UG:5    +
   46    54  1   0.0%   0.451 AU:5    +
    4    16  3   0.0%   0.056 GU:1    AU:2    +
  118   129  3   0.0%   0.916 GU:2    AU:1    +
   68    74  1   0.0%   0.054 CG:5    +
   12    47  3   0.0%   0.106 GC:2    GU:1    +
   43    48  3   0.0%   0.903 UG:1    UA:2    +
   23    34  3   0.0%   0.394 CG:2    UG:1    +
    4    29  3   0.0%   0.743 GU:1    AU:2    +
   19    54  1   0.0%   0.915 GU:5    +
   60   152  3   0.0%   0.269 CG:2    UG:1    +
   17    23  3   0.0%   0.911 GC:2    GU:1    +
   10    41  1   0.0%   0.315 AU:5    +
   18    54  1   0.0%   0.978 GU:5    +
   10    39  1   0.0%   0.314 AU:5    +
   85   129  3   0.0%   0.520 GU:2    UG:1    +
  129   137  3   0.0%   0.532 GU:1    AU:2    +
  116   120  3   0.0%   0.911 GC:2    GU:1    +
   71    76  3   0.0%   0.055 UG:2    UA:1    +
   10    33  1   0.0%   0.314 AU:5    +
   48    78  3   0.0%   0.374 AU:2    UA:1    +
   26    45  3   0.0%   0.061 GU:2    AU:1    +
   31   129  3   0.0%   0.498 UG:1    UA:2    +
   33    48  3   0.0%   0.722 UG:1    UA:2    +
   32    81  1   0.0%   0.372 AU:5    +
    4    18  3   0.3%   0.098 UG:3    +
  100   117  1   0.0%   0.931 AU:5    +
  102   114  3   0.0%   1.106 GU:1    AU:2    +
   74   119  1   0.0%   0.044 GC:5    +
   48    71  3   0.0%   0.374 GU:1    AU:2    +
   60    74  3   0.0%   0.069 CG:2    UG:1    +
   73   120  3   0.0%   0.044 GC:2    GU:1    +
    9    34  3   0.0%   0.583 UG:1    UA:2    +
    7    21  3   0.0%   0.969 UG:1    UA:2    +
   81   124  1   0.0%   0.021 UA:5    +
   94   111  3   0.0%   0.001 UG:1    UA:2    +
   61   148  1   0.0%   0.047 UA:5    +
   11    47  3   0.0%   0.420 GC:2    AU:1    +
  116   127  1   0.0%   0.941 GC:5    +
   42    52  3   0.0%   1.221 GC:2    GU:1    +
   84   124  2   0.2%   0.124 UA:4    +
   32    54  1   0.0%   0.476 AU:5    +
   11    52  3   0.0%   0.421 GC:2    AU:1    +
  131   135  3   0.0%   1.132 GC:2    GU:1    +
  106   111  3   0.0%   0.672 UG:1    UA:2    +
   52    63  3   0.0%   0.607 CG:2    UA:1    +
   23   155  3   0.0%   0.803 CG:2    UG:1    +
   18    23  3   0.0%   1.202 GC:2    GU:1    +
   11    60  3   0.0%   0.421 GC:2    AU:1    +
    1    15  3   0.0%   0.036 GU:1    AU:2    +
   12    23  3   0.0%   0.449 GC:2    GU:1    +
   23    42  3   0.0%   0.841 CG:2    UG:1    +
   37   119  1   0.0%   0.189 GC:5    +
    4    28  3   0.0%   0.751 GU:1    AU:2    +
   50    66  1   0.0%   0.540 CG:5    +
   10   142  1   0.0%   0.315 AU:5    +
   17    60  3   0.0%   0.688 GC:2    GU:1    +
   34    52  3   0.0%   1.097 GC:2    GU:1    +
   36   120  3   0.0%   0.651 GC:2    GU:1    +
   21   153  3   0.0%   0.854 GU:1    AU:2    +
   10    31  1   0.0%   0.313 AU:5    +
   68   152  1   0.0%   0.442 CG:5    +
   10   140  1   0.0%   0.315 AU:5    +
   10    43  1   0.0%   0.317 AU:5    +
    4    31  3   0.0%   0.703 GU:1    AU:2    +
    4    33  3   0.0%   0.704 GU:1    AU:2    +
   11    30  3   0.0%   0.423 GU:2    AU:1    +
   47   150  3   0.0%   0.203 CG:2    UA:1    +
    3    51  3   0.0%   0.519 CG:1    UG:2    +
   48    69  3   0.0%   0.373 GU:1    AU:2    +
   52    58  3   0.0%   0.657 CG:2    UA:1    +
   23   160  3   0.0%   0.772 CG:2    UG:1    +
    7   150  3   0.0%   0.665 UG:1    UA:2    +
   23   143  3   0.0%   0.771 CG:2    UG:1    +
  119   146  1   0.0%   0.166 CG:5    +
   25   141  3   0.0%   0.991 GC:2    AU:1    +
   86    96  1   0.0%   0.012 UA:5    +
   18    60  3   0.0%   1.058 GC:2    GU:1    +
   48    59  3   0.0%   0.400 GC:1    AU:2    +
   37    68  1   0.0%   0.186 GC:5    +
    6    42  3   0.0%   0.654 CG:1    UG:2    +
   12    60  3   0.0%   0.113 GC:2    GU:1    +
  117   130  1   0.0%   1.139 UA:5    +
    7    11  3   0.0%   0.056 UG:2    UA:1    +
   14   150  3   0.0%   0.133 UG:2    UA:1    +
   50    80  1   0.0%   0.547 CG:5    +
    6    35  3   0.0%   0.646 UG:1    UA:2    +
    4   150  3   0.0%   0.713 UG:2    UA:1    +
   50   128  1   0.0%   0.551 CG:5    +
   15    24  3   0.0%   0.502 CG:1    UG:2    +
   13    48  3   0.0%   0.107 UG:1    UA:2    +
  117   148  1   0.0%   0.890 UA:5    +
    1    48  3   0.0%   0.080 GU:1    AU:2    +
   17   141  3   0.0%   0.765 GC:2    GU:1    +
   14    47  3   0.0%   0.083 UG:2    AU:1    +
   10   151  1   0.0%   0.367 AU:5    +
    4    81  3   0.0%   0.712 GU:1    AU:2    +
   20   159  1   0.0%   0.825 AU:5    +
    4    30  3   0.0%   0.707 GC:1    AU:2    +
    7    75  3   0.0%   0.601 GU:2    UG:1    +
   61   111  3   0.0%   0.021 UG:1    UA:2    +
   68    80  1   0.0%   0.022 CG:5    +
   74   135  3   0.0%   0.388 GC:2    GU:1    +
   14    25  3   0.0%   0.147 UG:2    UA:1    +
   12    48  3   0.0%   0.106 GU:1    AU:2    +
  135   143  3   0.0%   0.999 CG:2    UG:1    +
  120   145  3   0.0%   0.544 GU:1    AU:2    +
   72   143  3   0.0%   0.775 CG:2    UG:1    +
    4   145  3   0.0%   0.712 GU:1    AU:2    +
   23    36  3   0.0%   0.397 CG:2    UG:1    +
    9    55  3   0.0%   0.579 UG:1    UA:2    +
    4    47  3   0.0%   0.711 GU:1    UG:2    +
    8    67  1   0.0%   0.735 CG:5    +
   66   127  1   0.0%   0.047 GC:5    +
   66   111  3   0.0%   0.047 GC:1    GU:2    +
   19    60  3   0.0%   0.926 GC:2    GU:1    +
   54   124  1   0.0%   0.159 UA:5    +
   68    73  1   0.0%   0.053 CG:5    +
  121   129  3   0.0%   0.755 UG:1    UA:2    +
   27   139  3   0.0%   0.749 GC:1    GU:2    +
    9    21  3   0.0%   0.954 UG:1    UA:2    +
   60    73  3   0.0%   0.068 CG:2    UG:1    +
   10    29  1   0.0%   0.352 AU:5    +
   19    23  3   0.0%   1.094 GC:2    GU:1    +
   67    72  3   0.0%   0.082 GC:2    GU:1    +
   48    81  3   0.0%   0.381 GU:1    AU:2    +
    4    71  3   0.0%   0.712 GU:1    AU:2    +
   96   121  1   0.0%   0.970 AU:5    +
   96   112  1   0.0%   0.010 AU:5    +
   69    76  3   0.0%   0.018 UG:2    UA:1    +
   59   118  3   0.0%   0.064 CG:1    UG:2    +
   55   129  3   0.0%   0.068 GU:1    AU:2    +
   54   130  1   0.0%   0.173 UA:5    +
   74   141  3   0.0%   0.780 GC:2    GU:1    +
   54    78  3   0.0%   0.162 AU:1    UA:2    +
   37   133  1   0.0%   0.208 GC:5    +
    4    12  3   0.0%   0.100 UG:1    UA:2    +
    7    37  3   0.0%   0.604 UG:2    UA:1    +
    4   144  3   0.0%   0.712 GU:1    AU:2    +
   23    37  3   0.0%   0.389 CG:2    UA:1    +
    9    54  3   0.0%   0.580 AU:2    UA:1    +
   68   110  1   0.0%   0.011 CG:5    +
  141   146  3   0.0%   0.465 CG:2    UG:1    +
  131   141  3   0.0%   1.049 GC:2    GU:1    +
   21   139  3   0.0%   0.831 GC:1    AU:2    +
   72   131  3   0.0%   0.051 CG:2    UG:1    +
   54    70  1   0.0%   0.125 UG:5    +
   50    73  1   0.0%   0.542 CG:5    +
   75   102  3   0.0%   0.038 GU:1    UA:2    +
   36    60  3   0.0%   0.649 GC:2    AU:1    +
   44   114  1   0.0%   0.340 AU:5    +
   71    96  1   0.0%   0.048 UA:5    +
   10    62  1   0.0%   0.314 AU:5    +
  102   121  3   0.0%   0.766 GU:1    AU:2    +
   19   141  3   0.0%   1.001 GC:2    GU:1    +
    4   142  3   0.0%   0.712 GU:1    AU:2    +
    7    49  3   0.0%   0.599 GU:2    UG:1    +
   78    84  3   0.0%   0.004 AU:2    UA:1    +
   60   155  3   0.0%   0.337 CG:2    UG:1    +
   37    56  1   0.0%   0.326 GC:5    +
  107   111  3   0.0%   0.678 UG:1    UA:2    +
   60   146  3   0.0%   0.059 CG:2    UG:1    +
   76    99  3   0.0%   0.014 UG:2    UA:1    +
  115   119  1   0.0%   0.407 GC:5    +
  127   143  1   0.0%   0.656 CG:5    +
    1   153  3   0.0%   0.081 GU:1    AU:2    +
   50   122  1   0.0%   0.541 CG:5    +
  117   124  1   0.0%   0.687 UA:5    +
   67   133  1   0.0%   0.058 GC:5    +
    4    39  3   0.0%   0.709 GU:1    AU:2    +
   67   111  3   0.0%   0.038 GC:1    GU:2    +
   72   146  3   0.0%   0.325 CG:2    UG:1    +
    7    30  3   0.0%   0.596 GC:2    GU:1    +
   76    90  3   0.0%   0.014 GC:2    AU:1    +
   28   129  3   0.0%   0.618 UG:1    UA:2    +
   55    59  3   0.0%   0.047 GC:1    AU:2    +
   68   131  1   0.0%   0.016 CG:5    +
   89   120  3   0.0%   0.183 GC:2    GU:1    +
   25    77  1   0.0%   0.937 GC:5    +
   72    99  3   0.0%   0.045 CG:2    UG:1    +
   69   102  3   0.0%   0.012 UG:1    UA:2    +
  114   129  3   0.0%   1.095 CG:1    UA:2    +
   66    72  3   0.0%   0.091 GC:2    GU:1    +
   48    83  3   0.0%   0.379 GU:1    AU:2    +
   66   120  3   0.0%   0.047 GC:2    GU:1    +
   67   104  1   0.0%   0.038 GC:5    +
   67   119  1   0.0%   0.038 GC:5    +
   18   135  3   0.0%   1.062 GC:2    GU:1    +
   10    71  1   0.0%   0.314 AU:5    +
   10    69  1   0.0%   0.314 AU:5    +
   78   105  3   0.0%   0.009 UG:1    UA:2    +
  103   120  3   0.0%   0.529 UG:1    UA:2    +
   50    67  1   0.0%   0.540 CG:5    +
   45    76  3   0.0%   0.262 CG:2    UA:1    +
   60    70  3   0.0%   0.069 CG:2    UG:1    +
   33    38  2   0.2%   0.095 UA:4    +
    3    20  3   0.2%   0.119 UA:3    +
  103   109  3   0.2%   0.089 UA:3    +
   24   134  3   0.2%   1.124 GC:3    +
   10    15  3   0.2%   0.051 AU:3    +
   20    48  3   0.2%   0.779 AU:3    +
    7   148  3   0.2%   0.667 UA:3    +
   53    66  2   0.1%   0.499 CG:4    +
   80   129  3   0.2%   0.356 GU:3    +
   17    53  2   0.1%   0.625 GC:4    +
   81    96  2   0.1%   0.032 UA:4    +
   71   135  3   0.2%   0.122 UA:3    +
   45   158  2   0.1%   0.314 UA:4    +
   83   126  2   0.1%   0.208 UA:4    +
   13    38  2   0.1%   0.120 UA:4    +
   72   137  3   0.2%   0.191 AU:3    +
   84   130  2   0.1%   0.905 UA:4    +
   12    56  2   0.1%   0.122 GC:4    +
    3   158  3   0.2%   0.605 UA:3    +
   31    40  3   0.1%   0.367 UA:3    +
   20    45  2   0.1%   0.766 AU:4    +
    3    23  3   0.1%   0.244 UA:3    +
    4    22  3   0.1%   0.322 UG:3    +
   51    68  3   0.1%   0.208 GC:3    +
    8    12  2   0.0%   0.081 CG:4    +
    6   148  3   0.1%   0.676 UA:3    +
   87    97  2   0.0%   0.019 GC:4    +
   57    73  2   0.0%   0.184 CG:4    +
   78   131  2   0.0%   0.493 UG:4    +
   57    66  2   0.0%   0.151 CG:4    +
   53   155  2   0.0%   0.585 CG:4    +
   85   121  2   0.0%   0.012 GU:4    +
   38    45  2   0.0%   0.318 AU:4    +
   22    29  2   0.0%   0.511 GU:4    +
  147   158  2   0.0%   0.283 UA:4    +
   19    48  3   0.1%   0.889 GU:3    +
  149   156  2   0.0%   1.086 AU:4    +
   10   147  2   0.0%   0.349 AU:4    +
   14    37  3   0.1%   0.105 UG:3    +
   22    57  2   0.0%   0.830 GC:4    +
   84    92  2   0.0%   0.003 UA:4    +
   22    28  2   0.0%   0.515 GU:4    +
   22    56  2   0.0%   0.835 GC:4    +
    2    45  2   0.0%   0.118 AU:4    +
   19    53  2   0.0%   0.919 GC:4    +
   38   159  2   0.0%   0.090 AU:4    +
   99   104  2   0.0%   0.012 GC:4    +
   85   125  2   0.0%   0.171 GU:4    +
   20   144  2   0.0%   0.839 AU:4    +
   78   132  2   0.0%   0.520 UA:4    +
   66    78  2   0.0%   0.051 GU:4    +
   14    36  3   0.1%   0.099 UA:3    +
   31    38  2   0.0%   0.154 UA:4    +
  112   126  2   0.0%   0.760 UA:4    +
   22   134  2   0.0%   0.767 GC:4    +
   46   156  2   0.0%   0.400 AU:4    +
   44   156  2   0.0%   0.387 AU:4    +
   77    99  2   0.0%   0.014 CG:4    +
   75   130  2   0.0%   0.053 UA:4    +
   65   144  2   0.0%   0.140 AU:4    +
   30    46  3   0.1%   0.493 UA:3    +
   31   126  2   0.0%   0.488 UA:4    +
   13    22  2   0.0%   0.348 UG:4    +
   38    43  2   0.0%   0.596 AU:4    +
   57   160  2   0.0%   0.482 CG:4    +
   79   126  2   0.0%   0.017 UA:4    +
   65   147  2   0.0%   0.282 AU:4    +
  144   158  2   0.0%   0.981 UA:4    +
  126   140  2   0.0%   0.381 AU:4    +
   19    57  2   0.0%   1.019 GC:4    +
   10    54  2   0.0%   0.316 AU:4    +
   22    77  2   0.0%   0.763 GC:4    +
   38   136  2   0.0%   0.110 AU:4    +
   78   115  2   0.0%   0.010 UG:4    +
   57   115  2   0.0%   0.140 CG:4    +
   87    95  2   0.0%   0.011 GC:4    +
   85    97  2   0.0%   0.013 GC:4    +
   44   147  2   0.0%   0.360 AU:4    +
   10   156  2   0.0%   0.373 AU:4    +
   84   132  2   0.0%   1.681 UA:4    +
   21    78  2   0.0%   0.745 AU:4    +
    2   147  2   0.0%   0.117 AU:4    +
   57    70  2   0.0%   0.179 CG:4    +
   84    98  2   0.0%   0.008 UA:4    +
   10   159  2   0.0%   0.348 AU:4    +
   99   119  2   0.0%   0.437 GC:4    +
   75   100  2   0.0%   0.038 UA:4    +
    8    22  2   0.0%   0.980 CG:4    +
   22   136  2   0.0%   0.837 GU:4    +
   88   126  2   0.0%   0.243 UA:4    +
   78    98  2   0.0%   0.004 UA:4    +
   10    61  2   0.0%   0.314 AU:4    +
   32   147  2   0.0%   0.394 AU:4    +
   75   131  2   0.0%   0.044 UG:4    +
   22   157  2   0.0%   0.838 GU:4    +
   53   152  2   0.0%   0.589 CG:4    +
   65    78  2   0.0%   0.034 AU:4    +
   22    43  2   0.0%   0.820 GU:4    +
   95    99  2   0.0%   0.018 CG:4    +
   53   131  2   0.0%   0.521 CG:4    +
   85   101  2   0.0%   0.009 GC:4    +
   16    22  2   0.0%   0.755 UG:4    +
    2   144  2   0.0%   0.117 AU:4    +
   20   156  2   0.0%   0.852 AU:4    +
   22   137  2   0.0%   0.841 GU:4    +
   12    64  2   0.0%   0.112 GC:4    +
   22    31  2   0.0%   0.431 GU:4    +
   22   159  2   0.0%   0.815 GU:4    +
   68    99  2   0.0%   0.011 CG:4    +
   53    70  2   0.0%   0.485 CG:4    +
  132   147  2   0.0%   1.069 AU:4    +
   22    33  2   0.0%   0.375 GU:4    +
   38   154  2   0.0%   0.136 AU:4    +
  121   126  2   0.0%   0.468 UA:4    +
   70    75  2   0.0%   0.087 GU:4    +
   85    94  2   0.0%   0.006 GU:4    +
  132   156  2   0.0%   1.309 AU:4    +
   22    45  2   0.0%   0.634 GU:4    +
   38   157  2   0.0%   0.111 AU:4    +
   84   100  2   0.0%   0.006 UA:4    +
   38   137  2   0.0%   0.113 AU:4    +
  130   147  2   0.0%   0.650 AU:4    +
   78   128  2   0.0%   0.020 UG:4    +
  132   144  2   0.0%   1.771 AU:4    +
   57   146  2   0.0%   0.170 CG:4    +
   75    92  2   0.0%   0.037 UA:4    +
   14    20  3   0.1%   0.665 UA:3    +
   37    42  3   0.1%   0.786 GC:3    +
   14    35  3   0.1%   0.085 UG:3    +
   14   142  3   0.1%   0.107 AU:3    +
   62    72  3   0.1%   0.058 UA:3    +
   35    53  3   0.1%   1.107 GC:3    +
    4    38  3   0.1%   0.719 UA:3    +
    8    34  3   0.1%   0.742 CG:3    +
    7    35  3   0.1%   0.607 UA:3    +
   22    50  3   0.1%   0.646 GC:3    +
  102   110  3   0.1%   0.385 UG:3    +
   35    50  3   0.1%   1.158 GC:3    +
  122   129  3   0.0%   0.554 GU:3    +
   14   157  3   0.0%   0.171 AU:3    +
    4    21  3   0.0%   0.428 UA:3    +
   43    72  3   0.0%   0.546 UA:3    +
   23    29  3   0.0%   0.523 AU:3    +
    2    15  3   0.0%   0.067 AU:3    +
   14    43  3   0.0%   0.091 AU:3    +
   82   129  3   0.0%   0.354 GU:3    +
   10    14  3   0.0%   0.046 AU:3    +
    7    13  3   0.0%   0.075 GU:3    +
   22    54  3   0.0%   0.801 GU:3    +
   42    73  3   0.0%   0.623 CG:3    +
   60   154  3   0.0%   0.216 AU:3    +
   32   129  3   0.0%   0.388 AU:3    +
   30    44  3   0.0%   0.415 UA:3    +
   97   118  3   0.0%   1.185 CG:3    +
   14    19  3   0.0%   0.769 UG:3    +
   23   140  3   0.0%   0.802 AU:3    +
   10   144  3   0.0%   0.323 AU:3    +
   14   143  3   0.0%   0.110 UG:3    +
   14   144  3   0.0%   0.129 AU:3    +
   14    34  3   0.0%   0.071 UA:3    +
  109   128  3   0.0%   0.430 CG:3    +
   13   141  3   0.0%   0.119 UA:3    +
   37    48  3   0.0%   0.530 GU:3    +
   27   133  3   0.0%   0.718 GC:3    +
   14    33  3   0.0%   0.065 AU:3    +
   87   119  3   0.0%   0.012 GC:3    +
   60   159  3   0.0%   0.307 AU:3    +
   16   135  3   0.0%   0.557 UA:3    +
    3    42  3   0.0%   0.520 CG:3    +
    5    24  3   0.0%   0.762 CG:3    +
    5    42  3   0.0%   0.556 CG:3    +
   14   154  3   0.0%   0.196 AU:3    +
    8   150  3   0.0%   0.792 CG:3    +
    3    44  3   0.0%   0.521 UA:3    +
   99   109  3   0.0%   0.016 GC:3    +
   18    48  3   0.0%   0.916 GU:3    +
    7   151  3   0.0%   0.668 GU:3    +
   23    43  3   0.0%   0.827 AU:3    +
   29    42  3   0.0%   0.708 UG:3    +
   14    31  3   0.0%   0.059 AU:3    +
   30   130  3   0.0%   0.453 UA:3    +
    9   149  3   0.0%   0.618 UA:3    +
   17    48  3   0.0%   0.581 GU:3    +
   23    28  3   0.0%   0.521 AU:3    +
  100   106  3   0.0%   0.008 AU:3    +
  101   118  3   0.0%   1.186 CG:3    +
   15    32  3   0.0%   0.272 UA:3    +
   40   157  3   0.0%   0.449 AU:3    +
   24   133  3   0.0%   1.081 GC:3    +
    4    35  3   0.0%   0.705 UG:3    +
    8    42  3   0.0%   0.740 CG:3    +
   72   142  3   0.0%   0.674 AU:3    +
   28   135  3   0.0%   0.670 UA:3    +
    9   148  3   0.0%   0.614 UA:3    +
    9   158  3   0.0%   0.607 UA:3    +
    4    10  3   0.0%   0.002 UA:3    +
   23   136  3   0.0%   0.794 AU:3    +
   56   150  3   0.0%   0.250 CG:3    +
    6   158  3   0.0%   0.699 UA:3    +
   23   142  3   0.0%   0.767 AU:3    +
    5    34  3   0.0%   0.545 CG:3    +
  135   142  3   0.0%   0.898 AU:3    +
   91   115  3   0.0%   0.008 CG:3    +
    7    43  3   0.0%   0.603 GU:3    +
    7   157  3   0.0%   0.686 GU:3    +
   20    30  3   0.0%   0.828 AU:3    +
  136   141  3   0.0%   0.641 UA:3    +
   60   145  3   0.0%   0.058 AU:3    +
    7   158  3   0.0%   0.667 UA:3    +
   36    48  3   0.0%   0.992 AU:3    +
   60    69  3   0.0%   0.033 AU:3    +
   42    56  3   0.0%   0.757 GC:3    +
   35    48  3   0.0%   0.974 GU:3    +
    4   158  3   0.0%   0.773 UA:3    +
   16    60  3   0.0%   0.553 UA:3    +
   17    40  3   0.0%   0.567 GC:3    +
  153   158  3   0.0%   0.335 UA:3    +
    2    30  3   0.0%   0.117 AU:3    +
   48   160  3   0.0%   0.402 UG:3    +
   15   149  3   0.0%   0.324 UA:3    +
    6    44  3   0.0%   0.654 UA:3    +
   14    22  3   0.0%   0.317 UG:3    +
  149   153  3   0.0%   0.894 AU:3    +
   48    55  3   0.0%   0.385 UA:3    +
   14   140  3   0.0%   0.090 AU:3    +
   14   137  3   0.0%   0.088 AU:3    +
    7    52  3   0.0%   0.601 GC:3    +
   51    56  3   0.0%   0.323 GC:3    +
   68   150  3   0.0%   0.651 CG:3    +
   48    67  3   0.0%   0.370 UG:3    +
   87   127  3   0.0%   0.244 GC:3    +
    3    38  3   0.0%   0.516 UA:3    +
   14   149  3   0.0%   0.124 UA:3    +
    4   149  3   0.0%   0.713 UA:3    +
    3    32  3   0.0%   0.514 UA:3    +
   57    67  3   0.0%   0.149 CG:3    +
   13    23  3   0.0%   0.437 UA:3    +
    8    35  3   0.0%   0.738 CG:3    +
   38    48  3   0.0%   0.418 AU:3    +
    8    51  3   0.0%   0.736 CG:3    +
   11    48  3   0.0%   0.421 AU:3    +
   72   121  3   0.0%   0.047 AU:3    +
   60   142  3   0.0%   0.040 AU:3    +
   23    31  3   0.0%   0.435 AU:3    +
   14   145  3   0.0%   0.123 AU:3    +
    7   159  3   0.0%   0.667 GU:3    +
  102   115  3   0.0%   0.739 UG:3    +
   51    64  3   0.0%   0.183 GC:3    +
   61   141  3   0.0%   0.055 UA:3    +
   14    21  3   0.0%   0.446 UA:3    +
    5    27  3   0.0%   0.589 CG:3    +
   69   135  3   0.0%   0.052 UA:3    +
   14    67  3   0.0%   0.087 UG:3    +
    6    10  3   0.0%   0.002 UA:3    +
    5    35  3   0.0%   0.545 CG:3    +
   14    38  3   0.0%   0.090 UA:3    +
   33   141  3   0.0%   0.408 UA:3    +
   23   157  3   0.0%   0.796 AU:3    +
    1     6  3   0.0%   0.001 AU:3    +
    9    38  3   0.0%   0.584 UA:3    +
   28    40  3   0.0%   0.673 UA:3    +
    5    51  3   0.0%   0.553 CG:3    +
    5    36  3   0.0%   0.546 CG:3    +
   12    68  3   0.0%   0.113 GC:3    +
    4   160  3   0.0%   0.768 UG:3    +
  125   141  3   0.0%   0.513 UA:3    +
    4    37  3   0.0%   0.705 UG:3    +
    9    32  3   0.0%   0.577 UA:3    +
   15   148  3   0.0%   0.319 UA:3    +
    2    14  3   0.0%   0.093 AU:3    +
   10    48  3   0.0%   0.314 AU:3    +
   91   116  3   0.0%   0.009 CG:3    +
    4    36  3   0.0%   0.705 UA:3    +
   37    53  3   0.0%   0.655 GC:3    +
   19    40  3   0.0%   0.838 GC:3    +
   36    77  3   0.0%   0.648 GC:3    +
   38   153  3   0.0%   0.133 AU:3    +
   42    64  3   0.0%   0.617 GC:3    +
   14    28  3   0.0%   0.104 AU:3    +
   40    66  3   0.0%   0.402 CG:3    +
    7    36  3   0.0%   0.605 UG:3    +
    2     7  3   0.0%   0.001 AU:3    +
   27   134  3   0.0%   0.719 GC:3    +
   24    56  3   0.0%   1.140 GC:3    +
    9    44  3   0.0%   0.581 UA:3    +
   28    42  3   0.0%   0.680 UG:3    +
   16    23  3   0.0%   0.842 UA:3    +
   40    74  3   0.0%   0.402 CG:3    +
   12    50  3   0.0%   0.106 GC:3    +
   23   159  3   0.0%   0.772 AU:3    +
   48   158  3   0.0%   0.411 UA:3    +
   15    20  3   0.0%   0.869 UA:3    +
   32    48  3   0.0%   0.722 AU:3    +
   37    76  3   0.0%   0.186 GU:3    +
    7   149  3   0.0%   0.657 UA:3    +
   27    56  3   0.0%   0.836 GC:3    +
    2    48  3   0.0%   0.116 AU:3    +
   22    40  3   0.0%   0.367 GC:3    +
   36    56  3   0.0%   0.788 GC:3    +
   40   151  3   0.0%   0.465 AU:3    +
    2     6  3   0.0%   0.001 AU:3    +
    7    12  3   0.0%   0.074 UG:3    +
   42   157  3   0.0%   0.664 GU:3    +
   35    57  3   0.0%   0.767 GC:3    +
   17    42  3   0.0%   0.572 GC:3    +
   10   153  3   0.0%   0.368 AU:3    +
   21    48  3   0.0%   0.746 AU:3    +
    8    36  3   0.0%   0.740 CG:3    +
   39   135  3   0.0%   0.338 UA:3    +
   60   112  3   0.0%   0.027 AU:3    +
   44   153  3   0.0%   0.407 AU:3    +
   13    40  3   0.0%   0.104 UA:3    +
    2     9  3   0.0%   0.001 AU:3    +
    3    10  3   0.0%   0.000 UA:3    +
   23    39  3   0.0%   0.376 AU:3    +
   14    18  3   0.0%   0.879 UG:3    +
   44    48  3   0.0%   0.696 AU:3    +
   42   131  3   0.0%   0.623 CG:3    +
    4    17  3   0.0%   0.053 UG:3    +
    3    46  3   0.0%   0.518 UA:3    +
   48   130  3   0.0%   0.388 UA:3    +
   67    76  3   0.0%   0.044 GU:3    +
   86    91  3   0.0%   0.001 UA:3    +
    7    41  3   0.0%   0.599 GU:3    +
   42   115  3   0.0%   0.618 CG:3    +
   15    51  3   0.0%   0.294 UG:3    +
   73   102  3   0.0%   0.043 GU:3    +
   60   153  3   0.0%   0.238 AU:3    +
    4    46  3   0.0%   0.711 UA:3    +
    1     7  3   0.0%   0.001 AU:3    +
   44   129  3   0.0%   0.352 AU:3    +
    7    33  3   0.0%   0.592 GU:3    +
   76   130  3   0.0%   0.030 UA:3    +
   72   145  3   0.0%   0.693 AU:3    +
  135   151  3   0.0%   0.671 AU:3    +
    8    27  3   0.0%   0.782 CG:3    +
    3     7  3   0.0%   0.000 UG:3    +
  135   140  3   0.0%   0.729 AU:3    +
   40    73  3   0.0%   0.401 CG:3    +
   51   127  3   0.0%   0.226 GC:3    +
   15    46  3   0.0%   0.293 UA:3    +
    6    46  3   0.0%   0.652 UA:3    +
   40    54  3   0.0%   0.510 AU:3    +
   30   149  3   0.0%   0.493 UA:3    +
   48   149  3   0.0%   0.422 UA:3    +
    7   160  3   0.0%   0.670 UG:3    +
   30   158  3   0.0%   0.465 UA:3    +
   76   100  3   0.0%   0.014 UA:3    +
   72   103  3   0.0%   0.045 AU:3    +
  104   118  3   0.0%   0.874 CG:3    +
    4    44  3   0.0%   0.712 UA:3    +
    7   154  3   0.0%   0.676 GU:3    +
   40   131  3   0.0%   0.406 CG:3    +
    7    45  3   0.0%   0.600 GU:3    +
   34    48  3   0.0%   0.851 AU:3    +
    4   148  3   0.0%   0.712 UA:3    +
   61    72  3   0.0%   0.060 UA:3    +
   13    60  3   0.0%   0.113 UA:3    +
   14    32  3   0.0%   0.059 UA:3    +
    3   148  3   0.0%   0.519 UA:3    +
   33    72  3   0.0%   0.373 UA:3    +
   15    44  3   0.0%   0.297 UA:3    +
   14    39  3   0.0%   0.085 AU:3    +
   19    42  3   0.0%   0.843 GC:3    +
   22    48  3   0.0%   0.624 GU:3    +
  109   113  3   0.0%   0.644 CG:3    +
   31    72  3   0.0%   0.487 UA:3    +
   29    40  3   0.0%   0.697 UA:3    +
   30   148  3   0.0%   0.469 UA:3    +
   42    83  3   0.0%   0.618 GU:3    +
    7    44  3   0.0%   0.601 UA:3    +
   36   134  3   0.0%   0.673 GC:3    +
    7    34  3   0.0%   0.593 UG:3    +
    4   155  3   0.0%   0.777 UG:3    +
   23    45  3   0.0%   0.640 AU:3    +
    7    32  3   0.0%   0.592 UA:3    +
   42   160  3   0.0%   0.644 CG:3    +
   14    55  3   0.0%   0.092 UA:3    +
   40   160  3   0.0%   0.421 CG:3    +
   51    77  3   0.0%   0.227 GC:3    +
   18    42  3   0.0%   0.909 GC:3    +
  135   145  3   0.0%   0.916 AU:3    +
    7    28  3   0.0%   0.640 GU:3    +
   42    54  3   0.0%   0.724 GU:3    +
   14   148  3   0.0%   0.120 UA:3    +
    7    39  3   0.0%   0.597 GU:3    +
   23    33  3   0.0%   0.379 AU:3    +
   14    62  3   0.0%   0.087 AU:3    +
    7    71  3   0.0%   0.601 GU:3    +
   69   109  3   0.0%   0.012 UA:3    +
   16    40  3   0.0%   0.507 UA:3    +
   60   156  3   0.0%   0.430 AU:3    +
   14   160  3   0.0%   0.147 UG:3    +
    3   149  3   0.0%   0.519 UA:3    +
    7   155  3   0.0%   0.663 UG:3    +
    7   114  3   0.0%   0.601 GU:3    +
   42   155  3   0.0%   0.666 CG:3    +
   23   154  3   0.0%   0.824 AU:3    +
  100   123  3   0.0%   0.470 AU:3    +
   18    40  3   0.0%   0.903 GC:3    +
   41    72  3   0.0%   0.733 UA:3    +
    4    55  3   0.0%   0.712 UA:3    +
    7    46  3   0.0%   0.600 UA:3    +
   35    68  3   0.0%   0.633 GC:3    +
  129   143  3   0.0%   0.937 UG:3    +
   60    71  3   0.0%   0.068 AU:3    +
   23   137  3   0.0%   0.797 AU:3    +
   15   158  3   0.0%   0.341 UA:3    +
  137   141  3   0.0%   0.510 UA:3    +
   38    54  3   0.0%   0.172 AU:3    +
   42   116  3   0.0%   0.618 CG:3    +
    9    46  3   0.0%   0.579 UA:3    +
   48    70  3   0.0%   0.373 UG:3    +
    4   152  3   0.0%   0.778 UG:3    +
   14   158  3   0.0%   0.147 UA:3    +
   14   146  3   0.0%   0.127 UG:3    +
    8    24  3   0.0%   0.934 CG:3    +
   14    46  3   0.0%   0.082 UA:3    +
   25    57  3   0.0%   1.070 GC:3    +
   14   136  3   0.0%   0.087 AU:3    +
  129   158  3   0.0%   0.624 UA:3    +
   66    76  3   0.0%   0.052 GU:3    +
  126   144  3   0.0%   0.899 AU:3    +
   48   155  3   0.0%   0.424 UG:3    +
   79    91  3   0.0%   0.008 UA:3    +
   14    61  3   0.0%   0.087 AU:3    +
   27    77  3   0.0%   0.695 GC:3    +
   34    56  3   0.0%   0.645 GC:3    +
    7    25  3   0.0%   0.657 UG:3    +
  141   151  3   0.0%   0.588 AU:3    +
   37    57  3   0.0%   0.319 GC:3    +
...((((((........))))))((.....((((((....)))))).....)).((.((((((((.((..((((.....((.(((((((((..((((((.(........)))))))....)))))))).).))....)))).))))).))))).))....
