3 sequence; length of alignment 160
alifold output
  108   119  0 100.0%   0.002 CG:3   
  107   120  0 100.0%   0.002 CG:3   
   92   133  0  99.0%   0.033 GC:1    GU:2   
   96   129  0 100.0%   0.001 GC:3   
  109   118  0  99.9%   0.003 AU:3   
   95   130  0  99.9%   0.002 AU:3   
  110   117  0  99.9%   0.002 GC:3   
   93   132  0  99.8%   0.005 UA:3   
   43    65  0  98.5%   0.083 CG:2    UG:1   
   94   131  1 100.0%   0.001 CG:2   
   45    63  0  99.4%   0.019 GC:3   
   46    62  0  99.3%   0.020 CG:3   
  103   124  0  97.2%   0.205 CG:1    UG:1    AU:1   
   44    64  0  98.9%   0.054 UA:3   
   98   128  0  97.8%   0.066 CG:3   
  102   125  0  97.0%   0.149 UA:3   
   42    66  0  96.0%   0.177 UA:3   
  106   121  1  95.9%   0.121 GU:1    UA:1   
   38    69  0  95.4%   0.161 GC:3   
   36    71  0  95.0%   0.249 AU:3   
   37    70  1  95.2%   0.144 UA:2   
   35    72  0  94.5%   0.279 AU:3   
   39    68  0  93.8%   0.202 AU:3   
   34    73  0  91.9%   0.355 GU:1    AU:2   
   51    56  0  88.4%   0.347 CG:3   
   25    82  0  83.2%   0.759 CG:1    UA:2   
   24    83  0  83.8%   0.759 CG:3   
   14   150  0  83.6%   0.800 GC:3   
   15   149  0  83.5%   0.793 GC:3   
   21    86  0  83.2%   0.752 CG:3   
   50    57  1  83.1%   0.474 AU:2   
   23    84  1  82.6%   0.764 CG:2   
   13   151  0  81.5%   0.571 UA:3   
   20    87  0  81.2%   0.515 UA:3   
   33    74  0  78.0%   0.732 UG:3   
    7   157  0  75.4%   0.910 GU:2    AU:1   
    8   156  0  75.2%   1.002 UA:3   
   91   134  1  74.4%   0.705 AU:2   
    6   158  0  71.9%   1.065 AU:3   
   19    88  1  67.8%   0.800 GU:2   
   99   127  0  66.0%   0.824 AU:3   
  101   126  0  64.8%   1.210 AU:3    +
    5   159  0  57.8%   1.216 AU:3   
   17   146  0  45.5%   1.398 GC:1    GU:2   
   16   147  1  43.8%   1.406 AU:2   
   18   145  0  42.8%   1.423 UA:3   
  100   126  0  33.7%   1.100 AU:3   
  100   127  0  32.9%   1.739 AU:3    +
   29    79  1  27.5%   1.416 AU:2    +
   28    80  0  26.7%   1.407 UA:3    +
   30    78  0  25.4%   1.474 AU:3    +
   47    60  0  24.9%   1.041 UA:3    +
   89   136  0  17.0%   1.261 GC:1    GU:2    +
   14    24  0  15.2%   0.870 GC:3    +
   17    21  0  15.0%   0.866 GC:3    +
   16    22  1  15.2%   0.871 AU:2    +
   15    23  1  15.2%   0.869 GC:2    +
   18    89  0  14.3%   0.842 UG:3    +
  139   145  0  12.5%   1.762 UA:3    +
   32    76  0  11.4%   0.911 UG:1    UA:2    +
  137   147  0  12.2%   1.793 AU:3    +
  138   146  1  12.6%   1.647 AU:2    +
   84   149  0  11.1%   1.301 GC:3    +
   83   150  0  11.1%   1.243 GC:3    +
   79   155  0  10.0%   1.566 CG:1    UG:2    +
    9    25  0   9.7%   0.683 GC:1    GU:2    +
   77   157  0   9.7%   1.269 GU:1    AU:2    +
   85   148  1  11.0%   1.048 UA:2    +
   86   147  0  10.4%   1.579 GU:3    +
   78   156  0   9.9%   1.815 UA:3    +
    8    26  0   9.8%   0.684 UA:3    +
  140   144  0   9.8%   1.165 UA:3    +
   11   153  0   9.8%   0.925 UA:3    +
  136   148  1   9.5%   1.548 UG:1    UA:1    +
    7    27  1   9.8%   0.687 GC:2    +
   80   154  0   9.3%   1.376 AU:3    +
   88   137  0   8.9%   0.939 UA:3    +
   48    60  0   8.8%   0.991 UA:3    +
   76   158  0   7.7%   1.422 GU:1    AU:2    +
   87   146  1   8.5%   1.573 AU:2    +
    6    28  0   7.0%   0.661 AU:3    +
   88   145  0   6.6%   1.753 UA:3    +
    4    29  0   5.2%   0.494 UA:3    +
    3    30  0   5.1%   0.508 UA:3    +
    2    31  0   3.9%   0.439 UG:1    UA:2    +
   75   148  0   3.5%   0.503 UG:1    UA:2    +
   76   147  0   3.5%   1.130 GU:1    AU:2    +
    4    34  0   3.5%   0.560 UG:1    UA:2    +
   87   139  0   4.2%   0.677 AU:3    +
   86   140  0   4.0%   0.638 GU:3    +
   88   138  0   3.7%   0.898 UA:3    +
   71   153  0   3.7%   0.845 UA:3    +
   69   155  0   3.7%   0.598 CG:3    +
   72   152  0   3.7%   0.585 UG:3    +
   73   151  0   3.7%   0.721 UA:3    +
    5    33  0   3.5%   0.460 AU:3    +
   77   146  1   3.5%   0.837 GU:1    AU:1    +
    3    35  0   3.4%   0.562 UA:3    +
   68   156  0   3.4%   0.735 UA:3    +
   78   145  0   3.4%   1.256 UA:3    +
   32    77  0   2.3%   0.676 UG:1    UA:2    +
   29    78  0   3.3%   0.578 AU:3    +
   89   140  0   3.3%   1.144 GU:3    +
   90   139  0   3.3%   0.600 AU:3    +
    6    32  0   3.3%   0.526 AU:3    +
   70   154  1   3.7%   0.580 AU:2    +
  135   142  0   3.0%   0.635 AU:3    +
   33    76  0   1.9%   0.805 UG:1    UA:2    +
    2    36  0   2.8%   0.462 UA:3    +
   85   141  1   3.3%   0.419 UA:2    +
    5    28  0   2.7%   0.302 AU:3    +
   88   141  0   2.7%   1.049 UA:3    +
  134   143  0   2.5%   0.619 UA:3    +
   31    78  0   1.5%   0.902 GU:1    AU:2    +
   84   142  0   2.4%   0.561 GU:3    +
   10   155  0   1.3%   0.424 CG:1    UG:2    +
   87   142  0   2.1%   0.754 AU:3    +
   34    75  0   1.0%   0.387 GU:1    AU:2    +
  136   141  1   2.5%   0.907 UA:2    +
    7   160  0   0.0%   0.537 GC:1    GU:1    AU:1    +
   19   103  0   0.0%   0.274 GC:1    GU:1    UA:1    +
    7    79  0   0.0%   0.243 GC:1    GU:1    AU:1    +
    7    25  0   0.0%   0.002 GC:1    GU:1    AU:1    +
   74   150  0   2.0%   0.761 GC:3    +
    9    27  0   2.0%   0.690 GC:3    +
    9   154  0   1.9%   0.602 GU:3    +
   79   144  1   2.4%   0.755 UA:2    +
   74   149  0   1.8%   0.646 GC:3    +
    3    31  0   0.7%   0.438 UG:1    UA:2    +
  140   148  0   0.7%   1.291 UG:1    UA:2    +
   10   153  1   2.2%   0.391 UA:2    +
   50    85  0   0.6%   0.282 AU:2    UA:1    +
   49    86  0   0.6%   0.307 CG:1    UG:2    +
   52    83  0   0.6%   0.270 CG:1    UG:2    +
    7   158  0   0.6%   0.810 GU:2    AU:1    +
   43   152  0   0.6%   0.188 CG:2    UG:1    +
   56    79  0   0.6%   0.640 GC:1    GU:2    +
  103   123  1   1.5%   0.193 AU:1    UA:1    +
   31    75  0   0.5%   0.315 GU:1    AU:2    +
   79   152  0   0.4%   0.864 CG:1    UG:2    +
   77   154  0   0.4%   0.585 GU:1    AU:2    +
   10    31  0   0.3%   0.343 CG:1    UA:2    +
    1    38  0   0.3%   0.088 CG:2    UG:1    +
   49    56  0   0.3%   0.057 CG:1    UG:2    +
   61    76  0   0.3%   0.408 UG:1    UA:2    +
   14    25  0   0.3%   0.608 GC:1    GU:2    +
   74   160  0   0.3%   0.511 GC:1    GU:2    +
   25    83  0   0.3%   0.646 CG:1    UG:2    +
   59    76  0   0.2%   0.400 UG:1    UA:2    +
   34   159  0   0.2%   0.650 GU:1    AU:2    +
   70    85  0   0.2%   0.112 AU:2    UA:1    +
   73    82  0   0.1%   0.311 UG:1    UA:2    +
    7   159  0   0.1%   0.870 GU:2    AU:1    +
   11   152  0   1.1%   0.266 UG:3    +
  142   148  0   0.1%   1.060 UG:1    UA:2    +
    8    31  0   0.1%   0.505 UG:1    UA:2    +
    8    30  0   1.1%   0.615 UA:3    +
   18   148  0   0.1%   0.723 UG:1    UA:2    +
   10    26  1   1.6%   0.430 UA:2    +
   79   148  0   0.1%   0.707 CG:1    UA:2    +
  152   160  0   0.1%   0.343 GC:1    GU:2    +
  139   148  0   0.1%   1.200 UG:1    UA:2    +
   52    56  0   0.1%   0.146 CG:1    UG:2    +
    7    32  0   0.1%   0.362 GU:2    AU:1    +
   10   152  0   0.1%   0.154 CG:1    UG:2    +
   28    76  0   0.1%   0.359 UG:1    UA:2    +
   74    79  0   0.1%   0.714 GC:1    GU:2    +
   11    76  0   0.1%   0.092 UG:1    UA:2    +
   10    77  0   0.1%   0.122 CG:1    UA:2    +
   10   148  0   0.1%   0.142 CG:1    UA:2    +
   82   142  0   0.1%   0.230 GU:1    AU:2    +
    2    82  0   0.0%   0.274 UG:1    UA:2    +
   71    82  0   0.0%   0.247 UG:1    UA:2    +
   28    77  0   0.0%   0.356 UG:1    UA:2    +
    8   148  0   0.0%   0.318 UG:1    UA:2    +
  134   148  0   0.0%   0.798 UG:1    UA:2    +
    7   154  0   0.0%   0.269 GU:2    AU:1    +
   17   136  0   0.0%   0.321 GC:1    GU:2    +
   76   159  0   0.0%   1.079 GU:1    AU:2    +
   31   157  0   0.0%   0.585 GU:1    AU:2    +
   11   155  0   1.0%   0.613 UG:3    +
    1    17  0   0.0%   0.010 CG:2    UG:1    +
   76   140  0   0.0%   0.392 GU:1    AU:2    +
    7    28  0   0.0%   0.520 GU:2    AU:1    +
   77   139  0   0.0%   0.139 GU:1    AU:2    +
    1   152  0   0.0%   0.058 CG:2    UG:1    +
    1   155  0   0.0%   0.060 CG:2    UG:1    +
    1     9  0   0.0%   0.007 CG:2    UG:1    +
    1    83  0   0.0%   0.056 CG:2    UG:1    +
   82   140  0   0.0%   0.198 GU:1    AU:2    +
   77   158  0   0.0%   1.031 GU:1    AU:2    +
   86   146  0   0.0%   0.837 GC:1    GU:2    +
   77   147  0   0.0%   0.766 GU:1    AU:2    +
   25    86  0   0.0%   0.633 CG:1    UG:2    +
   13    31  0   0.0%   0.254 UG:1    UA:2    +
   19    23  0   0.0%   0.294 GC:2    UG:1    +
   11   148  0   0.0%   0.110 UG:1    UA:2    +
   31    79  0   0.0%   0.725 GC:1    AU:2    +
   34   160  0   0.0%   0.299 GC:1    AU:2    +
   79    86  0   0.0%   0.661 CG:1    UG:2    +
   31    40  0   0.0%   0.222 GU:1    AU:2    +
   28    82  0   0.0%   0.867 UG:1    UA:2    +
   77    88  0   0.0%   0.387 GU:1    AU:2    +
   86   136  0   0.0%   0.220 GC:1    GU:2    +
  148   154  0   0.0%   1.193 GU:1    AU:2    +
   78   148  0   0.0%   0.795 UG:1    UA:2    +
   59    77  0   0.0%   0.155 UG:1    UA:2    +
    3    34  0   0.0%   0.219 UG:1    UA:2    +
    1    15  0   0.0%   0.006 CG:2    UG:1    +
   34    72  0   0.0%   0.124 GU:1    AU:2    +
    4    31  0   0.0%   0.394 UG:1    UA:2    +
   34    79  0   0.0%   0.663 GC:1    AU:2    +
   38    67  0   0.0%   0.026 GC:1    GU:2    +
   34   154  0   0.0%   0.387 GU:1    AU:2    +
   47   148  0   0.0%   0.369 UG:1    UA:2    +
   33    77  0   0.0%   0.492 UG:1    UA:2    +
    8    76  0   0.0%   0.305 UG:1    UA:2    +
   76   146  0   0.0%   0.739 GC:1    AU:2    +
   82   139  0   0.0%   0.190 GU:1    AU:2    +
   92   136  0   0.0%   0.374 GC:1    GU:2    +
   25    34  0   0.0%   0.415 CG:1    UA:2    +
    4   148  0   0.0%   0.333 UG:1    UA:2    +
  102   122  0   0.0%   0.001 UG:1    UA:2    +
   14   160  0   0.0%   0.525 GC:1    GU:2    +
   57    77  0   0.0%   0.254 UG:1    UA:2    +
   67    74  0   0.0%   0.271 CG:1    UG:2    +
    7   142  0   0.0%   0.242 GU:2    AU:1    +
   76   157  0   0.0%   0.818 GU:1    AU:2    +
    7   139  0   0.0%   0.240 GU:2    AU:1    +
    7    33  0   0.0%   0.361 GU:2    AU:1    +
    9   146  0   0.0%   0.350 GC:1    GU:2    +
  146   152  0   0.0%   1.232 CG:1    UG:2    +
   38   160  0   0.0%   0.135 GC:1    GU:2    +
   15   133  0   0.0%   0.325 GC:1    GU:2    +
  155   160  0   0.0%   0.599 GC:1    GU:2    +
   58    65  0   0.0%   0.054 CG:2    UG:1    +
    7    13  0   0.0%   0.005 GU:2    AU:1    +
    8    34  0   0.0%   0.422 UG:1    UA:2    +
    2     7  0   0.0%   0.003 UG:2    UA:1    +
    7    37  0   0.0%   0.241 GU:2    AU:1    +
   15   146  0   0.0%   0.337 GC:1    GU:2    +
    4    76  0   0.0%   0.326 UG:1    UA:2    +
   13   148  0   0.0%   0.066 UG:1    UA:2    +
   84   136  0   0.0%   0.226 GC:1    GU:2    +
    2    34  0   0.0%   0.162 UG:1    UA:2    +
    9    79  0   0.0%   0.348 GC:1    GU:2    +
   83   146  0   0.0%   0.729 GC:1    GU:2    +
   11    31  0   0.0%   0.294 UG:1    UA:2    +
   61    77  0   0.0%   0.140 UG:1    UA:2    +
   10    74  0   0.0%   0.109 CG:1    UG:2    +
   76   154  0   0.0%   0.767 GU:1    AU:2    +
    7    11  0   0.0%   0.008 GU:2    AU:1    +
   45    79  0   0.0%   0.422 GC:1    GU:2    +
   25    31  0   0.0%   0.511 CG:1    UA:2    +
   17    25  0   0.0%   0.588 GC:1    GU:2    +
   10    34  0   0.0%   0.228 CG:1    UA:2    +
   48    77  0   0.0%   0.314 UG:1    UA:2    +
   89   133  0   0.0%   0.315 GC:1    GU:2    +
    7   140  0   0.0%   0.240 GU:2    AU:1    +
   82   147  0   0.0%   0.710 GU:1    AU:2    +
    9   136  0   0.0%   0.345 GC:1    GU:2    +
   82   134  0   0.0%   0.175 GU:1    AU:2    +
   55    82  0   0.0%   0.202 UG:1    UA:2    +
   10    17  0   0.0%   0.006 CG:1    UG:2    +
   42    82  0   0.0%   0.219 UG:1    UA:2    +
   67    76  0   0.0%   0.387 CG:1    UA:2    +
   77   159  0   0.0%   0.877 GU:1    AU:2    +
   31    73  0   0.0%   0.220 GU:1    AU:2    +
   22    82  0   0.0%   0.297 UG:1    UA:2    +
    3     7  0   0.0%   0.002 UG:2    UA:1    +
   31   160  0   0.0%   0.346 GC:1    AU:2    +
   67    89  0   0.0%   0.332 CG:1    UG:2    +
    3    77  0   0.0%   0.334 UG:1    UA:2    +
   31   158  0   0.0%   0.603 GU:1    AU:2    +
    1    74  0   0.0%   0.050 CG:2    UG:1    +
   31   154  0   0.0%   0.446 GU:1    AU:2    +
   84   146  0   0.0%   0.819 GC:1    GU:2    +
   19    85  0   0.0%   0.009 GU:2    UA:1    +
   75    82  0   0.0%   0.300 UG:1    UA:2    +
   89   146  0   0.0%   1.453 GC:1    GU:2    +
   72    82  0   0.0%   0.256 UG:1    UA:2    +
   56    67  0   0.0%   0.152 GC:1    GU:2    +
   79    89  0   0.0%   0.766 CG:1    UG:2    +
   11    34  0   0.0%   0.198 UG:1    UA:2    +
    9   160  0   0.0%   0.502 GC:1    GU:2    +
   31    37  0   0.0%   0.220 GU:1    AU:2    +
    1    14  0   0.0%   0.003 CG:2    UG:1    +
   31    71  0   0.0%   0.220 GU:1    AU:2    +
    3    82  0   0.0%   0.342 UG:1    UA:2    +
   25   155  0   0.0%   0.607 CG:1    UG:2    +
   82   154  0   0.0%   0.701 GU:1    AU:2    +
   14   146  0   0.0%   0.344 GC:1    GU:2    +
   28    34  0   0.0%   0.457 UG:1    UA:2    +
   55    77  0   0.0%   0.110 UG:1    UA:2    +
   88   148  0   0.0%   1.293 UG:1    UA:2    +
   68    76  0   0.0%   0.430 UG:1    UA:2    +
   31   159  0   0.0%   0.675 GU:1    AU:2    +
  122   147  0   0.0%   0.768 GU:1    AU:2    +
   15   160  0   0.0%   0.520 GC:1    GU:2    +
   77   160  0   0.0%   0.544 GC:1    AU:2    +
   85    91  0   0.0%   0.047 AU:1    UA:2    +
    7   147  0   0.0%   0.245 GU:2    AU:1    +
   52    82  0   0.0%   0.166 CG:1    UA:2    +
   25    84  0   0.0%   0.638 CG:1    UG:2    +
   43    62  0   0.0%   0.000 CG:2    UG:1    +
  146   155  0   0.0%   1.505 CG:1    UG:2    +
   83   133  0   0.0%   0.211 GC:1    GU:2    +
   31    72  0   0.0%   0.220 GU:1    AU:2    +
   68   148  0   0.0%   0.089 UG:1    UA:2    +
   34   158  0   0.0%   0.540 GU:1    AU:2    +
   82   157  0   0.0%   0.733 GU:1    AU:2    +
    8    77  0   0.0%   0.303 UG:1    UA:2    +
   10    14  0   0.0%   0.007 CG:1    UG:2    +
   79    83  0   0.0%   0.661 CG:1    UG:2    +
   65   160  0   0.0%   0.122 GC:1    GU:2    +
    4    82  0   0.0%   0.334 UG:1    UA:2    +
   65    79  0   0.0%   0.529 GC:1    GU:2    +
  122   160  0   0.0%   0.054 GC:1    AU:2    +
   15    43  0   0.0%   0.323 GC:2    GU:1    +
    1    84  0   0.0%   0.052 CG:2    UG:1    +
   14   136  0   0.0%   0.331 GC:1    GU:2    +
  128   136  0   0.0%   0.382 GC:1    GU:2    +
   10    15  0   0.0%   0.007 CG:1    UG:2    +
   44   148  0   0.0%   0.029 UG:1    UA:2    +
   49    89  0   0.0%   0.393 CG:1    UG:2    +
   43    92  0   0.0%   0.015 CG:2    UG:1    +
   25    77  0   0.0%   0.300 CG:1    UA:2    +
   71    77  0   0.0%   0.196 UG:1    UA:2    +
    7    78  0   0.0%   0.241 GU:2    AU:1    +
   47    77  0   0.0%   0.446 UG:1    UA:2    +
   20   148  0   0.0%   0.215 UG:1    UA:2    +
   72    76  0   0.0%   0.457 UG:1    UA:2    +
   92   146  0   0.0%   0.717 GC:1    GU:2    +
    2    76  0   0.0%   0.263 UG:1    UA:2    +
   32    82  0   0.0%   0.651 UG:1    UA:2    +
    7    40  0   0.0%   0.239 GU:2    AU:1    +
   82   158  0   0.0%   0.717 GU:1    AU:2    +
    3    76  0   0.0%   0.334 UG:1    UA:2    +
    7    71  0   0.0%   0.239 GU:2    AU:1    +
    7    75  0   0.0%   0.239 GU:2    AU:1    +
   48    76  0   0.0%   0.552 UG:1    UA:2    +
   79    84  0   0.0%   0.668 CG:1    UG:2    +
   78    82  0   0.0%   0.704 UG:1    UA:2    +
  148   157  0   0.0%   1.224 GU:1    AU:2    +
   17   133  0   0.0%   0.310 GC:1    GU:2    +
   25    38  0   0.0%   0.316 CG:1    UG:2    +
   15   136  0   0.0%   0.327 GC:1    GU:2    +
   89   160  0   0.0%   0.804 GC:1    GU:2    +
   82    88  0   0.0%   0.439 GU:1    AU:2    +
    2    77  0   0.0%   0.263 UG:1    UA:2    +
    9    49  0   0.0%   0.339 GC:1    GU:2    +
   10    82  0   0.0%   0.116 CG:1    UA:2    +
   84   133  0   0.0%   0.218 GC:1    GU:2    +
   34    40  0   0.0%   0.123 GU:1    AU:2    +
   15    25  0   0.0%   0.590 GC:1    GU:2    +
    3   148  0   0.0%   0.340 UG:1    UA:2    +
  135   140  0   1.0%   0.457 AU:3    +
   12   154  0   1.0%   0.311 AU:3    +
    4    30  0   0.9%   0.467 UA:3    +
  102   124  1   1.4%   0.179 UG:2    +
   40    66  0   0.8%   0.120 UA:3    +
   41    65  0   0.8%   0.115 CG:3    +
  134   141  0   0.8%   0.612 UA:3    +
  141   147  0   0.7%   1.509 AU:3    +
    6   159  0   0.7%   0.990 AU:3    +
   17   147  0   0.7%   1.144 GU:3    +
   11    26  0   0.6%   0.398 UA:3    +
   30    79  1   1.1%   1.172 AU:2    +
    9   157  0   0.6%   0.767 GU:3    +
   51    84  0   0.6%   0.380 CG:3    +
   64    73  0   0.6%   0.210 AU:3    +
   63    74  0   0.6%   0.321 CG:3    +
   40   156  0   0.6%   0.438 UA:3    +
   41   155  0   0.6%   0.289 CG:3    +
   44   151  0   0.6%   0.296 UA:3    +
   65    72  0   0.6%   0.203 GU:3    +
   39   157  0   0.6%   0.474 AU:3    +
   45   150  0   0.6%   0.261 GC:3    +
   48    87  0   0.6%   0.486 UA:3    +
   55    80  0   0.6%   0.461 UA:3    +
   42   153  0   0.6%   0.513 UA:3    +
  137   142  0   0.6%   0.660 AU:3    +
   62    75  0   0.5%   0.191 GU:3    +
   66    71  0   0.5%   0.211 AU:3    +
    2    30  0   0.5%   0.088 UA:3    +
   38   158  0   0.5%   0.459 GU:3    +
   78   153  0   0.5%   1.236 UA:3    +
    3    29  0   0.4%   0.077 UA:3    +
   46    89  0   0.4%   0.368 CG:3    +
    1    31  1   0.4%   0.078 CG:1    UA:1    +
   90   134  0   0.4%   0.122 AU:3    +
    6   157  0   0.4%   0.378 AU:3    +
   88   135  0   0.4%   0.337 UA:3    +
   12    28  0   0.4%   0.404 AU:3    +
   42    64  0   0.4%   0.063 UA:3    +
   11    29  0   0.4%   0.296 UA:3    +
   13    26  0   0.4%   0.391 UA:3    +
   84   139  0   0.4%   0.297 GU:3    +
    5   158  0   0.3%   0.305 AU:3    +
    8   155  0   0.3%   0.400 UG:3    +
   10   156  1   0.8%   0.624 UA:2    +
   58    77  1   0.3%   0.155 CG:1    UA:1    +
   83   140  0   0.3%   0.290 GU:3    +
   13   153  0   0.3%   0.597 UA:3    +
    9    32  0   0.3%   0.492 GU:3    +
   11    30  0   0.3%   0.400 UA:3    +
   18    90  0   0.3%   0.339 UA:3    +
   32    74  0   0.3%   0.201 UG:3    +
   89   134  0   0.3%   0.370 GU:3    +
   15    24  0   0.3%   0.633 GC:3    +
   40   153  0   0.3%   0.427 UA:3    +
   41   152  0   0.3%   0.153 CG:3    +
   37   156  0   0.3%   0.371 UA:3    +
   39   154  0   0.3%   0.267 AU:3    +
   36   157  0   0.3%   0.472 AU:3    +
   24    84  0   0.3%   0.667 CG:3    +
    8    29  0   0.3%   0.454 UA:3    +
   35   158  0   0.3%   0.514 AU:3    +
    4   155  0   0.2%   0.379 UG:3    +
    9    28  0   0.2%   0.632 GU:3    +
    5   154  0   0.2%   0.270 AU:3    +
   81   142  1   0.2%   0.087 GU:1    AU:1    +
    3   156  0   0.2%   0.384 UA:3    +
   12   142  0   0.2%   0.109 AU:3    +
   13   141  0   0.2%   0.079 UA:3    +
   75   156  0   0.2%   0.719 UA:3    +
   11   143  0   0.2%   0.123 UA:3    +
   14   140  0   0.2%   0.364 GU:3    +
   12    25  1   0.7%   0.335 AU:2    +
  138   147  0   0.2%   1.480 AU:3    +
   90   142  0   0.2%   0.466 AU:3    +
   21    89  0   0.2%   0.757 CG:3    +
   17    24  0   0.2%   0.624 GC:3    +
   69    86  0   0.2%   0.273 CG:3    +
   74   157  0   0.2%   0.759 GU:3    +
   71    84  0   0.2%   0.319 UG:3    +
   42   151  0   0.2%   0.274 UA:3    +
   20    90  0   0.2%   0.223 UA:3    +
    8   151  0   0.1%   0.344 UA:3    +
   90   136  1   0.6%   0.479 AU:2    +
   15    27  0   0.1%   0.649 GC:3    +
   14    28  0   0.1%   0.664 GU:3    +
   72    83  0   0.1%   0.323 UG:3    +
   18   144  0   0.1%   0.358 UA:3    +
   13    29  0   0.1%   0.268 UA:3    +
   68    87  0   0.1%   0.298 UA:3    +
   22    87  0   0.1%   0.490 UA:3    +
    9   150  0   0.1%   0.381 GC:3    +
   28    81  1   0.1%   0.728 UG:1    UA:1    +
  139   144  0   0.1%   0.460 UA:3    +
   80   142  0   0.1%   0.444 AU:3    +
  140   155  0   0.1%   1.155 UG:3    +
  139   156  0   0.1%   1.274 UA:3    +
  141   154  0   0.1%   0.943 AU:3    +
  138   157  0   0.1%   1.005 AU:3    +
  143   147  0   0.1%   1.258 AU:3    +
  142   153  0   0.1%   0.946 UA:3    +
   15   139  0   0.1%   0.348 GU:3    +
   83   142  0   0.1%   0.299 GU:3    +
  153   158  0   0.1%   1.108 AU:3    +
   17    27  0   0.1%   0.637 GC:3    +
   18    26  0   0.1%   0.367 UA:3    +
  152   159  0   0.1%   0.670 GU:3    +
   80   147  0   0.1%   0.950 AU:3    +
   90   140  0   0.1%   0.502 AU:3    +
  153   159  0   0.1%   0.960 AU:3    +
  140   145  0   0.1%   1.518 UA:3    +
  137   158  0   0.1%   1.065 AU:3    +
   17   149  0   0.1%   0.886 GC:3    +
   29    75  0   0.1%   0.253 AU:3    +
   81   146  1   0.1%   0.533 GU:1    AU:1    +
    5    11  0   0.1%   0.017 AU:3    +
    4    12  0   0.1%   0.017 UA:3    +
   35    73  0   0.1%   0.265 AU:3    +
   27    74  0   0.1%   0.342 CG:3    +
   26    75  0   0.1%   0.375 AU:3    +
   15    21  0   0.1%   0.023 GC:3    +
   73    80  0   0.1%   0.519 UA:3    +
   14    22  0   0.1%   0.021 GU:3    +
   30    75  0   0.1%   0.334 AU:3    +
   60    75  0   0.1%   0.698 AU:3    +
   12    75  0   0.1%   0.078 AU:3    +
  138   142  0   0.1%   0.545 AU:3    +
    6    33  0   0.1%   0.434 AU:3    +
   78   144  0   0.1%   0.574 UA:3    +
   20   143  0   0.1%   0.220 UA:3    +
   72    81  1   0.1%   0.116 UG:1    UA:1    +
  135   147  0   0.1%   0.963 AU:3    +
    4    80  0   0.1%   0.338 UA:3    +
    3    81  1   0.1%   0.346 UG:1    UA:1    +
  139   143  0   0.1%   0.464 UA:3    +
   13    74  0   0.1%   0.047 UG:3    +
   18   143  0   0.0%   0.340 UA:3    +
    9    78  0   0.0%   0.353 GU:3    +
   17   139  0   0.0%   0.333 GU:3    +
    9   149  0   0.0%   0.363 GC:3    +
   18   138  0   0.0%   0.322 UA:3    +
   86   139  0   0.0%   0.259 GU:3    +
   49    60  1   0.5%   0.664 UA:2    +
  136   143  1   0.5%   0.665 UA:2    +
   74   159  0   0.0%   0.812 GU:3    +
   19   146  1   0.0%   0.652 GC:1    GU:1    +
   15   150  0   0.0%   0.653 GC:3    +
   14    21  0   0.0%   0.013 GC:3    +
   66   158  0   0.0%   0.452 AU:3    +
    8   153  0   0.0%   0.335 UA:3    +
   36    72  0   0.0%   0.214 AU:3    +
  111   117  0   0.0%   0.010 GC:3    +
   89   142  0   0.0%   0.979 GU:3    +
   18   135  0   0.0%   0.317 UA:3    +
    9   147  0   0.0%   0.357 GU:3    +
   20   141  0   0.0%   0.209 UA:3    +
   32   156  0   0.0%   0.770 UA:3    +
   20   145  0   0.0%   0.571 UA:3    +
   30   158  0   0.0%   1.004 AU:3    +
    4   152  0   0.0%   0.345 UG:3    +
    3    15  0   0.0%   0.009 UG:3    +
    4    14  0   0.0%   0.013 UG:3    +
   11   137  0   0.0%   0.090 UA:3    +
   92   134  0   0.0%   0.281 GU:3    +
    3   153  0   0.0%   0.351 UA:3    +
    8   145  0   0.0%   0.314 UA:3    +
   13   135  0   0.0%   0.047 UA:3    +
    3   152  0   0.0%   0.349 UG:3    +
   27    84  0   0.0%   0.510 CG:3    +
    6    78  0   0.0%   0.313 AU:3    +
   33   155  0   0.0%   0.543 UG:3    +
    5    13  0   0.0%   0.012 AU:3    +
   75   141  0   0.0%   0.152 UA:3    +
   78   138  0   0.0%   0.547 UA:3    +
    2   153  0   0.0%   0.276 UA:3    +
   88   143  0   0.0%   0.761 UA:3    +
   15    20  0   0.0%   0.009 GU:3    +
   74   142  0   0.0%   0.285 GU:3    +
  134   144  0   0.0%   0.536 UA:3    +
   28    83  0   0.0%   0.880 UG:3    +
   29   159  0   0.0%   1.067 AU:3    +
    6   147  0   0.0%   0.317 AU:3    +
   83   139  0   0.0%   0.233 GU:3    +
   73   143  0   0.0%   0.158 UA:3    +
   88   144  0   0.0%   0.849 UA:3    +
   25    76  1   0.0%   0.305 UG:1    UA:1    +
  135   139  0   0.0%   0.327 AU:3    +
   47    54  0   0.0%   0.005 UA:3    +
    2   151  0   0.0%   0.273 UA:3    +
   18   141  0   0.0%   0.331 UA:3    +
   20   144  0   0.0%   0.219 UA:3    +
    4   143  0   0.0%   0.335 UA:3    +
   14   134  0   0.0%   0.332 GU:3    +
   11   151  0   0.0%   0.118 UA:3    +
    3   144  0   0.0%   0.344 UA:3    +
   48    53  0   0.0%   0.005 UA:3    +
   89   139  0   0.0%   0.813 GU:3    +
   72   144  0   0.0%   0.130 UA:3    +
    4   151  0   0.0%   0.339 UA:3    +
    3   155  0   0.0%   0.352 UG:3    +
  145   157  0   0.0%   1.506 AU:3    +
   14   149  0   0.0%   0.352 GC:3    +
    9   139  0   0.0%   0.350 GU:3    +
   17   142  0   0.0%   0.336 GU:3    +
    5   142  0   0.0%   0.235 AU:3    +
   32    39  0   0.0%   0.145 UA:3    +
    2   156  0   0.0%   0.277 UA:3    +
   12    32  0   0.0%   0.203 AU:3    +
   26    78  0   0.0%   0.370 AU:3    +
  144   158  0   0.0%   0.920 AU:3    +
   84   140  0   0.0%   0.283 GU:3    +
  147   155  0   0.0%   1.622 UG:3    +
   13   145  0   0.0%   0.063 UA:3    +
   12   147  0   0.0%   0.093 AU:3    +
    4    38  0   0.0%   0.348 UG:3    +
   33    38  0   0.0%   0.150 UG:3    +
   53    59  0   0.0%   0.025 AU:3    +
    2   145  0   0.0%   0.271 UA:3    +
   15   107  0   0.0%   0.327 GC:3    +
   14   108  0   0.0%   0.329 GC:3    +
   17   105  0   0.0%   0.313 GC:3    +
   16   106  1   0.0%   0.314 CG:1    AU:1    +
   78    87  0   0.0%   0.755 UA:3    +
   13   109  0   0.0%   0.043 UA:3    +
    9   113  0   0.0%   0.347 GC:3    +
   35   159  0   0.0%   0.572 AU:3    +
  119   150  0   0.0%   0.520 GC:3    +
  120   149  0   0.0%   0.487 GC:3    +
  118   151  0   0.0%   0.352 UA:3    +
   27    83  0   0.0%   0.498 CG:3    +
   10   112  1   0.0%   0.116 UG:1    UA:1    +
  117   152  0   0.0%   0.267 CG:3    +
  152   158  0   0.0%   0.812 GU:3    +
    5    37  0   0.0%   0.229 AU:3    +
    3    39  0   0.0%   0.337 UA:3    +
  132   139  0   0.0%   0.299 AU:3    +
  131   140  0   0.0%   0.296 GU:3    +
  150   155  0   0.0%   1.057 CG:3    +
   18   104  0   0.0%   0.309 UG:3    +
   54    61  0   0.0%   0.007 AU:3    +
   75    80  0   0.0%   0.524 UA:3    +
  130   141  0   0.0%   0.233 UA:3    +
    8   114  0   0.0%   0.307 UA:3    +
  143   159  0   0.0%   0.556 AU:3    +
   14    27  0   0.0%   0.623 GC:3    +
   61    74  0   0.0%   0.226 UG:3    +
   55    60  0   0.0%   0.605 UA:3    +
   71   145  0   0.0%   0.466 UA:3    +
  153   157  0   0.0%   1.106 AU:3    +
    3    36  0   0.0%   0.434 UA:3    +
   87   140  0   0.0%   0.543 AU:3    +
   17    88  0   0.0%   0.311 GU:3    +
    4    35  0   0.0%   0.442 UA:3    +
   47    56  0   0.0%   0.005 UG:3    +
  134   138  0   0.0%   0.419 UA:3    +
  126   145  0   0.0%   1.318 UA:3    +
   13   152  0   0.0%   0.289 UG:3    +
    2    35  0   0.0%   0.164 UA:3    +
  127   144  0   0.0%   0.764 UA:3    +
    2     6  0   0.0%   0.003 UA:3    +
   21   152  0   0.0%   0.524 CG:3    +
   20   153  0   0.0%   0.537 UA:3    +
  110   118  0   0.0%   0.004 GU:3    +
   33    80  0   0.0%   0.754 UA:3    +
    1     7  1   0.0%   0.003 CG:1    UG:1    +
   22   151  0   0.0%   0.488 UA:3    +
  134   145  0   0.0%   1.071 UA:3    +
    2    14  0   0.0%   0.005 UG:3    +
    6   154  0   0.0%   0.327 AU:3    +
   24    86  0   0.0%   0.642 CG:3    +
    1    34  1   0.0%   0.032 CG:1    UA:1    +
   32    81  1   0.0%   0.507 UG:1    UA:1    +
   53    57  0   0.0%   0.159 AU:3    +
   36   158  0   0.0%   0.479 AU:3    +
    3    12  0   0.0%   0.003 UA:3    +
    5    32  0   0.0%   0.108 AU:3    +
    2    39  0   0.0%   0.264 UA:3    +
    3    38  0   0.0%   0.353 UG:3    +
   38    68  0   0.0%   0.026 GU:3    +
    2     9  0   0.0%   0.005 UG:3    +
  151   159  0   0.0%   0.737 AU:3    +
   11   111  0   0.0%   0.084 UG:3    +
   66   157  0   0.0%   0.425 AU:3    +
   97   127  0   0.0%   0.003 AU:3    +
   81   140  1   0.0%   0.040 GU:1    AU:1    +
   62    73  0   0.0%   0.092 GU:3    +
   17   157  0   0.0%   0.984 GU:3    +
    9   158  0   0.0%   0.758 GU:3    +
   18   156  0   0.0%   0.970 UA:3    +
    4   156  0   0.0%   0.365 UA:3    +
   45   149  0   0.0%   0.173 GC:3    +
   15   159  0   0.0%   0.848 GU:3    +
    5   157  0   0.0%   0.247 AU:3    +
   65   159  0   0.0%   0.465 GU:3    +
   35    78  0   0.0%   0.709 AU:3    +
   35    71  0   0.0%   0.119 AU:3    +
    5   147  0   0.0%   0.234 AU:3    +
   87   147  0   0.0%   1.429 AU:3    +
   18    87  0   0.0%   0.009 UA:3    +
    2    29  0   0.0%   0.007 UA:3    +
   26    33  0   0.0%   0.479 AU:3    +
    9    75  0   0.0%   0.340 GU:3    +
   36   159  0   0.0%   0.550 AU:3    +
   17    22  0   0.0%   0.581 GU:3    +
    6    11  0   0.0%   0.011 AU:3    +
   19   136  1   0.0%   0.280 GC:1    GU:1    +
   18   137  0   0.0%   0.313 UA:3    +
    8   141  0   0.0%   0.307 UA:3    +
   99   126  0   0.0%   0.002 AU:3    +
   21    96  0   0.0%   0.458 CG:3    +
   20    97  0   0.0%   0.187 UA:3    +
   38   159  0   0.0%   0.477 GU:3    +
   60    78  0   0.0%   1.129 AU:3    +
   22    95  0   0.0%   0.303 UA:3    +
   66    75  0   0.0%   0.234 AU:3    +
    3     9  0   0.0%   0.004 UG:3    +
  128   142  0   0.0%   0.268 GU:3    +
    6    13  0   0.0%   0.008 AU:3    +
  127   143  0   0.0%   0.675 UA:3    +
   22    86  0   0.0%   0.447 UG:3    +
   64    71  0   0.0%   0.083 AU:3    +
   38   150  0   0.0%   0.234 GC:3    +
   37   151  0   0.0%   0.234 UA:3    +
  126   144  0   0.0%   0.769 UA:3    +
   12    22  0   0.0%   0.008 AU:3    +
    8   152  0   0.0%   0.329 UG:3    +
    6   140  0   0.0%   0.310 AU:3    +
   69    74  0   0.0%   0.300 CG:3    +
   81   154  1   0.0%   0.559 GU:1    AU:1    +
   86   142  0   0.0%   0.485 GU:3    +
    8   138  0   0.0%   0.306 UA:3    +
   39   158  0   0.0%   0.463 AU:3    +
   55    81  1   0.0%   0.058 UG:1    UA:1    +
   92   139  0   0.0%   0.308 GU:3    +
   93   135  0   0.0%   0.030 UA:3    +
    8    12  0   0.0%   0.007 UA:3    +
   39   159  0   0.0%   0.507 AU:3    +
   69    89  0   0.0%   0.371 CG:3    +
   29    73  0   0.0%   0.227 AU:3    +
    8    36  0   0.0%   0.404 UA:3    +
   71    87  0   0.0%   0.310 UA:3    +
  147   151  0   0.0%   1.432 UA:3    +
   72   151  0   0.0%   0.329 UA:3    +
   75   155  0   0.0%   0.546 UG:3    +
   14   147  0   0.0%   0.347 GU:3    +
   54    59  0   0.0%   0.023 AU:3    +
   68    90  0   0.0%   0.099 UA:3    +
    9   140  0   0.0%   0.348 GU:3    +
   22    84  0   0.0%   0.293 UG:3    +
    2   152  0   0.0%   0.273 UG:3    +
   42    65  0   0.0%   0.060 UG:3    +
   72    86  0   0.0%   0.310 UG:3    +
   57    66  0   0.0%   0.234 UA:3    +
    5    75  0   0.0%   0.227 AU:3    +
   92    98  0   0.0%   0.002 GC:3    +
   36    73  0   0.0%   0.238 AU:3    +
   74   158  0   0.0%   0.761 GU:3    +
    9    33  0   0.0%   0.462 GU:3    +
   89   147  0   0.0%   1.518 GU:3    +
   22   141  0   0.0%   0.320 UA:3    +
    8    80  0   0.0%   0.308 UA:3    +
    3   151  0   0.0%   0.343 UA:3    +
   76   160  1   0.0%   0.744 GU:1    AU:1    +
  147   152  0   0.0%   1.345 UG:3    +
   11   156  0   0.0%   0.696 UA:3    +
   59    64  0   0.0%   0.053 UA:3    +
    9    24  0   0.0%   0.004 GC:3    +
   51    74  0   0.0%   0.330 CG:3    +
   54    71  0   0.0%   0.054 AU:3    +
   20    86  0   0.0%   0.007 UG:3    +
   30   159  0   0.0%   1.074 AU:3    +
   93    97  0   0.0%   0.001 UA:3    +
   66   159  0   0.0%   0.490 AU:3    +
   11   144  0   0.0%   0.109 UA:3    +
   27   152  0   0.0%   0.398 CG:3    +
   20   138  0   0.0%   0.193 UA:3    +
   20   135  0   0.0%   0.192 UA:3    +
  145   154  0   0.0%   1.470 AU:3    +
   57    80  0   0.0%   0.545 UA:3    +
   47    53  0   0.0%   0.001 UA:3    +
    9   159  0   0.0%   0.830 GU:3    +
   44    80  0   0.0%   0.370 UA:3    +
   30    72  0   0.0%   0.305 AU:3    +
   28   151  0   0.0%   0.893 UA:3    +
   43    81  1   0.0%   0.029 CG:1    UA:1    +
   75    90  0   0.0%   0.157 UA:3    +
   56    69  0   0.0%   0.181 GC:3    +
   49    76  1   0.0%   0.383 UG:1    UA:1    +
    5   140  0   0.0%   0.231 AU:3    +
    2    38  0   0.0%   0.282 UG:3    +
  106   123  1   0.0%   0.107 GU:1    UA:1    +
   12   157  0   0.0%   0.397 AU:3    +
   53    72  0   0.0%   0.063 AU:3    +
   18   155  0   0.0%   0.839 UG:3    +
   66    88  0   0.0%   0.372 AU:3    +
    4     9  0   0.0%   0.004 UG:3    +
  124   146  1   0.0%   0.790 GC:1    GU:1    +
   90   147  0   0.0%   0.985 AU:3    +
   89    98  0   0.0%   0.315 GC:3    +
    2    12  0   0.0%   0.002 UA:3    +
    4   141  0   0.0%   0.330 UA:3    +
   92   142  0   0.0%   0.259 GU:3    +
   21    38  0   0.0%   0.315 CG:3    +
  149   155  0   0.0%   1.020 CG:3    +
   20    39  0   0.0%   0.009 UA:3    +
   47    62  0   0.0%   0.356 UG:3    +
   86   134  0   0.0%   0.211 GU:3    +
   48    56  0   0.0%   0.003 UG:3    +
   75    81  1   0.0%   0.147 UG:1    UA:1    +
    6   139  0   0.0%   0.310 AU:3    +
    2   155  0   0.0%   0.275 UG:3    +
   48    54  0   0.0%   0.004 UA:3    +
    8   137  0   0.0%   0.305 UA:3    +
   13   143  0   0.0%   0.068 UA:3    +
   93   138  0   0.0%   0.152 UA:3    +
   21    83  0   0.0%   0.296 CG:3    +
   14   142  0   0.0%   0.354 GU:3    +
   22   143  0   0.0%   0.325 UA:3    +
  151   157  0   0.0%   0.912 AU:3    +
   32   153  0   0.0%   0.831 UA:3    +
   88    99  0   0.0%   0.268 UA:3    +
  152   157  0   0.0%   0.825 GU:3    +
   84   150  0   0.0%   1.089 GC:3    +
   80   140  0   0.0%   0.417 AU:3    +
  151   158  0   0.0%   0.895 AU:3    +
  103   121  1   0.0%   0.001 AU:1    UA:1    +
   20    89  0   0.0%   0.455 UG:3    +
   12    37  0   0.0%   0.066 AU:3    +
  132   142  0   0.0%   0.249 AU:3    +
   11    38  0   0.0%   0.100 UG:3    +
   73    81  1   0.0%   0.139 UG:1    UA:1    +
   41    83  0   0.0%   0.208 CG:3    +
    4   153  0   0.0%   0.341 UA:3    +
   13    36  0   0.0%   0.136 UA:3    +
   18    99  0   0.0%   0.305 UA:3    +
   78   155  0   0.0%   0.977 UG:3    +
   92   140  0   0.0%   0.306 GU:3    +
   33   152  0   0.0%   0.461 UG:3    +
  139   153  0   0.0%   1.106 UA:3    +
   65   158  0   0.0%   0.419 GU:3    +
   56    78  0   0.0%   0.667 GU:3    +
   53    61  0   0.0%   0.005 AU:3    +
  140   152  0   0.0%   0.866 UG:3    +
  115   154  0   0.0%   0.522 AU:3    +
   29    33  0   0.0%   0.350 AU:3    +
  138   154  0   0.0%   0.950 AU:3    +
   40    84  0   0.0%   0.218 UG:3    +
  101   127  0   0.0%   0.922 AU:3    +
   12    33  0   0.0%   0.187 AU:3    +
   69    83  0   0.0%   0.247 CG:3    +
   80    88  0   0.0%   0.663 AU:3    +
   66    72  0   0.0%   0.195 AU:3    +
   13   156  0   0.0%   0.511 UA:3    +
   81   139  1   0.0%   0.035 GU:1    AU:1    +
   32    36  0   0.0%   0.240 UA:3    +
   21   155  0   0.0%   0.599 CG:3    +
   30    73  0   0.0%   0.305 AU:3    +
  135   159  0   0.0%   0.572 AU:3    +
   20   156  0   0.0%   0.469 UA:3    +
   12    18  0   0.0%   0.007 AU:3    +
   26   154  0   0.0%   0.502 AU:3    +
   15   158  0   0.0%   0.775 GU:3    +
   83   147  0   0.0%   0.770 GU:3    +
    4    81  1   0.0%   0.334 UG:1    UA:1    +
   78    90  0   0.0%   0.563 UA:3    +
   13    17  0   0.0%   0.006 UG:3    +
   27    38  0   0.0%   0.345 CG:3    +
   64    72  0   0.0%   0.091 AU:3    +
   37    87  0   0.0%   0.229 UA:3    +
   47    89  0   0.0%   0.663 UG:3    +
    1    82  1   0.0%   0.050 CG:1    UA:1    +
   22    90  0   0.0%   0.330 UA:3    +
    2    81  1   0.0%   0.263 UG:1    UA:1    +
   54    78  0   0.0%   0.536 AU:3    +
   28    74  0   0.0%   0.346 UG:3    +
   93   141  0   0.0%   0.231 UA:3    +
    6   142  0   0.0%   0.311 AU:3    +
   87   134  0   0.0%   0.223 AU:3    +
   89   150  0   0.0%   1.267 GC:3    +
   67    77  1   0.0%   0.136 UG:1    UA:1    +
   56    61  0   0.0%   0.137 GU:3    +
   22   144  0   0.0%   0.326 UA:3    +
   36    88  0   0.0%   0.419 AU:3    +
   65    69  0   0.0%   0.099 GC:3    +
   66    78  0   0.0%   0.639 AU:3    +
   33    39  0   0.0%   0.129 UA:3    +
   17    41  0   0.0%   0.308 GC:3    +
   39    71  0   0.0%   0.130 AU:3    +
   44    90  0   0.0%   0.039 UA:3    +
   65    71  0   0.0%   0.104 GU:3    +
   17   150  0   0.0%   0.878 GC:3    +
   35    75  0   0.0%   0.270 AU:3    +
   82   146  1   0.0%   0.669 GU:1    AU:1    +
   14   159  0   0.0%   0.852 GU:3    +
   20    84  0   0.0%   0.007 UG:3    +
   65    73  0   0.0%   0.200 GU:3    +
   47    87  0   0.0%   0.528 UA:3    +
   46    92  0   0.0%   0.031 CG:3    +
   87    93  0   0.0%   0.220 AU:3    +
   46    56  0   0.0%   0.000 CG:3    +
    4   144  0   0.0%   0.333 UA:3    +
  130   151  0   0.0%   0.350 UA:3    +
  129   152  0   0.0%   0.261 CG:3    +
    3    80  0   0.0%   0.334 UA:3    +
  131   150  0   0.0%   0.519 GC:3    +
   71   152  0   0.0%   0.205 UG:3    +
   38    72  0   0.0%   0.128 GU:3    +
   13    30  0   0.0%   0.337 UA:3    +
   88    92  0   0.0%   0.267 UG:3    +
   15   140  0   0.0%   0.345 GU:3    +
   21    84  0   0.0%   0.294 CG:3    +
   24   152  0   0.0%   0.543 CG:3    +
  116   154  0   0.0%   0.522 AU:3    +
    3   145  0   0.0%   0.342 UA:3    +
   11   135  0   0.0%   0.083 UA:3    +
    3   143  0   0.0%   0.339 UA:3    +
  155   159  0   0.0%   0.938 GU:3    +
   11   145  0   0.0%   0.102 UA:3    +
   88   151  0   0.0%   1.253 UA:3    +
   47    90  0   0.0%   0.377 UA:3    +
   30    37  0   0.0%   0.307 AU:3    +
   15    22  0   0.0%   0.016 GU:3    +
    2   144  0   0.0%   0.267 UA:3    +
    9    40  0   0.0%   0.339 GU:3    +
   12   158  0   0.0%   0.418 AU:3    +
   75   153  0   0.0%   0.755 UA:3    +
   38   140  0   0.0%   0.087 GU:3    +
   39   139  0   0.0%   0.095 AU:3    +
   37   141  0   0.0%   0.067 UA:3    +
   12   159  0   0.0%   0.491 AU:3    +
   74   154  0   0.0%   0.688 GU:3    +
    6    37  0   0.0%   0.308 AU:3    +
    4    36  0   0.0%   0.425 UA:3    +
  126   156  0   0.0%   1.325 UA:3    +
  125   157  0   0.0%   0.585 AU:3    +
  127   155  0   0.0%   1.168 UG:3    +
   32    80  0   0.0%   0.849 UA:3    +
  147   156  0   0.0%   1.771 UA:3    +
   17   140  0   0.0%   0.332 GU:3    +
   45    57  0   0.0%   0.000 GU:3    +
  144   159  0   0.0%   0.760 AU:3    +
   40   138  0   0.0%   0.048 UA:3    +
   12   134  0   0.0%   0.069 AU:3    +
    9    18  0   0.0%   0.003 GU:3    +
  128   154  0   0.0%   0.544 GU:3    +
   81   158  1   0.0%   0.576 GU:1    AU:1    +
   78   143  0   0.0%   0.560 UA:3    +
  145   158  0   0.0%   1.487 AU:3    +
   36   142  0   0.0%   0.175 AU:3    +
   86   149  0   0.0%   1.061 GC:3    +
   35   157  0   0.0%   0.447 AU:3    +
  137   159  0   0.0%   0.900 AU:3    +
   14    73  0   0.0%   0.325 GU:3    +
   62    69  0   0.0%   0.052 GC:3    +
    4    74  0   0.0%   0.325 UG:3    +
   83   149  0   0.0%   0.477 GC:3    +
    9    41  0   0.0%   0.339 GC:3    +
   81   147  1   0.0%   0.568 GU:1    AU:1    +
   56    63  0   0.0%   0.141 GC:3    +
  142   151  0   0.0%   0.740 UA:3    +
   83   134  0   0.0%   0.213 GU:3    +
    1    76  1   0.0%   0.050 CG:1    UA:1    +
   32    38  0   0.0%   0.160 UG:3    +
    5    73  0   0.0%   0.226 AU:3    +
   48    90  0   0.0%   0.275 UA:3    +
   68    84  0   0.0%   0.269 UG:3    +
    4    26  0   0.0%   0.008 UA:3    +
   20    26  0   0.0%   0.360 UA:3    +
   57    62  0   0.0%   0.162 UG:3    +
  142   152  0   0.0%   0.653 UG:3    +
   26    32  0   0.0%   0.492 AU:3    +
   73    84  0   0.0%   0.348 UG:3    +
   51    83  0   0.0%   0.279 CG:3    +
   78   152  0   0.0%   0.891 UG:3    +
   71    83  0   0.0%   0.282 UG:3    +
   80   159  0   0.0%   1.020 AU:3    +
   32   145  0   0.0%   0.864 UA:3    +
   31   146  1   0.0%   0.676 GU:1    AU:1    +
    2    83  0   0.0%   0.269 UG:3    +
   14    20  0   0.0%   0.003 GU:3    +
   86   150  0   0.0%   1.094 GC:3    +
    8    35  0   0.0%   0.419 UA:3    +
   29   158  0   0.0%   0.989 AU:3    +
   13   144  0   0.0%   0.065 UA:3    +
   38   157  0   0.0%   0.357 GU:3    +
   29    72  0   0.0%   0.226 AU:3    +
    9   142  0   0.0%   0.349 GU:3    +
   33   144  0   0.0%   0.418 UA:3    +
   55    64  0   0.0%   0.045 UA:3    +
   73   152  0   0.0%   0.488 UG:3    +
  127   137  0   0.0%   0.862 UA:3    +
  126   138  0   0.0%   0.797 UA:3    +
  125   139  0   0.0%   0.323 AU:3    +
   30   147  0   0.0%   1.113 AU:3    +
    8   143  0   0.0%   0.308 UA:3    +
   73   155  0   0.0%   0.549 UG:3    +
   13   138  0   0.0%   0.045 UA:3    +
   28    35  0   0.0%   0.453 UA:3    +
    3    90  0   0.0%   0.338 UA:3    +
   78    84  0   0.0%   0.750 UG:3    +
    4    89  0   0.0%   0.330 UG:3    +
   35    40  0   0.0%   0.119 AU:3    +
   64   159  0   0.0%   0.442 AU:3    +
   11    35  0   0.0%   0.195 UA:3    +
   17   158  0   0.0%   1.004 GU:3    +
  138   158  0   0.0%   0.980 AU:3    +
   44    62  0   0.0%   0.000 UG:3    +
   12   139  0   0.0%   0.073 AU:3    +
    9    37  0   0.0%   0.340 GU:3    +
   88    95  0   0.0%   0.267 UA:3    +
   29    37  0   0.0%   0.228 AU:3    +
    4    15  0   0.0%   0.011 UG:3    +
    9    13  0   0.0%   0.006 GU:3    +
   30   157  0   0.0%   0.976 AU:3    +
  122   146  1   0.0%   0.703 GU:1    AU:1    +
   13   137  0   0.0%   0.045 UA:3    +
   36    75  0   0.0%   0.247 AU:3    +
   11   141  0   0.0%   0.086 UA:3    +
    6    18  0   0.0%   0.005 AU:3    +
   15   142  0   0.0%   0.346 GU:3    +
   14    44  0   0.0%   0.325 GU:3    +
  132   140  0   0.0%   0.296 AU:3    +
   18    92  0   0.0%   0.305 UG:3    +
   18    86  0   0.0%   0.007 UG:3    +
    3    14  0   0.0%   0.002 UG:3    +
   12    20  0   0.0%   0.007 AU:3    +
    6    72  0   0.0%   0.307 AU:3    +
    2   143  0   0.0%   0.267 UA:3    +
   69   152  0   0.0%   0.169 CG:3    +
   24    89  0   0.0%   0.767 CG:3    +
    4    39  0   0.0%   0.327 UA:3    +
   12   140  0   0.0%   0.072 AU:3    +
   37    74  0   0.0%   0.270 UG:3    +
   45   147  0   0.0%   0.411 GU:3    +
    8    15  0   0.0%   0.004 UG:3    +
   68   153  0   0.0%   0.454 UA:3    +
   48    89  0   0.0%   0.560 UG:3    +
   72   153  0   0.0%   0.734 UA:3    +
   69    84  0   0.0%   0.254 CG:3    +
   72   156  0   0.0%   0.662 UA:3    +
   14   139  0   0.0%   0.330 GU:3    +
   27   155  0   0.0%   0.472 CG:3    +
   30    71  0   0.0%   0.305 AU:3    +
    8    39  0   0.0%   0.305 UA:3    +
   22    83  0   0.0%   0.294 UG:3    +
    6    75  0   0.0%   0.307 AU:3    +
  147   153  0   0.0%   1.623 UA:3    +
   78   151  0   0.0%   1.002 UA:3    +
   28    38  0   0.0%   0.358 UG:3    +
   59    80  0   0.0%   0.425 UA:3    +
    2    15  0   0.0%   0.004 UG:3    +
   47   145  0   0.0%   0.721 UA:3    +
   38    73  0   0.0%   0.154 GU:3    +
   45    61  0   0.0%   0.000 GU:3    +
    8   135  0   0.0%   0.305 UA:3    +
   66    73  0   0.0%   0.222 AU:3    +
    9    21  0   0.0%   0.003 GC:3    +
   15    28  0   0.0%   0.653 GU:3    +
    8   144  0   0.0%   0.308 UA:3    +
    4   137  0   0.0%   0.330 UA:3    +
    2    17  0   0.0%   0.007 UG:3    +
   81   159  1   0.0%   0.424 GU:1    AU:1    +
   39    72  0   0.0%   0.139 AU:3    +
   33    81  1   0.0%   0.409 UG:1    UA:1    +
   27    92  0   0.0%   0.332 CG:3    +
   75    83  0   0.0%   0.339 UG:3    +
   26    93  0   0.0%   0.365 AU:3    +
   22   153  0   0.0%   0.641 UA:3    +
   15   154  0   0.0%   0.622 GU:3    +
   90   159  0   0.0%   0.603 AU:3    +
   36    40  0   0.0%   0.104 AU:3    +
   17   159  0   0.0%   1.077 GU:3    +
   75    84  0   0.0%   0.346 UG:3    +
    5    88  0   0.0%   0.230 AU:3    +
   11   138  0   0.0%   0.088 UA:3    +
    9    69  0   0.0%   0.339 GC:3    +
   26    37  0   0.0%   0.356 AU:3    +
   11    15  0   0.0%   0.010 UG:3    +
   18   151  0   0.0%   0.881 UA:3    +
   72    80  0   0.0%   0.477 UA:3    +
   37    66  0   0.0%   0.002 UA:3    +
    3   138  0   0.0%   0.339 UA:3    +
    9    98  0   0.0%   0.343 GC:3    +
    4   115  0   0.0%   0.330 UA:3    +
    8    17  0   0.0%   0.003 UG:3    +
   48   144  0   0.0%   0.269 UA:3    +
   15   147  0   0.0%   0.339 GU:3    +
   48    86  0   0.0%   0.381 UG:3    +
   11    89  0   0.0%   0.082 UG:3    +
   96   130  0   0.0%   0.001 GU:3    +
  133   148  1   0.0%   0.410 UG:1    UA:1    +
   89   149  0   0.0%   1.234 GC:3    +
   15    72  0   0.0%   0.323 GU:3    +
    8    99  0   0.0%   0.304 UA:3    +
   17   134  0   0.0%   0.312 GU:3    +
   60    71  0   0.0%   0.641 AU:3    +
   14    18  0   0.0%   0.004 GU:3    +
   33   156  0   0.0%   0.670 UA:3    +
    3   116  0   0.0%   0.338 UA:3    +
   74    78  0   0.0%   0.786 GU:3    +
    9   134  0   0.0%   0.345 GU:3    +
   22    89  0   0.0%   0.591 UG:3    +
   18   132  0   0.0%   0.306 UA:3    +
   13    90  0   0.0%   0.039 UA:3    +
  142   156  0   0.0%   1.084 UA:3    +
   84   134  0   0.0%   0.220 GU:3    +
   11    17  0   0.0%   0.009 UG:3    +
   53   140  0   0.0%   0.022 AU:3    +
   13   155  0   0.0%   0.382 UG:3    +
   54   139  0   0.0%   0.018 AU:3    +
   11    81  1   0.0%   0.087 UG:1    UA:1    +
   35    68  0   0.0%   0.117 AU:3    +
   59    66  0   0.0%   0.099 UA:3    +
  141   157  0   0.0%   0.967 AU:3    +
    1    77  1   0.0%   0.050 CG:1    UA:1    +
   93   145  0   0.0%   0.670 UA:3    +
   12    88  0   0.0%   0.068 AU:3    +
    1   148  1   0.0%   0.052 CG:1    UA:1    +
    3   115  0   0.0%   0.338 UA:3    +
   75    89  0   0.0%   0.442 UG:3    +
    3    17  0   0.0%   0.006 UG:3    +
   32    87  0   0.0%   0.672 UA:3    +
    5   160  1   0.5%   0.659 AU:2    +
   50    59  1   0.3%   0.221 AU:2    +
   85   138  1   0.3%   0.108 UA:2    +
   87   136  1   0.3%   0.280 AU:2    +
   39    67  1   0.3%   0.054 AU:2    +
   10    30  1   0.3%   0.389 UA:2    +
   50    55  1   0.2%   0.034 AU:2    +
  133   144  1   0.2%   0.165 UA:2    +
   16    25  1   0.2%   0.599 AU:2    +
   10   144  1   0.1%   0.145 UA:2    +
   23    86  1   0.1%   0.628 CG:2    +
   91   142  1   0.1%   0.487 AU:2    +
   79   143  1   0.1%   0.499 UA:2    +
   16    28  1   0.1%   0.651 AU:2    +
   19    25  1   0.1%   0.307 GU:2    +
    6   160  1   0.1%   0.647 AU:2    +
   91   139  1   0.1%   0.524 AU:2    +
   19   142  1   0.1%   0.304 GU:2    +
    5    79  1   0.1%   0.238 AU:2    +
   16    20  1   0.1%   0.016 AU:2    +
  136   145  1   0.1%   1.164 UA:2    +
    7   149  1   0.0%   0.252 GC:2    +
    6    10  1   0.0%   0.011 AU:2    +
   16   140  1   0.0%   0.333 AU:2    +
   19   147  1   0.0%   0.693 GU:2    +
  135   146  1   0.0%   0.890 AU:2    +
   17    23  1   0.0%   0.582 GC:2    +
  136   144  1   0.0%   0.621 UA:2    +
    2    16  1   0.0%   0.010 UA:2    +
   12   136  1   0.0%   0.075 AU:2    +
    7   146  1   0.0%   0.247 GU:2    +
   10    29  1   0.0%   0.270 UA:2    +
   26    85  1   0.0%   0.369 AU:2    +
   26    79  1   0.0%   0.372 AU:2    +
   10   138  1   0.0%   0.120 UA:2    +
  102   123  1   0.0%   0.006 UA:2    +
   79   137  1   0.0%   0.460 UA:2    +
   90   133  1   0.0%   0.035 AU:2    +
   91   140  1   0.0%   0.521 AU:2    +
  146   156  1   0.0%   1.659 UA:2    +
  137   146  1   0.0%   0.961 AU:2    +
   80   136  1   0.0%   0.406 AU:2    +
  151   160  1   0.0%   0.407 AU:2    +
   18    91  1   0.0%   0.307 UA:2    +
   85   137  1   0.0%   0.054 UA:2    +
  141   146  1   0.0%   1.333 AU:2    +
   12   146  1   0.0%   0.089 AU:2    +
   80    85  1   0.0%   0.442 AU:2    +
   19   140  1   0.0%   0.293 GU:2    +
   52    60  1   0.0%   0.598 UA:2    +
  133   138  1   0.0%   0.165 UA:2    +
   10   151  1   0.0%   0.146 UA:2    +
  125   146  1   0.0%   0.735 AU:2    +
   80   146  1   0.0%   0.891 AU:2    +
    7   150  1   0.0%   0.248 GC:2    +
   36   160  1   0.0%   0.209 AU:2    +
  124   147  1   0.0%   0.857 GU:2    +
   19   154  1   0.0%   0.424 GU:2    +
   79   145  1   0.0%   1.038 UA:2    +
  105   124  1   0.0%   0.089 CG:2    +
   16   158  1   0.0%   0.966 AU:2    +
   16    88  1   0.0%   0.310 AU:2    +
   85   144  1   0.0%   0.295 UA:2    +
    6   146  1   0.0%   0.311 AU:2    +
   19   134  1   0.0%   0.276 GU:2    +
   85   143  1   0.0%   0.209 UA:2    +
   19    98  1   0.0%   0.273 GC:2    +
   67   156  1   0.0%   0.339 UA:2    +
   19   139  1   0.0%   0.288 GU:2    +
   10   145  1   0.0%   0.130 UA:2    +
   90   146  1   0.0%   0.920 AU:2    +
   35   160  1   0.0%   0.230 AU:2    +
   19    24  1   0.0%   0.316 GC:2    +
  153   160  1   0.0%   0.615 AU:2    +
   16   142  1   0.0%   0.329 AU:2    +
   70    88  1   0.0%   0.324 AU:2    +
   85   135  1   0.0%   0.051 UA:2    +
   85   145  1   0.0%   0.665 UA:2    +
   50    61  1   0.0%   0.185 AU:2    +
   49    54  1   0.0%   0.003 UA:2    +
  135   160  1   0.0%   0.240 AU:2    +
  146   153  1   0.0%   1.510 UA:2    +
   50    75  1   0.0%   0.278 AU:2    +
   55    70  1   0.0%   0.061 UA:2    +
  133   141  1   0.0%   0.244 UA:2    +
   16   139  1   0.0%   0.321 AU:2    +
  123   147  1   0.0%   0.834 AU:2    +
   29   160  1   0.0%   0.736 AU:2    +
   49    53  1   0.0%   0.002 UA:2    +
   19    40  1   0.0%   0.009 GU:2    +
   11    16  1   0.0%   0.009 UA:2    +
    5    10  1   0.0%   0.000 AU:2    +
   14    23  1   0.0%   0.012 GC:2    +
   25    80  1   0.0%   0.300 UA:2    +
   39    85  1   0.0%   0.083 AU:2    +
   10   135  1   0.0%   0.114 UA:2    +
   10    39  1   0.0%   0.110 UA:2    +
  133   145  1   0.0%   0.692 UA:2    +
   16   157  1   0.0%   0.943 AU:2    +
   79   141  1   0.0%   0.473 UA:2    +
   23    89  1   0.0%   0.746 CG:2    +
   85    90  1   0.0%   0.074 UA:2    +
   19   157  1   0.0%   0.555 GU:2    +
  146   151  1   0.0%   1.318 UA:2    +
   79   153  1   0.0%   1.112 UA:2    +
   53    79  1   0.0%   0.420 AU:2    +
   47    91  1   0.0%   0.351 UA:2    +
   40    70  1   0.0%   0.089 UA:2    +
   79   156  1   0.0%   1.486 UA:2    +
   86    94  1   0.0%   0.208 GC:2    +
   79   151  1   0.0%   0.903 UA:2    +
   16   159  1   0.0%   1.038 AU:2    +
  133   143  1   0.0%   0.048 UA:2    +
   67    87  1   0.0%   0.227 UA:2    +
   11    19  1   0.0%   0.007 UG:2    +
    8    16  1   0.0%   0.003 UA:2    +
   25   151  1   0.0%   0.650 UA:2    +
   30   160  1   0.0%   0.745 AU:2    +
   23    83  1   0.0%   0.293 CG:2    +
   36    67  1   0.0%   0.102 AU:2    +
   10    35  1   0.0%   0.225 UA:2    +
  124   158  1   0.0%   0.626 GU:2    +
   16    42  1   0.0%   0.309 AU:2    +
   64   160  1   0.0%   0.100 AU:2    +
   91   147  1   0.0%   1.002 AU:2    +
   89    94  1   0.0%   0.314 GC:2    +
    5    25  1   0.0%   0.008 AU:2    +
  123   159  1   0.0%   0.452 AU:2    +
   16   134  1   0.0%   0.313 AU:2    +
   19    27  1   0.0%   0.331 GC:2    +
    6    79  1   0.0%   0.313 AU:2    +
   44    91  1   0.0%   0.013 UA:2    +
   25    30  1   0.0%   0.598 UA:2    +
  121   147  1   0.0%   0.807 AU:2    +
  156   160  1   0.0%   0.747 AU:2    +
   66   160  1   0.0%   0.148 AU:2    +
   85   151  1   0.0%   0.766 UA:2    +
   16    93  1   0.0%   0.309 AU:2    +
   10    36  1   0.0%   0.209 UA:2    +
    3    16  1   0.0%   0.006 UA:2    +
  143   160  1   0.0%   0.222 AU:2    +
   13    19  1   0.0%   0.003 UG:2    +
  124   140  1   0.0%   0.378 GU:2    +
   61    70  1   0.0%   0.049 UA:2    +
  132   146  1   0.0%   0.707 AU:2    +
   77    85  1   0.0%   0.162 AU:2    +
   10   141  1   0.0%   0.117 UA:2    +
  133   137  1   0.0%   0.234 UA:2    +
   60    79  1   0.0%   1.041 AU:2    +
   12   160  1   0.0%   0.163 AU:2    +
    4    16  1   0.0%   0.010 UA:2    +
    2    91  1   0.0%   0.267 UA:2    +
    7   136  1   0.0%   0.239 GU:2    +
    6    25  1   0.0%   0.005 AU:2    +
    8    70  1   0.0%   0.303 UA:2    +
    5   136  1   0.0%   0.230 AU:2    +
   32    70  1   0.0%   0.139 UA:2    +
   28    91  1   0.0%   0.711 UA:2    +
   23   152  1   0.0%   0.522 CG:2    +
   10    16  1   0.0%   0.006 UA:2    +
   25    29  1   0.0%   0.519 UA:2    +
   87   133  1   0.0%   0.221 AU:2    +
   70    78  1   0.0%   0.580 AU:2    +
   19   150  1   0.0%   0.449 GC:2    +
   10    97  1   0.0%   0.112 UA:2    +
    7    41  1   0.0%   0.239 GC:2    +
   35    67  1   0.0%   0.117 AU:2    +
    7    51  1   0.0%   0.239 GC:2    +
    8    50  1   0.0%   0.303 UA:2    +
   67    90  1   0.0%   0.046 UA:2    +
   70   147  1   0.0%   0.463 AU:2    +
   70    79  1   0.0%   0.493 AU:2    +
   80   160  1   0.0%   0.687 AU:2    +
....((((....(((((((((.(((.......(((((((..(((((...((....))....))))).))))))).......))).)))..((((((.(((.((..(((((......)))))..)))))))))))..........))).)))....)))).
