6 sequence; length of alignment 161
alifold output
   12    24  0  99.8%   0.007 CG:3    GU:1    UG:1    AU:1   
   53    83  0  99.9%   0.004 GC:4    GU:2   
   13    23  0  99.8%   0.006 CG:5    UA:1   
   55    81  0  99.9%   0.005 CG:6   
   54    82  0  99.9%   0.006 UA:6   
   61    71  0  99.5%   0.016 CG:6   
   62    70  1  99.5%   0.016 CG:3    UG:2   
   51    85  0  99.4%   0.023 AU:6   
   52    84  1  99.7%   0.014 UA:5   
    5    30  0  98.2%   0.060 AU:6   
    6    29  1  97.4%   0.082 UG:3    UA:2   
   60    72  2  97.7%   0.070 UG:4   
    4    31  2  97.7%   0.073 UA:4   
   50    86  3  97.5%   0.096 UA:3   
   63    69  0  96.5%   0.108 AU:6   
   59    73  1  96.3%   0.117 GU:1    AU:4   
    3    32  1  96.3%   0.113 GU:1    AU:4   
   11    25  0  95.7%   0.131 GU:5    --:1   
    2    33  0  93.4%   0.195 GU:1    AU:5   
   56    80  2  93.9%   0.326 UG:1    AU:2    UA:1   
   49    87  0  92.2%   0.279 UG:1    UA:5   
    7    28  0  90.5%   0.277 AU:6   
   58    74  2  90.8%   0.279 AU:4   
   57    79  3  90.7%   0.275 GC:3   
   14    21  1  81.0%   0.518 UA:5   
  141   156  0  74.8%   1.234 GC:5    GU:1    +
    1    34  1  76.1%   0.624 UA:5   
  142   155  1  74.9%   1.233 GC:3    GU:2    +
  138   159  1  74.4%   1.397 GC:5    +
  137   160  1  74.3%   1.423 GC:5    +
  143   154  1  70.3%   0.855 UA:5    +
    8    27  2  69.2%   0.772 AU:4   
   48    88  3  68.5%   0.870 UA:3   
  139   158  2  66.0%   1.678 GU:1    AU:3    +
   64    68  0  61.3%   0.906 AU:6   
  136   161  0  58.2%   1.661 AU:1    UA:5    +
  121   129  0  50.7%   2.146 CG:6   
   10    26  2  49.9%   1.049 GU:1    UA:3    +
  122   128  2  48.8%   1.602 UG:1    AU:2    UA:1   
  120   130  0  47.0%   1.912 AU:6   
  144   153  0  41.1%   1.823 GU:6    +
  145   151  0  36.3%   1.362 AU:6    +
  123   127  0  34.8%   1.865 AU:6   
  146   150  1  33.4%   1.888 CG:2    UG:3    +
  144   152  1  32.3%   1.472 GC:3    GU:2    +
   39   106  0  26.4%   1.147 AU:6    +
   37   108  0  26.4%   1.510 AU:6    +
   36   109  0  26.3%   1.505 CG:6    +
   38   107  2  26.4%   1.122 GU:2    AU:2    +
   40   105  0  25.9%   1.206 AU:6    +
  111   138  0  22.8%   1.973 UG:5    UA:1   
  107   142  0  21.7%   1.925 CG:2    UG:3    UA:1   
  110   139  1  22.9%   1.753 CG:1    UA:4   
  112   137  1  22.7%   1.864 CG:5   
   99   150  0  22.0%   2.016 CG:6   
   43   101  0  22.0%   1.414 AU:6    +
  108   141  0  21.9%   2.234 UG:6   
  101   148  0  21.9%   2.322 UA:6   
   41   104  2  22.5%   1.156 UA:4    +
  109   140  1  22.2%   2.448 GU:5   
   44   100  2  22.3%   1.590 UA:4    +
   45    99  0  21.7%   1.612 GC:6    +
   95   158  0  19.4%   1.649 UG:1    AU:4    UA:1   
    9    27  2  22.0%   1.260 GU:4    +
  100   149  2  22.0%   2.012 AU:4   
   94   159  0  20.1%   1.953 GC:6   
   93   160  0  20.1%   2.099 GC:6   
   46    91  0  20.1%   1.262 UA:6    +
   36   102  0  19.8%   1.092 CG:6    +
  102   147  3  19.9%   1.801 GC:1    GU:2   
   37   101  0  18.8%   1.082 AU:6    +
   35   103  0  18.1%   0.984 UA:6    +
   44    93  0  16.4%   1.123 CG:2    UG:4    +
   45    92  3  18.0%   1.200 GU:3    +
  113   136  3  17.0%   1.655 AU:2    UA:1   
  117   129  0  16.4%   2.103 CG:6    +
  116   130  0  16.4%   1.871 AU:6    +
  109   117  0  15.3%   2.038 GC:6    +
  110   116  2  14.8%   1.576 UA:4    +
  103   146  3  14.8%   1.464 AU:3   
  108   118  0  13.6%   1.838 UA:6    +
  115   131  3  14.3%   1.986 AU:3    +
  112   134  2  13.7%   1.635 CG:4    +
   47    90  3  13.6%   1.093 UA:3    +
  113   133  3  13.0%   1.433 UA:3    +
   92   161  2  11.8%   1.870 AU:1    UA:3   
  111   115  0  11.2%   1.576 UA:6    +
  111   135  1  11.1%   1.664 UA:5    +
   93    99  0  10.0%   1.464 GC:6    +
   99   125  0   9.5%   1.392 CG:6    +
  100   124  0   9.5%   1.437 AU:6    +
   92   100  3   9.4%   1.550 UA:3    +
  109   114  0   8.6%   1.445 GC:6    +
  108   115  0   8.5%   1.281 UA:6    +
   91   101  0   8.5%   1.796 AU:6    +
   45   117  0   8.3%   1.598 GC:6    +
   46   116  0   8.1%   1.463 UA:6    +
  101   123  0   7.9%   1.617 UA:6    +
  117   125  0   6.9%   1.482 CG:6    +
  118   124  0   6.7%   1.625 AU:6    +
   44   118  2   7.2%   1.503 UA:4    +
  107   116  2   7.1%   1.194 UA:4    +
    8    28  1   6.7%   0.896 AU:5    +
  113   128  1   5.6%   0.807 UG:1    AU:2    UA:2    +
  112   129  0   6.0%   1.212 CG:6    +
   46    90  0   5.8%   0.607 UA:6    +
  102   121  0   5.7%   1.117 GC:6    +
   96   129  0   5.7%   0.833 CG:6    +
   93   156  0   4.4%   1.402 GC:5    GU:1    +
   94   155  0   4.4%   1.257 GC:4    GU:2    +
  102   112  0   5.0%   1.107 GC:6    +
  103   111  0   5.0%   1.067 AU:6    +
   93   112  0   5.0%   1.127 GC:6    +
   95   130  2   5.6%   0.978 AU:4    +
   94   111  0   4.9%   0.901 GU:6    +
   47   115  3   5.6%   1.120 UA:3    +
   96   109  0   4.8%   0.937 CG:6    +
   92   113  1   4.3%   1.175 GU:1    AU:2    UA:2    +
  105   118  0   4.6%   1.144 UA:6    +
  105   144  0   4.5%   1.270 UG:6    +
  119   123  2   5.0%   1.084 UA:4    +
   43   119  2   4.8%   0.888 AU:4    +
   95   110  3   4.9%   0.640 AU:3    +
  108   132  0   3.0%   1.363 UG:1    UA:5    +
   94   131  2   4.3%   1.174 GC:1    GU:3    +
  104   110  2   4.4%   0.964 AU:4    +
   56    76  2   4.4%   0.419 UA:4    +
  104   119  2   4.3%   1.105 AU:4    +
   94    98  1   4.1%   0.743 GU:5    +
  120   127  0   3.5%   0.692 AU:6    +
   47    94  2   3.8%   0.967 CG:1    UG:3    +
  119   128  2   3.7%   1.149 UG:1    UA:3    +
   45    96  0   3.3%   0.843 GC:6    +
  107   134  1   2.8%   1.209 CG:2    UG:2    UA:1    +
   92   157  3   3.8%   1.360 GU:1    AU:2    +
   46    95  2   3.9%   1.093 UA:4    +
   36    45  0   2.9%   0.336 CG:6    +
  106   134  1   2.9%   0.842 UG:4    UA:1    +
  105   109  0   2.8%   1.327 UG:6    +
  108   133  0   2.8%   1.525 UA:6    +
   44    94  0   1.7%   0.737 CG:2    UG:4    +
  114   125  0   2.6%   0.883 CG:6    +
  115   124  0   2.5%   1.281 AU:6    +
  105   145  0   2.4%   1.272 UA:6    +
  109   131  2   2.7%   1.814 GC:1    GU:3    +
  107   133  2   3.0%   1.003 UA:4    +
  105   135  1   2.7%   1.029 UA:5    +
  106   144  0   2.2%   1.138 UG:6    +
  107   138  0   0.2%   0.903 CG:2    UG:3    UA:1    +
  107   137  0   0.1%   0.882 CG:2    UG:3    UA:1    +
   94   112  0   2.1%   0.961 GC:6    +
  126   138  0   0.0%   0.460 CG:4    UG:1    UA:1    +
   44   137  0   0.0%   1.167 CG:2    UG:3    UA:1    +
    9   119  0   0.0%   0.345 GC:2    GU:2    AU:2    +
  119   142  0   0.0%   1.134 CG:2    UG:3    UA:1    +
  126   137  0   0.0%   0.481 CG:4    UG:1    UA:1    +
   32    38  0   0.0%   0.057 CG:1    UG:1    UA:4    +
   56   128  0   0.0%   0.242 UG:1    AU:2    UA:3    +
   23   107  0   0.0%   0.007 GC:2    GU:3    AU:1    +
   11   119  0   0.0%   0.051 GC:2    GU:3    AU:1    +
  110   137  0   0.0%   0.710 CG:2    UG:3    UA:1    +
    9    32  0   0.0%   0.386 GC:1    GU:3    AU:2    +
  119   137  0   0.0%   1.120 CG:2    UG:3    UA:1    +
   23   126  0   0.0%   0.027 GC:4    GU:1    AU:1    +
  119   138  0   0.0%   1.097 CG:2    UG:3    UA:1    +
  134   140  0   0.0%   1.072 GU:4    UG:1    AU:1    +
   32   142  0   0.0%   0.097 CG:1    UG:4    UA:1    +
   41   137  0   0.0%   0.561 CG:2    UG:3    UA:1    +
   29   136  0   0.0%   0.054 GU:3    AU:2    UA:1    +
    9   107  0   0.0%   0.339 GC:2    GU:2    AU:2    +
   32   138  0   0.0%   0.096 CG:1    UG:4    UA:1    +
  106   135  1   2.5%   1.000 UA:5    +
   46    92  3   2.4%   1.231 UG:1    UA:2    +
  119   125  0   0.9%   1.188 CG:2    UG:4    +
   41    45  0   0.8%   0.284 CG:2    UG:4    +
  121   125  0   1.8%   1.081 CG:6    +
  101   139  0   0.7%   1.294 UG:1    UA:5    +
   91   158  2   2.4%   0.995 AU:4    +
   37    44  2   2.3%   0.302 AU:4    +
   44   129  0   0.7%   1.257 CG:2    UG:4    +
   48    93  0   1.5%   0.958 UG:6    +
  115   127  0   1.4%   0.994 AU:6    +
    4   125  0   0.4%   0.098 CG:2    UG:4    +
    2   127  0   0.4%   0.133 GU:1    AU:5    +
   48    90  0   1.4%   0.955 UA:6    +
   41   109  0   0.4%   0.892 CG:2    UG:4    +
   47    91  3   2.1%   0.970 UA:3    +
   38    48  0   0.3%   0.099 GU:2    AU:4    +
  104   136  1   1.8%   0.925 AU:5    +
   50    87  0   0.3%   0.187 UG:1    UA:5    +
   47   134  1   0.3%   0.879 CG:1    GU:1    UG:2    UA:1    +
   97   129  0   1.3%   0.531 CG:6    +
   48    87  0   0.3%   0.100 UG:1    UA:5    +
   97   102  0   1.3%   0.535 CG:6    +
   95   111  2   1.9%   0.726 AU:4    +
   99   109  0   1.2%   1.328 CG:6    +
  100   108  0   1.2%   1.166 AU:6    +
  101   142  0   0.2%   1.296 UG:5    UA:1    +
   15    19  0   0.2%   0.042 UG:2    UA:4    +
  118   127  0   1.2%   1.122 AU:6    +
  110   129  0   0.2%   0.996 CG:2    UG:4    +
  111   139  0   0.2%   1.704 UG:1    UA:5    +
   41   129  0   0.2%   0.572 CG:2    UG:4    +
   97   109  0   1.2%   0.750 CG:6    +
  108   137  0   0.2%   1.224 UG:5    UA:1    +
   41   102  0   0.2%   0.474 CG:2    UG:4    +
   49   132  0   0.2%   0.271 UG:1    UA:5    +
    3   130  0   0.1%   0.097 GU:1    AU:5    +
  139   157  0   0.1%   0.602 GU:1    AU:5    +
  106   139  0   0.1%   0.758 UG:1    UA:5    +
    4   129  0   0.1%   0.082 CG:2    UG:4    +
    1   132  0   0.1%   0.260 UG:1    UA:5    +
   41    93  0   0.1%   0.128 CG:2    UG:4    +
  137   157  0   0.1%   0.587 GU:5    AU:1    +
  105   139  0   0.1%   0.852 UG:1    UA:5    +
  106   138  0   0.1%   0.704 UG:5    UA:1    +
  107   144  0   0.1%   1.500 CG:2    UG:4    +
   41    94  0   0.1%   0.132 CG:2    UG:4    +
   44   102  0   0.1%   1.266 CG:2    UG:4    +
   94   126  0   0.1%   0.710 GC:4    GU:2    +
   32   129  0   0.1%   0.121 CG:1    UG:5    +
   44   125  0   0.1%   1.201 CG:2    UG:4    +
  102   126  0   0.1%   0.824 GC:4    GU:2    +
   46    87  0   0.1%   0.091 UG:1    UA:5    +
   66    72  0   0.1%   0.048 UG:5    UA:1    +
   93   114  0   1.1%   1.026 GC:6    +
  109   121  0   1.1%   1.564 GC:6    +
   38    49  0   0.1%   0.073 GU:2    AU:4    +
  111   132  0   0.1%   0.884 UG:1    UA:5    +
  102   107  0   0.1%   0.834 GC:2    GU:4    +
  105   142  0   0.1%   0.862 UG:5    UA:1    +
  119   129  0   0.1%   1.456 CG:2    UG:4    +
  109   119  0   0.0%   1.563 GC:2    GU:4    +
  108   142  0   0.0%   1.921 UG:5    UA:1    +
  106   142  0   0.0%   0.759 UG:5    UA:1    +
  109   126  0   0.0%   1.334 GC:4    GU:2    +
  107   141  0   0.0%   0.922 CG:2    UG:4    +
  110   125  0   0.0%   0.969 CG:2    UG:4    +
  111   142  0   0.0%   1.686 UG:5    UA:1    +
   23   127  0   0.0%   0.036 GU:5    AU:1    +
   19   130  0   0.0%   0.037 GU:2    AU:4    +
  139   151  0   0.0%   0.485 GU:1    AU:5    +
  137   153  0   0.0%   0.462 GU:5    AU:1    +
   41   125  0   0.0%   0.580 CG:2    UG:4    +
  127   137  0   0.0%   1.116 UG:5    UA:1    +
   94   156  0   0.0%   1.128 GC:5    GU:1    +
   45   126  0   0.0%   1.234 GC:4    GU:2    +
   38   106  0   0.0%   0.070 GU:2    AU:4    +
   14    19  0   0.0%   0.011 UG:2    UA:4    +
  101   132  0   0.0%   1.260 UG:1    UA:5    +
    3    35  0   0.0%   0.050 GU:1    AU:5    +
  150   156  0   0.0%   1.143 GC:5    GU:1    +
   83   109  0   0.0%   0.385 CG:4    UG:2    +
   45   119  0   0.0%   1.347 GC:2    GU:4    +
   87   106  0   0.0%   0.488 GU:1    AU:5    +
  124   132  0   0.0%   0.879 UG:1    UA:5    +
    3    30  0   0.0%   0.008 GU:1    AU:5    +
   93   126  0   0.0%   0.963 GC:4    GU:2    +
  141   155  0   0.0%   0.582 GC:4    GU:2    +
    3    33  0   0.0%   0.109 GU:1    AU:5    +
    9    25  0   0.0%   0.008 GU:4    AU:1    --:1    +
  124   139  0   0.0%   1.074 UG:1    UA:5    +
  108   138  0   0.0%   1.217 UG:5    UA:1    +
   94   107  0   0.0%   0.803 GC:2    GU:4    +
    9    28  0   0.0%   0.615 GU:4    AU:2    +
    2    28  0   0.0%   0.004 GU:1    AU:5    +
   38    46  0   0.0%   0.023 GU:2    AU:4    +
  144   156  0   0.0%   1.423 GC:5    GU:1    +
  102   119  0   0.0%   0.790 GC:2    GU:4    +
   46   132  0   0.0%   1.122 UG:1    UA:5    +
    4    45  0   0.0%   0.033 CG:2    UG:4    +
   23   156  0   0.0%   0.011 GC:5    AU:1    +
   93   107  0   0.0%   1.056 GC:2    GU:4    +
    3    46  0   0.0%   0.047 GU:1    AU:5    +
   19   110  0   0.0%   0.021 GC:2    AU:4    +
   87   105  0   0.0%   0.499 GU:1    AU:5    +
   75   107  0   0.0%   0.401 GC:2    GU:4    +
  127   132  0   0.0%   0.898 UG:1    UA:5    +
  106   132  0   0.0%   0.554 UG:1    UA:5    +
   57    73  0   0.0%   0.006 GC:1    GU:5    +
   77   105  0   0.0%   0.383 GU:1    AU:5    +
  150   155  0   0.0%   1.132 GC:4    GU:2    +
  130   139  0   0.0%   1.352 UG:1    UA:5    +
    4   109  0   0.0%   0.034 CG:2    UG:4    +
   38   101  0   0.0%   0.378 GU:2    AU:4    +
    2    35  0   0.0%   0.069 GU:1    AU:5    +
   38   130  0   0.0%   0.438 GU:2    AU:4    +
  119   144  0   0.0%   1.026 CG:2    UG:4    +
   45    83  0   0.0%   0.167 GC:4    GU:2    +
   83   102  0   0.0%   0.351 CG:4    UG:2    +
   38   124  0   0.0%   0.480 GU:2    AU:4    +
   15   132  0   0.0%   0.049 UG:1    UA:5    +
    1    38  0   0.0%   0.213 UG:2    UA:4    +
  137   156  0   0.0%   0.570 GC:5    AU:1    +
   83    93  0   0.0%   0.429 CG:4    UG:2    +
  110   141  0   0.0%   1.401 CG:2    UG:4    +
   35   132  0   0.0%   0.384 UG:1    UA:5    +
  110   144  0   0.0%   1.303 CG:2    UG:4    +
   33    38  0   0.0%   0.080 UG:2    UA:4    +
   38   108  0   0.0%   0.770 GU:2    AU:4    +
    2   111  0   0.0%   0.071 GU:1    AU:5    +
   93   155  0   0.0%   0.989 GC:4    GU:2    +
   77   106  0   0.0%   0.366 GU:1    AU:5    +
   13    93  0   0.0%   0.004 CG:5    UG:1    +
  108   139  0   0.0%   1.248 UG:1    UA:5    +
   38    50  0   0.0%   0.057 GU:2    AU:4    +
   16   132  0   0.0%   0.017 UG:1    UA:5    +
    6   132  0   0.0%   0.074 UG:1    UA:5    +
   65   105  0   0.0%   0.383 GU:1    AU:5    +
   19    27  0   0.0%   0.609 GC:2    AU:4    +
   50   132  0   0.0%   0.150 UG:1    UA:5    +
   65    69  0   0.0%   0.042 GU:1    AU:5    +
   48   132  0   0.0%   0.546 UG:1    UA:5    +
   44   150  0   0.0%   1.165 CG:2    UG:4    +
  126   150  0   0.0%   0.456 CG:4    UG:2    +
  142   151  0   0.0%   0.486 GU:5    AU:1    +
   41    53  0   0.0%   0.085 CG:2    UG:4    +
   52   132  0   0.0%   0.072 UG:1    UA:5    +
   35   139  0   0.0%   0.388 UG:1    UA:5    +
  107   129  0   0.0%   0.946 CG:2    UG:4    +
   44    67  0   0.0%   0.121 CG:2    UG:4    +
   46    65  0   0.0%   0.073 UG:1    UA:5    +
   41    70  0   0.0%   0.085 CG:2    UG:4    +
  105   138  0   0.0%   0.797 UG:5    UA:1    +
   14    23  0   0.0%   0.178 UG:5    UA:1    +
   38   127  0   0.0%   0.451 GU:2    AU:4    +
  107   125  0   0.0%   0.949 CG:2    UG:4    +
   44    53  0   0.0%   0.122 CG:2    UG:4    +
   33   132  0   0.0%   0.134 UG:1    UA:5    +
   45   155  0   0.0%   1.217 GC:4    GU:2    +
   87   111  0   0.0%   0.161 GU:1    AU:5    +
   38   105  0   0.0%   0.066 GU:2    AU:4    +
   34   140  0   0.0%   0.295 UG:1    AU:5    +
   27    93  0   0.0%   0.599 CG:2    UG:4    +
   52    59  0   0.0%   0.005 UG:1    UA:5    +
   30   132  0   0.0%   0.078 UG:1    UA:5    +
    4   102  0   0.0%   0.032 CG:2    UG:4    +
   94   110  0   0.0%   0.451 GC:2    GU:4    +
  142   153  0   0.0%   0.477 GU:5    AU:1    +
   27    94  0   0.0%   0.599 CG:2    UG:4    +
   41   150  0   0.0%   0.564 CG:2    UG:4    +
   11    30  0   0.0%   0.076 GU:5    AU:1    +
   27    45  0   0.0%   0.599 CG:2    UG:4    +
  106   137  0   0.0%   0.684 UG:5    UA:1    +
   72   111  0   0.0%   0.070 GU:5    AU:1    +
  102   110  0   0.0%   0.602 GC:2    GU:4    +
   38    54  0   0.0%   0.054 GU:2    AU:4    +
  144   155  0   0.0%   1.415 GC:4    GU:2    +
    9   105  0   0.0%   0.339 GU:4    AU:2    +
   28   132  0   0.0%   0.303 UG:1    UA:5    +
   93   119  0   0.0%   1.094 GC:2    GU:4    +
   35   138  0   0.0%   0.387 UG:5    UA:1    +
  107   150  0   0.0%   1.614 CG:2    UG:4    +
  130   138  0   0.0%   1.330 UG:5    UA:1    +
    2    30  0   0.0%   0.002 GU:1    AU:5    +
    2     6  0   0.0%   0.000 GU:1    AU:5    +
   19    46  0   0.0%   0.019 GU:2    AU:4    +
   59   124  0   0.0%   0.121 GU:1    AU:5    +
   44   109  0   0.0%   1.296 CG:2    UG:4    +
   94   119  0   0.0%   0.830 GC:2    GU:4    +
   87   130  0   0.0%   0.190 GU:1    AU:5    +
   32    45  0   0.0%   0.107 CG:1    UG:5    +
   10    24  0   0.0%   0.004 GU:2    UG:4    +
  124   138  0   0.0%   1.048 UG:5    UA:1    +
   41   141  0   0.0%   0.562 CG:2    UG:4    +
   67    83  0   0.0%   0.003 GC:4    GU:2    +
   77   108  0   0.0%   0.385 GU:1    AU:5    +
  105   137  0   0.0%   0.798 UG:5    UA:1    +
    4    93  0   0.0%   0.031 CG:2    UG:4    +
    9    30  0   0.0%   0.370 GU:4    AU:2    +
   65    85  0   0.0%   0.013 GU:1    AU:5    +
  105   132  0   0.0%   0.764 UG:1    UA:5    +
   65   106  0   0.0%   0.365 GU:1    AU:5    +
  129   155  0   0.0%   1.302 GC:4    GU:2    +
   38   111  0   0.0%   0.436 GU:2    AU:4    +
   81   107  0   0.0%   0.382 GC:2    GU:4    +
   33    87  0   0.0%   0.111 UG:1    UA:5    +
  101   138  0   0.0%   1.191 UG:5    UA:1    +
  101   137  0   0.0%   1.193 UG:5    UA:1    +
   45   156  0   0.0%   1.217 GC:5    GU:1    +
   48    59  0   0.0%   0.043 UG:1    UA:5    +
   57   126  0   0.0%   0.127 GC:4    GU:2    +
  102   155  0   0.0%   1.262 GC:4    GU:2    +
  130   137  0   0.0%   1.356 UG:5    UA:1    +
   73   109  0   0.0%   0.432 CG:1    UG:5    +
   73    77  0   0.0%   0.062 CG:1    UA:5    +
    9   124  0   0.0%   0.364 GU:4    AU:2    +
   93   110  0   0.0%   0.707 GC:2    GU:4    +
   87   101  0   0.0%   0.789 GU:1    AU:5    +
    3   105  0   0.0%   0.045 GU:1    AU:5    +
    4    53  0   0.0%   0.031 CG:2    UG:4    +
    2   124  0   0.0%   0.070 GU:1    AU:5    +
   35   142  0   0.0%   0.388 UG:5    UA:1    +
    2   130  0   0.0%   0.091 GU:1    AU:5    +
   75   110  0   0.0%   0.054 GC:2    GU:4    +
    2   106  0   0.0%   0.069 GU:1    AU:5    +
    4   150  0   0.0%   0.065 CG:2    UG:4    +
  138   157  0   0.0%   0.553 GU:5    AU:1    +
    3    54  0   0.0%   0.045 GU:1    AU:5    +
    3   127  0   0.0%   0.089 GU:1    AU:5    +
    3   151  0   0.0%   0.078 GU:1    AU:5    +
    2   108  0   0.0%   0.069 GU:1    AU:5    +
   15    23  0   0.0%   0.038 UG:5    UA:1    +
   17    24  0   0.0%   0.004 CG:4    AU:2    +
  137   151  0   0.0%   0.482 GU:5    AU:1    +
    9   101  0   0.0%   0.339 GU:4    AU:2    +
    9    14  0   0.0%   0.000 GU:4    AU:2    +
   52    87  0   0.0%   0.125 UG:1    UA:5    +
  129   156  0   0.0%   1.305 GC:5    GU:1    +
  127   138  0   0.0%   1.087 UG:5    UA:1    +
   59    68  0   0.0%   0.001 GU:1    AU:5    +
   11    28  0   0.0%   0.320 GU:5    AU:1    +
   69    77  0   0.0%   0.046 UG:1    UA:5    +
   83    94  0   0.0%   0.261 CG:4    UG:2    +
   46   137  0   0.0%   1.096 UG:5    UA:1    +
   13   129  0   0.0%   0.013 CG:5    UG:1    +
    9    48  0   0.0%   0.338 GU:4    AU:2    +
   38   157  0   0.0%   0.420 GU:2    AU:4    +
   11   124  0   0.0%   0.069 GU:5    AU:1    +
  102   156  0   0.0%   1.265 GC:5    GU:1    +
  109   155  0   0.0%   1.879 GC:4    GU:2    +
    9   127  0   0.0%   0.365 GU:4    AU:2    +
   33   137  0   0.0%   0.122 UG:5    UA:1    +
   59   111  0   0.0%   0.079 GU:1    AU:5    +
   45   107  0   0.0%   1.345 GC:2    GU:4    +
    3   124  0   0.0%   0.046 GU:1    AU:5    +
   77   111  0   0.0%   0.045 GU:1    AU:5    +
   68    77  0   0.0%   0.310 UG:1    UA:5    +
   27   129  0   0.0%   0.615 CG:2    UG:4    +
   50    77  0   0.0%   0.007 UG:1    UA:5    +
  124   137  0   0.0%   1.073 UG:5    UA:1    +
  111   137  0   0.0%   0.963 UG:5    UA:1    +
   28    38  0   0.0%   0.286 UG:2    UA:4    +
    9   106  0   0.0%   0.339 GU:4    AU:2    +
   13    94  0   0.0%   0.003 CG:5    UG:1    +
   87   127  0   0.0%   0.164 GU:1    AU:5    +
   65   101  0   0.0%   0.675 GU:1    AU:5    +
   30    38  0   0.0%   0.037 UG:2    UA:4    +
    3   106  0   0.0%   0.045 GU:1    AU:5    +
  110   150  0   0.0%   1.415 CG:2    UG:4    +
    9    15  0   0.0%   0.000 GU:4    AU:2    +
   52    77  0   0.0%   0.004 UG:1    UA:5    +
    2   153  0   0.0%   0.101 GU:1    AU:5    +
   38   153  0   0.0%   0.420 GU:2    AU:4    +
   32    94  0   0.0%   0.086 CG:1    UG:5    +
   13   137  0   0.0%   0.004 CG:5    UA:1    +
  132   157  0   0.0%   0.362 GU:1    AU:5    +
    9    35  0   0.0%   0.343 GU:4    AU:2    +
  126   141  0   0.0%   0.477 CG:4    UG:2    +
   16    23  0   0.0%   0.006 UG:5    UA:1    +
   32   109  0   0.0%   0.088 CG:1    UG:5    +
    3    28  0   0.0%   0.003 GU:1    AU:5    +
  139   153  0   0.0%   0.453 GU:1    AU:5    +
   67    73  0   0.0%   0.058 GC:1    GU:5    +
  132   153  0   0.0%   0.260 GU:1    AU:5    +
   23    33  0   0.0%   0.073 GU:5    AU:1    +
   46   139  0   0.0%   1.095 UG:1    UA:5    +
   23   106  0   0.0%   0.004 GU:5    AU:1    +
   96   150  0   1.0%   0.607 CG:6    +
  101   122  2   1.6%   1.126 UA:4    +
  101   145  0   0.9%   1.383 UA:6    +
   40    46  0   0.8%   0.190 AU:6    +
  106   120  0   0.8%   0.551 UA:6    +
   36   125  0   0.7%   0.936 CG:6    +
   99   141  0   0.7%   0.983 CG:6    +
   37   124  0   0.7%   0.938 AU:6    +
  105   123  0   0.7%   0.991 UA:6    +
   92   131  1   0.2%   1.044 GC:1    AU:2    UA:2    +
   43   130  0   0.7%   0.721 AU:6    +
   93   113  2   1.0%   1.105 GC:1    GU:3    +
   40    98  1   1.2%   0.271 AU:5    +
   33    42  0   0.7%   0.184 UA:6    +
  104   124  0   0.7%   1.051 AU:6    +
   41   132  1   0.7%   0.637 CG:1    UA:4    +
  120   124  0   0.6%   0.833 AU:6    +
   46    94  0   0.6%   0.851 UG:6    +
   35    40  0   0.6%   0.104 UA:6    +
   94   152  1   0.6%   0.903 GC:3    GU:2    +
   98   142  1   0.6%   0.377 UG:4    UA:1    +
  119   134  1   0.1%   1.324 CG:2    UG:2    UA:1    +
   27    38  1   0.1%   0.604 CG:1    UG:1    UA:3    +
  138   152  1   0.0%   0.452 GC:3    GU:1    AU:1    +
   29    41  1   0.0%   0.043 GC:1    GU:2    AU:2    +
    4    29  1   0.0%   0.009 CG:1    UG:2    UA:2    +
  128   147  1   0.0%   1.155 GC:1    UG:2    AU:2    +
   98   128  3   1.0%   0.407 UG:1    UA:2    +
   44   134  1   0.0%   1.181 CG:2    UG:2    UA:1    +
    9   126  1   0.0%   0.365 GC:3    GU:1    AU:1    +
  147   158  1   0.0%   1.133 CG:1    GU:3    UA:1    +
  142   146  1   0.0%   0.816 GC:2    GU:2    AU:1    +
   32   134  1   0.0%   0.100 CG:1    UG:3    UA:1    +
   10    29  1   0.0%   0.379 GU:1    UG:2    UA:2    +
   29   110  1   0.0%   0.048 GC:1    GU:2    AU:2    +
   38   110  1   0.0%   0.425 GC:1    GU:1    AU:3    +
   93   153  0   0.5%   1.041 GU:6    +
   62   137  1   0.0%   0.015 CG:3    UG:1    UA:1    +
  137   146  1   0.0%   0.815 GC:2    GU:2    AU:1    +
  134   158  1   0.0%   1.071 GU:3    UG:1    AU:1    +
   26   136  1   0.0%   0.358 GU:1    AU:3    UA:1    +
    4    38  1   0.0%   0.030 CG:1    UG:1    UA:3    +
  137   152  1   0.0%   0.470 GC:3    GU:1    AU:1    +
   96   144  0   0.5%   0.518 CG:6    +
  104   146  3   1.2%   1.263 AU:3    +
   49    91  0   0.5%   0.660 UA:6    +
  117   134  2   1.1%   1.732 CG:4    +
   94    99  0   0.4%   1.026 GC:6    +
   98   148  1   0.9%   0.458 UA:5    +
  114   141  0   0.4%   0.914 CG:6    +
    5   124  0   0.4%   0.101 AU:6    +
  113   142  2   0.4%   1.428 CG:1    UG:2    UA:1    +
  100   106  0   0.4%   1.012 AU:6    +
   50    90  0   0.4%   0.638 UA:6    +
    6   123  0   0.4%   0.102 UA:6    +
   30    45  0   0.4%   0.100 UG:6    +
   42   108  0   0.4%   0.487 AU:6    +
  112   144  0   0.3%   1.525 CG:6    +
  108   122  2   1.0%   1.178 UA:4    +
  110   120  2   1.0%   0.823 UA:4    +
  102   114  0   0.3%   0.690 GC:6    +
  111   145  0   0.3%   1.513 UA:6    +
   47    93  2   0.7%   0.864 CG:1    UG:3    +
  102   152  1   0.3%   1.188 GC:3    GU:2    +
  114   129  0   0.3%   0.927 CG:6    +
   39    46  0   0.3%   0.074 AU:6    +
  103   151  0   0.3%   0.942 AU:6    +
   61    75  0   0.3%   0.064 CG:6    +
   46   104  0   0.3%   1.226 UA:6    +
  116   127  0   0.3%   0.857 AU:6    +
   45   105  0   0.3%   1.362 GU:6    +
   48   133  0   0.3%   0.553 UA:6    +
   39   111  0   0.3%   0.507 AU:6    +
  127   133  0   0.3%   1.247 UA:6    +
  119   132  2   0.6%   0.925 UG:1    UA:3    +
   99   144  0   0.2%   0.986 CG:6    +
   50    91  0   0.2%   0.594 UA:6    +
  100   140  1   0.7%   1.025 AU:5    +
  102   117  0   0.2%   0.853 GC:6    +
   93   130  0   0.2%   1.050 GU:6    +
  101   118  0   0.2%   1.147 UA:6    +
   37    48  0   0.2%   0.137 AU:6    +
   99   147  3   1.0%   1.068 CG:3    +
  114   134  2   0.9%   1.063 CG:4    +
  100   146  3   0.9%   1.102 AU:3    +
   40   130  0   0.2%   0.580 AU:6    +
  101   115  0   0.2%   1.120 UA:6    +
    6    31  0   0.2%   0.084 UA:6    +
    7    30  0   0.2%   0.146 AU:6    +
  106   148  0   0.2%   1.217 UA:6    +
   94   130  0   0.2%   0.787 GU:6    +
   44    91  2   0.8%   0.261 UA:4    +
  141   153  0   0.2%   0.481 GU:6    +
   44    92  3   0.7%   0.327 UG:1    UA:2    +
  138   156  1   0.2%   0.573 GC:4    GU:1    +
   36    93  0   0.2%   0.143 CG:6    +
   37    49  0   0.2%   0.142 AU:6    +
  113   138  2   0.2%   1.364 CG:1    UG:2    UA:1    +
  142   152  1   0.1%   0.502 GC:3    GU:2    +
   42   101  0   0.1%   0.413 AU:6    +
   48    94  0   0.1%   0.748 UG:6    +
   45   121  0   0.1%   1.217 GC:6    +
   48    91  0   0.1%   0.849 UA:6    +
   46   120  0   0.1%   1.094 UA:6    +
  105   120  0   0.1%   0.687 UA:6    +
   93    97  0   0.1%   0.459 GC:6    +
  106   145  0   0.1%   0.958 UA:6    +
   29    46  1   0.1%   0.063 GU:3    AU:2    +
   95   128  2   0.1%   0.445 UG:1    AU:2    UA:1    +
  105   148  0   0.1%   1.434 UA:6    +
  100   105  0   0.1%   0.982 AU:6    +
   45   124  0   0.1%   1.284 GU:6    +
   46   123  0   0.1%   1.115 UA:6    +
   39    48  0   0.1%   0.114 AU:6    +
   91   130  0   0.1%   0.801 AU:6    +
   32    43  1   0.6%   0.148 UA:5    +
  124   129  0   0.1%   1.815 UG:6    +
  106   118  0   0.1%   0.782 UA:6    +
   49    90  0   0.1%   0.662 UA:6    +
  123   130  0   0.1%   1.774 AU:6    +
   64    69  0   0.1%   0.354 AU:6    +
   36    94  0   0.1%   0.145 CG:6    +
  145   153  0   0.1%   0.989 AU:6    +
  141   160  0   0.1%   1.210 GC:6    +
  109   146  1   0.1%   2.133 GC:2    GU:3    +
   89   132  1   0.1%   0.147 UG:1    UA:4    +
  117   141  0   0.1%   1.500 CG:6    +
   65    73  1   0.1%   0.069 GU:1    AU:4    +
   38    98  1   0.1%   0.072 GU:2    AU:3    +
   93   127  0   0.1%   0.990 GU:6    +
   31   130  0   0.1%   0.101 AU:6    +
  114   144  0   0.1%   0.806 CG:6    +
   45   101  0   0.1%   1.628 GU:6    +
  108   148  0   0.1%   1.947 UA:6    +
   93   121  0   0.1%   0.953 GC:6    +
   67   117  0   0.1%   0.226 GC:6    +
   68   116  0   0.1%   0.528 UA:6    +
   70   114  0   0.1%   0.027 GC:6    +
   69   115  0   0.1%   0.225 UA:6    +
   49    93  0   0.1%   0.614 UG:6    +
   97   144  0   0.1%   0.236 CG:6    +
   66   118  0   0.1%   0.226 UA:6    +
  118   130  0   0.1%   1.468 AU:6    +
   95   151  2   0.7%   0.668 AU:4    +
   63    68  0   0.1%   0.015 AU:6    +
   30   120  0   0.1%   0.077 UA:6    +
  147   152  2   0.4%   0.902 GC:3    UG:1    +
   28    37  0   0.1%   0.292 UA:6    +
   46    93  0   0.1%   0.994 UG:6    +
   93   117  0   0.1%   1.148 GC:6    +
   36   144  0   0.1%   0.872 CG:6    +
   35   145  0   0.1%   0.401 UA:6    +
   46   100  0   0.1%   1.181 UA:6    +
   96   102  0   0.1%   0.480 CG:6    +
   35    94  0   0.1%   0.057 UG:6    +
   48   102  0   0.1%   0.844 UG:6    +
  107   123  2   0.7%   0.986 UA:4    +
  110   132  1   0.1%   0.864 CG:1    UA:4    +
   33    39  0   0.1%   0.086 UA:6    +
   40   101  0   0.1%   0.474 AU:6    +
  109   130  0   0.1%   1.565 GU:6    +
  103   143  1   0.6%   0.643 AU:5    +
   42   127  0   0.1%   0.147 AU:6    +
   45   114  0   0.1%   0.983 GC:6    +
   35   104  0   0.1%   0.378 UA:6    +
   62    71  1   0.0%   0.022 CG:3    UG:2    +
   30    42  0   0.0%   0.049 UA:6    +
  124   133  0   0.0%   1.190 UA:6    +
  105   129  0   0.0%   0.995 UG:6    +
  106   133  0   0.0%   0.530 UA:6    +
  104   130  0   0.0%   0.955 AU:6    +
   49    94  0   0.0%   0.450 UG:6    +
  104   111  0   0.0%   0.930 AU:6    +
  105   125  0   0.0%   0.996 UG:6    +
   40   124  0   0.0%   0.592 AU:6    +
   45   160  0   0.0%   1.226 GC:6    +
  106   141  0   0.0%   0.742 UG:6    +
  108   120  0   0.0%   1.007 UA:6    +
   25   125  0   0.0%   0.079 UG:5    --:1    +
   45    97  0   0.0%   0.626 GC:6    +
  111   144  0   0.0%   1.579 UG:6    +
   42    50  0   0.0%   0.058 AU:6    +
   43    49  0   0.0%   0.063 AU:6    +
   36    57  0   0.0%   0.118 CG:6    +
   91   157  0   0.0%   0.732 AU:6    +
  112   141  0   0.0%   1.567 CG:6    +
   66    71  0   0.0%   0.019 UG:6    +
   40    52  0   0.0%   0.096 AU:6    +
  111   134  1   0.0%   0.958 UG:4    UA:1    +
   90   101  0   0.0%   1.227 AU:6    +
  144   157  0   0.0%   1.212 GU:6    +
   35    58  0   0.0%   0.048 UA:6    +
  105   150  0   0.0%   1.433 UG:6    +
   36   129  0   0.0%   0.864 CG:6    +
   20   129  1   0.0%   0.022 CG:4    UG:1    +
   39   105  0   0.0%   0.098 AU:6    +
   42   124  0   0.0%   0.172 AU:6    +
  102   106  0   0.0%   0.811 GU:6    +
   62    75  1   0.0%   0.038 CG:3    UG:2    +
  111   118  0   0.0%   1.320 UA:6    +
   93   157  0   0.0%   1.261 GU:6    +
  111   133  0   0.0%   0.947 UA:6    +
  103   130  0   0.0%   0.795 AU:6    +
  104   151  0   0.0%   0.895 AU:6    +
   37    50  0   0.0%   0.129 AU:6    +
   30    40  0   0.0%   0.040 UA:6    +
  111   116  0   0.0%   1.359 UA:6    +
   97   150  0   0.0%   0.252 CG:6    +
   28    42  0   0.0%   0.289 UA:6    +
    5    33  0   0.0%   0.104 AU:6    +
   94   114  0   0.0%   0.722 GC:6    +
   97   125  0   0.0%   0.204 CG:6    +
   97   141  0   0.0%   0.192 CG:6    +
  144   151  0   0.0%   0.384 GU:6    +
  130   145  0   0.0%   1.132 UA:6    +
  129   146  1   0.0%   1.559 GC:2    GU:3    +
  105   134  1   0.0%   0.748 UG:4    UA:1    +
   99   129  0   0.0%   1.167 CG:6    +
   30   150  0   0.0%   0.073 UG:6    +
   46   118  0   0.0%   1.257 UA:6    +
    5    28  0   0.0%   0.009 AU:6    +
   46   103  0   0.0%   1.160 UA:6    +
  102   108  0   0.0%   0.862 GU:6    +
  127   148  0   0.0%   1.106 UA:6    +
   96   125  0   0.0%   0.346 CG:6    +
  106   116  0   0.0%   0.617 UA:6    +
  133   157  0   0.0%   0.687 AU:6    +
   81    99  0   0.0%   0.339 GC:6    +
  111   129  0   0.0%   1.001 UG:6    +
   46   125  0   0.0%   1.148 UG:6    +
  101   129  0   0.0%   1.481 UG:6    +
   50    93  0   0.0%   0.515 UG:6    +
   30   116  0   0.0%   0.065 UA:6    +
  100   130  0   0.0%   1.176 AU:6    +
   46   133  0   0.0%   1.086 UA:6    +
   35    42  0   0.0%   0.082 UA:6    +
   81   111  0   0.0%   0.045 GU:6    +
    7    33  0   0.0%   0.177 AU:6    +
   43   127  0   0.0%   0.627 AU:6    +
   76   108  0   0.0%   0.539 AU:6    +
   90   108  0   0.0%   0.934 AU:6    +
  132   143  1   0.0%   0.290 GU:1    AU:4    +
    1    37  0   0.0%   0.213 UA:6    +
  117   144  0   0.0%   1.397 CG:6    +
   37    46  0   0.0%   0.112 AU:6    +
   93   105  0   0.0%   1.058 GU:6    +
   28   118  0   0.0%   0.292 UA:6    +
  101   150  0   0.0%   1.997 UG:6    +
    1   133  0   0.0%   0.246 UA:6    +
  121   141  0   0.0%   1.069 CG:6    +
  100   151  0   0.0%   1.384 AU:6    +
  102   146  1   0.0%   0.832 GC:2    GU:3    +
    5    35  0   0.0%   0.040 AU:6    +
  101   154  0   0.0%   1.649 UA:6    +
   39   130  0   0.0%   0.480 AU:6    +
    3    27  1   0.0%   0.004 GC:1    AU:4    +
   41   139  1   0.0%   0.564 CG:1    UA:4    +
   15   134  1   0.0%   0.044 UG:4    UA:1    +
   16   133  0   0.0%   0.012 UA:6    +
   55   129  0   0.0%   0.073 CG:6    +
   93   108  0   0.0%   1.059 GU:6    +
   35    43  0   0.0%   0.075 UA:6    +
   33    37  0   0.0%   0.081 UA:6    +
  102   153  0   0.0%   1.156 GU:6    +
  108   134  1   0.0%   1.437 UG:4    UA:1    +
    9    20  1   0.0%   0.004 GC:4    AU:1    +
   35   115  0   0.0%   0.372 UA:6    +
   50    94  0   0.0%   0.349 UG:6    +
   11    20  1   0.0%   0.005 GC:4    AU:1    +
  112   125  0   0.0%   0.699 CG:6    +
   90   124  0   0.0%   0.634 AU:6    +
   47   131  2   0.0%   0.863 GC:1    GU:1    UA:2    +
   94   106  0   0.0%   0.787 GU:6    +
   43   124  0   0.0%   0.655 AU:6    +
    5    25  0   0.0%   0.003 AU:5    --:1    +
  103   108  0   0.0%   0.795 AU:6    +
   33   104  0   0.0%   0.117 UA:6    +
   25   154  0   0.0%   0.054 UA:5    --:1    +
  106   115  0   0.0%   0.608 UA:6    +
  122   140  1   0.0%   0.934 UG:1    AU:4    +
   10    21  1   0.0%   0.005 GC:1    UA:4    +
   20   109  1   0.0%   0.007 CG:4    UG:1    +
  116   124  0   0.0%   1.125 AU:6    +
   98   138  1   0.0%   0.286 UG:4    UA:1    +
  105   116  0   0.0%   0.714 UA:6    +
  100   153  0   0.0%   1.376 AU:6    +
   57   127  0   0.0%   0.142 GU:6    +
  127   134  1   0.0%   1.339 UG:4    UA:1    +
   76   106  0   0.0%   0.519 AU:6    +
   55    75  0   0.0%   0.003 CG:6    +
  108   116  0   0.0%   1.058 UA:6    +
   16   103  0   0.0%   0.007 UA:6    +
   38    47  2   0.3%   0.072 GC:1    AU:3    +
  108   145  0   0.0%   1.689 UA:6    +
   18   101  0   0.0%   0.005 AU:6    +
    1    29  1   0.0%   0.003 UG:3    UA:2    +
   18   111  0   0.0%   0.006 AU:6    +
  105   141  0   0.0%   0.840 UG:6    +
   14    18  0   0.0%   0.003 UA:6    +
  131   138  2   0.0%   1.046 CG:1    UG:2    UA:1    +
   29   151  1   0.0%   0.056 GU:3    AU:2    +
  148   153  0   0.0%   0.831 AU:6    +
  142   156  1   0.0%   1.022 GC:4    GU:1    +
   40    48  0   0.0%   0.128 AU:6    +
   54    76  0   0.0%   0.004 UA:6    +
  105   133  0   0.0%   0.732 UA:6    +
   43    48  0   0.0%   0.079 AU:6    +
   93   106  0   0.0%   1.041 GU:6    +
   48   115  0   0.0%   0.664 UA:6    +
   90   157  0   0.0%   0.565 AU:6    +
    6    43  0   0.0%   0.043 UA:6    +
   35    39  0   0.0%   0.013 UA:6    +
    3   110  1   0.0%   0.048 GC:1    AU:4    +
   34    41  2   0.7%   0.321 AU:4    +
  111   120  0   0.0%   0.794 UA:6    +
   15   104  0   0.0%   0.038 UA:6    +
   94   105  0   0.0%   0.802 GU:6    +
    1   134  1   0.0%   0.245 UG:4    UA:1    +
   14   133  0   0.0%   0.180 UA:6    +
   98   139  1   0.0%   0.285 UG:1    UA:4    +
   40   106  0   0.0%   0.857 AU:6    +
   35   133  0   0.0%   0.379 UA:6    +
   39    49  0   0.0%   0.085 AU:6    +
   46    82  0   0.0%   0.075 UA:6    +
   43   105  0   0.0%   0.778 AU:6    +
    5   108  0   0.0%   0.038 AU:6    +
  141   157  0   0.0%   0.801 GU:6    +
  101   120  0   0.0%   0.936 UA:6    +
   91   105  0   0.0%   1.089 AU:6    +
   53   117  0   0.0%   0.214 GC:6    +
   52   118  0   0.0%   0.214 UA:6    +
   90   111  0   0.0%   0.593 AU:6    +
  148   157  0   0.0%   0.571 AU:6    +
   42    48  0   0.0%   0.086 AU:6    +
   54   116  0   0.0%   0.212 UA:6    +
  103   127  0   0.0%   0.579 AU:6    +
   35   100  0   0.0%   0.055 UA:6    +
   45   159  0   0.0%   1.217 GC:6    +
   93   101  0   0.0%   1.555 GU:6    +
   43    85  0   0.0%   0.042 AU:6    +
  100   127  0   0.0%   0.963 AU:6    +
  138   155  1   0.0%   0.538 GC:3    GU:2    +
   85   100  0   0.0%   0.359 UA:6    +
   91   108  0   0.0%   1.090 AU:6    +
   90   106  0   0.0%   0.916 AU:6    +
   50   120  0   0.0%   0.114 UA:6    +
   85    91  0   0.0%   0.502 UA:6    +
  103   124  0   0.0%   0.830 AU:6    +
  104   127  0   0.0%   0.734 AU:6    +
  102   124  0   0.0%   1.074 GU:6    +
   42    49  0   0.0%   0.063 AU:6    +
   94   127  0   0.0%   0.717 GU:6    +
   61    70  0   0.0%   0.002 CG:6    +
   39   124  0   0.0%   0.520 AU:6    +
    2    32  1   0.0%   0.003 GU:1    AU:4    +
   49   134  1   0.0%   0.247 UG:4    UA:1    +
   93   159  0   0.0%   1.130 GC:6    +
   71    97  0   0.0%   0.019 GC:6    +
    1    42  0   0.0%   0.213 UA:6    +
   40    49  0   0.0%   0.104 AU:6    +
  133   153  0   0.0%   0.579 AU:6    +
    4   132  1   0.0%   0.074 CG:1    UA:4    +
   42   106  0   0.0%   0.431 AU:6    +
   28   115  0   0.0%   0.287 UA:6    +
   15    91  0   0.0%   0.037 UA:6    +
   91   106  0   0.0%   1.072 AU:6    +
  102   151  0   0.0%   1.143 GU:6    +
   42    46  0   0.0%   0.115 AU:6    +
   37   127  0   0.0%   0.876 AU:6    +
   66    70  0   0.0%   0.008 UG:6    +
   35   118  0   0.0%   0.378 UA:6    +
   33   115  0   0.0%   0.116 UA:6    +
   75   108  0   0.0%   0.400 GU:6    +
   49   133  0   0.0%   0.229 UA:6    +
  117   150  0   0.0%   1.476 CG:6    +
  102   127  0   0.0%   0.828 GU:6    +
   70    99  0   0.0%   0.340 GC:6    +
    2    41  1   0.0%   0.069 GC:1    AU:4    +
  104   108  0   0.0%   0.810 AU:6    +
   33   102  0   0.0%   0.114 UG:6    +
    7   127  0   0.0%   0.129 AU:6    +
   69   100  0   0.0%   0.390 UA:6    +
  101   125  0   0.0%   1.482 UG:6    +
   15   133  0   0.0%   0.041 UA:6    +
   38   113  2   0.0%   0.418 GC:1    GU:1    AU:2    +
  106   150  0   0.0%   1.197 UG:6    +
  106   125  0   0.0%   0.781 UG:6    +
   33    90  0   0.0%   0.113 UA:6    +
  101   109  0   0.0%   1.518 UG:6    +
  116   151  0   0.0%   1.072 AU:6    +
   81   112  0   0.0%   0.012 GC:6    +
  121   150  0   0.0%   1.047 CG:6    +
   16    90  0   0.0%   0.005 UA:6    +
   35   129  0   0.0%   0.390 UG:6    +
    1    39  0   0.0%   0.212 UA:6    +
   28   133  0   0.0%   0.297 UA:6    +
   18    28  0   0.0%   0.279 AU:6    +
   39   127  0   0.0%   0.492 AU:6    +
   64   106  0   0.0%   0.676 AU:6    +
   46   134  1   0.0%   1.100 UG:4    UA:1    +
  124   134  1   0.0%   1.291 UG:4    UA:1    +
   66   104  0   0.0%   0.372 UA:6    +
   94   146  1   0.0%   0.818 GC:2    GU:3    +
  106   123  0   0.0%   0.748 UA:6    +
   48   134  1   0.0%   0.555 UG:4    UA:1    +
   35   116  0   0.0%   0.372 UA:6    +
  101   133  0   0.0%   1.224 UA:6    +
  120   151  0   0.0%   0.698 AU:6    +
   50   133  0   0.0%   0.118 UA:6    +
   46   115  0   0.0%   0.856 UA:6    +
   82   111  0   0.0%   0.045 AU:6    +
   57   114  0   0.0%   0.104 GC:6    +
   61   109  0   0.0%   0.402 CG:6    +
   94   121  0   0.0%   0.681 GC:6    +
    1    90  0   0.0%   0.213 UA:6    +
  115   130  0   0.0%   1.093 AU:6    +
   14   134  1   0.0%   0.179 UG:4    UA:1    +
   94   117  0   0.0%   0.881 GC:6    +
   45   127  0   0.0%   1.244 GU:6    +
   94   101  0   0.0%   1.300 GU:6    +
   46   148  0   0.0%   1.098 UA:6    +
   76   111  0   0.0%   0.198 AU:6    +
   39    50  0   0.0%   0.072 AU:6    +
  132   136  1   0.0%   0.681 GU:1    AU:4    +
   57   112  0   0.0%   0.099 GC:6    +
   58   111  0   0.0%   0.135 AU:6    +
   31   105  0   0.0%   0.069 AU:6    +
   75   112  0   0.0%   0.031 GC:6    +
   29    44  2   0.0%   0.039 GC:1    GU:2    AU:1    +
   45    50  0   0.0%   0.172 GU:6    +
   35    45  0   0.0%   0.062 UG:6    +
   43   151  0   0.0%   0.623 AU:6    +
  141   152  1   0.0%   0.467 GC:3    GU:2    +
  130   134  1   0.0%   1.590 UG:4    UA:1    +
   35   134  1   0.0%   0.377 UG:4    UA:1    +
   40    54  0   0.0%   0.092 AU:6    +
   38    89  1   0.0%   0.056 GU:2    AU:3    +
   80   113  2   0.0%   0.071 GU:1    AU:1    UA:2    +
   43    68  0   0.0%   0.041 AU:6    +
   42    69  0   0.0%   0.049 AU:6    +
   45    66  0   0.0%   0.166 GU:6    +
  106   129  0   0.0%   0.780 UG:6    +
   40   127  0   0.0%   0.558 AU:6    +
   90   127  0   0.0%   0.597 AU:6    +
  125   130  0   0.0%   1.639 GU:6    +
   36    75  0   0.0%   0.112 CG:6    +
   48   103  0   0.0%   0.835 UA:6    +
  131   137  2   0.0%   1.071 CG:1    UG:2    UA:1    +
   98   132  1   0.0%   0.346 UG:1    UA:4    +
    2    89  1   0.0%   0.069 GU:1    AU:4    +
   48    63  0   0.0%   0.043 UA:6    +
   35   109  0   0.0%   0.370 UG:6    +
  111   148  0   0.0%   1.718 UA:6    +
  102   111  0   0.0%   0.685 GU:6    +
   35    76  0   0.0%   0.043 UA:6    +
  108   144  0   0.0%   1.807 UG:6    +
   45    52  0   0.0%   0.169 GU:6    +
   39   101  0   0.0%   0.403 AU:6    +
   91   124  0   0.0%   0.792 AU:6    +
   38    73  1   0.0%   0.054 GU:2    AU:3    +
   46    51  0   0.0%   0.076 UA:6    +
   77   110  1   0.0%   0.038 GC:1    AU:4    +
  150   159  0   0.0%   1.317 GC:6    +
   33    45  0   0.0%   0.133 UG:6    +
    5   127  0   0.0%   0.080 AU:6    +
   42    52  0   0.0%   0.052 AU:6    +
   48   123  0   0.0%   0.533 UA:6    +
   33    40  0   0.0%   0.085 UA:6    +
   90   130  0   0.0%   0.623 AU:6    +
   93   152  1   0.0%   0.960 GC:3    GU:2    +
   43    54  0   0.0%   0.041 AU:6    +
   28    39  0   0.0%   0.283 UA:6    +
   52    91  0   0.0%   0.505 UA:6    +
   30    43  0   0.0%   0.041 UA:6    +
   39    54  0   0.0%   0.069 AU:6    +
   20   125  1   0.0%   0.027 CG:4    UG:1    +
    5   101  0   0.0%   0.036 AU:6    +
   48   118  0   0.0%   0.697 UA:6    +
   43    52  0   0.0%   0.044 AU:6    +
  141   146  1   0.0%   0.808 GC:2    GU:3    +
   37   106  0   0.0%   0.453 AU:6    +
   46   154  0   0.0%   1.096 UA:6    +
   35    91  0   0.0%   0.045 UA:6    +
   94   151  0   0.0%   0.815 GU:6    +
    6   100  0   0.0%   0.042 UA:6    +
   37   130  0   0.0%   0.861 AU:6    +
   33   133  0   0.0%   0.127 UA:6    +
    6   129  0   0.0%   0.073 UG:6    +
   35   123  0   0.0%   0.394 UA:6    +
    5   130  0   0.0%   0.069 AU:6    +
   28    93  0   0.0%   0.286 UG:6    +
   49   103  0   0.0%   0.533 UA:6    +
   62    72  1   0.0%   0.036 CG:3    UG:2    +
   33   103  0   0.0%   0.114 UA:6    +
   17   134  1   0.0%   0.006 CG:4    AU:1    +
   33   116  0   0.0%   0.117 UA:6    +
   18   127  0   0.0%   0.027 AU:6    +
   71   112  0   0.0%   0.014 GC:6    +
  112   150  0   0.0%   1.591 CG:6    +
    1   129  0   0.0%   0.233 UG:6    +
   49   102  0   0.0%   0.538 UG:6    +
    1    31  0   0.0%   0.002 UA:6    +
   40   151  0   0.0%   0.539 AU:6    +
  150   160  0   0.0%   1.317 GC:6    +
   50   102  0   0.0%   0.436 UG:6    +
  150   157  0   0.0%   0.923 GU:6    +
  121   144  0   0.0%   0.967 CG:6    +
   45   146  1   0.0%   1.219 GC:2    GU:3    +
  145   157  0   0.0%   0.724 AU:6    +
   46   145  0   0.0%   1.099 UA:6    +
   29    92  2   0.0%   0.047 GU:2    AU:1    UA:1    +
  110   142  1   0.0%   1.414 CG:1    UG:4    +
  125   151  0   0.0%   0.768 GU:6    +
   48   116  0   0.0%   0.703 UA:6    +
  108   150  0   0.0%   1.925 UG:6    +
   48   104  0   0.0%   0.855 UA:6    +
    1    40  0   0.0%   0.212 UA:6    +
    7   106  0   0.0%   0.106 AU:6    +
   25    42  0   0.0%   0.047 UA:5    --:1    +
   43   106  0   0.0%   0.776 AU:6    +
    1     7  0   0.0%   0.001 UA:6    +
   20    45  1   0.0%   0.004 CG:4    UG:1    +
   30    90  0   0.0%   0.060 UA:6    +
   25    40  0   0.0%   0.046 UA:5    --:1    +
   31   108  0   0.0%   0.070 AU:6    +
   33   120  0   0.0%   0.120 UA:6    +
  144   159  0   0.0%   1.603 GC:6    +
   33   129  0   0.0%   0.141 UG:6    +
   30    91  0   0.0%   0.060 UA:6    +
   90   105  0   0.0%   0.933 AU:6    +
   53   121  0   0.0%   0.018 GC:6    +
   51   101  0   0.0%   0.694 AU:6    +
   29   119  2   0.0%   0.052 GC:1    GU:2    AU:1    +
   54   120  0   0.0%   0.027 UA:6    +
   86    92  2   0.0%   0.573 CG:1    AU:2    UA:1    +
  108   123  0   0.0%   1.281 UA:6    +
   49   115  0   0.0%   0.361 UA:6    +
   30   118  0   0.0%   0.065 UA:6    +
   30   109  0   0.0%   0.062 UG:6    +
   52   100  0   0.0%   0.359 UA:6    +
    1    91  0   0.0%   0.213 UA:6    +
   30    37  0   0.0%   0.039 UA:6    +
   28    45  0   0.0%   0.286 UG:6    +
    6    91  0   0.0%   0.042 UA:6    +
   11    27  1   0.0%   0.635 GC:1    GU:4    +
   33   134  1   0.0%   0.126 UG:4    UA:1    +
   46   102  0   0.0%   1.170 UG:6    +
   31    46  0   0.0%   0.076 AU:6    +
   63   108  0   0.0%   0.422 AU:6    +
   43    50  0   0.0%   0.046 AU:6    +
  109   127  0   0.0%   1.338 GU:6    +
  100   157  0   0.0%   1.480 AU:6    +
   62   109  1   0.0%   0.386 CG:3    UG:2    +
   75   114  0   0.0%   0.035 GC:6    +
  114   150  0   0.0%   0.882 CG:6    +
   35   148  0   0.0%   0.395 UA:6    +
   68    82  0   0.0%   0.307 UA:6    +
   35   102  0   0.0%   0.056 UG:6    +
   69    81  0   0.0%   0.043 UG:6    +
   85    93  0   0.0%   0.434 UG:6    +
    6   125  0   0.0%   0.084 UG:6    +
   55    94  0   0.0%   0.260 CG:6    +
    6   133  0   0.0%   0.065 UA:6    +
    1   120  0   0.0%   0.214 UA:6    +
  111   141  0   0.0%   1.665 UG:6    +
   38   136  1   0.0%   0.423 GU:2    AU:3    +
   50   134  1   0.0%   0.134 UG:4    UA:1    +
  138   146  1   0.0%   0.789 GC:2    GU:3    +
   49    58  0   0.0%   0.024 UA:6    +
   50    57  0   0.0%   0.011 UG:6    +
   28    90  0   0.0%   0.285 UA:6    +
  109   124  0   0.0%   1.620 GU:6    +
   42   130  0   0.0%   0.137 AU:6    +
    7   124  0   0.0%   0.128 AU:6    +
   53   130  0   0.0%   0.071 GU:6    +
    1   115  0   0.0%   0.214 UA:6    +
  103   153  0   0.0%   0.899 AU:6    +
   53    99  0   0.0%   0.334 GC:6    +
   28   103  0   0.0%   0.286 UA:6    +
   85    94  0   0.0%   0.266 UG:6    +
    1   125  0   0.0%   0.214 UG:6    +
   36    53  0   0.0%   0.108 CG:6    +
   33   141  0   0.0%   0.122 UG:6    +
    1   116  0   0.0%   0.214 UA:6    +
   43   157  0   0.0%   0.622 AU:6    +
   42   111  0   0.0%   0.129 AU:6    +
   39   108  0   0.0%   0.795 AU:6    +
   30    93  0   0.0%   0.060 UG:6    +
    6    90  0   0.0%   0.042 UA:6    +
   42   105  0   0.0%   0.431 AU:6    +
   85   103  0   0.0%   0.349 UA:6    +
    1   118  0   0.0%   0.214 UA:6    +
   61   125  0   0.0%   0.101 CG:6    +
   37    52  0   0.0%   0.124 AU:6    +
  130   154  0   0.0%   0.975 UA:6    +
    6   118  0   0.0%   0.042 UA:6    +
   30   115  0   0.0%   0.060 UA:6    +
   37   111  0   0.0%   0.825 AU:6    +
   82   106  0   0.0%   0.365 AU:6    +
   28   120  0   0.0%   0.288 UA:6    +
   33   125  0   0.0%   0.140 UG:6    +
   14   116  0   0.0%   0.176 UA:6    +
   35   120  0   0.0%   0.376 UA:6    +
   15   115  0   0.0%   0.037 UA:6    +
   34   149  1   0.0%   0.302 AU:4    UA:1    +
   53    96  0   0.0%   0.117 GC:6    +
   93   111  0   0.0%   0.714 GU:6    +
   28   134  1   0.0%   0.296 UG:4    UA:1    +
   48   125  0   0.0%   0.570 UG:6    +
   30   104  0   0.0%   0.061 UA:6    +
   98   137  1   0.0%   0.286 UG:4    UA:1    +
    1    43  0   0.0%   0.213 UA:6    +
  126   142  1   0.0%   0.485 CG:3    UG:2    +
   35    90  0   0.0%   0.045 UA:6    +
   36   141  0   0.0%   0.858 CG:6    +
  101   116  0   0.0%   1.113 UA:6    +
  102   159  0   0.0%   1.447 GC:6    +
  127   141  0   0.0%   1.106 UG:6    +
    1   123  0   0.0%   0.214 UA:6    +
    1   104  0   0.0%   0.213 UA:6    +
   29   105  1   0.0%   0.047 GU:3    AU:2    +
   35    51  0   0.0%   0.040 UA:6    +
   37   105  0   0.0%   0.456 AU:6    +
   25   135  0   0.0%   0.053 UA:5    --:1    +
   35   125  0   0.0%   0.396 UG:6    +
    6    51  0   0.0%   0.041 UA:6    +
    5    52  0   0.0%   0.036 AU:6    +
    7    50  0   0.0%   0.106 AU:6    +
   62    67  1   0.0%   0.001 CG:3    UG:2    +
   90   153  0   0.0%   0.563 AU:6    +
   10   135  1   0.0%   0.355 GC:1    UA:4    +
   45   108  0   0.0%   1.345 GU:6    +
   39   157  0   0.0%   0.470 AU:6    +
  104   157  0   0.0%   0.968 AU:6    +
  129   160  0   0.0%   1.489 GC:6    +
   51   130  0   0.0%   0.093 AU:6    +
   58   127  0   0.0%   0.141 AU:6    +
  124   150  0   0.0%   1.049 UG:6    +
    1   103  0   0.0%   0.213 UA:6    +
   30    39  0   0.0%   0.033 UA:6    +
  123   151  0   0.0%   0.897 AU:6    +
   45   112  0   0.0%   0.971 GC:6    +
  108   125  0   0.0%   1.279 UG:6    +
  133   151  0   0.0%   0.607 AU:6    +
  105   115  0   0.0%   0.706 UA:6    +
   45   106  0   0.0%   1.328 GU:6    +
   49   120  0   0.0%   0.215 UA:6    +
   36   150  0   0.0%   0.865 CG:6    +
   33   109  0   0.0%   0.115 UG:6    +
   31   124  0   0.0%   0.098 AU:6    +
    6   104  0   0.0%   0.042 UA:6    +
   60    79  1   0.0%   0.133 GC:2    UA:3    +
   33    43  0   0.0%   0.144 UA:6    +
   94   153  0   0.0%   0.871 GU:6    +
    2   136  1   0.0%   0.101 GU:1    AU:4    +
   85   109  0   0.0%   0.386 UG:6    +
   76   105  0   0.0%   0.533 AU:6    +
   75   106  0   0.0%   0.382 GU:6    +
   25   120  0   0.0%   0.048 UA:5    --:1    +
    6   148  0   0.0%   0.064 UA:6    +
    7    16  0   0.0%   0.000 AU:6    +
   93   146  1   0.0%   0.964 GC:2    GU:3    +
    7   108  0   0.0%   0.107 AU:6    +
    1    45  0   0.0%   0.213 UG:6    +
    5   105  0   0.0%   0.036 AU:6    +
   31   106  0   0.0%   0.069 AU:6    +
  111   123  0   0.0%   0.978 UA:6    +
    6   120  0   0.0%   0.042 UA:6    +
    3    41  1   0.0%   0.045 GC:1    AU:4    +
    1   109  0   0.0%   0.213 UG:6    +
   30   144  0   0.0%   0.066 UG:6    +
    6   109  0   0.0%   0.043 UG:6    +
   40   108  0   0.0%   0.854 AU:6    +
   45   130  0   0.0%   1.270 GU:6    +
  102   130  0   0.0%   1.038 GU:6    +
   33    93  0   0.0%   0.113 UG:6    +
  144   160  0   0.0%   1.604 GC:6    +
   40   157  0   0.0%   0.538 AU:6    +
   30   125  0   0.0%   0.092 UG:6    +
   29    33  1   0.0%   0.100 GU:3    AU:2    +
   58    69  0   0.0%   0.004 AU:6    +
  110   138  1   0.0%   0.709 CG:1    UG:4    +
   45    49  0   0.0%   0.185 GU:6    +
   60   135  1   0.0%   0.081 GC:1    UA:4    +
   48   120  0   0.0%   0.518 UA:6    +
    9   136  1   0.0%   0.343 GU:4    AU:1    +
  102   160  0   0.0%   1.449 GC:6    +
   16   115  0   0.0%   0.005 UA:6    +
   29    35  1   0.0%   0.035 GU:3    AU:2    +
   91   127  0   0.0%   0.755 AU:6    +
   30   133  0   0.0%   0.071 UA:6    +
   49   123  0   0.0%   0.230 UA:6    +
   15   116  0   0.0%   0.037 UA:6    +
   28   102  0   0.0%   0.286 UG:6    +
   42   153  0   0.0%   0.141 AU:6    +
   33   144  0   0.0%   0.122 UG:6    +
   28    43  0   0.0%   0.286 UA:6    +
   67   101  0   0.0%   0.670 GU:6    +
    7    25  0   0.0%   0.001 AU:5    --:1    +
   29   101  1   0.0%   0.047 GU:3    AU:2    +
   59   140  1   0.0%   0.045 GU:1    AU:4    +
   94   160  0   0.0%   1.633 GC:6    +
   68   100  0   0.0%   0.652 UA:6    +
   61    67  0   0.0%   0.001 CG:6    +
   45    61  0   0.0%   0.165 GC:6    +
   33   150  0   0.0%   0.128 UG:6    +
   33   118  0   0.0%   0.121 UA:6    +
   55   144  0   0.0%   0.008 CG:6    +
   54   145  0   0.0%   0.009 UA:6    +
   30   100  0   0.0%   0.059 UA:6    +
   48   100  0   0.0%   0.837 UA:6    +
    7    15  0   0.0%   0.000 AU:6    +
   52   129  0   0.0%   0.080 UG:6    +
   51   124  0   0.0%   0.103 AU:6    +
    1   102  0   0.0%   0.213 UG:6    +
   16   134  1   0.0%   0.010 UG:4    UA:1    +
  108   129  0   0.0%   1.275 UG:6    +
   46   129  0   0.0%   1.140 UG:6    +
   53   146  1   0.0%   0.008 GC:2    GU:3    +
   25   104  0   0.0%   0.048 UA:5    --:1    +
   69    76  0   0.0%   0.199 UA:6    +
   40   111  0   0.0%   0.554 AU:6    +
   85   104  0   0.0%   0.371 UA:6    +
   31    35  0   0.0%   0.040 AU:6    +
  124   144  0   0.0%   0.970 UG:6    +
    6   134  1   0.0%   0.064 UG:4    UA:1    +
   50   125  0   0.0%   0.165 UG:6    +
  109   153  0   0.0%   1.772 GU:6    +
   29   107  2   0.0%   0.047 GC:1    GU:2    AU:1    +
    1    93  0   0.0%   0.213 UG:6    +
  100   111  0   0.0%   0.939 AU:6    +
   70   121  0   0.0%   0.027 GC:6    +
  108   154  0   0.0%   1.571 UA:6    +
   68   123  0   0.0%   0.348 UA:6    +
   24   136  1   0.0%   0.009 GU:4    UA:1    +
   67   124  0   0.0%   0.083 GU:6    +
   14   115  0   0.0%   0.176 UA:6    +
   29   153  1   0.0%   0.055 GU:3    AU:2    +
   68   103  0   0.0%   0.646 UA:6    +
   48    58  0   0.0%   0.045 UA:6    +
  141   151  0   0.0%   0.479 GU:6    +
   18   130  0   0.0%   0.014 AU:6    +
   28   154  0   0.0%   0.293 UA:6    +
   49    57  0   0.0%   0.024 UG:6    +
   25    31  0   0.0%   0.080 UA:5    --:1    +
    7   101  0   0.0%   0.106 AU:6    +
   67    99  0   0.0%   0.332 GC:6    +
   66   100  0   0.0%   0.357 UA:6    +
   52   123  0   0.0%   0.049 UA:6    +
  101   134  1   0.0%   1.235 UG:4    UA:1    +
    6    42  0   0.0%   0.041 UA:6    +
   29    48  1   0.0%   0.046 GU:3    AU:2    +
   91   153  0   0.0%   0.722 AU:6    +
   35    93  0   0.0%   0.045 UG:6    +
    6   102  0   0.0%   0.042 UG:6    +
   45    62  1   0.0%   0.165 GC:3    GU:2    +
   93   124  0   0.0%   1.007 GU:6    +
  125   160  0   0.0%   1.033 GC:6    +
   49   100  0   0.0%   0.539 UA:6    +
   25    93  0   0.0%   0.047 UG:5    --:1    +
   57    62  1   0.0%   0.003 GC:3    GU:2    +
    6    45  0   0.0%   0.042 UG:6    +
   14    93  0   0.0%   0.176 UG:6    +
    1   154  0   0.0%   0.245 UA:6    +
   50   100  0   0.0%   0.437 UA:6    +
   85    90  0   0.0%   0.553 UA:6    +
   81   106  0   0.0%   0.365 GU:6    +
    5    46  0   0.0%   0.037 AU:6    +
    3    89  1   0.0%   0.046 GU:1    AU:4    +
    1    94  0   0.0%   0.213 UG:6    +
   81    96  0   0.0%   0.117 GC:6    +
   68    76  0   0.0%   0.462 UA:6    +
   43   108  0   0.0%   0.811 AU:6    +
   82   105  0   0.0%   0.382 AU:6    +
   69    75  0   0.0%   0.065 UG:6    +
  118   153  0   0.0%   0.983 AU:6    +
   66   103  0   0.0%   0.350 UA:6    +
    2   110  1   0.0%   0.069 GC:1    AU:4    +
  123   153  0   0.0%   0.868 AU:6    +
   25   118  0   0.0%   0.049 UA:5    --:1    +
   63   124  0   0.0%   0.125 AU:6    +
   62   125  1   0.0%   0.086 CG:3    UG:2    +
   40    50  0   0.0%   0.091 AU:6    +
   41   142  1   0.0%   0.562 CG:1    UG:4    +
   76    85  0   0.0%   0.164 AU:6    +
   96   141  0   0.0%   0.435 CG:6    +
   67   121  0   0.0%   0.021 GC:6    +
   15    31  0   0.0%   0.070 UA:6    +
  124   145  0   0.0%   0.847 UA:6    +
   59   136  1   0.0%   0.060 GU:1    AU:4    +
   91   151  0   0.0%   0.722 AU:6    +
   69   102  0   0.0%   0.388 UG:6    +
    9   131  2   0.0%   0.353 GC:1    GU:1    AU:2    +
  104   153  0   0.0%   0.865 AU:6    +
    4    11  1   0.0%   0.000 CG:1    UG:4    +
   29   127  1   0.0%   0.079 GU:3    AU:2    +
   75    99  0   0.0%   0.356 GC:6    +
   11   131  2   0.0%   0.058 GC:1    GU:2    AU:1    +
   28   116  0   0.0%   0.286 UA:6    +
   16    91  0   0.0%   0.004 UA:6    +
   50   123  0   0.0%   0.128 UA:6    +
   10    34  1   0.0%   0.562 GU:1    UA:4    +
   27   132  1   0.0%   0.613 CG:1    UA:4    +
   53    61  0   0.0%   0.001 GC:6    +
   72    83  1   0.0%   0.034 GC:3    GU:2    +
   25    45  0   0.0%   0.047 UG:5    --:1    +
  124   141  0   0.0%   1.071 UG:6    +
  109   160  0   0.0%   2.066 GC:6    +
   94   157  0   0.0%   1.114 GU:6    +
  141   159  0   0.0%   1.192 GC:6    +
  101   144  0   0.0%   1.283 UG:6    +
  111   125  0   0.0%   0.978 UG:6    +
   53    62  1   0.0%   0.001 GC:3    GU:2    +
   68   120  0   0.0%   0.333 UA:6    +
   82   101  0   0.0%   0.674 AU:6    +
   37   157  0   0.0%   0.849 AU:6    +
  101   141  0   0.0%   1.259 UG:6    +
   32   132  1   0.0%   0.108 UG:1    UA:4    +
   48   129  0   0.0%   0.564 UG:6    +
   50    81  0   0.0%   0.008 UG:6    +
    7   130  0   0.0%   0.117 AU:6    +
   31   101  0   0.0%   0.068 AU:6    +
    9    89  1   0.0%   0.339 GU:3    AU:2    +
   49   116  0   0.0%   0.400 UA:6    +
    1     5  0   0.0%   0.000 UA:6    +
  109   152  1   0.0%   1.788 GC:3    GU:2    +
   10    88  1   0.0%   0.350 GC:2    UA:3    +
   30   102  0   0.0%   0.060 UG:6    +
   68   102  0   0.0%   0.652 UG:6    +
   52    63  0   0.0%   0.005 UA:6    +
  102   157  0   0.0%   1.258 GU:6    +
   20    24  1   0.0%   0.006 CG:4    GU:1    +
   30   154  0   0.0%   0.070 UA:6    +
   42   157  0   0.0%   0.141 AU:6    +
   81   108  0   0.0%   0.381 GU:6    +
  131   158  2   0.0%   1.067 UG:1    AU:2    UA:1    +
   10   161  1   0.0%   0.354 GU:1    UA:4    +
   48    92  3   0.5%   0.945 UG:1    UA:2    +
    1   128  2   0.3%   0.268 UG:1    UA:3    +
   49    92  3   0.5%   0.738 UG:1    UA:2    +
   42   131  3   0.7%   0.235 AU:3    +
   39    47  3   0.7%   0.153 AU:3    +
  106   122  2   0.6%   0.619 UA:4    +
  118   136  1   0.4%   1.415 AU:5    +
  117   137  1   0.4%   1.513 CG:5    +
  126   134  2   0.2%   0.725 CG:3    UG:1    +
   15    21  1   0.4%   0.252 UA:5    +
   47    95  2   0.2%   0.783 GU:1    UA:3    +
    3   126  3   0.4%   0.111 GC:1    AU:2    +
  115   140  1   0.4%   1.570 AU:5    +
  115   136  1   0.4%   1.564 AU:5    +
  111   128  2   0.2%   0.796 UG:1    UA:3    +
  114   137  1   0.4%   0.872 CG:5    +
   31    44  2   0.5%   0.123 AU:4    +
   94   113  2   0.2%   0.869 GC:1    GU:3    +
   45    89  1   0.3%   0.241 GU:5    +
   43    92  3   0.6%   0.151 AU:3    +
   93   131  2   0.2%   1.062 GC:1    GU:3    +
  143   158  3   0.1%   1.019 GU:1    UG:1    UA:1    +
  118   131  3   0.6%   1.590 AU:3    +
   98   154  1   0.3%   0.438 UA:5    +
   34   111  1   0.3%   0.321 AU:5    +
   46   135  1   0.3%   1.147 UA:5    +
   47    88  3   0.3%   0.141 GC:1    UA:2    +
   33   128  2   0.1%   0.155 UG:1    UA:3    +
   92   158  3   0.0%   1.206 GU:1    AU:1    UA:1    +
  136   158  3   0.0%   0.878 UG:1    AU:1    UA:1    +
  113   134  3   0.0%   1.188 CG:1    UG:1    UA:1    +
   89   158  3   0.0%   0.084 UG:1    AU:1    UA:1    +
   39    98  1   0.3%   0.122 AU:5    +
   19   126  3   0.0%   0.041 GC:1    GU:1    AU:1    +
   29    47  3   0.0%   0.047 GC:1    GU:1    AU:1    +
  137   147  3   0.0%   0.827 GC:1    GU:1    AU:1    +
  142   147  3   0.0%   0.827 GC:1    GU:1    AU:1    +
  152   158  3   0.0%   1.148 GU:1    UG:1    UA:1    +
   26   134  3   0.0%   0.361 GU:1    UG:1    UA:1    +
   98   158  3   0.0%   0.800 GU:1    UG:1    UA:1    +
   12    98  3   0.0%   0.003 CG:1    GU:1    AU:1    +
   12    29  3   0.0%   0.032 CG:1    UG:1    AU:1    +
   47   122  2   0.1%   0.815 GU:1    UA:3    +
   35   135  1   0.2%   0.419 UA:5    +
  112   138  1   0.2%   1.569 CG:5    +
  100   143  1   0.2%   0.999 AU:5    +
  100   107  2   0.4%   1.049 AU:4    +
   71   113  2   0.1%   0.029 GC:1    GU:3    +
  119   139  2   0.1%   1.128 UG:1    UA:3    +
   51    89  1   0.2%   0.081 AU:5    +
   98   145  1   0.2%   0.357 UA:5    +
   65   119  2   0.1%   0.182 GU:1    AU:3    +
   34   146  2   0.1%   0.306 AU:3    UA:1    +
   56    77  2   0.0%   0.154 UG:1    UA:3    +
   92   115  3   0.5%   1.146 UA:3    +
   26   124  2   0.0%   0.386 GU:1    AU:3    +
  107   132  2   0.0%   0.727 UG:1    UA:3    +
   24   126  2   0.0%   0.038 GC:3    GU:1    +
  106   128  2   0.0%   0.570 UG:1    UA:3    +
   34    47  2   0.0%   0.258 UG:1    AU:3    +
  102   131  2   0.0%   1.012 GC:1    GU:3    +
   43    98  1   0.2%   0.186 AU:5    +
   92   134  2   0.0%   1.017 UG:3    AU:1    +
  125   131  2   0.0%   1.358 GC:1    GU:3    +
  131   144  2   0.0%   0.968 CG:1    UG:3    +
   47   102  2   0.0%   0.959 CG:1    UG:3    +
  134   156  2   0.0%   0.803 GC:3    GU:1    +
  113   129  2   0.0%   0.872 CG:1    UG:3    +
   77   107  2   0.0%   0.387 GU:1    AU:3    +
    4    26  2   0.0%   0.004 CG:1    UA:3    +
  107   139  2   0.0%   0.928 UG:1    UA:3    +
   24   155  2   0.0%   0.012 GC:2    GU:2    +
   45   136  1   0.2%   1.242 GU:5    +
   56    74  2   0.0%   0.006 AU:2    UA:2    +
   26   153  2   0.0%   0.360 GU:1    AU:3    +
   13   134  2   0.0%   0.006 CG:3    UG:1    +
   47    81  2   0.0%   0.070 CG:1    UG:3    +
   40   110  2   0.3%   0.567 AU:4    +
  134   152  2   0.0%   0.705 GC:3    GU:1    +
   38    44  2   0.0%   0.126 GU:2    AU:2    +
   12    94  2   0.0%   0.004 CG:3    UG:1    +
   89   134  2   0.0%   0.121 UG:3    UA:1    +
    6   128  2   0.0%   0.082 UG:1    UA:3    +
  122   149  2   0.0%   0.865 AU:3    UA:1    +
   89   103  1   0.2%   0.422 UA:5    +
  101   128  2   0.0%   1.267 UG:1    UA:3    +
  124   128  2   0.0%   1.382 UG:1    UA:3    +
  107   128  2   0.0%   0.733 UG:1    UA:3    +
   45   131  2   0.0%   1.265 GC:1    GU:3    +
  137   149  2   0.0%   0.768 GU:3    AU:1    +
  113   141  2   0.0%   1.353 CG:1    UG:3    +
   12    23  2   0.0%   0.001 CG:3    UA:1    +
   35   128  2   0.0%   0.397 UG:1    UA:3    +
   59   110  2   0.0%   0.072 GU:1    AU:3    +
   53   131  2   0.0%   0.066 GC:1    GU:3    +
   88   158  2   0.0%   0.327 CG:1    AU:3    +
   44   132  2   0.0%   1.203 UG:1    UA:3    +
   47   113  2   0.0%   0.633 GU:2    UA:2    +
  108   128  2   0.0%   1.063 UG:1    UA:3    +
  142   149  2   0.0%   0.769 GU:3    AU:1    +
   87   107  2   0.0%   0.500 GU:1    AU:3    +
   46   128  2   0.0%   1.104 UG:1    UA:3    +
   26    41  2   0.0%   0.354 GC:1    AU:3    +
  139   149  2   0.0%   0.762 GU:1    AU:3    +
   44   128  2   0.0%   1.154 UG:1    UA:3    +
   13    24  2   0.0%   0.006 CG:3    UG:1    +
   26    33  2   0.0%   0.424 GU:1    AU:3    +
   74   113  2   0.0%   0.118 AU:2    UA:2    +
   47   125  2   0.0%   0.872 CG:1    UG:3    +
  140   147  2   0.0%   0.825 GC:1    UG:3    +
  113   149  2   0.0%   1.341 AU:2    UA:2    +
   26    46  2   0.0%   0.355 GU:1    AU:3    +
   47   144  2   0.0%   0.825 CG:1    UG:3    +
  105   128  2   0.0%   0.773 UG:1    UA:3    +
   38   119  2   0.0%   0.424 GU:2    AU:2    +
   10   122  2   0.0%   0.354 GU:1    UA:3    +
   34    92  2   0.0%   0.254 AU:3    UA:1    +
  109   113  2   0.0%   0.951 GC:1    GU:3    +
   10   113  2   0.0%   0.350 GU:2    UA:2    +
   26   105  2   0.0%   0.354 GU:1    AU:3    +
   29    89  2   0.0%   0.046 GU:3    AU:1    +
    2   119  2   0.0%   0.070 GU:1    AU:3    +
   44    87  2   0.0%   0.122 UG:1    UA:3    +
  140   154  1   0.2%   0.491 UA:5    +
   98   134  2   0.0%   0.326 UG:3    UA:1    +
    6    26  2   0.0%   0.002 UG:1    UA:3    +
   41    87  2   0.0%   0.085 UG:1    UA:3    +
   47   129  2   0.0%   0.866 CG:1    UG:3    +
  102   113  2   0.0%   0.773 GC:1    GU:3    +
   86    98  2   0.0%   0.130 CG:1    AU:3    +
   44   139  2   0.0%   1.163 UG:1    UA:3    +
  128   157  2   0.0%   0.881 GU:1    AU:3    +
    3   107  2   0.0%   0.045 GU:1    AU:3    +
   87   131  2   0.0%   0.185 GC:1    AU:3    +
    9    13  2   0.0%   0.000 GC:3    GU:1    +
   14   128  2   0.0%   0.195 UG:1    UA:3    +
   48   128  2   0.0%   0.527 UG:1    UA:3    +
  113   125  2   0.0%   0.531 CG:1    UG:3    +
    3   119  2   0.0%   0.046 GU:1    AU:3    +
   95   149  2   0.0%   0.562 AU:3    UA:1    +
  134   155  2   0.0%   0.795 GC:2    GU:2    +
   28   128  2   0.0%   0.310 UG:1    UA:3    +
    2    44  2   0.0%   0.068 GU:1    AU:3    +
   10    23  2   0.0%   0.002 UG:3    UA:1    +
    2   107  2   0.0%   0.069 GU:1    AU:3    +
   24    32  2   0.0%   0.051 GC:1    GU:3    +
   87   119  2   0.0%   0.288 GU:1    AU:3    +
   87   110  2   0.0%   0.153 GU:1    AU:3    +
   24   119  2   0.0%   0.008 GC:2    GU:2    +
   26   130  2   0.0%   0.370 GU:1    AU:3    +
   10    95  2   0.0%   0.350 GU:1    UA:3    +
   87   158  2   0.0%   0.122 GU:1    AU:3    +
   26    30  2   0.0%   0.385 GU:1    AU:3    +
   26    35  2   0.0%   0.358 GU:1    AU:3    +
  131   141  2   0.0%   1.063 CG:1    UG:3    +
   12   138  2   0.0%   0.003 CG:3    UG:1    +
   10   131  2   0.0%   0.364 GU:2    UA:2    +
  142   158  2   0.0%   1.341 GU:3    AU:1    +
   45   113  2   0.0%   0.972 GC:1    GU:3    +
   86   128  2   0.0%   0.072 AU:2    UA:2    +
  139   155  3   0.2%   0.589 GC:1    AU:2    +
  107   147  3   0.2%   1.629 CG:2    UG:1    +
  119   135  3   0.4%   1.235 UA:3    +
    2   131  3   0.2%   0.120 GU:1    AU:2    +
   60    76  2   0.3%   0.218 UA:4    +
   43   107  2   0.3%   0.829 AU:4    +
    5    32  1   0.1%   0.086 AU:5    +
   36   134  2   0.3%   0.896 CG:4    +
   44    90  2   0.3%   0.179 UA:4    +
  109   136  1   0.1%   1.504 GU:5    +
   34   127  1   0.1%   0.331 AU:5    +
   58    73  1   0.1%   0.026 AU:5    +
  103   140  1   0.1%   0.590 AU:5    +
  104   140  1   0.1%   0.822 AU:5    +
   64    73  1   0.1%   0.371 AU:5    +
  142   159  1   0.1%   1.213 GC:5    +
   49    88  3   0.3%   0.454 UA:3    +
  118   140  1   0.1%   1.369 AU:5    +
  104   143  1   0.1%   0.827 AU:5    +
   89   104  1   0.1%   0.436 UA:5    +
   42    89  1   0.1%   0.067 AU:5    +
  109   147  3   0.1%   2.147 GC:1    GU:2    +
    8    26  3   0.1%   0.015 CG:1    AU:2    +
   72   112  1   0.1%   0.047 GC:5    +
   32    40  1   0.1%   0.065 UA:5    +
   37   143  1   0.1%   0.856 AU:5    +
  115   143  1   0.1%   1.205 AU:5    +
   34   105  1   0.0%   0.265 AU:5    +
   89   102  1   0.0%   0.404 UG:5    +
   61    72  1   0.0%   0.040 CG:5    +
  128   134  3   0.0%   1.399 GU:1    UG:2    +
   92   122  3   0.0%   0.949 AU:1    UA:2    +
   32   118  1   0.0%   0.101 UA:5    +
   97   142  1   0.0%   0.201 CG:5    +
   47    86  3   0.0%   0.079 GC:1    UA:2    +
  121   137  1   0.0%   1.072 CG:5    +
   41   128  3   0.0%   0.548 CG:1    UA:2    +
  127   135  1   0.0%   1.204 UA:5    +
   32   148  1   0.0%   0.106 UA:5    +
   16    21  1   0.0%   0.203 UA:5    +
  103   113  3   0.3%   0.756 AU:3    +
   98   133  1   0.0%   0.319 UA:5    +
   97   137  1   0.0%   0.194 CG:5    +
   96   138  1   0.0%   0.440 CG:5    +
  140   150  1   0.0%   0.816 UG:5    +
  136   154  1   0.0%   0.499 UA:5    +
  137   159  1   0.0%   0.764 GC:5    +
  128   136  3   0.0%   1.200 GU:1    AU:2    +
   96   142  1   0.0%   0.441 CG:5    +
   42    98  1   0.0%   0.142 AU:5    +
   84   108  1   0.0%   0.388 AU:5    +
  113   140  3   0.0%   1.359 UG:1    AU:2    +
   89   116  1   0.0%   0.286 UA:5    +
   11   117  1   0.0%   0.050 GC:5    +
   43    89  1   0.0%   0.054 AU:5    +
   82    98  1   0.0%   0.096 AU:5    +
  117   138  1   0.0%   1.469 CG:5    +
    6    34  1   0.0%   0.253 UA:5    +
   99   137  1   0.0%   0.881 CG:5    +
  100   136  1   0.0%   0.937 AU:5    +
  118   143  1   0.0%   1.011 AU:5    +
   92   106  3   0.0%   1.128 GU:1    AU:2    +
   34    46  1   0.0%   0.261 AU:5    +
   92   127  3   0.0%   0.976 GU:1    AU:2    +
  130   135  1   0.0%   1.449 UA:5    +
   40   140  1   0.0%   0.540 AU:5    +
   38   131  3   0.0%   0.436 GU:2    AU:1    +
   89   109  1   0.0%   0.446 UG:5    +
  124   135  1   0.0%   1.166 UA:5    +
  123   140  1   0.0%   1.253 AU:5    +
   40    89  1   0.0%   0.096 AU:5    +
  101   135  1   0.0%   1.230 UA:5    +
   14   135  1   0.0%   0.182 UA:5    +
  113   132  3   0.0%   0.578 UG:1    UA:2    +
   91    98  1   0.0%   0.589 AU:5    +
   50    92  3   0.0%   0.620 UG:1    UA:2    +
   21   108  1   0.0%   0.202 AU:5    +
  108   135  1   0.0%   1.414 UA:5    +
   89   115  1   0.0%   0.242 UA:5    +
   23    97  1   0.0%   0.006 GC:5    +
   89   125  1   0.0%   0.146 UG:5    +
  100   119  2   0.2%   0.881 AU:4    +
  114   138  1   0.0%   0.853 CG:5    +
  123   136  1   0.0%   1.287 AU:5    +
  129   136  1   0.0%   1.615 GU:5    +
   92   101  3   0.0%   1.642 GU:1    AU:2    +
  121   142  1   0.0%   1.076 CG:5    +
  120   143  1   0.0%   0.697 AU:5    +
  116   136  1   0.0%   1.436 AU:5    +
    1   135  1   0.0%   0.246 UA:5    +
   63    73  1   0.0%   0.086 AU:5    +
  112   142  1   0.0%   1.579 CG:5    +
   99   138  1   0.0%   0.879 CG:5    +
   21   157  1   0.0%   0.202 AU:5    +
   89    94  1   0.0%   0.306 UG:5    +
   93    98  1   0.0%   0.532 GU:5    +
   91   136  1   0.0%   0.740 AU:5    +
   92   107  3   0.0%   1.142 GU:1    AU:2    +
   43   136  1   0.0%   0.627 AU:5    +
   84   101  1   0.0%   0.677 AU:5    +
   98   104  1   0.0%   0.594 UA:5    +
   89    93  1   0.0%   0.473 UG:5    +
  129   140  1   0.0%   1.578 GU:5    +
   48   135  1   0.0%   0.551 UA:5    +
   34   101  1   0.0%   0.255 AU:5    +
  113   139  3   0.0%   1.375 UG:1    UA:2    +
  114   142  1   0.0%   0.905 CG:5    +
  135   151  1   0.0%   0.575 AU:5    +
   72    96  1   0.0%   0.149 GC:5    +
   98   103  1   0.0%   0.577 UA:5    +
   98   123  1   0.0%   0.265 UA:5    +
  136   150  1   0.0%   0.847 UG:5    +
   41   103  2   0.2%   0.475 UA:4    +
   37   136  1   0.0%   0.848 AU:5    +
   14    92  3   0.0%   0.177 UG:1    UA:2    +
    8   127  1   0.0%   0.466 AU:5    +
   92   108  3   0.0%   1.143 GU:1    AU:2    +
   32    39  1   0.0%   0.051 UA:5    +
   39    89  1   0.0%   0.071 AU:5    +
  110   128  3   0.0%   0.748 CG:1    UA:2    +
   92   105  3   0.0%   1.143 GU:1    AU:2    +
  121   138  1   0.0%   1.044 CG:5    +
   34   128  3   0.0%   0.318 UG:1    AU:2    +
  143   148  1   0.0%   0.472 UA:5    +
   34   106  1   0.0%   0.259 AU:5    +
   40   136  1   0.0%   0.541 AU:5    +
   98   125  1   0.0%   0.306 UG:5    +
   89   118  1   0.0%   0.276 UA:5    +
   36   137  1   0.0%   0.858 CG:5    +
   32   104  1   0.0%   0.088 UA:5    +
  141   147  3   0.0%   0.820 GC:1    GU:2    +
   98   116  1   0.0%   0.441 UA:5    +
  143   150  1   0.0%   0.456 UG:5    +
   17    29  3   0.0%   0.031 CG:2    AU:1    +
   93   147  3   0.0%   0.964 GC:1    GU:2    +
   37    98  1   0.0%   0.138 AU:5    +
   47   136  3   0.0%   0.837 GU:2    UA:1    +
   92   130  3   0.0%   1.013 GU:1    AU:2    +
  140   148  1   0.0%   0.828 UA:5    +
   90   136  1   0.0%   0.580 AU:5    +
   89   133  1   0.0%   0.103 UA:5    +
  131   136  3   0.0%   1.105 AU:2    UA:1    +
   90    98  1   0.0%   0.638 AU:5    +
    1   161  1   0.0%   0.245 UA:5    +
   32    91  1   0.0%   0.087 UA:5    +
   98   131  3   0.0%   0.502 GC:1    UA:2    +
   36   138  1   0.0%   0.858 CG:5    +
   89   128  3   0.0%   0.103 UG:1    UA:2    +
    8    33  1   0.0%   0.513 AU:5    +
  143   149  3   0.0%   0.412 GU:1    UA:2    +
   32   116  1   0.0%   0.089 UA:5    +
   98   129  1   0.0%   0.569 UG:5    +
   34   130  1   0.0%   0.310 AU:5    +
   89   120  1   0.0%   0.093 UA:5    +
   47   147  3   0.0%   0.825 GC:1    UG:2    +
   86    94  3   0.0%   0.298 CG:1    UG:2    +
   32   103  1   0.0%   0.087 UA:5    +
   35   161  1   0.0%   0.393 UA:5    +
  103   136  1   0.0%   0.552 AU:5    +
  133   140  1   0.0%   0.963 AU:5    +
   25    34  1   0.0%   0.258 UA:4    --:1    +
   37    89  1   0.0%   0.129 AU:5    +
   34    48  1   0.0%   0.252 AU:5    +
   23    36  1   0.0%   0.003 GC:5    +
  102   143  1   0.0%   0.799 GU:5    +
   97   138  1   0.0%   0.189 CG:5    +
   21   124  1   0.0%   0.222 AU:5    +
   13    19  3   0.0%   0.002 CG:2    UA:1    +
  120   136  1   0.0%   1.084 AU:5    +
   98   115  1   0.0%   0.425 UA:5    +
    8   130  1   0.0%   0.454 AU:5    +
    8    30  1   0.0%   0.472 AU:5    +
   89   100  1   0.0%   0.395 UA:5    +
   39   136  1   0.0%   0.473 AU:5    +
   34   124  1   0.0%   0.309 AU:5    +
   92   153  3   0.0%   0.972 GU:1    AU:2    +
    8   106  1   0.0%   0.443 AU:5    +
   86    93  3   0.0%   0.465 CG:1    UG:2    +
   16   135  1   0.0%   0.009 UA:5    +
  140   145  1   0.0%   0.608 UA:5    +
   31    89  1   0.0%   0.068 AU:5    +
   28    92  3   0.0%   0.286 UG:1    UA:2    +
   38    92  3   0.0%   0.064 GU:1    AU:2    +
   44   147  3   0.0%   1.166 CG:2    UG:1    +
   32   133  1   0.0%   0.101 UA:5    +
   98   102  1   0.0%   0.635 UG:5    +
    4   128  3   0.0%   0.073 CG:1    UA:2    +
   10    98  3   0.0%   0.350 GU:2    UG:1    +
  109   143  1   0.0%   1.782 GU:5    +
   11    97  1   0.0%   0.045 GC:5    +
   98   118  1   0.0%   0.436 UA:5    +
   95   146  3   0.0%   0.564 AU:2    UA:1    +
   21   127  1   0.0%   0.223 AU:5    +
   42   136  1   0.0%   0.144 AU:5    +
   34   108  1   0.0%   0.260 AU:5    +
   80    88  3   0.0%   0.376 GC:1    UA:2    +
  147   155  3   0.0%   0.802 GC:2    GU:1    +
   11   121  1   0.0%   0.048 GC:5    +
    8   105  1   0.0%   0.443 AU:5    +
  139   146  3   0.0%   0.810 GU:1    AU:2    +
   98   109  1   0.0%   0.803 UG:5    +
   49   135  1   0.0%   0.241 UA:5    +
   45    98  1   0.0%   0.707 GU:5    +
    3   136  1   0.0%   0.078 AU:5    +
   66    84  1   0.0%   0.013 UA:5    +
   42   140  1   0.0%   0.141 AU:5    +
   73   116  1   0.0%   0.271 UA:5    +
  138   160  1   0.0%   1.178 GC:5    +
  136   148  1   0.0%   0.864 UA:5    +
   72   117  1   0.0%   0.254 GC:5    +
    6   135  1   0.0%   0.065 UA:5    +
   98   113  3   0.0%   0.426 GU:1    UA:2    +
   86   102  3   0.0%   0.386 CG:1    UG:2    +
   46   161  1   0.0%   1.097 UA:5    +
   98   120  1   0.0%   0.249 UA:5    +
    7    89  1   0.0%   0.106 AU:5    +
    8    25  1   0.0%   0.002 AU:4    --:1    +
   70    98  1   0.0%   0.096 GU:5    +
    5    89  1   0.0%   0.036 AU:5    +
   11   112  1   0.0%   0.045 GC:5    +
   89   154  1   0.0%   0.082 UA:5    +
   32   115  1   0.0%   0.087 UA:5    +
   87    98  1   0.0%   0.209 AU:5    +
   96   137  1   0.0%   0.435 CG:5    +
   31   143  1   0.0%   0.078 AU:5    +
   11    96  1   0.0%   0.044 GC:5    +
  102   136  1   0.0%   0.799 GU:5    +
   59   126  3   0.0%   0.072 GC:1    AU:2    +
   33   135  1   0.0%   0.125 UA:5    +
    5   136  1   0.0%   0.060 AU:5    +
   26    92  3   0.0%   0.354 AU:2    UA:1    +
    3   131  3   0.0%   0.088 GU:1    AU:2    +
  136   142  1   0.0%   0.875 UG:5    +
   37   140  1   0.0%   0.844 AU:5    +
    8    15  1   0.0%   0.000 AU:5    +
    8    49  1   0.0%   0.442 AU:5    +
  125   136  1   0.0%   1.158 GU:5    +
   32   123  1   0.0%   0.114 UA:5    +
   11    99  1   0.0%   0.045 GC:5    +
   32    37  1   0.0%   0.054 UA:5    +
    8   128  3   0.0%   0.462 CG:1    AU:2    +
   89   113  3   0.0%   0.073 AU:1    UA:2    +
   28    34  1   0.0%   0.489 UA:5    +
  117   142  1   0.0%   1.501 CG:5    +
   89   129  1   0.0%   0.140 UG:5    +
  125   143  1   0.0%   0.766 GU:5    +
   30    34  1   0.0%   0.244 UA:5    +
   30   135  1   0.0%   0.069 UA:5    +
   93   136  1   0.0%   0.978 GU:5    +
   89   123  1   0.0%   0.107 UA:5    +
    8    14  1   0.0%   0.000 AU:5    +
   92   111  3   0.0%   0.802 GU:1    AU:2    +
  116   143  1   0.0%   1.068 AU:5    +
   43   140  1   0.0%   0.623 AU:5    +
  142   160  1   0.0%   1.207 GC:5    +
  136   141  1   0.0%   0.867 UG:5    +
   61   138  1   0.0%   0.028 CG:5    +
    1     8  1   0.0%   0.000 UA:5    +
   94   147  3   0.0%   0.817 GC:1    GU:2    +
  135   157  1   0.0%   0.649 AU:5    +
   45    86  3   0.0%   0.166 GC:1    GU:2    +
    7    32  1   0.0%   0.150 AU:5    +
  126   139  3   0.0%   0.478 CG:1    UA:2    +
   34    86  3   0.0%   0.252 AU:2    UA:1    +
  131   140  3   0.0%   1.068 UG:1    AU:2    +
   54   135  1   0.0%   0.041 UA:5    +
  128   161  3   0.0%   1.002 AU:1    UA:2    +
  116   140  1   0.0%   1.419 AU:5    +
   81    86  3   0.0%   0.040 GC:1    GU:2    +
    6   161  1   0.0%   0.064 UA:5    +
   63   136  1   0.0%   0.064 AU:5    +
   48   161  1   0.0%   0.516 UA:5    +
   15   135  1   0.0%   0.042 UA:5    +
   11    36  1   0.0%   0.044 GC:5    +
  132   140  1   0.0%   0.643 AU:5    +
   98   141  1   0.0%   0.284 UG:5    +
   87   126  3   0.0%   0.151 GC:1    AU:2    +
   32   145  1   0.0%   0.097 UA:5    +
   84   105  1   0.0%   0.383 AU:5    +
  125   140  1   0.0%   1.122 GU:5    +
   34    52  1   0.0%   0.252 AU:5    +
   32    42  1   0.0%   0.061 UA:5    +
  101   161  1   0.0%   1.869 UA:5    +
    8   124  1   0.0%   0.464 AU:5    +
  105   161  1   0.0%   1.298 UA:5    +
   23   160  1   0.0%   0.009 GC:5    +
   34    49  1   0.0%   0.252 AU:5    +
   35    92  3   0.0%   0.045 UG:1    UA:2    +
   92   119  3   0.0%   1.096 GU:1    AU:2    +
  122   146  3   0.0%   0.911 AU:2    UA:1    +
    1    92  3   0.0%   0.213 UG:1    UA:2    +
   28   135  1   0.0%   0.295 UA:5    +
   33   161  1   0.0%   0.126 UA:5    +
   99   142  1   0.0%   0.944 CG:5    +
   94   136  1   0.0%   0.831 GU:5    +
  133   143  1   0.0%   0.607 AU:5    +
  106   161  1   0.0%   1.065 UA:5    +
  102   140  1   0.0%   0.817 GU:5    +
   53   136  1   0.0%   0.020 GU:5    +
   75    86  3   0.0%   0.062 GC:1    GU:2    +
   15    92  3   0.0%   0.036 UG:1    UA:2    +
   31   136  1   0.0%   0.078 AU:5    +
   11   114  1   0.0%   0.045 GC:5    +
  124   161  1   0.0%   0.916 UA:5    +
   73    82  1   0.0%   0.059 UA:5    +
   88   128  3   0.0%   0.356 CG:1    AU:2    +
   76    98  1   0.0%   0.247 AU:5    +
   39   140  1   0.0%   0.469 AU:5    +
  131   139  3   0.0%   1.065 UG:1    UA:2    +
   92   147  3   0.0%   0.974 UG:2    AU:1    +
  130   161  1   0.0%   1.196 UA:5    +
  108   161  1   0.0%   1.792 UA:5    +
   98   150  1   0.0%   0.418 UG:5    +
   40   143  1   0.0%   0.541 AU:5    +
    8    16  1   0.0%   0.000 AU:5    +
   71    98  1   0.0%   0.102 GU:5    +
    8   108  1   0.0%   0.444 AU:5    +
   72    97  1   0.0%   0.038 GC:5    +
   29   126  3   0.0%   0.079 GC:1    GU:2    +
   92   151  3   0.0%   0.972 GU:1    AU:2    +
   11   160  1   0.0%   0.047 GC:5    +
    7   136  1   0.0%   0.107 AU:5    +
   51    98  1   0.0%   0.114 AU:5    +
   32   100  1   0.0%   0.085 UA:5    +
   92   124  3   0.0%   1.009 GU:1    AU:2    +
   47   103  3   0.2%   0.984 UA:3    +
   92   154  3   0.2%   1.013 UA:3    +
  104   149  2   0.1%   1.183 AU:4    +
   34   110  2   0.1%   0.280 AU:4    +
  119   133  2   0.1%   1.213 UA:4    +
   63    74  2   0.1%   0.159 AU:4    +
   41   100  2   0.1%   0.135 UA:4    +
   92   133  3   0.2%   1.014 UA:3    +
   41   120  2   0.1%   0.522 UA:4    +
   59    74  2   0.1%   0.148 AU:4    +
   39   131  3   0.2%   0.504 AU:3    +
   35    95  2   0.1%   0.064 UA:4    +
  110   135  2   0.1%   0.927 UA:4    +
   49    86  3   0.1%   0.054 UA:3    +
   31   119  2   0.1%   0.084 AU:4    +
   28   122  2   0.1%   0.301 UA:4    +
   41    90  2   0.1%   0.100 UA:4    +
   42   119  2   0.1%   0.115 AU:4    +
   31    41  2   0.1%   0.051 AU:4    +
   57    74  2   0.1%   0.018 GU:4    +
  110   145  2   0.1%   1.195 UA:4    +
   48    95  2   0.1%   0.652 UA:4    +
  107   120  2   0.1%   0.684 UA:4    +
   27   123  2   0.1%   0.630 UA:4    +
  110   133  2   0.1%   0.933 UA:4    +
   64    74  2   0.1%   0.430 AU:4    +
   41    95  3   0.1%   0.138 UA:3    +
  103   119  2   0.0%   0.715 AU:4    +
   95   157  2   0.0%   0.738 AU:4    +
   41   123  2   0.0%   0.540 UA:4    +
  122   127  2   0.0%   0.471 AU:4    +
   37    92  3   0.1%   0.155 AU:3    +
  140   161  2   0.0%   1.013 UA:4    +
   91   119  2   0.0%   0.886 AU:4    +
   41    51  2   0.0%   0.091 UA:4    +
   37    56  2   0.0%   0.133 AU:4    +
   97   134  2   0.0%   0.234 CG:4    +
  110   118  2   0.0%   1.257 UA:4    +
    4    34  2   0.0%   0.243 UA:4    +
   31   149  2   0.0%   0.086 AU:4    +
   44   115  2   0.0%   0.934 UA:4    +
   34   136  2   0.0%   0.300 AU:4    +
   90   158  2   0.0%   0.572 AU:4    +
  138   158  2   0.0%   0.832 GU:4    +
   99   134  2   0.0%   0.924 CG:4    +
   89   135  2   0.0%   0.122 UA:4    +
   49    95  2   0.0%   0.356 UA:4    +
  107   148  2   0.0%   1.629 UA:4    +
   42    92  3   0.1%   0.087 AU:3    +
   98   135  2   0.0%   0.325 UA:4    +
   46    88  3   0.1%   0.110 UA:3    +
   10   118  2   0.0%   0.357 UA:4    +
  110   134  2   0.0%   0.940 UG:4    +
   37   107  2   0.0%   0.458 AU:4    +
   82   110  2   0.0%   0.039 AU:4    +
   95   153  2   0.0%   0.628 AU:4    +
    7    27  2   0.0%   0.007 AU:4    +
  107   118  2   0.0%   0.977 UA:4    +
   45    88  3   0.1%   0.188 GC:3    +
   80   100  2   0.0%   0.413 UA:4    +
   40    47  3   0.1%   0.159 AU:3    +
   91   107  2   0.0%   1.089 AU:4    +
   78   106  2   0.0%   0.367 AU:4    +
  141   149  2   0.0%   0.764 GU:4    +
   44   103  2   0.0%   1.246 UA:4    +
   96   147  3   0.1%   0.487 CG:3    +
   27    43  2   0.0%   0.600 UA:4    +
  106   147  3   0.1%   1.189 UG:3    +
   44   120  2   0.0%   1.131 UA:4    +
  105   122  2   0.0%   0.731 UA:4    +
   10    19  2   0.0%   0.004 UA:4    +
    8    32  2   0.0%   0.490 AU:4    +
   95   106  2   0.0%   0.537 AU:4    +
   80   104  2   0.0%   0.427 UA:4    +
  145   149  2   0.0%   0.543 AU:4    +
   60    75  2   0.0%   0.029 UG:4    +
   39    44  2   0.0%   0.128 AU:4    +
   44   123  2   0.0%   1.148 UA:4    +
  110   115  2   0.0%   0.745 UA:4    +
   90   131  3   0.1%   0.638 AU:3    +
   95   127  2   0.0%   0.440 AU:4    +
  103   107  2   0.0%   0.765 AU:4    +
  107   115  2   0.0%   0.626 UA:4    +
   24    96  2   0.0%   0.007 GC:4    +
   17   102  2   0.0%   0.004 CG:4    +
    5    44  2   0.0%   0.037 AU:4    +
    9   121  2   0.0%   0.344 GC:4    +
   91   110  2   0.0%   0.742 AU:4    +
   10   120  2   0.0%   0.355 UA:4    +
   92   132  3   0.1%   1.034 UA:3    +
   21    98  2   0.0%   0.200 AU:4    +
    6    24  2   0.0%   0.003 UG:4    +
   60    77  2   0.0%   0.049 UA:4    +
   44   104  2   0.0%   1.266 UA:4    +
   95   105  2   0.0%   0.552 AU:4    +
   41    91  2   0.0%   0.094 UA:4    +
   39   107  2   0.0%   0.796 AU:4    +
   25    95  2   0.0%   0.048 UA:3    --:1    +
   56    75  2   0.0%   0.008 UG:4    +
   51   119  2   0.0%   0.188 AU:4    +
  121   134  2   0.0%   1.285 CG:4    +
   40   119  2   0.0%   0.529 AU:4    +
   57    80  2   0.0%   0.158 GU:4    +
   95   124  2   0.0%   0.468 AU:4    +
   40    44  2   0.0%   0.159 AU:4    +
  132   158  2   0.0%   0.643 AU:4    +
  102   149  2   0.0%   1.440 GU:4    +
   37    41  2   0.0%   0.051 AU:4    +
   41   135  2   0.0%   0.579 UA:4    +
   96   134  2   0.0%   0.478 CG:4    +
   76   107  2   0.0%   0.536 AU:4    +
   89   161  2   0.0%   0.086 UA:4    +
   60    71  2   0.0%   0.002 UG:4    +
   94   158  2   0.0%   1.080 GU:4    +
   78   105  2   0.0%   0.380 AU:4    +
  118   149  2   0.0%   1.298 AU:4    +
  120   131  3   0.1%   1.289 AU:3    +
   34    89  2   0.0%   0.254 AU:4    +
   74    94  2   0.0%   0.369 UG:4    +
   24   106  2   0.0%   0.006 GU:4    +
  134   160  2   0.0%   0.985 GC:4    +
   90   107  2   0.0%   0.929 AU:4    +
  103   110  2   0.0%   0.536 AU:4    +
   90   119  2   0.0%   0.720 AU:4    +
   41   118  2   0.0%   0.507 UA:4    +
  100   110  2   0.0%   0.857 AU:4    +
   63   107  2   0.0%   0.422 AU:4    +
   56   115  2   0.0%   0.376 UA:4    +
   10    31  2   0.0%   0.385 UA:4    +
   41   133  2   0.0%   0.566 UA:4    +
  110   148  2   0.0%   1.433 UA:4    +
   45   149  2   0.0%   1.219 GU:4    +
   74   109  2   0.0%   0.486 UG:4    +
   27   116  2   0.0%   0.599 UA:4    +
   44    51  2   0.0%   0.124 UA:4    +
   37    74  2   0.0%   0.128 AU:4    +
  144   149  2   0.0%   0.663 GU:4    +
  115   119  2   0.0%   0.995 AU:4    +
   85    95  2   0.0%   0.170 UA:4    +
  119   148  2   0.0%   1.121 UA:4    +
   44   133  2   0.0%   1.164 UA:4    +
  109   149  2   0.0%   2.085 GU:4    +
  107   145  2   0.0%   1.373 UA:4    +
   27    40  2   0.0%   0.596 UA:4    +
  103   149  2   0.0%   1.187 AU:4    +
   10   125  2   0.0%   0.376 UG:4    +
   24    35  2   0.0%   0.009 GU:4    +
   39   119  2   0.0%   0.465 AU:4    +
   95   101  2   0.0%   1.048 AU:4    +
   91   149  2   0.0%   0.725 AU:4    +
   51    60  2   0.0%   0.005 AU:4    +
   27   134  2   0.0%   0.606 UG:4    +
  135   140  2   0.0%   0.930 AU:4    +
   65    74  2   0.0%   0.116 AU:4    +
    9    97  2   0.0%   0.339 GC:4    +
   42   149  2   0.0%   0.143 AU:4    +
   49   122  2   0.0%   0.205 UA:4    +
   41   161  2   0.0%   0.563 UA:4    +
    8    98  2   0.0%   0.443 AU:4    +
    4   135  2   0.0%   0.066 UA:4    +
  110   123  2   0.0%   0.962 UA:4    +
  145   158  2   0.0%   1.264 AU:4    +
    7   107  2   0.0%   0.106 AU:4    +
   41   134  2   0.0%   0.582 UG:4    +
  149   154  2   0.0%   0.648 UA:4    +
  122   130  2   0.0%   1.442 AU:4    +
    9    99  2   0.0%   0.339 GC:4    +
  111   122  2   0.0%   0.828 UA:4    +
   27   133  2   0.0%   0.607 UA:4    +
   43   110  2   0.0%   0.466 AU:4    +
   10   104  2   0.0%   0.351 UA:4    +
   11    17  2   0.0%   0.000 GC:4    +
   27   104  2   0.0%   0.599 UA:4    +
  134   159  2   0.0%   0.981 GC:4    +
   50    95  2   0.0%   0.251 UA:4    +
   24    41  2   0.0%   0.004 GU:4    +
   74   115  2   0.0%   0.285 UA:4    +
   50    78  2   0.0%   0.008 UA:4    +
    9   114  2   0.0%   0.339 GC:4    +
   60   123  2   0.0%   0.081 UA:4    +
   54    95  2   0.0%   0.165 UA:4    +
   64   107  2   0.0%   0.692 AU:4    +
  115   149  2   0.0%   1.491 AU:4    +
   42   107  2   0.0%   0.429 AU:4    +
   52   122  2   0.0%   0.024 UA:4    +
    5   119  2   0.0%   0.037 AU:4    +
   40   107  2   0.0%   0.855 AU:4    +
   10    18  2   0.0%   0.000 UA:4    +
   56    93  2   0.0%   0.632 UG:4    +
   27    91  2   0.0%   0.598 UA:4    +
   48   122  2   0.0%   0.507 UA:4    +
   37   119  2   0.0%   0.814 AU:4    +
   70    80  2   0.0%   0.067 GU:4    +
   42   158  2   0.0%   0.140 AU:4    +
    4    90  2   0.0%   0.032 UA:4    +
    4   133  2   0.0%   0.066 UA:4    +
  144   158  2   0.0%   1.748 GU:4    +
  103   158  2   0.0%   1.281 AU:4    +
   39   110  2   0.0%   0.449 AU:4    +
   31   107  2   0.0%   0.069 AU:4    +
   32   135  2   0.0%   0.099 UA:4    +
   38   158  2   0.0%   0.420 AU:4    +
    7   119  2   0.0%   0.106 AU:4    +
   27   135  2   0.0%   0.605 UA:4    +
   51    56  2   0.0%   0.007 AU:4    +
   10   123  2   0.0%   0.374 UA:4    +
    4   120  2   0.0%   0.033 UA:4    +
    9   117  2   0.0%   0.339 GC:4    +
  148   158  2   0.0%   1.110 AU:4    +
    5   149  2   0.0%   0.059 AU:4    +
   24   121  2   0.0%   0.006 GC:4    +
   10   100  2   0.0%   0.350 UA:4    +
    4   104  2   0.0%   0.032 UA:4    +
    6   122  2   0.0%   0.042 UA:4    +
   39   158  2   0.0%   0.469 AU:4    +
    1   122  2   0.0%   0.214 UA:4    +
   34   143  2   0.0%   0.295 AU:4    +
   67    74  2   0.0%   0.110 GU:4    +
   17   129  2   0.0%   0.011 CG:4    +
   52    78  2   0.0%   0.005 UA:4    +
  125   149  2   0.0%   1.053 GU:4    +
   33   122  2   0.0%   0.119 UA:4    +
    4   134  2   0.0%   0.065 UG:4    +
   61   134  2   0.0%   0.070 CG:4    +
   80    87  2   0.0%   0.178 UA:4    +
   27    34  2   0.0%   0.804 UA:4    +
   68    78  2   0.0%   0.307 UA:4    +
   95   108  2   0.0%   0.548 AU:4    +
   60   139  2   0.0%   0.046 UA:4    +
   37   158  2   0.0%   0.848 AU:4    +
   60   109  2   0.0%   0.418 UG:4    +
   37   149  2   0.0%   0.851 AU:4    +
   55   134  2   0.0%   0.046 CG:4    +
   35   122  2   0.0%   0.374 UA:4    +
    4   161  2   0.0%   0.065 UA:4    +
   10   116  2   0.0%   0.351 UA:4    +
  110   154  2   0.0%   1.062 UA:4    +
    7    41  2   0.0%   0.106 AU:4    +
   41   154  2   0.0%   0.563 UA:4    +
   56   133  2   0.0%   0.235 UA:4    +
   84   110  2   0.0%   0.039 AU:4    +
  135   143  2   0.0%   0.573 AU:4    +
   58    80  2   0.0%   0.158 AU:4    +
   44   116  2   0.0%   0.929 UA:4    +
    4    40  2   0.0%   0.030 UA:4    +
    8    41  2   0.0%   0.443 AU:4    +
    5   110  2   0.0%   0.038 AU:4    +
    4    37  2   0.0%   0.031 UA:4    +
   41   116  2   0.0%   0.501 UA:4    +
   60   125  2   0.0%   0.118 UG:4    +
   69   122  2   0.0%   0.059 UA:4    +
    5    27  2   0.0%   0.003 AU:4    +
   27   103  2   0.0%   0.599 UA:4    +
    4   123  2   0.0%   0.032 UA:4    +
   90   110  2   0.0%   0.584 AU:4    +
    4     9  2   0.0%   0.000 UG:4    +
    3    10  2   0.0%   0.000 AU:4    +
    9    17  2   0.0%   0.000 GC:4    +
   24   159  2   0.0%   0.010 GC:4    +
   49    78  2   0.0%   0.021 UA:4    +
   10    37  2   0.0%   0.351 UA:4    +
   80   103  2   0.0%   0.402 UA:4    +
  143   161  2   0.0%   0.890 UA:4    +
   60    67  2   0.0%   0.001 UG:4    +
    9    96  2   0.0%   0.338 GC:4    +
    4   118  2   0.0%   0.032 UA:4    +
   41   115  2   0.0%   0.501 UA:4    +
    9   160  2   0.0%   0.343 GC:4    +
   24   105  2   0.0%   0.005 GU:4    +
   46   122  2   0.0%   1.069 UA:4    +
   37   110  2   0.0%   0.814 AU:4    +
   10   132  2   0.0%   0.364 UA:4    +
   59    80  2   0.0%   0.103 AU:4    +
   27    39  2   0.0%   0.596 UA:4    +
  119   145  2   0.0%   0.902 UA:4    +
   56    63  2   0.0%   0.003 UA:4    +
   31   110  2   0.0%   0.070 AU:4    +
   14    24  2   0.0%   0.178 UG:4    +
   44    63  2   0.0%   0.121 UA:4    +
   51    80  2   0.0%   0.004 AU:4    +
   50   122  2   0.0%   0.102 UA:4    +
   74    87  2   0.0%   0.228 UA:4    +
  137   158  2   0.0%   0.849 GU:4    +
    5    10  2   0.0%   0.000 AU:4    +
   74    81  2   0.0%   0.112 UG:4    +
    2   158  2   0.0%   0.101 AU:4    +
  150   158  2   0.0%   1.462 GU:4    +
   75    80  2   0.0%   0.084 GU:4    +
   66   122  2   0.0%   0.027 UA:4    +
   93   149  2   0.0%   0.963 GU:4    +
   43   158  2   0.0%   0.621 AU:4    +
    7    44  2   0.0%   0.106 AU:4    +
    4    91  2   0.0%   0.031 UA:4    +
   74   100  2   0.0%   0.458 UA:4    +
  154   158  2   0.0%   0.996 AU:4    +
   64   119  2   0.0%   0.480 AU:4    +
   10   115  2   0.0%   0.350 UA:4    +
   76    80  2   0.0%   0.217 AU:4    +
   28    95  2   0.0%   0.285 UA:4    +
    5    41  2   0.0%   0.035 AU:4    +
   94   149  2   0.0%   0.816 GU:4    +
  113   137  3   0.1%   1.331 UG:3    +
   92   129  3   0.1%   1.017 UG:3    +
   29    36  3   0.1%   0.045 GC:3    +
   29   121  3   0.1%   0.064 GC:3    +
  113   145  3   0.1%   1.187 UA:3    +
   92   118  3   0.1%   1.141 UA:3    +
   52    88  3   0.1%   0.331 UA:3    +
   88   105  3   0.0%   0.710 AU:3    +
   33   147  3   0.0%   0.133 UG:3    +
  108   147  3   0.0%   1.933 UG:3    +
  116   131  3   0.0%   1.624 AU:3    +
   47    87  3   0.0%   0.085 UA:3    +
   88    93  3   0.0%   0.749 CG:3    +
   18   131  3   0.0%   0.022 AU:3    +
  147   151  3   0.0%   0.849 GU:3    +
  103   131  3   0.0%   0.766 AU:3    +
  122   136  3   0.0%   0.969 AU:3    +
   44   161  3   0.0%   1.169 UA:3    +
   29   117  3   0.0%   0.054 GC:3    +
   56    78  3   0.0%   0.151 UA:3    +
   79   105  3   0.0%   0.472 AU:3    +
   47   132  3   0.0%   0.851 UA:3    +
   79   101  3   0.0%   0.762 AU:3    +
   44   135  3   0.0%   1.179 UA:3    +
   92   135  3   0.0%   1.012 UA:3    +
  147   156  3   0.0%   0.810 GC:3    +
  113   118  3   0.0%   0.872 UA:3    +
   92   109  3   0.0%   1.142 UG:3    +
   37   131  3   0.0%   0.858 AU:3    +
   97   147  3   0.0%   0.210 CG:3    +
   37    47  3   0.0%   0.104 AU:3    +
  147   153  3   0.0%   0.852 GU:3    +
   88    94  3   0.0%   0.579 CG:3    +
   37   113  3   0.0%   0.808 AU:3    +
   34    44  3   0.0%   0.277 AU:3    +
   42    47  3   0.0%   0.111 AU:3    +
   95   143  3   0.0%   0.564 AU:3    +
    2    47  3   0.0%   0.070 AU:3    +
  107   135  3   0.0%   1.086 UA:3    +
   41    88  3   0.0%   0.087 UA:3    +
   44    84  3   0.0%   0.123 UA:3    +
   86   106  3   0.0%   0.403 AU:3    +
   48    86  3   0.0%   0.048 UA:3    +
  100   113  3   0.0%   0.879 AU:3    +
   43    47  3   0.0%   0.103 AU:3    +
   88   102  3   0.0%   0.668 CG:3    +
   84    92  3   0.0%   0.539 AU:3    +
   92   104  3   0.0%   1.126 UA:3    +
   50    88  3   0.0%   0.364 UA:3    +
   29   114  3   0.0%   0.048 GC:3    +
   51    92  3   0.0%   0.558 AU:3    +
   40    92  3   0.0%   0.104 AU:3    +
   41   122  3   0.0%   0.511 UA:3    +
   47   133  3   0.0%   0.811 UA:3    +
   73    95  3   0.0%   0.220 UA:3    +
  146   154  3   0.0%   1.060 UA:3    +
   89    95  3   0.0%   0.208 UA:3    +
   88   110  3   0.0%   0.357 AU:3    +
    7   131  3   0.0%   0.118 AU:3    +
   88   136  3   0.0%   0.343 AU:3    +
   88   106  3   0.0%   0.689 AU:3    +
   91   113  3   0.0%   0.717 AU:3    +
  123   131  3   0.0%   1.481 AU:3    +
    5   131  3   0.0%   0.070 AU:3    +
  114   147  3   0.0%   0.898 CG:3    +
   47   116  3   0.0%   1.000 UA:3    +
   34   119  3   0.0%   0.291 AU:3    +
  115   146  3   0.0%   1.538 AU:3    +
  111   147  3   0.0%   1.715 UG:3    +
   91   131  3   0.0%   0.790 AU:3    +
  104   113  3   0.0%   0.729 AU:3    +
   47    64  3   0.0%   0.068 UA:3    +
   92   148  3   0.0%   0.975 UA:3    +
  112   147  3   0.0%   1.607 CG:3    +
   51   131  3   0.0%   0.089 AU:3    +
   76    92  3   0.0%   0.691 AU:3    +
   58   113  3   0.0%   0.101 AU:3    +
   88   129  3   0.0%   0.394 CG:3    +
   39    92  3   0.0%   0.080 AU:3    +
  113   148  3   0.0%   1.402 UA:3    +
   92   103  3   0.0%   1.109 UA:3    +
   35    88  3   0.0%   0.044 UA:3    +
   31    92  3   0.0%   0.069 AU:3    +
   92   116  3   0.0%   1.137 UA:3    +
   92   123  3   0.0%   0.967 UA:3    +
   47   104  3   0.0%   0.991 UA:3    +
  113   120  3   0.0%   0.345 UA:3    +
   40   131  3   0.0%   0.561 AU:3    +
   34   107  3   0.0%   0.259 AU:3    +
  122   143  3   0.0%   0.578 AU:3    +
   87    92  3   0.0%   0.652 AU:3    +
   92   102  3   0.0%   1.108 UG:3    +
   21    44  3   0.0%   0.199 AU:3    +
   49    79  3   0.0%   0.021 UA:3    +
   43   131  3   0.0%   0.681 AU:3    +
   88   101  3   0.0%   0.991 AU:3    +
   75    79  3   0.0%   0.113 GC:3    +
   32    88  3   0.0%   0.085 UA:3    +
    5    92  3   0.0%   0.036 AU:3    +
  100   131  3   0.0%   1.141 AU:3    +
   36   147  3   0.0%   0.866 CG:3    +
   47   100  3   0.0%   0.961 UA:3    +
   78   107  3   0.0%   0.382 AU:3    +
   47   123  3   0.0%   0.835 UA:3    +
  104   131  3   0.0%   0.917 AU:3    +
   18    47  3   0.0%   0.003 AU:3    +
  135   149  3   0.0%   0.859 AU:3    +
   71    79  3   0.0%   0.102 GC:3    +
   86   108  3   0.0%   0.419 AU:3    +
  149   161  3   0.0%   0.925 UA:3    +
   79   106  3   0.0%   0.454 AU:3    +
   47   118  3   0.0%   0.993 UA:3    +
  101   147  3   0.0%   1.334 UG:3    +
  135   158  3   0.0%   0.927 AU:3    +
   79    89  3   0.0%   0.133 AU:3    +
   31   131  3   0.0%   0.091 AU:3    +
  128   140  3   0.0%   1.160 AU:3    +
  117   147  3   0.0%   1.490 CG:3    +
   74    78  3   0.0%   0.112 UA:3    +
   74    79  3   0.0%   0.199 UA:3    +
   37   146  3   0.0%   0.852 AU:3    +
  118   146  3   0.0%   1.344 AU:3    +
   76   113  3   0.0%   0.168 AU:3    +
  110   147  3   0.0%   1.430 UG:3    +
   79   109  3   0.0%   0.467 CG:3    +
   90   113  3   0.0%   0.560 AU:3    +
   79   102  3   0.0%   0.437 CG:3    +
   31   113  3   0.0%   0.068 AU:3    +
   88   109  3   0.0%   0.701 CG:3    +
   88   125  3   0.0%   0.398 CG:3    +
   73    78  3   0.0%   0.059 UA:3    +
  147   159  3   0.0%   0.987 GC:3    +
   88   130  3   0.0%   0.393 AU:3    +
    6    88  3   0.0%   0.041 UA:3    +
  113   123  3   0.0%   0.530 UA:3    +
   81    88  3   0.0%   0.318 GC:3    +
    8   107  3   0.0%   0.443 AU:3    +
   92   120  3   0.0%   0.949 UA:3    +
   78   110  3   0.0%   0.033 AU:3    +
   46    86  3   0.0%   0.073 UA:3    +
   98   122  3   0.0%   0.241 UA:3    +
   88   157  3   0.0%   0.327 AU:3    +
  105   147  3   0.0%   1.410 UG:3    +
   88   124  3   0.0%   0.402 AU:3    +
  147   157  3   0.0%   0.592 GU:3    +
   95   136  3   0.0%   0.576 AU:3    +
  116   146  3   0.0%   1.403 AU:3    +
  121   147  3   0.0%   1.061 CG:3    +
   17    23  3   0.0%   0.003 CG:3    +
   57    92  3   0.0%   0.630 GU:3    +
   67    79  3   0.0%   0.090 GC:3    +
    8   119  3   0.0%   0.443 AU:3    +
   39   113  3   0.0%   0.457 AU:3    +
   86   105  3   0.0%   0.418 AU:3    +
   52    86  3   0.0%   0.046 UA:3    +
  131   154  3   0.0%   0.688 UA:3    +
   47   120  3   0.0%   0.814 UA:3    +
   31   146  3   0.0%   0.078 AU:3    +
   47    59  3   0.0%   0.068 UA:3    +
   92   150  3   0.0%   0.974 UG:3    +
  110   122  3   0.0%   0.813 UA:3    +
   88   108  3   0.0%   0.703 AU:3    +
   29   112  3   0.0%   0.046 GC:3    +
    2    92  3   0.0%   0.069 AU:3    +
  123   146  3   0.0%   1.229 AU:3    +
   52    79  3   0.0%   0.005 UA:3    +
   40   113  3   0.0%   0.520 AU:3    +
   86   127  3   0.0%   0.082 AU:3    +
   48    79  3   0.0%   0.043 UA:3    +
  119   161  3   0.0%   0.970 UA:3    +
((((((((..((((......).))).)))))))).............(((((((((((((((((...)))))))....))))))))))...((((...(((((...(((((((......((((...)))).....)))))))...))))).......))))
