3 sequence; length of alignment 149
alifold output
   59    71  0  99.9%   0.009 AU:1    UA:2   
   47    83  0  99.8%   0.005 AU:1    UA:2   
  107   127  0  99.7%   0.018 CG:2    UG:1   
   48    82  0 100.0%   0.000 GC:3   
   49    81  0 100.0%   0.000 GC:3   
  109   124  0 100.0%   0.003 CG:3   
   37    93  0  99.0%   0.033 UG:1    UA:2   
  112   121  0  99.9%   0.004 UA:3   
  113   120  0  99.9%   0.005 CG:3   
   61    69  0  99.9%   0.002 UA:3   
   33    97  0  99.9%   0.005 CG:3   
   60    70  0  99.9%   0.003 AU:3   
   32    98  0  99.9%   0.005 AU:3   
   62    68  0  99.8%   0.005 GC:3   
  105   129  0  99.8%   0.016 CG:3   
  106   128  0  99.8%   0.015 UA:3   
   58    72  0  99.6%   0.024 CG:3   
   31    99  1  99.9%   0.006 CG:2   
  111   122  0  99.3%   0.023 GU:3   
  110   123  0  99.3%   0.023 UG:3   
  108   125  0  99.0%   0.032 AU:3   
   30   100  0  98.9%   0.079 GC:3   
   36    94  0  97.3%   0.082 GC:1    AU:2   
   34    96  0  97.6%   0.077 AU:3   
   50    80  0  96.7%   0.118 UA:3   
   46    84  0  96.4%   0.106 UA:3   
   38    92  1  94.7%   0.156 AU:2   
   43    87  0  79.9%   0.647 CG:3   
  104   130  0  78.1%   0.587 AU:3   
   39    91  1  71.9%   0.825 UG:1    UA:1   
  102   136  0  63.3%   1.029 CG:2    UG:1   
  103   135  0  63.4%   1.105 CG:3   
   53    77  0  62.0%   1.610 CG:1    UG:2   
   12   143  0  60.2%   1.281 UA:3   
   13   142  0  60.2%   1.065 AU:3   
   14   141  0  60.2%   1.576 CG:3   
   11   144  0  60.1%   1.510 CG:3   
  101   137  0  58.5%   1.036 AU:2    UA:1   
   52    78  0  58.6%   1.293 UA:3   
    8   147  0  55.5%   1.798 GC:1    GU:2   
   54    76  0  56.2%   1.707 UA:3   
    9   146  0  55.7%   1.789 GC:3   
   19    27  0  53.6%   1.791 GC:3   
   20    26  1  53.9%   1.752 AU:2   
   21    25  0  53.1%   1.764 GC:3   
    7   148  0  48.0%   1.749 GU:3   
   55    74  0  46.1%   1.093 GC:3    +
   54    75  0  41.3%   1.097 UA:3    +
    7    28  0  34.6%   1.181 GC:3    +
    8    27  0  34.5%   1.230 GC:3    +
   53    76  1  34.8%   1.106 UA:2    +
  138   144  0  33.0%   1.591 CG:3    +
  136   146  0  33.0%   1.933 GC:3    +
  135   147  0  31.5%   1.941 GC:1    GU:2    +
  137   145  1  33.0%   1.487 UA:2    +
    6    29  0  31.3%   1.109 UA:3    +
    9    26  0  27.7%   1.326 GC:1    GU:2    +
   41    89  0  25.6%   1.157 UG:1    UA:2    +
   52    77  0  26.2%   1.055 UG:3    +
   11    24  0  26.0%   1.255 CG:3    +
   14    21  0  20.2%   1.383 CG:3    +
  104   134  1  18.6%   1.376 AU:2    +
    6   149  1  15.4%   1.359 UG:1    UA:1    +
    5   132  0   6.9%   0.608 CG:2    UA:1    +
   14    19  0   7.7%   0.628 CG:3    +
    9    25  0   7.3%   0.581 GC:3    +
   11    21  0   7.2%   0.584 CG:3    +
   12    20  0   7.2%   0.586 UA:3    +
    4   133  0   6.9%   0.559 UA:3    +
    3   134  1   6.0%   0.514 AU:2    +
    7   147  0   4.1%   0.946 GC:1    GU:2    +
  103   132  1   4.9%   0.735 CG:2    +
    8   146  0   4.2%   0.954 GC:3    +
  140   147  0   3.2%   1.281 GC:1    AU:2    +
  141   146  0   3.2%   1.585 GC:3    +
    9    27  0   3.1%   1.297 GC:3    +
    8    28  0   3.1%   1.129 GC:3    +
  139   148  0   2.8%   0.848 AU:3    +
  131   149  0   0.5%   0.399 CG:1    GU:1    UA:1    +
   19    28  0   2.5%   1.346 GC:3    +
   10    26  1   3.0%   0.780 AU:2    +
   12    22  0   2.5%   0.492 UA:3    +
    8    26  0   1.5%   0.197 GC:1    GU:2    +
    5   140  1   2.4%   0.515 CG:1    UA:1    +
    6   139  0   2.4%   0.660 UA:3    +
    7   138  0   2.4%   0.729 GC:3    +
  102   132  1   2.4%   0.464 CG:1    UG:1    +
    4   141  0   2.3%   0.467 UG:3    +
   40    87  0   2.3%   0.260 CG:3    +
    3   142  0   2.3%   0.444 AU:3    +
   21    27  0   2.2%   1.981 GC:3    +
  134   149  0   0.2%   0.919 UG:1    AU:1    UA:1    +
   39    88  0   2.2%   0.249 UA:3    +
   45    86  0   2.1%   0.281 AU:3    +
   41    88  0   2.1%   0.349 UA:3    +
  137   149  0   0.0%   1.076 UG:1    AU:1    UA:1    +
  132   147  0   0.0%   0.913 GC:1    GU:1    AU:1    +
   26   132  0   0.0%   1.153 CG:1    UG:1    UA:1    +
    5    30  0   0.9%   0.135 CG:2    UG:1    +
  101   134  0   0.7%   0.317 AU:2    UA:1    +
  132   148  0   0.5%   0.894 GU:2    AU:1    +
    7    27  0   1.4%   0.192 GC:3    +
    5   144  0   0.2%   0.385 CG:2    UG:1    +
    5   135  0   0.2%   0.269 CG:2    UG:1    +
   56    72  0   0.2%   0.034 CG:1    UG:2    +
   26   140  0   0.2%   1.089 CG:1    UA:2    +
    2   148  0   0.1%   0.061 GU:2    AU:1    +
   57    71  0   0.1%   0.016 AU:1    UA:2    +
   39    89  0   0.1%   0.100 UG:1    UA:2    +
   21    26  0   0.1%   1.766 GC:1    GU:2    +
    1   132  0   0.1%   0.020 UG:2    UA:1    +
    7    26  0   0.0%   0.025 GC:1    GU:2    +
   95   140  0   0.0%   0.118 UG:1    UA:2    +
   26   135  0   0.0%   0.994 CG:1    UG:2    +
  102   135  0   0.0%   0.179 CG:2    UG:1    +
    2   102  0   0.0%   0.012 GC:2    AU:1    +
    8   102  0   0.0%   0.550 GC:2    GU:1    +
   19    26  0   0.0%   0.818 GC:1    GU:2    +
   94   141  0   0.0%   0.442 CG:1    UG:2    +
   93   142  0   0.0%   0.433 GU:1    AU:2    +
   89    94  0   0.0%   0.385 GC:1    AU:2    +
    5    21  0   0.0%   0.005 CG:2    UG:1    +
    9   147  0   0.0%   1.463 GC:1    GU:2    +
    5    19  0   0.0%   0.003 CG:2    UG:1    +
    5   127  0   0.0%   0.049 CG:2    UG:1    +
    2     6  0   0.0%   0.002 GU:2    AU:1    +
    5   141  0   0.0%   0.425 CG:2    UG:1    +
   12   140  0   0.0%   0.440 UG:1    UA:2    +
   36   148  0   0.0%   0.406 GU:1    AU:2    +
   35    93  0   0.0%   0.002 UG:1    UA:2    +
    6   140  0   0.0%   0.563 UG:1    UA:2    +
   56    77  0   0.0%   0.685 CG:1    UG:2    +
    9   102  0   0.0%   0.661 GC:2    GU:1    +
   26   136  0   0.0%   0.996 CG:1    UG:2    +
    2   142  0   0.0%   0.035 GU:2    AU:1    +
    5     9  0   0.0%   0.001 CG:2    UG:1    +
   19   147  0   0.0%   1.179 GC:1    GU:2    +
   99   137  0   0.0%   0.055 GU:2    UA:1    +
   36    95  0   0.0%   0.031 GU:1    AU:2    +
    5   129  0   0.0%   0.049 CG:2    UG:1    +
  141   147  0   0.0%   1.473 GC:1    GU:2    +
  140   148  0   0.0%   0.756 GU:1    AU:2    +
   19   107  0   0.0%   0.684 GC:2    GU:1    +
    4   132  0   0.0%   0.011 UG:2    UA:1    +
    6   132  0   0.0%   0.571 UG:2    UA:1    +
   24   107  0   0.0%   0.416 GC:2    GU:1    +
  136   147  0   0.0%   1.565 GC:1    GU:2    +
   89   147  0   0.0%   0.830 GC:1    AU:2    +
  102   129  0   0.0%   0.006 CG:2    UG:1    +
  106   132  0   0.0%   0.442 UG:2    UA:1    +
   39    93  0   0.0%   0.362 UG:1    UA:2    +
    5   136  0   0.0%   0.259 CG:2    UG:1    +
  107   129  0   0.0%   0.009 CG:2    UG:1    +
   53    66  0   0.0%   0.000 CG:1    UG:2    +
  118   140  0   0.0%   0.111 UG:1    UA:2    +
    2   130  0   0.0%   0.012 GU:2    AU:1    +
   36   147  0   0.0%   0.502 GC:1    AU:2    +
   30   102  0   0.0%   0.061 GC:2    GU:1    +
   44    83  0   0.0%   0.000 AU:1    UA:2    +
   94   140  0   0.0%   0.134 CG:1    UA:2    +
    7   102  0   0.0%   0.445 GC:2    GU:1    +
   21   147  0   0.0%   1.463 GC:1    GU:2    +
   37    89  0   0.0%   0.000 UG:1    UA:2    +
   89    95  0   0.0%   0.360 GU:1    AU:2    +
    1   140  0   0.0%   0.024 UG:1    UA:2    +
  130   140  0   0.0%   0.307 UG:1    UA:2    +
    4   140  0   0.0%   0.203 UG:1    UA:2    +
   86    93  0   0.0%   0.129 UG:1    UA:2    +
    2    12  0   0.0%   0.001 GU:2    AU:1    +
   41    93  0   0.0%   0.503 UG:1    UA:2    +
   23   101  0   0.0%   0.118 AU:1    UA:2    +
    4    36  0   0.0%   0.004 UG:1    UA:2    +
   89    96  0   0.0%   0.381 GU:1    AU:2    +
    2    35  0   0.0%   0.007 GU:2    AU:1    +
    1    36  0   0.0%   0.006 UG:1    UA:2    +
    2   107  0   0.0%   0.011 GC:2    AU:1    +
   87    94  0   0.0%   0.368 GC:1    GU:2    +
   36    41  0   0.0%   0.001 GU:1    AU:2    +
    2    37  0   0.0%   0.007 GU:2    AU:1    +
   22    26  1   1.4%   1.176 AU:2    +
   19    25  0   0.8%   0.527 GC:3    +
   28   135  0   0.7%   0.751 CG:3    +
   41    90  0   0.7%   0.586 UA:3    +
   42    86  0   0.7%   0.106 AU:3    +
   27   136  0   0.7%   1.090 CG:3    +
   44    87  1   1.2%   0.444 UG:2    +
   21    28  0   0.6%   1.609 GC:3    +
  133   148  0   0.5%   0.676 AU:3    +
   14    24  0   0.5%   0.992 CG:3    +
   39    90  0   0.5%   0.163 UA:3    +
   12    24  0   0.5%   0.729 UG:3    +
   41    87  0   0.4%   0.158 UG:3    +
   55    73  0   0.4%   0.068 GC:3    +
   10    23  1   0.9%   0.125 AU:2    +
   19   138  0   0.3%   0.859 GC:3    +
   50    79  0   0.3%   0.056 UA:3    +
   13    23  1   0.8%   0.159 AU:2    +
   52    79  0   0.3%   0.735 UA:3    +
  100   135  0   0.3%   0.129 CG:3    +
   11   136  0   0.3%   0.616 CG:3    +
   11    19  0   0.2%   0.046 CG:3    +
   12    18  0   0.2%   0.046 UA:3    +
   12   135  0   0.2%   0.389 UG:3    +
    9   138  0   0.2%   0.805 GC:3    +
   54    77  0   0.2%   1.380 UG:3    +
    4   145  0   0.2%   0.332 UA:3    +
    6   143  0   0.2%   0.515 UA:3    +
    7    14  0   0.2%   0.040 GC:3    +
    4   136  0   0.2%   0.228 UG:3    +
    6    15  0   0.2%   0.037 UA:3    +
   24    28  0   0.2%   1.038 GC:3    +
   25   141  0   0.2%   1.002 CG:3    +
    7   142  0   0.2%   0.654 GU:3    +
   24   142  0   0.2%   0.863 GU:3    +
   24   138  0   0.2%   0.590 GC:3    +
   18    26  1   0.7%   0.643 AU:2    +
    1   139  0   0.1%   0.043 UA:3    +
  101   131  1   0.1%   0.031 UG:1    AU:1    +
   12    21  0   0.1%   0.419 UG:3    +
  105   127  0   0.1%   0.022 CG:3    +
  106   126  0   0.1%   0.021 UA:3    +
    2   131  1   0.1%   0.030 GC:1    GU:1    +
    1   144  0   0.1%   0.045 UG:3    +
   19   146  0   0.1%   1.185 GC:3    +
   21   138  0   0.1%   1.133 GC:3    +
    3   148  0   0.1%   0.298 AU:3    +
   17   148  0   0.1%   0.386 AU:3    +
   21   146  0   0.1%   1.470 GC:3    +
    4   149  1   0.1%   0.323 UG:1    UA:1    +
  135   148  0   0.1%   1.181 GU:3    +
   54    78  0   0.1%   1.048 UA:3    +
    8    25  0   0.1%   0.017 GC:3    +
    1   149  1   0.1%   0.048 UG:1    UA:1    +
   97   138  0   0.1%   0.166 GC:3    +
   96   139  0   0.1%   0.145 UA:3    +
   40   144  0   0.1%   0.425 CG:3    +
   41   143  0   0.1%   0.836 UA:3    +
   42   142  0   0.1%   0.461 AU:3    +
   43   141  0   0.0%   0.597 CG:3    +
    8    14  0   0.0%   0.025 GC:3    +
   39   145  0   0.0%   0.377 UA:3    +
   19   148  0   0.0%   1.092 GU:3    +
    1   143  0   0.0%   0.034 UA:3    +
    3   130  0   0.0%   0.010 AU:3    +
    1    29  0   0.0%   0.010 UA:3    +
   41    91  1   0.0%   0.735 UG:1    UA:1    +
   52    76  0   0.0%   0.007 UA:3    +
   34    95  0   0.0%   0.009 AU:3    +
    7   103  0   0.0%   0.452 GC:3    +
    1    34  0   0.0%   0.010 UA:3    +
    7   146  0   0.0%   0.555 GC:3    +
   21   113  0   0.0%   0.983 GC:3    +
   20   114  0   0.0%   0.531 AU:3    +
   16   118  0   0.0%   0.007 AU:3    +
   25   136  0   0.0%   0.608 CG:3    +
   17   117  0   0.0%   0.007 AU:3    +
   14   120  0   0.0%   0.571 CG:3    +
   19   115  0   0.0%   0.689 GU:3    +
   11   124  0   0.0%   0.560 CG:3    +
   12   123  0   0.0%   0.336 UG:3    +
   12    19  0   0.0%   0.037 UG:3    +
   22   112  0   0.0%   0.160 AU:3    +
   13   122  0   0.0%   0.044 AU:3    +
    1   145  0   0.0%   0.038 UA:3    +
   25    30  0   0.0%   0.620 CG:3    +
   24    31  0   0.0%   0.418 GC:3    +
   10   125  0   0.0%   0.152 AU:3    +
  103   136  0   0.0%   0.806 CG:3    +
  103   129  0   0.0%   0.012 CG:3    +
   29   134  1   0.5%   0.639 AU:2    +
    1   136  0   0.0%   0.017 UG:3    +
   52    80  0   0.0%   0.720 UA:3    +
    8   148  0   0.0%   1.378 GU:3    +
    1   133  0   0.0%   0.015 UA:3    +
   88    95  0   0.0%   0.172 AU:3    +
    9    14  0   0.0%   0.021 GC:3    +
    4    22  0   0.0%   0.005 UA:3    +
   87    96  0   0.0%   0.368 GU:3    +
   98   139  0   0.0%   0.117 UA:3    +
    6    20  0   0.0%   0.017 UA:3    +
   50    78  0   0.0%   0.003 UA:3    +
  131   136  1   0.0%   0.376 CG:1    UG:1    +
    4    29  0   0.0%   0.008 UA:3    +
    6   126  0   0.0%   0.382 UA:3    +
    1   104  0   0.0%   0.009 UA:3    +
    6   104  0   0.0%   0.381 UA:3    +
    4   129  0   0.0%   0.008 UG:3    +
    4    20  0   0.0%   0.003 UA:3    +
    4   128  0   0.0%   0.007 UA:3    +
    6    18  0   0.0%   0.015 UA:3    +
   11   141  0   0.0%   0.663 CG:3    +
   37    90  0   0.0%   0.002 UA:3    +
   10   142  0   0.0%   0.263 AU:3    +
    7   131  1   0.0%   0.454 GC:1    GU:1    +
   36    92  1   0.0%   0.002 GU:1    AU:1    +
   27   135  0   0.0%   0.983 CG:3    +
   25   129  0   0.0%   0.575 CG:3    +
   51    81  0   0.0%   0.002 GC:3    +
   24   130  0   0.0%   0.422 GU:3    +
    8   103  0   0.0%   0.552 GC:3    +
    4    17  0   0.0%   0.002 UA:3    +
   27   127  0   0.0%   0.954 CG:3    +
  135   146  0   0.0%   0.850 GC:3    +
   21    40  0   0.0%   0.979 GC:3    +
   12    17  0   0.0%   0.002 UA:3    +
   22    39  0   0.0%   0.156 AU:3    +
  106   127  0   0.0%   0.017 UG:3    +
   24   109  0   0.0%   0.417 GC:3    +
   24   110  0   0.0%   0.417 GU:3    +
   20    41  0   0.0%   0.526 AU:3    +
   24   103  0   0.0%   0.421 GC:3    +
    1     7  0   0.0%   0.001 UG:3    +
  109   129  0   0.0%   0.008 CG:3    +
  110   128  0   0.0%   0.012 UA:3    +
  108   130  0   0.0%   0.209 AU:3    +
   85    97  0   0.0%   0.002 CG:3    +
   18   148  0   0.0%   0.433 AU:3    +
  113   124  0   0.0%   0.006 CG:3    +
  114   123  0   0.0%   0.012 UG:3    +
   37    91  1   0.0%   0.002 UG:1    UA:1    +
  100   136  0   0.0%   0.099 CG:3    +
    6   133  0   0.0%   0.567 UA:3    +
    4    10  0   0.0%   0.001 UA:3    +
    6   128  0   0.0%   0.382 UA:3    +
  112   126  0   0.0%   0.011 UA:3    +
   35   149  1   0.0%   0.300 UG:1    UA:1    +
    1    32  0   0.0%   0.005 UA:3    +
    4    32  0   0.0%   0.005 UA:3    +
  127   138  0   0.0%   0.170 GC:3    +
  107   132  1   0.0%   0.437 CG:1    UG:1    +
  106   133  0   0.0%   0.197 UA:3    +
   21   105  0   0.0%   0.978 GC:3    +
   20   106  0   0.0%   0.526 AU:3    +
   86    97  0   0.0%   0.120 UG:3    +
   19    43  0   0.0%   0.683 GC:3    +
   19    40  0   0.0%   0.683 GC:3    +
    7    25  0   0.0%   0.015 GC:3    +
  131   135  1   0.0%   0.388 CG:1    UG:1    +
   20    39  0   0.0%   0.525 AU:3    +
   21    33  0   0.0%   0.980 GC:3    +
   18    41  0   0.0%   0.051 AU:3    +
   28   136  0   0.0%   0.717 CG:3    +
   84    98  0   0.0%   0.038 AU:3    +
  130   135  0   0.0%   0.572 UG:3    +
   10   130  0   0.0%   0.153 AU:3    +
   11   129  0   0.0%   0.558 CG:3    +
    9   131  1   0.0%   0.665 GC:1    GU:1    +
   12   128  0   0.0%   0.334 UA:3    +
   14   135  0   0.0%   0.596 CG:3    +
  143   148  0   0.0%   0.873 AU:3    +
    7   130  0   0.0%   0.449 GU:3    +
    1   135  0   0.0%   0.013 UG:3    +
    7   125  0   0.0%   0.446 GU:3    +
    6   141  0   0.0%   0.561 UG:3    +
   11   135  0   0.0%   0.570 CG:3    +
   24   105  0   0.0%   0.416 GC:3    +
   30   103  0   0.0%   0.063 GC:3    +
   25   135  0   0.0%   0.601 CG:3    +
    9   148  0   0.0%   1.366 GU:3    +
   29   148  0   0.0%   0.780 AU:3    +
   88   148  0   0.0%   0.544 AU:3    +
   64    72  0   0.0%   0.017 CG:3    +
    4    16  0   0.0%   0.001 UA:3    +
   62    74  0   0.0%   0.359 GC:3    +
   61    75  0   0.0%   0.377 UA:3    +
  109   123  0   0.0%   0.003 CG:3    +
    8   138  0   0.0%   0.652 GC:3    +
  132   137  1   0.0%   0.801 GU:1    AU:1    +
   58    77  0   0.0%   0.667 CG:3    +
  133   142  0   0.0%   0.610 AU:3    +
   61    67  0   0.0%   0.001 UA:3    +
    6    16  0   0.0%   0.013 UA:3    +
  114   120  0   0.0%   0.005 UG:3    +
  130   145  0   0.0%   0.218 UA:3    +
    4    34  0   0.0%   0.006 UA:3    +
  129   146  0   0.0%   0.482 GC:3    +
  131   144  1   0.0%   0.346 CG:1    UG:1    +
    3    35  0   0.0%   0.001 AU:3    +
    4   143  0   0.0%   0.294 UA:3    +
   58    66  0   0.0%   0.000 CG:3    +
   46    88  0   0.0%   0.201 UA:3    +
   49    85  0   0.0%   0.000 GC:3    +
   48    86  0   0.0%   0.118 GU:3    +
  142   149  1   0.0%   0.758 UG:1    UA:1    +
   66    70  0   0.0%   0.002 GU:3    +
   12    16  0   0.0%   0.001 UA:3    +
    1     8  0   0.0%   0.001 UG:3    +
   50    84  0   0.0%   0.089 UA:3    +
   51    68  0   0.0%   0.000 GC:3    +
   52    67  0   0.0%   0.000 UA:3    +
   55    64  0   0.0%   0.000 GC:3    +
    3    39  0   0.0%   0.001 AU:3    +
    4    38  0   0.0%   0.005 UA:3    +
    6   135  0   0.0%   0.393 UG:3    +
  141   148  0   0.0%   1.058 GU:3    +
    6    17  0   0.0%   0.014 UA:3    +
  129   138  0   0.0%   0.164 GC:3    +
  105   111  0   0.0%   0.002 CG:3    +
  120   138  0   0.0%   0.161 GC:3    +
   14   127  0   0.0%   0.568 CG:3    +
  122   136  0   0.0%   0.367 UG:3    +
  125   133  0   0.0%   0.198 UA:3    +
  113   144  0   0.0%   0.333 CG:3    +
  112   145  0   0.0%   0.022 UA:3    +
  111   146  0   0.0%   0.484 GC:3    +
   16   148  0   0.0%   0.371 AU:3    +
   49    82  0   0.0%   0.000 GC:3    +
  114   143  0   0.0%   0.339 UA:3    +
   20   148  0   0.0%   0.921 AU:3    +
  100   141  0   0.0%   0.443 CG:3    +
   38   148  0   0.0%   0.429 AU:3    +
  117   141  0   0.0%   0.413 UG:3    +
   55    68  0   0.0%   0.000 GC:3    +
  103   111  0   0.0%   0.008 CG:3    +
   51    73  0   0.0%   0.000 GC:3    +
    6   129  0   0.0%   0.382 UG:3    +
  130   136  0   0.0%   0.557 UG:3    +
   29   110  0   0.0%   0.377 AU:3    +
   28   111  0   0.0%   0.615 CG:3    +
   14   136  0   0.0%   0.598 CG:3    +
   54    69  0   0.0%   0.000 UA:3    +
  104   110  0   0.0%   0.003 AU:3    +
    1    15  0   0.0%   0.001 UA:3    +
   54    79  0   0.0%   0.747 UA:3    +
   24   106  0   0.0%   0.416 GU:3    +
    1    10  0   0.0%   0.001 UA:3    +
  144   148  0   0.0%   1.231 GU:3    +
   52    72  0   0.0%   0.000 UG:3    +
   37   149  1   0.0%   0.310 UG:1    UA:1    +
  115   120  0   0.0%   0.004 UG:3    +
   86    91  1   0.0%   0.358 UG:1    UA:1    +
    4    18  0   0.0%   0.001 UA:3    +
   98   136  0   0.0%   0.069 UG:3    +
   50    69  0   0.0%   0.000 UA:3    +
   41    84  0   0.0%   0.001 UA:3    +
  130   139  0   0.0%   0.312 UA:3    +
   20    35  0   0.0%   0.524 AU:3    +
    9    28  0   0.0%   1.134 GC:3    +
   10   148  0   0.0%   0.531 AU:3    +
  104   112  0   0.0%   0.004 AU:3    +
  110   126  0   0.0%   0.015 UA:3    +
   88    96  0   0.0%   0.192 AU:3    +
   22    37  0   0.0%   0.155 AU:3    +
  111   125  0   0.0%   0.020 GU:3    +
  127   148  0   0.0%   0.389 GU:3    +
   14    97  0   0.0%   0.565 CG:3    +
   29   106  0   0.0%   0.377 AU:3    +
   15    96  0   0.0%   0.034 AU:3    +
   13    98  0   0.0%   0.039 AU:3    +
   87    95  0   0.0%   0.343 GU:3    +
  114   121  0   0.0%   0.003 UA:3    +
   35    91  1   0.0%   0.000 UG:1    UA:1    +
   16    95  0   0.0%   0.002 AU:3    +
   95   139  0   0.0%   0.112 UA:3    +
    7    11  0   0.0%   0.001 GC:3    +
    1    20  0   0.0%   0.001 UA:3    +
  109   127  0   0.0%   0.012 CG:3    +
    4   139  0   0.0%   0.212 UA:3    +
   46    87  0   0.0%   0.376 UG:3    +
    1    13  0   0.0%   0.001 UA:3    +
    6    13  0   0.0%   0.001 UA:3    +
   90    95  0   0.0%   0.065 AU:3    +
    7    12  0   0.0%   0.001 GU:3    +
   28   141  0   0.0%   1.056 CG:3    +
   22    35  0   0.0%   0.155 AU:3    +
   91   147  1   0.0%   0.714 GC:1    AU:1    +
    3    37  0   0.0%   0.001 AU:3    +
   24    33  0   0.0%   0.417 GC:3    +
   31    97  0   0.0%   0.002 CG:3    +
   24   100  0   0.0%   0.415 GC:3    +
   12   133  0   0.0%   0.518 UA:3    +
    6   127  0   0.0%   0.381 UG:3    +
    6    88  0   0.0%   0.378 UA:3    +
    5    89  1   0.0%   0.047 CG:1    UA:1    +
   90   148  0   0.0%   0.438 AU:3    +
    6   145  0   0.0%   0.500 UA:3    +
    1    18  0   0.0%   0.001 UA:3    +
   32    96  0   0.0%   0.002 AU:3    +
    9    85  0   0.0%   0.657 GC:3    +
    8    86  0   0.0%   0.544 GU:3    +
  113   123  0   0.0%   0.011 CG:3    +
   28   144  0   0.0%   0.976 CG:3    +
  130   149  1   0.0%   0.497 UG:1    UA:1    +
   24   131  1   0.0%   0.424 GC:1    GU:1    +
   62    73  0   0.0%   0.024 GC:3    +
   24    37  0   0.0%   0.415 GU:3    +
    4   135  0   0.0%   0.191 UG:3    +
   21   103  0   0.0%   0.983 GC:3    +
   39    87  0   0.0%   0.001 UG:3    +
    4    90  0   0.0%   0.004 UA:3    +
   51    74  0   0.0%   0.000 GC:3    +
    4    30  0   0.0%   0.004 UG:3    +
   87   146  0   0.0%   0.817 GC:3    +
  135   142  0   0.0%   0.792 GU:3    +
   19   103  0   0.0%   0.688 GC:3    +
   87   138  0   0.0%   0.494 GC:3    +
  112   124  0   0.0%   0.005 UG:3    +
   30   109  0   0.0%   0.058 GC:3    +
   17   130  0   0.0%   0.007 AU:3    +
   87   100  0   0.0%   0.353 GC:3    +
    1     9  0   0.0%   0.001 UG:3    +
   34    98  0   0.0%   0.030 AU:3    +
   23   132  1   0.0%   0.311 UG:1    UA:1    +
   50    77  0   0.0%   0.000 UG:3    +
    1   141  0   0.0%   0.024 UG:3    +
   86   139  0   0.0%   0.226 UA:3    +
    4   144  0   0.0%   0.297 UG:3    +
   30    98  0   0.0%   0.046 GU:3    +
   30    85  0   0.0%   0.046 GC:3    +
   29    86  0   0.0%   0.377 AU:3    +
   28    87  0   0.0%   0.613 CG:3    +
   35    97  0   0.0%   0.002 UG:3    +
   25   144  0   0.0%   0.912 CG:3    +
   35    42  0   0.0%   0.000 UA:3    +
   58    62  0   0.0%   0.000 CG:3    +
   41    45  0   0.0%   0.001 UA:3    +
    3   106  0   0.0%   0.001 AU:3    +
   86    90  0   0.0%   0.178 UA:3    +
   16   130  0   0.0%   0.007 AU:3    +
    1    22  0   0.0%   0.001 UA:3    +
   19    35  0   0.0%   0.682 GU:3    +
    8   130  0   0.0%   0.550 GU:3    +
    8   142  0   0.0%   0.645 GU:3    +
   87   148  0   0.0%   0.718 GU:3    +
   30   105  0   0.0%   0.058 GC:3    +
   38    95  0   0.0%   0.055 AU:3    +
   13   125  0   0.0%   0.043 AU:3    +
    3    12  0   0.0%   0.000 AU:3    +
    1    19  0   0.0%   0.001 UG:3    +
   12   126  0   0.0%   0.333 UA:3    +
  115   121  0   0.0%   0.002 UA:3    +
    8    12  0   0.0%   0.000 GU:3    +
   11   127  0   0.0%   0.557 CG:3    +
    1    16  0   0.0%   0.001 UA:3    +
    1    38  0   0.0%   0.006 UA:3    +
   35    90  0   0.0%   0.000 UA:3    +
   15    23  1   0.4%   0.160 AU:2    +
   53    78  1   0.3%   1.029 UA:2    +
   10   137  1   0.2%   0.207 AU:2    +
    2   138  1   0.2%   0.062 GC:2    +
   20   137  1   0.2%   0.602 AU:2    +
    3   137  1   0.2%   0.211 AU:2    +
   13   134  1   0.2%   0.241 AU:2    +
   23   143  1   0.1%   0.481 UA:2    +
   23    29  1   0.1%   0.502 UA:2    +
   23   139  1   0.1%   0.246 UA:2    +
   18   147  1   0.1%   0.534 AU:2    +
  132   138  1   0.1%   0.608 GC:2    +
   56    75  1   0.1%   0.394 UA:2    +
   22   137  1   0.1%   0.218 AU:2    +
   56    76  1   0.1%   0.725 UA:2    +
   20   147  1   0.1%   1.023 AU:2    +
   53    79  1   0.1%   0.729 UA:2    +
  133   137  1   0.0%   0.565 AU:2    +
    2    28  1   0.0%   0.011 GC:2    +
   57    75  1   0.0%   0.389 UA:2    +
  100   132  1   0.0%   0.214 CG:2    +
    3   147  1   0.0%   0.282 AU:2    +
    2   146  1   0.0%   0.042 GC:2    +
    2   103  1   0.0%   0.017 GC:2    +
   44   140  1   0.0%   0.165 UA:2    +
    2    33  1   0.0%   0.012 GC:2    +
   15   119  1   0.0%   0.040 AU:2    +
   18   116  1   0.0%   0.056 AU:2    +
   44    88  1   0.0%   0.221 UA:2    +
   18   137  1   0.0%   0.088 AU:2    +
   53    75  1   0.0%   0.005 UA:2    +
   18    23  1   0.0%   0.126 AU:2    +
   14   132  1   0.0%   0.762 CG:2    +
  133   147  1   0.0%   0.669 AU:2    +
   23   111  1   0.0%   0.122 UG:2    +
    2   134  1   0.0%   0.022 GU:2    +
   57    72  1   0.0%   0.021 UG:2    +
   23   140  1   0.0%   0.224 UA:2    +
   99   138  1   0.0%   0.162 GC:2    +
    8   137  1   0.0%   0.562 GU:2    +
   16    23  1   0.0%   0.108 AU:2    +
   92   143  1   0.0%   0.391 UA:2    +
   23    32  1   0.0%   0.120 UA:2    +
    3    23  1   0.0%   0.003 AU:2    +
   24   137  1   0.0%   0.471 GU:2    +
  105   132  1   0.0%   0.443 CG:2    +
  134   140  1   0.0%   0.666 UA:2    +
    9    23  1   0.0%   0.005 GU:2    +
   44    84  1   0.0%   0.003 UA:2    +
   16   137  1   0.0%   0.035 AU:2    +
    2   147  1   0.0%   0.039 GU:2    +
   17   137  1   0.0%   0.035 AU:2    +
   23   136  1   0.0%   0.150 UG:2    +
   57    76  1   0.0%   0.710 UA:2    +
   26   128  1   0.0%   0.964 UA:2    +
    2    31  1   0.0%   0.006 GC:2    +
   17    23  1   0.0%   0.107 AU:2    +
   27   132  1   0.0%   1.145 CG:2    +
   17    26  1   0.0%   0.530 AU:2    +
   26   133  1   0.0%   1.148 UA:2    +
  128   137  1   0.0%   0.372 AU:2    +
   23   104  1   0.0%   0.120 UA:2    +
   15   137  1   0.0%   0.066 AU:2    +
  101   130  1   0.0%   0.005 AU:2    +
   18    44  1   0.0%   0.051 AU:2    +
   28   132  1   0.0%   0.806 CG:2    +
  134   139  1   0.0%   0.669 UA:2    +
   25   132  1   0.0%   0.765 CG:2    +
   15   134  1   0.0%   0.218 AU:2    +
   23    38  1   0.0%   0.118 UA:2    +
    4   101  1   0.0%   0.005 UA:2    +
   47    84  1   0.0%   0.038 UA:2    +
   65    71  1   0.0%   0.007 UA:2    +
   46    83  1   0.0%   0.000 UA:2    +
   19    23  1   0.0%   0.322 GU:2    +
    1   101  1   0.0%   0.006 UA:2    +
   57    78  1   0.0%   0.346 UA:2    +
   10   147  1   0.0%   0.628 AU:2    +
   38    94  1   0.0%   0.079 AU:2    +
   19   137  1   0.0%   0.717 GU:2    +
   59    76  1   0.0%   0.701 UA:2    +
   23   108  1   0.0%   0.118 UA:2    +
  134   141  1   0.0%   0.967 UG:2    +
   56    79  1   0.0%   0.061 UA:2    +
  101   148  1   0.0%   0.732 AU:2    +
    2   100  1   0.0%   0.007 GC:2    +
   16    26  1   0.0%   0.529 AU:2    +
   26   101  1   0.0%   0.961 UA:2    +
   15    26  1   0.0%   0.561 AU:2    +
   20   134  1   0.0%   0.708 AU:2    +
   22   134  1   0.0%   0.338 AU:2    +
  128   147  1   0.0%   0.478 AU:2    +
   18   134  1   0.0%   0.234 AU:2    +
   47    87  1   0.0%   0.343 UG:2    +
   44    89  1   0.0%   0.409 UA:2    +
    2    40  1   0.0%   0.007 GC:2    +
   23   133  1   0.0%   0.305 UA:2    +
   56    63  1   0.0%   0.000 UA:2    +
   44    90  1   0.0%   0.115 UA:2    +
  121   137  1   0.0%   0.367 AU:2    +
  119   139  1   0.0%   0.115 UA:2    +
  124   134  1   0.0%   0.557 GU:2    +
   57    67  1   0.0%   0.000 UA:2    +
   26   108  1   0.0%   0.961 UA:2    +
   42    92  1   0.0%   0.088 AU:2    +
   34    94  1   0.0%   0.002 AU:2    +
   21   137  1   0.0%   1.026 GU:2    +
   13    26  1   0.0%   0.566 AU:2    +
    9   137  1   0.0%   0.672 GU:2    +
   26   104  1   0.0%   0.963 UA:2    +
    2    14  1   0.0%   0.001 GC:2    +
   88    94  1   0.0%   0.193 AU:2    +
   13   137  1   0.0%   0.080 AU:2    +
   38   147  1   0.0%   0.526 AU:2    +
   17   134  1   0.0%   0.185 AU:2    +
   57    62  1   0.0%   0.000 UG:2    +
   56    67  1   0.0%   0.000 UA:2    +
    2    25  1   0.0%   0.001 GC:2    +
   21   134  1   0.0%   1.161 GU:2    +
   53    71  1   0.0%   0.000 UA:2    +
   17   147  1   0.0%   0.468 AU:2    +
   59    69  1   0.0%   0.000 UA:2    +
   23    34  1   0.0%   0.119 UA:2    +
    6   101  1   0.0%   0.379 UA:2    +
    2    27  1   0.0%   0.001 GC:2    +
  143   147  1   0.0%   1.288 AU:2    +
   23   135  1   0.0%   0.147 UG:2    +
   12    99  1   0.0%   0.331 UG:2    +
  137   144  1   0.0%   0.701 UG:2    +
   26   139  1   0.0%   1.072 UA:2    +
   17    94  1   0.0%   0.002 AU:2    +
    2    11  1   0.0%   0.001 GC:2    +
   85    99  1   0.0%   0.002 CG:2    +
   25    99  1   0.0%   0.572 CG:2    +
   87    92  1   0.0%   0.393 GU:2    +
    7   134  1   0.0%   0.617 GU:2    +
   88   147  1   0.0%   0.640 AU:2    +
   33    99  1   0.0%   0.005 CG:2    +
   99   142  1   0.0%   0.422 GU:2    +
   59    72  1   0.0%   0.018 UG:2    +
  139   147  1   0.0%   0.953 AU:2    +
   23    36  1   0.0%   0.117 UA:2    +
   26   143  1   0.0%   1.306 UA:2    +
   57    66  1   0.0%   0.000 UG:2    +
   90    94  1   0.0%   0.089 AU:2    +
   29   137  1   0.0%   0.456 AU:2    +
   24   134  1   0.0%   0.598 GU:2    +
  134   143  1   0.0%   0.893 UA:2    +
    2    23  1   0.0%   0.001 GU:2    +
   16   134  1   0.0%   0.185 AU:2    +
......(((.((((....(((...)))..(((((.((((...(..(((((.(((...(((((.....)))))...))).)))))..)...)))).)))))(((((((((((((......)))))).))))....)))...)))).))).
