3 sequence; length of alignment 160
alifold output
   48    75  0  99.6%   0.026 CG:3   
   45    78  0  99.5%   0.042 GC:3   
   47    76  1  99.3%   0.042 GU:2   
   49    74  1  99.3%   0.026 AU:2   
   46    77  1  99.2%   0.048 UA:2   
   50    73  1  98.9%   0.040 CG:2   
   30    38  0  96.1%   0.140 CG:3   
   31    37  0  96.0%   0.137 AU:3   
   32    36  0  95.1%   0.155 GC:3   
   29    39  0  94.5%   0.256 AU:3   
   88   104  0  88.0%   0.584 CG:3   
   87   105  1  87.7%   0.577 CG:2   
   51    72  1  83.3%   0.684 UA:2   
   89   103  0  82.2%   0.919 UA:3   
   28    40  1  82.7%   0.726 UA:2   
   86   106  1  70.9%   0.946 UA:2   
   52    71  1  65.0%   1.394 UA:2   
   59    65  0  59.9%   1.362 CG:3   
   58    66  1  55.9%   1.346 UA:2   
  124   152  0  50.6%   1.149 CG:2    UG:1    +
  127   149  0  50.6%   1.569 CG:1    UA:2    +
   84   108  0  51.3%   1.357 AU:3   
   83   109  1  51.8%   1.450 AU:2   
   90   102  0  50.9%   1.699 UA:3   
  121   155  0  50.6%   1.595 UA:3    +
  123   153  0  50.6%   1.270 AU:3    +
  128   148  0  50.6%   1.588 AU:3    +
  120   156  0  50.6%   1.592 CG:3    +
   44    79  1  51.0%   1.227 UG:2   
  122   154  1  50.6%   1.656 AU:2    +
  129   147  1  50.5%   1.527 GC:2    +
   82   110  1  49.7%   1.484 GU:1    AU:1   
  120   129  0  48.8%   1.091 CG:3   
  121   128  0  48.4%   1.084 UA:3   
  119   157  0  45.8%   1.634 UA:3    +
   81   111  0  45.2%   1.432 UA:3   
  130   146  1  43.9%   1.869 AU:2    +
   91    98  0  40.5%   1.359 CG:2    UG:1    +
  133   143  0  40.3%   1.323 CG:2    UG:1    +
  122   127  1  41.2%   1.134 AU:2   
  132   144  0  38.4%   1.581 UG:1    UA:2    +
   20   138  0  38.3%   2.177 GC:3   
   21   137  0  38.3%   1.912 GC:3   
  119   130  0  37.1%   1.415 UG:1    UA:2   
   60    64  1  37.7%   1.523 UA:2   
  144   159  0  36.1%   1.870 GU:1    AU:2   
  148   155  0  36.4%   2.180 UA:3   
  147   156  1  36.5%   2.222 CG:2   
  143   160  0  34.9%   2.090 GC:2    GU:1   
  146   157  1  36.3%   2.135 UA:2   
  145   158  1  36.2%   1.567 AU:2   
   57    65  0  33.1%   1.183 CG:3    +
   90    99  0  33.0%   1.361 UA:3    +
   58    64  0  31.5%   1.130 AU:1    UA:2    +
  149   154  1  32.7%   2.317 AU:2   
  118   131  0  30.8%   1.937 CG:2    UG:1   
   27    41  0  31.2%   1.562 UG:3    +
   53    69  0  28.9%   1.109 GC:2    AU:1    +
   19   139  1  30.2%   1.874 UA:2   
   92    97  1  19.5%   1.129 GU:1    AU:1    +
   52    70  1  19.6%   0.987 UA:2    +
   14   113  0  17.4%   1.285 GC:3    +
  117   131  0  16.9%   1.260 CG:3    +
  116   132  0  16.1%   1.092 AU:3    +
   13   114  0  15.2%   1.277 UA:3    +
   15   112  1  14.5%   1.086 AU:2    +
  118   130  1  11.5%   1.022 CG:1    UA:1    +
   79   113  1  10.7%   1.828 GC:2    +
   19    26  0  10.0%   0.889 UA:3    +
   20    25  1  10.1%   0.848 GC:2    +
   94   100  0   8.0%   0.956 GC:1    UA:2    +
   18    27  0   8.8%   0.843 AU:3    +
   22    86  0   7.7%   0.607 AU:2    UA:1    +
   98   113  0   8.6%   1.984 GC:3    +
   20   113  0   8.4%   1.498 GC:3    +
   20    88  0   8.3%   0.918 GC:3    +
   21   112  0   7.3%   1.253 GC:1    GU:2    +
   20   118  0   7.2%   1.386 GC:2    GU:1    +
   51    71  1   8.4%   0.641 UA:2    +
   21    87  1   8.3%   0.665 GC:2    +
   99   112  1   8.2%   1.671 AU:2    +
  101   110  0   7.7%   1.527 AU:3    +
  103   108  0   7.5%   1.557 AU:3    +
  102   109  1   8.0%   1.835 AU:2    +
   19   114  0   7.4%   1.395 UA:3    +
   21   117  0   7.2%   1.125 GC:3    +
   97   114  1   7.3%   1.451 UA:2    +
    4   154  0   5.5%   0.524 CG:1    AU:2    +
   14   141  0   6.5%   1.286 GC:3    +
    2   156  0   5.4%   0.575 CG:2    UG:1    +
   16   110  0   5.1%   0.823 GU:1    AU:2    +
   13   142  0   5.7%   1.213 UA:3    +
  139   154  0   4.6%   1.394 CG:1    AU:2    +
   18   108  0   5.6%   0.942 AU:3    +
    3   155  0   5.5%   0.568 UA:3    +
   96   115  0   4.4%   0.574 UG:1    UA:2    +
   19   107  0   5.3%   0.812 UA:3    +
  141   152  0   5.3%   1.300 CG:3    +
  142   151  0   5.3%   0.916 AU:3    +
   14    91  0   4.1%   0.576 GC:2    GU:1    +
   17   109  1   5.6%   0.805 AU:2    +
   89   100  1   5.6%   0.732 UA:2    +
   16    89  0   3.7%   0.401 GU:1    AU:2    +
   11    28  0   3.7%   0.389 GC:1    AU:2    +
   43    79  1   5.2%   0.480 CG:2    +
  140   153  1   5.1%   1.207 AU:2    +
    5   153  0   4.5%   0.464 AU:3    +
   13    92  0   3.4%   0.583 UG:1    UA:2    +
   85   108  0   3.3%   1.016 GU:1    AU:2    +
   15    90  0   4.0%   0.428 AU:3    +
   42    80  1   4.5%   0.533 AU:2    +
   93    98  1   4.5%   0.838 CG:2    +
   13    26  0   3.9%   0.468 UA:3    +
   12    27  0   3.9%   0.441 AU:3    +
  143   150  0   3.9%   1.128 GU:3    +
   28    41  0   2.7%   1.163 CG:1    UG:2    +
   38   141  0   3.6%   0.602 GC:3    +
   37   142  0   3.6%   0.583 UA:3    +
   36   143  0   3.5%   0.414 CG:3    +
   14    25  1   3.8%   0.401 GC:2    +
   83   110  0   3.1%   1.433 AU:3    +
   84   109  1   3.5%   1.411 AU:2    +
   17    90  0   3.0%   0.585 AU:3    +
   14   160  0   1.9%   1.203 GC:2    GU:1    +
   10    95  0   1.9%   0.388 UG:2    UA:1    +
   16    91  1   2.8%   0.593 GC:1    AU:1    +
   21   133  0   1.8%   0.957 GC:2    GU:1    +
   18    89  0   2.8%   0.716 AU:3    +
   39   140  1   3.3%   0.412 UA:2    +
   41   138  0   2.8%   1.402 GC:3    +
   27    42  0   2.7%   1.028 UA:3    +
   33   146  1   3.2%   0.390 AU:2    +
   32   147  1   3.2%   0.407 GC:2    +
   17    28  1   3.0%   0.458 AU:2    +
   31   148  0   2.5%   0.432 AU:3    +
    7   150  0   1.5%   0.324 GU:1    AU:2    +
   42    81  0   2.5%   0.628 AU:3    +
    8   149  0   1.5%   0.358 UG:1    UA:2    +
   16   158  0   1.3%   0.704 GU:1    AU:2    +
   41    81  0   2.3%   0.857 GU:3    +
   10    29  0   2.3%   0.311 UA:3    +
   21   109  0   1.2%   0.674 GC:1    GU:2    +
   17   159  0   2.2%   0.864 AU:3    +
   18   158  0   2.2%   1.002 AU:3    +
   22   154  0   1.1%   0.673 UG:1    AU:2    +
   53    61  0   0.0%   0.030 GC:1    GU:1    AU:1    +
   52    82  0   0.0%   0.659 UG:1    AU:1    UA:1    +
   82    86  0   0.0%   0.227 GU:1    AU:1    UA:1    +
   82    94  0   0.0%   0.142 GU:1    UG:1    AU:1    +
   53   109  0   0.0%   0.715 GC:1    GU:1    AU:1    +
   95   109  0   0.0%   0.984 GC:1    GU:1    AU:1    +
   61    73  0   0.0%   0.051 CG:1    UG:1    UA:1    +
   16   160  1   2.0%   0.836 GC:1    AU:1    +
   19   157  0   1.9%   1.439 UA:3    +
   15   159  0   1.9%   0.813 AU:3    +
   34   145  1   2.4%   0.328 UA:2    +
    7   112  0   0.8%   0.204 GC:1    AU:2    +
   27   149  0   0.7%   1.056 UG:1    UA:2    +
  104   118  0   0.6%   0.521 GC:2    GU:1    +
    7   158  0   0.6%   0.315 GU:1    AU:2    +
  115   159  0   0.5%   0.640 GU:1    AU:2    +
  105   112  0   0.5%   1.074 GC:1    GU:2    +
    9    96  0   1.5%   0.262 AU:3    +
    6   151  0   1.5%   0.255 AU:3    +
   13    95  0   0.5%   0.525 UG:2    UA:1    +
    1     8  0   0.5%   0.076 GU:1    AU:2    +
   21   160  0   0.4%   1.437 GC:2    GU:1    +
  137   156  0   1.4%   1.129 CG:3    +
   52    64  0   0.4%   0.084 AU:1    UA:2    +
  131   141  0   1.4%   1.218 GC:3    +
    8    95  0   0.4%   0.143 UG:2    UA:1    +
    7    96  0   0.4%   0.107 GU:1    AU:2    +
   24    41  0   1.4%   0.202 CG:3    +
    7   108  0   0.4%   0.138 GU:1    AU:2    +
  109   156  0   0.3%   1.318 CG:1    UG:2    +
   20   134  1   1.8%   1.204 GC:2    +
  105   160  0   0.3%   0.490 GC:2    GU:1    +
    9   148  0   1.3%   0.334 AU:3    +
   20   110  0   1.3%   0.954 GU:3    +
   19   111  0   1.3%   0.703 UA:3    +
   11    94  1   1.7%   0.380 AU:2    +
   11   159  0   0.2%   0.397 GU:1    AU:2    +
   11   151  0   0.2%   0.406 GU:1    AU:2    +
   41   133  0   0.2%   0.815 GC:2    GU:1    +
   13   149  0   0.2%   1.031 UG:1    UA:2    +
   28   149  0   0.2%   0.684 CG:1    UA:2    +
    7   151  0   0.2%   0.295 GU:1    AU:2    +
   23   153  0   1.2%   0.398 AU:3    +
   14   118  0   0.2%   0.743 GC:2    GU:1    +
   43   131  0   0.2%   0.229 CG:2    UG:1    +
   24   152  0   1.2%   0.317 CG:3    +
  115   150  0   0.2%   0.421 GU:1    AU:2    +
   96   116  0   1.2%   0.454 UA:3    +
   10   149  0   0.2%   0.360 UG:1    UA:2    +
   13    18  0   1.2%   0.207 UA:3    +
  110   115  0   0.2%   1.317 UG:1    UA:2    +
    2    14  0   0.2%   0.072 CG:2    UG:1    +
    7    13  0   0.1%   0.074 GU:1    AU:2    +
   79    93  0   0.1%   0.572 GC:2    UA:1    +
   19   149  0   0.1%   1.271 UG:1    UA:2    +
   11   148  0   0.1%   0.361 GU:1    AU:2    +
   16   108  0   0.1%   0.336 GU:1    AU:2    +
    2    75  0   0.1%   0.095 CG:2    UG:1    +
    1    76  0   0.1%   0.056 GC:1    AU:2    +
  138   156  0   1.1%   1.263 CG:3    +
   14   127  0   0.1%   0.755 GC:1    GU:2    +
   91    95  0   0.1%   0.395 CG:2    UA:1    +
    3    11  0   0.1%   0.052 UG:1    UA:2    +
   20   160  0   0.1%   1.639 GC:2    GU:1    +
   28    32  0   0.1%   0.264 CG:1    UG:2    +
   16   125  0   0.1%   0.474 GU:1    AU:2    +
  104   109  0   0.1%   1.237 GC:1    GU:2    +
   11   110  0   0.1%   0.345 GU:1    AU:2    +
  134   143  1   1.6%   0.775 CG:2    +
   22   146  0   0.1%   0.398 UG:1    AU:2    +
   56    65  0   1.1%   0.185 CG:3    +
   21    43  0   0.1%   0.043 GC:2    GU:1    +
   91   105  0   0.1%   0.780 CG:2    UG:1    +
  130   159  0   0.1%   1.393 GU:1    AU:2    +
  133   156  0   0.1%   1.015 CG:2    UG:1    +
  116   159  0   1.1%   0.909 AU:3    +
  129   160  0   0.1%   1.002 GC:2    GU:1    +
    2   104  0   0.1%   0.097 CG:2    UG:1    +
  108   115  0   0.1%   1.201 UG:1    UA:2    +
  115   132  0   0.1%   0.346 GU:1    AU:2    +
  115   158  0   0.1%   0.540 GU:1    AU:2    +
   44   130  0   0.1%   0.404 UG:1    UA:2    +
    2   129  0   0.1%   0.111 CG:2    UG:1    +
   32    43  0   0.1%   0.082 GC:2    GU:1    +
   16   159  0   0.1%   0.675 GU:1    AU:2    +
   86   107  1   1.6%   0.846 UA:2    +
   61    65  0   0.1%   0.782 CG:1    UG:2    +
   79    86  0   0.1%   0.718 GU:2    UA:1    +
    1   158  0   0.1%   0.056 GU:1    AU:2    +
   13   144  0   0.1%   0.900 UG:1    UA:2    +
   55    65  0   0.1%   0.029 CG:2    UG:1    +
   25    47  0   0.1%   0.428 CG:2    AU:1    +
   62    70  0   0.1%   0.372 GC:1    UA:2    +
    7    19  0   0.1%   0.053 GU:1    AU:2    +
   41   109  0   0.1%   0.994 GC:1    GU:2    +
   20   109  0   0.1%   0.771 GC:1    GU:2    +
   10    16  0   0.1%   0.045 UG:1    UA:2    +
  105   133  0   0.1%   0.332 GC:2    GU:1    +
   21    28  0   0.1%   0.255 GC:1    GU:2    +
   14   133  0   0.1%   0.741 GC:2    GU:1    +
   41   160  0   0.0%   1.024 GC:2    GU:1    +
  135   146  0   0.0%   0.588 UG:1    AU:2    +
   81   115  0   0.0%   0.609 UG:1    UA:2    +
   12    19  0   1.0%   0.178 AU:3    +
   69    95  0   0.0%   0.493 CG:2    UA:1    +
   70    94  0   0.0%   0.444 CG:1    AU:2    +
  112   130  0   0.0%   0.898 CG:1    UA:2    +
   92    96  0   0.0%   0.253 GU:1    AU:2    +
   10   115  0   0.0%   0.261 UG:1    UA:2    +
   79    87  0   0.0%   0.724 GC:2    UG:1    +
   85   112  0   0.0%   0.778 GC:1    AU:2    +
    2    21  0   0.0%   0.070 CG:2    UG:1    +
  149   158  0   0.0%   1.552 GU:1    AU:2    +
   38   112  0   0.0%   0.643 GC:1    GU:2    +
  115   160  1   1.0%   0.644 GC:1    AU:1    +
   91   104  0   0.0%   0.766 CG:2    UG:1    +
   85   110  0   0.0%   0.983 GU:1    AU:2    +
   95   108  0   0.0%   0.924 GU:2    AU:1    +
   16    90  0   0.0%   0.293 GU:1    AU:2    +
   14   109  0   0.0%   0.411 GC:1    GU:2    +
   81    85  0   0.0%   0.217 UG:1    UA:2    +
    1    10  0   0.0%   0.031 GU:1    AU:2    +
   22    52  0   0.0%   0.018 AU:2    UA:1    +
    7    76  0   0.0%   0.058 GC:1    AU:2    +
  139   146  0   0.0%   0.906 CG:1    AU:2    +
  144   148  0   0.0%   0.913 GU:1    AU:2    +
   10    73  0   0.0%   0.149 UG:2    UA:1    +
  135   154  0   0.0%   0.653 UG:1    AU:2    +
   19   115  0   0.0%   0.733 UG:1    UA:2    +
   76    85  0   0.0%   0.026 CG:1    UA:2    +
    8   115  0   0.0%   0.179 UG:1    UA:2    +
   13   115  0   0.0%   0.712 UG:1    UA:2    +
    7   159  0   0.0%   0.283 GU:1    AU:2    +
   82   109  1   1.0%   0.495 GC:1    AU:1    +
  115   127  0   0.0%   0.254 GC:1    AU:2    +
   25    79  0   0.0%   0.427 CG:2    AU:1    +
   62   100  0   0.0%   0.049 GC:1    UA:2    +
   74    92  0   0.0%   0.131 UG:1    UA:2    +
   75    91  0   0.0%   0.257 GC:2    GU:1    +
   45    55  0   0.0%   0.028 GC:2    GU:1    +
   11   108  0   0.0%   0.277 GU:1    AU:2    +
   20    43  0   0.0%   0.275 GC:2    GU:1    +
    2    41  0   0.0%   0.070 CG:2    UG:1    +
   20    28  0   0.0%   0.498 GC:1    GU:2    +
   28   156  0   0.0%   0.692 CG:1    UG:2    +
   21   118  0   0.0%   0.950 GC:2    GU:1    +
    2   105  0   0.0%   0.088 CG:2    UG:1    +
    3    16  0   0.0%   0.050 UG:1    UA:2    +
    3     7  0   0.0%   0.030 UG:1    UA:2    +
    8    16  0   0.0%   0.064 UG:1    UA:2    +
   28   115  0   0.0%   0.532 CG:1    UA:2    +
    7   153  0   0.0%   0.352 GU:1    AU:2    +
  115   126  0   0.0%   0.248 GU:1    AU:2    +
   51    64  0   0.0%   0.022 AU:1    UA:2    +
    1   112  0   0.0%   0.042 GC:1    AU:2    +
    3   115  0   0.0%   0.090 UG:1    UA:2    +
    7    34  0   0.0%   0.046 GU:1    AU:2    +
   43    73  0   0.0%   0.021 CG:2    UA:1    +
    2   131  0   0.0%   0.103 CG:2    UG:1    +
  118   129  0   0.0%   0.276 CG:2    UG:1    +
   95   124  0   0.0%   0.206 GC:2    AU:1    +
   11   121  0   0.0%   0.273 GU:1    AU:2    +
   14   112  0   0.0%   0.433 GC:1    GU:2    +
  124   131  0   0.0%   0.705 CG:2    UG:1    +
    1   159  0   0.0%   0.050 GU:1    AU:2    +
   14    28  0   0.0%   0.275 GC:1    GU:2    +
   80   136  0   0.0%   0.209 GU:1    UA:2    +
   11    96  0   0.0%   0.305 GU:1    AU:2    +
    3   130  0   0.0%   0.089 UG:1    UA:2    +
   53    81  0   0.0%   0.594 GU:2    AU:1    +
    1    13  0   0.0%   0.030 GU:1    AU:2    +
  144   150  0   0.0%   0.668 GU:1    AU:2    +
  149   153  0   0.0%   1.222 GU:1    AU:2    +
    1   132  0   0.0%   0.043 GU:1    AU:2    +
  125   130  0   0.0%   0.648 UG:1    UA:2    +
   98   160  0   0.0%   0.954 GC:2    GU:1    +
    2    20  0   0.0%   0.064 CG:2    UG:1    +
   11   127  0   0.0%   0.279 GC:1    AU:2    +
   20   133  0   0.0%   0.988 GC:2    GU:1    +
   11   112  0   0.0%   0.311 GC:1    AU:2    +
   32   133  0   0.0%   0.148 GC:2    GU:1    +
   85    96  0   0.0%   0.131 GU:1    AU:2    +
   38   127  0   0.0%   0.070 GC:1    GU:2    +
   89   130  0   0.0%   0.612 UG:1    UA:2    +
   85    90  0   0.0%   0.269 GU:1    AU:2    +
   11   158  0   0.0%   0.365 GU:1    AU:2    +
   11    19  0   0.0%   0.048 GU:1    AU:2    +
   10   144  0   0.0%   0.258 UG:1    UA:2    +
   80   100  0   0.0%   0.174 GC:1    UA:2    +
   68    80  0   0.0%   0.160 CG:1    AU:2    +
   20    91  0   0.0%   0.740 GC:2    GU:1    +
   28   130  0   0.0%   0.515 CG:1    UA:2    +
   85    89  0   0.0%   0.253 GU:1    AU:2    +
   98   109  0   0.0%   1.381 GC:1    GU:2    +
    2    38  0   0.0%   0.067 CG:2    UG:1    +
   92   127  0   0.0%   0.470 GC:1    AU:2    +
   40    80  0   0.0%   0.173 UG:1    AU:2    +
    1    39  0   0.0%   0.030 GU:1    AU:2    +
  105   109  0   0.0%   1.217 GC:1    GU:2    +
    4    94  0   0.0%   0.027 CG:1    AU:2    +
   32   160  0   0.0%   0.378 GC:2    GU:1    +
   41   118  0   0.0%   0.923 GC:2    GU:1    +
   62    68  0   0.0%   0.043 GC:1    UA:2    +
   19    92  0   0.0%   0.424 UG:1    UA:2    +
   89    95  0   0.0%   0.374 UG:2    UA:1    +
   28   152  0   0.0%   0.608 CG:1    UG:2    +
   40    51  0   0.0%   0.169 AU:2    UA:1    +
    3    95  0   0.0%   0.048 UG:2    UA:1    +
   34   149  0   0.0%   0.261 UG:1    UA:2    +
   79   134  0   0.0%   0.865 GC:2    UG:1    +
  104   160  0   0.0%   0.437 GC:2    GU:1    +
   19    95  0   0.0%   0.430 UG:2    UA:1    +
    2   152  0   0.0%   0.102 CG:2    UG:1    +
   90    95  0   0.0%   0.389 UG:2    UA:1    +
  112   144  0   0.0%   0.896 CG:1    UA:2    +
   73    91  0   0.0%   0.256 GC:2    AU:1    +
  109   129  0   0.0%   1.103 CG:1    UG:2    +
   43    95  0   0.0%   0.292 CG:2    UA:1    +
  144   151  0   0.0%   0.680 GU:1    AU:2    +
  108   130  0   0.0%   1.018 UG:1    UA:2    +
   16    27  0   0.0%   0.144 GU:1    AU:2    +
    1   153  0   0.0%   0.043 GU:1    AU:2    +
  121   130  0   0.0%   0.994 UG:1    UA:2    +
   27    85  0   0.0%   0.840 UG:1    UA:2    +
   41    91  0   0.0%   0.897 GC:2    GU:1    +
    7   125  0   0.0%   0.136 GU:1    AU:2    +
   81    92  0   0.0%   0.331 UG:1    UA:2    +
   22    51  0   0.0%   0.013 AU:2    UA:1    +
   21    91  0   0.0%   0.488 GC:2    GU:1    +
    7   110  0   0.0%   0.120 GU:1    AU:2    +
   21    55  0   0.0%   0.029 GC:2    GU:1    +
    2   143  0   0.0%   0.102 CG:2    UG:1    +
    7   119  0   0.0%   0.132 GU:1    AU:2    +
  144   158  0   0.0%   0.697 GU:1    AU:2    +
   14   124  0   0.0%   0.721 GC:2    GU:1    +
  104   112  0   0.0%   1.004 GC:1    GU:2    +
   94   139  0   0.0%   0.822 GC:1    UA:2    +
    7   127  0   0.0%   0.138 GC:1    AU:2    +
   11    34  0   0.0%   0.153 GU:1    AU:2    +
   43   156  0   0.0%   0.347 CG:2    UG:1    +
   32   109  0   0.0%   0.381 GC:1    GU:2    +
   22    80  0   0.0%   0.017 UG:1    AU:2    +
    4    80  0   0.0%   0.026 CG:1    AU:2    +
   81    95  0   0.0%   0.330 UG:2    UA:1    +
    7   148  0   0.0%   0.132 GU:1    AU:2    +
   69    73  0   0.0%   0.379 CG:2    UA:1    +
   92   119  0   0.0%   0.478 GU:1    AU:2    +
   20   112  0   0.0%   0.937 GC:1    GU:2    +
   65   160  0   0.0%   0.954 GC:2    GU:1    +
   65    69  0   0.0%   1.112 GC:2    GU:1    +
    7    27  0   0.0%   0.043 GU:1    AU:2    +
    2    35  0   0.0%   0.066 CG:2    UG:1    +
   69    75  0   0.0%   0.376 CG:2    UG:1    +
   53    60  0   0.0%   0.022 GU:2    AU:1    +
   11    81  0   0.0%   0.149 GU:1    AU:2    +
   32    91  0   0.0%   0.296 GC:2    GU:1    +
   16    81  0   0.0%   0.036 GU:1    AU:2    +
    7   126  0   0.0%   0.137 GU:1    AU:2    +
   35    43  0   0.0%   0.029 GC:2    GU:1    +
   34   144  0   0.0%   0.030 UG:1    UA:2    +
    1    74  0   0.0%   0.030 GU:1    AU:2    +
   43    53  0   0.0%   0.019 CG:2    UA:1    +
    2    98  0   0.0%   0.078 CG:2    UG:1    +
   43   143  0   0.0%   0.304 CG:2    UG:1    +
  140   154  0   0.0%   1.056 UG:1    AU:2    +
   98   118  0   0.0%   0.982 GC:2    GU:1    +
   76   115  0   0.0%   0.040 CG:1    UA:2    +
   14    43  0   0.0%   0.165 GC:2    GU:1    +
   11    37  0   0.0%   0.148 GU:1    AU:2    +
   27   115  0   0.0%   0.863 UG:1    UA:2    +
   44    85  0   0.0%   0.386 UG:1    UA:2    +
  126   149  0   0.0%   0.170 UG:1    UA:2    +
   19    85  0   0.0%   0.309 UG:1    UA:2    +
   16   119  0   0.0%   0.460 GU:1    AU:2    +
   38    43  0   0.0%   0.060 GC:2    GU:1    +
  105   118  0   0.0%   0.488 GC:2    GU:1    +
   28    85  0   0.0%   0.511 CG:1    UA:2    +
   44   115  0   0.0%   0.404 UG:1    UA:2    +
    1    19  0   0.0%   0.029 GU:1    AU:2    +
   16    34  0   0.0%   0.024 GU:1    AU:2    +
  119   144  0   0.0%   0.425 UG:1    UA:2    +
   10    92  0   0.0%   0.145 UG:1    UA:2    +
   32   118  0   0.0%   0.294 GC:2    GU:1    +
    7   132  0   0.0%   0.132 GU:1    AU:2    +
   40    86  0   0.0%   0.367 AU:2    UA:1    +
   94   135  0   0.0%   0.498 GU:1    UA:2    +
   11   150  0   0.0%   0.362 GU:1    AU:2    +
  140   146  0   0.0%   0.698 UG:1    AU:2    +
    1   110  0   0.0%   0.039 GU:1    AU:2    +
   28    35  0   0.0%   0.259 CG:1    UG:2    +
   41   112  0   0.0%   1.260 GC:1    GU:2    +
  112   131  0   0.0%   0.920 CG:1    UG:2    +
   91   129  0   0.0%   0.629 CG:2    UG:1    +
  136   154  0   0.0%   0.616 UG:1    AU:2    +
  156   160  0   0.0%   1.660 GC:2    GU:1    +
   16   153  0   0.0%   0.622 GU:1    AU:2    +
   11    90  0   0.0%   0.148 GU:1    AU:2    +
    7    39  0   0.0%   0.045 GU:1    AU:2    +
   16   132  0   0.0%   0.460 GU:1    AU:2    +
  115   119  0   0.0%   0.272 GU:1    AU:2    +
   39   115  0   0.0%   0.087 UG:1    UA:2    +
   76    92  0   0.0%   0.138 CG:1    UA:2    +
   16   150  0   0.0%   0.550 GU:1    AU:2    +
   22    58  0   0.0%   0.014 AU:2    UA:1    +
    2    32  0   0.0%   0.065 CG:2    UG:1    +
   16    96  0   0.0%   0.370 GU:1    AU:2    +
   90   130  0   0.0%   1.015 UG:1    UA:2    +
  136   146  0   0.0%   0.549 UG:1    AU:2    +
   90   115  0   0.0%   1.035 UG:1    UA:2    +
   11    39  0   0.0%   0.150 GU:1    AU:2    +
   39    85  0   0.0%   0.066 UG:1    UA:2    +
  130   148  0   0.0%   1.522 GU:1    AU:2    +
   37    85  0   0.0%   0.046 UG:1    UA:2    +
   16   126  0   0.0%   0.468 GU:1    AU:2    +
   47    52  0   0.0%   0.013 GU:2    UA:1    +
   16   148  0   0.0%   0.528 GU:1    AU:2    +
   98   127  0   0.0%   0.770 GC:1    GU:2    +
   43   104  0   0.0%   0.192 CG:2    UG:1    +
   11   119  0   0.0%   0.271 GU:1    AU:2    +
   28   105  0   0.0%   0.524 CG:1    UG:2    +
   10   130  0   0.0%   0.253 UG:1    UA:2    +
   77    86  0   0.0%   0.209 AU:2    UA:1    +
   44    53  0   0.0%   0.041 UG:2    UA:1    +
   52   135  0   0.0%   0.692 AU:1    UA:2    +
    3    73  0   0.0%   0.045 UG:2    UA:1    +
   98   112  0   0.0%   1.168 GC:1    GU:2    +
   79    94  0   0.0%   0.636 GU:2    UG:1    +
   11    27  0   0.0%   0.026 GU:1    AU:2    +
    8    85  0   0.0%   0.081 UG:1    UA:2    +
   51   136  0   0.0%   0.382 AU:1    UA:2    +
   55    73  0   0.0%   0.022 CG:2    UA:1    +
   41   124  0   0.0%   0.696 GC:2    GU:1    +
  152   160  0   0.0%   1.259 GC:2    GU:1    +
   80   140  0   0.0%   0.323 GU:1    UA:2    +
   80   135  0   0.0%   0.258 GU:1    UA:2    +
   16   151  0   0.0%   0.554 GU:1    AU:2    +
   85   158  0   0.0%   0.398 GU:1    AU:2    +
   37   130  0   0.0%   0.049 UG:1    UA:2    +
   45    69  0   0.0%   0.025 GC:2    GU:1    +
    7    28  0   0.0%   0.042 GC:1    AU:2    +
  118   156  0   0.0%   1.059 CG:2    UG:1    +
  124   129  0   0.0%   0.370 CG:2    UG:1    +
   28    38  0   0.0%   0.253 CG:1    UG:2    +
   89   115  0   0.0%   0.632 UG:1    UA:2    +
   91   156  0   0.0%   0.786 CG:2    UG:1    +
   28   131  0   0.0%   0.536 CG:1    UG:2    +
    7    81  0   0.0%   0.047 GU:1    AU:2    +
    8    92  0   0.0%   0.080 UG:1    UA:2    +
   95   158  0   0.0%   0.456 GU:2    AU:1    +
   95   133  0   0.0%   0.298 GC:2    AU:1    +
   46    53  0   0.0%   0.024 UG:2    UA:1    +
    3    85  0   0.0%   0.048 UG:1    UA:2    +
   53   110  0   0.0%   0.755 GU:2    AU:1    +
   75   118  0   0.0%   0.252 GC:2    GU:1    +
   11   132  0   0.0%   0.275 GU:1    AU:2    +
   38   124  0   0.0%   0.052 GC:2    GU:1    +
  126   144  0   0.0%   0.029 UG:1    UA:2    +
   34   115  0   0.0%   0.042 UG:1    UA:2    +
   38    91  0   0.0%   0.280 GC:2    GU:1    +
   53   133  0   0.0%   0.486 GC:2    AU:1    +
  127   143  0   0.0%   0.512 CG:1    UG:2    +
   28   144  0   0.0%   0.518 CG:1    UA:2    +
   41    55  0   0.0%   0.569 GC:2    GU:1    +
   37    92  0   0.0%   0.160 UG:1    UA:2    +
    7    89  0   0.0%   0.046 GU:1    AU:2    +
  115   125  0   0.0%   0.243 GU:1    AU:2    +
   95   119  0   0.0%   0.230 GU:2    AU:1    +
   13    85  0   0.0%   0.239 UG:1    UA:2    +
   10    85  0   0.0%   0.146 UG:1    UA:2    +
   27   130  0   0.0%   0.848 UG:1    UA:2    +
   98   133  0   0.0%   0.845 GC:2    GU:1    +
   92   112  0   0.0%   1.078 GC:1    AU:2    +
   95   110  0   0.0%   0.980 GU:2    AU:1    +
  149   159  0   0.0%   1.617 GU:1    AU:2    +
  124   143  0   0.0%   0.126 CG:2    UG:1    +
   35   118  0   0.0%   0.246 GC:2    GU:1    +
    1   108  0   0.0%   0.039 GU:1    AU:2    +
   19   144  0   0.0%   1.161 UG:1    UA:2    +
   73   124  0   0.0%   0.024 GC:2    AU:1    +
   34    95  0   0.0%   0.140 UG:2    UA:1    +
    7    37  0   0.0%   0.044 GU:1    AU:2    +
  115   151  0   0.0%   0.394 GU:1    AU:2    +
   55   131  0   0.0%   0.044 CG:2    UG:1    +
    7    74  0   0.0%   0.044 GU:1    AU:2    +
  109   143  0   0.0%   1.217 CG:1    UG:2    +
    8   130  0   0.0%   0.170 UG:1    UA:2    +
    8    73  0   0.0%   0.078 UG:2    UA:1    +
   28    98  0   0.0%   0.519 CG:1    UG:2    +
    3    92  0   0.0%   0.047 UG:1    UA:2    +
   40    94  0   0.0%   0.278 UG:1    AU:2    +
   73   119  0   0.0%   0.051 GU:2    AU:1    +
    1    28  0   0.0%   0.029 GC:1    AU:2    +
   16    44  0   0.0%   0.018 GU:1    AU:2    +
    1    81  0   0.0%   0.038 GU:1    AU:2    +
   85   132  0   0.0%   0.237 GU:1    AU:2    +
   14    69  0   0.0%   0.181 GC:2    GU:1    +
  108   144  0   0.0%   1.015 UG:1    UA:2    +
   73    89  0   0.0%   0.251 GU:2    AU:1    +
   61    98  0   0.0%   0.044 CG:1    UG:2    +
  132   149  0   0.0%   1.340 UG:1    UA:2    +
   92   159  0   0.0%   0.728 GU:1    AU:2    +
   95   159  0   0.0%   0.481 GU:2    AU:1    +
   37   115  0   0.0%   0.065 UG:1    UA:2    +
   52    79  0   0.0%   1.139 UG:2    AU:1    +
    1    96  0   0.0%   0.039 GU:1    AU:2    +
  104   133  0   0.0%   0.324 GC:2    GU:1    +
  144   153  0   0.0%   1.106 GU:1    AU:2    +
   92   110  0   0.0%   1.286 GU:1    AU:2    +
    1   150  0   0.0%   0.042 GU:1    AU:2    +
   43    65  0   0.0%   0.016 CG:2    UG:1    +
   27    73  0   0.0%   0.838 UG:2    UA:1    +
   60    73  0   0.0%   0.419 UG:2    UA:1    +
   91   143  0   0.0%   0.743 CG:2    UG:1    +
   32    69  0   0.0%   0.062 GC:2    GU:1    +
    1    27  0   0.0%   0.028 GU:1    AU:2    +
   90   144  0   0.0%   1.012 UG:1    UA:2    +
    1   119  0   0.0%   0.041 GU:1    AU:2    +
   20   127  0   0.0%   0.997 GC:1    GU:2    +
   73   158  0   0.0%   0.275 GU:2    AU:1    +
   14    55  0   0.0%   0.164 GC:2    GU:1    +
   86   135  0   0.0%   0.575 AU:1    UA:2    +
   35   109  0   0.0%   0.333 GC:1    GU:2    +
   43   105  0   0.0%   0.184 CG:2    UG:1    +
  115   148  0   0.0%   0.423 GU:1    AU:2    +
    8   144  0   0.0%   0.170 UG:1    UA:2    +
   41    61  0   0.0%   0.585 GC:1    GU:2    +
   47    51  0   0.0%   0.013 GU:2    UA:1    +
   45    76  0   0.0%   0.037 GC:1    GU:2    +
   40    62  0   0.0%   0.182 UG:1    AU:2    +
  131   160  0   0.0%   1.070 GC:2    GU:1    +
   85   159  0   0.0%   0.423 GU:1    AU:2    +
    7    44  0   0.0%   0.043 GU:1    AU:2    +
   80   139  0   0.0%   0.582 GC:1    UA:2    +
   92   158  0   0.0%   0.703 GU:1    AU:2    +
   38   109  0   0.0%   0.365 GC:1    GU:2    +
   11   125  0   0.0%   0.276 GU:1    AU:2    +
   86   136  0   0.0%   0.523 AU:1    UA:2    +
   83   108  0   1.0%   0.424 AU:3    +
   95   117  1   1.3%   0.549 GC:2    +
    8   111  0   0.8%   0.253 UA:3    +
   26   150  0   0.8%   0.632 AU:3    +
  132   140  1   1.2%   0.693 UA:2    +
    9   110  0   0.7%   0.255 AU:3    +
   94    99  1   1.2%   0.657 UA:2    +
   19   135  1   1.1%   0.877 UA:2    +
  104   113  0   0.6%   1.284 GC:3    +
   17   110  0   0.6%   0.747 AU:3    +
  105   117  0   0.6%   0.578 GC:3    +
   94   101  1   1.1%   0.556 UA:2    +
   21   113  0   0.6%   1.101 GC:3    +
  116   158  0   0.5%   0.767 AU:3    +
   97   115  1   0.5%   0.812 UG:1    UA:1    +
    2     7  1   0.5%   0.080 CG:1    UA:1    +
    6   159  0   0.5%   0.233 AU:3    +
   12    96  0   0.5%   0.352 AU:3    +
    8   157  0   0.5%   0.313 UA:3    +
   22   132  1   1.0%   0.436 AU:2    +
   41   113  0   0.4%   1.287 GC:3    +
   11    97  1   0.4%   0.299 GU:1    AU:1    +
   14   117  0   0.4%   0.738 GC:3    +
   25    41  1   0.9%   0.554 CG:2    +
  107   158  0   0.4%   0.585 AU:3    +
   23   158  0   0.3%   0.413 AU:3    +
  106   159  0   0.3%   0.617 AU:3    +
  108   157  0   0.3%   1.190 UA:3    +
    8   107  0   0.3%   0.165 UA:3    +
  110   155  0   0.3%   1.316 UA:3    +
   90   101  0   0.3%   0.691 UA:3    +
  131   137  0   0.3%   1.138 GC:3    +
   14   138  0   0.3%   0.792 GC:3    +
  109   115  1   0.3%   1.323 UG:1    UA:1    +
    5   110  0   0.3%   0.087 AU:3    +
   24   131  0   0.3%   0.170 CG:3    +
   89   102  0   0.3%   0.464 UA:3    +
   30   152  0   0.3%   0.194 CG:3    +
   25    82  1   0.3%   0.471 CG:1    AU:1    +
   20    24  0   0.3%   0.068 GC:3    +
    2    11  1   0.3%   0.076 CG:1    UA:1    +
   23   132  0   0.3%   0.158 AU:3    +
   14    63  0   0.3%   0.213 GC:3    +
   20    57  0   0.3%   0.329 GC:3    +
   16    61  1   0.3%   0.066 GU:1    AU:1    +
   84   110  0   0.3%   1.334 AU:3    +
   21    56  0   0.3%   0.077 GC:3    +
   12   158  0   0.3%   0.398 AU:3    +
   17    60  0   0.3%   0.168 AU:3    +
   20   141  0   0.3%   1.648 GC:3    +
   16   118  1   0.3%   0.496 GC:1    AU:1    +
  108   116  0   0.3%   1.118 UA:3    +
  105   113  0   0.2%   1.280 GC:3    +
   19   142  0   0.2%   1.350 UA:3    +
  110   114  0   0.2%   1.805 UA:3    +
  103   119  0   0.2%   0.465 AU:3    +
   26    81  0   0.2%   0.433 AU:3    +
   10    18  0   0.2%   0.081 UA:3    +
   85   109  1   0.2%   0.996 GU:1    AU:1    +
  138   143  0   0.2%   1.110 CG:3    +
   12   108  0   0.2%   0.291 AU:3    +
   12   150  0   0.2%   0.390 AU:3    +
   13   111  0   0.2%   0.493 UA:3    +
   22   108  1   0.7%   0.548 AU:2    +
   13   157  0   0.2%   1.017 UA:3    +
   13   107  0   0.2%   0.441 UA:3    +
   14   110  0   0.2%   0.473 GU:3    +
   10   152  0   0.2%   0.319 UG:3    +
    9    19  0   0.2%   0.060 AU:3    +
   26    44  0   0.2%   0.425 AU:3    +
   15   119  0   0.2%   0.509 AU:3    +
   42   132  0   0.2%   0.477 AU:3    +
   23   110  0   0.2%   0.425 AU:3    +
  113   152  0   0.2%   1.211 CG:3    +
    3   111  0   0.2%   0.096 UA:3    +
  114   151  0   0.2%   0.896 AU:3    +
   31   151  0   0.2%   0.311 AU:3    +
   24   105  0   0.2%   0.141 CG:3    +
   14    30  0   0.2%   0.188 GC:3    +
   11   109  1   0.2%   0.311 GU:1    AU:1    +
   14   120  0   0.2%   0.745 GC:3    +
   26   151  0   0.2%   0.593 AU:3    +
  137   143  0   0.2%   0.991 CG:3    +
   24    45  0   0.2%   0.117 CG:3    +
    6   108  0   0.2%   0.059 AU:3    +
    9   150  0   0.2%   0.317 AU:3    +
   23    46  0   0.2%   0.047 AU:3    +
    9   153  0   0.1%   0.406 AU:3    +
    8    12  0   0.1%   0.066 UA:3    +
   21   120  0   0.1%   0.761 GC:3    +
   20   121  0   0.1%   1.001 GU:3    +
    5   159  0   0.1%   0.226 AU:3    +
   20   148  0   0.1%   1.542 GU:3    +
   13    31  0   0.1%   0.244 UA:3    +
   18   150  0   0.1%   0.728 AU:3    +
   10    98  0   0.1%   0.248 UG:3    +
   29   153  0   0.1%   0.407 AU:3    +
   12   153  0   0.1%   0.465 AU:3    +
    3     9  0   0.1%   0.028 UA:3    +
   13   152  0   0.1%   0.975 UG:3    +
   19   122  0   0.1%   0.743 UA:3    +
    6   158  0   0.1%   0.168 AU:3    +
    3    15  0   0.1%   0.055 UA:3    +
   15   126  0   0.1%   0.513 AU:3    +
   88   105  0   0.1%   0.491 CG:3    +
   10   155  0   0.1%   0.475 UA:3    +
   26    34  0   0.1%   0.390 AU:3    +
    2    16  1   0.1%   0.079 CG:1    UA:1    +
   27    33  0   0.1%   0.387 UA:3    +
   14   148  0   0.1%   1.028 GU:3    +
   23    44  0   0.1%   0.043 AU:3    +
   17   151  0   0.1%   0.569 AU:3    +
    3   114  0   0.1%   0.095 UA:3    +
   10   111  0   0.1%   0.307 UA:3    +
    2   115  1   0.1%   0.110 CG:1    UA:1    +
  103   110  0   0.1%   1.454 AU:3    +
   13   128  0   0.1%   0.727 UA:3    +
   89   104  0   0.1%   0.749 UG:3    +
    8    20  0   0.1%   0.088 UG:3    +
    6    13  0   0.1%   0.035 AU:3    +
   29   148  0   0.1%   0.255 AU:3    +
   21   159  0   0.1%   1.448 GU:3    +
  132   157  0   0.1%   1.372 UA:3    +
  131   158  0   0.1%   1.119 GU:3    +
   90   106  0   0.1%   1.271 UA:3    +
  131   138  0   0.1%   1.232 GC:3    +
   26   132  0   0.1%   0.498 AU:3    +
   41   137  0   0.1%   1.102 GC:3    +
   14   151  0   0.1%   1.059 GU:3    +
   15   158  0   0.1%   0.598 AU:3    +
   14   159  0   0.1%   1.044 GU:3    +
   15   153  0   0.1%   0.682 AU:3    +
   11   160  1   0.1%   0.346 GC:1    AU:1    +
   10    17  0   0.1%   0.050 UA:3    +
   15   150  0   0.1%   0.603 AU:3    +
   83    89  0   0.1%   0.254 AU:3    +
   12   159  0   0.1%   0.390 AU:3    +
  102   108  0   0.1%   1.172 AU:3    +
   11   118  1   0.1%   0.286 GC:1    AU:1    +
   82    90  1   0.1%   0.286 GU:1    AU:1    +
   20   117  0   0.1%   0.815 GC:3    +
    3   103  0   0.1%   0.068 UA:3    +
   96   101  0   0.1%   0.214 UA:3    +
   13   155  0   0.1%   1.127 UA:3    +
    3   128  0   0.1%   0.098 UA:3    +
   20    44  0   0.1%   0.290 GU:3    +
   90   103  0   0.1%   1.180 UA:3    +
   89   107  0   0.1%   0.877 UA:3    +
    5   126  0   0.1%   0.057 AU:3    +
   81   114  0   0.1%   1.083 UA:3    +
    5   158  0   0.1%   0.209 AU:3    +
   14    24  0   0.1%   0.037 GC:3    +
   16   109  1   0.1%   0.350 GU:1    AU:1    +
   10   116  0   0.1%   0.264 UA:3    +
   18    90  0   0.1%   0.642 AU:3    +
   10    15  0   0.1%   0.046 UA:3    +
   17   108  0   0.1%   0.319 AU:3    +
  119   129  0   0.1%   0.073 UG:3    +
  136   145  1   0.1%   0.173 AU:1    UA:1    +
   31    44  0   0.1%   0.102 AU:3    +
    6   125  0   0.1%   0.075 AU:3    +
   30    45  0   0.1%   0.089 CG:3    +
   29    46  0   0.1%   0.173 AU:3    +
   60    66  0   0.1%   0.729 UA:3    +
   17   158  0   0.1%   0.603 AU:3    +
    3    14  0   0.1%   0.048 UG:3    +
    8    18  0   0.1%   0.071 UA:3    +
    9   158  0   0.1%   0.308 AU:3    +
    3    12  0   0.1%   0.033 UA:3    +
   26    46  0   0.1%   0.404 AU:3    +
    8    15  0   0.1%   0.068 UA:3    +
   10   157  0   0.1%   0.337 UA:3    +
   60    72  0   0.1%   0.573 UA:3    +
   32   150  0   0.1%   0.333 GU:3    +
  108   114  0   0.1%   1.692 UA:3    +
   26   108  0   0.1%   0.678 AU:3    +
   27    45  0   0.1%   0.857 UG:3    +
   27   107  0   0.1%   1.042 UA:3    +
   89   101  0   0.1%   0.420 UA:3    +
   75   117  0   0.1%   0.251 GC:3    +
  114   159  0   0.1%   1.047 AU:3    +
    8    17  0   0.0%   0.064 UA:3    +
  122   126  0   0.0%   0.043 AU:3    +
  106   132  0   0.0%   0.378 AU:3    +
   42   108  0   0.0%   0.617 AU:3    +
   39   111  0   0.0%   0.208 UA:3    +
    9    34  0   0.0%   0.039 AU:3    +
    5    10  0   0.0%   0.021 AU:3    +
    8    14  0   0.0%   0.068 UG:3    +
    7   118  1   0.0%   0.137 GC:1    AU:1    +
    9    13  0   0.0%   0.047 AU:3    +
   10    33  0   0.0%   0.148 UA:3    +
    8   152  0   0.0%   0.243 UG:3    +
  102   110  0   0.0%   1.633 AU:3    +
   15   132  0   0.0%   0.502 AU:3    +
   42   159  0   0.0%   0.656 AU:3    +
  113   129  0   0.0%   1.087 CG:3    +
   20    30  0   0.0%   0.287 GC:3    +
   36    41  0   0.0%   0.624 CG:3    +
    9   151  0   0.0%   0.317 AU:3    +
   17    89  0   0.0%   0.269 AU:3    +
   23    27  0   0.0%   0.364 AU:3    +
    8    35  0   0.0%   0.083 UG:3    +
  132   143  0   0.0%   0.601 UG:3    +
    8    31  0   0.0%   0.079 UA:3    +
   24    38  0   0.0%   0.035 CG:3    +
   20    27  0   0.0%   0.613 GU:3    +
   15   110  0   0.0%   0.280 AU:3    +
   23    39  0   0.0%   0.018 AU:3    +
   32   113  0   0.0%   0.613 GC:3    +
   83    90  0   0.0%   0.270 AU:3    +
   10   131  0   0.0%   0.261 UG:3    +
  150   157  0   0.0%   1.174 UA:3    +
   84    89  0   0.0%   0.249 AU:3    +
   34   111  0   0.0%   0.156 UA:3    +
   24   156  0   0.0%   0.352 CG:3    +
   21   108  0   0.0%   0.488 GU:3    +
   54    60  0   0.0%   0.026 AU:3    +
  151   156  0   0.0%   1.327 UG:3    +
    5    13  0   0.0%   0.018 AU:3    +
  142   148  0   0.0%   0.840 AU:3    +
    3    20  0   0.0%   0.049 UG:3    +
   29   150  0   0.0%   0.305 AU:3    +
    9   132  0   0.0%   0.169 AU:3    +
   21    36  0   0.0%   0.024 GC:3    +
   20    37  0   0.0%   0.276 GU:3    +
   82   112  1   0.0%   1.056 GU:1    AU:1    +
   96   107  0   0.0%   0.407 UA:3    +
   56   105  0   0.0%   0.088 CG:3    +
   57   104  0   0.0%   0.413 CG:3    +
   19    31  0   0.0%   0.321 UA:3    +
   13   145  1   0.5%   0.980 UA:2    +
   90   105  0   0.0%   1.145 UG:3    +
   35   110  0   0.0%   0.378 GU:3    +
   19    38  0   0.0%   0.312 UG:3    +
   21    48  0   0.0%   0.033 GC:3    +
  110   116  0   0.0%   1.188 UA:3    +
   24   104  0   0.0%   0.114 CG:3    +
   89   106  0   0.0%   0.849 UA:3    +
   18    39  0   0.0%   0.294 AU:3    +
   17    27  0   0.0%   0.147 AU:3    +
   14   137  0   0.0%   0.742 GC:3    +
   27   131  0   0.0%   0.874 UG:3    +
   10   114  0   0.0%   0.254 UA:3    +
   96   103  0   0.0%   0.318 UA:3    +
   15   108  0   0.0%   0.223 AU:3    +
  138   152  0   0.0%   0.976 CG:3    +
  114   132  0   0.0%   0.824 AU:3    +
    8    75  0   0.0%   0.092 UG:3    +
    9    74  0   0.0%   0.036 AU:3    +
   21   138  0   0.0%   1.564 GC:3    +
   82   108  1   0.0%   0.310 GU:1    AU:1    +
   34    42  0   0.0%   0.121 UA:3    +
  132   142  0   0.0%   0.772 UA:3    +
   18   112  1   0.5%   1.001 AU:2    +
  104   108  0   0.0%   1.143 GU:3    +
    7   160  1   0.0%   0.245 GC:1    AU:1    +
   41   117  0   0.0%   0.914 GC:3    +
   96   102  0   0.0%   0.500 UA:3    +
    6    10  0   0.0%   0.019 AU:3    +
   88    98  0   0.0%   0.235 CG:3    +
   90    98  0   0.0%   0.276 UG:3    +
   60    67  0   0.0%   0.406 UA:3    +
  137   152  0   0.0%   0.872 CG:3    +
   20    50  0   0.0%   0.284 GC:3    +
  104   117  0   0.0%   0.494 GC:3    +
   72    89  0   0.0%   0.402 AU:3    +
   10    67  0   0.0%   0.146 UA:3    +
   27   157  0   0.0%   1.012 UA:3    +
   26   158  0   0.0%   0.717 AU:3    +
   16    28  1   0.0%   0.143 GU:1    AU:1    +
   10    21  0   0.0%   0.055 UG:3    +
   71    90  0   0.0%   0.741 AU:3    +
  140   145  1   0.0%   0.318 AU:1    UA:1    +
   21    88  0   0.0%   0.463 GC:3    +
  135   145  1   0.0%   0.196 AU:1    UA:1    +
   27   111  0   0.0%   0.976 UA:3    +
   60   102  0   0.0%   0.407 UA:3    +
   46    54  0   0.0%   0.025 UA:3    +
    9   159  0   0.0%   0.298 AU:3    +
   95   118  1   0.0%   0.436 GC:1    GU:1    +
   23   108  0   0.0%   0.301 AU:3    +
   21    27  0   0.0%   0.361 GU:3    +
    6   119  0   0.0%   0.062 AU:3    +
   20   137  0   0.0%   1.061 GC:3    +
  116   126  0   0.0%   0.128 AU:3    +
  104   138  0   0.0%   0.726 GC:3    +
  105   137  0   0.0%   0.614 GC:3    +
    8    99  0   0.0%   0.107 UA:3    +
    6   153  0   0.0%   0.273 AU:3    +
   38   113  0   0.0%   0.599 GC:3    +
   35   113  0   0.0%   0.565 GC:3    +
   92   118  1   0.0%   0.682 GC:1    AU:1    +
   20    89  0   0.0%   0.735 GU:3    +
   50    65  0   0.0%   0.008 CG:3    +
   63    98  0   0.0%   0.054 CG:3    +
   10   107  0   0.0%   0.253 UA:3    +
   24   143  0   0.0%   0.137 CG:3    +
   37   114  0   0.0%   0.540 UA:3    +
    3   104  0   0.0%   0.066 UG:3    +
   18   110  0   0.0%   0.853 AU:3    +
   34   114  0   0.0%   0.515 UA:3    +
  129   138  0   0.0%   0.861 GC:3    +
   81   107  0   0.0%   0.406 UA:3    +
    8   116  0   0.0%   0.171 UA:3    +
    1   160  1   0.0%   0.051 GC:1    AU:1    +
    8    98  0   0.0%   0.105 UG:3    +
    3    17  0   0.0%   0.042 UA:3    +
   27   116  0   0.0%   0.858 UA:3    +
   10   122  0   0.0%   0.254 UA:3    +
   60    65  0   0.0%   1.136 UG:3    +
  106   110  0   0.0%   1.318 AU:3    +
   82    87  1   0.0%   0.234 GC:1    UG:1    +
   16   133  1   0.0%   0.459 GC:1    AU:1    +
    8    33  0   0.0%   0.076 UA:3    +
   30    35  0   0.0%   0.032 CG:3    +
   13   143  0   0.0%   0.888 UG:3    +
    8   123  0   0.0%   0.171 UA:3    +
  116   125  0   0.0%   0.123 AU:3    +
    9   108  0   0.0%   0.150 AU:3    +
  119   128  0   0.0%   0.064 UA:3    +
   15    19  0   0.0%   0.092 AU:3    +
   81   106  0   0.0%   0.213 UA:3    +
   89    99  0   0.0%   0.249 UA:3    +
   42    74  0   0.0%   0.107 AU:3    +
   57    75  0   0.0%   0.400 CG:3    +
   20   108  0   0.0%   0.734 GU:3    +
   44    72  0   0.0%   0.041 UA:3    +
   96   123  0   0.0%   0.328 UA:3    +
   13    17  0   0.0%   0.045 UA:3    +
    2    85  1   0.0%   0.080 CG:1    UA:1    +
   14    93  1   0.5%   0.394 GC:2    +
    6   150  0   0.0%   0.069 AU:3    +
    3    84  0   0.0%   0.048 UA:3    +
    3   116  0   0.0%   0.082 UA:3    +
   16   112  1   0.0%   0.771 GU:1    AU:1    +
    7    97  1   0.0%   0.084 GU:1    AU:1    +
  123   132  0   0.0%   0.405 AU:3    +
   13   116  0   0.0%   0.705 UA:3    +
    8   114  0   0.0%   0.175 UA:3    +
   17   132  0   0.0%   0.453 AU:3    +
   82   134  1   0.0%   0.508 GC:1    UG:1    +
   15    27  0   0.0%   0.150 AU:3    +
   19   155  0   0.0%   1.343 UA:3    +
   84    90  0   0.0%   0.263 AU:3    +
   20    48  0   0.0%   0.280 GC:3    +
   41   120  0   0.0%   0.718 GC:3    +
   99   159  0   0.0%   0.910 AU:3    +
   21   141  0   0.0%   1.370 GC:3    +
   41   159  0   0.0%   1.090 GU:3    +
   38    78  0   0.0%   0.048 GC:3    +
   20   159  0   0.0%   1.690 GU:3    +
   27   102  0   0.0%   0.841 UA:3    +
   16   146  1   0.0%   0.492 GU:1    AU:1    +
   41    48  0   0.0%   0.573 GC:3    +
   42   158  0   0.0%   0.625 AU:3    +
   36   129  0   0.0%   0.063 CG:3    +
   37   128  0   0.0%   0.063 UA:3    +
   33   132  0   0.0%   0.096 AU:3    +
   41    50  0   0.0%   0.572 GC:3    +
   18   119  0   0.0%   0.623 AU:3    +
   27    83  0   0.0%   0.839 UA:3    +
   45    50  0   0.0%   0.028 GC:3    +
   39   122  0   0.0%   0.081 UA:3    +
   39    83  0   0.0%   0.066 UA:3    +
   42   119  0   0.0%   0.387 AU:3    +
   88   131  0   0.0%   0.379 CG:3    +
   10   128  0   0.0%   0.260 UA:3    +
   34   131  0   0.0%   0.048 UG:3    +
    3   157  0   0.0%   0.251 UA:3    +
   19   106  0   0.0%   0.312 UA:3    +
   12   126  0   0.0%   0.257 AU:3    +
   98   120  0   0.0%   0.775 GC:3    +
   44    82  1   0.0%   0.403 UG:1    UA:1    +
    1   118  1   0.0%   0.042 GC:1    AU:1    +
   90   129  0   0.0%   1.015 UG:3    +
   81    99  0   0.0%   0.210 UA:3    +
   34    41  0   0.0%   0.581 UG:3    +
   99   119  0   0.0%   0.660 AU:3    +
   12   121  0   0.0%   0.251 AU:3    +
   21   158  0   0.0%   1.410 GU:3    +
    8   106  0   0.0%   0.108 UA:3    +
   23    81  0   0.0%   0.036 AU:3    +
   60   103  0   0.0%   0.413 UA:3    +
  101   108  0   0.0%   0.865 AU:3    +
   99   108  0   0.0%   1.204 AU:3    +
   44    83  0   0.0%   0.387 UA:3    +
   59   104  0   0.0%   0.338 CG:3    +
    6   110  0   0.0%   0.090 AU:3    +
   29   151  0   0.0%   0.279 AU:3    +
    6    19  0   0.0%   0.014 AU:3    +
  113   156  0   0.0%   1.272 CG:3    +
  143   148  0   0.0%   1.121 GU:3    +
   18   159  0   0.0%   0.936 AU:3    +
   19   116  0   0.0%   0.725 UA:3    +
    3   102  0   0.0%   0.051 UA:3    +
  104   110  0   0.0%   1.221 GU:3    +
   21    90  0   0.0%   0.497 GU:3    +
   14    36  0   0.0%   0.165 GC:3    +
   67    81  0   0.0%   0.214 AU:3    +
  114   158  0   0.0%   1.012 AU:3    +
   27   155  0   0.0%   1.065 UA:3    +
   74   116  0   0.0%   0.026 UA:3    +
   10   142  0   0.0%   0.258 UA:3    +
   19    23  0   0.0%   0.073 UA:3    +
   96   114  0   0.0%   0.640 UA:3    +
   13    29  0   0.0%   0.302 UA:3    +
   36   156  0   0.0%   0.339 CG:3    +
   27   152  0   0.0%   0.969 UG:3    +
   26   153  0   0.0%   0.685 AU:3    +
   33   159  0   0.0%   0.401 AU:3    +
   37   155  0   0.0%   0.344 UA:3    +
   10    20  0   0.0%   0.060 UG:3    +
   21   132  0   0.0%   0.740 GU:3    +
   14    19  0   0.0%   0.090 GU:3    +
   82    89  1   0.0%   0.254 GU:1    AU:1    +
    5   151  0   0.0%   0.047 AU:3    +
   19    29  0   0.0%   0.391 UA:3    +
    3   101  0   0.0%   0.050 UA:3    +
   39    84  0   0.0%   0.066 UA:3    +
   20   119  0   0.0%   0.990 GU:3    +
   10    14  0   0.0%   0.035 UG:3    +
    3    18  0   0.0%   0.041 UA:3    +
    3    99  0   0.0%   0.048 UA:3    +
   10   123  0   0.0%   0.253 UA:3    +
    8   155  0   0.0%   0.398 UA:3    +
   21    30  0   0.0%   0.032 GC:3    +
   59   105  0   0.0%   0.331 CG:3    +
   60   104  0   0.0%   0.430 UG:3    +
   39    82  1   0.0%   0.081 UG:1    UA:1    +
    7   109  1   0.0%   0.121 GU:1    AU:1    +
   28    82  1   0.0%   0.527 UG:1    UA:1    +
    6    81  0   0.0%   0.013 AU:3    +
   84    96  0   0.0%   0.124 AU:3    +
   10    99  0   0.0%   0.231 UA:3    +
    9   121  0   0.0%   0.161 AU:3    +
   27    82  1   0.0%   0.855 UG:1    UA:1    +
  142   150  0   0.0%   0.468 AU:3    +
  113   143  0   0.0%   1.196 CG:3    +
    5    34  0   0.0%   0.008 AU:3    +
   33   150  0   0.0%   0.278 AU:3    +
   35   148  0   0.0%   0.206 GU:3    +
   18    96  0   0.0%   0.506 AU:3    +
    8   122  0   0.0%   0.169 UA:3    +
  110   128  0   0.0%   1.099 UA:3    +
   15    89  0   0.0%   0.039 AU:3    +
  111   158  0   0.0%   0.796 AU:3    +
   35   141  0   0.0%   0.213 GC:3    +
  143   151  0   0.0%   1.016 GU:3    +
   13    21  0   0.0%   0.089 UG:3    +
  105   159  0   0.0%   0.511 GU:3    +
    8    23  0   0.0%   0.070 UA:3    +
   60   101  0   0.0%   0.403 UA:3    +
   41   141  0   0.0%   1.129 GC:3    +
   23    37  0   0.0%   0.009 AU:3    +
    3   142  0   0.0%   0.089 UA:3    +
  143   159  0   0.0%   1.103 GU:3    +
   14   158  0   0.0%   1.030 GU:3    +
  120   131  0   0.0%   1.074 CG:3    +
   42    96  0   0.0%   0.448 AU:3    +
  106   158  0   0.0%   0.533 AU:3    +
   38   117  0   0.0%   0.268 GC:3    +
   38   138  0   0.0%   0.441 GC:3    +
   12   119  0   0.0%   0.251 AU:3    +
   34   142  0   0.0%   0.205 UA:3    +
   16    43  1   0.0%   0.019 GC:1    AU:1    +
   32   117  0   0.0%   0.282 GC:3    +
   41    88  0   0.0%   0.872 GC:3    +
   13    20  0   0.0%   0.096 UG:3    +
   44    84  0   0.0%   0.386 UA:3    +
   39   116  0   0.0%   0.080 UA:3    +
   79   109  1   0.0%   0.848 GC:1    GU:1    +
   21    44  0   0.0%   0.033 GU:3    +
   98   110  0   0.0%   1.376 GU:3    +
   26   159  0   0.0%   0.737 AU:3    +
   42    90  0   0.0%   0.579 AU:3    +
    6   126  0   0.0%   0.072 AU:3    +
   23   159  0   0.0%   0.416 AU:3    +
   13   106  0   0.0%   0.381 UA:3    +
   12    34  0   0.0%   0.195 AU:3    +
    9   119  0   0.0%   0.162 AU:3    +
   15    44  0   0.0%   0.022 AU:3    +
   14    90  0   0.0%   0.182 GU:3    +
   13    33  0   0.0%   0.228 UA:3    +
    6    96  0   0.0%   0.013 AU:3    +
   14    88  0   0.0%   0.182 GC:3    +
   20    56  0   0.0%   0.282 GC:3    +
   26   110  0   0.0%   0.762 AU:3    +
   10   106  0   0.0%   0.231 UA:3    +
    5   150  0   0.0%   0.046 AU:3    +
   16   124  1   0.0%   0.445 GC:1    AU:1    +
   24    35  0   0.0%   0.027 CG:3    +
  144   160  1   0.0%   1.387 GC:1    AU:1    +
   10    26  0   0.0%   0.050 UA:3    +
   15    96  0   0.0%   0.280 AU:3    +
   33   148  0   0.0%   0.313 AU:3    +
   98   117  0   0.0%   1.041 GC:3    +
   57   105  0   0.0%   0.403 CG:3    +
   10    66  0   0.0%   0.142 UA:3    +
   15   125  0   0.0%   0.486 AU:3    +
   32   151  0   0.0%   0.313 GU:3    +
   27    84  0   0.0%   0.839 UA:3    +
   96   104  0   0.0%   0.287 UG:3    +
   73   118  1   0.0%   0.252 GC:1    GU:1    +
   27   103  0   0.0%   0.846 UA:3    +
   38   108  0   0.0%   0.317 GU:3    +
   39   107  0   0.0%   0.259 UA:3    +
    8   101  0   0.0%   0.106 UA:3    +
   23    89  0   0.0%   0.261 AU:3    +
   27   106  0   0.0%   0.842 UA:3    +
   19   156  0   0.0%   1.325 UG:3    +
   17    81  0   0.0%   0.139 AU:3    +
  113   131  0   0.0%   1.110 CG:3    +
    6    37  0   0.0%   0.012 AU:3    +
   82    93  1   0.0%   0.068 GC:1    UA:1    +
   98   121  0   0.0%   0.764 GU:3    +
   20   158  0   0.0%   1.673 GU:3    +
   75   113  0   0.0%   0.592 GC:3    +
   27   114  0   0.0%   1.336 UA:3    +
   13   122  0   0.0%   0.698 UA:3    +
    9    39  0   0.0%   0.032 AU:3    +
   13    23  0   0.0%   0.086 UA:3    +
   33   108  0   0.0%   0.284 AU:3    +
   17   148  0   0.0%   0.519 AU:3    +
    5    81  0   0.0%   0.008 AU:3    +
    6    34  0   0.0%   0.012 AU:3    +
    2    73  1   0.0%   0.068 CG:1    UG:1    +
    5    19  0   0.0%   0.009 AU:3    +
   35    39  0   0.0%   0.075 GU:3    +
    9    27  0   0.0%   0.027 AU:3    +
   41    59  0   0.0%   0.569 GC:3    +
   96   106  0   0.0%   0.390 UA:3    +
  111   132  0   0.0%   0.605 AU:3    +
   12   148  0   0.0%   0.339 AU:3    +
   14   119  0   0.0%   0.712 GU:3    +
   44   155  0   0.0%   0.570 UA:3    +
    3    72  0   0.0%   0.045 UA:3    +
    8    26  0   0.0%   0.070 UA:3    +
   10    38  0   0.0%   0.142 UG:3    +
   10    35  0   0.0%   0.144 UG:3    +
   34   107  0   0.0%   0.213 UA:3    +
   74   114  0   0.0%   0.506 UA:3    +
   66   159  0   0.0%   0.610 AU:3    +
  105   110  0   0.0%   1.207 GU:3    +
   14   126  0   0.0%   0.729 GU:3    +
   38    63  0   0.0%   0.062 GC:3    +
   36    65  0   0.0%   0.055 CG:3    +
   31   110  0   0.0%   0.417 AU:3    +
   44   142  0   0.0%   0.691 UA:3    +
   81   116  0   0.0%   0.602 UA:3    +
    8   142  0   0.0%   0.171 UA:3    +
   21    50  0   0.0%   0.031 GC:3    +
  114   119  0   0.0%   0.765 AU:3    +
   44   114  0   0.0%   0.878 UA:3    +
   33    90  0   0.0%   0.257 AU:3    +
   75    88  0   0.0%   0.229 GC:3    +
   26    39  0   0.0%   0.374 AU:3    +
   89    98  0   0.0%   0.256 UG:3    +
   38   137  0   0.0%   0.423 GC:3    +
   45   141  0   0.0%   0.344 GC:3    +
   54   108  0   0.0%   0.300 AU:3    +
   35    48  0   0.0%   0.018 GC:3    +
    8   102  0   0.0%   0.106 UA:3    +
   67   158  0   0.0%   0.267 AU:3    +
    3   152  0   0.0%   0.089 UG:3    +
   35    88  0   0.0%   0.223 GC:3    +
   37    42  0   0.0%   0.145 UA:3    +
   21    81  0   0.0%   0.048 GU:3    +
   44   111  0   0.0%   0.521 UA:3    +
  129   141  0   0.0%   0.683 GC:3    +
   15    81  0   0.0%   0.040 AU:3    +
   12   110  0   0.0%   0.311 AU:3    +
    3    82  1   0.0%   0.046 UG:1    UA:1    +
   21   110  0   0.0%   0.643 GU:3    +
   20    78  0   0.0%   0.298 GC:3    +
   90   107  0   0.0%   1.274 UA:3    +
   32    50  0   0.0%   0.064 GC:3    +
   98   141  0   0.0%   1.065 GC:3    +
    3   107  0   0.0%   0.057 UA:3    +
   29    81  0   0.0%   0.166 AU:3    +
  105   120  0   0.0%   0.250 GC:3    +
    3   156  0   0.0%   0.407 UG:3    +
   41    78  0   0.0%   0.570 GC:3    +
  106   119  0   0.0%   0.319 AU:3    +
   19    42  0   0.0%   0.307 UA:3    +
    9    81  0   0.0%   0.034 AU:3    +
   16    80  1   0.0%   0.036 GU:1    AU:1    +
   10   156  0   0.0%   0.456 UG:3    +
   17   119  0   0.0%   0.460 AU:3    +
   35   117  0   0.0%   0.235 GC:3    +
   33   158  0   0.0%   0.378 AU:3    +
   96   111  0   0.0%   0.642 UA:3    +
   10    82  1   0.0%   0.145 UG:1    UA:1    +
   24    32  0   0.0%   0.023 CG:3    +
   30   156  0   0.0%   0.242 CG:3    +
   44   157  0   0.0%   0.515 UA:3    +
  151   157  0   0.0%   1.184 UA:3    +
    6   148  0   0.0%   0.066 AU:3    +
    8    82  1   0.0%   0.080 UG:1    UA:1    +
   22   145  1   0.0%   0.373 AU:1    UA:1    +
   44   106  0   0.0%   0.388 UA:3    +
   18   148  0   0.0%   0.680 AU:3    +
   32   159  0   0.0%   0.452 GU:3    +
   34   157  0   0.0%   0.237 UA:3    +
  104   121  0   0.0%   0.243 GU:3    +
   44   107  0   0.0%   0.579 UA:3    +
    8   156  0   0.0%   0.395 UG:3    +
   35   138  0   0.0%   0.406 GC:3    +
  142   159  0   0.0%   0.848 AU:3    +
  150   155  0   0.0%   1.200 UA:3    +
   41   110  0   0.0%   1.031 GU:3    +
  120   143  0   0.0%   0.497 CG:3    +
    9   125  0   0.0%   0.166 AU:3    +
   34   116  0   0.0%   0.034 UA:3    +
   21   153  0   0.0%   1.353 GU:3    +
  116   148  0   0.0%   0.588 AU:3    +
  121   142  0   0.0%   0.664 UA:3    +
   31   150  0   0.0%   0.299 AU:3    +
   75   141  0   0.0%   0.337 GC:3    +
   32   141  0   0.0%   0.260 GC:3    +
    3    35  0   0.0%   0.044 UG:3    +
   14    81  0   0.0%   0.182 GU:3    +
   44   116  0   0.0%   0.396 UA:3    +
    6   132  0   0.0%   0.067 AU:3    +
    3   106  0   0.0%   0.057 UA:3    +
   45   117  0   0.0%   0.249 GC:3    +
   10   143  0   0.0%   0.257 UG:3    +
   89   116  0   0.0%   0.628 UA:3    +
   46   116  0   0.0%   0.042 UA:3    +
  119   123  0   0.0%   0.047 UA:3    +
   88   129  0   0.0%   0.347 CG:3    +
    8    38  0   0.0%   0.078 UG:3    +
    9    37  0   0.0%   0.031 AU:3    +
   10    23  0   0.0%   0.050 UA:3    +
   15   151  0   0.0%   0.601 AU:3    +
   74   142  0   0.0%   0.313 UA:3    +
   19   143  0   0.0%   1.157 UG:3    +
   89   128  0   0.0%   0.618 UA:3    +
    2    79  1   0.0%   0.077 CG:1    UG:1    +
   33    39  0   0.0%   0.075 AU:3    +
   12    89  0   0.0%   0.189 AU:3    +
   81   101  0   0.0%   0.209 UA:3    +
   19    45  0   0.0%   0.307 UG:3    +
    5   108  0   0.0%   0.008 AU:3    +
  143   158  0   0.0%   1.033 GU:3    +
   72   119  0   0.0%   0.198 AU:3    +
   33    44  0   0.0%   0.051 AU:3    +
   32    37  0   0.0%   0.100 GU:3    +
   65    78  0   0.0%   0.760 GC:3    +
   34    38  0   0.0%   0.060 UG:3    +
   18    46  0   0.0%   0.288 AU:3    +
    3    98  0   0.0%   0.047 UG:3    +
    3    26  0   0.0%   0.043 UA:3    +
   26    37  0   0.0%   0.370 AU:3    +
    3   105  0   0.0%   0.058 UG:3    +
   65   113  0   0.0%   1.325 GC:3    +
  142   153  0   0.0%   1.188 AU:3    +
   13    99  0   0.0%   0.381 UA:3    +
   21    59  0   0.0%   0.045 GC:3    +
   19    84  0   0.0%   0.309 UA:3    +
  107   132  0   0.0%   0.367 AU:3    +
   29    34  0   0.0%   0.104 AU:3    +
  129   137  0   0.0%   0.749 GC:3    +
  117   156  0   0.0%   0.807 CG:3    +
   20    36  0   0.0%   0.269 GC:3    +
   30    41  0   0.0%   0.619 CG:3    +
    5   132  0   0.0%   0.046 AU:3    +
  153   157  0   0.0%   1.608 UA:3    +
  152   158  0   0.0%   1.307 GU:3    +
   41   158  0   0.0%   1.066 GU:3    +
   96   105  0   0.0%   0.283 UG:3    +
    3    83  0   0.0%   0.046 UA:3    +
    5   119  0   0.0%   0.039 AU:3    +
  117   152  0   0.0%   0.735 CG:3    +
   90   116  0   0.0%   1.031 UA:3    +
   27   156  0   0.0%   1.050 UG:3    +
  116   153  0   0.0%   0.632 AU:3    +
   17   125  0   0.0%   0.457 AU:3    +
    8   131  0   0.0%   0.171 UG:3    +
    3    23  0   0.0%   0.043 UA:3    +
   42   110  0   0.0%   0.703 AU:3    +
   38    48  0   0.0%   0.049 GC:3    +
    3    31  0   0.0%   0.043 UA:3    +
   16   154  1   0.0%   0.630 GU:1    AU:1    +
    8    32  0   0.0%   0.073 UG:3    +
  125   152  0   0.0%   0.474 UG:3    +
   16    94  1   0.0%   0.368 GU:1    AU:1    +
   20    81  0   0.0%   0.300 GU:3    +
    8    29  0   0.0%   0.070 UA:3    +
   14    78  0   0.0%   0.181 GC:3    +
   10   105  0   0.0%   0.230 UG:3    +
  102   119  0   0.0%   0.614 AU:3    +
  117   143  0   0.0%   0.745 CG:3    +
   31    46  0   0.0%   0.080 AU:3    +
   45   113  0   0.0%   0.602 GC:3    +
   83   159  0   0.0%   0.784 AU:3    +
    8   128  0   0.0%   0.176 UA:3    +
   27   101  0   0.0%   0.839 UA:3    +
   99   126  0   0.0%   0.648 AU:3    +
   84   158  0   0.0%   0.735 AU:3    +
    8    21  0   0.0%   0.071 UG:3    +
    8    84  0   0.0%   0.081 UA:3    +
   15   148  0   0.0%   0.569 AU:3    +
   86    97  1   0.0%   0.250 AU:1    UA:1    +
   27    38  0   0.0%   0.371 UG:3    +
   20    39  0   0.0%   0.275 GU:3    +
   20    60  0   0.0%   0.313 GU:3    +
   44   103  0   0.0%   0.391 UA:3    +
   17   121  0   0.0%   0.445 AU:3    +
   84   159  0   0.0%   0.760 AU:3    +
   23    34  0   0.0%   0.012 AU:3    +
   98   159  0   0.0%   1.028 GU:3    +
   99   158  0   0.0%   0.883 AU:3    +
   13    82  1   0.0%   0.238 UG:1    UA:1    +
   20   120  0   0.0%   0.983 GC:3    +
   13    84  0   0.0%   0.239 UA:3    +
   85   118  1   0.0%   0.375 GC:1    AU:1    +
   13    83  0   0.0%   0.238 UA:3    +
    8    83  0   0.0%   0.080 UA:3    +
   32   148  0   0.0%   0.361 GU:3    +
   36   131  0   0.0%   0.080 CG:3    +
   98   138  0   0.0%   1.239 GC:3    +
   17   126  0   0.0%   0.460 AU:3    +
   12   132  0   0.0%   0.253 AU:3    +
  152   159  0   0.0%   1.374 GU:3    +
  104   119  0   0.0%   0.273 GU:3    +
   83   158  0   0.0%   0.759 AU:3    +
   13    98  0   0.0%   0.389 UG:3    +
   23    96  0   0.0%   0.143 AU:3    +
    5    27  0   0.0%   0.007 AU:3    +
    6    89  0   0.0%   0.012 AU:3    +
   10    83  0   0.0%   0.145 UA:3    +
   29    37  0   0.0%   0.092 AU:3    +
   23   119  0   0.0%   0.082 AU:3    +
   19    83  0   0.0%   0.308 UA:3    +
   39   128  0   0.0%   0.085 UA:3    +
   82   159  1   0.0%   0.705 GU:1    AU:1    +
   81   102  0   0.0%   0.210 UA:3    +
   14   108  0   0.0%   0.402 GU:3    +
    8    67  0   0.0%   0.077 UA:3    +
  101   159  0   0.0%   0.566 AU:3    +
    5    90  0   0.0%   0.008 AU:3    +
  102   158  0   0.0%   0.837 AU:3    +
   21   119  0   0.0%   0.739 GU:3    +
   10   104  0   0.0%   0.237 UG:3    +
   10    84  0   0.0%   0.146 UA:3    +
   18   125  0   0.0%   0.619 AU:3    +
   41   126  0   0.0%   0.711 GU:3    +
   39   114  0   0.0%   0.561 UA:3    +
   13    32  0   0.0%   0.223 UG:3    +
   37    84  0   0.0%   0.046 UA:3    +
   18    44  0   0.0%   0.288 AU:3    +
   35   132  0   0.0%   0.096 GU:3    +
   10   101  0   0.0%   0.230 UA:3    +
    8    42  0   0.0%   0.077 UA:3    +
   66    96  0   0.0%   0.445 AU:3    +
  102   159  0   0.0%   0.863 AU:3    +
   67    96  0   0.0%   0.124 AU:3    +
   16   127  1   0.0%   0.469 GU:1    AU:1    +
  141   156  0   0.0%   1.176 CG:3    +
    6    27  0   0.0%   0.011 AU:3    +
   17    44  0   0.0%   0.122 AU:3    +
    3    21  0   0.0%   0.045 UG:3    +
    8   103  0   0.0%   0.112 UA:3    +
   84   132  0   0.0%   0.575 AU:3    +
   15    34  0   0.0%   0.027 AU:3    +
   36    45  0   0.0%   0.077 CG:3    +
   89   131  0   0.0%   0.640 UG:3    +
  103   158  0   0.0%   0.660 AU:3    +
   42   125  0   0.0%   0.374 AU:3    +
   56    75  0   0.0%   0.081 CG:3    +
   27   142  0   0.0%   1.029 UA:3    +
   90   157  0   0.0%   1.129 UA:3    +
   36   104  0   0.0%   0.077 CG:3    +
   88   156  0   0.0%   0.506 CG:3    +
   14    96  0   0.0%   0.465 GU:3    +
   17   153  0   0.0%   0.620 AU:3    +
   17   150  0   0.0%   0.540 AU:3    +
  151   155  0   0.0%   1.212 UA:3    +
   13   156  0   0.0%   1.104 UG:3    +
   37   103  0   0.0%   0.051 UA:3    +
    2    92  1   0.0%   0.078 CG:1    UA:1    +
   90   114  0   0.0%   1.510 UA:3    +
  101   158  0   0.0%   0.541 AU:3    +
   54   132  0   0.0%   0.117 AU:3    +
   54    74  0   0.0%   0.035 AU:3    +
   10    42  0   0.0%   0.141 UA:3    +
   35    46  0   0.0%   0.034 GU:3    +
    2    95  1   0.0%   0.078 CG:1    UG:1    +
    3    75  0   0.0%   0.054 UG:3    +
   10   103  0   0.0%   0.235 UA:3    +
   16    52  1   0.0%   0.018 GU:1    AU:1    +
    3    42  0   0.0%   0.045 UA:3    +
  116   150  0   0.0%   0.563 AU:3    +
   18    60  0   0.0%   0.304 AU:3    +
   89   155  0   0.0%   0.781 UA:3    +
   30    75  0   0.0%   0.072 CG:3    +
  119   131  0   0.0%   1.118 UG:3    +
  104   120  0   0.0%   0.253 GC:3    +
   13    42  0   0.0%   0.223 UA:3    +
   12    39  0   0.0%   0.191 AU:3    +
   31    74  0   0.0%   0.062 AU:3    +
    6    90  0   0.0%   0.012 AU:3    +
  111   153  0   0.0%   0.740 AU:3    +
   31   119  0   0.0%   0.087 AU:3    +
  101   121  0   0.0%   0.302 AU:3    +
  111   119  0   0.0%   0.552 AU:3    +
   13    38  0   0.0%   0.224 UG:3    +
   99   110  0   0.0%   1.262 AU:3    +
   10   102  0   0.0%   0.230 UA:3    +
   17    34  0   0.0%   0.127 AU:3    +
    3    41  0   0.0%   0.046 UG:3    +
    5    96  0   0.0%   0.008 AU:3    +
  103   121  0   0.0%   0.420 AU:3    +
    8    71  0   0.0%   0.077 UA:3    +
  108   131  0   0.0%   1.046 UG:3    +
   36   105  0   0.0%   0.069 CG:3    +
   18   153  0   0.0%   0.782 AU:3    +
  125   142  0   0.0%   0.316 UA:3    +
    5    89  0   0.0%   0.008 AU:3    +
  114   126  0   0.0%   0.738 AU:3    +
   37   111  0   0.0%   0.177 UA:3    +
   75    89  0   0.0%   0.248 GU:3    +
   19    82  1   0.0%   0.308 UG:1    UA:1    +
  105   119  0   0.0%   0.269 GU:3    +
   13   101  0   0.0%   0.379 UA:3    +
    3    38  0   0.0%   0.044 UG:3    +
   84   119  0   0.0%   0.511 AU:3    +
   19    41  0   0.0%   0.308 UG:3    +
   41   132  0   0.0%   0.773 GU:3    +
   99   132  0   0.0%   0.722 AU:3    +
   96   157  0   0.0%   0.446 UA:3    +
   60    71  0   0.0%   0.884 UA:3    +
   14   132  0   0.0%   0.734 GU:3    +
   72   125  0   0.0%   0.185 AU:3    +
    2   130  1   0.0%   0.100 CG:1    UA:1    +
   33    96  0   0.0%   0.125 AU:3    +
    3   129  0   0.0%   0.092 UG:3    +
   74   123  0   0.0%   0.015 UA:3    +
   37   104  0   0.0%   0.067 UG:3    +
    5    39  0   0.0%   0.009 AU:3    +
   71   126  0   0.0%   0.510 AU:3    +
   19   152  0   0.0%   1.192 UG:3    +
   13   103  0   0.0%   0.385 UA:3    +
   12    81  0   0.0%   0.190 AU:3    +
  119   155  0   0.0%   0.615 UA:3    +
    6    44  0   0.0%   0.011 AU:3    +
    5    74  0   0.0%   0.007 AU:3    +
  155   159  0   0.0%   1.666 AU:3    +
  150   156  0   0.0%   1.307 UG:3    +
   79   118  1   0.0%   1.015 GC:1    GU:1    +
   50    75  0   0.0%   0.030 CG:3    +
   38   110  0   0.0%   0.406 GU:3    +
  117   129  0   0.0%   0.333 CG:3    +
   83    96  0   0.0%   0.128 AU:3    +
   17    96  0   0.0%   0.355 AU:3    +
   27    99  0   0.0%   0.841 UA:3    +
   14    89  0   0.0%   0.182 GU:3    +
   81   105  0   0.0%   0.223 UG:3    +
   33   119  0   0.0%   0.043 AU:3    +
   45   137  0   0.0%   0.409 GC:3    +
    9   126  0   0.0%   0.167 AU:3    +
   32   120  0   0.0%   0.087 GC:3    +
   59   129  0   0.0%   0.320 CG:3    +
   27    54  0   0.0%   0.836 UA:3    +
   12    90  0   0.0%   0.189 AU:3    +
   85    97  1   0.0%   0.057 GU:1    AU:1    +
    1   109  1   0.0%   0.039 GU:1    AU:1    +
   59    75  0   0.0%   0.328 CG:3    +
   10    31  0   0.0%   0.140 UA:3    +
   60   128  0   0.0%   0.420 UA:3    +
   39   123  0   0.0%   0.071 UA:3    +
   21    39  0   0.0%   0.023 GU:3    +
   72    90  0   0.0%   0.415 AU:3    +
  110   142  0   0.0%   1.382 UA:3    +
   13   102  0   0.0%   0.379 UA:3    +
    3    29  0   0.0%   0.043 UA:3    +
   83   132  0   0.0%   0.598 AU:3    +
   29    96  0   0.0%   0.259 AU:3    +
   96   129  0   0.0%   0.331 UG:3    +
   92   160  1   0.0%   0.651 GC:1    AU:1    +
   18   132  0   0.0%   0.613 AU:3    +
    2   149  1   0.0%   0.101 CG:1    UA:1    +
   14   153  0   0.0%   1.113 GU:3    +
   14    56  0   0.0%   0.164 GC:3    +
   44    54  0   0.0%   0.037 UA:3    +
   13   123  0   0.0%   0.697 UA:3    +
   31   121  0   0.0%   0.072 AU:3    +
    6    74  0   0.0%   0.012 AU:3    +
  121   129  0   0.0%   0.732 UG:3    +
   57   131  0   0.0%   0.422 CG:3    +
   18    81  0   0.0%   0.290 AU:3    +
   16    97  1   0.0%   0.298 GU:1    AU:1    +
    5    44  0   0.0%   0.007 AU:3    +
   27   128  0   0.0%   0.862 UA:3    +
  110   122  0   0.0%   1.094 UA:3    +
   39   106  0   0.0%   0.067 UA:3    +
   20   132  0   0.0%   0.989 GU:3    +
   14    50  0   0.0%   0.164 GC:3    +
  148   152  0   0.0%   1.152 UG:3    +
  111   121  0   0.0%   0.522 AU:3    +
   60    99  0   0.0%   0.403 UA:3    +
   10    65  0   0.0%   0.141 UG:3    +
   18    34  0   0.0%   0.292 AU:3    +
   42    89  0   0.0%   0.564 AU:3    +
   12    37  0   0.0%   0.189 AU:3    +
   20   151  0   0.0%   1.557 GU:3    +
    3   143  0   0.0%   0.089 UG:3    +
   10    32  0   0.0%   0.137 UG:3    +
  148   157  0   0.0%   1.779 UA:3    +
   14    57  0   0.0%   0.164 GC:3    +
   14    27  0   0.0%   0.277 GU:3    +
   45    63  0   0.0%   0.041 GC:3    +
   24    98  0   0.0%   0.111 CG:3    +
   33    37  0   0.0%   0.057 AU:3    +
   31    39  0   0.0%   0.115 AU:3    +
   13   131  0   0.0%   0.708 UG:3    +
   26   148  0   0.0%   0.498 AU:3    +
   26    74  0   0.0%   0.388 AU:3    +
   81   103  0   0.0%   0.215 UA:3    +
    6    39  0   0.0%   0.013 AU:3    +
   41    90  0   0.0%   0.906 GU:3    +
   81    98  0   0.0%   0.217 UG:3    +
  107   119  0   0.0%   0.316 AU:3    +
   82   127  1   0.0%   0.445 GU:1    AU:1    +
   45    57  0   0.0%   0.041 GC:3    +
   83   126  0   0.0%   0.524 AU:3    +
   81   128  0   0.0%   0.592 UA:3    +
   37   107  0   0.0%   0.239 UA:3    +
   90   104  0   0.0%   1.143 UG:3    +
    8   143  0   0.0%   0.171 UG:3    +
   19    33  0   0.0%   0.309 UA:3    +
    8    41  0   0.0%   0.079 UG:3    +
   19   128  0   0.0%   0.739 UA:3    +
   21    57  0   0.0%   0.061 GC:3    +
    5    37  0   0.0%   0.007 AU:3    +
    1    97  1   0.0%   0.039 GU:1    AU:1    +
  103   159  0   0.0%   0.685 AU:3    +
   99   121  0   0.0%   0.644 AU:3    +
   12    44  0   0.0%   0.188 AU:3    +
   42    46  0   0.0%   0.122 AU:3    +
   29   110  0   0.0%   0.504 AU:3    +
   81   122  0   0.0%   0.588 UA:3    +
   84   125  0   0.0%   0.498 AU:3    +
   89   105  0   0.0%   0.736 UG:3    +
   45    56  0   0.0%   0.041 GC:3    +
   21   126  0   0.0%   0.747 GU:3    +
   38    88  0   0.0%   0.255 GC:3    +
   45   138  0   0.0%   0.518 GC:3    +
   74   157  0   0.0%   0.136 UA:3    +
   19   123  0   0.0%   0.725 UA:3    +
   24    75  0   0.0%   0.109 CG:3    +
    8   104  0   0.0%   0.113 UG:3    +
   19   103  0   0.0%   0.315 UA:3    +
   72   159  0   0.0%   0.447 AU:3    +
    3    33  0   0.0%   0.043 UA:3    +
    2   144  1   0.0%   0.101 CG:1    UA:1    +
  105   132  0   0.0%   0.318 GU:3    +
   35    50  0   0.0%   0.016 GC:3    +
   88   143  0   0.0%   0.464 CG:3    +
   42    60  0   0.0%   0.117 AU:3    +
   34   106  0   0.0%   0.022 UA:3    +
   82   121  1   0.0%   0.440 GU:1    AU:1    +
   98   137  0   0.0%   1.131 GC:3    +
   30   129  0   0.0%   0.067 CG:3    +
   38    44  0   0.0%   0.082 GU:3    +
   21   150  0   0.0%   1.290 GU:3    +
    8    72  0   0.0%   0.078 UA:3    +
  129   148  0   0.0%   1.245 GU:3    +
    9    44  0   0.0%   0.030 AU:3    +
  103   125  0   0.0%   0.422 AU:3    +
  104   141  0   0.0%   0.549 GC:3    +
   30    98  0   0.0%   0.072 CG:3    +
  128   150  0   0.0%   0.875 AU:3    +
   10    41  0   0.0%   0.142 UG:3    +
   95   160  1   0.0%   0.404 GC:1    GU:1    +
    8   105  0   0.0%   0.107 UG:3    +
  102   126  0   0.0%   0.602 AU:3    +
   89   142  0   0.0%   0.902 UA:3    +
   17    39  0   0.0%   0.123 AU:3    +
   67    74  0   0.0%   0.022 AU:3    +
   85   160  1   0.0%   0.346 GC:1    AU:1    +
   16    55  1   0.0%   0.018 GC:1    AU:1    +
   41    57  0   0.0%   0.585 GC:3    +
   35    81  0   0.0%   0.033 GU:3    +
   32    48  0   0.0%   0.065 GC:3    +
   16    86  1   0.0%   0.035 GU:1    AU:1    +
  114   121  0   0.0%   0.735 AU:3    +
   32    88  0   0.0%   0.271 GC:3    +
   22   112  1   0.5%   0.894 AU:2    +
   22   159  1   0.4%   0.719 AU:2    +
   12   146  1   0.4%   0.329 AU:2    +
   53    63  1   0.4%   0.094 GC:2    +
    9    94  1   0.3%   0.092 AU:2    +
    6   109  1   0.3%   0.109 AU:2    +
   18   109  1   0.3%   0.845 AU:2    +
   54    62  1   0.3%   0.079 AU:2    +
   42   112  1   0.3%   0.988 AU:2    +
   94    98  1   0.3%   0.683 UG:2    +
   15    62  1   0.3%   0.070 AU:2    +
   13    64  1   0.2%   0.267 UA:2    +
    6    97  1   0.2%   0.056 AU:2    +
   13   139  1   0.2%   0.749 UA:2    +
   14    94  1   0.2%   0.476 GU:2    +
  132   136  1   0.2%   0.448 UA:2    +
    4   110  1   0.2%   0.067 AU:2    +
  111   154  1   0.2%   0.775 AU:2    +
  106   112  1   0.2%   1.166 AU:2    +
    5   109  1   0.2%   0.046 AU:2    +
   79   112  1   0.2%   1.173 GU:2    +
   25   104  1   0.2%   0.484 CG:2    +
   51    65  1   0.2%   0.042 UG:2    +
   22   110  1   0.2%   0.615 AU:2    +
   12   112  1   0.2%   0.319 AU:2    +
   15   109  1   0.2%   0.259 AU:2    +
   80   111  1   0.2%   0.341 UA:2    +
   52    72  1   0.2%   0.811 UA:2    +
  132   145  1   0.1%   0.993 UA:2    +
   80   116  1   0.1%   0.238 UA:2    +
   79   117  1   0.1%   1.029 GC:2    +
   21   147  1   0.1%   1.207 GC:2    +
   80    92  1   0.1%   0.304 UA:2    +
   11   154  1   0.1%   0.487 AU:2    +
   23   109  1   0.1%   0.369 AU:2    +
   25    35  1   0.1%   0.391 CG:2    +
   22   119  1   0.1%   0.328 AU:2    +
    4    10  1   0.1%   0.034 AU:2    +
    4     8  1   0.1%   0.049 AU:2    +
  109   116  1   0.1%   1.204 UA:2    +
    9   112  1   0.1%   0.213 AU:2    +
  101   109  1   0.1%   0.947 AU:2    +
   10   145  1   0.1%   0.277 UA:2    +
   80   115  1   0.1%   0.227 UA:2    +
   14   154  1   0.1%   1.141 GU:2    +
    4   127  1   0.1%   0.058 AU:2    +
    4    13  1   0.1%   0.035 AU:2    +
   94   103  1   0.1%   0.630 UA:2    +
   93   104  1   0.1%   0.345 CG:2    +
  109   114  1   0.1%   1.782 UA:2    +
  100   110  1   0.1%   1.227 AU:2    +
   11   146  1   0.1%   0.292 AU:2    +
   80   114  1   0.1%   0.692 UA:2    +
   80    85  1   0.1%   0.174 UA:2    +
    4   159  1   0.1%   0.224 AU:2    +
   27    40  1   0.1%   0.383 UA:2    +
   12   109  1   0.1%   0.291 AU:2    +
   41    80  1   0.1%   0.591 GU:2    +
   21    25  1   0.1%   0.377 GC:2    +
   58    65  1   0.1%   0.815 UG:2    +
   22   158  1   0.1%   0.635 AU:2    +
   58    67  1   0.1%   0.713 UA:2    +
   22    27  1   0.1%   0.364 AU:2    +
   19   140  1   0.1%   1.151 UA:2    +
   28    47  1   0.1%   0.521 UG:2    +
   61    71  1   0.1%   0.529 UA:2    +
   88    95  1   0.1%   0.353 CG:2    +
  112   136  1   0.1%   0.901 UA:2    +
   40   110  1   0.1%   0.540 AU:2    +
   14   147  1   0.1%   0.944 GC:2    +
  104   134  1   0.1%   0.320 GC:2    +
    9   146  1   0.0%   0.174 AU:2    +
   90   100  1   0.0%   0.801 UA:2    +
   76   116  1   0.0%   0.043 UA:2    +
  103   109  1   0.0%   1.443 AU:2    +
   59    73  1   0.0%   0.334 CG:2    +
   68    96  1   0.0%   0.128 AU:2    +
   97   102  1   0.0%   0.743 UA:2    +
   15   146  1   0.0%   0.534 AU:2    +
   67    97  1   0.0%   0.060 AU:2    +
   22    44  1   0.0%   0.024 AU:2    +
   24    53  1   0.0%   0.103 CG:2    +
  136   158  1   0.0%   0.354 AU:2    +
   33   112  1   0.0%   0.609 AU:2    +
  143   147  1   0.0%   1.059 GC:2    +
   94   102  1   0.0%   0.805 UA:2    +
   97   106  1   0.0%   0.634 UA:2    +
   25    45  1   0.0%   0.430 CG:2    +
   24    79  1   0.0%   0.106 CG:2    +
  112   135  1   0.0%   0.945 UA:2    +
   23    80  1   0.0%   0.038 AU:2    +
   25   152  1   0.0%   0.537 CG:2    +
   58   103  1   0.0%   0.715 UA:2    +
  123   127  1   0.0%   0.396 AU:2    +
   79    88  1   0.0%   0.729 GC:2    +
  139   151  1   0.0%   0.533 AU:2    +
   97   101  1   0.0%   0.450 UA:2    +
  131   146  1   0.0%   1.308 GU:2    +
   14   134  1   0.0%   0.740 GC:2    +
  136   153  1   0.0%   0.608 AU:2    +
   22    28  1   0.0%   0.248 AU:2    +
    4    19  1   0.0%   0.028 AU:2    +
   26   112  1   0.0%   0.996 AU:2    +
   61    67  1   0.0%   0.041 UA:2    +
   23    51  1   0.0%   0.033 AU:2    +
   86   111  1   0.0%   1.030 UA:2    +
  135   159  1   0.0%   0.457 AU:2    +
   60    68  1   0.0%   0.403 UA:2    +
   12    94  1   0.0%   0.285 AU:2    +
   61    66  1   0.0%   0.361 UA:2    +
   73    88  1   0.0%   0.233 GC:2    +
  140   150  1   0.0%   0.340 AU:2    +
   61   101  1   0.0%   0.039 UA:2    +
   94   116  1   0.0%   0.472 UA:2    +
   40    81  1   0.0%   0.190 AU:2    +
   80    84  1   0.0%   0.160 UA:2    +
   75    86  1   0.0%   0.219 GU:2    +
   73    93  1   0.0%   0.053 GC:2    +
  135   158  1   0.0%   0.384 AU:2    +
    3    40  1   0.0%   0.048 UA:2    +
   13   135  1   0.0%   0.708 UA:2    +
   58    68  1   0.0%   0.706 UA:2    +
    8   100  1   0.0%   0.108 UA:2    +
   80   107  1   0.0%   0.368 UA:2    +
   52    68  1   0.0%   0.030 UA:2    +
  112   116  1   0.0%   0.986 UA:2    +
    4    39  1   0.0%   0.028 AU:2    +
   86   103  1   0.0%   0.221 UA:2    +
   44   135  1   0.0%   0.446 UA:2    +
  114   127  1   0.0%   0.743 AU:2    +
   62    66  1   0.0%   0.371 UA:2    +
   51    73  1   0.0%   0.395 UG:2    +
   54    61  1   0.0%   0.026 AU:2    +
  107   112  1   0.0%   1.152 AU:2    +
   97   122  1   0.0%   0.604 UA:2    +
   53    59  1   0.0%   0.008 GC:2    +
   54    80  1   0.0%   0.178 AU:2    +
   81   135  1   0.0%   0.633 UA:2    +
   86    95  1   0.0%   0.334 UG:2    +
   55    79  1   0.0%   0.511 CG:2    +
   28    42  1   0.0%   0.603 UA:2    +
   51    70  1   0.0%   0.020 UA:2    +
   25   156  1   0.0%   0.617 CG:2    +
   28   106  1   0.0%   0.514 UA:2    +
   13    22  1   0.0%   0.087 UA:2    +
   40   121  1   0.0%   0.187 AU:2    +
   40    76  1   0.0%   0.179 AU:2    +
   22    81  1   0.0%   0.019 AU:2    +
   39    77  1   0.0%   0.064 UA:2    +
   87   104  1   0.0%   0.240 CG:2    +
   96   100  1   0.0%   0.493 UA:2    +
  132   139  1   0.0%   0.792 UA:2    +
   21   134  1   0.0%   0.883 GC:2    +
    4   158  1   0.0%   0.213 AU:2    +
   25    53  1   0.0%   0.424 CG:2    +
   62    99  1   0.0%   0.047 UA:2    +
   41   134  1   0.0%   0.787 GC:2    +
  100   112  1   0.0%   1.216 AU:2    +
   25   143  1   0.0%   0.456 CG:2    +
   51    83  1   0.0%   0.384 UA:2    +
   79   137  1   0.0%   1.168 GC:2    +
   15    94  1   0.0%   0.277 AU:2    +
    9    97  1   0.0%   0.133 AU:2    +
   26    52  1   0.0%   0.390 AU:2    +
   83   112  1   0.0%   1.134 AU:2    +
   13   140  1   0.0%   0.723 UA:2    +
   69    79  1   0.0%   0.865 CG:2    +
   52    67  1   0.0%   0.029 UA:2    +
    3   100  1   0.0%   0.050 UA:2    +
   53    62  1   0.0%   0.027 GU:2    +
   79   108  1   0.0%   0.799 GU:2    +
   61   102  1   0.0%   0.040 UA:2    +
  100   158  1   0.0%   0.633 AU:2    +
   39   139  1   0.0%   0.448 UA:2    +
   84    97  1   0.0%   0.052 AU:2    +
   73   117  1   0.0%   0.243 GC:2    +
   48    53  1   0.0%   0.010 CG:2    +
   19    49  1   0.0%   0.308 UA:2    +
  112   157  1   0.0%   1.033 UA:2    +
   97   103  1   0.0%   0.555 UA:2    +
   23    28  1   0.0%   0.244 AU:2    +
   54    58  1   0.0%   0.004 AU:2    +
   62   101  1   0.0%   0.049 UA:2    +
  145   150  1   0.0%   0.434 AU:2    +
   26    51  1   0.0%   0.388 AU:2    +
   27   136  1   0.0%   0.851 UA:2    +
   22    46  1   0.0%   0.013 AU:2    +
   79    91  1   0.0%   0.751 GC:2    +
    1    86  1   0.0%   0.040 AU:2    +
   25   131  1   0.0%   0.472 CG:2    +
   61   103  1   0.0%   0.046 UA:2    +
   37    79  1   0.0%   0.050 UG:2    +
    7    80  1   0.0%   0.047 AU:2    +
   19   136  1   0.0%   0.776 UA:2    +
   22    89  1   0.0%   0.441 AU:2    +
   83    97  1   0.0%   0.056 AU:2    +
   58   106  1   0.0%   0.709 UA:2    +
   47    69  1   0.0%   0.011 GC:2    +
    5   112  1   0.0%   0.041 AU:2    +
  111   127  1   0.0%   0.528 AU:2    +
   26    80  1   0.0%   0.392 AU:2    +
    4   112  1   0.0%   0.042 AU:2    +
   87    95  1   0.0%   0.339 CG:2    +
   28   101  1   0.0%   0.511 UA:2    +
   79   110  1   0.0%   0.889 GU:2    +
   20    87  1   0.0%   0.298 GC:2    +
   37   139  1   0.0%   0.424 UA:2    +
  100   108  1   0.0%   1.153 AU:2    +
   99   109  1   0.0%   1.267 AU:2    +
   46    70  1   0.0%   0.023 UA:2    +
   34    40  1   0.0%   0.181 UA:2    +
    5    97  1   0.0%   0.009 AU:2    +
   62   102  1   0.0%   0.050 UA:2    +
   17   112  1   0.0%   0.785 AU:2    +
   17    97  1   0.0%   0.284 AU:2    +
   86   105  1   0.0%   0.227 UG:2    +
   20   154  1   0.0%   1.626 GU:2    +
   53    57  1   0.0%   0.022 GC:2    +
   22    90  1   0.0%   0.456 AU:2    +
   44   136  1   0.0%   0.394 UA:2    +
   10   140  1   0.0%   0.256 UA:2    +
   51    68  1   0.0%   0.018 UA:2    +
    5   154  1   0.0%   0.345 AU:2    +
   21    93  1   0.0%   0.282 GC:2    +
   20    94  1   0.0%   0.615 GU:2    +
    6   154  1   0.0%   0.291 AU:2    +
   52    66  1   0.0%   0.026 UA:2    +
  147   152  1   0.0%   1.087 CG:2    +
   58    70  1   0.0%   1.023 UA:2    +
   23   112  1   0.0%   0.641 AU:2    +
   94   105  1   0.0%   0.594 UG:2    +
   86   102  1   0.0%   0.212 UA:2    +
   15    28  1   0.0%   0.144 AU:2    +
    5   127  1   0.0%   0.052 AU:2    +
   27    79  1   0.0%   0.841 UG:2    +
    8    79  1   0.0%   0.080 UG:2    +
   97   111  1   0.0%   0.880 UA:2    +
   94   115  1   0.0%   0.472 UA:2    +
   18    80  1   0.0%   0.291 AU:2    +
   26   109  1   0.0%   0.723 AU:2    +
   97   105  1   0.0%   0.521 UG:2    +
   95   138  1   0.0%   0.692 GC:2    +
   23    52  1   0.0%   0.031 AU:2    +
   58   105  1   0.0%   0.722 UG:2    +
    4   151  1   0.0%   0.047 AU:2    +
   93   105  1   0.0%   0.336 CG:2    +
   23    86  1   0.0%   0.230 AU:2    +
   85    94  1   0.0%   0.126 AU:2    +
   95   113  1   0.0%   0.955 GC:2    +
    8    40  1   0.0%   0.079 UA:2    +
   10    22  1   0.0%   0.050 UA:2    +
    6   112  1   0.0%   0.060 AU:2    +
    6    80  1   0.0%   0.012 AU:2    +
   14    97  1   0.0%   0.393 GU:2    +
  110   135  1   0.0%   1.137 UA:2    +
  110   136  1   0.0%   1.086 UA:2    +
   42    58  1   0.0%   0.102 AU:2    +
   19    79  1   0.0%   0.308 UG:2    +
   41    97  1   0.0%   0.702 GU:2    +
    8    22  1   0.0%   0.069 UA:2    +
   77    89  1   0.0%   0.240 AU:2    +
  145   159  1   0.0%   1.268 AU:2    +
   18   146  1   0.0%   0.642 AU:2    +
   35   147  1   0.0%   0.142 GC:2    +
   37    64  1   0.0%   0.059 UA:2    +
    8   140  1   0.0%   0.170 UA:2    +
   39   136  1   0.0%   0.071 UA:2    +
   40    44  1   0.0%   0.202 AU:2    +
   68    74  1   0.0%   0.017 AU:2    +
   40    60  1   0.0%   0.182 AU:2    +
   25   105  1   0.0%   0.464 CG:2    +
    4    81  1   0.0%   0.026 AU:2    +
   94   104  1   0.0%   0.597 UG:2    +
   12    80  1   0.0%   0.190 AU:2    +
   97   104  1   0.0%   0.524 UG:2    +
   17    80  1   0.0%   0.139 AU:2    +
   36    47  1   0.0%   0.064 CG:2    +
   84   112  1   0.0%   1.110 AU:2    +
   27   135  1   0.0%   0.901 UA:2    +
   51    67  1   0.0%   0.019 UA:2    +
   18    28  1   0.0%   0.516 AU:2    +
   34    49  1   0.0%   0.020 UA:2    +
   20   147  1   0.0%   1.444 GC:2    +
   10    68  1   0.0%   0.143 UA:2    +
    6   127  1   0.0%   0.072 AU:2    +
   94   114  1   0.0%   0.947 UA:2    +
   86    92  1   0.0%   0.333 UA:2    +
   46   140  1   0.0%   0.149 UA:2    +
   86   101  1   0.0%   0.211 UA:2    +
  139   150  1   0.0%   0.542 AU:2    +
    9   154  1   0.0%   0.405 AU:2    +
  131   147  1   0.0%   1.256 GC:2    +
   20    51  1   0.0%   0.281 GU:2    +
   21   154  1   0.0%   1.362 GU:2    +
   31   146  1   0.0%   0.106 AU:2    +
   24    47  1   0.0%   0.095 CG:2    +
    5    80  1   0.0%   0.008 AU:2    +
   68    76  1   0.0%   0.025 AU:2    +
   18    58  1   0.0%   0.288 AU:2    +
   27    49  1   0.0%   0.837 UA:2    +
  103   112  1   0.0%   1.229 AU:2    +
   52    73  1   0.0%   0.652 UG:2    +
   40    89  1   0.0%   0.398 AU:2    +
  134   156  1   0.0%   0.686 CG:2    +
  136   159  1   0.0%   0.421 AU:2    +
   62    71  1   0.0%   0.534 UA:2    +
   13    79  1   0.0%   0.238 UG:2    +
   28    83  1   0.0%   0.510 UA:2    +
   12    97  1   0.0%   0.254 AU:2    +
   25    32  1   0.0%   0.362 CG:2    +
   51    66  1   0.0%   0.017 UA:2    +
   31    51  1   0.0%   0.063 AU:2    +
   18    86  1   0.0%   0.289 AU:2    +
   41    87  1   0.0%   0.869 GC:2    +
   21    86  1   0.0%   0.046 GU:2    +
   95   134  1   0.0%   0.283 GC:2    +
    4    74  1   0.0%   0.026 AU:2    +
   84    94  1   0.0%   0.121 AU:2    +
   28   155  1   0.0%   0.703 UA:2    +
   42    86  1   0.0%   0.534 AU:2    +
   72    94  1   0.0%   0.282 AU:2    +
   79   133  1   0.0%   0.881 GC:2    +
    3   140  1   0.0%   0.088 UA:2    +
   34   139  1   0.0%   0.400 UA:2    +
   87    98  1   0.0%   0.224 CG:2    +
  101   112  1   0.0%   1.125 AU:2    +
   97   142  1   0.0%   0.891 UA:2    +
   21   146  1   0.0%   1.213 GU:2    +
   13   136  1   0.0%   0.706 UA:2    +
    4    34  1   0.0%   0.024 AU:2    +
    3   135  1   0.0%   0.088 UA:2    +
   17    94  1   0.0%   0.353 AU:2    +
   95   112  1   0.0%   0.773 GU:2    +
   70    74  1   0.0%   0.337 AU:2    +
   86    99  1   0.0%   0.211 UA:2    +
    8   135  1   0.0%   0.170 UA:2    +
   15    97  1   0.0%   0.207 AU:2    +
   14   146  1   0.0%   0.966 GU:2    +
   76   140  1   0.0%   0.143 UA:2    +
    9   109  1   0.0%   0.150 AU:2    +
   94   106  1   0.0%   0.700 UA:2    +
    8   136  1   0.0%   0.170 UA:2    +
   26   154  1   0.0%   0.691 AU:2    +
   15   154  1   0.0%   0.684 AU:2    +
   28   102  1   0.0%   0.511 UA:2    +
   10   135  1   0.0%   0.255 UA:2    +
   15    80  1   0.0%   0.039 AU:2    +
   80   106  1   0.0%   0.174 UA:2    +
   10   136  1   0.0%   0.256 UA:2    +
    3   136  1   0.0%   0.088 UA:2    +
   28   135  1   0.0%   0.565 UA:2    +
   95   141  1   0.0%   0.517 GC:2    +
   28    84  1   0.0%   0.510 UA:2    +
   61    72  1   0.0%   0.201 UA:2    +
   19   145  1   0.0%   1.190 UA:2    +
   39   135  1   0.0%   0.122 UA:2    +
    8    68  1   0.0%   0.077 UA:2    +
   53    58  1   0.0%   0.006 GU:2    +
   28    79  1   0.0%   0.513 UG:2    +
    8    70  1   0.0%   0.078 UA:2    +
   75    93  1   0.0%   0.048 GC:2    +
   52    65  1   0.0%   0.039 UG:2    +
   83    94  1   0.0%   0.125 AU:2    +
   42   109  1   0.0%   0.662 AU:2    +
  139   148  1   0.0%   0.911 AU:2    +
   47    55  1   0.0%   0.012 GC:2    +
   10   139  1   0.0%   0.256 UA:2    +
   66   112  1   0.0%   0.945 AU:2    +
   26    86  1   0.0%   0.599 AU:2    +
   80   102  1   0.0%   0.174 UA:2    +
   60    70  1   0.0%   0.718 UA:2    +
   39    47  1   0.0%   0.071 UG:2    +
   94   142  1   0.0%   0.743 UA:2    +
    8   139  1   0.0%   0.170 UA:2    +
   23   154  1   0.0%   0.352 AU:2    +
   10    40  1   0.0%   0.142 UA:2    +
   25    95  1   0.0%   0.559 CG:2    +
    3   139  1   0.0%   0.088 UA:2    +
    9   127  1   0.0%   0.167 AU:2    +
   25    38  1   0.0%   0.377 CG:2    +
   14    87  1   0.0%   0.181 GC:2    +
   65    97  1   0.0%   0.792 GU:2    +
  129   134  1   0.0%   0.451 GC:2    +
   30    47  1   0.0%   0.071 CG:2    +
    8   145  1   0.0%   0.170 UA:2    +
   86   100  1   0.0%   0.212 UA:2    +
   24    95  1   0.0%   0.222 CG:2    +
   40    46  1   0.0%   0.185 AU:2    +
   86   104  1   0.0%   0.234 UG:2    +
   41    86  1   0.0%   0.860 GU:2    +
    4   153  1   0.0%   0.047 AU:2    +
   76   114  1   0.0%   0.514 UA:2    +
   18    52  1   0.0%   0.288 AU:2    +
   96   140  1   0.0%   0.442 UA:2    +
  145   151  1   0.0%   0.446 AU:2    +
   40   159  1   0.0%   0.446 AU:2    +
  100   125  1   0.0%   0.394 AU:2    +
   45    52  1   0.0%   0.027 GU:2    +
   15    86  1   0.0%   0.039 AU:2    +
   79   141  1   0.0%   1.101 GC:2    +
   37    49  1   0.0%   0.045 UA:2    +
    1    80  1   0.0%   0.038 AU:2    +
   38   154  1   0.0%   0.398 GU:2    +
   53   134  1   0.0%   0.469 GC:2    +
   22    37  1   0.0%   0.011 AU:2    +
   66    97  1   0.0%   0.373 AU:2    +
    7   154  1   0.0%   0.368 AU:2    +
   97   128  1   0.0%   0.607 UA:2    +
   15   127  1   0.0%   0.505 AU:2    +
    3    22  1   0.0%   0.043 UA:2    +
  139   153  1   0.0%   0.960 AU:2    +
    6    28  1   0.0%   0.011 AU:2    +
   40   125  1   0.0%   0.188 AU:2    +
   19    40  1   0.0%   0.308 UA:2    +
   17    51  1   0.0%   0.121 AU:2    +
    9    80  1   0.0%   0.033 AU:2    +
   73    78  1   0.0%   0.026 GC:2    +
   62    67  1   0.0%   0.048 UA:2    +
   28   114  1   0.0%   1.001 UA:2    +
   25   129  1   0.0%   0.456 CG:2    +
   22    34  1   0.0%   0.015 AU:2    +
   10   100  1   0.0%   0.231 UA:2    +
    4    37  1   0.0%   0.024 AU:2    +
   40   119  1   0.0%   0.199 AU:2    +
   21    80  1   0.0%   0.047 GU:2    +
   40   127  1   0.0%   0.191 AU:2    +
   20    93  1   0.0%   0.533 GC:2    +
   97   116  1   0.0%   0.669 UA:2    +
  110   139  1   0.0%   1.460 UA:2    +
   46    68  1   0.0%   0.022 UA:2    +
   81   100  1   0.0%   0.210 UA:2    +
   17   146  1   0.0%   0.481 AU:2    +
   45   134  1   0.0%   0.108 GC:2    +
   22   153  1   0.0%   0.513 AU:2    +
   43    47  1   0.0%   0.025 CG:2    +
   77   112  1   0.0%   0.620 AU:2    +
    7   146  1   0.0%   0.131 AU:2    +
   28    49  1   0.0%   0.509 UA:2    +
    4   132  1   0.0%   0.047 AU:2    +
   28   136  1   0.0%   0.514 UA:2    +
   75    87  1   0.0%   0.225 GC:2    +
   26    94  1   0.0%   0.509 AU:2    +
   10    79  1   0.0%   0.145 UG:2    +
   28   111  1   0.0%   0.640 UA:2    +
  115   154  1   0.0%   0.489 AU:2    +
   29   154  1   0.0%   0.394 AU:2    +
   80   103  1   0.0%   0.180 UA:2    +
   80    95  1   0.0%   0.294 UG:2    +
   17    86  1   0.0%   0.138 AU:2    +
   27   145  1   0.0%   0.884 UA:2    +
  142   146  1   0.0%   0.825 AU:2    +
  125   145  1   0.0%   0.141 UA:2    +
   30    95  1   0.0%   0.183 CG:2    +
    4   108  1   0.0%   0.027 AU:2    +
   18    51  1   0.0%   0.288 AU:2    +
   93   143  1   0.0%   0.306 CG:2    +
   79    90  1   0.0%   0.759 GU:2    +
   94   111  1   0.0%   0.949 UA:2    +
    4    28  1   0.0%   0.024 AU:2    +
  102   112  1   0.0%   1.421 AU:2    +
   52   111  1   0.0%   0.774 UA:2    +
   54   109  1   0.0%   0.349 AU:2    +
    7    94  1   0.0%   0.047 AU:2    +
  108   136  1   0.0%   1.012 UA:2    +
    9    28  1   0.0%   0.027 AU:2    +
   80   101  1   0.0%   0.173 UA:2    +
   58    71  1   0.0%   1.189 UA:2    +
   44   139  1   0.0%   0.770 UA:2    +
  100   159  1   0.0%   0.657 AU:2    +
   41    93  1   0.0%   0.690 GC:2    +
   31    94  1   0.0%   0.169 AU:2    +
  140   148  1   0.0%   0.705 AU:2    +
   29    76  1   0.0%   0.158 AU:2    +
   17    52  1   0.0%   0.121 AU:2    +
  129   146  1   0.0%   0.524 GU:2    +
   17   154  1   0.0%   0.629 AU:2    +
    4   119  1   0.0%   0.040 AU:2    +
  108   135  1   0.0%   1.064 UA:2    +
    4    90  1   0.0%   0.026 AU:2    +
   86   114  1   0.0%   1.025 UA:2    +
   28   107  1   0.0%   0.705 UA:2    +
    7    86  1   0.0%   0.046 AU:2    +
  134   152  1   0.0%   0.606 CG:2    +
   53    78  1   0.0%   0.397 GC:2    +
   77    90  1   0.0%   0.254 AU:2    +
   13    70  1   0.0%   0.238 UA:2    +
   86   115  1   0.0%   0.550 UA:2    +
   70   127  1   0.0%   0.347 AU:2    +
   32    93  1   0.0%   0.090 GC:2    +
    6    94  1   0.0%   0.013 AU:2    +
   81   136  1   0.0%   0.580 UA:2    +
   11    80  1   0.0%   0.149 AU:2    +
   47    78  1   0.0%   0.023 GC:2    +
   17    61  1   0.0%   0.153 AU:2    +
   79    89  1   0.0%   0.744 GU:2    +
  145   153  1   0.0%   0.872 AU:2    +
   36    79  1   0.0%   0.060 CG:2    +
   58   130  1   0.0%   0.712 UA:2    +
  135   151  1   0.0%   0.208 AU:2    +
   32    97  1   0.0%   0.101 GU:2    +
   28    53  1   0.0%   0.511 UG:2    +
   81   139  1   0.0%   0.955 UA:2    +
  112   139  1   0.0%   1.267 UA:2    +
   49    76  1   0.0%   0.027 AU:2    +
   40   158  1   0.0%   0.424 AU:2    +
   35   146  1   0.0%   0.173 GU:2    +
   97   107  1   0.0%   0.642 UA:2    +
   25    98  1   0.0%   0.448 CG:2    +
   14    80  1   0.0%   0.182 GU:2    +
    4    27  1   0.0%   0.024 AU:2    +
   46   136  1   0.0%   0.033 UA:2    +
    3    79  1   0.0%   0.045 UG:2    +
    5    28  1   0.0%   0.007 AU:2    +
   30    53  1   0.0%   0.065 CG:2    +
   12    86  1   0.0%   0.189 AU:2    +
   44    77  1   0.0%   0.039 UA:2    +
   20    80  1   0.0%   0.299 GU:2    +
    4   150  1   0.0%   0.047 AU:2    +
    5    94  1   0.0%   0.008 AU:2    +
  144   154  1   0.0%   1.105 AU:2    +
    9    86  1   0.0%   0.033 AU:2    +
   27   140  1   0.0%   0.855 UA:2    +
    1   154  1   0.0%   0.042 AU:2    +
  127   140  1   0.0%   0.507 UA:2    +
   12    28  1   0.0%   0.309 AU:2    +
   86   157  1   0.0%   0.642 UA:2    +
   86   116  1   0.0%   0.545 UA:2    +
   41   147  1   0.0%   0.938 GC:2    +
   31    52  1   0.0%   0.063 AU:2    +
   35    94  1   0.0%   0.123 GU:2    +
   18    94  1   0.0%   0.503 AU:2    +
   28    77  1   0.0%   0.508 UA:2    +
   22    39  1   0.0%   0.013 AU:2    +
   44    64  1   0.0%   0.052 UA:2    +
   93   156  1   0.0%   0.349 CG:2    +
   62    72  1   0.0%   0.210 UA:2    +
  146   152  1   0.0%   1.140 UG:2    +
   26   146  1   0.0%   0.460 AU:2    +
   32   146  1   0.0%   0.112 GU:2    +
   26    97  1   0.0%   0.439 AU:2    +
   58   104  1   0.0%   0.729 UG:2    +
   79   138  1   0.0%   1.275 GC:2    +
   44    70  1   0.0%   0.038 UA:2    +
   95   137  1   0.0%   0.583 GC:2    +
   80   123  1   0.0%   0.206 UA:2    +
   28   116  1   0.0%   0.522 UA:2    +
   58    72  1   0.0%   0.866 UA:2    +
   53   113  1   0.0%   0.963 GC:2    +
   29    52  1   0.0%   0.150 AU:2    +
   79   124  1   0.0%   0.787 GC:2    +
   34    47  1   0.0%   0.028 UG:2    +
   28   100  1   0.0%   0.511 UA:2    +
   20    86  1   0.0%   0.298 GU:2    +
  109   123  1   0.0%   1.097 UA:2    +
   57    73  1   0.0%   0.398 CG:2    +
   94   155  1   0.0%   0.621 UA:2    +
  127   139  1   0.0%   0.767 UA:2    +
   12   154  1   0.0%   0.465 AU:2    +
   28    72  1   0.0%   0.508 UA:2    +
   40   148  1   0.0%   0.360 AU:2    +
   76   111  1   0.0%   0.157 UA:2    +
   89   145  1   0.0%   0.727 UA:2    +
   23    76  1   0.0%   0.040 AU:2    +
   42    51  1   0.0%   0.105 AU:2    +
   52   114  1   0.0%   1.131 UA:2    +
   45    80  1   0.0%   0.181 GU:2    +
   46    79  1   0.0%   0.532 UG:2    +
   35    80  1   0.0%   0.019 GU:2    +
  100   119  1   0.0%   0.407 AU:2    +
   40   112  1   0.0%   0.765 AU:2    +
   13   100  1   0.0%   0.381 UA:2    +
   28   157  1   0.0%   0.649 UA:2    +
   25    75  1   0.0%   0.430 CG:2    +
  136   150  1   0.0%   0.188 AU:2    +
   32    51  1   0.0%   0.065 GU:2    +
   54   112  1   0.0%   0.636 AU:2    +
   20    58  1   0.0%   0.297 GU:2    +
  140   151  1   0.0%   0.323 AU:2    +
   94   107  1   0.0%   0.710 UA:2    +
   80    99  1   0.0%   0.172 UA:2    +
   42   146  1   0.0%   0.527 AU:2    +
   27    47  1   0.0%   0.840 UG:2    +
    4    96  1   0.0%   0.026 AU:2    +
..................(((......(((((...)))))...(((((((((.....(((...)))....))))))))).((((.(((((...........))))).))))......(((((....))))).....)))...(((((((....)))))))
