6 sequence; length of alignment 155
alifold output
  121   149  0  99.8%   0.010 GC:4    AU:2   
  123   147  0  99.3%   0.027 GU:2    AU:4   
  122   148  0  99.8%   0.011 UA:6   
   13    22  0  98.5%   0.103 GC:6   
    1    34  0  97.9%   0.070 GC:6   
   12    23  2  98.2%   0.113 GC:1    GU:3   
   10    25  2  98.4%   0.067 GC:4   
    2    33  2  98.0%   0.103 CG:3    UG:1   
  128   142  0  96.6%   0.301 CG:4    UG:2   
    7    28  2  98.1%   0.072 GC:4   
    8    27  2  97.7%   0.085 CG:1    UG:3   
   11    24  2  97.5%   0.132 UA:4   
    9    26  2  97.1%   0.104 AU:4   
  127   143  2  96.2%   0.219 GC:4   
  120   150  0  94.5%   0.180 UG:2    AU:4   
    3    32  0  95.2%   0.186 AU:6   
  124   146  2  95.4%   0.138 UA:4   
   14    21  2  91.2%   0.381 UA:4   
    6    29  2  90.9%   0.304 AU:4   
  125   145  2  88.1%   0.345 AU:4   
  129   141  3  84.9%   0.527 GC:3   
  116   154  0  55.4%   1.457 CG:1    UG:1    UA:4    +
   43   108  0  56.6%   1.415 UA:6    +
   44   107  1  56.0%   1.305 CG:2    UG:2    UA:1    +
   42   109  0  56.5%   1.436 GU:6    +
   40   111  2  55.9%   1.090 CG:4    +
   41   110  3  55.6%   1.385 AU:2    UA:1    +
  117   153  2  54.9%   1.293 AU:2    UA:2    +
   45   106  0  53.1%   1.048 UA:6    +
  115   155  0  47.3%   1.599 AU:6    +
   39   112  2  45.4%   1.195 UA:4    +
   61    69  0  44.7%   1.324 CG:6    +
   60    70  0  44.5%   1.625 GC:6    +
   62    68  2  44.5%   1.514 UG:1    UA:3    +
   63    67  0  43.4%   1.537 GC:6    +
   46   105  0  43.0%   1.351 UA:6    +
   71    99  0  40.9%   1.848 CG:5    UG:1    +
   75    95  0  40.0%   2.561 GC:3    GU:3    +
   70   100  0  40.4%   1.937 CG:6    +
   72    98  0  40.3%   1.927 AU:6    +
   74    96  0  38.3%   2.567 UG:2    UA:4    +
   78    92  2  39.6%   2.150 AU:1    UA:3    +
   77    93  2  39.4%   2.183 AU:3    UA:1    +
   69   101  1  39.1%   2.006 GC:2    GU:3    +
   76    94  2  39.3%   2.508 UG:4    +
   79    91  2  39.3%   2.253 GC:4    +
   52    79  0  30.1%   1.442 UG:4    UA:2    +
   91    99  0  30.9%   2.895 CG:6    +
   57    75  0  30.5%   1.343 CG:6    +
   53    78  1  30.3%   1.673 AU:3    UA:2    +
   58    74  0  29.9%   1.439 AU:6    +
   54    77  2  30.1%   1.721 UA:4    +
   51    80  1  29.6%   1.863 AU:5    +
   55    76  0  28.3%   1.818 GU:6    +
   50    81  2  28.5%   1.934 CG:4    +
   92    98  2  27.7%   2.701 AU:4    +
   50    63  0  25.9%   1.347 CG:5    UG:1    +
   49    64  0  25.8%   1.340 AU:6    +
   82    89  2  26.0%   1.939 CG:4    +
   51    62  0  25.0%   1.229 AU:6    +
   48    65  1  24.6%   1.261 AU:5    +
   90   100  2  24.1%   2.285 UG:4    +
   38   113  2  23.9%   1.183 UA:4    +
   81    90  0  20.6%   1.751 GU:4    UG:2    +
   42   116  0  20.3%   1.716 GC:1    GU:5   
   44   114  1  21.0%   1.612 CG:2    UG:3   
   43   115  0  20.8%   1.716 UA:6   
   89   101  2  20.4%   2.796 GC:2    GU:1    AU:1    +
   47   111  0  20.0%   2.027 UG:6   
   45   113  2  20.6%   1.722 UA:4   
   46   112  2  20.1%   1.894 UA:4   
   47    66  3  19.9%   1.062 UA:3    +
   48   110  1  19.3%   2.112 AU:5   
   88   103  0  17.4%   2.702 UA:6    +
   87   104  3  18.1%   1.943 AU:3    +
   86   105  2  17.3%   2.273 UA:4    +
   93    97  2  16.9%   2.136 UA:4    +
   85   106  0  16.1%   1.895 UA:6    +
   49   109  0  15.7%   2.144 AU:6   
   65    96  0  12.7%   1.371 CG:1    UG:1    UA:4   
   54    59  0  12.6%   1.008 UG:1    UA:5    +
   84   107  2  13.6%   1.762 CG:2    UG:2    +
   55   104  0  12.0%   1.975 GC:2    GU:4   
  133   139  0  13.0%   1.297 UA:6    +
  132   140  2  12.8%   1.403 CG:2    UG:1    UA:1    +
   61   100  0  12.8%   1.492 CG:6   
   64    97  0  12.8%   1.382 UA:6   
   63    98  0  12.7%   1.826 GU:6   
   62    99  0  12.7%   1.781 UG:6   
   60   101  1  12.6%   1.795 GC:2    GU:3   
   57   111  0  12.2%   2.040 CG:6    +
   66    95  3  12.6%   1.272 AU:3   
   56   103  0  11.8%   1.302 UA:6   
   67    94  2  12.5%   1.341 CG:4   
   59   109  0  10.7%   1.893 GU:1    AU:5    +
   58   110  1  12.1%   2.147 AU:5    +
   54   105  0  11.5%   2.369 UA:6   
   63   104  0  10.4%   2.172 GC:2    GU:4    +
   41   117  3  11.8%   1.433 AU:1    UA:2   
   83    88  3  11.6%   1.503 GU:1    AU:2    +
   89   102  3  11.2%   2.758 GC:2    UA:1    +
   88   102  2  11.2%   2.012 UA:4    +
   64   103  0  10.4%   1.839 UA:6    +
   75    91  0  10.3%   1.810 GC:6   
   78    87  1   9.8%   1.167 AU:1    UA:4   
   56   112  2  10.4%   2.012 UA:4    +
   74    92  2  10.1%   1.624 UA:4   
   42    50  0   8.3%   0.655 GC:5    GU:1    +
   65   102  3   9.9%   1.523 UA:3    +
  132   137  1   9.1%   0.752 CG:2    UA:3    +
   76    89  1   9.1%   1.714 UG:4    UA:1   
   77    88  2   9.7%   1.362 AU:4   
   53   106  3   9.8%   2.208 UA:3   
   53    60  3   9.6%   0.935 UG:3    +
   73    93  2   9.3%   1.111 AU:4   
   43    49  0   8.2%   0.642 UA:6    +
   79    86  2   8.5%   1.183 GU:2    AU:2   
   52   107  0   7.1%   1.901 UG:4    UA:2   
   62   105  0   7.4%   2.354 UA:6    +
   50    75  0   6.1%   1.128 CG:5    UG:1    +
   55    71  0   5.9%   0.832 GC:5    GU:1    +
  131   138  3   7.6%   0.653 UA:3    +
  131   139  1   7.2%   0.830 UA:5    +
   55    61  0   6.5%   0.686 GC:6    +
   75    82  0   6.4%   1.298 GC:6    +
   61   107  2   6.7%   2.071 CG:4    +
   50    99  0   5.0%   1.749 CG:5    UG:1    +
   51    74  0   6.0%   1.043 AU:6    +
   56    60  0   5.8%   0.917 UG:6    +
   15    19  0   5.6%   0.539 GC:6    +
   49    76  0   5.6%   1.105 AU:6    +
   41    51  2   6.0%   0.547 UA:4    +
   51    98  0   5.0%   1.674 AU:6    +
   52    73  0   4.9%   0.550 UA:6    +
   76    81  2   5.5%   1.598 UG:4    +
   54    72  0   4.9%   0.898 UA:6    +
   52    97  0   4.5%   1.151 UA:6    +
   62   106  0   4.4%   2.282 UA:6    +
   74    83  3   4.6%   1.124 UG:1    UA:2    +
   55    91  0   4.1%   1.304 GC:6    +
   44    48  3   4.8%   0.516 UA:3    +
  131   141  3   4.5%   1.224 GC:1    UA:2    +
  132   139  3   4.7%   0.882 UA:3    +
   91   100  0   3.8%   2.757 CG:6    +
   82   111  0   3.5%   2.113 CG:6    +
   54    92  2   4.0%   1.343 UA:4    +
   42   104  0   2.3%   0.551 GC:2    GU:4    +
   68    90  0   0.1%   0.503 CG:1    GU:1    UG:1    AU:3    +
   53    93  1   3.0%   1.230 AU:3    UA:2    +
  126   142  0   3.0%   0.317 CG:6    +
   58    88  0   3.0%   0.835 AU:6    +
   81   112  2   3.2%   2.377 GC:2    UA:2    +
  131   140  3   3.4%   0.887 UG:2    UA:1    +
  133   138  2   3.4%   0.596 UA:4    +
   57    89  2   3.4%   0.753 CG:4    +
   81   101  1   2.2%   2.024 GC:1    GU:3    UA:1    +
   80    89  1   1.9%   1.170 CG:1    UG:3    UA:1    +
   37   109  0   2.4%   0.415 AU:6    +
   38   108  0   2.4%   0.321 UA:6    +
   82   100  0   2.3%   1.659 CG:6    +
   69    91  0   2.3%   0.837 GC:6    +
   50    55  0   1.3%   0.437 CG:5    UG:1    +
   43   103  0   2.3%   0.541 UA:6    +
  127   141  2   2.9%   0.316 GC:4    +
  133   137  0   1.1%   0.425 UG:2    UA:4    +
  128   140  3   2.6%   0.287 CG:1    UG:2    +
   79    95  0   0.0%   1.782 GC:3    GU:1    AU:2    +
  107   132  0   0.0%   1.131 GC:3    GU:1    AU:2    +
  116   123  0   0.0%   0.465 CG:1    UG:1    UA:4    +
  107   116  0   0.0%   1.581 GC:1    GU:3    AU:2    +
   80   121  0   0.0%   0.682 CG:1    UG:3    UA:2    +
   65   123  0   0.0%   0.956 CG:1    UG:1    UA:4    +
  113   150  0   0.0%   0.841 CG:1    UG:1    AU:4    +
   81   153  0   0.0%   1.239 GC:2    GU:2    UA:2    +
   35   111  0   2.0%   0.367 UG:6    +
   53    96  3   2.4%   1.330 UG:2    UA:1    +
   36   110  1   2.3%   0.419 AU:5    +
   39   107  2   2.1%   0.280 UG:3    UA:1    +
   79    88  0   0.8%   1.199 GU:4    AU:2    +
   36    47  0   1.6%   0.230 AU:6    +
   37    46  0   1.6%   0.212 AU:6    +
   52    60  0   1.6%   0.279 UG:6    +
   72    88  0   1.6%   0.567 AU:6    +
   44   102  3   2.0%   0.417 GC:1    UA:2    +
   35    48  0   1.5%   0.218 UA:6    +
   75    84  0   0.5%   0.937 GC:4    GU:2    +
   29    59  0   0.5%   0.170 UG:1    UA:5    +
   71    89  2   1.8%   0.565 CG:3    UG:1    +
   55    95  0   0.4%   1.161 GC:3    GU:3    +
   88    96  0   0.4%   1.694 UG:2    UA:4    +
   80   113  3   2.2%   1.585 UA:3    +
   71   111  0   0.4%   1.686 CG:5    UG:1    +
   83    99  3   1.9%   1.609 CG:1    UG:2    +
   54    96  0   0.4%   1.298 UG:2    UA:4    +
   41   105  2   2.1%   0.482 UA:4    +
   50   100  0   0.3%   1.501 CG:5    UG:1    +
   59    85  0   0.3%   0.502 GU:1    AU:5    +
   55   116  0   0.3%   1.803 GC:1    GU:5    +
   14    20  3   2.1%   0.285 UA:3    +
   60    84  0   0.3%   0.973 GC:4    GU:2    +
  118   153  2   1.6%   0.602 AU:2    UA:2    +
    7    40  0   0.3%   0.078 CG:2    GC:4    +
   40    94  0   0.2%   0.062 CG:4    GC:2    +
  131   137  1   1.2%   0.176 UG:2    UA:3    +
   67    75  0   1.2%   1.146 CG:6    +
   84    99  0   0.2%   1.062 CG:4    UG:2    +
   52    59  0   0.2%   0.114 UG:1    UA:5    +
   46    59  0   0.2%   0.146 UG:1    UA:5    +
   47    79  0   0.2%   0.476 UG:4    UA:2    +
   49    56  0   1.2%   0.390 AU:6    +
   59    64  0   0.2%   0.803 GU:1    AU:5    +
   47    99  0   1.2%   0.641 UG:6    +
   48    98  0   1.1%   0.791 AU:6    +
   95   100  0   0.1%   2.085 CG:3    UG:3    +
   54    58  0   1.1%   0.263 UA:6    +
   69    95  0   0.1%   0.884 GC:3    GU:3    +
   45   107  0   0.1%   0.801 UG:4    UA:2    +
   45    79  0   0.1%   0.040 UG:4    UA:2    +
   38   154  0   0.1%   0.569 UG:2    UA:4    +
   50   111  0   0.1%   2.160 CG:5    UG:1    +
   84   100  0   0.1%   0.941 CG:4    UG:2    +
   99   104  0   0.1%   2.320 GC:2    GU:4    +
   54    79  0   0.1%   1.379 UG:4    UA:2    +
   38    96  0   0.1%   0.055 UG:2    UA:4    +
   60    71  0   0.1%   1.056 GC:5    GU:1    +
   90   102  0   0.0%   1.704 GC:2    UA:4    +
   46    79  0   0.0%   0.105 UG:4    UA:2    +
   46   100  0   1.0%   0.251 UG:6    +
   95   111  0   0.0%   1.902 CG:3    UG:3    +
   39   120  0   0.0%   0.564 AU:2    UA:4    +
   89    95  1   0.5%   1.775 GC:3    GU:1    AU:1    +
   79    85  0   0.0%   0.569 GU:4    AU:2    +
   35    59  0   0.0%   0.154 UG:1    UA:5    +
  127   144  0   0.0%   0.157 GC:3    GU:3    +
   33    50  0   0.0%   0.073 GC:5    GU:1    +
    9    39  0   0.0%   0.049 AU:4    UA:2    +
   74    79  0   0.0%   1.066 UG:4    UA:2    +
   59    74  0   0.0%   0.975 GU:1    AU:5    +
   62   107  0   0.0%   2.198 UG:4    UA:2    +
   69    84  0   0.0%   0.444 GC:4    GU:2    +
   12    71  0   0.0%   0.097 GC:5    GU:1    +
   85    96  0   0.0%   0.937 UG:2    UA:4    +
   38   121  0   0.0%   0.552 UG:4    UA:2    +
    6    31  0   0.0%   0.138 AU:4    UA:2    +
   55    65  0   0.0%   0.647 GC:1    GU:5    +
  123   145  0   0.0%   0.008 GU:2    AU:4    +
  111   128  0   0.0%   1.146 GC:4    GU:2    +
   64   107  0   0.0%   1.796 UG:4    UA:2    +
   59    88  0   0.0%   0.548 GU:1    AU:5    +
  121   147  0   0.0%   0.007 GU:4    AU:2    +
   50    60  0   0.0%   0.311 CG:5    UG:1    +
   95    99  0   0.0%   2.088 CG:3    UG:3    +
   75   104  0   0.0%   2.122 GC:2    GU:4    +
   30    59  0   0.0%   0.059 UG:1    UA:5    +
   75   116  0   0.0%   1.925 GC:1    GU:5    +
   50   114  0   0.0%   1.812 CG:5    UG:1    +
   71    75  0   0.0%   0.826 CG:5    UG:1    +
    6    39  0   0.0%   0.137 AU:4    UA:2    +
   63    80  0   0.0%   1.173 GC:1    GU:5    +
   64    79  0   0.0%   0.828 UG:4    UA:2    +
   52    96  0   0.0%   0.787 UG:2    UA:4    +
   85   107  0   0.0%   1.611 UG:4    UA:2    +
   45    59  0   0.0%   0.052 UG:1    UA:5    +
   54   107  0   0.0%   2.051 UG:4    UA:2    +
  112   150  0   0.0%   1.042 CG:2    AU:4    +
   60    65  0   0.0%   0.873 GC:1    GU:5    +
  114   132  0   0.0%   0.499 GC:3    GU:3    +
   80   114  0   0.0%   1.159 CG:1    UG:5    +
   47    59  0   0.0%   0.146 UG:1    UA:5    +
  121   133  0   0.0%   0.006 GU:4    AU:2    +
   65   114  0   0.0%   1.432 CG:1    UG:5    +
  100   104  0   0.0%   2.294 GC:2    GU:4    +
   63   116  0   0.0%   1.753 GC:1    GU:5    +
   35   154  0   0.0%   0.257 UG:2    UA:4    +
   30   107  0   0.0%   0.040 UG:4    UA:2    +
   80   111  0   0.0%   1.616 CG:1    UG:5    +
   29   107  0   0.0%   0.126 UG:4    UA:2    +
   62    79  0   0.0%   1.160 UG:4    UA:2    +
   84   111  0   0.0%   1.508 CG:4    UG:2    +
  104   111  0   0.0%   2.113 CG:2    UG:4    +
   45   123  0   0.0%   0.705 UG:2    UA:4    +
   46   107  0   0.0%   0.982 UG:4    UA:2    +
   18    71  0   0.0%   0.074 GC:5    GU:1    +
   69    80  0   0.0%   0.809 GC:1    GU:5    +
  109   137  0   0.0%   1.018 UG:2    UA:4    +
   35   123  0   0.0%   0.255 UG:2    UA:4    +
   60   116  0   0.0%   1.642 GC:1    GU:5    +
   75    80  0   0.0%   1.058 GC:1    GU:5    +
   63    84  0   0.0%   0.838 GC:4    GU:2    +
   47    96  0   0.0%   0.482 UG:2    UA:4    +
  109   154  0   0.0%   1.023 UG:2    UA:4    +
   30   154  0   0.0%   0.039 UG:2    UA:4    +
   71   100  0   0.0%   1.364 CG:5    UG:1    +
   79   122  0   0.0%   1.077 GU:4    AU:2    +
   26    59  0   0.0%   0.071 UG:1    UA:5    +
   80   100  0   0.0%   1.270 CG:1    UG:5    +
   46   137  0   0.0%   0.891 UG:2    UA:4    +
    6   118  0   0.0%   0.137 AU:4    UA:2    +
   76   107  0   0.0%   2.260 UG:4    UA:2    +
   54   154  0   0.0%   1.497 UG:2    UA:4    +
   42    71  0   0.0%   0.251 GC:5    GU:1    +
   45   121  0   0.0%   0.705 UG:4    UA:2    +
   10    40  0   0.0%   0.047 CG:2    GC:4    +
   69   104  0   0.0%   1.539 GC:2    GU:4    +
   60   128  0   0.0%   1.204 GC:4    GU:2    +
   79   109  0   0.0%   2.077 GU:4    AU:2    +
   15    71  0   0.0%   0.227 GC:5    GU:1    +
   42   149  0   0.0%   1.030 GC:4    GU:2    +
   42    84  0   0.0%   0.284 GC:4    GU:2    +
   56    79  0   0.0%   0.753 UG:4    UA:2    +
   46   121  0   0.0%   0.891 UG:4    UA:2    +
   17   154  0   0.0%   0.009 UG:2    UA:4    +
  129   133  0   0.0%   0.006 GU:3    AU:3    +
   47   107  0   0.0%   1.074 UG:4    UA:2    +
   33   128  0   0.0%   0.117 GC:4    GU:2    +
   52   154  0   0.0%   1.175 UG:2    UA:4    +
   15    65  0   0.0%   0.223 GC:1    GU:5    +
   52   121  0   0.0%   1.169 UG:4    UA:2    +
   43   154  0   0.0%   1.018 UG:2    UA:4    +
   55    84  0   0.0%   0.908 GC:4    GU:2    +
  123   133  0   0.0%   0.006 GU:2    AU:4    +
   55    80  0   0.0%   1.296 GC:1    GU:5    +
   38   107  0   0.0%   0.057 UG:4    UA:2    +
  132   142  0   0.0%   0.805 CG:3    UG:3    +
   47   121  0   0.0%   0.983 UG:4    UA:2    +
   18    50  0   0.0%   0.045 GC:5    GU:1    +
   63    71  0   0.0%   0.944 GC:5    GU:1    +
   32   129  0   0.0%   0.095 UG:3    UA:3    +
   47   123  0   0.0%   0.982 UG:2    UA:4    +
   33   104  0   0.0%   0.117 GC:2    GU:4    +
   84   114  0   0.0%   0.859 CG:4    UG:2    +
   60    95  0   0.0%   1.015 GC:3    GU:3    +
   43    79  0   0.0%   0.239 UG:4    UA:2    +
   59    76  0   0.0%   0.969 GU:1    AU:5    +
   76    96  0   0.0%   2.204 UG:2    UA:4    +
    1    71  0   0.0%   0.032 GC:5    GU:1    +
   31   120  0   0.0%   0.038 AU:2    UA:4    +
   55   149  0   0.0%   1.349 GC:4    GU:2    +
   71   114  0   0.0%   1.122 CG:5    UG:1    +
   56    96  0   0.0%   0.521 UG:2    UA:4    +
   79    98  0   0.0%   1.934 GU:4    AU:2    +
   46   123  0   0.0%   0.890 UG:2    UA:4    +
   47   154  0   0.0%   0.989 UG:2    UA:4    +
   75   149  0   0.0%   1.487 GC:4    GU:2    +
   42    80  0   0.0%   0.250 GC:1    GU:5    +
  142   149  0   0.0%   0.142 GC:4    GU:2    +
   33    95  0   0.0%   0.103 GC:3    GU:3    +
   60    80  0   0.0%   1.278 GC:1    GU:5    +
   12    50  0   0.0%   0.092 GC:5    GU:1    +
   74   154  0   0.0%   1.438 UG:2    UA:4    +
   32    96  0   0.0%   0.081 UG:2    UA:4    +
   79   145  0   0.0%   1.075 GU:4    AU:2    +
   74   107  0   0.0%   2.253 UG:4    UA:2    +
   43   107  0   0.0%   0.445 UG:4    UA:2    +
   45   154  0   0.0%   0.712 UG:2    UA:4    +
   46   154  0   0.0%   0.896 UG:2    UA:4    +
   33   116  0   0.0%   0.117 GC:1    GU:5    +
   98   107  0   0.0%   2.385 UG:4    UA:2    +
   59    98  0   0.0%   0.670 GU:1    AU:5    +
    6    78  0   0.0%   0.136 AU:4    UA:2    +
   79   124  0   0.0%   1.075 GU:4    AU:2    +
   50    69  0   0.0%   0.642 CG:5    UG:1    +
  111   116  0   0.0%   1.603 GC:1    GU:5    +
   18   128  0   0.0%   0.072 GC:4    GU:2    +
    1    50  0   0.0%   0.031 GC:5    GU:1    +
  109   121  0   0.0%   1.016 UG:4    UA:2    +
   38   123  0   0.0%   0.550 UG:2    UA:4    +
   42   128  0   0.0%   1.030 GC:4    GU:2    +
  114   149  0   0.0%   0.495 GC:4    GU:2    +
   60   104  0   0.0%   1.595 GC:2    GU:4    +
    6   150  0   0.0%   0.136 UG:2    AU:4    +
  122   129  0   0.0%   0.006 UG:3    UA:3    +
   50   142  0   0.0%   1.454 CG:5    UG:1    +
   46    96  0   0.0%   0.103 UG:2    UA:4    +
    9    93  0   0.0%   0.044 AU:4    UA:2    +
   17   129  0   0.0%   0.009 UG:3    UA:3    +
   12   144  0   0.0%   0.094 GC:3    GU:3    +
   47   137  0   0.0%   0.984 UG:2    UA:4    +
   35    79  0   0.0%   0.120 UG:4    UA:2    +
   75   128  0   0.0%   1.487 GC:4    GU:2    +
  129   145  0   0.0%   0.261 GU:3    AU:3    +
   18    65  0   0.0%   0.047 GC:1    GU:5    +
  127   132  0   0.0%   0.006 GC:3    GU:3    +
   27   104  0   0.0%   0.111 GC:2    GU:4    +
    1   104  0   0.0%   0.032 GC:2    GU:4    +
  104   114  0   0.0%   1.461 CG:2    UG:4    +
   43    59  0   0.0%   0.264 UG:1    UA:5    +
   79   155  0   0.0%   1.081 GU:4    AU:2    +
   35    96  0   0.0%   0.120 UG:2    UA:4    +
   35   107  0   0.0%   0.139 UG:4    UA:2    +
    1   116  0   0.0%   0.032 GC:1    GU:5    +
  137   145  0   0.0%   0.439 GU:2    AU:4    +
   38    79  0   0.0%   0.042 UG:4    UA:2    +
    1    80  0   0.0%   0.032 GC:1    GU:5    +
   74   129  0   0.0%   1.432 UG:3    UA:3    +
   38    59  0   0.0%   0.073 UG:1    UA:5    +
   27    95  0   0.0%   0.110 GC:3    GU:3    +
   27    50  0   0.0%   0.081 GC:5    GU:1    +
   26    96  0   0.0%   0.070 UG:2    UA:4    +
   85    97  0   1.0%   0.694 UA:6    +
   52    94  2   1.6%   0.874 UG:4    +
    4    13  0   0.8%   0.120 CG:6    +
    5    12  1   0.8%   0.120 CG:1    UG:4    +
   47   103  0   0.8%   0.825 UA:6    +
   68    74  2   1.1%   1.149 GU:1    AU:3    +
   55    74  0   0.8%   0.784 GU:6    +
   47   105  0   0.8%   1.181 UA:6    +
   80   102  2   1.4%   1.097 UA:4    +
   63    82  0   0.8%   0.962 GC:6    +
   38   115  0   0.8%   0.628 UA:6    +
   56    73  0   0.8%   0.590 UA:6    +
   52   108  0   0.7%   1.616 UA:6    +
   54    75  0   0.7%   0.827 UG:6    +
  119   152  3   1.0%   0.249 GU:1    AU:1    UA:1    +
    6    11  1   0.7%   0.107 AU:4    UA:1    +
   42    82  0   0.7%   0.354 GC:6    +
   78    89  1   0.7%   1.220 UG:4    AU:1    +
   53    59  3   1.4%   0.338 UA:3    +
   54   115  0   0.7%   1.983 UA:6    +
   60    82  0   0.6%   1.022 GC:6    +
   46   103  0   0.6%   0.337 UA:6    +
   52   115  0   0.6%   1.612 UA:6    +
   73    85  0   0.6%   0.426 AU:6    +
   55    67  0   0.6%   0.396 GC:6    +
   79   104  1   0.1%   1.731 GC:1    GU:3    AU:1    +
   54   114  0   0.6%   1.942 UG:6    +
   53    72  3   1.4%   0.561 UA:3    +
   19    27  0   0.6%   0.302 CG:6    +
   18    28  0   0.6%   0.128 GC:6    +
   50   119  1   0.6%   1.563 CG:4    UA:1    +
   73    88  0   0.6%   0.554 AU:6    +
   52   106  0   0.6%   1.333 UA:6    +
   50    96  3   1.0%   1.338 CG:2    UA:1    +
   36    54  0   0.5%   0.198 AU:6    +
   47   102  2   1.2%   0.778 UA:4    +
   49    85  0   0.5%   0.895 AU:6    +
   28    60  0   0.5%   0.160 CG:6    +
   27    61  0   0.5%   0.166 GC:6    +
   41   119  1   0.0%   0.953 UG:3    AU:1    UA:1    +
   44    81  1   0.0%   0.198 CG:2    GU:1    UG:2    +
   41    83  2   0.5%   0.277 UG:1    AU:1    UA:2    +
   86   119  1   0.0%   0.778 UG:3    AU:1    UA:1    +
  104   119  1   0.0%   1.058 CG:2    UG:2    UA:1    +
   79   101  1   0.0%   1.801 GC:2    GU:1    AU:2    +
   96   104  1   0.0%   1.833 GC:1    GU:1    AU:3    +
  101   107  1   0.0%   2.275 CG:2    UG:2    UA:1    +
   95   107  1   0.0%   1.877 CG:2    UG:2    UA:1    +
   53    83  1   0.0%   0.932 UG:1    AU:2    UA:2    +
  121   132  1   0.0%   0.007 GC:2    GU:2    AU:1    +
   86    96  2   0.8%   1.248 UG:2    UA:2    +
   51   109  0   0.5%   2.094 AU:6    +
   54   106  0   0.5%   2.073 UA:6    +
   50    79  2   0.8%   0.926 CG:3    UG:1    +
   53    73  3   1.2%   0.750 UA:3    +
   25    63  0   0.5%   0.106 CG:6    +
   88    97  0   0.5%   1.355 UA:6    +
   46   106  0   0.5%   0.955 UA:6    +
   65    77  2   1.1%   0.936 UA:4    +
   24    64  0   0.4%   0.115 AU:6    +
   66    76  3   1.2%   1.085 AU:3    +
   35    55  0   0.4%   0.188 UG:6    +
   13    34  0   0.4%   0.153 GC:6    +
   34    55  0   0.4%   0.137 CG:6    +
   57    63  0   0.4%   0.469 CG:6    +
   12    35  0   0.4%   0.138 GU:6    +
   19    69  0   0.4%   0.284 CG:6    +
   18    70  0   0.4%   0.118 GC:6    +
   73   109  0   0.4%   1.594 AU:6    +
   74   108  0   0.4%   1.939 UA:6    +
    2    15  2   0.7%   0.106 CG:3    UG:1    +
   51    95  3   1.1%   1.257 AU:3    +
   72    85  0   0.3%   0.340 AU:6    +
   44   152  2   0.0%   0.900 CG:1    GU:1    UG:1    UA:1    +
   39    53  1   0.3%   0.120 AU:2    UA:3    +
   30    58  0   0.3%   0.068 UA:6    +
   33    56  0   0.3%   0.124 GU:6    +
   56   115  0   0.3%   1.386 UA:6    +
   57   114  0   0.3%   1.305 CG:6    +
   28    33  0   0.3%   0.158 CG:6    +
   27    34  0   0.3%   0.164 GC:6    +
   15    32  0   0.3%   0.305 GU:6    +
   67   100  0   0.3%   1.134 CG:6    +
   58    62  0   0.3%   0.521 AU:6    +
   35   115  0   0.3%   0.280 UA:6    +
   37    52  0   0.3%   0.131 AU:6    +
    4    42  0   0.3%   0.093 CG:6    +
   70    75  0   0.3%   1.073 CG:6    +
   37   116  1   0.8%   0.355 AU:5    +
   64   106  0   0.3%   1.775 UA:6    +
   39   113  1   0.3%   0.874 AU:1    UA:4    +
   69    76  0   0.3%   1.059 GU:6    +
    3    43  0   0.3%   0.139 AU:6    +
   37    54  0   0.2%   0.195 AU:6    +
   70    89  2   0.9%   0.667 CG:4    +
   81    88  2   0.9%   1.246 GU:4    +
   47    58  0   0.2%   0.160 UA:6    +
   34   100  0   0.2%   0.135 CG:6    +
   33   101  1   0.2%   0.145 GC:2    GU:3    +
   35    99  0   0.2%   0.162 UG:6    +
   48   104  2   0.9%   0.915 AU:4    +
   77    90  2   0.6%   0.825 UG:1    AU:3    +
   33    57  0   0.2%   0.126 GC:6    +
   66   101  3   0.7%   1.113 AU:2    UA:1    +
   35   114  0   0.2%   0.264 UG:6    +
   57    99  0   0.2%   0.776 CG:6    +
   38   114  0   0.2%   0.545 UG:6    +
   36    98  0   0.2%   0.179 AU:6    +
   38    51  0   0.2%   0.047 UA:6    +
   56   100  0   0.2%   0.468 UG:6    +
   55   101  1   0.2%   1.153 GC:2    GU:3    +
   39   119  3   0.7%   0.627 UG:2    UA:1    +
   49    80  1   0.7%   0.876 AU:5    +
  113   152  2   0.2%   0.875 CG:1    UG:1    AU:2    +
   32    58  0   0.2%   0.122 UA:6    +
   58    98  0   0.2%   0.879 AU:6    +
   82   114  0   0.2%   1.368 CG:6    +
   52    77  2   0.8%   0.391 UA:4    +
   54    68  2   0.5%   0.484 UG:1    UA:3    +
   51    78  2   0.8%   0.838 AU:4    +
   62    83  3   0.6%   0.869 UG:1    UA:2    +
   20    68  3   0.4%   0.184 CG:1    AU:1    UA:1    +
   55    82  0   0.1%   0.961 GC:6    +
   60    85  0   0.1%   1.011 GU:6    +
   74    97  0   0.1%   1.847 UA:6    +
   54    60  0   0.1%   0.720 UG:6    +
   76   106  0   0.1%   2.241 UA:6    +
   56    75  0   0.1%   0.548 UG:6    +
   48    76  0   0.1%   0.597 AU:6    +
    3    14  2   0.8%   0.115 AU:4    +
   83    89  2   0.1%   1.458 CG:1    UG:2    AU:1    +
    9    23  1   0.1%   0.027 AU:3    UA:2    +
   85   100  0   0.1%   1.039 UG:6    +
   53   107  3   0.6%   2.070 UG:1    UA:2    +
   35   119  1   0.1%   0.269 UG:4    UA:1    +
   42    61  0   0.1%   0.291 GC:6    +
   73    98  0   0.1%   1.422 AU:6    +
   43    60  0   0.1%   0.282 UG:6    +
   42    91  0   0.1%   0.304 GC:6    +
  114   155  0   0.1%   0.537 GU:6    +
   64   108  0   0.1%   1.432 UA:6    +
   42    47  0   0.1%   0.110 GU:6    +
   82    99  0   0.1%   1.525 CG:6    +
   38    97  0   0.1%   0.064 UA:6    +
   65   107  1   0.1%   1.803 UG:4    UA:1    +
   63   109  0   0.1%   2.299 GU:6    +
   45    58  0   0.1%   0.054 UA:6    +
   58    85  0   0.1%   0.556 AU:6    +
   85   105  0   0.1%   1.178 UA:6    +
   16    30  0   0.1%   0.022 AU:6    +
   81    87  2   0.1%   0.981 GC:1    GU:1    UA:2    +
   12    19  0   0.1%   0.063 GC:6    +
   64   105  0   0.1%   1.891 UA:6    +
   37   155  0   0.1%   0.298 AU:6    +
   62   108  0   0.1%   1.827 UA:6    +
    1    19  0   0.1%   0.015 GC:6    +
   69    82  0   0.1%   0.535 GC:6    +
   53   118  1   0.1%   1.523 AU:3    UA:2    +
   13    19  0   0.1%   0.066 GC:6    +
   85    99  0   0.1%   1.141 UG:6    +
   60    67  0   0.1%   0.561 GC:6    +
   38   119  1   0.1%   0.558 UG:4    UA:1    +
   64    81  2   0.7%   0.941 UG:4    +
  116   152  2   0.1%   0.489 CG:1    UG:1    UA:2    +
   61   111  0   0.1%   2.055 CG:6    +
    4   114  0   0.1%   0.073 CG:6    +
   37    43  0   0.1%   0.033 AU:6    +
  113   118  1   0.1%   0.906 AU:4    UA:1    +
   52    63  0   0.1%   0.495 UG:6    +
   89    93  1   0.1%   1.707 GU:4    UA:1    +
   38    55  0   0.1%   0.096 UG:6    +
   85   103  0   0.1%   0.905 UA:6    +
   54   103  0   0.0%   1.308 UA:6    +
   55    70  0   0.0%   0.364 GC:6    +
    1    28  0   0.0%   0.017 GC:6    +
   51    64  0   0.0%   0.923 AU:6    +
   87    93  1   0.0%   1.069 AU:4    UA:1    +
    5   113  1   0.0%   0.071 AU:1    UA:4    +
   38    42  0   0.0%   0.037 UG:6    +
   52   105  0   0.0%   1.371 UA:6    +
   97   109  0   0.0%   1.826 AU:6    +
   96   110  1   0.0%   1.907 GU:1    AU:4    +
   98   108  0   0.0%   1.763 UA:6    +
   34   114  0   0.0%   0.123 CG:6    +
   48    54  0   0.0%   0.274 AU:6    +
   37    98  0   0.0%   0.164 AU:6    +
   29   106  0   0.0%   0.129 UA:6    +
   30   105  0   0.0%   0.043 UA:6    +
   52   119  1   0.0%   1.254 UG:4    UA:1    +
    3    26  0   0.0%   0.052 AU:6    +
   48    85  0   0.0%   0.602 AU:6    +
   53    76  3   0.8%   0.784 AU:3    +
   67   111  0   0.0%   1.745 CG:6    +
   37    56  0   0.0%   0.167 AU:6    +
   98   105  0   0.0%   2.552 UA:6    +
   58    64  0   0.0%   0.525 AU:6    +
   47    55  0   0.0%   0.141 UG:6    +
  109   115  0   0.0%   1.532 UA:6    +
   98   103  0   0.0%   2.290 UA:6    +
   56    69  0   0.0%   0.304 UG:6    +
   36    52  0   0.0%   0.104 AU:6    +
   69    88  0   0.0%   0.530 GU:6    +
  117   154  3   0.8%   1.076 UA:3    +
   34    60  0   0.0%   0.127 CG:6    +
   33    61  0   0.0%   0.136 GC:6    +
   19    33  0   0.0%   0.262 CG:6    +
   18    34  0   0.0%   0.093 GC:6    +
   56    72  0   0.0%   0.489 UA:6    +
   13    25  0   0.0%   0.092 GC:6    +
    6    23  1   0.0%   0.044 AU:3    UA:2    +
   12    26  0   0.0%   0.112 GU:6    +
    3    17  0   0.0%   0.047 AU:6    +
   52   103  0   0.0%   1.046 UA:6    +
   45    60  0   0.0%   0.058 UG:6    +
   56    89  1   0.0%   0.347 UG:4    UA:1    +
   11    27  1   0.0%   0.107 CG:1    UG:4    +
   56   108  0   0.0%   1.076 UA:6    +
   52    99  0   0.0%   1.089 UG:6    +
   36    45  0   0.0%   0.033 AU:6    +
   76   105  0   0.0%   2.376 UA:6    +
   32    51  0   0.0%   0.075 UA:6    +
   54    97  0   0.0%   1.271 UA:6    +
  107   117  2   0.0%   1.423 GC:1    GU:2    AU:1    +
   54    73  0   0.0%   0.751 UA:6    +
   52    75  0   0.0%   0.433 UG:6    +
   19    63  0   0.0%   0.220 CG:6    +
   42   126  0   0.0%   1.033 GC:6    +
   15    67  0   0.0%   0.229 GC:6    +
   45   105  0   0.0%   0.122 UA:6    +
   18    64  0   0.0%   0.051 GU:6    +
   55   109  0   0.0%   2.065 GU:6    +
   51    76  0   0.0%   0.882 AU:6    +
   52    58  0   0.0%   0.081 UA:6    +
   67    99  0   0.0%   1.220 CG:6    +
   32   136  0   0.0%   0.101 UA:6    +
   33   135  0   0.0%   0.123 GC:6    +
   29   139  0   0.0%   0.128 UA:6    +
   80    87  3   0.8%   0.805 UA:3    +
   69    98  0   0.0%   1.035 GU:6    +
   91   114  0   0.0%   1.813 CG:6    +
    4    33  0   0.0%   0.066 CG:6    +
   13    70  0   0.0%   0.091 GC:6    +
   12    22  0   0.0%   0.062 GC:6    +
   11    18  1   0.0%   0.045 CG:1    UG:4    +
    5    27  1   0.0%   0.052 CG:1    UG:4    +
   88   105  0   0.0%   2.662 UA:6    +
   16    29  0   0.0%   0.093 AU:6    +
   85   108  0   0.0%   0.981 UA:6    +
   43    48  0   0.0%   0.098 UA:6    +
   57   100  0   0.0%   0.632 CG:6    +
   37   122  0   0.0%   0.284 AU:6    +
   47   119  1   0.0%   1.032 UG:4    UA:1    +
   71   119  1   0.0%   0.733 CG:4    UA:1    +
   74    89  1   0.0%   1.043 UG:4    UA:1    +
   75    88  0   0.0%   1.088 GU:6    +
   45    89  1   0.0%   0.034 UG:4    UA:1    +
   37    45  0   0.0%   0.016 AU:6    +
   15    30  0   0.0%   0.208 GU:6    +
   36    56  0   0.0%   0.164 AU:6    +
   44    89  2   0.0%   0.167 CG:1    UG:2    UA:1    +
   48   109  0   0.0%   1.160 AU:6    +
   18    67  0   0.0%   0.053 GC:6    +
   35    42  0   0.0%   0.047 UG:6    +
   22    42  0   0.0%   0.051 CG:6    +
   89    98  1   0.0%   1.904 GU:4    AU:1    +
   60   109  0   0.0%   2.178 GU:6    +
   12    17  0   0.0%   0.046 GU:6    +
  110   129  1   0.0%   1.037 UG:3    UA:2    +
   37    64  0   0.0%   0.171 AU:6    +
   21    64  0   0.0%   0.101 AU:6    +
   22    63  0   0.0%   0.037 CG:6    +
  115   124  0   0.0%   0.521 AU:6    +
   21    43  0   0.0%   0.113 AU:6    +
   36    46  0   0.0%   0.031 AU:6    +
   29   105  0   0.0%   0.120 UA:6    +
   38    63  0   0.0%   0.072 UG:6    +
   52   114  0   0.0%   1.523 UG:6    +
   22   114  0   0.0%   0.041 CG:6    +
   42    67  0   0.0%   0.254 GC:6    +
   75    85  0   0.0%   0.975 GU:6    +
   42    57  0   0.0%   0.256 GC:6    +
   64   114  0   0.0%   1.439 UG:6    +
   43    51  0   0.0%   0.416 UA:6    +
   19   111  0   0.0%   0.242 CG:6    +
   17    72  0   0.0%   0.010 UA:6    +
  106   133  0   0.0%   1.119 AU:6    +
   20   110  1   0.0%   0.142 AU:4    UA:1    +
   28    55  0   0.0%   0.078 CG:6    +
   42    52  0   0.0%   0.261 GU:6    +
   89   116  1   0.0%   2.034 GU:4    AU:1    +
   76   103  0   0.0%   2.101 UA:6    +
   15    22  0   0.0%   0.229 GC:6    +
   46   114  0   0.0%   1.277 UG:6    +
   59   110  1   0.0%   1.679 GU:1    AU:4    +
   48    52  0   0.0%   0.242 AU:6    +
  119   155  1   0.0%   0.534 GU:4    AU:1    +
   16    74  0   0.0%   0.028 AU:6    +
   49    98  0   0.0%   0.906 AU:6    +
   38    49  0   0.0%   0.012 UA:6    +
   67   114  0   0.0%   1.223 CG:6    +
   34    42  0   0.0%   0.086 CG:6    +
   21   109  0   0.0%   0.099 AU:6    +
   76   115  0   0.0%   1.898 UA:6    +
   45   103  0   0.0%   0.129 UA:6    +
   47   100  0   0.0%   0.588 UG:6    +
   93   113  1   0.0%   1.870 AU:1    UA:4    +
   22    27  0   0.0%   0.093 CG:6    +
   17    73  0   0.0%   0.009 UA:6    +
   22    60  0   0.0%   0.033 CG:6    +
    1    44  1   0.0%   0.032 GC:2    GU:3    +
   26   142  0   0.0%   0.073 UG:6    +
   45   115  0   0.0%   1.087 UA:6    +
   33    43  0   0.0%   0.085 GU:6    +
   46    58  0   0.0%   0.110 UA:6    +
   56   105  0   0.0%   1.368 UA:6    +
   57    69  0   0.0%   0.069 CG:6    +
   59    65  1   0.0%   0.760 GU:1    AU:4    +
   19    42  0   0.0%   0.231 CG:6    +
   42    70  0   0.0%   0.274 GC:6    +
   27    57  0   0.0%   0.084 GC:6    +
   47   106  0   0.0%   1.024 UA:6    +
   43    69  0   0.0%   0.263 UG:6    +
   18    43  0   0.0%   0.061 GU:6    +
   49    54  0   0.0%   0.259 AU:6    +
   45   114  0   0.0%   1.091 UG:6    +
   74   105  0   0.0%   2.374 UA:6    +
    1    45  0   0.0%   0.032 GU:6    +
  110   154  1   0.0%   1.044 UG:1    UA:4    +
   43    97  0   0.0%   0.279 UA:6    +
   42    98  0   0.0%   0.308 GU:6    +
   26    58  0   0.0%   0.070 UA:6    +
   30   106  0   0.0%   0.040 UA:6    +
   25   111  0   0.0%   0.057 CG:6    +
   64   115  0   0.0%   1.444 UA:6    +
   44    96  2   0.0%   0.175 CG:1    UG:1    UA:2    +
   51    88  0   0.0%   1.110 AU:6    +
   26    36  0   0.0%   0.089 UA:6    +
    4    27  0   0.0%   0.046 CG:6    +
  111   135  0   0.0%   1.148 GC:6    +
   37    47  0   0.0%   0.146 AU:6    +
   61   114  0   0.0%   1.533 CG:6    +
   43    89  1   0.0%   0.272 UG:4    UA:1    +
   55   135  0   0.0%   1.351 GC:6    +
  103   109  0   0.0%   2.038 AU:6    +
  114   126  0   0.0%   0.498 GC:6    +
   54   136  0   0.0%   1.491 UA:6    +
   60    64  0   0.0%   0.907 GU:6    +
  117   129  2   0.0%   0.300 CG:1    UG:2    UA:1    +
  117   137  2   0.0%   0.301 CG:1    UG:1    UA:2    +
   63    70  0   0.0%   1.161 GC:6    +
   46    55  0   0.0%   0.127 UG:6    +
   18    82  0   0.0%   0.073 GC:6    +
   47   114  0   0.0%   1.369 UG:6    +
   88    99  0   0.0%   1.800 UG:6    +
   64    69  0   0.0%   0.787 UG:6    +
  135   142  0   0.0%   0.158 CG:6    +
   85   111  0   0.0%   1.630 UG:6    +
   87   118  1   0.0%   0.733 AU:4    UA:1    +
   44    55  1   0.0%   0.210 CG:2    UG:3    +
  127   145  0   0.0%   0.261 GU:6    +
   29   108  0   0.0%   0.123 UA:6    +
   88   108  0   0.0%   1.867 UA:6    +
   54   108  0   0.0%   1.850 UA:6    +
    4    15  0   0.0%   0.077 CG:6    +
   74   119  1   0.0%   1.516 UG:4    UA:1    +
   55    88  0   0.0%   0.910 GU:6    +
   46   115  0   0.0%   1.272 UA:6    +
   44    60  1   0.0%   0.199 CG:2    UG:3    +
   27    56  0   0.0%   0.083 GU:6    +
   54    89  1   0.0%   0.961 UG:4    UA:1    +
   85    89  1   0.0%   1.095 UG:4    UA:1    +
   78   113  1   0.0%   1.806 AU:1    UA:4    +
   37    88  0   0.0%   0.143 AU:6    +
   70    99  0   0.0%   0.958 CG:6    +
   80    96  1   0.0%   1.331 UG:2    UA:3    +
   25    60  0   0.0%   0.029 CG:6    +
   45    49  0   0.0%   0.213 UA:6    +
   81   113  2   0.0%   2.056 GC:1    GU:1    UA:2    +
   55    64  0   0.0%   0.677 GU:6    +
   37    85  0   0.0%   0.142 AU:6    +
   46    51  0   0.0%   0.255 UA:6    +
   36   122  0   0.0%   0.284 AU:6    +
    3    30  0   0.0%   0.046 AU:6    +
   44    79  2   0.0%   0.162 CG:1    UG:2    UA:1    +
   25    75  0   0.0%   0.055 CG:6    +
   25   114  0   0.0%   0.060 CG:6    +
   24    76  0   0.0%   0.065 AU:6    +
   36    43  0   0.0%   0.041 AU:6    +
   19    75  0   0.0%   0.240 CG:6    +
   18    76  0   0.0%   0.073 GU:6    +
   45   108  0   0.0%   0.790 UA:6    +
   48    56  0   0.0%   0.247 AU:6    +
   44    69  1   0.0%   0.186 CG:2    UG:3    +
   47    51  0   0.0%   0.260 UA:6    +
   54    63  0   0.0%   0.754 UG:6    +
   58   109  0   0.0%   1.375 AU:6    +
   32   105  0   0.0%   0.100 UA:6    +
   55    62  0   0.0%   0.647 GU:6    +
  123   131  1   0.0%   0.007 GU:2    AU:3    +
   61    99  0   0.0%   0.840 CG:6    +
   35    49  0   0.0%   0.090 UA:6    +
   30    60  0   0.0%   0.061 UG:6    +
   75   126  0   0.0%   1.489 GC:6    +
   46   111  0   0.0%   0.969 UG:6    +
   35   105  0   0.0%   0.140 UA:6    +
  108   155  0   0.0%   0.505 AU:6    +
   61   142  0   0.0%   1.059 CG:6    +
   48    62  0   0.0%   0.226 AU:6    +
   66    77  1   0.0%   0.884 AU:2    UA:3    +
   34   111  0   0.0%   0.109 CG:6    +
   76   119  1   0.0%   1.502 UG:4    UA:1    +
    4    75  0   0.0%   0.061 CG:6    +
    5     9  1   0.0%   0.001 AU:1    UA:4    +
   36   133  0   0.0%   0.286 AU:6    +
   56   106  0   0.0%   1.269 UA:6    +
   17    21  0   0.0%   0.096 UA:6    +
   36   155  0   0.0%   0.287 AU:6    +
    1    17  0   0.0%   0.001 GU:6    +
   52   100  0   0.0%   0.951 UG:6    +
    3    76  0   0.0%   0.109 AU:6    +
   79   116  1   0.0%   1.530 GU:4    AU:1    +
   38    48  0   0.0%   0.074 UA:6    +
    1    82  0   0.0%   0.032 GC:6    +
   56   114  0   0.0%   1.325 UG:6    +
  124   148  0   0.0%   0.050 UA:6    +
   46    99  0   0.0%   0.108 UG:6    +
   17    75  0   0.0%   0.009 UG:6    +
    5   119  2   0.0%   0.065 CG:1    UG:2    UA:1    +
    4   111  0   0.0%   0.061 CG:6    +
   21    30  0   0.0%   0.103 AU:6    +
   16    76  0   0.0%   0.027 AU:6    +
   47    63  0   0.0%   0.124 UG:6    +
   18    25  0   0.0%   0.037 GC:6    +
   48    64  0   0.0%   0.253 AU:6    +
  101   111  1   0.0%   2.294 CG:2    UG:3    +
   26   106  0   0.0%   0.070 UA:6    +
   27    67  0   0.0%   0.114 GC:6    +
   11    33  1   0.0%   0.096 CG:1    UG:4    +
   46    97  0   0.0%   0.100 UA:6    +
   45    51  0   0.0%   0.191 UA:6    +
   58   145  0   0.0%   0.897 AU:6    +
   21    26  0   0.0%   0.160 AU:6    +
   25    69  0   0.0%   0.077 CG:6    +
   35    58  0   0.0%   0.148 UA:6    +
   45   100  0   0.0%   0.045 UG:6    +
   47   136  0   0.0%   0.984 UA:6    +
    5    15  1   0.0%   0.076 CG:1    UG:4    +
   46    60  0   0.0%   0.125 UG:6    +
   61   127  0   0.0%   1.060 CG:6    +
   49    88  0   0.0%   0.837 AU:6    +
   24    62  0   0.0%   0.041 AU:6    +
   38    73  0   0.0%   0.043 UA:6    +
   51    56  0   0.0%   0.262 AU:6    +
   91   111  0   0.0%   2.457 CG:6    +
   44   111  1   0.0%   0.975 CG:2    UG:3    +
   76    97  0   0.0%   1.833 UA:6    +
   31   113  1   0.0%   0.043 AU:1    UA:4    +
   30   114  0   0.0%   0.042 UG:6    +
   43   106  0   0.0%   0.365 UA:6    +
   37    74  0   0.0%   0.143 AU:6    +
   43   148  0   0.0%   1.010 UA:6    +
    4    55  0   0.0%   0.060 CG:6    +
   42   135  0   0.0%   1.032 GC:6    +
   56    97  0   0.0%   0.512 UA:6    +
   55    98  0   0.0%   1.282 GU:6    +
   42    46  0   0.0%   0.093 GU:6    +
   46   108  0   0.0%   0.977 UA:6    +
   48    88  0   0.0%   0.624 AU:6    +
   12    32  0   0.0%   0.116 GU:6    +
   12    34  0   0.0%   0.090 GC:6    +
   19    60  0   0.0%   0.214 CG:6    +
   18    61  0   0.0%   0.045 GC:6    +
   74   115  0   0.0%   1.911 UA:6    +
   20    31  1   0.0%   0.131 AU:4    UA:1    +
   36   124  0   0.0%   0.284 AU:6    +
   18    22  0   0.0%   0.039 GC:6    +
   25    55  0   0.0%   0.028 CG:6    +
   69   109  0   0.0%   1.884 GU:6    +
   42    54  0   0.0%   0.283 GU:6    +
   47   108  0   0.0%   1.069 UA:6    +
   47    89  1   0.0%   0.474 UG:4    UA:1    +
   34   127  0   0.0%   0.111 CG:6    +
   19   114  0   0.0%   0.245 CG:6    +
   49   155  0   0.0%   1.160 AU:6    +
   51   122  0   0.0%   1.399 AU:6    +
   30    37  0   0.0%   0.013 UA:6    +
   24    56  0   0.0%   0.039 AU:6    +
   16   155  0   0.0%   0.027 AU:6    +
   46   119  1   0.0%   0.936 UG:4    UA:1    +
   61    75  0   0.0%   1.156 CG:6    +
  127   135  0   0.0%   0.007 GC:6    +
   45    55  0   0.0%   0.061 UG:6    +
   32   119  1   0.0%   0.095 UG:4    UA:1    +
   49   124  0   0.0%   1.154 AU:6    +
    3    56  0   0.0%   0.108 AU:6    +
   60    76  0   0.0%   1.448 GU:6    +
   16    64  0   0.0%   0.023 AU:6    +
   13    67  0   0.0%   0.086 GC:6    +
   12    70  0   0.0%   0.092 GC:6    +
   25   142  0   0.0%   0.055 CG:6    +
  129   144  2   0.0%   0.156 GC:1    GU:2    AU:1    +
   19    55  0   0.0%   0.213 CG:6    +
   85   119  1   0.0%   0.578 UG:4    UA:1    +
   20   118  1   0.0%   0.140 AU:4    UA:1    +
   42    88  0   0.0%   0.285 GU:6    +
   63   126  0   0.0%   1.316 GC:6    +
   88   100  0   0.0%   1.672 UG:6    +
   62    72  0   0.0%   0.943 UA:6    +
   54    99  0   0.0%   1.328 UG:6    +
   74   127  0   0.0%   1.433 UG:6    +
   29   115  0   0.0%   0.123 UA:6    +
   38   111  0   0.0%   0.221 UG:6    +
   47    97  0   0.0%   0.478 UA:6    +
   16    45  0   0.0%   0.023 AU:6    +
   51   155  0   0.0%   1.403 AU:6    +
   17    63  0   0.0%   0.005 UG:6    +
   27   109  0   0.0%   0.112 GU:6    +
   54   119  1   0.0%   1.572 UG:4    UA:1    +
   16    32  0   0.0%   0.087 AU:6    +
   24    35  0   0.0%   0.062 AU:6    +
   16    35  0   0.0%   0.046 AU:6    +
   75    98  0   0.0%   2.353 GU:6    +
   47    60  0   0.0%   0.135 UG:6    +
   65    79  1   0.0%   0.842 UG:4    UA:1    +
   17    51  0   0.0%   0.005 UA:6    +
   42   155  0   0.0%   1.036 GU:6    +
   31    53  1   0.0%   0.023 AU:2    UA:3    +
    4   100  0   0.0%   0.061 CG:6    +
   32   103  0   0.0%   0.105 UA:6    +
   22   111  0   0.0%   0.035 CG:6    +
    4    12  0   0.0%   0.001 CG:6    +
   16    52  0   0.0%   0.023 AU:6    +
    1    47  0   0.0%   0.031 GU:6    +
    5    99  1   0.0%   0.060 CG:1    UG:4    +
   34    69  0   0.0%   0.116 CG:6    +
   30    36  0   0.0%   0.031 UA:6    +
    5    33  1   0.0%   0.066 CG:1    UG:4    +
   33    70  0   0.0%   0.127 GC:6    +
   48   122  0   0.0%   1.066 AU:6    +
   46    89  1   0.0%   0.096 UG:4    UA:1    +
   17    36  0   0.0%   0.024 UA:6    +
   76   114  0   0.0%   1.892 UG:6    +
   21    29  0   0.0%   0.182 AU:6    +
   19   142  0   0.0%   0.241 CG:6    +
   69    74  0   0.0%   1.014 GU:6    +
    1    35  0   0.0%   0.030 GU:6    +
    3    29  0   0.0%   0.045 AU:6    +
   60    91  0   0.0%   1.076 GC:6    +
   56   148  0   0.0%   0.888 UA:6    +
    6   110  1   0.0%   0.136 AU:4    UA:1    +
    1    57  0   0.0%   0.032 GC:6    +
   64    73  0   0.0%   0.639 UA:6    +
  123   144  1   0.0%   0.004 GC:2    AU:3    +
   30   108  0   0.0%   0.036 UA:6    +
   29    37  0   0.0%   0.092 UA:6    +
   28   114  0   0.0%   0.112 CG:6    +
  109   114  0   0.0%   1.501 UG:6    +
    1    61  0   0.0%   0.032 GC:6    +
   43    55  0   0.0%   0.286 UG:6    +
   22    55  0   0.0%   0.031 CG:6    +
   49    62  0   0.0%   0.265 AU:6    +
   72    76  0   0.0%   0.849 AU:6    +
   63    74  0   0.0%   1.344 GU:6    +
   32    37  0   0.0%   0.070 UA:6    +
   16    46  0   0.0%   0.023 AU:6    +
   76   148  0   0.0%   1.416 UA:6    +
   40    89  1   0.0%   0.019 CG:4    GU:1    +
   21    56  0   0.0%   0.095 AU:6    +
   78   146  1   0.0%   1.096 AU:1    UA:4    +
    4    63  0   0.0%   0.060 CG:6    +
    3    35  0   0.0%   0.093 AU:6    +
    5   111  1   0.0%   0.061 CG:1    UG:4    +
   17   108  0   0.0%   0.009 UA:6    +
   16    38  0   0.0%   0.028 AU:6    +
   37    76  0   0.0%   0.143 AU:6    +
   38    75  0   0.0%   0.043 UG:6    +
   16   109  0   0.0%   0.027 AU:6    +
   49   122  0   0.0%   1.156 AU:6    +
   18    56  0   0.0%   0.045 GU:6    +
    5   154  1   0.0%   0.064 CG:1    UA:4    +
   26   108  0   0.0%   0.070 UA:6    +
   35    51  0   0.0%   0.092 UA:6    +
   15    47  0   0.0%   0.223 GU:6    +
   59   131  1   0.0%   0.684 GU:1    AU:4    +
   79   110  1   0.0%   2.097 GU:4    AU:1    +
   28   100  0   0.0%   0.104 CG:6    +
   17    37  0   0.0%   0.006 UA:6    +
   24    38  0   0.0%   0.044 AU:6    +
   27   101  1   0.0%   0.111 GC:2    GU:3    +
   30   103  0   0.0%   0.031 UA:6    +
   98   106  0   0.0%   2.376 UA:6    +
    3    64  0   0.0%   0.108 AU:6    +
   36    76  0   0.0%   0.144 AU:6    +
   46    69  0   0.0%   0.111 UG:6    +
   35   108  0   0.0%   0.135 UA:6    +
   29    99  0   0.0%   0.117 UG:6    +
   15    46  0   0.0%   0.223 GU:6    +
   63    91  0   0.0%   0.947 GC:6    +
   47   115  0   0.0%   1.363 UA:6    +
   17   115  0   0.0%   0.009 UA:6    +
  110   120  1   0.0%   1.043 AU:1    UA:4    +
   44   154  2   0.0%   0.905 CG:1    UG:1    UA:2    +
   21    38  0   0.0%   0.099 AU:6    +
   36    88  0   0.0%   0.144 AU:6    +
   33    82  0   0.0%   0.103 GC:6    +
   44   123  2   0.0%   0.898 CG:1    UG:1    UA:2    +
   45    99  0   0.0%   0.044 UG:6    +
   35    89  1   0.0%   0.120 UG:4    UA:1    +
  115   122  0   0.0%   0.520 AU:6    +
   45    69  0   0.0%   0.046 UG:6    +
    1    22  0   0.0%   0.005 GC:6    +
   43   114  0   0.0%   0.740 UG:6    +
   20    39  1   0.0%   0.116 AU:4    UA:1    +
   73   155  0   0.0%   0.576 AU:6    +
    1    46  0   0.0%   0.031 GU:6    +
   24    29  0   0.0%   0.129 AU:6    +
   88   115  0   0.0%   1.889 UA:6    +
   30   115  0   0.0%   0.036 UA:6    +
   56    63  0   0.0%   0.627 UG:6    +
  116   121  1   0.0%   0.463 UG:4    UA:1    +
   28    75  0   0.0%   0.105 CG:6    +
   32   106  0   0.0%   0.099 UA:6    +
   27    76  0   0.0%   0.112 GU:6    +
   80   123  1   0.0%   0.681 UG:2    UA:3    +
   88   106  0   0.0%   2.490 UA:6    +
    5    42  1   0.0%   0.077 CG:1    UG:4    +
   26    37  0   0.0%   0.070 UA:6    +
   15    34  0   0.0%   0.267 GC:6    +
  119   145  1   0.0%   0.093 GU:4    AU:1    +
   38   106  0   0.0%   0.057 UA:6    +
   17    24  0   0.0%   0.043 UA:6    +
   36   109  0   0.0%   0.157 AU:6    +
   45   119  1   0.0%   0.751 UG:4    UA:1    +
   19   127  0   0.0%   0.240 CG:6    +
   55   147  0   0.0%   1.348 GU:6    +
   62   115  0   0.0%   1.843 UA:6    +
   30    73  0   0.0%   0.032 UA:6    +
  108   122  0   0.0%   0.499 AU:6    +
   37   124  0   0.0%   0.281 AU:6    +
    1    67  0   0.0%   0.032 GC:6    +
   18    57  0   0.0%   0.045 GC:6    +
  118   146  1   0.0%   0.064 AU:1    UA:4    +
   36   145  0   0.0%   0.286 AU:6    +
   59    80  1   0.0%   0.799 GU:1    AU:4    +
   63   135  0   0.0%   1.316 GC:6    +
   54   148  0   0.0%   1.489 UA:6    +
   32   115  0   0.0%   0.095 UA:6    +
   89   109  1   0.0%   2.580 GU:4    AU:1    +
   62   136  0   0.0%   1.366 UA:6    +
    1    32  0   0.0%   0.009 GU:6    +
   48   155  0   0.0%   1.070 AU:6    +
   52    72  0   0.0%   0.110 UA:6    +
    5   114  1   0.0%   0.068 CG:1    UG:4    +
   38   103  0   0.0%   0.063 UA:6    +
    1    91  0   0.0%   0.032 GC:6    +
   17    58  0   0.0%   0.005 UA:6    +
    1   155  0   0.0%   0.033 GU:6    +
   29    36  0   0.0%   0.111 UA:6    +
   38   139  0   0.0%   0.553 UA:6    +
   44   119  2   0.0%   0.945 CG:1    UG:2    UA:1    +
    7   143  1   0.0%   0.048 CG:1    GC:4    +
   44   100  1   0.0%   0.179 CG:2    UG:3    +
   13    28  0   0.0%   0.088 GC:6    +
   12    29  0   0.0%   0.157 GU:6    +
   28    69  0   0.0%   0.127 CG:6    +
   52   111  0   0.0%   1.862 UG:6    +
   35   100  0   0.0%   0.149 UG:6    +
   32   114  0   0.0%   0.101 UG:6    +
  123   132  2   0.0%   0.007 GC:1    GU:1    AU:2    +
   27    70  0   0.0%   0.135 GC:6    +
   43   127  0   0.0%   1.012 UG:6    +
    2    90  2   0.0%   0.064 CG:1    UG:1    AU:2    +
   32    48  0   0.0%   0.068 UA:6    +
   17    48  0   0.0%   0.005 UA:6    +
   45   111  0   0.0%   0.781 UG:6    +
   45    97  0   0.0%   0.036 UA:6    +
   18    47  0   0.0%   0.045 GU:6    +
   24    30  0   0.0%   0.049 AU:6    +
   16    85  0   0.0%   0.026 AU:6    +
  111   155  0   0.0%   1.152 GU:6    +
   40   140  1   0.0%   0.364 CG:3    GC:2    +
   35   148  0   0.0%   0.255 UA:6    +
   45   139  0   0.0%   0.706 UA:6    +
   36   147  0   0.0%   0.286 AU:6    +
    1    25  0   0.0%   0.005 GC:6    +
  100   109  0   0.0%   2.333 GU:6    +
   56   111  0   0.0%   1.353 UG:6    +
   29   103  0   0.0%   0.117 UA:6    +
    1    11  1   0.0%   0.000 GC:1    GU:4    +
   76   108  0   0.0%   1.901 UA:6    +
  122   142  0   0.0%   0.004 UG:6    +
   43   105  0   0.0%   0.443 UA:6    +
   48   145  0   0.0%   1.064 AU:6    +
   10   143  1   0.0%   0.032 CG:1    GC:4    +
   25    42  0   0.0%   0.046 CG:6    +
  136   145  0   0.0%   0.160 AU:6    +
   63    88  0   0.0%   0.917 GU:6    +
   82   142  0   0.0%   0.871 CG:6    +
   28   111  0   0.0%   0.108 CG:6    +
   11   142  1   0.0%   0.096 CG:1    UG:4    +
   64   139  0   0.0%   0.965 UA:6    +
   12    25  0   0.0%   0.090 GC:6    +
   24    43  0   0.0%   0.056 AU:6    +
   24   122  0   0.0%   0.064 AU:6    +
   16    43  0   0.0%   0.038 AU:6    +
   22    75  0   0.0%   0.034 CG:6    +
   17    42  0   0.0%   0.021 UG:6    +
   43   111  0   0.0%   1.086 UG:6    +
    9   110  1   0.0%   0.044 AU:4    UA:1    +
   21    76  0   0.0%   0.098 AU:6    +
   33    47  0   0.0%   0.066 GU:6    +
   13    88  0   0.0%   0.088 GU:6    +
   12    91  0   0.0%   0.094 GC:6    +
   15    57  0   0.0%   0.223 GC:6    +
    1   135  0   0.0%   0.032 GC:6    +
   47    69  0   0.0%   0.441 UG:6    +
   52    89  1   0.0%   0.664 UG:4    UA:1    +
   16    56  0   0.0%   0.023 AU:6    +
   35   106  0   0.0%   0.139 UA:6    +
  105   109  0   0.0%   2.296 AU:6    +
    3   155  0   0.0%   0.109 AU:6    +
   75   109  0   0.0%   2.487 GU:6    +
   17    55  0   0.0%   0.005 UG:6    +
   80   154  1   0.0%   0.688 UG:2    UA:3    +
   32    36  0   0.0%   0.088 UA:6    +
   76   127  0   0.0%   1.418 UG:6    +
    3    54  0   0.0%   0.108 AU:6    +
   62    89  1   0.0%   0.886 UG:4    UA:1    +
   39    87  1   0.0%   0.027 AU:1    UA:4    +
   22   100  0   0.0%   0.033 CG:6    +
   58   133  0   0.0%   0.897 AU:6    +
   28   142  0   0.0%   0.109 CG:6    +
   21    62  0   0.0%   0.097 AU:6    +
   30    48  0   0.0%   0.011 UA:6    +
   48    74  0   0.0%   0.571 AU:6    +
   11   154  1   0.0%   0.096 CG:1    UA:4    +
    1    43  0   0.0%   0.030 GU:6    +
   55   155  0   0.0%   1.355 GU:6    +
   75   135  0   0.0%   1.489 GC:6    +
   44    99  1   0.0%   0.179 CG:2    UG:3    +
   29    60  0   0.0%   0.146 UG:6    +
   24   145  0   0.0%   0.064 AU:6    +
    5    13  1   0.0%   0.080 CG:1    UG:4    +
   33    67  0   0.0%   0.106 GC:6    +
   24    98  0   0.0%   0.064 AU:6    +
   15    26  0   0.0%   0.242 GU:6    +
   26   105  0   0.0%   0.070 UA:6    +
   51    85  0   0.0%   1.139 AU:6    +
   49    74  0   0.0%   0.615 AU:6    +
   76    99  0   0.0%   2.263 UG:6    +
   15    44  1   0.0%   0.223 GC:2    GU:3    +
   74    99  0   0.0%   2.268 UG:6    +
    5   120  1   0.0%   0.064 AU:1    UA:4    +
   62    69  0   0.0%   1.120 UG:6    +
   43   119  1   0.0%   1.055 UG:4    UA:1    +
   32    55  0   0.0%   0.072 UG:6    +
   74   136  0   0.0%   1.433 UA:6    +
  133   142  0   0.0%   0.587 UG:6    +
   43    73  0   0.0%   0.239 UA:6    +
   47    75  0   0.0%   0.418 UG:6    +
   42    74  0   0.0%   0.250 GU:6    +
   20    81  2   0.0%   0.139 CG:1    UG:1    AU:2    +
    6   117  1   0.0%   0.136 AU:3    UA:2    +
   29    49  0   0.0%   0.091 UA:6    +
  109   119  1   0.0%   1.100 UG:4    UA:1    +
   29    58  0   0.0%   0.091 UA:6    +
   16    47  0   0.0%   0.023 AU:6    +
   88   114  0   0.0%   1.866 UG:6    +
   74   103  0   0.0%   2.103 UA:6    +
   29   114  0   0.0%   0.128 UG:6    +
   33    91  0   0.0%   0.103 GC:6    +
   62   111  0   0.0%   2.357 UG:6    +
   58    76  0   0.0%   1.076 AU:6    +
  111   126  0   0.0%   1.145 GC:6    +
    4   142  0   0.0%   0.065 CG:6    +
   26    73  0   0.0%   0.070 UA:6    +
   37   147  0   0.0%   0.283 AU:6    +
   34    75  0   0.0%   0.093 CG:6    +
  139   145  0   0.0%   0.715 AU:6    +
   18    44  1   0.0%   0.045 GC:2    GU:3    +
   33    76  0   0.0%   0.104 GU:6    +
   18    29  0   0.0%   0.131 GU:6    +
   15    25  0   0.0%   0.228 GC:6    +
   12    76  0   0.0%   0.094 GU:6    +
   35    75  0   0.0%   0.121 UG:6    +
   26    51  0   0.0%   0.069 UA:6    +
  132   136  3   0.7%   0.122 UA:3    +
   84    89  2   0.3%   1.065 CG:2    UG:2    +
   61    81  2   0.6%   1.076 CG:4    +
   51   116  1   0.5%   1.784 AU:5    +
   43    81  2   0.6%   0.335 UG:4    +
  133   140  2   0.3%   0.954 UG:3    UA:1    +
  119   153  3   0.4%   0.614 GC:1    GU:2    +
   53   114  3   0.7%   1.878 UG:3    +
   65   103  1   0.4%   1.644 UA:5    +
   51   118  2   0.6%   1.475 AU:4    +
   72   110  1   0.4%   1.766 AU:5    +
   50   107  2   0.2%   1.863 CG:3    UG:1    +
   78   115  2   0.6%   1.637 UA:4    +
   41    93  2   0.2%   0.264 AU:2    UA:2    +
   74    87  2   0.5%   0.883 UA:4    +
   48    86  2   0.5%   0.680 AU:4    +
   20    26  2   0.5%   0.205 AU:4    +
   81    89  3   0.3%   1.319 GU:1    UG:2    +
   59    86  2   0.2%   0.496 GU:1    AU:3    +
   47    87  2   0.5%   0.523 UA:4    +
   54   113  2   0.5%   2.170 UA:4    +
   72    86  2   0.5%   0.359 AU:4    +
   68    89  3   0.0%   0.613 CG:1    UG:1    AU:1    +
   76    83  3   0.3%   1.063 UG:1    UA:2    +
   87    98  2   0.4%   1.287 AU:4    +
   65   105  1   0.3%   1.925 UA:5    +
   39   114  2   0.4%   0.594 UG:4    +
   77    89  3   0.0%   1.168 UG:1    AU:1    UA:1    +
   56    66  3   0.5%   0.652 UA:3    +
   45    68  2   0.1%   0.059 UG:1    UA:3    +
   68   113  3   0.0%   1.244 GC:1    AU:1    UA:1    +
   37    53  3   0.5%   0.192 AU:3    +
   48   101  3   0.5%   0.770 AU:3    +
   68    94  3   0.0%   0.851 CG:1    GC:1    UG:1    +
   44    68  3   0.0%   0.186 GC:1    UG:1    UA:1    +
    5    41  3   0.3%   0.090 AU:1    UA:2    +
  113   119  3   0.0%   0.932 CG:1    UG:1    AU:1    +
   40    44  3   0.0%   0.023 CG:1    GC:1    GU:1    +
   53    68  3   0.0%   0.418 UG:1    AU:1    UA:1    +
   68   120  3   0.0%   0.515 GU:1    AU:1    UA:1    +
   77   119  3   0.0%   1.205 UG:1    AU:1    UA:1    +
  131   143  3   0.0%   0.743 GC:1    UG:1    UA:1    +
   44   140  3   0.0%   0.900 CG:1    UG:1    UA:1    +
   68   104  2   0.1%   1.140 GC:1    AU:3    +
   53   116  3   0.5%   1.906 AU:3    +
   41   118  2   0.1%   0.922 AU:2    UA:2    +
   36   117  3   0.5%   0.328 AU:3    +
   14    33  2   0.4%   0.297 UG:4    +
   69    90  2   0.4%   0.490 GU:4    +
   39   153  2   0.1%   0.568 AU:2    UA:2    +
   83    90  3   0.2%   0.933 UG:1    AU:2    +
    2    18  2   0.1%   0.049 CG:3    UG:1    +
  118   154  2   0.4%   0.570 UA:4    +
   75    86  2   0.4%   1.005 GU:4    +
    2    27  2   0.0%   0.051 CG:3    UG:1    +
   71    94  2   0.0%   0.630 CG:3    UG:1    +
   46    68  2   0.0%   0.124 UG:1    UA:3    +
   80    94  2   0.0%   1.272 CG:1    UG:3    +
   68    98  2   0.0%   0.989 GU:1    AU:3    +
   79    90  2   0.0%   0.764 GU:2    AU:2    +
   31    59  2   0.0%   0.059 UG:1    UA:3    +
   42   117  2   0.0%   1.316 GC:1    GU:3    +
  120   152  2   0.0%   0.137 UG:2    AU:2    +
   79    84  2   0.0%   0.501 GC:2    GU:2    +
   78    86  2   0.0%   0.535 AU:2    UA:2    +
   31   137  2   0.0%   0.044 UG:2    UA:2    +
   89   104  2   0.0%   2.537 GC:1    GU:3    +
   68    88  2   0.0%   0.589 GU:1    AU:3    +
   15    23  2   0.0%   0.233 GC:1    GU:3    +
   71    79  2   0.0%   0.613 CG:3    UG:1    +
  114   153  2   0.0%   0.521 GC:2    GU:2    +
   47    68  2   0.0%   0.455 UG:1    UA:3    +
   68    85  2   0.0%   0.544 GU:1    AU:3    +
   14    68  2   0.0%   0.236 GC:1    UA:3    +
   86    93  2   0.0%   1.044 AU:2    UA:2    +
   39   129  2   0.0%   0.556 UG:3    UA:1    +
   65    81  2   0.0%   0.889 CG:1    UG:3    +
   84    96  2   0.0%   0.887 CG:2    UA:2    +
   86   107  2   0.0%   1.814 UG:2    UA:2    +
   23    41  2   0.0%   0.049 AU:2    UA:2    +
   59   101  2   0.0%   0.513 GC:1    AU:3    +
   84    94  2   0.0%   0.824 CG:2    UG:2    +
   23   113  2   0.0%   0.040 AU:1    UA:3    +
   17    68  2   0.0%   0.009 UG:1    UA:3    +
   81    95  2   0.0%   1.755 GC:2    GU:2    +
  111   153  2   0.0%   1.154 GC:2    GU:2    +
   53   117  2   0.0%   1.751 AU:2    UA:2    +
  112   152  2   0.0%   1.045 CG:2    AU:2    +
   11    36  2   0.3%   0.132 UA:4    +
  120   134  2   0.0%   0.014 AU:2    UA:2    +
   50    89  2   0.0%   1.189 CG:3    UG:1    +
   77   118  2   0.0%   1.175 AU:3    UA:1    +
   66   113  2   0.0%   1.462 AU:1    UA:3    +
   42   153  2   0.0%   1.037 GC:2    GU:2    +
   39    86  2   0.0%   0.027 AU:2    UA:2    +
   35   152  2   0.0%   0.257 UG:2    UA:2    +
   41   154  2   0.0%   0.914 UG:2    UA:2    +
   31   153  2   0.0%   0.042 AU:2    UA:2    +
   32   152  2   0.0%   0.098 UG:2    UA:2    +
    6   152  2   0.0%   0.137 UG:2    AU:2    +
  113   117  2   0.0%   1.131 AU:3    UA:1    +
   86    90  2   0.0%   0.727 UG:2    AU:2    +
   78    90  2   0.0%   0.753 UG:2    AU:2    +
   90    96  2   0.0%   1.280 UG:2    UA:2    +
    2     7  2   0.0%   0.001 CG:3    UG:1    +
   59   104  2   0.0%   0.836 GU:1    AU:3    +
   50    94  2   0.0%   1.199 CG:3    UG:1    +
   43   140  2   0.0%   1.012 UG:3    UA:1    +
   94   104  2   0.0%   1.726 GC:1    GU:3    +
   53   119  2   0.0%   1.549 UG:3    AU:1    +
   55   153  2   0.0%   1.355 GC:2    GU:2    +
    1     8  2   0.0%   0.001 GC:1    GU:3    +
    1   153  2   0.0%   0.033 GC:2    GU:2    +
   54   152  2   0.0%   1.491 UG:2    UA:2    +
   55   117  2   0.0%   1.638 GC:1    GU:3    +
   26    68  2   0.0%   0.094 UG:1    UA:3    +
    6    14  2   0.0%   0.074 AU:3    UA:1    +
   20    66  2   0.0%   0.119 AU:3    UA:1    +
   75   117  2   0.0%   1.777 GC:1    GU:3    +
    8    75  2   0.0%   0.035 CG:1    UG:3    +
   81   120  2   0.0%   1.244 GU:2    UA:2    +
    2    12  2   0.0%   0.001 CG:3    UG:1    +
   43   152  2   0.0%   1.012 UG:2    UA:2    +
    7   117  2   0.0%   0.048 GC:1    GU:3    +
   38   152  2   0.0%   0.553 UG:2    UA:2    +
   86   118  2   0.0%   0.747 AU:2    UA:2    +
   87   117  2   0.0%   0.968 AU:3    UA:1    +
    2   114  2   0.0%   0.064 CG:3    UG:1    +
    8    33  2   0.0%   0.055 CG:1    UG:3    +
   41   150  2   0.0%   0.906 UG:2    AU:2    +
   79   153  2   0.0%   1.081 GC:2    AU:2    +
   52    68  2   0.0%   0.144 UG:1    UA:3    +
   59    93  2   0.0%   0.563 GU:1    AU:3    +
  110   119  2   0.0%   1.119 UG:3    UA:1    +
   41    78  2   0.0%   0.195 AU:2    UA:2    +
    9   152  2   0.0%   0.045 UG:2    AU:2    +
    2   111  2   0.0%   0.064 CG:3    UG:1    +
   35    68  2   0.0%   0.144 UG:1    UA:3    +
  119   128  2   0.0%   0.094 GC:3    GU:1    +
   59    78  2   0.0%   0.820 GU:1    AU:3    +
  119   149  2   0.0%   0.093 GC:2    GU:2    +
  111   117  2   0.0%   1.438 GC:1    GU:3    +
   84   119  2   0.0%   0.457 CG:3    UG:1    +
   31   107  2   0.0%   0.042 UG:3    UA:1    +
   53    66  2   0.0%   0.709 AU:2    UA:2    +
   64    68  2   0.0%   0.820 UG:1    UA:3    +
   50   121  2   0.0%   1.454 CG:3    UG:1    +
    2    60  2   0.0%   0.064 CG:3    UG:1    +
   18   153  2   0.0%   0.073 GC:2    GU:2    +
   81   104  2   0.0%   1.771 GC:1    GU:3    +
   41    79  2   0.0%   0.196 UG:2    UA:2    +
   80   152  2   0.0%   0.682 UG:2    UA:2    +
   83   120  2   0.0%   0.619 AU:2    UA:2    +
    8    12  2   0.0%   0.040 CG:1    UG:3    +
   68    80  2   0.0%   0.876 GU:1    AU:3    +
   79   117  2   0.0%   1.367 GC:1    GU:3    +
   75   153  2   0.0%   1.493 GC:2    GU:2    +
   68    76  2   0.0%   1.096 GU:1    AU:3    +
   47   152  2   0.0%   0.983 UG:2    UA:2    +
   39    90  2   0.0%   0.026 UG:2    AU:2    +
   64   140  2   0.0%   0.965 UG:3    UA:1    +
   43    68  2   0.0%   0.262 UG:1    UA:3    +
   40    90  2   0.0%   0.019 CG:2    GU:2    +
   45   152  2   0.0%   0.706 UG:2    UA:2    +
   50   140  2   0.0%   1.455 CG:3    UA:1    +
    2    10  2   0.0%   0.000 CG:3    UG:1    +
   46   152  2   0.0%   0.891 UG:2    UA:2    +
   18    23  2   0.0%   0.040 GC:1    GU:3    +
    7   152  2   0.0%   0.049 CG:2    GU:2    +
    2    42  2   0.0%   0.064 CG:3    UG:1    +
    2   140  2   0.0%   0.064 CG:3    UA:1    +
   41    59  2   0.0%   0.228 UG:1    UA:3    +
   56   152  2   0.0%   0.890 UG:2    UA:2    +
   53   110  2   0.0%   2.128 AU:3    UA:1    +
  107   118  2   0.0%   1.184 GU:3    AU:1    +
  123   128  2   0.0%   0.004 GC:2    AU:2    +
  138   152  2   0.0%   0.380 CG:2    AU:2    +
  137   153  2   0.0%   0.753 GC:2    AU:2    +
    8   142  2   0.0%   0.035 CG:1    UG:3    +
    8    94  2   0.0%   0.035 CG:1    UG:3    +
   81    94  2   0.0%   1.781 GC:2    UG:2    +
   29    68  2   0.0%   0.141 UG:1    UA:3    +
   56    68  2   0.0%   0.332 UG:1    UA:3    +
   20   117  2   0.0%   0.140 AU:3    UA:1    +
    8    77  2   0.0%   0.034 AU:1    UA:3    +
  118   129  2   0.0%   0.067 UG:3    UA:1    +
    7    95  2   0.0%   0.048 GC:3    GU:1    +
   14    87  2   0.0%   0.233 AU:1    UA:3    +
    2    55  2   0.0%   0.064 CG:3    UG:1    +
    2    79  2   0.0%   0.064 CG:3    UG:1    +
    2   142  2   0.0%   0.064 CG:3    UG:1    +
   41   129  2   0.0%   0.907 UG:1    UA:3    +
   76   152  2   0.0%   1.417 UG:2    UA:2    +
   41    90  2   0.0%   0.222 UG:2    AU:2    +
  128   152  2   0.0%   0.195 CG:2    UA:2    +
    8   111  2   0.0%   0.035 CG:1    UG:3    +
   11    92  2   0.0%   0.096 AU:1    UA:3    +
  127   153  2   0.0%   0.575 GC:2    GU:2    +
   33   117  2   0.0%   0.117 GC:1    GU:3    +
   68   109  2   0.0%   1.479 GU:1    AU:3    +
   23    99  2   0.0%   0.033 CG:1    UG:3    +
    1   117  2   0.0%   0.032 GC:1    GU:3    +
   52   152  2   0.0%   1.169 UG:2    UA:2    +
   17   152  2   0.0%   0.009 UG:2    UA:2    +
   23   146  2   0.0%   0.034 AU:1    UA:3    +
   66    92  2   0.0%   0.545 AU:1    UA:3    +
   81   116  2   0.0%   1.688 GC:1    GU:3    +
   39    77  2   0.0%   0.026 AU:1    UA:3    +
   15   117  2   0.0%   0.225 GC:1    GU:3    +
   23    63  2   0.0%   0.036 CG:1    UG:3    +
   32    68  2   0.0%   0.105 UG:1    UA:3    +
   41   107  2   0.0%   0.404 UG:2    UA:2    +
    2    75  2   0.0%   0.064 CG:3    UG:1    +
   23   111  2   0.0%   0.034 CG:1    UG:3    +
   39    59  2   0.0%   0.058 UG:1    UA:3    +
   58    65  1   0.2%   0.517 AU:5    +
   59    84  3   0.2%   0.432 GC:1    AU:2    +
   83   113  3   0.2%   1.451 AU:1    UA:2    +
   54    83  3   0.1%   1.003 UG:1    UA:2    +
   83    87  3   0.1%   0.584 AU:1    UA:2    +
   80   103  1   0.1%   1.311 UA:5    +
   94   101  3   0.1%   1.923 GC:2    GU:1    +
   36   116  1   0.1%   0.263 AU:5    +
   16    31  2   0.3%   0.057 AU:4    +
  131   136  1   0.1%   0.025 UA:5    +
   44    59  3   0.1%   0.204 UG:1    UA:2    +
   86    99  2   0.2%   1.367 UG:4    +
   47    77  2   0.2%   0.461 UA:4    +
   51   110  1   0.1%   2.086 AU:5    +
  114   151  2   0.2%   0.539 GC:4    +
   83    98  3   0.1%   1.395 GU:1    AU:2    +
   56   113  2   0.2%   1.618 UA:4    +
   32   102  2   0.2%   0.120 UA:4    +
  112   119  3   0.0%   1.134 CG:2    AU:1    +
   56    94  2   0.2%   0.460 UG:4    +
   68   110  3   0.0%   1.506 GU:1    AU:2    +
  108   116  1   0.0%   0.960 AU:5    +
   48    78  2   0.2%   0.617 AU:4    +
   49   110  1   0.0%   1.889 AU:5    +
   83   100  3   0.0%   1.431 CG:1    UG:2    +
  110   114  1   0.0%   1.527 UG:5    +
   47    83  3   0.0%   0.479 UG:1    UA:2    +
   71    96  3   0.0%   0.693 CG:2    UA:1    +
  119   150  3   0.0%   0.104 GU:2    AU:1    +
   49   101  3   0.3%   0.928 AU:3    +
   83   109  3   0.0%   1.605 GU:1    AU:2    +
   73    80  1   0.0%   0.651 AU:5    +
   77   116  3   0.3%   1.590 AU:3    +
   37   131  1   0.0%   0.286 AU:5    +
   65   106  1   0.0%   1.754 UA:5    +
   72    80  1   0.0%   0.619 AU:5    +
   83   107  3   0.0%   1.446 CG:1    UG:2    +
   68   101  3   0.0%   0.863 GU:1    AU:2    +
  108   131  1   0.0%   0.502 AU:5    +
   36    65  1   0.0%   0.147 AU:5    +
   46    83  3   0.0%   0.122 UG:1    UA:2    +
   48    80  1   0.0%   0.594 AU:5    +
   68    84  3   0.0%   0.504 GC:1    AU:2    +
   23    59  3   0.0%   0.034 UG:1    UA:2    +
   83    95  3   0.0%   1.229 GC:1    AU:2    +
  115   131  1   0.0%   0.523 AU:5    +
   66    90  3   0.0%   0.417 UG:1    AU:2    +
   39   101  3   0.0%   0.048 AU:2    UA:1    +
   49    65  1   0.0%   0.962 AU:5    +
  110   136  1   0.0%   1.037 UA:5    +
   86   110  3   0.0%   1.714 AU:2    UA:1    +
   93   101  3   0.0%   2.177 AU:2    UA:1    +
   60   110  1   0.0%   2.201 GU:5    +
   51    65  1   0.0%   0.886 AU:5    +
   79    83  3   0.0%   0.670 GC:1    GU:2    +
  110   152  3   0.0%   1.036 UG:1    UA:2    +
  105   110  1   0.0%   2.316 AU:5    +
   59   117  3   0.0%   0.973 GU:1    AU:2    +
  110   115  1   0.0%   1.549 UA:5    +
   53    79  3   0.0%   1.320 UG:1    UA:2    +
   77   117  3   0.0%   1.411 AU:2    UA:1    +
   17    83  3   0.0%   0.009 UG:1    UA:2    +
   83   111  3   0.0%   1.735 CG:1    UG:2    +
   75    83  3   0.0%   1.042 GC:1    GU:2    +
   44    53  3   0.0%   0.230 GU:1    UA:2    +
   23    77  3   0.0%   0.034 AU:1    UA:2    +
   64    83  3   0.0%   0.507 UG:1    UA:2    +
   59   144  3   0.0%   0.683 GU:1    AU:2    +
  110   153  3   0.0%   1.041 AU:1    UA:2    +
   80   108  1   0.0%   1.083 UA:5    +
    3    80  1   0.0%   0.109 AU:5    +
    5   153  3   0.0%   0.065 AU:1    UA:2    +
   21    65  1   0.0%   0.098 AU:5    +
   37   110  1   0.0%   0.324 AU:5    +
   80   115  1   0.0%   1.192 UA:5    +
   49   116  1   0.0%   1.519 AU:5    +
   53    77  3   0.0%   0.591 AU:1    UA:2    +
   42   110  1   0.0%   1.116 GU:5    +
   50   154  3   0.0%   1.460 CG:2    UA:1    +
   73   116  1   0.0%   1.008 AU:5    +
   50   123  3   0.0%   1.454 CG:2    UA:1    +
   43    83  3   0.0%   0.298 UG:1    UA:2    +
   14    66  3   0.0%   0.231 GU:1    UA:2    +
   73    86  2   0.2%   0.383 AU:4    +
  103   110  1   0.0%   2.056 AU:5    +
   96   101  3   0.0%   2.023 GU:2    AU:1    +
   56    83  3   0.0%   0.374 UG:1    UA:2    +
   53    90  3   0.0%   0.901 UG:1    AU:2    +
   58    80  1   0.0%   0.906 AU:5    +
   60    83  3   0.0%   0.952 GC:1    GU:2    +
   45    83  3   0.0%   0.055 UG:1    UA:2    +
    8   153  3   0.0%   0.035 AU:2    UA:1    +
   80    97  1   0.0%   0.958 UA:5    +
   59    95  3   0.0%   0.515 GU:1    AU:2    +
   83    94  3   0.0%   1.256 CG:1    UG:2    +
   69    83  3   0.0%   0.484 GC:1    GU:2    +
   65    72  1   0.0%   0.574 UA:5    +
   21    80  1   0.0%   0.097 AU:5    +
    3   110  1   0.0%   0.109 AU:5    +
   86   117  3   0.0%   0.983 AU:1    UA:2    +
   16   116  1   0.0%   0.027 AU:5    +
   41    89  3   0.0%   0.222 UG:2    UA:1    +
    2   119  3   0.0%   0.064 CG:2    UA:1    +
   83   114  3   0.0%   1.097 CG:1    UG:2    +
   65   139  1   0.0%   0.957 UA:5    +
   37    65  1   0.0%   0.143 AU:5    +
   63    83  3   0.0%   0.882 GC:1    GU:2    +
   80   105  1   0.0%   1.568 UA:5    +
   65   108  1   0.0%   1.417 UA:5    +
   21   116  1   0.0%   0.098 AU:5    +
   32    83  3   0.0%   0.081 UG:1    UA:2    +
   42    83  3   0.0%   0.311 GC:1    GU:2    +
   66   107  3   0.0%   1.566 UG:2    UA:1    +
   48   116  1   0.0%   1.430 AU:5    +
    2   153  3   0.0%   0.065 AU:2    UA:1    +
  119   125  3   0.0%   0.094 GC:2    UA:1    +
   24    65  1   0.0%   0.065 AU:5    +
    5   152  3   0.0%   0.064 CG:1    UA:2    +
  106   110  1   0.0%   2.142 AU:5    +
   15   110  1   0.0%   0.225 GU:5    +
    3   116  1   0.0%   0.109 AU:5    +
   53    81  3   0.0%   1.294 UG:2    AU:1    +
  137   144  3   0.0%   0.334 GU:2    AU:1    +
   11    90  3   0.0%   0.096 UG:2    AU:1    +
    2     9  3   0.0%   0.000 AU:2    UA:1    +
   63   110  1   0.0%   2.310 GU:5    +
  131   142  1   0.0%   0.841 UG:5    +
    6   119  3   0.0%   0.137 UG:2    AU:1    +
   99   110  1   0.0%   2.374 GU:5    +
   59   132  3   0.0%   0.684 GU:1    AU:2    +
   31   103  2   0.2%   0.058 UA:4    +
   37    80  1   0.0%   0.142 AU:5    +
   24   110  1   0.0%   0.065 AU:5    +
   31   119  3   0.0%   0.039 UG:2    UA:1    +
  106   116  1   0.0%   1.571 AU:5    +
    1   110  1   0.0%   0.032 GU:5    +
   53   152  3   0.0%   1.468 UG:2    AU:1    +
   66   137  3   0.0%   0.727 UG:2    UA:1    +
   65    97  1   0.0%   1.100 UA:5    +
   38    53  3   0.2%   0.109 UA:3    +
   54   102  2   0.1%   1.286 UA:4    +
   36    53  3   0.2%   0.142 AU:3    +
   56    81  2   0.1%   0.746 UG:4    +
   58    86  2   0.1%   0.568 AU:4    +
  135   140  3   0.2%   0.534 CG:3    +
   88    94  2   0.1%   1.539 UG:4    +
   70    94  2   0.1%   0.840 CG:4    +
   10    22  2   0.1%   0.029 GC:4    +
   53   115  3   0.2%   1.874 UA:3    +
    7    25  2   0.1%   0.027 GC:4    +
   36   118  2   0.1%   0.299 AU:4    +
   53    97  3   0.2%   1.276 UA:3    +
   38   120  2   0.1%   0.562 UA:4    +
   86   103  2   0.1%   1.109 UA:4    +
   57    94  2   0.1%   0.629 CG:4    +
    6    26  2   0.1%   0.059 AU:4    +
   39    96  2   0.1%   0.047 UA:4    +
   11    21  2   0.1%   0.059 UA:4    +
   41    48  2   0.1%   0.100 UA:4    +
   81    91  2   0.1%   1.874 GC:4    +
   35   113  2   0.1%   0.233 UA:4    +
   56    77  2   0.1%   0.752 UA:4    +
   55    78  2   0.1%   1.322 GU:4    +
   53    58  3   0.1%   0.165 UA:3    +
   70    81  2   0.1%   0.894 CG:4    +
   78   105  2   0.1%   2.043 UA:4    +
   72    93  2   0.1%   0.464 AU:4    +
   53   105  3   0.1%   1.638 UA:3    +
   75    90  2   0.1%   0.922 GU:4    +
   78   103  2   0.0%   1.765 UA:4    +
   14    18  2   0.0%   0.055 UG:4    +
   38   112  2   0.0%   0.154 UA:4    +
  115   150  2   0.0%   0.530 AU:4    +
   86    97  2   0.0%   0.848 UA:4    +
   11    20  2   0.0%   0.047 UA:4    +
   49   104  2   0.0%   0.992 AU:4    +
   88    92  2   0.0%   1.506 UA:4    +
   51   104  2   0.0%   1.448 AU:4    +
    8    24  3   0.1%   0.029 UA:3    +
   58    93  2   0.0%   0.754 AU:4    +
   97   104  2   0.0%   1.776 AU:4    +
    7    22  2   0.0%   0.008 GC:4    +
   67    79  2   0.0%   0.896 CG:4    +
   14    24  2   0.0%   0.249 UA:4    +
   93    99  2   0.0%   2.375 UG:4    +
   28   107  2   0.0%   0.112 CG:4    +
    6    30  2   0.0%   0.139 AU:4    +
    5    24  2   0.0%   0.048 UA:4    +
   10    28  2   0.0%   0.057 GC:4    +
   20    32  2   0.0%   0.183 AU:4    +
   57   107  2   0.0%   1.195 CG:4    +
   10    38  2   0.0%   0.039 GU:4    +
   15    31  2   0.0%   0.212 GU:4    +
   78    96  2   0.0%   1.863 UA:4    +
   40   114  2   0.0%   0.424 CG:4    +
   20    62  2   0.0%   0.119 AU:4    +
   82   107  2   0.0%   1.592 CG:4    +
   43   125  2   0.0%   1.014 UA:4    +
   40    55  2   0.0%   0.075 CG:4    +
    9    38  2   0.0%   0.046 AU:4    +
   69    93  2   0.0%   0.654 GU:4    +
   65   113  2   0.0%   1.694 UA:4    +
   30   138  2   0.0%   0.042 UA:4    +
    9    29  2   0.0%   0.129 AU:4    +
   49   118  2   0.0%   1.174 AU:4    +
   41   127  2   0.0%   0.909 UG:4    +
   27   141  2   0.0%   0.116 GC:4    +
   37   118  2   0.0%   0.291 AU:4    +
   38   130  2   0.0%   0.554 UA:4    +
   79    93  2   0.0%   1.783 GU:4    +
   10    19  2   0.0%   0.010 GC:4    +
   60    86  2   0.0%   0.991 GU:4    +
   21    31  2   0.0%   0.117 AU:4    +
   48   118  2   0.0%   1.082 AU:4    +
   94    98  2   0.0%   2.015 GU:4    +
   90   115  2   0.0%   1.273 UA:4    +
   71    81  2   0.0%   0.658 CG:4    +
   85    94  2   0.0%   0.874 UG:4    +
   72    78  2   0.0%   0.636 AU:4    +
  113   155  2   0.0%   0.861 AU:4    +
   31    58  2   0.0%   0.046 UA:4    +
   11    72  2   0.0%   0.099 UA:4    +
   72   118  2   0.0%   0.779 AU:4    +
   36    41  2   0.0%   0.041 AU:4    +
   39   115  2   0.0%   0.571 UA:4    +
  106   118  2   0.0%   1.175 AU:4    +
   46   102  2   0.0%   0.238 UA:4    +
   67    89  2   0.0%   0.586 CG:4    +
   11    37  2   0.0%   0.097 UA:4    +
   76    87  2   0.0%   0.876 UA:4    +
   73    90  2   0.0%   0.351 AU:4    +
   52    81  2   0.0%   1.054 UG:4    +
  109   130  2   0.0%   1.018 UA:4    +
  122   146  2   0.0%   0.006 UA:4    +
   39    48  2   0.0%   0.072 UA:4    +
   82    94  2   0.0%   1.392 CG:4    +
   90   103  2   0.0%   1.782 UA:4    +
   46   113  2   0.0%   1.583 UA:4    +
   41   106  2   0.0%   0.325 UA:4    +
   20    65  2   0.0%   0.118 AU:4    +
   47   112  2   0.0%   1.666 UA:4    +
   93   100  2   0.0%   2.349 UG:4    +
   56   102  2   0.0%   0.524 UA:4    +
   90    97  2   0.0%   0.916 UA:4    +
   39    55  2   0.0%   0.080 UG:4    +
   77    85  2   0.0%   0.594 AU:4    +
   52   113  2   0.0%   1.828 UA:4    +
   47   113  2   0.0%   1.676 UA:4    +
   56    87  2   0.0%   0.365 UA:4    +
   41    58  2   0.0%   0.228 UA:4    +
   86   106  2   0.0%   1.803 UA:4    +
  111   151  2   0.0%   1.149 GC:4    +
   35   112  2   0.0%   0.214 UA:4    +
    7    38  2   0.0%   0.034 GU:4    +
   39    51  2   0.0%   0.021 UA:4    +
    3    31  2   0.0%   0.047 AU:4    +
   46    87  2   0.0%   0.095 UA:4    +
   41    49  2   0.0%   0.027 UA:4    +
   81    85  2   0.0%   0.765 GU:4    +
   55    93  2   0.0%   1.159 GU:4    +
   72    90  2   0.0%   0.357 AU:4    +
   39   111  2   0.0%   0.196 UG:4    +
    7    30  2   0.0%   0.035 GU:4    +
   47    81  2   0.0%   0.478 UG:4    +
   39   108  2   0.0%   0.205 UA:4    +
  121   151  2   0.0%   0.025 GC:4    +
  119   135  2   0.0%   0.097 GC:4    +
   46    77  2   0.0%   0.089 UA:4    +
   40   100  2   0.0%   0.049 CG:4    +
   75   118  2   0.0%   1.542 GU:4    +
  118   136  2   0.0%   0.069 UA:4    +
   56    92  2   0.0%   0.469 UA:4    +
   41    99  2   0.0%   0.252 UG:4    +
   85   102  2   0.0%   0.635 UA:4    +
   49    86  2   0.0%   0.866 AU:4    +
   40    63  2   0.0%   0.049 CG:4    +
  113   133  2   0.0%   0.842 AU:4    +
   58   104  2   0.0%   1.034 AU:4    +
   14    69  2   0.0%   0.234 UG:4    +
   73    78  2   0.0%   0.664 AU:4    +
   52    87  2   0.0%   0.688 UA:4    +
   87   109  2   0.0%   1.681 AU:4    +
    1   151  2   0.0%   0.033 GC:4    +
   38   102  2   0.0%   0.067 UA:4    +
   19    81  2   0.0%   0.240 CG:4    +
   62   113  2   0.0%   2.100 UA:4    +
   70    79  2   0.0%   0.841 CG:4    +
   46   120  2   0.0%   0.899 UA:4    +
   63    78  2   0.0%   1.192 GU:4    +
   78   114  2   0.0%   1.544 UG:4    +
   56   134  2   0.0%   0.889 UA:4    +
   57   119  2   0.0%   0.897 CG:4    +
   58   118  2   0.0%   0.951 AU:4    +
   38    87  2   0.0%   0.043 UA:4    +
  104   108  2   0.0%   1.463 UA:4    +
   42   151  2   0.0%   1.032 GC:4    +
   49    90  2   0.0%   0.837 AU:4    +
   31   106  2   0.0%   0.043 UA:4    +
   85    92  2   0.0%   0.857 UA:4    +
   31   105  2   0.0%   0.043 UA:4    +
   52   138  2   0.0%   1.170 UA:4    +
    7    31  2   0.0%   0.034 GU:4    +
    7   151  2   0.0%   0.049 GC:4    +
   64   102  2   0.0%   0.857 UA:4    +
   54    94  2   0.0%   1.167 UG:4    +
   36    86  2   0.0%   0.144 AU:4    +
   78    94  2   0.0%   1.795 UG:4    +
  112   118  2   0.0%   1.095 AU:4    +
   45    87  2   0.0%   0.029 UA:4    +
  114   118  2   0.0%   0.557 GU:4    +
   55   151  2   0.0%   1.351 GC:4    +
    4    10  2   0.0%   0.001 CG:4    +
   33   151  2   0.0%   0.121 GC:4    +
   35    87  2   0.0%   0.121 UA:4    +
   17    77  2   0.0%   0.009 UA:4    +
    7    39  2   0.0%   0.034 GU:4    +
   35   120  2   0.0%   0.255 UA:4    +
  105   118  2   0.0%   1.345 AU:4    +
   26   113  2   0.0%   0.076 UA:4    +
   37    41  2   0.0%   0.021 AU:4    +
    4    79  2   0.0%   0.061 CG:4    +
  124   130  2   0.0%   0.006 UA:4    +
   90    99  2   0.0%   1.385 UG:4    +
   42   118  2   0.0%   1.043 GU:4    +
   76   125  2   0.0%   1.418 UA:4    +
   36   104  2   0.0%   0.156 AU:4    +
   77   124  2   0.0%   1.120 AU:4    +
   20    74  2   0.0%   0.140 AU:4    +
   64    77  2   0.0%   0.820 UA:4    +
   45    77  2   0.0%   0.023 UA:4    +
  125   147  2   0.0%   0.129 AU:4    +
   42   141  2   0.0%   1.032 GC:4    +
   78   123  2   0.0%   1.098 UA:4    +
   45   102  2   0.0%   0.124 UA:4    +
   60   143  2   0.0%   1.204 GC:4    +
   16    78  2   0.0%   0.027 AU:4    +
  116   138  2   0.0%   0.465 UA:4    +
   45   138  2   0.0%   0.707 UA:4    +
   93   103  2   0.0%   2.058 UA:4    +
   93   112  2   0.0%   2.070 UA:4    +
   35   134  2   0.0%   0.255 UA:4    +
   47   120  2   0.0%   0.992 UA:4    +
    3    11  2   0.0%   0.001 AU:4    +
   52   102  2   0.0%   1.017 UA:4    +
    9    74  2   0.0%   0.044 AU:4    +
   74    81  2   0.0%   1.106 UG:4    +
   34   119  2   0.0%   0.111 CG:4    +
   39   154  2   0.0%   0.564 UA:4    +
   59    90  2   0.0%   0.441 AU:4    +
   25   107  2   0.0%   0.054 CG:4    +
   45   112  2   0.0%   0.740 UA:4    +
   10    34  2   0.0%   0.050 GC:4    +
   57    79  2   0.0%   0.829 CG:4    +
   45    81  2   0.0%   0.062 UG:4    +
   62    81  2   0.0%   1.168 UG:4    +
   52   112  2   0.0%   1.816 UA:4    +
   39   106  2   0.0%   0.038 UA:4    +
   74    94  2   0.0%   1.403 UG:4    +
    9    35  2   0.0%   0.040 AU:4    +
   82   119  2   0.0%   0.956 CG:4    +
   39    49  2   0.0%   0.006 UA:4    +
   49    78  2   0.0%   0.787 AU:4    +
  119   126  2   0.0%   0.095 GC:4    +
   58    78  2   0.0%   0.927 AU:4    +
   22   107  2   0.0%   0.033 CG:4    +
   58    90  2   0.0%   0.627 AU:4    +
   75    93  2   0.0%   1.467 GU:4    +
   41    72  2   0.0%   0.198 UA:4    +
   54   112  2   0.0%   2.085 UA:4    +
   56   120  2   0.0%   0.898 UA:4    +
  112   155  2   0.0%   1.048 AU:4    +
   43   112  2   0.0%   1.044 UA:4    +
   54    87  2   0.0%   0.984 UA:4    +
    6    32  2   0.0%   0.182 AU:4    +
   39    72  2   0.0%   0.028 UA:4    +
    7    34  2   0.0%   0.052 GC:4    +
   31    36  2   0.0%   0.043 UA:4    +
   67   121  2   0.0%   0.748 CG:4    +
   76    92  2   0.0%   1.396 UA:4    +
   43    77  2   0.0%   0.240 UA:4    +
   35   125  2   0.0%   0.255 UA:4    +
   41   111  2   0.0%   1.049 UG:4    +
   43   134  2   0.0%   1.010 UA:4    +
    6    35  2   0.0%   0.135 AU:4    +
   32   112  2   0.0%   0.095 UA:4    +
   41   142  2   0.0%   0.907 UG:4    +
   41   136  2   0.0%   0.908 UA:4    +
  111   118  2   0.0%   1.201 GU:4    +
   55    86  2   0.0%   0.937 GU:4    +
   51    93  2   0.0%   1.122 AU:4    +
   19   119  2   0.0%   0.241 CG:4    +
   55   118  2   0.0%   1.401 GU:4    +
  122   134  2   0.0%   0.005 UA:4    +
  121   135  2   0.0%   0.008 GC:4    +
   78   154  2   0.0%   1.104 UA:4    +
    7    29  2   0.0%   0.117 GU:4    +
   40    79  2   0.0%   0.019 CG:4    +
   43    87  2   0.0%   0.272 UA:4    +
   42    78  2   0.0%   0.250 GU:4    +
   20    54  2   0.0%   0.113 AU:4    +
   81   109  2   0.0%   2.125 GU:4    +
   76   113  2   0.0%   2.154 UA:4    +
   57    81  2   0.0%   0.804 CG:4    +
  121   126  2   0.0%   0.006 GC:4    +
    5    36  2   0.0%   0.045 UA:4    +
   10   151  2   0.0%   0.033 GC:4    +
   64   125  2   0.0%   0.965 UA:4    +
   46    81  2   0.0%   0.125 UG:4    +
   41    55  2   0.0%   0.249 UG:4    +
   93   105  2   0.0%   2.317 UA:4    +
   61    94  2   0.0%   0.709 CG:4    +
  112   116  2   0.0%   1.496 AU:4    +
  118   127  2   0.0%   0.066 UG:4    +
   78   112  2   0.0%   1.990 UA:4    +
   67   107  2   0.0%   1.586 CG:4    +
   14    72  2   0.0%   0.234 UA:4    +
    7    76  2   0.0%   0.048 GU:4    +
   18   143  2   0.0%   0.072 GC:4    +
   41   115  2   0.0%   0.700 UA:4    +
   43   113  2   0.0%   1.049 UA:4    +
   61    79  2   0.0%   1.003 CG:4    +
   54    81  2   0.0%   1.341 UG:4    +
   61    89  2   0.0%   0.730 CG:4    +
   91   107  2   0.0%   2.442 CG:4    +
   73   118  2   0.0%   0.625 AU:4    +
   85   120  2   0.0%   0.503 UA:4    +
   33   118  2   0.0%   0.118 GU:4    +
   22    79  2   0.0%   0.033 CG:4    +
   29   113  2   0.0%   0.127 UA:4    +
    9    32  2   0.0%   0.086 AU:4    +
   77   147  2   0.0%   1.119 AU:4    +
   41   114  2   0.0%   0.704 UG:4    +
    6    98  2   0.0%   0.136 AU:4    +
   90   108  2   0.0%   1.247 UA:4    +
   77   155  2   0.0%   1.125 AU:4    +
   13    31  2   0.0%   0.065 GU:4    +
   52    92  2   0.0%   0.660 UA:4    +
   35    77  2   0.0%   0.120 UA:4    +
   30   112  2   0.0%   0.036 UA:4    +
   90   106  2   0.0%   1.871 UA:4    +
   31   114  2   0.0%   0.044 UG:4    +
   34    94  2   0.0%   0.092 CG:4    +
   87   116  2   0.0%   1.131 AU:4    +
   86   100  2   0.0%   1.225 UG:4    +
  121   150  2   0.0%   0.067 GU:4    +
   82   121  2   0.0%   0.872 CG:4    +
   85   113  2   0.0%   1.325 UA:4    +
   31    97  2   0.0%   0.026 UA:4    +
    4   107  2   0.0%   0.061 CG:4    +
    7   109  2   0.0%   0.048 GU:4    +
   11    51  2   0.0%   0.095 UA:4    +
   42    90  2   0.0%   0.284 GU:4    +
   98   102  2   0.0%   2.200 UA:4    +
  121   143  2   0.0%   0.004 GC:4    +
   34    81  2   0.0%   0.093 CG:4    +
   24    39  2   0.0%   0.042 AU:4    +
   31    63  2   0.0%   0.055 UG:4    +
   41   108  2   0.0%   0.408 UA:4    +
  109   113  2   0.0%   1.844 UA:4    +
   62    92  2   0.0%   0.894 UA:4    +
   63   141  2   0.0%   1.316 GC:4    +
   46    94  2   0.0%   0.107 UG:4    +
   81   122  2   0.0%   1.235 GU:4    +
  150   154  2   0.0%   0.457 UA:4    +
   77    98  2   0.0%   1.968 AU:4    +
   78    97  2   0.0%   1.489 UA:4    +
   32   113  2   0.0%   0.100 UA:4    +
   62   102  2   0.0%   1.185 UA:4    +
   47    92  2   0.0%   0.471 UA:4    +
   26   102  2   0.0%   0.070 UA:4    +
   40    60  2   0.0%   0.050 CG:4    +
    5   106  2   0.0%   0.060 UA:4    +
   51    86  2   0.0%   1.137 AU:4    +
   52   120  2   0.0%   1.178 UA:4    +
   17   113  2   0.0%   0.012 UA:4    +
    4   119  2   0.0%   0.065 CG:4    +
   43    92  2   0.0%   0.271 UA:4    +
   31    72  2   0.0%   0.029 UA:4    +
   10    52  2   0.0%   0.032 GU:4    +
  120   155  2   0.0%   0.438 AU:4    +
   56   146  2   0.0%   0.888 UA:4    +
    1   141  2   0.0%   0.032 GC:4    +
   45   120  2   0.0%   0.714 UA:4    +
    7   149  2   0.0%   0.048 GC:4    +
   49    93  2   0.0%   0.850 AU:4    +
   60    90  2   0.0%   0.941 GU:4    +
   78   125  2   0.0%   1.098 UA:4    +
   39   138  2   0.0%   0.554 UA:4    +
   38    77  2   0.0%   0.042 UA:4    +
   35   146  2   0.0%   0.255 UA:4    +
   78    99  2   0.0%   1.918 UG:4    +
    3    41  2   0.0%   0.093 AU:4    +
  114   150  2   0.0%   0.496 GU:4    +
   39   105  2   0.0%   0.038 UA:4    +
   37   104  2   0.0%   0.146 AU:4    +
   26    77  2   0.0%   0.070 UA:4    +
    5    79  2   0.0%   0.060 UG:4    +
   64   134  2   0.0%   0.964 UA:4    +
   14    27  2   0.0%   0.240 UG:4    +
   36   150  2   0.0%   0.286 AU:4    +
   67    81  2   0.0%   0.933 CG:4    +
   37    78  2   0.0%   0.142 AU:4    +
   15   151  2   0.0%   0.226 GC:4    +
   10    31  2   0.0%   0.031 GU:4    +
   15    86  2   0.0%   0.225 GU:4    +
    3   118  2   0.0%   0.109 AU:4    +
   78   106  2   0.0%   1.884 UA:4    +
    6    76  2   0.0%   0.136 AU:4    +
   79   118  2   0.0%   1.131 GU:4    +
   78   108  2   0.0%   1.552 UA:4    +
   43   102  2   0.0%   0.286 UA:4    +
   46   138  2   0.0%   0.891 UA:4    +
   20    30  2   0.0%   0.120 AU:4    +
   47    94  2   0.0%   0.486 UG:4    +
   31    55  2   0.0%   0.024 UG:4    +
   13   143  2   0.0%   0.088 GC:4    +
   40   121  2   0.0%   0.364 CG:4    +
    1   143  2   0.0%   0.032 GC:4    +
   69    86  2   0.0%   0.462 GU:4    +
   87   110  2   0.0%   1.699 AU:4    +
  102   109  2   0.0%   1.953 AU:4    +
   14    48  2   0.0%   0.231 UA:4    +
    9   147  2   0.0%   0.044 AU:4    +
    9    76  2   0.0%   0.044 AU:4    +
   86   111  2   0.0%   1.828 UG:4    +
   47   146  2   0.0%   0.982 UA:4    +
   78   111  2   0.0%   2.085 UG:4    +
   14   142  2   0.0%   0.233 UG:4    +
   64    87  2   0.0%   0.463 UA:4    +
   33    40  2   0.0%   0.080 GC:4    +
   25   121  2   0.0%   0.054 CG:4    +
   18   151  2   0.0%   0.073 GC:4    +
   31   111  2   0.0%   0.040 UG:4    +
   15   141  2   0.0%   0.225 GC:4    +
   65   138  2   0.0%   0.957 UA:4    +
   17   112  2   0.0%   0.009 UA:4    +
   12   141  2   0.0%   0.094 GC:4    +
   31    49  2   0.0%   0.022 UA:4    +
   37   150  2   0.0%   0.283 AU:4    +
   41   139  2   0.0%   0.908 UA:4    +
   79   151  2   0.0%   1.077 GC:4    +
   10    39  2   0.0%   0.035 GU:4    +
  108   118  2   0.0%   0.555 AU:4    +
   48    93  2   0.0%   0.637 AU:4    +
   42    93  2   0.0%   0.305 GU:4    +
   36    78  2   0.0%   0.143 AU:4    +
   10    91  2   0.0%   0.032 GC:4    +
   85   112  2   0.0%   1.526 UA:4    +
  120   124  2   0.0%   0.013 AU:4    +
   61   119  2   0.0%   1.141 CG:4    +
  116   120  2   0.0%   0.472 UA:4    +
  142   151  2   0.0%   0.157 GC:4    +
   30   113  2   0.0%   0.041 UA:4    +
   31    37  2   0.0%   0.024 UA:4    +
   27   143  2   0.0%   0.113 GC:4    +
   26   120  2   0.0%   0.070 UA:4    +
   77   109  2   0.0%   2.104 AU:4    +
   37    93  2   0.0%   0.142 AU:4    +
   20    45  2   0.0%   0.114 AU:4    +
   38    92  2   0.0%   0.042 UA:4    +
   30   102  2   0.0%   0.031 UA:4    +
   76   134  2   0.0%   1.416 UA:4    +
   39    73  2   0.0%   0.027 UA:4    +
    7    78  2   0.0%   0.048 GU:4    +
   90   105  2   0.0%   2.040 UA:4    +
  114   141  2   0.0%   0.497 GC:4    +
   86   108  2   0.0%   1.179 UA:4    +
   93   108  2   0.0%   1.523 UA:4    +
   64   113  2   0.0%   1.698 UA:4    +
   41    63  2   0.0%   0.225 UG:4    +
   10    93  2   0.0%   0.032 GU:4    +
   39    63  2   0.0%   0.055 UG:4    +
   45   146  2   0.0%   0.704 UA:4    +
   31   115  2   0.0%   0.038 UA:4    +
   75   151  2   0.0%   1.488 GC:4    +
    1    40  2   0.0%   0.030 GC:4    +
   10   109  2   0.0%   0.032 GU:4    +
   65   112  2   0.0%   1.874 UA:4    +
   77   133  2   0.0%   1.119 AU:4    +
   31   112  2   0.0%   0.038 UA:4    +
    3    78  2   0.0%   0.108 AU:4    +
   10    74  2   0.0%   0.032 GU:4    +
  109   120  2   0.0%   1.024 UA:4    +
   69    78  2   0.0%   0.826 GU:4    +
   40   127  2   0.0%   0.362 CG:4    +
    4   121  2   0.0%   0.065 CG:4    +
   38    94  2   0.0%   0.042 UG:4    +
   41   103  2   0.0%   0.247 UA:4    +
   37    86  2   0.0%   0.142 AU:4    +
   10   155  2   0.0%   0.032 GU:4    +
   14    73  2   0.0%   0.233 UA:4    +
   13    90  2   0.0%   0.088 GU:4    +
   55    90  2   0.0%   0.908 GU:4    +
   15    39  2   0.0%   0.226 GU:4    +
    7   116  2   0.0%   0.048 GU:4    +
   28    94  2   0.0%   0.103 CG:4    +
   39    94  2   0.0%   0.026 UG:4    +
  139   150  2   0.0%   0.661 AU:4    +
   73   104  2   0.0%   1.182 AU:4    +
   53   103  3   0.1%   1.298 UA:3    +
  125   144  3   0.1%   0.019 AU:3    +
   37   117  3   0.1%   0.314 AU:3    +
   53   104  3   0.1%   1.261 AU:3    +
   66   103  3   0.1%   1.415 UA:3    +
   66   106  3   0.1%   1.534 UA:3    +
   53    62  3   0.0%   0.737 AU:3    +
   77   104  3   0.0%   1.746 AU:3    +
   80    92  3   0.0%   1.259 UA:3    +
  129   143  3   0.0%   0.191 GC:3    +
   53    80  3   0.0%   1.301 AU:3    +
   36    44  3   0.0%   0.032 AU:3    +
   66   112  3   0.0%   1.651 UA:3    +
   37    44  3   0.0%   0.018 AU:3    +
   35    53  3   0.0%   0.098 UA:3    +
   53    98  3   0.0%   1.330 AU:3    +
   66    80  3   0.0%   0.818 AU:3    +
   53    74  3   0.0%   0.671 AU:3    +
    8    21  3   0.0%   0.007 UA:3    +
   49    53  3   0.0%   0.294 AU:3    +
   16    66  3   0.0%   0.029 AU:3    +
   28   140  3   0.0%   0.112 CG:3    +
   72    95  3   0.0%   0.678 AU:3    +
   36   132  3   0.0%   0.289 AU:3    +
   40   107  3   0.0%   0.124 CG:3    +
   51   117  3   0.0%   1.658 AU:3    +
   66    79  3   0.0%   0.844 UG:3    +
   66   105  3   0.0%   1.683 UA:3    +
   49   117  3   0.0%   1.441 AU:3    +
   54    66  3   0.0%   0.700 UA:3    +
   47    53  3   0.0%   0.155 UA:3    +
   73   117  3   0.0%   0.862 AU:3    +
   46    66  3   0.0%   0.090 UA:3    +
   35    66  3   0.0%   0.124 UA:3    +
   48    66  3   0.0%   0.898 AU:3    +
   58   101  3   0.0%   0.710 AU:3    +
  129   135  3   0.0%   0.010 GC:3    +
   53    69  3   0.0%   0.408 UG:3    +
   53   108  3   0.0%   1.839 UA:3    +
   43    66  3   0.0%   0.243 UA:3    +
   46    53  3   0.0%   0.148 UA:3    +
   44   108  3   0.0%   0.984 UA:3    +
   59    66  3   0.0%   0.756 AU:3    +
  116   130  3   0.0%   0.466 UA:3    +
   66   100  3   0.0%   1.035 UG:3    +
    8    37  3   0.0%   0.035 UA:3    +
   53    63  3   0.0%   0.766 UG:3    +
   73    95  3   0.0%   0.885 AU:3    +
   53   137  3   0.0%   1.469 UA:3    +
  102   110  3   0.0%   1.973 AU:3    +
   66   115  3   0.0%   1.205 UA:3    +
   44   106  3   0.0%   0.252 UA:3    +
   44    49  3   0.0%   0.361 UA:3    +
   58    66  3   0.0%   0.503 AU:3    +
   20    80  3   0.0%   0.139 AU:3    +
   48    53  3   0.0%   0.299 AU:3    +
   30    53  3   0.0%   0.012 UA:3    +
   81   110  3   0.0%   2.146 GU:3    +
  106   117  3   0.0%   1.407 AU:3    +
   49    66  3   0.0%   0.941 AU:3    +
   49    95  3   0.0%   0.838 AU:3    +
   51   101  3   0.0%   1.366 AU:3    +
   95   103  3   0.0%   1.778 UA:3    +
   48    95  3   0.0%   0.624 AU:3    +
   44   139  3   0.0%   0.900 UA:3    +
   53    64  3   0.0%   0.764 AU:3    +
   21    66  3   0.0%   0.099 AU:3    +
   53   109  3   0.0%   2.119 AU:3    +
   92   104  3   0.0%   2.052 AU:3    +
   48   117  3   0.0%   1.349 AU:3    +
   37   132  3   0.0%   0.285 AU:3    +
   53    65  3   0.0%   0.730 AU:3    +
   44   105  3   0.0%   0.330 UA:3    +
   53   111  3   0.0%   2.121 UG:3    +
  112   117  3   0.0%   1.331 AU:3    +
   45    53  3   0.0%   0.083 UA:3    +
   52    66  3   0.0%   0.435 UA:3    +
   92   110  3   0.0%   2.116 AU:3    +
   44   115  3   0.0%   1.280 UA:3    +
   66   122  3   0.0%   0.726 AU:3    +
    8    36  3   0.0%   0.034 UA:3    +
   44    51  3   0.0%   0.338 UA:3    +
   43    53  3   0.0%   0.307 UA:3    +
   23    36  3   0.0%   0.051 UA:3    +
   80   112  3   0.0%   1.521 UA:3    +
  108   117  3   0.0%   0.792 AU:3    +
   23   106  3   0.0%   0.033 UA:3    +
   51    66  3   0.0%   0.865 AU:3    +
   72   117  3   0.0%   1.011 AU:3    +
   95   105  3   0.0%   2.037 UA:3    +
   58    95  3   0.0%   0.703 AU:3    +
    3   101  3   0.0%   0.109 AU:3    +
  126   140  3   0.0%   0.006 CG:3    +
   66    94  3   0.0%   0.516 UG:3    +
   53   155  3   0.0%   1.472 AU:3    +
  101   105  3   0.0%   2.438 UA:3    +
   62    66  3   0.0%   0.728 UA:3    +
   58   132  3   0.0%   0.898 AU:3    +
   45    66  3   0.0%   0.019 UA:3    +
   44   103  3   0.0%   0.341 UA:3    +
   21   117  3   0.0%   0.098 AU:3    +
   42    53  3   0.0%   0.316 GU:3    +
   66   108  3   0.0%   1.185 UA:3    +
   21    53  3   0.0%   0.095 AU:3    +
  101   106  3   0.0%   2.265 UA:3    +
   55    66  3   0.0%   0.625 GU:3    +
   97   101  3   0.0%   1.958 AU:3    +
   53    88  3   0.0%   0.902 AU:3    +
   53   100  3   0.0%   1.191 UG:3    +
   60    66  3   0.0%   0.868 GU:3    +
  120   144  3   0.0%   0.013 AU:3    +
   37    66  3   0.0%   0.144 AU:3    +
   53    99  3   0.0%   1.327 UG:3    +
    8   108  3   0.0%   0.035 UA:3    +
    8   148  3   0.0%   0.035 UA:3    +
  101   108  3   0.0%   1.645 UA:3    +
   37   144  3   0.0%   0.283 AU:3    +
   66   138  3   0.0%   0.727 UA:3    +
    3    44  3   0.0%   0.109 AU:3    +
   36    66  3   0.0%   0.147 AU:3    +
   66    96  3   0.0%   1.108 UA:3    +
    6   144  3   0.0%   0.136 AU:3    +
   53    75  3   0.0%   0.670 UG:3    +
   23   107  3   0.0%   0.033 UG:3    +
   53    85  3   0.0%   0.932 AU:3    +
   95   108  3   0.0%   1.243 UA:3    +
    5    77  3   0.0%   0.060 UA:3    +
  129   151  3   0.0%   0.164 GC:3    +
   95   106  3   0.0%   1.867 UA:3    +
  104   113  3   0.0%   1.804 UA:3    +
   15    53  3   0.0%   0.223 GU:3    +
   23   123  3   0.0%   0.034 UA:3    +
   49   144  3   0.0%   1.154 AU:3    +
   24   144  3   0.0%   0.064 AU:3    +
    9   144  3   0.0%   0.044 AU:3    +
    3     8  3   0.0%   0.000 AU:3    +
  140   149  3   0.0%   0.505 GC:3    +
   36    95  3   0.0%   0.144 AU:3    +
   37    95  3   0.0%   0.142 AU:3    +
   23   112  3   0.0%   0.033 UA:3    +
  138   144  3   0.0%   0.322 AU:3    +
   21   101  3   0.0%   0.097 AU:3    +
   23    37  3   0.0%   0.033 UA:3    +
   44    58  3   0.0%   0.186 UA:3    +
   23   108  3   0.0%   0.033 UA:3    +
   17    66  3   0.0%   0.007 UA:3    +
  104   112  3   0.0%   2.005 UA:3    +
(((..(((((((((......)))))))))..)))......(((((((((..(((((...((((((((.....(((((((......)))).))))))))))).))))).)))))))))..((((((.(((...........))).)))))).....
