6 sequence; length of alignment 157
alifold output
  112   120  0  99.9%   0.009 GC:3    GU:3   
  111   121  0  99.7%   0.012 GU:1    AU:5   
   38    53  0  99.5%   0.020 GU:4    AU:2   
   37    54  0  99.0%   0.038 AU:2    UA:4   
  103   129  0  99.9%   0.005 GC:6   
  110   122  0  99.7%   0.012 AU:6   
   39    52  0  99.6%   0.022 UA:6   
   41    50  0  99.3%   0.034 AU:6   
  108   124  1  99.6%   0.012 UA:5   
   40    51  2  99.6%   0.023 CG:4   
    4   151  0  98.9%   0.040 UA:6   
  109   123  2  99.6%   0.014 AU:4   
  107   125  2  99.3%   0.023 GC:4   
    9   146  0  97.6%   0.082 UG:4    UA:2   
    5   150  3  98.8%   0.045 AU:1    UA:2   
  104   128  2  98.9%   0.035 UA:4   
    3   152  3  98.6%   0.055 UA:3   
  102   130  1  98.3%   0.057 UA:5   
    2   153  1  98.3%   0.064 CG:5   
    6   149  2  98.3%   0.057 UA:4   
  113   119  0  97.3%   0.097 AU:6   
   10   145  0  97.0%   0.144 GC:6   
    8   147  2  97.2%   0.094 AU:1    UA:3   
   59    92  0  95.8%   0.145 CG:4    GC:2   
    7   148  2  97.3%   0.086 UG:4   
   60    91  0  95.5%   0.152 UG:4    UA:2   
   63    88  0  95.5%   0.174 UG:2    UA:4   
   62    89  0  95.6%   0.157 AU:6   
   61    90  2  95.2%   0.201 GU:4   
   64    87  3  94.6%   0.197 AU:3   
   36    55  0  93.3%   0.205 UA:6   
   65    86  0  91.8%   0.346 UA:6   
   42    49  3  91.5%   0.268 GC:1    AU:2   
  105   127  2  89.0%   0.314 GU:3    AU:1   
  101   131  0  87.0%   0.374 AU:6   
   18    27  0  82.7%   0.653 UA:6   
   17    28  0  82.6%   0.847 GC:6   
   19    26  0  79.3%   0.690 GU:2    AU:4   
   58    93  3  76.7%   0.649 UG:3   
   35    56  2  62.9%   0.945 AU:4    +
    1   154  3  56.9%   0.968 AU:3   
  100   132  1  56.3%   1.084 AU:5   
   11   144  2  54.5%   1.423 GU:4   
   57    94  1  48.6%   1.461 UG:3    UA:2   
   66    80  0  45.8%   1.159 GC:6   
   67    79  0  45.7%   1.144 UA:6   
   99   134  2  43.0%   1.587 CG:3    UG:1    +
   68    78  2  42.4%   1.161 AU:4   
   13    32  0  37.1%   1.715 GC:2    GU:3    AU:1   
   98   135  0  38.9%   1.816 AU:6    +
   14    31  2  34.7%   1.445 AU:4   
   12    33  0  30.9%   1.512 GU:2    AU:2    UA:2   
   34    57  1  30.0%   1.227 GU:5    +
  100   133  0  29.3%   1.694 AU:6    +
   56    95  0  27.8%   1.392 UA:6   
   12   143  2  14.2%   1.639 GU:2    AU:2    +
  135   142  0  12.1%   1.892 UA:6    +
  136   141  2  12.0%   1.459 CG:2    GU:2    +
  134   143  0  11.0%   2.050 GU:6    +
   15   142  0  10.8%   0.805 UA:6    +
   12    31  0   8.7%   0.829 GU:2    AU:2    UA:2    +
   16   141  2  10.2%   0.793 UG:2    UA:2    +
  101   132  1   9.9%   1.166 AU:5    +
   14   143  0   9.3%   1.550 AU:6    +
   11    32  0   7.9%   0.789 GC:2    GU:4    +
   70    80  0   8.7%   1.188 GC:6    +
   13    30  2   8.6%   0.988 GC:2    GU:2    +
   20   137  0   5.8%   0.599 CG:2    UA:4    +
   17    23  0   6.4%   0.534 GC:6    +
   23   134  0   6.1%   0.743 CG:6    +
   12    29  2   6.4%   0.541 GC:2    UA:2    +
   11    30  1   5.9%   0.519 GC:3    GU:2    +
   22   135  0   5.8%   0.724 AU:6    +
   13    28  1   6.2%   0.530 GC:5    +
   18    22  0   5.5%   0.489 UA:6    +
   17   140  0   5.5%   0.937 GU:6    +
   95   135  0   5.3%   1.151 AU:6    +
   19   138  2   5.6%   0.758 AU:4    +
   94   136  2   5.4%   1.006 GC:4    +
   12   144  0   2.2%   1.666 GU:2    AU:2    UA:2    +
   13   144  2   4.1%   1.686 GU:3    AU:1    +
   98   133  0   3.5%   0.567 AU:6    +
   14    26  0   3.4%   0.354 AU:6    +
   71    75  0   3.3%   0.436 AU:6    +
   94   140  0   2.1%   1.152 GU:4    AU:2    +
   67    98  0   3.0%   0.924 UA:6    +
   12   138  0   0.0%   0.803 GU:2    UG:1    AU:2    UA:1    +
   78   105  0   0.0%   0.464 GC:1    GU:1    UG:3    UA:1    +
  105   138  0   0.0%   0.522 CG:1    GU:3    AU:1    UA:1    +
   97   105  0   0.0%   0.141 GC:1    GU:1    UG:3    UA:1    +
   96   136  3   3.6%   0.804 GC:3    +
   96   138  3   3.5%   0.954 GU:3    +
   97   137  2   3.4%   0.831 UA:4    +
   66    99  2   3.0%   0.783 GC:3    GU:1    +
   70    74  0   2.5%   0.352 GC:6    +
   69    96  3   2.9%   0.509 CG:1    UG:2    +
   68    97  2   3.0%   0.837 AU:4    +
   72    93  2   2.6%   0.558 CG:3    UA:1    +
   13   143  0   1.2%   1.267 GU:5    AU:1    +
   95   139  2   2.8%   1.074 AU:4    +
   57    93  0   0.1%   0.420 UG:3    AU:1    UA:2    +
   30    93  0   0.1%   0.434 CG:3    AU:1    UA:2    +
   57    96  0   0.1%   0.799 UG:3    AU:1    UA:2    +
   97   134  2   2.7%   0.705 UG:4    +
   30    96  0   0.0%   0.435 CG:3    AU:1    UA:2    +
   97   141  0   0.0%   0.657 GU:2    UG:2    UA:2    +
   12    58  0   0.0%   0.775 GU:2    AU:2    UA:2    +
   33   141  0   0.0%   0.697 UG:2    AU:2    UA:2    +
   12    25  0   0.0%   0.015 GU:2    UG:2    AU:2    +
   58   141  0   0.0%   0.494 UG:2    AU:2    UA:2    +
   13    20  0   0.0%   0.004 GC:2    GU:3    AU:1    +
   87    94  0   0.0%   0.497 CG:3    UG:1    UA:2    +
   94   132  0   0.0%   0.436 GC:1    GU:3    AU:2    +
   87   153  0   0.0%   0.118 CG:3    UG:2    UA:1    +
   20   153  0   0.0%   0.256 CG:2    UG:3    UA:1    +
   38    87  0   0.0%   0.013 GC:3    GU:1    AU:2    +
   13   154  0   0.0%   1.334 GC:2    GU:3    AU:1    +
   12   104  0   0.0%   0.798 GU:2    AU:2    UA:2    +
   87    91  0   0.0%   0.275 CG:3    UG:1    UA:2    +
   24    94  0   0.0%   0.028 CG:2    UG:2    UA:2    +
   37   141  0   0.0%   0.263 UG:2    AU:2    UA:2    +
  132   153  0   0.0%   0.647 CG:1    UG:4    UA:1    +
    7    12  0   0.0%   0.004 UG:2    AU:2    UA:2    +
   31   141  0   0.0%   0.851 UG:2    AU:2    UA:2    +
   12    97  0   0.0%   0.798 GU:2    UG:2    AU:2    +
   30   157  0   0.0%   0.422 CG:3    UG:2    AU:1    +
   32   153  0   0.0%   0.632 CG:2    UG:3    UA:1    +
   24    38  0   0.0%   0.019 CG:2    UG:2    UA:2    +
   78   141  0   0.0%   0.713 GU:2    UG:2    UA:2    +
   24    91  0   0.0%   0.023 CG:2    UG:2    UA:2    +
   72   153  0   0.0%   0.192 CG:4    UG:1    UA:1    +
   12    78  0   0.0%   0.801 GU:2    UG:2    AU:2    +
   24    84  0   0.0%   0.026 CG:2    UG:1    UA:3    +
   12    77  0   0.0%   0.799 GU:2    AU:2    UA:2    +
    6    12  0   0.0%   0.004 GU:2    UG:2    UA:2    +
   94   102  0   0.0%   0.424 GC:1    GU:3    AU:2    +
  108   137  0   0.0%   0.368 CG:1    UG:1    UA:4    +
   25   141  0   0.0%   0.304 GU:2    UG:2    UA:2    +
   87   146  0   0.0%   0.117 CG:3    UG:1    UA:2    +
  132   146  0   0.0%   0.621 CG:1    UG:3    UA:2    +
   73    92  2   2.7%   0.390 CG:4    +
   95   138  2   2.6%   1.048 AU:4    +
   67    84  0   1.0%   0.671 UG:3    UA:3    +
   74    91  2   2.6%   0.471 CG:4    +
   65   100  0   1.8%   0.422 UA:6    +
   68    81  0   1.8%   0.650 AU:6    +
   94   139  2   2.1%   0.873 GU:2    AU:2    +
   60   137  0   0.7%   0.378 UG:2    UA:4    +
  136   148  0   0.7%   0.779 CG:4    GC:2    +
   25    35  0   0.7%   0.129 GC:2    UA:4    +
   17    69  0   0.7%   0.463 GC:3    GU:3    +
   11   145  0   1.7%   0.997 GC:6    +
   19    67  0   0.7%   0.295 GU:2    AU:4    +
   20    66  0   0.7%   0.109 CG:2    UG:4    +
   67    82  0   1.7%   0.665 UA:6    +
   21    65  0   0.6%   0.109 GU:1    AU:5    +
   20   134  0   0.5%   0.140 CG:2    UG:4    +
   19   135  0   0.5%   0.326 GU:2    AU:4    +
   70    81  0   1.5%   0.675 GU:6    +
   21   133  0   0.5%   0.123 GU:1    AU:5    +
   75    91  0   0.4%   0.394 UG:4    UA:2    +
   81    91  0   0.4%   0.413 UG:4    UA:2    +
   16   137  0   0.3%   0.130 UG:2    UA:4    +
   66    87  0   0.3%   0.545 GC:3    GU:3    +
   13   140  0   0.2%   0.859 GU:5    AU:1    +
   66    72  0   0.2%   0.104 GC:4    GU:2    +
   65    88  0   0.2%   0.265 UG:2    UA:4    +
   65    84  0   0.1%   0.110 UG:3    UA:3    +
   18   137  0   0.1%   0.413 UG:2    UA:4    +
   51   136  0   0.1%   0.069 CG:2    GC:4    +
  137   143  0   0.1%   1.200 GU:2    AU:4    +
   17    24  0   0.1%   0.205 GC:2    GU:4    +
   50   137  0   0.1%   0.232 UG:2    UA:4    +
   94   135  0   0.1%   0.713 GU:4    AU:2    +
   32    61  0   0.1%   0.651 CG:2    UG:4    +
   54    97  0   0.1%   0.044 UG:2    AU:4    +
  131   153  0   0.1%   0.172 UG:5    UA:1    +
   44    49  0   0.1%   0.121 GC:3    GU:3    +
   15   137  0   0.1%   0.085 UG:2    UA:4    +
   72   134  0   0.1%   0.443 CG:4    UG:2    +
   51    59  0   0.1%   0.026 CG:2    GC:4    +
   49    61  0   0.1%   0.154 CG:3    UG:3    +
   21   155  0   0.1%   0.119 GU:1    AU:5    +
   81   156  0   0.1%   0.224 UG:1    UA:5    +
   16    21  0   0.1%   0.017 UG:1    UA:5    +
   92   136  0   0.1%   0.296 CG:2    GC:4    +
    6    35  0   0.0%   0.011 GC:2    UA:4    +
   34    49  0   0.0%   0.121 GC:3    GU:3    +
   21    26  0   0.0%   0.332 GU:1    AU:5    +
    5    78  0   0.0%   0.011 UG:2    AU:4    +
   56    94  0   0.0%   0.336 UG:4    UA:2    +
   24    34  0   0.0%   0.037 CG:2    UG:4    +
   49    70  0   0.0%   0.141 CG:3    UG:3    +
   46    72  0   0.0%   0.052 GC:4    GU:2    +
   81    88  0   0.0%   0.272 UG:2    UA:4    +
   13    26  0   0.0%   0.016 GU:5    AU:1    +
  137   154  0   0.0%   0.720 GC:2    AU:4    +
    9   156  0   0.0%   0.051 UG:1    UA:5    +
  133   137  0   0.0%   0.938 UG:2    UA:4    +
   34    87  0   0.0%   0.502 GC:3    GU:3    +
   94   133  0   0.0%   0.498 GU:4    AU:2    +
   11   154  0   0.0%   1.156 GC:2    GU:4    +
   26    94  0   0.0%   0.394 UG:4    UA:2    +
   25    92  0   0.0%   0.063 GC:2    UG:4    +
   87   103  0   0.0%   0.095 CG:3    UG:3    +
   26    91  0   0.0%   0.389 UG:4    UA:2    +
   15    21  0   0.0%   0.005 UG:1    UA:5    +
   59   148  0   0.0%   0.098 CG:4    GC:2    +
   38    63  0   0.0%   0.030 GU:4    AU:2    +
   45    49  0   0.0%   0.109 GC:3    GU:3    +
   21   135  0   0.0%   0.114 GU:1    AU:5    +
   60   146  0   0.0%   0.125 UG:4    UA:2    +
    4   156  0   0.0%   0.024 UG:1    UA:5    +
   38    48  0   0.0%   0.008 GU:4    AU:2    +
  133   146  0   0.0%   0.625 UG:4    UA:2    +
   35    97  0   0.0%   0.361 CG:2    AU:4    +
   38    81  0   0.0%   0.016 GU:4    AU:2    +
    5    97  0   0.0%   0.011 UG:2    AU:4    +
   32    46  0   0.0%   0.608 CG:2    UG:4    +
   92    97  0   0.0%   0.330 CG:2    GU:4    +
   75    88  0   0.0%   0.239 UG:2    UA:4    +
   21    50  0   0.0%   0.014 GU:1    AU:5    +
   75    84  0   0.0%   0.256 UG:3    UA:3    +
   19    43  0   0.0%   0.192 GU:2    AU:4    +
   88   140  0   0.0%   0.293 GU:2    AU:4    +
   15   153  0   0.0%   0.344 UG:5    UA:1    +
   24    45  0   0.0%   0.020 CG:2    UG:4    +
   20    34  0   0.0%   0.015 CG:2    UG:4    +
   15    19  0   0.0%   0.002 UG:2    UA:4    +
   13   155  0   0.0%   1.046 GU:5    AU:1    +
   19    32  0   0.0%   0.776 GC:2    AU:4    +
   94   143  0   0.0%   1.323 GU:4    AU:2    +
   59   107  0   0.0%   0.061 CG:4    GC:2    +
   32   137  0   0.0%   0.805 CG:2    UA:4    +
   21   140  0   0.0%   0.264 GU:1    AU:5    +
   13   135  0   0.0%   0.794 GU:5    AU:1    +
   77   106  0   0.0%   0.096 AU:2    UA:4    +
   70    87  0   0.0%   0.537 GC:3    GU:3    +
   10    24  0   0.0%   0.008 GC:2    GU:4    +
   11    20  0   0.0%   0.009 GC:2    GU:4    +
  112   132  0   0.0%   0.587 GC:1    GU:5    +
   16    94  0   0.0%   0.063 UG:4    UA:2    +
   24    61  0   0.0%   0.024 CG:2    UG:4    +
   33    54  0   0.0%   0.435 AU:2    UA:4    +
   13    18  0   0.0%   0.002 GU:5    AU:1    +
   13   133  0   0.0%   0.793 GU:5    AU:1    +
   84    89  0   0.0%   0.179 GU:3    AU:3    +
   63    84  0   0.0%   0.045 UG:3    UA:3    +
  111   133  0   0.0%   0.574 GU:1    AU:5    +
   43   146  0   0.0%   0.043 UG:4    UA:2    +
   38   143  0   0.0%   0.567 GU:4    AU:2    +
   36   137  0   0.0%   0.276 UG:2    UA:4    +
  140   146  0   0.0%   0.388 UG:4    UA:2    +
   24   134  0   0.0%   0.238 CG:2    UG:4    +
   19   140  0   0.0%   0.612 GU:2    AU:4    +
    9   137  0   0.0%   0.011 UG:2    UA:4    +
   24    70  0   0.0%   0.057 CG:2    UG:4    +
   19   154  0   0.0%   0.744 GC:2    AU:4    +
   88   143  0   0.0%   0.659 GU:2    AU:4    +
    4   153  0   0.0%   0.037 UG:5    UA:1    +
   32   112  0   0.0%   0.606 CG:2    UG:4    +
   19   127  0   0.0%   0.232 GU:2    AU:4    +
   61    87  0   0.0%   0.058 GC:3    GU:3    +
   58   106  0   0.0%   0.240 AU:2    UA:4    +
   19   133  0   0.0%   0.233 GU:2    AU:4    +
    4    94  0   0.0%   0.008 UG:4    UA:2    +
   24    44  0   0.0%   0.020 CG:2    UG:4    +
  107   136  0   0.0%   0.389 CG:2    GC:4    +
   34   154  0   0.0%   0.833 GC:2    GU:4    +
  108   134  0   0.0%   0.736 CG:1    UG:5    +
  111   131  0   0.0%   0.131 GU:1    AU:5    +
  111   122  0   0.0%   0.010 GU:1    AU:5    +
   17    32  0   0.0%   0.943 GC:2    GU:4    +
    5    31  0   0.0%   0.001 AU:4    UA:2    +
   89    94  0   0.0%   0.511 UG:4    UA:2    +
   25    51  0   0.0%   0.053 GC:2    UG:4    +
   67    88  0   0.0%   0.651 UG:2    UA:4    +
   88   154  0   0.0%   0.431 GC:2    AU:4    +
   89   153  0   0.0%   0.131 UG:5    UA:1    +
   21    67  0   0.0%   0.080 GU:1    AU:5    +
   17    72  0   0.0%   0.422 GC:4    GU:2    +
   91   143  0   0.0%   0.756 GU:4    AU:2    +
  102   134  0   0.0%   0.755 CG:1    UG:5    +
   10    32  0   0.0%   0.016 GC:2    GU:4    +
    6    92  0   0.0%   0.005 GC:2    UG:4    +
    6   148  0   0.0%   0.006 GC:2    UG:4    +
   32    88  0   0.0%   0.602 CG:2    UA:4    +
  115   120  0   0.0%   0.005 GC:3    GU:3    +
   16   156  0   0.0%   0.328 UG:1    UA:5    +
   87   134  0   0.0%   0.362 CG:3    UG:3    +
   60    88  0   0.0%   0.016 UG:2    UA:4    +
   88   133  0   0.0%   0.171 GU:2    AU:4    +
  131   137  0   0.0%   0.490 UG:2    UA:4    +
   36    84  0   0.0%   0.078 UG:3    UA:3    +
   60   156  0   0.0%   0.108 UG:1    UA:5    +
   43   137  0   0.0%   0.219 UG:2    UA:4    +
   75   156  0   0.0%   0.213 UG:1    UA:5    +
  127   156  0   0.0%   0.121 UG:1    UA:5    +
   36   153  0   0.0%   0.102 UG:5    UA:1    +
    5    77  0   0.0%   0.003 AU:4    UA:2    +
  127   137  0   0.0%   0.472 UG:2    UA:4    +
   11    72  0   0.0%   0.392 GC:4    GU:2    +
  111   119  0   0.0%   0.001 GU:1    AU:5    +
   19   123  0   0.0%   0.231 GC:2    AU:4    +
   78    92  0   0.0%   0.629 GC:2    UG:4    +
   11    24  0   0.0%   0.010 GC:2    GU:4    +
   10   154  0   0.0%   0.408 GC:2    GU:4    +
   63   153  0   0.0%   0.154 UG:5    UA:1    +
   21    63  0   0.0%   0.014 GU:1    AU:5    +
   51    97  0   0.0%   0.020 CG:2    GU:4    +
   54   144  0   0.0%   0.579 AU:4    UA:2    +
   60    84  0   0.0%   0.020 UG:3    UA:3    +
   61    69  0   0.0%   0.086 GC:3    GU:3    +
   24    66  0   0.0%   0.059 CG:2    UG:4    +
   32   134  0   0.0%   0.818 CG:2    UG:4    +
   43    88  0   0.0%   0.021 UG:2    UA:4    +
  135   156  0   0.0%   1.147 UG:1    UA:5    +
   26   137  0   0.0%   0.587 UG:2    UA:4    +
  111   118  0   0.0%   0.000 GU:1    AU:5    +
  115   123  0   0.0%   0.005 GC:2    GU:4    +
   91   140  0   0.0%   0.389 GU:4    AU:2    +
   63    91  0   0.0%   0.133 UG:4    UA:2    +
   19    63  0   0.0%   0.192 GU:2    AU:4    +
   10    20  0   0.0%   0.008 GC:2    GU:4    +
   72   116  0   0.0%   0.162 CG:4    UG:2    +
    9   153  0   0.0%   0.062 UG:5    UA:1    +
    9    94  0   0.0%   0.012 UG:4    UA:2    +
    9    21  0   0.0%   0.002 UG:1    UA:5    +
   32    44  0   0.0%   0.606 CG:2    UG:4    +
   61   102  0   0.0%   0.106 GC:1    GU:5    +
   19   143  0   0.0%   0.975 GU:2    AU:4    +
    5    33  0   0.0%   0.001 AU:4    UA:2    +
    6   107  0   0.0%   0.006 GC:2    UG:4    +
    7   106  0   0.0%   0.006 AU:2    UA:4    +
  116   120  0   0.0%   0.004 GC:3    GU:3    +
   34   132  0   0.0%   0.513 GC:1    GU:5    +
  112   123  0   0.0%   0.009 GC:2    GU:4    +
   26   156  0   0.0%   0.397 UG:1    UA:5    +
   38   140  0   0.0%   0.204 GU:4    AU:2    +
   15    94  0   0.0%   0.051 UG:4    UA:2    +
   17   132  0   0.0%   0.401 GC:1    GU:5    +
   32    45  0   0.0%   0.606 CG:2    UG:4    +
   19    39  0   0.0%   0.191 GU:2    AU:4    +
   19    65  0   0.0%   0.192 GU:2    AU:4    +
   75   111  0   0.0%   0.204 UG:1    UA:5    +
   19    50  0   0.0%   0.191 GU:2    AU:4    +
  116   123  0   0.0%   0.005 GC:2    GU:4    +
   94   155  0   0.0%   0.805 GU:4    AU:2    +
   21   121  0   0.0%   0.045 GU:1    AU:5    +
  133   156  0   0.0%   0.645 UG:1    UA:5    +
   91   155  0   0.0%   0.238 GU:4    AU:2    +
   94   131  0   0.0%   0.418 GU:4    AU:2    +
  140   156  0   0.0%   0.374 UG:1    UA:5    +
   69   134  0   0.0%   0.537 CG:3    UG:3    +
    4    13  0   0.0%   0.000 UG:5    UA:1    +
  143   153  0   0.0%   0.853 UG:5    UA:1    +
   21    48  0   0.0%   0.012 GU:1    AU:5    +
   13    75  0   0.0%   0.795 GU:5    AU:1    +
   13    36  0   0.0%   0.782 GU:5    AU:1    +
   65   137  0   0.0%   0.514 UG:2    UA:4    +
   18   156  0   0.0%   0.376 UG:1    UA:5    +
   70   123  0   0.0%   0.466 GC:2    GU:4    +
   63   137  0   0.0%   0.373 UG:2    UA:4    +
   38    50  0   0.0%   0.003 GU:4    AU:2    +
   61   132  0   0.0%   0.119 GC:1    GU:5    +
   88   155  0   0.0%   0.141 GU:2    AU:4    +
   21   122  0   0.0%   0.045 GU:1    AU:5    +
   84   155  0   0.0%   0.125 GU:3    AU:3    +
   44    87  0   0.0%   0.029 GC:3    GU:3    +
   21    36  0   0.0%   0.014 GU:1    AU:5    +
    9    13  0   0.0%   0.002 UG:5    UA:1    +
    9    84  0   0.0%   0.014 UG:3    UA:3    +
   31    54  0   0.0%   0.595 AU:2    UA:4    +
   20    70  0   0.0%   0.074 CG:2    UG:4    +
   21    53  0   0.0%   0.014 GU:1    AU:5    +
   75    94  0   0.0%   0.613 UG:4    UA:2    +
   21    39  0   0.0%   0.012 GU:1    AU:5    +
   38    43  0   0.0%   0.003 GU:4    AU:2    +
   19   155  0   0.0%   0.455 GU:2    AU:4    +
   15   156  0   0.0%   0.329 UG:1    UA:5    +
    5    37  0   0.0%   0.002 AU:4    UA:2    +
   16   153  0   0.0%   0.343 UG:5    UA:1    +
   24    46  0   0.0%   0.020 CG:2    UG:4    +
   89   137  0   0.0%   0.354 UG:2    UA:4    +
   11   132  0   0.0%   0.424 GC:1    GU:5    +
   56    84  0   0.0%   0.317 UG:3    UA:3    +
   62   135  0   1.0%   0.424 AU:6    +
   63   134  0   1.0%   0.438 UG:6    +
   72    94  1   0.4%   0.594 CG:3    UG:1    UA:1    +
   64   133  0   0.8%   0.251 AU:6    +
   69    82  3   1.6%   0.351 UA:3    +
   26    34  0   0.7%   0.446 UG:6    +
  135   149  0   0.7%   1.228 UA:6    +
   18    68  0   0.7%   0.426 UA:6    +
   96   135  1   0.7%   0.690 GU:3    AU:2    +
   67    83  0   0.7%   0.604 UA:6    +
   70    75  0   0.7%   0.251 GU:6    +
   93   140  1   0.7%   0.674 GU:3    AU:2    +
  133   151  0   0.7%   0.714 UA:6    +
   16    70  0   0.7%   0.127 UG:6    +
   65    82  0   0.6%   0.143 UA:6    +
   15    71  0   0.6%   0.112 UA:6    +
   96   132  1   0.1%   0.178 GC:1    GU:2    AU:2    +
   99   141  1   0.0%   0.793 CG:2    AU:2    UA:1    +
   11    73  0   0.5%   0.475 GC:6    +
  141   150  1   0.0%   0.627 GC:2    AU:1    UA:2    +
   24    93  1   0.0%   0.029 CG:2    UG:1    UA:2    +
   24    96  1   0.0%   0.036 CG:2    UG:1    UA:2    +
   12    99  1   0.0%   0.799 GC:2    AU:1    UA:2    +
   96   102  1   0.0%   0.147 GC:1    GU:2    AU:2    +
   59   105  1   0.0%   0.060 CG:3    GC:1    GU:1    +
  141   147  1   0.0%   0.609 GC:1    AU:2    UA:2    +
   38    72  1   0.0%   0.037 GC:3    GU:1    AU:1    +
  105   136  1   0.0%   0.486 CG:1    GC:3    UG:1    +
   93   102  1   0.0%   0.364 GC:1    GU:2    AU:2    +
   93   132  1   0.0%   0.375 GC:1    GU:2    AU:2    +
   12   147  1   0.0%   1.202 GC:1    AU:2    UA:2    +
  117   126  1   0.0%   0.001 GU:1    AU:2    UA:2    +
   10    74  0   0.5%   0.106 GC:6    +
   71    78  2   1.2%   0.718 AU:4    +
   95   140  0   0.4%   1.135 AU:6    +
  134   150  2   0.7%   1.122 GC:3    GU:1    +
   83    89  0   0.4%   0.237 AU:6    +
   65    85  0   0.4%   0.153 UA:6    +
   71    81  0   0.4%   0.435 AU:6    +
   28    34  0   0.3%   0.446 CG:6    +
   26    64  0   0.3%   0.423 UA:6    +
   27    63  0   0.3%   0.270 AU:6    +
   61   136  2   1.0%   0.279 GC:4    +
  134   140  0   0.3%   1.128 GU:6    +
   66    73  0   0.3%   0.135 GC:6    +
   34    56  0   0.3%   0.162 GU:6    +
   67    86  0   0.3%   0.706 UA:6    +
   93   141  3   0.8%   0.773 AU:2    UA:1    +
   43    47  0   0.2%   0.052 UA:6    +
   14   140  0   0.2%   0.600 AU:6    +
   17    26  0   0.2%   0.343 GU:6    +
   14   135  0   0.2%   0.551 AU:6    +
  133   142  0   0.2%   0.893 UA:6    +
   67    85  0   0.2%   0.629 UA:6    +
  113   118  0   0.2%   0.038 AU:6    +
   16    27  0   0.2%   0.055 UA:6    +
   15   134  0   0.2%   0.093 UG:6    +
   68    75  0   0.2%   0.083 AU:6    +
   69    84  2   0.2%   0.248 CG:1    UG:2    UA:1    +
   67    71  0   0.2%   0.106 UA:6    +
   28    46  0   0.2%   0.386 CG:6    +
   30    44  1   0.2%   0.418 CG:3    UG:2    +
   69    83  3   0.9%   0.288 UA:3    +
   56    96  1   0.1%   0.714 UG:3    UA:2    +
   42    48  1   0.1%   0.042 GU:1    AU:4    +
   95   133  0   0.1%   0.499 AU:6    +
   28    61  0   0.1%   0.402 CG:6    +
   64    89  0   0.1%   0.156 AU:6    +
   52   135  0   0.1%   0.247 AU:6    +
   53   134  0   0.1%   0.250 UG:6    +
   15    27  0   0.1%   0.030 UA:6    +
   65    83  0   0.1%   0.099 UA:6    +
    1   155  1   0.6%   0.419 AU:5    +
   64    81  0   0.1%   0.053 AU:6    +
   30    61  1   0.1%   0.448 CG:3    UG:2    +
   30    34  1   0.1%   0.491 CG:3    UG:2    +
   66    74  0   0.1%   0.118 GC:6    +
   71   135  0   0.1%   0.528 AU:6    +
   18    98  0   0.1%   0.374 UA:6    +
   69   137  1   0.1%   0.533 CG:2    UA:3    +
    2    11  0   0.1%   0.018 CG:6    +
   75    82  0   0.1%   0.361 UA:6    +
   26    61  0   0.1%   0.379 UG:6    +
   96   140  1   0.1%   0.791 GU:3    AU:2    +
   16   100  0   0.1%   0.078 UA:6    +
   27    60  0   0.1%   0.226 AU:6    +
   63    82  0   0.1%   0.051 UA:6    +
   96   133  1   0.1%   0.247 GU:3    AU:2    +
   48    62  0   0.1%   0.050 UA:6    +
   47    63  0   0.1%   0.057 AU:6    +
   11    28  0   0.1%   0.025 GC:6    +
   15    22  0   0.1%   0.015 UA:6    +
   96   143  1   0.1%   1.025 GU:3    AU:2    +
   64    75  0   0.1%   0.042 AU:6    +
   11   143  0   0.1%   0.438 GU:6    +
   16   142  0   0.1%   0.572 UA:6    +
   93   135  1   0.1%   0.640 GU:3    AU:2    +
   53    98  0   0.1%   0.029 UA:6    +
   82   155  0   0.1%   0.257 AU:6    +
    9    34  0   0.1%   0.018 UG:6    +
   15   101  0   0.0%   0.063 UA:6    +
   60    79  0   0.0%   0.023 UA:6    +
   11    74  0   0.0%   0.456 GC:6    +
    4    82  0   0.0%   0.014 UA:6    +
   75    83  0   0.0%   0.277 UA:6    +
   23    34  0   0.0%   0.202 CG:6    +
  131   142  0   0.0%   0.394 UA:6    +
  112   119  0   0.0%   0.010 GU:6    +
   44    48  0   0.0%   0.038 GU:6    +
   36    47  0   0.0%   0.015 UA:6    +
   23    61  0   0.0%   0.197 CG:6    +
   79    89  0   0.0%   0.473 AU:6    +
   89    96  1   0.0%   0.244 UG:3    UA:2    +
   48   142  0   0.0%   0.283 UA:6    +
   47   143  0   0.0%   0.592 AU:6    +
   66    81  0   0.0%   0.461 GU:6    +
   60    93  1   0.0%   0.292 UG:3    UA:2    +
   26    62  0   0.0%   0.378 UA:6    +
   45   145  0   0.0%   0.127 GC:6    +
   39   149  0   0.0%   0.042 UA:6    +
   81    86  0   0.0%   0.284 UA:6    +
    4    79  0   0.0%   0.009 UA:6    +
  100   131  0   0.0%   0.091 AU:6    +
   87    96  1   0.0%   0.227 CG:3    UA:2    +
  100   140  0   0.0%   1.116 AU:6    +
   81    85  0   0.0%   0.226 UA:6    +
    2    10  0   0.0%   0.007 CG:6    +
   48    71  0   0.0%   0.063 UA:6    +
   16    22  0   0.0%   0.019 UA:6    +
   89   101  0   0.0%   0.114 UA:6    +
   45    74  0   0.0%   0.056 GC:6    +
   46    73  0   0.0%   0.061 GC:6    +
   44    75  0   0.0%   0.035 GU:6    +
   30    91  1   0.0%   0.413 CG:3    UA:2    +
   60    83  0   0.0%   0.023 UA:6    +
   11    16  0   0.0%   0.013 GU:6    +
   13    72  1   0.0%   0.815 GC:3    GU:2    +
   98   140  0   0.0%   0.958 AU:6    +
   10    75  0   0.0%   0.060 GU:6    +
   88   102  1   0.0%   0.105 GU:2    AU:3    +
   13    57  1   0.0%   0.787 GU:4    AU:1    +
   36   152  0   0.0%   0.102 UA:6    +
   14    56  0   0.0%   0.508 AU:6    +
   45    73  0   0.0%   0.053 GC:6    +
   44    74  0   0.0%   0.060 GC:6    +
   75    79  0   0.0%   0.551 UA:6    +
   15    55  0   0.0%   0.022 UA:6    +
  140   151  0   0.0%   0.413 UA:6    +
   16    34  0   0.0%   0.036 UG:6    +
   17    53  0   0.0%   0.363 GU:6    +
   10   155  0   0.0%   0.123 GU:6    +
   18    52  0   0.0%   0.325 UA:6    +
   15    96  1   0.0%   0.057 UG:3    UA:2    +
  110   121  0   0.0%   0.005 AU:6    +
   39    79  0   0.0%   0.022 UA:6    +
   16    95  0   0.0%   0.067 UA:6    +
   61   145  0   0.0%   0.254 GC:6    +
   53    66  0   0.0%   0.049 UG:6    +
  134   145  0   0.0%   1.106 GC:6    +
   52    67  0   0.0%   0.053 AU:6    +
   56    62  0   0.0%   0.336 UA:6    +
   48    55  0   0.0%   0.090 UA:6    +
  109   122  0   0.0%   0.004 AU:6    +
   47    56  0   0.0%   0.334 AU:6    +
   66    75  0   0.0%   0.086 GU:6    +
   11    23  0   0.0%   0.012 GC:6    +
   55    63  0   0.0%   0.099 AU:6    +
   13    24  1   0.0%   0.015 GC:1    GU:4    +
   39    62  0   0.0%   0.030 UA:6    +
   28    66  0   0.0%   0.412 CG:6    +
   27    67  0   0.0%   0.272 AU:6    +
   26    98  0   0.0%   0.397 UA:6    +
   41    60  0   0.0%   0.028 AU:6    +
   56    98  0   0.0%   0.696 UA:6    +
  101   133  0   0.0%   0.926 AU:6    +
   28   134  0   0.0%   0.591 CG:6    +
   95   143  0   0.0%   1.345 AU:6    +
   14    36  0   0.0%   0.505 AU:6    +
   39    47  0   0.0%   0.015 UA:6    +
   66   140  0   0.0%   0.762 GU:6    +
   23    66  0   0.0%   0.228 CG:6    +
   36    83  0   0.0%   0.079 UA:6    +
   27   135  0   0.0%   0.447 AU:6    +
   26    68  0   0.0%   0.421 UA:6    +
   22    63  0   0.0%   0.173 AU:6    +
    2    17  0   0.0%   0.010 CG:6    +
   50   100  0   0.0%   0.017 UA:6    +
  100   135  0   0.0%   1.608 AU:6    +
   10    60  0   0.0%   0.028 GU:6    +
   63   101  0   0.0%   0.089 UA:6    +
   34   140  0   0.0%   0.697 GU:6    +
   63    83  0   0.0%   0.046 UA:6    +
    4    64  0   0.0%   0.003 UA:6    +
  129   134  0   0.0%   0.737 CG:6    +
    2    66  0   0.0%   0.011 CG:6    +
   63   142  0   0.0%   0.383 UA:6    +
   62   143  0   0.0%   0.678 AU:6    +
   36    42  1   0.0%   0.013 UG:1    UA:4    +
   81   152  0   0.0%   0.226 UA:6    +
   39    44  0   0.0%   0.020 UG:6    +
   26    47  0   0.0%   0.360 UA:6    +
   22    67  0   0.0%   0.208 AU:6    +
   53    64  0   0.0%   0.032 UA:6    +
   66   129  0   0.0%   0.567 GC:6    +
   36    85  0   0.0%   0.077 UA:6    +
    4    98  0   0.0%   0.009 UA:6    +
   67   128  0   0.0%   0.701 UA:6    +
   14    48  0   0.0%   0.504 AU:6    +
   15    47  0   0.0%   0.018 UA:6    +
  128   135  0   0.0%   0.852 AU:6    +
   86   143  0   0.0%   0.671 AU:6    +
   52    65  0   0.0%   0.046 AU:6    +
   13    49  1   0.0%   0.783 GC:2    GU:3    +
   11    26  0   0.0%   0.013 GU:6    +
   93   143  1   0.0%   1.012 GU:3    AU:2    +
   65    79  0   0.0%   0.048 UA:6    +
   16    46  0   0.0%   0.027 UG:6    +
  132   137  1   0.0%   0.947 UG:2    UA:3    +
   68   127  0   0.0%   0.602 AU:6    +
   18   142  0   0.0%   0.618 UA:6    +
   34    89  0   0.0%   0.500 GU:6    +
   28    45  0   0.0%   0.356 CG:6    +
   18    44  0   0.0%   0.321 UG:6    +
    8    94  1   0.0%   0.011 UG:3    UA:2    +
   30    94  1   0.0%   0.429 CG:3    UA:2    +
   17   143  0   0.0%   1.143 GU:6    +
   75    85  0   0.0%   0.222 UA:6    +
   22    65  0   0.0%   0.205 AU:6    +
    9    61  0   0.0%   0.008 UG:6    +
   36    96  1   0.0%   0.090 UG:3    UA:2    +
   75    95  0   0.0%   0.593 UA:6    +
   56   151  0   0.0%   0.699 UA:6    +
   63    85  0   0.0%   0.043 UA:6    +
   42    50  1   0.0%   0.108 GU:1    AU:4    +
   89    98  0   0.0%   0.225 UA:6    +
   27   133  0   0.0%   0.265 AU:6    +
   22    48  0   0.0%   0.171 AU:6    +
   23    46  0   0.0%   0.188 CG:6    +
   22   133  0   0.0%   0.212 AU:6    +
   44    50  0   0.0%   0.032 GU:6    +
   11    15  0   0.0%   0.007 GU:6    +
    9   151  0   0.0%   0.055 UA:6    +
   93   133  1   0.0%   0.434 GU:3    AU:2    +
   35   138  1   0.0%   0.531 CG:1    AU:4    +
   11   140  0   0.0%   0.426 GU:6    +
   63   103  0   0.0%   0.085 UG:6    +
   47   140  0   0.0%   0.221 AU:6    +
   16   152  0   0.0%   0.340 UA:6    +
   92   138  1   0.0%   0.380 CG:1    GU:4    +
   63    86  0   0.0%   0.042 UA:6    +
   72    84  1   0.0%   0.115 CG:3    UA:2    +
   75    93  1   0.0%   0.553 UG:3    UA:2    +
   96   131  1   0.0%   0.142 GU:3    AU:2    +
    9    82  0   0.0%   0.014 UA:6    +
   65    71  0   0.0%   0.071 UA:6    +
   22    26  0   0.0%   0.487 AU:6    +
   50    68  0   0.0%   0.046 UA:6    +
   81    95  0   0.0%   0.593 UA:6    +
    4   152  0   0.0%   0.034 UA:6    +
   65   142  0   0.0%   0.525 UA:6    +
    2    34  0   0.0%   0.010 CG:6    +
   95   131  0   0.0%   0.395 AU:6    +
   17    30  1   0.0%   0.736 GC:3    GU:2    +
   64   131  0   0.0%   0.099 AU:6    +
   11    80  0   0.0%   0.424 GC:6    +
   36   134  0   0.0%   0.288 UG:6    +
   64   143  0   0.0%   0.698 AU:6    +
   80   103  0   0.0%   0.598 CG:6    +
   56    64  0   0.0%   0.336 UA:6    +
    3    33  1   0.0%   0.009 AU:3    UA:2    +
   34   155  0   0.0%   0.544 GU:6    +
   10    81  0   0.0%   0.059 GU:6    +
   56   142  0   0.0%   0.933 UA:6    +
    9    93  1   0.0%   0.011 UG:3    UA:2    +
   75    86  0   0.0%   0.278 UA:6    +
   65   101  0   0.0%   0.275 UA:6    +
   87    93  1   0.0%   0.435 CG:3    UA:2    +
   22    39  0   0.0%   0.169 AU:6    +
  113   131  0   0.0%   0.167 AU:6    +
   34    60  0   0.0%   0.503 GU:6    +
  115   129  0   0.0%   0.004 GC:6    +
   69    88  1   0.0%   0.227 CG:2    UA:3    +
   85    89  0   0.0%   0.148 AU:6    +
   15    95  0   0.0%   0.052 UA:6    +
    2   134  0   0.0%   0.014 CG:6    +
   55    65  0   0.0%   0.107 AU:6    +
   14   133  0   0.0%   0.511 AU:6    +
   60    85  0   0.0%   0.018 UA:6    +
  115   119  0   0.0%   0.031 GU:6    +
   26    95  0   0.0%   0.393 UA:6    +
   39   142  0   0.0%   0.263 UA:6    +
   98   131  0   0.0%   0.125 AU:6    +
   11    36  0   0.0%   0.392 GU:6    +
   41   140  0   0.0%   0.214 AU:6    +
   55   143  0   0.0%   0.643 AU:6    +
   34   145  0   0.0%   0.604 GC:6    +
   44   145  0   0.0%   0.128 GC:6    +
   27    48  0   0.0%   0.211 AU:6    +
   19    69  1   0.0%   0.261 GC:2    AU:3    +
   68    89  0   0.0%   0.547 AU:6    +
   10    30  1   0.0%   0.010 GC:3    GU:2    +
  101   135  0   0.0%   1.196 AU:6    +
  112   121  0   0.0%   0.010 GU:6    +
    9   152  0   0.0%   0.059 UA:6    +
   89   142  0   0.0%   0.359 UA:6    +
   32   157  1   0.0%   0.611 CG:2    UG:3    +
   17   129  0   0.0%   0.401 GC:6    +
   18   128  0   0.0%   0.363 UA:6    +
   16   134  0   0.0%   0.081 UG:6    +
  115   125  0   0.0%   0.009 GC:6    +
   81    93  1   0.0%   0.551 UG:3    UA:2    +
   28   116  0   0.0%   0.377 CG:6    +
   15    62  0   0.0%   0.020 UA:6    +
  113   127  0   0.0%   0.148 AU:6    +
   14    63  0   0.0%   0.506 AU:6    +
   63    68  0   0.0%   0.064 UA:6    +
   18   134  0   0.0%   0.376 UG:6    +
   16    61  0   0.0%   0.028 UG:6    +
    8   153  1   0.0%   0.062 UG:4    UA:1    +
  109   133  0   0.0%   0.574 AU:6    +
   14    18  0   0.0%   0.002 AU:6    +
   10    26  0   0.0%   0.008 GU:6    +
   36    86  0   0.0%   0.076 UA:6    +
   85   155  0   0.0%   0.095 AU:6    +
   89    95  0   0.0%   0.490 UA:6    +
   23    45  0   0.0%   0.186 CG:6    +
  116   125  0   0.0%   0.009 GC:6    +
   30    45  1   0.0%   0.408 CG:3    UG:2    +
   39    86  0   0.0%   0.016 UA:6    +
   41    48  0   0.0%   0.016 AU:6    +
  112   129  0   0.0%   0.007 GC:6    +
   11    18  0   0.0%   0.009 GU:6    +
   18    34  0   0.0%   0.329 UG:6    +
    9    27  0   0.0%   0.003 UA:6    +
   60    64  0   0.0%   0.032 UA:6    +
   82    89  0   0.0%   0.260 AU:6    +
   36   142  0   0.0%   0.323 UA:6    +
   27    36  0   0.0%   0.213 AU:6    +
   39    71  0   0.0%   0.045 UA:6    +
   60    71  0   0.0%   0.042 UA:6    +
   18    70  0   0.0%   0.390 UG:6    +
   53    68  0   0.0%   0.046 UA:6    +
    4   100  0   0.0%   0.008 UA:6    +
   60    86  0   0.0%   0.016 UA:6    +
   18    71  0   0.0%   0.388 UA:6    +
    3    77  1   0.0%   0.009 AU:3    UA:2    +
   90   138  2   0.0%   0.269 UG:1    AU:2    UA:1    +
   56    61  0   0.0%   0.361 UG:6    +
   34    53  0   0.0%   0.115 GU:6    +
   15    34  0   0.0%   0.023 UG:6    +
   61    80  0   0.0%   0.058 GC:6    +
   26   134  0   0.0%   0.600 UG:6    +
   85   143  0   0.0%   0.610 AU:6    +
   11   135  0   0.0%   0.424 GU:6    +
   75    98  0   0.0%   0.324 UA:6    +
   26    93  1   0.0%   0.389 UG:3    UA:2    +
   53    96  1   0.0%   0.024 UG:3    UA:2    +
  143   149  0   0.0%   0.879 UA:6    +
  112   118  0   0.0%   0.001 GU:6    +
   36    82  0   0.0%   0.077 UA:6    +
   56   100  0   0.0%   0.688 UA:6    +
   24   156  1   0.0%   0.039 CG:1    UA:4    +
   46   143  0   0.0%   0.578 GU:6    +
   56    93  1   0.0%   0.326 UG:3    UA:2    +
   34   133  0   0.0%   0.528 GU:6    +
  133   152  0   0.0%   0.674 UA:6    +
   44    67  0   0.0%   0.061 GU:6    +
    9   100  0   0.0%   0.011 UA:6    +
   43    68  0   0.0%   0.052 UA:6    +
   86   135  0   0.0%   0.377 AU:6    +
   75    96  1   0.0%   0.338 UG:3    UA:2    +
   98   143  0   0.0%   1.183 AU:6    +
   61   155  0   0.0%   0.189 GU:6    +
   61    67  0   0.0%   0.090 GU:6    +
    3    37  1   0.0%   0.008 AU:3    UA:2    +
   11    75  0   0.0%   0.425 GU:6    +
   70   125  0   0.0%   0.466 GC:6    +
   30    38  1   0.0%   0.387 CG:3    UA:2    +
   46    65  0   0.0%   0.051 GU:6    +
   60    68  0   0.0%   0.044 UA:6    +
   64   140  0   0.0%   0.331 AU:6    +
  128   155  0   0.0%   0.056 AU:6    +
    8   146  1   0.0%   0.010 UG:3    UA:2    +
   14   131  0   0.0%   0.509 AU:6    +
  103   127  0   0.0%   0.003 GU:6    +
   36    52  0   0.0%   0.009 UA:6    +
   18   124  0   0.0%   0.362 UA:6    +
   17   125  0   0.0%   0.400 GC:6    +
   61    74  0   0.0%   0.086 GC:6    +
   63    79  0   0.0%   0.041 UA:6    +
   27    50  0   0.0%   0.211 AU:6    +
   16    41  0   0.0%   0.025 UA:6    +
   45   135  0   0.0%   0.229 GU:6    +
   15    42  1   0.0%   0.016 UG:1    UA:4    +
   10    73  0   0.0%   0.027 GC:6    +
   30   134  1   0.0%   0.631 CG:3    UG:2    +
  126   138  2   0.0%   0.417 UG:1    AU:2    UA:1    +
  103   140  0   0.0%   0.346 GU:6    +
  103   131  0   0.0%   0.128 GU:6    +
   73   134  0   0.0%   0.445 CG:6    +
   14    43  0   0.0%   0.502 AU:6    +
   27    65  0   0.0%   0.266 AU:6    +
   61    65  0   0.0%   0.087 GU:6    +
   67   142  0   0.0%   0.953 UA:6    +
   39    85  0   0.0%   0.016 UA:6    +
   79   155  0   0.0%   0.435 AU:6    +
   11   155  0   0.0%   0.865 GU:6    +
   66   143  0   0.0%   1.127 GU:6    +
   22    36  0   0.0%   0.171 AU:6    +
   21   132  1   0.0%   0.045 GU:1    AU:4    +
   23    70  0   0.0%   0.224 CG:6    +
   16    71  0   0.0%   0.092 UA:6    +
   17   155  0   0.0%   0.621 GU:6    +
   57    84  1   0.0%   0.386 UG:3    UA:2    +
   61    81  0   0.0%   0.060 GU:6    +
    8    84  1   0.0%   0.012 UG:2    UA:3    +
   34    63  0   0.0%   0.517 GU:6    +
   27   131  0   0.0%   0.236 AU:6    +
    9    95  0   0.0%   0.012 UA:6    +
   50    98  0   0.0%   0.017 UA:6    +
    9    83  0   0.0%   0.014 UA:6    +
   62    81  0   0.0%   0.032 AU:6    +
   61    73  0   0.0%   0.088 GC:6    +
   66    89  0   0.0%   0.511 GU:6    +
   42    89  1   0.0%   0.102 GU:1    AU:4    +
   60    82  0   0.0%   0.016 UA:6    +
   65    70  0   0.0%   0.072 UG:6    +
   47   133  0   0.0%   0.055 AU:6    +
   39    82  0   0.0%   0.019 UA:6    +
   56    83  0   0.0%   0.318 UA:6    +
   27   140  0   0.0%   0.429 AU:6    +
    9    14  0   0.0%   0.002 UA:6    +
   16    98  0   0.0%   0.064 UA:6    +
  125   134  0   0.0%   0.740 CG:6    +
  112   125  0   0.0%   0.013 GC:6    +
   10    28  0   0.0%   0.008 GC:6    +
   74   115  0   0.0%   0.256 CG:6    +
   73   116  0   0.0%   0.175 CG:6    +
   49   137  1   0.0%   0.303 CG:2    UA:3    +
   15   152  0   0.0%   0.339 UA:6    +
   17    80  0   0.0%   0.395 GC:6    +
   18    79  0   0.0%   0.361 UA:6    +
   39    45  0   0.0%   0.019 UG:6    +
   47   135  0   0.0%   0.237 AU:6    +
   15    70  0   0.0%   0.019 UG:6    +
   45    50  0   0.0%   0.023 GU:6    +
   10    23  0   0.0%   0.008 GC:6    +
    4    10  0   0.0%   0.007 UG:6    +
   81    98  0   0.0%   0.321 UA:6    +
   48   134  0   0.0%   0.239 UG:6    +
   39    46  0   0.0%   0.022 UG:6    +
  116   122  0   0.0%   0.005 GU:6    +
   60    95  0   0.0%   0.448 UA:6    +
   16   151  0   0.0%   0.335 UA:6    +
   47    53  0   0.0%   0.028 AU:6    +
   17   135  0   0.0%   0.415 GU:6    +
   18    64  0   0.0%   0.322 UA:6    +
  124   135  0   0.0%   0.843 AU:6    +
   22   122  0   0.0%   0.172 AU:6    +
   63   100  0   0.0%   0.089 UA:6    +
   71    89  0   0.0%   0.300 AU:6    +
   48    52  0   0.0%   0.024 UA:6    +
   55   133  0   0.0%   0.118 AU:6    +
   50    55  0   0.0%   0.079 UA:6    +
   11    39  0   0.0%   0.391 GU:6    +
   17    74  0   0.0%   0.425 GC:6    +
   34   143  0   0.0%   1.059 GU:6    +
   82   140  0   0.0%   0.400 AU:6    +
  110   127  0   0.0%   0.112 AU:6    +
   79   140  0   0.0%   0.589 AU:6    +
   56    85  0   0.0%   0.314 UA:6    +
    9    41  0   0.0%   0.007 UA:6    +
   17    65  0   0.0%   0.360 GU:6    +
   30    42  2   0.0%   0.386 CG:1    AU:1    UA:2    +
   30   153  1   0.0%   0.443 CG:3    UG:2    +
  110   119  0   0.0%   0.000 AU:6    +
   73   115  0   0.0%   0.175 CG:6    +
   14   155  0   0.0%   0.811 AU:6    +
   30    84  1   0.0%   0.408 CG:3    UA:2    +
   16    96  1   0.0%   0.066 UG:3    UA:2    +
   65    96  1   0.0%   0.226 UG:3    UA:2    +
  100   143  0   0.0%   1.339 AU:6    +
   60    70  0   0.0%   0.044 UG:6    +
  101   143  0   0.0%   0.927 AU:6    +
  109   121  0   0.0%   0.000 AU:6    +
   26    41  0   0.0%   0.357 UA:6    +
   34   135  0   0.0%   0.709 GU:6    +
   39    83  0   0.0%   0.019 UA:6    +
   70   155  0   0.0%   0.510 GU:6    +
   62    67  0   0.0%   0.062 AU:6    +
   10   140  0   0.0%   0.056 GU:6    +
   26    96  1   0.0%   0.396 UG:3    UA:2    +
   63    98  0   0.0%   0.096 UA:6    +
   22   131  0   0.0%   0.172 AU:6    +
   34    39  0   0.0%   0.101 GU:6    +
   27    39  0   0.0%   0.210 AU:6    +
   10   143  0   0.0%   0.056 GU:6    +
   53   100  0   0.0%   0.020 UA:6    +
  113   122  0   0.0%   0.045 AU:6    +
   80   134  0   0.0%   0.867 CG:6    +
   11   133  0   0.0%   0.424 GU:6    +
   26    82  0   0.0%   0.388 UA:6    +
    2    44  0   0.0%   0.009 CG:6    +
   50    71  0   0.0%   0.043 UA:6    +
  113   121  0   0.0%   0.045 AU:6    +
   57   137  1   0.0%   0.975 UG:2    UA:3    +
   30    46  1   0.0%   0.408 CG:3    UG:2    +
   79   135  0   0.0%   0.663 AU:6    +
   89   152  0   0.0%   0.127 UA:6    +
   39    93  1   0.0%   0.028 UG:3    UA:2    +
   16    93  1   0.0%   0.061 UG:3    UA:2    +
   27    81  0   0.0%   0.237 AU:6    +
    4    83  0   0.0%   0.010 UA:6    +
   43   142  0   0.0%   0.266 UA:6    +
   22   140  0   0.0%   0.543 AU:6    +
   61   133  0   0.0%   0.138 GU:6    +
   34    43  0   0.0%   0.111 GU:6    +
   10    16  0   0.0%   0.008 GU:6    +
   42   143  1   0.0%   0.657 GU:1    AU:4    +
    4   109  0   0.0%   0.008 UA:6    +
   27   155  0   0.0%   0.277 AU:6    +
   18   149  0   0.0%   0.391 UA:6    +
   68   140  0   0.0%   0.800 AU:6    +
   74   112  0   0.0%   0.256 CG:6    +
   17    63  0   0.0%   0.360 GU:6    +
   18    62  0   0.0%   0.323 UA:6    +
   61   140  0   0.0%   0.341 GU:6    +
  112   122  0   0.0%   0.009 GU:6    +
   98   155  0   0.0%   0.659 AU:6    +
   83   155  0   0.0%   0.165 AU:6    +
    4    42  1   0.0%   0.000 UG:1    UA:4    +
   16    64  0   0.0%   0.028 UA:6    +
   36    95  0   0.0%   0.083 UA:6    +
   34    74  0   0.0%   0.528 GC:6    +
    4    34  0   0.0%   0.001 UG:6    +
  131   152  0   0.0%   0.152 UA:6    +
  101   140  0   0.0%   0.701 AU:6    +
   10    15  0   0.0%   0.007 GU:6    +
    4    14  0   0.0%   0.000 UA:6    +
   48    70  0   0.0%   0.058 UG:6    +
   15    98  0   0.0%   0.053 UA:6    +
   14    75  0   0.0%   0.508 AU:6    +
   16    68  0   0.0%   0.027 UA:6    +
   34    80  0   0.0%   0.497 GC:6    +
   68   135  0   0.0%   0.864 AU:6    +
   60    66  0   0.0%   0.046 UG:6    +
    9    79  0   0.0%   0.014 UA:6    +
    9   149  0   0.0%   0.062 UA:6    +
    3    97  1   0.0%   0.013 UG:2    AU:3    +
   42    75  1   0.0%   0.103 GU:1    AU:4    +
  115   121  0   0.0%   0.005 GU:6    +
   89    93  1   0.0%   0.448 UG:3    UA:2    +
    4    96  1   0.0%   0.007 UG:3    UA:2    +
  134   155  0   0.0%   1.078 GU:6    +
   56    86  0   0.0%   0.314 UA:6    +
   18    66  0   0.0%   0.322 UG:6    +
   81   109  0   0.0%   0.202 UA:6    +
   36    64  0   0.0%   0.094 UA:6    +
    3    78  1   0.0%   0.009 UG:2    AU:3    +
   45   140  0   0.0%   0.212 GU:6    +
  107   138  1   0.0%   0.424 CG:1    GU:4    +
   53    62  0   0.0%   0.029 UA:6    +
   60   100  0   0.0%   0.067 UA:6    +
    4   142  0   0.0%   0.008 UA:6    +
   22   121  0   0.0%   0.172 AU:6    +
   43    52  0   0.0%   0.022 UA:6    +
   56    66  0   0.0%   0.351 UG:6    +
   52    63  0   0.0%   0.036 AU:6    +
   27    56  0   0.0%   0.212 AU:6    +
   71   122  0   0.0%   0.248 AU:6    +
   17    67  0   0.0%   0.360 GU:6    +
   22    60  0   0.0%   0.171 AU:6    +
   71   118  0   0.0%   0.248 AU:6    +
   22    50  0   0.0%   0.171 AU:6    +
   17    73  0   0.0%   0.427 GC:6    +
   46   140  0   0.0%   0.215 GU:6    +
    2    61  0   0.0%   0.009 CG:6    +
   70   133  0   0.0%   0.540 GU:6    +
   63    70  0   0.0%   0.064 UG:6    +
   26    66  0   0.0%   0.420 UG:6    +
   27    43  0   0.0%   0.210 AU:6    +
  109   135  0   0.0%   0.844 AU:6    +
   55    67  0   0.0%   0.110 AU:6    +
   26   151  0   0.0%   0.401 UA:6    +
   62   133  0   0.0%   0.107 AU:6    +
   95   155  0   0.0%   0.827 AU:6    +
   61    89  0   0.0%   0.056 GU:6    +
   60   101  0   0.0%   0.065 UA:6    +
    9   142  0   0.0%   0.011 UA:6    +
   42    53  1   0.0%   0.107 GU:1    AU:4    +
   65    98  0   0.0%   0.210 UA:6    +
  102   137  1   0.0%   0.387 UG:2    UA:3    +
  103   125  0   0.0%   0.002 GC:6    +
   10    18  0   0.0%   0.008 GU:6    +
   28    44  0   0.0%   0.354 CG:6    +
   26   109  0   0.0%   0.389 UA:6    +
    9    98  0   0.0%   0.012 UA:6    +
   26    42  1   0.0%   0.357 UG:1    UA:4    +
   26    44  0   0.0%   0.358 UG:6    +
   65   134  0   0.0%   0.535 UG:6    +
   62   131  0   0.0%   0.072 AU:6    +
   63    71  0   0.0%   0.062 UA:6    +
   19    49  1   0.0%   0.192 GC:2    AU:3    +
   23   112  0   0.0%   0.193 CG:6    +
   67   124  0   0.0%   0.699 UA:6    +
   66   125  0   0.0%   0.565 GC:6    +
   64   135  0   0.0%   0.400 AU:6    +
  110   118  0   0.0%   0.000 AU:6    +
   45    65  0   0.0%   0.048 GU:6    +
   55    60  0   0.0%   0.077 AU:6    +
   26    46  0   0.0%   0.358 UG:6    +
   50   101  0   0.0%   0.014 UA:6    +
  110   131  0   0.0%   0.130 AU:6    +
   85   135  0   0.0%   0.318 AU:6    +
   17    36  0   0.0%   0.360 GU:6    +
   55   140  0   0.0%   0.277 AU:6    +
   46   135  0   0.0%   0.232 GU:6    +
   26   100  0   0.0%   0.394 UA:6    +
   85   140  0   0.0%   0.244 AU:6    +
   36    41  0   0.0%   0.013 UA:6    +
   10   129  0   0.0%   0.056 GC:6    +
   20   157  1   0.0%   0.243 CG:2    UG:3    +
   60   142  0   0.0%   0.350 UA:6    +
  133   149  0   0.0%   0.621 UA:6    +
   83   143  0   0.0%   0.679 AU:6    +
   74   134  0   0.0%   0.526 CG:6    +
    4    11  0   0.0%   0.005 UG:6    +
   16    66  0   0.0%   0.028 UG:6    +
   24   157  1   0.0%   0.034 CG:2    UG:3    +
   12    72  3   0.5%   0.847 GC:2    AU:1    +
  133   141  2   0.3%   0.914 UG:2    UA:2    +
   27    33  2   0.6%   0.660 AU:4    +
   96   139  3   0.4%   0.701 GU:1    AU:2    +
  132   152  1   0.3%   0.677 UA:5    +
   57    95  1   0.3%   1.160 UA:5    +
   15   141  2   0.1%   0.102 UG:2    UA:2    +
   12    24  3   0.1%   0.020 GC:1    GU:1    AU:1    +
   13    33  2   0.1%   1.178 GU:3    AU:1    +
   74    92  2   0.4%   0.447 CG:4    +
   97   139  2   0.1%   0.609 GU:2    UA:2    +
  139   144  2   0.1%   0.831 AU:2    UA:2    +
   13   139  2   0.1%   0.827 GU:3    AU:1    +
   12    32  2   0.1%   0.619 GU:2    AU:2    +
    8   138  3   0.0%   0.010 UG:1    AU:1    UA:1    +
   30   138  3   0.0%   0.597 UG:1    AU:1    UA:1    +
   57   138  3   0.0%   0.946 UG:1    AU:1    UA:1    +
   72    88  3   0.0%   0.100 CG:1    UG:1    UA:1    +
   19    72  3   0.0%   0.254 GC:1    GU:1    AU:1    +
   17    99  2   0.1%   0.412 GC:3    GU:1    +
   94    99  2   0.1%   0.552 GC:3    GU:1    +
   82    90  2   0.4%   0.306 AU:4    +
   13    31  2   0.1%   0.631 GU:3    AU:1    +
   58   139  2   0.1%   0.276 AU:2    UA:2    +
   80    92  2   0.4%   0.807 CG:4    +
   76    89  2   0.4%   0.143 AU:4    +
   29    34  2   0.4%   0.322 CG:4    +
   20   156  2   0.0%   0.252 UG:1    UA:3    +
   12   140  2   0.0%   0.810 GU:2    AU:2    +
   78    90  2   0.0%   0.519 GU:2    UA:2    +
   91    99  2   0.0%   0.313 GC:3    GU:1    +
   38   150  2   0.0%   0.032 GC:3    GU:1    +
   73    93  3   0.4%   0.546 CG:3    +
   22   132  1   0.2%   0.209 AU:5    +
   21    25  2   0.0%   0.023 GU:1    AU:3    +
   31    90  2   0.0%   0.607 AU:2    UA:2    +
   77    88  2   0.4%   0.189 UA:4    +
  135   141  2   0.0%   1.158 UG:2    UA:2    +
  138   153  2   0.0%   0.461 UG:3    UA:1    +
   71    77  2   0.3%   0.260 AU:4    +
   78    84  2   0.0%   0.522 UG:3    UA:1    +
   19    24  2   0.0%   0.019 GU:2    AU:2    +
   33    90  2   0.0%   0.453 AU:2    UA:2    +
   77    90  2   0.0%   0.146 AU:2    UA:2    +
   51    99  2   0.0%   0.020 GC:3    GU:1    +
   12    16  2   0.0%   0.010 GU:2    AU:2    +
   13    25  2   0.0%   0.014 GU:3    AU:1    +
   12    75  2   0.0%   0.801 GU:2    AU:2    +
   12    26  2   0.0%   0.014 GU:2    AU:2    +
   59   141  2   0.0%   0.311 CG:2    GU:2    +
   77    84  2   0.0%   0.144 UG:3    UA:1    +
   37    84  2   0.0%   0.023 UG:3    UA:1    +
   12   136  2   0.0%   0.801 GC:2    UG:2    +
  139   146  2   0.0%   0.284 UG:2    UA:2    +
   19   139  2   0.0%   0.443 GU:2    AU:2    +
   90    97  2   0.0%   0.221 UG:2    AU:2    +
   65   141  2   0.0%   0.522 UG:2    UA:2    +
   21    33  2   0.0%   0.405 GU:1    AU:3    +
   13   138  2   0.0%   0.809 GU:3    AU:1    +
   84    99  2   0.0%   0.196 GC:3    AU:1    +
    7   153  2   0.0%   0.054 UG:3    UA:1    +
   84    90  2   0.0%   0.160 GU:1    AU:3    +
   13    37  2   0.0%   0.782 GU:3    AU:1    +
   12    18  2   0.0%   0.007 GU:2    AU:2    +
   12   135  2   0.0%   0.799 GU:2    AU:2    +
   92    99  2   0.0%   0.308 GC:3    GU:1    +
   10   150  2   0.0%   0.099 GC:3    GU:1    +
   33    57  3   0.2%   0.469 AU:2    UA:1    +
   12    50  2   0.0%   0.770 GU:2    AU:2    +
    7    84  2   0.0%   0.009 UG:3    UA:1    +
    6   153  2   0.0%   0.042 UG:3    UA:1    +
   87    92  2   0.0%   0.275 CG:3    UG:1    +
   33   156  2   0.0%   0.462 UG:1    UA:3    +
   34    99  2   0.0%   0.507 GC:3    GU:1    +
   21    32  2   0.0%   0.597 GU:1    AU:3    +
   40   141  2   0.0%   0.261 CG:2    AU:2    +
   20   141  2   0.0%   0.479 UG:2    UA:2    +
   91   139  2   0.0%   0.223 GU:2    AU:2    +
   33    84  2   0.0%   0.449 UG:3    UA:1    +
   90   146  2   0.0%   0.112 UG:2    UA:2    +
   12    20  2   0.0%   0.006 GU:2    AU:2    +
  114   126  2   0.0%   0.001 GU:2    UA:2    +
   21   139  2   0.0%   0.095 GU:1    AU:3    +
   29   141  2   0.0%   0.482 CG:2    AU:2    +
   18   141  2   0.0%   0.614 UG:2    UA:2    +
   72    92  2   0.0%   0.090 CG:3    UG:1    +
   31   139  2   0.0%   0.631 AU:2    UA:2    +
  104   126  2   0.0%   0.003 AU:2    UA:2    +
   90    94  2   0.0%   0.492 UG:2    UA:2    +
   12   155  2   0.0%   1.199 GU:2    AU:2    +
   21   138  2   0.0%   0.249 GU:1    AU:3    +
    7   139  2   0.0%   0.007 AU:2    UA:2    +
   33   111  2   0.0%   0.449 UG:1    UA:3    +
   33   139  2   0.0%   0.474 AU:2    UA:2    +
   11    99  2   0.0%   0.424 GC:3    GU:1    +
   12   133  2   0.0%   0.798 GU:2    AU:2    +
   32   141  2   0.0%   0.849 UG:2    UA:2    +
   10    99  2   0.0%   0.056 GC:3    GU:1    +
   84   144  2   0.0%   0.633 GU:3    AU:1    +
   72    96  2   0.0%   0.295 CG:3    UA:1    +
  104   139  2   0.0%   0.258 AU:2    UA:2    +
   90   144  2   0.0%   0.638 AU:2    UA:2    +
   90   137  2   0.0%   0.335 UG:2    UA:2    +
   24    51  2   0.0%   0.020 CG:2    UG:2    +
   63   141  2   0.0%   0.378 UG:2    UA:2    +
   78   156  2   0.0%   0.472 UG:1    UA:3    +
   56   141  2   0.0%   0.929 UG:2    UA:2    +
   13    78  2   0.0%   0.795 GU:3    AU:1    +
    7    13  2   0.0%   0.000 UG:3    UA:1    +
   21    31  2   0.0%   0.601 GU:1    AU:3    +
    7   156  2   0.0%   0.038 UG:1    UA:3    +
   26   141  2   0.0%   0.631 UG:2    UA:2    +
    6    13  2   0.0%   0.000 UG:3    UA:1    +
    6   156  2   0.0%   0.026 UG:1    UA:3    +
   13    97  2   0.0%   0.793 GU:3    AU:1    +
   31   156  2   0.0%   0.617 UG:1    UA:3    +
   99   103  2   0.0%   0.132 CG:3    UG:1    +
  111   126  2   0.0%   0.005 GU:1    AU:3    +
   77   156  2   0.0%   0.104 UG:1    UA:3    +
    8    96  2   0.0%   0.011 UG:2    UA:2    +
   12    36  2   0.0%   0.770 GU:2    AU:2    +
   21    37  2   0.0%   0.012 GU:1    AU:3    +
  131   141  2   0.0%   0.420 UG:2    UA:2    +
   21   123  2   0.0%   0.045 GU:1    AU:3    +
  126   137  2   0.0%   0.365 UG:2    UA:2    +
   89   141  2   0.0%   0.355 UG:2    UA:2    +
   67   141  2   0.0%   0.950 UG:2    UA:2    +
    9   141  2   0.0%   0.011 UG:2    UA:2    +
   81   141  2   0.0%   0.452 UG:2    UA:2    +
   24   137  2   0.0%   0.225 UG:2    UA:2    +
   99   153  2   0.0%   0.521 CG:3    UA:1    +
   25    90  2   0.0%   0.058 GU:2    UA:2    +
   32    84  2   0.0%   0.605 UG:3    UA:1    +
   13    58  2   0.0%   0.785 GU:3    AU:1    +
   12   154  2   0.0%   1.488 GU:2    AU:2    +
   58    84  2   0.0%   0.019 UG:3    UA:1    +
   91   150  2   0.0%   0.210 GC:3    GU:1    +
   17   150  2   0.0%   0.599 GC:3    GU:1    +
   69   156  2   0.0%   0.287 CG:1    UA:3    +
   32   156  2   0.0%   0.616 UG:1    UA:3    +
   60   141  2   0.0%   0.347 UG:2    UA:2    +
  141   155  2   0.0%   0.616 GU:2    AU:2    +
   87   156  2   0.0%   0.106 CG:1    UA:3    +
   84   154  2   0.0%   0.415 GU:3    AU:1    +
   84   138  2   0.0%   0.265 GU:3    AU:1    +
   97   156  2   0.0%   0.380 UG:1    UA:3    +
   90   156  2   0.0%   0.099 UG:1    UA:3    +
   48   141  2   0.0%   0.271 UG:2    UA:2    +
   12    60  2   0.0%   0.772 GU:2    AU:2    +
   69    91  2   0.0%   0.219 CG:1    UG:3    +
   61    99  2   0.0%   0.111 GC:3    GU:1    +
   51    69  2   0.0%   0.045 GC:1    GU:3    +
   24   111  2   0.0%   0.027 UG:1    UA:3    +
   12    59  2   0.0%   0.772 GC:2    UG:2    +
   25   156  2   0.0%   0.071 UG:1    UA:3    +
   88   139  2   0.0%   0.125 GU:2    AU:2    +
    8    93  2   0.0%   0.009 UG:2    UA:2    +
   58    90  2   0.0%   0.021 AU:2    UA:2    +
  132   142  1   0.1%   0.875 UA:5    +
   17   136  2   0.3%   0.463 GC:4    +
   32    42  3   0.1%   0.608 UG:1    UA:2    +
   13    23  1   0.1%   0.020 GC:5    +
   13    73  1   0.1%   0.828 GC:5    +
   70    77  2   0.2%   0.234 GU:4    +
   70    78  2   0.2%   0.592 GU:4    +
   93   139  3   0.1%   0.417 GU:1    AU:2    +
   98   132  1   0.1%   0.161 AU:5    +
  132   141  3   0.1%   0.890 UG:2    UA:1    +
   23   153  1   0.1%   0.395 CG:5    +
   80   157  1   0.1%   0.613 CG:5    +
    1    12  3   0.1%   0.011 AU:2    UA:1    +
   58    94  2   0.2%   0.628 UG:4    +
   55   132  1   0.0%   0.103 AU:5    +
   94   138  2   0.2%   0.811 GU:4    +
    8    33  3   0.0%   0.009 AU:1    UA:2    +
   14   102  1   0.0%   0.515 AU:5    +
   49   141  3   0.0%   0.355 UG:2    UA:1    +
   14   139  2   0.2%   0.574 AU:4    +
    2   157  1   0.0%   0.037 CG:5    +
    8    77  3   0.0%   0.012 AU:1    UA:2    +
  111   120  3   0.0%   0.006 GU:1    AU:2    +
  130   143  1   0.0%   0.592 AU:5    +
   42    77  3   0.0%   0.108 GU:1    AU:2    +
   30    58  3   0.0%   0.403 AU:1    UA:2    +
   57    97  3   0.0%   0.794 UG:2    AU:1    +
   31    57  3   0.0%   0.599 AU:2    UA:1    +
   57    86  1   0.0%   0.386 UA:5    +
   68    77  2   0.2%   0.101 AU:4    +
   46    57  1   0.0%   0.398 GU:5    +
   57    61  1   0.0%   0.433 UG:5    +
   95   132  1   0.0%   0.414 AU:5    +
   13    74  1   0.0%   0.823 GC:5    +
   57   150  3   0.0%   0.786 AU:1    UA:2    +
   80   153  1   0.0%   0.623 CG:5    +
   57   142  1   0.0%   1.021 UA:5    +
    1    18  1   0.0%   0.006 AU:5    +
   62   102  1   0.0%   0.076 AU:5    +
   65   130  1   0.0%   0.272 UA:5    +
    1    67  1   0.0%   0.007 AU:5    +
   13   145  1   0.0%   1.110 GC:5    +
   78    88  2   0.2%   0.558 UA:4    +
   25    30  3   0.0%   0.394 GU:2    UA:1    +
    8   152  1   0.0%   0.059 UA:5    +
   64   102  1   0.0%   0.102 AU:5    +
    8    78  3   0.0%   0.012 UG:2    AU:1    +
   30    37  3   0.0%   0.387 AU:1    UA:2    +
   21    49  3   0.0%   0.014 GU:1    AU:2    +
   87   141  3   0.0%   0.343 CG:2    UA:1    +
    8    62  1   0.0%   0.006 UA:5    +
   57    64  1   0.0%   0.406 UA:5    +
    8    83  1   0.0%   0.013 UA:5    +
   20    42  3   0.0%   0.006 UG:1    UA:2    +
   57   141  3   0.0%   1.016 UG:2    UA:1    +
   57    99  3   0.0%   0.775 AU:1    UA:2    +
   57    98  1   0.0%   0.780 UA:5    +
   96   141  3   0.0%   0.737 AU:2    UA:1    +
    3   153  3   0.0%   0.045 UG:2    UA:1    +
   54    96  3   0.0%   0.031 AU:1    UA:2    +
   27   132  1   0.0%   0.249 AU:5    +
   10   147  3   0.0%   0.122 GC:1    GU:2    +
    1   135  1   0.0%   0.006 AU:5    +
   14   132  1   0.0%   0.510 AU:5    +
   57    62  1   0.0%   0.404 UA:5    +
   16   130  1   0.0%   0.068 UA:5    +
   30   114  3   0.0%   0.419 UG:2    AU:1    +
  110   132  1   0.0%   0.586 AU:5    +
   42   139  3   0.0%   0.126 GU:1    AU:2    +
    5    99  3   0.0%   0.010 AU:1    UA:2    +
   57   139  3   0.0%   0.792 AU:1    UA:2    +
    5    93  3   0.0%   0.009 AU:1    UA:2    +
   95   102  1   0.0%   0.400 AU:5    +
    6    30  3   0.0%   0.001 GU:2    UA:1    +
   33    42  3   0.0%   0.439 UG:1    UA:2    +
    8   149  1   0.0%   0.062 UA:5    +
   27    57  1   0.0%   0.212 AU:5    +
   28   153  1   0.0%   0.402 CG:5    +
   13   132  1   0.0%   0.792 GU:5    +
   23   157  1   0.0%   0.370 CG:5    +
   54    99  3   0.0%   0.030 AU:1    UA:2    +
   57    82  1   0.0%   0.387 UA:5    +
   30    99  3   0.0%   0.425 AU:1    UA:2    +
    8    34  1   0.0%   0.007 UG:5    +
    8   156  1   0.0%   0.046 UA:5    +
    8   151  1   0.0%   0.053 UA:5    +
   64   132  1   0.0%   0.114 AU:5    +
   11   147  3   0.0%   0.866 GC:1    GU:2    +
   31    42  3   0.0%   0.593 UG:1    UA:2    +
  102   128  1   0.0%   0.008 UA:5    +
    1    39  1   0.0%   0.005 AU:5    +
   42    69  3   0.0%   0.135 GC:1    AU:2    +
   15   157  1   0.0%   0.327 UG:5    +
   30    97  3   0.0%   0.428 UG:2    AU:1    +
    8   101  1   0.0%   0.010 UA:5    +
   52    57  1   0.0%   0.386 AU:5    +
   15   130  1   0.0%   0.056 UA:5    +
   79   108  1   0.0%   0.395 AU:5    +
   92   147  3   0.0%   0.234 GC:1    GU:2    +
   13    99  3   0.0%   0.793 GC:2    GU:1    +
    8    95  1   0.0%   0.010 UA:5    +
    8    31  3   0.0%   0.000 AU:1    UA:2    +
   74   157  1   0.0%   0.260 CG:5    +
  129   153  1   0.0%   0.029 CG:5    +
   90    96  3   0.0%   0.222 UG:1    UA:2    +
   57    83  1   0.0%   0.387 UA:5    +
   42   138  3   0.0%   0.280 GU:1    AU:2    +
   57   100  1   0.0%   0.773 UA:5    +
    4   157  1   0.0%   0.022 UG:5    +
   57    85  1   0.0%   0.383 UA:5    +
   96   106  3   0.0%   0.141 AU:2    UA:1    +
   12    96  3   0.0%   0.798 AU:1    UA:2    +
  130   155  1   0.0%   0.065 AU:5    +
    5   157  3   0.0%   0.025 UG:2    AU:1    +
    8   142  1   0.0%   0.010 UA:5    +
   98   102  1   0.0%   0.129 AU:5    +
   14    57  1   0.0%   0.506 AU:5    +
   30   147  3   0.0%   0.455 AU:1    UA:2    +
    8    22  1   0.0%   0.000 UA:5    +
    8    13  1   0.0%   0.000 UG:5    +
    8    90  3   0.0%   0.009 AU:1    UA:2    +
   30   156  3   0.0%   0.427 CG:1    UA:2    +
    8   105  3   0.0%   0.010 UG:2    UA:1    +
    5    96  3   0.0%   0.009 AU:1    UA:2    +
   25    57  3   0.0%   0.054 GU:2    UA:1    +
  102   142  1   0.0%   0.282 UA:5    +
  102   141  3   0.0%   0.318 UG:2    UA:1    +
   57   110  1   0.0%   0.767 UA:5    +
   30   144  3   0.0%   0.966 AU:1    UA:2    +
  130   135  1   0.0%   0.857 AU:5    +
   25    42  3   0.0%   0.052 UG:1    UA:2    +
   62   132  1   0.0%   0.088 AU:5    +
  132   151  1   0.0%   0.611 UA:5    +
   82   108  1   0.0%   0.206 AU:5    +
  130   140  1   0.0%   0.361 AU:5    +
   26   130  1   0.0%   0.389 UA:5    +
   16   157  1   0.0%   0.327 UG:5    +
    8    12  3   0.0%   0.004 UG:2    UA:1    +
   57   109  1   0.0%   0.767 UA:5    +
   44   147  3   0.0%   0.065 GC:1    GU:2    +
    8    85  1   0.0%   0.009 UA:5    +
    8    14  1   0.0%   0.000 UA:5    +
    3    91  3   0.0%   0.013 UG:1    UA:2    +
    9   157  1   0.0%   0.048 UG:5    +
    3   147  3   0.0%   0.013 AU:1    UA:2    +
  117   122  3   0.0%   0.005 GU:1    AU:2    +
    2    13  1   0.0%   0.008 CG:5    +
   27   108  1   0.0%   0.236 AU:5    +
   21    69  3   0.0%   0.079 GU:1    AU:2    +
  145   153  1   0.0%   0.140 CG:5    +
   57    66  1   0.0%   0.420 UG:5    +
  108   128  1   0.0%   0.016 UA:5    +
  109   132  1   0.0%   0.586 AU:5    +
  129   157  1   0.0%   0.011 CG:5    +
   12   132  3   0.0%   0.798 GU:2    AU:1    +
   67    76  2   0.2%   0.093 UA:4    +
   10    33  2   0.2%   0.050 GU:4    +
   29    45  2   0.2%   0.240 CG:4    +
   29    61  2   0.2%   0.269 CG:4    +
   34    40  2   0.1%   0.129 GC:4    +
   14    32  2   0.1%   1.092 AU:4    +
   33    41  2   0.1%   0.451 UA:4    +
   66    77  2   0.1%   0.110 GU:4    +
   13   136  3   0.2%   0.835 GC:3    +
   55    97  2   0.1%   0.114 AU:4    +
   17   138  2   0.1%   0.448 GU:4    +
   29    94  2   0.1%   0.259 CG:4    +
   54   133  2   0.1%   0.071 AU:4    +
   14   138  2   0.1%   0.544 AU:4    +
  137   144  2   0.1%   0.950 AU:4    +
   79    87  3   0.2%   0.483 AU:3    +
   70   136  2   0.1%   0.569 GC:4    +
   10    31  2   0.1%   0.026 GU:4    +
   31    62  2   0.1%   0.620 UA:4    +
  138   142  2   0.1%   0.972 UA:4    +
   69    79  3   0.2%   0.433 UA:3    +
   35    39  2   0.1%   0.059 AU:4    +
   19    97  2   0.1%   0.244 AU:4    +
   58    95  2   0.1%   0.631 UA:4    +
   76    81  2   0.1%   0.203 AU:4    +
   68   138  2   0.1%   0.793 AU:4    +
   52    58  2   0.1%   0.029 AU:4    +
   22   154  2   0.1%   0.688 AU:4    +
   97   142  2   0.1%   0.629 UA:4    +
   63    76  2   0.1%   0.046 UA:4    +
   62    77  2   0.1%   0.040 AU:4    +
   25    62  2   0.1%   0.068 UA:4    +
   34    59  2   0.1%   0.506 GC:4    +
   19    25  2   0.1%   0.020 AU:4    +
   61    78  2   0.1%   0.068 GU:4    +
   11    33  2   0.1%   0.412 GU:4    +
   24   152  2   0.0%   0.054 UA:4    +
   14    33  2   0.0%   0.896 AU:4    +
    7    34  2   0.0%   0.011 UG:4    +
   78    85  2   0.0%   0.495 UA:4    +
   59    94  2   0.0%   0.448 CG:4    +
   35    48  2   0.0%   0.060 AU:4    +
   31    95  2   0.0%   0.619 UA:4    +
   37    46  2   0.0%   0.023 UG:4    +
   77    86  2   0.0%   0.174 UA:4    +
  134   139  2   0.0%   0.987 GU:4    +
   83   154  2   0.0%   0.457 AU:4    +
   88    97  2   0.0%   0.235 AU:4    +
    5    81  2   0.0%   0.014 AU:4    +
    9   147  3   0.1%   0.087 UA:3    +
   46   144  2   0.0%   0.578 GU:4    +
    9    76  2   0.0%   0.016 UA:4    +
   34   136  2   0.0%   0.539 GC:4    +
   14    25  2   0.0%   0.013 AU:4    +
   40   148  2   0.0%   0.055 CG:4    +
   90    95  2   0.0%   0.478 UA:4    +
   34    58  2   0.0%   0.501 GU:4    +
   90   100  2   0.0%   0.170 UA:4    +
   95   144  2   0.0%   1.342 AU:4    +
   17   139  2   0.0%   0.451 GU:4    +
   37   151  2   0.0%   0.038 UA:4    +
   93    99  3   0.1%   0.490 GC:3    +
    7   149  2   0.0%   0.056 UA:4    +
   29    92  2   0.0%   0.237 CG:4    +
   35    58  2   0.0%   0.360 AU:4    +
   86    97  2   0.0%   0.244 AU:4    +
   43    76  2   0.0%   0.027 UA:4    +
  106   127  2   0.0%   0.112 AU:4    +
   20    27  2   0.0%   0.185 UA:4    +
   77    95  2   0.0%   0.487 UA:4    +
   58    85  2   0.0%   0.023 UA:4    +
  138   146  2   0.0%   0.455 UG:4    +
   98   138  2   0.0%   1.031 AU:4    +
   32    94  2   0.0%   0.623 UG:4    +
   93   136  3   0.1%   0.481 GC:3    +
   23    94  2   0.0%   0.197 CG:4    +
   16    54  2   0.0%   0.031 UA:4    +
  139   152  2   0.0%   0.303 UA:4    +
   11    29  2   0.0%   0.023 GC:4    +
   31    92  2   0.0%   0.611 UG:4    +
   24    62  2   0.0%   0.026 UA:4    +
   38    80  2   0.0%   0.014 GC:4    +
   11    59  2   0.0%   0.395 GC:4    +
   25    95  2   0.0%   0.068 UA:4    +
   78    94  2   0.0%   0.875 UG:4    +
   33   137  2   0.0%   0.652 UA:4    +
   10    29  2   0.0%   0.013 GC:4    +
   14    97  2   0.0%   0.510 AU:4    +
   33    88  2   0.0%   0.450 UA:4    +
    5    36  2   0.0%   0.005 AU:4    +
   77    85  2   0.0%   0.113 UA:4    +
   78    86  2   0.0%   0.550 UA:4    +
   25    34  2   0.0%   0.034 UG:4    +
   32    91  2   0.0%   0.610 UG:4    +
   15    35  2   0.0%   0.023 UA:4    +
   62   144  2   0.0%   0.672 AU:4    +
   25    64  2   0.0%   0.063 UA:4    +
   14    24  2   0.0%   0.011 AU:4    +
   17    29  2   0.0%   0.543 GC:4    +
   11    25  2   0.0%   0.013 GU:4    +
   41    78  2   0.0%   0.027 AU:4    +
   25    61  2   0.0%   0.060 UG:4    +
   24    64  2   0.0%   0.026 UA:4    +
   17    25  2   0.0%   0.193 GU:4    +
   40    61  2   0.0%   0.062 CG:4    +
   35   135  2   0.0%   0.563 AU:4    +
   86   104  2   0.0%   0.111 AU:4    +
   27    97  2   0.0%   0.246 AU:4    +
   58   149  2   0.0%   0.270 UA:4    +
    8    76  2   0.0%   0.008 UA:4    +
   77    83  2   0.0%   0.163 UA:4    +
   54    65  2   0.0%   0.052 AU:4    +
  134   144  2   0.0%   1.555 GU:4    +
   45    58  2   0.0%   0.025 GU:4    +
  101   139  2   0.0%   0.604 AU:4    +
   40    46  2   0.0%   0.028 CG:4    +
   32   142  2   0.0%   0.855 UA:4    +
   25   151  2   0.0%   0.076 UA:4    +
   27    90  2   0.0%   0.237 AU:4    +
   37    82  2   0.0%   0.023 UA:4    +
   66    78  2   0.0%   0.094 GU:4    +
   44    59  2   0.0%   0.031 GC:4    +
    5   155  2   0.0%   0.056 AU:4    +
   37    64  2   0.0%   0.039 UA:4    +
    7    79  2   0.0%   0.010 UA:4    +
  134   138  2   0.0%   1.152 GU:4    +
   77    82  2   0.0%   0.246 UA:4    +
   26    35  2   0.0%   0.400 UA:4    +
   27    32  2   0.0%   0.768 AU:4    +
   35    43  2   0.0%   0.052 AU:4    +
   14   144  2   0.0%   1.323 AU:4    +
    5    63  2   0.0%   0.004 AU:4    +
   65    76  2   0.0%   0.049 UA:4    +
   78    83  2   0.0%   0.538 UA:4    +
   33    45  2   0.0%   0.446 UG:4    +
   94   145  2   0.0%   0.868 GC:4    +
   31    35  2   0.0%   0.636 UA:4    +
   94   144  2   0.0%   1.315 GU:4    +
   85   144  2   0.0%   0.604 AU:4    +
    7    95  2   0.0%   0.008 UA:4    +
   79   154  2   0.0%   0.726 AU:4    +
   54    63  2   0.0%   0.041 AU:4    +
   11   136  2   0.0%   0.426 GC:4    +
   29    44  2   0.0%   0.210 CG:4    +
    8   157  2   0.0%   0.047 UG:4    +
   33    61  2   0.0%   0.489 UG:4    +
   14    20  2   0.0%   0.004 AU:4    +
   31    47  2   0.0%   0.595 UA:4    +
   78    82  2   0.0%   0.622 UA:4    +
   11   139  2   0.0%   0.426 GU:4    +
   36    54  2   0.0%   0.011 UA:4    +
   20    51  2   0.0%   0.007 UG:4    +
   58   142  2   0.0%   0.497 UA:4    +
   37    41  2   0.0%   0.012 UA:4    +
   31    61  2   0.0%   0.632 UG:4    +
   61   144  2   0.0%   0.699 GU:4    +
   14   154  2   0.0%   1.101 AU:4    +
    6    62  2   0.0%   0.005 UA:4    +
   29    38  2   0.0%   0.209 CG:4    +
   37    55  2   0.0%   0.084 UA:4    +
   32    62  2   0.0%   0.618 UA:4    +
   22    31  2   0.0%   0.759 AU:4    +
   83    90  2   0.0%   0.198 AU:4    +
   74    94  2   0.0%   0.665 CG:4    +
   62   104  2   0.0%   0.073 AU:4    +
   59    91  2   0.0%   0.021 CG:4    +
   59    66  2   0.0%   0.051 CG:4    +
   25    44  2   0.0%   0.053 UG:4    +
   64    77  2   0.0%   0.038 AU:4    +
   73    94  2   0.0%   0.583 CG:4    +
    6    79  2   0.0%   0.008 UA:4    +
   60   106  2   0.0%   0.062 UA:4    +
   58    92  2   0.0%   0.023 UG:4    +
   34   139  2   0.0%   0.527 GU:4    +
   51    67  2   0.0%   0.048 GU:4    +
   79   104  2   0.0%   0.396 AU:4    +
   27    31  2   0.0%   0.771 AU:4    +
   79    97  2   0.0%   0.527 AU:4    +
    5   154  2   0.0%   0.344 AU:4    +
   79    90  2   0.0%   0.450 AU:4    +
   32    55  2   0.0%   0.598 UA:4    +
   22    32  2   0.0%   0.755 AU:4    +
   23    38  2   0.0%   0.187 CG:4    +
   24    95  2   0.0%   0.029 UA:4    +
   11    31  2   0.0%   0.191 GU:4    +
   77    91  2   0.0%   0.261 UG:4    +
   33    55  2   0.0%   0.436 UA:4    +
   91   145  2   0.0%   0.299 GC:4    +
    7    61  2   0.0%   0.005 UG:4    +
   35   154  2   0.0%   0.682 AU:4    +
   22   139  2   0.0%   0.374 AU:4    +
   80    91  2   0.0%   0.743 CG:4    +
   92   144  2   0.0%   0.749 GU:4    +
   32    85  2   0.0%   0.603 UA:4    +
   78    95  2   0.0%   0.853 UA:4    +
   77    94  2   0.0%   0.502 UG:4    +
   58    98  2   0.0%   0.253 UA:4    +
   11   138  2   0.0%   0.425 GU:4    +
   20    68  2   0.0%   0.075 UA:4    +
   97   101  2   0.0%   0.148 UA:4    +
    7   152  2   0.0%   0.050 UA:4    +
   10   136  2   0.0%   0.056 GC:4    +
   62    90  2   0.0%   0.123 AU:4    +
   25    94  2   0.0%   0.064 UG:4    +
   80    94  2   0.0%   1.007 CG:4    +
    6    85  2   0.0%   0.005 UA:4    +
   98   139  2   0.0%   0.857 AU:4    +
   78    98  2   0.0%   0.582 UA:4    +
   86   154  2   0.0%   0.442 AU:4    +
    9   148  2   0.0%   0.074 UG:4    +
   31    86  2   0.0%   0.601 UA:4    +
   19    33  2   0.0%   0.583 AU:4    +
   22    97  2   0.0%   0.180 AU:4    +
   29   115  2   0.0%   0.240 CG:4    +
   31   113  2   0.0%   0.608 UA:4    +
   27    58  2   0.0%   0.212 AU:4    +
   45   144  2   0.0%   0.567 GU:4    +
   73    91  2   0.0%   0.104 CG:4    +
   37    88  2   0.0%   0.020 UA:4    +
   35   144  2   0.0%   0.899 AU:4    +
    5    75  2   0.0%   0.003 AU:4    +
    4    76  2   0.0%   0.001 UA:4    +
   37    85  2   0.0%   0.020 UA:4    +
   28    94  2   0.0%   0.381 CG:4    +
   60    92  2   0.0%   0.106 UG:4    +
   35   143  2   0.0%   0.908 AU:4    +
   29    46  2   0.0%   0.230 CG:4    +
   85    90  2   0.0%   0.129 AU:4    +
   23    51  2   0.0%   0.187 CG:4    +
   22   138  2   0.0%   0.529 AU:4    +
  100   138  2   0.0%   1.185 AU:4    +
   40    70  2   0.0%   0.050 CG:4    +
   58    64  2   0.0%   0.039 UA:4    +
   33    85  2   0.0%   0.446 UA:4    +
   16    35  2   0.0%   0.031 UA:4    +
   32    95  2   0.0%   0.614 UA:4    +
   14    77  2   0.0%   0.507 AU:4    +
   92   140  2   0.0%   0.391 GU:4    +
   54    67  2   0.0%   0.055 AU:4    +
   33    94  2   0.0%   0.464 UG:4    +
   17    33  2   0.0%   0.750 GU:4    +
   41    77  2   0.0%   0.023 AU:4    +
   33    86  2   0.0%   0.446 UA:4    +
    6    98  2   0.0%   0.007 UA:4    +
   59    70  2   0.0%   0.049 CG:4    +
   33    95  2   0.0%   0.457 UA:4    +
   33    62  2   0.0%   0.460 UA:4    +
   91    97  2   0.0%   0.329 GU:4    +
   52    97  2   0.0%   0.023 AU:4    +
   32    86  2   0.0%   0.603 UA:4    +
   75    92  2   0.0%   0.371 UG:4    +
   31    44  2   0.0%   0.604 UG:4    +
  106   135  2   0.0%   0.842 AU:4    +
  100   139  2   0.0%   1.013 AU:4    +
    7    91  2   0.0%   0.006 UG:4    +
  104   137  2   0.0%   0.377 UA:4    +
   58    62  2   0.0%   0.037 UA:4    +
   27   154  2   0.0%   0.566 AU:4    +
   34    97  2   0.0%   0.509 GU:4    +
   91   136  2   0.0%   0.286 GC:4    +
   37    83  2   0.0%   0.022 UA:4    +
  136   146  2   0.0%   0.662 CG:4    +
   31   142  2   0.0%   0.854 UA:4    +
   31   137  2   0.0%   0.806 UA:4    +
   32    51  2   0.0%   0.596 UG:4    +
  110   123  2   0.0%   0.009 AU:4    +
    2    38  2   0.0%   0.009 CG:4    +
   44   136  2   0.0%   0.062 GC:4    +
   33   100  2   0.0%   0.454 UA:4    +
   33   142  2   0.0%   0.699 UA:4    +
   78    91  2   0.0%   0.629 UG:4    +
   40    45  2   0.0%   0.023 CG:4    +
   29   134  2   0.0%   0.451 CG:4    +
   34   144  2   0.0%   1.051 GU:4    +
   31    98  2   0.0%   0.615 UA:4    +
   33    98  2   0.0%   0.457 UA:4    +
  115   126  2   0.0%   0.002 GU:4    +
   24    47  2   0.0%   0.020 UA:4    +
  144   148  2   0.0%   0.642 UG:4    +
   90    98  2   0.0%   0.205 UA:4    +
   64    78  2   0.0%   0.038 AU:4    +
   62   154  2   0.0%   0.448 AU:4    +
   15    76  2   0.0%   0.054 UA:4    +
   76   155  2   0.0%   0.087 AU:4    +
   32    41  2   0.0%   0.587 UA:4    +
   24    52  2   0.0%   0.021 UA:4    +
   58    71  2   0.0%   0.049 UA:4    +
   34   138  2   0.0%   0.681 GU:4    +
   31    55  2   0.0%   0.595 UA:4    +
   31    52  2   0.0%   0.595 UA:4    +
   33   146  2   0.0%   0.476 UG:4    +
   26    51  2   0.0%   0.359 UG:4    +
   22    33  2   0.0%   0.562 AU:4    +
   17    40  2   0.0%   0.358 GC:4    +
   90   152  2   0.0%   0.109 UA:4    +
   71    97  2   0.0%   0.380 AU:4    +
   37    51  2   0.0%   0.006 UG:4    +
   35    53  2   0.0%   0.055 AU:4    +
  103   138  2   0.0%   0.419 GU:4    +
   37    95  2   0.0%   0.027 UA:4    +
   58    83  2   0.0%   0.020 UA:4    +
    9    35  2   0.0%   0.011 UA:4    +
   25   137  2   0.0%   0.260 UA:4    +
   91   138  2   0.0%   0.377 GU:4    +
   92   135  2   0.0%   0.460 GU:4    +
   10   144  2   0.0%   0.056 GU:4    +
   58   137  2   0.0%   0.447 UA:4    +
   40    44  2   0.0%   0.023 CG:4    +
    6    14  2   0.0%   0.000 UA:4    +
   33    64  2   0.0%   0.466 UA:4    +
   98   104  2   0.0%   0.125 AU:4    +
  101   138  2   0.0%   0.774 AU:4    +
    7    35  2   0.0%   0.007 UA:4    +
   25    47  2   0.0%   0.052 UA:4    +
   31    64  2   0.0%   0.621 UA:4    +
   41    90  2   0.0%   0.025 AU:4    +
    7    85  2   0.0%   0.006 UA:4    +
  143   148  2   0.0%   0.891 UG:4    +
   29    91  2   0.0%   0.230 CG:4    +
   28    92  2   0.0%   0.376 CG:4    +
   40    91  2   0.0%   0.021 CG:4    +
   90   142  2   0.0%   0.340 UA:4    +
   46   136  2   0.0%   0.056 GC:4    +
   81    92  2   0.0%   0.391 UG:4    +
   35    60  2   0.0%   0.356 AU:4    +
   80   107  2   0.0%   0.597 CG:4    +
   86    90  2   0.0%   0.184 AU:4    +
   25   142  2   0.0%   0.308 UA:4    +
   25    52  2   0.0%   0.054 UA:4    +
   11    97  2   0.0%   0.424 GU:4    +
   19    78  2   0.0%   0.229 AU:4    +
  140   148  2   0.0%   0.430 UG:4    +
  114   124  2   0.0%   0.004 UA:4    +
   78   109  2   0.0%   0.463 UA:4    +
   35   140  2   0.0%   0.544 AU:4    +
   82    97  2   0.0%   0.338 AU:4    +
   58    82  2   0.0%   0.020 UA:4    +
   10    40  2   0.0%   0.026 GC:4    +
   20   142  2   0.0%   0.482 UA:4    +
   24   130  2   0.0%   0.027 UA:4    +
   23    92  2   0.0%   0.191 CG:4    +
   35   133  2   0.0%   0.378 AU:4    +
   33   152  2   0.0%   0.472 UA:4    +
   77   142  2   0.0%   0.348 UA:4    +
   92   145  2   0.0%   0.301 GC:4    +
    5    15  2   0.0%   0.000 AU:4    +
   31    38  2   0.0%   0.593 UG:4    +
   70    90  2   0.0%   0.517 GU:4    +
   64    97  2   0.0%   0.123 AU:4    +
   37   152  2   0.0%   0.043 UA:4    +
   83   139  2   0.0%   0.147 AU:4    +
   33   134  2   0.0%   0.661 UG:4    +
   80   148  2   0.0%   0.632 CG:4    +
   18    35  2   0.0%   0.326 UA:4    +
   31    94  2   0.0%   0.618 UG:4    +
   24    98  2   0.0%   0.033 UA:4    +
   31    83  2   0.0%   0.604 UA:4    +
   77   110  2   0.0%   0.095 UA:4    +
   71   154  2   0.0%   0.583 AU:4    +
    5     9  2   0.0%   0.002 AU:4    +
   20    64  2   0.0%   0.007 UA:4    +
   20    38  2   0.0%   0.005 UG:4    +
   31    41  2   0.0%   0.592 UA:4    +
    6   152  2   0.0%   0.037 UA:4    +
   29   148  2   0.0%   0.271 CG:4    +
   39    92  2   0.0%   0.020 UG:4    +
   33    83  2   0.0%   0.449 UA:4    +
   28    38  2   0.0%   0.354 CG:4    +
   20    62  2   0.0%   0.007 UA:4    +
   31    45  2   0.0%   0.604 UG:4    +
   66   139  2   0.0%   0.594 GU:4    +
   19    31  2   0.0%   0.780 AU:4    +
   47   139  2   0.0%   0.051 AU:4    +
   25    83  2   0.0%   0.062 UA:4    +
   81   106  2   0.0%   0.202 UA:4    +
  100   144  2   0.0%   1.328 AU:4    +
   20   124  2   0.0%   0.044 UA:4    +
   17    31  2   0.0%   0.947 GU:4    +
    5   108  2   0.0%   0.010 AU:4    +
   90   151  2   0.0%   0.101 UA:4    +
   58   109  2   0.0%   0.240 UA:4    +
    6    86  2   0.0%   0.005 UA:4    +
  128   154  2   0.0%   0.345 AU:4    +
   76   143  2   0.0%   0.608 AU:4    +
   25   134  2   0.0%   0.273 UG:4    +
    6    95  2   0.0%   0.005 UA:4    +
   14    58  2   0.0%   0.506 AU:4    +
  107   127  2   0.0%   0.115 GU:4    +
   24   100  2   0.0%   0.032 UA:4    +
    7    14  2   0.0%   0.000 UA:4    +
   47   138  2   0.0%   0.206 AU:4    +
   45   136  2   0.0%   0.053 GC:4    +
    7    94  2   0.0%   0.006 UG:4    +
   31    85  2   0.0%   0.600 UA:4    +
   31   152  2   0.0%   0.628 UA:4    +
   77    92  2   0.0%   0.261 UG:4    +
   98   144  2   0.0%   1.172 AU:4    +
    8    42  2   0.0%   0.004 UA:4    +
   33    44  2   0.0%   0.444 UG:4    +
  142   154  2   0.0%   0.881 AU:4    +
   46   139  2   0.0%   0.046 GU:4    +
   40    92  2   0.0%   0.022 CG:4    +
   32    54  2   0.0%   0.597 UA:4    +
   32    98  2   0.0%   0.613 UA:4    +
   37    94  2   0.0%   0.034 UG:4    +
   98   154  2   0.0%   0.949 AU:4    +
   20    35  2   0.0%   0.011 UA:4    +
   95   154  2   0.0%   1.116 AU:4    +
    2   148  2   0.0%   0.013 CG:4    +
    2    92  2   0.0%   0.013 CG:4    +
   77    98  2   0.0%   0.214 UA:4    +
   64    90  2   0.0%   0.148 AU:4    +
   62   139  2   0.0%   0.145 AU:4    +
   62   138  2   0.0%   0.296 AU:4    +
   25    98  2   0.0%   0.068 UA:4    +
   66   136  2   0.0%   0.652 GC:4    +
   32    82  2   0.0%   0.605 UA:4    +
   11    78  2   0.0%   0.426 GU:4    +
   25   152  2   0.0%   0.083 UA:4    +
   85   154  2   0.0%   0.383 AU:4    +
   51    58  2   0.0%   0.015 GU:4    +
   35    65  2   0.0%   0.383 AU:4    +
  139   149  2   0.0%   0.314 UA:4    +
   24   142  2   0.0%   0.273 UA:4    +
   68   139  2   0.0%   0.634 AU:4    +
   33    38  2   0.0%   0.423 UG:4    +
   20    71  2   0.0%   0.072 UA:4    +
   31    88  2   0.0%   0.600 UA:4    +
   41   139  2   0.0%   0.045 AU:4    +
  144   152  2   0.0%   0.615 UA:4    +
    6    64  2   0.0%   0.005 UA:4    +
   92   143  2   0.0%   0.757 GU:4    +
   20    95  2   0.0%   0.043 UA:4    +
   61   139  2   0.0%   0.176 GU:4    +
    2    94  2   0.0%   0.013 CG:4    +
   20    41  2   0.0%   0.005 UA:4    +
   83   138  2   0.0%   0.302 AU:4    +
   41   144  2   0.0%   0.568 AU:4    +
   92   154  2   0.0%   0.529 GU:4    +
   64   138  2   0.0%   0.316 AU:4    +
   25   110  2   0.0%   0.062 UA:4    +
   66    97  2   0.0%   0.486 GU:4    +
   85    97  2   0.0%   0.182 AU:4    +
   31    46  2   0.0%   0.604 UG:4    +
   33    51  2   0.0%   0.434 UG:4    +
    7    11  2   0.0%   0.005 UG:4    +
   90   149  2   0.0%   0.109 UA:4    +
   24    71  2   0.0%   0.054 UA:4    +
   58   100  2   0.0%   0.246 UA:4    +
   28   107  2   0.0%   0.377 CG:4    +
   35   155  2   0.0%   0.392 AU:4    +
    7    86  2   0.0%   0.005 UA:4    +
   20    54  2   0.0%   0.007 UA:4    +
   70    97  2   0.0%   0.597 GU:4    +
    5    32  2   0.0%   0.000 AU:4    +
   58    88  2   0.0%   0.019 UA:4    +
   25    70  2   0.0%   0.092 UG:4    +
  104   124  2   0.0%   0.002 UA:4    +
   32    38  2   0.0%   0.588 UG:4    +
   59   134  2   0.0%   0.281 CG:4    +
   68   123  2   0.0%   0.600 AU:4    +
   88   144  2   0.0%   0.650 AU:4    +
   32    52  2   0.0%   0.597 UA:4    +
  107   129  2   0.0%   0.010 GC:4    +
   28   148  2   0.0%   0.409 CG:4    +
   86   139  2   0.0%   0.137 AU:4    +
   37    44  2   0.0%   0.014 UG:4    +
   35    89  2   0.0%   0.350 AU:4    +
   32   101  2   0.0%   0.609 UA:4    +
   25    66  2   0.0%   0.094 UG:4    +
    7   151  2   0.0%   0.046 UA:4    +
   13    29  3   0.1%   0.378 GC:3    +
    3    10  3   0.1%   0.019 UG:3    +
    8   148  3   0.1%   0.077 UG:3    +
   93   138  3   0.0%   0.565 GU:3    +
   20    96  3   0.0%   0.054 UG:3    +
   69    85  3   0.0%   0.213 UA:3    +
    3    83  3   0.0%   0.019 UA:3    +
   74    84  3   0.0%   0.214 CG:3    +
   35    57  3   0.0%   0.729 AU:3    +
    2    84  3   0.0%   0.018 CG:3    +
   59    84  3   0.0%   0.024 CG:3    +
   87    98  3   0.0%   0.214 UA:3    +
    3     9  3   0.0%   0.006 AU:3    +
   28    93  3   0.0%   0.382 CG:3    +
   80    84  3   0.0%   0.656 CG:3    +
   41    49  3   0.0%   0.020 AU:3    +
   82    87  3   0.0%   0.268 AU:3    +
    3   156  3   0.0%   0.032 UA:3    +
  130   154  3   0.0%   0.357 AU:3    +
   49    54  3   0.0%   0.111 UA:3    +
    8    35  3   0.0%   0.010 UA:3    +
   28    96  3   0.0%   0.387 CG:3    +
   43   147  3   0.0%   0.058 UA:3    +
    3    65  3   0.0%   0.011 AU:3    +
    3    16  3   0.0%   0.009 AU:3    +
    6    96  3   0.0%   0.007 UG:3    +
   93    97  3   0.0%   0.491 GU:3    +
   73    84  3   0.0%   0.127 CG:3    +
   87   142  3   0.0%   0.347 UA:3    +
   84   145  3   0.0%   0.187 GC:3    +
   33    93  3   0.0%   0.462 UG:3    +
   22    49  3   0.0%   0.172 AU:3    +
   69    86  3   0.0%   0.266 UA:3    +
   74    96  3   0.0%   0.390 CG:3    +
   60   147  3   0.0%   0.137 UA:3    +
   58    96  3   0.0%   0.269 UG:3    +
   80    96  3   0.0%   0.731 CG:3    +
   74    93  3   0.0%   0.604 CG:3    +
   59    93  3   0.0%   0.282 CG:3    +
  113   120  3   0.0%   0.044 AU:3    +
   23    96  3   0.0%   0.200 CG:3    +
  114   130  3   0.0%   0.019 UA:3    +
   31    93  3   0.0%   0.617 UG:3    +
   68    87  3   0.0%   0.566 AU:3    +
    2    96  3   0.0%   0.013 CG:3    +
   62    87  3   0.0%   0.030 AU:3    +
    3   133  3   0.0%   0.013 AU:3    +
  113   117  3   0.0%   0.001 AU:3    +
   25    96  3   0.0%   0.071 UG:3    +
    3    95  3   0.0%   0.013 UA:3    +
   62    69  3   0.0%   0.059 AU:3    +
   77    96  3   0.0%   0.229 UG:3    +
   29    93  3   0.0%   0.236 CG:3    +
   27   117  3   0.0%   0.236 AU:3    +
    3   154  3   0.0%   0.349 AU:3    +
   49   101  3   0.0%   0.107 UA:3    +
   93   144  3   0.0%   1.003 GU:3    +
  140   147  3   0.0%   0.398 UA:3    +
  117   124  3   0.0%   0.005 UA:3    +
   29    96  3   0.0%   0.249 CG:3    +
  105   129  3   0.0%   0.107 GC:3    +
    1    97  3   0.0%   0.006 AU:3    +
   89   147  3   0.0%   0.143 UA:3    +
  104   130  3   0.0%   0.031 UA:3    +
  105   125  3   0.0%   0.001 GC:3    +
   52    69  3   0.0%   0.048 AU:3    +
   31    96  3   0.0%   0.621 UG:3    +
   23    93  3   0.0%   0.192 CG:3    +
   40    84  3   0.0%   0.021 CG:3    +
   78    93  3   0.0%   0.810 UG:3    +
   59   157  3   0.0%   0.066 CG:3    +
   77    93  3   0.0%   0.441 UG:3    +
   41    69  3   0.0%   0.055 AU:3    +
    3   155  3   0.0%   0.059 AU:3    +
  132   147  3   0.0%   0.634 UA:3    +
   83    87  3   0.0%   0.181 AU:3    +
   80    93  3   0.0%   0.945 CG:3    +
   97   130  3   0.0%   0.141 UA:3    +
    3    82  3   0.0%   0.009 UA:3    +
  135   147  3   0.0%   1.135 UA:3    +
    3   101  3   0.0%   0.013 UA:3    +
   69    95  3   0.0%   0.556 UA:3    +
  110   120  3   0.0%   0.000 AU:3    +
   32    96  3   0.0%   0.619 UG:3    +
   93   145  3   0.0%   0.554 GC:3    +
    3    81  3   0.0%   0.009 AU:3    +
   96   144  3   0.0%   1.009 GU:3    +
   25    93  3   0.0%   0.062 UG:3    +
    7   157  3   0.0%   0.038 UG:3    +
  130   139  3   0.0%   0.263 AU:3    +
   59    96  3   0.0%   0.089 CG:3    +
   33    96  3   0.0%   0.462 UG:3    +
  130   138  3   0.0%   0.435 AU:3    +
  126   157  3   0.0%   0.008 UG:3    +
   78    96  3   0.0%   0.596 UG:3    +
   81   147  3   0.0%   0.239 UA:3    +
   13    59  3   0.0%   0.785 GC:3    +
    3    43  3   0.0%   0.008 AU:3    +
    6   157  3   0.0%   0.026 UG:3    +
    3    79  3   0.0%   0.009 UA:3    +
   71   117  3   0.0%   0.248 AU:3    +
  112   117  3   0.0%   0.001 GU:3    +
    3    84  3   0.0%   0.015 UA:3    +
  130   144  3   0.0%   0.576 AU:3    +
    7    96  3   0.0%   0.007 UG:3    +
   87    95  3   0.0%   0.476 UA:3    +
   22   120  3   0.0%   0.172 AU:3    +
  109   120  3   0.0%   0.000 AU:3    +
   29   157  3   0.0%   0.243 CG:3    +
   77   157  3   0.0%   0.099 UG:3    +
   32    93  3   0.0%   0.616 UG:3    +
   84   136  3   0.0%   0.174 GC:3    +
   64    69  3   0.0%   0.060 AU:3    +
    3   151  3   0.0%   0.013 UA:3    +
   73    96  3   0.0%   0.307 CG:3    +
    3   110  3   0.0%   0.013 UA:3    +
  111   117  3   0.0%   0.000 AU:3    +
   30    92  3   0.0%   0.411 CG:3    +
   69   124  3   0.0%   0.272 UA:3    +
    3   143  3   0.0%   0.013 AU:3    +
   57   107  3   0.0%   0.767 UG:3    +
   27    49  3   0.0%   0.211 AU:3    +
    3    15  3   0.0%   0.007 AU:3    +
    3    60  3   0.0%   0.008 AU:3    +
  143   147  3   0.0%   0.858 UA:3    +
((((((((((((((..(((......)))..)))..(((((((......)))))))(((((((((((((.........))).....))))))))))....((((((.(((((((.....))))))).))))))...........)))))))))))...
