3 sequence; length of alignment 160
alifold output
   42   151  0  99.9%   0.004 GU:2    UA:1   
   40   153  0  99.9%   0.004 CG:2    UA:1   
   41   152  0  99.9%   0.004 AU:2    UA:1   
   11    36  0  99.9%   0.007 CG:1    AU:2   
   12    35  0  99.8%   0.016 AU:2    UA:1   
   10    37  0  99.8%   0.015 GC:2    UA:1   
   13    34  0  99.6%   0.022 GC:2    UA:1   
   43   150  0 100.0%   0.001 GC:3   
   49   145  0  99.9%   0.002 CG:3   
   46   148  0  99.8%   0.007 GC:3   
   77    86  0  98.5%   0.046 CG:1    UA:2   
   48   146  0  99.2%   0.024 AU:3   
   76    87  0  98.5%   0.047 GC:3   
   50   144  0  97.3%   0.087 GU:1    AU:2   
   75    88  0  97.9%   0.064 GC:3   
   63   136  0  95.1%   0.309 GC:3   
   61   138  0  95.1%   0.442 CG:3   
   62   137  0  95.1%   0.291 AU:3   
   64   135  0  94.7%   0.447 CG:3   
   60   139  0  94.6%   0.474 GU:3   
   78    85  0  92.4%   0.219 UA:3   
   58   141  0  89.3%   0.690 CG:3   
   59   140  1  89.7%   0.533 UA:2   
    9    38  0  82.4%   0.505 AU:2    --:1   
   39   154  1  81.6%   0.524 UA:2   
   74    89  1  80.6%   0.528 GU:1    UA:1   
   51   143  1  78.4%   0.583 GC:2   
   17    28  0  69.1%   0.774 GC:1    UG:2   
   16    29  0  69.1%   0.771 AU:3   
   15    30  0  68.1%   0.798 CG:1    UG:2   
   18    27  1  63.1%   0.880 UG:2   
   72   130  0  53.6%   1.554 GC:3   
   71   131  0  52.2%   1.720 UA:3   
   73    90  0  51.5%   1.039 UA:3   
   44   149  0  49.9%   1.041 GU:1    UA:2   
   45   149  0  49.7%   1.390 GU:1    UA:2    +
   68   133  0  45.4%   1.676 UA:3   
  111   128  0  41.0%   1.929 GC:1    AU:2   
  113   126  0  41.3%   1.563 UA:3   
  112   127  0  41.3%   1.624 AU:3   
   69   132  0  41.1%   1.713 UG:3   
  114   125  1  40.2%   2.150 GC:2   
   67   134  0  38.6%   1.531 AU:3   
   97   116  0  33.5%   1.651 UG:1    UA:2    +
   92    99  0  33.3%   1.509 GC:2    UA:1   
   98   115  0  33.9%   2.055 UA:3    +
   99   114  1  33.9%   1.909 CG:2    +
  110   129  0  32.3%   1.848 UA:3   
   96   117  0  31.8%   1.469 UA:3    +
   17    31  0  29.4%   1.350 GC:1    UA:2    +
   73   129  0  29.7%   1.827 UA:3    +
   18    30  0  28.5%   1.638 CG:1    UG:2    +
   93    98  0  28.9%   1.433 AU:3   
   16    32  0  28.6%   1.333 AU:3    +
   91   100  1  28.0%   1.337 GU:2   
   20    25  0  22.8%   1.074 GC:2    --:1    +
   95   118  1  22.9%   1.279 UA:2    +
  119   126  0  21.7%   1.630 UA:3    +
  120   125  1  21.4%   2.176 GC:2    +
  118   127  0  20.4%   1.907 AU:3    +
   56   142  0  16.4%   1.014 UA:2    --:1    +
   94   120  0  14.2%   1.053 CG:3    +
  117   128  1  14.7%   1.928 AU:2    +
  101   108  0  11.8%   1.042 GU:1    AU:2    +
   69   111  0  10.9%   0.779 UG:1    UA:2    +
  102   107  1  11.3%   1.079 CG:1    UA:1    +
   68   112  0  10.9%   0.769 UA:3    +
   74   128  1  11.4%   1.041 GU:2    +
   71   109  0  10.8%   0.915 UA:3    +
   67   113  0  10.7%   0.762 AU:3    +
  100   109  0  10.7%   1.478 UA:3    +
   53   140  0   9.6%   0.684 AU:1    UA:2    +
   70   110  1  10.8%   0.744 AU:2    +
   52   141  0  10.1%   0.753 CG:3    +
   66   114  0  10.1%   0.730 UG:3    +
   72   108  0  10.0%   0.870 GU:3    +
   55   143  0   9.2%   0.909 GC:2    --:1    +
  120   130  0   7.5%   1.918 GC:3    +
  102   111  1   7.3%   1.161 CG:1    UA:1    +
   22    27  1   7.7%   0.919 CG:2    +
  119   131  0   6.6%   1.764 UA:3    +
   65   115  1   6.5%   0.567 UA:2    +
   73   107  0   4.3%   0.891 UG:1    UA:2    +
   66   133  0   4.8%   0.895 UA:3    +
   61   135  0   4.7%   0.443 CG:3    +
   60   136  0   4.7%   0.433 GC:3    +
   58   138  0   4.6%   0.436 CG:3    +
   57   143  0   3.6%   1.018 GC:2    GU:1    +
   57   139  0   4.5%   0.507 GU:3    +
  114   130  0   4.4%   1.867 GC:3    +
   71    92  1   4.8%   0.463 UG:2    +
   62   134  0   4.2%   0.414 AU:3    +
   22    28  1   4.5%   0.926 CG:2    +
   91   125  1   4.5%   1.178 GC:2    +
   92   124  1   4.4%   1.249 GC:2    +
   64   132  0   3.9%   0.403 CG:3    +
   94   121  0   3.8%   0.865 CG:3    +
  113   131  0   3.7%   1.696 UA:3    +
   97   105  0   3.5%   0.699 UA:3    +
   91    99  1   4.0%   0.412 GC:2    +
   96   106  0   3.5%   0.609 UA:3    +
   72    94  0   3.4%   0.376 GC:3    +
   96   105  0   3.3%   0.373 UA:3    +
   90   100  0   3.2%   0.689 AU:3    +
   74   125  0   2.1%   0.481 GC:2    UA:1    +
   92    98  1   3.3%   0.519 GU:2    +
   97   104  1   3.2%   0.463 UA:2    +
   53   142  1   3.2%   0.567 UA:2    +
   93    97  0   2.6%   0.438 AU:3    +
   98   104  1   3.1%   0.936 UA:2    +
   73    93  0   2.6%   0.678 UA:3    +
   21    29  1   3.1%   0.653 AU:2    +
   65   131  1   3.0%   0.536 UA:2    +
   96   107  0   1.4%   0.683 UG:1    UA:2    +
  121   128  0   1.2%   1.371 GC:1    GU:2    +
   19    30  0   1.2%   0.847 CG:1    UG:2    +
   95   106  1   2.7%   0.339 UA:2    +
   73   126  0   2.1%   0.913 UA:3    +
   95   107  1   2.5%   0.559 UA:2    +
   14    51  0   0.0%   0.010 CG:1    UG:1    AU:1    +
   14    20  0   0.0%   0.001 CG:1    UG:1    AU:1    +
   95   120  1   2.5%   1.205 UG:2    +
   72   127  0   1.9%   0.738 GU:3    +
   98   111  0   0.8%   1.052 UG:1    UA:2    +
   23    27  1   2.3%   0.783 UG:2    +
   97   106  0   1.8%   0.794 UA:3    +
   66   132  0   1.8%   0.696 UG:3    +
   65   132  0   0.7%   0.564 CG:1    UG:2    +
  103   109  0   1.7%   0.733 UA:3    +
   98   105  0   1.7%   1.035 UA:3    +
   21    26  0   0.7%   0.141 AU:2    UA:1    +
   20    26  0   0.6%   0.493 GU:2    UA:1    +
  128   132  0   0.6%   1.809 CG:1    UG:2    +
  101   110  0   0.5%   0.605 GU:1    AU:2    +
   54   144  0   1.5%   0.315 GU:2    --:1    +
  103   111  0   0.5%   0.689 UG:1    UA:2    +
   77   121  0   0.4%   0.090 CG:1    UG:2    +
  100   111  0   0.4%   1.108 UG:1    UA:2    +
   82   116  0   0.4%   0.077 UG:1    UA:2    +
  107   134  0   0.4%   1.183 GU:1    AU:2    +
   97   111  0   0.4%   0.727 UG:1    UA:2    +
   68   107  0   0.4%   0.085 UG:1    UA:2    +
   71   126  0   1.4%   0.594 UA:3    +
  108   131  0   1.3%   1.352 UA:3    +
   75   124  0   1.3%   0.211 GC:3    +
  120   128  0   0.3%   1.838 GC:1    GU:2    +
  101   113  0   0.3%   0.612 GU:1    AU:2    +
   65    72  0   0.3%   0.067 CG:1    UG:2    +
   65   133  1   1.8%   0.576 UA:2    +
   54   143  0   1.2%   0.394 GC:2    --:1    +
  116   134  0   0.2%   1.084 GU:1    AU:2    +
   72   128  0   0.2%   0.598 GC:1    GU:2    +
   96   116  0   0.2%   0.425 UG:1    UA:2    +
   98   116  0   0.2%   1.538 UG:1    UA:2    +
  107   113  0   0.1%   0.895 GU:1    AU:2    +
   92   125  0   0.1%   1.131 GC:2    UA:1    +
   50    65  0   0.1%   0.024 GC:1    AU:2    +
   91   124  1   1.6%   0.835 GC:2    +
  102   114  0   0.1%   1.159 CG:2    UG:1    +
  114   128  0   0.1%   1.770 GC:1    GU:2    +
  101   119  0   0.1%   0.420 GU:1    AU:2    +
   70    95  0   0.1%   0.025 AU:2    UA:1    +
  100   107  0   0.1%   0.825 UG:1    UA:2    +
   97   107  0   0.1%   0.741 UG:1    UA:2    +
   72   102  0   0.1%   0.165 GC:2    GU:1    +
    4    30  0   0.1%   0.017 CG:1    UG:2    +
   73   101  0   0.1%   0.468 UG:1    UA:2    +
   96   101  0   0.1%   0.040 UG:1    UA:2    +
   65   135  0   0.0%   0.641 CG:1    UG:2    +
  103   107  0   0.0%   0.600 UG:1    UA:2    +
   52    57  0   1.0%   0.143 CG:3    +
  102   121  0   0.0%   0.687 CG:2    UG:1    +
  111   134  0   0.0%   1.496 GU:1    AU:2    +
   65   121  0   0.0%   0.228 CG:1    UG:2    +
  102   132  0   0.0%   1.125 CG:2    UG:1    +
   10    34  0   0.0%   0.014 GC:2    UA:1    +
   17    27  0   0.0%   0.012 GC:1    UG:2    +
   98   107  0   0.0%   0.989 UG:1    UA:2    +
   83    92  0   0.0%   0.187 UG:2    AU:1    +
   65   114  0   0.0%   0.041 CG:1    UG:2    +
   95   122  0   0.0%   0.712 AU:1    UA:2    +
  110   116  0   0.0%   0.761 UG:1    UA:2    +
   22    30  0   0.0%   1.032 CG:2    UG:1    +
   88   120  0   1.0%   0.194 CG:3    +
   83   122  0   0.0%   0.087 AU:1    UA:2    +
   66   111  0   0.0%   0.039 UG:1    UA:2    +
   65   101  0   0.0%   0.034 CG:1    UA:2    +
   66   101  0   0.0%   0.016 UG:1    UA:2    +
   96   111  0   0.0%   0.563 UG:1    UA:2    +
   65   107  0   0.0%   0.036 CG:1    UA:2    +
   20    34  0   0.0%   0.468 GC:2    UA:1    +
  116   127  0   0.0%   0.953 GU:1    AU:2    +
  107   119  0   0.0%   0.683 GU:1    AU:2    +
   50   146  0   0.0%   0.046 GU:1    AU:2    +
   65   111  0   0.0%   0.036 CG:1    UA:2    +
   97   101  0   0.0%   0.129 UG:1    UA:2    +
  103   116  0   0.0%   0.579 UG:1    UA:2    +
  101   128  0   0.0%   0.607 GC:1    AU:2    +
   71   107  0   0.0%   0.197 UG:1    UA:2    +
  102   120  0   0.0%   0.927 CG:2    UG:1    +
  108   116  0   0.0%   1.029 UG:1    UA:2    +
   81   121  0   0.0%   0.034 CG:2    UG:1    +
   31    36  0   0.0%   0.416 CG:1    AU:2    +
   76    81  0   0.0%   0.002 GC:2    GU:1    +
   69   101  0   0.0%   0.034 UG:1    UA:2    +
  100   116  0   0.0%   1.235 UG:1    UA:2    +
   26    41  0   0.0%   0.071 AU:1    UA:2    +
   66   116  0   0.0%   0.276 UG:1    UA:2    +
  107   127  0   0.0%   0.727 GU:1    AU:2    +
    1    10  0   0.0%   0.002 CG:2    AU:1    +
   65    75  0   0.0%   0.030 CG:1    UG:2    +
   63    77  0   0.0%   0.020 GC:1    GU:2    +
   15    50  0   0.0%   0.273 CG:1    UA:2    +
   19    46  0   0.0%   0.117 CG:1    UG:2    +
   12    53  0   0.0%   0.011 AU:2    UA:1    +
   20    45  0   0.0%   0.461 GU:2    UG:1    +
   84    92  0   0.0%   0.168 CG:2    AU:1    +
  128   141  0   0.0%   1.434 CG:1    UG:2    +
   21    44  0   0.0%   0.149 UG:1    AU:2    +
    2    31  0   0.0%   0.004 GC:1    UA:2    +
   81   120  0   0.0%   0.035 CG:2    UG:1    +
   50    59  0   0.0%   0.002 GU:1    AU:2    +
  111   119  0   0.0%   0.653 GU:1    AU:2    +
   65   120  0   0.0%   0.222 CG:1    UG:2    +
  107   128  0   0.0%   0.872 GC:1    AU:2    +
   71   101  0   0.0%   0.171 UG:1    UA:2    +
   78    86  0   0.0%   0.089 UG:1    UA:2    +
   45   147  0   0.0%   0.001 GU:1    UG:2    +
  101   139  0   0.0%   0.545 GU:1    AU:2    +
  102   138  0   0.0%   0.662 CG:2    UG:1    +
   71   111  0   0.0%   0.658 UG:1    UA:2    +
    3    30  0   0.0%   0.003 CG:1    UG:2    +
   63   143  0   0.0%   0.654 GC:2    GU:1    +
  101   134  0   0.0%   0.839 GU:1    AU:2    +
   74    99  0   0.0%   0.179 GC:2    UA:1    +
   13    35  0   0.0%   0.017 GU:2    UA:1    +
   41   158  0   0.0%   0.003 AU:2    UA:1    +
   68   101  0   0.0%   0.023 UG:1    UA:2    +
   76   102  0   0.0%   0.023 GC:2    GU:1    +
   77   101  0   0.0%   0.024 CG:1    UA:2    +
   86   103  0   0.0%   0.023 GU:1    AU:2    +
   81   132  0   0.0%   0.643 CG:2    UG:1    +
   66   107  0   0.0%   0.016 UG:1    UA:2    +
   86   110  0   0.0%   0.259 GU:1    AU:2    +
    1    13  0   0.0%   0.001 CG:2    AU:1    +
    2    12  0   0.0%   0.004 GU:1    UA:2    +
   86   108  0   0.0%   0.268 GU:1    AU:2    +
  121   143  0   0.0%   0.905 GC:2    GU:1    +
   69   107  0   0.0%   0.073 UG:1    UA:2    +
   63   102  0   0.0%   0.019 GC:2    GU:1    +
  111   127  0   0.0%   0.688 GU:1    AU:2    +
  101   127  0   0.0%   0.461 GU:1    AU:2    +
   80    86  0   0.0%   0.017 UG:1    UA:2    +
   22    43  0   0.0%   0.346 CG:2    UG:1    +
   86   113  0   0.0%   0.279 GU:1    AU:2    +
   43   155  0   0.0%   0.001 GC:2    GU:1    +
   41   151  0   0.0%   0.001 AU:2    UA:1    +
   81   114  0   0.0%   0.236 CG:2    UG:1    +
    6   153  0   0.0%   0.006 CG:2    UA:1    +
   53    70  0   0.0%   0.010 AU:1    UA:2    +
    2    11  0   0.0%   0.003 GC:1    UA:2    +
   82    86  0   0.0%   0.016 UG:1    UA:2    +
   74    84  0   0.0%   0.003 GC:2    UA:1    +
   69   116  0   0.0%   0.299 UG:1    UA:2    +
   71   116  0   0.0%   0.420 UG:1    UA:2    +
   75   128  0   0.0%   0.400 GC:1    GU:2    +
    6   145  0   0.0%   0.006 CG:2    UG:1    +
   42   152  0   0.0%   0.003 GU:2    UA:1    +
   12    36  0   0.0%   0.011 UG:1    AU:2    +
   74    83  0   0.0%   0.003 GU:2    UA:1    +
   13    37  0   0.0%   0.014 GC:2    UA:1    +
   68   116  0   0.0%   0.291 UG:1    UA:2    +
   74    95  0   0.0%   0.186 GU:2    UA:1    +
    6    57  0   0.0%   0.006 CG:2    UG:1    +
   51   151  0   0.0%   0.208 GU:2    UA:1    +
  145   155  0   0.0%   0.004 GC:2    GU:1    +
    6    30  0   0.0%   0.011 CG:2    UG:1    +
   86   127  0   0.0%   0.149 GU:1    AU:2    +
   53   149  0   0.0%   1.043 AU:1    UA:2    +
   75    81  0   0.0%   0.001 GC:2    GU:1    +
   78   111  0   0.0%   0.318 UG:1    UA:2    +
   68   111  0   0.0%   0.047 UG:1    UA:2    +
    2    41  0   0.0%   0.004 GU:1    UA:2    +
    1    42  0   0.0%   0.001 CG:2    AU:1    +
   87   121  0   1.0%   0.181 CG:3    +
   68   131  0   0.9%   0.575 UA:3    +
  100   112  0   0.9%   1.183 UA:3    +
  104   108  1   1.3%   0.934 AU:2    +
   97   112  0   0.8%   0.819 UA:3    +
   76   124  0   0.8%   0.205 GC:3    +
   68   132  0   0.8%   0.694 UG:3    +
   20    24  1   1.2%   0.166 GC:2    +
   66   131  0   0.7%   0.494 UA:3    +
   72   125  1   1.2%   0.567 GC:2    +
   70   127  1   1.2%   0.420 AU:2    +
  123   127  0   0.7%   1.068 AU:3    +
  114   124  0   0.6%   1.113 GC:3    +
  127   133  0   0.6%   1.706 UA:3    +
  126   134  0   0.6%   1.549 AU:3    +
  121   130  0   0.6%   1.060 GC:3    +
   54   139  0   0.6%   0.097 GU:2    --:1    +
   69   131  0   0.5%   0.584 UA:3    +
  120   124  0   0.5%   0.905 GC:3    +
   94   114  0   0.5%   0.457 CG:3    +
   89   119  1   1.0%   0.348 AU:2    +
   79   119  0   0.5%   0.098 AU:3    +
   78   120  0   0.5%   0.153 UG:3    +
   80   118  0   0.4%   0.078 UA:3    +
   85   113  0   0.4%   0.383 AU:3    +
  110   133  0   0.4%   1.409 UA:3    +
  108   133  0   0.4%   1.350 UA:3    +
  109   134  0   0.4%   1.207 AU:3    +
   69   133  0   0.4%   1.349 UA:3    +
   67   108  0   0.4%   0.083 AU:3    +
  122   127  1   0.9%   1.037 AU:2    +
   96   112  0   0.4%   0.621 UA:3    +
   66   109  0   0.3%   0.072 UA:3    +
   69   106  0   0.3%   0.091 UA:3    +
    7    39  0   0.3%   0.075 AU:2    --:1    +
   69   129  0   0.3%   0.373 UA:3    +
  103   112  0   0.3%   0.513 UA:3    +
   96   118  0   0.3%   1.141 UA:3    +
  113   118  0   0.3%   0.752 UA:3    +
   72   124  0   0.3%   0.439 GC:3    +
   71   129  0   0.3%   0.562 UA:3    +
    7    38  0   0.3%   0.051 AU:2    --:1    +
   19    28  1   0.8%   0.397 UG:2    +
  112   119  0   0.3%   0.524 AU:3    +
   71   133  0   0.3%   1.472 UA:3    +
   97   117  0   0.3%   1.293 UA:3    +
   77   123  1   0.7%   0.165 UA:2    +
   69    93  0   0.2%   0.073 UA:3    +
   75   125  1   0.7%   0.324 GC:2    +
   73   131  0   0.2%   1.644 UA:3    +
   97   115  0   0.2%   0.749 UA:3    +
   68    93  0   0.2%   0.049 UA:3    +
  119   129  0   0.2%   1.287 UA:3    +
  130   138  0   0.2%   0.942 CG:3    +
  131   137  0   0.2%   1.024 AU:3    +
   93   108  0   0.2%   0.891 AU:3    +
  132   136  0   0.2%   0.931 GC:3    +
   73   123  0   0.2%   0.637 UA:3    +
  121   127  0   0.2%   1.112 GU:3    +
   56   140  0   0.2%   0.265 UA:2    --:1    +
   66   135  0   0.2%   0.773 UG:3    +
   68   129  0   0.2%   0.339 UA:3    +
   98   114  0   0.2%   1.049 UG:3    +
  129   139  0   0.2%   1.063 AU:3    +
   18    31  1   0.7%   1.124 UA:2    +
  116   128  1   0.2%   1.132 GU:1    AU:1    +
  105   134  0   0.2%   0.872 AU:3    +
   78   122  1   0.6%   0.199 UA:2    +
   96   115  0   0.1%   0.576 UA:3    +
   20    29  1   0.6%   0.784 GU:2    +
   52    63  0   0.1%   0.075 CG:3    +
   93   119  0   0.1%   0.718 AU:3    +
   97   114  0   0.1%   0.798 UG:3    +
   54    61  0   0.1%   0.027 GC:2    --:1    +
  110   118  0   0.1%   0.739 UA:3    +
  109   119  0   0.1%   0.701 AU:3    +
   71    93  0   0.1%   0.214 UA:3    +
  108   112  0   0.1%   0.967 UA:3    +
  100   106  0   0.1%   0.821 UA:3    +
   66   129  0   0.1%   0.299 UA:3    +
   90   103  0   0.1%   0.498 AU:3    +
  112   134  0   0.1%   1.355 AU:3    +
  100   120  0   0.1%   1.283 UG:3    +
  108   120  0   0.1%   1.083 UG:3    +
   91   102  1   0.1%   0.540 GC:1    GU:1    +
  113   133  0   0.1%   1.504 UA:3    +
   95   116  1   0.1%   0.271 UG:1    UA:1    +
  117   127  0   0.1%   0.940 AU:3    +
  105   110  0   0.1%   0.642 AU:3    +
  117   134  0   0.1%   1.320 AU:3    +
  124   132  0   0.1%   1.054 CG:3    +
   97   123  0   0.1%   0.970 UA:3    +
   98   106  0   0.1%   0.989 UA:3    +
  100   114  0   0.1%   1.496 UG:3    +
  103   115  0   0.1%   0.757 UA:3    +
  102   116  1   0.1%   0.905 CG:1    UA:1    +
   64    72  0   0.1%   0.033 CG:3    +
  106   113  0   0.1%   0.633 AU:3    +
    5    29  0   0.1%   0.017 AU:3    +
   98   133  0   0.1%   1.746 UA:3    +
  115   127  0   0.1%   1.139 AU:3    +
   66    72  0   0.1%   0.041 UG:3    +
  100   131  0   0.1%   1.400 UA:3    +
  100   105  0   0.1%   0.798 UA:3    +
  118   134  0   0.1%   1.367 AU:3    +
   67    71  0   0.1%   0.018 AU:3    +
   14    21  1   0.1%   0.016 AU:1    UA:1    +
   10    25  0   0.1%   0.016 GC:2    --:1    +
    9    26  0   0.1%   0.018 AU:2    --:1    +
  113   129  0   0.1%   1.487 UA:3    +
   24    30  0   0.1%   0.754 CG:3    +
    8    27  0   0.1%   0.015 UG:2    --:1    +
   57    64  0   0.1%   0.071 GC:3    +
   58    63  0   0.1%   0.025 CG:3    +
   68    72  0   0.1%   0.042 UG:3    +
   63    73  0   0.1%   0.028 GU:3    +
  106   134  0   0.1%   0.876 AU:3    +
   90    97  0   0.1%   0.366 AU:3    +
  119   133  0   0.1%   1.335 UA:3    +
   97   118  0   0.1%   1.278 UA:3    +
   66   115  0   0.1%   0.456 UA:3    +
   67    73  0   0.1%   0.024 AU:3    +
   72   103  0   0.1%   0.169 GU:3    +
   93   110  0   0.1%   0.868 AU:3    +
   90   127  0   0.1%   0.625 AU:3    +
   65   116  1   0.1%   0.225 UG:1    UA:1    +
  115   134  0   0.1%   1.222 AU:3    +
   73   106  0   0.1%   0.488 UA:3    +
   98   117  0   0.0%   1.506 UA:3    +
   67    96  0   0.0%   0.022 AU:3    +
   98   121  0   0.0%   1.316 UG:3    +
  127   141  0   0.0%   1.316 UG:3    +
   96   123  0   0.0%   0.807 UA:3    +
   93   100  0   0.0%   1.070 AU:3    +
   55   144  0   0.0%   0.326 GU:2    --:1    +
   90    98  0   0.0%   0.367 AU:3    +
   67   119  0   0.0%   0.293 AU:3    +
   66   120  0   0.0%   0.282 UG:3    +
  110   115  0   0.0%   0.937 UA:3    +
   52   145  0   0.0%   0.298 CG:3    +
   68   118  0   0.0%   0.295 UA:3    +
  103   120  0   0.0%   0.615 UG:3    +
  120   127  0   0.0%   1.684 GU:3    +
   14    30  1   0.0%   0.020 CG:1    UG:1    +
  103   114  0   0.0%   0.835 UG:3    +
  108   115  0   0.0%   1.206 UA:3    +
  103   131  0   0.0%   0.730 UA:3    +
   69   117  0   0.0%   0.303 UA:3    +
  100   115  0   0.0%   1.410 UA:3    +
   94   132  0   0.0%   1.188 CG:3    +
  106   110  0   0.0%   0.646 AU:3    +
   90    96  0   0.0%   0.362 AU:3    +
    9    39  0   0.0%   0.196 AU:2    --:1    +
  108   114  0   0.0%   1.291 UG:3    +
  109   113  0   0.0%   0.884 AU:3    +
   67    98  0   0.0%   0.023 AU:3    +
  104   110  1   0.5%   0.659 AU:2    +
  108   132  0   0.0%   1.320 UG:3    +
    9    35  0   0.0%   0.014 AU:2    --:1    +
   75   127  0   0.0%   0.251 GU:3    +
   82    93  0   0.0%   0.141 UA:3    +
   67   127  0   0.0%   0.292 AU:3    +
  105   113  0   0.0%   0.612 AU:3    +
   68   126  0   0.0%   0.296 UA:3    +
   81   116  1   0.0%   0.012 CG:1    UA:1    +
   97   109  0   0.0%   0.689 UA:3    +
  119   123  0   0.0%   0.193 UA:3    +
   57   136  0   0.0%   0.060 GC:3    +
   82   115  0   0.0%   0.191 UA:3    +
  110   117  0   0.0%   0.729 UA:3    +
   96   114  0   0.0%   0.632 UG:3    +
   67    97  0   0.0%   0.020 AU:3    +
   58   135  0   0.0%   0.014 CG:3    +
   96   121  0   0.0%   0.947 UG:3    +
   61    72  0   0.0%   0.015 CG:3    +
   62    71  0   0.0%   0.014 AU:3    +
  103   117  0   0.0%   0.547 UA:3    +
    2     7  0   0.0%   0.005 UA:2    --:1    +
   67   110  0   0.0%   0.046 AU:3    +
  110   121  0   0.0%   0.554 UG:3    +
   92   102  1   0.0%   0.667 GC:1    GU:1    +
    2     9  0   0.0%   0.006 UA:2    --:1    +
  115   119  0   0.0%   0.740 AU:3    +
   68   109  0   0.0%   0.066 UA:3    +
   80    85  0   0.0%   0.077 UA:3    +
   90   110  0   0.0%   0.723 AU:3    +
   96   109  0   0.0%   0.581 UA:3    +
   67   100  0   0.0%   0.023 AU:3    +
   90   119  0   0.0%   0.556 AU:3    +
   61   120  0   0.0%   0.015 CG:3    +
   62   119  0   0.0%   0.016 AU:3    +
   69   126  0   0.0%   0.304 UA:3    +
   97   120  0   0.0%   1.339 UG:3    +
   82   123  0   0.0%   0.083 UA:3    +
   66   106  0   0.0%   0.017 UA:3    +
   68   105  0   0.0%   0.025 UA:3    +
   63   130  0   0.0%   0.024 GC:3    +
   98   112  0   0.0%   1.014 UA:3    +
   71    90  0   0.0%   0.012 UA:3    +
  108   118  0   0.0%   0.985 UA:3    +
  113   132  0   0.0%   1.474 UG:3    +
   90   108  0   0.0%   0.729 AU:3    +
   55   139  0   0.0%   0.035 GU:2    --:1    +
   60    73  0   0.0%   0.004 GU:3    +
  129   134  0   0.0%   1.455 AU:3    +
   80   117  0   0.0%   0.009 UA:3    +
   69   114  0   0.0%   0.530 UG:3    +
  108   117  0   0.0%   0.997 UA:3    +
   54   125  0   0.0%   0.013 GC:2    --:1    +
   88   114  0   0.0%   0.284 CG:3    +
    3     7  0   0.0%   0.005 UA:2    --:1    +
   71   112  0   0.0%   0.659 UA:3    +
   98   109  0   0.0%   0.938 UA:3    +
   55   124  0   0.0%   0.004 GC:2    --:1    +
   68   115  0   0.0%   0.470 UA:3    +
   67   103  0   0.0%   0.023 AU:3    +
   93   127  0   0.0%   0.764 AU:3    +
   60   130  0   0.0%   0.004 GC:3    +
   59   131  0   0.0%   0.004 UA:3    +
   66    93  0   0.0%   0.013 UA:3    +
   93   103  0   0.0%   0.614 AU:3    +
   69   109  0   0.0%   0.074 UA:3    +
  108   129  0   0.0%   1.024 UA:3    +
   69   105  0   0.0%   0.036 UA:3    +
   80    93  0   0.0%   0.137 UA:3    +
   97   132  0   0.0%   1.543 UG:3    +
   69    90  0   0.0%   0.003 UA:3    +
    3     9  0   0.0%   0.005 UA:2    --:1    +
   56   123  0   0.0%   0.003 UA:2    --:1    +
   96   133  0   0.0%   1.362 UA:3    +
   98   131  0   0.0%   1.685 UA:3    +
   58   132  0   0.0%   0.009 CG:3    +
   68   106  0   0.0%   0.025 UA:3    +
  123   134  0   0.0%   0.724 AU:3    +
  110   132  0   0.0%   1.356 UG:3    +
  103   129  0   0.0%   0.567 UA:3    +
  100   129  0   0.0%   1.233 UA:3    +
  105   127  0   0.0%   0.464 AU:3    +
   90   113  0   0.0%   0.743 AU:3    +
   72   134  0   0.0%   1.402 GU:3    +
  110   131  0   0.0%   1.335 UA:3    +
  119   132  0   0.0%   1.307 UG:3    +
   73   105  0   0.0%   0.460 UA:3    +
   56   135  0   0.0%   0.003 UG:2    --:1    +
   55   136  0   0.0%   0.004 GC:2    --:1    +
   89   122  1   0.0%   0.267 AU:1    UA:1    +
   25    42  0   0.0%   0.344 CG:2    --:1    +
   73   133  0   0.0%   1.678 UA:3    +
  108   126  0   0.0%   0.749 UA:3    +
   57   134  0   0.0%   0.055 GU:3    +
   71   105  0   0.0%   0.177 UA:3    +
   82   120  0   0.0%   0.059 UG:3    +
   64    76  0   0.0%   0.021 CG:3    +
   88   121  0   0.0%   0.146 CG:3    +
   58   121  0   0.0%   0.008 CG:3    +
   24    43  0   0.0%   0.062 CG:3    +
   78   121  0   0.0%   0.127 UG:3    +
   71   132  0   0.0%   1.469 UG:3    +
  108   123  0   0.0%   0.668 UA:3    +
   57   124  0   0.0%   0.055 GC:3    +
    4     9  0   0.0%   0.004 UA:2    --:1    +
  127   142  0   0.0%   1.379 UA:3    +
   55    65  0   0.0%   0.009 GU:2    --:1    +
  110   120  0   0.0%   0.805 UG:3    +
   82    90  0   0.0%   0.345 UA:3    +
   59   120  0   0.0%   0.002 UG:3    +
    7   158  0   0.0%   0.039 AU:2    --:1    +
   72   110  0   0.0%   0.632 GU:3    +
  103   133  0   0.0%   0.772 UA:3    +
  113   121  0   0.0%   0.541 UG:3    +
   73   109  0   0.0%   0.858 UA:3    +
   25    30  0   0.0%   1.032 CG:2    --:1    +
   70    89  1   0.0%   0.007 AU:1    UA:1    +
  103   118  0   0.0%   0.533 UA:3    +
  100   118  0   0.0%   1.194 UA:3    +
  110   126  0   0.0%   0.479 UA:3    +
    5   160  0   0.0%   0.009 AU:3    +
  127   131  0   0.0%   1.872 UA:3    +
   64   121  0   0.0%   0.022 CG:3    +
  154   160  0   0.0%   0.171 AU:3    +
  109   127  0   0.0%   0.729 AU:3    +
   62    78  0   0.0%   0.012 AU:3    +
   80   121  0   0.0%   0.056 UG:3    +
  113   117  0   0.0%   0.709 UA:3    +
   66   117  0   0.0%   0.273 UA:3    +
  113   120  0   0.0%   0.794 UG:3    +
   75    87  0   0.0%   0.002 GC:3    +
   55   125  0   0.0%   0.004 GC:2    --:1    +
   63   134  0   0.0%   0.155 GU:3    +
   57   148  0   0.0%   0.320 GC:3    +
   56   149  0   0.0%   1.007 UA:2    --:1    +
   72   100  0   0.0%   0.151 GU:3    +
   55   150  0   0.0%   0.228 GC:2    --:1    +
  110   114  0   0.0%   1.016 UG:3    +
  130   135  0   0.0%   0.926 CG:3    +
   56   141  0   0.0%   0.251 UG:2    --:1    +
   71   115  0   0.0%   0.598 UA:3    +
   61   132  0   0.0%   0.014 CG:3    +
   96   120  0   0.0%   1.190 UG:3    +
   60   119  0   0.0%   0.002 GU:3    +
  113   123  0   0.0%   0.388 UA:3    +
   14    28  1   0.0%   0.012 CG:1    UG:1    +
  100   117  0   0.0%   1.205 UA:3    +
   54   137  0   0.0%   0.011 GU:2    --:1    +
   97   121  0   0.0%   1.090 UG:3    +
    7   160  0   0.0%   0.039 AU:2    --:1    +
   76    94  0   0.0%   0.132 GC:3    +
   98   142  0   0.0%   1.529 UA:3    +
   54    66  0   0.0%   0.010 GU:2    --:1    +
   66   105  0   0.0%   0.014 UA:3    +
  108   135  0   0.0%   0.900 UG:3    +
   71   106  0   0.0%   0.194 UA:3    +
   93   113  0   0.0%   0.878 AU:3    +
  103   126  0   0.0%   0.292 UA:3    +
  103   132  0   0.0%   0.803 UG:3    +
   76    88  0   0.0%   0.039 GC:3    +
   61   145  0   0.0%   0.208 CG:3    +
   62   144  0   0.0%   0.291 AU:3    +
  114   119  0   0.0%   0.821 GU:3    +
  124   141  0   0.0%   0.722 CG:3    +
  127   132  0   0.0%   1.604 UG:3    +
   72    96  0   0.0%   0.156 GU:3    +
   97   133  0   0.0%   1.514 UA:3    +
   60   146  0   0.0%   0.209 GU:3    +
   98   120  0   0.0%   1.553 UG:3    +
   98   132  0   0.0%   1.759 UG:3    +
   54   151  0   0.0%   0.160 GU:2    --:1    +
  106   127  0   0.0%   0.475 AU:3    +
   85   119  0   0.0%   0.127 AU:3    +
   68    90  0   0.0%   0.005 UA:3    +
   86   102  1   0.0%   0.022 GC:1    AU:1    +
  114   134  0   0.0%   1.829 GU:3    +
   63    94  0   0.0%   0.019 GC:3    +
  106   119  0   0.0%   0.429 AU:3    +
   66    90  0   0.0%   0.010 UA:3    +
   43   156  0   0.0%   0.001 GC:3    +
   93   134  0   0.0%   1.141 AU:3    +
   64   141  0   0.0%   0.536 CG:3    +
   87   114  0   0.0%   0.275 CG:3    +
   82   117  0   0.0%   0.032 UA:3    +
   78   123  0   0.0%   0.183 UA:3    +
   54    58  0   0.0%   0.003 GC:2    --:1    +
  120   134  0   0.0%   1.662 GU:3    +
   71   123  0   0.0%   0.417 UA:3    +
   96   132  0   0.0%   1.389 UG:3    +
   74   102  1   0.0%   0.185 GC:1    GU:1    +
    8   154  0   0.0%   0.006 UA:2    --:1    +
   98   118  0   0.0%   1.490 UA:3    +
   57   144  0   0.0%   0.411 GU:3    +
   55    61  0   0.0%   0.009 GC:2    --:1    +
   69   120  0   0.0%   0.302 UG:3    +
  100   123  0   0.0%   0.878 UA:3    +
   72    98  0   0.0%   0.151 GU:3    +
   71   118  0   0.0%   0.419 UA:3    +
   97   131  0   0.0%   1.467 UA:3    +
   72    97  0   0.0%   0.151 GU:3    +
   56    60  0   0.0%   0.001 UG:2    --:1    +
   64   114  0   0.0%   0.021 CG:3    +
   75   103  0   0.0%   0.029 GU:3    +
  110   123  0   0.0%   0.399 UA:3    +
  103   123  0   0.0%   0.212 UA:3    +
   80   133  0   0.0%   0.641 UA:3    +
   72   113  0   0.0%   0.630 GU:3    +
   59   133  0   0.0%   0.003 UA:3    +
   83   116  1   0.0%   0.074 UG:1    UA:1    +
    9   158  0   0.0%   0.173 AU:2    --:1    +
   82   131  0   0.0%   0.595 UA:3    +
   55   137  0   0.0%   0.003 GU:2    --:1    +
  100   133  0   0.0%   1.440 UA:3    +
   79   134  0   0.0%   0.562 AU:3    +
   73   112  0   0.0%   0.840 UA:3    +
   69   135  0   0.0%   0.944 UG:3    +
  124   145  0   0.0%   0.389 CG:3    +
   85   103  0   0.0%   0.081 AU:3    +
   68   121  0   0.0%   0.293 UG:3    +
    7    36  0   0.0%   0.003 AU:2    --:1    +
  123   146  0   0.0%   0.115 AU:3    +
   75    82  0   0.0%   0.001 GU:3    +
   80   120  0   0.0%   0.058 UG:3    +
   55    66  0   0.0%   0.001 GU:2    --:1    +
  121   134  0   0.0%   0.939 GU:3    +
  120   144  0   0.0%   1.140 GU:3    +
   50    56  0   0.0%   0.001 AU:2    --:1    +
   63   124  0   0.0%   0.021 GC:3    +
  108   121  0   0.0%   0.819 UG:3    +
  105   119  0   0.0%   0.418 AU:3    +
   68   123  0   0.0%   0.290 UA:3    +
  126   144  0   0.0%   0.967 AU:3    +
   51    56  0   0.0%   0.001 GU:2    --:1    +
   97   129  0   0.0%   1.316 UA:3    +
   71   114  0   0.0%   0.649 UG:3    +
   76    82  0   0.0%   0.001 GU:3    +
   66   126  0   0.0%   0.275 UA:3    +
  124   135  0   0.0%   0.598 CG:3    +
   63    68  0   0.0%   0.014 GU:3    +
   82   118  0   0.0%   0.054 UA:3    +
    9   160  0   0.0%   0.173 AU:2    --:1    +
   96   131  0   0.0%   1.315 UA:3    +
   49    60  0   0.0%   0.000 CG:3    +
   55    68  0   0.0%   0.001 GU:2    --:1    +
   63    69  0   0.0%   0.014 GU:3    +
   54    69  0   0.0%   0.010 GU:2    --:1    +
   96   126  0   0.0%   0.891 UA:3    +
   23    30  0   0.0%   0.777 UG:3    +
  103   121  0   0.0%   0.364 UG:3    +
   57    61  0   0.0%   0.057 GC:3    +
   69   112  0   0.0%   0.536 UA:3    +
   62   100  0   0.0%   0.011 AU:3    +
   57   137  0   0.0%   0.056 GU:3    +
   62   103  0   0.0%   0.012 AU:3    +
   76    98  0   0.0%   0.020 GU:3    +
   80   115  0   0.0%   0.185 UA:3    +
  121   136  0   0.0%   0.513 GC:3    +
   66   121  0   0.0%   0.278 UG:3    +
   56   138  0   0.0%   0.002 UG:2    --:1    +
   66   112  0   0.0%   0.036 UA:3    +
  120   137  0   0.0%   1.092 GU:3    +
   14    27  1   0.0%   0.010 CG:1    UG:1    +
   59   142  0   0.0%   0.506 UA:3    +
   56    67  0   0.0%   0.001 UA:2    --:1    +
  121   148  0   0.0%   0.325 GC:3    +
   54    65  0   0.0%   0.017 GU:2    --:1    +
   64   120  0   0.0%   0.022 CG:3    +
   62    69  0   0.0%   0.009 AU:3    +
   73   121  0   0.0%   0.600 UG:3    +
   69   115  0   0.0%   0.477 UA:3    +
    7    26  0   0.0%   0.003 AU:2    --:1    +
    5   146  0   0.0%   0.008 AU:3    +
  123   144  0   0.0%   0.200 AU:3    +
   73   132  0   0.0%   1.703 UG:3    +
   46   156  0   0.0%   0.003 GC:3    +
   61   114  0   0.0%   0.011 CG:3    +
   62   113  0   0.0%   0.012 AU:3    +
  119   138  0   0.0%   0.845 UG:3    +
   80   123  0   0.0%   0.080 UA:3    +
   43   159  0   0.0%   0.001 GC:3    +
   66   118  0   0.0%   0.272 UA:3    +
   80   126  0   0.0%   0.171 UA:3    +
   49    57  0   0.0%   0.000 CG:3    +
   52    60  0   0.0%   0.048 CG:3    +
   68   117  0   0.0%   0.288 UA:3    +
   85   110  0   0.0%   0.317 AU:3    +
  100   132  0   0.0%   1.469 UG:3    +
   56   126  0   0.0%   0.002 UA:2    --:1    +
   69   121  0   0.0%   0.301 UG:3    +
   54    59  0   0.0%   0.001 GU:2    --:1    +
   98   123  0   0.0%   1.179 UA:3    +
   66   123  0   0.0%   0.275 UA:3    +
   76   127  0   0.0%   0.187 GU:3    +
  118   139  0   0.0%   0.967 AU:3    +
   76    80  0   0.0%   0.001 GU:3    +
   79   127  0   0.0%   0.176 AU:3    +
   69   123  0   0.0%   0.298 UA:3    +
   62    68  0   0.0%   0.009 AU:3    +
   46   146  0   0.0%   0.001 GU:3    +
  114   127  0   0.0%   1.605 GU:3    +
  100   126  0   0.0%   0.958 UA:3    +
   55   127  0   0.0%   0.002 GU:2    --:1    +
  146   154  0   0.0%   0.180 UA:3    +
    7    56  0   0.0%   0.037 AU:2    --:1    +
    7   144  0   0.0%   0.037 AU:2    --:1    +
   56    62  0   0.0%   0.009 UA:2    --:1    +
   73    85  0   0.0%   0.010 UA:3    +
   54   148  0   0.0%   0.163 GC:2    --:1    +
    7    29  0   0.0%   0.008 AU:2    --:1    +
    7   152  0   0.0%   0.037 AU:2    --:1    +
   96   129  0   0.0%   1.164 UA:3    +
   59   138  0   0.0%   0.145 UG:3    +
   85   108  0   0.0%   0.326 AU:3    +
   79    96  0   0.0%   0.026 AU:3    +
   52    72  0   0.0%   0.057 CG:3    +
   16    23  0   0.0%   0.005 AU:3    +
   79   110  0   0.0%   0.261 AU:3    +
   55    59  0   0.0%   0.000 GU:2    --:1    +
  100   121  0   0.0%   1.028 UG:3    +
   72   119  0   0.0%   0.394 GU:3    +
   80   109  0   0.0%   0.264 UA:3    +
    8    55  0   0.0%   0.005 UG:2    --:1    +
   71   120  0   0.0%   0.421 UG:3    +
   55    64  0   0.0%   0.009 GC:2    --:1    +
   98   129  0   0.0%   1.532 UA:3    +
    8    28  0   0.0%   0.010 UG:2    --:1    +
   72    88  0   0.0%   0.033 GC:3    +
   60   134  0   0.0%   0.003 GU:3    +
   56    63  0   0.0%   0.009 UG:2    --:1    +
   63   100  0   0.0%   0.019 GU:3    +
   82   126  0   0.0%   0.172 UA:3    +
   97   126  0   0.0%   1.042 UA:3    +
  124   138  0   0.0%   0.575 CG:3    +
    9    36  0   0.0%   0.010 AU:2    --:1    +
   73   118  0   0.0%   0.600 UA:3    +
   84   114  1   0.4%   0.309 CG:2    +
   83   115  1   0.4%   0.277 UA:2    +
  122   128  1   0.4%   1.185 AU:2    +
   19    27  1   0.4%   0.362 UG:2    +
   79    83  1   0.3%   0.056 AU:2    +
   70   134  1   0.3%   0.876 AU:2    +
   70   128  1   0.2%   0.363 AU:2    +
   74   130  1   0.2%   0.888 GC:2    +
   69    92  1   0.2%   0.043 UG:2    +
   95   117  1   0.2%   0.264 UA:2    +
   53    62  1   0.1%   0.028 UA:2    +
  128   140  1   0.1%   1.445 UA:2    +
   51    64  1   0.1%   0.030 GC:2    +
   99   121  1   0.1%   1.095 CG:2    +
   98   122  1   0.1%   1.175 UA:2    +
   67   128  1   0.1%   0.309 AU:2    +
  121   125  1   0.1%   1.253 GC:2    +
   99   132  1   0.1%   1.534 CG:2    +
   15    31  1   0.1%   0.288 UA:2    +
   16    33  1   0.1%   0.634 AU:2    +
    6    28  1   0.1%   0.017 CG:2    +
   13    22  1   0.1%   0.017 GC:2    +
   71   104  1   0.1%   0.185 UA:2    +
   71    91  1   0.1%   0.026 UG:2    +
   12    23  1   0.1%   0.015 AU:2    +
   95   104  1   0.1%   0.036 UA:2    +
   96   104  1   0.1%   0.047 UA:2    +
  125   132  1   0.1%   1.699 CG:2    +
    3    31  1   0.1%   0.017 UA:2    +
   23    31  1   0.1%   0.515 UA:2    +
   65    70  1   0.1%   0.022 UA:2    +
   91    97  1   0.1%   0.040 GU:2    +
   91    96  1   0.1%   0.038 GU:2    +
  104   113  1   0.1%   0.619 AU:2    +
   70    96  1   0.1%   0.027 AU:2    +
   53   141  1   0.0%   0.479 UG:2    +
   99   120  1   0.0%   1.321 CG:2    +
   19    31  1   0.0%   0.527 UA:2    +
  123   128  1   0.0%   1.158 AU:2    +
   95   105  1   0.0%   0.034 UA:2    +
   97   122  1   0.0%   0.940 UA:2    +
   15    20  1   0.0%   0.010 UG:2    +
   91    98  1   0.0%   0.040 GU:2    +
   95   101  1   0.0%   0.028 UA:2    +
   89   127  1   0.0%   0.369 AU:2    +
   95   114  1   0.0%   0.511 UG:2    +
   66    74  1   0.0%   0.015 UG:2    +
   89    98  1   0.0%   0.188 AU:2    +
   18    28  1   0.0%   0.559 UG:2    +
   11    33  1   0.0%   0.008 AU:2    +
   92    97  1   0.0%   0.187 GU:2    +
   38   154  1   0.0%   0.184 UA:2    +
   51   144  1   0.0%   0.235 GU:2    +
   84    91  1   0.0%   0.017 CG:2    +
  115   128  1   0.0%   1.286 AU:2    +
   12    32  1   0.0%   0.012 AU:2    +
   51    58  1   0.0%   0.007 GC:2    +
  104   119  1   0.0%   0.428 AU:2    +
   13    32  1   0.0%   0.014 GU:2    +
   91    95  1   0.0%   0.028 GU:2    +
   91   110  1   0.0%   0.772 GU:2    +
   47   148  1   0.0%   0.008 GC:2    +
   95   115  1   0.0%   0.432 UA:2    +
   95   131  1   0.0%   1.240 UA:2    +
   21    33  1   0.0%   0.160 AU:2    +
  100   104  1   0.0%   0.715 UA:2    +
   91   103  1   0.0%   0.539 GU:2    +
   92   108  1   0.0%   0.910 GU:2    +
   51   146  1   0.0%   0.219 GU:2    +
   95   109  1   0.0%   0.480 UA:2    +
   73    89  1   0.0%   0.015 UA:2    +
   92    96  1   0.0%   0.184 GU:2    +
   77   122  1   0.0%   0.045 UA:2    +
   69   104  1   0.0%   0.036 UA:2    +
   90    95  1   0.0%   0.357 AU:2    +
   67    95  1   0.0%   0.014 AU:2    +
   92   119  1   0.0%   0.735 GU:2    +
  125   135  1   0.0%   1.245 CG:2    +
   69    91  1   0.0%   0.006 UG:2    +
   73    91  1   0.0%   0.365 UG:2    +
   74   127  1   0.0%   0.395 GU:2    +
   73    92  1   0.0%   0.517 UG:2    +
   70   103  1   0.0%   0.022 AU:2    +
    5    38  1   0.0%   0.009 AU:2    +
   89    97  1   0.0%   0.183 AU:2    +
   91   108  1   0.0%   0.777 GU:2    +
   49   147  1   0.0%   0.004 CG:2    +
    5    39  1   0.0%   0.010 AU:2    +
   70   113  1   0.0%   0.503 AU:2    +
   24    28  1   0.0%   0.500 CG:2    +
   17    30  1   0.0%   0.531 UG:2    +
   95   112  1   0.0%   0.462 UA:2    +
   74   124  1   0.0%   0.200 GC:2    +
   66    70  1   0.0%   0.008 UA:2    +
   92   110  1   0.0%   0.902 GU:2    +
   66   104  1   0.0%   0.015 UA:2    +
   70    97  1   0.0%   0.020 AU:2    +
   89   113  1   0.0%   0.448 AU:2    +
   89   103  1   0.0%   0.190 AU:2    +
   70   108  1   0.0%   0.042 AU:2    +
   81    92  1   0.0%   0.164 CG:2    +
   83   114  1   0.0%   0.259 UG:2    +
  104   134  1   0.0%   0.852 AU:2    +
   92   100  1   0.0%   1.120 GU:2    +
   92   128  1   0.0%   1.088 GU:2    +
   82    91  1   0.0%   0.012 UG:2    +
   59   122  1   0.0%   0.004 UA:2    +
   74   100  1   0.0%   0.183 GU:2    +
   65   112  1   0.0%   0.037 UA:2    +
  118   128  1   0.0%   1.694 AU:2    +
   68    91  1   0.0%   0.008 UG:2    +
   89    96  1   0.0%   0.186 AU:2    +
   23    28  1   0.0%   0.536 UG:2    +
   65   117  1   0.0%   0.220 UA:2    +
  104   128  1   0.0%   0.618 AU:2    +
  113   122  1   0.0%   0.377 UA:2    +
   30    37  1   0.0%   0.693 GC:2    +
   80   122  1   0.0%   0.065 UA:2    +
   65   105  1   0.0%   0.033 UA:2    +
   13    33  1   0.0%   0.012 GU:2    +
   70   100  1   0.0%   0.020 AU:2    +
   27    40  1   0.0%   0.606 GC:2    +
   53   126  1   0.0%   0.012 UA:2    +
   91   119  1   0.0%   0.601 GU:2    +
   91   127  1   0.0%   0.869 GU:2    +
  128   133  1   0.0%   1.790 UA:2    +
   13    52  1   0.0%   0.014 GC:2    +
   83    90  1   0.0%   0.365 UA:2    +
   92   103  1   0.0%   0.669 GU:2    +
   18    47  1   0.0%   0.686 UG:2    +
   17    48  1   0.0%   0.620 UA:2    +
   68    92  1   0.0%   0.007 UG:2    +
   74    88  1   0.0%   0.005 GC:2    +
   90   128  1   0.0%   0.766 AU:2    +
   53    57  1   0.0%   0.049 UG:2    +
   95   121  1   0.0%   0.867 UG:2    +
   81    91  1   0.0%   0.011 CG:2    +
   72    99  1   0.0%   0.149 GC:2    +
  122   134  1   0.0%   0.736 AU:2    +
   47   146  1   0.0%   0.002 GU:2    +
   28    39  1   0.0%   0.466 GU:2    +
   83    93  1   0.0%   0.158 UA:2    +
  106   128  1   0.0%   0.620 AU:2    +
   88    92  1   0.0%   0.187 CG:2    +
   65   118  1   0.0%   0.219 UA:2    +
    5   158  1   0.0%   0.009 AU:2    +
   20    33  1   0.0%   0.468 GU:2    +
   76    84  1   0.0%   0.002 GC:2    +
  109   128  1   0.0%   0.873 AU:2    +
   95   111  1   0.0%   0.460 UA:2    +
   70    98  1   0.0%   0.020 AU:2    +
   72    95  1   0.0%   0.156 GU:2    +
   91   130  1   0.0%   1.080 GC:2    +
   87    92  1   0.0%   0.180 CG:2    +
   82   122  1   0.0%   0.064 UA:2    +
   89   110  1   0.0%   0.426 AU:2    +
   65    91  1   0.0%   0.030 UG:2    +
   66    91  1   0.0%   0.011 UG:2    +
   12    33  1   0.0%   0.010 AU:2    +
   10    24  1   0.0%   0.001 GC:2    +
   99   141  1   0.0%   1.218 CG:2    +
  100   140  1   0.0%   1.157 UA:2    +
   65    93  1   0.0%   0.030 UA:2    +
   74    94  1   0.0%   0.293 GC:2    +
   21    32  1   0.0%   0.508 AU:2    +
   52   147  1   0.0%   0.294 CG:2    +
   53   145  1   0.0%   0.352 UG:2    +
  154   158  1   0.0%   0.171 AU:2    +
   58   147  1   0.0%   0.255 CG:2    +
   96   122  1   0.0%   0.785 UA:2    +
  108   122  1   0.0%   0.656 UA:2    +
  110   122  1   0.0%   0.387 UA:2    +
   51   148  1   0.0%   0.211 GC:2    +
   84   121  1   0.0%   0.056 CG:2    +
   15    27  1   0.0%   0.009 UG:2    +
   73   104  1   0.0%   0.463 UA:2    +
   77    93  1   0.0%   0.149 UA:2    +
   65    74  1   0.0%   0.029 UG:2    +
   95   123  1   0.0%   0.723 UA:2    +
   89   108  1   0.0%   0.434 AU:2    +
   65   129  1   0.0%   0.222 UA:2    +
   59    74  1   0.0%   0.001 UG:2    +
   65   106  1   0.0%   0.032 UA:2    +
   16    26  1   0.0%   0.006 AU:2    +
   89   100  1   0.0%   0.184 AU:2    +
   84   120  1   0.0%   0.058 CG:2    +
   74   108  1   0.0%   0.431 GU:2    +
   11    23  1   0.0%   0.001 AU:2    +
  105   128  1   0.0%   0.609 AU:2    +
   83   123  1   0.0%   0.101 UA:2    +
   42   157  1   0.0%   0.002 GC:2    +
   92   130  1   0.0%   1.154 GC:2    +
   74   103  1   0.0%   0.186 GU:2    +
   65    92  1   0.0%   0.030 UG:2    +
   83   121  1   0.0%   0.075 UG:2    +
   64    92  1   0.0%   0.021 CG:2    +
   39   153  1   0.0%   0.023 UG:2    +
   69    74  1   0.0%   0.004 UG:2    +
   91   113  1   0.0%   0.788 GU:2    +
    4   154  1   0.0%   0.007 UA:2    +
   70   119  1   0.0%   0.267 AU:2    +
  125   141  1   0.0%   1.367 CG:2    +
   80    92  1   0.0%   0.162 UG:2    +
   78    92  1   0.0%   0.234 UG:2    +
   68    74  1   0.0%   0.008 UG:2    +
   68   104  1   0.0%   0.022 UA:2    +
   73   122  1   0.0%   0.598 UA:2    +
  112   128  1   0.0%   1.404 AU:2    +
   66    92  1   0.0%   0.010 UG:2    +
   10    38  1   0.0%   0.187 GU:2    +
   53    67  1   0.0%   0.010 UA:2    +
   91   128  1   0.0%   1.013 GU:2    +
   44   154  1   0.0%   0.517 UA:2    +
    3   154  1   0.0%   0.007 UA:2    +
    2   154  1   0.0%   0.004 UA:2    +
   95   133  1   0.0%   1.284 UA:2    +
  153   159  1   0.0%   0.002 GC:2    +
    3    11  1   0.0%   0.002 UA:2    +
   76    83  1   0.0%   0.002 GU:2    +
   92   127  1   0.0%   0.942 GU:2    +
   63    99  1   0.0%   0.019 GC:2    +
   77    85  1   0.0%   0.001 UA:2    +
   42   150  1   0.0%   0.001 GC:2    +
   69   122  1   0.0%   0.298 UA:2    +
   69    89  1   0.0%   0.001 UA:2    +
   93   128  1   0.0%   0.907 AU:2    +
   92   113  1   0.0%   0.919 GU:2    +
   65   109  1   0.0%   0.033 UA:2    +
    4    10  1   0.0%   0.001 UG:2    +
  100   122  1   0.0%   0.867 UA:2    +
   65   140  1   0.0%   0.773 UA:2    +
   87    91  1   0.0%   0.028 CG:2    +
   43   151  1   0.0%   0.002 GU:2    +
  103   122  1   0.0%   0.200 UA:2    +
   75    99  1   0.0%   0.023 GC:2    +
   42   156  1   0.0%   0.002 GC:2    +
   95   126  1   0.0%   0.813 UA:2    +
  104   127  1   0.0%   0.471 AU:2    +
    6    27  1   0.0%   0.000 CG:2    +
   83   117  1   0.0%   0.051 UA:2    +
   71    89  1   0.0%   0.008 UA:2    +
   65   104  1   0.0%   0.031 UA:2    +
   62    95  1   0.0%   0.011 AU:2    +
   95   132  1   0.0%   1.312 UG:2    +
   65   122  1   0.0%   0.223 UA:2    +
    3    10  1   0.0%   0.002 UG:2    +
   28    33  1   0.0%   0.454 GU:2    +
   65    90  1   0.0%   0.029 UA:2    +
   47   155  1   0.0%   0.003 GC:2    +
   75    83  1   0.0%   0.001 GU:2    +
   92   134  1   0.0%   1.321 GU:2    +
   49   153  1   0.0%   0.003 CG:2    +
    4   147  1   0.0%   0.006 UG:2    +
   50   152  1   0.0%   0.037 AU:2    +
   65   123  1   0.0%   0.223 UA:2    +
   20    32  1   0.0%   0.820 GU:2    +
   12    38  1   0.0%   0.186 AU:2    +
   66   122  1   0.0%   0.275 UA:2    +
   71   122  1   0.0%   0.417 UA:2    +
   76   125  1   0.0%   0.228 GC:2    +
   83   118  1   0.0%   0.073 UA:2    +
   57   125  1   0.0%   0.054 GC:2    +
   68   122  1   0.0%   0.290 UA:2    +
   10   159  1   0.0%   0.011 GC:2    +
   77   126  1   0.0%   0.220 UA:2    +
   10   157  1   0.0%   0.011 GC:2    +
   42   160  1   0.0%   0.003 GU:2    +
   51    61  1   0.0%   0.003 GC:2    +
   75    84  1   0.0%   0.001 GC:2    +
   86    95  1   0.0%   0.023 AU:2    +
   64    91  1   0.0%   0.020 CG:2    +
   85   128  1   0.0%   0.380 AU:2    +
   27    33  1   0.0%   0.615 GU:2    +
   65   126  1   0.0%   0.222 UA:2    +
   26    31  1   0.0%   0.483 UA:2    +
   91   134  1   0.0%   1.247 GU:2    +
  127   140  1   0.0%   1.303 UA:2    +
   64    74  1   0.0%   0.020 CG:2    +
   66    89  1   0.0%   0.009 UA:2    +
   75    95  1   0.0%   0.030 GU:2    +
........(((((.((((........))))...)))))((((((.(.((((......(((((((..(((.((((((((......))))))(((....))).........(((((..........))))))))))))))))).)))).)))))))......
