6 sequence; length of alignment 160
alifold output
   30    69  0 100.0%   0.002 GC:2    GU:4   
   29    70  0  99.9%   0.005 UG:2    UA:4   
   25    74  0  99.5%   0.035 GC:4    GU:2   
   31    68  0 100.0%   0.002 UA:6   
   46    54  0  99.8%   0.017 CG:6   
   47    53  0  99.8%   0.018 CG:6   
   35    64  2  99.8%   0.008 CG:1    GC:2    GU:1   
   34    65  1  99.7%   0.011 GC:2    GU:3   
   26    73  1  99.4%   0.034 UG:4    UA:1   
   28    71  1  99.8%   0.007 AU:5   
   27    72  2  99.6%   0.016 CG:1    UA:3   
   36    63  2  98.9%   0.039 CG:2    AU:1    UA:1   
   32    67  2  99.4%   0.017 AU:4   
   45    55  1  98.1%   0.068 GU:4    UA:1   
   33    66  3  98.0%   0.060 UA:3   
   95   123  1  93.9%   0.189 CG:2    UG:2    UA:1   
   91   127  1  94.5%   0.291 CG:5   
   97   121  1  94.2%   0.174 UA:5   
  101   117  0  92.1%   0.387 GC:4    GU:2   
   96   122  3  93.2%   0.205 UG:1    UA:2   
  100   118  2  92.3%   0.372 UA:4   
   98   120  3  91.8%   0.273 UG:1    UA:2   
   92   126  1  90.9%   0.400 AU:4    --:1   
   90   128  0  87.5%   0.469 CG:2    UG:2    UA:1    --:1   
   37    62  1  88.9%   0.347 GC:1    GU:2    AU:2   
  104   113  0  87.3%   0.451 UA:6   
   94   124  3  85.2%   0.441 GC:2    UA:1   
  105   112  1  83.8%   0.473 GU:2    AU:3   
  103   114  3  82.9%   0.601 GC:2    GU:1   
   24    75  2  81.0%   0.539 GU:1    AU:2    UA:1   
   19    79  0  78.0%   0.736 UG:5    UA:1   
   18    80  1  78.4%   0.722 GU:1    AU:4   
   99   119  3  79.1%   0.596 UG:3   
   89   129  1  77.6%   0.712 GU:1    AU:4   
   17    81  1  77.7%   0.677 AU:5   
   16    82  2  75.5%   0.719 CG:3    UA:1   
   20    78  1  72.8%   0.831 GC:1    GU:4   
   10   145  0  71.0%   1.242 CG:6   
    8   146  0  69.5%   1.104 CG:1    UA:5   
   11   144  0  70.4%   1.161 AU:6   
    7   147  1  69.4%   1.077 GU:1    AU:4   
    6   148  3  67.4%   1.079 CG:1    UG:1    UA:1   
   22    76  1  66.4%   0.892 CG:3    UG:1    AU:1   
   12   143  1  65.2%   1.147 CG:1    UG:3    UA:1   
    5   149  1  63.9%   1.094 UG:5   
   21    77  2  64.0%   0.952 GU:4   
    4   150  1  61.7%   1.239 GC:1    AU:4   
   40    60  2  46.7%   1.188 AU:3    UA:1    +
   15    83  2  43.7%   1.145 GU:2    AU:2   
   39    61  2  40.5%   1.186 UG:2    UA:2    +
  102   115  0  39.4%   1.265 GU:6    +
   41    59  2  39.8%   1.226 UG:4    +
    1   152  1  38.8%   1.260 GC:4    UA:1   
   13   142  2  36.5%   1.268 UA:4   
    2   151  1  36.2%   1.286 UA:5   
   23    76  2  17.9%   1.249 UG:3    UA:1    +
  139   157  0  10.8%   1.229 CG:3    UG:1    UA:2    +
   19    82  1  11.9%   1.280 UG:3    UA:2    +
   18    83  1  11.9%   1.429 GC:1    AU:4    +
   21    80  0  11.7%   1.344 GU:6    +
   20    81  1  11.8%   1.280 GU:5    +
   15   141  2  11.5%   1.329 GU:2    AU:2    +
  144   153  1  11.1%   1.666 UG:1    UA:4    +
   14   142  0  10.9%   1.252 UA:6    +
  143   154  1  10.9%   1.753 GU:4    AU:1    +
   87   156  0   9.7%   1.110 GU:1    AU:5    +
  145   152  1  11.1%   2.219 GC:5    +
   16   140  2  11.2%   1.204 CG:4    +
   43    57  2  11.1%   0.794 AU:4    +
   17    84  1  10.4%   1.000 CG:1    AU:4    +
  138   158  1  10.4%   1.278 CG:1    UA:4    +
   22    79  2  10.4%   1.261 CG:3    UG:1    +
  142   155  0   9.8%   1.911 AU:6    +
   86   157  1   9.8%   1.069 CG:4    UA:1    +
   89   154  0   8.4%   1.021 GC:1    AU:5    +
  131   149  0   7.0%   1.356 CG:3    GU:1    UG:2    +
   88   155  1   9.3%   1.013 AU:5    +
   85   158  2   9.2%   0.787 UA:4    +
  132   148  0   6.5%   1.371 CG:1    UG:4    UA:1    +
  140   156  2   9.0%   1.692 GU:4    +
  129   151  0   7.0%   1.263 AU:1    UA:5    +
   84   159  1   7.3%   0.889 GU:1    UG:1    UA:3    +
  130   150  2   7.0%   1.296 GU:2    AU:2    +
   90   153  2   6.5%   0.894 GC:1    UG:1    UA:2    +
  128   152  1   6.8%   1.189 GC:4    --:1    +
  137   159  2   6.6%   1.357 UG:1    UA:3    +
    9   137  0   4.5%   0.555 GU:5    AU:1    +
   10   136  0   5.1%   0.635 CG:6    +
   79    86  1   4.1%   0.905 GC:4    GU:1    +
   40    58  0   2.1%   0.258 GU:1    AU:4    UA:1    +
  137   146  0   3.0%   1.217 UG:1    UA:5    +
    5   146  0   2.9%   0.396 UG:1    UA:5    +
   11   135  2   4.5%   0.540 AU:4    +
    3   150  3   4.3%   0.613 GU:2    AU:1    +
   77    88  1   3.8%   0.759 GC:1    UA:4    +
   78    87  2   4.0%   0.771 UG:1    UA:3    +
  139   148  0   1.7%   1.017 CG:3    UG:2    UA:1    +
    7   144  0   2.6%   0.394 GU:1    AU:5    +
  136   147  0   2.6%   1.451 GC:1    GU:5    +
  133   147  2   3.4%   1.256 GC:1    GU:2    AU:1    +
  103   115  3   4.0%   1.031 GU:3    +
   87   132  1   3.2%   0.648 GU:1    AU:4    +
  131   140  1   2.5%   0.934 CG:3    GU:1    UG:1    +
  110   119  0   2.0%   0.495 CG:5    GU:1    +
  108   116  0   0.0%   0.062 CG:2    UG:2    AU:1    UA:1    +
   76   131  0   0.0%   0.675 GC:3    GU:1    UG:1    AU:1    +
   64   103  0   0.0%   0.013 CG:2    GU:1    UG:1    AU:2    +
    2     9  0   2.0%   0.241 UG:5    UA:1    +
   86   133  3   3.4%   0.641 CG:2    UG:1    +
    9   150  0   0.9%   0.959 GC:1    GU:4    AU:1    +
   16   136  0   1.9%   0.688 CG:5    UG:1    +
  106   113  0   2.9%   0.447 UA:6    +
   91   101  0   2.8%   0.354 CG:6    +
    4   147  1   2.8%   0.411 GC:1    AU:4    +
  138   145  1   2.8%   0.924 CG:1    UG:4    +
  133   141  2   3.2%   1.121 GU:3    AU:1    +
   92   100  0   2.8%   0.351 AU:6    +
  107   122  0   1.8%   0.349 UG:1    UA:5    +
    2   153  1   2.8%   0.847 UG:1    UA:4    +
  119   131  0   0.7%   0.471 GC:3    GU:2    UG:1    +
    3   152  3   3.1%   1.010 GC:2    UA:1    +
  134   140  3   3.0%   1.161 CG:2    AU:1    +
  141   146  0   1.5%   1.440 UG:1    UA:5    +
   90   102  1   2.4%   0.304 CG:2    UG:3    +
  132   142  1   2.9%   1.346 UA:5    +
  131   136  1   2.4%   0.817 CG:3    UG:2    +
  105   114  3   2.6%   0.642 GC:1    GU:1    AU:1    +
    6   145  3   2.9%   0.389 CG:1    UG:2    +
   12   134  3   3.1%   0.439 UA:3    +
   13   143  2   3.0%   1.167 UG:4    +
    9   147  0   0.3%   0.786 GC:1    GU:4    AU:1    +
  106   123  0   1.3%   0.382 UG:4    UA:2    +
    8   148  0   0.2%   0.884 CG:1    UG:4    UA:1    +
    9   141  0   1.2%   0.464 GU:5    AU:1    +
   90   149  0   0.2%   0.653 CG:2    GU:1    UG:3    +
   82   131  0   0.1%   0.580 GC:3    UG:1    AU:2    +
  139   145  0   1.1%   0.864 CG:3    UG:3    +
    9   139  0   0.1%   0.302 GC:3    GU:2    AU:1    +
   13   159  0   0.1%   0.614 UG:1    AU:2    UA:3    +
  114   128  0   0.1%   0.425 CG:3    UG:1    UA:1    --:1    +
   18    84  0   0.1%   0.817 CG:1    GC:1    AU:4    +
  150   157  0   0.0%   1.312 CG:1    UG:3    UA:2    +
  128   139  0   0.0%   0.250 GC:3    GU:1    AU:1    --:1    +
   97   122  0   1.0%   0.271 UG:1    UA:5    +
    9    95  0   0.0%   0.131 GC:3    GU:2    AU:1    +
  132   157  0   0.0%   0.852 CG:1    UG:3    UA:2    +
   79   139  0   0.0%   0.697 GC:3    GU:2    AU:1    +
   95   128  0   0.0%   0.230 CG:3    UG:1    UA:1    --:1    +
  128   147  0   0.0%   0.598 GC:1    GU:3    AU:1    --:1    +
   79   147  0   0.0%   1.055 GC:1    GU:4    AU:1    +
  147   157  0   0.0%   1.249 CG:1    UG:3    UA:2    +
   12   148  0   0.0%   0.905 CG:1    UG:4    UA:1    +
  117   128  0   0.0%   0.257 CG:3    UG:1    UA:1    --:1    +
   43    62  0   0.0%   0.477 GC:1    GU:1    AU:4    +
  128   132  0   0.0%   0.407 GC:1    GU:3    AU:1    --:1    +
  148   154  0   0.0%   1.262 GC:1    GU:4    AU:1    +
    9   132  0   0.0%   0.149 GC:1    GU:4    AU:1    +
   79   150  0   0.0%   1.140 GC:1    GU:4    AU:1    +
   95   148  0   0.0%   0.521 CG:3    UG:2    UA:1    +
   74    79  0   0.0%   0.512 CG:4    UG:1    UA:1    +
   12    79  0   0.0%   0.071 CG:1    UG:4    UA:1    +
   15    77  0   0.0%   0.015 GU:2    UG:2    AU:2    +
   79   114  0   0.0%   0.622 GC:3    GU:2    AU:1    +
   83   148  0   0.0%   1.076 CG:1    UG:4    UA:1    +
  123   154  0   0.0%   0.465 GC:1    GU:3    AU:2    +
   79   132  0   0.0%   0.693 GC:1    GU:4    AU:1    +
   12   128  0   0.0%   0.089 CG:1    UG:3    UA:1    --:1    +
    9   154  0   0.0%   0.481 GC:1    GU:4    AU:1    +
   82   129  0   0.0%   0.515 GU:3    AU:2    UA:1    +
  128   150  0   0.0%   0.679 GC:1    GU:3    AU:1    --:1    +
    4    98  0   0.0%   0.030 GU:1    AU:4    UA:1    +
   69    79  0   0.0%   0.488 CG:2    UG:3    UA:1    +
   81   160  0   0.0%   0.497 UG:4    AU:1    UA:1    +
   12   157  0   0.0%   0.532 CG:1    UG:3    UA:2    +
   84   127  0   0.0%   0.278 CG:1    GC:1    UG:4    +
   95   157  0   0.0%   0.365 CG:3    UG:1    UA:2    +
    4   129  0   0.0%   0.039 GU:1    AU:4    UA:1    +
   77    94  0   0.0%   0.473 GC:1    GU:1    UG:4    +
  125   159  0   0.0%   0.250 UG:1    AU:1    UA:3    --:1    +
   72    77  0   0.0%   0.350 CG:2    GU:1    AU:3    +
   43    56  0   1.0%   0.164 GU:2    AU:4    +
   20   132  0   0.8%   0.742 GC:1    GU:5    +
  131   143  2   2.1%   1.088 CG:3    UG:1    +
   14    87  0   0.8%   0.158 UG:1    UA:5    +
  130   141  1   1.7%   0.706 GU:2    AU:3    +
  102   117  0   0.7%   0.699 GC:4    GU:2    +
  117   136  0   0.7%   0.647 CG:4    UG:2    +
  145   150  0   0.7%   1.498 GC:1    GU:5    +
  109   120  3   1.9%   0.373 GU:1    UG:1    UA:1    +
  114   136  0   0.6%   0.732 CG:3    UG:3    +
   86   136  0   0.5%   0.704 CG:5    UG:1    +
  102   114  0   0.5%   0.201 GC:3    GU:3    +
    5   148  0   0.4%   0.320 UG:5    UA:1    +
    1    10  2   2.1%   0.249 GC:4    +
    2   146  0   0.4%   0.182 UG:1    UA:5    +
   86   101  0   0.4%   0.243 CG:5    UG:1    +
   87   100  0   0.4%   0.290 GU:1    AU:5    +
   21    74  0   0.4%   0.082 GC:4    GU:2    +
    6   133  1   0.3%   0.098 CG:1    UG:1    AU:2    UA:1    +
   43    58  1   1.3%   0.556 GU:1    AU:4    +
  140   147  2   1.6%   1.543 GC:1    GU:3    +
  130   137  1   1.3%   0.543 GU:2    AU:3    +
  132   145  0   0.2%   0.878 CG:1    UG:5    +
    3   148  3   2.0%   0.343 UG:3    +
   93   146  0   0.2%   0.498 UG:1    UA:5    +
   89   137  0   0.2%   0.602 GU:1    AU:5    +
   20   139  0   0.2%   0.757 GC:3    GU:3    +
    7   141  0   0.2%   0.117 GU:1    AU:5    +
  107   146  0   0.2%   0.564 UG:1    UA:5    +
    9   144  0   0.2%   0.486 GU:5    AU:1    +
    2   158  0   0.2%   0.687 UG:1    UA:5    +
   21    83  0   0.2%   1.261 GC:1    GU:5    +
    7   104  0   0.2%   0.066 GU:1    AU:5    +
   85   134  3   1.6%   0.414 AU:1    UA:2    +
  144   148  0   0.1%   1.281 UG:5    UA:1    +
   83   136  0   0.1%   0.990 CG:1    UG:5    +
   18    77  1   1.1%   0.207 CG:1    AU:4    +
   39    59  2   1.8%   0.270 UG:4    +
   11    19  0   1.1%   0.166 AU:6    +
    2   157  0   0.1%   0.670 UG:4    UA:2    +
   98   119  0   0.1%   0.050 UG:5    AU:1    +
    2     7  0   0.1%   0.020 UG:1    UA:5    +
   16    79  1   1.1%   0.174 CG:4    UG:1    +
    7    93  0   0.1%   0.049 GU:1    AU:5    +
  104   123  0   0.1%   0.318 UG:4    UA:2    +
   13   140  0   0.1%   0.199 UG:4    AU:2    +
  136   141  0   1.1%   1.260 GU:6    +
   16    21  0   0.1%   0.046 CG:5    UG:1    +
  107   123  0   0.1%   0.270 UG:4    UA:2    +
  136   152  1   1.6%   1.569 GC:5    +
   15   137  2   1.4%   0.766 GU:2    AU:2    +
    8   145  0   0.1%   0.354 CG:1    UG:5    +
   12   136  0   0.1%   0.377 CG:1    UG:5    +
    7    80  0   0.1%   0.037 GU:1    AU:5    +
   20    86  0   0.1%   0.605 GC:5    GU:1    +
   14   158  0   0.1%   0.381 UG:1    UA:5    +
  132   136  0   0.1%   0.798 CG:1    UG:5    +
  108   121  3   1.8%   0.341 UA:3    +
  104   148  0   0.1%   0.647 UG:5    UA:1    +
  106   146  0   0.1%   0.611 UG:1    UA:5    +
   10    20  0   1.1%   0.229 CG:6    +
   95   102  0   0.1%   0.124 CG:3    UG:3    +
   19    87  0   0.1%   0.621 UG:1    UA:5    +
  138   146  1   1.1%   0.936 CG:1    UA:4    +
  107   148  0   0.1%   0.551 UG:5    UA:1    +
    8   143  2   1.7%   0.375 UG:4    +
    7    14  0   0.1%   0.034 GU:1    AU:5    +
    7    19  0   0.0%   0.025 GU:1    AU:5    +
  141   157  0   0.0%   1.252 UG:4    UA:2    +
  110   149  0   0.0%   0.569 CG:5    GU:1    +
  141   148  0   0.0%   1.422 UG:5    UA:1    +
    7    83  0   0.0%   0.038 GC:1    AU:5    +
   16   128  0   0.0%   0.291 CG:4    UA:1    --:1    +
    7   155  0   0.0%   0.462 GU:1    AU:5    +
   87   104  0   0.0%   0.257 GU:1    AU:5    +
    8   136  0   0.0%   0.103 CG:1    UG:5    +
   80    89  0   0.0%   0.521 UG:1    UA:5    +
  100   146  0   0.0%   0.684 UG:1    UA:5    +
    7   137  0   0.0%   0.069 GU:1    AU:5    +
   89   104  0   0.0%   0.179 GU:1    AU:5    +
   16    20  0   0.0%   0.071 CG:5    UG:1    +
  146   155  0   0.0%   1.166 GU:1    AU:5    +
    5   157  0   0.0%   0.512 UG:4    UA:2    +
  102   150  0   0.0%   1.092 GC:1    GU:5    +
    5    79  0   0.0%   0.018 UG:5    UA:1    +
   86   145  0   0.0%   0.755 CG:5    UG:1    +
  106   122  0   0.0%   0.227 UG:1    UA:5    +
   17   126  0   0.0%   0.520 CG:1    AU:4    --:1    +
   48    53  0   0.0%   0.018 CG:1    UG:5    +
  100   157  0   0.0%   0.521 UG:4    UA:2    +
  116   126  0   0.0%   0.157 GU:4    UG:1    --:1    +
  101   139  0   0.0%   0.332 GC:3    GU:3    +
   87   144  0   0.0%   0.789 GU:1    AU:5    +
  148   156  0   0.0%   1.214 GU:5    AU:1    +
   95   101  0   0.0%   0.140 CG:3    UG:3    +
  144   157  0   0.0%   1.343 UG:4    UA:2    +
  128   137  0   0.0%   0.480 GU:4    AU:1    --:1    +
   12    20  0   0.0%   0.116 CG:1    UG:5    +
   21   132  0   0.0%   0.739 GC:1    GU:5    +
  137   158  0   0.0%   0.858 UG:1    UA:5    +
  126   140  0   0.0%   0.548 GU:1    UG:4    --:1    +
  100   128  0   0.0%   0.384 UG:4    UA:1    --:1    +
   80   146  0   0.0%   0.913 UG:1    UA:5    +
   14   157  0   0.0%   0.380 UG:4    UA:2    +
  136   150  0   0.0%   1.420 GC:1    GU:5    +
   97   158  0   0.0%   0.355 UG:1    UA:5    +
    9    14  0   0.0%   0.098 GU:5    AU:1    +
  115   122  0   0.0%   0.715 UG:1    UA:5    +
   89   106  0   0.0%   0.110 GU:1    AU:5    +
  106   128  0   0.0%   0.302 UG:4    UA:1    --:1    +
  102   132  0   0.0%   0.758 GC:1    GU:5    +
    9    80  0   0.0%   0.108 GU:5    AU:1    +
    8   158  0   0.0%   0.548 CG:1    UA:5    +
   21   150  0   0.0%   1.221 GC:1    GU:5    +
  136   154  0   0.0%   1.047 GC:1    GU:5    +
   95   145  0   0.0%   0.502 CG:3    UG:3    +
   83   146  0   0.0%   1.080 CG:1    UA:5    +
   90   130  1   0.0%   0.254 CG:1    GC:1    UG:1    UA:2    +
   16   145  0   0.0%   1.005 CG:5    UG:1    +
    8    21  0   0.0%   0.048 CG:1    UG:5    +
  115   148  0   0.0%   0.972 UG:5    UA:1    +
   90   105  1   0.0%   0.123 CG:1    GC:1    UG:1    UA:2    +
   14    89  0   0.0%   0.077 UG:1    UA:5    +
  112   151  0   0.0%   0.623 AU:1    UA:5    +
  122   137  0   0.0%   0.569 GU:1    AU:5    +
  123   141  0   0.0%   0.582 GU:4    AU:2    +
   80    87  0   0.0%   0.689 UG:1    UA:5    +
   87   106  0   0.0%   0.244 GU:1    AU:5    +
   87   107  0   0.0%   0.252 GU:1    AU:5    +
    2   148  0   0.0%   0.141 UG:5    UA:1    +
  148   155  0   0.0%   1.207 GU:5    AU:1    +
   86   102  0   0.0%   0.206 CG:5    UG:1    +
   82    90  1   0.0%   0.529 GC:1    GU:2    UG:1    AU:1    +
  141   158  0   0.0%   1.225 UG:1    UA:5    +
   94   126  0   0.0%   0.260 CG:1    GU:4    --:1    +
    9    31  0   0.0%   0.097 GU:5    AU:1    +
    7    33  0   0.0%   0.020 GC:1    AU:5    +
   87   155  0   0.0%   0.421 GU:1    AU:5    +
   25    86  0   0.0%   0.027 GC:5    GU:1    +
   39   148  0   0.0%   0.851 UG:5    UA:1    +
    8   128  0   0.0%   0.082 UG:4    UA:1    --:1    +
   87    93  0   0.0%   0.240 GU:1    AU:5    +
   41   146  0   0.0%   0.792 UG:1    UA:5    +
   16    25  0   0.0%   0.019 CG:5    UG:1    +
   14   146  0   0.0%   0.753 UG:1    UA:5    +
    2   123  0   0.0%   0.110 UG:4    UA:2    +
  101   114  0   0.0%   0.145 GC:3    GU:3    +
   21   139  0   0.0%   0.775 GC:3    GU:3    +
   12    21  0   0.0%   0.078 CG:1    UG:5    +
   97   123  0   0.0%   0.210 UG:4    UA:2    +
    3   135  1   0.0%   0.072 GU:2    UG:1    AU:1    UA:1    +
   43   144  0   0.0%   0.746 GU:2    AU:4    +
    5     9  0   0.0%   0.080 UG:5    UA:1    +
  102   147  0   0.0%   1.008 GC:1    GU:5    +
    7   106  0   0.0%   0.047 GU:1    AU:5    +
   19   146  0   0.0%   1.033 UG:1    UA:5    +
    9   104  0   0.0%   0.137 GU:5    AU:1    +
  115   123  0   0.0%   0.689 UG:4    UA:2    +
  125   140  0   0.0%   0.487 UG:4    AU:1    --:1    +
   86   128  0   0.0%   0.203 CG:4    UA:1    --:1    +
  123   137  0   0.0%   0.515 GU:4    AU:2    +
   93   128  0   0.0%   0.163 UG:4    UA:1    --:1    +
  123   155  0   0.0%   0.426 GU:4    AU:2    +
  106   148  0   0.0%   0.604 UG:5    UA:1    +
  101   150  0   0.0%   0.764 GC:1    GU:5    +
    1    13  0   0.0%   0.093 GU:4    UA:2    +
    5   158  0   0.0%   0.502 UG:1    UA:5    +
   97   146  0   0.0%   0.533 UG:1    UA:5    +
    7   156  0   0.0%   0.467 GU:1    AU:5    +
  117   145  0   0.0%   0.635 CG:4    UG:2    +
  122   156  0   0.0%   0.495 GU:1    AU:5    +
   12   145  0   0.0%   0.861 CG:1    UG:5    +
  102   139  0   0.0%   0.652 GC:3    GU:3    +
    7    97  0   0.0%   0.036 GU:1    AU:5    +
   21    86  0   0.0%   0.639 GC:5    GU:1    +
   89    97  0   0.0%   0.020 GU:1    AU:5    +
   14   148  0   0.0%   0.749 UG:5    UA:1    +
  146   156  0   0.0%   1.168 GU:1    AU:5    +
   87   137  0   0.0%   0.634 GU:1    AU:5    +
    2   122  0   0.0%   0.110 UG:1    UA:5    +
   83   158  0   0.0%   0.694 CG:1    UA:5    +
  112   119  0   0.0%   0.462 UG:5    AU:1    +
   93   123  0   0.0%   0.025 UG:4    UA:2    +
   88   126  0   0.0%   0.287 CG:1    AU:4    --:1    +
  101   132  0   0.0%   0.436 GC:1    GU:5    +
   87    97  0   0.0%   0.219 GU:1    AU:5    +
   43    50  0   0.0%   0.022 GU:2    AU:4    +
    9   156  0   0.0%   0.435 GU:5    AU:1    +
  137   148  0   0.0%   1.188 UG:5    UA:1    +
   20    83  0   0.0%   1.193 GC:1    GU:5    +
  128   141  0   0.0%   0.544 GU:4    AU:1    --:1    +
   89   155  0   0.0%   0.775 GU:1    AU:5    +
   89   141  0   0.0%   0.662 GU:1    AU:5    +
  123   156  0   0.0%   0.442 GU:4    AU:2    +
  102   154  0   0.0%   0.850 GC:1    GU:5    +
  122   155  0   0.0%   0.479 GU:1    AU:5    +
   87   141  0   0.0%   0.740 GU:1    AU:5    +
   89   107  0   0.0%   0.117 GU:1    AU:5    +
  107   128  0   0.0%   0.227 UG:4    UA:1    --:1    +
   98   128  0   0.0%   0.288 UG:4    UA:1    --:1    +
  144   158  0   0.0%   1.317 UG:1    UA:5    +
   79   137  0   0.0%   0.876 GU:5    AU:1    +
  101   154  0   0.0%   0.526 GC:1    GU:5    +
  104   146  0   0.0%   0.637 UG:1    UA:5    +
  116   125  0   0.0%   0.095 GU:4    UA:1    --:1    +
   97   157  0   0.0%   0.367 UG:4    UA:2    +
  129   149  0   0.0%   0.688 UG:5    AU:1    +
   25    71  0   0.0%   0.002 GC:1    GU:5    +
  145   154  0   0.0%   1.455 GC:1    GU:5    +
  101   147  0   0.0%   0.684 GC:1    GU:5    +
    5    87  0   0.0%   0.020 UG:1    UA:5    +
   93   148  0   0.0%   0.480 UG:5    UA:1    +
   77   140  0   0.0%   0.830 GU:2    UG:4    +
  137   157  0   0.0%   0.875 UG:4    UA:2    +
   79   141  0   0.0%   0.967 GU:5    AU:1    +
   62    87  0   0.0%   0.184 CG:1    UA:5    +
    2    87  0   0.0%   0.100 UG:1    UA:5    +
    8   102  0   0.0%   0.070 CG:1    UG:5    +
    5    89  0   0.0%   0.020 UG:1    UA:5    +
  107   158  0   0.0%   0.361 UG:1    UA:5    +
  104   128  0   0.0%   0.335 UG:4    UA:1    --:1    +
    3    96  1   0.0%   0.055 GU:2    UG:1    AU:1    UA:1    +
   14   122  0   0.0%   0.065 UG:1    UA:5    +
   79    93  0   0.0%   0.642 GU:5    AU:1    +
  128   144  0   0.0%   0.567 GU:4    AU:1    --:1    +
   95   136  0   0.0%   0.453 CG:3    UG:3    +
   87   154  0   0.0%   0.473 GC:1    AU:5    +
  119   129  0   0.0%   0.532 GU:5    UA:1    +
  104   122  0   0.0%   0.313 UG:1    UA:5    +
    9   155  0   0.0%   0.428 GU:5    AU:1    +
   43    52  0   0.0%   0.022 GU:2    AU:4    +
   83   128  0   0.0%   0.646 UG:4    UA:1    --:1    +
   97   148  0   0.0%   0.532 UG:5    UA:1    +
   26    70  0   0.0%   0.000 UG:2    UA:4    +
    5   128  0   0.0%   0.021 UG:4    UA:1    --:1    +
    1   125  0   0.0%   0.113 GU:4    UA:1    --:1    +
   39    43  0   0.0%   0.000 UG:2    UA:4    +
  112   128  0   0.0%   0.286 UG:4    UA:1    --:1    +
  100   148  0   0.0%   0.679 UG:5    UA:1    +
   97   128  0   0.0%   0.236 UG:4    UA:1    --:1    +
   20   150  0   0.0%   1.189 GC:1    GU:5    +
   93   122  0   0.0%   0.024 UG:1    UA:5    +
   65   102  0   0.0%   0.004 CG:3    UG:3    +
   18   126  0   0.0%   0.569 CG:1    AU:4    --:1    +
   89    93  0   0.0%   0.039 GU:1    AU:5    +
   79   156  0   0.0%   0.658 GU:5    AU:1    +
   79   144  0   0.0%   1.011 GU:5    AU:1    +
    2    89  0   0.0%   0.100 UG:1    UA:5    +
   14   128  0   0.0%   0.066 UG:4    UA:1    --:1    +
   14    79  0   0.0%   0.026 UG:5    UA:1    +
  100   122  0   0.0%   0.364 UG:1    UA:5    +
   87   115  0   0.0%   0.244 GU:1    AU:5    +
  115   128  0   0.0%   0.657 UG:4    UA:1    --:1    +
   16   101  0   0.0%   0.291 CG:5    UG:1    +
   21   154  0   0.0%   0.782 GC:1    GU:5    +
    9    26  0   0.0%   0.096 GU:5    AU:1    +
   98   151  0   0.0%   0.587 AU:1    UA:5    +
   83   102  0   0.0%   0.643 CG:1    UG:5    +
   80   158  0   0.0%   0.527 UG:1    UA:5    +
  122   141  0   0.0%   0.634 GU:1    AU:5    +
  126   143  0   0.0%   0.643 GC:1    UG:4    --:1    +
   98   149  0   0.0%   0.564 UG:5    AU:1    +
   20   154  0   0.0%   0.752 GC:1    GU:5    +
  104   157  0   0.0%   0.481 UG:4    UA:2    +
  137   151  1   1.5%   1.355 UA:5    +
   19    76  1   0.9%   0.188 UG:4    UA:1    +
   42    59  2   1.2%   0.668 UG:3    AU:1    +
   96   123  2   0.9%   0.253 CG:1    UG:2    UA:1    +
  130   144  1   0.8%   0.709 GU:2    AU:3    +
   89   103  3   1.6%   0.248 AU:3    +
  111   118  3   1.6%   0.290 UA:3    +
   88   104  1   1.3%   0.403 AU:5    +
    1   154  2   1.5%   0.710 GU:4    +
   21   131  1   0.8%   0.749 GC:3    GU:2    +
  114   143  1   0.2%   0.906 CG:3    UG:1    UA:1    +
  117   133  2   0.7%   0.456 CG:2    UG:1    UA:1    +
   12    18  2   1.1%   0.161 UG:1    UA:3    +
   99   120  2   1.0%   0.440 GC:1    UA:3    +
  118   135  1   0.7%   0.586 CG:1    AU:4    +
  116   134  2   0.7%   0.414 GC:2    AU:1    UA:1    +
  103   116  2   0.7%   0.505 GU:1    UG:2    UA:1    +
  135   153  2   1.0%   0.901 UG:1    UA:3    +
   22    82  1   0.2%   1.052 CG:3    AU:1    UA:1    +
    4    13  1   0.2%   0.046 GU:1    AU:3    UA:1    +
   10   140  2   1.3%   0.503 CG:4    +
   15    84  1   0.1%   0.445 GU:2    UG:1    AU:2    +
  136   144  0   0.6%   1.154 GU:6    +
   82   135  1   0.1%   0.788 GU:2    AU:2    UA:1    +
  116   137  1   0.6%   0.485 GU:4    AU:1    +
    3    13  1   0.1%   0.050 GU:2    AU:1    UA:2    +
  140   152  1   0.6%   1.580 GC:4    UA:1    +
  105   147  1   0.1%   0.742 GC:1    GU:1    AU:3    +
  105   150  1   0.1%   0.828 GC:1    GU:1    AU:3    +
    8   142  1   1.1%   0.250 UA:5    +
  113   137  0   0.6%   0.611 AU:6    +
  120   133  2   0.6%   0.560 CG:1    UG:1    AU:2    +
   12   160  1   0.1%   0.522 CG:1    UG:3    UA:1    +
  117   123  1   0.0%   0.296 CG:3    UG:1    UA:1    +
  139   143  1   0.0%   0.823 CG:3    UG:1    UA:1    +
  123   138  1   0.0%   0.278 GC:1    GU:3    AU:1    +
  131   157  1   0.0%   0.841 CG:3    UG:1    UA:1    +
   15   129  1   0.0%   0.437 GU:2    AU:2    UA:1    +
    9    78  1   0.0%   0.106 GC:1    GU:3    AU:1    +
   13    82  1   0.0%   0.067 UG:3    AU:1    UA:1    +
  134   143  3   1.0%   1.175 CG:2    UA:1    +
   96   127  1   0.0%   0.179 CG:1    GC:1    UG:3    +
   12    82  1   0.0%   0.077 CG:1    UG:2    UA:2    +
   15    81  1   0.0%   0.062 GU:2    AU:2    UA:1    +
   95   143  1   0.0%   0.601 CG:3    UG:1    UA:1    +
   98   159  1   0.0%   0.372 UG:1    AU:1    UA:3    +
  135   142  2   1.2%   1.361 UA:4    +
   95   116  1   0.0%   0.013 CG:3    UG:1    UA:1    +
  108   148  1   0.0%   0.547 CG:2    UG:2    UA:1    +
  114   123  1   0.0%   0.453 CG:2    UG:2    UA:1    +
    1   131  1   0.0%   0.116 GC:3    GU:1    UG:1    +
   22   149  1   0.0%   0.954 CG:3    UG:1    AU:1    +
   95   160  1   0.0%   0.170 CG:3    UG:1    UA:1    +
  139   160  1   0.0%   0.556 CG:3    UG:1    UA:1    +
  130   154  1   0.0%   0.677 GC:1    GU:1    AU:3    +
  103   135  1   0.0%   0.729 GU:3    UG:1    UA:1    +
  131   148  1   0.0%   0.824 CG:3    UG:1    UA:1    +
   82   147  1   0.0%   0.958 GC:1    GU:2    AU:2    +
  143   150  1   0.0%   1.455 GC:1    GU:3    AU:1    +
  105   132  1   0.0%   0.477 GC:1    GU:1    AU:3    +
  108   140  1   0.0%   0.482 CG:2    UG:2    AU:1    +
  116   147  1   0.0%   0.585 GC:1    GU:3    AU:1    +
   76   139  1   0.0%   0.698 GC:3    GU:1    AU:1    +
   85   103  1   0.0%   0.041 GU:1    UG:3    AU:1    +
   77    82  1   0.0%   0.834 GU:1    UG:3    UA:1    +
  132   160  1   0.0%   0.649 CG:1    UG:3    UA:1    +
   37   150  1   0.0%   0.649 GC:1    GU:2    AU:2    +
   76   150  1   0.0%   1.142 GC:1    GU:3    AU:1    +
   82   132  1   0.0%   0.590 GC:1    GU:2    AU:2    +
  132   143  1   0.0%   1.008 CG:1    UG:3    UA:1    +
  120   126  1   0.0%   0.310 GU:1    UG:1    AU:2    --:1    +
   77   130  1   0.0%   0.475 GC:1    UG:1    UA:3    +
  120   125  1   0.0%   0.250 GU:1    AU:2    UA:1    --:1    +
   45    60  1   0.0%   0.406 GC:1    GU:3    UA:1    +
  116   139  1   0.0%   0.214 GC:3    GU:1    AU:1    +
  143   147  1   0.0%   1.431 GC:1    GU:3    AU:1    +
   15    23  1   0.0%   0.016 GU:2    AU:2    UA:1    +
  105   154  1   0.0%   0.576 GC:1    GU:1    AU:3    +
   42    51  1   0.0%   0.022 UG:1    AU:2    UA:2    +
  108   143  1   0.0%   0.605 CG:2    UG:2    UA:1    +
   90    94  1   0.0%   0.027 CG:2    GU:1    UG:2    +
   24   133  1   0.0%   0.254 UG:2    AU:2    UA:1    +
   90   140  1   0.0%   0.616 CG:2    GU:1    UG:2    +
   13    76  1   0.0%   0.050 UG:3    AU:1    UA:1    +
   76   117  1   0.0%   0.631 GC:3    GU:1    AU:1    +
  109   140  1   0.0%   0.489 GU:1    UG:3    AU:1    +
    6    99  1   0.0%   0.024 UG:1    AU:3    UA:1    +
   76    90  1   0.0%   0.647 GC:1    GU:3    UG:1    +
    3   126  1   0.0%   0.065 GU:2    UG:1    AU:1    --:1    +
   84   148  1   0.0%   0.703 CG:1    UG:3    UA:1    +
  129   159  1   0.0%   0.666 UG:1    AU:1    UA:3    +
  150   160  1   0.0%   0.862 CG:1    UG:3    UA:1    +
   27    70  1   0.0%   0.000 CG:1    UG:1    UA:3    +
  108   157  1   0.0%   0.375 CG:2    UG:2    UA:1    +
   12    76  1   0.0%   0.064 CG:1    UG:3    UA:1    +
  123   139  1   0.0%   0.277 GC:2    GU:2    AU:1    +
   94   131  1   0.0%   0.222 GC:3    GU:1    UG:1    +
    4    90  1   0.0%   0.029 GC:1    UG:1    AU:3    +
  117   157  1   0.0%   0.460 CG:3    UG:1    UA:1    +
    4    85  1   0.0%   0.029 GU:1    AU:3    UA:1    +
   82   150  1   0.0%   1.042 GC:1    GU:2    AU:2    +
   81   159  1   0.0%   0.498 UG:1    AU:1    UA:3    +
   15    90  1   0.0%   0.432 GC:2    UG:1    AU:2    +
  147   160  1   0.0%   0.805 CG:1    UG:3    UA:1    +
  103   133  1   0.0%   0.665 GU:2    UG:2    UA:1    +
   76   154  1   0.0%   0.702 GC:1    GU:3    AU:1    +
   23   159  1   0.0%   0.340 UG:1    AU:1    UA:3    +
   76    95  1   0.0%   0.633 GC:3    GU:1    AU:1    +
  116   132  1   0.0%   0.255 GC:1    GU:3    AU:1    +
   78   157  1   0.0%   0.475 CG:1    UG:2    UA:2    +
   73    95  1   0.0%   0.025 GC:2    GU:2    AU:1    +
   62   105  1   0.0%   0.125 CG:1    UG:1    UA:3    +
   76   135  1   0.0%   0.876 GU:3    AU:1    UA:1    +
   15   112  1   0.0%   0.427 GU:2    AU:2    UA:1    +
   15    98  1   0.0%   0.427 GU:2    AU:2    UA:1    +
  114   160  1   0.0%   0.413 CG:3    UG:1    UA:1    +
   76   147  1   0.0%   1.055 GC:1    GU:3    AU:1    +
   79   108  1   0.0%   0.630 GC:2    GU:2    AU:1    +
    1   108  1   0.0%   0.104 GC:2    GU:2    UA:1    +
    1    90  1   0.0%   0.104 GC:2    GU:2    UG:1    +
   37    65  1   0.0%   0.141 GC:2    GU:1    AU:2    +
   69    76  1   0.0%   0.628 CG:2    UG:2    UA:1    +
   59    90  1   0.0%   0.553 CG:1    GC:2    GU:2    +
   83   160  2   1.2%   0.838 UG:4    +
   21    78  1   0.5%   0.691 GC:1    GU:4    +
   37    60  2   0.5%   0.083 GC:1    GU:1    AU:2    +
    3   108  2   0.1%   0.081 GC:1    GU:1    AU:1    UA:1    +
   17   135  3   1.2%   0.840 AU:3    +
  138   149  2   1.1%   1.023 UG:4    +
  137   143  1   0.4%   1.158 UG:4    UA:1    +
  113   141  0   0.4%   0.710 AU:6    +
   10   149  1   0.9%   1.104 CG:5    +
    2   149  1   0.9%   0.267 UG:5    +
   98   121  2   1.1%   0.314 UA:4    +
   18   137  1   0.4%   0.842 GU:1    AU:4    +
   15    80  2   0.7%   0.128 GU:2    AU:2    +
   19   136  0   0.4%   0.915 UG:6    +
    4   144  1   0.4%   0.131 GU:1    AU:4    +
   21   137  0   0.4%   0.971 GU:6    +
   19   133  2   0.7%   0.706 UG:3    UA:1    +
   17    78  3   1.1%   0.184 AU:3    +
   20   138  1   0.3%   0.741 GC:1    GU:4    +
   89    98  1   0.3%   0.078 GU:1    AU:4    +
    4   135  1   0.3%   0.102 AU:4    UA:1    +
  137   142  0   0.3%   1.362 UA:6    +
  105   131  2   0.0%   0.334 CG:1    GC:1    GU:1    AU:1    +
    8   151  1   0.8%   0.987 UA:5    +
    3   109  2   0.0%   0.073 GU:1    UG:1    AU:1    UA:1    +
  110   140  1   0.3%   0.557 CG:4    GU:1    +
    5   143  1   0.3%   0.105 UG:4    UA:1    +
   12   146  1   0.3%   0.917 UG:1    UA:4    +
   38    59  2   0.9%   0.141 CG:4    +
  101   115  0   0.2%   0.189 GU:6    +
    7   132  1   0.2%   0.095 GU:1    AU:4    +
  144   151  1   0.7%   1.371 UA:5    +
  133   139  2   0.2%   0.450 GC:1    GU:2    AU:1    +
  115   142  0   0.2%   1.280 UA:6    +
  113   144  0   0.2%   0.752 AU:6    +
  108   145  1   0.2%   0.543 CG:2    UG:3    +
    9    86  1   0.2%   0.144 GC:4    GU:1    +
  133   144  2   0.5%   0.981 GU:3    AU:1    +
  116   141  1   0.2%   0.544 GU:4    AU:1    +
  100   119  1   0.7%   0.511 UG:5    +
   20    91  0   0.2%   0.621 GC:6    +
   19    92  0   0.2%   0.594 UA:6    +
   10    21  0   0.2%   0.167 CG:6    +
   38    54  0   0.2%   0.034 CG:6    +
   39    53  0   0.2%   0.034 UG:6    +
   40    52  1   0.2%   0.033 GU:1    AU:4    +
   18    93  1   0.2%   0.597 GU:1    AU:4    +
   43    49  1   0.2%   0.031 GU:1    AU:4    +
   21    90  1   0.2%   0.656 GC:2    GU:3    +
   10   101  0   0.2%   0.176 CG:6    +
  135   148  2   0.5%   1.128 UG:3    UA:1    +
   11   100  0   0.2%   0.112 AU:6    +
    4   156  1   0.2%   0.537 GU:1    AU:4    +
   12    89  1   0.1%   0.105 UG:1    UA:4    +
   21   138  1   0.1%   0.782 GC:1    GU:4    +
    8    87  1   0.1%   0.080 UG:1    UA:4    +
   40    62  1   0.1%   0.608 GC:1    AU:4    +
   18   141  1   0.1%   0.957 GU:1    AU:4    +
  103   124  1   0.1%   0.634 GC:2    UA:3    +
   91   136  0   0.1%   0.548 CG:6    +
  111   146  1   0.1%   0.573 UG:1    UA:4    +
   83   130  1   0.1%   0.677 UG:2    UA:3    +
    1   110  1   0.1%   0.130 GC:4    UG:1    +
    4   107  1   0.1%   0.055 GU:1    AU:4    +
   14   145  0   0.1%   0.749 UG:6    +
  100   116  1   0.1%   0.158 UG:4    UA:1    +
   84    88  1   0.1%   0.480 GC:1    UA:4    +
    4   155  1   0.1%   0.516 GU:1    AU:4    +
    5    11  0   0.1%   0.028 UA:6    +
   20    84  1   0.1%   0.848 GC:1    GU:4    +
  122   131  3   0.6%   0.382 GC:1    AU:2    +
    3     8  3   0.6%   0.098 GU:2    AU:1    +
   11   141  0   0.1%   0.377 AU:6    +
   11   139  3   0.8%   0.377 AU:3    +
  114   140  2   0.4%   0.790 CG:3    UG:1    +
   15    85  2   0.1%   0.441 GU:1    AU:2    UA:1    +
   94    98  1   0.1%   0.046 GU:4    UA:1    +
  141   151  1   0.6%   1.477 UA:5    +
   94   133  2   0.1%   0.407 CG:1    GU:2    UG:1    +
   87   135  2   0.4%   0.680 GU:1    AU:3    +
  143   152  2   0.7%   1.582 GC:4    +
   95   149  1   0.1%   0.514 CG:3    UG:2    +
  139   149  1   0.1%   0.902 CG:3    UG:2    +
   84   133  3   0.3%   0.410 CG:1    UG:1    UA:1    +
    5    82  1   0.1%   0.030 UG:3    UA:2    +
    6   149  2   0.1%   0.788 CG:1    UG:2    AU:1    +
   11   137  0   0.1%   0.394 AU:6    +
  142   150  1   0.6%   1.757 AU:5    +
    2    11  0   0.1%   0.099 UA:6    +
  105   125  1   0.1%   0.321 GU:1    AU:3    --:1    +
    4    83  1   0.1%   0.038 GU:1    AU:4    +
  107   113  0   0.1%   0.265 UA:6    +
   45    56  1   0.1%   0.093 GU:4    AU:1    +
   89   150  1   0.1%   0.847 GU:1    AU:4    +
   14   136  0   0.1%   0.261 UG:6    +
   96   148  2   0.1%   0.546 CG:1    UG:2    UA:1    +
    8   153  1   0.1%   0.650 UG:1    UA:4    +
    4   141  1   0.1%   0.077 GU:1    AU:4    +
  133   150  2   0.1%   1.307 GC:1    GU:2    AU:1    +
    7   154  1   0.1%   0.515 GU:1    AU:4    +
  118   132  2   0.7%   0.456 AU:4    +
  146   150  1   0.1%   1.473 GU:1    AU:4    +
   89   132  1   0.1%   0.507 GU:1    AU:4    +
  137   145  0   0.1%   0.942 UG:6    +
   11   156  0   0.1%   0.592 AU:6    +
   84   136  1   0.1%   0.615 CG:1    UG:4    +
   15   132  2   0.1%   0.468 GC:1    GU:1    AU:2    +
  152   160  1   0.0%   1.142 CG:4    AU:1    +
  112   130  1   0.0%   0.194 UG:2    UA:3    +
   14   130  1   0.0%   0.080 UG:2    UA:3    +
  105   115  1   0.0%   0.790 GU:2    AU:3    +
    8    18  1   0.0%   0.050 CG:1    UA:4    +
    7   150  1   0.0%   0.905 GU:1    AU:4    +
    1   150  2   0.4%   0.200 GC:1    GU:3    +
    3    84  2   0.0%   0.061 GU:2    UG:1    AU:1    +
  104   142  0   0.0%   0.893 UA:6    +
  105   141  1   0.0%   0.632 GU:2    AU:3    +
   90   136  1   0.0%   0.578 CG:2    UG:3    +
  107   145  0   0.0%   0.507 UG:6    +
   40    57  1   0.0%   0.022 AU:4    UA:1    +
   22   136  2   0.4%   0.886 CG:3    UG:1    +
  104   116  1   0.0%   0.248 UG:4    UA:1    +
   12    87  1   0.0%   0.084 UG:1    UA:4    +
    5   142  0   0.0%   0.059 UA:6    +
  103   143  2   0.0%   0.948 GC:1    UG:2    UA:1    +
    5    21  0   0.0%   0.019 UG:6    +
  142   156  0   0.0%   1.697 AU:6    +
   11    93  0   0.0%   0.094 AU:6    +
   84   158  1   0.0%   0.329 CG:1    UA:4    +
  102   144  0   0.0%   0.960 GU:6    +
  127   139  1   0.0%   0.182 GC:3    GU:2    +
  146   154  1   0.0%   1.219 GU:1    AU:4    +
    3   133  1   0.0%   0.076 GU:2    UG:3    +
    4   132  1   0.0%   0.049 GC:1    AU:4    +
   24    76  2   0.0%   0.805 GU:1    UG:2    UA:1    +
  134   160  2   0.0%   0.539 CG:2    AU:1    UA:1    +
  111   122  1   0.0%   0.278 UG:1    UA:4    +
   85   128  1   0.0%   0.042 UG:3    UA:1    --:1    +
  100   153  1   0.0%   0.557 UG:1    UA:4    +
   15   135  2   0.0%   0.606 GU:1    AU:2    UA:1    +
    8    82  1   0.0%   0.062 UG:3    UA:2    +
   91   145  0   0.0%   0.588 CG:6    +
   91   102  0   0.0%   0.231 CG:6    +
   92   144  0   0.0%   0.624 AU:6    +
    9    16  1   0.0%   0.094 GC:4    GU:1    +
    2   143  1   0.0%   0.121 UG:4    UA:1    +
  145   155  0   0.0%   1.405 GU:6    +
   20    80  0   0.0%   0.554 GU:6    +
    7   138  1   0.0%   0.072 GC:1    AU:4    +
  122   129  1   0.0%   0.433 GU:1    AU:4    +
   93   143  1   0.0%   0.547 UG:4    UA:1    +
   18    81  1   0.0%   0.508 GU:1    AU:4    +
  128   138  1   0.0%   0.239 GU:3    AU:1    --:1    +
  145   156  0   0.0%   1.412 GU:6    +
   87   129  1   0.0%   0.257 GU:1    AU:4    +
   19   153  1   0.0%   0.748 UG:1    UA:4    +
   94   129  1   0.0%   0.384 GU:4    UA:1    +
   82   137  1   0.0%   0.783 GU:3    AU:2    +
  143   155  1   0.0%   1.459 GU:4    AU:1    +
   16   157  1   0.0%   0.646 CG:4    UA:1    +
    4    80  1   0.0%   0.028 GU:1    AU:4    +
    5   153  1   0.0%   0.590 UG:1    UA:4    +
   83   133  2   0.0%   0.733 CG:1    UG:2    UA:1    +
  100   113  0   0.0%   0.136 UA:6    +
  154   160  1   0.0%   0.614 UG:4    UA:1    +
   18   154  1   0.0%   0.683 GU:1    AU:4    +
    9    81  1   0.0%   0.111 GU:4    AU:1    +
   83    87  1   0.0%   0.857 UG:1    UA:4    +
   14    82  1   0.0%   0.036 UG:3    UA:2    +
    3    81  2   0.0%   0.054 GU:2    AU:1    UA:1    +
  123   131  2   0.0%   0.301 GC:2    GU:1    AU:1    +
   83    89  1   0.0%   0.660 UG:1    UA:4    +
  101   156  0   0.0%   0.506 GU:6    +
  122   132  1   0.0%   0.500 GU:1    AU:4    +
  102   155  0   0.0%   0.814 GU:6    +
  137   160  1   0.0%   0.860 UG:4    UA:1    +
  117   127  1   0.0%   0.195 CG:4    UG:1    +
    4   131  2   0.0%   0.044 GC:1    UG:1    AU:2    +
  128   135  1   0.0%   0.473 GU:3    AU:1    --:1    +
   79    90  1   0.0%   0.641 GC:2    GU:3    +
    7    23  1   0.0%   0.023 GU:1    AU:4    +
   40    56  1   0.0%   0.015 GU:1    AU:4    +
   93   130  1   0.0%   0.066 UG:2    UA:3    +
  102   138  1   0.0%   0.649 GC:1    GU:4    +
    1   147  2   0.3%   0.176 GC:1    GU:3    +
  105   129  1   0.0%   0.496 GU:2    AU:3    +
   47    54  0   0.0%   0.019 CG:6    +
  108   120  2   0.0%   0.148 UG:1    AU:1    UA:2    +
    5   130  1   0.0%   0.025 UG:2    UA:3    +
  104   130  1   0.0%   0.236 UG:2    UA:3    +
  155   160  1   0.0%   0.559 UG:4    UA:1    +
   82   139  1   0.0%   0.600 GC:3    AU:2    +
    4     8  1   0.0%   0.040 GU:1    AU:4    +
    3    23  2   0.0%   0.052 GU:2    AU:1    UA:1    +
   35    62  1   0.0%   0.003 GC:1    GU:4    +
  154   158  1   0.0%   1.024 UG:1    UA:4    +
  103   131  2   0.0%   0.494 GC:2    GU:1    UG:1    +
    9   117  1   0.0%   0.129 GC:3    GU:2    +
  104   153  1   0.0%   0.520 UG:1    UA:4    +
  107   143  1   0.0%   0.603 UG:4    UA:1    +
    9   131  1   0.0%   0.133 GC:3    GU:2    +
   12   149  1   0.0%   0.887 CG:1    UG:4    +
   20   131  1   0.0%   0.600 GC:3    GU:2    +
    2   142  0   0.0%   0.117 UA:6    +
   92   104  0   0.0%   0.196 AU:6    +
   18   155  1   0.0%   0.631 GU:1    AU:4    +
  135   151  1   0.0%   1.083 AU:1    UA:4    +
   11   115  0   0.0%   0.094 AU:6    +
    8    76  1   0.0%   0.046 UG:4    UA:1    +
   97   142  0   0.0%   0.784 UA:6    +
   98   157  1   0.0%   0.423 UG:4    UA:1    +
    8   130  1   0.0%   0.086 UG:2    UA:3    +
   82   144  1   0.0%   0.916 GU:3    AU:2    +
   98   130  1   0.0%   0.190 UG:2    UA:3    +
   78   148  1   0.0%   0.848 CG:1    UG:4    +
   14   153  1   0.0%   0.465 UG:1    UA:4    +
    2    82  1   0.0%   0.102 UG:3    UA:2    +
  107   142  0   0.0%   0.777 UA:6    +
   20   137  0   0.0%   0.878 GU:6    +
  104   136  0   0.0%   0.562 UG:6    +
   85   159  2   0.0%   0.530 UG:1    AU:1    UA:2    +
    2   130  1   0.0%   0.112 UG:2    UA:3    +
  105   126  1   0.0%   0.376 GU:1    AU:3    --:1    +
  127   132  1   0.0%   0.344 GC:1    GU:4    +
  106   143  1   0.0%   0.676 UG:4    UA:1    +
   89   147  1   0.0%   0.750 GU:1    AU:4    +
   14    20  0   0.0%   0.073 UG:6    +
  105   144  1   0.0%   0.678 GU:2    AU:3    +
  137   153  1   0.0%   0.958 UG:1    UA:4    +
  114   149  1   0.0%   0.765 CG:3    UG:2    +
   15    96  2   0.0%   0.428 GU:1    UG:1    AU:2    +
   84   145  1   0.0%   0.695 CG:1    UG:4    +
  141   153  1   0.0%   1.084 UG:1    UA:4    +
  125   130  1   0.0%   0.076 UG:1    UA:3    --:1    +
  115   130  1   0.0%   0.555 UG:2    UA:3    +
    2    21  0   0.0%   0.100 UG:6    +
    5   145  0   0.0%   0.090 UG:6    +
  101   137  0   0.0%   0.509 GU:6    +
   84   160  1   0.0%   0.556 GU:1    UG:4    +
   15   150  2   0.0%   1.270 GC:1    GU:1    AU:2    +
   93   105  1   0.0%   0.035 UG:2    UA:3    +
  102   107  0   0.0%   0.123 GU:6    +
   16   149  1   0.0%   0.995 CG:4    UG:1    +
   23   148  1   0.0%   0.732 UG:4    UA:1    +
  100   142  0   0.0%   0.930 UA:6    +
  114   119  1   0.0%   0.589 CG:3    UG:2    +
  101   141  0   0.0%   0.584 GU:6    +
   81   148  1   0.0%   0.892 UG:4    UA:1    +
   97   160  1   0.0%   0.173 UG:4    UA:1    +
  132   158  1   0.0%   0.830 UG:1    UA:4    +
  104   145  0   0.0%   0.612 UG:6    +
    4    19  1   0.0%   0.021 GU:1    AU:4    +
   14   143  1   0.0%   0.828 UG:4    UA:1    +
   92   106  0   0.0%   0.126 AU:6    +
  149   154  1   0.0%   1.191 GC:1    GU:4    +
  123   129  1   0.0%   0.408 GU:3    AU:2    +
   77   149  1   0.0%   0.850 GU:1    UG:4    +
  102   108  1   0.0%   0.124 GC:2    GU:3    +
    7    84  1   0.0%   0.035 GC:1    AU:4    +
   96   120  2   0.0%   0.008 GU:1    UG:1    UA:2    +
   14    21  0   0.0%   0.035 UG:6    +
  135   149  1   0.0%   1.060 UG:4    AU:1    +
  133   154  2   0.0%   0.865 GC:1    GU:2    AU:1    +
    5    18  1   0.0%   0.010 UG:1    UA:4    +
    5   136  0   0.0%   0.055 UG:6    +
  119   139  1   0.0%   0.440 GC:3    GU:2    +
  101   108  1   0.0%   0.149 GC:2    GU:3    +
    8    89  1   0.0%   0.064 UG:1    UA:4    +
   21   141  0   0.0%   1.049 GU:6    +
   75    87  1   0.0%   0.266 UG:1    UA:4    +
  131   145  1   0.0%   0.834 CG:3    UG:2    +
   23    79  1   0.0%   0.804 UG:4    UA:1    +
   97   130  1   0.0%   0.136 UG:2    UA:3    +
  156   160  1   0.0%   0.564 UG:4    UA:1    +
    8   133  2   0.0%   0.107 CG:1    UG:2    UA:1    +
  129   148  1   0.0%   0.712 UG:4    UA:1    +
  100   130  1   0.0%   0.281 UG:2    UA:3    +
    4    14  1   0.0%   0.030 GU:1    AU:4    +
   97   143  1   0.0%   0.609 UG:4    UA:1    +
    7    12  1   0.0%   0.021 GU:1    AU:4    +
   81   140  1   0.0%   0.853 UG:4    AU:1    +
    2   145  0   0.0%   0.118 UG:6    +
  123   132  1   0.0%   0.445 GU:4    AU:1    +
  138   148  1   0.0%   0.917 CG:1    UG:4    +
  127   147  1   0.0%   0.533 GC:1    GU:4    +
  112   140  1   0.0%   0.567 UG:4    AU:1    +
   86   148  1   0.0%   0.761 CG:4    UG:1    +
   98   122  1   0.0%   0.277 UG:1    UA:4    +
  106   116  1   0.0%   0.154 UG:4    UA:1    +
   10    30  0   0.0%   0.141 CG:6    +
    2   136  0   0.0%   0.115 UG:6    +
   11    29  0   0.0%   0.063 AU:6    +
  132   146  1   0.0%   0.857 UG:1    UA:4    +
  107   116  1   0.0%   0.064 UG:4    UA:1    +
   76    85  1   0.0%   0.645 GU:4    UA:1    +
  136   156  0   0.0%   1.024 GU:6    +
   20   141  0   0.0%   1.019 GU:6    +
   19   142  0   0.0%   1.299 UA:6    +
  129   140  1   0.0%   0.683 UG:4    AU:1    +
   24    78  2   0.0%   0.491 GU:1    UG:1    AU:2    +
    3   129  2   0.0%   0.066 GU:2    AU:1    UA:1    +
   97   101  0   0.0%   0.140 UG:6    +
    5   160  1   0.0%   0.491 UG:4    UA:1    +
    8   105  1   0.0%   0.090 UG:2    UA:3    +
   21   144  0   0.0%   1.093 GU:6    +
  126   148  1   0.0%   0.540 UG:3    UA:1    --:1    +
   92    97  0   0.0%   0.023 AU:6    +
  120   135  2   0.0%   0.568 CG:1    GU:1    AU:2    +
    4   137  1   0.0%   0.063 GU:1    AU:4    +
   87   147  1   0.0%   0.828 GU:1    AU:4    +
   18    23  1   0.0%   0.058 GU:1    AU:4    +
   80   136  0   0.0%   0.803 UG:6    +
  109   134  2   0.0%   0.350 GC:1    AU:1    UA:2    +
   93   101  0   0.0%   0.154 UG:6    +
   98   123  1   0.0%   0.262 UG:3    UA:2    +
    2   113  0   0.0%   0.110 UA:6    +
   13   160  1   0.0%   0.608 UG:4    AU:1    +
  122   126  1   0.0%   0.300 GU:1    AU:3    --:1    +
  150   158  1   0.0%   1.280 UG:1    UA:4    +
    2   160  1   0.0%   0.668 UG:4    UA:1    +
   35    65  1   0.0%   0.008 GC:2    GU:3    +
   44   143  1   0.0%   0.495 UG:4    UA:1    +
    3   112  2   0.0%   0.065 GU:2    AU:1    UA:1    +
    9    75  1   0.0%   0.097 GU:4    AU:1    +
   84   140  1   0.0%   0.664 GU:1    UG:4    +
   46    53  0   0.0%   0.012 CG:6    +
  107   136  0   0.0%   0.450 UG:6    +
   14    18  1   0.0%   0.072 UG:1    UA:4    +
   85   149  1   0.0%   0.490 UG:4    AU:1    +
   76    83  1   0.0%   1.264 GU:4    AU:1    +
   11    80  0   0.0%   0.072 AU:6    +
  132   149  1   0.0%   1.177 CG:1    UG:4    +
   45    57  1   0.0%   0.271 GU:4    UG:1    +
  102   131  1   0.0%   0.614 GC:3    GU:2    +
  108   127  1   0.0%   0.162 CG:2    UG:3    +
  106   153  1   0.0%   0.479 UG:1    UA:4    +
  108   123  2   0.0%   0.262 CG:1    UG:2    UA:1    +
    3   131  2   0.0%   0.066 GC:2    UG:1    AU:1    +
   13    99  2   0.0%   0.095 UG:1    AU:2    UA:1    +
   10   102  0   0.0%   0.156 CG:6    +
   76   137  1   0.0%   0.882 GU:4    AU:1    +
   73    80  1   0.0%   0.510 GU:4    AU:1    +
   80   113  0   0.0%   0.505 UA:6    +
   93   145  0   0.0%   0.447 UG:6    +
  141   145  0   0.0%   1.287 UG:6    +
  126   130  1   0.0%   0.136 UG:1    UA:3    --:1    +
  147   158  1   0.0%   1.223 UG:1    UA:4    +
   93   102  0   0.0%   0.128 UG:6    +
  119   132  1   0.0%   0.580 GC:1    GU:4    +
   83   105  1   0.0%   0.653 UG:2    UA:3    +
   80   130  1   0.0%   0.513 UG:2    UA:3    +
   78   136  1   0.0%   0.741 CG:1    UG:4    +
   79   131  1   0.0%   0.667 GC:3    GU:2    +
   93   142  0   0.0%   0.719 UA:6    +
   15   147  2   0.0%   1.183 GC:1    GU:1    AU:2    +
    8   157  1   0.0%   0.555 UG:4    UA:1    +
   93   153  1   0.0%   0.361 UG:1    UA:4    +
   12   158  1   0.0%   0.520 UG:1    UA:4    +
   14   160  1   0.0%   0.364 UG:4    UA:1    +
  106   142  0   0.0%   0.851 UA:6    +
   98   140  1   0.0%   0.546 UG:4    AU:1    +
   78    82  2   0.0%   0.805 CG:1    UG:2    UA:1    +
  101   155  0   0.0%   0.487 GU:6    +
    4   100  1   0.0%   0.030 GU:1    AU:4    +
  106   136  0   0.0%   0.523 UG:6    +
    4    97  1   0.0%   0.030 GU:1    AU:4    +
    5   105  1   0.0%   0.020 UG:2    UA:3    +
   97   145  0   0.0%   0.509 UG:6    +
  105   137  1   0.0%   0.550 GU:2    AU:3    +
   98   148  1   0.0%   0.585 UG:4    UA:1    +
  106   130  1   0.0%   0.199 UG:2    UA:3    +
  115   136  0   0.0%   0.909 UG:6    +
  100   145  0   0.0%   0.654 UG:6    +
   22   128  1   0.0%   0.554 CG:3    UA:1    --:1    +
  127   150  1   0.0%   0.615 GC:1    GU:4    +
   84   102  1   0.0%   0.275 CG:1    UG:4    +
    3    98  2   0.0%   0.055 GU:2    AU:1    UA:1    +
   84   143  1   0.0%   0.795 GC:1    UG:4    +
    4   125  1   0.0%   0.039 GU:1    AU:3    --:1    +
    4   106  1   0.0%   0.030 GU:1    AU:4    +
   95   127  1   0.0%   0.160 CG:3    UG:2    +
  101   138  1   0.0%   0.325 GC:1    GU:4    +
  114   127  1   0.0%   0.350 CG:3    UG:2    +
  130   156  1   0.0%   0.652 GU:2    AU:3    +
   24   130  2   0.0%   0.187 GC:1    UG:2    UA:1    +
   82   141  1   0.0%   0.869 GU:3    AU:2    +
  101   144  0   0.0%   0.632 GU:6    +
   77   116  1   0.0%   0.467 GU:1    UG:4    +
   87    98  1   0.0%   0.219 GU:1    AU:4    +
   29    68  0   0.0%   0.001 UA:6    +
   30    67  0   0.0%   0.001 GU:6    +
  102   137  0   0.0%   0.829 GU:6    +
   17    77  1   0.0%   0.030 CG:1    AU:4    +
    5    20  0   0.0%   0.010 UG:6    +
   37    56  1   0.0%   0.008 GU:3    AU:2    +
  102   106  0   0.0%   0.114 GU:6    +
   70    78  1   0.0%   0.314 GC:1    AU:4    +
   13   149  1   0.0%   0.975 UG:4    AU:1    +
   92   156  0   0.0%   0.504 AU:6    +
   68    80  0   0.0%   0.489 AU:6    +
    2   102  0   0.0%   0.100 UG:6    +
   94   110  1   0.0%   0.026 GC:4    UG:1    +
   11   155  0   0.0%   0.573 AU:6    +
    5    92  0   0.0%   0.020 UA:6    +
    4    93  1   0.0%   0.029 GU:1    AU:4    +
   19   130  1   0.0%   0.570 UG:2    UA:3    +
  136   155  0   0.0%   1.009 GU:6    +
   75    89  1   0.0%   0.209 UG:1    UA:4    +
  108   128  1   0.0%   0.224 CG:2    UG:2    --:1    +
   76   141  1   0.0%   0.971 GU:4    AU:1    +
   98   105  1   0.0%   0.038 UG:2    UA:3    +
    6   119  2   0.0%   0.034 CG:1    UG:2    AU:1    +
   16   148  1   0.0%   1.012 CG:4    UG:1    +
    9    90  1   0.0%   0.116 GC:2    GU:3    +
   44    54  0   0.0%   0.011 UG:6    +
  101   106  0   0.0%   0.141 GU:6    +
   80    92  0   0.0%   0.525 UA:6    +
   97   102  0   0.0%   0.113 UG:6    +
   40    55  1   0.0%   0.019 AU:4    UA:1    +
  119   135  1   0.0%   0.676 GU:4    UA:1    +
   21    84  1   0.0%   0.881 GC:1    GU:4    +
    9    23  1   0.0%   0.099 GU:4    AU:1    +
   93   136  0   0.0%   0.399 UG:6    +
   60    70  2   0.0%   0.383 CG:1    UG:1    UA:2    +
  100   136  0   0.0%   0.606 UG:6    +
   92   137  0   0.0%   0.499 AU:6    +
  107   130  1   0.0%   0.125 UG:2    UA:3    +
   76    80  1   0.0%   1.116 GU:4    AU:1    +
   95   119  1   0.0%   0.011 CG:3    UG:2    +
   37    58  1   0.0%   0.008 GU:3    AU:2    +
    7    81  1   0.0%   0.032 GU:1    AU:4    +
   77   153  1   0.0%   0.582 GC:1    UA:4    +
    4   109  2   0.0%   0.047 GU:1    AU:2    UA:1    +
   24    81  2   0.0%   0.639 GU:1    AU:2    UA:1    +
   41    54  0   0.0%   0.022 UG:6    +
  125   148  1   0.0%   0.481 UG:3    UA:1    --:1    +
    3   124  1   0.0%   0.065 GC:2    UA:3    +
  143   156  1   0.0%   1.463 GU:4    AU:1    +
   86   149  1   0.0%   0.741 CG:4    UG:1    +
  101   107  0   0.0%   0.149 GU:6    +
   70    83  1   0.0%   0.637 GU:2    AU:3    +
   80   160  1   0.0%   0.515 UG:4    UA:1    +
   82   104  1   0.0%   0.520 GU:3    AU:2    +
    1    84  1   0.0%   0.101 GU:4    UG:1    +
  123   150  1   0.0%   0.715 GU:4    AU:1    +
  129   153  1   0.0%   0.761 UG:1    UA:4    +
   82   106  1   0.0%   0.510 GU:3    AU:2    +
   25   131  1   0.0%   0.051 GC:3    GU:2    +
   95   133  2   0.0%   0.329 CG:1    UG:2    UA:1    +
  101   131  1   0.0%   0.293 GC:3    GU:2    +
   60    66  1   0.0%   0.402 AU:2    UA:3    +
  116   144  1   0.0%   0.556 GU:4    AU:1    +
   77   151  1   0.0%   0.886 GU:1    UA:4    +
   40    44  1   0.0%   0.000 GU:1    AU:4    +
   74   119  1   0.0%   0.025 CG:4    UG:1    +
   14   113  0   0.0%   0.065 UA:6    +
  115   145  0   0.0%   0.969 UG:6    +
    2   101  0   0.0%   0.100 UG:6    +
  108   136  1   0.0%   0.447 CG:2    UG:3    +
  111   128  1   0.0%   0.210 UG:3    UA:1    --:1    +
   77   143  1   0.0%   0.960 GC:1    UG:4    +
  114   133  2   0.0%   0.514 CG:1    UG:2    UA:1    +
  112   123  1   0.0%   0.326 UG:3    UA:2    +
  129   157  1   0.0%   0.721 UG:4    UA:1    +
   97   105  1   0.0%   0.013 UG:2    UA:3    +
  112   122  1   0.0%   0.351 UG:1    UA:4    +
   14    76  1   0.0%   0.020 UG:4    UA:1    +
   99   125  2   0.0%   0.291 GU:1    AU:1    UA:1    --:1    +
  130   155  1   0.0%   0.637 GU:2    AU:3    +
  141   160  1   0.0%   0.807 UG:4    UA:1    +
   74   143  1   0.0%   0.518 CG:4    UA:1    +
   80   143  1   0.0%   0.999 UG:4    UA:1    +
  112   148  1   0.0%   0.627 UG:4    UA:1    +
  111   123  1   0.0%   0.250 UG:4    UA:1    +
  100   105  1   0.0%   0.142 UG:2    UA:3    +
   27    73  2   0.0%   0.025 CG:1    UG:2    UA:1    +
   78   145  1   0.0%   0.837 CG:1    UG:4    +
   82   108  2   0.0%   0.519 GC:2    GU:1    AU:1    +
  122   154  1   0.0%   0.518 GU:1    AU:4    +
    6    96  2   0.0%   0.024 CG:1    AU:2    UA:1    +
   99   126  2   0.0%   0.357 GU:1    UG:1    AU:1    --:1    +
  106   145  0   0.0%   0.573 UG:6    +
   24    84  2   0.0%   0.443 GC:1    UG:1    AU:2    +
    1    98  1   0.0%   0.104 GU:4    UA:1    +
  100   143  1   0.0%   0.754 UG:4    UA:1    +
   73   144  1   0.0%   0.406 GU:4    AU:1    +
   10    25  0   0.0%   0.140 CG:6    +
   82   107  1   0.0%   0.519 GU:3    AU:2    +
   24    82  2   0.0%   0.669 GU:1    UG:1    UA:2    +
   76    93  1   0.0%   0.650 GU:4    AU:1    +
   84   146  1   0.0%   0.706 CG:1    UA:4    +
   82   114  1   0.0%   0.511 GC:3    AU:2    +
    4    24  2   0.0%   0.023 GU:1    UG:1    AU:2    +
    2   116  1   0.0%   0.109 UG:4    UA:1    +
   45    50  1   0.0%   0.011 GU:4    AU:1    +
   19   143  1   0.0%   1.122 UG:4    UA:1    +
   97   116  1   0.0%   0.004 UG:4    UA:1    +
   75    79  1   0.0%   0.683 UG:4    UA:1    +
   81   157  1   0.0%   0.518 UG:4    UA:1    +
   92   141  0   0.0%   0.572 AU:6    +
   21   155  0   0.0%   0.729 GU:6    +
  108   159  2   0.0%   0.321 CG:1    AU:1    UA:2    +
    5   113  0   0.0%   0.020 UA:6    +
  144   160  1   0.0%   0.899 UG:4    UA:1    +
   13   151  1   0.0%   1.013 AU:1    UA:4    +
    5   101  0   0.0%   0.020 UG:6    +
   67    82  1   0.0%   0.497 UG:3    UA:2    +
   82    93  1   0.0%   0.531 GU:3    AU:2    +
   20   156  0   0.0%   0.711 GU:6    +
    8   127  1   0.0%   0.081 CG:1    UG:4    +
   12   127  1   0.0%   0.088 CG:1    UG:4    +
  107   153  1   0.0%   0.413 UG:1    UA:4    +
   98   153  1   0.0%   0.456 UG:1    UA:4    +
  102   141  0   0.0%   0.904 GU:6    +
   58    87  1   0.0%   0.206 UG:1    UA:4    +
   39    45  1   0.0%   0.000 UG:4    UA:1    +
  105   156  1   0.0%   0.552 GU:2    AU:3    +
   57    88  1   0.0%   0.293 GC:1    UA:4    +
   43    48  1   0.0%   0.000 GU:2    AU:3    +
   80   142  0   0.0%   1.176 UA:6    +
   18   144  1   0.0%   0.992 GU:1    AU:4    +
   82    86  2   0.3%   0.698 GC:3    AU:1    +
   20    75  1   0.5%   0.131 GU:5    +
   23   135  3   0.2%   0.590 UG:1    AU:1    UA:1    +
  121   132  2   0.6%   0.524 AU:4    +
   40    61  3   0.4%   0.892 AU:2    UA:1    +
  129   142  1   0.4%   1.038 UA:5    +
    6   105  3   0.1%   0.053 CG:1    UG:1    UA:1    +
    9    22  2   0.2%   0.126 GC:3    GU:1    +
   13    88  2   0.5%   0.159 UA:4    +
   41    61  2   0.2%   0.806 UG:2    UA:2    +
  132   140  2   0.2%   0.842 CG:1    UG:3    +
   13    17  2   0.5%   0.100 UA:4    +
  117   140  2   0.2%   0.651 CG:3    UG:1    +
  112   142  1   0.3%   0.914 UA:5    +
  135   140  2   0.2%   1.025 UG:3    AU:1    +
   87   139  3   0.3%   0.506 GU:1    AU:2    +
   95   124  3   0.6%   0.309 UA:3    +
  111   135  3   0.1%   0.383 UG:1    AU:1    UA:1    +
   11   147  1   0.3%   0.997 AU:5    +
  135   145  2   0.5%   0.946 UG:4    +
   81    87  1   0.3%   0.714 UA:5    +
    2    15  2   0.1%   0.115 UG:2    UA:2    +
   18   138  2   0.1%   0.642 GC:1    AU:3    +
   99   118  2   0.1%   0.048 GC:1    UA:3    +
   37    55  2   0.1%   0.023 GU:2    AU:2    +
    4    22  3   0.0%   0.028 GC:1    AU:1    UA:1    +
    4    12  2   0.1%   0.029 GU:1    AU:3    +
   15   131  3   0.0%   0.439 GC:1    GU:1    UG:1    +
  111   143  2   0.1%   0.635 UG:3    UA:1    +
   78   135  3   0.0%   0.695 CG:1    GU:1    UA:1    +
   15   144  2   0.1%   1.149 GU:2    AU:2    +
  109   141  3   0.3%   0.495 GU:2    AU:1    +
   99   129  3   0.0%   0.483 GU:1    AU:1    UA:1    +
   12   140  2   0.1%   0.294 CG:1    UG:3    +
  131   153  3   0.0%   0.873 GC:1    UG:1    UA:1    +
    6   130  3   0.0%   0.038 CG:1    UG:1    UA:1    +
   81    85  3   0.0%   0.479 UG:1    AU:1    UA:1    +
   34    63  3   0.0%   0.002 GC:1    GU:1    AU:1    +
  109   139  3   0.0%   0.194 GC:1    GU:1    AU:1    +
    3    12  3   0.0%   0.038 GC:1    GU:1    AU:1    +
   99   112  3   0.0%   0.023 GU:1    AU:1    UA:1    +
  131   159  3   0.0%   0.782 CG:1    GU:1    UA:1    +
   77   138  3   0.0%   0.532 GC:1    GU:1    UA:1    +
  109   114  3   0.0%   0.293 GC:1    GU:1    AU:1    +
   99   131  3   0.0%   0.322 GC:1    UG:1    AU:1    +
   81   135  3   0.0%   0.733 UG:1    AU:1    UA:1    +
  108   135  3   0.0%   0.385 CG:1    AU:1    UA:1    +
    6   159  3   0.0%   0.473 UG:1    AU:1    UA:1    +
    4   120  3   0.0%   0.039 GC:1    AU:1    UA:1    +
   85   108  3   0.0%   0.040 GU:1    AU:1    UA:1    +
  105   117  3   0.0%   0.386 GC:1    GU:1    AU:1    +
  108   133  3   0.0%   0.323 CG:1    UG:1    UA:1    +
   24    72  3   0.0%   0.007 GC:1    UG:1    UA:1    +
   95   109  3   0.0%   0.018 CG:1    UG:1    UA:1    +
   61    69  3   0.0%   0.407 GC:1    GU:1    AU:1    +
  105   139  3   0.0%   0.371 GC:1    GU:1    AU:1    +
   99   108  3   0.0%   0.031 GC:1    AU:1    UA:1    +
   91   148  1   0.3%   0.636 CG:5    +
   75    85  3   0.0%   0.212 UG:1    AU:1    UA:1    +
    6    82  3   0.0%   0.023 UG:1    AU:1    UA:1    +
  109   133  3   0.0%   0.327 GU:1    UG:1    UA:1    +
   23    85  3   0.0%   0.332 UG:1    AU:1    UA:1    +
   96   138  3   0.0%   0.199 GU:1    AU:1    UA:1    +
   22   109  3   0.0%   0.559 CG:1    UG:1    AU:1    +
   73   120  3   0.0%   0.022 GC:1    GU:1    UA:1    +
   95   105  3   0.0%   0.021 CG:1    UG:1    UA:1    +
  108   122  2   0.1%   0.293 CG:1    UA:3    +
   92   147  1   0.2%   0.705 AU:5    +
   22    73  3   0.2%   0.061 CG:2    UG:1    +
  103   110  2   0.1%   0.115 GC:3    UG:1    +
   10   148  1   0.2%   1.053 CG:5    +
   94   150  2   0.1%   0.706 GC:1    GU:3    +
   23    72  2   0.1%   0.018 UG:1    UA:3    +
  130   135  2   0.1%   0.381 GU:2    AU:2    +
  105   111  2   0.1%   0.041 GU:2    AU:2    +
   24   134  2   0.1%   0.347 GU:1    UA:3    +
  133   140  2   0.1%   0.882 GU:2    UG:2    +
  109   121  2   0.1%   0.286 GC:1    UA:3    +
   14   133  2   0.1%   0.114 UG:3    UA:1    +
    1    12  2   0.1%   0.101 GC:1    GU:3    +
   85   130  2   0.1%   0.065 UG:1    UA:3    +
  109   144  3   0.2%   0.552 GU:2    AU:1    +
   96   101  2   0.1%   0.147 CG:1    UG:3    +
  112   145  1   0.2%   0.639 UG:5    +
  147   153  2   0.0%   1.334 UG:1    UA:3    +
  129   145  1   0.2%   0.734 UG:5    +
  122   139  2   0.0%   0.335 GC:1    AU:3    +
  129   134  2   0.0%   0.533 AU:1    UA:3    +
   80    88  1   0.2%   0.697 UA:5    +
  130   138  2   0.0%   0.197 GU:1    AU:3    +
   94   125  1   0.2%   0.206 GU:4    --:1    +
   97   120  2   0.0%   0.010 UG:1    UA:3    +
  133   156  2   0.0%   0.849 GU:3    AU:1    +
   88   103  2   0.0%   0.236 CG:1    AU:3    +
   84   130  2   0.0%   0.299 UG:1    UA:3    +
   99   128  2   0.0%   0.397 UG:2    UA:1    --:1    +
  133   155  2   0.0%   0.830 GU:3    AU:1    +
  133   137  2   0.0%   0.695 GU:3    AU:1    +
   90   103  2   0.0%   0.193 GU:1    UG:3    +
   80   133  2   0.0%   0.584 UG:3    UA:1    +
  135   159  2   0.0%   0.720 AU:1    UA:3    +
  112   134  2   0.0%   0.416 AU:1    UA:3    +
   83   159  2   0.0%   0.689 UG:1    UA:3    +
    4   154  2   0.0%   0.555 GU:1    AU:3    +
    6    78  2   0.0%   0.015 UG:1    AU:3    +
  155   159  2   0.0%   0.879 UG:1    UA:3    +
  154   159  2   0.0%   0.932 UG:1    UA:3    +
   15   133  2   0.0%   0.476 UG:2    AU:2    +
    1   135  2   0.0%   0.119 GU:3    UA:1    +
   14   140  2   0.3%   0.226 UG:4    +
  122   135  2   0.0%   0.566 GU:1    AU:3    +
   99   158  2   0.0%   0.514 UG:1    UA:3    +
  107   120  2   0.0%   0.149 UG:1    UA:3    +
    2   133  2   0.0%   0.114 UG:3    UA:1    +
  111   142  1   0.2%   0.803 UA:5    +
  108   119  2   0.0%   0.244 CG:2    UG:2    +
    3   157  3   0.2%   0.482 UG:1    UA:2    +
   95   122  2   0.0%   0.014 CG:1    UA:3    +
    2   159  2   0.0%   0.670 UG:1    UA:3    +
  120   137  2   0.0%   0.574 GU:1    AU:3    +
    5    15  2   0.0%   0.020 UG:2    UA:2    +
   87   138  2   0.0%   0.449 GU:1    AU:3    +
   96   143  2   0.0%   0.615 GC:1    UG:3    +
   96   159  2   0.0%   0.325 GU:1    UA:3    +
  138   157  2   0.0%   0.592 UG:3    UA:1    +
   94   117  2   0.0%   0.021 GC:3    GU:1    +
  127   138  2   0.0%   0.173 GC:1    GU:3    +
  120   141  2   0.0%   0.638 GU:1    AU:3    +
  130   147  2   0.0%   0.660 GU:2    AU:2    +
  108   149  2   0.0%   0.524 CG:2    UG:2    +
  131   160  2   0.0%   0.639 CG:3    UG:1    +
   44    61  2   0.0%   0.409 UG:2    UA:2    +
  103   112  2   0.0%   0.096 GU:3    UA:1    +
  105   135  2   0.0%   0.572 GU:1    AU:3    +
  132   159  2   0.0%   0.793 CG:1    UA:3    +
   76    86  2   0.0%   0.652 GC:3    GU:1    +
   13   130  2   0.0%   0.101 UG:1    UA:3    +
  150   159  2   0.0%   1.186 CG:1    UA:3    +
    8    15  2   0.0%   0.051 UG:2    UA:2    +
    4   138  2   0.0%   0.064 GU:1    AU:3    +
  103   127  2   0.0%   0.504 GC:1    UG:3    +
   15   156  2   0.0%   0.789 GU:2    AU:2    +
  124   140  2   0.0%   0.649 CG:2    AU:2    +
  104   133  2   0.0%   0.436 UG:3    UA:1    +
  103   134  2   0.0%   0.689 GC:2    UA:2    +
    3   134  2   0.0%   0.074 GC:2    UA:2    +
    1    22  2   0.0%   0.102 GC:3    UA:1    +
   13   148  2   0.0%   0.994 UG:3    UA:1    +
  109   149  2   0.0%   0.546 UG:3    AU:1    +
   96   102  2   0.0%   0.118 CG:1    UG:3    +
   12   133  2   0.0%   0.120 UG:3    UA:1    +
   41    51  3   0.2%   0.033 UG:1    UA:2    +
   22   140  2   0.0%   0.935 CG:3    AU:1    +
  127   131  2   0.0%   0.198 GC:3    GU:1    +
   85    89  2   0.0%   0.035 UG:1    UA:3    +
  114   122  2   0.0%   0.476 CG:1    UA:3    +
  107   133  2   0.0%   0.326 UG:3    UA:1    +
   92   125  1   0.2%   0.160 AU:4    --:1    +
    8   159  2   0.0%   0.538 UG:1    UA:3    +
   36   151  2   0.0%   0.434 AU:1    UA:3    +
   40   147  2   0.0%   0.910 GU:1    AU:3    +
   85   105  2   0.0%   0.041 UG:2    UA:2    +
    1   124  2   0.0%   0.114 GC:2    UA:2    +
   85   157  2   0.0%   0.137 UG:3    UA:1    +
  111   116  2   0.0%   0.063 UG:3    UA:1    +
   15    26  2   0.0%   0.014 GU:2    AU:2    +
   76    81  2   0.0%   1.090 GU:3    AU:1    +
  103   111  2   0.0%   0.097 GU:3    UA:1    +
  122   138  2   0.0%   0.324 GU:1    AU:3    +
  133   159  2   0.0%   0.792 GU:2    UA:2    +
   15    19  2   0.0%   0.067 GU:2    AU:2    +
   14   159  2   0.0%   0.366 UG:1    UA:3    +
    5   133  2   0.0%   0.027 UG:3    UA:1    +
   99   122  2   0.0%   0.380 UG:1    UA:3    +
    1   114  2   0.0%   0.113 GC:3    GU:1    +
   89   138  2   0.0%   0.406 GU:1    AU:3    +
   18   132  2   0.0%   0.597 GU:1    AU:3    +
  138   153  2   0.0%   0.672 UG:1    UA:3    +
   18   147  2   0.0%   1.033 GU:1    AU:3    +
   16    76  2   0.0%   0.020 CG:3    UG:1    +
  100   120  2   0.0%   0.378 UG:1    UA:3    +
   88    96  2   0.0%   0.200 CG:1    AU:3    +
    3   121  2   0.0%   0.065 GC:1    UA:3    +
  109   119  2   0.0%   0.244 UG:3    AU:1    +
   84   105  2   0.0%   0.285 UG:1    UA:3    +
   82   138  2   0.0%   0.593 GU:3    AU:1    +
    5   159  2   0.0%   0.491 UG:1    UA:3    +
  123   135  2   0.0%   0.511 GU:3    AU:1    +
   90   127  2   0.0%   0.118 CG:2    UG:2    +
  103   138  2   0.0%   0.526 GU:3    UA:1    +
   89   135  2   0.0%   0.587 GU:1    AU:3    +
   12   130  2   0.0%   0.091 UG:2    UA:2    +
   23   130  2   0.0%   0.327 UG:1    UA:3    +
    4   111  2   0.0%   0.039 GU:1    AU:3    +
  135   157  2   0.0%   0.773 UG:3    UA:1    +
  115   120  2   0.0%   0.723 UG:1    UA:3    +
   99   157  2   0.0%   0.526 UG:2    UA:2    +
   12   153  2   0.0%   0.619 UG:1    UA:3    +
   85   140  2   0.0%   0.471 UG:3    AU:1    +
   95   140  2   0.0%   0.485 CG:3    UG:1    +
    1   139  2   0.0%   0.117 GC:3    GU:1    +
    4    84  2   0.0%   0.032 GU:1    AU:3    +
    6   126  2   0.0%   0.034 CG:1    AU:2    --:1    +
   23    73  2   0.0%   0.023 UG:3    UA:1    +
   76    84  2   0.0%   0.894 GU:3    AU:1    +
  118   133  2   0.0%   0.452 CG:2    AU:2    +
   97   159  2   0.0%   0.315 UG:1    UA:3    +
   75    82  2   0.0%   0.688 UG:2    UA:2    +
  147   159  2   0.0%   1.128 CG:1    UA:3    +
   89    99  2   0.0%   0.059 GU:1    AU:3    +
   99   146  2   0.0%   0.691 UG:1    UA:3    +
  109   143  2   0.0%   0.622 GC:1    UG:3    +
  120   132  2   0.0%   0.443 GU:1    AU:3    +
  141   159  2   0.0%   1.130 UG:1    UA:3    +
   81   130  2   0.0%   0.493 UG:1    UA:3    +
   82   110  2   0.0%   0.519 GC:3    UG:1    +
   26    72  2   0.0%   0.006 UG:1    UA:3    +
   72    81  2   0.0%   0.470 GU:1    AU:3    +
  100   133  2   0.0%   0.481 UG:3    UA:1    +
  140   150  2   0.0%   1.472 GC:1    GU:3    +
   96   158  2   0.0%   0.362 CG:1    UA:3    +
   96   146  2   0.0%   0.538 CG:1    UA:3    +
  109   116  2   0.0%   0.064 GU:1    UG:3    +
    7    96  2   0.0%   0.036 GC:1    AU:3    +
    1   132  2   0.0%   0.114 GC:1    GU:3    +
   56    61  2   0.0%   0.471 UG:2    UA:2    +
   23    82  2   0.0%   0.808 UG:3    UA:1    +
  132   153  2   0.0%   0.882 UG:1    UA:3    +
    5   120  2   0.0%   0.021 UG:1    UA:3    +
   13   123  2   0.0%   0.095 UG:2    UA:2    +
  103   129  2   0.0%   0.652 GU:3    UA:1    +
   87    99  2   0.0%   0.219 GU:1    AU:3    +
   94   147  2   0.0%   0.618 GC:1    GU:3    +
   71    82  2   0.0%   0.494 UG:3    UA:1    +
   24    73  2   0.0%   0.017 UG:3    AU:1    +
  109   127  2   0.0%   0.166 GC:1    UG:3    +
   94   132  2   0.0%   0.365 GC:1    GU:3    +
   15    97  2   0.0%   0.427 GU:2    AU:2    +
   78    89  2   0.0%   0.456 UG:1    UA:3    +
    1   133  2   0.0%   0.114 GU:2    UG:2    +
  116   131  2   0.0%   0.112 GC:3    GU:1    +
  106   159  2   0.0%   0.387 UG:1    UA:3    +
   93   133  2   0.0%   0.261 UG:3    UA:1    +
   22   148  2   0.0%   0.970 CG:3    UG:1    +
   36    59  2   0.0%   0.000 CG:2    UG:2    +
  103   121  2   0.0%   0.532 GC:1    UA:3    +
  105   138  2   0.0%   0.367 GU:2    AU:2    +
  117   143  2   0.0%   0.740 CG:3    UG:1    +
  104   120  2   0.0%   0.327 UG:1    UA:3    +
   88   109  2   0.0%   0.288 CG:1    AU:3    +
   96   145  2   0.0%   0.514 CG:1    UG:3    +
  144   159  2   0.0%   1.222 UG:1    UA:3    +
  115   133  2   0.0%   0.751 UG:3    UA:1    +
  111   130  2   0.0%   0.108 UG:1    UA:3    +
   72    96  2   0.0%   0.010 CG:1    AU:3    +
  106   120  2   0.0%   0.235 UG:1    UA:3    +
   97   133  2   0.0%   0.337 UG:3    UA:1    +
  120   154  2   0.0%   0.521 GU:1    AU:3    +
   58    72  2   0.0%   0.147 UG:1    UA:3    +
   22   157  2   0.0%   0.600 CG:3    UA:1    +
   81   105  2   0.0%   0.494 UG:1    UA:3    +
  120   156  2   0.0%   0.498 GU:1    AU:3    +
   94   135  2   0.0%   0.462 GU:3    UA:1    +
   94   139  2   0.0%   0.262 GC:3    GU:1    +
   40    65  2   0.0%   0.488 GC:1    AU:3    +
    1    95  2   0.0%   0.104 GC:3    GU:1    +
   96   160  2   0.0%   0.181 GU:1    UG:3    +
    4    23  2   0.0%   0.024 GU:1    AU:3    +
   61   106  2   0.0%   0.407 GU:2    AU:2    +
   96   140  2   0.0%   0.497 GU:1    UG:3    +
   98   103  2   0.0%   0.111 UG:3    AU:1    +
    4    78  2   0.0%   0.022 GC:1    AU:3    +
  115   159  2   0.0%   0.741 UG:1    UA:3    +
   74    82  2   0.0%   0.516 CG:3    UA:1    +
   90   151  2   0.0%   0.665 GU:1    UA:3    +
    1   117  2   0.0%   0.113 GC:3    GU:1    +
   15   155  2   0.0%   0.777 GU:2    AU:2    +
    7    99  2   0.0%   0.036 GU:1    AU:3    +
    1    85  2   0.0%   0.101 GU:3    UA:1    +
  109   151  2   0.0%   0.568 AU:1    UA:3    +
    3    14  3   0.1%   0.067 GU:2    AU:1    +
   86   140  2   0.3%   0.757 CG:4    +
  133   138  3   0.1%   0.423 GC:1    GU:2    +
    3   145  3   0.4%   0.152 UG:3    +
    3   156  3   0.1%   0.460 GU:2    AU:1    +
    2   109  3   0.1%   0.126 UG:2    UA:1    +
   21   134  3   0.1%   0.838 GC:2    GU:1    +
   88   133  3   0.1%   0.537 CG:1    AU:2    +
  138   142  2   0.3%   1.085 UA:4    +
  102   125  1   0.1%   0.602 GU:4    --:1    +
  105   110  3   0.1%   0.054 CG:1    GC:2    +
   88    99  3   0.4%   0.260 AU:3    +
  140   144  2   0.3%   1.239 GU:4    +
    9    91  1   0.1%   0.137 GC:5    +
    8    92  1   0.1%   0.083 UA:5    +
   14    88  1   0.1%   0.116 UA:5    +
    5   134  3   0.3%   0.085 UA:3    +
    5   151  1   0.1%   0.867 UA:5    +
    6   153  3   0.1%   0.579 CG:1    UA:2    +
  142   154  1   0.1%   1.278 AU:5    +
    9   134  3   0.1%   0.171 GC:2    AU:1    +
   11   132  1   0.1%   0.129 AU:5    +
    7   139  3   0.1%   0.084 GU:1    AU:2    +
   17   138  3   0.3%   0.635 AU:3    +
   88   138  3   0.3%   0.432 AU:3    +
  102   111  1   0.1%   0.133 GU:5    +
  101   126  1   0.1%   0.341 GU:4    --:1    +
  106   149  1   0.1%   0.593 UG:5    +
    8    79  1   0.1%   0.060 UG:5    +
  110   143  2   0.2%   0.679 CG:4    +
  110   145  1   0.1%   0.577 CG:5    +
  110   136  1   0.1%   0.476 CG:5    +
  127   152  1   0.1%   0.585 GC:5    +
  113   129  1   0.1%   0.476 AU:5    +
   36    61  3   0.1%   0.013 UG:2    UA:1    +
   93   151  1   0.1%   0.496 UA:5    +
  134   145  3   0.1%   0.937 CG:2    UG:1    +
   81    88  1   0.1%   0.676 UA:5    +
  139   158  3   0.1%   0.977 UG:1    UA:2    +
  104   151  1   0.1%   0.654 UA:5    +
   15   138  3   0.1%   0.516 GU:1    AU:2    +
  115   127  1   0.1%   0.598 UG:5    +
  109   137  3   0.0%   0.378 GU:2    AU:1    +
    6    94  3   0.0%   0.031 UG:2    AU:1    +
  151   156  1   0.0%   1.248 AU:5    +
  101   152  1   0.0%   0.736 GC:5    +
   13    87  2   0.2%   0.104 UA:4    +
   81   136  1   0.0%   0.791 UG:5    +
  138   159  3   0.0%   0.959 UG:1    UA:2    +
   93   124  2   0.2%   0.065 UA:4    +
  100   127  1   0.0%   0.322 UG:5    +
    6    20  3   0.0%   0.017 CG:1    UG:2    +
   86   127  1   0.0%   0.205 CG:5    +
   85   102  2   0.2%   0.056 UG:4    +
   13   134  3   0.0%   0.242 AU:1    UA:2    +
  142   147  1   0.0%   1.680 AU:5    +
  116   124  3   0.0%   0.258 GC:2    UA:1    +
   87   126  1   0.0%   0.254 AU:4    --:1    +
   20   135  2   0.2%   0.890 GU:4    +
    6   140  3   0.0%   0.069 UG:2    AU:1    +
  104   109  3   0.0%   0.092 UG:2    UA:1    +
  102   110  1   0.0%   0.133 GC:5    +
    6   151  3   0.0%   0.839 AU:1    UA:2    +
  109   150  3   0.0%   0.674 GU:2    AU:1    +
   12   142  1   0.0%   0.270 UA:5    +
  125   136  1   0.0%   0.472 UG:4    --:1    +
  103   113  3   0.3%   0.143 UA:3    +
   94   103  3   0.0%   0.103 CG:1    GU:2    +
   24    77  3   0.0%   0.521 UG:1    AU:2    +
   12    92  1   0.0%   0.099 UA:5    +
   79   134  3   0.0%   0.788 GC:2    AU:1    +
    6    15  3   0.0%   0.020 UG:2    AU:1    +
  102   152  1   0.0%   1.060 GC:5    +
   39    63  3   0.0%   0.468 UG:2    UA:1    +
  126   153  1   0.0%   0.408 UA:4    --:1    +
    8   149  1   0.0%   0.828 UG:5    +
  129   136  1   0.0%   0.668 UG:5    +
    6    84  3   0.0%   0.027 CG:1    AU:2    +
   88   125  1   0.0%   0.287 AU:4    --:1    +
  109   124  3   0.0%   0.297 GC:1    UA:2    +
  111   148  1   0.0%   0.550 UG:5    +
   20   152  1   0.0%   1.164 GC:5    +
  101   110  1   0.0%   0.153 GC:5    +
    8   140  2   0.2%   0.127 UG:4    +
  101   112  1   0.0%   0.148 GU:5    +
   11    83  1   0.0%   0.078 AU:5    +
  107   121  1   0.0%   0.129 UA:5    +
  127   134  3   0.0%   0.370 GC:2    GU:1    +
  144   149  1   0.0%   1.207 UG:5    +
   16   127  1   0.0%   0.286 CG:5    +
   88   137  1   0.0%   0.567 AU:5    +
   17   156  1   0.0%   0.624 AU:5    +
  121   140  3   0.0%   0.672 CG:1    AU:2    +
    3   155  3   0.0%   0.437 GU:2    AU:1    +
   17   137  1   0.0%   0.780 AU:5    +
    6   138  3   0.0%   0.060 AU:2    UA:1    +
  149   155  1   0.0%   1.139 GU:5    +
    1     6  3   0.0%   0.004 GU:2    UA:1    +
   17   155  1   0.0%   0.611 AU:5    +
  106   121  1   0.0%   0.215 UA:5    +
   18   125  1   0.0%   0.570 AU:4    --:1    +
    3   154  3   0.0%   0.494 GU:2    AU:1    +
  123   134  3   0.0%   0.470 GC:2    GU:1    +
    3   132  3   0.0%   0.069 GU:2    AU:1    +
  103   154  3   0.0%   0.727 GC:1    GU:2    +
  129   146  1   0.0%   0.731 UA:5    +
    3   158  3   0.0%   0.466 UG:1    UA:2    +
   20   134  3   0.0%   0.780 GC:2    GU:1    +
   11   150  1   0.0%   1.066 AU:5    +
   81   145  1   0.0%   0.883 UG:5    +
    1   134  3   0.0%   0.117 GC:2    UA:1    +
   23    88  1   0.0%   0.365 UA:5    +
    3   141  3   0.0%   0.085 GU:2    AU:1    +
  101   111  1   0.0%   0.144 GU:5    +
   10    79  1   0.0%   0.150 CG:5    +
   11    81  1   0.0%   0.075 AU:5    +
   24    71  3   0.0%   0.004 GU:1    AU:2    +
    3     9  3   0.0%   0.111 UG:2    UA:1    +
  104   127  1   0.0%   0.274 UG:5    +
  103   117  3   0.0%   0.542 GC:2    GU:1    +
   10   143  2   0.2%   0.496 CG:4    +
    9   129  1   0.0%   0.130 GU:5    +
   88   107  1   0.0%   0.290 AU:5    +
   91   128  1   0.0%   0.303 CG:4    --:1    +
  109   148  3   0.0%   0.569 UG:2    UA:1    +
   10   128  1   0.0%   0.160 CG:4    --:1    +
  127   144  1   0.0%   0.505 GU:5    +
  149   156  1   0.0%   1.144 GU:5    +
  104   149  1   0.0%   0.619 UG:5    +
  139   146  3   0.0%   0.784 UG:1    UA:2    +
  134   148  3   0.0%   1.083 CG:2    UG:1    +
  109   147  3   0.0%   0.585 GU:2    AU:1    +
  119   125  1   0.0%   0.353 GU:4    --:1    +
   78   140  3   0.0%   0.810 CG:1    UG:2    +
  105   133  3   0.0%   0.509 CG:1    AU:2    +
  120   129  3   0.0%   0.432 GU:1    AU:2    +
   98   146  1   0.0%   0.587 UA:5    +
  102   126  1   0.0%   0.658 GU:4    --:1    +
    9    83  1   0.0%   0.111 GU:5    +
    3   139  3   0.0%   0.084 GC:2    AU:1    +
  127   133  3   0.0%   0.371 CG:1    GU:2    +
    6   136  3   0.0%   0.069 CG:1    UG:2    +
   10   127  1   0.0%   0.159 CG:5    +
  113   150  1   0.0%   0.850 AU:5    +
   17   141  1   0.0%   0.921 AU:5    +
   93   127  1   0.0%   0.099 UG:5    +
  126   145  1   0.0%   0.539 UG:4    --:1    +
   92   132  1   0.0%   0.418 AU:5    +
   95   103  3   0.0%   0.094 CG:2    UG:1    +
   16   133  3   0.0%   0.324 CG:2    UG:1    +
   98   113  1   0.0%   0.028 UA:5    +
   24    87  3   0.0%   0.247 UG:1    UA:2    +
   97   119  1   0.0%   0.004 UG:5    +
  107   127  1   0.0%   0.165 UG:5    +
   14   151  1   0.0%   0.769 UA:5    +
   15   152  3   0.0%   1.240 GC:2    UA:1    +
  137   149  1   0.0%   1.147 UG:5    +
   12   159  3   0.0%   0.511 UG:1    UA:2    +
   88   106  1   0.0%   0.280 AU:5    +
   88   132  2   0.2%   0.503 AU:4    +
    7   129  1   0.0%   0.048 AU:5    +
  107   149  1   0.0%   0.524 UG:5    +
  109   115  3   0.0%   0.530 GU:2    AU:1    +
   99   143  3   0.0%   0.767 UG:2    UA:1    +
  115   121  1   0.0%   0.705 UA:5    +
   88   154  1   0.0%   0.402 AU:5    +
   98   142  1   0.0%   0.837 UA:5    +
   17    80  1   0.0%   0.123 AU:5    +
  102   112  1   0.0%   0.125 GU:5    +
   21   152  1   0.0%   1.192 GC:5    +
  119   124  3   0.0%   0.512 GC:2    UA:1    +
   11   126  1   0.0%   0.094 AU:4    --:1    +
   80   149  1   0.0%   0.890 UG:5    +
   88   141  1   0.0%   0.671 AU:5    +
    5    88  1   0.0%   0.021 UA:5    +
   17   144  1   0.0%   0.975 AU:5    +
  101   129  1   0.0%   0.454 GU:5    +
   23   136  1   0.0%   0.627 UG:5    +
  125   146  1   0.0%   0.499 UA:4    --:1    +
    2    24  3   0.0%   0.100 UG:1    UA:2    +
   33    64  3   0.0%   0.001 CG:1    UA:2    +
    3   144  3   0.0%   0.089 GU:2    AU:1    +
   17    93  1   0.0%   0.525 AU:5    +
    6   135  3   0.0%   0.076 UG:1    AU:2    +
  117   146  3   0.0%   0.655 CG:1    UA:2    +
    6    87  3   0.0%   0.021 CG:1    UA:2    +
    4   133  3   0.0%   0.048 UG:1    AU:2    +
   38   149  1   0.0%   0.436 CG:5    +
  106   151  1   0.0%   0.611 UA:5    +
  151   155  1   0.0%   1.234 AU:5    +
  129   133  3   0.0%   0.529 UG:2    UA:1    +
   12    28  1   0.0%   0.063 UA:5    +
   81   133  3   0.0%   0.561 UG:2    UA:1    +
  103   139  3   0.0%   0.530 GC:2    GU:1    +
  113   132  1   0.0%   0.449 AU:5    +
    6    34  3   0.0%   0.011 CG:1    UG:2    +
    2    88  1   0.0%   0.101 UA:5    +
   91   149  1   0.0%   0.600 CG:5    +
  134   157  3   0.0%   0.734 CG:2    UA:1    +
    3     7  3   0.0%   0.008 UG:1    UA:2    +
    6    85  3   0.0%   0.020 UG:1    AU:2    +
  119   126  1   0.0%   0.413 GU:4    --:1    +
   18   133  3   0.0%   0.607 CG:1    AU:2    +
   91   119  1   0.0%   0.123 CG:5    +
  110   128  1   0.0%   0.242 CG:4    --:1    +
  103   146  3   0.0%   0.868 UG:1    UA:2    +
   23   133  3   0.0%   0.393 UG:2    UA:1    +
  127   141  1   0.0%   0.481 GU:5    +
   17   133  3   0.0%   0.556 CG:1    AU:2    +
  119   137  1   0.0%   0.680 GU:5    +
   17    23  1   0.0%   0.031 AU:5    +
    3    87  3   0.0%   0.055 UG:1    UA:2    +
  105   109  3   0.0%   0.026 GU:1    AU:2    +
   21    75  1   0.0%   0.068 GU:5    +
   22    81  3   0.0%   1.000 AU:2    UA:1    +
   92   129  1   0.0%   0.433 AU:5    +
   92    98  1   0.0%   0.042 AU:5    +
   92   150  1   0.0%   0.764 AU:5    +
   42    63  3   0.0%   0.094 UG:2    AU:1    +
  100   151  1   0.0%   0.682 UA:5    +
  100   109  3   0.0%   0.140 UG:2    UA:1    +
   93   149  1   0.0%   0.459 UG:5    +
  133   160  3   0.0%   0.648 GU:1    UG:2    +
  113   125  1   0.0%   0.286 AU:4    --:1    +
   23   142  1   0.0%   1.001 UA:5    +
    3   147  3   0.0%   0.129 GU:2    AU:1    +
   98   145  1   0.0%   0.562 UG:5    +
   23    89  1   0.0%   0.331 UA:5    +
   21    81  1   0.0%   1.066 GU:5    +
   79    91  1   0.0%   0.640 GC:5    +
  125   153  1   0.0%   0.342 UA:4    --:1    +
   98   158  1   0.0%   0.407 UA:5    +
  133   151  3   0.0%   1.200 GU:1    UA:2    +
   89    95  3   0.0%   0.022 GU:1    AU:2    +
  133   153  3   0.0%   0.881 GC:1    UA:2    +
  126   142  1   0.0%   0.834 UA:4    --:1    +
  100   121  1   0.0%   0.354 UA:5    +
   89   125  1   0.0%   0.111 AU:4    --:1    +
  127   137  1   0.0%   0.417 GU:5    +
   88   156  1   0.0%   0.808 AU:5    +
   24   132  3   0.0%   0.250 GU:1    AU:2    +
  133   149  3   0.0%   1.175 GU:1    UG:2    +
   90   120  3   0.0%   0.112 CG:1    UA:2    +
   81    89  1   0.0%   0.499 UA:5    +
    6    89  3   0.0%   0.020 CG:1    UA:2    +
   11   154  1   0.0%   0.626 AU:5    +
  107   151  1   0.0%   0.546 UA:5    +
  125   149  1   0.0%   0.457 UG:4    --:1    +
  126   136  1   0.0%   0.527 UG:4    --:1    +
   88    97  1   0.0%   0.200 AU:5    +
  133   143  3   0.0%   1.055 GC:1    UG:2    +
   80   151  1   0.0%   0.927 UA:5    +
   79    83  1   0.0%   1.123 GU:5    +
  141   149  1   0.0%   1.359 UG:5    +
    7   125  1   0.0%   0.047 AU:4    --:1    +
  121   137  1   0.0%   0.562 AU:5    +
    5   127  1   0.0%   0.021 UG:5    +
  126   149  1   0.0%   0.516 UG:4    --:1    +
  112   133  3   0.0%   0.388 UG:2    UA:1    +
   83   142  1   0.0%   1.343 UA:5    +
  131   151  3   0.0%   1.188 GU:1    UA:2    +
   24   135  3   0.0%   0.430 UG:1    AU:2    +
    3    97  3   0.0%   0.055 GU:2    AU:1    +
   13    78  3   0.0%   0.054 UG:1    AU:2    +
    9   103  3   0.0%   0.136 GU:2    AU:1    +
  103   148  3   0.0%   0.865 UG:2    UA:1    +
    5   119  1   0.0%   0.020 UG:5    +
    3    85  3   0.0%   0.055 GU:2    UA:1    +
   24   147  3   0.0%   0.609 GU:1    AU:2    +
   24    80  3   0.0%   0.666 GU:1    AU:2    +
   34    66  3   0.0%   0.025 GU:2    AU:1    +
   11   129  1   0.0%   0.095 AU:5    +
   79   110  1   0.0%   0.631 GC:5    +
  121   156  1   0.0%   0.488 AU:5    +
  109   132  3   0.0%   0.295 GU:2    AU:1    +
    4    95  3   0.0%   0.029 GC:1    AU:2    +
   88   100  1   0.0%   0.250 AU:5    +
   24   141  3   0.0%   0.524 GU:1    AU:2    +
   82   133  3   0.0%   0.596 GU:2    UG:1    +
   99   116  3   0.0%   0.024 UG:2    UA:1    +
   80   109  3   0.0%   0.513 UG:2    UA:1    +
    7    98  1   0.0%   0.036 AU:5    +
   78   133  3   0.0%   0.518 CG:1    UG:2    +
    7   103  3   0.0%   0.036 GU:1    AU:2    +
   11    75  1   0.0%   0.063 AU:5    +
   18    78  3   0.0%   0.160 GU:1    AU:2    +
    6   134  3   0.0%   0.078 AU:1    UA:2    +
   21   129  1   0.0%   0.633 GU:5    +
   11   125  1   0.0%   0.093 AU:4    --:1    +
  106   127  1   0.0%   0.237 UG:5    +
   83   151  1   0.0%   1.094 UA:5    +
   86   103  3   0.0%   0.203 CG:2    UG:1    +
  127   154  1   0.0%   0.369 GU:5    +
   78   153  3   0.0%   0.561 UG:1    UA:2    +
   97   149  1   0.0%   0.511 UG:5    +
  110   130  3   0.0%   0.139 CG:2    GC:1    +
   81   142  1   0.0%   1.158 UA:5    +
    4   139  3   0.0%   0.064 GC:1    AU:2    +
  126   151  1   0.0%   0.534 UA:4    --:1    +
   63    86  3   0.0%   0.036 GC:2    AU:1    +
  112   136  1   0.0%   0.518 UG:5    +
  108   146  3   0.0%   0.555 UG:1    UA:2    +
   25    75  1   0.0%   0.202 GU:5    +
   61    88  3   0.0%   0.452 GC:1    UA:2    +
   19    88  1   0.0%   0.595 UA:5    +
  119   133  3   0.0%   0.611 GU:2    UG:1    +
  117   122  3   0.0%   0.312 CG:1    UA:2    +
  102   129  1   0.0%   0.774 GU:5    +
   14    24  3   0.0%   0.019 UG:1    UA:2    +
   83   149  1   0.0%   1.057 UG:5    +
  100   149  1   0.0%   0.658 UG:5    +
  124   149  3   0.0%   0.619 CG:2    AU:1    +
   98   136  1   0.0%   0.514 UG:5    +
   88    93  1   0.0%   0.220 AU:5    +
  113   126  1   0.0%   0.345 AU:4    --:1    +
  125   142  1   0.0%   0.775 UA:4    --:1    +
    3   146  3   0.0%   0.130 UG:1    UA:2    +
    3    99  3   0.0%   0.055 GU:2    UG:1    +
   62    68  1   0.0%   0.116 UA:5    +
   89   139  3   0.0%   0.409 GU:1    AU:2    +
  109   138  3   0.0%   0.188 GU:2    UA:1    +
   85   109  3   0.0%   0.040 GU:1    UG:2    +
   81    92  1   0.0%   0.505 UA:5    +
   96   130  3   0.0%   0.140 UG:1    UA:2    +
    3   107  3   0.0%   0.055 GU:2    AU:1    +
   23    87  1   0.0%   0.384 UA:5    +
  112   146  1   0.0%   0.646 UA:5    +
    5   121  1   0.0%   0.021 UA:5    +
  125   143  1   0.0%   0.584 UG:4    --:1    +
   19    24  3   0.0%   0.055 UG:1    UA:2    +
   77   134  3   0.0%   0.624 GU:1    UA:2    +
    5    24  3   0.0%   0.013 UG:1    UA:2    +
   99   130  3   0.0%   0.294 UG:1    UA:2    +
  129   158  1   0.0%   0.705 UA:5    +
   75   142  1   0.0%   0.866 UA:5    +
    3   123  3   0.0%   0.065 UG:2    UA:1    +
    2   127  1   0.0%   0.110 UG:5    +
    6   123  3   0.0%   0.034 CG:1    UA:2    +
  103   123  3   0.0%   0.528 UG:1    UA:2    +
   99   105  3   0.0%   0.033 UG:1    UA:2    +
  102   134  3   0.0%   0.810 GC:2    GU:1    +
    3   110  3   0.0%   0.073 GC:2    UG:1    +
    8    24  3   0.0%   0.044 CG:1    UA:2    +
   23   127  1   0.0%   0.321 UG:5    +
  127   156  1   0.0%   0.346 GU:5    +
    3   100  3   0.0%   0.055 GU:2    AU:1    +
    3    95  3   0.0%   0.055 GC:2    AU:1    +
   75    92  1   0.0%   0.218 UA:5    +
  119   155  1   0.0%   0.590 GU:5    +
  112   120  3   0.0%   0.360 UG:1    UA:2    +
   92   154  1   0.0%   0.527 AU:5    +
  118   131  3   0.0%   0.207 CG:1    AU:2    +
    4   108  3   0.0%   0.047 GC:1    AU:2    +
    3   137  3   0.0%   0.082 GU:2    AU:1    +
    3    22  3   0.0%   0.049 GC:2    UA:1    +
   41    64  3   0.0%   0.392 UG:1    UA:2    +
   44    51  3   0.0%   0.011 UG:1    UA:2    +
   63    67  3   0.0%   0.020 GU:2    AU:1    +
  126   157  1   0.0%   0.365 UG:4    --:1    +
   96   103  3   0.0%   0.090 UG:2    AU:1    +
  113   147  1   0.0%   0.766 AU:5    +
    6    21  3   0.0%   0.013 CG:1    UG:2    +
  119   144  1   0.0%   0.769 GU:5    +
  107   119  1   0.0%   0.244 UG:5    +
  114   146  3   0.0%   0.805 UG:1    UA:2    +
  111   145  1   0.0%   0.523 UG:5    +
   19   151  1   0.0%   1.048 UA:5    +
  125   158  1   0.0%   0.289 UA:4    --:1    +
   63   104  3   0.0%   0.025 GU:2    AU:1    +
  121   155  1   0.0%   0.472 AU:5    +
   34    64  3   0.0%   0.001 GC:2    GU:1    +
  109   156  3   0.0%   0.398 GU:2    AU:1    +
   83    92  1   0.0%   0.663 UA:5    +
   61    65  3   0.0%   0.410 GC:2    AU:1    +
  126   146  1   0.0%   0.558 UA:4    --:1    +
   58    68  1   0.0%   0.139 UA:5    +
    3    83  3   0.0%   0.051 GU:2    AU:1    +
  127   155  1   0.0%   0.330 GU:5    +
   21   110  1   0.0%   0.637 GC:5    +
  109   135  3   0.0%   0.388 GU:2    UG:1    +
   13    75  3   0.0%   0.049 AU:2    UA:1    +
  126   158  1   0.0%   0.350 UA:4    --:1    +
   14   127  1   0.0%   0.066 UG:5    +
   95   146  3   0.0%   0.525 UG:1    UA:2    +
  104   121  1   0.0%   0.303 UA:5    +
   15    78  3   0.0%   0.019 GC:1    AU:2    +
   20   129  1   0.0%   0.596 GU:5    +
   13   128  1   0.0%   0.096 UG:4    --:1    +
   24    83  3   0.0%   0.814 GC:1    AU:2    +
   83   113  1   0.0%   0.643 UA:5    +
  115   119  1   0.0%   0.824 UG:5    +
   98   102  1   0.0%   0.138 UG:5    +
  101   125  1   0.0%   0.261 GU:4    --:1    +
  101   134  3   0.0%   0.489 GC:2    GU:1    +
   78    94  3   0.0%   0.450 CG:1    UG:2    +
   20   111  1   0.0%   0.591 GU:5    +
   87   125  1   0.0%   0.245 AU:4    --:1    +
   17   100  1   0.0%   0.525 AU:5    +
    4   114  3   0.0%   0.039 GC:1    AU:2    +
   15    24  3   0.0%   0.014 GU:2    UG:1    +
  125   157  1   0.0%   0.304 UG:4    --:1    +
   13    24  3   0.0%   0.049 AU:1    UA:2    +
  106   119  1   0.0%   0.334 UG:5    +
    3   115  3   0.0%   0.064 GU:2    AU:1    +
   88   144  1   0.0%   0.716 AU:5    +
   12   113  1   0.0%   0.087 UA:5    +
   95   158  3   0.0%   0.350 UG:1    UA:2    +
    3    79  3   0.0%   0.049 UG:2    UA:1    +
  121   141  1   0.0%   0.627 AU:5    +
  124   160  3   0.0%   0.268 CG:2    AU:1    +
   93   121  1   0.0%   0.024 UA:5    +
    6   147  3   0.2%   0.330 AU:3    +
   42    56  3   0.2%   0.056 AU:3    +
   13   145  2   0.2%   0.980 UG:4    +
   19   140  2   0.2%   1.002 UG:4    +
  134   141  3   0.2%   1.019 AU:3    +
  152   157  2   0.1%   1.598 CG:4    +
   92   135  2   0.1%   0.528 AU:4    +
   83   134  3   0.2%   0.852 UA:3    +
    1    16  2   0.1%   0.116 GC:4    +
   88   129  2   0.1%   0.311 AU:4    +
   12    88  2   0.1%   0.092 UA:4    +
   13   146  2   0.1%   1.004 UA:4    +
   16   143  2   0.1%   1.112 CG:4    +
    3   136  3   0.2%   0.105 UG:3    +
  121   129  2   0.1%   0.432 AU:4    +
   42    50  3   0.2%   0.033 AU:3    +
  135   146  2   0.1%   0.902 UA:4    +
    1     8  2   0.1%   0.019 GU:4    +
  106   124  2   0.1%   0.370 UA:4    +
    8   103  3   0.2%   0.099 UG:3    +
    9   152  2   0.1%   0.895 GC:4    +
   10   157  2   0.1%   0.717 CG:4    +
  132   151  2   0.0%   1.205 UA:4    +
  148   152  2   0.0%   1.784 GC:4    +
   83    88  2   0.0%   0.835 UA:4    +
  147   151  2   0.0%   1.488 UA:4    +
   93   134  3   0.1%   0.305 UA:3    +
   11    84  2   0.0%   0.082 AU:4    +
   43    55  2   0.0%   0.027 AU:4    +
  124   137  2   0.0%   0.548 AU:4    +
   10    94  2   0.0%   0.155 CG:4    +
    5   140  2   0.0%   0.051 UG:4    +
   11    85  2   0.0%   0.078 AU:4    +
   21    85  2   0.0%   0.636 GU:4    +
    7    13  2   0.0%   0.032 AU:4    +
    1    86  2   0.0%   0.109 GC:4    +
  112   121  2   0.0%   0.346 UA:4    +
    1   156  2   0.0%   0.596 GU:4    +
    1   155  2   0.0%   0.593 GU:4    +
  106   140  2   0.0%   0.561 UG:4    +
   13    18  2   0.0%   0.103 UA:4    +
   21   135  2   0.0%   0.912 GU:4    +
  119   138  2   0.0%   0.438 GU:4    +
  110   116  2   0.0%   0.080 CG:4    +
   13    89  2   0.0%   0.108 UA:4    +
  108   142  3   0.1%   0.794 UA:3    +
   84   142  2   0.0%   0.973 UA:4    +
    7    77  2   0.0%   0.023 AU:4    +
    8    88  2   0.0%   0.065 UA:4    +
   85   146  2   0.0%   0.515 UA:4    +
   10   133  3   0.1%   0.203 CG:3    +
  118   126  2   0.0%   0.254 AU:3    --:1    +
   19   124  2   0.0%   0.565 UA:4    +
   10   116  2   0.0%   0.159 CG:4    +
  100   140  2   0.0%   0.640 UG:4    +
   13   158  2   0.0%   0.612 UA:4    +
   84    89  2   0.0%   0.293 UA:4    +
   44    59  2   0.0%   0.538 UG:4    +
   10   160  2   0.0%   0.692 CG:4    +
   85   136  2   0.0%   0.419 UG:4    +
  110   148  2   0.0%   0.586 CG:4    +
    8   118  2   0.0%   0.082 UA:4    +
   94   144  2   0.0%   0.566 GU:4    +
    6   150  3   0.1%   0.923 AU:3    +
   20    77  2   0.0%   0.136 GU:4    +
    8    17  2   0.0%   0.041 UA:4    +
   11    78  2   0.0%   0.070 AU:4    +
   92    99  2   0.0%   0.045 AU:4    +
    9   135  2   0.0%   0.160 GU:4    +
  116   129  2   0.0%   0.279 GU:4    +
    7   135  2   0.0%   0.085 AU:4    +
   83   143  2   0.0%   1.169 UG:4    +
   93   118  2   0.0%   0.026 UA:4    +
   77   136  2   0.0%   0.763 UG:4    +
   13    20  2   0.0%   0.103 UG:4    +
   13   136  2   0.0%   0.273 UG:4    +
   16    94  2   0.0%   0.288 CG:4    +
   98   118  2   0.0%   0.030 UA:4    +
   79    84  2   0.0%   0.754 GU:4    +
    1   144  2   0.0%   0.119 GU:4    +
  104   124  2   0.0%   0.395 UA:4    +
   94   104  2   0.0%   0.090 GU:4    +
   99   145  2   0.0%   0.667 UG:4    +
  102   135  2   0.0%   0.850 GU:4    +
   17    83  2   0.0%   0.648 AU:4    +
  112   118  2   0.0%   0.303 UA:4    +
    9   138  2   0.0%   0.280 GU:4    +
  140   154  2   0.0%   1.064 GU:4    +
  118   125  2   0.0%   0.191 AU:3    --:1    +
   17   132  2   0.0%   0.546 AU:4    +
   86    94  2   0.0%   0.179 CG:4    +
   79    85  2   0.0%   0.505 GU:4    +
    8    32  2   0.0%   0.044 UA:4    +
   11    90  3   0.1%   0.091 AU:3    +
   35   152  2   0.0%   0.486 GC:4    +
   85   142  2   0.0%   0.778 UA:4    +
  118   137  2   0.0%   0.555 AU:4    +
   11   138  2   0.0%   0.248 AU:4    +
    2   140  2   0.0%   0.115 UG:4    +
   94   100  2   0.0%   0.144 GU:4    +
   79   138  2   0.0%   0.690 GU:4    +
   38    45  2   0.0%   0.001 CG:4    +
  110   127  2   0.0%   0.179 CG:4    +
    9    84  2   0.0%   0.109 GU:4    +
   94   152  2   0.0%   0.663 GC:4    +
  140   155  2   0.0%   1.027 GU:4    +
  124   141  2   0.0%   0.606 AU:4    +
   12    17  2   0.0%   0.014 UA:4    +
   86   160  2   0.0%   0.645 CG:4    +
  111   127  2   0.0%   0.148 UG:4    +
   79   135  2   0.0%   0.873 GU:4    +
  118   144  2   0.0%   0.643 AU:4    +
   13    21  2   0.0%   0.065 UG:4    +
  111   119  2   0.0%   0.385 UG:4    +
   97   124  2   0.0%   0.289 UA:4    +
    1    83  2   0.0%   0.102 GU:4    +
    1    14  2   0.0%   0.093 GU:4    +
  107   124  2   0.0%   0.291 UA:4    +
   86   143  2   0.0%   0.851 CG:4    +
    1     5  2   0.0%   0.001 GU:4    +
    9    13  2   0.0%   0.098 GU:4    +
  124   155  2   0.0%   0.451 AU:4    +
  124   156  2   0.0%   0.467 AU:4    +
   79   152  2   0.0%   1.111 GC:4    +
    8   160  2   0.0%   0.536 UG:4    +
  112   116  2   0.0%   0.203 UG:4    +
   46    59  2   0.0%   0.539 CG:4    +
   77    87  2   0.0%   0.410 UA:4    +
   77    89  2   0.0%   0.478 UA:4    +
   88    98  2   0.0%   0.200 AU:4    +
   94   141  2   0.0%   0.516 GU:4    +
   75   151  2   0.0%   0.615 UA:4    +
  121   125  2   0.0%   0.231 AU:3    --:1    +
   78    92  2   0.0%   0.464 UA:4    +
   10    76  2   0.0%   0.141 CG:4    +
    9    85  2   0.0%   0.103 GU:4    +
  109   128  2   0.0%   0.228 UG:3    --:1    +
   16   160  2   0.0%   0.623 CG:4    +
  115   140  2   0.0%   0.951 UG:4    +
   12   124  2   0.0%   0.088 UA:4    +
   13   157  2   0.0%   0.621 UG:4    +
  104   118  2   0.0%   0.282 UA:4    +
  121   126  2   0.0%   0.291 AU:3    --:1    +
   17    75  2   0.0%   0.029 AU:4    +
   83   140  2   0.0%   1.038 UG:4    +
  115   124  2   0.0%   0.715 UA:4    +
    5   124  2   0.0%   0.021 UA:4    +
  138   151  2   0.0%   1.008 UA:4    +
   84   157  2   0.0%   0.330 UG:4    +
  135   158  2   0.0%   0.753 UA:4    +
   91   157  2   0.0%   0.460 CG:4    +
   28    69  2   0.0%   0.001 AU:4    +
  113   138  2   0.0%   0.366 AU:4    +
    7    85  2   0.0%   0.029 AU:4    +
    1   141  2   0.0%   0.117 GU:4    +
  113   135  2   0.0%   0.546 AU:4    +
  112   127  2   0.0%   0.224 UG:4    +
   76    91  2   0.0%   0.648 GC:4    +
   75   118  2   0.0%   0.198 UA:4    +
   78   142  2   0.0%   1.115 UA:4    +
    5    94  2   0.0%   0.020 UG:4    +
    2   124  2   0.0%   0.110 UA:4    +
   13   127  2   0.0%   0.096 UG:4    +
   99   113  2   0.0%   0.023 UA:4    +
   98   143  2   0.0%   0.661 UG:4    +
   45    58  2   0.0%   0.162 GU:4    +
   13   113  2   0.0%   0.095 UA:4    +
   81   153  2   0.0%   0.605 UA:4    +
  118   156  2   0.0%   0.480 AU:4    +
   11    77  2   0.0%   0.064 AU:4    +
   13   153  2   0.0%   0.707 UA:4    +
   94   137  2   0.0%   0.442 GU:4    +
  101   135  2   0.0%   0.528 GU:4    +
   99   142  2   0.0%   0.941 UA:4    +
   59    71  2   0.0%   0.540 GU:4    +
   75    88  2   0.0%   0.243 UA:4    +
   91   123  2   0.0%   0.123 CG:4    +
   80   140  2   0.0%   0.870 UG:4    +
   98   127  2   0.0%   0.224 UG:4    +
  118   129  2   0.0%   0.373 AU:4    +
    9    77  2   0.0%   0.098 GU:4    +
  100   124  2   0.0%   0.429 UA:4    +
  107   140  2   0.0%   0.483 UG:4    +
   59    67  2   0.0%   0.542 GU:4    +
  111   121  2   0.0%   0.263 UA:4    +
   17   147  2   0.0%   1.015 AU:4    +
    1   137  2   0.0%   0.117 GU:4    +
   85    92  2   0.0%   0.038 UA:4    +
   91   140  2   0.0%   0.570 CG:4    +
   81   151  2   0.0%   0.909 UA:4    +
   77    92  2   0.0%   0.487 UA:4    +
   74    94  2   0.0%   0.032 CG:4    +
  124   144  2   0.0%   0.628 AU:4    +
   77   158  2   0.0%   0.486 UA:4    +
  106   118  2   0.0%   0.190 UA:4    +
   20    85  2   0.0%   0.588 GU:4    +
  129   143  2   0.0%   0.801 UG:4    +
   97   118  2   0.0%   0.003 UA:4    +
   99   123  2   0.0%   0.365 UG:4    +
  107   118  2   0.0%   0.100 UA:4    +
   86   116  2   0.0%   0.194 CG:4    +
   98   116  2   0.0%   0.029 UG:4    +
   77   146  2   0.0%   0.870 UA:4    +
  104   140  2   0.0%   0.593 UG:4    +
  110   157  2   0.0%   0.414 CG:4    +
   14   124  2   0.0%   0.065 UA:4    +
   93   140  2   0.0%   0.430 UG:4    +
   23   149  2   0.0%   0.713 UG:4    +
   99   136  2   0.0%   0.619 UG:4    +
   17   129  2   0.0%   0.521 AU:4    +
   77   142  2   0.0%   1.136 UA:4    +
   97   140  2   0.0%   0.492 UG:4    +
  112   143  2   0.0%   0.705 UG:4    +
   59    86  2   0.0%   0.557 GC:4    +
   73    83  2   0.0%   0.657 GU:4    +
    1   100  2   0.0%   0.104 GU:4    +
   83    94  2   0.0%   0.650 UG:4    +
   18   129  2   0.0%   0.572 AU:4    +
    6    81  3   0.1%   0.029 AU:3    +
    3   142  3   0.0%   0.095 UA:3    +
  135   143  3   0.0%   1.079 UG:3    +
  109   146  3   0.0%   0.583 UA:3    +
   17    85  3   0.0%   0.530 AU:3    +
    6   155  3   0.0%   0.486 AU:3    +
    6   141  3   0.0%   0.072 AU:3    +
  110   123  3   0.0%   0.283 CG:3    +
    6   156  3   0.0%   0.497 AU:3    +
    6    14  3   0.0%   0.019 AU:3    +
  138   143  3   0.0%   0.827 UG:3    +
   14   134  3   0.0%   0.220 UA:3    +
  134   144  3   0.0%   0.957 AU:3    +
    2   134  3   0.0%   0.119 UA:3    +
  134   155  3   0.0%   0.717 AU:3    +
  124   129  3   0.0%   0.438 AU:3    +
   19   134  3   0.0%   0.745 UA:3    +
   18   135  3   0.0%   0.790 AU:3    +
   90   146  3   0.0%   0.643 UA:3    +
   88   135  3   0.0%   0.590 AU:3    +
  102   109  3   0.0%   0.125 GU:3    +
   96   142  3   0.0%   0.789 UA:3    +
   10    82  3   0.0%   0.152 CG:3    +
   93   103  3   0.0%   0.105 UG:3    +
  108   113  3   0.0%   0.258 UA:3    +
  135   160  3   0.0%   0.578 UG:3    +
  104   134  3   0.0%   0.460 UA:3    +
    6   144  3   0.0%   0.086 AU:3    +
    6   154  3   0.0%   0.532 AU:3    +
  103   137  3   0.0%   0.709 GU:3    +
   87   108  3   0.0%   0.253 AU:3    +
  106   134  3   0.0%   0.423 UA:3    +
   43    60  3   0.0%   0.742 AU:3    +
    8   134  3   0.0%   0.108 UA:3    +
   91   133  3   0.0%   0.400 CG:3    +
  121   138  3   0.0%   0.318 AU:3    +
    3    20  3   0.0%   0.049 UG:3    +
   78    88  3   0.0%   0.614 UA:3    +
   95   121  3   0.0%   0.012 UA:3    +
  116   138  3   0.0%   0.209 GU:3    +
  124   132  3   0.0%   0.471 AU:3    +
   42   145  3   0.0%   0.471 UG:3    +
   99   121  3   0.0%   0.370 UA:3    +
    6   132  3   0.0%   0.039 AU:3    +
  124   147  3   0.0%   0.657 AU:3    +
  113   139  3   0.0%   0.371 AU:3    +
    2     6  3   0.0%   0.002 UA:3    +
  121   139  3   0.0%   0.321 AU:3    +
   80   134  3   0.0%   0.667 UA:3    +
   22   143  3   0.0%   1.064 CG:3    +
  124   154  3   0.0%   0.490 AU:3    +
  103   150  3   0.0%   0.968 GU:3    +
   78   151  3   0.0%   0.866 UA:3    +
  134   156  3   0.0%   0.731 AU:3    +
    4    96  3   0.0%   0.030 AU:3    +
  114   124  3   0.0%   0.479 UA:3    +
  118   138  3   0.0%   0.310 AU:3    +
    3   122  3   0.0%   0.065 UA:3    +
    3    11  3   0.0%   0.037 UA:3    +
   10   103  3   0.0%   0.166 CG:3    +
    6   107  3   0.0%   0.043 AU:3    +
  127   135  3   0.0%   0.410 GU:3    +
    7    90  3   0.0%   0.029 AU:3    +
  111   140  3   0.0%   0.489 UG:3    +
  100   134  3   0.0%   0.504 UA:3    +
   32    65  3   0.0%   0.001 AU:3    +
  109   142  3   0.0%   0.804 UA:3    +
  109   145  3   0.0%   0.548 UG:3    +
  121   135  3   0.0%   0.558 AU:3    +
   89    96  3   0.0%   0.020 AU:3    +
  138   160  3   0.0%   0.632 UG:3    +
  111   120  3   0.0%   0.284 UA:3    +
   88   108  3   0.0%   0.289 AU:3    +
  103   107  3   0.0%   0.096 GU:3    +
    6    23  3   0.0%   0.011 AU:3    +
  114   121  3   0.0%   0.467 UA:3    +
    3   101  3   0.0%   0.055 UG:3    +
    8   124  3   0.0%   0.081 UA:3    +
  103   147  3   0.0%   0.886 GU:3    +
  109   113  3   0.0%   0.259 UA:3    +
   18    85  3   0.0%   0.568 AU:3    +
    6   104  3   0.0%   0.024 AU:3    +
    6    19  3   0.0%   0.007 AU:3    +
   92   103  3   0.0%   0.202 AU:3    +
    7    24  3   0.0%   0.019 AU:3    +
  107   134  3   0.0%   0.348 UA:3    +
    1   138  3   0.0%   0.117 GU:3    +
   82    91  3   0.0%   0.529 GC:3    +
   82   152  3   0.0%   1.013 GC:3    +
   99   127  3   0.0%   0.327 UG:3    +
   31    66  3   0.0%   0.001 UA:3    +
   87   103  3   0.0%   0.250 AU:3    +
    6   137  3   0.0%   0.056 AU:3    +
   87   109  3   0.0%   0.252 AU:3    +
  109   122  3   0.0%   0.289 UA:3    +
  124   139  3   0.0%   0.301 AU:3    +
  101   109  3   0.0%   0.148 GU:3    +
   24    79  3   0.0%   0.665 UG:3    +
  124   150  3   0.0%   0.740 AU:3    +
    6    97  3   0.0%   0.024 AU:3    +
   22   160  3   0.0%   0.579 CG:3    +
   96   105  3   0.0%   0.018 UA:3    +
   90   158  3   0.0%   0.665 UA:3    +
   83   103  3   0.0%   0.653 UG:3    +
   92    96  3   0.0%   0.023 AU:3    +
   42    53  3   0.0%   0.022 UG:3    +
   76   152  3   0.0%   1.113 GC:3    +
    4    99  3   0.0%   0.030 AU:3    +
   96   118  3   0.0%   0.008 UA:3    +
   96   157  3   0.0%   0.377 UG:3    +
   85   160  3   0.0%   0.386 UG:3    +
   75   140  3   0.0%   0.560 UG:3    +
   89   108  3   0.0%   0.117 AU:3    +
  112   124  3   0.0%   0.353 UA:3    +
   92   139  3   0.0%   0.319 AU:3    +
  103   142  3   0.0%   1.114 UA:3    +
  111   124  3   0.0%   0.277 UA:3    +
    6    93  3   0.0%   0.020 AU:3    +
   98   124  3   0.0%   0.342 UA:3    +
   91   103  3   0.0%   0.203 CG:3    +
   20    24  3   0.0%   0.057 GU:3    +
   66   101  3   0.0%   0.031 UG:3    +
  111   133  3   0.0%   0.308 UG:3    +
   60    89  3   0.0%   0.394 UA:3    +
    6   100  3   0.0%   0.024 AU:3    +
  109   158  3   0.0%   0.383 UA:3    +
   11    24  3   0.0%   0.063 AU:3    +
   97   103  3   0.0%   0.086 UG:3    +
  103   122  3   0.0%   0.542 UA:3    +
  115   134  3   0.0%   0.775 UA:3    +
   39    66  3   0.0%   0.472 UA:3    +
   24   136  3   0.0%   0.479 UG:3    +
   37    46  3   0.0%   0.000 GC:3    +
   96   119  3   0.0%   0.006 UG:3    +
  103   141  3   0.0%   0.782 GU:3    +
((.(((((.((((.((((((((.((((((((((((((.......(((.....)))......)))))))))))))))))))))).....((((.((((((((.(((......)))..)))))))).))))............)))))))))))........
