3 sequence; length of alignment 160
alifold output
   53    89  0 100.0%   0.000 CG:2    UG:1   
   52    90  0 100.0%   0.000 GC:3   
   51    91  0 100.0%   0.000 GC:3   
  109   136  0 100.0%   0.001 CG:3   
   66    75  0 100.0%   0.001 CG:3   
  110   135  0 100.0%   0.000 CG:3   
   55    87  0 100.0%   0.000 CG:3   
   65    76  0 100.0%   0.001 GC:3   
   54    88  0 100.0%   0.001 AU:3   
  117   126  0  99.9%   0.002 CG:3   
  116   127  0  99.9%   0.002 CG:3   
  108   137  0  99.9%   0.005 AU:3   
  107   138  0  99.4%   0.023 AU:3   
  118   125  1  99.5%   0.015 CG:2   
   48    94  0  97.3%   0.126 GC:2    GU:1   
   59    81  0  97.6%   0.073 UA:3   
   58    82  1  97.5%   0.074 CG:2   
  106   139  0  97.0%   0.114 UA:3   
  111   134  0  96.7%   0.097 AU:3   
   56    86  0  96.7%   0.137 UA:3   
   62    78  0  95.5%   0.145 GU:1    AU:2   
   46    96  0  96.3%   0.111 CG:3   
   47    95  1  96.6%   0.110 UA:2   
   50    92  0  96.0%   0.145 UA:3   
   67    74  0  95.3%   0.147 UA:3   
   61    79  0  95.3%   0.154 AU:3   
  115   128  1  92.8%   0.208 AU:2   
   63    77  1  87.3%   0.363 AU:2   
  105   140  1  76.3%   1.064 AU:2    +
  104   141  0  65.8%   1.420 UA:3    +
   10    33  0  56.7%   1.194 GC:3    +
    9    34  0  56.6%   1.276 GC:3    +
   11    32  0  56.6%   0.977 UA:3    +
   12    31  0  55.3%   0.984 GU:3    +
    8    35  1  48.9%   1.384 GU:2    +
  101   144  0  45.8%   1.738 CG:1    GC:1    UG:1    +
   19    27  0  47.5%   1.389 CG:3    +
   18    28  0  47.4%   1.320 AU:3    +
   17    29  1  46.7%   1.071 AU:2    +
  100   145  0  43.0%   1.818 AU:3    +
   20    26  1  43.0%   1.117 UG:1    UA:1    +
   22   144  0  39.8%   1.109 CG:2    GC:1   
   14   152  0  38.9%   1.367 UG:2    UA:1   
   19   147  0  39.7%   1.851 CG:3   
   12   154  0  39.6%   1.569 GC:3   
   21   145  1  39.7%   1.310 GU:2   
   20   146  1  39.6%   1.487 UA:2   
   13   153  1  39.4%   1.642 UG:2   
   16    30  0  37.7%   1.498 UA:3    +
  113   133  0  36.4%   1.436 GC:1    UA:2    +
   15   151  1  37.7%   1.405 UA:2   
  114   132  0  35.7%   1.629 UG:1    UA:2    +
   34    44  0  36.3%   1.580 CG:3   
   33    45  0  36.2%   1.520 CG:3   
   35    43  1  33.8%   1.675 UA:2   
   16   150  0  32.2%   1.814 UG:3   
   11   155  1  30.8%   1.528 UA:2   
   24   142  0  28.6%   1.617 GC:3   
   25   141  0  24.0%   1.829 UA:3   
   26   140  1  19.1%   1.681 GC:1    AU:1   
   13    30  1  18.0%   0.929 UA:2    +
   38    44  0  12.8%   1.899 CG:1    UG:2    +
  113   132  1  13.4%   0.871 UA:2    +
   37    45  0  12.8%   1.840 CG:3    +
    3     8  0  11.7%   0.767 CG:2    AU:1    +
    2     9  0  11.5%   0.768 CG:1    UG:2    +
    6    37  1  12.8%   0.799 GC:2    +
   19    24  0  11.7%   0.764 CG:3    +
  114   131  1  12.2%   0.833 UA:2    +
   18    25  0  11.3%   0.756 AU:3    +
   28   100  0   9.6%   1.087 UA:3    +
    5    38  1  10.0%   0.698 AU:2    +
   27   101  1   9.4%   1.237 GC:1    GU:1    +
   29    99  1   9.5%   1.041 UA:2    +
   30    98  1   9.4%   1.390 AU:2    +
   31    97  0   8.9%   1.021 UA:3    +
   26   102  1   7.6%   1.125 GU:1    AU:1    +
   21    25  1   8.0%   0.860 GU:2    +
   25   103  0   6.8%   1.167 UA:3    +
    1    10  0   6.6%   0.555 UG:3    +
   38   149  0   4.1%   1.462 CG:1    UG:1    UA:1    +
   37    44  0   6.1%   1.401 CG:3    +
   45    98  0   4.7%   1.446 GC:1    GU:2    +
   38    43  1   5.0%   1.212 UA:2    +
   24   104  0   4.4%   0.794 GU:3    +
   37   150  0   4.2%   2.012 CG:3    +
   26   143  0   1.8%   1.293 GU:1    AU:1    UA:1    +
   44    98  0   2.5%   1.376 GC:1    GU:2    +
   98   147  0   2.4%   1.377 CG:1    UG:2    +
   62    79  0   2.1%   0.346 GU:1    AU:2    +
    1   152  0   2.1%   0.682 UG:2    UA:1    +
   47   152  0   1.9%   0.837 UG:2    UA:1    +
    7    38  0   1.8%   0.528 GC:1    AU:2    +
  113   131  0   1.5%   0.189 GU:1    UA:2    +
   45   154  0   2.4%   1.598 GC:3    +
    2   153  0   1.4%   0.860 CG:1    UG:2    +
    3   150  1   2.9%   0.748 CG:2    +
   27    34  0   2.4%   1.074 GC:3    +
   26    35  1   2.4%   1.127 GU:1    AU:1    +
    2   149  0   0.4%   0.631 CG:1    UG:1    UA:1    +
  147   154  0   2.4%   1.566 GC:3    +
   46   153  0   2.3%   0.841 CG:3    +
   98   149  0   0.3%   1.008 CG:1    UG:1    UA:1    +
   23   105  0   2.3%   0.291 UA:3    +
   63    78  0   2.3%   0.431 AU:3    +
   24    37  0   2.3%   0.904 GC:3    +
    7    35  0   1.2%   0.187 GC:1    AU:2    +
    1   149  0   1.2%   0.490 UG:2    UA:1    +
    2   151  1   2.7%   0.912 UA:2    +
   35   149  0   0.1%   1.150 CG:1    UG:1    UA:1    +
   15    26  0   0.1%   0.019 UG:1    AU:1    UA:1    +
    2   158  0   1.0%   0.908 CG:1    UG:2    +
    6    98  0   0.0%   0.279 GC:1    GU:1    AU:1    +
   98   152  0   0.0%   1.290 CG:1    UG:1    UA:1    +
  140   152  0   0.0%   1.174 CG:1    UG:1    UA:1    +
  140   149  0   0.0%   0.875 CG:1    UG:1    UA:1    +
    8   101  0   0.0%   0.693 GC:1    GU:1    UG:1    +
   13    26  0   0.0%   0.004 UG:1    AU:1    UA:1    +
    6   140  0   0.0%   0.277 GC:1    GU:1    AU:1    +
   13    69  0   0.0%   0.338 UG:1    AU:1    UA:1    +
    2   150  0   0.9%   0.682 CG:1    UG:2    +
    2   147  0   0.9%   0.533 CG:1    UG:2    +
   27   142  0   1.9%   1.402 GC:3    +
   25    36  1   2.3%   0.784 UA:2    +
   95   143  0   0.8%   0.324 AU:2    UA:1    +
   10   154  0   1.6%   0.813 GC:3    +
   11   153  0   1.6%   0.627 UG:3    +
   93   145  0   0.6%   0.543 GU:1    AU:2    +
   15   155  0   0.6%   0.925 AU:1    UA:2    +
    3   147  1   2.0%   0.587 CG:2    +
  143   155  0   0.5%   0.864 AU:1    UA:2    +
   37   147  0   1.5%   1.621 CG:3    +
   35    44  0   0.5%   1.391 CG:1    UG:2    +
    9    35  0   0.5%   1.101 GC:1    GU:2    +
    2    10  0   0.5%   0.523 CG:1    UG:2    +
   14   150  0   1.4%   0.381 UG:3    +
    9    38  0   0.4%   1.023 GC:1    GU:2    +
   15   149  1   1.3%   0.273 UG:1    UA:1    +
   59    82  0   0.3%   0.104 UG:2    UA:1    +
    5   143  0   0.3%   0.288 AU:2    UA:1    +
   12    35  0   0.3%   0.844 GC:1    GU:2    +
   44   142  0   1.3%   1.571 GC:3    +
  115   130  1   1.8%   0.336 AU:2    +
   20   149  0   0.3%   0.955 UG:2    UA:1    +
    2   148  1   1.8%   0.700 UA:2    +
    2     7  0   0.3%   0.053 CG:1    UA:2    +
  142   150  0   1.3%   1.541 CG:3    +
   99   104  0   0.3%   0.451 GU:1    AU:2    +
   59    83  0   0.2%   0.085 UG:1    UA:2    +
  143   149  1   1.2%   0.798 UG:1    UA:1    +
   49    94  0   0.2%   0.106 GC:2    GU:1    +
    3   152  1   1.7%   0.772 CG:2    +
    1   157  0   0.2%   0.568 UG:1    UA:2    +
   28   141  0   1.1%   1.140 UA:3    +
   16   149  0   0.1%   0.637 UG:2    UA:1    +
  115   129  0   1.1%   0.220 AU:3    +
   67    73  0   0.1%   0.023 UG:1    UA:2    +
   38    48  0   0.1%   0.849 CG:1    UG:2    +
   16    27  0   1.1%   0.178 UG:3    +
   39   145  0   1.1%   0.611 AU:3    +
    2    45  0   0.1%   0.407 CG:1    UG:2    +
   99   145  0   0.1%   0.761 GU:1    AU:2    +
   27   140  0   0.1%   1.128 GC:1    GU:2    +
    2    99  0   0.1%   0.406 CG:1    UA:2    +
   38    45  0   0.1%   1.468 CG:1    UG:2    +
    1     7  0   0.0%   0.012 UG:1    UA:2    +
    2    44  0   0.0%   0.393 CG:1    UG:2    +
   35    48  0   0.0%   0.992 CG:1    UG:2    +
   29    36  0   0.0%   0.512 AU:1    UA:2    +
   56    83  0   0.0%   0.008 UG:1    UA:2    +
   27    98  0   0.0%   0.578 GC:1    GU:2    +
   50    93  0   0.0%   0.073 UG:1    UA:2    +
   98   150  0   0.0%   1.418 CG:1    UG:2    +
   38    99  0   0.0%   1.034 CG:1    UA:2    +
   23   152  0   0.0%   0.678 UG:2    UA:1    +
    8    22  0   0.0%   0.272 GC:2    UG:1    +
  145   149  0   0.0%   1.306 UG:2    UA:1    +
    7    23  0   0.0%   0.027 GU:1    AU:2    +
   11   152  0   0.0%   0.513 UG:2    UA:1    +
    1     6  0   0.0%   0.005 UG:2    UA:1    +
   20   152  0   0.0%   1.307 UG:2    UA:1    +
    7   145  0   0.0%   0.161 GU:1    AU:2    +
    2    27  0   0.0%   0.298 CG:1    UG:2    +
   16   148  0   1.0%   0.685 UA:3    +
   29   146  0   0.0%   0.998 AU:1    UA:2    +
   38   158  0   0.0%   1.186 CG:1    UG:2    +
  145   152  0   0.0%   1.576 UG:2    UA:1    +
   12   140  0   0.0%   0.382 GC:1    GU:2    +
   11   157  0   0.0%   0.815 UG:1    UA:2    +
   35    45  0   0.0%   1.356 CG:1    UG:2    +
   47   157  0   0.0%   0.202 UG:1    UA:2    +
   50   149  0   0.0%   0.394 UG:2    UA:1    +
   14   149  0   0.0%   0.113 UG:2    UA:1    +
   16   152  0   0.0%   1.383 UG:2    UA:1    +
   38   150  0   0.0%   1.773 CG:1    UG:2    +
   38   147  0   0.0%   1.451 CG:1    UG:2    +
   23   157  0   0.0%   0.196 UG:1    UA:2    +
   23   149  0   0.0%   0.310 UG:2    UA:1    +
   24    98  0   0.0%   0.386 GC:1    GU:2    +
    6    14  0   0.0%   0.007 GU:2    AU:1    +
    5    15  0   0.0%   0.003 AU:2    UA:1    +
   35   153  0   0.0%   1.493 CG:1    UG:2    +
   24   140  0   0.0%   0.523 GC:1    GU:2    +
   23    99  0   0.0%   0.036 UG:1    UA:2    +
    6   145  0   0.0%   0.301 GU:2    AU:1    +
    7    14  0   0.0%   0.022 GU:1    AU:2    +
    8    13  0   0.0%   0.266 GU:2    UA:1    +
    8   143  0   0.0%   0.720 GU:2    UA:1    +
   99   106  0   0.0%   0.262 GU:1    AU:2    +
   20   157  0   0.0%   0.825 UG:1    UA:2    +
   94   150  0   0.0%   0.838 CG:2    UG:1    +
   35   150  0   0.0%   1.593 CG:1    UG:2    +
   24    38  0   0.0%   0.715 GC:1    GU:2    +
   38   153  0   0.0%   1.558 CG:1    UG:2    +
    6    23  0   0.0%   0.010 GU:2    AU:1    +
   10    35  0   0.0%   0.999 GC:1    GU:2    +
   29   155  0   0.0%   1.013 AU:1    UA:2    +
    1    99  0   0.0%   0.284 UG:1    UA:2    +
   35   158  0   0.0%   1.080 CG:1    UG:2    +
   14   157  0   0.0%   0.554 UG:1    UA:2    +
   47   149  0   0.0%   0.367 UG:2    UA:1    +
  145   157  0   0.0%   1.016 UG:1    UA:2    +
   31    99  0   0.0%   0.819 UG:1    UA:2    +
   98   153  0   0.0%   1.274 CG:1    UG:2    +
    6    11  0   0.0%   0.006 GU:2    AU:1    +
   35   147  0   0.0%   1.470 CG:1    UG:2    +
   35    99  0   0.0%   1.182 CG:1    UA:2    +
  102   157  0   0.0%   0.352 UG:1    UA:2    +
    7   102  0   0.0%   0.149 GU:1    AU:2    +
   31   152  0   0.0%   1.141 UG:2    UA:1    +
    8    15  0   0.0%   0.266 GU:2    UA:1    +
   27    35  0   0.0%   1.069 GC:1    GU:2    +
  102   152  0   0.0%   0.914 UG:2    UA:1    +
   53    65  0   0.0%   0.001 CG:2    UG:1    +
   44    77  0   0.0%   0.851 GC:1    GU:2    +
    7    16  0   0.0%   0.022 GU:1    AU:2    +
   67    71  0   0.0%   0.001 UG:2    UA:1    +
   94   152  0   0.0%   0.713 CG:2    UA:1    +
   15   146  0   0.0%   0.027 AU:1    UA:2    +
   93   102  0   0.0%   0.239 GU:1    AU:2    +
    6   102  0   0.0%   0.278 GU:2    AU:1    +
    7    11  0   0.0%   0.020 GU:1    AU:2    +
   98   158  0   0.0%   0.789 CG:1    UG:2    +
   27    94  0   0.0%   0.568 GC:2    GU:1    +
    2    96  0   0.0%   0.392 CG:1    UG:2    +
   13    21  0   0.0%   0.002 UG:2    AU:1    +
   25    99  0   0.0%   0.622 UG:1    UA:2    +
   28    93  0   0.0%   0.409 UG:1    UA:2    +
   49    98  0   0.0%   0.541 GC:1    GU:2    +
   27    38  0   0.0%   0.934 GC:1    GU:2    +
   48    98  0   0.0%   0.556 GC:1    GU:2    +
   65    77  0   0.0%   0.126 GC:1    GU:2    +
   25   149  0   0.0%   1.330 UG:2    UA:1    +
   36   143  0   0.0%   0.255 AU:2    UA:1    +
   99   138  0   0.0%   0.250 GU:1    AU:2    +
  102   149  0   0.0%   0.616 UG:2    UA:1    +
   28   149  0   0.0%   0.862 UG:2    UA:1    +
   13    36  0   0.0%   0.361 AU:1    UA:2    +
   24    35  0   0.0%   0.743 GC:1    GU:2    +
   45   140  0   0.0%   1.144 GC:1    GU:2    +
   10    98  0   0.0%   0.592 GC:1    GU:2    +
    2    83  0   0.0%   0.391 CG:1    UA:2    +
   28   152  0   0.0%   1.227 UG:2    UA:1    +
  140   153  0   0.0%   1.157 CG:1    UG:2    +
   16   157  0   0.0%   0.907 UG:1    UA:2    +
   28    99  0   0.0%   0.417 UG:1    UA:2    +
   94   147  0   0.0%   0.657 CG:2    UG:1    +
   50   152  0   0.0%   0.708 UG:2    UA:1    +
   47    99  0   0.0%   0.277 UG:1    UA:2    +
   25   157  0   0.0%   1.214 UG:1    UA:2    +
   64    71  0   0.0%   0.000 UG:2    UA:1    +
   21    29  0   0.0%   0.559 GU:2    UA:1    +
   93   104  0   0.0%   0.155 GU:1    AU:2    +
   79    83  0   0.0%   0.154 UG:1    UA:2    +
    6    25  0   0.0%   0.011 GU:2    AU:1    +
    5    13  0   0.0%   0.001 AU:2    UA:1    +
    6    16  0   0.0%   0.007 GU:2    AU:1    +
   28   157  0   0.0%   0.748 UG:1    UA:2    +
  140   147  0   0.0%   1.220 CG:1    UG:2    +
   94   153  0   0.0%   0.697 CG:2    UG:1    +
   13   155  0   0.0%   1.149 AU:1    UA:2    +
   31   149  0   0.0%   0.772 UG:2    UA:1    +
   47    71  0   0.0%   0.010 UG:2    UA:1    +
    3    21  0   0.0%   0.286 CG:2    AU:1    +
   31   157  0   0.0%   0.655 UG:1    UA:2    +
   12    98  0   0.0%   0.381 GC:1    GU:2    +
  140   158  0   0.0%   0.672 CG:1    UG:2    +
    7    25  0   0.0%   0.025 GU:1    AU:2    +
   47    93  0   0.0%   0.011 UG:1    UA:2    +
   56    62  0   0.0%   0.000 UG:1    UA:2    +
    6    94  0   0.0%   0.276 GC:2    AU:1    +
   44   140  0   0.0%   1.272 GC:1    GU:2    +
   11    99  0   0.0%   0.361 UG:1    UA:2    +
    2    49  0   0.0%   0.391 CG:1    UG:2    +
   35    51  0   0.0%   0.951 CG:1    UG:2    +
  140   150  0   0.0%   1.299 CG:1    UG:2    +
   24    94  0   0.0%   0.382 GC:2    GU:1    +
   56    82  0   0.0%   0.000 UG:2    UA:1    +
   13   146  0   0.0%   0.343 AU:1    UA:2    +
   60    77  0   0.0%   0.000 GC:1    GU:2    +
    7    20  0   0.0%   0.021 GU:1    AU:2    +
   38    83  0   0.0%   0.797 CG:1    UA:2    +
    7   104  0   0.0%   0.148 GU:1    AU:2    +
   25    93  0   0.0%   0.615 UG:1    UA:2    +
    6    79  0   0.0%   0.276 GU:2    AU:1    +
  104   149  0   0.0%   0.821 UG:2    UA:1    +
    7    78  0   0.0%   0.148 GU:1    AU:2    +
   29    95  0   0.0%   0.362 AU:1    UA:2    +
   78    83  0   0.0%   0.154 UG:1    UA:2    +
    8    37  1   1.5%   1.080 GC:2    +
   38   146  1   1.5%   1.388 UA:2    +
   10   160  0   0.9%   0.856 GC:3    +
   13   151  1   1.4%   0.660 UA:2    +
    1   159  0   0.9%   0.681 UA:3    +
  142   153  0   0.9%   1.419 CG:3    +
    1   151  0   0.9%   0.524 UA:3    +
    1   148  0   0.9%   0.413 UA:3    +
   11   159  0   0.9%   0.998 UA:3    +
    1    42  0   0.8%   0.344 UA:3    +
   96   142  0   0.8%   0.685 GC:3    +
   27    37  0   0.7%   1.076 GC:3    +
   43   143  1   1.2%   0.820 AU:2    +
   34    48  0   0.7%   0.952 CG:3    +
   33    49  0   0.7%   0.876 CG:3    +
   26    38  1   0.7%   0.935 GU:1    AU:1    +
   13   157  1   0.6%   0.880 UG:1    UA:1    +
   14   156  0   0.6%   0.599 UA:3    +
    3   158  1   1.1%   0.760 CG:2    +
   25    32  0   0.6%   0.929 UA:3    +
   26    31  1   0.6%   0.811 GU:1    AU:1    +
   25    39  0   0.6%   0.693 UA:3    +
   12    33  0   0.5%   0.743 GC:3    +
  145   153  0   0.5%   1.634 UG:3    +
   24    33  0   0.5%   0.706 GC:3    +
   37   158  0   0.5%   1.322 CG:3    +
   34    45  0   0.5%   1.280 CG:3    +
   10    34  0   0.5%   0.952 GC:3    +
   45   142  0   0.5%   1.406 GC:3    +
   38   157  1   0.4%   1.145 UG:1    UA:1    +
   32    50  0   0.4%   0.489 AU:3    +
   10    37  0   0.4%   0.962 GC:3    +
  103   145  0   0.4%   1.171 AU:3    +
  142   158  0   0.4%   0.915 CG:3    +
   56    85  0   0.4%   0.082 UA:3    +
   24   145  0   0.4%   1.315 GU:3    +
    2    41  1   0.9%   0.465 UA:2    +
   97   104  0   0.4%   0.438 AU:3    +
  143   152  1   0.9%   1.099 UG:2    +
  154   158  0   0.3%   0.954 CG:3    +
   14    30  0   0.3%   0.375 UA:3    +
  143   157  1   0.3%   0.533 UG:1    UA:1    +
   44   154  0   0.3%   1.545 GC:3    +
   27    33  0   0.3%   0.864 GC:3    +
   28    32  0   0.3%   0.811 UA:3    +
   19   150  0   0.3%   1.648 CG:3    +
  153   160  0   0.3%   0.880 GC:3    +
   56    84  0   0.3%   0.052 UA:3    +
    1   150  0   0.3%   0.432 UG:3    +
  150   154  0   0.3%   1.591 GC:3    +
    1    41  0   0.3%   0.259 UA:3    +
  101   147  1   0.2%   1.301 CG:1    UG:1    +
   94   144  1   0.7%   0.540 CG:2    +
   24    31  0   0.2%   0.623 GU:3    +
    6   160  1   0.7%   0.418 GC:2    +
    1    40  0   0.2%   0.238 UA:3    +
   25    30  0   0.2%   1.197 UA:3    +
   31   103  0   0.2%   0.810 UA:3    +
   30   104  0   0.2%   1.116 AU:3    +
  142   147  0   0.2%   1.295 CG:3    +
   23    32  0   0.2%   0.401 UA:3    +
   37   153  0   0.2%   1.680 CG:3    +
    1    43  0   0.2%   0.302 UA:3    +
   28    36  1   0.7%   0.586 UA:2    +
    1   156  0   0.2%   0.561 UA:3    +
   32   102  0   0.2%   0.675 AU:3    +
   97   106  0   0.2%   0.280 AU:3    +
   16    26  1   0.2%   0.042 UG:1    UA:1    +
    2   159  1   0.7%   0.952 UA:2    +
   14   151  0   0.2%   0.327 UA:3    +
   10    19  0   0.1%   0.239 GC:3    +
   11    18  0   0.1%   0.030 UA:3    +
   11   156  0   0.1%   0.838 UA:3    +
    9    33  0   0.1%   0.316 GC:3    +
    9    20  0   0.1%   0.307 GU:3    +
   98   144  1   0.1%   0.975 CG:1    UG:1    +
   14    32  0   0.1%   0.399 UA:3    +
   97   145  0   0.1%   0.762 AU:3    +
   61    78  0   0.1%   0.024 AU:3    +
   39   102  0   0.1%   0.290 AU:3    +
   60    79  0   0.1%   0.023 GU:3    +
   20   148  0   0.1%   0.931 UA:3    +
   37    49  0   0.1%   0.965 CG:3    +
   47   151  0   0.1%   0.657 UA:3    +
   40   102  0   0.1%   0.270 AU:3    +
   39    47  0   0.1%   0.074 AU:3    +
   33   150  0   0.1%   1.443 CG:3    +
  144   154  1   0.6%   1.476 GC:2    +
   19    44  0   0.1%   0.646 CG:3    +
   97   102  0   0.1%   0.473 AU:3    +
   23    39  0   0.1%   0.051 UA:3    +
    9   160  0   0.1%   0.751 GC:3    +
   20    43  0   0.1%   0.405 UA:3    +
   62    77  1   0.1%   0.017 GU:1    AU:1    +
   28   139  0   0.1%   0.653 UA:3    +
   44   160  0   0.1%   1.175 GC:3    +
  149   154  1   0.6%   1.201 GC:2    +
   14    27  0   0.1%   0.018 UG:3    +
    3     9  1   0.6%   0.590 CG:2    +
   41   102  0   0.1%   0.300 AU:3    +
  118   126  0   0.1%   0.020 CG:3    +
   12    34  0   0.1%   0.731 GC:3    +
  117   127  0   0.1%   0.016 CG:3    +
   34   150  0   0.1%   1.528 CG:3    +
    1   158  0   0.1%   0.562 UG:3    +
   33   153  0   0.1%   1.342 CG:3    +
    2   157  1   0.1%   0.780 UG:1    UA:1    +
   43   102  0   0.0%   0.796 AU:3    +
   63    79  0   0.0%   0.352 AU:3    +
   27   154  0   0.0%   1.343 GC:3    +
  102   141  0   0.0%   0.650 UA:3    +
    1   147  0   0.0%   0.297 UG:3    +
   28   153  0   0.0%   1.216 UG:3    +
  104   139  0   0.0%   0.208 UA:3    +
   44   101  1   0.0%   1.175 GC:1    GU:1    +
   41   145  0   0.0%   0.523 AU:3    +
  150   160  0   0.0%   0.975 GC:3    +
  145   150  0   0.0%   1.711 UG:3    +
  145   156  0   0.0%   0.991 UA:3    +
    1   100  0   0.0%   0.292 UA:3    +
   34    49  0   0.0%   0.925 CG:3    +
   16   151  0   0.0%   1.436 UA:3    +
   23    30  0   0.0%   0.713 UA:3    +
    1    44  0   0.0%   0.286 UG:3    +
    9   154  0   0.0%   0.697 GC:3    +
   42   145  0   0.0%   0.532 AU:3    +
   28    97  0   0.0%   0.417 UA:3    +
   12   160  0   0.0%   0.864 GC:3    +
    3    26  1   0.0%   0.293 CG:1    AU:1    +
  105   138  0   0.0%   0.125 AU:3    +
   16   153  0   0.0%   1.365 UG:3    +
   14   158  0   0.0%   0.616 UG:3    +
   19    45  0   0.0%   0.637 CG:3    +
   20    44  0   0.0%   0.405 UG:3    +
    1   153  0   0.0%   0.528 UG:3    +
   23    41  0   0.0%   0.089 UA:3    +
   45   160  0   0.0%   1.061 GC:3    +
   42   102  0   0.0%   0.307 AU:3    +
   15   157  1   0.0%   0.543 UG:1    UA:1    +
  100   104  0   0.0%   0.421 AU:3    +
   27    31  0   0.0%   0.797 GU:3    +
   59    84  0   0.0%   0.078 UA:3    +
    1    45  0   0.0%   0.286 UG:3    +
   19   153  0   0.0%   1.528 CG:3    +
  147   160  0   0.0%   0.914 GC:3    +
   10   142  0   0.0%   0.616 GC:3    +
   24   154  0   0.0%   1.362 GC:3    +
   20   151  0   0.0%   1.357 UA:3    +
   28   159  0   0.0%   0.822 UA:3    +
   27   160  0   0.0%   0.994 GC:3    +
    1     9  0   0.0%   0.020 UG:3    +
    1    39  0   0.0%   0.201 UA:3    +
   11   141  0   0.0%   0.360 UA:3    +
   25   153  0   0.0%   1.677 UG:3    +
   16   156  0   0.0%   0.923 UA:3    +
   45   101  1   0.0%   1.048 GC:1    GU:1    +
   14   153  0   0.0%   0.981 UG:3    +
  101   146  1   0.0%   1.048 GU:1    UA:1    +
   23    40  0   0.0%   0.058 UA:3    +
   28   147  0   0.0%   1.212 UG:3    +
   40   145  0   0.0%   0.488 AU:3    +
   30   145  0   0.0%   1.354 AU:3    +
   31   139  0   0.0%   0.612 UA:3    +
   31   105  0   0.0%   0.702 UA:3    +
   46   158  0   0.0%   0.271 CG:3    +
   44   102  0   0.0%   1.184 GU:3    +
   14   148  0   0.0%   0.151 UA:3    +
  145   151  0   0.0%   1.494 UA:3    +
   32   104  0   0.0%   0.607 AU:3    +
   59    80  0   0.0%   0.003 UG:3    +
  145   159  0   0.0%   1.046 UA:3    +
   67    72  0   0.0%   0.003 UA:3    +
   30   106  0   0.0%   0.957 AU:3    +
   23   141  0   0.0%   0.122 UA:3    +
   13   149  1   0.0%   0.414 UG:1    UA:1    +
   27   104  0   0.0%   0.932 GU:3    +
   28   103  0   0.0%   0.821 UA:3    +
   33    44  0   0.0%   0.428 CG:3    +
   50   148  0   0.0%   0.257 UA:3    +
   25    97  0   0.0%   0.618 UA:3    +
   31   151  0   0.0%   1.188 UA:3    +
   32   138  0   0.0%   0.458 AU:3    +
   11    30  0   0.0%   0.013 UA:3    +
   11   158  0   0.0%   0.902 UG:3    +
   23    42  0   0.0%   0.081 UA:3    +
   39   104  0   0.0%   0.219 AU:3    +
    9    37  0   0.0%   0.973 GC:3    +
   10    31  0   0.0%   0.221 GU:3    +
   30   138  0   0.0%   0.957 AU:3    +
   59    85  0   0.0%   0.081 UA:3    +
   22    26  1   0.0%   0.387 CG:1    GU:1    +
    9   142  0   0.0%   0.690 GC:3    +
  101   157  1   0.0%   0.678 CG:1    UA:1    +
   27   102  0   0.0%   0.991 GU:3    +
  102   156  0   0.0%   0.342 UA:3    +
  100   106  0   0.0%   0.244 AU:3    +
   19   158  0   0.0%   1.124 CG:3    +
   11   151  0   0.0%   0.497 UA:3    +
   34   153  0   0.0%   1.421 CG:3    +
   49   154  0   0.0%   0.630 GC:3    +
   25   139  0   0.0%   0.801 UA:3    +
   58    80  0   0.0%   0.001 CG:3    +
  102   139  0   0.0%   0.252 UA:3    +
   33    96  0   0.0%   0.809 CG:3    +
   24   160  0   0.0%   1.016 GC:3    +
   23    43  0   0.0%   0.050 UA:3    +
   25   159  0   0.0%   1.285 UA:3    +
    1    97  0   0.0%   0.284 UA:3    +
   28   108  0   0.0%   0.637 UA:3    +
   12    19  0   0.0%   0.011 GC:3    +
   96   101  1   0.0%   0.267 GC:1    GU:1    +
   23   148  0   0.0%   0.310 UA:3    +
   20    24  0   0.0%   0.262 UG:3    +
    9    19  0   0.0%   0.281 GC:3    +
   13    32  1   0.5%   0.713 UA:2    +
   50   153  0   0.0%   0.693 UG:3    +
  102   151  0   0.0%   0.874 UA:3    +
   46   150  0   0.0%   0.800 CG:3    +
  101   152  1   0.0%   1.240 CG:1    UG:1    +
   28   156  0   0.0%   0.762 UA:3    +
   30   102  0   0.0%   1.140 AU:3    +
  103   138  0   0.0%   0.225 AU:3    +
   23   103  0   0.0%   0.031 UA:3    +
   45   102  0   0.0%   1.056 GU:3    +
   43   145  0   0.0%   1.064 AU:3    +
   32    47  0   0.0%   0.420 AU:3    +
   27   109  0   0.0%   0.795 GC:3    +
   28   105  0   0.0%   0.724 UA:3    +
   46   147  0   0.0%   0.619 CG:3    +
   47    96  0   0.0%   0.082 UG:3    +
   48   154  0   0.0%   0.645 GC:3    +
   24   102  0   0.0%   0.384 GU:3    +
   26   138  1   0.0%   0.732 GU:1    AU:1    +
   34   147  0   0.0%   1.403 CG:3    +
    6   101  1   0.0%   0.278 GC:1    GU:1    +
   96   102  0   0.0%   0.276 GU:3    +
   27   106  0   0.0%   0.794 GU:3    +
   95   101  1   0.0%   0.261 UG:1    AU:1    +
   31    39  0   0.0%   0.423 UA:3    +
   14    26  1   0.0%   0.005 UG:1    UA:1    +
  106   141  0   0.0%   0.720 UA:3    +
   24    34  0   0.0%   0.659 GC:3    +
   31   100  0   0.0%   0.816 UA:3    +
    7    98  1   0.0%   0.150 GU:1    AU:1    +
   50   150  0   0.0%   0.833 UG:3    +
   40   104  0   0.0%   0.191 AU:3    +
   28   148  0   0.0%   0.864 UA:3    +
  101   158  1   0.0%   0.740 CG:1    UG:1    +
   49   142  0   0.0%   0.592 GC:3    +
   79    84  0   0.0%   0.158 UA:3    +
   89   154  0   0.0%   0.573 GC:3    +
   90   153  0   0.0%   0.621 CG:3    +
  145   158  0   0.0%   1.080 UG:3    +
   31   156  0   0.0%   0.670 UA:3    +
   23   151  0   0.0%   0.724 UA:3    +
   16   147  0   0.0%   0.558 UG:3    +
   31    48  0   0.0%   0.374 UG:3    +
   78    85  0   0.0%   0.161 UA:3    +
   25   100  0   0.0%   0.619 UA:3    +
  101   153  1   0.0%   1.224 CG:1    UG:1    +
   18    23  0   0.0%   0.014 AU:3    +
   47    97  0   0.0%   0.263 UA:3    +
   28    40  0   0.0%   0.439 UA:3    +
    9    14  0   0.0%   0.281 GU:3    +
   52    66  0   0.0%   0.001 GC:3    +
   46    75  0   0.0%   0.001 CG:3    +
   45    76  0   0.0%   0.675 GC:3    +
   27    46  0   0.0%   0.568 GC:3    +
   35   157  1   0.0%   1.022 UG:1    UA:1    +
   43    78  0   0.0%   0.539 AU:3    +
   51    67  0   0.0%   0.001 GU:3    +
   20    27  0   0.0%   0.793 UG:3    +
   24   101  1   0.0%   0.384 GC:1    GU:1    +
   16    24  0   0.0%   0.002 UG:3    +
  108   138  0   0.0%   0.012 AU:3    +
   54    64  0   0.0%   0.001 AU:3    +
   42    79  0   0.0%   0.069 AU:3    +
    4   101  1   0.0%   0.008 CG:1    AU:1    +
   25   156  0   0.0%   1.228 UA:3    +
   28   151  0   0.0%   1.277 UA:3    +
   31    51  0   0.0%   0.373 UG:3    +
    8    98  1   0.0%   0.694 GC:1    GU:1    +
   26    98  1   0.0%   0.537 GC:1    AU:1    +
   99   140  1   0.0%   0.573 GU:1    AU:1    +
   47   148  0   0.0%   0.230 UA:3    +
   41   104  0   0.0%   0.218 AU:3    +
   47    74  0   0.0%   0.011 UA:3    +
   25    40  0   0.0%   0.646 UA:3    +
   32   137  0   0.0%   0.456 AU:3    +
  102   147  0   0.0%   0.960 UG:3    +
   33   136  0   0.0%   0.808 CG:3    +
   14   147  0   0.0%   0.161 UG:3    +
   50   147  0   0.0%   0.651 UG:3    +
   34   135  0   0.0%   0.886 CG:3    +
   16    32  0   0.0%   0.788 UA:3    +
   27   138  0   0.0%   0.795 GU:3    +
  111   129  0   0.0%   0.000 AU:3    +
   26   104  1   0.0%   0.868 GU:1    AU:1    +
   20    41  0   0.0%   0.430 UA:3    +
    5   101  1   0.0%   0.235 UG:1    AU:1    +
   18   145  0   0.0%   0.618 AU:3    +
   48    70  0   0.0%   0.045 GC:3    +
  107   137  0   0.0%   0.002 AU:3    +
   94   149  1   0.0%   0.397 CG:1    UG:1    +
   50   151  0   0.0%   0.669 UA:3    +
   34   158  0   0.0%   1.008 CG:3    +
   20    42  0   0.0%   0.424 UA:3    +
  102   107  0   0.0%   0.244 UA:3    +
  116   126  0   0.0%   0.000 CG:3    +
   96   154  0   0.0%   0.649 GC:3    +
  105   145  0   0.0%   1.208 AU:3    +
   60    78  0   0.0%   0.001 GU:3    +
   28    42  0   0.0%   0.460 UA:3    +
   31    40  0   0.0%   0.404 UA:3    +
  101   150  1   0.0%   1.366 CG:1    UG:1    +
   40    47  0   0.0%   0.042 AU:3    +
   48   145  0   0.0%   0.525 GU:3    +
   23   158  0   0.0%   0.252 UG:3    +
   10    20  0   0.0%   0.229 GU:3    +
   44   145  0   0.0%   1.479 GU:3    +
  102   148  0   0.0%   0.474 UA:3    +
   23    27  0   0.0%   0.425 UG:3    +
   14   159  0   0.0%   0.629 UA:3    +
   12    37  0   0.0%   0.728 GC:3    +
   92   145  0   0.0%   0.492 AU:3    +
   26    47  1   0.0%   0.535 GU:1    AU:1    +
   45   145  0   0.0%   1.297 GU:3    +
   93    98  1   0.0%   0.487 GU:1    AU:1    +
   24    28  0   0.0%   0.607 GU:3    +
   42   104  0   0.0%   0.226 AU:3    +
   55    60  0   0.0%   0.000 CG:3    +
   23    44  0   0.0%   0.051 UG:3    +
   31   153  0   0.0%   1.120 UG:3    +
   43   104  0   0.0%   0.710 AU:3    +
  118   127  0   0.0%   0.016 CG:3    +
   11    97  0   0.0%   0.356 UA:3    +
    1   103  0   0.0%   0.286 UA:3    +
   28    45  0   0.0%   0.420 UG:3    +
   31   150  0   0.0%   1.221 UG:3    +
    9    23  0   0.0%   0.293 GU:3    +
   20    39  0   0.0%   0.388 UA:3    +
   37    48  0   0.0%   0.944 CG:3    +
   91   147  0   0.0%   0.582 CG:3    +
   23   159  0   0.0%   0.265 UA:3    +
   48   142  0   0.0%   0.608 GC:3    +
   78    84  0   0.0%   0.157 UA:3    +
   37    96  0   0.0%   0.915 CG:3    +
   30    47  0   0.0%   0.719 AU:3    +
   11    45  0   0.0%   0.365 UG:3    +
   14    42  0   0.0%   0.085 UA:3    +
    1    84  0   0.0%   0.283 UA:3    +
   10    46  0   0.0%   0.590 GC:3    +
   12    16  0   0.0%   0.001 GU:3    +
   28    43  0   0.0%   0.429 UA:3    +
   28    41  0   0.0%   0.467 UA:3    +
  100   137  0   0.0%   0.231 AU:3    +
   50   141  0   0.0%   0.465 UA:3    +
  112   135  0   0.0%   0.000 CG:3    +
   50    97  0   0.0%   0.288 UA:3    +
   65    70  0   0.0%   0.000 GC:3    +
   30   137  0   0.0%   0.955 AU:3    +
   26   101  1   0.0%   0.536 GU:1    UG:1    +
  102   159  0   0.0%   0.398 UA:3    +
   31   148  0   0.0%   0.774 UA:3    +
   25   150  0   0.0%   1.780 UG:3    +
  102   158  0   0.0%   0.413 UG:3    +
   98   157  1   0.0%   0.727 UG:1    UA:1    +
   25   105  0   0.0%   0.886 UA:3    +
   16    40  0   0.0%   0.459 UA:3    +
    9    47  0   0.0%   0.668 GU:3    +
   11   150  0   0.0%   0.519 UG:3    +
   28   150  0   0.0%   1.311 UG:3    +
   32   145  0   0.0%   0.852 AU:3    +
   24   112  0   0.0%   0.520 GC:3    +
   20    40  0   0.0%   0.402 UA:3    +
   49    70  0   0.0%   0.045 GC:3    +
   20    30  0   0.0%   1.074 UA:3    +
   25   111  0   0.0%   0.799 UA:3    +
   96   104  0   0.0%   0.191 GU:3    +
  101   136  1   0.0%   0.228 CG:1    UG:1    +
  102   135  0   0.0%   0.243 UG:3    +
   47   150  0   0.0%   0.806 UG:3    +
  103   134  0   0.0%   0.223 AU:3    +
   26   145  1   0.0%   1.514 GU:1    AU:1    +
   27    55  0   0.0%   0.568 GC:3    +
   26    56  1   0.0%   0.535 GU:1    AU:1    +
   25    57  0   0.0%   0.615 UA:3    +
   12   142  0   0.0%   0.403 GC:3    +
   24    58  0   0.0%   0.382 GC:3    +
   45   109  0   0.0%   0.820 GC:3    +
   44   110  0   0.0%   0.947 GC:3    +
   70    75  0   0.0%   0.001 CG:3    +
   28    54  0   0.0%   0.408 UA:3    +
    2    26  1   0.0%   0.294 UG:1    UA:1    +
   29   149  1   0.0%   0.768 UG:1    UA:1    +
   29   157  1   0.0%   0.654 UG:1    UA:1    +
   27   137  0   0.0%   0.794 GU:3    +
   92   102  0   0.0%   0.275 AU:3    +
   31   141  0   0.0%   0.999 UA:3    +
   79    85  0   0.0%   0.161 UA:3    +
    1   141  0   0.0%   0.286 UA:3    +
   25    41  0   0.0%   0.674 UA:3    +
   34    96  0   0.0%   0.886 CG:3    +
  140   144  1   0.0%   1.347 CG:1    UG:1    +
   91    96  0   0.0%   0.038 CG:3    +
   24   106  0   0.0%   0.520 GU:3    +
  141   145  0   0.0%   1.557 AU:3    +
  102   150  0   0.0%   1.039 UG:3    +
   25   147  0   0.0%   1.678 UG:3    +
   36   101  1   0.0%   0.377 UG:1    AU:1    +
   25   148  0   0.0%   1.332 UA:3    +
   23    45  0   0.0%   0.040 UG:3    +
   23   147  0   0.0%   0.656 UG:3    +
   45   104  0   0.0%   0.972 GU:3    +
   28   158  0   0.0%   0.804 UG:3    +
   64    80  0   0.0%   0.002 UG:3    +
  139   145  0   0.0%   0.922 AU:3    +
   16    39  0   0.0%   0.445 UA:3    +
   20   150  0   0.0%   1.388 UG:3    +
   11   148  0   0.0%   0.470 UA:3    +
    1    26  1   0.0%   0.197 UG:1    UA:1    +
  110   136  0   0.0%   0.000 CG:3    +
   28    49  0   0.0%   0.408 UG:3    +
   92   104  0   0.0%   0.192 AU:3    +
  109   127  0   0.0%   0.000 CG:3    +
  136   142  0   0.0%   0.573 GC:3    +
  110   126  0   0.0%   0.000 CG:3    +
   23   100  0   0.0%   0.033 UA:3    +
    1    18  0   0.0%   0.197 UA:3    +
   23   107  0   0.0%   0.117 UA:3    +
  102   153  0   0.0%   0.897 UG:3    +
   20   147  0   0.0%   1.242 UG:3    +
   49   101  1   0.0%   0.283 GC:1    GU:1    +
   14    41  0   0.0%   0.091 UA:3    +
   31    42  0   0.0%   0.425 UA:3    +
  104   148  0   0.0%   0.679 UA:3    +
  137   141  0   0.0%   0.678 UA:3    +
   31    41  0   0.0%   0.432 UA:3    +
   28    39  0   0.0%   0.457 UA:3    +
   31    96  0   0.0%   0.374 UG:3    +
   48   102  0   0.0%   0.308 GU:3    +
   25    43  0   0.0%   0.636 UA:3    +
   41    47  0   0.0%   0.071 AU:3    +
   25   151  0   0.0%   1.744 UA:3    +
   42    47  0   0.0%   0.079 AU:3    +
    9    16  0   0.0%   0.281 GU:3    +
   59    86  0   0.0%   0.091 UA:3    +
  101   155  1   0.0%   1.012 GU:1    UA:1    +
  112   136  0   0.0%   0.000 CG:3    +
  107   129  0   0.0%   0.001 AU:3    +
  108   129  0   0.0%   0.000 AU:3    +
   67    75  0   0.0%   0.055 UG:3    +
   12    70  0   0.0%   0.379 GC:3    +
   23    97  0   0.0%   0.030 UA:3    +
   23   150  0   0.0%   0.758 UG:3    +
   20   158  0   0.0%   0.881 UG:3    +
   37    87  0   0.0%   0.914 CG:3    +
  111   137  0   0.0%   0.034 AU:3    +
   25    48  0   0.0%   0.615 UG:3    +
   50    69  1   0.0%   0.027 UG:1    UA:1    +
   25    42  0   0.0%   0.666 UA:3    +
   23   156  0   0.0%   0.208 UA:3    +
   47   156  0   0.0%   0.191 UA:3    +
   64    81  0   0.0%   0.024 UA:3    +
    8    77  1   0.0%   0.692 GC:1    GU:1    +
   30    50  0   0.0%   0.719 AU:3    +
   56    63  0   0.0%   0.000 UA:3    +
   49   160  0   0.0%   0.178 GC:3    +
   12    28  0   0.0%   0.001 GU:3    +
    1    27  0   0.0%   0.197 UG:3    +
   33    48  0   0.0%   0.773 CG:3    +
    9    76  0   0.0%   0.668 GC:3    +
   96   145  0   0.0%   0.557 GU:3    +
  142   149  1   0.5%   1.005 CG:2    +
    8   160  1   0.5%   0.810 GC:2    +
  143   148  1   0.5%   0.521 UA:2    +
   44   143  1   0.4%   1.229 GU:2    +
   23   146  1   0.4%   0.557 UA:2    +
   11    36  1   0.4%   0.400 UA:2    +
  102   146  1   0.4%   0.777 UA:2    +
   22   147  1   0.4%   0.930 CG:2    +
   25   144  1   0.4%   1.573 UG:2    +
  103   143  1   0.3%   0.509 AU:2    +
   98   103  1   0.3%   0.745 UA:2    +
    6   142  1   0.3%   0.330 GC:2    +
   98   105  1   0.3%   0.652 UA:2    +
    6   154  1   0.3%   0.345 GC:2    +
    2    40  1   0.3%   0.371 UA:2    +
   43    98  1   0.3%   0.818 AU:2    +
    2    39  1   0.2%   0.337 UA:2    +
   98   148  1   0.2%   0.843 UA:2    +
   35    42  1   0.2%   0.630 UA:2    +
    8    34  1   0.2%   0.303 GC:2    +
    2    42  1   0.2%   0.441 UA:2    +
  104   144  1   0.2%   1.303 UG:2    +
   15    27  1   0.2%   0.045 UG:2    +
    2   155  1   0.2%   0.774 UA:2    +
   38   152  1   0.2%   1.591 UG:2    +
    1     8  1   0.2%   0.036 UG:2    +
   37   149  1   0.2%   1.188 CG:2    +
   15   150  1   0.2%   0.335 UG:2    +
   29   105  1   0.2%   0.705 UA:2    +
   38   148  1   0.2%   1.074 UA:2    +
    2   156  1   0.2%   0.790 UA:2    +
    3    44  1   0.1%   0.319 CG:2    +
  152   160  1   0.1%   0.841 GC:2    +
    3   153  1   0.1%   0.637 CG:2    +
   19   149  1   0.1%   1.154 CG:2    +
   46   152  1   0.1%   0.615 CG:2    +
   38   103  1   0.1%   1.016 UA:2    +
  102   144  1   0.1%   1.061 UG:2    +
  143   151  1   0.1%   0.944 UA:2    +
  142   152  1   0.1%   1.324 CG:2    +
   34   149  1   0.1%   1.071 CG:2    +
   35   148  1   0.1%   1.140 UA:2    +
   13   152  1   0.1%   0.568 UG:2    +
    3    10  1   0.1%   0.500 CG:2    +
   99   143  1   0.1%   0.480 AU:2    +
   38    42  1   0.1%   0.446 UA:2    +
   35   151  1   0.1%   1.561 UA:2    +
  114   133  1   0.1%   1.006 UA:2    +
   34   152  1   0.1%   1.445 CG:2    +
    4    38  1   0.1%   0.015 AU:2    +
   36    50  1   0.1%   0.186 AU:2    +
    3   144  1   0.1%   0.310 CG:2    +
   37   152  1   0.1%   1.673 CG:2    +
    1   155  1   0.1%   0.535 UA:2    +
    6    38  1   0.0%   0.517 GU:2    +
   15    30  1   0.0%   0.357 UA:2    +
    2   146  1   0.0%   0.409 UA:2    +
  103   140  1   0.0%   0.558 AU:2    +
   42    98  1   0.0%   0.308 AU:2    +
  105   143  1   0.0%   0.578 AU:2    +
   38   151  1   0.0%   1.608 UA:2    +
    7   143  1   0.0%   0.178 AU:2    +
  100   143  1   0.0%   0.461 AU:2    +
  149   160  1   0.0%   0.584 GC:2    +
   36    47  1   0.0%   0.157 AU:2    +
    2    43  1   0.0%   0.399 UA:2    +
    5   145  1   0.0%   0.262 AU:2    +
    8   142  1   0.0%   0.718 GC:2    +
    2     6  1   0.0%   0.010 UG:2    +
    8   154  1   0.0%   0.721 GC:2    +
   24    29  1   0.0%   0.616 GU:2    +
   29   152  1   0.0%   1.142 UG:2    +
   17    25  1   0.0%   0.011 AU:2    +
   30    35  1   0.0%   1.261 AU:2    +
  145   155  1   0.0%   1.359 UA:2    +
   13   159  1   0.0%   0.927 UA:2    +
    4   143  1   0.0%   0.014 AU:2    +
    4    25  1   0.0%   0.007 AU:2    +
    2   152  1   0.0%   0.763 UG:2    +
   22   153  1   0.0%   0.908 CG:2    +
   21   154  1   0.0%   1.031 GC:2    +
   41   143  1   0.0%   0.172 AU:2    +
   15   152  1   0.0%   0.990 UG:2    +
    2     8  1   0.0%   0.034 UG:2    +
    6    22  1   0.0%   0.011 GC:2    +
   19   152  1   0.0%   1.547 CG:2    +
    9   143  1   0.0%   0.697 GU:2    +
   35   152  1   0.0%   1.514 UG:2    +
   29   158  1   0.0%   0.714 UG:2    +
   39    98  1   0.0%   0.288 AU:2    +
   35    41  1   0.0%   0.604 UA:2    +
   23   155  1   0.0%   0.555 UA:2    +
    5    23  1   0.0%   0.006 AU:2    +
   17    28  1   0.0%   0.006 AU:2    +
   30   140  1   0.0%   1.282 AU:2    +
    4   145  1   0.0%   0.013 AU:2    +
   15    32  1   0.0%   0.381 UA:2    +
    1   146  1   0.0%   0.290 UA:2    +
   24   143  1   0.0%   0.907 GU:2    +
   31   144  1   0.0%   0.997 UG:2    +
   22   150  1   0.0%   1.012 CG:2    +
  144   160  1   0.0%   0.967 GC:2    +
   35    40  1   0.0%   0.574 UA:2    +
   15   148  1   0.0%   0.140 UA:2    +
   22   158  1   0.0%   0.504 CG:2    +
   29   139  1   0.0%   0.606 UA:2    +
   15   147  1   0.0%   0.151 UG:2    +
   20   155  1   0.0%   1.184 UA:2    +
   42   143  1   0.0%   0.179 AU:2    +
    8    38  1   0.0%   1.003 GU:2    +
    6    35  1   0.0%   0.011 GU:2    +
   29   107  1   0.0%   0.600 UA:2    +
    1     5  1   0.0%   0.002 UA:2    +
   32   143  1   0.0%   0.557 AU:2    +
    7    13  1   0.0%   0.021 AU:2    +
   12    29  1   0.0%   0.003 GU:2    +
  143   150  1   0.0%   1.146 UG:2    +
    2    36  1   0.0%   0.297 UA:2    +
    3    45  1   0.0%   0.307 CG:2    +
    5    25  1   0.0%   0.007 AU:2    +
   95   102  1   0.0%   0.271 AU:2    +
    6    15  1   0.0%   0.007 GU:2    +
    4    16  1   0.0%   0.002 AU:2    +
   29   141  1   0.0%   0.996 UA:2    +
   37   144  1   0.0%   1.307 CG:2    +
    5    11  1   0.0%   0.002 AU:2    +
   36   145  1   0.0%   0.551 AU:2    +
   13   150  1   0.0%   0.502 UG:2    +
   38   105  1   0.0%   0.906 UA:2    +
    5    35  1   0.0%   0.005 AU:2    +
  143   158  1   0.0%   0.579 UG:2    +
   29    96  1   0.0%   0.364 UG:2    +
   41    98  1   0.0%   0.291 AU:2    +
   40   143  1   0.0%   0.141 AU:2    +
   98   151  1   0.0%   1.250 UA:2    +
    6   143  1   0.0%   0.315 GU:2    +
   98   141  1   0.0%   0.918 UA:2    +
  111   130  1   0.0%   0.001 AU:2    +
   38   159  1   0.0%   1.172 UA:2    +
   38   156  1   0.0%   1.090 UA:2    +
   35   146  1   0.0%   1.348 UA:2    +
    2    97  1   0.0%   0.393 UA:2    +
   13    18  1   0.0%   0.012 UA:2    +
    8    20  1   0.0%   0.265 GU:2    +
   29   103  1   0.0%   0.773 UA:2    +
   98   107  1   0.0%   0.522 UA:2    +
   32    98  1   0.0%   0.670 AU:2    +
   13   139  1   0.0%   0.338 UA:2    +
   22    44  1   0.0%   0.027 CG:2    +
   15   156  1   0.0%   0.553 UA:2    +
   95   104  1   0.0%   0.187 AU:2    +
    5   102  1   0.0%   0.235 AU:2    +
   33   152  1   0.0%   1.350 CG:2    +
   15   153  1   0.0%   0.966 UG:2    +
   47   146  1   0.0%   0.503 UA:2    +
   22    27  1   0.0%   0.425 CG:2    +
    4    11  1   0.0%   0.001 AU:2    +
   31   155  1   0.0%   1.015 UA:2    +
   32    38  1   0.0%   0.786 AU:2    +
  143   156  1   0.0%   0.466 UA:2    +
   35   155  1   0.0%   1.381 UA:2    +
    1    36  1   0.0%   0.197 UA:2    +
    5    16  1   0.0%   0.003 AU:2    +
   35    39  1   0.0%   0.590 UA:2    +
  143   153  1   0.0%   1.037 UG:2    +
   38   155  1   0.0%   1.435 UA:2    +
   13   158  1   0.0%   0.906 UG:2    +
   16   146  1   0.0%   0.435 UA:2    +
   48   143  1   0.0%   0.252 GU:2    +
   47   155  1   0.0%   0.536 UA:2    +
   29    39  1   0.0%   0.412 UA:2    +
    4    35  1   0.0%   0.004 AU:2    +
   91   152  1   0.0%   0.638 CG:2    +
   29   147  1   0.0%   1.118 UG:2    +
  143   159  1   0.0%   0.542 UA:2    +
   25   146  1   0.0%   1.557 UA:2    +
  143   147  1   0.0%   0.945 UG:2    +
   22   152  1   0.0%   0.925 CG:2    +
   40    98  1   0.0%   0.261 AU:2    +
   21    28  1   0.0%   0.558 GU:2    +
   18    29  1   0.0%   0.968 AU:2    +
   30    38  1   0.0%   1.086 AU:2    +
   17    23  1   0.0%   0.004 AU:2    +
   16   155  1   0.0%   1.263 UA:2    +
   88   155  1   0.0%   0.410 UA:2    +
    3    24  1   0.0%   0.287 CG:2    +
  107   140  1   0.0%   0.542 AU:2    +
   50    68  1   0.0%   0.028 UA:2    +
   35   159  1   0.0%   1.094 UA:2    +
   46   149  1   0.0%   0.359 CG:2    +
   29   150  1   0.0%   1.218 UG:2    +
   23    36  1   0.0%   0.042 UA:2    +
    4   102  1   0.0%   0.008 AU:2    +
   19   144  1   0.0%   0.628 CG:2    +
    3    96  1   0.0%   0.298 CG:2    +
    4    23  1   0.0%   0.001 AU:2    +
   17    31  1   0.0%   0.688 AU:2    +
   61    77  1   0.0%   0.001 AU:2    +
  104   146  1   0.0%   0.961 UA:2    +
   12    22  1   0.0%   0.004 GC:2    +
   97   140  1   0.0%   0.581 AU:2    +
    2   144  1   0.0%   0.397 UG:2    +
  117   125  1   0.0%   0.000 CG:2    +
   35   156  1   0.0%   1.036 UA:2    +
   13   148  1   0.0%   0.451 UA:2    +
   29    41  1   0.0%   0.422 UA:2    +
   38    97  1   0.0%   1.016 UA:2    +
   98   139  1   0.0%   0.529 UA:2    +
   38   100  1   0.0%   1.027 UA:2    +
   45   143  1   0.0%   1.024 GU:2    +
    2   100  1   0.0%   0.399 UA:2    +
    3    12  1   0.0%   0.286 CG:2    +
   13    27  1   0.0%   0.004 UG:2    +
    1   144  1   0.0%   0.286 UG:2    +
   31    36  1   0.0%   0.520 UA:2    +
   50   146  1   0.0%   0.527 UA:2    +
  140   151  1   0.0%   1.133 UA:2    +
   15   158  1   0.0%   0.597 UG:2    +
   10    22  1   0.0%   0.223 GC:2    +
   39   143  1   0.0%   0.167 AU:2    +
    3    27  1   0.0%   0.290 CG:2    +
   29   100  1   0.0%   0.815 UA:2    +
  100   140  1   0.0%   0.555 AU:2    +
   25   155  1   0.0%   1.573 UA:2    +
   29    97  1   0.0%   0.367 UA:2    +
   29   151  1   0.0%   1.183 UA:2    +
   29    92  1   0.0%   0.362 UA:2    +
   29   148  1   0.0%   0.770 UA:2    +
   92    98  1   0.0%   0.524 AU:2    +
    2   103  1   0.0%   0.397 UA:2    +
    3    82  1   0.0%   0.298 CG:2    +
   98   159  1   0.0%   0.774 UA:2    +
   11    21  1   0.0%   0.011 UG:2    +
    8   145  1   0.0%   0.702 GU:2    +
   21    38  1   0.0%   0.535 GU:2    +
   29    42  1   0.0%   0.414 UA:2    +
   31   146  1   0.0%   1.000 UA:2    +
   13    43  1   0.0%   0.352 UA:2    +
   29    40  1   0.0%   0.393 UA:2    +
   15    41  1   0.0%   0.079 UA:2    +
   97   143  1   0.0%   0.473 AU:2    +
   13   156  1   0.0%   0.803 UA:2    +
   98   156  1   0.0%   0.717 UA:2    +
   32   140  1   0.0%   0.780 AU:2    +
   17   145  1   0.0%   0.366 AU:2    +
   29    48  1   0.0%   0.362 UG:2    +
    7    15  1   0.0%   0.022 AU:2    +
   36   102  1   0.0%   0.364 AU:2    +
   21   142  1   0.0%   0.226 GC:2    +
   77    85  1   0.0%   0.147 UA:2    +
    9    22  1   0.0%   0.293 GC:2    +
   14   155  1   0.0%   0.853 UA:2    +
   27   143  1   0.0%   0.973 GU:2    +
    8    23  1   0.0%   0.270 GU:2    +
   33   149  1   0.0%   0.975 CG:2    +
   38    95  1   0.0%   0.797 UA:2    +
   36   104  1   0.0%   0.306 AU:2    +
   38   144  1   0.0%   1.199 UG:2    +
  106   144  1   0.0%   0.856 UG:2    +
   29   156  1   0.0%   0.668 UA:2    +
   29    44  1   0.0%   0.384 UG:2    +
    8    14  1   0.0%   0.266 GU:2    +
  104   133  1   0.0%   0.190 UA:2    +
   77    86  1   0.0%   0.158 UA:2    +
   21   160  1   0.0%   0.685 GC:2    +
    2   141  1   0.0%   0.397 UA:2    +
    4    14  1   0.0%   0.000 AU:2    +
    3    48  1   0.0%   0.298 CG:2    +
   35   144  1   0.0%   1.344 UG:2    +
   11    17  1   0.0%   0.001 UA:2    +
  102   155  1   0.0%   0.685 UA:2    +
   35    95  1   0.0%   0.951 UA:2    +
  129   133  1   0.0%   0.423 UA:2    +
   22    45  1   0.0%   0.016 CG:2    +
   15    24  1   0.0%   0.002 UG:2    +
   13    97  1   0.0%   0.338 UA:2    +
    2    17  1   0.0%   0.294 UA:2    +
   10    15  1   0.0%   0.211 GU:2    +
   17    38  1   0.0%   0.692 AU:2    +
    2    18  1   0.0%   0.294 UA:2    +
    5    14  1   0.0%   0.001 AU:2    +
   21    34  1   0.0%   0.567 GC:2    +
    6    13  1   0.0%   0.005 GU:2    +
   15    40  1   0.0%   0.051 UA:2    +
   33   144  1   0.0%   1.200 CG:2    +
    4    47  1   0.0%   0.007 AU:2    +
   35    97  1   0.0%   1.170 UA:2    +
  108   128  1   0.0%   0.000 AU:2    +
   35   105  1   0.0%   1.050 UA:2    +
  106   131  1   0.0%   0.014 UA:2    +
   35   103  1   0.0%   1.149 UA:2    +
  140   159  1   0.0%   0.657 UA:2    +
    8    19  1   0.0%   0.264 GC:2    +
   13    17  1   0.0%   0.001 UA:2    +
  135   143  1   0.0%   0.247 GU:2    +
  107   130  1   0.0%   0.001 AU:2    +
  139   143  1   0.0%   0.288 AU:2    +
   23    95  1   0.0%   0.029 UA:2    +
   28   146  1   0.0%   1.087 UA:2    +
   13   141  1   0.0%   0.339 UA:2    +
  138   146  1   0.0%   0.492 UA:2    +
  140   148  1   0.0%   0.734 UA:2    +
    4    15  1   0.0%   0.000 AU:2    +
    8   102  1   0.0%   0.693 GU:2    +
   14    68  1   0.0%   0.034 UA:2    +
   29    43  1   0.0%   0.383 UA:2    +
   77    84  1   0.0%   0.143 UA:2    +
   46   144  1   0.0%   0.430 CG:2    +
    4    20  1   0.0%   0.001 AU:2    +
   38    86  1   0.0%   0.797 UA:2    +
   13    42  1   0.0%   0.388 UA:2    +
..........((((((..((((.(((......(((.......)))(((.(((((((.((.(((.(((......)))))).))...))))))).))).........((((((...((((......)))).....))))))))).))))..)))))).....
