6 sequence; length of alignment 146
alifold output
   61    75  0  99.5%   0.017 GC:3    GU:3   
   63    73  1  99.8%   0.006 CG:2    UG:1    UA:2   
   62    74  1 100.0%   0.002 CG:1    GC:4   
    6   125  0  99.5%   0.015 CG:6   
    9   122  0  98.2%   0.058 GU:2    AU:4   
   38    87  0  98.1%   0.063 CG:1    UG:5   
    8   123  1  99.5%   0.015 GC:5   
   27   102  0  98.9%   0.073 CG:6   
   26   104  0  98.9%   0.095 GC:6   
    7   124  2  99.4%   0.019 UA:4   
   37    88  1  98.4%   0.049 GC:5   
    5   126  2  97.9%   0.064 CG:2    GC:2   
   35    90  1  98.0%   0.062 UA:5   
   36    89  2  98.0%   0.061 UA:4   
   34    91  1  97.2%   0.085 CG:4    UA:1   
   25   105  1  97.1%   0.158 UA:5   
   52    82  0  95.6%   0.148 GC:4    AU:2   
   28   101  0  94.4%   0.330 CG:1    UG:1    UA:4   
   64    72  0  94.9%   0.149 AU:4    UA:2   
   51    83  3  94.2%   0.190 GC:3   
   39    86  0  92.0%   0.241 UG:2    UA:4   
   53    81  2  92.6%   0.222 CG:2    UG:2   
   60    76  1  88.7%   0.384 CG:1    UG:1    AU:1    UA:2   
   32    98  2  88.4%   0.355 GC:4   
   10   121  2  83.3%   0.573 CG:1    UG:1    UA:2   
   31    99  2  81.0%   0.548 AU:3    UA:1   
   33    97  2  79.4%   0.620 UA:4   
   24   106  3  75.3%   0.763 UG:1    UA:2   
   54    80  2  65.3%   0.838 UG:2    UA:2   
   17   112  0  48.0%   1.701 GC:6   
   16   113  2  43.8%   1.428 UA:4   
   14   111  0  23.7%   1.068 GC:4    GU:2    +
   13   112  2  23.6%   1.065 GC:4    +
   15   110  2  23.1%   1.051 CG:4    +
   12   113  2  15.5%   0.896 UA:4    +
   12   119  2  13.9%   1.248 UA:4    +
   15   118  2  11.6%   1.208 CG:4    +
   16   117  2  10.4%   1.210 UG:1    UA:3    +
   59    80  0   7.0%   0.873 CG:2    UA:4    +
   19   110  1   8.5%   1.165 UG:5    +
  135   145  0   5.2%   0.698 CG:2    UG:2    UA:2    +
   57    79  2   7.3%   0.665 GC:1    AU:2    --:1    +
   17   108  2   7.5%   0.641 GC:4    +
   21   109  0   6.2%   0.733 AU:6    +
   58    81  2   6.2%   0.641 CG:4    +
  137   143  0   5.4%   0.785 UA:6    +
   20   109  2   5.8%   0.555 GU:4    +
  136   144  1   5.6%   0.783 UA:5    +
    4   135  0   3.9%   0.398 GC:2    AU:4    +
   20   112  2   4.8%   1.394 GC:4    +
   19   113  1   4.5%   1.466 UA:5    +
  128   138  0   2.9%   0.499 GC:2    AU:4    +
    2   137  0   3.7%   0.369 AU:6    +
   57    82  2   3.9%   0.709 GC:2    AU:2    +
   12    31  0   0.4%   0.068 GC:1    UG:1    AU:1    UA:3    +
    3   136  3   3.8%   0.418 AU:2    UA:1    +
   28   100  1   3.6%   0.413 UA:5    +
   23   109  0   1.9%   0.720 GU:1    AU:5    +
   55    78  1   2.6%   0.291 GC:2    AU:2    --:1    +
   53    87  0   1.5%   0.288 CG:4    UG:2    +
  128   135  0   1.4%   0.335 GC:2    AU:4    +
  130   136  1   2.3%   0.412 AU:4    UA:1    +
    1   138  2   2.9%   0.306 AU:4    +
  138   145  0   0.2%   0.555 CG:2    UG:2    UA:2    +
   41    51  0   0.1%   0.029 CG:2    UG:3    UA:1    +
   18    24  0   1.1%   0.161 GC:2    AU:4    +
   51    59  0   0.1%   0.033 GC:2    GU:3    AU:1    +
  129   137  3   2.8%   0.563 GU:3    +
   38    86  0   0.1%   0.014 CG:1    UG:1    UA:4    +
   35   101  0   0.0%   0.148 CG:1    UG:1    UA:4    +
   51    75  0   0.0%   0.023 GC:3    GU:2    AU:1    +
   59    67  0   0.0%   0.013 CG:2    UG:2    UA:2    +
   51    92  0   0.0%   0.134 GC:2    GU:3    AU:1    +
   28    86  0   0.0%   0.038 CG:1    UG:1    UA:4    +
   81    92  0   0.0%   0.279 GC:2    GU:2    AU:2    +
   59    81  0   0.0%   0.474 CG:2    UG:2    UA:2    +
   12   130  0   0.0%   0.758 GU:1    AU:1    UA:4    +
   16    51  0   0.0%   0.030 CG:2    UG:3    UA:1    +
   18    38  0   0.0%   0.055 GC:1    GU:1    AU:4    +
   37    53  0   0.0%   0.001 GC:4    GU:1    AU:1    +
   35    86  0   0.0%   0.001 CG:1    UG:1    UA:4    +
   35    51  0   0.0%   0.001 CG:1    UG:4    UA:1    +
    8   127  0   0.0%   0.006 GC:4    GU:1    AU:1    +
   38    81  0   0.0%   0.001 CG:1    UG:3    UA:2    +
   37    82  0   0.0%   0.001 GC:4    GU:1    AU:1    +
   40   139  0   0.0%   0.030 CG:2    GU:2    UA:2    +
   68    75  0   0.0%   0.008 GC:3    GU:1    AU:2    +
    4    38  0   0.0%   0.000 GC:1    GU:1    AU:4    +
   35    55  0   0.0%   0.001 CG:1    UG:1    UA:4    +
   12   124  0   0.0%   0.748 GU:1    AU:1    UA:4    +
   41    81  0   0.0%   0.014 CG:2    UG:2    UA:2    +
   38   101  0   0.0%   0.153 CG:1    UG:1    UA:4    +
   63    68  0   0.0%   0.001 CG:2    UG:2    UA:2    +
   28    51  0   0.0%   0.037 CG:1    UG:4    UA:1    +
   33    81  0   0.0%   0.005 CG:2    UG:2    UA:2    +
   35    81  0   0.0%   0.001 CG:1    UG:3    UA:2    +
    8    25  0   0.0%   0.000 GC:1    GU:4    AU:1    +
   17    25  0   1.0%   0.142 GC:1    GU:5    +
   10   118  0   0.9%   0.182 CG:3    UG:3    +
   57    78  2   2.3%   0.359 GC:1    AU:2    --:1    +
   19   107  1   2.2%   0.363 UA:5    +
   20   111  2   2.0%   0.780 GC:2    GU:2    +
   60    79  1   1.6%   0.504 AU:2    UA:2    --:1    +
  102   111  0   0.6%   0.554 GC:4    GU:2    +
   22   109  1   1.4%   0.571 GU:1    AU:4    +
   17   111  0   0.4%   0.686 GC:4    GU:2    +
  137   144  0   1.4%   0.802 UA:6    +
   18   122  0   0.4%   0.165 GU:2    AU:4    +
   61    78  0   0.3%   0.245 GC:3    GU:2    --:1    +
  109   117  0   0.3%   0.929 UG:1    UA:5    +
   18   109  0   0.3%   0.136 GU:2    AU:4    +
  133   138  0   0.3%   0.283 GC:2    AU:4    +
   16   110  0   0.2%   0.420 CG:2    UG:4    +
   16    26  0   0.2%   0.087 CG:2    UG:4    +
   16   118  0   0.2%   1.036 CG:2    UG:4    +
  137   145  0   0.1%   0.720 UG:4    UA:2    +
   11   122  0   0.1%   0.046 GU:1    AU:5    +
    9   135  0   0.1%   0.171 GC:2    AU:4    +
   17    24  0   0.1%   0.019 GC:2    GU:4    +
   41    86  0   0.1%   0.111 CG:2    UA:4    +
  128   137  0   0.1%   0.222 GU:2    AU:4    +
   24   101  0   0.1%   0.081 CG:2    UA:4    +
   14   127  0   0.1%   0.425 GC:4    GU:2    +
  134   138  0   0.1%   0.315 GC:2    AU:4    +
  111   118  0   0.0%   0.866 CG:4    UG:2    +
  133   137  0   0.0%   0.258 GU:2    AU:4    +
   16   125  0   0.0%   0.735 CG:2    UG:4    +
    9    33  0   0.0%   0.010 GC:2    AU:4    +
    4   138  0   0.0%   0.257 GC:2    AU:4    +
   17   127  0   0.0%   0.702 GC:4    GU:2    +
  129   142  1   0.0%   0.242 CG:1    GC:1    GU:2    UA:1    +
   41    55  0   0.0%   0.015 CG:2    UA:4    +
   52   111  0   0.0%   0.614 GC:4    AU:2    +
   53   110  0   0.0%   0.712 CG:4    UG:2    +
   24   110  0   0.0%   0.886 CG:2    UG:4    +
   55    59  0   0.0%   0.013 GC:2    AU:4    +
   26   111  0   0.0%   0.515 GC:4    GU:2    +
   10    17  0   0.0%   0.003 CG:3    UG:3    +
    7   133  0   0.0%   0.014 UG:2    UA:4    +
  136   145  1   1.0%   0.729 UG:3    UA:2    +
   41    80  0   0.0%   0.015 CG:2    UA:4    +
   28   110  0   0.0%   0.784 CG:1    UG:5    +
    7   134  0   0.0%   0.015 UG:2    UA:4    +
   38   102  0   0.0%   0.107 CG:1    UG:5    +
   33   101  0   0.0%   0.315 CG:2    UA:4    +
   11   109  0   0.0%   0.007 GU:1    AU:5    +
   39   101  0   0.0%   0.212 UG:2    UA:4    +
   92   101  0   0.0%   0.092 CG:2    UA:4    +
   33   102  0   0.0%   0.267 CG:2    UG:4    +
   10   110  0   0.0%   0.009 CG:3    UG:3    +
   53    91  0   0.0%   0.191 CG:4    UA:2    +
    4   137  0   0.0%   0.272 GU:2    AU:4    +
   14    24  0   0.0%   0.005 GC:2    GU:4    +
   59    65  0   0.0%   0.010 CG:2    UA:4    +
   51    78  0   0.0%   0.021 GC:3    GU:2    --:1    +
    7   117  0   0.0%   0.002 UG:1    UA:5    +
   59    86  0   0.0%   0.367 CG:2    UA:4    +
   24   118  0   0.0%   0.670 CG:2    UG:4    +
   24   134  0   0.0%   0.333 CG:2    UA:4    +
  101   109  0   0.0%   0.586 GU:2    AU:4    +
   82    91  0   0.0%   0.221 CG:4    UA:2    +
   82    87  0   0.0%   0.257 CG:4    UG:2    +
  117   122  0   0.0%   0.388 GU:1    AU:5    +
    9    24  0   0.0%   0.001 GC:2    AU:4    +
   14    53  0   0.0%   0.044 GC:4    GU:2    +
   25   117  0   0.0%   0.410 CG:1    UA:5    +
  109   121  0   0.0%   0.775 UG:2    UA:4    +
   24   102  0   0.0%   0.071 CG:2    UG:4    +
   36    91  0   0.0%   0.052 UG:4    UA:2    +
   39    51  0   0.0%   0.001 UG:5    UA:1    +
   39    91  0   0.0%   0.128 UG:4    UA:2    +
   18    33  0   0.0%   0.059 GC:2    AU:4    +
   87   111  0   0.0%   0.534 GC:4    GU:2    +
   10    14  0   0.0%   0.002 CG:3    UG:3    +
   39    52  0   0.0%   0.001 UG:4    UA:2    +
    7   128  0   0.0%   0.007 UG:2    UA:4    +
   36    55  0   0.0%   0.001 UG:2    UA:4    +
    9   137  0   0.0%   0.155 GU:2    AU:4    +
   41    87  0   0.0%   0.041 CG:2    UG:4    +
   39    55  0   0.0%   0.001 UG:2    UA:4    +
   14    28  0   0.0%   0.080 GC:1    GU:5    +
   28   102  0   0.0%   0.227 CG:1    UG:5    +
  118   138  0   0.0%   0.497 GC:2    GU:4    +
  110   127  0   0.0%   0.633 GC:4    GU:2    +
  109   128  0   0.0%   0.598 UG:2    UA:4    +
   39    80  0   0.0%   0.001 UG:2    UA:4    +
   86    92  0   0.0%   0.171 GC:2    AU:4    +
    8   137  0   0.0%   0.136 GU:5    AU:1    +
   59   101  0   0.0%   0.286 CG:2    UA:4    +
   39   117  0   0.0%   0.455 UG:1    UA:5    +
   92   102  0   0.0%   0.044 CG:2    UG:4    +
  122   134  0   0.0%   0.058 UG:2    UA:4    +
   38   118  0   0.0%   0.437 CG:1    UG:5    +
    8   122  0   0.0%   0.001 GU:5    AU:1    +
   26    33  0   0.0%   0.049 GC:2    GU:4    +
   11    28  0   0.0%   0.004 GC:1    AU:5    +
   14    25  0   0.0%   0.004 GC:1    GU:5    +
   92   110  0   0.0%   0.595 CG:2    UG:4    +
   53    61  0   0.0%   0.007 CG:4    UG:2    +
   91   111  0   0.0%   0.496 GC:4    AU:2    +
  125   138  0   0.0%   0.133 GC:2    GU:4    +
   14    38  0   0.0%   0.043 GC:1    GU:5    +
   92   118  0   0.0%   0.373 CG:2    UG:4    +
   55   109  0   0.0%   0.620 GU:2    AU:4    +
   26    92  0   0.0%   0.045 GC:2    GU:4    +
   25   118  0   0.0%   0.449 CG:1    UG:5    +
   17    41  0   0.0%   0.052 GC:2    GU:4    +
   41   128  0   0.0%   0.049 CG:2    UA:4    +
   26    53  0   0.0%   0.045 GC:4    GU:2    +
   18    92  0   0.0%   0.054 GC:2    AU:4    +
   36    80  0   0.0%   0.000 UG:2    UA:4    +
    9   138  0   0.0%   0.135 GC:2    AU:4    +
   10   125  0   0.0%   0.273 CG:3    UG:3    +
   59    76  1   0.5%   0.125 CG:1    UG:2    UA:2    +
   54    86  2   1.3%   0.558 UG:2    UA:2    +
   19    23  1   0.9%   0.146 UG:1    UA:4    +
   37    98  1   1.4%   0.320 GC:5    +
   38    97  1   1.4%   0.397 UA:5    +
   36    99  3   1.4%   0.393 UG:1    UA:2    +
   35   100  1   1.3%   0.330 UA:5    +
   14    27  0   0.8%   0.122 GC:6    +
   39    96  1   1.3%   0.330 UA:5    +
  104   110  0   0.8%   0.701 CG:6    +
   33    96  3   1.5%   0.200 UA:3    +
   52    88  2   1.4%   0.306 GC:4    +
   32    92  1   0.2%   0.053 GC:2    GU:2    AU:1    +
  129   134  3   1.2%   0.233 CG:2    UA:1    +
   19   106  2   0.9%   0.188 UG:1    UA:3    +
  105   109  0   0.6%   0.655 AU:6    +
   10    32  1   0.0%   0.014 CG:3    UG:1    UA:1    +
   16   128  1   0.0%   0.728 CG:1    UG:1    UA:3    +
  138   143  2   1.2%   0.598 UA:4    +
   41    76  1   0.0%   0.013 CG:1    UG:2    UA:2    +
   13    25  1   0.0%   0.006 GC:1    GU:3    AU:1    +
   24    32  1   0.0%   0.062 CG:2    UG:2    UA:1    +
   16   101  1   0.0%   0.030 CG:1    UG:1    UA:3    +
   12    22  1   0.0%   0.006 UG:1    AU:1    UA:3    +
   67    75  1   0.0%   0.009 GC:2    GU:2    AU:1    +
    4    16  1   0.0%   0.000 GC:1    GU:1    AU:3    +
   37    54  1   0.0%   0.001 GC:1    GU:3    AU:1    +
   12   126  1   0.0%   0.763 GC:1    UG:2    UA:2    +
   16   121  1   0.0%   0.856 CG:1    UG:1    UA:3    +
    9    16  1   0.0%   0.000 GC:1    GU:1    AU:3    +
   32    41  1   0.0%   0.004 GC:2    GU:2    AU:1    +
   16    86  1   0.0%   0.030 CG:1    UG:1    UA:3    +
   40   129  1   0.0%   0.096 CG:2    GC:2    UG:1    +
   17   109  0   0.5%   0.326 GU:6    +
   17   123  0   0.4%   0.721 GC:6    +
   12   117  2   0.7%   0.476 UG:1    UA:3    +
   19   121  1   0.4%   0.773 UG:1    UA:4    +
    3   129  3   0.9%   0.124 CG:2    AU:1    +
   13   127  1   0.3%   0.437 GC:4    AU:1    +
   51    84  3   0.5%   0.152 GC:1    GU:1    AU:1    +
  136   143  1   0.7%   0.343 UA:5    +
   98   118  0   0.2%   0.560 CG:6    +
  102   112  0   0.2%   0.928 GC:6    +
  112   118  0   0.2%   1.273 CG:6    +
   10   117  3   0.7%   0.117 UG:1    UA:2    +
   32    99  2   0.2%   0.341 CG:1    GU:2    AU:1    +
   12   118  2   0.8%   0.532 UG:4    +
   26    98  0   0.1%   0.072 GC:6    +
   16    23  1   0.1%   0.036 CG:1    UA:4    +
   39    90  0   0.1%   0.128 UA:6    +
  132   137  0   0.1%   0.266 AU:6    +
   42    50  0   0.1%   0.022 UA:2    --:4    +
   10   134  1   0.1%   0.292 CG:2    UA:3    +
   14   112  0   0.1%   0.747 GC:6    +
   38    91  1   0.1%   0.074 UG:4    UA:1    +
   43    49  0   0.1%   0.018 GC:2    --:4    +
   13    28  2   0.7%   0.115 GU:4    +
   37    92  1   0.1%   0.052 GC:1    GU:4    +
   12   121  2   0.4%   0.938 UG:2    UA:2    +
   30    93  0   0.1%   0.014 UA:2    --:4    +
   52    83  2   0.7%   0.225 GC:4    +
    7   132  0   0.1%   0.020 UA:6    +
   12   120  2   0.7%   0.795 UA:4    +
  128   136  1   0.0%   0.221 GU:1    AU:4    +
   30    94  0   0.0%   0.013 UA:2    --:4    +
   11    19  1   0.0%   0.009 GU:1    AU:4    +
   15   129  1   0.0%   0.720 CG:3    GC:2    +
   32   108  1   0.0%   0.345 CG:1    GC:4    +
  109   120  0   0.0%   0.624 UA:6    +
   34   102  1   0.0%   0.046 CG:4    UG:1    +
  109   119  0   0.0%   0.870 UA:6    +
   26   112  0   0.0%   0.920 GC:6    +
   27   110  0   0.0%   0.620 CG:6    +
   36   100  0   0.0%   0.279 UA:6    +
   21   122  0   0.0%   0.230 AU:6    +
  109   116  0   0.0%   0.606 UA:6    +
   36    90  0   0.0%   0.046 UA:6    +
   10   128  1   0.0%   0.272 CG:2    UA:3    +
   53    73  1   0.0%   0.012 CG:3    UA:2    +
   35    91  1   0.0%   0.053 UG:4    UA:1    +
   88   102  0   0.0%   0.100 CG:6    +
   87   104  0   0.0%   0.108 GC:6    +
  130   142  2   0.0%   0.112 UG:1    AU:2    UA:1    +
  110   123  0   0.0%   0.638 GC:6    +
    5   129  1   0.0%   0.087 CG:3    GC:2    +
   11    33  1   0.0%   0.010 GC:1    AU:4    +
   14   109  0   0.0%   0.048 GU:6    +
  109   118  0   0.0%   0.952 UG:6    +
   36   105  0   0.0%   0.129 UA:6    +
   39    87  0   0.0%   0.105 UG:6    +
    8    34  1   0.0%   0.002 GC:4    GU:1    +
   42    48  0   0.0%   0.002 UA:2    --:4    +
    4   136  1   0.0%   0.274 GU:1    AU:4    +
    1   137  0   0.0%   0.002 AU:6    +
   98   110  0   0.0%   0.748 CG:6    +
    6    14  0   0.0%   0.003 CG:6    +
   27    87  0   0.0%   0.041 CG:6    +
   26    88  0   0.0%   0.046 GC:6    +
    7    13  1   0.0%   0.002 UG:4    UA:1    +
   52    77  1   0.0%   0.019 GC:2    AU:2    --:1    +
   18    25  1   0.0%   0.100 GU:2    AU:3    +
    6   118  0   0.0%   0.003 CG:6    +
   43    95  0   0.0%   0.007 GC:2    --:4    +
   11    24  1   0.0%   0.005 GC:1    AU:4    +
   51    82  1   0.0%   0.022 GC:3    GU:2    +
   58    87  0   0.0%   0.304 CG:6    +
   42    47  0   0.0%   0.001 UG:2    --:4    +
  118   123  0   0.0%   0.423 GC:6    +
   60    64  1   0.0%   0.002 AU:2    UA:3    +
   10    18  1   0.0%   0.002 CG:2    UA:3    +
   21   137  0   0.0%   0.304 AU:6    +
   23   135  1   0.0%   0.262 GC:1    AU:4    +
   45    50  0   0.0%   0.008 UA:2    --:4    +
   36   119  0   0.0%   0.377 UA:6    +
   38   117  1   0.0%   0.398 UG:1    UA:4    +
   39   116  0   0.0%   0.198 UA:6    +
   47    95  0   0.0%   0.002 GC:2    --:4    +
   13   111  1   0.0%   0.043 GC:4    AU:1    +
   58    76  3   0.8%   0.121 CG:3    +
   17   104  0   0.0%   0.053 GC:6    +
   23    33  1   0.0%   0.058 GC:1    AU:4    +
    9    19  1   0.0%   0.001 GU:2    AU:3    +
   13    54  2   0.0%   0.043 GC:1    GU:2    AU:1    +
   19    37  1   0.0%   0.050 UG:4    UA:1    +
    7   144  0   0.0%   0.014 UA:6    +
   42    93  0   0.0%   0.014 UA:2    --:4    +
   40    51  2   0.0%   0.001 CG:2    UG:1    UA:1    +
   17    39  0   0.0%   0.053 GU:6    +
   10   133  1   0.0%   0.272 CG:2    UA:3    +
   25   101  1   0.0%   0.066 UG:2    UA:3    +
   38    52  1   0.0%   0.001 UG:4    UA:1    +
   45    94  0   0.0%   0.004 UA:2    --:4    +
   42    94  0   0.0%   0.012 UA:2    --:4    +
   14   104  0   0.0%   0.044 GC:6    +
   25   133  1   0.0%   0.106 UG:2    UA:3    +
   39    56  0   0.0%   0.001 UA:6    +
   45    93  0   0.0%   0.006 UA:2    --:4    +
   34   118  1   0.0%   0.376 CG:4    UG:1    +
   35   117  1   0.0%   0.391 UG:1    UA:4    +
  109   113  0   0.0%   1.347 UA:6    +
   39   119  0   0.0%   0.440 UA:6    +
   36   116  0   0.0%   0.135 UA:6    +
   88   110  0   0.0%   0.651 CG:6    +
   19    32  1   0.0%   0.053 UG:4    UA:1    +
   17    34  1   0.0%   0.053 GC:4    GU:1    +
   63    76  2   0.0%   0.172 CG:1    UG:2    UA:1    +
   34    87  1   0.0%   0.002 CG:4    UG:1    +
  104   118  0   0.0%   0.415 CG:6    +
   19   117  1   0.0%   0.840 UG:1    UA:4    +
   13   109  1   0.0%   0.043 GU:4    AU:1    +
    8   138  1   0.0%   0.117 GC:1    GU:4    +
   61    77  1   0.0%   0.012 GC:2    GU:2    --:1    +
   34    52  1   0.0%   0.002 CG:4    UA:1    +
   98   102  0   0.0%   0.195 CG:6    +
   38    57  1   0.0%   0.001 UG:2    UA:3    +
  116   122  0   0.0%   0.101 AU:6    +
  126   142  2   0.0%   0.026 CG:1    GC:1    AU:2    +
   57    75  2   0.0%   0.009 GC:1    GU:1    AU:2    +
  112   125  0   0.0%   0.899 CG:6    +
   87    98  0   0.0%   0.264 GC:6    +
   11   135  1   0.0%   0.147 GC:1    AU:4    +
   39    97  0   0.0%   0.394 UA:6    +
  119   137  0   0.0%   0.417 AU:6    +
  113   122  0   0.0%   0.844 AU:6    +
    2   122  0   0.0%   0.000 AU:6    +
    8   135  1   0.0%   0.132 GC:1    GU:4    +
   58   102  0   0.0%   0.234 CG:6    +
    7   140  0   0.0%   0.013 UA:6    +
   13   122  1   0.0%   0.409 GU:4    AU:1    +
    4    10  1   0.0%   0.000 GC:2    AU:3    +
   54    87  1   0.0%   0.443 CG:1    UG:4    +
   39   140  0   0.0%   0.149 UA:6    +
   36   143  0   0.0%   0.087 UA:6    +
   14   122  0   0.0%   0.418 GU:6    +
   14    98  0   0.0%   0.044 GC:6    +
  118   122  0   0.0%   0.442 GU:6    +
  110   122  0   0.0%   0.656 GU:6    +
    9   136  1   0.0%   0.164 GU:1    AU:4    +
    6    17  0   0.0%   0.001 CG:6    +
   11   138  1   0.0%   0.118 GC:1    AU:4    +
   17    27  0   0.0%   0.092 GC:6    +
   39   100  0   0.0%   0.340 UA:6    +
    2     7  0   0.0%   0.000 AU:6    +
    7   143  0   0.0%   0.013 UA:6    +
  100   109  0   0.0%   0.714 AU:6    +
   10   139  2   0.0%   0.278 CG:1    UG:1    UA:2    +
   36    97  0   0.0%   0.212 UA:6    +
  107   122  0   0.0%   0.175 AU:6    +
   17    98  0   0.0%   0.052 GC:6    +
   23    92  1   0.0%   0.054 GC:1    AU:4    +
   27   118  0   0.0%   0.398 CG:6    +
   76    84  2   0.0%   0.199 GC:1    AU:2    UA:1    +
   78    86  1   0.0%   0.345 CG:2    UA:2    --:1    +
   28   117  1   0.0%   0.523 UG:1    UA:4    +
   13    39  1   0.0%   0.042 GU:4    AU:1    +
    3     8  2   0.0%   0.000 CG:2    UG:1    UA:1    +
   14    88  0   0.0%   0.044 GC:6    +
   19   101  1   0.0%   0.050 UG:2    UA:3    +
   32    39  1   0.0%   0.004 GU:4    AU:1    +
   47   114  0   0.0%   0.001 GC:2    --:4    +
    1     7  0   0.0%   0.000 AU:6    +
   19    91  1   0.0%   0.049 UG:3    UA:2    +
   36    56  0   0.0%   0.001 UA:6    +
   31    84  2   0.0%   0.021 GC:1    AU:2    UA:1    +
   54    61  1   0.0%   0.001 CG:1    UG:4    +
    7   120  0   0.0%   0.001 UA:6    +
   29    43  0   0.0%   0.000 CG:2    --:4    +
    5    13  1   0.0%   0.000 CG:4    GU:1    +
   36   120  0   0.0%   0.128 UA:6    +
    7   113  0   0.0%   0.001 UA:6    +
  137   142  3   0.5%   0.329 UG:1    UA:2    +
   15    26  2   0.6%   0.094 CG:4    +
   24   107  2   0.6%   0.472 UA:4    +
   25   106  2   0.2%   0.385 UG:1    UA:3    +
    4   129  3   0.4%   0.102 GC:2    AU:1    +
  135   144  2   0.5%   0.287 UA:4    +
   40    91  2   0.2%   0.085 CG:2    UG:2    +
   40    52  2   0.1%   0.025 CG:2    UG:2    +
   40    89  2   0.1%   0.054 GC:2    UA:2    +
   53    57  2   0.1%   0.021 CG:2    UA:2    +
   40    81  3   0.0%   0.011 CG:1    UG:1    UA:1    +
   12   108  3   0.0%   0.030 GC:1    UG:1    UA:1    +
   12    19  3   0.0%   0.007 GU:1    AU:1    UA:1    +
   57    84  3   0.0%   0.440 GC:1    GU:1    AU:1    +
   60    77  2   0.1%   0.125 CG:1    AU:2    --:1    +
   31    92  2   0.1%   0.035 GU:1    AU:3    +
   15   126  2   0.1%   0.678 CG:2    GC:2    +
   16    22  2   0.0%   0.014 UG:1    UA:3    +
   31   109  2   0.0%   0.721 GU:1    AU:3    +
   54    84  2   0.0%   0.321 AU:1    UA:3    +
   40    87  2   0.0%   0.037 CG:2    UG:2    +
   10    20  2   0.0%   0.007 CG:2    UG:2    +
  127   145  2   0.0%   0.028 CG:2    UG:2    +
   11    16  2   0.0%   0.003 GU:1    AU:3    +
   16    20  2   0.0%   0.009 CG:2    UG:2    +
  135   139  2   0.0%   0.205 UG:2    UA:2    +
   24   117  2   0.0%   0.630 UG:1    UA:3    +
   35   106  2   0.0%   0.357 UG:1    UA:3    +
   16   116  2   0.3%   0.500 UA:4    +
   20    24  2   0.0%   0.064 GC:2    GU:2    +
   40    77  2   0.0%   0.010 GU:2    UG:1    --:1    +
   13    19  2   0.0%   0.006 GU:3    AU:1    +
   12   129  2   0.0%   0.822 GC:1    UG:3    +
   22   136  2   0.0%   0.199 GU:1    AU:3    +
   20   138  2   0.0%   0.510 GC:2    GU:2    +
   10    23  2   0.0%   0.004 CG:1    UA:3    +
    5   139  2   0.0%   0.024 CG:2    GU:2    +
   67    72  2   0.0%   0.055 GU:2    AU:2    +
  111   121  2   0.0%   0.679 CG:2    UA:2    +
   20    25  2   0.0%   0.053 GC:1    GU:3    +
   40   118  2   0.0%   0.374 CG:2    UG:2    +
  126   137  2   0.0%   0.151 GU:2    AU:2    +
    7   139  2   0.0%   0.014 UG:2    UA:2    +
    3    17  2   0.0%   0.000 CG:2    UG:2    +
   41   117  2   0.0%   0.337 UG:1    UA:3    +
  121   135  2   0.0%   0.330 GU:2    AU:2    +
   51    79  2   0.0%   0.020 GC:1    GU:2    --:1    +
  126   136  2   0.0%   0.159 GU:2    AU:2    +
   79    84  2   0.0%   0.287 AU:1    UA:2    --:1    +
  126   138  2   0.0%   0.131 GU:2    AU:2    +
   77    84  2   0.0%   0.036 GC:1    UA:2    --:1    +
   13    99  2   0.0%   0.042 GU:3    UA:1    +
   77    83  2   0.0%   0.099 GC:1    UA:2    --:1    +
   62    75  2   0.0%   0.007 GC:3    GU:1    +
   31    41  2   0.0%   0.021 GU:1    AU:3    +
  126   135  2   0.0%   0.160 GU:2    AU:2    +
   52    78  2   0.0%   0.019 GC:1    GU:2    --:1    +
   41    57  2   0.0%   0.012 UG:2    UA:2    +
   61    79  2   0.0%   0.282 GC:1    GU:2    --:1    +
   34    51  2   0.0%   0.001 CG:3    UG:1    +
   32    82  2   0.0%   0.004 GC:2    GU:2    +
   77    81  2   0.0%   0.258 CG:1    UG:2    --:1    +
   92   121  2   0.0%   0.224 UG:2    UA:2    +
   54    73  2   0.0%   0.003 UG:2    UA:2    +
  108   118  2   0.3%   0.616 CG:4    +
   15   125  2   0.3%   0.685 CG:4    +
   12   116  2   0.3%   0.382 UA:4    +
   99   117  3   0.2%   0.589 UG:1    UA:2    +
   25    99  3   0.1%   0.072 UG:1    UA:2    +
   16   124  3   0.4%   0.748 UA:3    +
   19   105  1   0.1%   0.068 UA:5    +
    8   136  1   0.1%   0.151 GU:5    +
   12   128  2   0.2%   0.786 UA:4    +
   51    88  1   0.1%   0.132 GC:5    +
   25   100  1   0.1%   0.077 UA:5    +
   13    20  3   0.0%   0.013 GC:2    UG:1    +
  136   140  1   0.0%   0.244 UA:5    +
   15   108  3   0.0%   0.042 CG:1    GC:2    +
   36    96  1   0.0%   0.098 UA:5    +
   28    97  1   0.0%   0.046 UA:5    +
   35    97  1   0.0%   0.213 UA:5    +
   25   113  1   0.0%   0.899 UA:5    +
  132   136  1   0.0%   0.241 AU:5    +
   14    19  1   0.0%   0.010 GU:5    +
    9   129  3   0.0%   0.090 GC:2    AU:1    +
  129   133  3   0.0%   0.074 CG:2    UA:1    +
  137   141  1   0.0%   0.257 UA:5    +
   10   119  3   0.3%   0.141 UA:3    +
   51   112  1   0.0%   0.959 GC:5    +
   54    72  3   0.0%   0.004 AU:1    UA:2    +
   52    84  3   0.0%   0.126 GC:1    GU:2    +
  111   117  3   0.0%   0.816 CG:1    UA:2    +
   16   106  3   0.0%   0.033 UG:1    UA:2    +
   51    58  1   0.0%   0.013 GC:5    +
   37   104  1   0.0%   0.102 GC:5    +
    2   136  1   0.0%   0.003 AU:5    +
  138   144  2   0.2%   0.580 UA:4    +
   64    73  3   0.0%   0.054 AU:1    UA:2    +
  129   145  3   0.0%   0.240 CG:2    UA:1    +
   25   107  1   0.0%   0.225 UA:5    +
   19   116  1   0.0%   0.582 UA:5    +
   54    60  3   0.0%   0.002 AU:1    UA:2    +
   99   109  3   0.0%   0.773 GU:1    AU:2    +
   12    32  3   0.0%   0.032 UG:2    UA:1    +
   35   120  1   0.0%   0.127 UA:5    +
   38    90  1   0.0%   0.047 UA:5    +
  106   111  3   0.0%   0.750 GC:1    AU:2    +
    1   136  1   0.0%   0.001 AU:5    +
   25   116  1   0.0%   0.152 UA:5    +
   21    35  1   0.0%   0.006 AU:5    +
   53    76  3   0.0%   0.010 CG:2    UG:1    +
   46    50  1   0.0%   0.008 UA:1    --:4    +
   42    46  1   0.0%   0.001 UA:1    --:4    +
   46    93  1   0.0%   0.006 UA:1    --:4    +
   10   129  3   0.0%   0.334 CG:1    UG:2    +
   19   139  3   0.0%   0.559 UG:2    UA:1    +
   46    94  1   0.0%   0.004 UA:1    --:4    +
   34   121  3   0.0%   0.227 CG:2    UA:1    +
   19   120  1   0.0%   0.577 UA:5    +
   38   120  1   0.0%   0.134 UA:5    +
   25    31  3   0.0%   0.067 UG:1    UA:2    +
   37    58  1   0.0%   0.001 GC:5    +
   35    56  1   0.0%   0.001 UA:5    +
   37    84  3   0.0%   0.001 GC:1    GU:2    +
    3   145  3   0.0%   0.167 CG:1    UG:2    +
  120   136  1   0.0%   0.178 AU:5    +
    3   121  3   0.0%   0.000 CG:1    UA:2    +
   21    25  1   0.0%   0.051 AU:5    +
   51    98  1   0.0%   0.286 GC:5    +
  108   129  3   0.0%   0.289 CG:2    AU:1    +
   34    57  3   0.0%   0.001 CG:2    UA:1    +
   37   142  3   0.0%   0.083 GC:1    GU:2    +
   14   129  3   0.0%   0.463 GC:2    GU:1    +
   35   144  1   0.0%   0.085 UA:5    +
   19   119  1   0.0%   0.825 UA:5    +
   32    40  3   0.0%   0.004 GC:2    AU:1    +
   21    28  1   0.0%   0.042 AU:5    +
   19   118  1   0.0%   0.879 UG:5    +
   10    31  3   0.0%   0.004 UG:1    UA:2    +
   25   119  1   0.0%   0.394 UA:5    +
   38    56  1   0.0%   0.001 UA:5    +
    8   142  3   0.0%   0.012 GC:1    GU:2    +
    7   141  1   0.0%   0.013 UA:5    +
  106   127  3   0.0%   0.298 GC:1    AU:2    +
   76    83  3   0.0%   0.262 GC:2    UA:1    +
   25    90  1   0.0%   0.047 UA:5    +
   19   102  1   0.0%   0.050 UG:5    +
   25    96  1   0.0%   0.047 UA:5    +
    8   112  1   0.0%   0.001 GC:5    +
   28    90  1   0.0%   0.038 UA:5    +
   19   125  1   0.0%   0.585 UG:5    +
   27    37  1   0.0%   0.040 CG:5    +
   99   111  3   0.0%   0.698 GC:1    AU:2    +
   16   107  2   0.1%   0.055 UA:4    +
   41    90  2   0.1%   0.073 UA:4    +
   52    58  2   0.1%   0.032 GC:4    +
   54    81  2   0.1%   0.375 UG:4    +
   24   100  2   0.1%   0.080 UA:4    +
   54    85  3   0.2%   0.334 UA:3    +
   24   105  2   0.1%   0.096 UA:4    +
  130   138  2   0.1%   0.331 AU:4    +
  130   137  2   0.1%   0.343 AU:4    +
  130   135  2   0.1%   0.214 AU:4    +
   20   104  2   0.1%   0.024 GC:4    +
  132   138  2   0.1%   0.248 AU:4    +
   10   116  3   0.1%   0.033 UA:3    +
   28    96  2   0.0%   0.046 UA:4    +
   12    18  2   0.0%   0.009 UA:4    +
   16    21  2   0.0%   0.012 UA:4    +
   65    72  2   0.0%   0.059 AU:4    +
   12    21  2   0.0%   0.011 UA:4    +
  135   140  2   0.0%   0.210 UA:4    +
   33   107  2   0.0%   0.384 UA:4    +
  136   141  2   0.0%   0.244 UA:4    +
   41    89  2   0.0%   0.052 UA:4    +
   20   123  2   0.0%   0.435 GC:4    +
   41    91  2   0.0%   0.079 UG:4    +
   24   116  2   0.0%   0.373 UA:4    +
  135   143  2   0.0%   0.212 UA:4    +
   52    74  2   0.0%   0.021 GC:4    +
   33   100  2   0.0%   0.387 UA:4    +
  129   136  3   0.1%   0.280 GU:3    +
  109   124  2   0.0%   0.610 UA:4    +
   58    68  2   0.0%   0.012 CG:4    +
  108   125  2   0.0%   0.251 CG:4    +
   12   132  2   0.0%   0.764 UA:4    +
    6    13  2   0.0%   0.002 CG:4    +
   32   104  2   0.0%   0.158 GC:4    +
    5    14  2   0.0%   0.002 CG:4    +
   52    92  2   0.0%   0.191 GU:4    +
   54    90  2   0.0%   0.397 UA:4    +
   12    23  2   0.0%   0.008 UA:4    +
   58    67  2   0.0%   0.010 CG:4    +
   91    98  2   0.0%   0.229 GC:4    +
   41   113  2   0.0%   0.825 UA:4    +
   92    97  2   0.0%   0.274 UA:4    +
  102   108  2   0.0%   0.218 GC:4    +
    2   138  2   0.0%   0.226 AU:4    +
   16   120  2   0.0%   0.723 UA:4    +
   35    96  2   0.0%   0.090 UA:4    +
    2   135  2   0.0%   0.001 AU:4    +
   24    90  2   0.0%   0.059 UA:4    +
   81    88  2   0.0%   0.334 GC:4    +
   16   105  2   0.0%   0.031 UA:4    +
   16   119  2   0.0%   0.971 UA:4    +
   15    52  2   0.0%   0.032 CG:4    +
   41    56  2   0.0%   0.012 UA:4    +
   39    89  2   0.0%   0.105 UA:4    +
    6   145  2   0.0%   0.007 CG:4    +
   20    36  2   0.0%   0.007 GU:4    +
   10   120  3   0.1%   0.128 UA:3    +
   33    91  2   0.0%   0.005 UG:4    +
   15   102  2   0.0%   0.032 CG:4    +
   12   133  2   0.0%   0.759 UA:4    +
   12    55  2   0.0%   0.028 UA:4    +
   68    72  2   0.0%   0.055 GU:4    +
    1   135  2   0.0%   0.001 AU:4    +
   68    74  2   0.0%   0.004 GC:4    +
   14   108  2   0.0%   0.045 GC:4    +
   89   109  2   0.0%   0.551 AU:4    +
   33   119  2   0.0%   0.547 UA:4    +
    8    12  2   0.0%   0.000 GU:4    +
   24   113  2   0.0%   1.114 UA:4    +
   12    17  2   0.0%   0.002 UG:4    +
   38    96  2   0.0%   0.101 UA:4    +
   92   100  2   0.0%   0.219 UA:4    +
   24   119  2   0.0%   0.614 UA:4    +
   13    24  2   0.0%   0.006 GU:4    +
   38    89  2   0.0%   0.045 UA:4    +
   12   134  2   0.0%   0.765 UA:4    +
   61    74  2   0.0%   0.002 GC:4    +
   24   120  2   0.0%   0.366 UA:4    +
   92   119  2   0.0%   0.319 UA:4    +
   91   104  2   0.0%   0.069 GC:4    +
   63    71  2   0.0%   0.000 UA:4    +
   27    32  2   0.0%   0.044 CG:4    +
   38   141  2   0.0%   0.092 UA:4    +
   41    52  2   0.0%   0.018 UG:4    +
    5    37  2   0.0%   0.001 CG:4    +
   12   110  2   0.0%   0.029 UG:4    +
   92   120  2   0.0%   0.070 UA:4    +
   33   105  2   0.0%   0.296 UA:4    +
   13   123  2   0.0%   0.388 GC:4    +
   35    89  2   0.0%   0.001 UA:4    +
   33    90  2   0.0%   0.005 UA:4    +
   12   100  2   0.0%   0.028 UA:4    +
   15    37  2   0.0%   0.032 CG:4    +
   55    72  2   0.0%   0.004 AU:4    +
   62    72  2   0.0%   0.001 GU:4    +
    7   130  2   0.0%   0.007 UA:4    +
    8    15  2   0.0%   0.000 GC:4    +
   27    91  2   0.0%   0.040 CG:4    +
   24    91  2   0.0%   0.058 UG:4    +
    5   125  2   0.0%   0.001 CG:4    +
   15    87  2   0.0%   0.032 CG:4    +
   13    27  2   0.0%   0.005 GC:4    +
   20    27  2   0.0%   0.046 GC:4    +
   27    52  2   0.0%   0.040 CG:4    +
   39   130  2   0.0%   0.150 UA:4    +
   20    98  2   0.0%   0.007 GC:4    +
   24    97  2   0.0%   0.058 UA:4    +
   92   116  2   0.0%   0.077 UA:4    +
   41   116  2   0.0%   0.079 UA:4    +
   32    58  2   0.0%   0.004 GC:4    +
   52    85  3   0.1%   0.119 GC:3    +
   39    85  3   0.1%   0.017 UA:3    +
  129   138  3   0.1%   0.453 GU:3    +
   26    99  3   0.0%   0.071 GU:3    +
  135   141  3   0.0%   0.213 UA:3    +
   19   124  3   0.0%   0.587 UA:3    +
  129   135  3   0.0%   0.321 GU:3    +
   10   130  3   0.0%   0.272 UA:3    +
   39    84  3   0.0%   0.004 UA:3    +
  129   146  3   0.0%   0.240 GC:3    +
   60    65  3   0.0%   0.003 UA:3    +
   10   113  3   0.0%   0.009 UA:3    +
   25    89  3   0.0%   0.048 UA:3    +
   99   116  3   0.0%   0.302 UA:3    +
   90    99  3   0.0%   0.290 AU:3    +
   60    80  3   0.0%   0.646 UA:3    +
   10   132  3   0.0%   0.275 UA:3    +
   36    85  3   0.0%   0.001 UA:3    +
    6   129  3   0.0%   0.069 CG:3    +
   41    96  3   0.0%   0.156 UA:3    +
   99   113  3   0.0%   1.046 UA:3    +
   37    99  3   0.0%   0.333 GU:3    +
   55    60  3   0.0%   0.004 AU:3    +
   54    76  3   0.0%   0.003 UG:3    +
   92    96  3   0.0%   0.153 UA:3    +
   86    99  3   0.0%   0.395 AU:3    +
   56    60  3   0.0%   0.001 AU:3    +
   91    99  3   0.0%   0.301 GU:3    +
   60   100  3   0.0%   0.372 UA:3    +
   99   119  3   0.0%   0.553 UA:3    +
   10    21  3   0.0%   0.003 UA:3    +
   99   118  3   0.0%   0.620 UG:3    +
   99   110  3   0.0%   0.820 UG:3    +
   17    85  3   0.0%   0.052 GC:3    +
   56    75  3   0.0%   0.002 AU:3    +
....((((((.....((......(((((..(((((((((...........((((.....(((((.......)))))...))))..)))))).....))).)).))).....)).......))))))....................
