3 sequence; length of alignment 160
alifold output
   73    82  0 100.0%   0.002 CG:3   
   74    81  0  99.9%   0.003 CG:3   
  132   140  0  98.8%   0.070 GC:3   
  131   141  0  98.7%   0.062 UA:3   
   72    83  0  98.6%   0.042 UA:3   
  133   139  0  98.4%   0.078 UA:3   
  130   142  1  98.6%   0.070 GC:2   
   68    86  0  94.3%   0.202 UG:2    UA:1   
   66    88  1  95.2%   0.214 GC:2   
   67    87  1  94.6%   0.184 AU:2   
  134   138  0  90.1%   0.294 GC:1    GU:1    AU:1   
   69    85  0  88.4%   0.404 UA:3   
   65    89  0  88.1%   0.421 AU:3   
  129   143  0  88.0%   0.466 AU:3   
   36    46  0  81.2%   0.563 GC:3   
   24    58  0  80.8%   0.965 GC:3   
   25    57  0  80.8%   0.948 AU:3   
   26    56  1  80.8%   0.858 GC:1    AU:1   
   27    55  0  80.3%   0.574 CG:3   
   35    47  0  78.9%   0.581 AU:1    UA:2   
   23    59  1  78.8%   1.014 GU:1    AU:1   
    4   118  0  77.6%   0.873 CG:3   
   37    45  0  77.5%   0.632 AU:3   
   18   100  0  76.4%   0.691 CG:2    UG:1   
   19    99  0  77.0%   0.649 CG:3   
    3   119  1  76.7%   0.921 UA:2   
   11   104  0  74.4%   0.695 AU:1    UA:2   
   20    98  0  75.1%   0.800 UA:3   
   10   105  0  74.6%   0.936 CG:3   
    5   117  0  73.6%   1.137 GC:1    UA:2   
    2   120  0  73.0%   0.955 UG:3   
    1   121  0  72.5%   0.761 CG:3   
   22    60  0  70.4%   1.195 AU:3   
    9   106  0  69.5%   1.040 UA:3   
   17   101  0  69.2%   0.904 AU:3   
   21    97  0  65.1%   1.526 GU:3   
   12   103  0  64.5%   0.870 AU:3   
   71    84  0  55.0%   1.347 GC:3    +
  146   153  0  48.4%   1.576 GC:1    UA:2   
  147   152  0  47.3%   1.575 GC:1    AU:2   
    7   116  0  46.4%   1.930 CG:3   
  145   154  1  45.8%   1.325 GC:1    GU:1   
   70    84  0  44.9%   1.155 GC:3   
    8   115  1  35.0%   1.867 UA:2   
    8   107  1  34.6%   1.376 UA:2    +
    6   116  0  28.4%   1.601 UG:3    +
   55    96  0  17.8%   1.203 GC:2    GU:1    +
  125   147  0  17.0%   1.256 CG:1    UA:2    +
   56    95  1  17.7%   1.098 CG:1    UA:1    +
   54    97  0  17.7%   1.403 GU:3    +
   53    98  0  17.6%   1.225 UA:3    +
   52    99  0  16.7%   1.135 CG:3    +
  126   146  1  16.8%   1.228 AU:2    +
   57    94  0  16.0%   1.103 UA:3    +
   33   125  0  14.3%   1.265 GC:1    AU:2    +
   32   126  0  14.2%   1.049 UA:3    +
   34   124  0  14.1%   0.942 UA:3    +
   31   127  0  13.9%   1.098 UA:3    +
   30   128  0  12.4%   0.950 UA:3    +
   33    49  0  11.4%   0.744 GU:1    AU:2    +
  105   111  0  12.0%   1.443 GC:3    +
   10    21  0  11.8%   0.950 CG:3    +
    9    22  0  11.7%   0.953 UA:3    +
    7    24  0  11.7%   1.136 CG:3    +
   35   123  1  12.1%   1.138 UG:2    +
   40   121  0  11.4%   1.159 CG:3    +
    8    23  1  11.7%   0.950 UA:2    +
    6    25  0  10.9%   1.099 UA:3    +
   44   118  0   9.8%   1.137 CG:2    UG:1    +
   39   122  0  10.8%   1.007 AU:3    +
   41   120  1  11.0%   1.169 CG:2    +
   46   116  0   9.8%   1.816 CG:3    +
  106   110  0   9.6%   1.300 AU:3    +
   45   117  1   9.8%   1.526 UA:2    +
  104   112  1   9.1%   1.102 AU:2    +
    9   114  0   7.5%   1.232 UA:3    +
   43   119  1   8.0%   1.200 UA:2    +
    4    24  0   7.1%   0.578 CG:3    +
    7    21  0   7.1%   0.571 CG:3    +
    6    22  0   7.1%   0.572 UA:3    +
    3    25  0   7.0%   0.566 UA:3    +
  121   154  0   5.9%   1.358 GC:2    GU:1    +
  120   155  0   5.8%   1.378 GC:2    GU:1    +
    5    23  1   7.1%   0.569 UA:2    +
    5    26  1   7.0%   0.898 UA:2    +
  123   152  0   5.4%   1.083 GC:1    GU:2    +
   21    62  0   5.3%   0.924 GC:2    GU:1    +
    2    26  0   5.2%   0.466 UG:1    UA:2    +
  122   153  1   5.9%   1.094 UA:2    +
   29    54  0   3.2%   0.373 CG:1    UG:2    +
   48   116  0   3.1%   1.443 CG:2    UG:1    +
   44   120  0   2.9%   1.303 CG:2    UG:1    +
   42   122  0   2.6%   0.699 GU:1    AU:2    +
    6   117  1   3.9%   1.475 UA:2    +
   31    51  0   3.3%   0.386 UG:3    +
   49   115  0   3.3%   1.190 UA:3    +
   46   118  0   3.2%   1.390 CG:3    +
   20    63  0   3.1%   0.348 UA:3    +
  111   118  0   3.0%   1.507 CG:3    +
  147   155  1   2.8%   1.186 GC:1    AU:1    +
   43   121  0   2.8%   1.374 UG:3    +
   45   119  1   3.2%   1.478 UA:2    +
   50   114  1   3.0%   0.875 UA:2    +
   44   105  0   1.5%   0.541 CG:2    UG:1    +
   46   105  0   2.5%   0.824 CG:3    +
  145   157  1   2.9%   0.797 GC:2    +
  110   119  1   2.9%   1.453 UA:2    +
   51   113  0   2.4%   0.716 GU:3    +
   21    96  0   1.3%   0.795 GC:2    GU:1    +
   45   106  0   2.3%   0.883 UA:3    +
  146   156  1   2.8%   1.054 UA:2    +
   15   103  0   2.3%   0.689 AU:3    +
   39    43  0   2.3%   0.339 AU:3    +
   14   101  0   1.0%   0.154 GU:1    AU:2    +
  134   152  0   0.0%   0.309 GC:1    GU:1    AU:1    +
  125   134  0   0.0%   0.317 CG:1    UG:1    UA:1    +
  145   149  0   0.0%   0.089 GC:1    GU:1    UG:1    +
   49   102  0   1.0%   0.399 UG:1    UA:2    +
   86   125  0   0.0%   0.428 GC:1    GU:1    AU:1    +
  130   149  0   0.0%   0.085 GC:1    GU:1    UG:1    +
   51   101  0   2.0%   0.883 GU:3    +
   33   113  0   1.0%   0.530 GU:1    AU:2    +
   29   129  1   2.4%   0.511 UA:2    +
  109   120  0   1.9%   1.298 UG:3    +
   32    51  0   1.9%   0.384 UG:3    +
   87   100  0   0.9%   0.563 CG:1    UG:2    +
   36   111  0   1.9%   0.492 GC:3    +
   37   110  0   1.9%   0.559 AU:3    +
   38   109  0   1.9%   0.420 AU:3    +
   29   121  0   0.9%   0.650 CG:1    UG:2    +
  108   121  0   1.8%   1.227 UG:3    +
   62    70  0   0.8%   0.347 CG:2    UG:1    +
  112   117  1   2.3%   1.360 UA:2    +
   18   121  0   0.7%   0.616 CG:2    UG:1    +
   86   101  0   0.7%   0.662 GU:2    AU:1    +
   42    53  0   0.7%   0.150 GU:1    AU:2    +
  107   122  0   1.7%   1.129 AU:3    +
   14   109  0   0.7%   0.243 GU:1    AU:2    +
   31    64  0   0.7%   0.231 UG:1    UA:2    +
   41   123  1   2.1%   0.935 CG:2    +
   39   108  0   1.6%   0.386 AU:3    +
   44    51  0   0.6%   0.331 CG:2    UG:1    +
   89   102  0   0.6%   0.396 UG:1    UA:2    +
  123   155  0   0.5%   1.009 GC:2    GU:1    +
   29    66  0   0.5%   0.228 CG:1    UG:2    +
   15   101  0   1.5%   0.250 AU:3    +
   33    50  1   2.0%   0.488 AU:2    +
   13   103  0   1.5%   0.488 AU:3    +
   14   108  0   0.5%   0.163 GU:1    AU:2    +
  122   156  0   0.5%   0.839 UG:1    UA:2    +
    8   114  1   2.0%   0.911 UA:2    +
   43   106  0   1.5%   0.625 UA:3    +
   64    68  0   0.4%   0.133 GU:1    AU:2    +
  102   113  0   0.4%   0.489 GU:1    AU:2    +
  145   151  0   0.4%   0.161 GC:2    UG:1    +
  102   109  0   0.4%   0.410 GU:1    AU:2    +
  145   150  0   0.4%   0.134 GC:2    UA:1    +
   16   100  0   1.4%   0.220 CG:3    +
  143   156  0   0.4%   0.236 UG:1    UA:2    +
   87    95  0   0.4%   0.440 CG:1    UA:2    +
   60    64  0   0.3%   0.344 UG:1    UA:2    +
   48   105  0   0.3%   0.524 CG:2    UG:1    +
   26   133  0   0.3%   0.578 GU:1    AU:2    +
   36    44  0   0.3%   0.087 GC:2    GU:1    +
  118   157  0   0.3%   0.877 GC:2    GU:1    +
   16   105  0   1.2%   0.497 CG:3    +
   42   108  0   0.2%   0.235 GU:1    AU:2    +
  144   159  0   0.2%   0.089 CG:1    AU:2    +
  121   157  0   0.2%   1.081 GC:2    GU:1    +
    8   119  0   0.2%   1.400 AU:1    UA:2    +
   14   103  0   0.2%   0.439 GU:1    AU:2    +
   44   116  0   0.2%   0.998 CG:2    UG:1    +
   38    43  0   1.2%   0.195 AU:3    +
   56   118  0   0.2%   1.190 CG:2    UG:1    +
   29    51  0   0.2%   0.043 CG:1    UG:2    +
  109   114  0   1.2%   0.990 UA:3    +
  123   157  0   0.2%   0.844 GC:2    GU:1    +
   23   112  0   0.2%   0.683 GU:1    AU:2    +
    5   104  0   0.2%   0.404 GU:1    UA:2    +
  123   138  0   0.1%   0.530 GC:1    GU:2    +
   26   109  0   0.1%   0.628 GU:1    AU:2    +
  146   158  0   0.1%   0.841 GC:1    UA:2    +
    5   119  0   0.1%   0.898 GU:1    UA:2    +
  145   159  0   0.1%   0.599 GU:2    UG:1    +
   52   100  0   1.1%   0.741 CG:3    +
   48   100  0   0.1%   0.305 CG:2    UG:1    +
  138   147  0   0.1%   0.438 CG:1    UA:2    +
   14   125  0   0.1%   0.158 GC:1    AU:2    +
   96   105  0   0.1%   0.907 CG:2    UG:1    +
   33   103  0   0.1%   0.837 GU:1    AU:2    +
    8   104  0   0.1%   0.289 AU:1    UA:2    +
  120   152  0   0.1%   0.898 GC:1    GU:2    +
   18    99  0   0.1%   0.050 CG:2    UG:1    +
   69    86  0   0.1%   0.266 UG:2    UA:1    +
  102   108  0   0.1%   0.360 GU:1    AU:2    +
   36   125  0   0.1%   0.691 GC:1    GU:2    +
  100   111  0   1.1%   0.742 GC:3    +
   59    99  0   0.1%   0.866 CG:1    UG:2    +
   29   116  0   0.1%   0.983 CG:1    UG:2    +
    2    23  0   0.1%   0.020 UG:1    UA:2    +
   34   102  0   0.1%   0.058 UG:1    UA:2    +
   64    89  0   0.1%   0.114 GU:1    AU:2    +
   96   116  0   0.1%   1.621 CG:2    UG:1    +
   64   113  0   0.1%   0.285 GU:1    AU:2    +
   23    60  0   0.1%   0.899 GU:1    AU:2    +
  111   116  0   1.1%   1.794 CG:3    +
   59    92  1   1.6%   0.425 UA:2    +
   91   100  0   1.1%   0.570 CG:3    +
  102   110  0   0.1%   0.368 GU:1    AU:2    +
    5   144  0   0.1%   0.702 GC:1    UA:2    +
   48   121  0   0.1%   0.873 CG:2    UG:1    +
   29   118  0   0.1%   0.496 CG:1    UG:2    +
   56    86  0   0.1%   0.185 CG:2    UA:1    +
   55    87  0   0.1%   0.231 GC:1    GU:2    +
   50   119  0   0.0%   0.924 GU:1    UA:2    +
  153   159  0   0.0%   0.592 CG:1    AU:2    +
   42   109  0   0.0%   0.233 GU:1    AU:2    +
   14   110  0   0.0%   0.192 GU:1    AU:2    +
   48    54  0   0.0%   0.190 CG:2    UG:1    +
  122   147  0   0.0%   0.585 UG:1    UA:2    +
   26   125  0   0.0%   0.543 GC:1    AU:2    +
   36    59  0   0.0%   0.451 GC:1    GU:2    +
  117   159  0   0.0%   0.851 CG:1    AU:2    +
  125   156  0   0.0%   0.696 CG:1    UA:2    +
   14   112  0   0.0%   0.145 GU:1    AU:2    +
   29    33  0   0.0%   0.008 CG:1    UA:2    +
  102   125  0   0.0%   0.517 GC:1    AU:2    +
   50   104  0   0.0%   0.473 GU:1    UA:2    +
   66    87  0   0.0%   0.080 GC:1    GU:2    +
   42   125  0   0.0%   0.457 GC:1    AU:2    +
   44   123  0   0.0%   0.945 CG:2    UG:1    +
   62   100  0   0.0%   0.588 CG:2    UG:1    +
   60   102  0   0.0%   0.463 UG:1    UA:2    +
   54    62  0   0.0%   0.383 GC:2    GU:1    +
  152   156  0   0.0%   0.713 CG:1    UA:2    +
   80   104  0   0.0%   0.342 AU:1    UA:2    +
   26   122  0   0.0%   0.564 GU:1    AU:2    +
    3   147  0   0.0%   0.549 UG:1    UA:2    +
   90   101  0   1.0%   0.715 AU:3    +
   14    20  0   0.0%   0.024 GU:1    AU:2    +
  100   154  0   0.0%   0.525 GC:2    GU:1    +
    5   158  0   0.0%   0.699 GC:1    UA:2    +
  131   156  0   0.0%   0.074 UG:1    UA:2    +
   29   120  0   0.0%   0.558 CG:1    UG:2    +
  102   152  0   0.0%   0.215 GC:1    AU:2    +
   68    95  0   0.0%   0.407 UG:1    UA:2    +
   99   155  0   0.0%   0.681 GC:2    GU:1    +
   51   157  0   0.0%   0.467 GC:2    GU:1    +
   64    87  0   0.0%   0.087 GC:1    AU:2    +
   48    55  0   0.0%   0.221 CG:2    UG:1    +
   50   158  0   0.0%   0.275 GC:1    UA:2    +
   24    44  0   0.0%   0.451 GC:2    GU:1    +
   89    95  0   0.0%   0.481 UG:1    UA:2    +
  132   154  0   0.0%   0.241 GC:2    GU:1    +
   51    62  0   0.0%   0.455 GC:2    GU:1    +
   59   105  0   0.0%   0.794 CG:1    UG:2    +
   36   155  0   0.0%   0.389 GC:2    GU:1    +
   11   119  0   0.0%   0.549 AU:1    UA:2    +
  118   154  0   0.0%   0.832 GC:2    GU:1    +
   64   110  0   0.0%   0.244 GU:1    AU:2    +
   89    98  0   1.0%   0.817 UA:3    +
  132   155  0   0.0%   0.270 GC:2    GU:1    +
   18    66  0   0.0%   0.006 CG:2    UG:1    +
   20    64  0   0.0%   0.135 UG:1    UA:2    +
   29   156  0   0.0%   0.352 CG:1    UA:2    +
   66    96  0   0.0%   0.492 GC:2    GU:1    +
   14   113  0   0.0%   0.147 GU:1    AU:2    +
   55    59  0   0.0%   0.413 GC:1    GU:2    +
   60    95  0   0.0%   0.647 UG:1    UA:2    +
    2   156  0   0.0%   0.491 UG:1    UA:2    +
   49    64  0   0.0%   0.287 UG:1    UA:2    +
  116   157  0   0.0%   1.275 GC:2    GU:1    +
    9    14  0   0.0%   0.004 UG:1    UA:2    +
   23    29  0   0.0%   0.448 GC:1    AU:2    +
   29   132  0   0.0%   0.368 CG:1    UG:2    +
   23    30  0   0.0%   0.449 GU:1    AU:2    +
  132   138  0   0.0%   0.033 GC:1    GU:2    +
   26   135  0   0.0%   0.547 GU:1    AU:2    +
   86   103  0   0.0%   0.603 GU:2    AU:1    +
   36   157  0   0.0%   0.388 GC:2    GU:1    +
   87   102  0   0.0%   0.249 CG:1    UA:2    +
   24    29  0   0.0%   0.449 GC:1    GU:2    +
    3   156  0   0.0%   0.548 UG:1    UA:2    +
   96   118  0   0.0%   1.084 CG:2    UG:1    +
   14    69  0   0.0%   0.007 GU:1    AU:2    +
    3    26  0   0.0%   0.348 UG:1    UA:2    +
    2   147  0   0.0%   0.488 UG:1    UA:2    +
   62    66  0   0.0%   0.262 CG:2    UG:1    +
  132   157  0   0.0%   0.115 GC:2    GU:1    +
   26   131  0   0.0%   0.529 GU:1    AU:2    +
   59    66  0   0.0%   0.285 CG:1    UG:2    +
  133   156  0   0.0%   0.106 UG:1    UA:2    +
   14    68  0   0.0%   0.006 GU:1    AU:2    +
  118   152  0   0.0%   0.830 GC:1    GU:2    +
   20    33  0   0.0%   0.022 UG:1    UA:2    +
   44    54  0   0.0%   0.226 CG:2    UG:1    +
  116   155  0   0.0%   1.275 GC:2    GU:1    +
  123   154  0   0.0%   0.924 GC:2    GU:1    +
  130   159  0   0.0%   0.045 GU:2    UG:1    +
   23    45  0   0.0%   0.449 GU:1    AU:2    +
   32   147  0   0.0%   0.502 UG:1    UA:2    +
   29    42  0   0.0%   0.011 CG:1    UA:2    +
  125   132  0   0.0%   0.334 CG:1    UG:2    +
   33   112  0   0.0%   0.396 GU:1    AU:2    +
   96   100  0   0.0%   0.835 CG:2    UG:1    +
   56   105  0   0.0%   0.972 CG:2    UG:1    +
   70    87  0   0.0%   0.499 GC:1    GU:2    +
   64    69  0   0.0%   0.153 GU:1    AU:2    +
   36    48  0   0.0%   0.225 GC:2    GU:1    +
   32   156  0   0.0%   0.503 UG:1    UA:2    +
    9   102  0   0.0%   0.264 UG:1    UA:2    +
   48    66  0   0.0%   0.050 CG:2    UG:1    +
  121   152  0   0.0%   0.868 GC:1    GU:2    +
   95   101  0   0.0%   0.894 GU:1    AU:2    +
  102   112  0   0.0%   0.287 GU:1    AU:2    +
   82    96  0   0.0%   0.368 GC:2    GU:1    +
   77    95  0   0.0%   0.318 UG:1    UA:2    +
   77   102  0   0.0%   0.122 UG:1    UA:2    +
  119   159  0   0.0%   0.802 UG:1    AU:2    +
  100   157  0   0.0%   0.525 GC:2    GU:1    +
  101   156  0   0.0%   0.616 UG:1    UA:2    +
   26   101  0   0.0%   0.888 GU:1    AU:2    +
  145   160  0   0.0%   0.567 GU:2    UA:1    +
   26    31  0   0.0%   0.342 GU:1    AU:2    +
    6    26  0   0.0%   0.770 UG:1    UA:2    +
  118   155  0   0.0%   0.833 GC:2    GU:1    +
  120   125  0   0.0%   1.157 GC:1    GU:2    +
   18   105  0   0.0%   0.508 CG:2    UG:1    +
   33    53  0   0.0%   0.373 GU:1    AU:2    +
   26    68  0   0.0%   0.516 GU:1    AU:2    +
   56    70  0   0.0%   0.211 CG:2    UG:1    +
  113   147  0   0.0%   0.318 UG:1    UA:2    +
  121   155  0   0.0%   1.191 GC:2    GU:1    +
   64    97  0   0.0%   0.689 GU:1    AU:2    +
   20    95  0   0.0%   0.148 UG:1    UA:2    +
   56   100  0   0.0%   0.823 CG:2    UG:1    +
   64   109  0   0.0%   0.263 GU:1    AU:2    +
  105   125  0   0.0%   1.089 GC:1    GU:2    +
    5   153  0   0.0%   0.694 GC:1    UA:2    +
  116   154  0   0.0%   1.272 GC:2    GU:1    +
   42    49  0   0.0%   0.249 GU:1    AU:2    +
  121   137  0   0.0%   0.816 GC:1    GU:2    +
   57    95  0   0.0%   0.822 UG:1    UA:2    +
   59    70  0   0.0%   0.256 CG:1    UG:2    +
  120   154  0   0.0%   0.879 GC:2    GU:1    +
   18   118  0   0.0%   0.498 CG:2    UG:1    +
   56    99  0   0.0%   1.033 CG:2    UG:1    +
  120   138  0   0.0%   0.846 GC:1    GU:2    +
   62    86  0   0.0%   0.237 CG:2    UA:1    +
   55    62  0   0.0%   0.410 GC:2    GU:1    +
  120   157  0   0.0%   1.060 GC:2    GU:1    +
   29    36  0   0.0%   0.031 CG:1    UG:2    +
   24    59  0   0.0%   0.812 GC:1    GU:2    +
    9    64  0   0.0%   0.256 UG:1    UA:2    +
   70   155  0   0.0%   0.446 GC:2    GU:1    +
   32    64  0   0.0%   0.157 UG:1    UA:2    +
   42   110  0   0.0%   0.206 GU:1    AU:2    +
   36    62  0   0.0%   0.445 GC:2    GU:1    +
   26    69  0   0.0%   0.525 GU:1    AU:2    +
   33   152  0   0.0%   0.697 GC:1    AU:2    +
   29    55  0   0.0%   0.306 CG:1    UG:2    +
   26    30  0   0.0%   0.342 GU:1    AU:2    +
   48    70  0   0.0%   0.040 CG:2    UG:1    +
   64   112  0   0.0%   0.129 GU:1    AU:2    +
   23    97  0   0.0%   0.931 GU:1    AU:2    +
   56    71  0   0.0%   0.175 CG:2    UG:1    +
   45   102  0   0.0%   0.232 UG:1    UA:2    +
   24    96  0   0.0%   0.679 GC:2    GU:1    +
  130   146  0   0.0%   0.371 GU:2    UG:1    +
   29    64  0   0.0%   0.131 CG:1    UA:2    +
  135   147  0   0.0%   0.348 UG:1    UA:2    +
   69   156  0   0.0%   0.205 UG:1    UA:2    +
   51   155  0   0.0%   0.465 GC:2    GU:1    +
   70   157  0   0.0%   0.446 GC:2    GU:1    +
   34    64  0   0.0%   0.074 UG:1    UA:2    +
   33    60  0   0.0%   0.583 GU:1    AU:2    +
   29   147  0   0.0%   0.350 CG:1    UA:2    +
  119   160  0   0.0%   0.800 AU:2    UA:1    +
   95   113  0   0.0%   0.528 GU:1    AU:2    +
   86   108  0   0.0%   0.302 GU:2    AU:1    +
   42   103  0   0.0%   0.495 GU:1    AU:2    +
   54    59  0   0.0%   0.380 GC:1    GU:2    +
   36   152  0   0.0%   0.386 GC:1    GU:2    +
   44    55  0   0.0%   0.261 CG:2    UG:1    +
   57    64  0   0.0%   0.240 UG:1    UA:2    +
   43   102  0   0.0%   0.165 UG:1    UA:2    +
   44    66  0   0.0%   0.092 CG:2    UG:1    +
   95   112  0   0.0%   0.389 GU:1    AU:2    +
   48   120  0   0.0%   0.885 CG:2    UG:1    +
   95   108  0   0.0%   0.515 GU:1    AU:2    +
   57   102  0   0.0%   0.631 UG:1    UA:2    +
    5   145  0   0.0%   0.699 GU:1    UG:2    +
   53   102  0   0.0%   0.519 UG:1    UA:2    +
   72   102  0   0.0%   0.136 UG:1    UA:2    +
    6   156  0   0.0%   1.016 UG:1    UA:2    +
   54   155  0   0.0%   0.514 GC:2    GU:1    +
   51    56  0   0.0%   0.434 GC:2    GU:1    +
   42    68  0   0.0%   0.041 GU:1    AU:2    +
   23   109  0   0.0%   0.727 GU:1    AU:2    +
  143   147  0   0.0%   0.452 UG:1    UA:2    +
   87   105  0   0.0%   0.619 CG:1    UG:2    +
   50   117  0   0.0%   0.956 GC:1    UA:2    +
   55   154  0   0.0%   0.538 GC:2    GU:1    +
   53   156  0   0.0%   0.424 UG:1    UA:2    +
   21    59  0   0.0%   0.455 GC:1    GU:2    +
    3    14  0   0.0%   0.001 UG:1    UA:2    +
  117   146  0   0.0%   0.842 CG:1    AU:2    +
   26   152  0   0.0%   0.546 GC:1    AU:2    +
  121   125  0   0.0%   1.127 GC:1    GU:2    +
   33   101  0   0.0%   0.738 GU:1    AU:2    +
   48    99  0   0.0%   0.241 CG:2    UG:1    +
   26    32  0   0.0%   0.342 GU:1    AU:2    +
   56    66  0   0.0%   0.218 CG:2    UG:1    +
   26    34  0   0.0%   0.340 GU:1    AU:2    +
   49    95  0   0.0%   0.251 UG:1    UA:2    +
    2    14  0   0.0%   0.001 UG:1    UA:2    +
   71   125  0   0.0%   0.633 GC:1    GU:2    +
   48   123  0   0.0%   0.634 CG:2    UG:1    +
   32   102  0   0.0%   0.123 UG:1    UA:2    +
   18    71  0   0.0%   0.001 CG:2    UG:1    +
   30   156  0   0.0%   0.443 UG:1    UA:2    +
   30    64  0   0.0%   0.038 UG:1    UA:2    +
   23    32  0   0.0%   0.448 GU:1    AU:2    +
   34    42  0   0.0%   0.003 UG:1    UA:2    +
  102   138  0   0.0%   0.211 GC:1    AU:2    +
  132   152  0   0.0%   0.242 GC:1    GU:2    +
   26    87  0   0.0%   0.513 GC:1    AU:2    +
   23    31  0   0.0%   0.448 GU:1    AU:2    +
   97   102  0   0.0%   0.812 UG:1    UA:2    +
   50   153  0   0.0%   0.268 GC:1    UA:2    +
    6    14  0   0.0%   0.001 UG:1    UA:2    +
   51   152  0   0.0%   0.463 GC:1    GU:2    +
   51    87  0   0.0%   0.264 GC:1    GU:2    +
   95   109  0   0.0%   0.521 GU:1    AU:2    +
   48   118  0   0.0%   0.807 CG:2    UG:1    +
  130   151  0   0.0%   0.070 GC:2    UG:1    +
   33    43  0   0.0%   0.005 GU:1    AU:2    +
   18    70  0   0.0%   0.012 CG:2    UG:1    +
   26   110  0   0.0%   0.594 GU:1    AU:2    +
    6   102  0   0.0%   0.431 UG:1    UA:2    +
   31   147  0   0.0%   0.554 UG:1    UA:2    +
   56   120  0   0.0%   1.256 CG:2    UG:1    +
   29   102  0   0.0%   0.159 CG:1    UA:2    +
   31   156  0   0.0%   0.555 UG:1    UA:2    +
   87   156  0   0.0%   0.134 CG:1    UA:2    +
   96   120  0   0.0%   1.159 CG:2    UG:1    +
   86    97  0   0.0%   0.705 GU:2    AU:1    +
   51   125  0   0.0%   0.765 GC:1    GU:2    +
   18   116  0   0.0%   1.005 CG:2    UG:1    +
    6   147  0   0.0%   1.017 UG:1    UA:2    +
   71    87  0   0.0%   0.392 GC:1    GU:2    +
   47   146  0   0.0%   0.212 UG:1    AU:2    +
   70    96  0   0.0%   0.809 GC:2    GU:1    +
   44   100  0   0.0%   0.321 CG:2    UG:1    +
   86   109  0   0.0%   0.307 GU:2    AU:1    +
   54    96  0   0.0%   0.252 GC:2    GU:1    +
   36   154  0   0.0%   0.385 GC:2    GU:1    +
   78    95  0   0.0%   0.317 UG:1    UA:2    +
   21   155  0   0.0%   0.961 GC:2    GU:1    +
   34   156  0   0.0%   0.362 UG:1    UA:2    +
   64   108  0   0.0%   0.256 GU:1    AU:2    +
   50   144  0   0.0%   0.273 GC:1    UA:2    +
   62   116  0   0.0%   1.450 CG:2    UG:1    +
  100   155  0   0.0%   0.525 GC:2    GU:1    +
   41   145  0   0.0%   0.374 CG:2    AU:1    +
  100   125  0   0.0%   0.822 GC:1    GU:2    +
   26   112  0   0.0%   0.546 GU:1    AU:2    +
  137   147  0   0.0%   0.318 CG:1    UA:2    +
   42   101  0   0.0%   0.413 GU:1    AU:2    +
   33    45  0   0.0%   0.004 GU:1    AU:2    +
  105   155  0   0.0%   0.783 GC:2    GU:1    +
  130   150  0   0.0%   0.070 GC:2    UA:1    +
   20   156  0   0.0%   0.398 UG:1    UA:2    +
   14   152  0   0.0%   0.140 GC:1    AU:2    +
   59   116  0   0.0%   1.524 CG:1    UG:2    +
   44    99  0   0.0%   0.283 CG:2    UG:1    +
   23    89  0   0.0%   0.641 GU:1    AU:2    +
   29   100  0   0.0%   0.430 CG:1    UG:2    +
   36    56  0   0.0%   0.397 GC:2    GU:1    +
   14    30  0   0.0%   0.004 GU:1    AU:2    +
   44   121  0   0.0%   1.176 CG:2    UG:1    +
   23   113  0   0.0%   0.673 GU:1    AU:2    +
   51    96  0   0.0%   0.325 GC:2    GU:1    +
   35   104  0   0.0%   0.453 AU:1    UA:2    +
   18    51  0   0.0%   0.001 CG:2    UG:1    +
   33   108  0   0.0%   0.457 GU:1    AU:2    +
   21    44  0   0.0%   0.453 GC:2    GU:1    +
    8   145  0   0.0%   1.128 UG:2    AU:1    +
  134   143  0   0.0%   0.264 GU:2    AU:1    +
   30   147  0   0.0%   0.442 UG:1    UA:2    +
  116   152  0   0.0%   1.271 GC:1    GU:2    +
   33   122  0   0.0%   0.497 GU:1    AU:2    +
    9   156  0   0.0%   0.749 UG:1    UA:2    +
   87    99  0   0.0%   0.640 CG:1    UG:2    +
    2    33  0   0.0%   0.163 UG:1    UA:2    +
   95   103  0   0.0%   0.819 GU:1    AU:2    +
   53    64  0   0.0%   0.120 UG:1    UA:2    +
  131   147  0   0.0%   0.344 UG:1    UA:2    +
   29   105  0   0.0%   0.453 CG:1    UG:2    +
   62    99  0   0.0%   0.793 CG:2    UG:1    +
   70   125  0   0.0%   0.745 GC:1    GU:2    +
   93   130  0   0.0%   0.039 CG:2    GU:1    +
   21   157  0   0.0%   0.961 GC:2    GU:1    +
   32    42  0   0.0%   0.011 UG:1    UA:2    +
   23   137  0   0.0%   0.651 GC:1    AU:2    +
   64   101  0   0.0%   0.550 GU:1    AU:2    +
   42    69  0   0.0%   0.071 GU:1    AU:2    +
   26    43  0   0.0%   0.342 GU:1    AU:2    +
   32   114  0   1.0%   0.603 UA:3    +
  108   115  0   1.0%   1.022 UA:3    +
   31   115  0   0.9%   0.761 UA:3    +
   90    97  0   0.9%   0.776 AU:3    +
   99   112  0   0.9%   0.820 GU:3    +
   28    53  0   0.9%   0.180 AU:3    +
   98   113  0   0.9%   0.918 AU:3    +
   50   102  1   1.4%   0.323 UA:2    +
   27   123  0   0.9%   0.486 CG:3    +
   28   122  0   0.9%   0.289 AU:3    +
  123   149  1   0.8%   0.645 GC:1    GU:1    +
   97   114  0   0.8%   1.309 UA:3    +
   30   120  0   0.8%   0.603 UG:3    +
   63    69  0   0.8%   0.294 AU:3    +
   40    55  0   0.7%   0.288 CG:3    +
   17   122  0   0.7%   0.384 AU:3    +
   16   123  0   0.7%   0.323 CG:3    +
   19   120  0   0.7%   0.648 CG:3    +
    4   116  0   0.7%   0.343 CG:3    +
   45   104  1   1.2%   0.632 UA:2    +
   33    62  1   0.7%   0.588 GC:1    AU:1    +
   32    63  0   0.7%   0.298 UA:3    +
   30   116  0   0.7%   0.989 UG:3    +
   34    61  0   0.7%   0.107 UA:3    +
  133   141  0   0.7%   0.149 UA:3    +
   36   122  0   0.7%   0.522 GU:3    +
  132   142  0   0.6%   0.154 GC:3    +
    7   118  0   0.6%   1.135 CG:3    +
  103   114  0   0.6%   1.178 UA:3    +
   30    65  0   0.6%   0.141 UA:3    +
  109   118  0   0.6%   1.056 UG:3    +
    6   114  0   0.6%   0.550 UA:3    +
   13   110  0   0.6%   0.246 AU:3    +
   15   108  0   0.6%   0.291 AU:3    +
    3    28  0   0.6%   0.283 UA:3    +
  135   139  0   0.5%   0.123 UA:3    +
   13   109  0   0.5%   0.202 AU:3    +
    4   121  0   0.5%   0.786 CG:3    +
    4   123  0   0.5%   0.598 CG:3    +
   36    58  0   0.5%   0.477 GC:3    +
   88    99  1   1.0%   0.747 CG:2    +
    1   120  0   0.5%   0.113 CG:3    +
   27    54  0   0.5%   0.097 CG:3    +
   32   118  0   0.5%   0.567 UG:3    +
   12   110  0   0.5%   0.402 AU:3    +
   37    57  0   0.5%   0.484 AU:3    +
    3   124  0   0.5%   0.591 UA:3    +
  101   114  0   0.5%   1.203 UA:3    +
   27    70  0   0.4%   0.304 CG:3    +
  110   117  1   0.9%   1.266 UA:2    +
   38    45  0   0.4%   0.341 AU:3    +
   60    92  0   0.4%   0.435 UA:3    +
   60    90  0   0.4%   0.347 UA:3    +
   28    69  0   0.4%   0.172 AU:3    +
   34   115  0   0.4%   0.611 UA:3    +
   58    66  0   0.4%   0.307 CG:3    +
   30    51  0   0.4%   0.086 UG:3    +
   13   108  0   0.4%   0.139 AU:3    +
   28   131  0   0.4%   0.228 AU:3    +
    2   118  0   0.4%   0.273 UG:3    +
   86    96  1   0.4%   0.495 GC:1    GU:1    +
   27   132  0   0.4%   0.363 CG:3    +
   12   109  0   0.3%   0.365 AU:3    +
    1   123  0   0.3%   0.352 CG:3    +
   16    99  0   0.3%   0.080 CG:3    +
    1   116  0   0.3%   0.062 CG:3    +
   43   107  0   0.3%   0.669 UA:3    +
    2   115  0   0.3%   0.235 UA:3    +
   51   111  0   0.3%   0.487 GC:3    +
    3   114  0   0.3%   0.294 UA:3    +
   27    36  0   0.3%   0.061 CG:3    +
    7   120  0   0.3%   1.181 CG:3    +
  109   115  0   0.3%   1.033 UA:3    +
   57    67  0   0.3%   0.251 UA:3    +
   37    43  0   0.3%   0.070 AU:3    +
   60    94  0   0.3%   0.663 UA:3    +
  122   148  0   0.3%   0.624 UA:3    +
   10   116  0   0.2%   1.298 CG:3    +
  101   115  0   0.2%   1.299 UA:3    +
   41    54  1   0.7%   0.253 CG:2    +
    6   121  0   0.2%   1.304 UG:3    +
   36   113  0   0.2%   0.441 GU:3    +
  110   114  0   0.2%   1.127 UA:3    +
   30   129  0   0.2%   0.558 UA:3    +
   53    99  0   0.2%   0.968 UG:3    +
   37   112  0   0.2%   0.401 AU:3    +
   61    89  0   0.2%   0.078 AU:3    +
   12    20  0   0.2%   0.041 AU:3    +
  149   158  1   0.2%   0.133 GC:1    UA:1    +
    5   115  1   0.7%   0.509 UA:2    +
  122   127  0   0.2%   0.870 UA:3    +
   58   116  0   0.2%   1.464 CG:3    +
  105   112  0   0.2%   1.116 GU:3    +
  149   153  1   0.2%   0.619 GC:1    UA:1    +
    4   105  0   0.2%   0.240 CG:3    +
    4   120  0   0.2%   0.740 CG:3    +
   60   114  0   0.2%   0.891 UA:3    +
   19    66  0   0.2%   0.038 CG:3    +
    3   106  0   0.2%   0.267 UA:3    +
  121   149  1   0.2%   0.860 GC:1    GU:1    +
  145   155  1   0.2%   0.671 GC:1    GU:1    +
   31   128  0   0.2%   0.839 UA:3    +
  101   107  0   0.2%   1.010 UA:3    +
   85    97  0   0.2%   0.749 AU:3    +
  122   128  0   0.2%   0.859 UA:3    +
  100   108  0   0.2%   0.656 GU:3    +
  134   140  1   0.7%   0.219 GC:2    +
    4    36  0   0.2%   0.225 CG:3    +
   24   111  0   0.2%   0.652 GC:3    +
   25   110  0   0.2%   0.694 AU:3    +
    3    37  0   0.2%   0.253 UA:3    +
   10   118  0   0.2%   0.797 CG:3    +
   16    70  0   0.2%   0.038 CG:3    +
   27   118  0   0.2%   0.559 CG:3    +
   61   113  0   0.1%   0.265 AU:3    +
  122   139  0   0.1%   0.590 UA:3    +
   30   106  0   0.1%   0.370 UA:3    +
    7   123  0   0.1%   0.945 CG:3    +
  121   140  0   0.1%   0.844 GC:3    +
   31   105  0   0.1%   0.486 UG:3    +
   17    69  0   0.1%   0.039 AU:3    +
   12   113  0   0.1%   0.381 AU:3    +
    1   118  0   0.1%   0.053 CG:3    +
  126   135  0   0.1%   0.328 AU:3    +
  108   114  0   0.1%   0.840 UA:3    +
    6   124  0   0.1%   1.061 UA:3    +
   28   108  0   0.1%   0.221 AU:3    +
   91    99  0   0.1%   0.654 CG:3    +
  107   113  0   0.1%   0.771 AU:3    +
    2    38  0   0.1%   0.190 UA:3    +
  128   143  0   0.1%   0.329 AU:3    +
    3   117  1   0.6%   0.363 UA:2    +
   99   111  0   0.1%   0.764 GC:3    +
    3   121  0   0.1%   0.758 UG:3    +
   20    65  0   0.1%   0.158 UA:3    +
   45   115  0   0.1%   0.917 UA:3    +
    7   105  0   0.1%   0.477 CG:3    +
   98   103  0   0.1%   1.088 AU:3    +
  100   110  0   0.1%   0.652 GU:3    +
  106   113  0   0.1%   0.991 AU:3    +
   31   119  1   0.6%   0.638 UA:2    +
    2   107  0   0.1%   0.196 UA:3    +
    7   121  0   0.1%   1.161 CG:3    +
   66   111  0   0.1%   0.261 GC:3    +
   65   112  0   0.1%   0.246 AU:3    +
   22   113  0   0.1%   0.738 AU:3    +
  107   112  0   0.1%   0.802 AU:3    +
  106   112  0   0.1%   1.025 AU:3    +
   52   121  0   0.1%   1.108 CG:3    +
   98   112  0   0.1%   0.665 AU:3    +
   13   101  0   0.1%   0.030 AU:3    +
   53   120  0   0.1%   1.185 UG:3    +
   46    51  0   0.1%   0.446 CG:3    +
   51   122  0   0.1%   0.935 GU:3    +
  105   113  0   0.1%   1.075 GU:3    +
   30   115  0   0.1%   0.543 UA:3    +
   10    99  0   0.1%   0.275 CG:3    +
   13   112  0   0.1%   0.181 AU:3    +
   67   110  0   0.1%   0.256 AU:3    +
  111   120  0   0.1%   1.439 CG:3    +
   58   100  0   0.1%   0.581 CG:3    +
   60    98  0   0.1%   0.884 UA:3    +
    6   106  0   0.1%   0.463 UA:3    +
  103   107  0   0.1%   0.941 UA:3    +
   31   114  0   0.1%   0.520 UA:3    +
   32   127  0   0.1%   0.795 UA:3    +
   66    91  0   0.1%   0.148 GC:3    +
   61    97  0   0.1%   0.667 AU:3    +
    9   107  0   0.1%   0.914 UA:3    +
   21    91  0   0.1%   0.632 GC:3    +
   12    97  0   0.1%   0.034 AU:3    +
    9   100  0   0.1%   0.276 UG:3    +
    4    21  0   0.1%   0.019 CG:3    +
    3    22  0   0.1%   0.020 UA:3    +
    1    24  0   0.1%   0.019 CG:3    +
    9   118  0   0.1%   1.017 UG:3    +
   34   127  0   0.1%   0.659 UA:3    +
   32   115  0   0.1%   0.688 UA:3    +
   52   105  0   0.1%   0.848 CG:3    +
   92   101  0   0.1%   0.665 AU:3    +
  110   115  0   0.1%   1.180 UA:3    +
    6   119  1   0.6%   1.278 UA:2    +
   31   116  0   0.1%   1.076 UG:3    +
    3   127  0   0.1%   0.555 UA:3    +
  113   118  0   0.1%   1.142 UG:3    +
  120   142  0   0.1%   0.862 GC:3    +
    2   128  0   0.1%   0.496 UA:3    +
   34   116  0   0.1%   0.925 UG:3    +
   54   103  0   0.1%   0.981 GU:3    +
    9   116  0   0.1%   1.503 UG:3    +
    2   123  0   0.1%   0.504 UG:3    +
   40   123  0   0.1%   0.703 CG:3    +
   31    37  0   0.1%   0.033 UA:3    +
  103   126  0   0.1%   0.838 UA:3    +
   30    38  0   0.1%   0.030 UA:3    +
   16    21  0   0.1%   0.461 CG:3    +
   31    38  0   0.1%   0.039 UA:3    +
   46   123  0   0.1%   1.111 CG:3    +
   19   116  0   0.1%   1.018 CG:3    +
   32    37  0   0.1%   0.036 UA:3    +
   20   115  0   0.1%   0.815 UA:3    +
  110   121  0   0.1%   1.391 UG:3    +
  126   143  0   0.1%   0.327 AU:3    +
   32    36  0   0.1%   0.044 UG:3    +
   68   107  0   0.1%   0.517 UA:3    +
   20    92  0   0.1%   0.153 UA:3    +
   38   122  0   0.1%   0.305 AU:3    +
  144   149  1   0.1%   0.079 CG:1    AU:1    +
   69   106  0   0.1%   0.644 UA:3    +
    2   124  0   0.1%   0.486 UA:3    +
   13    20  0   0.1%   0.027 AU:3    +
   49   120  0   0.1%   1.189 UG:3    +
   45   124  0   0.1%   1.042 UA:3    +
   67   108  0   0.1%   0.254 AU:3    +
    3   123  0   0.1%   0.543 UG:3    +
   38    57  0   0.0%   0.306 AU:3    +
   62    95  1   0.0%   0.555 CG:1    UA:1    +
   54   111  0   0.0%   0.622 GC:3    +
   66   109  0   0.0%   0.314 GU:3    +
    6   115  0   0.0%   0.534 UA:3    +
   30    39  0   0.0%   0.024 UA:3    +
   58   105  0   0.0%   0.723 CG:3    +
   63    89  0   0.0%   0.208 AU:3    +
   57   106  0   0.0%   0.958 UA:3    +
   49   124  0   0.0%   0.767 UA:3    +
   59    95  1   0.0%   0.609 UG:1    UA:1    +
   70    91  0   0.0%   0.465 GC:3    +
   97   115  0   0.0%   1.379 UA:3    +
   13   113  0   0.0%   0.184 AU:3    +
   31   118  0   0.0%   0.538 UG:3    +
  103   115  0   0.0%   1.215 UA:3    +
   55   110  0   0.0%   0.694 GU:3    +
   51    91  0   0.0%   0.280 GC:3    +
   30    37  0   0.0%   0.022 UA:3    +
   15   109  0   0.0%   0.276 AU:3    +
  147   154  1   0.0%   1.210 GC:1    AU:1    +
   31    36  0   0.0%   0.038 UG:3    +
   69    92  0   0.0%   0.294 UA:3    +
   90   103  0   0.0%   0.606 AU:3    +
    6   118  0   0.0%   1.198 UG:3    +
   27   120  0   0.0%   0.621 CG:3    +
   65   110  0   0.0%   0.342 AU:3    +
   46    54  0   0.0%   0.364 CG:3    +
   61   103  0   0.0%   0.539 AU:3    +
   62   102  1   0.0%   0.364 CG:1    UA:1    +
    2    28  0   0.0%   0.168 UA:3    +
   30    54  0   0.0%   0.177 UG:3    +
  111   121  0   0.0%   1.410 CG:3    +
  112   120  0   0.0%   1.292 UG:3    +
  108   124  0   0.0%   0.681 UA:3    +
   57    85  0   0.0%   0.226 UA:3    +
   20    94  0   0.0%   0.152 UA:3    +
   20    61  0   0.0%   0.029 UA:3    +
  109   123  0   0.0%   0.891 UG:3    +
   22    97  0   0.0%   0.993 AU:3    +
   89    94  0   0.0%   0.462 UA:3    +
   51   103  0   0.0%   0.814 GU:3    +
   16    66  0   0.0%   0.013 CG:3    +
   12   112  0   0.0%   0.357 AU:3    +
   49   114  0   0.0%   0.724 UA:3    +
  109   116  0   0.0%   1.500 UG:3    +
   55    68  0   0.0%   0.227 GU:3    +
   37   122  0   0.0%   0.470 AU:3    +
   63   101  0   0.0%   0.655 AU:3    +
  108   116  0   0.0%   1.471 UG:3    +
   21    60  0   0.0%   0.461 GU:3    +
   54    69  0   0.0%   0.227 GU:3    +
   27   121  0   0.0%   0.594 CG:3    +
  103   124  0   0.0%   0.862 UA:3    +
   43   124  0   0.0%   0.875 UA:3    +
  122   129  0   0.0%   0.670 UA:3    +
   39   110  0   0.0%   0.320 AU:3    +
   28    34  0   0.0%   0.038 AU:3    +
   92    97  0   0.0%   0.763 AU:3    +
   61   101  0   0.0%   0.524 AU:3    +
   40   120  0   0.0%   0.446 CG:3    +
  101   126  0   0.0%   0.901 UA:3    +
   40    54  0   0.0%   0.146 CG:3    +
  100   113  0   0.0%   0.755 GU:3    +
   99   109  0   0.0%   0.807 GU:3    +
   30   127  0   0.0%   0.178 UA:3    +
   67    89  0   0.0%   0.211 AU:3    +
   53    70  0   0.0%   0.125 UG:3    +
   79   105  0   0.0%   0.495 CG:3    +
   78   106  0   0.0%   0.446 UA:3    +
   19   105  0   0.0%   0.512 CG:3    +
   56   102  1   0.0%   0.604 CG:1    UA:1    +
   69    94  0   0.0%   0.513 UA:3    +
   53    63  0   0.0%   0.230 UA:3    +
   77   107  0   0.0%   0.425 UA:3    +
  101   106  0   0.0%   1.003 UA:3    +
   81   103  0   0.0%   0.482 GU:3    +
  127   143  0   0.0%   0.326 AU:3    +
   66    89  0   0.0%   0.255 GU:3    +
  100   109  0   0.0%   0.647 GU:3    +
   34   114  0   0.0%   0.429 UA:3    +
   36    40  0   0.0%   0.039 GC:3    +
    9    17  0   0.0%   0.007 UA:3    +
    2   148  0   0.0%   0.492 UA:3    +
   43   118  0   0.0%   0.582 UG:3    +
    3   118  0   0.0%   0.327 UG:3    +
   52    71  0   0.0%   0.006 CG:3    +
  122   141  0   0.0%   0.575 UA:3    +
  123   140  0   0.0%   0.524 GC:3    +
   83   101  0   0.0%   0.482 AU:3    +
   76   108  0   0.0%   0.187 AU:3    +
  121   142  0   0.0%   0.835 GC:3    +
   84   100  0   0.0%   1.041 CG:3    +
   49   100  0   0.0%   0.538 UG:3    +
   28    68  0   0.0%   0.101 AU:3    +
   38   110  0   0.0%   0.326 AU:3    +
    9   115  0   0.0%   1.145 UA:3    +
   38   112  0   0.0%   0.217 AU:3    +
   32   116  0   0.0%   1.028 UG:3    +
   39   109  0   0.0%   0.339 AU:3    +
   49   105  0   0.0%   0.794 UG:3    +
   37   113  0   0.0%   0.436 AU:3    +
   49    54  0   0.0%   0.435 UG:3    +
   27    51  0   0.0%   0.021 CG:3    +
   51    72  0   0.0%   0.266 GU:3    +
   98   110  0   0.0%   0.761 AU:3    +
   21    46  0   0.0%   0.457 GC:3    +
  120   143  0   0.0%   0.859 GU:3    +
   25    43  0   0.0%   0.433 AU:3    +
   55   103  0   0.0%   1.004 GU:3    +
    5   120  1   0.5%   1.010 UG:2    +
   54    60  0   0.0%   0.443 GU:3    +
   10   120  0   0.0%   0.826 CG:3    +
   51   112  0   0.0%   0.408 GU:3    +
   53    61  0   0.0%   0.120 UA:3    +
  105   110  0   0.0%   0.688 GU:3    +
  126   133  0   0.0%   0.318 AU:3    +
  124   135  0   0.0%   0.336 AU:3    +
   31   126  0   0.0%   0.270 UA:3    +
    2   127  0   0.0%   0.482 UA:3    +
  111   123  0   0.0%   1.095 CG:3    +
   20   119  1   0.5%   0.731 UA:2    +
   45    55  0   0.0%   0.439 UG:3    +
  122   126  0   0.0%   0.834 UA:3    +
   21   103  0   0.0%   1.411 GU:3    +
    9   121  0   0.0%   1.041 UG:3    +
   60    65  0   0.0%   0.339 UA:3    +
   91   118  0   0.0%   0.764 CG:3    +
   34    51  0   0.0%   0.228 UG:3    +
  110   124  0   0.0%   0.908 UA:3    +
    3   126  0   0.0%   0.540 UA:3    +
   68    85  0   0.0%   0.036 UA:3    +
   55   111  0   0.0%   0.646 GC:3    +
  118   142  0   0.0%   0.828 GC:3    +
   34   128  0   0.0%   0.637 UA:3    +
   65   109  0   0.0%   0.356 AU:3    +
   52    70  0   0.0%   0.038 CG:3    +
   54   112  0   0.0%   0.553 GU:3    +
   55   108  0   0.0%   0.703 GU:3    +
    2   126  0   0.0%   0.481 UA:3    +
   22    45  0   0.0%   0.450 AU:3    +
   28   133  0   0.0%   0.207 AU:3    +
    3   116  0   0.0%   0.282 UG:3    +
   63   112  0   0.0%   0.233 AU:3    +
   54   109  0   0.0%   0.684 GU:3    +
   12   108  0   0.0%   0.307 AU:3    +
   65    97  0   0.0%   0.781 AU:3    +
   22    31  0   0.0%   0.450 AU:3    +
    9    13  0   0.0%   0.003 UA:3    +
   40   100  0   0.0%   0.314 CG:3    +
   39    45  0   0.0%   0.319 AU:3    +
   17   103  0   0.0%   0.724 AU:3    +
   21    32  0   0.0%   0.455 GU:3    +
   39   101  0   0.0%   0.473 AU:3    +
    6   107  0   0.0%   0.450 UA:3    +
   15    20  0   0.0%   0.023 AU:3    +
   22    30  0   0.0%   0.448 AU:3    +
   46   100  0   0.0%   0.456 CG:3    +
  131   139  0   0.0%   0.033 UA:3    +
   58    99  0   0.0%   0.772 CG:3    +
   39   112  0   0.0%   0.208 AU:3    +
   17    97  0   0.0%   0.028 AU:3    +
  128   133  0   0.0%   0.310 AU:3    +
   15   112  0   0.0%   0.202 AU:3    +
   38   113  0   0.0%   0.263 AU:3    +
   32    38  0   0.0%   0.032 UA:3    +
   15   110  0   0.0%   0.250 AU:3    +
   15    68  0   0.0%   0.006 AU:3    +
   31    54  0   0.0%   0.268 UG:3    +
  105   109  0   0.0%   0.714 GU:3    +
   39    57  0   0.0%   0.300 AU:3    +
   30   118  0   0.0%   0.424 UG:3    +
   49    99  0   0.0%   0.488 UG:3    +
   68    90  0   0.0%   0.117 UA:3    +
   16    51  0   0.0%   0.007 CG:3    +
   45   107  0   0.0%   0.780 UA:3    +
   31    39  0   0.0%   0.023 UA:3    +
   13    69  0   0.0%   0.008 AU:3    +
  112   116  0   0.0%   1.618 UG:3    +
   36    60  0   0.0%   0.510 GU:3    +
   85   101  0   0.0%   0.590 AU:3    +
   74    99  0   0.0%   0.560 CG:3    +
   75    98  0   0.0%   0.538 UA:3    +
   73   100  0   0.0%   0.351 CG:3    +
   85   103  0   0.0%   0.601 AU:3    +
   21    31  0   0.0%   0.454 GU:3    +
   76    97  0   0.0%   0.613 AU:3    +
  135   141  0   0.0%   0.089 UA:3    +
   10    24  0   0.0%   0.699 CG:3    +
  134   155  1   0.0%   0.333 GC:1    GU:1    +
   27   116  0   0.0%   1.042 CG:3    +
   52    66  0   0.0%   0.046 CG:3    +
  110   116  0   0.0%   1.647 UG:3    +
    9    25  0   0.0%   0.684 UA:3    +
   66   108  0   0.0%   0.297 GU:3    +
   73    81  0   0.0%   0.002 CG:3    +
   12   101  0   0.0%   0.023 AU:3    +
   53    65  0   0.0%   0.126 UA:3    +
   81    91  0   0.0%   0.023 GC:3    +
   59    64  1   0.0%   0.234 UG:1    UA:1    +
   57   100  0   0.0%   0.854 UG:3    +
   33   155  1   0.0%   0.698 GC:1    AU:1    +
   55    69  0   0.0%   0.255 GU:3    +
   10    66  0   0.0%   0.254 CG:3    +
  124   133  0   0.0%   0.350 AU:3    +
   28    43  0   0.0%   0.052 AU:3    +
   23    62  1   0.0%   0.797 GC:1    AU:1    +
   30    67  0   0.0%   0.071 UA:3    +
   49   107  0   0.0%   0.731 UA:3    +
   17    68  0   0.0%   0.012 AU:3    +
   31   148  0   0.0%   0.554 UA:3    +
   12    69  0   0.0%   0.015 AU:3    +
   13    68  0   0.0%   0.007 AU:3    +
  126   131  0   0.0%   0.319 AU:3    +
   61    69  0   0.0%   0.074 AU:3    +
    2    25  0   0.0%   0.008 UA:3    +
   21    27  0   0.0%   0.453 GC:3    +
   49    65  0   0.0%   0.292 UA:3    +
   92   122  0   0.0%   0.572 AU:3    +
   91   123  0   0.0%   0.579 CG:3    +
   70    89  0   0.0%   0.576 GU:3    +
  134   154  1   0.0%   0.304 GC:1    GU:1    +
    9    67  0   0.0%   0.257 UA:3    +
   63    68  0   0.0%   0.153 AU:3    +
   43    55  0   0.0%   0.371 UG:3    +
   31    66  0   0.0%   0.207 UG:3    +
   68   106  0   0.0%   0.526 UA:3    +
   79    99  0   0.0%   0.558 CG:3    +
   32   128  0   0.0%   0.776 UA:3    +
   76   103  0   0.0%   0.483 AU:3    +
    2   121  0   0.0%   0.704 UG:3    +
   81    97  0   0.0%   0.607 GU:3    +
   49   106  0   0.0%   0.747 UA:3    +
   69    90  0   0.0%   0.220 UA:3    +
   27   100  0   0.0%   0.518 CG:3    +
   75    81  0   0.0%   0.002 UG:3    +
   52   118  0   0.0%   1.028 CG:3    +
   16   116  0   0.0%   0.940 CG:3    +
   74   105  0   0.0%   0.492 CG:3    +
   36    45  0   0.0%   0.056 GU:3    +
   69   105  0   0.0%   0.686 UG:3    +
   25    32  0   0.0%   0.431 AU:3    +
   78    94  0   0.0%   0.317 UA:3    +
   51   110  0   0.0%   0.499 GU:3    +
   58    70  0   0.0%   0.259 CG:3    +
    9    15  0   0.0%   0.004 UA:3    +
  123   143  0   0.0%   0.519 GU:3    +
   42    56  1   0.0%   0.211 GC:1    AU:1    +
   78   100  0   0.0%   0.350 UG:3    +
   30    66  0   0.0%   0.113 UG:3    +
   40    51  0   0.0%   0.225 CG:3    +
   34   123  0   0.0%   0.218 UG:3    +
    3    12  0   0.0%   0.001 UA:3    +
   32    54  0   0.0%   0.226 UG:3    +
   20    28  0   0.0%   0.053 UA:3    +
   21   113  0   0.0%   0.976 GU:3    +
  102   155  1   0.0%   0.216 GC:1    AU:1    +
   10   123  0   0.0%   0.570 CG:3    +
   51   109  0   0.0%   0.523 GU:3    +
    9   124  0   0.0%   0.786 UA:3    +
   55    73  0   0.0%   0.220 GC:3    +
   54    74  0   0.0%   0.191 GC:3    +
  101   116  0   0.0%   1.823 UG:3    +
   37   109  0   0.0%   0.357 AU:3    +
    2    13  0   0.0%   0.001 UA:3    +
    6    13  0   0.0%   0.001 UA:3    +
   19   100  0   0.0%   0.485 CG:3    +
  124   143  0   0.0%   0.350 AU:3    +
   43   126  0   0.0%   0.844 UA:3    +
   40   105  0   0.0%   0.346 CG:3    +
    3   120  0   0.0%   0.756 UG:3    +
  100   112  0   0.0%   0.620 GU:3    +
   60    70  0   0.0%   0.314 UG:3    +
   71   108  0   0.0%   0.506 GU:3    +
   36   110  0   0.0%   0.327 GU:3    +
   31    65  0   0.0%   0.204 UA:3    +
   72   107  0   0.0%   0.435 UA:3    +
   52   120  0   0.0%   1.110 CG:3    +
   74    82  0   0.0%   0.002 CG:3    +
    1   105  0   0.0%   0.007 CG:3    +
   15   113  0   0.0%   0.203 AU:3    +
   57   107  0   0.0%   0.934 UA:3    +
  101   105  0   0.0%   1.059 UG:3    +
   34   126  0   0.0%   0.632 UA:3    +
   20   114  0   0.0%   0.692 UA:3    +
   32    65  0   0.0%   0.163 UA:3    +
   70   109  0   0.0%   0.625 GU:3    +
   25    69  0   0.0%   0.615 AU:3    +
  101   128  0   0.0%   0.888 UA:3    +
   10    70  0   0.0%   0.254 CG:3    +
   91   121  0   0.0%   0.816 CG:3    +
   38   108  0   0.0%   0.187 AU:3    +
   37    60  0   0.0%   0.517 AU:3    +
  109   127  0   0.0%   0.688 UA:3    +
   90   122  0   0.0%   0.588 AU:3    +
  143   148  0   0.0%   0.170 UA:3    +
   40   118  0   0.0%   0.369 CG:3    +
   36    52  0   0.0%   0.225 GC:3    +
   19    70  0   0.0%   0.023 CG:3    +
   91   105  0   0.0%   0.576 CG:3    +
   57    92  0   0.0%   0.228 UA:3    +
   26   155  1   0.0%   0.547 GC:1    AU:1    +
   84    99  0   0.0%   1.246 CG:3    +
   91   116  0   0.0%   1.290 CG:3    +
   46   121  0   0.0%   1.333 CG:3    +
   30   114  0   0.0%   0.407 UA:3    +
   27    66  0   0.0%   0.237 CG:3    +
   63   110  0   0.0%   0.344 AU:3    +
   32    39  0   0.0%   0.019 UA:3    +
    3   128  0   0.0%   0.549 UA:3    +
  113   123  0   0.0%   0.815 UG:3    +
  112   148  0   0.0%   0.447 UA:3    +
   52   116  0   0.0%   1.556 CG:3    +
   32   129  0   0.0%   0.604 UA:3    +
   10   100  0   0.0%   0.268 CG:3    +
   55   109  0   0.0%   0.709 GU:3    +
    2   114  0   0.0%   0.181 UA:3    +
   20    99  0   0.0%   0.598 UG:3    +
  108   123  0   0.0%   0.843 UG:3    +
  122   136  0   0.0%   0.561 UA:3    +
   72    82  0   0.0%   0.002 UG:3    +
   22   112  0   0.0%   0.714 AU:3    +
   54   108  0   0.0%   0.675 GU:3    +
  112   124  0   0.0%   0.776 UA:3    +
  124   131  0   0.0%   0.352 AU:3    +
   31   129  0   0.0%   0.656 UA:3    +
  108   128  0   0.0%   0.628 UA:3    +
   53   115  0   0.0%   1.059 UA:3    +
   69   107  0   0.0%   0.620 UA:3    +
   30    36  0   0.0%   0.030 UG:3    +
   65    69  0   0.0%   0.138 AU:3    +
   61    68  0   0.0%   0.044 AU:3    +
  114   122  0   0.0%   1.228 AU:3    +
   55   101  0   0.0%   0.991 GU:3    +
   68    94  0   0.0%   0.402 UA:3    +
  110   126  0   0.0%   0.872 UA:3    +
    7    66  0   0.0%   0.440 CG:3    +
   21   111  0   0.0%   0.961 GC:3    +
    3   148  0   0.0%   0.547 UA:3    +
   54   110  0   0.0%   0.658 GU:3    +
  134   149  1   0.0%   0.181 GC:1    AU:1    +
  106   122  0   0.0%   1.152 AU:3    +
   57    63  0   0.0%   0.348 UA:3    +
    6   127  0   0.0%   1.021 UA:3    +
   57    98  0   0.0%   1.043 UA:3    +
    6    12  0   0.0%   0.001 UA:3    +
   45   105  0   0.0%   0.646 UG:3    +
    2   129  0   0.0%   0.486 UA:3    +
   94   101  0   0.0%   0.873 AU:3    +
  113   120  0   0.0%   1.159 UG:3    +
   65   108  0   0.0%   0.347 AU:3    +
   25    31  0   0.0%   0.431 AU:3    +
  108   118  0   0.0%   0.935 UG:3    +
   16   118  0   0.0%   0.433 CG:3    +
  123   135  0   0.0%   0.502 GU:3    +
  109   124  0   0.0%   0.720 UA:3    +
   99   108  0   0.0%   0.797 GU:3    +
  112   121  0   0.0%   1.259 UG:3    +
  139   143  0   0.0%   0.190 AU:3    +
   16   121  0   0.0%   0.444 CG:3    +
   57    90  0   0.0%   0.221 UA:3    +
   85   108  0   0.0%   0.301 AU:3    +
   51   108  0   0.0%   0.516 GU:3    +
   22   110  0   0.0%   0.762 AU:3    +
   58    71  0   0.0%   0.223 CG:3    +
  127   133  0   0.0%   0.329 AU:3    +
   15   122  0   0.0%   0.190 AU:3    +
   85    89  0   0.0%   0.251 AU:3    +
   49    67  0   0.0%   0.252 UA:3    +
  110   123  0   0.0%   1.075 UG:3    +
   70   103  0   0.0%   0.917 GU:3    +
   16    36  0   0.0%   0.015 CG:3    +
   25    30  0   0.0%   0.430 AU:3    +
   51    73  0   0.0%   0.264 GC:3    +
   54   101  0   0.0%   0.961 GU:3    +
   37    49  0   0.0%   0.483 AU:3    +
   60    67  0   0.0%   0.292 UA:3    +
   94   113  0   0.0%   0.508 AU:3    +
   56    64  1   0.0%   0.210 CG:1    UA:1    +
  135   148  0   0.0%   0.069 UA:3    +
  109   126  0   0.0%   0.685 UA:3    +
   53    90  0   0.0%   0.086 UA:3    +
   31   106  0   0.0%   0.454 UA:3    +
   39    49  0   0.0%   0.343 AU:3    +
   60    66  0   0.0%   0.341 UG:3    +
   20   118  0   0.0%   0.653 UG:3    +
   32    61  0   0.0%   0.090 UA:3    +
   98   109  0   0.0%   0.773 AU:3    +
   32   105  0   0.0%   0.436 UG:3    +
   30   107  0   0.0%   0.474 UA:3    +
   30    63  0   0.0%   0.145 UA:3    +
  110   118  0   0.0%   1.184 UG:3    +
   68   105  0   0.0%   0.578 UG:3    +
  108   127  0   0.0%   0.646 UA:3    +
  118   140  0   0.0%   0.825 GC:3    +
   38    49  0   0.0%   0.344 AU:3    +
   71   111  0   0.0%   0.447 GC:3    +
  116   142  0   0.0%   1.270 GC:3    +
   43    51  0   0.0%   0.380 UG:3    +
  112   118  0   0.0%   1.254 UG:3    +
   57    99  0   0.0%   1.064 UG:3    +
  131   148  0   0.0%   0.065 UA:3    +
    7   100  0   0.0%   0.440 CG:3    +
    1    36  0   0.0%   0.007 CG:3    +
   19   118  0   0.0%   0.503 CG:3    +
  115   143  0   0.0%   0.749 AU:3    +
    9   127  0   0.0%   0.754 UA:3    +
  108   126  0   0.0%   0.644 UA:3    +
   46    70  0   0.0%   0.216 CG:3    +
   43    67  0   0.0%   0.159 UA:3    +
   94   109  0   0.0%   0.501 AU:3    +
    9   128  0   0.0%   0.753 UA:3    +
   45    51  0   0.0%   0.477 UG:3    +
   85   109  0   0.0%   0.306 AU:3    +
   54    91  0   0.0%   0.205 GC:3    +
  136   143  0   0.0%   0.145 AU:3    +
    6    67  0   0.0%   0.431 UA:3    +
    7    70  0   0.0%   0.440 CG:3    +
   45    65  0   0.0%   0.266 UA:3    +
   99   110  0   0.0%   0.789 GU:3    +
   89   123  0   0.0%   0.716 UG:3    +
   53    92  0   0.0%   0.092 UA:3    +
   36    43  0   0.0%   0.040 GU:3    +
   20   116  0   0.0%   1.163 UG:3    +
   27   105  0   0.0%   0.541 CG:3    +
   31   120  0   0.0%   0.664 UG:3    +
   71   103  0   0.0%   0.805 GU:3    +
   34   129  0   0.0%   0.463 UA:3    +
   70   112  0   0.0%   0.493 GU:3    +
   46    55  0   0.0%   0.395 CG:3    +
   28    32  0   0.0%   0.034 AU:3    +
   51    58  0   0.0%   0.461 GC:3    +
   92   133  0   0.0%   0.124 AU:3    +
    9   126  0   0.0%   0.749 UA:3    +
  105   122  0   0.0%   1.245 GU:3    +
   90   135  0   0.0%   0.124 AU:3    +
    6   123  0   0.0%   1.060 UG:3    +
   34   100  0   0.0%   0.311 UG:3    +
   46   120  0   0.0%   1.358 CG:3    +
   49    94  0   0.0%   0.253 UA:3    +
   70   108  0   0.0%   0.617 GU:3    +
   25    34  0   0.0%   0.429 AU:3    +
   34   118  0   0.0%   0.402 UG:3    +
   69   114  0   0.0%   0.722 UA:3    +
   89   115  0   0.0%   0.880 UA:3    +
  103   116  0   0.0%   1.747 UG:3    +
   63   113  0   0.0%   0.373 AU:3    +
   54    58  0   0.0%   0.384 GC:3    +
    2    15  0   0.0%   0.001 UA:3    +
   94   131  0   0.0%   0.340 AU:3    +
   38    60  0   0.0%   0.356 AU:3    +
    3    13  0   0.0%   0.001 UA:3    +
   49   116  0   0.0%   1.627 UG:3    +
   89   136  0   0.0%   0.220 UA:3    +
   57    65  0   0.0%   0.245 UA:3    +
   99   113  0   0.0%   0.906 GU:3    +
  123   142  0   0.0%   0.520 GC:3    +
   24    31  0   0.0%   0.449 GU:3    +
   72   124  0   0.0%   0.341 UA:3    +
   73   123  0   0.0%   0.498 CG:3    +
   98   143  0   0.0%   0.644 AU:3    +
   17   108  0   0.0%   0.352 AU:3    +
   99   142  0   0.0%   0.675 GC:3    +
   45   121  0   0.0%   1.434 UG:3    +
   70   113  0   0.0%   0.631 GU:3    +
   74   121  0   0.0%   0.736 CG:3    +
   10    71  0   0.0%   0.253 CG:3    +
   45    54  0   0.0%   0.401 UG:3    +
   40    70  0   0.0%   0.075 CG:3    +
   68   115  0   0.0%   0.753 UA:3    +
    9    98  0   0.0%   0.256 UA:3    +
   75   120  0   0.0%   0.760 UG:3    +
  101   127  0   0.0%   0.906 UA:3    +
  100   140  0   0.0%   0.520 GC:3    +
    1   100  0   0.0%   0.007 CG:3    +
  101   139  0   0.0%   0.609 UA:3    +
   54    68  0   0.0%   0.192 GU:3    +
  129   133  0   0.0%   0.127 AU:3    +
   14   155  1   0.0%   0.141 GC:1    AU:1    +
    6   126  0   0.0%   1.016 UA:3    +
   43   105  0   0.0%   0.463 UG:3    +
   55    97  0   0.0%   1.127 GU:3    +
    3   115  0   0.0%   0.279 UA:3    +
   36   143  0   0.0%   0.385 GU:3    +
   94   103  0   0.0%   0.799 AU:3    +
   82    91  0   0.0%   0.022 GC:3    +
   24    32  0   0.0%   0.448 GU:3    +
    7    99  0   0.0%   0.440 CG:3    +
   19    24  0   0.0%   0.447 CG:3    +
   82   111  0   0.0%   0.117 GC:3    +
   79   116  0   0.0%   1.211 CG:3    +
   72   106  0   0.0%   0.455 UA:3    +
   49    98  0   0.0%   0.473 UA:3    +
  108   120  0   0.0%   1.031 UG:3    +
   24    91  0   0.0%   0.628 GC:3    +
   83   110  0   0.0%   0.181 AU:3    +
  113   121  0   0.0%   1.129 UG:3    +
   92   109  0   0.0%   0.287 AU:3    +
   81   112  0   0.0%   0.054 GU:3    +
   51    97  0   0.0%   0.557 GU:3    +
   94   108  0   0.0%   0.496 AU:3    +
  130   154  1   0.0%   0.205 GC:1    GU:1    +
   34    54  0   0.0%   0.144 UG:3    +
  102   154  1   0.0%   0.214 GC:1    AU:1    +
   33   154  1   0.0%   0.697 GC:1    AU:1    +
   53    85  0   0.0%   0.085 UA:3    +
   25    68  0   0.0%   0.605 AU:3    +
   24    30  0   0.0%   0.449 GU:3    +
   34    39  0   0.0%   0.010 UA:3    +
  130   155  1   0.0%   0.234 GC:1    GU:1    +
   89    99  0   0.0%   0.792 UG:3    +
  103   127  0   0.0%   0.835 UA:3    +
   67    97  0   0.0%   0.676 AU:3    +
  115   122  0   0.0%   1.283 AU:3    +
    6    15  0   0.0%   0.001 UA:3    +
   67   109  0   0.0%   0.257 AU:3    +
   17    72  0   0.0%   0.019 AU:3    +
    2    39  0   0.0%   0.172 UA:3    +
   15    69  0   0.0%   0.005 AU:3    +
   30   148  0   0.0%   0.442 UA:3    +
   77   118  0   0.0%   0.683 UG:3    +
   13    97  0   0.0%   0.013 AU:3    +
   57    71  0   0.0%   0.220 UG:3    +
   31    63  0   0.0%   0.236 UA:3    +
   22    32  0   0.0%   0.449 AU:3    +
    6   100  0   0.0%   0.431 UG:3    +
    2   116  0   0.0%   0.217 UG:3    +
   85   112  0   0.0%   0.174 AU:3    +
   21    58  0   0.0%   0.455 GC:3    +
   36    49  0   0.0%   0.471 GU:3    +
   45   116  0   0.0%   1.235 UG:3    +
   57    70  0   0.0%   0.256 UG:3    +
    4   100  0   0.0%   0.205 CG:3    +
    1    99  0   0.0%   0.007 CG:3    +
   22    57  0   0.0%   0.449 AU:3    +
   25   135  0   0.0%   0.614 AU:3    +
   45   118  0   0.0%   1.159 UG:3    +
  113   126  0   0.0%   0.610 UA:3    +
   58   118  0   0.0%   0.924 CG:3    +
   53    94  0   0.0%   0.088 UA:3    +
   53   107  0   0.0%   0.826 UA:3    +
   97   106  0   0.0%   1.114 UA:3    +
   34    63  0   0.0%   0.181 UA:3    +
   94   110  0   0.0%   0.485 AU:3    +
   97   129  0   0.0%   0.818 UA:3    +
   36    57  0   0.0%   0.397 GU:3    +
   17   109  0   0.0%   0.361 AU:3    +
    2    99  0   0.0%   0.172 UG:3    +
   52   123  0   0.0%   0.863 CG:3    +
  109   121  0   0.0%   1.195 UG:3    +
   54    89  0   0.0%   0.194 GU:3    +
   32   123  0   0.0%   0.357 UG:3    +
   31   124  0   0.0%   0.303 UA:3    +
   49   127  0   0.0%   0.735 UA:3    +
   12   143  0   0.0%   0.363 AU:3    +
   73   105  0   0.0%   0.491 CG:3    +
  129   135  0   0.0%   0.119 AU:3    +
    2    98  0   0.0%   0.172 UA:3    +
   28   103  0   0.0%   0.566 AU:3    +
  112   127  0   0.0%   0.742 UA:3    +
    3    38  0   0.0%   0.242 UA:3    +
   26   154  1   0.0%   0.546 GC:1    AU:1    +
   20    66  0   0.0%   0.156 UG:3    +
   92   103  0   0.0%   0.586 AU:3    +
   57    61  0   0.0%   0.240 UA:3    +
  128   135  0   0.0%   0.301 AU:3    +
   86   157  1   0.0%   0.128 GC:1    GU:1    +
   30   126  0   0.0%   0.168 UA:3    +
   23    56  1   0.0%   0.448 GC:1    AU:1    +
   45   114  0   0.0%   0.767 UA:3    +
   63   109  0   0.0%   0.365 AU:3    +
    2   106  0   0.0%   0.172 UA:3    +
   17   110  0   0.0%   0.337 AU:3    +
   89   126  0   0.0%   0.509 UA:3    +
   91   120  0   0.0%   0.840 CG:3    +
   92   108  0   0.0%   0.282 AU:3    +
    6    17  0   0.0%   0.001 UA:3    +
    4    99  0   0.0%   0.205 CG:3    +
   60   115  0   0.0%   1.017 UA:3    +
   66    74  0   0.0%   0.068 GC:3    +
   66    97  0   0.0%   0.729 GU:3    +
   65    75  0   0.0%   0.064 AU:3    +
   34    38  0   0.0%   0.023 UA:3    +
    2    12  0   0.0%   0.000 UA:3    +
   68    92  0   0.0%   0.181 UA:3    +
   28   143  0   0.0%   0.189 AU:3    +
  120   149  1   0.0%   0.852 GC:1    GU:1    +
   66    73  0   0.0%   0.068 GC:3    +
    3    98  0   0.0%   0.233 UA:3    +
   54    84  0   0.0%   0.191 GC:3    +
   55    72  0   0.0%   0.220 GU:3    +
  103   123  0   0.0%   1.028 UG:3    +
   54    73  0   0.0%   0.190 GC:3    +
   24    69  0   0.0%   0.632 GU:3    +
   55    74  0   0.0%   0.220 GC:3    +
   10   121  0   0.0%   0.798 CG:3    +
  132   143  0   0.0%   0.201 GU:3    +
   34   148  0   0.0%   0.361 UA:3    +
   54    75  0   0.0%   0.190 GU:3    +
   24   108  0   0.0%   0.698 GU:3    +
   43   100  0   0.0%   0.430 UG:3    +
   70   111  0   0.0%   0.559 GC:3    +
    4    66  0   0.0%   0.205 CG:3    +
   49   148  0   0.0%   0.440 UA:3    +
   61   112  0   0.0%   0.104 AU:3    +
   53   106  0   0.0%   0.843 UA:3    +
   28    49  0   0.0%   0.050 AU:3    +
   75   115  0   0.0%   0.661 UA:3    +
  127   131  0   0.0%   0.331 AU:3    +
   71   112  0   0.0%   0.381 GU:3    +
   74   116  0   0.0%   1.211 CG:3    +
   74   120  0   0.0%   0.761 CG:3    +
   85   110  0   0.0%   0.290 AU:3    +
   67    72  0   0.0%   0.019 AU:3    +
   24    46  0   0.0%   0.450 GC:3    +
   73   121  0   0.0%   0.736 CG:3    +
   63    97  0   0.0%   0.790 AU:3    +
   22    34  0   0.0%   0.448 AU:3    +
   25    45  0   0.0%   0.432 AU:3    +
    3    67  0   0.0%   0.233 UA:3    +
   43   116  0   0.0%   1.087 UG:3    +
   36   112  0   0.0%   0.354 GU:3    +
  127   135  0   0.0%   0.321 AU:3    +
    3   107  0   0.0%   0.252 UA:3    +
   25   113  0   0.0%   0.635 AU:3    +
   21   140  0   0.0%   0.961 GC:3    +
    6    28  0   0.0%   0.462 UA:3    +
   54   143  0   0.0%   0.512 GU:3    +
   43   115  0   0.0%   0.764 UA:3    +
   97   116  0   0.0%   1.928 UG:3    +
   22    89  0   0.0%   0.699 AU:3    +
   49    92  0   0.0%   0.254 UA:3    +
   53   105  0   0.0%   0.895 UG:3    +
   55   142  0   0.0%   0.537 GC:3    +
  101   124  0   0.0%   0.933 UA:3    +
    2    37  0   0.0%   0.163 UA:3    +
   13    31  0   0.0%   0.006 AU:3    +
   30   121  0   0.0%   0.538 UG:3    +
   12    32  0   0.0%   0.014 AU:3    +
   21    89  0   0.0%   0.612 GU:3    +
   55    60  0   0.0%   0.472 GU:3    +
   34   107  0   0.0%   0.439 UA:3    +
  118   143  0   0.0%   0.827 GU:3    +
   49    55  0   0.0%   0.464 UG:3    +
   99   103  0   0.0%   1.108 GU:3    +
   16    24  0   0.0%   0.451 CG:3    +
   90   113  0   0.0%   0.311 AU:3    +
   45    98  0   0.0%   0.446 UA:3    +
   28   101  0   0.0%   0.492 AU:3    +
    6   120  0   0.0%   1.286 UG:3    +
   20   141  0   0.0%   0.396 UA:3    +
    6   148  0   0.0%   1.016 UA:3    +
   25    72  0   0.0%   0.603 AU:3    +
   16   120  0   0.0%   0.471 CG:3    +
   42   155  1   0.0%   0.155 GC:1    AU:1    +
    6   128  0   0.0%   1.020 UA:3    +
    3   100  0   0.0%   0.233 UG:3    +
   24    73  0   0.0%   0.621 GC:3    +
  103   136  0   0.0%   0.538 UA:3    +
  117   149  1   0.0%   0.841 CG:1    AU:1    +
   25   122  0   0.0%   0.650 AU:3    +
  110   120  0   0.0%   1.406 UG:3    +
   39   113  0   0.0%   0.252 AU:3    +
   43   128  0   0.0%   0.834 UA:3    +
   36   103  0   0.0%   0.712 GU:3    +
   37   103  0   0.0%   0.719 AU:3    +
   20    90  0   0.0%   0.141 UA:3    +
   22    43  0   0.0%   0.448 AU:3    +
   43   127  0   0.0%   0.852 UA:3    +
  109   128  0   0.0%   0.669 UA:3    +
   19    36  0   0.0%   0.010 CG:3    +
   30   105  0   0.0%   0.365 UG:3    +
   92   110  0   0.0%   0.271 AU:3    +
   43   120  0   0.0%   1.097 UG:3    +
   19    51  0   0.0%   0.001 CG:3    +
   10    36  0   0.0%   0.263 CG:3    +
   71    91  0   0.0%   0.351 GC:3    +
   49   118  0   0.0%   1.099 UG:3    +
   51    60  0   0.0%   0.516 GU:3    +
   43    54  0   0.0%   0.334 UG:3    +
   45   100  0   0.0%   0.497 UG:3    +
   39    53  0   0.0%   0.139 AU:3    +
    9    37  0   0.0%   0.266 UA:3    +
   53    76  0   0.0%   0.085 UA:3    +
   54   113  0   0.0%   0.685 GU:3    +
   40    71  0   0.0%   0.040 CG:3    +
   15    97  0   0.0%   0.010 AU:3    +
   30   124  0   0.0%   0.204 UA:3    +
   60   106  0   0.0%   0.782 UA:3    +
    3   129  0   0.0%   0.543 UA:3    +
    9   105  0   0.0%   0.283 UG:3    +
   45   128  0   0.0%   0.995 UA:3    +
   17   113  0   0.0%   0.289 AU:3    +
  105   149  1   0.0%   0.779 GC:1    GU:1    +
   69   126  0   0.0%   0.489 UA:3    +
   40   116  0   0.0%   0.890 CG:3    +
   55    91  0   0.0%   0.233 GC:3    +
    3   105  0   0.0%   0.233 UG:3    +
   24    43  0   0.0%   0.447 GU:3    +
  120   140  0   0.0%   0.846 GC:3    +
   43    98  0   0.0%   0.379 UA:3    +
   31   123  0   0.0%   0.407 UG:3    +
   89   114  0   0.0%   0.742 UA:3    +
    3    15  0   0.0%   0.001 UA:3    +
    3    36  0   0.0%   0.223 UG:3    +
   91   132  0   0.0%   0.103 CG:3    +
   21    69  0   0.0%   0.623 GU:3    +
   92   131  0   0.0%   0.127 AU:3    +
   90   133  0   0.0%   0.140 AU:3    +
   39    72  0   0.0%   0.097 AU:3    +
   12    68  0   0.0%   0.014 AU:3    +
   53   114  0   0.0%   0.921 UA:3    +
  110   127  0   0.0%   0.874 UA:3    +
   84   105  0   0.0%   1.181 CG:3    +
   68   127  0   0.0%   0.391 UA:3    +
   97   105  0   0.0%   1.173 UG:3    +
   22    68  0   0.0%   0.701 AU:3    +
   20    25  0   0.0%   0.448 UA:3    +
  104   113  1   0.5%   0.895 AU:2    +
    8   117  1   0.4%   1.535 UA:2    +
   59    65  1   0.4%   0.300 UA:2    +
  123   151  1   0.4%   0.651 GC:2    +
   35   114  1   0.4%   0.646 UA:2    +
  108   119  1   0.3%   0.970 UA:2    +
  123   150  1   0.3%   0.629 GC:2    +
  144   152  1   0.3%   0.250 AU:2    +
   29   130  1   0.3%   0.381 UG:2    +
   29   117  1   0.3%   0.652 UA:2    +
    2   119  1   0.3%   0.270 UA:2    +
   49   104  1   0.3%   0.647 UA:2    +
   28    35  1   0.2%   0.079 AU:2    +
  125   145  1   0.2%   0.382 UG:2    +
  124   146  1   0.2%   0.389 AU:2    +
   11   115  1   0.2%   0.707 UA:2    +
   43   117  1   0.2%   0.732 UA:2    +
   59   115  1   0.2%   0.987 UA:2    +
   57   117  1   0.2%   1.251 UA:2    +
  148   159  1   0.2%   0.101 AU:2    +
  125   148  1   0.2%   0.695 UA:2    +
  120   150  1   0.2%   0.881 GC:2    +
  128   146  1   0.1%   0.653 AU:2    +
  124   137  1   0.1%   0.362 AU:2    +
  125   136  1   0.1%   0.342 UA:2    +
   29   107  1   0.1%   0.572 UA:2    +
   11   117  1   0.1%   0.705 UA:2    +
   32   104  1   0.1%   0.389 UA:2    +
  139   146  1   0.1%   0.417 AU:2    +
  121   151  1   0.1%   0.876 GC:2    +
   97   104  1   0.1%   1.021 UA:2    +
  140   145  1   0.1%   0.105 CG:2    +
    9   119  1   0.1%   1.034 UA:2    +
    9   117  1   0.1%   1.161 UA:2    +
    8   120  1   0.1%   1.449 UG:2    +
   76    80  1   0.1%   0.023 AU:2    +
  122   158  1   0.1%   0.811 UA:2    +
  127   146  1   0.1%   0.652 AU:2    +
   35   126  1   0.1%   0.789 UA:2    +
  125   144  1   0.1%   0.352 UA:2    +
   11    98  1   0.1%   0.030 UA:2    +
   93    99  1   0.1%   0.639 CG:2    +
  112   119  1   0.1%   1.235 UA:2    +
   47   101  1   0.1%   0.588 AU:2    +
   11   114  1   0.1%   0.578 UA:2    +
  121   150  1   0.1%   0.867 GC:2    +
  120   151  1   0.1%   0.881 GC:2    +
  137   148  1   0.1%   0.057 UA:2    +
   93   100  1   0.1%   0.473 CG:2    +
   11    17  1   0.1%   0.021 UA:2    +
   59    90  1   0.1%   0.235 UA:2    +
   53   104  1   0.1%   0.742 UA:2    +
    2   117  1   0.1%   0.215 UA:2    +
   47   103  1   0.1%   0.672 AU:2    +
  104   125  1   0.1%   0.908 AU:2    +
   35   115  1   0.1%   0.760 UA:2    +
  143   153  1   0.1%   0.321 UA:2    +
   30   117  1   0.1%   0.580 UA:2    +
   50   123  1   0.1%   0.767 UG:2    +
    4   145  1   0.1%   0.530 CG:2    +
   47   122  1   0.1%   0.673 AU:2    +
    5   118  1   0.1%   0.887 UG:2    +
  119   152  1   0.1%   0.807 AU:2    +
  119   143  1   0.1%   0.802 AU:2    +
   54    88  1   0.1%   0.202 GC:2    +
   21    93  1   0.1%   0.630 GC:2    +
   50   100  1   0.0%   0.381 UG:2    +
   88   105  1   0.0%   0.599 CG:2    +
  147   160  1   0.0%   0.792 AU:2    +
   32   117  1   0.0%   0.646 UA:2    +
   29    39  1   0.0%   0.016 UA:2    +
   89   104  1   0.0%   0.557 UA:2    +
  123   146  1   0.0%   0.523 GU:2    +
   59    94  1   0.0%   0.593 UA:2    +
  144   160  1   0.0%   0.065 AU:2    +
   60   104  1   0.0%   0.677 UA:2    +
   22    59  1   0.0%   0.457 AU:2    +
   50    92  1   0.0%   0.095 UA:2    +
    5   107  1   0.0%   0.399 UA:2    +
   87   106  1   0.0%   0.575 UA:2    +
   29    38  1   0.0%   0.019 UA:2    +
   36    41  1   0.0%   0.043 GC:2    +
   86    91  1   0.0%   0.094 GC:2    +
   47    53  1   0.0%   0.275 AU:2    +
   30   119  1   0.0%   0.440 UA:2    +
  113   119  1   0.0%   1.105 UA:2    +
   41   121  1   0.0%   0.909 CG:2    +
  116   160  1   0.0%   1.277 GU:2    +
   29   128  1   0.0%   0.248 UA:2    +
   34    47  1   0.0%   0.009 UA:2    +
  129   146  1   0.0%   0.560 AU:2    +
   70    93  1   0.0%   0.450 GC:2    +
  145   152  1   0.0%   0.277 GU:2    +
  107   125  1   0.0%   0.839 AU:2    +
  143   158  1   0.0%   0.179 UA:2    +
  133   153  1   0.0%   0.243 UA:2    +
  131   144  1   0.0%   0.054 UA:2    +
   20   104  1   0.0%   0.606 UA:2    +
  101   153  1   0.0%   0.614 UA:2    +
  130   157  1   0.0%   0.081 GC:2    +
    1   145  1   0.0%   0.317 CG:2    +
   47   113  1   0.0%   0.293 AU:2    +
   39   125  1   0.0%   0.711 AU:2    +
   28    50  1   0.0%   0.054 AU:2    +
   35   116  1   0.0%   1.080 UG:2    +
   34   117  1   0.0%   0.531 UA:2    +
  124   152  1   0.0%   0.533 AU:2    +
   27   130  1   0.0%   0.306 CG:2    +
   50    63  1   0.0%   0.227 UA:2    +
   31   117  1   0.0%   0.683 UA:2    +
   20    47  1   0.0%   0.023 UA:2    +
  148   152  1   0.0%   0.588 AU:2    +
   35   127  1   0.0%   0.792 UA:2    +
    2   144  1   0.0%   0.488 UA:2    +
   93   116  1   0.0%   1.231 CG:2    +
  124   159  1   0.0%   0.366 AU:2    +
    8    15  1   0.0%   0.004 UA:2    +
    8    17  1   0.0%   0.005 UA:2    +
   35    42  1   0.0%   0.018 UA:2    +
  152   158  1   0.0%   0.594 UA:2    +
  122   144  1   0.0%   0.581 UA:2    +
   27   134  1   0.0%   0.326 CG:2    +
   11   102  1   0.0%   0.018 UA:2    +
   35   124  1   0.0%   0.803 UA:2    +
  104   110  1   0.0%   0.526 AU:2    +
    8    14  1   0.0%   0.003 UA:2    +
  130   143  1   0.0%   0.169 GU:2    +
   35   156  1   0.0%   0.501 UA:2    +
    2   158  1   0.0%   0.492 UA:2    +
  153   160  1   0.0%   0.556 AU:2    +
   15   125  1   0.0%   0.200 AU:2    +
   65    87  1   0.0%   0.072 AU:2    +
  125   158  1   0.0%   0.676 UA:2    +
  104   109  1   0.0%   0.553 AU:2    +
  117   143  1   0.0%   0.843 AU:2    +
    8   106  1   0.0%   0.283 UA:2    +
   42    50  1   0.0%   0.085 AU:2    +
   41    51  1   0.0%   0.227 CG:2    +
   27   145  1   0.0%   0.332 CG:2    +
  125   153  1   0.0%   0.828 UA:2    +
  130   140  1   0.0%   0.031 GC:2    +
   59    98  1   0.0%   0.825 UA:2    +
   93   118  1   0.0%   0.703 CG:2    +
  108   117  1   0.0%   0.963 UA:2    +
    3   158  1   0.0%   0.548 UA:2    +
  126   152  1   0.0%   0.787 AU:2    +
   11    15  1   0.0%   0.003 UA:2    +
    8   116  1   0.0%   1.847 UG:2    +
   87   104  1   0.0%   0.459 UA:2    +
  131   158  1   0.0%   0.053 UA:2    +
   70    88  1   0.0%   0.489 GC:2    +
   29    67  1   0.0%   0.159 UA:2    +
  134   142  1   0.0%   0.185 GC:2    +
  116   159  1   0.0%   1.273 GU:2    +
   17    50  1   0.0%   0.010 AU:2    +
  121   159  1   0.0%   1.041 GU:2    +
    8   118  1   0.0%   1.367 UG:2    +
  123   160  1   0.0%   0.796 GU:2    +
   37    59  1   0.0%   0.456 AU:2    +
   50   115  1   0.0%   0.907 UA:2    +
   35   158  1   0.0%   0.501 UA:2    +
   87    94  1   0.0%   0.379 UA:2    +
   11    23  1   0.0%   0.453 UA:2    +
   80    92  1   0.0%   0.106 UA:2    +
   33   146  1   0.0%   0.698 AU:2    +
  118   151  1   0.0%   0.827 GC:2    +
  135   153  1   0.0%   0.213 UA:2    +
   97   117  1   0.0%   1.423 UA:2    +
   57   104  1   0.0%   0.842 UA:2    +
   11    65  1   0.0%   0.009 UA:2    +
  136   152  1   0.0%   0.188 AU:2    +
   47   112  1   0.0%   0.245 AU:2    +
    5    28  1   0.0%   0.407 UA:2    +
    5   116  1   0.0%   0.478 UG:2    +
   47   110  1   0.0%   0.356 AU:2    +
   50   106  1   0.0%   0.585 UA:2    +
  104   108  1   0.0%   0.538 AU:2    +
   93   121  1   0.0%   0.756 CG:2    +
  156   160  1   0.0%   0.171 AU:2    +
   47   108  1   0.0%   0.374 AU:2    +
   12   125  1   0.0%   0.363 AU:2    +
  128   159  1   0.0%   0.317 AU:2    +
   28   159  1   0.0%   0.190 AU:2    +
   34   145  1   0.0%   0.366 UG:2    +
   41    99  1   0.0%   0.275 CG:2    +
   80    98  1   0.0%   0.546 UA:2    +
   75   104  1   0.0%   0.331 UA:2    +
   11   126  1   0.0%   0.270 UA:2    +
   47   109  1   0.0%   0.380 AU:2    +
   50    64  1   0.0%   0.120 UA:2    +
   29   158  1   0.0%   0.352 UA:2    +
   11   106  1   0.0%   0.509 UA:2    +
  109   117  1   0.0%   0.989 UA:2    +
   29   119  1   0.0%   0.504 UA:2    +
  113   117  1   0.0%   1.147 UA:2    +
  109   119  1   0.0%   0.989 UA:2    +
    8    26  1   0.0%   0.594 UA:2    +
   11   107  1   0.0%   0.623 UA:2    +
  117   152  1   0.0%   0.844 AU:2    +
  127   160  1   0.0%   0.324 AU:2    +
   11    70  1   0.0%   0.009 UG:2    +
    5   114  1   0.0%   0.404 UA:2    +
   11    21  1   0.0%   0.454 UG:2    +
   26   146  1   0.0%   0.546 AU:2    +
  127   159  1   0.0%   0.327 AU:2    +
  115   160  1   0.0%   0.749 AU:2    +
   66    93  1   0.0%   0.129 GC:2    +
    5    25  1   0.0%   0.375 UA:2    +
    3   144  1   0.0%   0.545 UA:2    +
   59    63  1   0.0%   0.342 UA:2    +
   50   105  1   0.0%   0.630 UG:2    +
  128   152  1   0.0%   0.484 AU:2    +
   43   104  1   0.0%   0.407 UA:2    +
   35   128  1   0.0%   0.773 UA:2    +
  126   160  1   0.0%   0.616 AU:2    +
   38    59  1   0.0%   0.295 AU:2    +
  148   160  1   0.0%   0.059 AU:2    +
    8    13  1   0.0%   0.002 UA:2    +
   53   119  1   0.0%   1.071 UA:2    +
    5    14  1   0.0%   0.001 UA:2    +
   37   125  1   0.0%   0.653 AU:2    +
   11   128  1   0.0%   0.274 UA:2    +
   53   117  1   0.0%   1.109 UA:2    +
   87    92  1   0.0%   0.160 UA:2    +
    5   156  1   0.0%   0.695 UA:2    +
  114   146  1   0.0%   0.695 AU:2    +
   13   125  1   0.0%   0.169 AU:2    +
   35   144  1   0.0%   0.501 UA:2    +
  126   159  1   0.0%   0.619 AU:2    +
    2   104  1   0.0%   0.172 UA:2    +
  128   160  1   0.0%   0.314 AU:2    +
  129   160  1   0.0%   0.227 AU:2    +
  138   144  1   0.0%   0.121 UA:2    +
   29   115  1   0.0%   0.610 UA:2    +
  101   117  1   0.0%   1.317 UA:2    +
    8    65  1   0.0%   0.255 UA:2    +
  125   130  1   0.0%   0.330 UG:2    +
    2   145  1   0.0%   0.488 UG:2    +
  118   159  1   0.0%   0.848 GU:2    +
   50    98  1   0.0%   0.309 UA:2    +
   35    61  1   0.0%   0.240 UA:2    +
  137   145  1   0.0%   0.033 UG:2    +
   50   107  1   0.0%   0.567 UA:2    +
   11    99  1   0.0%   0.023 UG:2    +
    5   128  1   0.0%   0.694 UA:2    +
  136   146  1   0.0%   0.347 AU:2    +
   61    87  1   0.0%   0.042 AU:2    +
   35    63  1   0.0%   0.346 UA:2    +
   50    66  1   0.0%   0.128 UG:2    +
  147   159  1   0.0%   0.806 AU:2    +
   35   117  1   0.0%   0.687 UA:2    +
    5    13  1   0.0%   0.001 UA:2    +
  115   159  1   0.0%   0.749 AU:2    +
   32   119  1   0.0%   0.556 UA:2    +
  124   160  1   0.0%   0.362 AU:2    +
   69   104  1   0.0%   0.525 UA:2    +
   32   153  1   0.0%   0.500 UA:2    +
   17    35  1   0.0%   0.009 AU:2    +
  123   159  1   0.0%   0.797 GU:2    +
    5   123  1   0.0%   0.743 UG:2    +
  118   160  1   0.0%   0.846 GU:2    +
   87   124  1   0.0%   0.455 UA:2    +
   36    50  1   0.0%   0.305 GU:2    +
   11   127  1   0.0%   0.275 UA:2    +
   28   160  1   0.0%   0.190 AU:2    +
    5    12  1   0.0%   0.001 UA:2    +
   20   117  1   0.0%   0.800 UA:2    +
   38   125  1   0.0%   0.482 AU:2    +
   29    37  1   0.0%   0.014 UA:2    +
   88   123  1   0.0%   0.597 CG:2    +
    8    12  1   0.0%   0.001 UA:2    +
   63    87  1   0.0%   0.188 AU:2    +
   37    50  1   0.0%   0.316 AU:2    +
    7   145  1   0.0%   0.877 CG:2    +
   31   130  1   0.0%   0.569 UG:2    +
    5   124  1   0.0%   0.717 UA:2    +
   11   116  1   0.0%   1.046 UG:2    +
    2   153  1   0.0%   0.489 UA:2    +
   35   153  1   0.0%   0.496 UA:2    +
    1   130  1   0.0%   0.314 CG:2    +
  125   139  1   0.0%   0.333 UA:2    +
   47    69  1   0.0%   0.226 AU:2    +
   51    93  1   0.0%   0.271 GC:2    +
    5   126  1   0.0%   0.690 UA:2    +
  135   144  1   0.0%   0.056 UA:2    +
   69   158  1   0.0%   0.206 UA:2    +
    8   128  1   0.0%   1.128 UA:2    +
   49   119  1   0.0%   1.086 UA:2    +
   50   156  1   0.0%   0.271 UA:2    +
    8   102  1   0.0%   0.255 UA:2    +
  120   159  1   0.0%   1.047 GU:2    +
  126   138  1   0.0%   0.318 AU:2    +
   41   105  1   0.0%   0.345 CG:2    +
   38    50  1   0.0%   0.177 AU:2    +
   50    94  1   0.0%   0.088 UA:2    +
   30   158  1   0.0%   0.443 UA:2    +
    6   158  1   0.0%   1.018 UA:2    +
    8    99  1   0.0%   0.255 UG:2    +
  125   129  1   0.0%   0.419 UA:2    +
   91   134  1   0.0%   0.083 CG:2    +
   93   132  1   0.0%   0.042 CG:2    +
   28   146  1   0.0%   0.189 AU:2    +
   25   125  1   0.0%   0.623 AU:2    +
    5   127  1   0.0%   0.695 UA:2    +
   88   116  1   0.0%   1.310 CG:2    +
    3   153  1   0.0%   0.545 UA:2    +
   29   145  1   0.0%   0.354 UG:2    +
  105   151  1   0.0%   0.780 GC:2    +
    8   127  1   0.0%   1.129 UA:2    +
    3   145  1   0.0%   0.545 UG:2    +
    8   144  1   0.0%   1.128 UA:2    +
   11   105  1   0.0%   0.475 UG:2    +
   39    59  1   0.0%   0.291 AU:2    +
  120   160  1   0.0%   1.045 GU:2    +
   32    47  1   0.0%   0.012 UA:2    +
   11   144  1   0.0%   0.273 UA:2    +
   97   144  1   0.0%   0.719 UA:2    +
   49   117  1   0.0%   1.127 UA:2    +
   10   145  1   0.0%   0.511 CG:2    +
   87   107  1   0.0%   0.551 UA:2    +
  104   152  1   0.0%   0.595 AU:2    +
  117   160  1   0.0%   0.847 AU:2    +
  114   160  1   0.0%   0.694 AU:2    +
   96   145  1   0.0%   0.409 CG:2    +
  103   153  1   0.0%   0.540 UA:2    +
   26   159  1   0.0%   0.546 AU:2    +
   26    35  1   0.0%   0.341 AU:2    +
  122   145  1   0.0%   0.581 UG:2    +
  127   152  1   0.0%   0.494 AU:2    +
   29   127  1   0.0%   0.244 UA:2    +
   88   100  1   0.0%   0.491 CG:2    +
   78   117  1   0.0%   0.711 UA:2    +
  131   153  1   0.0%   0.207 UA:2    +
   34   158  1   0.0%   0.362 UA:2    +
  127   137  1   0.0%   0.320 AU:2    +
   40   145  1   0.0%   0.303 CG:2    +
    5   148  1   0.0%   0.695 UA:2    +
   29   144  1   0.0%   0.353 UA:2    +
   33   159  1   0.0%   0.698 AU:2    +
   52    86  1   0.0%   0.003 CG:2    +
  129   152  1   0.0%   0.397 AU:2    +
   27    86  1   0.0%   0.245 CG:2    +
  129   159  1   0.0%   0.229 AU:2    +
   80   115  1   0.0%   0.670 UA:2    +
   86   111  1   0.0%   0.242 GC:2    +
    8   158  1   0.0%   1.125 UA:2    +
   96   130  1   0.0%   0.419 CG:2    +
   35    51  1   0.0%   0.426 UG:2    +
   41   118  1   0.0%   0.368 CG:2    +
  117   122  1   0.0%   1.376 AU:2    +
   50   116  1   0.0%   1.456 UG:2    +
    8    98  1   0.0%   0.255 UA:2    +
   25    35  1   0.0%   0.430 AU:2    +
   95   146  1   0.0%   0.340 AU:2    +
    5   121  1   0.0%   0.958 UG:2    +
   30   130  1   0.0%   0.458 UG:2    +
   34   153  1   0.0%   0.359 UA:2    +
  131   145  1   0.0%   0.059 UG:2    +
   59    67  1   0.0%   0.235 UA:2    +
   97   119  1   0.0%   1.372 UA:2    +
   54    93  1   0.0%   0.199 GC:2    +
    8   156  1   0.0%   1.124 UA:2    +
    5   147  1   0.0%   0.695 UA:2    +
   41   116  1   0.0%   0.888 CG:2    +
   50   126  1   0.0%   0.556 UA:2    +
   39   146  1   0.0%   0.411 AU:2    +
   32   158  1   0.0%   0.503 UA:2    +
   25    29  1   0.0%   0.430 AU:2    +
    8   129  1   0.0%   1.122 UA:2    +
   57   119  1   0.0%   1.190 UA:2    +
   26   160  1   0.0%   0.546 AU:2    +
   31    47  1   0.0%   0.016 UA:2    +
   48   145  1   0.0%   0.150 CG:2    +
   24    93  1   0.0%   0.625 GC:2    +
  114   125  1   0.0%   1.004 AU:2    +
    6   144  1   0.0%   1.020 UA:2    +
   36   151  1   0.0%   0.385 GC:2    +
   50   118  1   0.0%   0.928 UG:2    +
  124   138  1   0.0%   0.352 AU:2    +
   50    54  1   0.0%   0.267 UG:2    +
  141   159  1   0.0%   0.056 AU:2    +
  114   159  1   0.0%   0.694 AU:2    +
   28   152  1   0.0%   0.189 AU:2    +
   90   125  1   0.0%   0.425 AU:2    +
   11   124  1   0.0%   0.305 UA:2    +
   31   158  1   0.0%   0.555 UA:2    +
   35   129  1   0.0%   0.600 UA:2    +
   35    39  1   0.0%   0.023 UA:2    +
   33   160  1   0.0%   0.697 AU:2    +
  103   117  1   0.0%   1.241 UA:2    +
   30   144  1   0.0%   0.445 UA:2    +
   21    88  1   0.0%   0.612 GC:2    +
   50   147  1   0.0%   0.270 UA:2    +
   93   105  1   0.0%   0.514 CG:2    +
   50    55  1   0.0%   0.297 UG:2    +
    5    15  1   0.0%   0.001 UA:2    +
   36   150  1   0.0%   0.385 GC:2    +
  104   122  1   0.0%   1.054 AU:2    +
   29   148  1   0.0%   0.349 UA:2    +
   87   117  1   0.0%   0.838 UA:2    +
   51   146  1   0.0%   0.464 GU:2    +
  105   150  1   0.0%   0.779 GC:2    +
   35   147  1   0.0%   0.498 UA:2    +
   52   145  1   0.0%   0.374 CG:2    +
   37   159  1   0.0%   0.355 AU:2    +
   53   144  1   0.0%   0.425 UA:2    +
   55    88  1   0.0%   0.227 GC:2    +
   49   144  1   0.0%   0.444 UA:2    +
   43    47  1   0.0%   0.347 UA:2    +
   35   100  1   0.0%   0.476 UG:2    +
  106   125  1   0.0%   0.996 AU:2    +
   24    88  1   0.0%   0.621 GC:2    +
   75   119  1   0.0%   0.660 UA:2    +
  116   151  1   0.0%   1.270 GC:2    +
   38   159  1   0.0%   0.183 AU:2    +
    8    21  1   0.0%   0.198 UG:2    +
   41    70  1   0.0%   0.074 CG:2    +
   13   159  1   0.0%   0.168 AU:2    +
   32   144  1   0.0%   0.504 UA:2    +
   11   120  1   0.0%   0.587 UG:2    +
  137   144  1   0.0%   0.026 UA:2    +
   11   158  1   0.0%   0.271 UA:2    +
   71    88  1   0.0%   0.382 GC:2    +
   47   125  1   0.0%   0.513 AU:2    +
    9   104  1   0.0%   0.281 UA:2    +
   29   153  1   0.0%   0.348 UA:2    +
  119   125  1   0.0%   1.101 AU:2    +
  116   150  1   0.0%   1.269 GC:2    +
   37   160  1   0.0%   0.355 AU:2    +
  104   135  1   0.0%   0.594 AU:2    +
   50    99  1   0.0%   0.322 UG:2    +
  113   158  1   0.0%   0.320 UA:2    +
   14   159  1   0.0%   0.141 AU:2    +
   16   145  1   0.0%   0.192 CG:2    +
   29   106  1   0.0%   0.430 UA:2    +
   11    33  1   0.0%   0.007 UA:2    +
   41    55  1   0.0%   0.252 CG:2    +
   13   160  1   0.0%   0.168 AU:2    +
    5    98  1   0.0%   0.374 UA:2    +
   12   160  1   0.0%   0.363 AU:2    +
   21    35  1   0.0%   0.453 GU:2    +
   29    65  1   0.0%   0.139 UA:2    +
  118   150  1   0.0%   0.826 GC:2    +
    7   130  1   0.0%   0.871 CG:2    +
    5    33  1   0.0%   0.374 UA:2    +
   39   159  1   0.0%   0.411 AU:2    +
  115   152  1   0.0%   0.750 AU:2    +
   36   160  1   0.0%   0.387 GU:2    +
   24    41  1   0.0%   0.447 GC:2    +
   38   160  1   0.0%   0.183 AU:2    +
   11   156  1   0.0%   0.269 UA:2    +
   59   107  1   0.0%   0.718 UA:2    +
   15   159  1   0.0%   0.190 AU:2    +
   58    86  1   0.0%   0.225 CG:2    +
   35   102  1   0.0%   0.211 UA:2    +
   15    29  1   0.0%   0.003 AU:2    +
   36   146  1   0.0%   0.386 GU:2    +
   15   146  1   0.0%   0.190 AU:2    +
  139   160  1   0.0%   0.068 AU:2    +
  122   130  1   0.0%   0.579 UG:2    +
    9   158  1   0.0%   0.750 UA:2    +
  127   138  1   0.0%   0.320 AU:2    +
   35   106  1   0.0%   0.486 UA:2    +
  128   137  1   0.0%   0.300 AU:2    +
   14   160  1   0.0%   0.141 AU:2    +
   81    93  1   0.0%   0.008 GC:2    +
    8   148  1   0.0%   1.124 UA:2    +
    5    65  1   0.0%   0.374 UA:2    +
  139   159  1   0.0%   0.071 AU:2    +
   59    85  1   0.0%   0.220 UA:2    +
   82    88  1   0.0%   0.052 GC:2    +
   22   138  1   0.0%   0.709 AU:2    +
(((((.((((((....(((((((((((.......(((.......))).......))))))....((((((.(((......))))))))).......))))).))))........))))))).......((((((...)))))).(((....)))......
