6 sequence; length of alignment 160
alifold output
    2   133  0 100.0%   0.002 CG:6   
    4   131  0 100.0%   0.002 GC:6   
    1   134  0  99.9%   0.002 GC:6   
    5   130  0  99.9%   0.003 UA:6   
    6   129  2  99.6%   0.013 GC:1    GU:1    UA:2   
    3   132  3  99.8%   0.007 UA:3   
   33    89  0  97.2%   0.191 CG:2    UG:4   
    7   128  0  98.2%   0.057 UA:6   
   28    94  0  97.1%   0.184 CG:6   
   30    92  2  97.6%   0.159 GC:4   
   32    90  1  97.4%   0.139 AU:5   
   31    91  2  97.3%   0.131 AU:4   
   29    93  2  97.1%   0.190 AU:4   
  136   148  0  94.5%   0.164 CG:6   
  137   147  0  94.4%   0.168 AU:6   
  138   146  1  93.1%   0.217 UA:5   
   37    85  0  92.2%   0.436 GC:6   
   36    86  0  91.6%   0.347 UA:6   
   40    83  0  91.0%   0.698 GC:6   
   41    82  2  90.3%   0.628 CG:4   
    8   127  0  89.3%   0.485 UG:6   
   27    95  1  87.3%   0.423 UA:5   
   39    84  3  84.5%   0.709 UG:1    AU:2   
   34    88  1  82.8%   0.569 UG:5   
  135   149  3  81.3%   0.508 GU:2    AU:1   
   56    65  0  74.0%   0.948 GC:5    GU:1   
   55    66  1  74.0%   1.176 GC:2    GU:3   
   54    67  3  73.8%   1.000 GC:3   
  100   108  1  69.0%   1.040 GC:1    GU:4   
  101   107  0  68.7%   1.112 AU:6   
   99   109  0  68.5%   1.345 UA:6   
   98   110  0  68.0%   1.426 AU:6   
  139   145  2  68.5%   0.815 UA:4   
   53    68  0  67.5%   1.130 UA:6   
  102   106  0  65.1%   1.245 CG:2    UG:4   
   97   111  2  65.8%   1.500 UA:4   
   52    69  0  56.6%   1.643 UG:2    UA:4   
   96   112  0  55.2%   1.198 GU:1    AU:5   
    9   126  2  45.7%   1.665 UG:1    UA:3    +
   51    70  1  38.8%   1.844 UA:5   
   50    77  0  30.2%   1.671 UA:6    +
   49    78  2  29.9%   2.361 GC:1    GU:2    AU:1    +
   51    76  0  28.1%   1.970 CG:1    UG:5    +
   48    79  2  29.0%   1.853 GU:2    AU:2    +
   47    80  1  28.9%   1.946 GC:5    +
   12   120  0  24.1%   1.434 CG:1    UG:2    UA:3    +
   13   119  3  24.0%   1.448 UA:3    +
   14   118  3  23.7%   1.120 GC:3    +
   11   121  0  22.4%   1.576 UA:6    +
   50    70  0  22.1%   1.076 UA:6    +
   51    69  0  19.8%   1.047 CG:1    UG:1    UA:4    +
   49    71  3  22.1%   1.089 GC:3    +
   11    23  0  20.9%   1.242 UA:6   
   10    24  0  20.6%   1.196 AU:6   
   24    98  0  20.5%   1.431 UA:6    +
   12    22  1  20.8%   1.159 UA:5   
   25    97  1  20.2%   1.663 AU:5    +
   23    99  0  18.2%   1.426 AU:6    +
   15   117  2  18.0%   0.966 AU:1    UA:3    +
   13    21  3  18.0%   1.133 AU:3   
    9    25  1  17.3%   1.114 UA:5   
   47    74  0  13.2%   1.086 GU:5    AU:1    +
   52    68  0  13.2%   0.890 UA:6    +
   14   122  3  13.9%   1.260 GC:3    +
   52    75  2  12.9%   2.075 UG:2    UA:2    +
   15   121  3  13.2%   1.509 UA:3    +
   46    75  3  12.1%   0.970 CG:1    AU:2    +
   55    71  0  11.4%   1.581 GC:6    +
   16   120  3  12.1%   1.221 CG:3    +
   54    72  2  11.3%   1.473 GC:1    GU:1    AU:2    +
   13   123  3  11.8%   1.614 AU:2    UA:1    +
   17    26  1  11.2%   0.840 CG:5    +
   18    25  2  10.3%   1.018 UA:4    +
   49    72  3   9.4%   1.096 GC:1    GU:1    AU:1    +
   55    65  0   7.5%   0.700 GC:5    GU:1    +
   48    75  2   8.1%   1.081 GU:1    UG:1    AU:1    UA:1    +
   54    66  1   7.4%   0.713 GC:2    GU:1    AU:2    +
   12   124  2   7.8%   1.462 UG:3    UA:1    +
   53    73  0   7.2%   1.057 UG:6    +
  106   116  0   6.8%   1.439 GC:6    +
   11    20  0   6.5%   0.568 UA:6    +
   47    78  0   4.4%   1.113 GC:1    GU:4    AU:1    +
  100   116  0   6.2%   0.955 GC:6    +
   49    74  2   6.3%   1.657 GU:3    AU:1    +
   10    21  1   6.5%   0.575 AU:5    +
    9    22  0   5.9%   0.535 UA:6    +
   40    80  0   5.8%   0.624 GC:6    +
  107   115  3   6.1%   1.231 UG:2    UA:1    +
   39    81  3   5.8%   0.615 AU:2    UA:1    +
   37    83  0   5.2%   0.549 GC:6    +
  105   117  1   5.7%   1.340 UA:5    +
   38    82  2   5.5%   0.593 CG:1    UG:3    +
  104   112  1   5.6%   1.168 AU:5    +
   45    80  3   5.7%   0.896 GC:3    +
   44    79  2   5.3%   0.698 GU:1    AU:3    +
  106   118  0   4.9%   1.644 GC:6    +
   46    79  2   5.5%   1.150 AU:4    +
  101   115  3   5.5%   1.050 AU:3    +
   45    78  2   4.8%   0.653 GC:1    GU:2    AU:1    +
  103   113  2   5.4%   0.835 UA:4    +
   20   110  0   4.6%   0.916 AU:6    +
  105   111  2   5.2%   1.210 UA:4    +
  105   119  0   4.4%   1.446 UA:6    +
   21   109  1   4.6%   1.134 UA:5    +
   43    81  1   3.6%   0.799 GU:1    AU:3    UA:1    +
   56    71  0   4.1%   1.315 GC:6    +
   23   107  0   4.1%   1.259 AU:6    +
  107   117  1   4.5%   1.656 UA:5    +
   22   108  2   4.6%   1.071 AU:4    +
   19   111  2   4.4%   0.723 UA:4    +
   24   106  0   3.7%   1.304 UG:6    +
   55    72  2   4.0%   1.610 GC:1    GU:3    +
  106   110  0   3.2%   1.366 GU:6    +
  102   120  1   2.3%   1.394 CG:1    UG:2    UA:2    +
  103   119  0   2.5%   1.036 UA:6    +
   50    73  0   2.5%   0.722 UG:6    +
   20   112  0   2.4%   0.912 AU:6    +
   42    54  0   0.4%   0.104 CG:1    UG:2    UA:3    +
   59    68  0   2.3%   0.904 UA:6    +
   30    38  0   0.2%   0.053 GC:1    GU:4    AU:1    +
  100   122  0   2.1%   1.145 GC:6    +
   43    79  1   2.1%   0.438 GU:1    AU:4    +
   44    81  3   2.6%   0.876 GU:1    AU:2    +
   22   110  0   2.1%   1.167 AU:6    +
   69    78  0   0.0%   1.613 GC:1    GU:1    AU:4    +
   42    87  0   0.0%   0.206 CG:1    UG:1    UA:4    +
   13   115  0   0.0%   0.424 UG:2    AU:3    UA:1    +
   47    51  0   0.0%   0.033 GC:1    GU:4    AU:1    +
   12    69  0   0.0%   0.362 CG:1    UG:1    UA:4    +
   38    47  0   0.0%   0.032 CG:1    UG:4    UA:1    +
   21   120  0   0.0%   1.599 CG:1    UG:2    UA:3    +
   12    47  0   0.0%   0.362 CG:1    UG:4    UA:1    +
   21    47  0   0.0%   0.533 CG:1    UG:4    UA:1    +
   51   120  0   0.0%   1.784 CG:1    UG:2    UA:3    +
   34    43  0   0.0%   0.046 GU:1    UG:1    UA:4    +
   78    87  0   0.0%   0.903 CG:1    UG:1    UA:4    +
   30    90  0   0.0%   0.063 GC:1    GU:4    AU:1    +
   51    87  0   0.0%   1.203 CG:1    UG:1    UA:4    +
   27    43  0   0.0%   0.058 UG:1    AU:1    UA:4    +
   33    47  0   0.0%   0.028 CG:2    UG:3    UA:1    +
   38   120  0   0.0%   0.872 CG:1    UG:2    UA:3    +
    8    23  0   2.0%   0.236 UA:6    +
    8    26  1   2.4%   0.353 UG:5    +
   46    74  2   2.5%   0.388 AU:4    +
   22   103  0   1.8%   0.826 AU:6    +
   76    80  0   1.8%   1.507 GC:6    +
   10   123  3   2.4%   0.850 AU:3    +
   19   113  2   2.4%   0.716 UA:4    +
   75    81  2   1.7%   1.502 GU:2    AU:1    UA:1    +
   99   117  1   2.2%   1.305 UA:5    +
  106   122  0   1.6%   1.603 GC:6    +
  107   121  0   1.6%   1.632 UA:6    +
   94   116  0   1.6%   0.268 GC:6    +
   20   105  0   1.6%   0.611 AU:6    +
   25   105  1   2.1%   1.350 AU:5    +
   56    67  0   1.6%   0.753 GC:6    +
   44    78  3   2.0%   0.364 GU:1    AU:2    +
   21   111  3   2.3%   1.248 UA:3    +
   38    76  0   0.5%   0.143 CG:1    UG:5    +
   48    66  2   1.5%   0.198 GU:2    AU:1    UA:1    +
   12    94  0   0.4%   0.433 CG:1    UG:5    +
   93   117  1   1.4%   0.575 AU:1    UA:4    +
   73    83  0   1.4%   0.864 GC:6    +
   96   105  0   0.4%   0.284 GU:1    AU:5    +
   59    69  0   0.3%   0.973 UG:2    UA:4    +
   58    69  3   1.8%   1.063 UG:2    UA:1    +
   50    64  0   1.3%   0.186 UA:6    +
   24   101  0   1.3%   0.998 UA:6    +
   25    34  0   0.3%   0.629 UG:1    AU:5    +
   24    96  0   0.2%   0.459 UG:1    UA:5    +
   41    76  0   1.2%   0.303 CG:6    +
  103   120  0   0.2%   1.257 UG:3    UA:3    +
   51    73  0   0.2%   0.938 CG:1    UG:5    +
   19   106  0   1.2%   0.448 UG:6    +
  106   114  0   0.2%   0.768 GC:2    GU:4    +
   73    80  0   1.1%   1.243 GC:6    +
   21   100  0   0.1%   0.651 CG:1    UG:5    +
   40    90  0   0.1%   0.394 GC:1    GU:5    +
   53    69  0   0.1%   1.000 UG:2    UA:4    +
   42    88  0   0.1%   0.374 CG:1    UG:5    +
   96   107  0   0.1%   0.235 GU:1    AU:5    +
   89   122  0   1.1%   0.522 GC:6    +
  108   120  2   1.4%   1.397 UG:3    UA:1    +
   21   104  2   1.8%   0.893 UA:4    +
  118   127  0   1.1%   0.849 CG:6    +
   33    88  0   0.1%   0.121 CG:2    UG:4    +
   54    59  0   0.1%   0.052 GU:3    AU:3    +
   42    76  0   0.1%   0.231 CG:1    UG:5    +
   36    87  0   0.1%   0.208 UG:2    UA:4    +
   21    37  0   0.1%   0.536 CG:1    UG:5    +
   42    55  0   0.1%   0.096 CG:1    UG:5    +
   65    73  0   0.1%   0.842 CG:5    UG:1    +
  122   127  0   1.1%   0.850 CG:6    +
  155   159  0   0.0%   0.092 GC:2    GU:4    +
   21   106  0   0.0%   0.804 CG:1    UG:5    +
  141   155  0   0.0%   0.065 CG:1    UG:5    +
   33    76  0   0.0%   0.036 CG:2    UG:4    +
   43    74  1   1.0%   0.233 GU:1    AU:4    +
   54    74  0   0.0%   1.421 GU:3    AU:3    +
  115   126  1   0.0%   0.970 GU:1    UG:1    AU:1    UA:2    +
   12   100  0   0.0%   0.392 CG:1    UG:5    +
   27   117  0   0.0%   0.545 AU:1    UA:5    +
   19   120  0   0.0%   1.201 UG:3    UA:3    +
   52    87  0   0.0%   1.019 UG:2    UA:4    +
  141   148  0   0.0%   0.078 CG:1    UG:5    +
   96   103  0   0.0%   0.213 GU:1    AU:5    +
   96   110  0   0.0%   0.314 GU:1    AU:5    +
  114   127  0   0.0%   0.290 CG:2    UG:4    +
  112   120  0   0.0%   1.511 UG:3    UA:3    +
   11   120  0   0.0%   0.572 UG:3    UA:3    +
   47    79  0   0.0%   0.952 GU:5    AU:1    +
  148   159  0   0.0%   0.083 GC:2    GU:4    +
   26   102  1   1.0%   0.744 GC:1    GU:4    +
   94   114  0   0.0%   0.124 GC:2    GU:4    +
   59    63  0   1.0%   0.301 UA:6    +
  149   155  0   0.0%   0.223 CG:1    UG:5    +
   30    52  0   0.0%   0.022 GU:5    AU:1    +
   11   124  2   1.3%   1.135 UG:3    UA:1    +
   51    88  0   0.0%   1.358 CG:1    UG:5    +
   40    78  0   0.0%   0.130 GC:1    GU:5    +
  138   155  0   0.0%   0.114 CG:1    UG:5    +
   33    37  0   0.0%   0.053 CG:2    UG:4    +
   11    96  0   0.0%   0.542 UG:1    UA:5    +
  138   148  0   0.0%   0.140 CG:1    UG:5    +
    9   120  0   0.0%   0.533 UG:3    UA:3    +
  107   120  0   0.0%   1.526 UG:3    UA:3    +
   65    89  0   0.0%   0.561 CG:5    UG:1    +
  110   120  0   0.0%   1.486 UG:3    UA:3    +
   12   127  0   0.0%   1.068 CG:1    UG:5    +
   56    78  0   0.0%   1.292 GC:1    GU:5    +
   69    79  0   0.0%   1.589 GU:2    AU:4    +
   73    78  0   0.0%   1.198 GC:1    GU:5    +
   19    47  0   0.0%   0.126 UG:5    UA:1    +
   19    87  0   0.0%   0.191 UG:2    UA:4    +
   42    73  0   0.0%   0.106 CG:1    UG:5    +
   50    69  0   0.0%   0.073 UG:2    UA:4    +
   97   120  0   0.0%   1.416 UG:3    UA:3    +
  105   120  0   0.0%   1.464 UG:3    UA:3    +
   57    66  3   1.5%   0.693 AU:2    UA:1    +
    8   120  0   0.0%   0.173 UG:3    UA:3    +
  148   153  0   0.0%   0.096 GC:2    GU:4    +
   69    74  0   0.0%   1.466 GU:2    AU:4    +
   47    52  0   0.0%   0.035 GU:5    AU:1    +
   19    54  0   0.0%   0.122 UG:3    UA:3    +
   36    96  0   0.0%   0.193 UG:1    UA:5    +
   21    40  0   0.0%   0.530 CG:1    UG:5    +
    4    38  0   0.0%   0.002 GC:1    GU:5    +
   21    73  0   0.0%   0.528 CG:1    UG:5    +
   34    62  0   0.0%   0.022 GC:1    UA:5    +
   37    65  0   0.0%   0.050 GC:5    GU:1    +
   38   127  0   0.0%   0.355 CG:1    UG:5    +
   65    76  0   0.0%   0.965 CG:5    UG:1    +
   12   106  0   0.0%   0.397 CG:1    UG:5    +
  100   114  0   0.0%   0.459 GC:2    GU:4    +
   38    73  0   0.0%   0.052 CG:1    UG:5    +
   37    42  0   0.0%   0.060 GC:1    GU:5    +
   37    78  0   0.0%   0.094 GC:1    GU:5    +
   33    73  0   0.0%   0.028 CG:2    UG:4    +
   33    40  0   0.0%   0.060 CG:2    UG:4    +
  102   127  0   0.0%   0.689 CG:2    UG:4    +
   19    96  0   0.0%   0.155 UG:1    UA:5    +
   65    88  0   0.0%   0.696 CG:5    UG:1    +
   74    87  0   0.0%   0.819 UG:2    UA:4    +
   30    36  0   0.0%   0.046 GU:5    AU:1    +
    8    47  0   0.0%   0.171 UG:5    UA:1    +
   99   120  0   0.0%   1.447 UG:3    UA:3    +
   30    97  0   0.0%   0.470 GU:5    AU:1    +
   40    65  0   0.0%   0.050 GC:5    GU:1    +
   24    87  0   0.0%   0.441 UG:2    UA:4    +
   24   120  0   0.0%   1.599 UG:3    UA:3    +
   55    78  0   0.0%   1.698 GC:1    GU:5    +
   26    34  0   0.0%   0.418 CG:1    GU:5    +
   38    94  0   0.0%   0.290 CG:1    UG:5    +
   21   148  0   0.0%   0.965 CG:1    UG:5    +
   33    94  0   0.0%   0.153 CG:2    UG:4    +
   54    79  0   0.0%   1.544 GU:3    AU:3    +
    9    96  0   0.0%   0.507 UG:1    UA:5    +
   47    53  0   0.0%   0.037 GU:5    AU:1    +
   65    94  0   0.0%   0.542 CG:5    UG:1    +
   30    99  0   0.0%   0.475 GU:5    AU:1    +
    7   120  0   0.0%   0.002 UG:3    UA:3    +
   38   133  0   0.0%   0.237 CG:1    UG:5    +
    8    30  0   0.0%   0.172 UG:5    UA:1    +
   36    47  0   0.0%   0.048 UG:5    UA:1    +
   11    47  0   0.0%   0.517 UG:5    UA:1    +
   12    40  0   0.0%   0.359 CG:1    UG:5    +
   30    74  0   0.0%   0.024 GU:5    AU:1    +
   19    30  0   0.0%   0.115 UG:5    UA:1    +
   21   127  0   0.0%   1.082 CG:1    UG:5    +
   40   149  0   0.0%   0.352 GC:1    GU:5    +
   78    89  0   0.0%   0.925 CG:1    UG:5    +
   21    88  0   0.0%   0.566 CG:1    UG:5    +
   40    51  0   0.0%   0.040 GC:1    GU:5    +
   38    88  0   0.0%   0.435 CG:1    UG:5    +
    9    47  0   0.0%   0.507 UG:5    UA:1    +
    9    30  0   0.0%   0.508 UG:5    UA:1    +
   24    30  0   0.0%   0.364 UG:5    UA:1    +
   21    89  0   0.0%   0.565 CG:1    UG:5    +
   12    76  0   0.0%   0.362 CG:1    UG:5    +
   42    56  0   0.0%   0.070 CG:1    UG:5    +
   37   159  0   0.0%   0.289 GC:2    GU:4    +
   57    75  1   0.0%   0.952 CG:1    UG:1    AU:2    UA:1    +
   47    67  1   1.4%   0.202 GC:5    +
   43    78  2   1.2%   0.302 GU:1    AU:3    +
    9   124  2   1.2%   0.698 UG:3    UA:1    +
   42    75  2   1.2%   0.263 UG:2    UA:2    +
   58    63  3   1.6%   0.298 UA:3    +
   20   103  0   0.9%   0.502 AU:6    +
   48    74  2   1.2%   0.681 GU:2    AU:2    +
   23   102  2   1.5%   1.010 AU:4    +
   10    19  0   0.8%   0.119 AU:6    +
   31    79  0   0.8%   0.126 AU:6    +
   28   100  0   0.8%   0.285 CG:6    +
  106   125  0   0.8%   1.226 GC:6    +
   41    73  0   0.8%   0.175 CG:6    +
   17    88  0   0.7%   0.364 CG:6    +
   40    74  0   0.7%   0.165 GU:6    +
   16    89  0   0.7%   0.121 CG:6    +
   18    87  1   0.7%   0.378 UG:2    UA:3    +
   95   115  3   1.5%   0.411 AU:3    +
   49    65  3   1.5%   0.194 GC:3    +
  100   125  0   0.7%   0.781 GC:6    +
   74    82  2   1.4%   1.191 UG:4    +
  114   120  1   0.2%   1.005 CG:1    UG:2    UA:2    +
    9    20  0   0.7%   0.102 UA:6    +
   91   120  2   1.0%   0.829 UG:2    UA:2    +
   19    86  0   0.6%   0.218 UA:6    +
   29    99  0   0.6%   0.560 AU:6    +
   88   123  2   0.9%   0.723 GC:1    GU:3    +
   90   121  1   1.1%   0.817 UA:5    +
   25    84  1   0.6%   0.711 AU:4    UA:1    +
   51    63  1   1.1%   0.168 UA:5    +
   20    24  0   0.5%   0.664 AU:6    +
   34    75  1   0.0%   0.034 GU:1    UG:2    UA:2    +
   33    87  1   0.0%   0.109 CG:1    UG:1    UA:3    +
   16   106  0   0.5%   0.153 CG:6    +
   57    82  1   0.0%   0.418 CG:1    UG:2    AU:2    +
   20    99  0   0.5%   0.386 AU:6    +
   19   100  0   0.5%   0.279 UG:6    +
   18    48  1   0.0%   0.270 UG:2    AU:1    UA:2    +
   43    84  1   0.0%   0.532 GU:1    AU:3    UA:1    +
   47    66  1   0.0%   0.017 GC:2    GU:2    AU:1    +
   33    69  1   0.0%   0.026 CG:1    UG:1    UA:3    +
   34    44  1   0.0%   0.023 GC:1    UG:1    UA:3    +
  115   129  1   0.0%   0.566 GC:1    GU:1    UA:3    +
   27    75  1   0.0%   0.036 UG:2    AU:1    UA:2    +
  108   126  1   0.0%   0.938 UG:1    AU:1    UA:3    +
   13    48  1   0.0%   0.368 UG:2    AU:2    UA:1    +
   45    92  1   0.0%   0.424 CG:1    GC:3    UG:1    +
   30    66  1   0.0%   0.020 GC:2    GU:2    AU:1    +
   49    92  1   0.0%   1.214 CG:1    GC:3    UG:1    +
  116   127  0   0.5%   0.667 CG:6    +
   52    63  0   0.5%   0.188 UA:6    +
   14    92  1   0.5%   0.121 CG:2    GC:3    +
   55    61  0   0.5%   0.162 GC:6    +
   22   112  0   0.5%   1.039 AU:6    +
   58    64  3   1.2%   0.321 UA:3    +
   71    76  0   0.5%   1.290 CG:6    +
   17   106  0   0.4%   0.406 CG:6    +
   98   103  0   0.4%   0.604 AU:6    +
  109   115  3   1.2%   1.068 AU:3    +
   23   105  0   0.4%   0.973 AU:6    +
  152   158  0   0.4%   0.145 AU:6    +
  107   124  2   0.7%   1.265 UG:3    UA:1    +
  140   155  0   0.4%   0.095 CG:6    +
   11    95  0   0.4%   0.583 UA:6    +
   43    53  1   0.4%   0.095 GU:1    AU:4    +
   41    55  0   0.4%   0.100 CG:6    +
  139   156  1   0.4%   0.370 GU:2    UA:3    +
   28    37  0   0.4%   0.072 CG:6    +
   19   104  1   0.9%   0.341 UA:5    +
   24    43  1   0.4%   0.446 UG:1    UA:4    +
   21   101  1   0.8%   0.739 UA:5    +
   59    64  0   0.3%   0.248 UA:6    +
   29    36  0   0.3%   0.082 AU:6    +
   27   101  1   0.8%   0.433 UA:5    +
   22    97  0   0.3%   0.604 AU:6    +
   37    61  0   0.3%   0.087 GC:6    +
  100   118  0   0.3%   0.944 GC:6    +
   16   100  0   0.3%   0.106 CG:6    +
   45    51  2   0.3%   0.061 GC:1    GU:2    AU:1    +
   30    80  1   0.8%   0.139 GC:5    +
   80   127  0   0.3%   1.029 CG:6    +
   50    75  2   0.6%   1.143 UG:2    UA:2    +
  136   155  0   0.3%   0.107 CG:6    +
   10   112  0   0.3%   0.606 AU:6    +
   26    33  1   0.3%   0.435 GC:2    GU:3    +
   32    78  1   0.8%   0.136 AU:5    +
   52    62  1   0.7%   0.150 UA:5    +
  151   158  0   0.2%   0.093 AU:6    +
   28    40  0   0.2%   0.086 CG:6    +
   56    61  0   0.2%   0.130 GC:6    +
   98   112  0   0.2%   1.169 AU:6    +
  152   157  0   0.2%   0.092 AU:6    +
   23    36  0   0.2%   0.481 AU:6    +
    9   127  0   0.2%   1.084 UG:6    +
   25   103  1   0.7%   1.206 AU:5    +
   79   128  0   0.2%   0.887 UA:6    +
   52    70  0   0.2%   1.419 UA:6    +
   20    97  0   0.2%   0.330 AU:6    +
   55    67  0   0.2%   0.798 GC:6    +
   21    96  1   0.2%   0.567 UG:1    UA:4    +
   47    72  2   0.2%   0.133 GC:1    GU:2    AU:1    +
  103   121  0   0.2%   1.177 UA:6    +
   19    98  0   0.2%   0.191 UA:6    +
  140   148  0   0.2%   0.089 CG:6    +
   99   119  0   0.2%   1.173 UA:6    +
   17   100  0   0.2%   0.346 CG:6    +
   39    75  3   0.7%   0.155 AU:1    UA:2    +
  146   157  0   0.2%   0.113 AU:6    +
   53    62  1   0.7%   0.186 UA:5    +
   96   114  2   0.5%   0.546 GU:1    AU:3    +
   23    97  0   0.2%   0.515 AU:6    +
   56    66  1   0.2%   0.758 GC:2    GU:3    +
   61    73  0   0.2%   0.466 CG:6    +
   88   122  0   0.2%   0.532 GC:6    +
   26    83  1   0.6%   0.527 GC:5    +
   87   123  2   0.1%   0.438 GC:1    GU:1    AU:2    +
  145   158  0   0.1%   0.311 AU:6    +
   15   120  2   0.1%   0.728 CG:1    UG:1    UA:2    +
   15   124  2   0.1%   0.968 CG:1    UG:2    AU:1    +
   98   105  0   0.1%   0.615 AU:6    +
    8   128  0   0.1%   0.327 UA:6    +
   40    58  1   0.1%   0.068 GC:2    GU:3    +
   58    76  1   0.1%   0.758 CG:2    UG:3    +
   97   106  0   0.1%   0.677 UG:6    +
  112   119  0   0.1%   1.316 UA:6    +
   97   119  0   0.1%   1.127 UA:6    +
   19    25  1   0.6%   0.711 UA:5    +
   41    89  0   0.1%   0.334 CG:6    +
   29    81  2   0.8%   0.155 AU:4    +
   27    82  1   0.1%   0.061 UG:4    AU:1    +
  151   157  0   0.1%   0.061 AU:6    +
   20   102  2   0.8%   0.458 AU:4    +
   21    26  1   0.1%   0.904 CG:1    UG:4    +
   34    87  1   0.1%   0.114 UG:1    UA:4    +
  106   112  0   0.1%   1.297 GU:6    +
   71    89  0   0.1%   0.857 CG:6    +
  110   119  0   0.1%   1.285 UA:6    +
   50    76  0   0.1%   0.653 UG:6    +
   24   109  0   0.1%   1.132 UA:6    +
   76    83  0   0.1%   0.941 GC:6    +
   27    96  1   0.1%   0.211 UG:1    UA:4    +
  139   144  3   0.3%   0.060 GC:1    GU:1    UA:1    +
   19   115  3   0.6%   0.615 UG:2    UA:1    +
   22    99  0   0.1%   0.600 AU:6    +
  110   121  0   0.1%   1.417 UA:6    +
  147   152  0   0.1%   0.099 UA:6    +
   67    94  0   0.1%   0.448 CG:6    +
   10   110  0   0.1%   0.571 AU:6    +
   75    84  2   0.1%   1.138 GU:2    AU:1    UA:1    +
   11   109  0   0.1%   0.561 UA:6    +
   32    97  0   0.1%   0.488 AU:6    +
  105   109  0   0.1%   0.658 UA:6    +
   41    56  0   0.1%   0.073 CG:6    +
   90   120  1   0.1%   0.696 UG:3    UA:2    +
   19   119  0   0.1%   0.937 UA:6    +
   23   110  0   0.1%   1.232 AU:6    +
   55    80  0   0.1%   1.601 GC:6    +
   54    61  3   0.8%   0.166 GC:3    +
   18   115  2   0.1%   0.369 UG:2    AU:1    UA:1    +
   56    79  0   0.1%   1.274 GU:6    +
   64    74  0   0.1%   0.853 AU:6    +
   19    23  0   0.1%   0.507 UA:6    +
   24    32  0   0.1%   0.373 UA:6    +
  101   110  0   0.1%   0.959 AU:6    +
  100   110  0   0.1%   0.877 GU:6    +
   26    38  1   0.1%   0.415 GC:1    GU:4    +
   20    36  0   0.1%   0.293 AU:6    +
   67    76  0   0.1%   0.861 CG:6    +
   76    85  0   0.1%   0.684 GC:6    +
   56    80  0   0.1%   1.200 GC:6    +
   73    85  0   0.0%   0.558 GC:6    +
   24   104  1   0.5%   1.023 UA:5    +
  105   126  2   0.4%   1.143 UG:1    UA:3    +
   37    71  0   0.0%   0.062 GC:6    +
   53    70  0   0.0%   1.068 UA:6    +
   24    40  0   0.0%   0.394 UG:6    +
   52    73  0   0.0%   0.843 UG:6    +
  112   121  0   0.0%   1.436 UA:6    +
   18   120  1   0.0%   1.016 UG:2    UA:3    +
  115   124  1   0.0%   0.936 GU:2    UG:3    +
   85   127  0   0.0%   0.239 CG:6    +
   19    37  0   0.0%   0.118 UG:6    +
  137   158  0   0.0%   0.074 AU:6    +
   22   105  0   0.0%   0.709 AU:6    +
   20   107  0   0.0%   0.491 AU:6    +
   11    22  0   0.0%   0.354 UA:6    +
   21    43  1   0.0%   0.534 CG:1    UA:4    +
   42    48  2   0.0%   0.045 CG:1    UG:1    UA:2    +
   22    36  0   0.0%   0.539 AU:6    +
   19   109  0   0.0%   0.311 UA:6    +
   83   127  0   0.0%   0.509 CG:6    +
   36    73  0   0.0%   0.068 UG:6    +
   95   112  0   0.0%   0.302 AU:6    +
   44    52  2   0.4%   0.068 GU:1    AU:3    +
   68    79  0   0.0%   1.473 AU:6    +
   71    88  0   0.0%   0.974 CG:6    +
   56    83  0   0.0%   0.747 GC:6    +
   52    76  0   0.0%   1.430 UG:6    +
   36    77  0   0.0%   0.104 UA:6    +
   53    86  0   0.0%   0.663 UA:6    +
   11   101  0   0.0%   0.546 UA:6    +
   67    73  0   0.0%   0.726 CG:6    +
  144   155  1   0.0%   0.082 CG:2    UG:3    +
   12    43  1   0.0%   0.365 CG:1    UA:4    +
   19   101  0   0.0%   0.240 UA:6    +
  147   155  0   0.0%   0.113 UG:6    +
   74    86  0   0.0%   0.892 UA:6    +
   11    32  0   0.0%   0.519 UA:6    +
   40    85  0   0.0%   0.424 GC:6    +
   31    36  0   0.0%   0.049 AU:6    +
   20   114  2   0.7%   0.821 AU:4    +
   11    31  0   0.0%   0.517 UA:6    +
  144   148  1   0.0%   0.094 CG:2    UG:3    +
   97   109  0   0.0%   0.599 UA:6    +
   85    94  0   0.0%   0.158 CG:6    +
   15   113  1   0.0%   0.059 AU:2    UA:3    +
   97   101  0   0.0%   0.578 UA:6    +
   24   100  0   0.0%   0.816 UG:6    +
   38    87  1   0.0%   0.291 UG:2    UA:3    +
    9   121  0   0.0%   0.536 UA:6    +
  103   109  0   0.0%   0.626 UA:6    +
   40    50  0   0.0%   0.043 GU:6    +
   41    88  0   0.0%   0.446 CG:6    +
   83    89  0   0.0%   0.434 CG:6    +
   16    40  0   0.0%   0.014 CG:6    +
  146   158  0   0.0%   0.106 AU:6    +
   80    94  0   0.0%   0.923 CG:6    +
   79    95  0   0.0%   0.978 UA:6    +
  147   160  0   0.0%   0.080 UA:6    +
   78    96  1   0.0%   0.888 UG:1    UA:4    +
   17    40  0   0.0%   0.252 CG:6    +
   17   127  0   0.0%   0.461 CG:6    +
   33    77  2   0.7%   0.132 UA:4    +
   47    65  1   0.0%   0.015 GC:4    GU:1    +
   17    55  0   0.0%   0.256 CG:6    +
   16    56  0   0.0%   0.014 CG:6    +
   32    50  0   0.0%   0.026 AU:6    +
   33    49  2   0.0%   0.028 CG:2    UG:1    UA:1    +
   77    97  0   0.0%   0.818 AU:6    +
   10    97  0   0.0%   0.551 AU:6    +
   10   105  0   0.0%   0.554 AU:6    +
   59    70  0   0.0%   0.932 UA:6    +
   24    86  0   0.0%   0.439 UA:6    +
   89   118  0   0.0%   0.431 GC:6    +
   29    53  0   0.0%   0.042 AU:6    +
   95   103  0   0.0%   0.321 AU:6    +
   97   121  0   0.0%   1.400 UA:6    +
   23   112  0   0.0%   1.128 AU:6    +
   53    63  0   0.0%   0.143 UA:6    +
   36    98  0   0.0%   0.520 UA:6    +
   32    36  0   0.0%   0.064 AU:6    +
   18    54  1   0.0%   0.271 UG:2    UA:3    +
    9    98  0   0.0%   0.510 UA:6    +
   28   106  0   0.0%   0.375 CG:6    +
   37    97  0   0.0%   0.680 GU:6    +
   38    75  2   0.0%   0.054 CG:1    UG:1    UA:2    +
   29   105  0   0.0%   0.318 AU:6    +
   40   125  0   0.0%   0.365 GC:6    +
   73    79  0   0.0%   1.176 GU:6    +
    4    28  0   0.0%   0.002 GC:6    +
   40    71  0   0.0%   0.058 GC:6    +
   38    96  1   0.0%   0.279 UG:1    UA:4    +
   23    50  0   0.0%   0.451 AU:6    +
    8    22  0   0.0%   0.003 UA:6    +
   73   131  0   0.0%   0.471 GC:6    +
   74   130  0   0.0%   0.763 UA:6    +
   28    73  0   0.0%   0.041 CG:6    +
    9    23  0   0.0%   0.282 UA:6    +
   28    76  0   0.0%   0.041 CG:6    +
   31    97  0   0.0%   0.462 AU:6    +
   24    95  0   0.0%   0.428 UA:6    +
   80    88  0   0.0%   1.079 CG:6    +
   31   103  0   0.0%   0.241 AU:6    +
   36    94  0   0.0%   0.207 UG:6    +
   16   127  0   0.0%   0.468 CG:6    +
   37   136  0   0.0%   0.290 GC:6    +
   40   134  0   0.0%   0.354 GC:6    +
   99   106  0   0.0%   0.641 UG:6    +
   13    91  1   0.0%   0.370 AU:3    UA:2    +
  101   105  0   0.0%   0.391 AU:6    +
   36   137  0   0.0%   0.155 UA:6    +
   41   133  0   0.0%   0.255 CG:6    +
   26    78  1   0.0%   0.430 GC:1    GU:4    +
   38    45  2   0.0%   0.031 CG:1    UG:2    UA:1    +
   88   125  0   0.0%   0.309 GC:6    +
   52    64  0   0.0%   0.160 UA:6    +
    7   127  0   0.0%   0.005 UG:6    +
   26   114  1   0.0%   0.604 GC:1    GU:4    +
   98   107  0   0.0%   0.555 AU:6    +
  100   105  0   0.0%   0.316 GU:6    +
   94   118  0   0.0%   0.479 GC:6    +
   14   115  1   0.0%   0.100 CG:2    GU:3    +
    9   119  0   0.0%   0.532 UA:6    +
   40    67  0   0.0%   0.055 GC:6    +
   22   107  0   0.0%   0.645 AU:6    +
  148   157  0   0.0%   0.089 GU:6    +
   71   133  0   0.0%   0.770 CG:6    +
   61    76  0   0.0%   0.588 CG:6    +
    9   106  0   0.0%   0.510 UG:6    +
    7    23  0   0.0%   0.002 UA:6    +
   38    49  2   0.0%   0.030 CG:1    UG:2    UA:1    +
   12    26  1   0.0%   0.451 CG:1    UG:4    +
    8   121  0   0.0%   0.174 UA:6    +
  137   157  0   0.0%   0.066 AU:6    +
   67    88  0   0.0%   0.585 CG:6    +
   66    88  1   0.0%   0.779 CG:2    UG:3    +
   17    89  0   0.0%   0.328 CG:6    +
  100   107  0   0.0%   0.264 GU:6    +
   11   127  0   0.0%   1.081 UG:6    +
   10   107  0   0.0%   0.553 AU:6    +
   20    53  0   0.0%   0.292 AU:6    +
   11   128  0   0.0%   0.994 UA:6    +
   11   106  0   0.0%   0.545 UG:6    +
   40    61  0   0.0%   0.069 GC:6    +
   39   135  2   0.0%   0.401 UG:1    AU:2    UA:1    +
   64    97  0   0.0%   0.543 AU:6    +
   55    79  0   0.0%   1.669 GU:6    +
   37    59  0   0.0%   0.032 GU:6    +
   37    41  0   0.0%   0.058 GC:6    +
   27   113  1   0.0%   0.363 AU:1    UA:4    +
   43    50  1   0.0%   0.032 GU:1    AU:4    +
    9   128  0   0.0%   0.985 UA:6    +
   76   131  0   0.0%   0.592 GC:6    +
   36    89  0   0.0%   0.216 UG:6    +
   24    37  0   0.0%   0.387 UG:6    +
   55    59  0   0.0%   0.046 GU:6    +
   11   119  0   0.0%   0.568 UA:6    +
   79    89  0   0.0%   0.903 UG:6    +
   24   119  0   0.0%   1.335 UA:6    +
   11    70  0   0.0%   0.518 UA:6    +
   10   103  0   0.0%   0.551 AU:6    +
   59    77  0   0.0%   0.615 UA:6    +
   19    40  0   0.0%   0.122 UG:6    +
    2    40  0   0.0%   0.002 CG:6    +
    1    41  0   0.0%   0.001 GC:6    +
   36    76  0   0.0%   0.083 UG:6    +
   53    64  0   0.0%   0.140 UA:6    +
    7    22  0   0.0%   0.001 UA:6    +
   70    74  0   0.0%   1.442 AU:6    +
   36    88  0   0.0%   0.350 UG:6    +
   43    52  1   0.0%   0.030 GU:1    AU:4    +
    9   109  0   0.0%   0.510 UA:6    +
   68    74  0   0.0%   1.349 AU:6    +
  100   112  0   0.0%   0.849 GU:6    +
   19   121  0   0.0%   1.181 UA:6    +
   20    74  0   0.0%   0.292 AU:6    +
    7   121  0   0.0%   0.003 UA:6    +
   37    74  0   0.0%   0.058 GU:6    +
   38    69  1   0.0%   0.046 UG:2    UA:3    +
   50    89  0   0.0%   0.971 UG:6    +
   70    79  0   0.0%   1.563 AU:6    +
  145   157  0   0.0%   0.281 AU:6    +
   83    88  0   0.0%   0.569 CG:6    +
   37   125  0   0.0%   0.301 GC:6    +
  105   121  0   0.0%   1.371 UA:6    +
   10    99  0   0.0%   0.549 AU:6    +
   19    43  1   0.0%   0.119 UG:1    UA:4    +
   48    82  2   0.0%   1.001 GU:1    UG:2    AU:1    +
   38   124  2   0.0%   0.564 CG:1    UG:2    UA:1    +
    5    37  0   0.0%   0.001 UG:6    +
   23   103  0   0.0%   0.957 AU:6    +
    9   100  0   0.0%   0.509 UG:6    +
   22    59  0   0.0%   0.534 AU:6    +
   99   121  0   0.0%   1.430 UA:6    +
    8    20  0   0.0%   0.001 UA:6    +
   37    80  0   0.0%   0.093 GC:6    +
   11    98  0   0.0%   0.541 UA:6    +
   66    89  1   0.0%   0.643 CG:2    UG:3    +
   37    67  0   0.0%   0.053 GC:6    +
   36    43  1   0.0%   0.067 UG:1    UA:4    +
  147   151  0   0.0%   0.079 UA:6    +
   34    96  1   0.0%   0.262 UG:1    UA:4    +
   36    68  0   0.0%   0.060 UA:6    +
   52    77  0   0.0%   1.373 UA:6    +
   17    56  0   0.0%   0.255 CG:6    +
   32    74  0   0.0%   0.024 AU:6    +
   17    76  0   0.0%   0.254 CG:6    +
   54    58  2   0.0%   0.034 GC:1    GU:2    AU:1    +
  103   127  0   0.0%   0.615 UG:6    +
  101   112  0   0.0%   0.927 AU:6    +
   12    48  2   0.0%   0.362 CG:1    UG:1    UA:2    +
   75    93  2   0.0%   1.003 GU:2    AU:1    UA:1    +
   53    76  0   0.0%   1.004 UG:6    +
   25    81  1   0.0%   0.622 AU:4    UA:1    +
   61    94  0   0.0%   0.163 CG:6    +
   24    77  0   0.0%   0.403 UA:6    +
   64    79  0   0.0%   0.967 AU:6    +
   10    74  0   0.0%   0.548 AU:6    +
   55    74  0   0.0%   1.544 GU:6    +
    8    76  0   0.0%   0.171 UG:6    +
   17    37  0   0.0%   0.247 CG:6    +
  107   119  0   0.0%   1.370 UA:6    +
   10    50  0   0.0%   0.548 AU:6    +
   21    48  2   0.0%   0.529 CG:1    UG:1    UA:2    +
   50   121  0   0.0%   1.516 UA:6    +
   18    96  1   0.0%   0.308 UG:1    UA:4    +
   11    73  0   0.0%   0.517 UG:6    +
   66    87  2   0.0%   0.626 CG:1    UG:1    UA:2    +
    8   101  0   0.0%   0.172 UA:6    +
   36    63  0   0.0%   0.061 UA:6    +
  134   155  0   0.0%   0.002 CG:6    +
    7    77  0   0.0%   0.002 UA:6    +
  103   128  0   0.0%   0.516 UA:6    +
   16    76  0   0.0%   0.012 CG:6    +
   24    73  0   0.0%   0.403 UG:6    +
   20    52  0   0.0%   0.291 AU:6    +
  148   158  0   0.0%   0.089 GU:6    +
   48   123  2   0.0%   1.034 GC:1    AU:2    UA:1    +
   23    74  0   0.0%   0.450 AU:6    +
   30    65  1   0.0%   0.020 GC:4    GU:1    +
   20    50  0   0.0%   0.291 AU:6    +
   71    94  0   0.0%   0.829 CG:6    +
   72    93  2   0.0%   0.700 UG:1    AU:2    UA:1    +
   88   118  0   0.0%   0.566 GC:6    +
   42    69  1   0.0%   0.066 UG:2    UA:3    +
   73   134  0   0.0%   0.471 GC:6    +
   22    79  0   0.0%   0.534 AU:6    +
   74   133  0   0.0%   0.762 UG:6    +
   18    47  1   0.0%   0.273 UG:4    UA:1    +
   24    31  0   0.0%   0.362 UA:6    +
    8   119  0   0.0%   0.172 UA:6    +
   95    99  0   0.0%   0.546 AU:6    +
   52   119  0   0.0%   1.331 UA:6    +
   37    50  0   0.0%   0.032 GU:6    +
   59    76  0   0.0%   0.678 UG:6    +
   50    63  0   0.0%   0.016 UA:6    +
   24   121  0   0.0%   1.581 UA:6    +
   63    79  0   0.0%   1.007 AU:6    +
   50    68  0   0.0%   0.071 UA:6    +
   22   147  0   0.0%   0.897 AU:6    +
   89   125  0   0.0%   0.166 GC:6    +
   12    87  1   0.0%   0.362 UG:2    UA:3    +
    7    20  0   0.0%   0.000 UA:6    +
   48   124  2   0.0%   1.015 GU:1    UG:2    AU:1    +
   40   107  0   0.0%   0.496 GU:6    +
   41   106  0   0.0%   0.486 CG:6    +
   37   110  0   0.0%   0.523 GU:6    +
   94   122  0   0.0%   0.472 GC:6    +
   41    94  0   0.0%   0.307 CG:6    +
   73   118  0   0.0%   0.813 GC:6    +
   30    34  1   0.0%   0.027 GU:4    AU:1    +
    4    24  0   0.0%   0.000 GU:6    +
   10    36  0   0.0%   0.547 AU:6    +
   66    73  1   0.0%   0.918 CG:2    UG:3    +
   40    79  0   0.0%   0.128 GU:6    +
    4   125  0   0.0%   0.001 GC:6    +
   19    95  0   0.0%   0.176 UA:6    +
   74    94  0   0.0%   0.821 UG:6    +
   73   125  0   0.0%   0.482 GC:6    +
   79    86  0   0.0%   0.950 UA:6    +
    2   127  0   0.0%   0.001 CG:6    +
   94   125  0   0.0%   0.164 GC:6    +
   34   113  1   0.0%   0.373 GU:1    UA:4    +
   37    58  1   0.0%   0.030 GC:2    GU:3    +
    5   128  0   0.0%   0.001 UA:6    +
   36    95  0   0.0%   0.300 UA:6    +
    5    23  0   0.0%   0.000 UA:6    +
    1   136  0   0.0%   0.001 GC:6    +
   29    74  0   0.0%   0.041 AU:6    +
   28    55  0   0.0%   0.040 CG:6    +
   16    37  0   0.0%   0.009 CG:6    +
   21    87  1   0.0%   0.565 UG:2    UA:3    +
   67    89  0   0.0%   0.449 CG:6    +
    7    29  0   0.0%   0.003 UA:6    +
   85    89  0   0.0%   0.174 CG:6    +
   93   126  2   0.0%   0.514 UG:1    AU:1    UA:2    +
   63    74  0   0.0%   0.886 AU:6    +
    7   130  0   0.0%   0.025 UA:6    +
   97   128  0   0.0%   0.773 UA:6    +
   33    45  2   0.0%   0.027 CG:2    UG:1    UA:1    +
   16   155  0   0.0%   0.351 CG:6    +
   19    29  0   0.0%   0.113 UA:6    +
   24    29  0   0.0%   0.363 UA:6    +
   76   116  0   0.0%   0.594 GC:6    +
   37   134  0   0.0%   0.289 GC:6    +
   40   131  0   0.0%   0.351 GC:6    +
   66    94  1   0.0%   0.624 CG:2    UG:3    +
   16    55  0   0.0%   0.011 CG:6    +
   29    97  0   0.0%   0.491 AU:6    +
    7    31  0   0.0%   0.002 UA:6    +
   95   105  0   0.0%   0.334 AU:6    +
   41   155  0   0.0%   0.254 CG:6    +
    4   118  0   0.0%   0.001 GC:6    +
    9    37  0   0.0%   0.507 UG:6    +
   32    79  0   0.0%   0.099 AU:6    +
   58    73  1   0.0%   0.599 CG:2    UG:3    +
   11    37  0   0.0%   0.515 UG:6    +
   59    95  0   0.0%   0.348 UA:6    +
   40   118  0   0.0%   0.695 GC:6    +
   37   122  0   0.0%   0.567 GC:6    +
   63    97  0   0.0%   0.583 AU:6    +
  112   127  0   0.0%   0.807 UG:6    +
  133   140  0   0.0%   0.002 GC:6    +
   12    96  1   0.0%   0.387 UG:1    UA:4    +
   37   118  0   0.0%   0.632 GC:6    +
   61   100  0   0.0%   0.216 CG:6    +
   18    30  1   0.0%   0.268 UG:4    UA:1    +
  125   148  0   0.0%   0.124 CG:6    +
   40   122  0   0.0%   0.629 GC:6    +
   41   148  0   0.0%   0.254 CG:6    +
    8    31  0   0.0%   0.171 UA:6    +
   80    89  0   0.0%   0.940 CG:6    +
   19    31  0   0.0%   0.112 UA:6    +
    9    29  0   0.0%   0.508 UA:6    +
    9    95  0   0.0%   0.507 UA:6    +
   24   146  0   0.0%   0.967 UA:6    +
   36   119  0   0.0%   0.523 UA:6    +
   16    88  0   0.0%   0.012 CG:6    +
    2   155  0   0.0%   0.001 CG:6    +
   97   127  0   0.0%   0.872 UG:6    +
   19   127  0   0.0%   0.683 UG:6    +
   66    76  1   0.0%   1.045 CG:2    UG:3    +
   22    52  0   0.0%   0.534 AU:6    +
    1    28  0   0.0%   0.000 GC:6    +
   95   107  0   0.0%   0.303 AU:6    +
    9    32  0   0.0%   0.507 UA:6    +
   28   127  0   0.0%   0.259 CG:6    +
    7    32  0   0.0%   0.002 UA:6    +
   85   100  0   0.0%   0.200 CG:6    +
    5    22  0   0.0%   0.000 UA:6    +
   11    77  0   0.0%   0.517 UA:6    +
   17    94  0   0.0%   0.315 CG:6    +
   86    99  0   0.0%   0.521 AU:6    +
   56    74  0   0.0%   1.136 GU:6    +
   17    73  0   0.0%   0.254 CG:6    +
    8    29  0   0.0%   0.172 UA:6    +
   69    90  1   0.0%   0.806 GU:2    AU:3    +
    1   122  0   0.0%   0.000 GC:6    +
   19    63  0   0.0%   0.121 UA:6    +
   28    88  0   0.0%   0.110 CG:6    +
   15    75  2   0.0%   0.019 CG:1    AU:1    UA:2    +
   95   110  0   0.0%   0.396 AU:6    +
    5    31  0   0.0%   0.000 UA:6    +
   22    50  0   0.0%   0.533 AU:6    +
   23   147  0   0.0%   0.999 AU:6    +
   89   116  0   0.0%   0.087 GC:6    +
   27   120  1   0.0%   0.850 UG:3    UA:2    +
   92   124  1   0.0%   0.398 CG:3    GU:2    +
   94   112  0   0.0%   0.200 GU:6    +
   52    86  0   0.0%   1.082 UA:6    +
   16    94  0   0.0%   0.072 CG:6    +
    9    94  0   0.0%   0.507 UG:6    +
   34    69  1   0.0%   0.025 UG:2    UA:3    +
   28    82  2   0.7%   0.148 CG:4    +
  108   123  3   0.5%   0.978 AU:1    UA:2    +
  135   156  3   0.2%   0.216 GC:1    AU:1    UA:1    +
   21   113  2   0.6%   1.127 UA:4    +
   21    98  1   0.5%   0.631 UA:5    +
   26    41  1   0.5%   0.478 GC:5    +
   81   126  2   0.3%   0.921 AU:1    UA:3    +
   13    93  3   0.5%   0.442 AU:2    UA:1    +
   97   104  1   0.5%   0.632 UA:5    +
   21   115  3   0.2%   1.028 CG:1    UG:1    UA:1    +
   25    42  1   0.4%   0.673 AU:5    +
   45    72  3   0.2%   0.063 GC:1    GU:1    AU:1    +
   18   101  1   0.4%   0.394 UA:5    +
   57    69  3   0.4%   0.790 CG:1    UA:2    +
   45    79  2   0.2%   0.501 GU:3    AU:1    +
   59    75  2   0.2%   1.076 UG:2    UA:2    +
   99   126  2   0.2%   1.180 UG:1    UA:3    +
   58    68  3   0.6%   0.761 UA:3    +
   46    82  2   0.1%   0.875 CG:2    AU:2    +
   18   119  1   0.3%   0.759 UA:5    +
   26    97  1   0.3%   0.882 GU:5    +
  138   145  1   0.3%   0.051 UA:5    +
   36    62  1   0.3%   0.092 UA:5    +
   72    88  2   0.1%   0.866 CG:1    UG:3    +
   34    76  1   0.3%   0.080 UG:5    +
   43    49  3   0.0%   0.037 GC:1    AU:1    UA:1    +
   69    91  2   0.1%   0.824 GU:1    AU:3    +
   39   126  3   0.0%   0.769 UG:1    AU:1    UA:1    +
   33    96  2   0.1%   0.153 UG:1    UA:3    +
   12   115  3   0.0%   0.405 CG:1    UG:1    UA:1    +
   38   135  3   0.0%   0.238 CG:1    UG:1    UA:1    +
   15   126  3   0.0%   1.005 UG:1    AU:1    UA:1    +
   12    23  1   0.3%   0.788 UA:5    +
    6    21  3   0.0%   0.000 GC:1    GU:1    AU:1    +
   72   135  3   0.0%   0.641 CG:1    AU:1    UA:1    +
    6   123  3   0.0%   0.001 GU:1    AU:1    UA:1    +
    6    12  3   0.0%   0.000 GC:1    GU:1    AU:1    +
   33    75  3   0.0%   0.027 CG:1    UG:1    UA:1    +
    6   114  3   0.0%   0.001 GC:1    GU:1    AU:1    +
   54    81  2   0.1%   1.169 GU:1    AU:3    +
   42    77  1   0.2%   0.201 UA:5    +
    8   126  2   0.1%   0.190 UG:1    UA:3    +
   27    32  1   0.2%   0.053 UA:5    +
   27    40  1   0.2%   0.069 UG:5    +
    8   124  2   0.1%   0.185 UG:3    UA:1    +
   45    74  2   0.1%   0.142 GU:3    AU:1    +
   25    39  2   0.1%   0.610 AU:3    UA:1    +
   11   126  2   0.0%   1.335 UG:1    UA:3    +
   13   108  2   0.0%   0.418 AU:3    UA:1    +
   44    74  2   0.0%   0.126 GU:1    AU:3    +
   51    64  1   0.2%   0.168 UA:5    +
   19    45  2   0.0%   0.125 UG:3    UA:1    +
  142   150  2   0.0%   0.021 GU:2    UA:2    +
  113   123  2   0.0%   0.792 AU:3    UA:1    +
   84   126  2   0.0%   0.592 AU:1    UA:3    +
   53    75  2   0.0%   1.393 UG:2    UA:2    +
   24   124  2   0.0%   1.295 UG:3    UA:1    +
   44    48  2   0.0%   0.016 CG:2    AU:2    +
   19   117  1   0.2%   0.894 UA:5    +
  135   143  2   0.0%   0.006 GU:2    UG:2    +
   96   102  2   0.0%   0.210 GU:1    AU:3    +
   44    53  2   0.0%   0.054 GU:1    AU:3    +
  100   123  2   0.0%   1.050 GC:1    GU:3    +
  151   159  2   0.4%   0.108 AU:4    +
  139   154  2   0.0%   0.296 GC:2    UA:2    +
   45    52  2   0.0%   0.048 GU:3    AU:1    +
   11    44  2   0.0%   0.519 UG:1    UA:3    +
  143   156  2   0.0%   0.063 GU:2    UA:2    +
   56    72  2   0.0%   1.077 GC:1    GU:3    +
  112   124  2   0.0%   1.054 UG:3    UA:1    +
   81    91  2   0.0%   0.542 AU:2    UA:2    +
   15    40  2   0.0%   0.020 CG:1    UG:3    +
   37    72  2   0.0%   0.056 GC:1    GU:3    +
   24    49  2   0.0%   0.405 UG:3    UA:1    +
   18    26  2   0.3%   0.648 UG:4    +
   44    50  2   0.0%   0.011 GU:1    AU:3    +
   15    26  2   0.0%   0.114 CG:1    UG:3    +
  105   124  2   0.0%   1.030 UG:3    UA:1    +
  123   127  2   0.0%   0.723 CG:1    UG:3    +
   15   106  2   0.0%   0.041 CG:1    UG:3    +
   15    25  2   0.0%   0.327 AU:1    UA:3    +
   25   115  2   0.0%   1.163 AU:3    UA:1    +
   99   124  2   0.0%   1.108 UG:3    UA:1    +
   13   104  2   0.0%   0.413 AU:1    UA:3    +
   45    50  2   0.0%   0.011 GU:3    AU:1    +
   97   124  2   0.0%   1.077 UG:3    UA:1    +
   72    76  2   0.0%   1.134 CG:1    UG:3    +
   54    65  2   0.0%   0.133 GC:3    AU:1    +
    7   126  2   0.0%   0.004 UG:1    UA:3    +
   36    75  2   0.0%   0.067 UG:2    UA:2    +
  103   124  2   0.0%   0.821 UG:3    UA:1    +
   45    53  2   0.0%   0.050 GU:3    AU:1    +
   75    79  2   0.0%   1.688 GU:2    AU:2    +
   43    51  2   0.0%   0.031 GU:1    AU:3    +
   13    34  2   0.0%   0.366 UG:1    AU:3    +
   19    48  2   0.0%   0.122 UG:2    UA:2    +
  103   126  2   0.0%   0.873 UG:1    UA:3    +
   38    43  2   0.0%   0.050 UG:1    UA:3    +
   19    75  2   0.0%   0.121 UG:2    UA:2    +
   39    43  2   0.0%   0.049 AU:1    UA:3    +
   21    44  2   0.0%   0.529 UG:1    UA:3    +
  108   124  2   0.0%   0.904 UG:3    AU:1    +
   21    45  2   0.0%   0.530 UG:3    UA:1    +
  112   126  2   0.0%   1.087 UG:1    UA:3    +
   11    49  2   0.0%   0.517 UG:3    UA:1    +
    9    75  2   0.0%   0.507 UG:2    UA:2    +
   19   126  2   0.0%   0.934 UG:1    UA:3    +
   19   124  2   0.0%   0.889 UG:3    UA:1    +
   13    27  2   0.0%   0.362 AU:3    UA:1    +
   21   124  2   0.0%   1.289 UG:3    UA:1    +
   36   126  2   0.0%   0.522 UG:1    UA:3    +
   21    49  2   0.0%   0.528 UG:3    UA:1    +
    7   124  2   0.0%   0.003 UG:3    UA:1    +
   38    48  2   0.0%   0.028 UG:2    UA:2    +
   78    82  2   0.0%   1.218 CG:1    UG:3    +
   11    48  2   0.0%   0.517 UG:2    UA:2    +
   49    79  2   0.0%   1.970 GU:3    AU:1    +
   24    44  2   0.0%   0.403 UG:1    UA:3    +
   15   100  2   0.0%   0.022 CG:1    UG:3    +
   97   126  2   0.0%   1.120 UG:1    UA:3    +
   46   124  2   0.0%   0.881 CG:2    AU:2    +
    6    14  2   0.0%   0.000 GC:2    UG:2    +
   36    45  2   0.0%   0.046 UG:3    UA:1    +
   19    44  2   0.0%   0.118 UG:1    UA:3    +
   36    44  2   0.0%   0.044 UG:1    UA:3    +
    3   126  2   0.0%   0.001 CG:1    UA:3    +
    5   124  2   0.0%   0.001 UG:3    UA:1    +
   74   124  2   0.0%   1.088 UG:3    UA:1    +
   15    43  2   0.0%   0.021 AU:1    UA:3    +
    7    48  2   0.0%   0.002 UG:2    UA:2    +
   40    72  2   0.0%   0.053 GC:1    GU:3    +
  106   123  2   0.0%   1.458 GC:1    GU:3    +
   24   126  2   0.0%   1.336 UG:1    UA:3    +
   14    48  2   0.0%   0.044 CG:2    GU:2    +
  110   124  2   0.0%   1.032 UG:3    UA:1    +
   13    39  2   0.0%   0.365 AU:2    UA:2    +
   21    82  2   0.0%   0.528 CG:1    UG:3    +
   30    93  2   0.0%   0.140 GU:3    AU:1    +
   48    52  2   0.0%   0.033 GU:2    AU:2    +
   87    93  2   0.0%   0.123 GU:1    AU:3    +
   69    81  2   0.0%   1.198 GU:1    AU:3    +
   48    53  2   0.0%   0.034 GU:2    AU:2    +
   12    44  2   0.0%   0.362 UG:1    UA:3    +
   36    48  2   0.0%   0.045 UG:2    UA:2    +
   15    47  2   0.0%   0.019 CG:1    UG:3    +
   46    93  2   0.0%   0.608 CG:1    AU:3    +
   12    45  2   0.0%   0.361 UG:3    UA:1    +
   58    96  2   0.0%   0.312 CG:1    UA:3    +
   69    84  2   0.0%   0.954 GU:1    AU:3    +
   19    49  2   0.0%   0.121 UG:3    UA:1    +
   27    44  2   0.0%   0.035 UG:1    UA:3    +
  126   147  2   0.0%   0.425 GU:1    AU:3    +
  124   149  2   0.0%   0.425 GU:3    AU:1    +
    6    13  2   0.0%   0.000 GU:2    UA:2    +
   35    39  2   0.0%   0.044 AU:3    UA:1    +
   82    92  2   0.0%   0.428 GC:3    UG:1    +
   26   144  2   0.0%   0.558 GC:2    GU:2    +
   15    56  2   0.0%   0.019 CG:1    UG:3    +
   11    45  2   0.0%   0.516 UG:3    UA:1    +
   93   113  2   0.0%   0.213 AU:1    UA:3    +
   15   127  2   0.0%   0.753 CG:1    UG:3    +
   24    45  2   0.0%   0.405 UG:3    UA:1    +
  110   126  2   0.0%   1.066 UG:1    UA:3    +
   18    43  2   0.0%   0.266 UG:1    UA:3    +
   36    49  2   0.0%   0.045 UG:3    UA:1    +
   14    34  2   0.0%   0.042 CG:1    GU:3    +
   47    71  1   0.2%   0.113 GC:5    +
   12    20  1   0.1%   0.240 UA:5    +
   60    66  3   0.1%   0.608 AU:2    UA:1    +
   16    26  1   0.1%   0.122 CG:5    +
   82   125  2   0.3%   0.441 GC:4    +
   99   104  1   0.1%   0.602 UA:5    +
  120   125  3   0.4%   1.042 GC:3    +
   39    57  3   0.1%   0.050 AU:1    UA:2    +
  142   154  3   0.1%   0.047 GC:2    UA:1    +
   97   113  2   0.3%   0.903 UA:4    +
   26    99  1   0.1%   0.854 GU:5    +
   70    90  1   0.1%   0.802 AU:5    +
   13    22  3   0.4%   0.894 UA:3    +
  143   153  3   0.1%   0.050 GC:2    GU:1    +
   51    75  3   0.1%   1.386 UG:2    UA:1    +
   12   121  1   0.1%   1.102 UA:5    +
   24    35  2   0.3%   0.414 UA:4    +
  104   110  1   0.1%   0.725 AU:5    +
   46    78  3   0.3%   0.743 AU:3    +
   18   104  2   0.3%   0.384 UA:4    +
   34    86  1   0.1%   0.097 UA:5    +
  115   120  3   0.1%   1.402 UG:2    UA:1    +
   58    70  3   0.3%   1.022 UA:3    +
   11   111  2   0.2%   0.599 UA:4    +
   34    95  1   0.1%   0.375 UA:5    +
   39    91  3   0.1%   0.438 AU:2    UA:1    +
  118   124  3   0.3%   0.976 CG:3    +
  138   152  1   0.1%   0.106 UA:5    +
   44    84  3   0.1%   0.554 GU:1    AU:2    +
   26   107  1   0.1%   0.697 GU:5    +
   14    21  3   0.3%   0.562 GU:3    +
   20    38  1   0.1%   0.300 AU:5    +
   14    19  3   0.3%   0.106 GU:3    +
   13   120  3   0.1%   1.120 UG:1    UA:2    +
  105   115  3   0.1%   0.673 UG:2    UA:1    +
   25    99  1   0.1%   1.332 AU:5    +
   26   122  1   0.1%   0.839 GC:5    +
   19    26  1   0.1%   0.486 UG:5    +
   22    34  1   0.1%   0.536 AU:5    +
   38    60  3   0.3%   0.080 UA:3    +
  139   150  3   0.1%   0.296 GC:1    UA:2    +
   17    47  1   0.1%   0.261 CG:5    +
   26   103  1   0.1%   0.706 GU:5    +
  138   151  1   0.1%   0.097 UA:5    +
   20    27  1   0.1%   0.290 AU:5    +
  141   152  1   0.1%   0.030 UA:5    +
    9   113  2   0.2%   0.555 UA:4    +
   41    47  1   0.0%   0.045 CG:5    +
   18    23  1   0.0%   0.438 UA:5    +
  110   115  3   0.0%   1.147 UG:2    UA:1    +
   83   124  3   0.3%   0.728 CG:3    +
  117   124  3   0.0%   1.206 AU:2    UA:1    +
   26   118  1   0.0%   0.900 GC:5    +
   12   109  1   0.0%   0.411 UA:5    +
   38    70  1   0.0%   0.056 UA:5    +
  110   117  1   0.0%   1.416 UA:5    +
  103   115  3   0.0%   0.644 UG:2    UA:1    +
  150   155  3   0.0%   0.065 CG:1    UG:2    +
   26    85  1   0.0%   0.471 GC:5    +
   15   101  3   0.3%   0.072 UA:3    +
   18    22  1   0.0%   0.529 UA:5    +
  112   117  1   0.0%   1.439 UA:5    +
   30    67  1   0.0%   0.029 GC:5    +
  141   145  1   0.0%   0.286 UA:5    +
   22    42  1   0.0%   0.540 AU:5    +
   25   112  1   0.0%   1.242 AU:5    +
  141   151  1   0.0%   0.026 UA:5    +
   40    57  3   0.0%   0.053 GC:1    GU:2    +
   11    26  1   0.0%   0.609 UG:5    +
  143   149  3   0.0%   0.182 GC:1    GU:2    +
  104   124  3   0.0%   0.729 UG:1    AU:2    +
   84   123  3   0.0%   0.549 GU:1    UA:2    +
   27   121  1   0.0%   0.838 UA:5    +
  104   113  3   0.0%   0.698 AU:2    UA:1    +
   27    98  1   0.0%   0.540 UA:5    +
  111   115  3   0.0%   1.216 CG:1    AU:2    +
   13    20  3   0.3%   0.282 UA:3    +
   18    40  1   0.0%   0.271 UG:5    +
  141   146  1   0.0%   0.081 UA:5    +
   72    87  3   0.0%   0.693 UG:1    UA:2    +
    9   115  3   0.0%   0.533 UG:2    UA:1    +
   12    30  1   0.0%   0.361 UG:5    +
   29    38  1   0.0%   0.039 AU:5    +
   12    31  1   0.0%   0.364 UA:5    +
   18   121  1   0.0%   1.000 UA:5    +
   22   114  2   0.2%   0.956 AU:4    +
   26    71  1   0.0%   0.432 GC:5    +
   42    82  2   0.2%   0.465 UG:4    +
   27    70  1   0.0%   0.039 UA:5    +
  137   141  1   0.0%   0.006 AU:5    +
   13    30  3   0.0%   0.371 UG:2    UA:1    +
   34    63  1   0.0%   0.027 UA:5    +
   39    69  3   0.0%   0.052 UG:1    UA:2    +
   26   116  1   0.0%   0.553 GC:5    +
   48    78  3   0.0%   0.806 GU:2    AU:1    +
   17    30  1   0.0%   0.254 CG:5    +
   12   126  3   0.0%   1.321 UG:1    UA:2    +
   12   119  1   0.0%   0.406 UA:5    +
   51    77  1   0.0%   1.563 UA:5    +
   18    29  1   0.0%   0.267 UA:5    +
   26   125  1   0.0%   0.571 GC:5    +
    9    26  1   0.0%   0.600 UG:5    +
   34    64  1   0.0%   0.028 UA:5    +
   31    51  1   0.0%   0.010 AU:5    +
   11   104  1   0.0%   0.545 UA:5    +
  114   126  3   0.0%   0.567 UG:1    UA:2    +
   10    27  1   0.0%   0.548 AU:5    +
   10    18  1   0.0%   0.004 AU:5    +
   42    47  1   0.0%   0.044 UG:5    +
   11    25  1   0.0%   0.816 UA:5    +
  138   143  3   0.0%   0.007 CG:1    UG:2    +
   18   126  3   0.0%   0.753 UG:1    UA:2    +
   34    94  1   0.0%   0.270 UG:5    +
   32    38  1   0.0%   0.047 AU:5    +
   34   100  1   0.0%   0.331 UG:5    +
   13   111  3   0.0%   0.439 AU:1    UA:2    +
    3    29  1   0.0%   0.002 UA:5    +
    2    30  1   0.0%   0.002 CG:5    +
   39    48  3   0.0%   0.030 AU:1    UA:2    +
   70    78  1   0.0%   1.586 AU:5    +
  135   159  3   0.0%   0.189 GC:2    AU:1    +
  137   149  1   0.0%   0.229 AU:5    +
   30    71  1   0.0%   0.026 GC:5    +
   21    86  1   0.0%   0.562 UA:5    +
   90   117  1   0.0%   0.375 UA:5    +
    8    25  1   0.0%   0.082 UA:5    +
  109   114  2   0.2%   0.579 AU:4    +
   26   105  1   0.0%   0.717 GU:5    +
   27    77  1   0.0%   0.038 UA:5    +
   38    86  1   0.0%   0.356 UA:5    +
   39    58  3   0.0%   0.036 UG:1    AU:2    +
   39    44  3   0.0%   0.028 UG:1    UA:2    +
   43    48  3   0.0%   0.034 UG:1    AU:2    +
   21   119  1   0.0%   1.335 UA:5    +
  142   159  3   0.0%   0.034 GC:2    GU:1    +
   22    51  1   0.0%   0.535 AU:5    +
   25    48  3   0.0%   0.623 UG:1    AU:2    +
   30    41  1   0.0%   0.047 GC:5    +
   72   132  3   0.0%   0.643 AU:1    UA:2    +
   34    48  3   0.0%   0.025 UG:1    UA:2    +
   64    90  1   0.0%   0.187 AU:5    +
   29    42  1   0.0%   0.069 AU:5    +
   93   115  3   0.0%   0.122 GU:1    UG:2    +
   39    82  3   0.0%   0.450 UG:2    AU:1    +
   25   110  1   0.0%   1.338 AU:5    +
   12    95  1   0.0%   0.409 UA:5    +
   27    55  1   0.0%   0.036 UG:5    +
   44    51  3   0.0%   0.009 GU:1    AU:2    +
   18   109  1   0.0%   0.361 UA:5    +
  103   117  1   0.0%   0.831 UA:5    +
   18    88  1   0.0%   0.344 UG:5    +
   49    66  3   0.0%   0.136 GC:2    AU:1    +
   34    89  1   0.0%   0.280 UG:5    +
   34    77  1   0.0%   0.080 UA:5    +
    7    25  1   0.0%   0.002 UA:5    +
  143   154  3   0.0%   0.033 GC:2    UA:1    +
   24   115  3   0.0%   1.022 UG:2    UA:1    +
  141   160  1   0.0%   0.021 UA:5    +
   25    79  1   0.0%   0.622 AU:5    +
   22    27  1   0.0%   0.529 AU:5    +
  148   156  3   0.0%   0.123 GC:1    GU:2    +
   18   100  1   0.0%   0.340 UG:5    +
   23    38  1   0.0%   0.455 AU:5    +
   18   123  3   0.0%   0.726 AU:1    UA:2    +
  135   155  3   0.0%   0.172 CG:1    UG:2    +
   34    98  1   0.0%   0.588 UA:5    +
   14    33  3   0.0%   0.043 GC:2    GU:1    +
   34   139  3   0.0%   0.223 GU:1    UG:2    +
  102   121  2   0.2%   1.238 UA:4    +
   42    70  1   0.0%   0.069 UA:5    +
   18    98  1   0.0%   0.308 UA:5    +
   25    36  1   0.0%   0.613 AU:5    +
   18   106  1   0.0%   0.402 UG:5    +
   15    66  3   0.0%   0.020 AU:2    UA:1    +
    7    26  1   0.0%   0.003 UG:5    +
   38    63  1   0.0%   0.047 UA:5    +
    6    24  3   0.0%   0.001 GU:2    AU:1    +
    9   104  1   0.0%   0.509 UA:5    +
  149   160  1   0.0%   0.179 UA:5    +
  104   126  3   0.0%   0.777 UG:1    AU:2    +
   38    44  3   0.0%   0.027 UG:1    UA:2    +
    9   117  1   0.0%   0.530 UA:5    +
   31    38  1   0.0%   0.030 AU:5    +
   30    85  1   0.0%   0.066 GC:5    +
   38    77  1   0.0%   0.112 UA:5    +
  145   149  1   0.0%   0.452 AU:5    +
   16    30  1   0.0%   0.014 CG:5    +
  102   126  3   0.0%   0.948 UG:1    UA:2    +
   97   115  3   0.0%   0.842 UG:2    UA:1    +
    5    26  1   0.0%   0.001 UG:5    +
   48    65  3   0.0%   0.011 GC:2    AU:1    +
   47    83  1   0.0%   1.142 GC:5    +
   23    27  1   0.0%   0.437 AU:5    +
   65    69  3   0.0%   1.248 CG:2    UA:1    +
   11   117  1   0.0%   0.567 UA:5    +
   31    90  1   0.0%   0.050 AU:5    +
   18    44  3   0.0%   0.266 UG:1    UA:2    +
   38    64  1   0.0%   0.048 UA:5    +
   51    68  1   0.0%   0.084 UA:5    +
   20    42  1   0.0%   0.293 AU:5    +
    6    36  3   0.0%   0.001 GU:2    AU:1    +
   42    68  1   0.0%   0.065 UA:5    +
   25    57  3   0.0%   0.621 AU:2    UA:1    +
  135   158  3   0.0%   0.187 GU:2    AU:1    +
   18    55  1   0.0%   0.271 UG:5    +
   12   101  1   0.0%   0.390 UA:5    +
   30   140  1   0.0%   0.087 GC:5    +
  135   157  3   0.0%   0.187 GU:2    AU:1    +
   29   141  1   0.0%   0.141 AU:5    +
    6   127  3   0.0%   0.001 CG:1    UG:2    +
   96   123  3   0.0%   0.835 GU:1    AU:2    +
   15    49  3   0.0%   0.019 CG:1    UG:2    +
   26    80  1   0.0%   0.429 GC:5    +
   18    63  1   0.0%   0.270 UA:5    +
   19    62  1   0.0%   0.121 UA:5    +
   23    78  1   0.0%   0.450 AU:5    +
   16    47  1   0.0%   0.011 CG:5    +
   26    42  1   0.0%   0.455 GU:5    +
   32   141  1   0.0%   0.094 AU:5    +
   11   115  3   0.0%   0.569 UG:2    UA:1    +
   90   119  1   0.0%   0.416 UA:5    +
   34    91  3   0.0%   0.243 GU:1    UA:2    +
   25   107  1   0.0%   1.235 AU:5    +
   47    85  1   0.0%   0.942 GC:5    +
   47   125  1   0.0%   0.875 GC:5    +
   24   117  1   0.0%   1.290 UA:5    +
   34    72  3   0.0%   0.026 GU:1    UA:2    +
   18    49  3   0.0%   0.269 UG:2    UA:1    +
   32   138  1   0.0%   0.093 AU:5    +
   27   100  1   0.0%   0.242 UG:5    +
  135   148  3   0.0%   0.003 CG:1    UG:2    +
  135   141  3   0.0%   0.001 GU:2    AU:1    +
   64    78  1   0.0%   0.989 AU:5    +
   20   149  1   0.0%   0.750 AU:5    +
   18    75  3   0.0%   0.270 UG:1    UA:2    +
   27   106  1   0.0%   0.445 UG:5    +
    5    25  1   0.0%   0.000 UA:5    +
   21   121  1   0.0%   1.581 UA:5    +
   13    47  3   0.0%   0.368 UG:2    UA:1    +
   39    66  3   0.0%   0.049 AU:2    UA:1    +
   34    68  1   0.0%   0.025 UA:5    +
   15    44  3   0.0%   0.020 UG:1    UA:2    +
   21   126  3   0.0%   1.334 UG:1    UA:2    +
   97   117  1   0.0%   1.111 UA:5    +
   63    78  1   0.0%   1.030 AU:5    +
   18   151  1   0.0%   0.384 UA:5    +
   38   109  1   0.0%   0.404 UA:5    +
   39   108  3   0.0%   0.558 AU:2    UA:1    +
   27    31  1   0.0%   0.010 UA:5    +
    2    26  1   0.0%   0.000 CG:5    +
    8   117  1   0.0%   0.172 UA:5    +
   23    42  1   0.0%   0.454 AU:5    +
   68    78  1   0.0%   1.489 AU:5    +
   18    76  1   0.0%   0.270 UG:5    +
   62    79  1   0.0%   0.914 AU:5    +
   74   117  1   0.0%   1.088 UA:5    +
   26   112  1   0.0%   0.682 GU:5    +
   31    42  1   0.0%   0.036 AU:5    +
  138   160  1   0.0%   0.096 UA:5    +
   28    47  1   0.0%   0.043 CG:5    +
   14    78  3   0.0%   0.044 GC:1    GU:2    +
   10    34  1   0.0%   0.547 AU:5    +
   30   116  1   0.0%   0.089 GC:5    +
   12    32  1   0.0%   0.361 UA:5    +
   39    93  3   0.0%   0.453 UG:1    AU:2    +
   29    34  1   0.0%   0.025 AU:5    +
    8   115  3   0.0%   0.172 UG:2    UA:1    +
  135   139  3   0.0%   0.001 GU:2    UG:1    +
   25   124  3   0.0%   1.435 AU:2    UA:1    +
   48    62  3   0.0%   0.026 GC:1    UA:2    +
   18    45  3   0.0%   0.264 UG:2    UA:1    +
   27    48  3   0.0%   0.036 UG:1    UA:2    +
   12   128  1   0.0%   0.980 UA:5    +
   18   124  3   0.0%   0.707 UG:2    UA:1    +
   15   156  3   0.0%   0.637 AU:1    UA:2    +
   39   132  3   0.0%   0.401 AU:1    UA:2    +
   22    38  1   0.0%   0.535 AU:5    +
   14    38  3   0.0%   0.042 GC:1    GU:2    +
   99   115  3   0.0%   0.788 UG:2    UA:1    +
   10    38  1   0.0%   0.548 AU:5    +
    6    30  3   0.0%   0.001 CG:1    UG:2    +
   42    86  1   0.0%   0.272 UA:5    +
  135   147  3   0.0%   0.003 GU:2    AU:1    +
   21    95  1   0.0%   0.551 UA:5    +
    3   119  1   0.0%   0.001 UA:5    +
    6   126  3   0.0%   0.001 GU:1    UA:2    +
    1    27  1   0.0%   0.000 GU:5    +
   30   118  1   0.0%   0.431 GC:5    +
   77    90  1   0.0%   0.467 AU:5    +
   40   156  3   0.0%   0.352 GC:1    GU:2    +
    5   117  1   0.0%   0.001 UA:5    +
   15    96  3   0.0%   0.020 UG:1    UA:2    +
   27    56  1   0.0%   0.035 UG:5    +
    7   115  3   0.0%   0.002 UG:2    UA:1    +
   26    74  1   0.0%   0.429 GU:5    +
  123   129  3   0.0%   0.467 AU:1    UA:2    +
   62    99  1   0.0%   0.488 AU:5    +
   34    40  1   0.0%   0.057 UG:5    +
   18   127  1   0.0%   0.501 UG:5    +
   18    95  1   0.0%   0.329 UA:5    +
   18    31  1   0.0%   0.265 UA:5    +
   26   110  1   0.0%   0.782 GU:5    +
   39   150  3   0.0%   0.400 AU:1    UA:2    +
   47    61  1   0.0%   0.030 GC:5    +
   23    51  1   0.0%   0.450 AU:5    +
   30    83  1   0.0%   0.095 GC:5    +
   18    86  1   0.0%   0.270 UA:5    +
   20    34  1   0.0%   0.281 AU:5    +
   39    87  3   0.0%   0.447 UG:1    UA:2    +
   27    86  1   0.0%   0.079 UA:5    +
   18    32  1   0.0%   0.264 UA:5    +
   13    96  3   0.0%   0.394 UG:1    UA:2    +
   38   151  1   0.0%   0.237 UA:5    +
   78   128  1   0.0%   0.872 UA:5    +
   21    32  1   0.0%   0.517 UA:5    +
   36   135  3   0.0%   0.153 UG:2    UA:1    +
   38   121  1   0.0%   0.855 UA:5    +
   23    34  1   0.0%   0.440 AU:5    +
    1   156  3   0.0%   0.001 GC:1    GU:2    +
   27   119  1   0.0%   0.585 UA:5    +
  123   150  3   0.0%   0.456 AU:1    UA:2    +
  133   156  3   0.0%   0.002 GC:1    GU:2    +
   18    64  1   0.0%   0.270 UA:5    +
   38    95  1   0.0%   0.384 UA:5    +
   15    45  3   0.0%   0.019 CG:1    UG:2    +
    8   104  1   0.0%   0.171 UA:5    +
   58    72  3   0.0%   0.885 GU:1    UA:2    +
   18    37  1   0.0%   0.262 UG:5    +
   20    90  1   0.0%   0.293 AU:5    +
   10    78  1   0.0%   0.547 AU:5    +
   26    36  1   0.0%   0.417 GU:5    +
   34    70  1   0.0%   0.026 UA:5    +
   20    51  1   0.0%   0.291 AU:5    +
   60    74  2   0.2%   0.749 AU:4    +
  107   113  2   0.2%   0.784 UA:4    +
   17   120  3   0.2%   0.985 CG:3    +
   91   119  2   0.2%   0.442 UA:4    +
   99   111  2   0.1%   1.204 UA:4    +
   29    39  3   0.2%   0.074 AU:3    +
  114   121  2   0.1%   0.926 UA:4    +
   46    50  2   0.1%   0.037 AU:4    +
  105   113  2   0.1%   0.717 UA:4    +
   12   104  2   0.1%   0.411 UA:4    +
   14   102  3   0.2%   0.107 GU:3    +
   25   108  2   0.1%   1.267 AU:4    +
  147   156  3   0.2%   0.134 UA:3    +
   15    20  3   0.2%   0.272 UA:3    +
   13    19  3   0.2%   0.073 AU:3    +
   39    59  3   0.2%   0.068 AU:3    +
   58    62  3   0.2%   0.130 UA:3    +
  116   124  3   0.2%   0.859 CG:3    +
  116   120  3   0.2%   1.322 CG:3    +
   14   125  3   0.2%   0.744 GC:3    +
  115   128  3   0.2%   0.617 UA:3    +
   53    60  2   0.1%   0.061 UA:4    +
   68    93  2   0.1%   0.724 AU:4    +
  152   159  2   0.1%   0.107 AU:4    +
  103   111  2   0.1%   0.737 UA:4    +
  146   153  2   0.1%   0.109 AU:4    +
  137   153  2   0.1%   0.075 AU:4    +
    9   111  2   0.1%   0.525 UA:4    +
   23   114  2   0.1%   1.059 AU:4    +
   24   113  2   0.1%   1.118 UA:4    +
  114   119  2   0.1%   0.780 UA:4    +
  107   111  2   0.1%   1.116 UA:4    +
   95   114  2   0.1%   0.233 AU:4    +
  102   109  2   0.1%   0.885 UA:4    +
   23    33  2   0.1%   0.446 AU:4    +
  139   151  2   0.1%   0.304 UA:4    +
   18    46  2   0.1%   0.276 UA:4    +
   13   103  3   0.1%   0.421 AU:3    +
  139   146  2   0.1%   0.358 UA:4    +
   18   117  2   0.1%   0.677 UA:4    +
   12    25  2   0.0%   0.667 UA:4    +
  117   123  3   0.1%   1.249 AU:3    +
   55    81  2   0.0%   1.300 GU:4    +
  148   154  2   0.0%   0.090 GC:4    +
   77    84  2   0.0%   0.620 AU:4    +
   35    74  2   0.0%   0.030 AU:4    +
    7   129  2   0.0%   0.035 UA:4    +
  119   123  3   0.1%   1.130 AU:3    +
   95   108  2   0.0%   0.325 AU:4    +
   37    92  2   0.0%   0.341 GC:4    +
  143   152  3   0.1%   0.042 UA:3    +
   45    83  3   0.1%   0.660 GC:3    +
  115   121  3   0.1%   1.331 UA:3    +
   10   114  2   0.0%   0.582 AU:4    +
  108   117  2   0.0%   1.210 UA:4    +
   20   108  2   0.0%   0.495 AU:4    +
   11   113  2   0.0%   0.584 UA:4    +
   55    84  2   0.0%   1.056 GU:4    +
   33    64  2   0.0%   0.029 UA:4    +
   10   102  2   0.0%   0.553 AU:4    +
  101   108  2   0.0%   0.865 AU:4    +
  142   153  3   0.1%   0.041 GU:3    +
   10    33  2   0.0%   0.550 AU:4    +
   98   108  2   0.0%   0.567 AU:4    +
   84    95  2   0.0%   0.353 UA:4    +
  150   158  3   0.1%   0.048 AU:3    +
   86    93  2   0.0%   0.195 AU:4    +
   21    25  2   0.0%   1.084 UA:4    +
   82    90  2   0.0%   0.422 GU:4    +
   84   128  2   0.0%   0.245 UA:4    +
  102   113  2   0.0%   0.618 UA:4    +
  153   160  2   0.0%   0.032 UA:4    +
  145   159  2   0.0%   0.294 AU:4    +
   12   113  2   0.0%   0.419 UA:4    +
  101   114  2   0.0%   0.539 AU:4    +
  108   119  2   0.0%   1.062 UA:4    +
   21   117  2   0.0%   1.290 UA:4    +
   84    88  2   0.0%   0.417 UG:4    +
   35    99  2   0.0%   0.419 AU:4    +
   33   101  2   0.0%   0.290 UA:4    +
   22   102  2   0.0%   0.613 AU:4    +
   32   102  2   0.0%   0.256 AU:4    +
   33    95  2   0.0%   0.244 UA:4    +
   24   111  2   0.0%   1.205 UA:4    +
   37    93  2   0.0%   0.343 GU:4    +
  102   119  2   0.0%   0.852 UA:4    +
   81    87  2   0.0%   0.559 UA:4    +
   47    81  2   0.0%   1.282 GU:4    +
   35   138  2   0.0%   0.031 AU:4    +
  139   152  2   0.0%   0.299 UA:4    +
   93   119  2   0.0%   0.506 UA:4    +
   26    84  2   0.0%   0.494 GU:4    +
   46    52  2   0.0%   0.042 AU:4    +
  144   151  3   0.1%   0.056 UA:3    +
   25   114  2   0.0%   1.161 AU:4    +
   63    91  2   0.0%   0.226 AU:4    +
   40    81  2   0.0%   0.458 GU:4    +
   20    84  2   0.0%   0.293 AU:4    +
   23   108  2   0.0%   1.141 AU:4    +
   76    81  2   0.0%   1.077 GU:4    +
  115   119  3   0.1%   1.190 UA:3    +
   27   104  2   0.0%   0.377 UA:4    +
  137   159  2   0.0%   0.070 AU:4    +
   23    84  2   0.0%   0.451 AU:4    +
   35    97  2   0.0%   0.419 AU:4    +
  102   117  2   0.0%   0.923 UA:4    +
   36    60  2   0.0%   0.044 UA:4    +
   46    53  2   0.0%   0.043 AU:4    +
   77    81  2   0.0%   0.918 AU:4    +
   36    46  2   0.0%   0.049 UA:4    +
   10   108  2   0.0%   0.553 AU:4    +
   71    82  2   0.0%   1.074 CG:4    +
   31    84  2   0.0%   0.080 AU:4    +
   22    84  2   0.0%   0.535 AU:4    +
   77    91  2   0.0%   0.465 AU:4    +
   76    92  2   0.0%   0.643 GC:4    +
   35    90  2   0.0%   0.054 AU:4    +
   98   114  2   0.0%   0.767 AU:4    +
   99   113  2   0.0%   0.833 UA:4    +
   33    63  2   0.0%   0.025 UA:4    +
  108   121  2   0.0%   1.249 UA:4    +
   40    84  2   0.0%   0.517 GU:4    +
    8   129  2   0.0%   0.299 UA:4    +
   73    81  2   0.0%   0.835 GU:4    +
  146   159  2   0.0%   0.094 AU:4    +
    7    35  2   0.0%   0.002 UA:4    +
   25   102  2   0.0%   1.093 AU:4    +
    9    46  2   0.0%   0.507 UA:4    +
   31   139  2   0.0%   0.078 AU:4    +
   19    46  2   0.0%   0.124 UA:4    +
   12   117  2   0.0%   0.402 UA:4    +
   98   102  2   0.0%   0.531 AU:4    +
   62    93  2   0.0%   0.154 AU:4    +
  114   128  2   0.0%   0.188 UA:4    +
   24    82  2   0.0%   0.403 UG:4    +
  139   148  2   0.0%   0.338 UG:4    +
   53    82  2   0.0%   0.848 UG:4    +
   35    42  2   0.0%   0.050 AU:4    +
   51    62  2   0.0%   0.039 UA:4    +
   38    46  2   0.0%   0.031 UA:4    +
   70    81  2   0.0%   1.172 AU:4    +
  145   153  2   0.0%   0.299 AU:4    +
   23    81  2   0.0%   0.450 AU:4    +
   73    92  2   0.0%   0.521 GC:4    +
   84   127  2   0.0%   0.338 UG:4    +
   25    38  2   0.0%   0.598 AU:4    +
   52    60  2   0.0%   0.042 UA:4    +
   91   121  2   0.0%   0.766 UA:4    +
   26   108  2   0.0%   0.706 GU:4    +
   88    92  2   0.0%   0.274 GC:4    +
   36   111  2   0.0%   0.398 UA:4    +
   35   112  2   0.0%   0.165 AU:4    +
    3    25  2   0.0%   0.000 UA:4    +
   95   102  2   0.0%   0.318 AU:4    +
   70    84  2   0.0%   0.928 AU:4    +
   11    35  2   0.0%   0.515 UA:4    +
   70    91  2   0.0%   0.792 AU:4    +
    8   113  2   0.0%   0.172 UA:4    +
   60    79  2   0.0%   0.860 AU:4    +
   50    60  2   0.0%   0.031 UA:4    +
    9    35  2   0.0%   0.507 UA:4    +
   62    81  2   0.0%   0.526 AU:4    +
   37    91  2   0.0%   0.312 GU:4    +
   33    68  2   0.0%   0.026 UA:4    +
    8    35  2   0.0%   0.171 UA:4    +
   37    84  2   0.0%   0.242 GU:4    +
   61    82  2   0.0%   0.424 CG:4    +
  139   155  2   0.0%   0.311 UG:4    +
   32    93  2   0.0%   0.140 AU:4    +
   68    81  2   0.0%   1.080 AU:4    +
   92   127  2   0.0%   0.193 CG:4    +
   96   108  2   0.0%   0.236 AU:4    +
   30    91  2   0.0%   0.063 GU:4    +
   33    86  2   0.0%   0.097 UA:4    +
   33    98  2   0.0%   0.472 UA:4    +
   33   137  2   0.0%   0.108 UA:4    +
  102   128  2   0.0%   0.590 UA:4    +
   11    46  2   0.0%   0.517 UA:4    +
  132   141  2   0.0%   0.003 AU:4    +
   32   114  2   0.0%   0.149 AU:4    +
    5   129  2   0.0%   0.001 UA:4    +
   35    79  2   0.0%   0.063 AU:4    +
    7   113  2   0.0%   0.002 UA:4    +
   40    92  2   0.0%   0.402 GC:4    +
   81    88  2   0.0%   0.719 UG:4    +
   22    81  2   0.0%   0.534 AU:4    +
   12   129  2   0.0%   0.960 UA:4    +
   24    46  2   0.0%   0.406 UA:4    +
   68    91  2   0.0%   0.687 AU:4    +
   76    91  2   0.0%   0.631 GU:4    +
   32    91  2   0.0%   0.115 AU:4    +
   27    35  2   0.0%   0.040 UA:4    +
   19    35  2   0.0%   0.109 UA:4    +
   20    81  2   0.0%   0.292 AU:4    +
  139   160  2   0.0%   0.314 UA:4    +
   38   117  2   0.0%   0.564 UA:4    +
   29    84  2   0.0%   0.110 AU:4    +
   62    78  2   0.0%   0.937 AU:4    +
   47    84  2   0.0%   1.044 GU:4    +
   20    33  2   0.0%   0.283 AU:4    +
   84   101  2   0.0%   0.377 UA:4    +
   10    93  2   0.0%   0.547 AU:4    +
   33    70  2   0.0%   0.028 UA:4    +
    8    46  2   0.0%   0.171 UA:4    +
  104   114  3   0.1%   0.476 AU:3    +
   18   113  3   0.1%   0.382 UA:3    +
  144   152  3   0.1%   0.063 UA:3    +
   66    95  3   0.1%   0.732 UA:3    +
   13   109  3   0.1%   0.433 UA:3    +
   19    39  3   0.1%   0.125 UA:3    +
  142   151  3   0.1%   0.034 UA:3    +
   21    35  3   0.1%   0.527 UA:3    +
  101   123  3   0.1%   1.025 AU:3    +
   14   108  3   0.1%   0.104 GU:3    +
  108   113  3   0.1%   0.779 UA:3    +
   25   123  3   0.0%   1.459 AU:3    +
   78   129  3   0.0%   0.861 UA:3    +
   57    79  3   0.0%   0.917 AU:3    +
   22   115  3   0.0%   0.957 AU:3    +
   13    24  3   0.0%   0.693 AU:3    +
   14   107  3   0.0%   0.097 GU:3    +
   13   121  3   0.0%   1.118 UA:3    +
   66    77  3   0.0%   0.989 UA:3    +
  136   142  3   0.0%   0.009 CG:3    +
   15    22  3   0.0%   0.537 UA:3    +
   31    66  3   0.0%   0.016 AU:3    +
   72    86  3   0.0%   0.761 UA:3    +
   35    84  3   0.0%   0.063 AU:3    +
   14   106  3   0.0%   0.092 CG:3    +
   42    46  3   0.0%   0.043 UA:3    +
   15   119  3   0.0%   0.700 UA:3    +
   13   107  3   0.0%   0.411 AU:3    +
   45    71  3   0.0%   0.039 GC:3    +
   41    49  3   0.0%   0.041 CG:3    +
   14    28  3   0.0%   0.046 GC:3    +
   54    85  3   0.0%   0.826 GC:3    +
   13    42  3   0.0%   0.371 AU:3    +
   13    29  3   0.0%   0.368 UA:3    +
   14    41  3   0.0%   0.047 GC:3    +
  150   157  3   0.0%   0.030 AU:3    +
   72    77  3   0.0%   1.049 UA:3    +
   39    86  3   0.0%   0.517 UA:3    +
  142   149  3   0.0%   0.180 GU:3    +
   14   116  3   0.0%   0.100 GC:3    +
  141   150  3   0.0%   0.017 UA:3    +
   20   115  3   0.0%   0.792 AU:3    +
   10    15  3   0.0%   0.004 AU:3    +
  136   143  3   0.0%   0.009 CG:3    +
  149   156  3   0.0%   0.226 UA:3    +
  114   124  3   0.0%   0.533 UG:3    +
   14   114  3   0.0%   0.100 GU:3    +
   54    71  3   0.0%   0.842 GC:3    +
   15    23  3   0.0%   0.441 UA:3    +
   46    66  3   0.0%   0.024 AU:3    +
   68    72  3   0.0%   1.276 AU:3    +
   13   110  3   0.0%   0.424 AU:3    +
  102   124  3   0.0%   0.896 UG:3    +
   45    67  3   0.0%   0.031 GC:3    +
  104   108  3   0.0%   0.621 AU:3    +
    9    14  3   0.0%   0.004 UG:3    +
   13   112  3   0.0%   0.435 AU:3    +
   12   111  3   0.0%   0.421 UA:3    +
  114   129  3   0.0%   0.160 UA:3    +
   35    78  3   0.0%   0.064 AU:3    +
  142   152  3   0.0%   0.027 UA:3    +
   96   115  3   0.0%   0.554 AU:3    +
   28    54  3   0.0%   0.041 CG:3    +
   14   110  3   0.0%   0.102 GU:3    +
  143   151  3   0.0%   0.025 UA:3    +
  137   142  3   0.0%   0.008 AU:3    +
   14    24  3   0.0%   0.369 GU:3    +
  142   147  3   0.0%   0.062 GU:3    +
   41   124  3   0.0%   0.582 CG:3    +
   14    90  3   0.0%   0.046 GU:3    +
   46    51  3   0.0%   0.039 AU:3    +
   29    72  3   0.0%   0.042 AU:3    +
   10   115  3   0.0%   0.581 AU:3    +
   15   109  3   0.0%   0.053 UA:3    +
   35    93  3   0.0%   0.083 AU:3    +
   13    99  3   0.0%   0.395 AU:3    +
  142   157  3   0.0%   0.033 GU:3    +
   63    72  3   0.0%   0.815 AU:3    +
   13    23  3   0.0%   0.781 UA:3    +
   27    46  3   0.0%   0.040 UA:3    +
   18   111  3   0.0%   0.369 UA:3    +
   31    39  3   0.0%   0.031 AU:3    +
   98   123  3   0.0%   1.082 AU:3    +
  144   160  3   0.0%   0.038 UA:3    +
   28   120  3   0.0%   0.777 CG:3    +
   28    45  3   0.0%   0.041 CG:3    +
   42    49  3   0.0%   0.043 UG:3    +
   85   124  3   0.0%   0.438 CG:3    +
   14   103  3   0.0%   0.093 GU:3    +
   14    91  3   0.0%   0.047 GU:3    +
   17   124  3   0.0%   0.666 CG:3    +
    9    13  3   0.0%   0.002 UA:3    +
  142   148  3   0.0%   0.074 UG:3    +
   42   132  3   0.0%   0.161 UA:3    +
  137   144  3   0.0%   0.005 AU:3    +
   39    95  3   0.0%   0.547 UA:3    +
  143   148  3   0.0%   0.074 UG:3    +
   39    74  3   0.0%   0.053 AU:3    +
   20    39  3   0.0%   0.296 AU:3    +
   39    51  3   0.0%   0.028 AU:3    +
   27   124  3   0.0%   0.544 UG:3    +
   39    68  3   0.0%   0.048 UA:3    +
   39    79  3   0.0%   0.123 AU:3    +
   17    49  3   0.0%   0.253 CG:3    +
    8    13  3   0.0%   0.001 UA:3    +
   13   114  3   0.0%   0.421 AU:3    +
   15   128  3   0.0%   0.665 UA:3    +
   13    68  3   0.0%   0.368 UA:3    +
   39    62  3   0.0%   0.063 UA:3    +
  143   159  3   0.0%   0.028 GU:3    +
   14    67  3   0.0%   0.044 GC:3    +
   22    39  3   0.0%   0.536 AU:3    +
   21    46  3   0.0%   0.532 UA:3    +
  143   160  3   0.0%   0.027 UA:3    +
  142   146  3   0.0%   0.077 UA:3    +
   15    32  3   0.0%   0.020 UA:3    +
   54    80  3   0.0%   1.463 GC:3    +
   16   124  3   0.0%   0.674 CG:3    +
   45    85  3   0.0%   0.452 GC:3    +
   23   115  3   0.0%   1.056 AU:3    +
    3    39  3   0.0%   0.002 UA:3    +
  106   115  3   0.0%   0.941 GU:3    +
  100   115  3   0.0%   0.492 GU:3    +
  143   158  3   0.0%   0.029 GU:3    +
    8    14  3   0.0%   0.001 UG:3    +
   13    94  3   0.0%   0.417 UG:3    +
   13   105  3   0.0%   0.405 AU:3    +
  123   128  3   0.0%   0.509 UA:3    +
   26    39  3   0.0%   0.411 GU:3    +
   41    45  3   0.0%   0.033 CG:3    +
   14   127  3   0.0%   0.839 CG:3    +
  109   123  3   0.0%   0.939 AU:3    +
   22    72  3   0.0%   0.534 AU:3    +
   14   100  3   0.0%   0.073 CG:3    +
  142   155  3   0.0%   0.073 UG:3    +
   30    39  3   0.0%   0.041 GU:3    +
   15    31  3   0.0%   0.021 UA:3    +
  143   147  3   0.0%   0.060 GU:3    +
  115   127  3   0.0%   0.687 UG:3    +
   13    46  3   0.0%   0.368 UA:3    +
   17    45  3   0.0%   0.248 CG:3    +
   21    60  3   0.0%   0.528 UA:3    +
   23    58  3   0.0%   0.450 AU:3    +
  138   142  3   0.0%   0.005 UG:3    +
  141   156  3   0.0%   0.055 UA:3    +
   13   100  3   0.0%   0.396 UG:3    +
   12    35  3   0.0%   0.359 UA:3    +
   32    39  3   0.0%   0.045 AU:3    +
  137   143  3   0.0%   0.007 AU:3    +
   14   105  3   0.0%   0.084 GU:3    +
   39    47  3   0.0%   0.031 UG:3    +
   58    77  3   0.0%   0.685 UA:3    +
   28   142  3   0.0%   0.141 CG:3    +
   14    27  3   0.0%   0.040 GU:3    +
    7    13  3   0.0%   0.000 UA:3    +
   86   123  3   0.0%   0.481 AU:3    +
  142   160  3   0.0%   0.032 UA:3    +
   14   112  3   0.0%   0.110 GU:3    +
   20   123  3   0.0%   1.093 AU:3    +
   49    67  3   0.0%   0.136 GC:3    +
   24    57  3   0.0%   0.403 UA:3    +
   49   122  3   0.0%   1.441 GC:3    +
   22   123  3   0.0%   1.240 AU:3    +
   13   101  3   0.0%   0.396 UA:3    +
   13   102  3   0.0%   0.396 AU:3    +
   94   115  3   0.0%   0.124 GU:3    +
   31   142  3   0.0%   0.078 AU:3    +
    7    14  3   0.0%   0.000 UG:3    +
   15    77  3   0.0%   0.019 UA:3    +
   24    39  3   0.0%   0.384 UA:3    +
   16    49  3   0.0%   0.011 CG:3    +
   14    85  3   0.0%   0.044 GC:3    +
   32    66  3   0.0%   0.026 AU:3    +
   13    86  3   0.0%   0.368 UA:3    +
   39    76  3   0.0%   0.127 UG:3    +
   45   125  3   0.0%   0.385 GC:3    +
   66    70  3   0.0%   1.308 UA:3    +
   39    78  3   0.0%   0.122 AU:3    +
   39    63  3   0.0%   0.048 UA:3    +
   19   150  3   0.0%   0.565 UA:3    +
   95   123  3   0.0%   0.631 AU:3    +
   14    42  3   0.0%   0.045 GU:3    +
   38    57  3   0.0%   0.027 UA:3    +
   90   124  3   0.0%   0.445 UG:3    +
   13    31  3   0.0%   0.368 UA:3    +
   72   119  3   0.0%   1.010 UA:3    +
   26   123  3   0.0%   0.903 GU:3    +
   64    72  3   0.0%   0.770 AU:3    +
   13   128  3   0.0%   1.048 UA:3    +
   29    66  3   0.0%   0.040 AU:3    +
   12    46  3   0.0%   0.361 UA:3    +
   49    61  3   0.0%   0.027 GC:3    +
   13   127  3   0.0%   1.136 UG:3    +
   26   115  3   0.0%   0.605 GU:3    +
  142   158  3   0.0%   0.034 GU:3    +
   13   106  3   0.0%   0.405 UG:3    +
   39    77  3   0.0%   0.120 UA:3    +
   31   115  3   0.0%   0.135 AU:3    +
   71   120  3   0.0%   1.403 CG:3    +
   49    80  3   0.0%   1.889 GC:3    +
   39    56  3   0.0%   0.027 UG:3    +
   14    50  3   0.0%   0.044 GU:3    +
  143   157  3   0.0%   0.026 GU:3    +
  143   155  3   0.0%   0.066 UG:3    +
   23   123  3   0.0%   1.342 AU:3    +
   47    92  3   0.0%   0.914 GC:3    +
   39    70  3   0.0%   0.053 UA:3    +
   49    90  3   0.0%   1.197 GU:3    +
   60    78  3   0.0%   0.883 AU:3    +
   17    54  3   0.0%   0.252 CG:3    +
   39    50  3   0.0%   0.028 AU:3    +
   25    33  3   0.0%   0.582 AU:3    +
   39    73  3   0.0%   0.052 UG:3    +
    2   120  3   0.0%   0.001 CG:3    +
   91   117  3   0.0%   0.371 UA:3    +
    9    39  3   0.0%   0.507 UA:3    +
   57    74  3   0.0%   0.779 AU:3    +
   14    99  3   0.0%   0.071 GU:3    +
   77   115  3   0.0%   0.482 AU:3    +
  131   142  3   0.0%   0.002 CG:3    +
   39   119  3   0.0%   0.769 UA:3    +
   13    90  3   0.0%   0.368 AU:3    +
   13    59  3   0.0%   0.367 AU:3    +
   15    29  3   0.0%   0.020 UA:3    +
   53    57  3   0.0%   0.036 UA:3    +
  102   129  3   0.0%   0.559 UA:3    +
   34    46  3   0.0%   0.026 UA:3    +
   31    72  3   0.0%   0.011 AU:3    +
   14   157  3   0.0%   0.723 GU:3    +
   39   157  3   0.0%   0.400 AU:3    +
   12    60  3   0.0%   0.361 UA:3    +
   14    40  3   0.0%   0.042 CG:3    +
   14    76  3   0.0%   0.044 CG:3    +
   32    72  3   0.0%   0.024 AU:3    +
   15    95  3   0.0%   0.042 UA:3    +
   13    95  3   0.0%   0.416 UA:3    +
   51    60  3   0.0%   0.040 UA:3    +
   16    45  3   0.0%   0.010 CG:3    +
   57    97  3   0.0%   0.491 AU:3    +
(((((((((((((.......))))).((((((((.((.(((.........((((((........))))))...........))))).))))))))(((((((...)))))))..............))))))))(((((.....)))))...........
