4 sequence; length of alignment 152
alifold output
    7    28  0  99.4%   0.072 GC:2    GU:1    AU:1   
   47    74  0 100.0%   0.003 GC:1    AU:3   
   53    65  0  99.9%   0.002 CG:3    GC:1   
   49    72  0  99.7%   0.020 GC:3    UA:1   
   52    66  0  98.6%   0.047 GU:1    AU:2    UA:1   
   12    23  0  99.5%   0.016 GC:3    GU:1   
   54    64  0  99.8%   0.006 AU:4   
   46    75  1 100.0%   0.002 GC:3   
   48    73  1  99.7%   0.014 AU:3   
   56    63  0  99.2%   0.025 GC:4   
    6    29  0  99.1%   0.081 AU:4   
    8    27  1  99.4%   0.045 GC:3   
   11    24  0  97.8%   0.065 GC:1    UA:3   
    5    30  0  97.2%   0.134 GC:1    AU:3   
   45    76  0  97.4%   0.086 AU:4   
    9    26  1  96.0%   0.228 CG:2    AU:1   
   13    22  0  95.2%   0.141 AU:4   
   42    78  0  93.4%   0.213 GC:3    UA:1   
   38    81  0  93.6%   0.185 CG:4   
   39    80  1  93.6%   0.185 AU:3   
   40    79  1  93.6%   0.189 GC:3   
   43    77  1  90.4%   0.302 AU:3   
   37    82  1  83.7%   0.449 GC:3   
   50    70  1  75.3%   0.647 AU:3   
   89   127  0  49.9%   1.311 CG:1    GC:1    UG:2   
   92   124  0  51.8%   1.374 GC:4   
   93   123  0  51.8%   1.374 GC:4   
   91   125  1  51.7%   1.398 UA:3   
   94   121  1  51.4%   1.382 AU:3   
   90   126  2  51.2%   1.440 CG:1    AU:1   
   95   120  1  50.2%   1.044 AU:1    UA:2   
   85   131  0  48.8%   1.203 CG:3    AU:1   
   84   132  0  48.8%   1.289 GC:3    GU:1   
  113   133  0  48.0%   1.784 UG:1    UA:3    +
  115   131  0  47.9%   1.418 CG:3    GU:1    +
  105   113  0  48.7%   1.432 AU:4   
  112   134  0  47.6%   1.699 CG:2    UG:2    +
  104   114  1  48.8%   1.458 CG:3   
   93   103  0  48.1%   1.056 GC:4    +
   92   104  0  48.1%   1.056 GC:4    +
   94   102  0  46.9%   1.067 AU:3    UA:1    +
  114   132  1  48.1%   1.824 GC:3    +
   91   105  1  44.9%   1.089 UA:3    +
   99   117  1  44.7%   1.126 UA:3   
  106   112  1  43.9%   1.502 GC:1    AU:2   
  119   126  0  42.8%   1.483 CG:1    AU:3    +
  100   116  0  43.7%   1.154 UA:4   
  118   127  1  42.8%   1.828 CG:2    GC:1    +
   98   118  2  41.8%   1.128 CG:1    UA:1   
  111   135  1  40.0%   1.331 UG:1    AU:2    +
   83   133  2  36.9%   1.302 UA:2   
   83   147  0  31.6%   1.668 CG:1    GU:1    UA:2    +
   84   146  0  32.7%   1.900 GC:4    +
   85   145  2  32.0%   1.819 CG:1    AU:1    +
   90   106  2  30.7%   1.131 UA:2    +
  120   125  2  29.0%   1.770 UA:2    +
  134   151  0  23.3%   1.707 GC:3    GU:1   
  136   149  1  22.9%   1.454 GC:2    AU:1   
  135   150  2  23.3%   1.656 GU:1    AU:1   
  141   145  0  20.6%   1.641 CG:1    AU:3   
  140   146  2  21.5%   1.730 GC:2   
   86   144  2  19.7%   1.387 GU:1    AU:1    +
   96   101  0  19.2%   0.991 GC:3    --:1    +
  139   147  1  19.0%   1.535 UG:1    UA:2   
   86   128  2  14.5%   0.847 GU:1    UA:1    +
   82   134  0  11.1%   1.042 CG:4    +
   17    21  0  10.9%   0.725 GC:4    +
   89   107  2  10.1%   0.728 UA:2    +
   87   141  2   9.7%   0.901 GC:1    UA:1    +
   84   137  0   8.5%   1.263 GC:4    +
   85   136  1   8.5%   1.167 CG:3    +
   42    79  0   5.1%   0.601 GC:3    UA:1    +
   37    85  0   5.0%   0.602 GC:3    UA:1    +
   38    84  0   5.0%   0.567 CG:4    +
   41    80  1   4.9%   0.510 AU:3    +
   40    82  1   4.8%   0.654 GC:3    +
   39    83  2   5.0%   0.527 AU:2    +
   86   135  1   3.7%   0.713 AU:2    UA:1    +
  108   136  1   3.9%   0.778 CG:3    +
   88   140  2   4.0%   0.458 AU:2    +
  109   139  0   2.4%   0.443 GU:1    AU:3    +
   11    25  0   1.3%   0.306 GU:1    UG:1    UA:2    +
    9    25  2   3.2%   0.332 CG:1    AU:1    +
   87   108  1   3.1%   0.416 GC:3    +
   89   106  0   0.5%   0.091 CG:1    GU:1    UA:2    +
   91   106  0   0.2%   0.793 UG:1    AU:1    UA:2    +
  136   144  0   0.1%   0.768 GC:1    GU:2    AU:1    +
   51    70  0   1.1%   0.376 AU:3    UA:1    +
   86   145  0   0.1%   1.127 GU:1    UG:1    AU:2    +
   99   106  0   0.1%   0.421 UG:1    AU:1    UA:2    +
   90   147  0   0.0%   1.122 CG:1    AU:1    UA:2    +
   86    90  0   0.0%   0.004 GC:1    AU:2    UA:1    +
  135   140  0   0.0%   0.884 GU:1    UG:2    AU:1    +
   89   131  0   0.0%   0.972 CG:1    GU:1    UG:2    +
    8    28  0   0.0%   0.039 GC:2    GU:1    AU:1    +
   46    74  0   0.0%   0.002 GC:1    GU:2    AU:1    +
  118   140  0   0.0%   1.034 CG:2    GU:1    AU:1    +
   52    70  0   0.0%   0.299 GU:1    AU:2    UA:1    +
  102   106  0   0.0%   0.770 UG:1    AU:1    UA:2    +
   40   144  0   0.0%   0.244 GC:1    GU:2    AU:1    +
   95   106  0   0.0%   0.407 UG:1    AU:1    UA:2    +
   32    87  0   0.8%   0.144 CG:3    GU:1    +
  108   140  2   2.4%   0.734 CG:2    +
    5    29  0   0.5%   0.081 GU:1    AU:3    +
  139   148  0   0.5%   0.601 UG:1    UA:3    +
  107   139  0   0.5%   0.412 GU:1    AU:3    +
  110   138  0   1.3%   0.179 UG:1    --:3    +
   42    77  0   0.3%   0.057 GU:3    UA:1    +
   16    20  0   0.3%   0.053 UG:2    UA:2    +
   17    23  0   0.2%   0.284 GC:3    GU:1    +
   49    69  0   0.2%   0.034 GC:3    UG:1    +
   43    76  0   0.1%   0.027 GU:1    AU:3    +
   51    66  0   0.1%   0.017 AU:3    UA:1    +
    4   144  0   0.1%   0.042 GC:1    AU:3    +
  115   127  0   0.1%   0.363 CG:3    GC:1    +
  133   139  0   0.0%   0.928 GU:1    AU:3    +
  134   144  0   0.0%   0.973 GC:1    GU:3    +
    4   150  0   0.0%   0.044 GU:1    AU:3    +
  136   150  0   0.0%   1.129 GU:3    AU:1    +
   23   134  0   0.0%   0.024 CG:3    UG:1    +
   84   151  0   0.0%   1.180 GC:3    GU:1    +
  133   150  0   0.0%   0.746 GU:1    AU:3    +
    4   139  0   0.0%   0.030 GU:1    AU:3    +
   42    80  0   0.0%   0.450 GU:3    UA:1    +
  109   113  0   0.0%   0.399 GU:1    AU:3    +
  145   152  0   0.0%   0.739 GC:1    UA:3    +
   50    74  0   0.0%   0.219 GC:1    AU:3    +
   51    73  0   0.0%   0.062 UG:1    AU:3    +
   32    37  0   0.0%   0.004 CG:3    GU:1    +
   31   139  0   0.0%   0.014 GU:1    AU:3    +
    5   150  0   0.0%   0.060 GU:1    AU:3    +
  102   111  0   0.0%   0.365 AU:1    UA:3    +
   43    74  0   0.0%   0.002 GC:1    AU:3    +
  107   113  0   0.0%   0.620 GU:1    AU:3    +
   31   150  0   0.0%   0.016 GU:1    AU:3    +
   94    99  0   0.0%   0.002 AU:3    UA:1    +
  100   109  0   0.0%   0.086 UG:1    UA:3    +
   49    70  0   0.0%   0.018 GU:3    UA:1    +
   97   121  0   0.0%   0.348 GU:1    AU:3    +
   99   111  0   0.0%   0.011 AU:1    UA:3    +
   87   126  0   0.0%   0.169 GU:3    UG:1    +
    7    29  0   0.0%   0.070 GU:3    AU:1    +
   95   111  0   0.0%   0.005 AU:1    UA:3    +
   37    79  0   0.0%   0.002 GC:3    UA:1    +
    5   139  0   0.0%   0.057 GU:1    AU:3    +
   92   101  0   0.0%   0.001 GC:3    GU:1    +
   12   151  0   0.0%   0.017 GC:3    GU:1    +
  121   133  0   0.0%   1.085 UG:1    UA:3    +
    7   150  0   0.0%   0.042 GU:3    AU:1    +
   87    91  0   0.0%   0.061 GU:3    UA:1    +
  100   107  0   0.0%   0.306 UG:1    UA:3    +
   93   101  0   0.0%   0.001 GC:3    GU:1    +
   97   113  0   0.0%   0.005 GU:1    AU:3    +
   84   144  0   0.0%   0.806 GC:1    GU:3    +
   37    80  0   0.0%   0.002 GU:3    UA:1    +
   37    44  0   0.0%   0.002 GC:3    UG:1    +
    4    29  0   0.0%   0.000 GU:1    AU:3    +
    7   139  0   0.0%   0.036 GU:3    AU:1    +
   96   112  0   0.0%   0.365 GC:1    GU:2    --:1    +
   30    84  0   0.0%   0.052 CG:1    UG:3    +
    8   151  0   0.0%   0.014 GC:3    AU:1    +
   32   131  0   0.0%   0.070 CG:3    GU:1    +
   29   148  0   0.0%   0.037 UG:1    UA:3    +
   84   112  0   0.0%   0.238 GC:2    GU:2    +
    8   150  0   0.0%   0.012 GU:3    AU:1    +
   79    87  0   0.0%   0.275 CG:3    AU:1    +
   46    76  0   0.0%   0.036 GU:3    AU:1    +
   17    30  0   0.0%   0.306 GC:1    GU:3    +
   16    31  0   0.0%   0.029 UG:1    UA:3    +
  109   150  0   0.0%   0.187 GU:1    AU:3    +
  113   136  0   0.0%   1.086 UG:3    UA:1    +
   32    42  0   0.0%   0.001 CG:3    GU:1    +
   81   132  0   0.0%   0.062 GC:3    GU:1    +
    9   131  0   0.0%   0.150 CG:3    AU:1    +
    8   132  0   0.0%   0.006 GC:3    AU:1    +
  107   150  0   0.0%   0.313 GU:1    AU:3    +
   11   128  0   0.0%   0.080 GU:1    UA:3    +
   49    73  0   0.0%   0.018 GU:3    UG:1    +
   11    18  0   0.0%   0.000 GU:1    UA:3    +
   46   151  0   0.0%   0.011 GC:3    AU:1    +
   47   150  0   0.0%   0.009 GU:1    AU:3    +
   32   127  0   0.0%   0.070 CG:3    GC:1    +
    9    37  0   0.0%   0.150 CG:3    AU:1    +
   81   151  0   0.0%   0.121 GC:3    GU:1    +
   40   139  0   0.0%   0.270 GU:3    AU:1    +
   43   150  0   0.0%   0.108 GU:1    AU:3    +
   91   128  0   0.0%   0.997 AU:1    UA:3    +
   30   134  0   0.0%   0.055 CG:1    UG:3    +
  111   126  0   0.0%   0.360 UG:1    AU:3    +
   22   133  0   0.0%   0.055 UG:1    UA:3    +
   11    19  0   0.0%   0.000 GU:1    UA:3    +
  134   146  0   0.9%   1.132 GC:4    +
   96   100  0   0.9%   0.124 GU:3    --:1    +
   33    84  0   0.7%   0.128 CG:4    +
   84   108  0   0.7%   0.303 GC:4    +
   83   109  1   0.6%   0.258 CG:1    UA:2    +
  101   114  1   0.5%   0.405 CG:2    UG:1    +
   39   139  0   0.5%   0.300 AU:4    +
  102   116  1   1.0%   0.882 UA:3    +
    4    30  1   0.4%   0.071 GU:1    AU:2    +
   90   107  1   0.4%   0.674 CG:1    UA:2    +
   81   135  2   1.1%   0.215 GU:2    +
  135   147  1   0.3%   1.028 AU:1    UA:2    +
  121   125  0   0.3%   1.099 UA:4    +
  132   136  1   0.3%   1.136 CG:2    UG:1    +
  100   117  0   0.3%   0.839 UA:4    +
  109   135  2   0.9%   0.354 AU:2    +
   36   142  0   0.2%   0.056 GC:1    --:3    +
   88   139  0   0.2%   0.093 AU:4    +
  120   126  1   0.2%   1.470 UG:1    AU:2    +
  106   139  1   0.2%   0.867 GU:1    AU:2    +
  129   138  0   0.2%   0.096 CG:1    --:3    +
   33   134  0   0.2%   0.097 CG:4    +
   37   141  2   0.5%   0.394 GC:1    UA:1    +
   86   139  1   0.1%   0.472 GU:1    AU:2    +
    1    35  0   0.1%   0.027 UA:1    --:3    +
   87   144  1   0.1%   0.772 GC:1    GU:2    +
    2    34  0   0.1%   0.025 AU:1    --:3    +
   87   132  1   0.1%   0.539 GC:2    GU:1    +
  140   149  1   0.1%   0.994 GC:2    UA:1    +
   85   140  1   0.1%   0.769 CG:2    AU:1    +
    3    36  0   0.1%   0.022 CG:1    --:3    +
    1    36  0   0.1%   0.024 UG:1    --:3    +
   87   151  1   0.1%   0.463 GC:2    GU:1    +
  130   138  0   0.1%   0.090 UG:1    --:3    +
   88   150  0   0.1%   0.186 AU:4    +
   98   107  1   0.1%   0.269 CG:1    UA:2    +
   90   140  1   0.1%   0.936 UG:2    AU:1    +
  107   112  1   0.1%   0.640 GC:1    AU:2    +
   36   143  0   0.1%   0.039 GC:1    --:3    +
  100   105  0   0.1%   0.425 UA:4    +
   34   138  0   0.1%   0.023 UG:1    --:3    +
  134   149  1   0.1%   0.687 GC:2    GU:1    +
   89   140  1   0.1%   0.808 GU:1    UG:2    +
  108   134  0   0.0%   0.419 CG:4    +
   32   140  1   0.0%   0.090 CG:2    GU:1    +
   31    89  1   0.0%   0.011 GC:1    AU:2    +
   83   140  1   0.0%   0.614 GU:1    UG:2    +
   96   103  0   0.0%   0.719 GC:3    --:1    +
   90   109  1   0.0%   0.440 CG:1    UA:2    +
  138   143  0   0.0%   0.094 GC:1    --:3    +
   89   136  1   0.0%   0.873 CG:1    UG:2    +
  106   113  1   0.0%   1.132 GU:1    AU:2    +
   83   134  1   0.0%   0.833 CG:1    UG:2    +
   12   146  0   0.0%   0.014 GC:4    +
   96   115  0   0.0%   0.373 GC:3    --:1    +
  136   151  1   0.0%   1.135 GC:2    GU:1    +
   89   148  1   0.0%   0.640 CG:1    UA:2    +
   89   128  1   0.0%   0.903 GU:1    UA:2    +
  141   150  1   0.5%   1.042 AU:3    +
    3   138  0   0.0%   0.013 CG:1    --:3    +
   96   108  0   0.0%   0.509 GC:3    --:1    +
    6   150  0   0.0%   0.046 AU:4    +
   12    21  0   0.0%   0.006 GC:4    +
    7   149  1   0.0%   0.042 GC:2    AU:1    +
   83   141  1   0.0%   0.604 GC:1    UA:2    +
   81   137  0   0.0%   0.159 GC:4    +
   83   152  1   0.0%   0.944 GC:1    UA:2    +
    7    27  1   0.5%   0.082 GC:3    +
  140   145  1   0.0%   0.684 GU:2    UG:1    +
   99   120  1   0.0%   0.754 AU:1    UA:2    +
    4   145  1   0.0%   0.036 GU:1    AU:2    +
   48    76  0   0.0%   0.047 AU:4    +
  138   142  0   0.0%   0.098 GC:1    --:3    +
  107   144  1   0.0%   0.642 GU:1    AU:2    +
  136   145  1   0.0%   0.793 GU:2    AU:1    +
   97   112  1   0.0%   0.006 GC:1    AU:2    +
   17    22  0   0.0%   0.291 GU:4    +
   96   113  0   0.0%   0.367 GU:3    --:1    +
   98   114  1   0.0%   0.009 CG:2    UG:1    +
   86   113  1   0.0%   0.008 GU:1    AU:2    +
  144   148  1   0.0%   0.393 UG:1    UA:2    +
   55    61  0   0.0%   0.002 UA:1    --:3    +
   96   104  0   0.0%   0.715 GC:3    --:1    +
   87   112  1   0.0%   0.170 GC:1    GU:2    +
    1   138  0   0.0%   0.016 UG:1    --:3    +
   41    76  0   0.0%   0.002 AU:4    +
   40   151  1   0.0%   0.248 GC:2    GU:1    +
   41   150  0   0.0%   0.160 AU:4    +
   57    67  0   0.0%   0.006 CG:4    +
   89   111  1   0.0%   0.271 GU:1    UA:2    +
  134   139  0   0.0%   0.821 GU:4    +
   58    66  1   0.0%   0.026 AU:2    UA:1    +
   89   133  1   0.0%   0.989 CG:1    UA:2    +
  114   118  1   0.0%   0.795 GC:2    UA:1    +
  105   139  0   0.0%   0.788 AU:4    +
   91   140  1   0.0%   0.899 UG:2    AU:1    +
   92   108  0   0.0%   0.494 GC:4    +
   31   144  1   0.0%   0.015 GU:1    AU:2    +
  116   121  0   0.0%   0.772 AU:4    +
   37   151  1   0.0%   0.352 GC:2    GU:1    +
   84   149  1   0.0%   1.172 GC:2    GU:1    +
   96   121  0   0.0%   0.716 GU:3    --:1    +
   96   102  0   0.0%   0.714 GU:3    --:1    +
   86   150  1   0.0%   0.754 GU:1    AU:2    +
   79   140  1   0.0%   0.251 CG:2    AU:1    +
  134   150  0   0.0%   0.688 GU:4    +
  113   125  0   0.0%   0.701 UA:4    +
   42   144  1   0.0%   0.244 GC:1    GU:2    +
   37   135  1   0.0%   0.308 GU:2    UG:1    +
  110   122  0   0.0%   0.001 UA:1    --:3    +
   33    81  0   0.0%   0.002 CG:4    +
  112   133  1   0.0%   0.742 CG:1    UA:2    +
   86   112  1   0.0%   0.007 GC:1    AU:2    +
   17   146  0   0.0%   0.258 GC:4    +
   14   143  0   0.0%   0.001 GC:1    --:3    +
   87   135  1   0.0%   0.355 GU:2    UG:1    +
    8   149  1   0.0%   0.012 GC:2    GU:1    +
   40   149  1   0.0%   0.244 GC:2    AU:1    +
   78   140  1   0.0%   0.102 CG:2    AU:1    +
   93   100  0   0.0%   0.001 GU:4    +
  113   147  1   0.0%   1.080 UG:1    UA:2    +
   39   150  0   0.0%   0.248 AU:4    +
   16   147  1   0.0%   0.032 UG:1    UA:2    +
   30    86  1   0.0%   0.053 CG:1    UA:2    +
   29    88  0   0.0%   0.037 UA:4    +
  122   130  0   0.0%   0.001 AU:1    --:3    +
  119   135  1   0.0%   0.986 CG:1    AU:2    +
  109   144  1   0.0%   0.515 GU:1    AU:2    +
   13   150  0   0.0%   0.056 AU:4    +
   37   144  1   0.0%   0.348 GC:1    GU:2    +
  112   148  1   0.0%   0.730 CG:1    UA:2    +
  123   134  0   0.0%   0.963 CG:4    +
  112   136  1   0.0%   1.102 CG:1    UG:2    +
  127   151  1   0.0%   0.733 GC:2    GU:1    +
   30   147  1   0.0%   0.055 CG:1    UA:2    +
   89   134  1   0.0%   0.883 CG:1    UG:2    +
  133   144  1   0.0%   1.067 GU:1    AU:2    +
  128   135  1   0.0%   0.880 UG:1    AU:2    +
   12    22  0   0.0%   0.002 GU:4    +
   84    89  1   0.0%   0.209 GC:1    GU:2    +
  107   145  1   0.0%   0.685 GU:1    AU:2    +
    2    10  0   0.0%   0.000 AU:1    --:3    +
  100   106  1   0.0%   0.458 UG:1    UA:2    +
  124   134  0   0.0%   0.961 CG:4    +
  116   139  0   0.0%   0.616 AU:4    +
  115   140  1   0.0%   0.644 CG:2    GU:1    +
   44   140  1   0.0%   0.035 CG:2    GU:1    +
    5   144  1   0.0%   0.060 GU:1    AU:2    +
   84   139  0   0.0%   0.832 GU:4    +
    6   139  0   0.0%   0.039 AU:4    +
   81   146  0   0.0%   0.117 GC:4    +
   27    84  0   0.0%   0.034 CG:4    +
    5   145  1   0.0%   0.057 GU:1    AU:2    +
   26    85  1   0.0%   0.040 GC:2    UA:1    +
   14   142  0   0.0%   0.000 GC:1    --:3    +
  106   135  1   0.0%   0.956 UG:1    AU:2    +
   88   100  0   0.0%   0.001 AU:4    +
   92   103  0   0.0%   0.000 GC:4    +
   22    88  0   0.0%   0.055 UA:4    +
   41   139  0   0.0%   0.184 AU:4    +
   45   139  0   0.0%   0.059 AU:4    +
   16    25  1   0.0%   0.198 UG:1    UA:2    +
  112   131  1   0.0%   0.725 CG:1    UG:2    +
    2   110  0   0.0%   0.008 AU:1    --:3    +
   84    90  1   0.0%   0.205 GC:1    GU:2    +
    7   151  1   0.0%   0.043 GC:2    GU:1    +
   84   104  0   0.0%   0.205 GC:4    +
  131   151  1   0.0%   0.743 GC:2    GU:1    +
   46    73  1   0.0%   0.001 GU:2    AU:1    +
   56   137  0   0.0%   0.053 GC:4    +
   53   140  1   0.0%   0.038 CG:2    GU:1    +
   54   139  0   0.0%   0.037 AU:4    +
  114   135  1   0.0%   1.355 GU:2    UA:1    +
  109   145  1   0.0%   0.558 GU:1    AU:2    +
   83   107  1   0.0%   0.167 CG:1    UA:2    +
   50   145  1   0.0%   0.222 GU:1    AU:2    +
   98   109  1   0.0%   0.043 CG:1    UA:2    +
   92   137  0   0.0%   0.963 GC:4    +
   56    64  0   0.0%   0.010 GU:4    +
   88   121  0   0.0%   0.001 AU:4    +
  117   121  0   0.0%   0.743 AU:4    +
   55   138  0   0.0%   0.008 UG:1    --:3    +
   84   150  0   0.0%   1.173 GU:4    +
   89   120  1   0.0%   0.268 GU:1    UA:2    +
   67    75  0   0.0%   0.005 GC:4    +
   27   134  0   0.0%   0.036 CG:4    +
  131   144  1   0.0%   1.069 GC:1    GU:2    +
   80   140  1   0.0%   0.256 UG:2    AU:1    +
   42   135  1   0.0%   0.245 GU:2    UG:1    +
   43   145  1   0.0%   0.107 GU:1    AU:2    +
  113   134  0   0.0%   1.330 UG:4    +
   26   135  1   0.0%   0.042 GU:2    UG:1    +
   36   129  0   0.0%   0.011 GC:1    --:3    +
   30   148  1   0.0%   0.053 UG:1    UA:2    +
   92   146  0   0.0%   1.070 GC:4    +
   77   140  1   0.0%   0.148 UG:2    AU:1    +
   36   110  0   0.0%   0.011 GU:1    --:3    +
  125   139  0   0.0%   0.903 AU:4    +
   35   110  0   0.0%   0.009 AU:1    --:3    +
   60    64  0   0.0%   0.003 AU:4    +
   93   137  0   0.0%   0.962 GC:4    +
  127   132  1   0.0%   1.426 GC:2    GU:1    +
   80   133  1   0.0%   0.212 UG:1    UA:2    +
   92   139  0   0.0%   0.750 GU:4    +
   26    32  1   0.0%   0.039 GC:2    UG:1    +
    5    83  1   0.0%   0.055 GC:1    AU:2    +
   90   134  1   0.0%   1.006 CG:1    UG:2    +
  118   131  1   0.0%   1.455 CG:2    GU:1    +
   12    33  0   0.0%   0.007 GC:4    +
  113   117  0   0.0%   0.756 UA:4    +
   35   130  0   0.0%   0.009 AU:1    --:3    +
   11    20  1   0.0%   0.000 UG:1    UA:2    +
   16   125  0   0.0%   0.029 UA:4    +
   38   134  0   0.0%   0.228 CG:4    +
   17   124  0   0.0%   0.254 GC:4    +
   81   149  1   0.0%   0.118 GC:2    GU:1    +
   93   104  0   0.0%   0.704 GC:4    +
  126   133  1   0.0%   1.460 UG:1    UA:2    +
   42   151  1   0.0%   0.246 GC:2    GU:1    +
   21   134  0   0.0%   0.243 CG:4    +
    3    14  0   0.0%   0.000 CG:1    --:3    +
   31    91  1   0.0%   0.005 GU:1    AU:2    +
   11    26  1   0.0%   0.119 GU:1    UG:2    +
   33    92  0   0.0%   0.060 CG:4    +
   58   135  1   0.0%   0.010 UG:1    AU:2    +
   40   137  1   0.5%   0.306 GC:3    +
  140   151  2   0.6%   1.089 GC:2    +
  136   146  1   0.5%   0.899 GC:3    +
  100   118  2   0.3%   0.843 UG:1    UA:1    +
   52    69  2   0.3%   0.071 GC:1    UG:1    +
   33    87  1   0.4%   0.142 CG:3    +
   32    83  2   0.2%   0.045 CG:1    GC:1    +
   38   140  2   0.5%   0.314 CG:2    +
    6    28  2   0.5%   0.080 AU:2    +
  103   114  1   0.3%   0.448 CG:3    +
   99   116  1   0.3%   0.064 UA:3    +
  131   137  1   0.3%   1.029 GC:3    +
   99   119  1   0.3%   0.446 UA:3    +
  139   152  1   0.3%   0.598 UA:3    +
   32    84  1   0.3%   0.068 CG:3    +
  106   141  2   0.1%   1.073 GC:1    UA:1    +
  107   140  2   0.1%   0.500 GU:1    AU:1    +
   87   137  1   0.2%   0.475 GC:3    +
    4   151  2   0.1%   0.054 GC:1    AU:1    +
   37   137  1   0.2%   0.347 GC:3    +
   98   117  2   0.4%   0.072 UA:2    +
  128   139  1   0.2%   0.508 AU:3    +
  131   141  2   0.0%   1.003 GC:1    UA:1    +
   38   136  1   0.2%   0.263 CG:3    +
  135   151  2   0.0%   1.326 GC:1    AU:1    +
    4   149  2   0.0%   0.042 GC:1    AU:1    +
   22   135  2   0.0%   0.063 UG:1    UA:1    +
   86   111  2   0.0%   0.011 GU:1    UA:1    +
   86   106  2   0.0%   0.009 GU:1    UG:1    +
    5   151  2   0.0%   0.068 GC:1    AU:1    +
  114   128  2   0.0%   0.696 GU:1    UA:1    +
  135   144  2   0.0%   0.949 GU:1    AU:1    +
  136   140  2   0.0%   0.688 GU:1    AU:1    +
   88   126  1   0.2%   0.037 AU:3    +
   32   145  2   0.0%   0.091 CG:1    GU:1    +
  140   144  2   0.0%   0.651 GC:1    GU:1    +
   16    24  1   0.2%   0.074 UA:3    +
   97   120  2   0.0%   0.353 GU:1    AU:1    +
  109   140  2   0.0%   0.458 GU:1    AU:1    +
   86   131  2   0.0%   0.641 GU:1    UG:1    +
  140   148  2   0.0%   0.660 UG:1    UA:1    +
   83    89  2   0.0%   0.172 CG:1    GC:1    +
   85   106  2   0.0%   0.153 CG:1    AU:1    +
  106   144  2   0.0%   1.136 GU:1    AU:1    +
   86   127  2   0.0%   0.009 GC:1    UG:1    +
  106   115  2   0.0%   0.781 GC:1    UG:1    +
    4   135  2   0.0%   0.025 GU:1    AU:1    +
  106   114  2   0.0%   1.181 GU:1    UG:1    +
  135   139  2   0.0%   0.795 GU:1    AU:1    +
   52    72  2   0.0%   0.033 GC:1    UA:1    +
   31   140  2   0.0%   0.010 GU:1    AU:1    +
  133   140  2   0.0%   1.013 GU:1    AU:1    +
  115   145  2   0.0%   0.746 CG:1    GU:1    +
   86   149  2   0.0%   0.753 GU:1    UA:1    +
    4    83  2   0.0%   0.024 GU:1    AU:1    +
   89   145  2   0.0%   1.016 CG:1    GU:1    +
   98   106  2   0.0%   0.407 UG:1    UA:1    +
  114   119  2   0.0%   0.437 GC:1    UA:1    +
    5   140  2   0.0%   0.056 GU:1    AU:1    +
  121   135  2   0.0%   0.957 UG:1    UA:1    +
  113   118  2   0.0%   0.743 UG:1    UA:1    +
   24    86  2   0.0%   0.034 CG:1    AU:1    +
  107   132  2   0.0%   0.622 GC:1    AU:1    +
  109   151  2   0.0%   0.190 GC:1    AU:1    +
   37    86  2   0.0%   0.302 GU:1    UG:1    +
   37   147  2   0.0%   0.345 GU:1    UG:1    +
   87   152  2   0.0%   0.444 GC:1    UA:1    +
   40   140  2   0.0%   0.273 GU:1    AU:1    +
   37   152  2   0.0%   0.344 GC:1    UA:1    +
   52   141  2   0.0%   0.056 GC:1    UA:1    +
   87   147  2   0.0%   0.803 GU:1    UG:1    +
  107   151  2   0.0%   0.317 GC:1    AU:1    +
  120   136  2   0.0%   1.096 UG:1    UA:1    +
  128   147  2   0.0%   0.669 UG:1    AU:1    +
   25    32  2   0.0%   0.169 GC:1    UG:1    +
    4   132  2   0.0%   0.024 GC:1    AU:1    +
  131   152  2   0.0%   0.729 GC:1    UA:1    +
   30   135  2   0.0%   0.056 CG:1    UA:1    +
  109   132  2   0.0%   0.398 GC:1    AU:1    +
   28   135  2   0.0%   0.036 UG:1    UA:1    +
  113   135  2   0.0%   1.303 UG:1    UA:1    +
   12    26  2   0.0%   0.046 GC:1    GU:1    +
   26    31  2   0.0%   0.039 CG:1    UA:1    +
  106   152  2   0.0%   0.799 GC:1    UA:1    +
   28   133  2   0.0%   0.033 UG:1    UA:1    +
   32   106  2   0.0%   0.070 CG:1    GU:1    +
    4    90  2   0.0%   0.024 GU:1    AU:1    +
   25    85  2   0.0%   0.169 GC:1    UA:1    +
    4    89  2   0.0%   0.024 GU:1    AU:1    +
   80   136  1   0.1%   0.263 UG:3    +
   87   146  1   0.1%   0.821 GC:3    +
   18    22  1   0.1%   0.069 AU:3    +
   88   145  1   0.1%   0.553 AU:3    +
   48    70  1   0.1%   0.018 AU:3    +
   96   118  1   0.1%   0.384 GC:2    --:1    +
   32   136  1   0.1%   0.091 CG:3    +
  116   126  1   0.1%   0.797 AU:3    +
  117   126  1   0.1%   0.772 AU:3    +
   33   136  1   0.0%   0.089 CG:3    +
   88   144  1   0.0%   0.498 AU:3    +
   95   119  1   0.0%   0.012 UA:3    +
   87   139  1   0.0%   0.242 GU:3    +
   32   134  1   0.0%   0.081 CG:3    +
  100   119  1   0.0%   0.475 UA:3    +
   41    77  1   0.0%   0.009 AU:3    +
   21   136  1   0.0%   0.251 CG:3    +
   57    65  1   0.0%   0.007 CG:3    +
   13   145  1   0.0%   0.055 AU:3    +
   53    67  1   0.0%   0.007 CG:3    +
  108   114  1   0.0%   0.555 CG:3    +
   97   102  1   0.0%   0.362 AU:3    +
   19   139  1   0.0%   0.008 AU:3    +
   56    66  1   0.0%   0.035 GU:3    +
   54    66  1   0.0%   0.027 AU:3    +
  121   128  1   0.0%   0.651 UA:3    +
  123   127  1   0.0%   1.061 CG:3    +
  133   145  1   0.0%   1.115 AU:3    +
   40    78  1   0.0%   0.005 GC:3    +
  102   117  1   0.0%   0.810 UA:3    +
   49    75  1   0.0%   0.019 GC:3    +
   95   116  1   0.0%   0.006 UA:3    +
   82   136  1   0.0%   0.576 CG:3    +
   95   109  1   0.0%   0.041 UA:3    +
   47    77  1   0.0%   0.116 AU:3    +
   37   146  1   0.0%   0.347 GC:3    +
   40    80  1   0.0%   0.128 GU:3    +
   84   115  1   0.0%   0.240 GC:3    +
   79   136  1   0.0%   0.241 CG:3    +
    6    30  1   0.0%   0.089 AU:3    +
   42    75  1   0.0%   0.002 GC:3    +
   94   100  1   0.0%   0.003 AU:3    +
   40   146  1   0.0%   0.243 GC:3    +
  134   145  1   0.0%   1.012 GU:3    +
   85   134  1   0.0%   0.766 CG:3    +
  113   119  1   0.0%   0.387 UA:3    +
  105   144  1   0.0%   1.074 AU:3    +
   95   105  1   0.0%   0.372 UA:3    +
   41   145  1   0.0%   0.159 AU:3    +
  100   114  1   0.0%   0.050 UG:3    +
  111   139  1   0.0%   0.555 AU:3    +
  115   136  1   0.0%   0.738 CG:3    +
  114   137  1   0.0%   1.033 GC:3    +
   91   136  1   0.0%   0.964 UG:3    +
   33    37  1   0.0%   0.002 CG:3    +
   16   141  1   0.0%   0.031 UA:3    +
   91   109  1   0.0%   0.411 UA:3    +
   45    73  1   0.0%   0.001 AU:3    +
   31   145  1   0.0%   0.013 AU:3    +
  102   109  1   0.0%   0.398 UA:3    +
   45    77  1   0.0%   0.138 AU:3    +
   42    76  1   0.0%   0.002 GU:3    +
   18   139  1   0.0%   0.010 AU:3    +
  111   121  1   0.0%   0.349 AU:3    +
  114   124  1   0.0%   0.749 GC:3    +
   30    87  1   0.0%   0.053 UG:3    +
  113   131  1   0.0%   0.710 UG:3    +
   99   109  1   0.0%   0.044 UA:3    +
   13   144  1   0.0%   0.053 AU:3    +
   91   107  1   0.0%   0.628 UA:3    +
  114   146  1   0.0%   1.141 GC:3    +
   43    80  1   0.0%   0.313 AU:3    +
  121   127  1   0.0%   1.077 UG:3    +
   40    77  1   0.0%   0.001 GU:3    +
  116   144  1   0.0%   0.775 AU:3    +
   47    73  1   0.0%   0.001 AU:3    +
  128   150  1   0.0%   0.314 AU:3    +
   56    69  1   0.0%   0.037 GC:3    +
  105   145  1   0.0%   1.118 AU:3    +
   32    40  1   0.0%   0.002 CG:3    +
   37   139  1   0.0%   0.322 GU:3    +
   33    40  1   0.0%   0.001 CG:3    +
   33    42  1   0.0%   0.001 CG:3    +
   44    81  1   0.0%   0.062 CG:3    +
  124   131  1   0.0%   1.046 CG:3    +
  100   111  1   0.0%   0.051 UA:3    +
  119   139  1   0.0%   0.576 AU:3    +
  127   146  1   0.0%   1.095 GC:3    +
   95   117  1   0.0%   0.003 UA:3    +
   99   105  1   0.0%   0.372 UA:3    +
  102   107  1   0.0%   0.618 UA:3    +
  102   119  1   0.0%   0.439 UA:3    +
    8   137  1   0.0%   0.007 GC:3    +
    9   136  1   0.0%   0.150 CG:3    +
   87   150  1   0.0%   0.445 GU:3    +
   99   107  1   0.0%   0.265 UA:3    +
   45    80  1   0.0%   0.238 AU:3    +
   30   136  1   0.0%   0.056 UG:3    +
   78   136  1   0.0%   0.092 CG:3    +
  131   146  1   0.0%   1.104 GC:3    +
   12   145  1   0.0%   0.008 GU:3    +
   42   137  1   0.0%   0.279 GC:3    +
   23    87  1   0.0%   0.017 CG:3    +
   87   101  1   0.0%   0.060 GC:3    +
   33   131  1   0.0%   0.060 CG:3    +
   30    88  1   0.0%   0.053 UA:3    +
  108   131  1   0.0%   0.497 CG:3    +
   44   136  1   0.0%   0.025 CG:3    +
   54    70  1   0.0%   0.274 AU:3    +
   37   150  1   0.0%   0.350 GU:3    +
   29    87  1   0.0%   0.036 UG:3    +
  123   131  1   0.0%   1.048 CG:3    +
   47    70  1   0.0%   0.000 AU:3    +
  113   128  1   0.0%   0.640 UA:3    +
  115   134  1   0.0%   0.980 CG:3    +
   92   102  1   0.0%   0.000 GU:3    +
   57   136  1   0.0%   0.027 CG:3    +
  108   127  1   0.0%   0.493 CG:3    +
   39   145  1   0.0%   0.247 AU:3    +
   49   146  1   0.0%   0.020 GC:3    +
    7   137  1   0.0%   0.034 GC:3    +
   50    66  1   0.0%   0.000 AU:3    +
   45    74  1   0.0%   0.001 AU:3    +
   32    81  1   0.0%   0.002 CG:3    +
   87   123  1   0.0%   0.169 GC:3    +
   81    85  1   0.0%   0.213 GC:3    +
  125   144  1   0.0%   1.061 AU:3    +
   42   146  1   0.0%   0.241 GC:3    +
   18    29  1   0.0%   0.043 AU:3    +
  109   126  1   0.0%   0.396 AU:3    +
   24   139  1   0.0%   0.038 AU:3    +
  124   136  1   0.0%   0.718 CG:3    +
   22   141  1   0.0%   0.058 UA:3    +
   93   102  1   0.0%   0.001 GU:3    +
   27   136  1   0.0%   0.036 CG:3    +
  127   137  1   0.0%   0.987 GC:3    +
    6   144  1   0.0%   0.042 AU:3    +
  126   134  1   0.0%   1.359 UG:3    +
   68    74  1   0.0%   0.003 AU:3    +
   29   141  1   0.0%   0.037 UA:3    +
   91    97  1   0.0%   0.000 UA:3    +
   46   137  1   0.0%   0.045 GC:3    +
   82   131  1   0.0%   0.296 CG:3    +
   79   134  1   0.0%   0.231 CG:3    +
   40    44  1   0.0%   0.000 GC:3    +
   27   131  1   0.0%   0.033 CG:3    +
  114   123  1   0.0%   0.749 GC:3    +
   85   127  1   0.0%   0.152 CG:3    +
   84   145  1   0.0%   0.806 GU:3    +
   13   126  1   0.0%   0.047 AU:3    +
  131   139  1   0.0%   0.919 GU:3    +
  123   136  1   0.0%   0.719 CG:3    +
   93   145  1   0.0%   1.076 GU:3    +
  121   131  1   0.0%   1.068 UG:3    +
   24    30  1   0.0%   0.085 AU:3    +
   32    93  1   0.0%   0.070 CG:3    +
   87   113  1   0.0%   0.169 GU:3    +
  111   150  1   0.0%   0.385 AU:3    +
   59    64  1   0.0%   0.003 AU:3    +
    8    38  1   0.0%   0.006 GC:3    +
   42    82  1   0.0%   0.532 GC:3    +
    8   146  1   0.0%   0.006 GC:3    +
   38    42  1   0.0%   0.000 CG:3    +
   90   105  2   0.2%   0.033 UA:2    +
   89   141  2   0.1%   0.899 UA:2    +
   98   119  2   0.1%   0.410 UA:2    +
  102   114  2   0.1%   0.403 UG:2    +
  105   112  2   0.1%   0.390 AU:2    +
  105   140  2   0.1%   0.925 AU:2    +
  132   140  2   0.1%   1.021 CG:2    +
  135   141  2   0.0%   0.879 UA:2    +
   89   109  2   0.0%   0.304 UA:2    +
  107   135  2   0.0%   0.453 AU:2    +
  135   148  2   0.0%   0.631 UA:2    +
   20   137  2   0.0%   0.026 GC:2    +
   39   135  2   0.0%   0.224 AU:2    +
   33   140  2   0.0%   0.087 CG:2    +
   31   135  2   0.0%   0.014 AU:2    +
   11   147  2   0.0%   0.086 UA:2    +
   89   125  2   0.0%   0.273 UA:2    +
   31    83  2   0.0%   0.004 AU:2    +
   58    64  2   0.0%   0.005 AU:2    +
   98   116  2   0.0%   0.011 UA:2    +
    4   140  2   0.0%   0.029 AU:2    +
   46    78  2   0.0%   0.070 GC:2    +
  128   144  2   0.0%   0.643 AU:2    +
   90   136  2   0.0%   0.993 UG:2    +
   85   114  2   0.0%   0.154 CG:2    +
   90   141  2   0.0%   1.011 UA:2    +
   98   111  2   0.0%   0.010 UA:2    +
  135   152  2   0.0%   0.969 UA:2    +
   83   148  2   0.0%   0.940 UA:2    +
  134   140  2   0.0%   0.909 GU:2    +
   87   145  2   0.0%   0.806 GU:2    +
   83   116  2   0.0%   0.199 UA:2    +
   42   149  2   0.0%   0.244 GC:2    +
   46    72  2   0.0%   0.001 GC:2    +
   87   149  2   0.0%   0.444 GC:2    +
   84   135  2   0.0%   0.646 GU:2    +
   37    83  2   0.0%   0.168 GU:2    +
  112   120  2   0.0%   0.722 UA:2    +
   17   140  2   0.0%   0.257 GU:2    +
   37   149  2   0.0%   0.349 GC:2    +
  106   145  2   0.0%   1.181 AU:2    +
  140   150  2   0.0%   0.990 GU:2    +
  116   135  2   0.0%   1.027 AU:2    +
   83    88  2   0.0%   0.167 UA:2    +
   99   114  2   0.0%   0.008 UG:2    +
   83   136  2   0.0%   0.604 UG:2    +
   88   135  2   0.0%   0.193 AU:2    +
   18   145  2   0.0%   0.012 AU:2    +
  131   149  2   0.0%   0.734 GC:2    +
  144   152  2   0.0%   0.379 UA:2    +
   89   105  2   0.0%   0.005 UA:2    +
   82   140  2   0.0%   0.576 CG:2    +
  120   134  2   0.0%   1.340 UG:2    +
   86    91  2   0.0%   0.002 AU:2    +
  118   136  2   0.0%   1.127 CG:2    +
   90   127  2   0.0%   1.091 UG:2    +
  126   141  2   0.0%   1.009 UA:2    +
   77   141  2   0.0%   0.140 UA:2    +
   94   112  2   0.0%   0.358 AU:2    +
   84   140  2   0.0%   0.838 GU:2    +
   19   144  2   0.0%   0.008 AU:2    +
   90   125  2   0.0%   0.402 UA:2    +
   31    90  2   0.0%   0.005 AU:2    +
   90   148  2   0.0%   0.755 UA:2    +
   90   128  2   0.0%   1.025 UA:2    +
   30   140  2   0.0%   0.055 UG:2    +
   90   111  2   0.0%   0.403 UA:2    +
  128   145  2   0.0%   0.685 AU:2    +
  112   119  2   0.0%   0.401 UA:2    +
   91   141  2   0.0%   0.977 UA:2    +
   11   152  2   0.0%   0.082 UA:2    +
   88   112  2   0.0%   0.002 AU:2    +
  113   120  2   0.0%   0.706 UA:2    +
   95   114  2   0.0%   0.003 UG:2    +
   90   131  2   0.0%   1.095 UG:2    +
   86   102  2   0.0%   0.002 AU:2    +
  116   120  2   0.0%   0.777 AU:2    +
   89   147  2   0.0%   0.999 UA:2    +
  100   120  2   0.0%   0.793 UA:2    +
   91   147  2   0.0%   1.084 UA:2    +
   83    87  2   0.0%   0.226 UG:2    +
   46    79  2   0.0%   0.217 GC:2    +
   80    86  2   0.0%   0.213 UA:2    +
   51   144  2   0.0%   0.063 AU:2    +
   23   140  2   0.0%   0.021 CG:2    +
    6   140  2   0.0%   0.038 AU:2    +
   80   147  2   0.0%   0.223 UA:2    +
   20    27  2   0.0%   0.051 GC:2    +
   21    26  2   0.0%   0.283 CG:2    +
   83   105  2   0.0%   0.167 UA:2    +
   37   145  2   0.0%   0.348 GU:2    +
   26   137  2   0.0%   0.042 GC:2    +
  125   135  2   0.0%   1.313 AU:2    +
  126   147  2   0.0%   1.108 UA:2    +
   98   105  2   0.0%   0.371 UA:2    +
  104   140  2   0.0%   0.886 CG:2    +
   30   141  2   0.0%   0.053 UA:2    +
  127   145  2   0.0%   1.101 GU:2    +
  124   140  2   0.0%   0.624 CG:2    +
   83   128  2   0.0%   0.198 UA:2    +
   83   111  2   0.0%   0.198 UA:2    +
   94    98  2   0.0%   0.000 AU:2    +
   26    33  2   0.0%   0.039 GC:2    +
  111   144  2   0.0%   0.713 AU:2    +
   90   133  2   0.0%   1.112 UA:2    +
  126   152  2   0.0%   0.741 UA:2    +
   26   132  2   0.0%   0.040 GC:2    +
   41   135  2   0.0%   0.159 AU:2    +
   89   152  2   0.0%   0.637 UA:2    +
    5   135  2   0.0%   0.055 AU:2    +
   20   135  2   0.0%   0.018 AU:2    +
  112   117  2   0.0%   0.771 UA:2    +
   86   126  2   0.0%   0.007 AU:2    +
....(((((.(((........))).)))))......((((.((.((((((.(((.(......))))...).)))))))))))(((...(((((((..(((...(((.....))).))).)).)))))...)))(((..(((...))).))).
