3 sequence; length of alignment 160
alifold output
   53    75  0  99.1%   0.028 UG:1    UA:2   
   56    72  0 100.0%   0.000 CG:3   
   57    71  0  99.9%   0.003 UA:3   
   55    73  0  99.9%   0.003 UA:3   
   58    70  0  99.5%   0.015 UA:3   
   54    74  1  99.2%   0.023 UA:2   
  101   110  0  98.5%   0.049 GC:3   
  100   111  0  98.4%   0.106 GU:3   
   99   112  0  98.4%   0.158 UA:3   
   98   113  0  98.3%   0.169 GC:3   
   52    76  0  98.2%   0.054 CG:3   
   48    79  0  97.0%   0.088 CG:2    UG:1   
   50    77  0  97.1%   0.085 CG:3   
   49    78  0  97.1%   0.085 AU:3   
  132   143  0  96.0%   0.342 GU:1    AU:2   
   59    69  0  96.9%   0.106 AU:3   
  134   141  0  96.7%   0.206 AU:3   
  133   142  0  96.6%   0.314 GU:3   
  135   140  0  96.4%   0.220 GC:3   
  130   145  0  96.2%   0.238 CG:3   
  131   144  0  96.1%   0.343 AU:3   
  102   109  0  94.5%   0.223 UG:3   
  129   146  0  92.2%   0.534 AU:3   
   32   157  0  92.1%   0.476 CG:3   
   31   158  0  92.0%   0.501 GC:3   
   33   156  1  91.8%   0.473 UG:1    UA:1   
   34   155  0  91.1%   0.546 GC:3   
   47    80  0  87.6%   0.347 GU:3   
  120   151  0  86.4%   0.767 UA:3   
  121   150  0  86.2%   0.618 CG:3   
  119   152  0  86.1%   0.813 AU:3   
  118   153  0  84.7%   0.875 UG:3   
   42    92  0  80.0%   0.605 CG:2    UG:1   
   40    94  0  79.7%   0.882 UG:1    UA:2   
   39    95  0  79.3%   0.868 GC:2    GU:1   
   41    93  0  79.9%   0.877 AU:3   
  117   154  0  79.1%   0.777 AU:3   
   43    91  0  77.5%   0.623 AU:3   
   45    89  0  61.7%   1.275 GC:3   
   46    88  0  61.6%   1.562 GC:3   
   15    22  0  58.6%   0.959 CG:2    UG:1   
   16    21  0  57.7%   0.963 CG:2    UG:1   
   14    23  0  58.3%   0.955 CG:3   
   13    24  0  56.4%   0.971 AU:3   
   38    96  1  56.1%   1.014 UG:2   
  128   147  0  52.2%   1.813 AU:3   
   97   114  0  50.7%   1.554 UA:3    +
   11    28  0  44.6%   1.521 CG:3    +
   12    27  1  43.8%   1.330 UA:2    +
   13    26  0  42.2%   1.798 AU:3    +
  125   148  0  41.8%   1.606 UA:3    +
   14    25  0  41.5%   2.035 CG:3    +
   11    25  0  40.7%   1.110 CG:3   
   15    23  0  39.0%   1.740 CG:2    UG:1    +
   16    22  0  39.0%   1.742 CG:2    UG:1    +
   10    26  0  38.8%   1.118 AU:3   
   61    67  0  37.3%   1.104 GC:2    GU:1    +
   37    97  0  38.3%   1.179 AU:3   
  124   149  0  37.5%   1.670 GU:3    +
   45    82  0  31.6%   1.092 GC:2    GU:1    +
   46    81  0  31.7%   1.093 GU:3    +
   17    21  0  30.1%   1.412 UG:3    +
   44    83  1  29.2%   1.079 UA:2    +
  126   147  0  26.6%   1.643 AU:3    +
   39    88  0  16.6%   0.897 GC:3    +
   41    86  0  16.2%   0.892 AU:3    +
   40    87  1  16.6%   0.903 UA:2    +
   12    25  1  11.0%   1.103 UG:2    +
   37   152  0   8.0%   1.102 AU:3    +
   38   151  0   7.6%   1.059 UA:3    +
    3    35  0   5.9%   0.502 GU:1    AU:2    +
    5    33  0   6.6%   0.544 AU:3    +
   46    89  0   6.3%   1.503 GC:3    +
   47    88  0   6.3%   1.332 GC:3    +
    6    32  1   6.7%   0.560 GC:2    +
    4    34  1   6.6%   0.588 CG:2    +
  126   149  0   6.1%   1.828 AU:3    +
    7    31  1   6.4%   0.599 CG:2    +
  122   148  0   5.6%   0.643 UA:3    +
   94   125  0   4.4%   0.861 GU:1    AU:2    +
   95   124  0   4.2%   0.789 CG:2    UG:1    +
   36   153  1   5.6%   0.821 UG:2    +
   45    90  1   5.0%   1.146 GU:2    +
   92   127  0   4.4%   1.015 GC:3    +
   93   126  0   4.4%   0.944 UA:3    +
  132   141  0   3.1%   0.327 GU:1    AU:2    +
  123   149  0   4.1%   0.644 AU:3    +
  123   147  0   4.0%   0.456 AU:3    +
  127   145  0   3.8%   0.642 CG:3    +
    2    36  1   4.3%   0.408 AU:2    +
  128   144  0   3.7%   0.490 AU:3    +
  126   146  0   3.7%   0.678 AU:3    +
   42   124  0   2.4%   0.462 CG:2    UG:1    +
  129   143  0   3.4%   0.368 AU:3    +
  133   140  0   3.2%   0.328 GC:3    +
   16    23  0   2.0%   1.602 CG:2    UG:1    +
  131   142  0   3.0%   0.313 AU:3    +
   50    79  0   2.8%   0.358 CG:3    +
   49    80  0   2.7%   0.437 AU:3    +
   47    82  0   1.7%   0.698 GC:2    GU:1    +
   91   128  0   2.6%   0.699 UA:3    +
   40   126  0   2.4%   0.790 UA:3    +
   39   127  0   2.4%   0.801 GC:3    +
   41   125  0   2.4%   0.784 AU:3    +
   95   109  0   1.2%   0.357 CG:2    UG:1    +
   91   116  0   2.2%   0.568 UA:3    +
   94   111  0   1.2%   0.390 GU:1    AU:2    +
   51    78  1   2.7%   0.319 AU:2    +
   36   156  0   0.1%   0.533 GU:1    UG:1    UA:1    +
   90   156  0   0.0%   0.398 UG:1    AU:1    UA:1    +
    4     9  0   1.0%   0.147 CG:2    AU:1    +
   85   120  0   1.9%   0.251 AU:3    +
   86   119  0   1.9%   0.595 UA:3    +
   92   115  1   2.3%   0.571 GC:2    +
   52    77  0   1.7%   0.258 CG:3    +
   17    22  0   1.7%   1.261 UG:3    +
   94   118  0   0.6%   0.510 GU:1    AU:2    +
   84   121  1   1.9%   0.323 GC:2    +
   92   113  0   1.3%   0.418 GC:3    +
   93   112  0   1.3%   0.404 UA:3    +
   97   107  0   1.2%   0.533 UA:3    +
   96   108  1   1.2%   0.504 GU:1    UA:1    +
   86    94  0   0.2%   0.572 UG:1    UA:2    +
   87   118  1   1.7%   0.568 AU:2    +
   15    21  0   0.2%   0.030 CG:2    UG:1    +
   42   153  0   0.1%   0.552 CG:2    UG:1    +
   91   114  0   1.1%   0.385 UA:3    +
   42   150  0   0.1%   0.350 CG:2    UG:1    +
   26    94  0   0.1%   0.772 UG:1    UA:2    +
   25    95  0   0.1%   1.003 GC:2    GU:1    +
    6    26  0   0.1%   0.032 GU:2    AU:1    +
  135   139  0   0.1%   0.018 GC:2    GU:1    +
    6    35  0   0.1%   0.383 GU:2    AU:1    +
  125   150  0   1.1%   0.998 UG:3    +
   36    84  0   0.1%   0.153 GC:1    UG:2    +
    7    28  1   1.6%   0.205 CG:2    +
   10   154  0   1.0%   0.510 AU:3    +
   11   153  0   1.0%   0.875 CG:3    +
   46    82  0   0.0%   0.733 GC:2    GU:1    +
   35    94  0   0.0%   0.196 UG:1    UA:2    +
    3    26  0   0.0%   0.005 GU:1    AU:2    +
   34    95  0   0.0%   0.202 GC:2    GU:1    +
   90   108  0   0.0%   0.187 AU:1    UA:2    +
   95   157  0   0.0%   0.558 CG:2    UG:1    +
  132   142  0   0.0%   0.215 GU:1    AU:2    +
   95   153  0   0.0%   0.629 CG:2    UG:1    +
   34    42  0   0.0%   0.189 GC:2    GU:1    +
   94   120  0   0.0%   0.425 GU:1    AU:2    +
  133   139  0   0.0%   0.002 GC:2    GU:1    +
   95   101  0   0.0%   0.198 CG:2    UG:1    +
   94   154  0   0.0%   0.521 GU:1    AU:2    +
   94   102  0   0.0%   0.233 GU:1    AU:2    +
   36    87  0   0.0%   0.150 GU:1    UA:2    +
   99   104  0   0.0%   0.001 UG:1    UA:2    +
   82    92  0   0.0%   0.669 CG:2    UG:1    +
    3    38  0   0.0%   0.170 GU:1    AU:2    +
   38    94  0   0.0%   0.079 UG:1    UA:2    +
   84   106  0   0.0%   0.046 CG:1    GC:2    +
   36   103  0   0.0%   0.198 GC:1    UA:2    +
   25    42  0   0.0%   0.983 GC:2    GU:1    +
   35   104  0   0.0%   0.187 UG:1    UA:2    +
   42   109  0   0.0%   0.192 CG:2    UG:1    +
  122   132  0   0.0%   0.106 UG:1    UA:2    +
   94   122  0   0.0%   0.408 GU:1    AU:2    +
    3   154  0   0.0%   0.169 GU:1    AU:2    +
    9    36  0   0.0%   0.208 GU:2    UG:1    +
    6   154  0   0.0%   0.205 GU:2    AU:1    +
  104   111  0   0.0%   0.074 GU:1    AU:2    +
   77    82  0   0.0%   0.533 GC:2    GU:1    +
  132   144  0   0.0%   0.311 GU:1    AU:2    +
   33    94  0   0.0%   0.200 UG:1    UA:2    +
   42    98  0   0.0%   0.198 CG:2    UG:1    +
   15    25  0   0.0%   1.671 CG:2    UG:1    +
   42   145  0   0.0%   0.281 CG:2    UG:1    +
   42   157  0   0.0%   0.445 CG:2    UG:1    +
   95   150  0   0.0%   0.438 CG:2    UG:1    +
   82   124  0   0.0%   0.526 CG:2    UG:1    +
   23   139  0   0.0%   0.762 GC:2    GU:1    +
   94   147  0   0.0%   0.459 GU:1    AU:2    +
   39    82  0   0.0%   0.002 GC:2    GU:1    +
   45    95  0   0.0%   1.006 GC:2    GU:1    +
   35   132  0   0.0%   0.230 UG:1    UA:2    +
   48    77  0   0.0%   0.000 CG:2    UG:1    +
   95   100  0   0.0%   0.197 CG:2    UG:1    +
   80    94  0   0.0%   0.437 UG:1    UA:2    +
   16    25  0   0.0%   1.744 CG:2    UG:1    +
   33   132  0   0.0%   0.235 UG:1    UA:2    +
   86   104  0   0.0%   0.332 UG:1    UA:2    +
    9    18  0   0.0%   0.056 GU:2    UA:1    +
  124   147  0   1.0%   0.602 GU:3    +
   89   124  0   0.9%   0.726 CG:3    +
   93   114  0   0.9%   0.474 UA:3    +
   37   149  0   0.8%   0.569 AU:3    +
  127   150  0   0.8%   0.752 CG:3    +
   35   151  0   0.8%   0.350 UA:3    +
   61    68  0   0.8%   0.498 GU:3    +
   90   117  1   1.3%   0.392 UA:2    +
   53    76  0   0.8%   0.141 UG:3    +
   38   148  0   0.8%   0.501 UA:3    +
   26   126  0   0.8%   0.876 UA:3    +
   25   127  0   0.8%   1.103 GC:3    +
   31   121  0   0.8%   0.306 GC:3    +
   27   125  0   0.8%   0.489 AU:3    +
   34   118  0   0.8%   0.311 GU:3    +
   30   122  0   0.8%   0.125 AU:3    +
   35   117  0   0.8%   0.303 UA:3    +
   98   106  1   1.2%   0.173 GC:2    +
   37    93  0   0.7%   0.157 AU:3    +
   33   119  0   0.7%   0.306 UA:3    +
   38    92  0   0.7%   0.132 UG:3    +
   93   119  0   0.7%   0.602 UA:3    +
   99   105  1   1.2%   0.157 UA:2    +
  128   149  0   0.6%   1.425 AU:3    +
  124   146  0   0.6%   0.390 GU:3    +
    9   155  1   1.0%   0.209 GC:2    +
   92   121  0   0.5%   0.654 GC:3    +
   62    68  0   0.5%   0.135 AU:3    +
   92   118  0   0.5%   0.579 GU:3    +
   92   120  0   0.5%   0.581 GU:3    +
   93   117  0   0.5%   0.509 UA:3    +
   92   158  0   0.5%   0.824 GC:3    +
   93   157  0   0.4%   0.757 UG:3    +
   91   119  0   0.4%   0.546 UA:3    +
   28   160  0   0.4%   0.516 GC:3    +
    7   157  1   0.9%   0.392 CG:2    +
   38   128  0   0.4%   0.436 UA:3    +
    6   158  1   0.9%   0.331 GC:2    +
   91   159  0   0.4%   0.569 UA:3    +
   61    69  0   0.4%   0.501 GU:3    +
   36   150  1   0.8%   0.357 UG:2    +
   54    75  1   0.3%   0.073 UG:1    UA:1    +
   90   123  1   0.8%   0.377 UA:2    +
   37    91  0   0.3%   0.086 AU:3    +
   83   122  1   0.8%   0.536 AU:2    +
  127   153  0   0.3%   0.898 CG:3    +
  128   146  0   0.3%   0.444 AU:3    +
  126   154  0   0.3%   1.252 AU:3    +
   59    68  0   0.2%   0.043 AU:3    +
  128   152  0   0.2%   1.057 AU:3    +
   35   153  0   0.2%   0.360 UG:3    +
   47    81  0   0.2%   0.519 GU:3    +
   47    86  0   0.2%   0.539 GU:3    +
   88    92  0   0.2%   1.050 CG:3    +
   60    70  0   0.2%   0.081 UA:3    +
  119   125  0   0.2%   0.494 AU:3    +
   99   114  0   0.2%   0.545 UA:3    +
    1   157  0   0.2%   0.063 CG:3    +
  123   152  0   0.2%   0.718 AU:3    +
  118   126  0   0.2%   0.483 UA:3    +
   38   153  0   0.2%   0.882 UG:3    +
  120   124  0   0.2%   0.438 UG:3    +
   60    65  0   0.2%   0.032 UA:3    +
  100   113  0   0.2%   0.124 GC:3    +
   37   154  0   0.2%   0.768 AU:3    +
   39   158  0   0.2%   0.758 GC:3    +
  116   154  0   0.2%   0.250 AU:3    +
   14    22  0   0.1%   0.030 CG:3    +
   40   157  0   0.1%   0.752 UG:3    +
   43   152  0   0.1%   0.457 AU:3    +
   41   154  0   0.1%   0.655 AU:3    +
  122   153  0   0.1%   0.703 UG:3    +
   44   123  0   0.1%   0.398 UA:3    +
   44   151  0   0.1%   0.652 UA:3    +
   38   159  0   0.1%   0.674 UA:3    +
   34   158  0   0.1%   0.472 GC:3    +
   45   122  0   0.1%   0.885 GU:3    +
   46   121  0   0.1%   0.908 GC:3    +
   35   157  0   0.1%   0.437 UG:3    +
   36   116  1   0.6%   0.300 UA:2    +
   97   116  0   0.1%   0.917 UA:3    +
  125   151  0   0.1%   1.114 UA:3    +
  114   154  0   0.1%   0.552 AU:3    +
   31    89  0   0.1%   0.201 GC:3    +
   43   149  0   0.1%   0.274 AU:3    +
   39   152  0   0.1%   0.823 GU:3    +
   40   151  0   0.1%   0.838 UA:3    +
   29    91  0   0.1%   0.023 AU:3    +
   27    93  0   0.1%   0.386 AU:3    +
   39    89  0   0.1%   0.331 GC:3    +
  116   152  0   0.1%   0.386 AU:3    +
  124   152  0   0.1%   1.138 GU:3    +
   44   148  0   0.1%   0.436 UA:3    +
   36    94  1   0.6%   0.259 UA:2    +
   34   152  0   0.1%   0.257 GU:3    +
   33   159  0   0.1%   0.339 UA:3    +
  114   125  0   0.1%   0.744 AU:3    +
   88   124  0   0.1%   0.897 CG:3    +
  118   124  0   0.1%   0.474 UG:3    +
   35    92  0   0.1%   0.196 UG:3    +
   26   159  0   0.1%   0.818 UA:3    +
  117   125  0   0.1%   0.421 AU:3    +
   25   160  0   0.1%   1.047 GC:3    +
   86   126  0   0.1%   0.552 UA:3    +
   28   121  0   0.1%   0.449 GC:3    +
   27   122  0   0.1%   0.388 AU:3    +
   29   120  0   0.1%   0.023 AU:3    +
   40   148  0   0.1%   0.625 UA:3    +
  121   153  0   0.1%   0.717 CG:3    +
   26   123  0   0.1%   0.773 UA:3    +
  124   155  0   0.1%   0.901 GC:3    +
   39   149  0   0.1%   0.642 GU:3    +
  124   158  0   0.1%   0.933 GC:3    +
  122   150  0   0.1%   0.467 UG:3    +
  125   157  0   0.1%   0.923 UG:3    +
   35    85  0   0.1%   0.187 UA:3    +
   34    86  0   0.1%   0.200 GU:3    +
  153   158  0   0.1%   0.618 GC:3    +
  119   149  0   0.1%   0.256 AU:3    +
  120   148  0   0.1%   0.191 UA:3    +
   41   147  0   0.1%   0.579 AU:3    +
  118   150  0   0.0%   0.259 UG:3    +
   24   128  0   0.0%   0.338 UA:3    +
  152   159  0   0.0%   0.456 UA:3    +
   33   116  0   0.0%   0.204 UA:3    +
   62    69  0   0.0%   0.089 AU:3    +
  102   112  0   0.0%   0.142 UA:3    +
   36   115  1   0.0%   0.210 GC:1    UA:1    +
  150   155  0   0.0%   0.431 GC:3    +
    1    28  0   0.0%   0.029 CG:3    +
   97   119  0   0.0%   0.958 UA:3    +
    1   150  0   0.0%   0.034 CG:3    +
   44    85  0   0.0%   0.376 UA:3    +
   35   114  0   0.0%   0.196 UA:3    +
  126   152  0   0.0%   1.318 AU:3    +
   93   116  0   0.0%   0.466 UA:3    +
  101   113  0   0.0%   0.109 GC:3    +
   83    96  1   0.0%   0.696 CG:1    AU:1    +
   35   116  0   0.0%   0.201 UA:3    +
   97   117  0   0.0%   0.905 UA:3    +
  121   157  0   0.0%   0.504 CG:3    +
   86    92  0   0.0%   0.562 UG:3    +
   85    93  0   0.0%   0.244 AU:3    +
  125   153  0   0.0%   1.137 UG:3    +
  110   157  0   0.0%   0.200 CG:3    +
  109   158  0   0.0%   0.281 GC:3    +
   47   120  0   0.0%   0.397 GU:3    +
  122   156  1   0.0%   0.380 UG:1    UA:1    +
   38   150  0   0.0%   0.477 UG:3    +
  111   156  1   0.0%   0.170 UG:1    UA:1    +
  150   158  0   0.0%   0.460 GC:3    +
   28    32  0   0.0%   0.625 GC:3    +
   45    88  0   0.0%   0.669 GC:3    +
   27    33  0   0.0%   0.554 AU:3    +
   43    86  0   0.0%   0.309 AU:3    +
   39   155  0   0.0%   0.737 GC:3    +
   39   147  0   0.0%   0.590 GU:3    +
   60    66  1   0.5%   0.093 UA:2    +
   98   121  0   0.0%   0.270 GC:3    +
    2   149  0   0.0%   0.145 AU:3    +
    1   153  0   0.0%   0.034 CG:3    +
  129   147  0   0.0%   1.095 AU:3    +
   32   124  0   0.0%   0.198 CG:3    +
   33   123  0   0.0%   0.244 UA:3    +
  149   156  1   0.0%   0.863 UG:1    UA:1    +
  149   159  0   0.0%   0.815 UA:3    +
   97   123  0   0.0%   0.845 UA:3    +
   40    85  0   0.0%   0.011 UA:3    +
   39    86  0   0.0%   0.012 GU:3    +
  119   154  0   0.0%   0.598 AU:3    +
   31   125  0   0.0%   0.269 GU:3    +
   26    34  0   0.0%   0.939 UG:3    +
  117   122  0   0.0%   0.232 AU:3    +
   81    85  0   0.0%   0.394 UA:3    +
  120   153  0   0.0%   0.662 UG:3    +
   84    96  1   0.0%   0.377 CG:1    GU:1    +
  113   153  0   0.0%   0.337 CG:3    +
  112   154  0   0.0%   0.149 AU:3    +
   99   107  0   0.0%   0.113 UA:3    +
   31   160  0   0.0%   0.340 GC:3    +
   25    32  0   0.0%   1.172 GC:3    +
  118   148  0   0.0%   0.244 UA:3    +
   43   122  0   0.0%   0.250 AU:3    +
   38   156  1   0.0%   0.725 UG:1    UA:1    +
  116   122  0   0.0%   0.240 AU:3    +
   26    31  0   0.0%   0.928 UG:3    +
  114   152  0   0.0%   0.691 AU:3    +
   31   118  0   0.0%   0.192 GU:3    +
  117   149  0   0.0%   0.191 AU:3    +
    2    38  0   0.0%   0.141 AU:3    +
  122   151  0   0.0%   0.656 UA:3    +
   34   122  0   0.0%   0.281 GU:3    +
   80    85  0   0.0%   0.227 UA:3    +
   89   157  0   0.0%   0.698 CG:3    +
    1    39  0   0.0%   0.027 CG:3    +
  118   123  0   0.0%   0.236 UA:3    +
    2   152  0   0.0%   0.145 AU:3    +
   91   123  0   0.0%   0.446 UA:3    +
   99   116  0   0.0%   0.217 UA:3    +
   97   109  0   0.0%   0.481 UG:3    +
  153   160  0   0.0%   0.475 GC:3    +
   92   155  0   0.0%   0.748 GC:3    +
  119   147  0   0.0%   0.196 AU:3    +
   38   114  0   0.0%   0.370 UA:3    +
    2    35  0   0.0%   0.004 AU:3    +
   37   118  0   0.0%   0.486 AU:3    +
  131   141  0   0.0%   0.003 AU:3    +
  154   159  0   0.0%   0.344 UA:3    +
   38   117  0   0.0%   0.405 UA:3    +
   92   160  0   0.0%   0.671 GC:3    +
   89   150  0   0.0%   0.602 CG:3    +
   93   159  0   0.0%   0.605 UA:3    +
   32   101  0   0.0%   0.193 CG:3    +
   49    81  0   0.0%   0.506 AU:3    +
   33   100  0   0.0%   0.195 UG:3    +
   31   102  0   0.0%   0.189 GU:3    +
   45   121  0   0.0%   0.860 GC:3    +
   33   153  0   0.0%   0.287 UG:3    +
   91   107  0   0.0%   0.230 UA:3    +
   89   100  0   0.0%   0.505 CG:3    +
   79    86  0   0.0%   0.450 GU:3    +
   88   101  0   0.0%   0.791 CG:3    +
   45   147  0   0.0%   0.832 GU:3    +
   39   113  0   0.0%   0.496 GC:3    +
   91   117  0   0.0%   0.459 UA:3    +
  148   154  0   0.0%   0.874 AU:3    +
   40   112  0   0.0%   0.485 UA:3    +
   98   118  0   0.0%   0.264 GU:3    +
   89   109  0   0.0%   0.505 CG:3    +
  129   144  0   0.0%   0.265 AU:3    +
  149   153  0   0.0%   1.197 UG:3    +
  150   160  0   0.0%   0.321 GC:3    +
   40   150  0   0.0%   0.626 UG:3    +
  102   119  0   0.0%   0.239 UA:3    +
  101   120  0   0.0%   0.139 GU:3    +
  100   121  0   0.0%   0.209 GC:3    +
   41   111  0   0.0%   0.478 AU:3    +
   49    86  0   0.0%   0.446 AU:3    +
   41   149  0   0.0%   0.619 AU:3    +
    5    24  0   0.0%   0.004 AU:3    +
   10    24  0   0.0%   0.004 AU:3    +
   11    23  0   0.0%   0.006 CG:3    +
   11    31  0   0.0%   0.909 CG:3    +
  102   107  0   0.0%   0.061 UA:3    +
    1    92  0   0.0%   0.026 CG:3    +
   91   156  1   0.0%   0.573 UG:1    UA:1    +
   32   109  0   0.0%   0.193 CG:3    +
   92   122  0   0.0%   0.567 GU:3    +
   31   110  0   0.0%   0.189 GC:3    +
   26   112  0   0.0%   0.760 UA:3    +
   25   113  0   0.0%   0.991 GC:3    +
   30   111  0   0.0%   0.011 AU:3    +
   77    88  0   0.0%   0.874 GC:3    +
   34   121  0   0.0%   0.279 GC:3    +
  100   110  0   0.0%   0.008 GC:3    +
   27   111  0   0.0%   0.373 AU:3    +
  116   125  0   0.0%   0.416 AU:3    +
   39    91  0   0.0%   0.337 GU:3    +
   99   117  0   0.0%   0.207 UA:3    +
   28   110  0   0.0%   0.434 GC:3    +
    2    91  0   0.0%   0.140 AU:3    +
   96   156  1   0.0%   0.525 GU:1    UG:1    +
  124   154  0   0.0%   1.025 GU:3    +
  110   124  0   0.0%   0.293 CG:3    +
  111   123  0   0.0%   0.134 UA:3    +
   35    41  0   0.0%   0.175 UA:3    +
  112   122  0   0.0%   0.178 AU:3    +
   85    91  0   0.0%   0.239 AU:3    +
   32    39  0   0.0%   0.193 CG:3    +
   76    89  0   0.0%   0.545 GC:3    +
  122   126  0   0.0%   0.388 UA:3    +
  123   154  0   0.0%   0.607 AU:3    +
   17    23  0   0.0%   1.193 UG:3    +
   31    40  0   0.0%   0.180 GU:3    +
  109   125  0   0.0%   0.383 GU:3    +
    1    25  0   0.0%   0.020 CG:3    +
   25   158  0   0.0%   1.071 GC:3    +
  117   152  0   0.0%   0.369 AU:3    +
   34    89  0   0.0%   0.201 GC:3    +
   28   158  0   0.0%   0.483 GC:3    +
   37    86  0   0.0%   0.006 AU:3    +
  116   120  0   0.0%   0.253 AU:3    +
    5    26  0   0.0%   0.006 AU:3    +
   86   123  0   0.0%   0.424 UA:3    +
  131   143  0   0.0%   0.220 AU:3    +
   26   157  0   0.0%   0.856 UG:3    +
   24   126  0   0.0%   0.328 UA:3    +
   24   114  0   0.0%   0.327 UA:3    +
  148   152  0   0.0%   0.980 AU:3    +
   25   125  0   0.0%   0.991 GU:3    +
   28   155  0   0.0%   0.487 GC:3    +
   23   127  0   0.0%   0.763 GC:3    +
   38    85  0   0.0%   0.008 UA:3    +
   98   122  0   0.0%   0.194 GU:3    +
   92    97  0   0.0%   0.620 GU:3    +
  152   157  0   0.0%   0.595 UG:3    +
   33    43  0   0.0%   0.189 UA:3    +
   26    37  0   0.0%   0.751 UA:3    +
    7   156  1   0.0%   0.254 CG:1    AU:1    +
  118   151  0   0.0%   0.451 UA:3    +
   38   116  0   0.0%   0.403 UA:3    +
   28   113  0   0.0%   0.435 GC:3    +
   31   155  0   0.0%   0.276 GC:3    +
  120   159  0   0.0%   0.306 UA:3    +
   24   159  0   0.0%   0.331 UA:3    +
   26    30  0   0.0%   0.748 UA:3    +
   33   107  0   0.0%   0.194 UA:3    +
  147   153  0   0.0%   1.309 UG:3    +
    2    26  0   0.0%   0.001 AU:3    +
   46   120  0   0.0%   0.846 GU:3    +
   47    89  0   0.0%   0.872 GC:3    +
   45    86  0   0.0%   0.669 GU:3    +
   97   151  0   0.0%   1.039 UA:3    +
   58    71  0   0.0%   0.007 UA:3    +
   32   153  0   0.0%   0.244 CG:3    +
   14    21  0   0.0%   0.001 CG:3    +
  116   149  0   0.0%   0.193 AU:3    +
   25    38  0   0.0%   0.985 GU:3    +
   32    92  0   0.0%   0.192 CG:3    +
  113   124  0   0.0%   0.361 CG:3    +
  124   160  0   0.0%   0.793 GC:3    +
  133   141  0   0.0%   0.220 GU:3    +
   28   127  0   0.0%   0.477 GC:3    +
  125   159  0   0.0%   0.769 UA:3    +
  112   125  0   0.0%   0.349 AU:3    +
   29   154  0   0.0%   0.061 AU:3    +
   23   160  0   0.0%   0.765 GC:3    +
   31    93  0   0.0%   0.194 GU:3    +
   28    35  0   0.0%   0.606 GU:3    +
   37   102  0   0.0%   0.446 AU:3    +
  122   128  0   0.0%   0.227 UA:3    +
   75    90  1   0.0%   0.210 GU:1    AU:1    +
  114   120  0   0.0%   0.571 AU:3    +
  111   126  0   0.0%   0.345 UA:3    +
   97   159  0   0.0%   0.828 UA:3    +
  120   126  0   0.0%   0.411 UA:3    +
   38   101  0   0.0%   0.365 UG:3    +
    2    24  0   0.0%   0.001 AU:3    +
   78    85  0   0.0%   0.135 UA:3    +
   38    43  0   0.0%   0.003 UA:3    +
  134   142  0   0.0%   0.171 AU:3    +
    1    34  0   0.0%   0.023 CG:3    +
  132   139  1   0.0%   0.001 GC:1    AU:1    +
  137   150  0   0.0%   0.281 CG:3    +
   77    86  0   0.0%   0.417 GU:3    +
   30    35  0   0.0%   0.175 AU:3    +
   26    41  0   0.0%   0.751 UA:3    +
   37    44  0   0.0%   0.001 AU:3    +
   98   158  0   0.0%   0.257 GC:3    +
  136   151  0   0.0%   0.390 UA:3    +
   99   159  0   0.0%   0.127 UA:3    +
   98   160  0   0.0%   0.127 GC:3    +
  130   135  0   0.0%   0.001 CG:3    +
  114   118  0   0.0%   0.626 AU:3    +
    5   149  0   0.0%   0.190 AU:3    +
  100   158  0   0.0%   0.196 GC:3    +
   27    40  0   0.0%   0.365 AU:3    +
   98   110  0   0.0%   0.065 GC:3    +
  124   130  0   0.0%   0.300 GC:3    +
    2    33  0   0.0%   0.001 AU:3    +
  133   143  0   0.0%   0.298 GU:3    +
  114   122  0   0.0%   0.555 AU:3    +
   99   109  0   0.0%   0.111 UG:3    +
  135   152  0   0.0%   0.440 GU:3    +
   39   160  0   0.0%   0.642 GC:3    +
   31   154  0   0.0%   0.276 GU:3    +
   99   119  0   0.0%   0.257 UA:3    +
   29    38  0   0.0%   0.003 AU:3    +
  125   129  0   0.0%   0.322 UA:3    +
   34    99  0   0.0%   0.194 GU:3    +
   99   157  0   0.0%   0.258 UG:3    +
   40   159  0   0.0%   0.616 UA:3    +
   13   152  0   0.0%   0.689 AU:3    +
   46   149  0   0.0%   0.904 GU:3    +
   85   154  0   0.0%   0.160 AU:3    +
  125   145  0   0.0%   0.297 UG:3    +
  129   136  0   0.0%   0.025 AU:3    +
   86   153  0   0.0%   0.659 UG:3    +
  121   133  0   0.0%   0.176 CG:3    +
   30   118  0   0.0%   0.009 AU:3    +
   97   112  0   0.0%   0.481 UA:3    +
  140   145  0   0.0%   0.307 CG:3    +
  135   141  0   0.0%   0.183 GU:3    +
   46    86  0   0.0%   0.670 GU:3    +
   57    70  0   0.0%   0.000 UA:3    +
  100   118  0   0.0%   0.204 GU:3    +
   35   150  0   0.0%   0.234 UG:3    +
  120   134  0   0.0%   0.129 UA:3    +
   34    93  0   0.0%   0.200 GU:3    +
   43   120  0   0.0%   0.208 AU:3    +
  123   146  0   0.0%   0.061 AU:3    +
   35   159  0   0.0%   0.303 UA:3    +
   91    98  0   0.0%   0.235 UG:3    +
   79    88  0   0.0%   0.904 GC:3    +
    5   152  0   0.0%   0.189 AU:3    +
   85   125  0   0.0%   0.221 AU:3    +
    3    12  1   0.0%   0.000 GU:1    AU:1    +
   34   160  0   0.0%   0.368 GC:3    +
   86   124  0   0.0%   0.500 UG:3    +
   89   153  0   0.0%   0.791 CG:3    +
  128   143  0   0.0%   0.121 AU:3    +
   45    91  0   0.0%   1.039 GU:3    +
    1   124  0   0.0%   0.025 CG:3    +
  129   142  0   0.0%   0.025 AU:3    +
   44   119  0   0.0%   0.403 UA:3    +
    4   156  1   0.0%   0.229 CG:1    AU:1    +
   11    22  0   0.0%   0.004 CG:3    +
   10    35  0   0.0%   0.541 AU:3    +
   11    34  0   0.0%   0.917 CG:3    +
  126   144  0   0.0%   0.283 AU:3    +
   25    35  0   0.0%   1.156 GU:3    +
  147   151  0   0.0%   1.266 UA:3    +
   34    88  0   0.0%   0.192 GC:3    +
   93   123  0   0.0%   0.455 UA:3    +
  122   159  0   0.0%   0.328 UA:3    +
   97   157  0   0.0%   0.959 UG:3    +
  127   157  0   0.0%   0.644 CG:3    +
   11    21  0   0.0%   0.004 CG:3    +
   46   146  0   0.0%   0.849 GU:3    +
   11   157  0   0.0%   0.833 CG:3    +
   40   114  0   0.0%   0.487 UA:3    +
  129   149  0   0.0%   0.979 AU:3    +
   45    50  0   0.0%   0.000 GC:3    +
   35    98  0   0.0%   0.187 UG:3    +
  109   113  0   0.0%   0.196 GC:3    +
   35   119  0   0.0%   0.266 UA:3    +
   37   147  0   0.0%   0.446 AU:3    +
  150   154  0   0.0%   0.572 GU:3    +
   24    29  0   0.0%   0.326 UA:3    +
    1   100  0   0.0%   0.025 CG:3    +
    6    12  1   0.0%   0.015 GU:1    AU:1    +
   24    43  0   0.0%   0.326 UA:3    +
   34   127  0   0.0%   0.275 GC:3    +
  120   150  0   0.0%   0.193 UG:3    +
   58    65  0   0.0%   0.000 UA:3    +
   85    97  0   0.0%   0.384 AU:3    +
   41   152  0   0.0%   0.788 AU:3    +
  122   157  0   0.0%   0.474 UG:3    +
   97   126  0   0.0%   1.055 UA:3    +
   34   120  0   0.0%   0.240 GU:3    +
   23    32  0   0.0%   0.948 GC:3    +
   26   114  0   0.0%   0.759 UA:3    +
   35   126  0   0.0%   0.268 UA:3    +
   24    31  0   0.0%   0.503 UG:3    +
   24    30  0   0.0%   0.326 UA:3    +
  113   157  0   0.0%   0.265 CG:3    +
   38   157  0   0.0%   0.775 UG:3    +
   13   149  0   0.0%   0.690 AU:3    +
   38   119  0   0.0%   0.404 UA:3    +
   98   111  0   0.0%   0.117 GU:3    +
   37   120  0   0.0%   0.451 AU:3    +
   40   153  0   0.0%   0.821 UG:3    +
   41   146  0   0.0%   0.566 AU:3    +
  133   137  0   0.0%   0.000 GC:3    +
   22    33  0   0.0%   0.946 GU:3    +
    2    99  0   0.0%   0.139 AU:3    +
  101   155  0   0.0%   0.158 GC:3    +
   85   118  0   0.0%   0.056 AU:3    +
   89   133  0   0.0%   0.545 CG:3    +
   43    97  0   0.0%   0.570 AU:3    +
   14   150  0   0.0%   0.693 CG:3    +
   41    99  0   0.0%   0.475 AU:3    +
   90   132  1   0.0%   0.308 UG:1    UA:1    +
  130   150  0   0.0%   0.318 CG:3    +
  125   156  1   0.0%   0.814 UG:1    UA:1    +
   92   110  0   0.0%   0.253 GC:3    +
   93   148  0   0.0%   0.585 UA:3    +
   86   117  0   0.0%   0.370 UA:3    +
   40   156  1   0.0%   0.672 UG:1    UA:1    +
  109   127  0   0.0%   0.377 GC:3    +
   92   149  0   0.0%   0.666 GU:3    +
   91   131  0   0.0%   0.483 UA:3    +
   96   103  1   0.0%   0.341 GC:1    UA:1    +
   92   130  0   0.0%   0.610 GC:3    +
  146   153  0   0.0%   0.676 UG:3    +
   98   120  0   0.0%   0.208 GU:3    +
   93   129  0   0.0%   0.560 UA:3    +
   35   148  0   0.0%   0.230 UA:3    +
  146   150  0   0.0%   0.524 UG:3    +
   85   122  0   0.0%   0.184 AU:3    +
   35   129  0   0.0%   0.230 UA:3    +
  118   156  1   0.0%   0.429 UG:1    UA:1    +
  131   149  0   0.0%   0.906 AU:3    +
   43   147  0   0.0%   0.210 AU:3    +
   65    69  0   0.0%   0.066 AU:3    +
  152   156  1   0.0%   0.495 UG:1    UA:1    +
   37   125  0   0.0%   0.485 AU:3    +
   81   123  0   0.0%   0.397 UA:3    +
   43    93  0   0.0%   0.425 AU:3    +
   91   148  0   0.0%   0.532 UA:3    +
   40   100  0   0.0%   0.483 UG:3    +
   11   101  0   0.0%   0.732 CG:3    +
   99   123  0   0.0%   0.142 UA:3    +
   13    99  0   0.0%   0.687 AU:3    +
   34   130  0   0.0%   0.237 GC:3    +
   14    98  0   0.0%   0.690 CG:3    +
   89    98  0   0.0%   0.509 CG:3    +
  135   142  0   0.0%   0.179 GU:3    +
   43   118  0   0.0%   0.242 AU:3    +
   44    92  0   0.0%   0.601 UG:3    +
   98   127  0   0.0%   0.360 GC:3    +
  101   121  0   0.0%   0.196 GC:3    +
  100   122  0   0.0%   0.133 GU:3    +
   39    97  0   0.0%   0.861 GU:3    +
   99   126  0   0.0%   0.354 UA:3    +
   46    80  0   0.0%   0.000 GU:3    +
   43   154  0   0.0%   0.288 AU:3    +
   10   102  0   0.0%   0.368 AU:3    +
   23    88  0   0.0%   0.762 GC:3    +
   29    35  0   0.0%   0.174 AU:3    +
   22    89  0   0.0%   0.761 GC:3    +
   34   154  0   0.0%   0.291 GU:3    +
   33   117  0   0.0%   0.198 UA:3    +
   38   124  0   0.0%   0.369 UG:3    +
   93   156  1   0.0%   0.624 UG:1    UA:1    +
   25    86  0   0.0%   0.983 GU:3    +
   43   144  0   0.0%   0.204 AU:3    +
   11   150  0   0.0%   0.735 CG:3    +
   26    85  0   0.0%   0.751 UA:3    +
   35    39  0   0.0%   0.175 UG:3    +
   44   117  0   0.0%   0.403 UA:3    +
   91   124  0   0.0%   0.528 UG:3    +
   39   118  0   0.0%   0.534 GU:3    +
   93   109  0   0.0%   0.240 UG:3    +
  146   157  0   0.0%   0.439 UG:3    +
   35   156  1   0.0%   0.362 UG:1    UA:1    +
  145   158  0   0.0%   0.333 GC:3    +
   44   153  0   0.0%   0.634 UG:3    +
   91   150  0   0.0%   0.539 UG:3    +
  100   125  0   0.0%   0.305 GU:3    +
   21    89  0   0.0%   0.689 GC:3    +
   11   124  0   0.0%   0.732 CG:3    +
   22    88  0   0.0%   0.760 GC:3    +
   87    96  1   0.0%   0.654 UG:1    AU:1    +
  102   114  0   0.0%   0.516 UA:3    +
   23    44  0   0.0%   0.761 GU:3    +
   19    91  0   0.0%   0.001 AU:3    +
   22   140  0   0.0%   0.761 GC:3    +
  100   155  0   0.0%   0.170 GC:3    +
   40   117  0   0.0%   0.520 UA:3    +
   37   122  0   0.0%   0.489 AU:3    +
   32   133  0   0.0%   0.194 CG:3    +
  102   156  1   0.0%   0.153 UG:1    UA:1    +
  118   159  0   0.0%   0.381 UA:3    +
   34    91  0   0.0%   0.200 GU:3    +
   91   129  0   0.0%   0.508 UA:3    +
   33   128  0   0.0%   0.239 UA:3    +
   10   125  0   0.0%   0.368 AU:3    +
   21   141  0   0.0%   0.689 GU:3    +
  102   123  0   0.0%   0.123 UA:3    +
   91   126  0   0.0%   0.521 UA:3    +
  122   129  0   0.0%   0.130 UA:3    +
   25   137  0   0.0%   1.028 GC:3    +
  118   157  0   0.0%   0.525 UG:3    +
   46    52  0   0.0%   0.000 GC:3    +
   34    38  0   0.0%   0.189 GU:3    +
  133   155  0   0.0%   0.285 GC:3    +
   30   120  0   0.0%   0.014 AU:3    +
  147   156  1   0.0%   0.970 UG:1    UA:1    +
  120   128  0   0.0%   0.250 UA:3    +
   39   154  0   0.0%   0.656 GU:3    +
   47    52  0   0.0%   0.000 GC:3    +
   33   131  0   0.0%   0.235 UA:3    +
   97   148  0   0.0%   0.833 UA:3    +
   45   155  0   0.0%   0.959 GC:3    +
   44   156  1   0.0%   0.476 UG:1    UA:1    +
  147   159  0   0.0%   0.920 UA:3    +
    2   154  0   0.0%   0.142 AU:3    +
  134   154  0   0.0%   0.323 AU:3    +
   45    81  0   0.0%   0.000 GU:3    +
  146   151  0   0.0%   0.633 UA:3    +
   32   135  0   0.0%   0.194 CG:3    +
   19    24  0   0.0%   0.326 AU:3    +
   92   125  0   0.0%   0.608 GU:3    +
   19   143  0   0.0%   0.000 AU:3    +
   88   150  0   0.0%   0.849 CG:3    +
  134   143  0   0.0%   0.187 AU:3    +
   77    89  0   0.0%   0.588 GC:3    +
  120   156  1   0.0%   0.353 UG:1    UA:1    +
   33   134  0   0.0%   0.236 UA:3    +
  102   117  0   0.0%   0.187 UA:3    +
  101   118  0   0.0%   0.192 GU:3    +
   29   136  0   0.0%   0.013 AU:3    +
  144   159  0   0.0%   0.206 UA:3    +
   28   137  0   0.0%   0.439 GC:3    +
   14   124  0   0.0%   0.690 CG:3    +
   45    53  0   0.0%   0.000 GU:3    +
   13   125  0   0.0%   0.687 AU:3    +
   31   136  0   0.0%   0.228 GU:3    +
   24   116  0   0.0%   0.327 UA:3    +
   37    99  0   0.0%   0.445 AU:3    +
  118   128  0   0.0%   0.312 UA:3    +
   43   146  0   0.0%   0.204 AU:3    +
   47    78  0   0.0%   0.000 GU:3    +
   97   124  0   0.0%   1.058 UG:3    +
   44   150  0   0.0%   0.435 UG:3    +
   82    96  1   0.0%   0.760 CG:1    UG:1    +
   39    44  0   0.0%   0.002 GU:3    +
   29   122  0   0.0%   0.018 AU:3    +
   30    38  0   0.0%   0.003 AU:3    +
   38    98  0   0.0%   0.372 UG:3    +
   86   112  0   0.0%   0.333 UA:3    +
  101   127  0   0.0%   0.287 GC:3    +
  102   126  0   0.0%   0.335 UA:3    +
  120   157  0   0.0%   0.449 UG:3    +
   60    71  0   0.0%   0.052 UA:3    +
  137   145  0   0.0%   0.163 CG:3    +
   50    92  0   0.0%   0.364 CG:3    +
   35   124  0   0.0%   0.232 UG:3    +
   93   151  0   0.0%   0.790 UA:3    +
  101   111  0   0.0%   0.087 GU:3    +
   47   121  0   0.0%   0.439 GC:3    +
   25   118  0   0.0%   0.990 GU:3    +
   92   152  0   0.0%   0.838 GU:3    +
   46   122  0   0.0%   0.902 GU:3    +
   26   117  0   0.0%   0.759 UA:3    +
  102   159  0   0.0%   0.108 UA:3    +
  101   160  0   0.0%   0.054 GC:3    +
   39    50  0   0.0%   0.002 GC:3    +
  109   121  0   0.0%   0.285 GC:3    +
   22   121  0   0.0%   0.760 GC:3    +
   77   127  0   0.0%   0.228 GC:3    +
   78   126  0   0.0%   0.254 UA:3    +
   40    49  0   0.0%   0.001 UA:3    +
   24   119  0   0.0%   0.327 UA:3    +
   49    93  0   0.0%   0.351 AU:3    +
   27    35  0   0.0%   0.537 AU:3    +
   23   120  0   0.0%   0.762 GU:3    +
  111   119  0   0.0%   0.248 UA:3    +
   39    93  0   0.0%   0.353 GU:3    +
  112   118  0   0.0%   0.249 AU:3    +
    5    38  0   0.0%   0.189 AU:3    +
   97   128  0   0.0%   0.905 UA:3    +
   79   125  0   0.0%   0.260 GU:3    +
   21   122  0   0.0%   0.689 GU:3    +
   29    33  0   0.0%   0.189 AU:3    +
   35    43  0   0.0%   0.174 UA:3    +
   79   127  0   0.0%   0.258 GC:3    +
   80   126  0   0.0%   0.345 UA:3    +
   46    53  0   0.0%   0.000 GU:3    +
   49   118  0   0.0%   0.168 AU:3    +
   80   124  0   0.0%   0.309 UG:3    +
   45   118  0   0.0%   0.854 GU:3    +
   13   147  0   0.0%   0.687 AU:3    +
   13   122  0   0.0%   0.687 AU:3    +
   86   148  0   0.0%   0.462 UA:3    +
  130   153  0   0.0%   0.470 CG:3    +
   10    17  0   0.0%   0.000 AU:3    +
   33    37  0   0.0%   0.189 UA:3    +
   85   149  0   0.0%   0.148 AU:3    +
   90   129  1   0.5%   0.356 UA:2    +
   37    90  1   0.4%   0.072 AU:2    +
   96   121  1   0.3%   0.617 GC:2    +
   48    84  1   0.3%   0.095 CG:2    +
   36    92  1   0.2%   0.194 UG:2    +
   87    93  1   0.2%   0.573 AU:2    +
   42    84  1   0.2%   0.039 CG:2    +
  115   157  1   0.2%   0.334 CG:2    +
    1     9  1   0.2%   0.042 CG:2    +
   98   115  1   0.2%   0.205 GC:2    +
  115   153  1   0.1%   0.388 CG:2    +
  115   124  1   0.1%   0.405 CG:2    +
    1     6  1   0.1%   0.025 CG:2    +
   89    96  1   0.1%   0.848 CG:2    +
   30    90  1   0.1%   0.023 AU:2    +
   36    98  1   0.1%   0.212 UG:2    +
   96   122  1   0.1%   0.541 GU:2    +
   96   118  1   0.1%   0.580 GU:2    +
   96   120  1   0.1%   0.532 GU:2    +
    9    26  1   0.1%   0.084 GU:2    +
   87   125  1   0.1%   0.539 AU:2    +
    7    25  1   0.1%   0.019 CG:2    +
    7    34  1   0.1%   0.444 CG:2    +
    9    32  1   0.1%   0.260 GC:2    +
    8    33  1   0.1%   0.200 AU:2    +
   63    68  1   0.1%   0.096 AU:2    +
   84    89  1   0.1%   0.537 GC:2    +
    5    36  1   0.1%   0.331 AU:2    +
    6    11  1   0.1%   0.020 GC:2    +
   33    87  1   0.1%   0.200 UA:2    +
  102   108  1   0.0%   0.069 UA:2    +
   84    95  1   0.0%   0.241 GC:2    +
   34   115  1   0.0%   0.205 GC:2    +
   55    74  1   0.0%   0.019 UA:2    +
  103   111  1   0.0%   0.081 AU:2    +
    5    12  1   0.0%   0.007 AU:2    +
    4    28  1   0.0%   0.056 CG:2    +
   80    87  1   0.0%   0.527 UA:2    +
   81    87  1   0.0%   0.693 UA:2    +
   43    90  1   0.0%   0.037 AU:2    +
   83    90  1   0.0%   0.546 AU:2    +
  100   106  1   0.0%   0.062 GC:2    +
    4    25  1   0.0%   0.050 CG:2    +
   44    84  1   0.0%   0.380 UG:2    +
  100   115  1   0.0%   0.139 GC:2    +
   44    87  1   0.0%   0.672 UA:2    +
   96   110  1   0.0%   0.399 GC:2    +
   87    91  1   0.0%   0.539 AU:2    +
   84   127  1   0.0%   0.252 GC:2    +
    8    26  1   0.0%   0.013 AU:2    +
   38    87  1   0.0%   0.010 UA:2    +
   36   151  1   0.0%   0.317 UA:2    +
   96   155  1   0.0%   0.573 GC:2    +
   35    96  1   0.0%   0.189 UG:2    +
    8    24  1   0.0%   0.004 AU:2    +
    6   160  1   0.0%   0.249 GC:2    +
   12   151  1   0.0%   0.611 UA:2    +
   90   116  1   0.0%   0.225 UA:2    +
    9   160  1   0.0%   0.119 GC:2    +
   36   119  1   0.0%   0.270 UA:2    +
   92   106  1   0.0%   0.254 GC:2    +
   87   102  1   0.0%   0.327 AU:2    +
   84    88  1   0.0%   0.810 GC:2    +
   90   124  1   0.0%   0.424 UG:2    +
  103   118  1   0.0%   0.178 AU:2    +
   91    96  1   0.0%   0.567 UG:2    +
   78    87  1   0.0%   0.432 UA:2    +
   86   103  1   0.0%   0.333 UA:2    +
   12    30  1   0.0%   0.609 UA:2    +
   93   105  1   0.0%   0.240 UA:2    +
   24    96  1   0.0%   0.327 UG:2    +
   84    90  1   0.0%   0.224 GU:2    +
   83    97  1   0.0%   0.733 AU:2    +
   85    90  1   0.0%   0.197 AU:2    +
    3    36  1   0.0%   0.305 AU:2    +
   33   108  1   0.0%   0.195 UA:2    +
   90    94  1   0.0%   0.415 UA:2    +
   12    28  1   0.0%   1.038 UG:2    +
   87   122  1   0.0%   0.486 AU:2    +
   80    84  1   0.0%   0.248 UG:2    +
  115   150  1   0.0%   0.170 CG:2    +
   27    36  1   0.0%   0.505 AU:2    +
   96   152  1   0.0%   0.662 GU:2    +
   34   106  1   0.0%   0.195 GC:2    +
   83    91  1   0.0%   0.587 AU:2    +
   23   115  1   0.0%   0.762 GC:2    +
   12    22  1   0.0%   0.003 UG:2    +
   88    96  1   0.0%   1.119 CG:2    +
   18    22  1   0.0%   0.761 UG:2    +
    3    90  1   0.0%   0.169 AU:2    +
   35   105  1   0.0%   0.188 UA:2    +
   96   158  1   0.0%   0.599 GC:2    +
   84    91  1   0.0%   0.265 GU:2    +
   39   115  1   0.0%   0.501 GC:2    +
   90   128  1   0.0%   0.309 UA:2    +
   46    90  1   0.0%   1.021 GU:2    +
   90   157  1   0.0%   0.458 UG:2    +
   63    69  1   0.0%   0.061 AU:2    +
    4   150  1   0.0%   0.232 CG:2    +
   96   160  1   0.0%   0.469 GC:2    +
   12    29  1   0.0%   0.608 UA:2    +
   33    96  1   0.0%   0.194 UG:2    +
   90   119  1   0.0%   0.355 UA:2    +
   93   103  1   0.0%   0.239 UA:2    +
   96   113  1   0.0%   0.452 GC:2    +
  138   149  1   0.0%   0.763 AU:2    +
   29    36  1   0.0%   0.141 AU:2    +
    4   157  1   0.0%   0.240 CG:2    +
   96   127  1   0.0%   0.701 GC:2    +
   18    23  1   0.0%   0.762 UG:2    +
   40    83  1   0.0%   0.001 UA:2    +
   84   155  1   0.0%   0.257 GC:2    +
    4   153  1   0.0%   0.231 CG:2    +
   87    97  1   0.0%   0.692 AU:2    +
    4    31  1   0.0%   0.049 CG:2    +
   12   150  1   0.0%   0.612 UG:2    +
   87   152  1   0.0%   0.626 AU:2    +
   90   114  1   0.0%   0.190 UA:2    +
   36   114  1   0.0%   0.201 UA:2    +
   12    21  1   0.0%   0.003 UG:2    +
   36   148  1   0.0%   0.233 UA:2    +
    7   153  1   0.0%   0.255 CG:2    +
   84    93  1   0.0%   0.263 GU:2    +
   87   120  1   0.0%   0.476 AU:2    +
   86    96  1   0.0%   0.662 UG:2    +
    1    96  1   0.0%   0.025 CG:2    +
   25   115  1   0.0%   0.991 GC:2    +
  101   106  1   0.0%   0.060 GC:2    +
    9   158  1   0.0%   0.158 GC:2    +
   35    87  1   0.0%   0.182 UA:2    +
   36   157  1   0.0%   0.580 UG:2    +
   44    51  1   0.0%   0.000 UA:2    +
   97   108  1   0.0%   0.479 UA:2    +
   36   104  1   0.0%   0.197 UA:2    +
   36   159  1   0.0%   0.454 UA:2    +
   40    84  1   0.0%   0.005 UG:2    +
    7   150  1   0.0%   0.256 CG:2    +
   83    93  1   0.0%   0.585 AU:2    +
   20    35  1   0.0%   0.173 AU:2    +
    8   152  1   0.0%   0.009 AU:2    +
    2    12  1   0.0%   0.000 AU:2    +
   90   159  1   0.0%   0.330 UA:2    +
   44    96  1   0.0%   0.692 UG:2    +
   84   122  1   0.0%   0.213 GU:2    +
   12   100  1   0.0%   0.608 UG:2    +
   74    91  1   0.0%   0.235 AU:2    +
    7    22  1   0.0%   0.000 CG:2    +
   12   148  1   0.0%   0.608 UA:2    +
   19    36  1   0.0%   0.140 AU:2    +
   24    87  1   0.0%   0.326 UA:2    +
   96   149  1   0.0%   0.489 GU:2    +
   96   125  1   0.0%   0.706 GU:2    +
   50    84  1   0.0%   0.162 CG:2    +
   21    90  1   0.0%   0.690 GU:2    +
   38    83  1   0.0%   0.002 UA:2    +
   28    36  1   0.0%   0.573 GU:2    +
  101   115  1   0.0%   0.125 GC:2    +
   36   123  1   0.0%   0.239 UA:2    +
   20    90  1   0.0%   0.000 AU:2    +
    8   149  1   0.0%   0.010 AU:2    +
   36    43  1   0.0%   0.141 UA:2    +
   24   138  1   0.0%   0.331 UA:2    +
   36   126  1   0.0%   0.271 UA:2    +
   36    45  1   0.0%   0.141 UG:2    +
   20   142  1   0.0%   0.000 AU:2    +
   58    66  1   0.0%   0.000 UA:2    +
   12    23  1   0.0%   0.004 UG:2    +
   36   117  1   0.0%   0.269 UA:2    +
   53    74  1   0.0%   0.000 UA:2    +
  103   122  1   0.0%   0.106 AU:2    +
   12   123  1   0.0%   0.608 UA:2    +
   20    91  1   0.0%   0.001 AU:2    +
   18    37  1   0.0%   0.001 UA:2    +
   18    92  1   0.0%   0.001 UG:2    +
   36    41  1   0.0%   0.141 UA:2    +
   39    90  1   0.0%   0.338 GU:2    +
   96   154  1   0.0%   0.502 GU:2    +
    6   155  1   0.0%   0.204 GC:2    +
   87   111  1   0.0%   0.326 AU:2    +
   12   126  1   0.0%   0.608 UA:2    +
   12   159  1   0.0%   0.609 UA:2    +
   54    73  1   0.0%   0.000 UA:2    +
   36   129  1   0.0%   0.233 UA:2    +
   12    19  1   0.0%   0.002 UA:2    +
   36   131  1   0.0%   0.233 UA:2    +
   36   100  1   0.0%   0.198 UG:2    +
   99   108  1   0.0%   0.109 UA:2    +
   32    96  1   0.0%   0.191 CG:2    +
   90   151  1   0.0%   0.562 UA:2    +
   30    36  1   0.0%   0.142 AU:2    +
   90    98  1   0.0%   0.192 UG:2    +
  106   153  1   0.0%   0.303 CG:2    +
   40    96  1   0.0%   0.808 UG:2    +
    4    92  1   0.0%   0.229 CG:2    +
    4    39  1   0.0%   0.230 CG:2    +
  109   115  1   0.0%   0.215 GC:2    +
   15    96  1   0.0%   0.690 CG:2    +
  138   144  1   0.0%   0.162 AU:2    +
   13    18  1   0.0%   0.000 AU:2    +
   57    66  1   0.0%   0.000 UA:2    +
  108   122  1   0.0%   0.160 AU:2    +
   36   128  1   0.0%   0.236 UA:2    +
.........((.((((....))))))....((((..(((((((.((((((.((((((((.........)))))))))))).......)).)))))))(((((......)))))...(((((......((((((((....))))))))..)))))))))..
