3 sequence; length of alignment 160
alifold output
    6    23  0 100.0%   0.000 GC:2    GU:1   
   53    73  0  99.9%   0.007 GC:2    AU:1   
  120   149  0  99.6%   0.030 GC:2    GU:1   
    7    22  0 100.0%   0.000 CG:3   
   50    76  0  99.9%   0.006 GC:3   
   35    88  0  99.9%   0.005 CG:3   
    5    24  0  99.9%   0.003 UA:3   
    4    25  0  99.9%   0.004 UA:3   
   51    75  0  99.9%   0.007 AU:3   
    3    26  0  99.8%   0.006 GC:3   
   52    74  0  99.8%   0.008 AU:3   
   49    77  0  99.8%   0.012 UA:3   
  121   148  0  99.6%   0.033 GC:3   
  104   159  0  99.6%   0.031 CG:3   
  106   157  0  99.6%   0.031 CG:3   
  105   158  0  99.6%   0.032 AU:3   
  119   150  0  99.6%   0.032 UA:3   
  118   151  0  99.6%   0.035 GC:3   
   34    89  1  99.9%   0.005 GC:2   
  124   145  0  99.3%   0.051 CG:3   
   36    87  1  99.8%   0.007 CG:2   
  122   147  1  99.6%   0.035 CG:2   
   59    67  0  98.1%   0.058 UG:2    UA:1   
   33    90  0  98.1%   0.059 CG:1    UG:2   
  109   154  0  99.0%   0.033 GC:3   
  123   146  1  99.4%   0.025 AU:2   
   48    78  0  98.9%   0.037 AU:3   
  103   160  0  98.6%   0.062 CG:3   
   54    72  0  97.3%   0.087 UG:1    UA:2   
   60    66  0  98.2%   0.058 CG:3   
   10    18  0  97.8%   0.066 CG:3   
   58    68  0  97.1%   0.087 AU:3   
  125   144  0  96.8%   0.171 UG:3   
  110   153  1  97.1%   0.087 UA:2   
   28    95  0  95.9%   0.167 AU:3   
   29    94  1  94.9%   0.247 AU:2   
   27    96  1  94.2%   0.170 CG:2   
    8    21  1  91.7%   0.238 GU:1    AU:1   
   30    93  0  91.6%   0.360 AU:3   
  111   152  0  91.4%   0.256 GU:3   
   11    17  0  89.3%   0.302 UG:1    AU:2   
   39    84  0  88.9%   0.325 UA:3   
   37    86  0  87.0%   0.367 UG:2    UA:1   
   40    83  0  87.9%   0.343 CG:3   
   47    79  1  72.2%   1.133 CG:2    +
    9    19  0  62.5%   0.881 UA:3   
   61    65  1  54.5%   0.997 AU:2   
   43    80  0  48.2%   1.068 CG:3   
   46    80  0  38.6%   1.660 UG:3    +
    9    20  0  36.7%   1.398 UG:1    UA:2    +
   56    70  0  34.3%   1.111 UA:3    +
   44    79  0  25.7%   1.059 CG:1    UG:2   
  131   140  1  17.2%   1.358 UA:2    +
  132   139  1  16.8%   1.398 UA:2    +
   44    82  1  16.2%   1.276 UA:2    +
  133   138  0  14.5%   1.331 UA:3    +
  132   138  0  11.6%   0.992 UA:3    +
   43    83  0  11.4%   1.220 CG:3    +
  131   139  1   9.4%   0.894 UA:2    +
  131   138  0   8.9%   0.658 UA:3    +
   45    80  0   4.4%   0.849 CG:2    UG:1    +
  131   143  0   4.0%   1.327 UG:1    UA:2    +
  132   142  0   4.1%   1.239 UA:3    +
  133   141  0   4.0%   1.028 UG:3    +
  132   141  0   2.9%   1.021 UG:3    +
   62    67  0   1.4%   0.204 UG:2    UA:1    +
  131   142  0   2.4%   1.087 UA:3    +
  133   140  1   2.7%   1.040 UA:2    +
  132   143  0   1.2%   1.204 UG:1    UA:2    +
   31    91  0   2.1%   0.252 UA:3    +
   44    86  0   0.0%   0.860 CG:1    UG:1    UA:1    +
   45    79  0   0.9%   0.489 CG:2    UG:1    +
   44    80  0   0.8%   0.819 CG:1    UG:2    +
  125   143  0   0.6%   0.120 UG:1    UA:2    +
   60    69  0   1.6%   0.231 CG:3    +
   61    68  0   1.6%   0.560 AU:3    +
  131   141  0   1.4%   0.935 UG:3    +
   59    70  0   1.4%   0.564 UA:3    +
  149   159  0   0.3%   0.065 CG:2    UG:1    +
   32    92  0   0.3%   0.119 GC:1    GU:2    +
  133   142  0   1.2%   0.989 UA:3    +
  136   141  0   0.2%   0.345 CG:2    UG:1    +
  132   140  1   1.7%   1.086 UA:2    +
  133   139  1   1.7%   1.034 UA:2    +
   92   102  0   0.2%   0.126 CG:1    UG:2    +
  128   137  0   0.1%   0.039 GU:1    AU:2    +
  112   152  0   1.1%   0.244 AU:3    +
   65    80  0   0.1%   1.246 CG:1    UG:2    +
   67    78  0   0.1%   0.108 GU:2    AU:1    +
  137   143  0   0.1%   0.334 UG:1    UA:2    +
   36   144  0   0.1%   0.017 CG:2    UG:1    +
  136   144  0   0.1%   0.128 CG:2    UG:1    +
   37   143  0   0.1%   0.136 UG:1    UA:2    +
  126   136  0   0.1%   0.047 GC:2    GU:1    +
  128   133  0   0.0%   0.038 GU:1    AU:2    +
   39    86  0   0.0%   0.244 UG:2    UA:1    +
   45    83  0   0.0%   0.555 CG:2    UG:1    +
   94   128  0   0.0%   0.128 UG:1    UA:2    +
  131   135  0   0.0%   0.020 UG:1    UA:2    +
   29    98  0   0.0%   0.117 UG:1    AU:2    +
  133   143  0   0.0%   0.882 UG:1    UA:2    +
  125   134  0   0.0%   0.022 UG:2    UA:1    +
  136   145  0   0.0%   0.067 CG:2    UG:1    +
   53    62  0   0.0%   0.010 GU:2    AU:1    +
  140   155  0   0.0%   0.480 AU:2    UA:1    +
  143   152  0   0.0%   0.405 GU:1    AU:2    +
   45   134  0   0.0%   0.191 CG:2    UA:1    +
   44   135  0   0.0%   0.691 CG:1    UA:2    +
  128   132  0   0.0%   0.034 GU:1    AU:2    +
    2    98  0   0.0%   0.009 UG:1    AU:2    +
   95   128  0   0.0%   0.074 UG:1    UA:2    +
   45    53  0   0.0%   0.004 CG:2    UA:1    +
   56    72  0   0.0%   0.422 UG:1    UA:2    +
   97   135  0   0.0%   0.021 UG:1    UA:2    +
   23    34  0   0.0%   0.002 CG:2    UA:1    +
    3    92  0   0.0%   0.004 GC:1    GU:2    +
   17    41  0   0.0%   0.103 GU:1    UA:2    +
  136   159  0   0.0%   0.056 CG:2    UG:1    +
   86   137  0   0.0%   0.176 GU:2    AU:1    +
  125   135  0   0.0%   0.017 UG:1    UA:2    +
  136   160  0   0.0%   0.066 CG:2    UG:1    +
   45    50  0   0.0%   0.002 CG:2    UG:1    +
   33    88  0   0.0%   0.003 CG:1    UG:2    +
   57    68  0   0.0%   0.002 GU:2    AU:1    +
    2   146  0   0.0%   0.010 AU:2    UA:1    +
  109   114  0   0.0%   0.001 GC:1    GU:2    +
   44    83  0   0.0%   1.047 CG:1    UG:2    +
    9    86  0   0.0%   0.663 UG:2    UA:1    +
   45    57  0   0.0%   0.002 CG:2    UA:1    +
   44   144  0   0.0%   0.695 CG:1    UG:2    +
   55    73  0   0.0%   0.006 GC:2    GU:1    +
   49    53  0   0.0%   0.002 UG:2    UA:1    +
   97   128  0   0.0%   0.021 UG:1    UA:2    +
   63    67  0   0.0%   0.081 UG:2    UA:1    +
   38    87  0   0.0%   0.016 GU:1    UG:2    +
   88   136  0   0.0%   0.007 GC:2    GU:1    +
   37    53  0   0.0%   0.001 UG:2    UA:1    +
   86    95  0   0.0%   0.221 GU:2    AU:1    +
   36   145  0   0.0%   0.013 CG:2    UG:1    +
   93   128  0   0.0%   0.157 UG:1    UA:2    +
   92   141  0   0.0%   0.103 CG:1    UG:2    +
   92   145  0   0.0%   0.104 CG:1    UG:2    +
   94   143  0   0.0%   0.130 UG:1    UA:2    +
  136   157  0   0.0%   0.054 CG:2    UG:1    +
   92   135  0   0.0%   0.100 CG:1    UA:2    +
   93   134  0   0.0%   0.164 UG:2    UA:1    +
   54    86  0   0.0%   0.208 UG:2    UA:1    +
  140   146  0   0.0%   0.484 AU:2    UA:1    +
  135   158  0   0.0%   0.012 GU:1    AU:2    +
   36    88  0   0.0%   0.004 CG:2    UG:1    +
   39   135  0   0.0%   0.114 UG:1    UA:2    +
   93   143  0   0.0%   0.167 UG:1    UA:2    +
   92   144  0   0.0%   0.104 CG:1    UG:2    +
   41    98  0   0.0%   0.006 UG:1    AU:2    +
  102   110  0   0.0%   0.029 GC:1    GU:2    +
   36   102  0   0.0%   0.012 CG:2    UG:1    +
  114   118  0   0.0%   0.020 CG:1    UG:2    +
   41   146  0   0.0%   0.007 AU:2    UA:1    +
   87    98  0   0.0%   0.010 GU:2    UG:1    +
   65    72  0   0.0%   0.358 CG:1    UA:2    +
   32   136  0   0.0%   0.025 GC:2    GU:1    +
   64    73  0   0.0%   0.002 GC:2    GU:1    +
   33   135  0   0.0%   0.032 CG:1    UA:2    +
   90   136  0   0.0%   0.025 GC:2    GU:1    +
   56    67  0   0.0%   0.002 UG:2    UA:1    +
  110   157  0   0.0%   0.032 CG:1    UG:2    +
   57    63  0   0.0%   0.002 GU:2    AU:1    +
   80   110  0   0.0%   0.908 GC:1    GU:2    +
   46   135  0   0.0%   0.402 UG:1    UA:2    +
  143   156  0   0.0%   0.258 GU:1    AU:2    +
   55    65  0   0.0%   0.005 GC:1    GU:2    +
  139   155  0   0.0%   0.595 AU:2    UA:1    +
  139   146  0   0.0%   0.604 AU:2    UA:1    +
   29    38  0   0.0%   0.001 UG:1    AU:2    +
   20    37  0   0.0%   0.368 GU:1    AU:2    +
   33   102  0   0.0%   0.041 CG:1    UG:2    +
   86   108  0   0.0%   0.174 GU:2    AU:1    +
   44    50  0   0.0%   0.001 CG:1    UG:2    +
  116   128  0   0.0%   0.009 UG:1    UA:2    +
   30    92  1   1.5%   0.191 AU:2    +
   28    94  0   0.9%   0.133 AU:3    +
   13    18  0   0.9%   0.166 CG:3    +
   29    93  1   1.2%   0.164 AU:2    +
  130   137  0   0.7%   0.129 AU:3    +
   46    79  0   0.5%   0.480 UG:3    +
   40    86  1   0.9%   0.375 CG:2    +
  124   144  0   0.4%   0.073 CG:3    +
  136   143  1   0.4%   0.306 CG:1    UA:1    +
  104   120  0   0.4%   0.060 CG:3    +
  103   121  0   0.4%   0.060 CG:3    +
  105   119  0   0.4%   0.060 AU:3    +
  106   118  0   0.4%   0.060 CG:3    +
  102   122  0   0.4%   0.089 GC:3    +
  113   152  0   0.3%   0.193 AU:3    +
  151   157  0   0.3%   0.069 CG:3    +
  150   158  0   0.3%   0.065 AU:3    +
  137   142  0   0.3%   0.394 UA:3    +
   12    18  0   0.3%   0.075 CG:3    +
  126   133  0   0.3%   0.071 GU:3    +
  148   160  0   0.3%   0.072 CG:3    +
  116   153  0   0.3%   0.093 UA:3    +
  127   132  0   0.3%   0.072 AU:3    +
   56    71  0   0.3%   0.428 UA:3    +
   93   101  0   0.2%   0.179 UA:3    +
   94   100  0   0.2%   0.140 UA:3    +
  131   144  0   0.2%   1.124 UG:3    +
   43    79  0   0.2%   0.034 CG:3    +
  129   137  0   0.2%   0.049 AU:3    +
   95    99  0   0.1%   0.081 UA:3    +
  111   154  0   0.1%   0.128 GC:3    +
    1   102  0   0.1%   0.033 CG:3    +
   56    69  0   0.1%   0.027 UG:3    +
  112   117  0   0.1%   0.032 AU:3    +
   99   125  0   0.1%   0.038 AU:3    +
   97   127  0   0.1%   0.032 UA:3    +
   95   100  0   0.1%   0.093 UA:3    +
  117   153  0   0.1%   0.087 UA:3    +
   94   101  0   0.1%   0.145 UA:3    +
   69    76  0   0.1%   0.093 GC:3    +
   64    81  0   0.1%   0.018 GC:3    +
   68    77  0   0.1%   0.115 UA:3    +
   70    75  0   0.1%   0.443 AU:3    +
  126   132  0   0.1%   0.031 GU:3    +
    1    32  0   0.1%   0.015 CG:3    +
   63    82  0   0.1%   0.316 UA:3    +
   35   145  0   0.1%   0.017 CG:3    +
   54    71  0   0.1%   0.017 UA:3    +
  128   136  1   0.1%   0.029 GC:1    AU:1    +
   46    82  0   0.1%   0.706 UA:3    +
  127   131  0   0.1%   0.027 AU:3    +
   38    86  1   0.1%   0.143 UG:1    UA:1    +
   93   102  0   0.1%   0.185 UG:3    +
   81    88  0   0.1%   0.020 CG:3    +
   80    89  0   0.1%   0.918 GC:3    +
  112   116  0   0.1%   0.013 AU:3    +
  111   117  0   0.0%   0.012 GU:3    +
   93   100  0   0.0%   0.148 UA:3    +
  127   137  0   0.0%   0.044 AU:3    +
   94    99  0   0.0%   0.108 UA:3    +
   30    94  0   0.0%   0.246 AU:3    +
   40   141  0   0.0%   0.170 CG:3    +
   30    97  0   0.0%   0.158 AU:3    +
   93   129  0   0.0%   0.166 UA:3    +
   91   131  0   0.0%   0.104 AU:3    +
  112   156  0   0.0%   0.073 AU:3    +
   97   102  0   0.0%   0.041 UG:3    +
   32   148  0   0.0%   0.034 GC:3    +
   90   132  0   0.0%   0.029 GU:3    +
   39   142  0   0.0%   0.125 UA:3    +
  125   142  0   0.0%   0.028 UA:3    +
   32    95  0   0.0%   0.075 GU:3    +
   55    60  0   0.0%   0.011 GC:3    +
   54    61  0   0.0%   0.010 UA:3    +
   50    60  0   0.0%   0.008 GC:3    +
  113   117  0   0.0%   0.019 AU:3    +
   49    61  0   0.0%   0.008 UA:3    +
  111   151  0   0.0%   0.011 GC:3    +
  137   144  0   0.0%   0.163 UG:3    +
   51    59  0   0.0%   0.007 AU:3    +
   95   127  0   0.0%   0.072 UA:3    +
    1   126  0   0.0%   0.021 CG:3    +
   48    62  0   0.0%   0.007 AU:3    +
  141   154  0   0.0%   0.335 GC:3    +
   97   101  0   0.0%   0.032 UA:3    +
  144   151  0   0.0%   0.089 GC:3    +
  126   137  0   0.0%   0.043 GU:3    +
  113   156  0   0.0%   0.034 AU:3    +
   37    84  0   0.0%   0.005 UA:3    +
   39   141  0   0.0%   0.118 UG:3    +
   28    93  0   0.0%   0.005 AU:3    +
   46    77  0   0.0%   0.006 UA:3    +
  127   133  0   0.0%   0.054 AU:3    +
   39    82  0   0.0%   0.005 UA:3    +
  129   133  0   0.0%   0.035 AU:3    +
  109   152  0   0.0%   0.006 GU:3    +
   95   101  0   0.0%   0.088 UA:3    +
    3   124  0   0.0%   0.007 GC:3    +
  108   153  0   0.0%   0.004 UA:3    +
  111   156  0   0.0%   0.103 GU:3    +
   95   129  0   0.0%   0.076 UA:3    +
   94   129  0   0.0%   0.129 UA:3    +
   90   133  0   0.0%   0.027 GU:3    +
   91   132  0   0.0%   0.105 AU:3    +
   43    55  0   0.0%   0.004 CG:3    +
   93   130  0   0.0%   0.167 UA:3    +
   30    95  0   0.0%   0.194 AU:3    +
   94   130  0   0.0%   0.131 UA:3    +
   46    52  0   0.0%   0.004 UA:3    +
   42    56  0   0.0%   0.003 AU:3    +
    4   123  0   0.0%   0.005 UA:3    +
   48    56  0   0.0%   0.004 AU:3    +
   52    63  0   0.0%   0.004 AU:3    +
   49    55  0   0.0%   0.005 UG:3    +
   46    58  0   0.0%   0.004 UA:3    +
   99   133  0   0.0%   0.026 AU:3    +
  100   132  0   0.0%   0.029 AU:3    +
  124   141  0   0.0%   0.009 CG:3    +
   38   143  1   0.0%   0.022 UG:1    UA:1    +
  101   131  0   0.0%   0.030 AU:3    +
  109   156  0   0.0%   0.017 GU:3    +
   94   102  0   0.0%   0.145 UG:3    +
   28   133  0   0.0%   0.089 AU:3    +
   30   131  0   0.0%   0.153 AU:3    +
    6    89  0   0.0%   0.002 GC:3    +
    7    88  0   0.0%   0.002 CG:3    +
    4    91  0   0.0%   0.003 UA:3    +
    5    90  0   0.0%   0.003 UG:3    +
   18    40  0   0.0%   0.084 GC:3    +
   19    39  0   0.0%   0.296 AU:3    +
   22    35  0   0.0%   0.002 GC:3    +
  125   138  0   0.0%   0.015 UA:3    +
  132   144  0   0.0%   1.004 UG:3    +
   31   130  0   0.0%   0.092 UA:3    +
  125   130  0   0.0%   0.017 UA:3    +
   40    80  0   0.0%   0.003 CG:3    +
   59    71  0   0.0%   0.102 UA:3    +
   39    83  0   0.0%   0.006 UG:3    +
   28    97  0   0.0%   0.089 AU:3    +
  109   116  0   0.0%   0.003 GU:3    +
    8    87  1   0.0%   0.081 UG:1    AU:1    +
  137   159  0   0.0%   0.089 UG:3    +
  111   116  0   0.0%   0.003 GU:3    +
   40    50  0   0.0%   0.002 CG:3    +
   39    51  0   0.0%   0.002 UA:3    +
   25    97  0   0.0%   0.004 AU:3    +
  126   131  0   0.0%   0.016 GU:3    +
   93    99  0   0.0%   0.138 UA:3    +
   32    93  0   0.0%   0.160 GU:3    +
   32    89  0   0.0%   0.008 GC:3    +
    1   144  0   0.0%   0.019 CG:3    +
  138   158  0   0.0%   0.750 AU:3    +
   80    85  0   0.0%   0.905 GC:3    +
  125   141  0   0.0%   0.023 UG:3    +
   31    90  0   0.0%   0.007 UG:3    +
  137   141  0   0.0%   0.367 UG:3    +
   91    97  0   0.0%   0.101 AU:3    +
   43    50  0   0.0%   0.002 CG:3    +
  108   113  0   0.0%   0.002 UA:3    +
   26    32  0   0.0%   0.008 CG:3    +
    1   160  0   0.0%   0.020 CG:3    +
   91   133  0   0.0%   0.102 AU:3    +
   60    64  0   0.0%   0.006 CG:3    +
  118   152  0   0.0%   0.177 GU:3    +
    1   145  0   0.0%   0.018 CG:3    +
    1   159  0   0.0%   0.019 CG:3    +
    1   141  0   0.0%   0.018 CG:3    +
   42   137  0   0.0%   0.002 AU:3    +
   50    54  0   0.0%   0.003 GU:3    +
   95   102  0   0.0%   0.091 UG:3    +
   48    54  0   0.0%   0.001 AU:3    +
   43   145  0   0.0%   0.617 CG:3    +
   45   143  1   0.0%   0.193 CG:1    UA:1    +
   97   123  0   0.0%   0.012 UA:3    +
   46   142  0   0.0%   0.406 UA:3    +
   62    83  0   0.0%   0.431 UG:3    +
  103   159  0   0.0%   0.021 CG:3    +
  107   113  0   0.0%   0.001 UA:3    +
   62    66  0   0.0%   0.022 UG:3    +
   10    83  0   0.0%   0.023 CG:3    +
   97   126  0   0.0%   0.013 UG:3    +
  108   112  0   0.0%   0.001 UA:3    +
   36    86  1   0.0%   0.001 CG:1    UG:1    +
  131   145  0   0.0%   1.055 UG:3    +
    9    84  0   0.0%   0.662 UA:3    +
    1    90  0   0.0%   0.005 CG:3    +
    9    18  0   0.0%   0.001 UG:3    +
  133   144  0   0.0%   0.729 UG:3    +
   32    94  0   0.0%   0.120 GU:3    +
   26   102  0   0.0%   0.012 CG:3    +
   42    46  0   0.0%   0.001 AU:3    +
   94   138  0   0.0%   0.125 UA:3    +
   59    66  0   0.0%   0.003 UG:3    +
   37   144  0   0.0%   0.134 UG:3    +
   95   138  0   0.0%   0.070 UA:3    +
  109   117  0   0.0%   0.002 GU:3    +
   60    83  0   0.0%   0.456 CG:3    +
   84    97  0   0.0%   0.121 AU:3    +
   31    99  0   0.0%   0.091 UA:3    +
   94   127  0   0.0%   0.120 UA:3    +
   59    84  0   0.0%   0.196 UA:3    +
   95   126  0   0.0%   0.068 UG:3    +
   90   103  0   0.0%   0.021 GC:3    +
   37   142  0   0.0%   0.124 UA:3    +
   55    85  0   0.0%   0.005 GC:3    +
   12    80  0   0.0%   0.018 CG:3    +
   13    79  0   0.0%   0.042 CG:3    +
  145   151  0   0.0%   0.023 GC:3    +
   56    84  0   0.0%   0.509 UA:3    +
  144   152  0   0.0%   0.234 GU:3    +
   36   143  1   0.0%   0.003 CG:1    UA:1    +
   35   144  0   0.0%   0.003 CG:3    +
   63    70  0   0.0%   0.427 UA:3    +
   62    71  0   0.0%   0.085 UA:3    +
   79    85  0   0.0%   0.662 GC:3    +
  107   157  0   0.0%   0.004 UG:3    +
  107   112  0   0.0%   0.000 UA:3    +
   40   126  0   0.0%   0.161 CG:3    +
   39   127  0   0.0%   0.114 UA:3    +
    9    16  0   0.0%   0.000 UA:3    +
   39    58  0   0.0%   0.001 UA:3    +
  100   125  0   0.0%   0.032 AU:3    +
   93   144  0   0.0%   0.167 UG:3    +
   82    95  0   0.0%   0.353 AU:3    +
   83    94  0   0.0%   0.463 GU:3    +
   84    93  0   0.0%   0.252 AU:3    +
   95   142  0   0.0%   0.075 UA:3    +
  125   145  0   0.0%   0.094 UG:3    +
    1   157  0   0.0%   0.018 CG:3    +
   38   128  1   0.0%   0.013 UG:1    UA:1    +
  125   129  0   0.0%   0.015 UA:3    +
   93   127  0   0.0%   0.157 UA:3    +
   43   141  0   0.0%   0.616 CG:3    +
   52    59  0   0.0%   0.004 AU:3    +
   59    64  0   0.0%   0.002 UG:3    +
   91    95  0   0.0%   0.142 AU:3    +
   94   126  0   0.0%   0.121 UG:3    +
  102   106  0   0.0%   0.029 GC:3    +
  101   107  0   0.0%   0.024 AU:3    +
  101   125  0   0.0%   0.033 AU:3    +
   54    70  0   0.0%   0.003 UA:3    +
   90    95  0   0.0%   0.068 GU:3    +
   82   125  0   0.0%   0.308 AU:3    +
   81   126  0   0.0%   0.012 CG:3    +
   83   124  0   0.0%   0.368 GC:3    +
   89   102  0   0.0%   0.016 CG:3    +
   97   129  0   0.0%   0.022 UA:3    +
  104   160  0   0.0%   0.038 CG:3    +
  100   108  0   0.0%   0.023 AU:3    +
   37    42  0   0.0%   0.000 UA:3    +
   88    97  0   0.0%   0.011 GU:3    +
   32    43  0   0.0%   0.006 GC:3    +
   94   142  0   0.0%   0.130 UA:3    +
   95   141  0   0.0%   0.075 UG:3    +
   88   103  0   0.0%   0.006 GC:3    +
   98   128  1   0.0%   0.018 UG:1    UA:1    +
   37   129  0   0.0%   0.124 UA:3    +
   80    97  0   0.0%   0.913 GU:3    +
  128   146  1   0.0%   0.032 GU:1    AU:1    +
   88    93  0   0.0%   0.143 GU:3    +
  138   156  0   0.0%   0.751 AU:3    +
   37   101  0   0.0%   0.124 UA:3    +
   42    97  0   0.0%   0.006 AU:3    +
   55    68  0   0.0%   0.005 GU:3    +
  103   109  0   0.0%   0.000 CG:3    +
   37    83  0   0.0%   0.001 UG:3    +
   39    99  0   0.0%   0.114 UA:3    +
   13    80  0   0.0%   0.042 CG:3    +
  137   157  0   0.0%   0.087 UG:3    +
   42   132  0   0.0%   0.002 AU:3    +
   85    90  0   0.0%   0.021 CG:3    +
   42    54  0   0.0%   0.000 AU:3    +
   92   128  1   0.0%   0.095 UG:1    UA:1    +
  113   119  0   0.0%   0.023 AU:3    +
   78    91  0   0.0%   0.112 UA:3    +
   14    78  0   0.0%   0.000 AU:3    +
  145   154  0   0.0%   0.036 GC:3    +
   12    83  0   0.0%   0.018 CG:3    +
  107   111  0   0.0%   0.000 UG:3    +
   32    40  0   0.0%   0.007 GC:3    +
  104   111  0   0.0%   0.000 CG:3    +
   45   128  1   0.0%   0.186 CG:1    UA:1    +
   46   127  0   0.0%   0.400 UA:3    +
   81   109  0   0.0%   0.010 CG:3    +
   32    97  0   0.0%   0.030 GU:3    +
  122   145  0   0.0%   0.025 CG:3    +
  154   159  0   0.0%   0.046 CG:3    +
   40    90  0   0.0%   0.179 CG:3    +
  132   145  0   0.0%   0.945 UG:3    +
   82   108  0   0.0%   0.306 AU:3    +
  106   111  0   0.0%   0.000 CG:3    +
   56    64  0   0.0%   0.002 UG:3    +
   97   130  0   0.0%   0.023 UA:3    +
  104   157  0   0.0%   0.020 CG:3    +
   40    79  0   0.0%   0.001 CG:3    +
   58    62  0   0.0%   0.005 AU:3    +
  105   156  0   0.0%   0.020 AU:3    +
    4    24  0   0.0%   0.000 UA:3    +
  144   154  0   0.0%   0.101 GC:3    +
  143   155  1   0.0%   0.256 GU:1    AU:1    +
   35    90  0   0.0%   0.022 CG:3    +
  107   153  0   0.0%   0.000 UA:3    +
    5    25  0   0.0%   0.002 UA:3    +
   39    91  0   0.0%   0.208 UA:3    +
  142   156  0   0.0%   0.308 AU:3    +
   90    97  0   0.0%   0.025 GU:3    +
  152   159  0   0.0%   0.178 UG:3    +
   39    80  0   0.0%   0.001 UG:3    +
  151   160  0   0.0%   0.059 CG:3    +
   32   103  0   0.0%   0.025 GC:3    +
   59    69  0   0.0%   0.029 UG:3    +
   58    63  0   0.0%   0.002 AU:3    +
   30    37  0   0.0%   0.000 AU:3    +
   52    75  0   0.0%   0.006 AU:3    +
   85   109  0   0.0%   0.001 CG:3    +
  109   151  0   0.0%   0.002 GC:3    +
   28    39  0   0.0%   0.001 AU:3    +
   46    51  0   0.0%   0.001 UA:3    +
   55    62  0   0.0%   0.009 GU:3    +
   93   138  0   0.0%   0.161 UA:3    +
   56    61  0   0.0%   0.006 UA:3    +
  113   131  0   0.0%   0.007 AU:3    +
  112   132  0   0.0%   0.017 AU:3    +
  111   133  0   0.0%   0.008 GU:3    +
   90   104  0   0.0%   0.021 GC:3    +
   33    91  1   0.2%   0.138 UA:2    +
   98   126  1   0.1%   0.030 UG:2    +
   38    84  1   0.1%   0.023 UA:2    +
  115   153  1   0.1%   0.050 UA:2    +
    2    31  1   0.1%   0.015 AU:2    +
   34   146  1   0.1%   0.016 GU:2    +
   29    95  1   0.0%   0.155 AU:2    +
   33   147  1   0.0%   0.041 UG:2    +
  114   153  1   0.0%   0.039 UA:2    +
   92   130  1   0.0%   0.104 UA:2    +
   31    96  1   0.0%   0.153 UG:2    +
   92   101  1   0.0%   0.089 UA:2    +
   38   142  1   0.0%   0.021 UA:2    +
   44    84  1   0.0%   0.804 UA:2    +
  113   155  1   0.0%   0.031 AU:2    +
   39    87  1   0.0%   0.121 UG:2    +
    2   125  1   0.0%   0.013 AU:2    +
  135   146  1   0.0%   0.023 AU:2    +
  139   156  1   0.0%   0.601 AU:2    +
   29    92  1   0.0%   0.005 AU:2    +
   38    83  1   0.0%   0.005 UG:2    +
  125   140  1   0.0%   0.018 UA:2    +
  109   115  1   0.0%   0.003 GU:2    +
   60    67  1   0.0%   0.044 CG:2    +
  112   155  1   0.0%   0.065 AU:2    +
  109   155  1   0.0%   0.016 GU:2    +
   47    57  1   0.0%   0.003 CG:2    +
   89   134  1   0.0%   0.012 CG:2    +
   98   134  1   0.0%   0.019 UG:2    +
   47    80  1   0.0%   1.135 CG:2    +
   98   102  1   0.0%   0.036 UG:2    +
   87   136  1   0.0%   0.008 GC:2    +
   27   134  1   0.0%   0.060 CG:2    +
   29   132  1   0.0%   0.113 AU:2    +
   27    32  1   0.0%   0.007 CG:2    +
   20    38  1   0.0%   0.370 AU:2    +
   96   136  1   0.0%   0.063 GC:2    +
   24    33  1   0.0%   0.003 AU:2    +
   26    96  1   0.0%   0.004 CG:2    +
    2    93  1   0.0%   0.006 AU:2    +
    2    97  1   0.0%   0.007 AU:2    +
   38    52  1   0.0%   0.002 UA:2    +
   41    49  1   0.0%   0.002 AU:2    +
   37    87  1   0.0%   0.127 UG:2    +
  125   139  1   0.0%   0.015 UA:2    +
    1   147  1   0.0%   0.019 CG:2    +
   92   100  1   0.0%   0.082 UA:2    +
   44    51  1   0.0%   0.002 UA:2    +
   92    96  1   0.0%   0.142 UG:2    +
    1    96  1   0.0%   0.006 CG:2    +
   35    86  1   0.0%   0.002 CG:2    +
   41    46  1   0.0%   0.002 AU:2    +
   29    97  1   0.0%   0.110 AU:2    +
   47    55  1   0.0%   0.002 CG:2    +
   28    98  1   0.0%   0.089 AU:2    +
   96   124  1   0.0%   0.063 GC:2    +
   27   102  1   0.0%   0.067 CG:2    +
   43    86  1   0.0%   0.785 CG:2    +
   25    98  1   0.0%   0.004 AU:2    +
   91    98  1   0.0%   0.100 AU:2    +
   44    58  1   0.0%   0.001 UA:2    +
    2   158  1   0.0%   0.010 AU:2    +
  111   115  1   0.0%   0.002 GU:2    +
   42   146  1   0.0%   0.007 AU:2    +
   98   127  1   0.0%   0.022 UA:2    +
    3    27  1   0.0%   0.003 GC:2    +
    2    95  1   0.0%   0.006 AU:2    +
   90    98  1   0.0%   0.026 GU:2    +
   25    33  1   0.0%   0.002 AU:2    +
   47   141  1   0.0%   0.242 CG:2    +
   24    98  1   0.0%   0.003 AU:2    +
  130   146  1   0.0%   0.052 AU:2    +
   93   139  1   0.0%   0.161 UA:2    +
    1   134  1   0.0%   0.017 CG:2    +
   87   137  1   0.0%   0.008 GU:2    +
   94   139  1   0.0%   0.125 UA:2    +
   85    96  1   0.0%   0.061 CG:2    +
   92    99  1   0.0%   0.081 UA:2    +
   32    98  1   0.0%   0.030 GU:2    +
   40    87  1   0.0%   0.164 CG:2    +
   93   140  1   0.0%   0.162 UA:2    +
  134   146  1   0.0%   0.019 GU:2    +
    2   133  1   0.0%   0.009 AU:2    +
   38   141  1   0.0%   0.014 UG:2    +
   92   140  1   0.0%   0.098 UA:2    +
   40    57  1   0.0%   0.001 CG:2    +
   92   129  1   0.0%   0.095 UA:2    +
   58    65  1   0.0%   0.001 AU:2    +
  111   155  1   0.0%   0.100 GU:2    +
   87    94  1   0.0%   0.102 GU:2    +
   96   103  1   0.0%   0.061 GC:2    +
  146   150  1   0.0%   0.018 UA:2    +
  133   147  1   0.0%   0.665 UG:2    +
  124   134  1   0.0%   0.006 CG:2    +
   38    82  1   0.0%   0.001 UA:2    +
   81    96  1   0.0%   0.070 CG:2    +
   91   146  1   0.0%   0.105 AU:2    +
   39   140  1   0.0%   0.114 UA:2    +
   41   125  1   0.0%   0.003 AU:2    +
   81    86  1   0.0%   0.179 CG:2    +
   40   134  1   0.0%   0.160 CG:2    +
   89    96  1   0.0%   0.067 CG:2    +
   83    98  1   0.0%   0.371 GU:2    +
  129   146  1   0.0%   0.028 AU:2    +
   41   133  1   0.0%   0.002 AU:2    +
   44   140  1   0.0%   0.688 UA:2    +
   33    42  1   0.0%   0.001 UA:2    +
   96   125  1   0.0%   0.063 GU:2    +
   38    42  1   0.0%   0.001 UA:2    +
  127   146  1   0.0%   0.046 AU:2    +
   28    92  1   0.0%   0.001 AU:2    +
   10    86  1   0.0%   0.023 CG:2    +
   38   100  1   0.0%   0.013 UA:2    +
   43    96  1   0.0%   0.671 CG:2    +
   40   147  1   0.0%   0.165 CG:2    +
   87   104  1   0.0%   0.006 GC:2    +
   43    53  1   0.0%   0.001 CG:2    +
   30    98  1   0.0%   0.155 AU:2    +
   35    87  1   0.0%   0.002 CG:2    +
    2   156  1   0.0%   0.010 AU:2    +
  115   150  1   0.0%   0.001 UA:2    +
  136   147  1   0.0%   0.057 CG:2    +
  146   153  1   0.0%   0.075 UA:2    +
   27    90  1   0.0%   0.002 CG:2    +
  144   155  1   0.0%   0.086 GU:2    +
   98   123  1   0.0%   0.007 UA:2    +
   44    52  1   0.0%   0.001 UA:2    +
   44   129  1   0.0%   0.687 UA:2    +
   47   126  1   0.0%   0.239 CG:2    +
   57    85  1   0.0%   0.002 GC:2    +
   31    41  1   0.0%   0.006 UA:2    +
   37    41  1   0.0%   0.001 UA:2    +
  114   150  1   0.0%   0.000 UA:2    +
   98   129  1   0.0%   0.019 UA:2    +
   41   137  1   0.0%   0.002 AU:2    +
    2    94  1   0.0%   0.005 AU:2    +
    9    15  1   0.0%   0.000 UA:2    +
   96   137  1   0.0%   0.062 GU:2    +
   47   134  1   0.0%   0.239 CG:2    +
   43    87  1   0.0%   0.617 CG:2    +
   38    88  1   0.0%   0.015 UG:2    +
  105   110  1   0.0%   0.000 AU:2    +
  126   146  1   0.0%   0.050 GU:2    +
  114   130  1   0.0%   0.006 UA:2    +
   41    56  1   0.0%   0.001 AU:2    +
  115   129  1   0.0%   0.007 UA:2    +
..(((((((((.....))).))))))((((..(((((.((..((...(((((((...((((...))))...)))))))))..)).)))))..))))......((((..(((......((((((((..................)))))))))))..))))
