3 sequence; length of alignment 160
alifold output
  103   113  0  99.8%   0.006 UG:1    UA:2   
   35    45  0  99.4%   0.018 CG:2    UA:1   
   36    44  0  99.3%   0.022 GC:2    AU:1   
  102   114  0  99.9%   0.004 GC:3   
  104   112  0  99.7%   0.008 UA:3   
   69    81  0  99.7%   0.024 GC:3   
   68    82  0  99.6%   0.025 AU:3   
   70    80  0  99.5%   0.042 UA:3   
  105   111  0  99.4%   0.019 CG:3   
   71    79  0  98.5%   0.079 UA:3   
   34    46  0  97.1%   0.087 GC:1    GU:2   
   67    83  1  98.2%   0.069 CG:2   
   33    47  0  96.8%   0.095 GC:3   
    7   150  0  96.6%   0.141 CG:3   
    6   151  0  96.6%   0.195 AU:3   
    5   152  1  96.5%   0.208 CG:2   
   97   120  0  95.6%   0.152 AU:3   
   98   119  0  95.5%   0.155 GC:3   
   96   121  0  94.9%   0.224 GC:3   
  101   115  0  90.1%   0.293 GU:1    AU:2   
   37    43  1  90.6%   0.269 UA:2   
   64    86  0  89.7%   0.452 GC:3   
   72    78  0  88.8%   0.334 UA:3   
    4   153  0  88.5%   0.436 GU:3   
   65    85  0  87.7%   0.496 AU:3   
    8   149  1  82.6%   0.478 UA:2   
   30    51  0  77.1%   0.601 GC:3   
   29    52  0  77.1%   0.603 UA:3   
   28    53  0  76.7%   0.612 CG:3   
  100   116  1  76.8%   0.637 AU:2   
   31    50  0  74.8%   0.660 AU:3   
   25    57  0  68.0%   0.806 GC:3   
   15   145  0  66.9%   1.320 GC:3    +
   16   144  0  66.9%   1.641 CG:3    +
   26    56  0  65.7%   0.834 UG:1    UA:2   
   22    60  0  64.6%   0.979 CG:3   
   21    61  0  64.3%   0.985 GC:3   
    3   154  0  62.0%   0.940 AU:3   
   14   146  1  62.1%   1.377 UA:2    +
   24    58  0  57.8%   1.010 UG:3   
   17   143  1  46.9%   1.527 UG:1    UA:1    +
   99   117  0  44.7%   1.106 GU:3   
   13   147  1  39.0%   1.627 UA:2    +
   25    93  0  30.5%   1.384 GC:3    +
   26    92  0  30.4%   1.372 UA:3    +
   24    94  0  30.0%   1.434 UA:3    +
   21   142  0  28.4%   1.863 GC:3    +
   15   142  0  28.4%   1.235 GC:3   
   16   141  0  28.3%   1.236 CG:3   
   22   141  0  28.3%   1.936 CG:3    +
   14   143  1  26.5%   1.113 UG:1    UA:1   
   23    95  0  26.0%   1.089 UA:3    +
   30    89  0  22.8%   1.217 GC:3    +
   29    90  0  22.8%   1.233 UA:3    +
   28    91  0  21.1%   1.429 CG:3    +
   31    88  0  19.7%   1.188 AU:3    +
   54    60  0  18.4%   1.400 CG:1    UG:2    +
   13   144  0  19.1%   0.974 UG:3   
   53    61  0  18.4%   1.517 GC:3    +
  126   136  1  18.2%   1.246 AU:2    +
  127   135  0  17.7%   1.175 UA:3    +
  125   137  1  18.1%   1.128 AU:2    +
  125   140  0  16.8%   1.521 AU:3    +
  124   141  0  16.5%   2.231 CG:3    +
  124   138  1  16.9%   1.232 CG:2    +
  126   139  1  16.2%   1.491 AU:2    +
  127   138  0  14.5%   1.797 UG:2    UA:1    +
   20   143  1  11.3%   1.619 UG:1    UA:1    +
   91   132  0  11.0%   1.544 GC:3    +
   92   131  0  10.7%   1.251 AU:3    +
   90   133  0  10.1%   1.181 AU:3    +
  101   116  0   8.5%   0.939 GC:1    AU:2    +
   10   148  0   9.0%   0.681 AU:3    +
   27    91  1   9.2%   0.681 CG:2    +
   95   128  0   6.4%   1.014 AU:3    +
   64    89  0   6.3%   1.207 GC:3    +
   65    88  0   6.2%   1.131 AU:3    +
   66    87  0   6.1%   0.554 UA:3    +
   94   129  0   5.8%   0.975 AU:3    +
   19    63  0   5.8%   0.525 UA:3    +
  130   135  0   4.6%   1.106 UA:3    +
  100   117  0   4.2%   0.980 AU:3    +
   92   139  0   3.6%   1.188 AU:3    +
   88   135  0   3.5%   0.923 UA:3    +
   95   136  0   3.3%   1.181 AU:3    +
    2   156  1   3.8%   0.495 UA:2    +
   12   147  1   3.8%   0.398 UA:2    +
   11   148  1   3.7%   0.615 AU:2    +
   93   138  1   3.7%   0.907 CG:2    +
   87   136  0   3.2%   0.531 AU:3    +
   20    63  0   3.2%   0.526 UA:3    +
   94   137  1   3.5%   1.097 AU:2    +
   91   140  0   2.9%   1.465 GU:3    +
    3   155  0   2.9%   0.655 AU:3    +
    1   156  1   3.4%   0.348 UA:2    +
   60    89  0   2.5%   1.404 GC:3    +
   16    21  0   2.4%   0.320 CG:3    +
   15    22  0   2.4%   0.320 GC:3    +
   96   134  0   1.3%   0.430 GC:1    GU:2    +
   34    47  0   2.3%   0.321 GC:3    +
   33    48  0   2.3%   0.299 GU:3    +
    2   158  0   2.3%   0.406 UA:3    +
   59    90  0   2.2%   0.787 UA:3    +
  138   148  0   1.1%   1.375 GU:2    AU:1    +
   51    60  0   2.1%   0.821 CG:3    +
  134   141  0   1.1%   1.581 CG:1    UG:2    +
  134   138  0   0.1%   1.017 CG:1    UG:1    UA:1    +
   52    59  0   2.0%   0.532 AU:3    +
    8   143  0   0.0%   0.004 UG:1    AU:1    UA:1    +
  137   152  0   0.0%   0.640 CG:1    UG:1    UA:1    +
   38    77  0   0.0%   0.003 GC:1    AU:1    UA:1    +
    3   157  0   1.8%   0.662 AU:3    +
   93   141  0   1.7%   1.624 CG:3    +
   94   140  0   1.7%   1.184 AU:3    +
   19   138  0   0.6%   0.352 UG:2    UA:1    +
   86    91  0   1.6%   0.938 CG:3    +
   14   152  0   0.5%   0.831 UG:2    UA:1    +
   95   139  0   1.5%   1.152 AU:3    +
   91   137  0   0.5%   1.152 GC:1    GU:2    +
    4   154  0   1.5%   0.696 GU:3    +
  135   140  0   1.4%   1.406 AU:3    +
   85    92  0   1.4%   0.739 UA:3    +
   35    60  0   0.4%   0.392 CG:2    UG:1    +
   98   132  0   1.4%   0.635 GC:3    +
   97   133  0   1.4%   0.585 AU:3    +
  132   141  0   1.3%   1.807 CG:3    +
   13   146  1   1.8%   0.558 UA:2    +
   21   145  0   1.3%   1.223 GC:3    +
   22   144  0   1.3%   1.579 CG:3    +
   91   142  0   1.3%   2.123 GC:3    +
   36    59  0   0.3%   0.103 GU:2    AU:1    +
  101   129  0   0.3%   0.652 GU:1    AU:2    +
   99   131  0   1.3%   0.952 GU:3    +
   44    58  0   0.3%   0.433 CG:2    UG:1    +
   22    96  0   1.3%   0.548 CG:3    +
   46    56  0   0.3%   0.357 CG:1    UA:2    +
   91   124  0   1.3%   0.884 GC:3    +
   37    58  0   0.2%   0.498 CG:1    UG:2    +
   40    55  0   0.2%   0.047 GU:1    AU:2    +
   99   116  0   0.2%   0.047 GC:1    GU:2    +
  129   138  0   0.2%   1.187 UG:2    UA:1    +
   58    93  0   1.1%   0.972 GC:3    +
  141   145  0   1.1%   1.881 GC:3    +
  101   127  0   0.1%   0.446 GU:1    AU:2    +
   59    92  0   1.1%   0.785 UA:3    +
   18   138  0   0.1%   0.152 UG:2    UA:1    +
  140   152  0   0.1%   0.827 UG:2    UA:1    +
   20   138  0   0.1%   0.221 UG:2    UA:1    +
  100   130  0   1.1%   0.656 AU:3    +
  128   138  0   0.1%   1.158 UG:2    UA:1    +
  133   138  0   0.1%   1.251 UG:2    UA:1    +
  152   160  0   0.1%   0.149 GC:2    AU:1    +
  130   138  0   0.1%   1.158 UG:2    UA:1    +
  131   138  0   0.1%   1.239 UG:2    UA:1    +
   96   132  0   1.1%   0.555 GC:3    +
  101   130  0   0.0%   0.508 GU:1    AU:2    +
   95   129  0   1.0%   0.934 AU:3    +
   12   138  0   0.0%   0.029 UG:2    UA:1    +
   48    56  0   0.0%   0.413 UG:1    UA:2    +
   91   134  0   0.0%   1.069 GC:1    GU:2    +
   97   131  0   1.0%   0.469 AU:3    +
   24    56  0   0.0%   0.021 UG:1    UA:2    +
   95   133  0   1.0%   1.026 AU:3    +
   37    56  0   0.0%   0.377 CG:1    UA:2    +
   12   152  0   0.0%   0.211 UG:2    UA:1    +
  138   154  0   0.0%   1.308 GU:2    AU:1    +
   88   138  0   0.0%   0.757 UG:2    UA:1    +
   94   130  0   1.0%   0.772 AU:3    +
   21   134  0   0.0%   0.413 GC:1    GU:2    +
  136   150  0   1.0%   0.812 UG:3    +
  150   160  0   0.0%   0.165 GC:2    GU:1    +
   56   151  0   0.0%   0.388 GU:1    AU:2    +
   17   138  0   0.0%   0.123 UG:2    UA:1    +
  138   157  0   0.0%   1.019 GU:2    AU:1    +
   54    58  0   0.0%   0.435 CG:1    UG:2    +
   55   152  0   0.0%   0.118 UG:2    UA:1    +
    1   150  0   0.0%   0.007 CG:1    UG:2    +
   24   138  0   0.0%   0.772 UG:2    UA:1    +
   21   137  0   0.0%   0.420 GC:1    GU:2    +
   17   101  0   0.0%   0.106 UG:1    UA:2    +
  137   141  0   0.0%   1.816 CG:1    UG:2    +
   44    53  0   0.0%   0.233 CG:2    UG:1    +
  101   128  0   0.0%   0.614 GU:1    AU:2    +
   20   152  0   0.0%   0.534 UG:2    UA:1    +
   40    54  0   0.0%   0.005 GC:1    AU:2    +
  101   120  0   0.0%   0.375 GU:1    AU:2    +
   25   137  0   0.0%   0.658 GC:1    GU:2    +
    5    15  0   1.0%   0.139 CG:3    +
  117   152  0   0.0%   0.581 UG:2    UA:1    +
   45    50  0   0.0%   0.226 GU:2    AU:1    +
    4    16  0   1.0%   0.141 GC:3    +
   35    58  0   0.0%   0.371 CG:2    UG:1    +
    8   156  0   0.0%   0.401 AU:1    UA:2    +
   62    83  0   0.0%   0.059 CG:2    AU:1    +
  152   157  0   0.0%   0.216 GU:2    AU:1    +
    1   144  0   0.0%   0.003 CG:1    UG:2    +
   23   138  0   0.0%   0.447 UG:2    UA:1    +
   85   138  0   0.0%   0.272 UG:2    UA:1    +
   25    54  0   0.0%   0.016 GC:1    GU:2    +
   66   138  0   0.0%   0.277 UG:2    UA:1    +
  138   151  0   0.0%   1.066 GU:2    AU:1    +
   56   148  0   0.0%   0.643 GU:1    AU:2    +
  101   117  0   0.0%   0.802 GU:1    AU:2    +
   61   144  0   1.0%   1.490 CG:3    +
    1    64  0   0.0%   0.001 CG:1    UG:2    +
   98   116  0   0.0%   0.013 GC:1    GU:2    +
   60   145  0   1.0%   1.373 GC:3    +
  133   152  0   0.0%   0.464 UG:2    UA:1    +
    4   160  0   0.0%   0.280 GC:2    GU:1    +
    1    91  0   0.0%   0.001 CG:1    UG:2    +
   64   137  0   0.0%   0.433 GC:1    GU:2    +
   13   152  0   0.0%   0.815 UG:2    UA:1    +
   23    56  0   0.0%   0.013 UG:1    UA:2    +
   96   137  0   0.0%   0.428 GC:1    GU:2    +
    8   146  0   0.0%   0.002 AU:1    UA:2    +
   56   139  0   0.0%   0.318 GU:1    AU:2    +
   60   134  0   0.0%   0.897 GC:1    GU:2    +
   26   138  0   0.0%   0.715 UG:2    UA:1    +
    2   152  0   0.0%   0.009 UG:2    UA:1    +
   15   134  0   0.0%   0.151 GC:1    GU:2    +
   58   137  0   0.0%   0.504 GC:1    GU:2    +
   18   101  0   0.0%   0.116 UG:1    UA:2    +
  135   151  0   1.0%   0.941 AU:3    +
   84   101  0   0.0%   0.028 UG:1    UA:2    +
  137   144  0   0.0%   1.186 CG:1    UG:2    +
   50    56  0   0.0%   0.519 UG:1    UA:2    +
    1    25  0   0.0%   0.001 CG:1    UG:2    +
   45    66  0   0.0%   0.025 GU:2    AU:1    +
   21    35  0   0.0%   0.094 GC:2    GU:1    +
   96   116  0   0.0%   0.067 GC:1    GU:2    +
   54    64  0   0.0%   0.457 CG:1    UG:2    +
   25   134  0   0.0%   0.649 GC:1    GU:2    +
   54   150  0   0.0%   0.436 CG:1    UG:2    +
   33    46  0   0.0%   0.001 GC:1    GU:2    +
  148   152  0   0.0%   0.526 UG:2    UA:1    +
  127   152  0   0.0%   0.794 UG:2    UA:1    +
   20    36  0   0.0%   0.004 UG:2    UA:1    +
   29    56  0   0.0%   0.480 UG:1    UA:2    +
  113   130  0   0.0%   0.169 GU:1    AU:2    +
   84   138  0   0.0%   0.100 UG:2    UA:1    +
    1    21  0   0.0%   0.000 CG:1    UG:2    +
  138   155  0   0.0%   1.049 GU:2    AU:1    +
   54    91  0   0.0%   0.916 CG:1    UG:2    +
   56    70  0   0.0%   0.301 GU:1    AU:2    +
  113   117  0   0.0%   0.499 GU:1    AU:2    +
  138   153  0   0.0%   1.061 GU:2    AU:1    +
  111   116  0   0.0%   0.431 GC:1    GU:2    +
   56   134  0   0.0%   0.304 GC:1    AU:2    +
  104   113  0   0.0%   0.005 UG:1    UA:2    +
  136   152  0   0.0%   0.746 UG:2    UA:1    +
  113   151  0   0.0%   0.090 GU:1    AU:2    +
  130   152  0   0.0%   0.413 UG:2    UA:1    +
  139   152  0   0.0%   0.715 UG:2    UA:1    +
   56    66  0   0.0%   0.331 GU:1    AU:2    +
   13   101  0   0.0%   0.009 UG:1    UA:2    +
  131   152  0   0.0%   0.487 UG:2    UA:1    +
   98   134  0   0.0%   0.346 GC:1    GU:2    +
   36    66  0   0.0%   0.028 GU:2    AU:1    +
   64   134  0   0.0%   0.425 GC:1    GU:2    +
   40    71  0   0.0%   0.014 GU:1    AU:2    +
   33    37  0   0.0%   0.000 GC:1    GU:2    +
   33    44  0   0.0%   0.000 GC:2    GU:1    +
   66   152  0   0.0%   0.278 UG:2    UA:1    +
  113   120  0   0.0%   0.077 GU:1    AU:2    +
  116   150  0   0.0%   0.516 CG:1    UG:2    +
   18   152  0   0.0%   0.208 UG:2    UA:1    +
   99   134  0   0.0%   0.667 GC:1    GU:2    +
  134   144  0   0.0%   0.905 CG:1    UG:2    +
  102   116  0   0.0%   0.427 GC:1    GU:2    +
   13   138  0   0.0%   0.022 UG:2    UA:1    +
   14   138  0   0.0%   0.067 UG:2    UA:1    +
   45    55  0   0.0%   0.028 GU:2    AU:1    +
   18    40  0   0.0%   0.001 UG:1    UA:2    +
  137   150  0   0.0%   0.659 CG:1    UG:2    +
   91   160  0   0.0%   1.268 GC:2    GU:1    +
   54   141  0   0.0%   1.135 CG:1    UG:2    +
  113   153  0   0.0%   0.132 GU:1    AU:2    +
   19   152  0   0.0%   0.420 UG:2    UA:1    +
    2   138  0   0.0%   0.005 UG:2    UA:1    +
  134   150  0   0.0%   0.283 CG:1    UG:2    +
   88   152  0   0.0%   0.754 UG:2    UA:1    +
   35    53  0   0.0%   0.212 CG:2    UG:1    +
   46    53  0   0.0%   0.253 CG:1    UG:2    +
   34    54  0   0.0%   0.117 GC:1    GU:2    +
   30   137  0   0.0%   0.549 GC:1    GU:2    +
   18    64  0   1.0%   0.156 UG:3    +
   16   150  0   1.0%   0.948 CG:3    +
   62   143  1   1.0%   1.217 CG:1    AU:1    +
   17   149  0   1.0%   0.767 UA:3    +
   15   151  0   0.9%   0.945 GU:3    +
  122   140  1   0.9%   0.406 GU:1    AU:1    +
   98   124  0   0.9%   0.267 GC:3    +
   99   123  0   0.9%   0.554 GC:3    +
    6    14  0   0.9%   0.128 AU:3    +
   98   130  0   0.9%   0.316 GU:3    +
    3    17  0   0.9%   0.124 AU:3    +
   19    64  0   0.8%   0.333 UG:3    +
    1   159  1   1.3%   0.306 UA:2    +
   17    65  0   0.8%   0.169 UA:3    +
   89   141  0   0.8%   1.546 CG:3    +
   95   127  0   0.8%   0.533 AU:3    +
    5    60  0   0.8%   0.161 CG:3    +
    6    59  0   0.8%   0.158 AU:3    +
    4    61  0   0.8%   0.163 GC:3    +
    7    58  0   0.8%   0.113 CG:3    +
   20   146  1   1.3%   0.949 UA:2    +
   99   129  0   0.8%   0.806 GU:3    +
   18    65  0   0.7%   0.210 UA:3    +
   63    88  0   0.7%   0.763 AU:3    +
   94   128  0   0.7%   0.551 AU:3    +
   51    64  0   0.7%   0.485 CG:3    +
   50    65  0   0.7%   0.405 UA:3    +
  129   135  0   0.7%   0.877 UA:3    +
  140   146  1   1.1%   1.260 UA:2    +
   19   141  0   0.6%   0.746 UG:3    +
  100   128  0   0.6%   0.720 AU:3    +
  128   135  0   0.6%   0.838 UA:3    +
  139   147  1   1.1%   1.231 UA:2    +
   90   140  0   0.6%   0.836 AU:3    +
   23   143  1   0.6%   1.437 UG:1    UA:1    +
  137   149  1   1.1%   0.839 UA:2    +
   49    66  0   0.6%   0.101 AU:3    +
   92   136  0   0.5%   0.968 AU:3    +
   61    91  0   0.5%   1.307 CG:3    +
  122   139  1   0.4%   0.315 GU:1    AU:1    +
   34    61  0   0.4%   0.508 GC:3    +
   60    93  0   0.4%   1.367 GC:3    +
   91   128  0   0.4%   0.847 GU:3    +
   92   127  0   0.4%   0.566 AU:3    +
   59    94  0   0.4%   0.756 UA:3    +
   96   127  0   0.3%   0.263 GU:3    +
   19   147  1   0.8%   0.920 UA:2    +
   94   134  1   0.8%   0.789 AU:2    +
  122   143  1   0.3%   1.203 GU:1    UG:1    +
   42    53  0   0.3%   0.258 CG:3    +
   90   129  0   0.3%   0.509 AU:3    +
   18    63  0   0.3%   0.061 UA:3    +
   91   139  0   0.3%   1.152 GU:3    +
   59   146  1   0.8%   0.888 UA:2    +
   43    59  0   0.3%   0.195 AU:3    +
  134   152  1   0.8%   0.383 UG:2    +
   65    84  0   0.3%   0.166 AU:3    +
   96   128  0   0.3%   0.438 GU:3    +
   91   123  0   0.2%   0.744 GC:3    +
  121   141  0   0.2%   1.017 CG:3    +
   25   142  0   0.2%   1.418 GC:3    +
  123   141  0   0.2%   1.047 CG:3    +
   97   127  0   0.2%   0.196 AU:3    +
   42    60  0   0.2%   0.401 CG:3    +
   99   132  0   0.2%   0.935 GC:3    +
   98   133  0   0.2%   0.604 GU:3    +
    5   141  0   0.2%   0.124 CG:3    +
    4   142  0   0.2%   0.126 GC:3    +
   53    81  0   0.2%   0.589 GC:3    +
   52    82  0   0.2%   0.329 AU:3    +
  100   131  0   0.2%   0.835 AU:3    +
   26   141  0   0.2%   1.454 UG:3    +
   59    74  0   0.2%   0.199 UA:3    +
   64    85  0   0.2%   0.176 GU:3    +
   58    75  0   0.2%   0.450 GC:3    +
   60    73  0   0.2%   0.793 GC:3    +
   99   119  0   0.2%   0.469 GC:3    +
   55    79  0   0.2%   0.062 UA:3    +
    6   140  0   0.2%   0.118 AU:3    +
   10    24  0   0.2%   0.038 AU:3    +
    9    25  0   0.2%   0.040 CG:3    +
   51    58  0   0.2%   0.633 CG:3    +
   47    53  0   0.2%   0.375 CG:3    +
   48    52  0   0.2%   0.328 UA:3    +
   12   149  0   0.2%   0.342 UA:3    +
   89    96  0   0.2%   0.705 CG:3    +
   21   139  0   0.2%   0.447 GU:3    +
   71    78  0   0.2%   0.036 UA:3    +
   48    63  0   0.1%   0.449 UA:3    +
   17    63  0   0.1%   0.074 UA:3    +
  125   131  0   0.1%   0.413 AU:3    +
  132   138  1   0.6%   1.296 CG:2    +
  142   150  0   0.1%   0.977 CG:3    +
  141   151  0   0.1%   1.559 GU:3    +
   88    97  0   0.1%   0.582 UA:3    +
  100   115  0   0.1%   0.034 AU:3    +
   18   143  1   0.1%   0.863 UG:1    UA:1    +
   91   129  0   0.1%   0.841 GU:3    +
   98   120  0   0.1%   0.134 GU:3    +
   92   128  0   0.1%   0.561 AU:3    +
   31    48  0   0.1%   0.025 AU:3    +
   58    89  0   0.1%   0.799 GC:3    +
   90   127  0   0.1%   0.469 AU:3    +
  145   150  0   0.1%   0.606 CG:3    +
   15    93  0   0.1%   0.164 GC:3    +
   14    94  0   0.1%   0.069 UA:3    +
   99   121  0   0.1%   0.476 GC:3    +
   24   143  1   0.1%   1.721 UG:1    UA:1    +
  131   135  0   0.1%   1.058 UA:3    +
   59    87  0   0.1%   0.201 UA:3    +
  144   151  0   0.1%   0.885 GU:3    +
  100   120  0   0.1%   0.434 AU:3    +
   72    79  0   0.1%   0.168 UA:3    +
   49    59  0   0.1%   0.101 AU:3    +
   16    91  0   0.1%   0.160 CG:3    +
  135   157  0   0.1%   0.855 AU:3    +
   13    95  0   0.1%   0.023 UA:3    +
   92   153  0   0.1%   1.057 AU:3    +
   17    90  0   0.1%   0.112 UA:3    +
   91   154  0   0.1%   1.644 GU:3    +
   90   130  0   0.1%   0.497 AU:3    +
   60    86  0   0.1%   0.794 GC:3    +
   20    94  0   0.1%   0.150 UA:3    +
   60   142  0   0.1%   1.656 GC:3    +
   61   141  0   0.1%   1.490 CG:3    +
   96   119  0   0.1%   0.087 GC:3    +
   48    60  0   0.1%   0.485 UG:3    +
    9   141  0   0.1%   0.057 CG:3    +
   88    95  0   0.1%   0.929 UA:3    +
   12   135  0   0.1%   0.022 UA:3    +
   10   140  0   0.1%   0.054 AU:3    +
  128   158  0   0.1%   0.466 UA:3    +
   21    93  0   0.1%   0.422 GC:3    +
   20    97  0   0.1%   0.147 UA:3    +
   58    88  0   0.1%   0.766 GU:3    +
   19    95  0   0.1%   0.240 UA:3    +
   70    79  0   0.1%   0.038 UA:3    +
   91   127  0   0.1%   0.797 GU:3    +
  153   159  0   0.1%   0.234 UA:3    +
    2   159  0   0.1%   0.293 UA:3    +
  133   159  0   0.1%   0.472 UA:3    +
    6   153  0   0.1%   0.259 AU:3    +
   95   120  0   0.1%   0.393 AU:3    +
   57    91  0   0.1%   0.871 CG:3    +
    9   150  0   0.1%   0.086 CG:3    +
   90   155  0   0.1%   0.877 AU:3    +
    4   145  0   0.1%   0.117 GC:3    +
    5   144  0   0.1%   0.116 CG:3    +
   95   130  0   0.1%   0.723 AU:3    +
  122   126  1   0.1%   0.027 GC:1    UA:1    +
   90   128  0   0.1%   0.468 AU:3    +
  127   159  0   0.1%   0.792 UA:3    +
   84    92  0   0.1%   0.452 UA:3    +
  111   121  0   0.1%   0.087 GC:3    +
  125   130  0   0.1%   0.195 AU:3    +
    3   153  0   0.1%   0.061 AU:3    +
   20   135  0   0.1%   0.166 UA:3    +
   19    99  0   0.1%   0.245 UG:3    +
  154   158  0   0.1%   0.517 UA:3    +
  112   120  0   0.1%   0.088 AU:3    +
   19    98  0   0.1%   0.236 UG:3    +
  102   128  0   0.1%   0.316 GU:3    +
   50    58  0   0.1%   0.626 UG:3    +
   22    91  0   0.1%   0.406 CG:3    +
   98   123  0   0.1%   0.103 GC:3    +
   71    80  0   0.1%   0.062 UA:3    +
   98   121  0   0.1%   0.132 GC:3    +
   18   100  0   0.1%   0.126 UA:3    +
   50    63  0   0.1%   0.550 UA:3    +
   23    58  0   0.1%   0.066 UG:3    +
   20   141  0   0.1%   0.580 UG:3    +
   20    98  0   0.1%   0.152 UG:3    +
   63    70  0   0.1%   0.334 AU:3    +
   23    90  0   0.1%   0.043 UA:3    +
   91   130  0   0.1%   0.828 GU:3    +
   92   130  0   0.1%   0.547 AU:3    +
   92   129  0   0.1%   0.556 AU:3    +
   19   144  0   0.1%   0.916 UG:3    +
   85    91  0   0.1%   0.773 UG:3    +
   49    55  0   0.1%   0.032 AU:3    +
   19   143  1   0.1%   1.031 UG:1    UA:1    +
    2    63  0   0.1%   0.012 UA:3    +
   87   130  0   0.0%   0.198 AU:3    +
   94   151  0   0.0%   0.984 AU:3    +
   12   144  0   0.0%   0.034 UG:3    +
   88    94  0   0.0%   0.954 UA:3    +
   18   141  0   0.0%   0.511 UG:3    +
   19    91  0   0.0%   0.231 UG:3    +
   64    71  0   0.0%   0.137 GU:3    +
  122   129  1   0.0%   0.325 GU:1    AU:1    +
   20   125  0   0.0%   0.150 UA:3    +
   94   127  0   0.0%   0.456 AU:3    +
   18    99  0   0.0%   0.117 UG:3    +
   90   131  0   0.0%   0.494 AU:3    +
   18    92  0   0.0%   0.113 UA:3    +
   65    72  0   0.0%   0.130 AU:3    +
   20    90  0   0.0%   0.136 UA:3    +
   21   124  0   0.0%   0.412 GC:3    +
   64    73  0   0.0%   0.152 GC:3    +
   92   133  0   0.0%   1.008 AU:3    +
    9   144  0   0.0%   0.047 CG:3    +
   25    55  0   0.0%   0.025 GU:3    +
  129   158  0   0.0%   0.476 UA:3    +
   82    94  0   0.0%   0.428 UA:3    +
  125   136  0   0.0%   0.309 AU:3    +
   94   131  0   0.0%   0.916 AU:3    +
   65    70  0   0.0%   0.125 AU:3    +
  130   143  1   0.0%   1.412 UG:1    UA:1    +
   82    90  0   0.0%   0.465 UA:3    +
   81    91  0   0.0%   0.650 CG:3    +
   64   132  0   0.0%   0.430 GC:3    +
  122   131  1   0.0%   0.393 GU:1    AU:1    +
  125   133  0   0.0%   0.391 AU:3    +
   98   117  0   0.0%   0.021 GU:3    +
  122   127  1   0.0%   0.137 GU:1    AU:1    +
   59   143  1   0.0%   1.354 UG:1    UA:1    +
  122   134  1   0.0%   0.141 GC:1    AU:1    +
  128   159  0   0.0%   0.426 UA:3    +
   96   124  0   0.0%   0.193 GC:3    +
   63    72  0   0.0%   0.334 AU:3    +
   10   154  0   0.0%   0.614 AU:3    +
   63   133  0   0.0%   0.373 AU:3    +
   65   131  0   0.0%   0.430 AU:3    +
   22    58  0   0.0%   0.137 CG:3    +
   87   139  0   0.0%   0.331 AU:3    +
   21    59  0   0.0%   0.139 GU:3    +
   13   143  1   0.0%   0.018 UG:1    UA:1    +
  122   128  1   0.0%   0.318 GU:1    AU:1    +
  133   143  1   0.0%   1.464 UG:1    UA:1    +
   87   140  0   0.0%   0.335 AU:3    +
   53    57  0   0.0%   0.524 GC:3    +
   17   100  0   0.0%   0.108 UA:3    +
  132   144  0   0.0%   1.178 CG:3    +
    9    15  0   0.0%   0.055 CG:3    +
   33    86  0   0.0%   0.150 GC:3    +
    4   155  0   0.0%   0.385 GU:3    +
   38    55  1   0.0%   0.010 GU:1    AU:1    +
   10   155  0   0.0%   0.362 AU:3    +
    5    21  0   0.0%   0.052 CG:3    +
    4    22  0   0.0%   0.054 GC:3    +
   84    94  0   0.0%   0.431 UA:3    +
   99   120  0   0.0%   0.458 GU:3    +
   12    25  0   0.0%   0.018 UG:3    +
  125   129  0   0.0%   0.320 AU:3    +
  151   159  0   0.0%   0.240 UA:3    +
   87   127  0   0.0%   0.188 AU:3    +
   57    64  0   0.0%   0.412 CG:3    +
   57   150  0   0.0%   0.386 CG:3    +
   18    91  0   0.0%   0.113 UG:3    +
   25    89  0   0.0%   0.289 GC:3    +
  136   141  0   0.0%   1.924 UG:3    +
    6    20  0   0.0%   0.049 AU:3    +
   88    92  0   0.0%   1.025 UA:3    +
   10    20  0   0.0%   0.010 AU:3    +
  121   144  0   0.0%   0.799 CG:3    +
    2   149  0   0.0%   0.012 UA:3    +
    9    21  0   0.0%   0.011 CG:3    +
   87   131  0   0.0%   0.198 AU:3    +
   96   123  0   0.0%   0.144 GC:3    +
  135   139  0   0.0%   1.196 AU:3    +
   10    14  0   0.0%   0.048 AU:3    +
   87   129  0   0.0%   0.190 AU:3    +
   65    71  0   0.0%   0.123 AU:3    +
   64    72  0   0.0%   0.137 GU:3    +
   15   132  0   0.0%   0.154 GC:3    +
   58   145  0   0.0%   0.831 GC:3    +
   24    90  0   0.0%   0.354 UA:3    +
   17    92  0   0.0%   0.103 UA:3    +
  144   153  0   0.0%   0.861 GU:3    +
   49    85  0   0.0%   0.049 AU:3    +
   91   131  0   0.0%   0.822 GU:3    +
    3   148  0   0.0%   0.048 AU:3    +
  139   144  0   0.0%   1.263 UG:3    +
   55    63  0   0.0%   0.348 UA:3    +
    3    23  0   0.0%   0.046 AU:3    +
   91   136  0   0.0%   1.180 GU:3    +
    4     9  0   0.0%   0.005 GC:3    +
   19    90  0   0.0%   0.220 UA:3    +
   10   151  0   0.0%   0.285 AU:3    +
   22   150  0   0.0%   0.952 CG:3    +
   63   140  0   0.0%   0.391 AU:3    +
   21   151  0   0.0%   0.919 GU:3    +
  130   158  0   0.0%   0.452 UA:3    +
  122   130  1   0.0%   0.187 GU:1    AU:1    +
  125   139  0   0.0%   0.597 AU:3    +
   96   129  0   0.0%   0.411 GU:3    +
   30    86  0   0.0%   0.205 GC:3    +
   29    87  0   0.0%   0.207 UA:3    +
  136   159  0   0.0%   0.716 UA:3    +
   97   128  0   0.0%   0.338 AU:3    +
   94   136  0   0.0%   0.852 AU:3    +
  111   119  0   0.0%   0.075 GC:3    +
   23   149  0   0.0%   0.628 UA:3    +
   55    60  0   0.0%   0.783 UG:3    +
   19   135  0   0.0%   0.246 UA:3    +
   19    65  0   0.0%   0.286 UA:3    +
   84    95  0   0.0%   0.395 UA:3    +
  129   159  0   0.0%   0.434 UA:3    +
  110   120  0   0.0%   0.072 AU:3    +
   86   141  0   0.0%   0.975 CG:3    +
   20    64  0   0.0%   0.205 UG:3    +
   31    85  0   0.0%   0.231 AU:3    +
  135   148  0   0.0%   1.059 AU:3    +
   23    91  0   0.0%   0.045 UG:3    +
  155   159  0   0.0%   0.210 UA:3    +
  123   144  0   0.0%   0.815 CG:3    +
  102   115  0   0.0%   0.108 GU:3    +
   13   149  0   0.0%   0.942 UA:3    +
  104   125  0   0.0%   0.012 UA:3    +
   59   144  0   0.0%   1.006 UG:3    +
   87   128  0   0.0%   0.187 AU:3    +
  131   143  1   0.0%   1.485 UG:1    UA:1    +
   58    76  0   0.0%   0.430 GC:3    +
  129   141  0   0.0%   1.588 UG:3    +
  133   141  0   0.0%   1.671 UG:3    +
  100   129  0   0.0%   0.679 AU:3    +
  154   159  0   0.0%   0.472 UA:3    +
   32    58  0   0.0%   0.366 CG:3    +
   59    91  0   0.0%   0.842 UG:3    +
   91   121  0   0.0%   0.702 GC:3    +
  143   154  1   0.0%   1.459 GU:1    AU:1    +
  153   158  0   0.0%   0.261 UA:3    +
   88   143  1   0.0%   1.737 UG:1    UA:1    +
   60    88  0   0.0%   1.106 GU:3    +
   24   125  0   0.0%   0.703 UA:3    +
  119   150  0   0.0%   0.160 CG:3    +
   20    87  0   0.0%   0.119 UA:3    +
   25   124  0   0.0%   0.652 GC:3    +
   64    84  0   0.0%   0.138 GU:3    +
  120   149  0   0.0%   0.297 UA:3    +
  102   127  0   0.0%   0.127 GU:3    +
  118   151  0   0.0%   0.092 AU:3    +
   85    94  0   0.0%   0.603 UA:3    +
   60    75  0   0.0%   0.784 GC:3    +
   32    53  0   0.0%   0.208 CG:3    +
  149   155  0   0.0%   0.389 AU:3    +
  102   119  0   0.0%   0.069 GC:3    +
   63    85  0   0.0%   0.335 AU:3    +
   21    89  0   0.0%   0.398 GC:3    +
  103   118  0   0.0%   0.005 UA:3    +
  130   141  0   0.0%   1.562 UG:3    +
   24    95  0   0.0%   1.062 UA:3    +
  102   129  0   0.0%   0.314 GU:3    +
   20    60  0   0.0%   0.044 UG:3    +
   31    59  0   0.0%   0.268 AU:3    +
  122   133  1   0.0%   0.380 GU:1    AU:1    +
    7   144  0   0.0%   0.048 CG:3    +
   14   144  0   0.0%   0.738 UG:3    +
    6   139  0   0.0%   0.085 AU:3    +
   23    94  0   0.0%   0.041 UA:3    +
   61    69  0   0.0%   0.659 CG:3    +
   55    94  0   0.0%   0.419 UA:3    +
   25   136  0   0.0%   0.657 GU:3    +
   92   120  0   0.0%   0.488 AU:3    +
   26   135  0   0.0%   0.658 UA:3    +
   25   145  0   0.0%   0.996 GC:3    +
   26   144  0   0.0%   1.318 UG:3    +
   34    85  0   0.0%   0.143 GU:3    +
   18    95  0   0.0%   0.114 UA:3    +
   21   136  0   0.0%   0.417 GU:3    +
   18   149  0   0.0%   0.353 UA:3    +
   87   157  0   0.0%   0.385 AU:3    +
   90   139  0   0.0%   0.741 AU:3    +
   19    94  0   0.0%   0.224 UA:3    +
   64   142  0   0.0%   1.173 GC:3    +
   58   148  0   0.0%   0.839 GU:3    +
   15    89  0   0.0%   0.142 GC:3    +
   14    90  0   0.0%   0.047 UA:3    +
   47    64  0   0.0%   0.220 CG:3    +
   99   130  0   0.0%   0.600 GU:3    +
    4   157  0   0.0%   0.351 GU:3    +
  128   141  0   0.0%   1.574 UG:3    +
   18    96  0   0.0%   0.108 UG:3    +
   17    97  0   0.0%   0.102 UA:3    +
   13    91  0   0.0%   0.003 UG:3    +
  100   127  0   0.0%   0.472 AU:3    +
   17    64  0   0.0%   0.053 UG:3    +
  140   158  0   0.0%   0.819 UA:3    +
  120   143  1   0.0%   1.134 UG:1    UA:1    +
  149   157  0   0.0%   0.357 AU:3    +
   23    60  0   0.0%   0.339 UG:3    +
   33    57  0   0.0%   0.382 GC:3    +
  139   159  0   0.0%   0.678 UA:3    +
   38    62  1   0.0%   0.042 GC:1    UA:1    +
   26    87  0   0.0%   0.282 UA:3    +
  141   153  0   0.0%   1.537 GU:3    +
   63    71  0   0.0%   0.327 AU:3    +
  148   158  0   0.0%   0.523 UA:3    +
   99   128  0   0.0%   0.711 GU:3    +
   59    63  0   0.0%   0.483 UA:3    +
   19    92  0   0.0%   0.220 UA:3    +
   20    91  0   0.0%   0.135 UG:3    +
    6    13  0   0.0%   0.002 AU:3    +
   64    70  0   0.0%   0.131 GU:3    +
  119   144  0   0.0%   0.777 CG:3    +
   27   143  1   0.0%   1.230 CG:1    GU:1    +
  150   154  0   0.0%   0.533 GU:3    +
   63   139  0   0.0%   0.387 AU:3    +
  141   157  0   0.0%   1.491 GU:3    +
   48    53  0   0.0%   0.342 UG:3    +
   12    92  0   0.0%   0.004 UA:3    +
   69    75  0   0.0%   0.017 GC:3    +
   86    99  0   0.0%   0.186 CG:3    +
  134   143  1   0.0%   1.272 UG:1    UA:1    +
  127   158  0   0.0%   0.817 UA:3    +
   93    98  0   0.0%   0.470 CG:3    +
  140   149  0   0.0%   0.957 UA:3    +
   18    94  0   0.0%   0.114 UA:3    +
  127   141  0   0.0%   1.943 UG:3    +
  138   160  1   0.0%   0.937 GC:1    GU:1    +
  132   150  0   0.0%   0.553 CG:3    +
   25    88  0   0.0%   0.282 GU:3    +
  117   125  0   0.0%   0.505 UA:3    +
   63    82  0   0.0%   0.342 AU:3    +
   85    90  0   0.0%   0.575 UA:3    +
   89    98  0   0.0%   0.640 CG:3    +
   64    81  0   0.0%   0.148 GC:3    +
    2   143  1   0.0%   0.007 UG:1    UA:1    +
  122   136  1   0.0%   0.286 GU:1    AU:1    +
   86    98  0   0.0%   0.186 CG:3    +
   16    98  0   0.0%   0.146 CG:3    +
   17    95  0   0.0%   0.108 UA:3    +
  141   148  0   0.0%   1.792 GU:3    +
   70    74  0   0.0%   0.022 UA:3    +
   84    91  0   0.0%   0.646 UG:3    +
   85   100  0   0.0%   0.206 UA:3    +
   20    99  0   0.0%   0.148 UG:3    +
    5   150  0   0.0%   0.107 CG:3    +
   99   124  0   0.0%   0.553 GC:3    +
   20   158  0   0.0%   0.565 UA:3    +
  133   149  0   0.0%   0.601 UA:3    +
   93   150  0   0.0%   0.741 CG:3    +
   17   141  0   0.0%   0.484 UG:3    +
    7    15  0   0.0%   0.048 CG:3    +
   88   141  0   0.0%   1.476 UG:3    +
   98   129  0   0.0%   0.368 GU:3    +
    4   151  0   0.0%   0.107 GU:3    +
   92   151  0   0.0%   0.998 AU:3    +
  131   158  0   0.0%   0.522 UA:3    +
   16    25  0   0.0%   0.151 CG:3    +
  151   158  0   0.0%   0.279 UA:3    +
   19   159  0   0.0%   0.412 UA:3    +
   65   139  0   0.0%   0.444 AU:3    +
  139   150  0   0.0%   0.735 UG:3    +
   64   140  0   0.0%   0.444 GU:3    +
   19   100  0   0.0%   0.239 UA:3    +
   25    61  0   0.0%   0.603 GC:3    +
   16    64  0   0.0%   0.138 CG:3    +
  129   144  0   0.0%   1.069 UG:3    +
   15    26  0   0.0%   0.142 GU:3    +
   49    84  0   0.0%   0.043 AU:3    +
   26    60  0   0.0%   0.601 UG:3    +
   59    65  0   0.0%   0.273 UA:3    +
    5    25  0   0.0%   0.050 CG:3    +
   87   133  0   0.0%   0.196 AU:3    +
   18    90  0   0.0%   0.107 UA:3    +
  130   159  0   0.0%   0.409 UA:3    +
    6    24  0   0.0%   0.046 AU:3    +
   10    19  0   0.0%   0.003 AU:3    +
   98   127  0   0.0%   0.231 GU:3    +
    4    26  0   0.0%   0.051 GU:3    +
  143   148  1   0.0%   1.479 GU:1    AU:1    +
   97   117  0   0.0%   0.017 AU:3    +
   21   140  0   0.0%   0.439 GU:3    +
   10   157  0   0.0%   0.325 AU:3    +
   85    99  0   0.0%   0.207 UG:3    +
   58    66  0   0.0%   0.445 GU:3    +
   25   139  0   0.0%   0.666 GU:3    +
   92   140  0   0.0%   1.072 AU:3    +
   12   150  0   0.0%   0.203 UG:3    +
  133   150  0   0.0%   0.473 UG:3    +
   10    55  0   0.0%   0.017 AU:3    +
   55    78  0   0.0%   0.028 UA:3    +
   90   136  0   0.0%   0.835 AU:3    +
  119   141  0   0.0%   0.972 CG:3    +
   97   130  0   0.0%   0.147 AU:3    +
   17   144  0   0.0%   1.063 UG:3    +
   58   123  0   0.0%   0.494 GC:3    +
   15    67  0   0.0%   0.140 GC:3    +
  143   151  1   0.0%   1.228 GU:1    AU:1    +
  131   141  0   0.0%   1.638 UG:3    +
   55   149  0   0.0%   0.259 UA:3    +
   17    91  0   0.0%   0.106 UG:3    +
    7   141  0   0.0%   0.053 CG:3    +
   17   135  0   0.0%   0.112 UA:3    +
  120   125  0   0.0%   0.083 UA:3    +
   55    95  0   0.0%   0.407 UA:3    +
   16   102  0   0.0%   0.146 CG:3    +
   42    58  0   0.0%   0.396 CG:3    +
   18   135  0   0.0%   0.123 UA:3    +
   95   131  0   0.0%   0.899 AU:3    +
   14   125  0   0.0%   0.055 UA:3    +
   64    93  0   0.0%   0.870 GC:3    +
   34    59  0   0.0%   0.157 GU:3    +
   59   122  1   0.0%   0.338 UG:1    UA:1    +
  128   143  1   0.0%   1.418 UG:1    UA:1    +
   15   124  0   0.0%   0.149 GC:3    +
   84   100  0   0.0%   0.034 UA:3    +
   25    32  0   0.0%   0.015 GC:3    +
  129   143  1   0.0%   1.430 UG:1    UA:1    +
   19    97  0   0.0%   0.222 UA:3    +
   69    76  0   0.0%   0.005 GC:3    +
   88   125  0   0.0%   0.563 UA:3    +
   14    63  0   0.0%   0.049 UA:3    +
  136   143  1   0.0%   1.660 UG:1    UA:1    +
   53    59  0   0.0%   0.399 GU:3    +
    2   144  0   0.0%   0.007 UG:3    +
   21   132  0   0.0%   0.408 GC:3    +
   20    95  0   0.0%   0.142 UA:3    +
   18   159  0   0.0%   0.200 UA:3    +
   26    31  0   0.0%   0.003 UA:3    +
    2   125  0   0.0%   0.005 UA:3    +
   19   158  0   0.0%   0.452 UA:3    +
   14    68  0   0.0%   0.045 UA:3    +
   19   125  0   0.0%   0.233 UA:3    +
   48    87  0   0.0%   0.130 UA:3    +
   15   103  0   0.0%   0.149 GU:3    +
   20    92  0   0.0%   0.127 UA:3    +
  104   111  0   0.0%   0.001 UG:3    +
    8   138  1   0.0%   0.003 UG:1    UA:1    +
  116   122  1   0.0%   0.427 CG:1    UA:1    +
    2    90  0   0.0%   0.005 UA:3    +
   14   135  0   0.0%   0.061 UA:3    +
   18    98  0   0.0%   0.108 UG:3    +
  118   139  0   0.0%   0.221 AU:3    +
   41    59  0   0.0%   0.077 AU:3    +
   65   136  0   0.0%   0.434 AU:3    +
   32    60  0   0.0%   0.324 CG:3    +
   89   144  0   0.0%   1.382 CG:3    +
   60   124  0   0.0%   0.899 GC:3    +
   43    50  0   0.0%   0.307 AU:3    +
   50    60  0   0.0%   0.586 UG:3    +
   13   158  0   0.0%   0.873 UA:3    +
   66   135  0   0.0%   0.218 UA:3    +
   12   143  1   0.0%   0.015 UG:1    UA:1    +
    3    18  0   0.0%   0.042 AU:3    +
   66    92  0   0.0%   0.622 UA:3    +
  123   150  0   0.0%   0.193 CG:3    +
   67    91  0   0.0%   0.644 CG:3    +
   19   149  0   0.0%   0.565 UA:3    +
  144   148  0   0.0%   1.114 GU:3    +
  139   143  1   0.0%   1.625 UG:1    UA:1    +
   95   140  0   0.0%   1.097 AU:3    +
   59   125  0   0.0%   0.343 UA:3    +
   63    84  0   0.0%   0.330 AU:3    +
   19    87  0   0.0%   0.208 UA:3    +
   97   136  0   0.0%   0.450 AU:3    +
  103   112  0   0.0%   0.001 UA:3    +
    9    96  0   0.0%   0.017 CG:3    +
   18   150  0   0.0%   0.223 UG:3    +
   10    26  0   0.0%   0.016 AU:3    +
    7    98  0   0.0%   0.038 CG:3    +
   18   125  0   0.0%   0.116 UA:3    +
   59   135  0   0.0%   0.352 UA:3    +
   17   150  0   0.0%   0.593 UG:3    +
    6   155  0   0.0%   0.239 AU:3    +
  150   157  0   0.0%   0.242 GU:3    +
   55    92  0   0.0%   0.408 UA:3    +
   12   159  0   0.0%   0.228 UA:3    +
   33    51  0   0.0%   0.319 GC:3    +
  122   151  1   0.0%   0.199 GU:1    AU:1    +
    2    10  0   0.0%   0.001 UA:3    +
  102   123  0   0.0%   0.069 GC:3    +
   97   129  0   0.0%   0.321 AU:3    +
  118   127  0   0.0%   0.123 AU:3    +
   13    25  0   0.0%   0.015 UG:3    +
   25   123  0   0.0%   0.646 GC:3    +
   88   122  1   0.0%   0.558 UG:1    UA:1    +
   26   122  1   0.0%   0.642 UG:1    UA:1    +
  112   117  0   0.0%   0.499 AU:3    +
  117   122  1   0.0%   0.498 UG:1    UA:1    +
  103   122  1   0.0%   0.005 UG:1    UA:1    +
   96   130  0   0.0%   0.235 GU:3    +
   33    61  0   0.0%   0.441 GC:3    +
   18    97  0   0.0%   0.107 UA:3    +
  141   154  0   0.0%   1.780 GU:3    +
   13    64  0   0.0%   0.002 UG:3    +
  130   144  0   0.0%   1.044 UG:3    +
   55    91  0   0.0%   0.608 UG:3    +
   86    96  0   0.0%   0.231 CG:3    +
   55    90  0   0.0%   0.395 UA:3    +
   12    65  0   0.0%   0.003 UA:3    +
   17    94  0   0.0%   0.108 UA:3    +
   18    87  0   0.0%   0.099 UA:3    +
   24   135  0   0.0%   0.711 UA:3    +
   64    88  0   0.0%   0.608 GU:3    +
   85    97  0   0.0%   0.204 UA:3    +
    6   154  0   0.0%   0.492 AU:3    +
   58   142  0   0.0%   1.236 GC:3    +
   23    63  0   0.0%   0.321 UA:3    +
  106   115  0   0.0%   0.105 AU:3    +
   57   144  0   0.0%   0.954 CG:3    +
   63   129  0   0.0%   0.366 AU:3    +
  150   155  0   0.0%   0.274 GU:3    +
   58   136  0   0.0%   0.502 GU:3    +
   53    93  0   0.0%   0.941 GC:3    +
   91   133  0   0.0%   1.289 GU:3    +
   90   153  0   0.0%   0.874 AU:3    +
   21   123  0   0.0%   0.403 GC:3    +
   66    79  0   0.0%   0.043 UA:3    +
   30    55  0   0.0%   0.204 GU:3    +
   17    87  0   0.0%   0.091 UA:3    +
   59   141  0   0.0%   1.125 UG:3    +
   84    90  0   0.0%   0.459 UA:3    +
   69    93  0   0.0%   0.457 GC:3    +
   70    92  0   0.0%   0.439 UA:3    +
   59    95  0   0.0%   0.703 UA:3    +
   10    18  0   0.0%   0.003 AU:3    +
   64   124  0   0.0%   0.424 GC:3    +
    4    13  0   0.0%   0.002 GU:3    +
   60    70  0   0.0%   0.757 GU:3    +
  135   155  0   0.0%   0.875 AU:3    +
   25   132  0   0.0%   0.649 GC:3    +
   50    87  0   0.0%   0.265 UA:3    +
   23   135  0   0.0%   0.389 UA:3    +
   58   124  0   0.0%   0.498 GC:3    +
   65   127  0   0.0%   0.422 AU:3    +
   64   128  0   0.0%   0.420 GU:3    +
   20   122  1   0.0%   0.139 UG:1    UA:1    +
   22    34  0   0.0%   0.092 CG:3    +
   95   117  0   0.0%   0.375 AU:3    +
   21   157  0   0.0%   0.909 GU:3    +
   14   158  0   0.0%   0.835 UA:3    +
   14   100  0   0.0%   0.054 UA:3    +
   98   128  0   0.0%   0.383 GU:3    +
   15   148  0   0.0%   1.118 GU:3    +
   13   159  0   0.0%   0.833 UA:3    +
   89    99  0   0.0%   0.639 CG:3    +
   33    42  0   0.0%   0.000 GC:3    +
  125   151  0   0.0%   0.740 AU:3    +
   94   139  0   0.0%   0.976 AU:3    +
   17    98  0   0.0%   0.101 UG:3    +
   18   158  0   0.0%   0.239 UA:3    +
   12    96  0   0.0%   0.003 UG:3    +
   58    86  0   0.0%   0.431 GC:3    +
  111   132  0   0.0%   0.382 GC:3    +
  112   131  0   0.0%   0.376 AU:3    +
   55    65  0   0.0%   0.137 UA:3    +
   14   149  0   0.0%   0.876 UA:3    +
   10   153  0   0.0%   0.367 AU:3    +
  124   144  0   0.0%   1.417 CG:3    +
  125   154  0   0.0%   1.022 AU:3    +
    3    12  0   0.0%   0.000 AU:3    +
   21   121  0   0.0%   0.402 GC:3    +
    3    14  0   0.0%   0.000 AU:3    +
    2    94  0   0.0%   0.005 UA:3    +
   23   144  0   0.0%   1.068 UG:3    +
   88    99  0   0.0%   0.567 UG:3    +
  110   133  0   0.0%   0.359 AU:3    +
   98   136  0   0.0%   0.495 GU:3    +
   20   159  0   0.0%   0.525 UA:3    +
  111   123  0   0.0%   0.078 GC:3    +
    3   151  0   0.0%   0.045 AU:3    +
   97   115  0   0.0%   0.016 AU:3    +
   24    63  0   0.0%   0.635 UA:3    +
   48    58  0   0.0%   0.503 UG:3    +
   21    57  0   0.0%   0.094 GC:3    +
   20    65  0   0.0%   0.192 UA:3    +
  127   143  1   0.0%   1.787 UG:1    UA:1    +
   88   100  0   0.0%   0.565 UA:3    +
  128   149  0   0.0%   0.562 UA:3    +
   91   145  0   0.0%   1.641 GC:3    +
   99   127  0   0.0%   0.558 GU:3    +
   99   115  0   0.0%   0.011 GU:3    +
   63   151  0   0.0%   0.453 AU:3    +
   13    69  0   0.0%   0.001 UG:3    +
   91   155  0   0.0%   1.382 GU:3    +
   17    21  0   0.0%   0.135 UG:3    +
   63   131  0   0.0%   0.366 AU:3    +
   60    67  0   0.0%   0.758 GC:3    +
   32    64  0   0.0%   0.091 CG:3    +
   71    91  0   0.0%   0.661 UG:3    +
   28    58  0   0.0%   0.565 CG:3    +
   60   121  0   0.0%   0.893 GC:3    +
   84    98  0   0.0%   0.036 UG:3    +
  133   158  0   0.0%   0.497 UA:3    +
   23    92  0   0.0%   0.030 UA:3    +
   64   123  0   0.0%   0.420 GC:3    +
   63   130  0   0.0%   0.365 AU:3    +
   24    33  0   0.0%   0.012 UG:3    +
   60   123  0   0.0%   0.894 GC:3    +
   68    85  0   0.0%   0.136 AU:3    +
  143   155  1   0.0%   1.200 GU:1    AU:1    +
   41    55  0   0.0%   0.038 AU:3    +
    1   122  1   0.0%   0.001 CG:1    UA:1    +
   65   140  0   0.0%   0.446 AU:3    +
   98   114  0   0.0%   0.012 GC:3    +
   92   154  0   0.0%   1.291 AU:3    +
   50    64  0   0.0%   0.317 UG:3    +
   85    95  0   0.0%   0.565 UA:3    +
   63   155  0   0.0%   0.480 AU:3    +
  103   125  0   0.0%   0.010 UA:3    +
   58   132  0   0.0%   0.496 GC:3    +
   48    65  0   0.0%   0.203 UA:3    +
    6   157  0   0.0%   0.206 AU:3    +
   10    23  0   0.0%   0.006 AU:3    +
    9    58  0   0.0%   0.054 CG:3    +
   96   131  0   0.0%   0.415 GU:3    +
   17    99  0   0.0%   0.101 UG:3    +
   59    68  0   0.0%   0.163 UA:3    +
   82    95  0   0.0%   0.390 UA:3    +
   57    69  0   0.0%   0.286 CG:3    +
   72    90  0   0.0%   0.560 UA:3    +
   58    67  0   0.0%   0.415 GC:3    +
   16    99  0   0.0%   0.145 CG:3    +
  122   146  1   0.0%   0.582 GU:1    UA:1    +
   49    88  0   0.0%   0.364 AU:3    +
   33    59  0   0.0%   0.160 GU:3    +
  127   149  0   0.0%   0.931 UA:3    +
   10   136  0   0.0%   0.016 AU:3    +
   23    33  0   0.0%   0.012 UG:3    +
  110   117  0   0.0%   0.496 AU:3    +
  135   153  0   0.0%   0.890 AU:3    +
  127   150  0   0.0%   0.804 UG:3    +
   12    95  0   0.0%   0.003 UA:3    +
    3   133  0   0.0%   0.044 AU:3    +
   29    53  0   0.0%   0.406 UG:3    +
  111   124  0   0.0%   0.119 GC:3    +
   34    86  0   0.0%   0.144 GC:3    +
    6    12  0   0.0%   0.000 AU:3    +
   68   128  0   0.0%   0.005 AU:3    +
   25   140  0   0.0%   0.667 GU:3    +
   94   133  0   0.0%   0.900 AU:3    +
   63   128  0   0.0%   0.365 AU:3    +
   24    91  0   0.0%   0.354 UG:3    +
   13   135  0   0.0%   0.016 UA:3    +
    4    12  0   0.0%   0.002 GU:3    +
   93   144  0   0.0%   1.359 CG:3    +
   55   135  0   0.0%   0.055 UA:3    +
    2    91  0   0.0%   0.005 UG:3    +
  133   144  0   0.0%   1.096 UG:3    +
   63   136  0   0.0%   0.377 AU:3    +
   60   140  0   0.0%   0.912 GU:3    +
   18   144  0   0.0%   0.735 UG:3    +
   64   139  0   0.0%   0.440 GU:3    +
   82   149  0   0.0%   0.242 UA:3    +
   81   150  0   0.0%   0.109 CG:3    +
  114   150  0   0.0%   0.092 CG:3    +
    9   111  0   0.0%   0.017 CG:3    +
   24   141  0   0.0%   1.473 UG:3    +
  141   155  0   0.0%   1.522 GU:3    +
   10    17  0   0.0%   0.043 AU:3    +
   23    87  0   0.0%   0.019 UA:3    +
  115   149  0   0.0%   0.323 UA:3    +
   88   158  0   0.0%   0.784 UA:3    +
    3    13  0   0.0%   0.000 AU:3    +
   84   143  1   0.0%   1.082 UG:1    UA:1    +
   69   127  0   0.0%   0.006 GU:3    +
   55    64  0   0.0%   0.150 UG:3    +
   18   122  1   0.0%   0.115 UG:1    UA:1    +
   80   151  0   0.0%   0.105 AU:3    +
    4   132  0   0.0%   0.088 GC:3    +
   94   155  0   0.0%   1.008 AU:3    +
    9    91  0   0.0%   0.017 CG:3    +
   95   154  0   0.0%   1.240 AU:3    +
  124   150  0   0.0%   0.795 CG:3    +
  118   128  0   0.0%   0.303 AU:3    +
   23   122  1   0.0%   0.374 UG:1    UA:1    +
   16    60  0   0.0%   0.174 CG:3    +
   13    94  0   0.0%   0.002 UA:3    +
  135   154  0   0.0%   1.130 AU:3    +
   31   139  0   0.0%   0.565 AU:3    +
   15    61  0   0.0%   0.177 GC:3    +
   93    99  0   0.0%   0.468 CG:3    +
  115   122  1   0.0%   0.106 UG:1    UA:1    +
   90   154  0   0.0%   1.114 AU:3    +
   43    48  0   0.0%   0.184 AU:3    +
   63   127  0   0.0%   0.365 AU:3    +
   30   140  0   0.0%   0.558 GU:3    +
    2   135  0   0.0%   0.005 UA:3    +
   22    98  0   0.0%   0.447 CG:3    +
    2   122  1   0.0%   0.005 UG:1    UA:1    +
   17   159  0   0.0%   0.570 UA:3    +
   96   120  0   0.0%   0.080 GU:3    +
   60    76  0   0.0%   0.771 GC:3    +
   59    78  0   0.0%   0.175 UA:3    +
   57    96  0   0.0%   0.348 CG:3    +
  102   124  0   0.0%   0.110 GC:3    +
   21   133  0   0.0%   0.406 GU:3    +
   17   122  1   0.0%   0.104 UG:1    UA:1    +
   64   154  0   0.0%   0.787 GU:3    +
   60    77  1   0.0%   0.770 GC:1    GU:1    +
  143   153  1   0.0%   1.214 GU:1    AU:1    +
    2    95  0   0.0%   0.005 UA:3    +
  136   149  0   0.0%   0.800 UA:3    +
   65   153  0   0.0%   0.548 AU:3    +
   30   132  0   0.0%   0.541 GC:3    +
  118   148  0   0.0%   0.344 AU:3    +
   66    90  0   0.0%   0.642 UA:3    +
    3   140  0   0.0%   0.044 AU:3    +
   70    78  0   0.0%   0.009 UA:3    +
   55    87  0   0.0%   0.043 UA:3    +
   31    84  0   0.0%   0.227 AU:3    +
   19   122  1   0.0%   0.231 UG:1    UA:1    +
   63   157  0   0.0%   0.443 AU:3    +
   98   131  0   0.0%   0.461 GU:3    +
   84   141  0   0.0%   0.822 UG:3    +
   98   142  0   0.0%   1.040 GC:3    +
   23    97  0   0.0%   0.381 UA:3    +
   42    69  0   0.0%   0.031 CG:3    +
  128   144  0   0.0%   1.056 UG:3    +
   41    70  0   0.0%   0.018 AU:3    +
   91   153  0   0.0%   1.383 GU:3    +
   71   125  0   0.0%   0.041 UA:3    +
   20    58  0   0.0%   0.041 UG:3    +
   30    50  0   0.0%   0.000 GU:3    +
   17   125  0   0.0%   0.105 UA:3    +
  117   149  0   0.0%   0.716 UA:3    +
   24    60  0   0.0%   0.653 UG:3    +
  122   147  1   0.0%   0.644 GC:1    UA:1    +
    2   141  0   0.0%   0.005 UG:3    +
   66    78  0   0.0%   0.031 UA:3    +
  125   148  0   0.0%   0.994 AU:3    +
   31   131  0   0.0%   0.548 AU:3    +
   19    96  0   0.0%   0.221 UG:3    +
   10   129  0   0.0%   0.016 AU:3    +
   69    73  0   0.0%   0.018 GC:3    +
   26    91  0   0.0%   0.300 UG:3    +
   22    64  0   0.0%   0.465 CG:3    +
  131   144  0   0.0%   1.118 UG:3    +
   65   133  0   0.0%   0.428 AU:3    +
   94   120  0   0.0%   0.410 AU:3    +
    6   148  0   0.0%   0.097 AU:3    +
   19   150  0   0.0%   0.434 UG:3    +
   86   144  0   0.0%   0.887 CG:3    +
   88   159  0   0.0%   0.744 UA:3    +
  131   159  0   0.0%   0.479 UA:3    +
   24    87  0   0.0%   0.333 UA:3    +
    2    25  0   0.0%   0.001 UG:3    +
  149   154  0   0.0%   0.645 AU:3    +
   14    25  0   0.0%   0.058 UG:3    +
   63   154  0   0.0%   0.733 AU:3    +
   13   125  0   0.0%   0.009 UA:3    +
   64   130  0   0.0%   0.420 GU:3    +
   64   129  0   0.0%   0.420 GU:3    +
  118   129  0   0.0%   0.304 AU:3    +
  127   144  0   0.0%   1.425 UG:3    +
  144   154  0   0.0%   1.101 GU:3    +
    5    99  0   0.0%   0.086 CG:3    +
   12   158  0   0.0%   0.267 UA:3    +
    2    21  0   0.0%   0.000 UG:3    +
   60   139  0   0.0%   0.911 GU:3    +
   10   128  0   0.0%   0.016 AU:3    +
    2    92  0   0.0%   0.005 UA:3    +
   65   129  0   0.0%   0.422 AU:3    +
   72    80  0   0.0%   0.143 UA:3    +
   94   154  0   0.0%   1.263 AU:3    +
  104   110  0   0.0%   0.000 UA:3    +
   65   128  0   0.0%   0.422 AU:3    +
    2    87  0   0.0%   0.004 UA:3    +
   95   153  0   0.0%   1.000 AU:3    +
    1   143  1   0.0%   0.001 UG:1    UA:1    +
   58    77  1   0.0%   0.428 GC:1    GU:1    +
   20   149  0   0.0%   0.676 UA:3    +
   24   158  0   0.0%   0.811 UA:3    +
    9    99  0   0.0%   0.017 CG:3    +
    4   139  0   0.0%   0.088 GU:3    +
   26    58  0   0.0%   0.640 UG:3    +
   23   141  0   0.0%   1.150 UG:3    +
   34    81  0   0.0%   0.140 GC:3    +
   33    82  0   0.0%   0.142 GU:3    +
   60   132  0   0.0%   0.896 GC:3    +
   10    72  0   0.0%   0.016 AU:3    +
   25   148  0   0.0%   1.005 GU:3    +
   47    58  0   0.0%   0.523 CG:3    +
   25   157  0   0.0%   0.736 GU:3    +
   15   157  0   0.0%   0.894 GU:3    +
   85   143  1   0.0%   1.254 UG:1    UA:1    +
   91   119  0   0.0%   0.698 GC:3    +
   29    49  0   0.0%   0.000 UA:3    +
    7   111  0   0.0%   0.038 CG:3    +
   59    64  0   0.0%   0.287 UG:3    +
   63   153  0   0.0%   0.493 AU:3    +
    2   150  0   0.0%   0.010 UG:3    +
  125   155  0   0.0%   0.766 AU:3    +
  100   133  0   0.0%   0.812 AU:3    +
   29    63  0   0.0%   0.504 UA:3    +
   23   125  0   0.0%   0.379 UA:3    +
   34    50  0   0.0%   0.333 GU:3    +
   30    48  0   0.0%   0.000 GU:3    +
   60    84  0   0.0%   0.771 GU:3    +
    2     6  0   0.0%   0.000 UA:3    +
   10   139  0   0.0%   0.024 AU:3    +
  148   159  0   0.0%   0.478 UA:3    +
    3    24  0   0.0%   0.043 AU:3    +
    2    15  0   0.0%   0.000 UG:3    +
   90   120  0   0.0%   0.443 AU:3    +
  115   125  0   0.0%   0.112 UA:3    +
    3   128  0   0.0%   0.043 AU:3    +
    4   114  0   0.0%   0.088 GC:3    +
   21   119  0   0.0%   0.402 GC:3    +
  136   158  0   0.0%   0.755 UA:3    +
   95   148  0   0.0%   1.212 AU:3    +
   15   139  0   0.0%   0.157 GU:3    +
    3   129  0   0.0%   0.043 AU:3    +
   23   159  0   0.0%   0.472 UA:3    +
    3   131  0   0.0%   0.043 AU:3    +
    3   130  0   0.0%   0.043 AU:3    +
   96   136  0   0.0%   0.529 GU:3    +
   20   100  0   0.0%   0.145 UA:3    +
  129   149  0   0.0%   0.575 UA:3    +
   69   132  0   0.0%   0.011 GC:3    +
   68   133  0   0.0%   0.007 AU:3    +
   41    50  0   0.0%   0.218 AU:3    +
    4   124  0   0.0%   0.088 GC:3    +
   14   106  0   0.0%   0.053 UA:3    +
   90   157  0   0.0%   0.830 AU:3    +
   87   153  0   0.0%   0.433 AU:3    +
    9    30  0   0.0%   0.017 CG:3    +
    3   115  0   0.0%   0.043 AU:3    +
    7    25  0   0.0%   0.001 CG:3    +
   20    96  0   0.0%   0.128 UG:3    +
   15   105  0   0.0%   0.149 GC:3    +
   53    66  0   0.0%   0.582 GU:3    +
   25    59  0   0.0%   0.320 GU:3    +
   13   150  0   0.0%   0.810 UG:3    +
    3   127  0   0.0%   0.043 AU:3    +
   10    29  0   0.0%   0.016 AU:3    +
   24   149  0   0.0%   0.925 UA:3    +
  122   153  1   0.0%   0.240 GU:1    AU:1    +
    6    26  0   0.0%   0.046 AU:3    +
   67   141  0   0.0%   0.814 CG:3    +
   65   130  0   0.0%   0.422 AU:3    +
    3    20  0   0.0%   0.042 AU:3    +
   48    64  0   0.0%   0.215 UG:3    +
  136   144  0   0.0%   1.294 UG:3    +
   17    68  0   0.0%   0.091 UA:3    +
  112   154  0   0.0%   0.378 AU:3    +
  140   144  0   0.0%   1.351 UG:3    +
   34    42  0   0.0%   0.000 GC:3    +
   84   135  0   0.0%   0.042 UA:3    +
   28    64  0   0.0%   0.292 CG:3    +
    9    98  0   0.0%   0.017 CG:3    +
   15    20  0   0.0%   0.053 GU:3    +
   90   151  0   0.0%   0.834 AU:3    +
  111   155  0   0.0%   0.129 GU:3    +
   30    88  0   0.0%   0.203 GU:3    +
   87   155  0   0.0%   0.420 AU:3    +
   30   142  0   0.0%   1.281 GC:3    +
   95   151  0   0.0%   0.957 AU:3    +
  139   149  0   0.0%   0.864 UA:3    +
  111   120  0   0.0%   0.078 GU:3    +
   29   143  1   0.0%   1.548 UG:1    UA:1    +
  102   121  0   0.0%   0.067 GC:3    +
   66    80  0   0.0%   0.043 UA:3    +
   28   144  0   0.0%   1.194 CG:3    +
  125   157  0   0.0%   0.725 AU:3    +
   66    94  0   0.0%   0.602 UA:3    +
    3    19  0   0.0%   0.042 AU:3    +
   48    68  0   0.0%   0.126 UA:3    +
   24    96  0   0.0%   0.752 UG:3    +
  120   141  0   0.0%   0.981 UG:3    +
   53   142  0   0.0%   1.306 GC:3    +
  118   130  0   0.0%   0.168 AU:3    +
  139   158  0   0.0%   0.720 UA:3    +
    4   123  0   0.0%   0.088 GC:3    +
   20    38  1   0.0%   0.004 UG:1    UA:1    +
  117   135  0   0.0%   0.629 UA:3    +
   62    91  1   0.5%   0.720 CG:2    +
   33    62  1   0.4%   0.204 GC:2    +
  123   138  1   0.4%   0.332 CG:2    +
    1   158  1   0.3%   0.168 UA:2    +
   41    54  1   0.3%   0.054 AU:2    +
   45    57  1   0.3%   0.322 GC:2    +
   21    62  1   0.2%   0.425 GC:2    +
   54    80  1   0.2%   0.372 UA:2    +
   51    83  1   0.2%   0.365 CG:2    +
  126   131  1   0.2%   0.436 AU:2    +
  125   134  1   0.2%   0.174 AU:2    +
   11    23  1   0.2%   0.036 AU:2    +
   22   138  1   0.2%   0.527 CG:2    +
   12   146  1   0.2%   0.048 UA:2    +
  126   133  1   0.2%   0.424 AU:2    +
  126   134  1   0.1%   0.192 AU:2    +
    9   138  1   0.1%   0.041 CG:2    +
   10   137  1   0.1%   0.038 AU:2    +
   11   136  1   0.1%   0.037 AU:2    +
  134   158  1   0.1%   0.364 UA:2    +
   97   134  1   0.1%   0.307 AU:2    +
  126   130  1   0.1%   0.210 AU:2    +
   93   152  1   0.1%   0.745 CG:2    +
  136   156  1   0.1%   0.890 UA:2    +
    7   152  1   0.1%   0.126 CG:2    +
   83    93  1   0.1%   0.504 GC:2    +
   11   139  1   0.1%   0.040 AU:2    +
   89   138  1   0.1%   0.719 CG:2    +
  138   142  1   0.1%   1.692 GC:2    +
  126   140  1   0.0%   1.236 AU:2    +
   19   126  1   0.0%   0.241 UA:2    +
   83    89  1   0.0%   0.656 GC:2    +
   11   153  1   0.0%   0.279 AU:2    +
   58    62  1   0.0%   0.461 GC:2    +
  130   156  1   0.0%   0.580 UA:2    +
   87   137  1   0.0%   0.321 AU:2    +
   53    62  1   0.0%   0.595 GC:2    +
   90   137  1   0.0%   0.736 AU:2    +
   36    57  1   0.0%   0.278 GC:2    +
   11   155  1   0.0%   0.270 AU:2    +
   11   154  1   0.0%   0.521 AU:2    +
   14   147  1   0.0%   1.200 UA:2    +
   88   126  1   0.0%   0.568 UA:2    +
  138   145  1   0.0%   1.264 GC:2    +
  145   152  1   0.0%   0.575 CG:2    +
   66    83  1   0.0%   0.049 UG:2    +
   11    19  1   0.0%   0.006 AU:2    +
  137   158  1   0.0%   0.647 UA:2    +
   87   134  1   0.0%   0.200 AU:2    +
    9   152  1   0.0%   0.085 CG:2    +
  139   156  1   0.0%   0.850 UA:2    +
   11    26  1   0.0%   0.018 AU:2    +
    7   138  1   0.0%   0.042 CG:2    +
   62    69  1   0.0%   0.049 CG:2    +
   62   141  1   0.0%   0.868 CG:2    +
   45    51  1   0.0%   0.211 GC:2    +
   27    53  1   0.0%   0.004 CG:2    +
   37    41  1   0.0%   0.004 UA:2    +
  103   126  1   0.0%   0.014 UA:2    +
  136   147  1   0.0%   1.116 UA:2    +
   90   134  1   0.0%   0.723 AU:2    +
   86   138  1   0.0%   0.252 CG:2    +
   39    54  1   0.0%   0.004 AU:2    +
  134   149  1   0.0%   0.412 UA:2    +
   23   126  1   0.0%   0.381 UA:2    +
  148   156  1   0.0%   0.651 UA:2    +
  146   151  1   0.0%   0.679 AU:2    +
    8   147  1   0.0%   0.004 UA:2    +
   39    55  1   0.0%   0.009 AU:2    +
   54    63  1   0.0%   0.653 UA:2    +
   88   156  1   0.0%   0.921 UA:2    +
  142   152  1   0.0%   0.949 CG:2    +
   43    54  1   0.0%   0.111 AU:2    +
   24   146  1   0.0%   1.143 UA:2    +
   54    95  1   0.0%   0.715 UA:2    +
  129   156  1   0.0%   0.598 UA:2    +
  147   157  1   0.0%   0.672 AU:2    +
  104   126  1   0.0%   0.014 UA:2    +
   31    54  1   0.0%   0.228 AU:2    +
  130   146  1   0.0%   0.804 UA:2    +
    8   158  1   0.0%   0.265 UA:2    +
   59   147  1   0.0%   0.913 UA:2    +
   12   156  1   0.0%   0.405 UA:2    +
   37    63  1   0.0%   0.412 UA:2    +
   11   157  1   0.0%   0.232 AU:2    +
   36    42  1   0.0%   0.001 GC:2    +
   11    18  1   0.0%   0.002 AU:2    +
   49    54  1   0.0%   0.021 AU:2    +
  116   126  1   0.0%   0.435 UA:2    +
  129   147  1   0.0%   0.890 UA:2    +
  131   156  1   0.0%   0.650 UA:2    +
   95   134  1   0.0%   0.743 AU:2    +
   92   137  1   0.0%   0.835 AU:2    +
   15    62  1   0.0%   0.140 GC:2    +
  119   138  1   0.0%   0.270 CG:2    +
   11    24  1   0.0%   0.025 AU:2    +
   18   126  1   0.0%   0.116 UA:2    +
   13   126  1   0.0%   0.010 UA:2    +
   11    54  1   0.0%   0.015 AU:2    +
   97   137  1   0.0%   0.348 AU:2    +
  131   146  1   0.0%   0.878 UA:2    +
   95   137  1   0.0%   0.966 AU:2    +
   27    58  1   0.0%   0.363 CG:2    +
   11   151  1   0.0%   0.187 AU:2    +
   57   138  1   0.0%   0.365 CG:2    +
   27   141  1   0.0%   1.009 CG:2    +
   23   147  1   0.0%   0.940 UA:2    +
   46    65  1   0.0%   0.122 UA:2    +
    1   126  1   0.0%   0.002 UA:2    +
  116   125  1   0.0%   0.433 UA:2    +
   54    79  1   0.0%   0.335 UA:2    +
    2   147  1   0.0%   0.007 UA:2    +
  117   126  1   0.0%   0.507 UA:2    +
    8    97  1   0.0%   0.001 UA:2    +
  128   156  1   0.0%   0.584 UA:2    +
  132   152  1   0.0%   0.544 CG:2    +
    2   146  1   0.0%   0.006 UA:2    +
  130   147  1   0.0%   0.866 UA:2    +
   18   147  1   0.0%   0.629 UA:2    +
   17   126  1   0.0%   0.105 UA:2    +
  120   126  1   0.0%   0.085 UA:2    +
    8   150  1   0.0%   0.196 UG:2    +
  133   156  1   0.0%   0.626 UA:2    +
   62   152  1   0.0%   0.192 CG:2    +
  127   156  1   0.0%   0.953 UA:2    +
   54    92  1   0.0%   0.716 UA:2    +
    1    63  1   0.0%   0.001 UA:2    +
    8    56  1   0.0%   0.000 UA:2    +
  140   147  1   0.0%   1.271 UA:2    +
  147   154  1   0.0%   0.961 AU:2    +
  127   147  1   0.0%   1.246 UA:2    +
  151   156  1   0.0%   0.407 UA:2    +
   19   146  1   0.0%   0.687 UA:2    +
  128   146  1   0.0%   0.815 UA:2    +
    8   159  1   0.0%   0.225 UA:2    +
  126   157  1   0.0%   0.733 AU:2    +
   11    66  1   0.0%   0.015 AU:2    +
  134   156  1   0.0%   0.472 UA:2    +
    1    11  1   0.0%   0.000 UA:2    +
  126   153  1   0.0%   0.789 AU:2    +
   11    17  1   0.0%   0.042 AU:2    +
  124   152  1   0.0%   0.786 CG:2    +
  126   148  1   0.0%   1.002 AU:2    +
   66   126  1   0.0%   0.208 UA:2    +
   63   137  1   0.0%   0.378 AU:2    +
  121   138  1   0.0%   0.273 CG:2    +
   54    94  1   0.0%   0.725 UA:2    +
    1   147  1   0.0%   0.002 UA:2    +
   20   126  1   0.0%   0.146 UA:2    +
  147   153  1   0.0%   0.719 AU:2    +
  146   155  1   0.0%   0.641 AU:2    +
   32    83  1   0.0%   0.003 CG:2    +
   92   134  1   0.0%   0.776 AU:2    +
   13   156  1   0.0%   1.010 UA:2    +
    1    95  1   0.0%   0.001 UA:2    +
    8   152  1   0.0%   0.201 UG:2    +
   32    36  1   0.0%   0.001 CG:2    +
   25    62  1   0.0%   0.296 GC:2    +
  115   126  1   0.0%   0.113 UA:2    +
   17   146  1   0.0%   0.841 UA:2    +
   27    60  1   0.0%   0.323 CG:2    +
    2    11  1   0.0%   0.000 UA:2    +
  129   146  1   0.0%   0.827 UA:2    +
   20   147  1   0.0%   0.993 UA:2    +
   20   156  1   0.0%   0.700 UA:2    +
    2   126  1   0.0%   0.005 UA:2    +
  128   147  1   0.0%   0.877 UA:2    +
   11    20  1   0.0%   0.006 AU:2    +
   83   148  1   0.0%   0.384 GU:2    +
   54    90  1   0.0%   0.703 UA:2    +
   63   134  1   0.0%   0.371 AU:2    +
  146   154  1   0.0%   0.899 AU:2    +
   84   147  1   0.0%   0.561 UA:2    +
  120   146  1   0.0%   0.548 UA:2    +
   32   138  1   0.0%   0.075 CG:2    +
   70   126  1   0.0%   0.025 UA:2    +
   18   146  1   0.0%   0.514 UA:2    +
  140   156  1   0.0%   0.946 UA:2    +
  127   146  1   0.0%   1.184 UA:2    +
   37    65  1   0.0%   0.184 UA:2    +
  121   152  1   0.0%   0.167 CG:2    +
    8   112  1   0.0%   0.001 UA:2    +
    3   134  1   0.0%   0.044 AU:2    +
   46    52  1   0.0%   0.230 UA:2    +
   61   138  1   0.0%   0.755 CG:2    +
   50    83  1   0.0%   0.261 UG:2    +
  147   155  1   0.0%   0.702 AU:2    +
   11   128  1   0.0%   0.015 AU:2    +
  139   146  1   0.0%   1.017 UA:2    +
    1   152  1   0.0%   0.004 UG:2    +
   85   146  1   0.0%   0.670 UA:2    +
    3     8  1   0.0%   0.000 AU:2    +
   54    65  1   0.0%   0.445 UA:2    +
   14   156  1   0.0%   0.972 UA:2    +
   12   126  1   0.0%   0.003 UA:2    +
   36    61  1   0.0%   0.373 GC:2    +
   16   138  1   0.0%   0.158 CG:2    +
   11   127  1   0.0%   0.015 AU:2    +
    1   125  1   0.0%   0.001 UA:2    +
    8    92  1   0.0%   0.000 UA:2    +
   32    45  1   0.0%   0.000 CG:2    +
    1   146  1   0.0%   0.002 UA:2    +
   39    72  1   0.0%   0.002 AU:2    +
   18   156  1   0.0%   0.376 UA:2    +
   89   152  1   0.0%   0.747 CG:2    +
   83   142  1   0.0%   0.791 GC:2    +
  126   151  1   0.0%   0.748 AU:2    +
   11    71  1   0.0%   0.015 AU:2    +
    1    92  1   0.0%   0.001 UA:2    +
  117   146  1   0.0%   0.970 UA:2    +
   19   156  1   0.0%   0.588 UA:2    +
   31    37  1   0.0%   0.000 AU:2    +
    1    10  1   0.0%   0.000 UA:2    +
    5   138  1   0.0%   0.086 CG:2    +
   55   147  1   0.0%   0.574 UA:2    +
    1   149  1   0.0%   0.002 UA:2    +
   17   147  1   0.0%   0.956 UA:2    +
  106   116  1   0.0%   0.425 AU:2    +
  123   152  1   0.0%   0.184 CG:2    +
  136   146  1   0.0%   1.051 UA:2    +
   11    55  1   0.0%   0.015 AU:2    +
   24   147  1   0.0%   1.240 UA:2    +
  106   134  1   0.0%   0.113 AU:2    +
   30    62  1   0.0%   0.216 GC:2    +
  126   154  1   0.0%   1.029 AU:2    +
    8   110  1   0.0%   0.000 UA:2    +
   54   149  1   0.0%   0.566 UA:2    +
   54   147  1   0.0%   0.882 UA:2    +
    4    62  1   0.0%   0.088 GC:2    +
   26   147  1   0.0%   1.189 UA:2    +
   36    62  1   0.0%   0.066 GC:2    +
   67   138  1   0.0%   0.092 CG:2    +
   10    54  1   0.0%   0.016 AU:2    +
   37    78  1   0.0%   0.108 UA:2    +
   54    87  1   0.0%   0.351 UA:2    +
  116   147  1   0.0%   0.960 UA:2    +
   55   146  1   0.0%   0.475 UA:2    +
   26   156  1   0.0%   0.896 UA:2    +
   19    39  1   0.0%   0.002 UA:2    +
    1     6  1   0.0%   0.000 UA:2    +
    4     8  1   0.0%   0.000 GU:2    +
  134   146  1   0.0%   0.662 UA:2    +
  114   152  1   0.0%   0.083 CG:2    +
   31    46  1   0.0%   0.000 AU:2    +
  126   155  1   0.0%   0.774 AU:2    +
  118   134  1   0.0%   0.114 AU:2    +
   11   134  1   0.0%   0.015 AU:2    +
    8    31  1   0.0%   0.000 UA:2    +
..((((((....((((....((.(((.((((.(((((.....)))))..))))..))).))..((.((((((.....)))))).)).........((((((((((.....))))))).)))...................))))....))))))......
