2 sequence; length of alignment 160
alifold output
   76   102  0  99.7%   0.024 GC:1    GU:1   
   18    33  0  99.6%   0.016 UG:1    UA:1   
   17    34  0  99.9%   0.008 GC:2   
   16    35  0  99.9%   0.009 UA:2   
   15    36  0  99.8%   0.011 CG:2   
   77   101  0  99.7%   0.023 GC:2   
   66   113  0  99.7%   0.033 CG:2   
   67   112  0  99.7%   0.020 AU:2   
   68   111  0  99.7%   0.020 AU:2   
   70   109  0  99.6%   0.022 UA:2   
   85    93  0  99.6%   0.031 UA:2   
   86    92  0  99.6%   0.033 CG:2   
   69   110  0  99.6%   0.032 UG:2   
   78   100  0  99.5%   0.044 UA:2   
   71   108  0  99.5%   0.040 GC:2   
   84    94  0  99.4%   0.060 CG:2   
   79    99  0  99.4%   0.055 UA:2   
   19    32  0  98.3%   0.056 CG:1    UG:1   
   74   105  0  99.2%   0.041 GC:2   
   80    98  0  98.9%   0.099 CG:2   
   75   103  0  98.7%   0.056 AU:2   
    2    47  0  98.3%   0.073 GC:2   
    3    46  0  98.3%   0.070 AU:2   
   73   106  0  98.0%   0.081 UA:2   
    8    41  0  97.7%   0.094 CG:2   
    7    42  1  97.0%   0.116 UA:1   
    6    43  0  94.2%   0.181 GC:1    GU:1   
   65   114  1  95.3%   0.166 AU:1   
    4    45  0  93.3%   0.207 UA:2   
  144   155  0  93.1%   0.463 GC:2   
  145   154  0  93.0%   0.468 UA:2   
   54   135  0  92.9%   0.242 CG:2   
   55   134  0  92.8%   0.241 UA:2   
  141   159  0  91.8%   0.529 GC:2   
   56   133  0  91.5%   0.259 AU:2   
   62   125  0  90.1%   0.350 CG:2   
  142   158  0  89.8%   0.562 UA:2   
   63   124  0  89.4%   0.325 AU:2   
   53   136  1  88.8%   0.348 AU:1   
  146   153  0  86.6%   0.625 UA:2   
    1    48  0  85.7%   0.415 UA:2   
   59   129  0  85.0%   0.447 AU:2   
   60   128  0  83.5%   0.668 CG:1    UG:1   
   23    29  0  83.6%   0.673 CG:2   
   20    31  0  78.8%   0.566 GC:1    GU:1   
  140   160  0  77.5%   0.839 AU:2   
   52   137  0  75.4%   0.700 AU:2   
   22    30  0  75.1%   1.217 UA:2   
   58   130  0  73.2%   0.722 CG:1    UG:1   
   14    37  0  72.5%   1.096 AU:2   
   64   115  0  64.2%   0.882 AU:2   
   11    38  0  53.7%   1.012 CG:2    +
   57   132  1  50.9%   1.424 UA:1   
   61   126  0  49.2%   1.106 UA:2    +
  143   156  0  47.6%   1.197 GU:2    +
  143   157  0  44.7%   1.550 GU:2   
   61   127  0  42.0%   1.694 UA:2   
   57   131  1  33.0%   1.125 UA:1    +
   64   123  0  26.6%   1.405 AU:1    --:1    +
   12    37  0  23.2%   1.023 AU:2    +
   21    30  1  23.3%   1.021 UA:1    +
   21    31  1  20.4%   1.503 GC:1    +
   82    96  0  17.2%   0.985 AU:2    +
   58   131  1  16.3%   1.507 UA:1    +
   50   138  0  15.6%   1.021 AU:2    +
   49   139  0  15.1%   1.002 GU:2    +
   22    29  0   9.5%   0.680 UG:2    +
   50   139  0   8.4%   1.325 AU:2    +
  116   125  0   7.1%   0.680 CG:2    +
   60   127  1   7.3%   0.597 UA:1    +
   57   135  0   5.7%   1.294 CG:1    UG:1    +
   62   130  0   6.7%   0.940 CG:2    +
   61   131  0   6.6%   1.967 UA:2    +
  117   124  0   6.5%   0.659 AU:2    +
   59   133  0   6.0%   0.751 AU:2    +
  115   126  0   5.8%   1.161 UA:2    +
   60   132  1   6.3%   1.226 UA:1    +
   63   129  0   5.6%   0.745 AU:2    +
   58   134  1   5.8%   1.116 UA:1    +
   54   141  0   5.2%   0.596 CG:2    +
   55   140  0   5.2%   0.564 UA:2    +
   53   142  0   4.6%   0.657 AU:2    +
   56   139  0   4.6%   1.091 AU:2    +
   51   144  0   4.5%   0.554 CG:2    +
   50   145  0   4.5%   1.076 AU:2    +
   49   146  0   4.3%   0.840 GU:2    +
  118   123  0   3.2%   0.755 GU:1    --:1    +
  114   127  0   2.2%   0.886 UA:2    +
   11    40  1   2.2%   0.593 CG:1    +
   72    88  0   0.3%   0.046 CG:1    UA:1    +
   40   150  0   0.2%   0.126 GU:1    AU:1    +
   57   141  0   0.2%   1.115 CG:1    UG:1    +
   81    96  0   1.2%   0.168 AU:2    +
   40   156  0   0.1%   0.145 GU:1    AU:1    +
   43    49  0   0.1%   0.151 CG:1    UG:1    +
   58   125  0   0.1%   0.043 CG:1    UG:1    +
    2    58  0   0.1%   0.063 GC:1    GU:1    +
  128   136  0   0.1%   0.369 GC:1    GU:1    +
   57   130  0   0.1%   0.046 CG:1    UG:1    +
  136   144  0   0.1%   0.366 CG:1    UG:1    +
   13    37  0   1.1%   0.490 AU:2    +
   49   138  0   1.1%   0.221 GU:2    +
    2    19  0   0.1%   0.033 GC:1    GU:1    +
   60   130  0   0.1%   0.609 CG:1    UG:1    +
   22    33  0   0.0%   0.473 UG:1    UA:1    +
   58   128  0   0.0%   0.038 CG:1    UG:1    +
   57   125  0   0.0%   0.019 CG:1    UG:1    +
   58   135  0   0.0%   0.952 CG:1    UG:1    +
   57   128  0   0.0%   0.032 CG:1    UG:1    +
   60   135  0   0.0%   0.771 CG:1    UG:1    +
  110   136  0   0.0%   0.174 GC:1    GU:1    +
   60   118  0   0.0%   0.022 CG:1    UG:1    +
   49   136  0   0.0%   0.071 GC:1    GU:1    +
   40   149  0   0.0%   0.092 GU:1    AU:1    +
   40    55  0   0.0%   0.095 GU:1    AU:1    +
   21    26  0   0.0%   0.002 GC:1    UG:1    +
   58   143  0   0.0%   0.776 CG:1    UG:1    +
   60   141  0   0.0%   0.731 CG:1    UG:1    +
   57   144  0   0.0%   1.089 CG:1    UG:1    +
   49    58  0   0.0%   0.069 GC:1    GU:1    +
   60    94  0   0.0%   0.005 CG:1    UG:1    +
   40   148  0   0.0%   0.091 GU:1    AU:1    +
  118   136  0   0.0%   0.320 GC:1    GU:1    +
    2    43  0   0.0%   0.024 GC:1    GU:1    +
    7    40  0   0.0%   0.025 UG:1    UA:1    +
   40   160  0   0.0%   0.121 GU:1    AU:1    +
   41    60  0   0.0%   0.073 GC:1    GU:1    +
   60   125  0   0.0%   0.026 CG:1    UG:1    +
   38    43  0   0.0%   0.424 GC:1    GU:1    +
    6    57  0   0.0%   0.117 GC:1    GU:1    +
   58    97  0   0.0%   0.012 CG:1    UG:1    +
   57    98  0   0.0%   0.012 CG:1    UG:1    +
   40    46  0   0.0%   0.128 GU:1    AU:1    +
  102   143  0   0.0%   0.055 CG:1    UG:1    +
    7    33  0   0.0%   0.019 UG:1    UA:1    +
   40    61  0   0.0%   0.091 GU:1    AU:1    +
   72   118  0   0.0%   0.075 CG:1    UG:1    +
   49    57  0   0.0%   0.069 GC:1    GU:1    +
   38    57  0   0.0%   0.375 GC:1    GU:1    +
   58   118  0   0.0%   0.023 CG:1    UG:1    +
   41    57  0   0.0%   0.079 GC:1    GU:1    +
  136   143  0   0.0%   0.219 CG:1    UG:1    +
   40   137  0   0.0%   0.089 GU:1    AU:1    +
   32    43  0   0.0%   0.103 GC:1    GU:1    +
   40    57  0   0.0%   0.094 GC:1    AU:1    +
  102   135  0   0.0%   0.240 CG:1    UG:1    +
   41   136  0   0.0%   0.073 GC:1    GU:1    +
  102   110  0   0.0%   0.017 CG:1    UG:1    +
   33    57  0   0.0%   0.027 GC:1    AU:1    +
   32    58  0   0.0%   0.028 GC:1    GU:1    +
   92   102  0   0.0%   0.013 GC:1    GU:1    +
   77   102  0   0.0%   0.021 GC:1    GU:1    +
   38    58  0   0.0%   0.375 GC:1    GU:1    +
   72   110  0   0.0%   0.035 CG:1    UG:1    +
   49    60  0   0.0%   0.061 GC:1    GU:1    +
   57   118  0   0.0%   0.020 CG:1    UG:1    +
   33   157  0   0.0%   0.021 GU:1    AU:1    +
   40   114  0   0.0%   0.089 GU:1    AU:1    +
   41    58  0   0.0%   0.079 GC:1    GU:1    +
   40   157  0   0.0%   0.130 GU:1    AU:1    +
   62   118  0   0.9%   0.147 CG:2    +
   50   137  0   0.8%   0.181 AU:2    +
   80    97  0   0.8%   0.116 CG:2    +
    8    49  0   0.8%   0.163 CG:2    +
    7    50  0   0.8%   0.172 UA:2    +
    6    51  0   0.8%   0.177 GC:2    +
  138   152  0   0.8%   0.502 UA:2    +
  139   151  0   0.8%   0.801 UA:2    +
  137   153  0   0.8%   0.419 UA:2    +
   64   121  0   0.8%   0.424 AU:1    --:1    +
  135   155  0   0.8%   0.390 GC:2    +
  140   150  0   0.7%   0.303 AU:2    +
   11    41  0   0.7%   0.552 CG:2    +
   61   119  0   0.7%   0.130 UA:2    +
  141   149  0   0.7%   0.339 GU:2    +
   52   138  0   0.6%   0.662 AU:2    +
   51   141  0   0.6%   0.153 CG:2    +
   50   142  0   0.6%   0.711 AU:2    +
   53   137  0   0.5%   0.471 AU:2    +
  134   156  0   0.5%   0.368 AU:2    +
  128   159  0   0.5%   0.303 GC:2    +
  129   158  0   0.5%   0.434 UA:2    +
   47   143  0   0.5%   0.123 CG:2    +
   46   144  0   0.5%   0.126 UG:2    +
   45   145  0   0.5%   0.148 AU:2    +
   44   146  0   0.5%   0.091 AU:2    +
  130   157  0   0.5%   0.534 GU:2    +
   48   142  0   0.5%   0.248 AU:2    +
   38    47  0   0.5%   0.432 GC:2    +
   39    46  0   0.4%   0.096 AU:2    +
   48   139  0   0.4%   0.217 AU:2    +
  144   156  0   0.4%   0.753 GU:2    +
  127   160  0   0.4%   0.755 AU:2    +
  120   128  0   0.4%   0.247 CG:2    +
   79    98  0   0.3%   0.063 UG:2    +
  121   127  0   0.3%   0.760 UA:1    --:1    +
   83    97  0   0.3%   0.115 CG:2    +
  119   129  0   0.3%   0.421 AU:2    +
  148   152  0   0.3%   0.139 UA:2    +
    2     8  0   0.3%   0.047 GC:2    +
   41   149  0   0.3%   0.121 GU:2    +
   76    84  0   0.3%   0.046 GC:2    +
   74    86  0   0.3%   0.046 GC:2    +
   77    83  0   0.3%   0.046 GC:2    +
   75    85  0   0.3%   0.046 AU:2    +
   73    87  0   0.3%   0.046 UA:2    +
  146   152  0   0.3%   0.273 UA:2    +
  136   154  1   0.8%   0.297 UA:1    +
   56   136  1   0.7%   0.315 AU:1    +
   71    89  0   0.2%   0.043 GU:2    +
    1     9  0   0.2%   0.042 UA:2    +
   78    82  0   0.2%   0.041 UA:2    +
    3     7  0   0.2%   0.040 AU:2    +
   66    94  0   0.2%   0.041 CG:2    +
   51   143  0   0.2%   0.157 CG:2    +
  131   156  0   0.2%   0.917 AU:2    +
   54   144  0   0.2%   0.458 CG:2    +
   55   143  0   0.2%   0.329 UG:2    +
   64    96  0   0.2%   0.034 AU:2    +
   53   145  0   0.2%   0.510 AU:2    +
   56   142  0   0.2%   0.515 AU:2    +
   10    42  1   0.7%   0.133 AU:1    +
   78    99  0   0.2%   0.052 UA:2    +
   52   146  0   0.2%   0.470 AU:2    +
   71   107  0   0.2%   0.045 GC:2    +
   51   113  0   0.2%   0.077 CG:2    +
   54   110  0   0.2%   0.046 CG:2    +
   53   111  0   0.2%   0.037 AU:2    +
   52   112  0   0.2%   0.031 AU:2    +
   41   155  0   0.1%   0.128 GC:2    +
  145   153  0   0.1%   0.263 UA:2    +
   83    94  0   0.1%   0.057 CG:2    +
   52   139  0   0.1%   0.807 AU:2    +
   55   109  0   0.1%   0.042 UA:2    +
   41    51  0   0.1%   0.127 GC:2    +
   39   157  0   0.1%   0.071 AU:2    +
   54   128  0   0.1%   0.053 CG:2    +
   55   127  0   0.1%   0.049 UA:2    +
    6   120  0   0.1%   0.135 GC:2    +
    7   119  0   0.1%   0.128 UA:2    +
    8   118  0   0.1%   0.110 CG:2    +
   50   114  0   0.1%   0.074 AU:2    +
    5   121  0   0.1%   0.043 AU:1    --:1    +
   69    91  0   0.1%   0.024 UA:2    +
    5    55  0   0.1%   0.034 AU:2    +
    4    56  0   0.1%   0.101 UA:2    +
   59   124  0   0.1%   0.045 AU:2    +
   62    98  0   0.1%   0.031 CG:2    +
    6    54  0   0.1%   0.124 GC:2    +
   61    99  0   0.1%   0.030 UA:2    +
   52   142  0   0.1%   0.348 AU:2    +
  141   155  0   0.1%   0.323 GC:2    +
  142   154  0   0.1%   0.302 UA:2    +
   64   114  0   0.1%   0.041 AU:2    +
  127   137  0   0.1%   0.982 AU:2    +
   37    48  0   0.1%   0.778 UA:2    +
  126   138  0   0.1%   0.927 AU:2    +
    4    44  0   0.1%   0.027 UA:2    +
  125   139  0   0.1%   0.998 GU:2    +
    7    53  0   0.1%   0.116 UA:2    +
  124   140  0   0.1%   0.488 UA:2    +
    4   122  0   0.1%   0.106 UA:1    --:1    +
  151   157  0   0.1%   0.479 AU:2    +
   53   129  0   0.1%   0.041 AU:2    +
   49    54  0   0.1%   0.080 GC:2    +
  140   156  0   0.1%   0.292 AU:2    +
    8    38  0   0.1%   0.036 CG:2    +
  129   135  0   0.1%   0.596 UG:2    +
   65   121  0   0.1%   0.140 AU:1    --:1    +
    1    59  0   0.1%   0.174 UA:2    +
   59   139  0   0.1%   1.021 AU:2    +
  150   158  0   0.1%   0.220 UA:2    +
  133   147  0   0.1%   0.303 UA:2    +
  134   146  0   0.1%   0.439 AU:2    +
  132   148  0   0.1%   0.571 AU:2    +
  135   145  0   0.1%   0.451 GU:2    +
    7    39  0   0.1%   0.037 UA:2    +
  131   149  0   0.1%   0.893 AU:2    +
  130   150  0   0.1%   0.466 GU:2    +
  137   143  0   0.1%   0.374 UG:2    +
   53   138  0   0.1%   0.547 AU:2    +
  123   141  0   0.1%   0.695 UG:1    --:1    +
  122   142  0   0.1%   0.249 AU:1    --:1    +
  120   144  0   0.1%   0.237 CG:2    +
   50   148  0   0.1%   0.806 AU:2    +
  121   143  0   0.1%   0.147 UG:1    --:1    +
  119   145  0   0.1%   0.270 AU:2    +
   49   149  0   0.1%   0.578 GU:2    +
   48    55  0   0.1%   0.164 AU:2    +
  118   146  0   0.1%   0.361 GU:2    +
   49   115  0   0.1%   0.076 GU:2    +
  128   155  0   0.1%   0.235 GC:2    +
  127   156  0   0.1%   0.713 AU:2    +
   98   107  0   0.1%   0.064 GC:2    +
   38   159  0   0.1%   0.401 GC:2    +
   97   108  0   0.1%   0.079 GC:2    +
   64   124  0   0.1%   0.822 AU:2    +
    6    15  0   0.1%   0.016 GC:2    +
    5    16  0   0.1%   0.015 AU:2    +
  126   157  0   0.1%   0.561 AU:2    +
   38   157  0   0.1%   0.386 GU:2    +
   22    28  0   0.1%   0.019 UA:2    +
    4    17  0   0.1%   0.015 UG:2    +
    3    18  0   0.1%   0.028 AU:2    +
   37   158  0   0.1%   0.651 UA:2    +
   39   156  0   0.1%   0.055 AU:2    +
  120   135  0   0.1%   0.287 CG:2    +
  152   156  0   0.1%   0.535 AU:2    +
  121   134  0   0.1%   0.325 UA:1    --:1    +
   36   159  0   0.1%   0.023 GC:2    +
    7    14  0   0.1%   0.028 UA:2    +
    6   155  0   0.1%   0.133 GC:2    +
  122   133  0   0.1%   0.277 AU:1    --:1    +
  123   132  0   0.1%   1.011 UA:1    --:1    +
  124   131  0   0.1%   1.159 UA:2    +
   51   130  0   0.1%   0.072 CG:2    +
    7   154  0   0.1%   0.125 UA:2    +
    5   156  0   0.1%   0.041 AU:2    +
  129   154  0   0.1%   0.370 UA:2    +
  101   113  0   0.1%   0.029 CG:2    +
  100   114  0   0.1%   0.085 AU:2    +
   99   115  0   0.1%   0.339 AU:2    +
   98   116  0   0.1%   0.060 GC:2    +
  105   110  0   0.1%   0.035 CG:2    +
   35   160  0   0.1%   0.016 AU:2    +
  104   111  0   0.1%   0.029 AU:2    +
  144   159  0   0.1%   0.420 GC:2    +
   63   123  0   0.1%   0.023 AU:1    --:1    +
   86    94  0   0.1%   0.060 CG:2    +
   85    95  0   0.0%   0.047 UA:2    +
  145   158  0   0.0%   0.419 UA:2    +
    3   123  0   0.0%   0.055 AU:1    --:1    +
  146   151  0   0.0%   0.238 UA:2    +
  116   130  0   0.0%   0.634 CG:2    +
   49   116  0   0.0%   0.076 GC:2    +
  118   137  0   0.0%   0.467 GU:2    +
   84    92  0   0.0%   0.028 CG:2    +
  142   147  0   0.0%   0.265 UA:2    +
   62   128  0   0.0%   0.322 CG:2    +
   46    56  0   0.0%   0.062 UA:2    +
    9    37  0   0.0%   0.025 AU:2    +
  146   154  0   0.0%   0.466 UA:2    +
   85    91  0   0.0%   0.034 UA:2    +
  117   129  0   0.0%   0.506 AU:2    +
    2   159  0   0.0%   0.062 GC:2    +
  143   160  0   0.0%   1.015 GU:2    +
   23    32  0   0.0%   0.176 CG:2    +
   56   137  0   0.0%   0.423 AU:2    +
   63   115  0   0.0%   0.018 AU:2    +
   49   137  0   0.0%   0.078 GU:2    +
    1    49  0   0.0%   0.160 UG:2    +
    2   124  0   0.0%   0.057 GU:2    +
  117   138  0   0.0%   0.573 AU:2    +
  139   158  0   0.0%   0.767 UA:2    +
    3   124  0   0.0%   0.058 AU:2    +
  140   157  0   0.0%   0.270 AU:2    +
   38    62  0   0.0%   0.375 GC:2    +
  115   131  0   0.0%   1.323 UA:2    +
   39    61  0   0.0%   0.038 AU:2    +
  125   159  0   0.0%   0.331 GC:2    +
    2    11  0   0.0%   0.023 GC:2    +
    1    20  0   0.0%   0.024 UG:2    +
   52   129  0   0.0%   0.020 AU:2    +
  141   148  0   0.0%   0.242 GU:2    +
   22    27  0   0.0%   0.008 UA:2    +
   48   150  0   0.0%   0.218 AU:2    +
   53   139  0   0.0%   0.699 AU:2    +
  110   120  0   0.0%   0.035 GC:2    +
  111   119  0   0.0%   0.072 UA:2    +
  112   118  0   0.0%   0.075 UG:2    +
    1    12  0   0.0%   0.021 UA:2    +
  145   151  0   0.0%   0.238 UA:2    +
  120   125  0   0.0%   0.315 CG:2    +
   59   103  0   0.0%   0.017 AU:2    +
   66   118  0   0.0%   0.076 CG:2    +
  145   152  0   0.0%   0.237 UA:2    +
   41    47  0   0.0%   0.107 GC:2    +
  129   151  0   0.0%   0.349 UA:2    +
    7    44  0   0.0%   0.068 UA:2    +
    1   126  0   0.0%   0.169 UA:2    +
  148   153  0   0.0%   0.232 UA:2    +
   50   115  0   0.0%   0.069 AU:2    +
   64   129  0   0.0%   1.013 AU:2    +
   65   123  0   0.0%   0.446 AU:1    --:1    +
    6   159  0   0.0%   0.132 GC:2    +
   56   138  0   0.0%   0.516 AU:2    +
   48   138  0   0.0%   0.151 AU:2    +
  114   132  0   0.0%   0.675 UA:2    +
   49    62  0   0.0%   0.067 GC:2    +
    7   158  0   0.0%   0.122 UA:2    +
  149   153  0   0.0%   0.247 UA:2    +
   60   122  0   0.0%   0.024 UA:1    --:1    +
   50    61  0   0.0%   0.057 AU:2    +
    5   160  0   0.0%   0.037 AU:2    +
  148   154  0   0.0%   0.191 UA:2    +
   59   121  0   0.0%   0.024 AU:1    --:1    +
  113   133  0   0.0%   0.274 GU:2    +
  140   149  0   0.0%   0.204 AU:2    +
   63   121  0   0.0%   0.018 AU:1    --:1    +
   38    54  0   0.0%   0.377 GC:2    +
    1   125  0   0.0%   0.166 UG:2    +
  112   134  0   0.0%   0.256 UA:2    +
   51   135  0   0.0%   0.066 CG:2    +
  130   159  0   0.0%   0.512 GC:2    +
  143   155  0   0.0%   0.137 GC:2    +
   84    97  0   0.0%   0.085 CG:2    +
   56   129  0   0.0%   0.025 AU:2    +
  108   125  0   0.0%   0.121 CG:2    +
  109   124  0   0.0%   0.140 AU:2    +
   70    91  0   0.0%   0.011 UA:2    +
   36   155  0   0.0%   0.010 GC:2    +
   49   159  0   0.0%   0.568 GC:2    +
  133   158  0   0.0%   0.302 UA:2    +
   37   154  0   0.0%   0.641 UA:2    +
  119   123  0   0.0%   0.530 AU:1    --:1    +
  147   156  0   0.0%   0.487 AU:2    +
   35   156  0   0.0%   0.009 AU:2    +
  143   148  0   0.0%   0.101 GU:2    +
  111   135  0   0.0%   0.259 UG:2    +
   61   117  0   0.0%   0.018 UA:2    +
   69    92  0   0.0%   0.012 UG:2    +
   41    61  0   0.0%   0.077 GU:2    +
    7    45  0   0.0%   0.125 UA:2    +
  117   123  0   0.0%   0.370 AU:1    --:1    +
   44   150  0   0.0%   0.055 AU:2    +
  109   121  0   0.0%   0.072 AU:1    --:1    +
   73   104  0   0.0%   0.021 UA:2    +
   96   109  0   0.0%   0.383 UA:2    +
  116   128  0   0.0%   0.369 CG:2    +
  147   157  0   0.0%   0.451 AU:2    +
  106   129  0   0.0%   0.342 AU:2    +
  105   130  0   0.0%   0.442 CG:2    +
  107   128  0   0.0%   0.187 CG:2    +
   51   125  0   0.0%   0.061 CG:2    +
   52   124  0   0.0%   0.020 AU:2    +
   45   149  0   0.0%   0.116 AU:2    +
   11    49  0   0.0%   0.501 CG:2    +
   83    98  0   0.0%   0.082 CG:2    +
  132   157  0   0.0%   0.581 AU:2    +
  138   158  0   0.0%   0.465 UA:2    +
   62    97  0   0.0%   0.009 CG:2    +
   55   130  0   0.0%   0.040 UG:2    +
  109   137  0   0.0%   0.306 AU:2    +
   58   122  0   0.0%   0.023 UA:1    --:1    +
   61   118  0   0.0%   0.027 UG:2    +
   53   123  0   0.0%   0.024 AU:1    --:1    +
  141   157  0   0.0%   0.299 GU:2    +
  143   159  0   0.0%   0.906 GC:2    +
   37    63  0   0.0%   0.635 UA:2    +
    4   147  0   0.0%   0.095 UA:2    +
    5   146  0   0.0%   0.029 AU:2    +
   59   123  0   0.0%   0.020 AU:1    --:1    +
   94   120  0   0.0%   0.044 GC:2    +
    3   148  0   0.0%   0.052 AU:2    +
  115   127  0   0.0%   1.125 UA:2    +
  134   157  0   0.0%   0.325 AU:2    +
  149   158  0   0.0%   0.211 UA:2    +
   66    92  0   0.0%   0.002 CG:2    +
    8   143  0   0.0%   0.095 CG:2    +
   32   159  0   0.0%   0.027 GC:2    +
    7    41  0   0.0%   0.027 UG:2    +
   66   125  0   0.0%   0.128 CG:2    +
   71    90  0   0.0%   0.016 GU:2    +
    6   145  0   0.0%   0.120 GU:2    +
   39   150  0   0.0%   0.036 AU:2    +
    2   149  0   0.0%   0.053 GU:2    +
   67   124  0   0.0%   0.126 AU:2    +
    7   144  0   0.0%   0.113 UG:2    +
   41    62  0   0.0%   0.078 GC:2    +
   61   134  0   0.0%   1.182 UA:2    +
    6    46  0   0.0%   0.082 GU:2    +
    4   158  0   0.0%   0.095 UA:2    +
  141   156  0   0.0%   0.319 GU:2    +
   93   121  0   0.0%   0.061 AU:1    --:1    +
    1    50  0   0.0%   0.156 UA:2    +
  120   141  0   0.0%   0.237 CG:2    +
   41    54  0   0.0%   0.081 GC:2    +
   48   160  0   0.0%   0.207 AU:2    +
   11    17  0   0.0%   0.010 CG:2    +
   10    18  0   0.0%   0.007 AU:2    +
  131   157  0   0.0%   0.915 AU:2    +
    9    46  0   0.0%   0.059 AU:2    +
   11   141  0   0.0%   0.460 CG:2    +
    8    20  0   0.0%   0.020 CG:2    +
   63    96  0   0.0%   0.003 AU:2    +
   49   150  0   0.0%   0.566 GU:2    +
   66    97  0   0.0%   0.016 CG:2    +
  119   142  0   0.0%   0.291 AU:2    +
   64   137  0   0.0%   0.987 AU:2    +
  146   158  0   0.0%   0.472 UA:2    +
   66   135  0   0.0%   0.257 CG:2    +
   50   149  0   0.0%   0.799 AU:2    +
   63   138  0   0.0%   0.652 AU:2    +
   67    96  0   0.0%   0.013 AU:2    +
   61    98  0   0.0%   0.008 UG:2    +
   39   149  0   0.0%   0.035 AU:2    +
   38   150  0   0.0%   0.371 GU:2    +
   48   137  0   0.0%   0.146 AU:2    +
  114   119  0   0.0%   0.117 UA:2    +
  152   157  0   0.0%   0.496 AU:2    +
   45   148  0   0.0%   0.116 AU:2    +
  101   128  0   0.0%   0.177 CG:2    +
   68   123  0   0.0%   0.368 AU:1    --:1    +
    6    11  0   0.0%   0.004 GC:2    +
  103   126  0   0.0%   0.374 UA:2    +
   46   147  0   0.0%   0.100 UA:2    +
  105   125  0   0.0%   0.121 CG:2    +
   12    16  0   0.0%   0.009 AU:2    +
  117   121  0   0.0%   0.060 AU:1    --:1    +
  113   120  0   0.0%   0.030 GC:2    +
  149   154  0   0.0%   0.203 UA:2    +
   44   149  0   0.0%   0.057 AU:2    +
  106   124  0   0.0%   0.148 AU:2    +
    9   142  0   0.0%   0.042 AU:2    +
  100   129  0   0.0%   0.329 AU:2    +
   74   103  0   0.0%   0.019 GU:2    +
   74   107  0   0.0%   0.035 GC:2    +
    5   157  0   0.0%   0.034 AU:2    +
    2    23  0   0.0%   0.024 GC:2    +
   59   142  0   0.0%   0.554 AU:2    +
   48   146  0   0.0%   0.224 AU:2    +
    3    22  0   0.0%   0.019 AU:2    +
   20    34  0   0.0%   0.193 GC:2    +
    2    51  0   0.0%   0.041 GC:2    +
   48   148  0   0.0%   0.217 AU:2    +
   76   103  0   0.0%   0.035 GU:2    +
  105   128  0   0.0%   0.183 CG:2    +
  118   124  0   0.0%   0.469 GU:2    +
  104   129  0   0.0%   0.322 AU:2    +
    2    62  0   0.0%   0.049 GC:2    +
   69    93  0   0.0%   0.011 UA:2    +
    4    52  0   0.0%   0.079 UA:2    +
  120   130  0   0.0%   0.466 CG:2    +
   56   145  0   0.0%   0.468 AU:2    +
   62    92  0   0.0%   0.007 CG:2    +
   61    93  0   0.0%   0.007 UA:2    +
   61   140  0   0.0%   1.108 UA:2    +
  101   135  0   0.0%   0.244 CG:2    +
    1    24  0   0.0%   0.020 UA:2    +
   70    92  0   0.0%   0.004 UG:2    +
    6    47  0   0.0%   0.081 GC:2    +
  114   128  0   0.0%   0.321 UG:2    +
   49   145  0   0.0%   0.435 GU:2    +
  103   130  0   0.0%   0.443 UG:2    +
  131   138  0   0.0%   1.240 AU:2    +
   10   142  0   0.0%   0.036 AU:2    +
    3    61  0   0.0%   0.044 AU:2    +
    1    63  0   0.0%   0.162 UA:2    +
   10    37  0   0.0%   0.005 AU:2    +
   54   125  0   0.0%   0.030 CG:2    +
    9   157  0   0.0%   0.043 AU:2    +
    1    52  0   0.0%   0.156 UA:2    +
   56   103  0   0.0%   0.012 AU:2    +
  119   124  0   0.0%   0.353 AU:2    +
  144   149  0   0.0%   0.258 GU:2    +
  132   137  0   0.0%   0.825 AU:2    +
  115   119  0   0.0%   0.357 UA:2    +
   97   105  0   0.0%   0.067 GC:2    +
   53   133  0   0.0%   0.026 AU:2    +
   49   155  0   0.0%   0.569 GC:2    +
  115   122  0   0.0%   0.317 UA:1    --:1    +
   41   148  0   0.0%   0.075 GU:2    +
   99   137  0   0.0%   0.316 AU:2    +
  151   156  0   0.0%   0.497 AU:2    +
  143   150  0   0.0%   0.124 GU:2    +
  130   139  0   0.0%   1.116 GU:2    +
  117   137  0   0.0%   0.474 AU:2    +
  123   127  0   0.0%   1.146 UA:1    --:1    +
   62    94  0   0.0%   0.008 CG:2    +
    5   124  0   0.0%   0.033 AU:2    +
   96   106  0   0.0%   0.393 UA:2    +
   10   156  0   0.0%   0.040 AU:2    +
   55   132  0   0.0%   0.034 UA:2    +
   69    95  0   0.0%   0.023 UA:2    +
   70    94  0   0.0%   0.016 UG:2    +
   61    95  0   0.0%   0.007 UA:2    +
  132   156  0   0.0%   0.570 AU:2    +
    2   139  0   0.0%   0.052 GU:2    +
    3   157  0   0.0%   0.052 AU:2    +
   98   138  0   0.0%   0.428 GU:2    +
    3   138  0   0.0%   0.051 AU:2    +
  153   160  0   0.0%   0.408 AU:2    +
    4    53  0   0.0%   0.078 UA:2    +
   96   117  0   0.0%   0.371 UA:2    +
   11    36  0   0.0%   0.004 CG:2    +
   56   124  0   0.0%   0.019 AU:2    +
   38   155  0   0.0%   0.377 GC:2    +
  124   132  0   0.0%   0.830 UA:2    +
   62   135  0   0.0%   0.569 CG:2    +
   86    97  0   0.0%   0.081 CG:2    +
   68    96  0   0.0%   0.013 AU:2    +
    2   157  0   0.0%   0.053 GU:2    +
   87    96  0   0.0%   0.382 AU:2    +
    4     9  0   0.0%   0.015 UA:2    +
   66   128  0   0.0%   0.189 CG:2    +
    1   158  0   0.0%   0.166 UA:2    +
    4   125  0   0.0%   0.095 UG:2    +
   69   122  0   0.0%   0.023 UA:1    --:1    +
   97   116  0   0.0%   0.068 GC:2    +
   49   142  0   0.0%   0.434 GU:2    +
    9   156  0   0.0%   0.046 AU:2    +
   41   159  0   0.0%   0.114 GC:2    +
    2    54  0   0.0%   0.041 GC:2    +
   48   149  0   0.0%   0.216 AU:2    +
  150   154  0   0.0%   0.194 UA:2    +
    1    44  0   0.0%   0.020 UA:2    +
  141   160  0   0.0%   0.553 GU:2    +
  119   137  0   0.0%   0.365 AU:2    +
  118   138  0   0.0%   0.555 GU:2    +
   48   156  0   0.0%   0.220 AU:2    +
   49   148  0   0.0%   0.563 GU:2    +
   55   125  0   0.0%   0.027 UG:2    +
    1   140  0   0.0%   0.166 UA:2    +
  151   160  0   0.0%   0.284 AU:2    +
  124   158  0   0.0%   0.320 UA:2    +
   50   146  0   0.0%   0.930 AU:2    +
  101   110  0   0.0%   0.017 CG:2    +
  132   138  0   0.0%   0.915 AU:2    +
  148   158  0   0.0%   0.196 UA:2    +
   54   130  0   0.0%   0.040 CG:2    +
   53   148  0   0.0%   0.347 AU:2    +
  100   111  0   0.0%   0.024 AU:2    +
   51   128  0   0.0%   0.058 CG:2    +
   37   151  0   0.0%   0.633 UA:2    +
   49   133  0   0.0%   0.069 GU:2    +
  125   155  0   0.0%   0.326 GC:2    +
  142   151  0   0.0%   0.267 UA:2    +
  153   157  0   0.0%   0.597 AU:2    +
   50   129  0   0.0%   0.060 AU:2    +
  131   139  0   0.0%   1.535 AU:2    +
   55   104  0   0.0%   0.015 UA:2    +
  125   157  0   0.0%   0.321 GU:2    +
  107   141  0   0.0%   0.212 CG:2    +
  106   142  0   0.0%   0.244 AU:2    +
  121   126  0   0.0%   0.580 UA:1    --:1    +
   52   149  0   0.0%   0.313 AU:2    +
  105   143  0   0.0%   0.066 CG:2    +
    4    41  0   0.0%   0.006 UG:2    +
   10   114  0   0.0%   0.035 AU:2    +
   11   113  0   0.0%   0.459 CG:2    +
   12   139  0   0.0%   0.342 AU:2    +
   94   107  0   0.0%   0.044 GC:2    +
  114   126  0   0.0%   0.424 UA:2    +
  144   148  0   0.0%   0.228 GU:2    +
    4    10  0   0.0%   0.001 UA:2    +
   61   128  0   0.0%   0.927 UG:2    +
  129   134  0   0.0%   0.577 UA:2    +
    4    48  0   0.0%   0.210 UA:2    +
   13   138  0   0.0%   0.050 AU:2    +
    3   156  0   0.0%   0.052 AU:2    +
  117   139  0   0.0%   0.866 AU:2    +
  143   149  0   0.0%   0.131 GU:2    +
   70    93  0   0.0%   0.003 UA:2    +
   98   115  0   0.0%   0.346 GU:2    +
   45   150  0   0.0%   0.111 AU:2    +
   41   150  0   0.0%   0.102 GU:2    +
  129   140  0   0.0%   0.510 UA:2    +
   12   112  0   0.0%   0.342 AU:2    +
  131   160  0   0.0%   0.897 AU:2    +
    9   115  0   0.0%   0.041 AU:2    +
   92   120  0   0.0%   0.019 GC:2    +
    4    59  0   0.0%   0.093 UA:2    +
    1   151  0   0.0%   0.166 UA:2    +
   99   112  0   0.0%   0.038 AU:2    +
   71   105  0   0.0%   0.015 GC:2    +
   37   153  0   0.0%   0.633 UA:2    +
   69    94  0   0.0%   0.023 UG:2    +
   59    96  0   0.0%   0.010 AU:2    +
   54   118  0   0.0%   0.035 CG:2    +
   48   133  0   0.0%   0.145 AU:2    +
   55   131  0   0.0%   0.034 UA:2    +
   50   133  0   0.0%   0.060 AU:2    +
   10    46  0   0.0%   0.053 AU:2    +
   55   117  0   0.0%   0.024 UA:2    +
  120   143  0   0.0%   0.091 CG:2    +
   91   121  0   0.0%   0.067 AU:1    --:1    +
   68    90  0   0.0%   0.000 AU:2    +
   49   157  0   0.0%   0.564 GU:2    +
   70   106  0   0.0%   0.003 UA:2    +
  126   156  0   0.0%   0.552 AU:2    +
  154   160  0   0.0%   0.365 AU:2    +
    2   150  0   0.0%   0.052 GU:2    +
  152   160  0   0.0%   0.307 AU:2    +
  144   150  0   0.0%   0.251 GU:2    +
    7    56  0   0.0%   0.111 UA:2    +
   97   120  0   0.0%   0.073 GC:2    +
   63    70  0   0.0%   0.001 AU:2    +
   63   114  0   0.0%   0.010 AU:2    +
   49   160  0   0.0%   0.557 GU:2    +
   62    71  0   0.0%   0.006 CG:2    +
    6   156  0   0.0%   0.128 GU:2    +
   38   116  0   0.0%   0.370 GC:2    +
   50    55  0   0.0%   0.062 AU:2    +
   55   126  0   0.0%   0.026 UA:2    +
   49    55  0   0.0%   0.072 GU:2    +
   66    71  0   0.0%   0.000 CG:2    +
  141   150  0   0.0%   0.298 GU:2    +
  118   159  0   0.0%   0.195 GC:2    +
  135   159  0   0.0%   0.338 GC:2    +
  114   122  0   0.0%   0.076 UA:1    --:1    +
   13   111  0   0.0%   0.049 AU:2    +
   99   114  0   0.0%   0.086 AU:2    +
   52   133  0   0.0%   0.015 AU:2    +
   64    90  0   0.0%   0.000 AU:2    +
  132   160  0   0.0%   0.562 AU:2    +
  141   146  0   0.0%   0.386 GU:2    +
   39    55  0   0.0%   0.038 AU:2    +
  126   160  0   0.0%   0.543 AU:2    +
  117   160  0   0.0%   0.195 AU:2    +
   96   118  0   0.0%   0.423 UG:2    +
    1    10  0   0.0%   0.014 UA:2    +
   66    98  0   0.0%   0.023 CG:2    +
   50   150  0   0.0%   0.791 AU:2    +
   64    69  0   0.0%   0.000 AU:2    +
  147   160  0   0.0%   0.268 AU:2    +
  105   141  0   0.0%   0.210 CG:2    +
   39   115  0   0.0%   0.033 AU:2    +
  103   132  0   0.0%   0.535 UA:2    +
  101   144  0   0.0%   0.187 CG:2    +
  104   142  0   0.0%   0.224 AU:2    +
   94   108  0   0.0%   0.039 GC:2    +
   97   139  0   0.0%   0.742 GU:2    +
    3   149  0   0.0%   0.052 AU:2    +
  134   160  0   0.0%   0.306 AU:2    +
  100   145  0   0.0%   0.195 AU:2    +
   76   101  0   0.0%   0.015 GC:2    +
    8   125  0   0.0%   0.095 CG:2    +
   50   160  0   0.0%   0.781 AU:2    +
   18    32  0   0.0%   0.006 UG:2    +
   50   156  0   0.0%   0.795 AU:2    +
    2   155  0   0.0%   0.052 GC:2    +
    9   124  0   0.0%   0.047 AU:2    +
   50   157  0   0.0%   0.789 AU:2    +
   62    74  0   0.0%   0.006 CG:2    +
   71   120  0   0.0%   0.038 GC:2    +
    7   126  0   0.0%   0.113 UA:2    +
    8   144  0   0.0%   0.095 CG:2    +
   92   116  0   0.0%   0.014 GC:2    +
  117   148  0   0.0%   0.215 AU:2    +
    9   150  0   0.0%   0.041 AU:2    +
    6    34  0   0.0%   0.006 GC:2    +
   74   116  0   0.0%   0.028 GC:2    +
   73   117  0   0.0%   0.039 UA:2    +
  114   118  0   0.0%   0.123 UG:2    +
   93   115  0   0.0%   0.307 AU:2    +
  131   137  0   0.0%   1.149 AU:2    +
   92   108  0   0.0%   0.015 GC:2    +
   38    51  0   0.0%   0.403 GC:2    +
  121   125  0   0.0%   0.355 UG:1    --:1    +
   91    96  0   0.0%   0.379 AU:2    +
  122   129  0   0.0%   0.345 AU:1    --:1    +
   99   146  0   0.0%   0.201 AU:2    +
    8    32  0   0.0%   0.016 CG:2    +
   59   138  0   0.0%   0.709 AU:2    +
  118   129  0   0.0%   0.486 GU:2    +
   52    61  0   0.0%   0.007 AU:2    +
    5   139  0   0.0%   0.027 AU:2    +
  123   128  0   0.0%   0.669 UG:1    --:1    +
  130   160  0   0.0%   0.493 GU:2    +
   85    92  0   0.0%   0.024 UG:2    +
  103   131  0   0.0%   0.859 UA:2    +
   94   101  0   0.0%   0.036 GC:2    +
  138   143  0   0.0%   0.452 UG:2    +
  103   134  0   0.0%   0.253 UA:2    +
  121   128  0   0.0%   0.265 UG:1    --:1    +
   90   122  0   0.0%   0.010 UA:1    --:1    +
   96   119  0   0.0%   0.416 UA:2    +
   61   130  0   0.0%   1.010 UG:2    +
   90    97  0   0.0%   0.059 UG:2    +
  105   113  0   0.0%   0.030 CG:2    +
  110   123  0   0.0%   0.384 GU:1    --:1    +
  104   133  0   0.0%   0.260 AU:2    +
  126   137  0   0.0%   0.816 AU:2    +
   46   152  0   0.0%   0.074 UA:2    +
   49   120  0   0.0%   0.077 GC:2    +
   63    73  0   0.0%   0.001 AU:2    +
   83    92  0   0.0%   0.018 CG:2    +
   98   105  0   0.0%   0.048 GC:2    +
  144   157  0   0.0%   0.693 GU:2    +
  138   151  0   0.0%   0.393 UA:2    +
  106   112  0   0.0%   0.039 AU:2    +
  130   138  0   0.0%   0.820 GU:2    +
   39   138  0   0.0%   0.033 AU:2    +
  132   139  0   0.0%   1.211 AU:2    +
   10   149  0   0.0%   0.036 AU:2    +
  104   114  0   0.0%   0.074 AU:2    +
    2   116  0   0.0%   0.049 GC:2    +
  140   146  0   0.0%   0.353 AU:2    +
   38   139  0   0.0%   0.370 GU:2    +
   41    46  0   0.0%   0.102 GU:2    +
   56   121  0   0.0%   0.020 AU:1    --:1    +
   13   139  0   0.0%   0.050 AU:2    +
  137   158  0   0.0%   0.378 UA:2    +
   10   123  0   0.0%   0.038 AU:1    --:1    +
   61    75  0   0.0%   0.006 UA:2    +
   69   109  0   0.0%   0.019 UA:2    +
    4   140  0   0.0%   0.093 UA:2    +
  129   153  0   0.0%   0.345 UA:2    +
   67    90  0   0.0%   0.000 AU:2    +
  125   138  0   0.0%   0.681 GU:2    +
   12   157  0   0.0%   0.343 AU:2    +
  134   139  0   0.0%   0.928 AU:2    +
  137   152  0   0.0%   0.306 UA:2    +
   12   150  0   0.0%   0.342 AU:2    +
   34    41  0   0.0%   0.063 CG:2    +
   44    55  0   0.0%   0.018 AU:2    +
    2    55  0   0.0%   0.041 GU:2    +
    5    46  0   0.0%   0.028 AU:2    +
   64    73  0   0.0%   0.000 AU:2    +
    1   117  0   0.0%   0.162 UA:2    +
   92   123  0   0.0%   0.374 GU:1    --:1    +
    1    56  0   0.0%   0.155 UA:2    +
  139   147  0   0.0%   0.718 UA:2    +
   75   115  0   0.0%   0.329 AU:2    +
   13   156  0   0.0%   0.055 AU:2    +
   55   147  0   0.0%   0.294 UA:2    +
  111   122  0   0.0%   0.029 UA:1    --:1    +
   93   112  0   0.0%   0.018 AU:2    +
   36    54  0   0.0%   0.010 GC:2    +
  103   109  0   0.0%   0.030 UA:2    +
   13   149  0   0.0%   0.050 AU:2    +
   47   118  0   0.0%   0.052 CG:2    +
   97   114  0   0.0%   0.125 GU:2    +
   47   130  0   0.0%   0.044 CG:2    +
   91   103  0   0.0%   0.028 AU:2    +
   91   124  0   0.0%   0.133 AU:2    +
   35    55  0   0.0%   0.009 AU:2    +
   94   116  0   0.0%   0.037 GC:2    +
   37    53  0   0.0%   0.639 UA:2    +
   56   123  0   0.0%   0.016 AU:1    --:1    +
   46   131  0   0.0%   0.047 UA:2    +
    5   123  0   0.0%   0.031 AU:1    --:1    +
   63    90  0   0.0%   0.001 AU:2    +
  133   140  0   0.0%   0.427 UA:2    +
   67   115  0   0.0%   0.305 AU:2    +
   95   115  0   0.0%   0.319 AU:2    +
    4    50  0   0.0%   0.078 UA:2    +
   90   104  0   0.0%   0.005 UA:2    +
   68   114  0   0.0%   0.065 AU:2    +
   61   125  0   0.0%   0.064 UG:2    +
  138   153  0   0.0%   0.466 UA:2    +
  142   153  0   0.0%   0.265 UA:2    +
   46   119  0   0.0%   0.055 UA:2    +
   63   133  0   0.0%   0.524 AU:2    +
   29    47  0   0.0%   0.391 GC:2    +
   55   122  0   0.0%   0.031 UA:1    --:1    +
   30    46  0   0.0%   0.573 AU:2    +
   37    44  0   0.0%   0.634 UA:2    +
  115   125  0   0.0%   0.415 UG:2    +
   55   135  0   0.0%   0.173 UG:2    +
   44   133  0   0.0%   0.013 AU:2    +
   59   137  0   0.0%   0.617 AU:2    +
    6    23  0   0.0%   0.006 GC:2    +
    4    13  0   0.0%   0.000 UA:2    +
   90   125  0   0.0%   0.108 UG:2    +
   46    59  0   0.0%   0.057 UA:2    +
  117   149  0   0.0%   0.213 AU:2    +
   55   158  0   0.0%   0.275 UA:2    +
    4   151  0   0.0%   0.094 UA:2    +
   56   157  0   0.0%   0.304 AU:2    +
    5   150  0   0.0%   0.028 AU:2    +
  141   145  0   0.0%   0.393 GU:2    +
    7    52  0   0.0%   0.097 UA:2    +
  139   152  0   0.0%   0.761 UA:2    +
   95   111  0   0.0%   0.030 AU:2    +
   69   113  0   0.0%   0.027 UG:2    +
    1   152  0   0.0%   0.165 UA:2    +
   52   160  0   0.0%   0.295 AU:2    +
  118   155  0   0.0%   0.198 GC:2    +
    1     5  0   0.0%   0.000 UA:2    +
    8   130  0   0.0%   0.093 CG:2    +
   94   111  0   0.0%   0.047 GU:2    +
   52   150  0   0.0%   0.305 AU:2    +
   55   106  0   0.0%   0.015 UA:2    +
   89    95  0   0.0%   0.031 UA:2    +
   29    34  0   0.0%   0.378 GC:2    +
    3   115  0   0.0%   0.044 AU:2    +
   37   152  0   0.0%   0.633 UA:2    +
  117   156  0   0.0%   0.209 AU:2    +
    2   138  0   0.0%   0.051 GU:2    +
  124   128  0   0.0%   0.492 UG:2    +
   94   114  0   0.0%   0.095 GU:2    +
    1   153  0   0.0%   0.165 UA:2    +
   74   108  0   0.0%   0.029 GC:2    +
   52   157  0   0.0%   0.303 AU:2    +
   73   109  0   0.0%   0.049 UA:2    +
   61   132  0   0.0%   1.463 UA:2    +
   12   149  0   0.0%   0.342 AU:2    +
    7   131  0   0.0%   0.111 UA:2    +
   53   149  0   0.0%   0.346 AU:2    +
   90    94  0   0.0%   0.034 UG:2    +
   38   149  0   0.0%   0.370 GU:2    +
   37   117  0   0.0%   0.633 UA:2    +
   56    61  0   0.0%   0.017 AU:2    +
   46   151  0   0.0%   0.075 UA:2    +
   61   122  0   0.0%   0.061 UA:1    --:1    +
   48   129  0   0.0%   0.145 AU:2    +
  117   146  0   0.0%   0.361 AU:2    +
   61   100  0   0.0%   0.020 UA:2    +
   39   148  0   0.0%   0.034 AU:2    +
    7    13  0   0.0%   0.013 UA:2    +
   94   112  0   0.0%   0.047 GU:2    +
    2   160  0   0.0%   0.056 GU:2    +
  117   150  0   0.0%   0.205 AU:2    +
    7   153  0   0.0%   0.112 UA:2    +
    3   160  0   0.0%   0.052 AU:2    +
    1    13  0   0.0%   0.016 UA:2    +
   48   124  0   0.0%   0.151 AU:2    +
   97   107  0   0.0%   0.069 GC:2    +
   47   125  0   0.0%   0.045 CG:2    +
   55   119  0   0.0%   0.032 UA:2    +
   63   137  0   0.0%   0.559 AU:2    +
   11   128  0   0.0%   0.459 CG:2    +
   44    61  0   0.0%   0.017 AU:2    +
    3   139  0   0.0%   0.051 AU:2    +
   56   146  0   0.0%   0.461 AU:2    +
    3   137  0   0.0%   0.050 AU:2    +
    1   127  0   0.0%   0.165 UA:2    +
  137   154  0   0.0%   0.397 UA:2    +
   96   140  0   0.0%   0.530 UA:2    +
   13   148  0   0.0%   0.050 AU:2    +
   56    96  0   0.0%   0.011 AU:2    +
   46   126  0   0.0%   0.049 UA:2    +
   55    63  0   0.0%   0.015 UA:2    +
   48   157  0   0.0%   0.215 AU:2    +
  112   122  0   0.0%   0.025 UA:1    --:1    +
   63   139  0   0.0%   0.951 AU:2    +
  115   128  0   0.0%   0.643 UG:2    +
  128   137  0   0.0%   0.498 GU:2    +
   15   110  0   0.0%   0.007 CG:2    +
   89   126  0   0.0%   0.372 UA:2    +
  103   143  0   0.0%   0.067 UG:2    +
   55    59  0   0.0%   0.024 UA:2    +
  124   134  0   0.0%   0.547 UA:2    +
   16   109  0   0.0%   0.007 UA:2    +
   64   133  0   0.0%   0.951 AU:2    +
    1   147  0   0.0%   0.165 UA:2    +
    9   129  0   0.0%   0.041 AU:2    +
   17   108  0   0.0%   0.006 GC:2    +
   92   103  0   0.0%   0.026 GU:2    +
   43   147  1   0.5%   0.170 UA:1    +
    9    43  1   0.4%   0.143 AU:1    +
   42   148  1   0.3%   0.135 AU:1    +
   19    33  1   0.2%   0.065 UG:1    +
   65    95  1   0.2%   0.039 UA:1    +
   42    50  1   0.1%   0.133 UA:1    +
   42   154  1   0.1%   0.127 UA:1    +
   58   140  1   0.1%   0.894 UA:1    +
    3    57  1   0.1%   0.059 AU:1    +
   65   115  1   0.1%   0.374 AU:1    +
   60   100  1   0.1%   0.021 UA:1    +
   57   126  1   0.1%   0.032 UA:1    +
    5    43  1   0.1%   0.022 AU:1    +
   72   106  1   0.1%   0.032 UA:1    +
   52   136  1   0.1%   0.030 AU:1    +
   40   155  1   0.1%   0.120 GC:1    +
  119   136  1   0.1%   0.233 AU:1    +
   65   119  1   0.1%   0.124 UA:1    +
   45    57  1   0.0%   0.084 AU:1    +
   44    58  1   0.0%   0.027 AU:1    +
   43    59  1   0.0%   0.108 UA:1    +
   21    34  1   0.0%   0.676 GC:1    +
   65   128  1   0.0%   0.256 UG:1    +
   58   104  1   0.0%   0.018 UA:1    +
   24    31  1   0.0%   0.518 AU:1    +
   42    60  1   0.0%   0.084 AU:1    +
   43   153  1   0.0%   0.126 UA:1    +
   65   117  1   0.0%   0.072 UA:1    +
   65   118  1   0.0%   0.123 UG:1    +
   40    60  1   0.0%   0.091 GU:1    +
   50   136  1   0.0%   0.065 AU:1    +
    6    42  1   0.0%   0.010 GU:1    +
   42    46  1   0.0%   0.112 AU:1    +
   65   127  1   0.0%   0.650 UA:1    +
    9    42  1   0.0%   0.053 AU:1    +
   59   136  1   0.0%   0.481 AU:1    +
   21    28  1   0.0%   0.004 UA:1    +
   40    62  1   0.0%   0.094 GC:1    +
   43   151  1   0.0%   0.123 UA:1    +
    8    40  1   0.0%   0.025 CG:1    +
   58   127  1   0.0%   0.033 UA:1    +
   65   126  1   0.0%   0.440 UA:1    +
   21    29  1   0.0%   0.004 UG:1    +
    9    19  1   0.0%   0.021 AU:1    +
   42    53  1   0.0%   0.085 UA:1    +
   65    93  1   0.0%   0.002 UA:1    +
   65   136  1   0.0%   0.236 AU:1    +
   43    52  1   0.0%   0.094 UA:1    +
  102   127  1   0.0%   0.571 UA:1    +
    5    42  1   0.0%   0.006 AU:1    +
   58   132  1   0.0%   0.894 UA:1    +
   42    61  1   0.0%   0.084 AU:1    +
  100   136  1   0.0%   0.166 AU:1    +
   22    26  1   0.0%   0.002 UG:1    +
  102   134  1   0.0%   0.240 UA:1    +
   42   152  1   0.0%   0.098 UA:1    +
   60   119  1   0.0%   0.020 UA:1    +
    7    21  1   0.0%   0.019 UG:1    +
   60    99  1   0.0%   0.005 UA:1    +
   58   106  1   0.0%   0.015 UA:1    +
    4    21  1   0.0%   0.006 UG:1    +
   57   106  1   0.0%   0.012 UA:1    +
    3    42  1   0.0%   0.019 AU:1    +
   42   153  1   0.0%   0.098 UA:1    +
   42   147  1   0.0%   0.080 UA:1    +
   50    57  1   0.0%   0.059 AU:1    +
   42   158  1   0.0%   0.114 UA:1    +
  102   109  1   0.0%   0.017 UA:1    +
   57   104  1   0.0%   0.012 UA:1    +
   21    27  1   0.0%   0.001 UA:1    +
   60   104  1   0.0%   0.013 UA:1    +
   21    33  1   0.0%   0.683 UA:1    +
   59   102  1   0.0%   0.010 AU:1    +
    5    58  1   0.0%   0.027 AU:1    +
   72   104  1   0.0%   0.018 UA:1    +
   60   131  1   0.0%   1.022 UA:1    +
   57   134  1   0.0%   0.806 UA:1    +
   43   152  1   0.0%   0.121 UA:1    +
   56   102  1   0.0%   0.012 AU:1    +
   52    58  1   0.0%   0.013 AU:1    +
   40    47  1   0.0%   0.127 GC:1    +
   10    43  1   0.0%   0.117 AU:1    +
   65   113  1   0.0%   0.024 UG:1    +
   65   129  1   0.0%   0.398 AU:1    +
   53    58  1   0.0%   0.019 AU:1    +
   42   149  1   0.0%   0.115 AU:1    +
   40    54  1   0.0%   0.095 GC:1    +
  136   158  1   0.0%   0.241 UA:1    +
   42    59  1   0.0%   0.083 UA:1    +
   75   102  1   0.0%   0.016 AU:1    +
  102   131  1   0.0%   0.846 UA:1    +
   60   117  1   0.0%   0.010 UA:1    +
   53    60  1   0.0%   0.011 AU:1    +
   65    99  1   0.0%   0.021 UA:1    +
   65    72  1   0.0%   0.000 AU:1    +
   53    57  1   0.0%   0.019 AU:1    +
    4    42  1   0.0%   0.006 UA:1    +
   65    98  1   0.0%   0.022 UG:1    +
   60   126  1   0.0%   0.021 UA:1    +
  127   136  1   0.0%   0.825 AU:1    +
   58    63  1   0.0%   0.013 UA:1    +
   42   151  1   0.0%   0.098 UA:1    +
   57   119  1   0.0%   0.020 UA:1    +
   42    56  1   0.0%   0.085 UA:1    +
   43    56  1   0.0%   0.100 UA:1    +
   65   124  1   0.0%   0.201 AU:1    +
   33    42  1   0.0%   0.086 AU:1    +
   52    60  1   0.0%   0.005 AU:1    +
   20    26  1   0.0%   0.003 GC:1    +
   52    57  1   0.0%   0.013 AU:1    +
  132   136  1   0.0%   0.688 AU:1    +
   43   134  1   0.0%   0.095 UA:1    +
   42   135  1   0.0%   0.079 UG:1    +
   42   150  1   0.0%   0.111 AU:1    +
   58   126  1   0.0%   0.031 UA:1    +
   45    60  1   0.0%   0.073 AU:1    +
   64    72  1   0.0%   0.000 AU:1    +
   58   119  1   0.0%   0.023 UA:1    +
   13    42  1   0.0%   0.115 AU:1    +
    3    60  1   0.0%   0.044 AU:1    +
   21    25  1   0.0%   0.000 UA:1    +
   39    58  1   0.0%   0.038 AU:1    +
   93   102  1   0.0%   0.008 AU:1    +
   60   134  1   0.0%   0.769 UA:1    +
   13    43  1   0.0%   0.132 AU:1    +
   43    48  1   0.0%   0.222 UA:1    +
    9    31  1   0.0%   0.015 AU:1    +
   42    58  1   0.0%   0.084 AU:1    +
   40    58  1   0.0%   0.094 GU:1    +
  102   132  1   0.0%   0.522 UA:1    +
   57    64  1   0.0%   0.012 UA:1    +
   58   117  1   0.0%   0.014 UA:1    +
  136   153  1   0.0%   0.171 UA:1    +
   39    57  1   0.0%   0.038 AU:1    +
   57   127  1   0.0%   0.027 UA:1    +
   31    44  1   0.0%   0.523 UA:1    +
   31    59  1   0.0%   0.521 UA:1    +
   25    31  1   0.0%   0.514 AU:1    +
   60    95  1   0.0%   0.004 UA:1    +
   65   125  1   0.0%   0.188 UG:1    +
((((.(((.....(((((((.((.....)))))))))...))).))))...((((((((((((((((((((.((((((((...(((.....)))...)))))).)).))))))))........)).)))).))))))..(((((((......))).))))
