6 sequence; length of alignment 157
alifold output
   73   151  0  98.6%   0.105 GC:6   
   75   149  1  98.5%   0.153 UA:5   
   74   150  2  98.5%   0.151 UA:4   
   76   148  1  98.2%   0.168 CG:5   
   72   152  1  97.8%   0.119 UA:5   
   80   145  0  94.8%   0.296 CG:6   
   85   143  0  94.6%   0.524 GC:6   
   86   142  0  94.6%   0.434 GC:6   
   79   146  1  95.0%   0.231 CG:5   
   71   153  0  93.4%   0.260 UG:1    UA:5   
   87   141  2  93.6%   0.467 UG:1    UA:3   
   84   144  2  92.3%   0.415 GC:1    AU:2    UA:1   
   24    33  2  92.2%   0.263 CG:2    UG:1    UA:1   
   23    34  0  92.2%   0.264 GC:6   
   25    32  0  92.2%   0.256 AU:6   
   22    35  0  92.0%   0.280 GC:6   
   26    31  1  91.9%   0.237 CG:5   
   39    62  0  89.2%   0.755 GU:1    AU:5   
   40    61  0  89.3%   0.833 CG:6   
   41    60  0  88.2%   0.798 AU:6   
   88   140  3  88.2%   0.609 GC:3   
   38    63  3  88.1%   0.724 UG:3   
   37    64  1  86.8%   0.535 CG:1    UA:4   
   46    53  0  82.0%   0.922 GC:6   
   45    54  3  81.1%   0.924 AU:2    UA:1   
   70   154  0  79.6%   0.667 GU:6   
  106   137  1  78.3%   1.319 GC:5   
  107   136  2  78.1%   1.256 GC:3    GU:1   
   77   147  1  76.8%   0.704 AU:4    UA:1   
  111   132  2  75.6%   0.898 CG:1    AU:1    UA:2   
   44    55  0  75.4%   1.001 UA:6   
  105   138  2  74.4%   1.469 GU:2    UA:2   
   36    65  0  73.8%   0.809 UA:6   
  108   135  2  74.0%   1.306 GC:1    UA:3   
  112   131  3  74.3%   1.254 GC:3   
  110   133  3  73.8%   1.312 GC:3   
   91    98  0  72.5%   0.771 GC:6   
   92    97  0  68.1%   0.854 UA:6   
   47    52  0  62.8%   1.152 GU:6   
  104   139  3  63.5%   1.262 GC:3   
   90    99  3  62.5%   0.967 AU:1    UA:2   
    5    16  0  44.9%   1.470 CG:4    UA:2    +
    4    17  2  44.8%   1.392 GC:4    +
  113   130  1  43.2%   1.909 UG:5    +
    3    18  3  33.5%   1.460 UA:3    +
  114   128  0  31.3%   1.935 GC:3    UG:3   
  115   127  1  30.6%   1.443 GC:1    UG:2    AU:1    UA:1   
   89   100  3  29.5%   1.146 UG:3    +
   43    58  2  28.8%   1.378 CG:2    UG:2    +
  117   126  2  26.4%   1.460 GC:1    GU:1    AU:2    +
    2    19  3  25.3%   1.258 AU:3    +
   78   147  2  20.0%   1.249 GU:2    AU:2    +
  118   125  1  19.5%   1.414 AU:5    +
    1    20  3  18.4%   1.150 CG:3    +
   91   137  0  14.8%   1.215 GC:6    +
   90   138  2  14.4%   1.279 AU:1    UA:3    +
  116   127  3  14.4%   1.597 UG:2    UA:1    +
    5    11  0  11.7%   0.831 CG:4    UG:2    +
    4    12  1  11.1%   0.867 GC:1    GU:4    +
  114   123  2   8.9%   1.037 GC:2    GU:1    UA:1    +
   16    60  0   7.7%   1.277 GU:4    AU:2    +
   98   130  0   8.6%   1.171 CG:6    +
   47    53  0   8.3%   1.513 GC:6    +
   99   129  3   8.5%   1.119 AU:2    UA:1    +
  115   122  2   8.3%   0.971 GC:1    UG:3    +
  100   128  2   8.2%   1.072 CG:1    GC:3    +
  108   130  1   7.8%   1.045 CG:1    UG:4    +
   46    54  2   8.0%   1.362 GC:1    GU:3    +
   15    61  1   7.7%   0.758 CG:1    UG:4    +
  113   124  1   7.7%   0.854 UG:2    UA:3    +
  109   129  1   7.6%   0.993 GU:1    AU:4    +
   20    56  1   7.6%   1.219 GC:3    UA:2    +
   14    62  0   7.6%   1.020 AU:6    +
   27    46  0   6.5%   0.540 CG:3    UG:3    +
  107   131  1   7.7%   0.928 GC:5    +
   19    57  3   7.4%   1.204 GU:1    AU:1    UA:1    +
   17    59  2   7.7%   1.151 CG:4    +
   18    58  3   7.5%   1.227 CG:1    UG:2    +
    6    10  3   7.1%   0.625 CG:1    UG:1    UA:1    +
   21    55  1   7.3%   0.832 UA:5    +
   32    39  0   5.8%   0.584 UG:1    UA:5    +
   23    53  0   6.6%   0.677 GC:6    +
   10    18  3   6.8%   1.210 GC:1    GU:1    AU:1    +
  110   128  3   7.1%   0.959 CG:1    GC:2    +
   26    47  0   6.5%   0.614 CG:6    +
   11    17  2   7.1%   1.266 GC:4    +
    7    14  2   7.1%   0.831 UA:4    +
   22    54  2   6.6%   0.678 GC:1    GU:3    +
    3    13  0   5.3%   0.601 UG:3    UA:3    +
    8    20  2   6.5%   0.913 CG:3    GU:1    +
    9    19  3   6.2%   0.942 GU:1    UG:1    UA:1    +
  112   125  0   4.8%   0.666 GU:3    AU:3    +
   13    63  3   6.5%   0.878 GU:3    +
  116   121  2   5.9%   0.772 UG:1    UA:3    +
   28    45  3   6.3%   0.529 AU:3    +
   31    40  1   5.9%   0.600 GC:5    +
   29    44  0   5.4%   0.479 AU:6    +
  105   133  1   5.1%   0.896 GC:3    UA:2    +
   45    55  3   5.8%   1.304 UA:3    +
    7    21  3   5.4%   0.801 AU:2    UA:1    +
   30    41  1   5.3%   0.481 UA:5    +
  102   136  2   5.0%   0.749 CG:1    GC:3    +
  103   135  3   4.9%   0.711 AU:1    UA:2    +
    3    14  0   4.3%   0.630 UA:6    +
   12    16  2   4.6%   1.263 UG:3    UA:1    +
  104   115  0   0.0%   0.134 CG:1    GC:1    GU:2    AU:1    UA:1    +
    2    15  2   4.7%   0.500 AU:4    +
   33    38  1   4.0%   0.474 GU:3    AU:2    +
   25    48  3   4.6%   0.531 AU:3    +
    1    16  2   4.4%   0.491 CG:4    +
   85   140  0   3.6%   0.498 GC:6    +
  105   123  2   3.5%   0.456 GC:2    GU:1    UA:1    +
  103   132  0   1.5%   0.359 UG:1    AU:2    UA:3    +
   89   102  0   0.4%   0.529 GC:1    GU:1    UG:3    AU:1    +
   86   139  0   3.3%   0.435 GC:6    +
   10    20  0   1.3%   1.146 CG:3    GU:2    AU:1    +
   12    64  2   3.5%   0.861 UG:1    UA:3    +
   94   115  0   0.0%   0.098 CG:1    GC:1    GU:3    UA:1    +
  106   122  3   3.5%   0.451 GC:3    +
   84   141  3   3.2%   0.405 GU:1    UA:2    +
  106   126  0   0.6%   0.471 GC:1    GU:4    AU:1    +
   82   143  1   3.1%   0.420 GC:5    +
  116   124  0   1.5%   0.845 UG:3    UA:3    +
   11    66  0   1.4%   0.771 GC:4    GU:2    +
   80   146  0   2.4%   0.422 CG:6    +
   13   156  0   0.4%   0.596 GC:1    GU:2    AU:3    +
  106   123  1   2.2%   0.603 GC:2    GU:3    +
   81   145  1   2.2%   0.417 CG:2    UG:3    +
  107   126  0   0.1%   0.331 GC:1    GU:4    AU:1    +
  102   128  0   0.1%   0.399 CG:1    GC:3    UG:2    +
   89   121  1   1.6%   0.663 GC:2    UG:1    UA:2    +
   66    73  0   1.1%   0.258 CG:4    UG:2    +
  126   134  0   0.1%   0.786 CG:1    UG:3    UA:2    +
  120   126  1   1.6%   0.894 GC:1    GU:2    AU:2    +
   90   141  0   0.1%   0.971 UG:1    AU:1    UA:4    +
   10    63  0   0.0%   0.514 CG:3    GU:2    AU:1    +
   93    99  1   1.5%   0.539 GC:1    AU:2    UA:2    +
   13    67  0   0.0%   0.526 GC:1    GU:2    AU:3    +
   16    67  0   0.0%   0.896 GC:1    GU:3    AU:2    +
  117   123  2   1.7%   0.809 GC:1    GU:1    AU:1    UA:1    +
   74   112  0   0.0%   0.054 CG:2    UG:1    UA:3    +
   89   105  0   0.0%   0.485 GU:2    UG:3    AU:1    +
   63    89  0   0.0%   0.379 GU:3    UG:2    UA:1    +
   78   126  0   0.0%   0.036 GC:1    GU:1    AU:4    +
   37   107  0   0.0%   0.156 CG:2    UG:3    UA:1    +
   39    60  0   1.0%   0.543 GU:1    AU:5    +
   89    95  1   1.5%   0.187 GC:1    GU:1    UA:3    +
    5    23  0   0.8%   0.768 CG:4    UG:2    +
    4    24  0   0.8%   0.816 GC:3    GU:3    +
  107   125  0   0.7%   0.319 GU:5    AU:1    +
   96   114  2   1.7%   0.317 CG:2    UG:1    AU:1    +
    3    11  0   1.7%   0.218 UG:6    +
  120   129  2   1.9%   0.967 GU:2    AU:2    +
   88    96  2   1.5%   0.190 GC:2    GU:1    UA:1    +
  112   116  0   0.5%   0.258 GU:3    AU:3    +
   43    57  3   2.0%   0.510 GU:2    UA:1    +
  102   133  1   1.5%   0.443 GC:3    UA:2    +
   86    98  0   1.5%   0.214 GC:6    +
   93   117  3   1.7%   0.276 GU:1    UG:1    UA:1    +
   94   133  2   1.7%   0.396 GC:3    UA:1    +
  107   122  3   2.1%   0.441 GC:3    +
   95   115  2   1.7%   0.274 UG:1    AU:3    +
   90   120  2   1.7%   0.566 UG:2    UA:2    +
   59   142  0   1.3%   0.497 GC:6    +
   58   143  0   1.3%   0.788 GC:6    +
   60   141  1   1.3%   0.562 UG:1    UA:4    +
   53   148  0   1.3%   0.742 CG:6    +
   70   156  0   0.3%   0.414 GC:1    GU:5    +
   61   140  0   1.3%   0.527 GC:6    +
   52   149  0   1.3%   0.495 UA:6    +
  113   118  0   0.2%   0.230 AU:1    UA:5    +
  121   128  3   1.7%   1.496 CG:2    GC:1    +
  108   124  1   0.7%   0.331 CG:1    UG:2    UA:2    +
   92   118  1   1.7%   0.536 UA:5    +
   93   134  3   1.7%   0.364 UG:2    UA:1    +
   27    58  0   0.2%   0.415 CG:3    UG:3    +
   11    67  0   0.2%   0.685 GC:1    GU:5    +
   64   156  0   0.2%   0.432 GC:1    AU:5    +
  109   116  0   0.2%   0.152 GU:1    AU:5    +
   24    61  0   0.2%   0.351 CG:3    UG:3    +
    6    19  2   0.8%   0.766 CG:1    UG:1    AU:1    UA:1    +
   59    66  0   0.1%   0.439 GC:4    GU:2    +
  105   128  0   0.1%   0.520 GC:3    UG:3    +
    7    13  2   1.5%   0.441 UG:1    UA:3    +
    4   156  0   0.1%   0.796 GC:1    GU:5    +
   42    60  0   0.1%   0.469 GU:3    AU:3    +
   58    67  0   0.1%   0.673 GC:1    GU:5    +
  119   130  2   1.8%   1.310 CG:4    +
   36    64  0   0.1%   0.216 UG:1    UA:5    +
   92   100  1   1.1%   0.787 UG:3    UA:2    +
  102   115  1   0.1%   0.168 CG:1    GC:1    GU:2    UA:1    +
   97   113  1   1.6%   0.579 AU:5    +
    5    59  0   0.1%   0.719 CG:4    UG:2    +
  106   129  1   1.1%   0.731 GU:4    AU:1    +
   69    77  0   0.1%   0.121 AU:1    UA:5    +
   47    66  0   0.1%   0.882 GC:4    GU:2    +
   64    75  1   1.1%   0.422 GU:1    AU:4    +
   46    67  0   0.1%   0.686 GC:1    GU:5    +
   49    64  0   0.1%   0.311 UG:1    UA:5    +
  111   117  2   0.7%   0.213 CG:1    UG:1    AU:1    UA:1    +
    6    13  1   0.6%   0.506 CG:1    UG:2    UA:2    +
   35    46  0   1.1%   0.408 CG:6    +
   34    47  0   1.1%   0.403 CG:6    +
   68    78  0   0.1%   0.057 UG:2    UA:4    +
   16    71  0   0.1%   0.900 GU:4    AU:2    +
   13    38  0   0.1%   0.339 GU:3    AU:3    +
    6    14  2   1.7%   0.571 UA:4    +
   16    66  0   0.1%   0.953 GC:4    AU:2    +
   66    70  0   0.1%   0.184 CG:4    UG:2    +
   42    57  2   1.4%   0.400 GU:1    AU:3    +
    4    66  0   0.1%   0.765 GC:4    GU:2    +
    5    70  0   0.1%   0.746 CG:4    UG:2    +
  107   116  0   0.1%   0.146 GU:5    AU:1    +
   89   132  1   0.1%   0.548 GU:1    UG:1    AU:1    UA:2    +
  105   115  1   0.1%   0.146 GC:1    GU:2    UG:1    UA:1    +
   49   153  0   0.1%   0.114 UG:1    UA:5    +
   38    64  0   0.0%   0.564 UG:1    UA:5    +
   44   153  0   0.0%   0.417 UG:1    UA:5    +
   91   119  2   1.7%   0.462 GC:4    +
   64   155  0   0.0%   0.393 GU:1    AU:5    +
   39    71  0   0.0%   0.354 GU:1    AU:5    +
   42    68  0   0.0%   0.117 GU:3    AU:3    +
   68   153  0   0.0%   0.097 UG:1    UA:5    +
    4    67  0   0.0%   0.764 GC:1    GU:5    +
  106   125  0   0.0%   0.354 GU:5    AU:1    +
   37    46  0   0.0%   0.261 CG:2    UG:4    +
   13   155  0   0.0%   0.530 GU:3    AU:3    +
    3   153  0   0.0%   0.789 UG:1    UA:5    +
   92   112  0   0.0%   0.328 UG:3    UA:3    +
   39    44  0   0.0%   0.347 GU:1    AU:5    +
   71    78  0   0.0%   0.027 UG:2    UA:4    +
   92   134  0   0.0%   0.421 UG:4    UA:2    +
   11   156  0   0.0%   0.685 GC:1    GU:5    +
  109   125  0   0.0%   0.179 GU:1    AU:5    +
   13    51  0   0.0%   0.334 GU:3    AU:3    +
   42   155  0   0.0%   0.116 GU:3    AU:3    +
    3    16  0   0.0%   0.501 UG:4    UA:2    +
   46   156  0   0.0%   0.745 GC:1    GU:5    +
  116   134  0   0.0%   0.824 UG:4    UA:2    +
   60    78  0   0.0%   0.395 UG:2    UA:4    +
   13    68  0   0.0%   0.528 GU:3    AU:3    +
  106   116  0   0.0%   0.163 GU:5    AU:1    +
   42    71  0   0.0%   0.094 GU:3    AU:3    +
   16   155  0   0.0%   0.918 GU:4    AU:2    +
    5    47  0   0.0%   0.697 CG:4    UG:2    +
   37    61  0   0.0%   0.242 CG:2    UG:4    +
   27    70  0   0.0%   0.252 CG:3    UG:3    +
   30    39  0   0.0%   0.017 CG:1    UA:5    +
   16    38  0   0.0%   0.677 GU:4    AU:2    +
   16    36  0   0.0%   0.672 GU:4    AU:2    +
   74   130  0   0.0%   0.058 CG:2    UG:4    +
   36    42  0   0.0%   0.020 UG:3    UA:3    +
   31    69  0   0.0%   0.316 GU:5    UA:1    +
   50   153  0   0.0%   0.074 UG:1    UA:5    +
   52    64  0   0.0%   0.598 UG:1    UA:5    +
   42   154  0   0.0%   0.088 GU:3    AU:3    +
   50    64  0   0.0%   0.298 UG:1    UA:5    +
   30    70  0   0.0%   0.227 CG:1    UG:5    +
    5    46  0   0.0%   0.697 CG:4    UG:2    +
   13    50  0   0.0%   0.331 GU:3    AU:3    +
   64    68  0   0.0%   0.311 GU:1    AU:5    +
   16    62  0   0.0%   1.080 GU:4    AU:2    +
  126   130  0   0.0%   1.607 CG:1    UG:5    +
   32    42  0   0.0%   0.277 UG:3    UA:3    +
   16    68  0   0.0%   0.900 GU:4    AU:2    +
   38    42  0   0.0%   0.152 UG:3    UA:3    +
   37    47  0   0.0%   0.256 CG:2    UG:4    +
   66    86  0   0.0%   0.158 CG:4    UG:2    +
   67    85  0   0.0%   0.048 CG:1    UG:5    +
   62    78  0   0.0%   0.359 UG:2    UA:4    +
   42    49  0   0.0%   0.037 GU:3    AU:3    +
  125   134  0   0.0%   0.858 UG:4    UA:2    +
   16   154  0   0.0%   0.894 GU:4    AU:2    +
   74    91  0   0.0%   0.051 CG:2    UG:4    +
   42    51  0   0.0%   0.035 GU:3    AU:3    +
   92   109  0   0.0%   0.322 UG:1    UA:5    +
   13    62  0   0.0%   0.341 GU:3    AU:3    +
    5    61  0   0.0%   0.713 CG:4    UG:2    +
   61    66  0   0.0%   0.461 GC:4    GU:2    +
    3    64  0   0.0%   0.781 UG:1    UA:5    +
   38   109  0   0.0%   0.297 UG:1    UA:5    +
   43   102  1   0.0%   0.484 CG:1    GC:1    GU:1    UG:2    +
    5   130  0   0.0%   0.708 CG:4    UG:2    +
   64    71  0   0.0%   0.284 GU:1    AU:5    +
    5    58  0   0.0%   0.697 CG:4    UG:2    +
   13   154  0   0.0%   0.521 GU:3    AU:3    +
   39    92  0   0.0%   0.341 GU:1    AU:5    +
   74   148  0   0.0%   0.110 CG:2    UG:4    +
   47   156  0   0.0%   0.882 GC:1    GU:5    +
    2    12  2   1.7%   0.208 AU:4    +
    5    22  0   0.0%   0.655 CG:4    UG:2    +
  148   156  0   0.0%   0.186 GC:1    GU:5    +
   13    44  0   0.0%   0.333 GU:3    AU:3    +
   30    61  0   0.0%   0.382 CG:1    UG:5    +
   88   128  0   0.0%   0.074 GC:3    UG:3    +
   13    60  0   0.0%   0.340 GU:3    AU:3    +
   30    47  0   0.0%   0.344 CG:1    UG:5    +
   13    52  0   0.0%   0.331 GU:3    AU:3    +
   51    64  0   0.0%   0.299 UG:1    UA:5    +
   42    50  0   0.0%   0.031 GU:3    AU:3    +
   67    73  0   0.0%   0.098 CG:1    UG:5    +
   58    66  0   0.0%   0.703 GC:4    GU:2    +
   37    85  0   0.0%   0.156 CG:2    UG:4    +
   64   154  0   0.0%   0.359 GU:1    AU:5    +
   24    47  0   0.0%   0.119 CG:3    UG:3    +
    5    73  0   0.0%   0.708 CG:4    UG:2    +
    4    74  0   0.0%   0.762 GC:2    GU:4    +
   39    49  0   0.0%   0.216 GU:1    AU:5    +
   77   113  0   0.0%   0.050 AU:5    UA:1    +
   13    36  0   0.0%   0.324 GU:3    AU:3    +
   16    44  0   0.0%   0.680 GU:4    AU:2    +
   92   106  0   0.0%   0.323 UG:5    UA:1    +
    4    27  0   0.0%   0.740 GC:3    GU:3    +
   82   125  0   0.0%   0.030 GU:5    AU:1    +
   85   126  0   0.0%   0.082 GC:1    GU:5    +
   44    78  0   0.0%   0.402 UG:2    UA:4    +
   92   107  0   0.0%   0.322 UG:5    UA:1    +
   68   134  0   0.0%   0.049 UG:4    UA:2    +
   63   128  0   0.0%   0.379 GC:3    UG:3    +
   92   124  0   0.0%   0.399 UG:3    UA:3    +
   66    85  0   0.0%   0.158 CG:4    UG:2    +
   51   153  0   0.0%   0.121 UG:1    UA:5    +
   13    49  0   0.0%   0.330 GU:3    AU:3    +
   61    67  0   0.0%   0.405 GC:1    GU:5    +
   46    66  0   0.0%   0.721 GC:4    GU:2    +
   66    91  0   0.0%   0.157 CG:4    UG:2    +
   11    74  0   0.0%   0.661 GC:2    GU:4    +
   11    37  0   0.0%   0.577 GC:2    GU:4    +
   27    47  0   0.0%   0.360 CG:3    UG:3    +
   38   106  0   0.0%   0.297 UG:5    UA:1    +
   22   156  0   0.0%   0.368 GC:1    GU:5    +
   23    66  0   0.0%   0.399 GC:4    GU:2    +
   37    59  0   0.0%   0.242 CG:2    UG:4    +
   22    66  0   0.0%   0.410 GC:4    GU:2    +
   47    67  0   0.0%   0.820 GC:1    GU:5    +
  111   120  1   0.5%   0.251 CG:2    UG:1    UA:2    +
   22    67  0   0.0%   0.356 GC:1    GU:5    +
   52   106  0   0.0%   0.328 UG:5    UA:1    +
   37    70  0   0.0%   0.217 CG:2    UG:4    +
   71    82  0   0.0%   0.019 UG:5    UA:1    +
   40    59  0   1.0%   0.587 CG:6    +
   87    97  1   1.5%   0.213 UA:5    +
  117   128  2   1.3%   1.623 GC:2    UG:2    +
   57   144  2   1.3%   0.539 AU:2    UA:2    +
   67   157  1   1.4%   0.282 UA:5    +
   94   116  2   1.6%   0.294 GU:4    +
  104   128  1   0.4%   0.389 CG:1    GC:3    UG:1    +
  108   121  3   1.4%   0.324 UG:1    UA:2    +
  119   127  3   1.4%   1.034 CG:2    AU:1    +
  113   132  1   0.3%   1.077 UG:1    AU:1    UA:3    +
    1    13  3   1.6%   0.209 CG:3    +
    9    21  3   1.1%   0.546 GU:1    AU:1    UA:1    +
    6    22  1   0.8%   0.457 CG:1    UG:4    +
   94    98  2   1.5%   0.510 GC:4    +
  117   125  2   1.1%   0.599 GU:2    AU:2    +
   85    99  2   1.1%   0.180 GC:1    GU:3    +
    7    18  1   0.8%   0.730 AU:2    UA:3    +
   63    76  2   1.1%   0.477 GC:3    UG:1    +
   38    61  0   0.7%   0.472 UG:6    +
   98   112  3   1.5%   0.623 CG:3    +
   96   134  1   0.2%   0.349 CG:2    UG:1    UA:2    +
   91   139  0   0.7%   0.854 GC:6    +
  118   127  3   1.2%   1.296 AU:2    UA:1    +
  121   125  2   1.0%   1.089 GU:1    AU:3    +
   92   135  3   1.4%   0.590 UA:3    +
  100   126  1   0.1%   0.471 GC:1    GU:2    AU:2    +
  114   119  1   0.6%   0.284 GC:3    UA:2    +
    4    10  3   1.4%   0.188 GC:3    +
   96   106  1   0.1%   0.104 CG:2    UG:2    UA:1    +
  104   131  3   1.4%   0.325 GC:3    +
   56   145  2   1.3%   0.403 CG:4    +
   51   150  1   1.1%   0.179 UA:5    +
   49   152  0   0.6%   0.132 UA:6    +
    3    25  0   0.6%   0.825 UA:6    +
  108   134  1   0.1%   0.515 CG:1    UG:2    UA:2    +
  100   111  1   0.1%   0.451 GC:2    GU:1    AU:2    +
  111   134  1   0.1%   0.501 CG:2    UG:2    UA:1    +
   12    18  2   0.9%   1.168 AU:1    UA:3    +
   99   132  1   0.1%   0.752 UG:1    AU:2    UA:2    +
   43    59  2   0.9%   0.831 CG:2    UG:2    +
    1    70  0   0.5%   0.629 CG:6    +
  110   126  1   0.0%   0.234 GC:1    GU:2    AU:2    +
   94   128  1   0.0%   0.180 CG:1    GC:3    UG:1    +
   12    42  1   0.0%   0.512 CG:1    UG:1    UA:3    +
   16   123  1   0.0%   0.895 GC:2    GU:1    AU:2    +
   15   124  1   0.0%   0.365 CG:1    UG:1    UA:3    +
   80    85  0   0.5%   0.087 CG:6    +
   47   154  0   0.5%   0.874 GU:6    +
   89   104  1   0.0%   0.495 GC:1    GU:1    UG:3    +
  108   112  1   0.0%   0.125 CG:1    UG:2    UA:2    +
  113   117  1   0.0%   0.193 UG:2    AU:1    UA:2    +
   94   136  1   0.5%   0.356 CG:1    GC:4    +
   54   147  3   1.0%   0.705 AU:2    UA:1    +
   32    41  0   0.5%   0.488 UA:6    +
   74   110  1   0.0%   0.055 CG:1    UG:2    UA:2    +
  100   123  1   0.0%   0.450 GC:2    GU:1    AU:2    +
   89    94  1   0.0%   0.004 GC:1    GU:1    UG:3    +
   69   132  1   0.0%   0.073 UG:1    AU:1    UA:3    +
  113   120  1   0.5%   0.290 UG:3    UA:2    +
   93   103  1   0.0%   0.107 GU:1    AU:2    UA:2    +
   46   155  0   0.5%   0.759 GU:6    +
   84   129  1   0.0%   0.003 GU:1    AU:3    UA:1    +
  123   134  1   0.0%   0.758 CG:2    UG:2    UA:1    +
  132   138  1   0.0%   0.937 GU:1    AU:2    UA:2    +
   72   132  1   0.0%   0.012 UG:1    AU:1    UA:3    +
  108   141  1   0.0%   0.858 GU:1    UG:1    UA:3    +
   96   107  1   0.0%   0.088 CG:2    UG:2    UA:1    +
   13    37  1   0.0%   0.325 GC:1    GU:2    AU:2    +
  117   135  1   0.0%   1.135 GC:1    AU:2    UA:2    +
   75   121  1   0.0%   0.052 GC:1    UG:1    UA:3    +
   20    43  1   0.0%   0.633 GC:1    GU:2    UG:2    +
   66   134  1   0.0%   0.161 CG:3    UG:1    UA:1    +
   81   106  1   0.0%   0.031 CG:2    UG:2    UA:1    +
   16    37  1   0.0%   0.674 GC:1    GU:3    AU:1    +
   69   117  1   0.0%   0.067 UG:2    AU:1    UA:2    +
   43    88  1   0.0%   0.484 CG:1    GU:2    UG:2    +
   84    93  1   0.0%   0.002 GU:1    AU:2    UA:2    +
   75   117  1   0.0%   0.051 GU:1    UG:2    UA:2    +
   68   157  0   0.5%   0.239 UA:6    +
   96   132  3   0.7%   0.319 UG:1    AU:1    UA:1    +
   33    48  3   0.9%   0.508 GC:1    AU:2    +
   78    87  1   0.4%   0.081 GU:2    AU:3    +
   65    74  2   1.1%   0.463 AU:4    +
  109   126  1   0.4%   0.274 GU:1    AU:4    +
   83   145  2   0.7%   0.369 CG:1    UG:3    +
   12    65  2   1.1%   0.771 UA:4    +
   93   127  2   0.0%   0.149 GU:1    UG:1    AU:1    UA:1    +
  105   124  3   1.1%   0.381 UG:3    +
   82   144  2   0.4%   0.266 GC:1    GU:2    AU:1    +
  111   130  1   0.4%   0.661 CG:2    UG:3    +
   44    58  0   0.4%   1.015 UG:6    +
   44   157  0   0.4%   0.490 UA:6    +
  110   125  1   0.3%   0.213 GU:3    AU:2    +
   91   136  1   0.3%   0.396 GC:4    GU:1    +
   62    77  1   0.8%   0.438 UA:5    +
  104   144  2   0.0%   0.674 GC:1    GU:1    AU:1    UA:1    +
   99   106  2   0.7%   0.559 CG:1    UG:3    +
   99   105  1   0.3%   0.499 UG:3    AU:2    +
   14   155  0   0.3%   0.692 AU:6    +
   25    49  0   0.3%   0.298 AU:6    +
  107   128  3   1.0%   0.597 GC:3    +
  102   126  3   0.8%   0.274 GC:1    GU:2    +
  112   126  1   0.3%   0.456 GU:3    AU:2    +
   36    45  3   1.0%   0.331 UA:3    +
  105   135  2   0.2%   0.746 GC:1    GU:1    UA:2    +
   25    51  0   0.2%   0.307 AU:6    +
   82   102  3   0.5%   0.077 GC:1    GU:1    AU:1    +
   26    59  0   0.2%   0.499 CG:6    +
  114   133  1   0.2%   1.347 GC:3    UA:2    +
   70   155  0   0.2%   0.380 GU:6    +
   98   107  1   0.7%   0.497 CG:5    +
   65   155  0   0.2%   0.465 AU:6    +
  112   129  1   0.2%   0.807 GU:3    AU:2    +
   25    60  0   0.2%   0.529 AU:6    +
   11    19  3   0.9%   1.228 GU:3    +
  113   134  1   0.2%   0.876 UG:4    UA:1    +
   91   131  0   0.2%   0.357 GC:6    +
  123   132  2   0.2%   0.988 CG:1    AU:1    UA:2    +
   92   130  0   0.2%   0.431 UG:6    +
    1    11  0   0.2%   0.032 CG:6    +
    9    16  2   0.2%   0.563 CG:1    UG:2    UA:1    +
   96   130  1   0.2%   0.232 CG:2    UG:3    +
   22    53  0   0.2%   0.160 GC:6    +
  125   130  0   0.2%   1.705 UG:6    +
  123   130  1   0.2%   1.584 CG:2    UG:3    +
  109   123  3   0.6%   0.379 GU:1    AU:2    +
   23    52  0   0.1%   0.145 GU:6    +
   40    47  0   0.1%   0.476 CG:6    +
   60    65  0   0.1%   0.711 UA:6    +
   23    62  0   0.1%   0.537 GU:6    +
    3   157  0   0.1%   0.811 UA:6    +
   25    52  0   0.1%   0.315 AU:6    +
  116   130  0   0.1%   1.578 UG:6    +
  115   130  2   0.5%   1.631 CG:1    UG:3    +
  120   125  1   0.1%   0.808 GU:3    AU:2    +
   80   148  0   0.1%   0.294 CG:6    +
   21    64  1   0.1%   0.593 UG:1    UA:4    +
   79   145  1   0.6%   0.202 CG:5    +
  103   114  1   0.1%   0.151 UG:3    AU:2    +
  130   137  0   0.1%   1.535 GC:6    +
    2    62  0   0.1%   0.607 AU:6    +
    3    61  0   0.1%   0.797 UG:6    +
  140   145  0   0.1%   0.597 CG:6    +
  139   146  0   0.1%   0.645 CG:6    +
    6    11  1   0.1%   0.539 CG:1    UG:4    +
    4    60  0   0.1%   0.768 GU:6    +
   91   140  0   0.1%   0.976 GC:6    +
   28    52  0   0.1%   0.226 AU:6    +
  103   118  1   0.1%   0.162 AU:1    UA:4    +
   40    58  0   0.1%   0.458 CG:6    +
   29    51  0   0.1%   0.207 AU:6    +
   29    49  0   0.1%   0.198 AU:6    +
   28    50  0   0.1%   0.201 AU:6    +
   91    96  1   0.1%   0.083 GC:2    GU:3    +
  106   111  1   0.1%   0.105 GC:2    GU:3    +
  104   126  2   0.1%   0.185 GC:1    GU:2    AU:1    +
  106   115  2   0.1%   0.174 GC:1    GU:2    AU:1    +
    6    58  1   0.1%   0.393 CG:1    UG:4    +
  102   111  2   0.1%   0.099 GC:2    GU:1    UA:1    +
  102   135  2   0.1%   0.330 GC:1    GU:1    UA:2    +
   88   133  1   0.1%   0.093 GC:3    UA:2    +
   11    40  0   0.1%   0.598 GC:6    +
   87   134  1   0.1%   0.114 UG:3    UA:2    +
   29    52  0   0.1%   0.216 AU:6    +
  124   129  1   0.1%   1.037 GU:3    AU:2    +
    4    40  0   0.1%   0.754 GC:6    +
   44    59  0   0.1%   0.718 UG:6    +
    5    20  3   0.8%   1.054 CG:3    +
  105   119  1   0.1%   0.160 GC:3    UA:2    +
   50   152  0   0.1%   0.078 UA:6    +
   88   103  1   0.1%   0.108 GU:3    UA:2    +
    3    41  0   0.1%   0.780 UA:6    +
   11    15  1   0.1%   0.495 GC:1    GU:4    +
   46   151  0   0.1%   0.657 GC:6    +
   96   104  2   0.1%   0.116 CG:2    UG:1    UA:1    +
  115   121  2   0.1%   0.253 GC:1    UG:1    UA:2    +
   40    46  0   0.1%   0.459 CG:6    +
  110   122  3   0.5%   0.322 CG:1    GC:2    +
   29    50  0   0.0%   0.188 AU:6    +
   88   123  2   0.0%   0.084 GC:2    GU:1    UA:1    +
  110   116  1   0.0%   0.130 GU:3    AU:2    +
    9    45  2   0.0%   0.266 GU:1    AU:1    UA:2    +
    1    22  0   0.0%   0.537 CG:6    +
   65    71  0   0.0%   0.333 AU:6    +
  116   120  1   0.0%   0.279 UG:3    UA:2    +
   14    68  0   0.0%   0.646 AU:6    +
    2   155  0   0.0%   0.630 AU:6    +
   53    58  0   0.0%   1.177 CG:6    +
   40    70  0   0.0%   0.449 CG:6    +
   28    51  0   0.0%   0.208 AU:6    +
   13    69  1   0.0%   0.561 GU:2    AU:3    +
   13    21  1   0.0%   0.574 GU:2    AU:3    +
  107   123  1   0.0%   0.390 GC:2    GU:3    +
   85   137  0   0.0%   0.091 GC:6    +
   25    50  0   0.0%   0.275 AU:6    +
   86   136  1   0.0%   0.100 GC:4    GU:1    +
   53    59  0   0.0%   0.889 CG:6    +
   52    59  0   0.0%   0.644 UG:6    +
   87   124  1   0.0%   0.104 UG:3    UA:2    +
  130   139  0   0.0%   1.487 GC:6    +
   11   131  0   0.0%   0.670 GC:6    +
   12   130  1   0.0%   0.681 CG:1    UG:4    +
   14   125  0   0.0%   0.633 AU:6    +
   93   138  2   0.0%   0.532 GU:1    AU:1    UA:2    +
   79    86  1   0.5%   0.087 CG:5    +
   20   119  1   0.0%   0.853 GC:3    UA:2    +
  105   141  2   0.0%   0.970 GU:1    UG:1    UA:2    +
   30    42  1   0.0%   0.172 UG:3    UA:2    +
  103   117  2   0.0%   0.141 UG:2    AU:1    UA:1    +
  127   135  2   0.0%   1.287 GC:1    GU:1    UA:2    +
   13   126  1   0.0%   0.521 GU:3    AU:2    +
    4    21  1   0.5%   0.765 GU:5    +
    4    71  0   0.0%   0.767 GU:6    +
   47    51  0   0.0%   0.275 GU:6    +
   65   154  0   0.0%   0.405 AU:6    +
   81   146  1   0.0%   0.258 CG:2    UG:3    +
  104   135  3   0.3%   0.469 GC:1    GU:1    UA:1    +
   21    39  1   0.0%   0.272 UG:1    UA:4    +
   70   151  0   0.0%   0.098 GC:6    +
    2   154  0   0.0%   0.624 AU:6    +
   11   155  0   0.0%   0.675 GU:6    +
   28    49  0   0.0%   0.199 AU:6    +
   97   125  0   0.0%   0.467 AU:6    +
  137   148  0   0.0%   0.616 CG:6    +
   53    70  0   0.0%   0.642 CG:6    +
  108   128  2   0.0%   0.479 CG:1    GC:1    UG:2    +
  107   129  1   0.0%   0.549 GU:4    AU:1    +
   55    68  0   0.0%   0.644 AU:6    +
   90   134  1   0.0%   0.448 UG:3    UA:2    +
   14   154  0   0.0%   0.635 AU:6    +
  105   111  2   0.0%   0.077 GC:2    GU:1    UA:1    +
   16    48  2   0.0%   0.682 GC:1    GU:1    AU:2    +
    1    61  0   0.0%   0.539 CG:6    +
   53    61  0   0.0%   0.929 CG:6    +
   11    53  0   0.0%   0.590 GC:6    +
    2    60  0   0.0%   0.587 AU:6    +
   16   156  1   0.0%   0.932 GU:4    AU:1    +
   62   157  0   0.0%   0.408 UA:6    +
   32    55  0   0.0%   0.468 UA:6    +
   73   111  1   0.0%   0.057 GC:2    GU:3    +
   36    47  0   0.0%   0.292 UG:6    +
    2    68  0   0.0%   0.596 AU:6    +
   14    50  0   0.0%   0.426 AU:6    +
    4   151  0   0.0%   0.767 GC:6    +
    3    59  0   0.0%   0.775 UG:6    +
    4    15  1   0.0%   0.458 GC:1    GU:4    +
  137   145  0   0.0%   0.787 CG:6    +
  136   146  1   0.0%   0.567 CG:4    UG:1    +
   12    70  1   0.0%   0.726 CG:1    UG:4    +
    3   152  0   0.0%   0.786 UA:6    +
   16    69  1   0.0%   0.928 GU:3    AU:2    +
   28    44  0   0.0%   0.008 AU:6    +
   15    70  1   0.0%   0.411 CG:1    UG:4    +
   55    62  0   0.0%   0.921 AU:6    +
   70   131  0   0.0%   0.089 GC:6    +
  138   144  1   0.0%   0.713 AU:3    UA:2    +
    3    29  0   0.0%   0.769 UA:6    +
   47   155  0   0.0%   0.874 GU:6    +
   71   130  0   0.0%   0.025 UG:6    +
    6    70  1   0.0%   0.420 CG:1    UG:4    +
   72   112  1   0.0%   0.009 UG:2    UA:3    +
   14    71  0   0.0%   0.630 AU:6    +
   19    45  2   0.0%   0.632 GU:1    AU:1    UA:2    +
   11    62  0   0.0%   0.598 GU:6    +
    4   155  0   0.0%   0.771 GU:6    +
   71   152  0   0.0%   0.069 UA:6    +
   88   141  2   0.0%   0.455 GU:1    UG:1    UA:2    +
   70    98  0   0.0%   0.084 GC:6    +
   23    50  0   0.0%   0.119 GU:6    +
   16    21  1   0.0%   0.926 GU:4    AU:1    +
   58    80  0   0.0%   0.621 GC:6    +
   71    97  0   0.0%   0.021 UA:6    +
   88   135  2   0.0%   0.085 GC:1    GU:1    UA:2    +
  107   115  2   0.0%   0.140 GC:1    GU:2    AU:1    +
   85   139  0   0.0%   0.088 GC:6    +
  130   136  1   0.0%   1.418 GC:4    GU:1    +
   47   151  0   0.0%   0.792 GC:6    +
   13   129  1   0.0%   0.519 GU:3    AU:2    +
    3    70  0   0.0%   0.812 UG:6    +
   79   105  2   0.3%   0.090 CG:3    AU:1    +
    1    46  0   0.0%   0.535 CG:6    +
  110   123  2   0.0%   0.324 GC:1    GU:2    AU:1    +
   31    66  1   0.0%   0.349 GC:3    GU:2    +
   69   153  1   0.0%   0.118 UG:1    UA:4    +
    2    71  0   0.0%   0.619 AU:6    +
   96   100  2   0.0%   0.496 CG:2    UG:1    UA:1    +
   53    85  0   0.0%   0.575 CG:6    +
   29    68  0   0.0%   0.214 AU:6    +
   11    68  0   0.0%   0.676 GU:6    +
    9    69  3   0.3%   0.332 GU:1    AU:1    UA:1    +
   68   100  1   0.0%   0.047 UG:3    UA:2    +
   40    73  0   0.0%   0.383 CG:6    +
   61   139  0   0.0%   0.361 GC:6    +
   80    86  0   0.0%   0.059 CG:6    +
   52    61  0   0.0%   0.683 UG:6    +
    6    46  1   0.0%   0.378 CG:1    UG:4    +
   33    37  2   0.0%   0.097 GC:1    GU:2    AU:1    +
   27    31  1   0.0%   0.083 CG:2    UG:3    +
   32    65  0   0.0%   0.336 UA:6    +
  102   123  2   0.0%   0.106 GC:2    GU:1    UA:1    +
   81    85  1   0.0%   0.031 CG:2    UG:3    +
   72   153  1   0.0%   0.141 UG:1    UA:4    +
   33    54  2   0.0%   0.459 GU:2    AU:1    UA:1    +
    4   137  0   0.0%   0.764 GC:6    +
   93   113  2   0.0%   0.073 GU:1    AU:2    UA:1    +
   13    72  1   0.0%   0.516 GU:2    AU:3    +
  115   134  2   0.0%   0.879 CG:1    UG:2    UA:1    +
    4    68  0   0.0%   0.762 GU:6    +
   96   105  2   0.0%   0.100 CG:2    UG:1    AU:1    +
  129   134  1   0.0%   0.782 UG:3    UA:2    +
    7    20  1   0.0%   0.654 UG:3    AU:2    +
    6    64  1   0.0%   0.383 CG:1    UA:4    +
   92   110  1   0.0%   0.324 UG:3    UA:2    +
   64    69  1   0.0%   0.331 GU:1    AU:4    +
   73   131  0   0.0%   0.060 GC:6    +
   22    51  0   0.0%   0.129 GU:6    +
   52    86  0   0.0%   0.329 UG:6    +
   14    36  0   0.0%   0.419 AU:6    +
  114   135  2   0.0%   1.241 GC:1    GU:1    UA:2    +
   67   153  1   0.0%   0.092 UG:1    UA:4    +
   11   151  0   0.0%   0.666 GC:6    +
   88    99  1   0.0%   0.116 GU:3    UA:2    +
   49    55  0   0.0%   0.628 UA:6    +
   88   119  1   0.0%   0.073 GC:3    UA:2    +
    4   154  0   0.0%   0.767 GU:6    +
  107   111  1   0.0%   0.074 GC:2    GU:3    +
   34    59  0   0.0%   0.343 CG:6    +
    3    65  0   0.0%   0.781 UA:6    +
   35    58  0   0.0%   0.339 CG:6    +
    5    42  2   0.0%   0.696 CG:2    UG:1    UA:1    +
  142   146  0   0.0%   0.276 CG:6    +
   33    60  1   0.0%   0.494 GU:3    AU:2    +
  140   148  0   0.0%   0.409 CG:6    +
   21   153  1   0.0%   0.470 UG:1    UA:4    +
   98   145  0   0.0%   0.984 CG:6    +
   36    41  0   0.0%   0.204 UA:6    +
   91   151  0   0.0%   0.699 GC:6    +
   12   150  1   0.0%   0.676 AU:1    UA:4    +
   14    49  0   0.0%   0.422 AU:6    +
   33    49  1   0.0%   0.302 GU:3    AU:2    +
   51    65  0   0.0%   0.329 UA:6    +
  130   140  0   0.0%   1.321 GC:6    +
   85   142  0   0.0%   0.273 GC:6    +
   41   155  0   0.0%   0.350 AU:6    +
   69   134  1   0.0%   0.072 UG:4    UA:1    +
   29    71  0   0.0%   0.192 AU:6    +
   51    61  0   0.0%   0.384 UG:6    +
   49    65  0   0.0%   0.334 UA:6    +
   26    46  0   0.0%   0.087 CG:6    +
   51   152  0   0.0%   0.121 UA:6    +
   12    61  1   0.0%   0.515 CG:1    UG:4    +
   11   154  0   0.0%   0.667 GU:6    +
   91   116  0   0.0%   0.250 GU:6    +
   38    46  0   0.0%   0.381 UG:6    +
   23    51  0   0.0%   0.118 GU:6    +
    7    63  1   0.0%   0.460 UG:3    AU:2    +
   51   149  0   0.0%   0.030 UA:6    +
   98   146  0   0.0%   0.867 CG:6    +
   38    65  0   0.0%   0.589 UA:6    +
  109   113  1   0.0%   0.111 GU:1    AU:4    +
   14    44  0   0.0%   0.425 AU:6    +
   91   111  1   0.0%   0.251 GC:2    GU:3    +
   89    93  2   0.0%   0.002 GU:1    AU:1    UA:2    +
   69   120  1   0.0%   0.070 UG:3    UA:2    +
   33    68  1   0.0%   0.309 GU:3    AU:2    +
    1    58  0   0.0%   0.534 CG:6    +
   11    71  0   0.0%   0.664 GU:6    +
   41    50  0   0.0%   0.218 AU:6    +
   32    61  0   0.0%   0.487 UG:6    +
   46    52  0   0.0%   0.272 GU:6    +
   72    95  1   0.0%   0.006 AU:1    UA:4    +
   68   152  0   0.0%   0.089 UA:6    +
   73    80  0   0.0%   0.053 GC:6    +
   35    70  0   0.0%   0.188 CG:6    +
   55    71  0   0.0%   0.616 AU:6    +
   46   154  0   0.0%   0.653 GU:6    +
   34    70  0   0.0%   0.186 CG:6    +
   72   109  1   0.0%   0.006 UG:1    UA:4    +
   24    31  1   0.0%   0.041 CG:3    UG:2    +
   67   134  1   0.0%   0.051 UG:4    UA:1    +
   29   154  0   0.0%   0.188 AU:6    +
   71   110  1   0.0%   0.019 UG:3    UA:2    +
   12    46  1   0.0%   0.511 CG:1    UG:4    +
   71   157  0   0.0%   0.243 UA:6    +
   96   148  1   0.0%   0.327 CG:2    UG:3    +
   73    92  0   0.0%   0.053 GU:6    +
  106   133  2   0.7%   0.791 GC:4    +
   93   108  2   0.0%   0.068 GU:1    UG:1    AU:2    +
   73   108  1   0.0%   0.053 GC:1    GU:4    +
   17    63  1   0.0%   0.938 CG:3    AU:2    +
   70   111  1   0.0%   0.083 GC:2    GU:3    +
   96   146  1   0.0%   0.384 CG:2    UG:3    +
    9    57  2   0.0%   0.259 GU:1    AU:1    UA:2    +
   28   155  0   0.0%   0.237 AU:6    +
   72    93  2   0.0%   0.006 UG:1    AU:1    UA:2    +
   41    52  0   0.0%   0.227 AU:6    +
   90   112  1   0.0%   0.359 UG:3    UA:2    +
   21    42  1   0.0%   0.263 UG:2    UA:3    +
   47    98  0   0.0%   0.783 GC:6    +
   55    60  0   0.0%   0.983 AU:6    +
   40   146  0   0.0%   0.382 CG:6    +
   70    96  1   0.0%   0.082 GC:2    GU:3    +
    4    62  0   0.0%   0.760 GU:6    +
    2    32  0   0.0%   0.581 AU:6    +
    4   131  0   0.0%   0.763 GC:6    +
   46    51  0   0.0%   0.266 GU:6    +
   33    71  1   0.0%   0.286 GU:3    AU:2    +
   63    84  1   0.0%   0.379 GU:2    UA:3    +
   38   148  0   0.0%   0.297 UG:6    +
   50    55  0   0.0%   0.622 UA:6    +
   86   140  0   0.0%   0.384 GC:6    +
   50   149  0   0.0%   0.028 UA:6    +
   46   143  0   0.0%   0.642 GC:6    +
   47   142  0   0.0%   0.783 GC:6    +
   11    44  0   0.0%   0.589 GU:6    +
   40    91  0   0.0%   0.382 CG:6    +
   30   153  1   0.0%   0.170 UG:1    UA:4    +
   29   155  0   0.0%   0.214 AU:6    +
   73   123  1   0.0%   0.057 GC:2    GU:3    +
   72   124  1   0.0%   0.010 UG:2    UA:3    +
   74   107  1   0.0%   0.051 CG:1    UG:4    +
   50    61  0   0.0%   0.377 UG:6    +
   22    52  0   0.0%   0.128 GU:6    +
   86   137  0   0.0%   0.098 GC:6    +
   33    52  1   0.0%   0.306 GU:3    AU:2    +
   51   148  0   0.0%   0.030 UG:6    +
   33    43  2   0.0%   0.235 GC:1    GU:2    UG:1    +
   37   110  2   0.0%   0.156 CG:1    UG:2    UA:1    +
   44   145  0   0.0%   0.403 UG:6    +
   75   106  1   0.0%   0.050 UG:4    UA:1    +
   73    96  1   0.0%   0.053 GC:2    GU:3    +
   36    61  0   0.0%   0.276 UG:6    +
    1   148  0   0.0%   0.572 CG:6    +
   33    51  1   0.0%   0.301 GU:3    AU:2    +
   23    35  0   0.0%   0.191 GC:6    +
  149   155  0   0.0%   0.160 AU:6    +
   69   112  1   0.0%   0.067 UG:2    UA:3    +
  100   125  1   0.0%   0.446 GU:3    AU:2    +
   63    83  1   0.0%   0.379 GU:3    UA:2    +
   36    70  0   0.0%   0.357 UG:6    +
   29    62  0   0.0%   0.396 AU:6    +
   66    82  1   0.0%   0.158 CG:3    UG:2    +
   27    33  2   0.0%   0.076 CG:2    UG:1    UA:1    +
   53   146  0   0.0%   0.574 CG:6    +
   18    43  2   0.0%   0.642 CG:1    UG:1    AU:2    +
    2    50  0   0.0%   0.582 AU:6    +
   38    55  0   0.0%   0.342 UA:6    +
   75   107  1   0.0%   0.050 UG:4    UA:1    +
   28    32  0   0.0%   0.076 AU:6    +
   15    64  1   0.0%   0.476 CG:1    UA:4    +
   51    58  0   0.0%   0.632 UG:6    +
   86   143  0   0.0%   0.475 GC:6    +
   70    80  0   0.0%   0.082 GC:6    +
   39   156  1   0.0%   0.384 GU:1    AU:4    +
   50    59  0   0.0%   0.333 UG:6    +
   26    70  0   0.0%   0.328 CG:6    +
   41    49  0   0.0%   0.223 AU:6    +
   38   157  0   0.0%   0.321 UA:6    +
   14    38  0   0.0%   0.426 AU:6    +
   70   136  1   0.0%   0.084 GC:4    GU:1    +
   46    80  0   0.0%   0.642 GC:6    +
   72   134  1   0.0%   0.011 UG:3    UA:2    +
  100   113  1   0.0%   0.501 GU:3    AU:2    +
   22    36  0   0.0%   0.137 GU:6    +
   14    51  0   0.0%   0.424 AU:6    +
   73   116  0   0.0%   0.054 GU:6    +
   86   125  0   0.0%   0.094 GU:6    +
   38    47  0   0.0%   0.377 UG:6    +
   52   148  0   0.0%   0.328 UG:6    +
   85   125  0   0.0%   0.083 GU:6    +
   33    44  1   0.0%   0.393 GU:3    AU:2    +
    2    36  0   0.0%   0.581 AU:6    +
   33    50  1   0.0%   0.296 GU:3    AU:2    +
    1    47  0   0.0%   0.534 CG:6    +
    4   136  1   0.0%   0.763 GC:4    GU:1    +
    4    26  0   0.0%   0.739 GC:6    +
   40   148  0   0.0%   0.382 CG:6    +
   34    61  0   0.0%   0.341 CG:6    +
   42   156  1   0.0%   0.127 GU:3    AU:2    +
   62    73  0   0.0%   0.319 UG:6    +
   33    62  1   0.0%   0.491 GU:3    AU:2    +
   70   116  0   0.0%   0.083 GU:6    +
   78   123  1   0.0%   0.037 GC:2    AU:3    +
   87   127  2   0.0%   0.096 UG:2    AU:1    UA:1    +
   50    65  0   0.0%   0.327 UA:6    +
   11    36  0   0.0%   0.577 GU:6    +
   49    58  0   0.0%   0.632 UG:6    +
   41    51  0   0.0%   0.222 AU:6    +
   53    73  0   0.0%   0.573 CG:6    +
    4    35  0   0.0%   0.739 GC:6    +
   36   157  0   0.0%   0.319 UA:6    +
   99   117  2   0.0%   0.540 UG:2    AU:1    UA:1    +
  140   146  0   0.0%   0.472 CG:6    +
   75    94  1   0.0%   0.050 GU:1    UG:4    +
   22    40  0   0.0%   0.144 GC:6    +
   61    68  0   0.0%   0.398 GU:6    +
    1    59  0   0.0%   0.534 CG:6    +
   62    70  0   0.0%   0.386 UG:6    +
  100   116  1   0.0%   0.499 GU:3    AU:2    +
    3   146  0   0.0%   0.782 UG:6    +
   85    98  0   0.0%   0.031 GC:6    +
   64    74  1   0.0%   0.274 GC:1    AU:4    +
  145   151  0   0.0%   0.290 GC:6    +
    3    28  0   0.0%   0.766 UA:6    +
   89   127  2   0.0%   0.532 GC:1    GU:1    UG:2    +
    4    53  0   0.0%   0.745 GC:6    +
   99   114  1   0.0%   0.541 UG:3    AU:2    +
   56    63  1   0.0%   0.563 CG:3    AU:2    +
    3    22  0   0.0%   0.740 UG:6    +
   36    46  0   0.0%   0.291 UG:6    +
   23    49  0   0.0%   0.115 GU:6    +
   17   114  1   0.0%   0.755 CG:3    AU:2    +
   13    54  2   0.0%   0.331 GC:1    GU:1    AU:2    +
   12   118  1   0.0%   0.673 AU:1    UA:4    +
   81    86  1   0.0%   0.030 CG:2    UG:3    +
   10   127  2   0.0%   0.515 CG:2    GC:1    GU:1    +
   65   125  0   0.0%   0.367 AU:6    +
   84   117  2   0.0%   0.002 UG:1    AU:2    UA:1    +
   51    59  0   0.0%   0.340 UG:6    +
   22   151  0   0.0%   0.327 GC:6    +
   42    69  1   0.0%   0.137 GU:2    AU:3    +
   35    47  0   0.0%   0.357 CG:6    +
   50    58  0   0.0%   0.626 UG:6    +
   67    78  1   0.0%   0.047 UG:2    UA:3    +
   14    52  0   0.0%   0.423 AU:6    +
   52    65  0   0.0%   0.627 UA:6    +
   58    68  0   0.0%   0.658 GU:6    +
   64   126  1   0.0%   0.326 GU:1    AU:4    +
   49    59  0   0.0%   0.339 UG:6    +
   28   154  0   0.0%   0.211 AU:6    +
   12    73  1   0.0%   0.673 CG:1    UG:4    +
   59    80  0   0.0%   0.329 GC:6    +
   41    62  0   0.0%   0.630 AU:6    +
  136   148  1   0.0%   0.507 CG:4    UG:1    +
   70   139  0   0.0%   0.086 GC:6    +
    1   145  0   0.0%   0.572 CG:6    +
   94   119  1   0.0%   0.236 GC:4    UA:1    +
   28    68  0   0.0%   0.236 AU:6    +
    2    49  0   0.0%   0.582 AU:6    +
   58    81  1   0.0%   0.619 GC:2    GU:3    +
   72    78  1   0.0%   0.013 UG:2    UA:3    +
   14    60  0   0.0%   0.431 AU:6    +
   20   111  2   0.0%   0.846 GC:2    GU:1    UA:1    +
   80   130  0   0.0%   0.061 CG:6    +
   15    47  1   0.0%   0.161 CG:1    UG:4    +
   69   100  1   0.0%   0.068 UG:3    UA:2    +
   36    86  0   0.0%   0.295 UG:6    +
   32   152  0   0.0%   0.273 UA:6    +
   78   111  1   0.0%   0.035 GC:2    AU:3    +
  139   145  0   0.0%   0.741 CG:6    +
   26    58  0   0.0%   0.455 CG:6    +
   46    50  0   0.0%   0.261 GU:6    +
   65    92  0   0.0%   0.364 AU:6    +
   15    59  1   0.0%   0.167 CG:1    UG:4    +
   52    58  0   0.0%   0.928 UG:6    +
    4    50  0   0.0%   0.745 GU:6    +
   66   100  1   0.0%   0.157 CG:3    UA:2    +
   25    71  0   0.0%   0.309 AU:6    +
    4   142  0   0.0%   0.763 GC:6    +
   85    92  0   0.0%   0.030 GU:6    +
   61   137  0   0.0%   0.360 GC:6    +
   38    59  0   0.0%   0.364 UG:6    +
   59    68  0   0.0%   0.367 GU:6    +
    4   139  0   0.0%   0.763 GC:6    +
    4   140  0   0.0%   0.763 GC:6    +
   12    22  1   0.0%   0.546 CG:1    UG:4    +
    6    47  1   0.0%   0.376 CG:1    UG:4    +
   22    50  0   0.0%   0.129 GU:6    +
   68    73  0   0.0%   0.092 UG:6    +
    2    44  0   0.0%   0.581 AU:6    +
   51    55  0   0.0%   0.628 UA:6    +
   62    85  0   0.0%   0.359 UG:6    +
   59   139  0   0.0%   0.328 GC:6    +
  139   148  0   0.0%   0.573 CG:6    +
   54   104  2   0.0%   0.565 UG:2    AU:1    UA:1    +
   58   140  0   0.0%   0.619 GC:6    +
   46    68  0   0.0%   0.679 GU:6    +
   38    58  0   0.0%   0.357 UG:6    +
    4    36  0   0.0%   0.739 GU:6    +
    4    49  0   0.0%   0.745 GU:6    +
   11    52  0   0.0%   0.586 GU:6    +
   60    97  0   0.0%   0.393 UA:6    +
   61    96  1   0.0%   0.359 GC:2    GU:3    +
   59    98  0   0.0%   0.328 GC:6    +
   41   154  0   0.0%   0.324 AU:6    +
   90   109  1   0.0%   0.359 UG:1    UA:4    +
   12    47  1   0.0%   0.509 CG:1    UG:4    +
   49   149  0   0.0%   0.035 UA:6    +
   91   108  1   0.0%   0.250 GC:1    GU:4    +
   53    91  0   0.0%   0.574 CG:6    +
   69    78  1   0.0%   0.073 UG:2    UA:3    +
   61    80  0   0.0%   0.360 GC:6    +
   31   156  1   0.0%   0.307 GC:1    GU:4    +
   35    61  0   0.0%   0.343 CG:6    +
   22    34  0   0.0%   0.050 GC:6    +
   87   106  1   0.0%   0.094 UG:4    UA:1    +
    3   141  1   0.0%   0.782 UG:1    UA:4    +
   32    70  0   0.0%   0.332 UG:6    +
   81   103  3   0.5%   0.080 AU:1    UA:2    +
  118   123  2   0.3%   0.738 AU:3    UA:1    +
  103   124  2   0.3%   0.157 UG:1    UA:3    +
   97   108  2   0.6%   0.442 AU:4    +
  111   118  2   0.3%   0.206 AU:1    UA:3    +
  122   128  2   0.3%   1.506 CG:2    GC:2    +
  105   134  3   0.4%   0.615 UG:1    UA:2    +
    2    69  1   0.4%   0.665 AU:5    +
  115   132  3   0.2%   1.103 GU:1    UG:1    UA:1    +
  104   136  2   0.3%   0.460 CG:1    GC:3    +
  110   127  3   0.2%   0.122 GC:1    GU:1    AU:1    +
   96   109  3   0.4%   0.155 UG:1    UA:2    +
  104   125  2   0.2%   0.161 GU:3    AU:1    +
   19    67  3   0.1%   0.871 GC:1    GU:1    AU:1    +
   47    56  2   0.5%   1.038 GC:4    +
  105   130  3   0.6%   0.597 UG:3    +
  110   115  3   0.1%   0.132 GC:1    GU:1    AU:1    +
   90   100  2   0.2%   0.726 UG:2    UA:2    +
   19    37  3   0.1%   0.634 GC:1    GU:1    AU:1    +
   19    66  3   0.1%   0.904 GC:1    GU:1    AU:1    +
   98   106  1   0.3%   0.440 CG:5    +
  104   133  2   0.2%   0.357 GC:3    UA:1    +
  115   123  3   0.1%   0.823 GU:1    AU:1    UA:1    +
  100   135  3   0.1%   0.740 GC:1    GU:1    AU:1    +
   48   153  3   0.6%   0.326 UA:3    +
  102   107  3   0.1%   0.115 CG:1    UG:1    UA:1    +
   94   135  3   0.1%   0.322 GC:1    GU:1    UA:1    +
   69   157  1   0.3%   0.263 UA:5    +
  108   115  3   0.1%   0.147 CG:1    GU:1    UA:1    +
   39    48  2   0.1%   0.396 GC:1    AU:3    +
   10   132  3   0.0%   0.523 CG:1    GU:1    AU:1    +
   10   156  3   0.0%   0.539 GC:1    GU:1    AU:1    +
  102   141  3   0.0%   0.674 GU:1    UG:1    UA:1    +
   84   138  3   0.0%   0.012 GU:1    AU:1    UA:1    +
  112   127  3   0.0%   0.302 GC:1    GU:1    AU:1    +
  103   134  2   0.1%   0.300 UG:3    UA:1    +
   93   111  3   0.0%   0.075 GU:1    AU:1    UA:1    +
  103   129  3   0.3%   0.373 AU:2    UA:1    +
   94   110  3   0.0%   0.099 CG:1    GC:1    UA:1    +
   19   156  3   0.0%   0.888 GC:1    GU:1    AU:1    +
  111   115  3   0.0%   0.137 UG:1    AU:1    UA:1    +
  102   119  2   0.1%   0.176 GC:3    UA:1    +
  110   135  3   0.0%   1.008 GC:1    GU:1    AU:1    +
   18    69  2   0.1%   0.909 AU:3    UA:1    +
   18    42  3   0.0%   0.644 CG:1    UG:1    UA:1    +
   83   101  3   0.5%   0.083 UA:3    +
  127   134  3   0.0%   0.950 CG:1    UG:1    UA:1    +
  104   123  3   0.3%   0.122 GC:2    GU:1    +
   90    94  3   0.5%   0.083 UG:3    +
  102   106  3   0.0%   0.127 CG:1    UG:1    UA:1    +
   54    84  3   0.0%   0.566 UG:1    AU:1    UA:1    +
    9    20  3   0.0%   0.747 CG:1    UG:1    AU:1    +
   96   127  3   0.0%   0.190 CG:1    UG:1    UA:1    +
   33    40  3   0.5%   0.468 GC:3    +
    8    70  1   0.3%   0.288 CG:5    +
    5    19  3   0.0%   0.964 CG:1    UG:1    UA:1    +
  100   144  3   0.0%   0.836 GC:1    GU:1    AU:1    +
  132   136  3   0.0%   0.802 GC:1    UG:1    AU:1    +
  105   144  3   0.0%   0.865 GC:1    GU:1    UA:1    +
   93   104  3   0.0%   0.096 GU:1    UG:1    UA:1    +
    9    48  3   0.0%   0.260 GC:1    AU:1    UA:1    +
  120   135  3   0.0%   0.789 GC:1    GU:1    AU:1    +
   96   110  3   0.0%   0.113 CG:1    UG:1    UA:1    +
  102   144  3   0.0%   0.576 GC:1    GU:1    UA:1    +
    9    63  3   0.0%   0.268 CG:1    UG:1    AU:1    +
   90   115  3   0.0%   0.358 UG:1    AU:1    UA:1    +
   78   135  3   0.0%   0.036 GC:1    GU:1    AU:1    +
   69   115  3   0.0%   0.067 UG:1    AU:1    UA:1    +
   13   127  3   0.0%   0.517 GC:1    GU:1    AU:1    +
   93   123  3   0.0%   0.146 GU:1    AU:1    UA:1    +
   10    37  3   0.0%   0.495 GC:1    GU:1    AU:1    +
   94   126  2   0.1%   0.183 GC:1    GU:3    +
   12    39  2   0.1%   0.517 UG:1    UA:3    +
  100   136  2   0.1%   0.728 GC:3    AU:1    +
   15    20  2   0.1%   0.767 UG:3    AU:1    +
   92   138  3   0.5%   0.830 UA:3    +
   46    57  2   0.4%   1.028 GU:4    +
  103   110  2   0.1%   0.074 UG:2    UA:2    +
  121   129  3   0.2%   1.062 GU:1    AU:2    +
  101   126  2   0.4%   0.175 AU:4    +
   99   109  2   0.1%   0.502 CG:1    UA:3    +
   48    55  3   0.5%   0.848 UA:3    +
  108   120  3   0.2%   0.171 UG:2    UA:1    +
   10    68  3   0.2%   0.542 GU:2    AU:1    +
   11    43  2   0.0%   0.593 GC:2    GU:2    +
  104   116  2   0.0%   0.138 GU:3    AU:1    +
   47    54  2   0.0%   1.309 GC:1    GU:3    +
   82   142  1   0.2%   0.125 GC:5    +
  114   131  3   0.5%   1.317 GC:3    +
  120   128  2   0.0%   1.157 CG:1    GC:3    +
  106   136  2   0.0%   0.653 GC:3    GU:1    +
   95   103  2   0.0%   0.113 AU:3    UA:1    +
  105   136  2   0.0%   0.704 GC:3    UG:1    +
   19   120  2   0.0%   0.845 GC:1    UG:3    +
   54    58  2   0.0%   1.173 CG:1    UG:3    +
   45   156  3   0.4%   0.696 AU:3    +
   88   136  2   0.0%   0.090 GC:3    UG:1    +
  104   119  2   0.0%   0.144 GC:3    UA:1    +
  103   109  2   0.0%   0.085 UG:1    UA:3    +
   81   147  3   0.2%   0.723 AU:1    UA:2    +
   80   104  3   0.4%   0.102 CG:3    +
  103   120  2   0.0%   0.151 UG:3    UA:1    +
   88   138  2   0.0%   0.105 GU:2    UA:2    +
   92   132  2   0.0%   0.425 UG:1    UA:3    +
    4     9  2   0.0%   0.013 GC:1    GU:3    +
   99   112  2   0.0%   0.542 CG:1    UA:3    +
  101   125  1   0.2%   0.126 AU:5    +
   12    20  2   0.0%   1.096 UG:3    AU:1    +
  117   133  2   0.0%   1.232 GC:2    UA:2    +
   91    99  2   0.0%   0.589 GC:1    GU:3    +
   89   122  2   0.0%   0.537 GC:2    UG:2    +
  103   112  2   0.0%   0.130 UG:1    UA:3    +
   15   153  2   0.0%   0.365 UG:1    UA:3    +
   99   124  2   0.0%   0.494 CG:1    UA:3    +
    8    63  2   0.0%   0.217 CG:3    GU:1    +
  102   113  2   0.0%   0.144 GU:3    UA:1    +
   78   108  2   0.0%   0.035 GU:1    AU:3    +
   43    70  2   0.0%   0.550 CG:2    UG:2    +
    7    16  2   0.0%   0.753 UG:3    UA:1    +
    7    48  2   0.0%   0.453 AU:2    UA:2    +
    6    16  2   0.0%   0.796 UG:3    UA:1    +
    9    46  2   0.0%   0.264 CG:1    UG:3    +
   12    63  2   0.0%   0.518 UG:3    AU:1    +
   87   100  2   0.0%   0.090 UG:2    UA:2    +
   95    99  2   0.0%   0.475 AU:3    UA:1    +
   39    74  2   0.0%   0.341 GU:1    AU:3    +
   99   107  2   0.0%   0.501 CG:1    UG:3    +
    4    48  2   0.0%   0.746 GC:1    GU:3    +
   83   102  2   0.0%   0.055 UG:3    AU:1    +
   15    39  2   0.0%   0.165 UG:1    UA:3    +
  122   136  2   0.0%   0.903 CG:1    GC:3    +
   97   129  1   0.2%   0.488 AU:5    +
  100   129  2   0.0%   0.871 GU:2    AU:2    +
   83   130  2   0.0%   0.034 CG:1    UG:3    +
   99   130  2   0.0%   0.925 CG:1    UG:3    +
   89   118  2   0.0%   0.467 AU:1    UA:3    +
   63   138  2   0.0%   0.382 GU:2    UA:2    +
   99   118  2   0.0%   0.545 AU:1    UA:3    +
   92   104  2   0.0%   0.350 UG:3    UA:1    +
    4    43  2   0.0%   0.745 GC:2    GU:2    +
   79    88  2   0.0%   0.032 CG:3    AU:1    +
    6    45  2   0.0%   0.376 AU:1    UA:3    +
  110   129  2   0.0%   0.774 GU:2    AU:2    +
   20    69  2   0.0%   0.898 GU:3    UA:1    +
   63    69  2   0.0%   0.387 GU:3    UA:1    +
   81   100  2   0.0%   0.003 CG:2    UA:2    +
   33    66  2   0.0%   0.362 GC:3    AU:1    +
  126   132  2   0.0%   0.990 CG:1    UA:3    +
   87   120  2   0.0%   0.095 UG:2    UA:2    +
  105   113  2   0.0%   0.131 GU:3    UA:1    +
   99   145  2   0.0%   0.951 CG:1    UG:3    +
   76    88  2   0.0%   0.057 CG:3    GU:1    +
   37    42  2   0.0%   0.030 UG:3    UA:1    +
   15    42  2   0.0%   0.162 UG:2    UA:2    +
  125   132  2   0.0%   1.078 UG:1    UA:3    +
   79   102  2   0.0%   0.033 CG:3    AU:1    +
  114   136  2   0.0%   1.175 GC:3    UG:1    +
   79   104  2   0.0%   0.032 CG:3    AU:1    +
   68   121  2   0.0%   0.047 UG:1    UA:3    +
   15    63  2   0.0%   0.546 UG:3    AU:1    +
    9    70  2   0.0%   0.327 CG:1    UG:3    +
   92   117  2   0.0%   0.324 UG:2    UA:2    +
   78   103  2   0.0%   0.034 GU:2    AU:2    +
   74    78  2   0.0%   0.059 UG:2    UA:2    +
   76   110  2   0.0%   0.060 CG:3    GC:1    +
  116   132  2   0.0%   1.035 UG:1    UA:3    +
   68    84  2   0.0%   0.047 UG:1    UA:3    +
   95   147  2   0.0%   0.727 AU:3    UA:1    +
   77    89  2   0.0%   0.049 AU:3    UA:1    +
   54    59  2   0.0%   0.879 CG:1    UG:3    +
   43    48  2   0.0%   0.203 GU:2    UA:2    +
  103   144  2   0.0%   0.489 AU:2    UA:2    +
   71   132  2   0.0%   0.025 UG:1    UA:3    +
    9    47  2   0.0%   0.262 CG:1    UG:3    +
   84   102  2   0.0%   0.028 UG:2    AU:2    +
   12   153  2   0.0%   0.678 UG:1    UA:3    +
   46    99  2   0.0%   0.642 GC:1    GU:3    +
   39   147  2   0.0%   0.341 GU:1    AU:3    +
   63    72  2   0.0%   0.329 GU:3    UA:1    +
   76   120  2   0.0%   0.061 CG:3    GC:1    +
   54    61  2   0.0%   0.919 CG:1    UG:3    +
  120   136  2   0.0%   0.721 GC:3    AU:1    +
  129   141  2   0.0%   0.872 UG:1    UA:3    +
   83   146  2   0.0%   0.216 CG:1    UG:3    +
    6   153  2   0.0%   0.387 UG:1    UA:3    +
   72   114  2   0.0%   0.007 UG:3    AU:1    +
    3   132  2   0.0%   0.782 UG:1    UA:3    +
    9   153  2   0.0%   0.282 CG:1    UA:3    +
   85   144  2   0.0%   0.407 GC:1    GU:3    +
   74    94  2   0.0%   0.051 CG:1    UG:3    +
   37    94  2   0.0%   0.156 CG:1    UG:3    +
   42   103  2   0.0%   0.081 GU:2    AU:2    +
   33    67  2   0.0%   0.307 GU:3    AU:1    +
   54   146  2   0.0%   0.565 CG:1    UG:3    +
   48    78  2   0.0%   0.230 CG:1    UA:3    +
   38    84  2   0.0%   0.297 UG:1    UA:3    +
   62    84  2   0.0%   0.359 UG:1    UA:3    +
   84   126  2   0.0%   0.004 GC:1    AU:3    +
   82    99  2   0.0%   0.001 GC:1    GU:3    +
   43   146  2   0.0%   0.484 CG:2    UG:2    +
   74   132  2   0.0%   0.058 UG:1    UA:3    +
    7   153  2   0.0%   0.458 UG:1    UA:3    +
   16    43  2   0.0%   0.680 GC:2    GU:2    +
   33    69  2   0.0%   0.330 GU:3    AU:1    +
   54    70  2   0.0%   0.631 CG:1    UG:3    +
   76   105  2   0.0%   0.058 CG:3    GU:1    +
   43    47  2   0.0%   0.247 CG:2    UG:2    +
   48    59  2   0.0%   0.535 CG:1    UG:3    +
   54   145  2   0.0%   0.565 CG:1    UG:3    +
   76   114  2   0.0%   0.059 CG:3    GU:1    +
   81   120  2   0.0%   0.031 CG:2    UA:2    +
   83   124  2   0.0%   0.032 CG:1    UA:3    +
    8   122  2   0.0%   0.223 CG:3    GC:1    +
   91   115  2   0.0%   0.249 GC:1    GU:3    +
   18   113  2   0.0%   0.851 AU:3    UA:1    +
   63    75  2   0.0%   0.329 GU:3    UG:1    +
   45    77  2   0.0%   0.575 AU:1    UA:3    +
   63   136  2   0.0%   0.379 GC:3    UG:1    +
   72   120  2   0.0%   0.010 UG:3    UA:1    +
   16   115  2   0.0%   0.886 GC:1    GU:3    +
   83   104  2   0.0%   0.054 UG:3    AU:1    +
   21    63  2   0.0%   0.639 UG:3    AU:1    +
   66    78  2   0.0%   0.158 CG:2    UA:2    +
    5    78  2   0.0%   0.708 CG:2    UA:2    +
   56   102  2   0.0%   0.236 CG:3    AU:1    +
   67   117  2   0.0%   0.047 UG:2    UA:2    +
   42   147  2   0.0%   0.081 GU:2    AU:2    +
   76   100  2   0.0%   0.058 CG:3    GC:1    +
   68   117  2   0.0%   0.046 UG:2    UA:2    +
    9    58  2   0.0%   0.265 CG:1    UG:3    +
   58    99  2   0.0%   0.619 GC:1    GU:3    +
   39    57  2   0.0%   0.394 GU:1    AU:3    +
   83   141  3   0.2%   0.119 CG:1    UA:2    +
   20    37  3   0.2%   0.656 GC:1    GU:2    +
  117   129  3   0.2%   1.177 GU:1    AU:2    +
  111   124  3   0.2%   0.270 UG:2    UA:1    +
  102   124  3   0.1%   0.134 CG:1    UG:2    +
  106   127  3   0.1%   0.353 GC:1    GU:2    +
    2    21  1   0.1%   0.597 AU:5    +
  102   125  3   0.4%   0.184 GU:3    +
   92   101  1   0.1%   0.392 UA:5    +
  101   116  1   0.1%   0.160 AU:5    +
  114   126  3   0.1%   0.533 GC:1    GU:2    +
  118   126  2   0.3%   1.033 AU:4    +
   70    76  1   0.1%   0.143 GC:5    +
    8    22  1   0.1%   0.259 CG:5    +
  102   130  3   0.1%   0.424 CG:1    UG:2    +
    4     8  1   0.1%   0.021 GC:5    +
   91   102  3   0.1%   0.309 GC:1    GU:2    +
   37    63  3   0.1%   0.245 CG:1    UG:2    +
   96   124  3   0.1%   0.204 UG:2    UA:1    +
   21    65  1   0.1%   0.534 UA:5    +
  110   131  3   0.3%   0.621 GC:3    +
  115   124  3   0.1%   0.682 UG:1    UA:2    +
   14    21  1   0.1%   0.678 AU:5    +
  104   129  3   0.1%   0.380 GU:2    AU:1    +
  127   133  3   0.1%   1.384 GC:2    UA:1    +
   31    50  1   0.1%   0.282 GU:5    +
   90   103  3   0.1%   0.402 AU:1    UA:2    +
   90    97  1   0.1%   0.109 UA:5    +
   19    68  3   0.1%   0.874 GU:2    AU:1    +
   99   121  3   0.1%   0.554 UG:1    UA:2    +
  107   139  1   0.1%   1.131 GC:5    +
  106   140  1   0.1%   0.943 GC:5    +
    5    39  3   0.1%   0.704 CG:1    UA:2    +
   30    55  1   0.0%   0.365 UA:5    +
   94   111  3   0.0%   0.108 GC:2    GU:1    +
    3    19  3   0.0%   1.086 UG:2    UA:1    +
    9    13  3   0.0%   0.328 UG:2    UA:1    +
    8    46  1   0.0%   0.215 CG:5    +
  108   138  3   0.0%   1.162 GU:1    UA:2    +
    2   156  1   0.0%   0.634 AU:5    +
   19    38  3   0.0%   0.638 GU:2    AU:1    +
  100   108  3   0.0%   0.469 GU:2    AU:1    +
  107   113  1   0.0%   0.130 GU:5    +
  112   123  3   0.0%   0.384 GU:2    AU:1    +
  106   131  1   0.0%   0.477 GC:5    +
   10    44  3   0.0%   0.505 GU:2    AU:1    +
   41    69  1   0.0%   0.377 AU:5    +
   96   102  3   0.0%   0.134 CG:2    UG:1    +
    9   133  3   0.0%   0.286 GC:1    UA:2    +
  106   114  3   0.0%   0.157 GU:2    AU:1    +
  128   132  3   0.0%   1.403 CG:1    GU:2    +
  107   137  1   0.0%   1.164 GC:5    +
  107   114  3   0.0%   0.135 GU:2    AU:1    +
    2    30  1   0.0%   0.586 AU:5    +
    1    31  1   0.0%   0.538 CG:5    +
   64    72  1   0.0%   0.280 AU:5    +
  107   135  3   0.0%   0.714 GC:1    GU:2    +
  121   126  3   0.0%   0.968 GU:1    AU:2    +
   69   152  1   0.0%   0.117 UA:5    +
  100   138  3   0.0%   0.989 GU:2    AU:1    +
   82   140  1   0.0%   0.090 GC:5    +
  104   111  3   0.0%   0.072 GC:2    GU:1    +
   31    54  3   0.0%   0.445 GC:1    GU:2    +
    7   135  3   0.0%   0.459 AU:1    UA:2    +
    3    10  3   0.0%   0.006 UG:2    UA:1    +
  118   135  3   0.0%   1.019 AU:2    UA:1    +
  106   135  3   0.0%   0.682 GC:1    GU:2    +
   81   141  3   0.0%   0.091 UG:1    UA:2    +
   54    69  3   0.0%   0.624 AU:2    UA:1    +
   71   150  1   0.0%   0.077 UA:5    +
  115   120  3   0.0%   0.249 CG:1    UG:2    +
  103   121  3   0.0%   0.154 UG:1    UA:2    +
   87   103  3   0.0%   0.122 AU:1    UA:2    +
  109   114  3   0.0%   0.119 GU:1    AU:2    +
   93   112  3   0.0%   0.077 UG:2    UA:1    +
  113   121  3   0.0%   0.262 UG:1    UA:2    +
   19   155  3   0.0%   0.874 GU:2    AU:1    +
   70    79  1   0.0%   0.085 GC:5    +
   31    53  1   0.0%   0.453 GC:5    +
   18    46  3   0.0%   0.649 CG:1    UG:2    +
  106   113  1   0.0%   0.148 GU:5    +
   11    18  3   0.0%   1.122 GC:1    GU:2    +
   90   101  2   0.2%   0.420 UA:4    +
  105   126  3   0.0%   0.330 GC:1    GU:2    +
   66   153  3   0.0%   0.204 CG:1    UA:2    +
    5    13  3   0.0%   0.476 CG:1    UG:2    +
   89   101  3   0.3%   0.500 UA:3    +
   75   109  1   0.0%   0.054 UA:5    +
   81   104  3   0.0%   0.055 CG:2    UA:1    +
   96   135  3   0.0%   0.315 AU:1    UA:2    +
   13    18  3   0.0%   0.952 GC:1    GU:2    +
   87   104  3   0.0%   0.119 UG:2    UA:1    +
   72   149  1   0.0%   0.067 UA:5    +
   14   156  1   0.0%   0.687 AU:5    +
  107   127  3   0.0%   0.212 GC:1    GU:2    +
   41   156  1   0.0%   0.364 AU:5    +
   65   156  1   0.0%   0.464 AU:5    +
  122   126  3   0.0%   1.069 GC:1    GU:2    +
   96   112  3   0.0%   0.116 UG:2    UA:1    +
   21   157  1   0.0%   0.492 UA:5    +
   12   157  2   0.2%   0.720 UA:4    +
   59    79  1   0.0%   0.330 GC:5    +
  106   139  1   0.0%   1.089 GC:5    +
   80   106  1   0.0%   0.059 CG:5    +
   95   138  3   0.0%   0.459 AU:2    UA:1    +
  104   108  3   0.0%   0.090 GU:2    AU:1    +
    2    67  1   0.0%   0.594 AU:5    +
   19    36  3   0.0%   0.614 GU:2    AU:1    +
   28    57  2   0.2%   0.420 AU:4    +
   67   101  1   0.0%   0.049 UA:5    +
   76    91  1   0.0%   0.059 CG:5    +
   14    67  1   0.0%   0.636 AU:5    +
    4    69  1   0.0%   0.785 GU:5    +
  108   133  3   0.0%   0.716 GC:1    UA:2    +
  127   136  3   0.0%   1.213 CG:1    GC:2    +
   99   110  3   0.0%   0.478 UG:2    UA:1    +
  135   147  3   0.0%   1.081 AU:2    UA:1    +
    8    47  1   0.0%   0.210 CG:5    +
   31    49  1   0.0%   0.277 GU:5    +
   31    51  1   0.0%   0.282 GU:5    +
   28    69  1   0.0%   0.259 AU:5    +
   54    63  3   0.0%   0.890 UG:2    AU:1    +
   41    72  1   0.0%   0.319 AU:5    +
  110   136  3   0.0%   0.942 GC:2    AU:1    +
   11    21  1   0.0%   0.822 GU:5    +
   31   151  1   0.0%   0.266 GC:5    +
   11    69  1   0.0%   0.702 GU:5    +
  102   138  3   0.0%   0.736 GU:2    UA:1    +
   10   155  3   0.0%   0.523 GU:2    AU:1    +
   97   126  1   0.0%   0.464 AU:5    +
   90   121  3   0.0%   0.494 UG:1    UA:2    +
   88   134  3   0.0%   0.089 UG:1    UA:2    +
   30   152  1   0.0%   0.168 UA:5    +
   14    69  1   0.0%   0.668 AU:5    +
    4    18  3   0.0%   1.040 GC:1    GU:2    +
   76   107  1   0.0%   0.059 CG:5    +
    8    16  2   0.2%   0.540 CG:4    +
   65    69  1   0.0%   0.370 AU:5    +
  127   138  3   0.0%   1.348 GU:2    UA:1    +
   31    52  1   0.0%   0.288 GU:5    +
   32   150  1   0.0%   0.272 UA:5    +
   31    38  1   0.0%   0.096 GU:5    +
   19   154  3   0.0%   0.846 GU:2    AU:1    +
   82   131  1   0.0%   0.032 GC:5    +
   99   144  3   0.0%   0.844 AU:2    UA:1    +
    7    45  3   0.0%   0.450 AU:1    UA:2    +
  102   134  3   0.0%   0.338 CG:1    UA:2    +
  106   143  1   0.0%   0.840 GC:5    +
  107   142  1   0.0%   0.778 GC:5    +
   50   150  1   0.0%   0.029 UA:5    +
   78    89  3   0.0%   0.034 GU:2    AU:1    +
   90   117  3   0.0%   0.359 UG:1    UA:2    +
   67   152  1   0.0%   0.090 UA:5    +
   92   150  1   0.0%   0.562 UA:5    +
   39    43  3   0.0%   0.184 GC:1    AU:2    +
   93   116  3   0.0%   0.073 GU:1    AU:2    +
   90   152  1   0.0%   0.787 UA:5    +
   87    99  3   0.0%   0.138 AU:1    UA:2    +
   16    20  3   0.0%   1.278 GU:1    AU:2    +
   31    43  3   0.0%   0.254 GC:1    GU:2    +
   15    48  3   0.0%   0.160 AU:1    UA:2    +
    5   153  3   0.0%   0.710 CG:1    UA:2    +
   86   127  3   0.0%   0.092 GC:1    GU:2    +
  101   113  1   0.0%   0.140 AU:5    +
   19    39  3   0.0%   0.632 UG:1    UA:2    +
   65    87  1   0.0%   0.364 AU:5    +
   13    43  3   0.0%   0.334 GC:1    AU:2    +
   71   118  1   0.0%   0.022 UA:5    +
   89   153  3   0.0%   0.647 UG:1    UA:2    +
  102   112  3   0.0%   0.144 CG:1    UG:2    +
  130   135  3   0.0%   1.489 GC:1    GU:2    +
   13    45  3   0.0%   0.335 GU:2    AU:1    +
   73    79  1   0.0%   0.055 GC:5    +
   91   113  1   0.0%   0.250 GU:5    +
  127   132  3   0.0%   1.156 AU:1    UA:2    +
   90   104  3   0.0%   0.387 UG:2    UA:1    +
   21    41  1   0.0%   0.267 UA:5    +
   64    88  3   0.0%   0.324 GU:1    AU:2    +
   39    45  3   0.0%   0.410 GU:1    AU:2    +
   21   152  1   0.0%   0.467 UA:5    +
   13    66  3   0.0%   0.574 GC:1    GU:2    +
   73   113  1   0.0%   0.054 GU:5    +
    8    58  1   0.0%   0.213 CG:5    +
   72   117  3   0.0%   0.007 UG:2    UA:1    +
   28    72  1   0.0%   0.206 AU:5    +
   81    99  3   0.0%   0.001 AU:1    UA:2    +
   49   150  1   0.0%   0.036 UA:5    +
   82    98  1   0.0%   0.002 GC:5    +
   91   135  3   0.0%   0.336 GC:1    GU:2    +
   79    85  1   0.0%   0.004 CG:5    +
   74    93  3   0.0%   0.051 UG:1    UA:2    +
   76   106  1   0.0%   0.058 CG:5    +
  109   138  3   0.0%   0.855 GU:1    AU:2    +
   44   101  1   0.0%   0.402 UA:5    +
   40   107  1   0.0%   0.382 CG:5    +
   45   100  3   0.0%   0.575 UG:1    UA:2    +
   25    30  1   0.0%   0.032 AU:5    +
   28   156  1   0.0%   0.249 AU:5    +
   19   153  3   0.0%   0.844 UG:1    UA:2    +
   61    79  1   0.0%   0.360 GC:5    +
   84    96  3   0.0%   0.002 GU:1    AU:2    +
   41    90  1   0.0%   0.318 AU:5    +
  134   138  3   0.0%   0.723 GU:2    AU:1    +
   74   122  3   0.0%   0.056 CG:1    UG:2    +
   76    85  1   0.0%   0.058 CG:5    +
   45   144  3   0.0%   0.575 AU:2    UA:1    +
   55    69  1   0.0%   0.662 AU:5    +
   20    42  3   0.0%   0.635 UG:2    UA:1    +
   31    48  3   0.0%   0.394 GC:1    GU:2    +
   38    93  3   0.0%   0.297 UG:1    UA:2    +
   69    97  1   0.0%   0.067 UA:5    +
   77    84  3   0.0%   0.050 AU:2    UA:1    +
   80   107  1   0.0%   0.058 CG:5    +
   79   148  1   0.0%   0.208 CG:5    +
   67   122  3   0.0%   0.050 CG:1    UG:2    +
  135   150  3   0.0%   0.565 AU:1    UA:2    +
    6    57  3   0.0%   0.376 AU:1    UA:2    +
  114   134  3   0.0%   0.904 UG:1    UA:2    +
  105   109  3   0.0%   0.081 UG:1    UA:2    +
   21    70  1   0.0%   0.524 UG:5    +
   48   141  3   0.0%   0.230 UG:1    UA:2    +
   76    82  1   0.0%   0.057 CG:5    +
   42    89  3   0.0%   0.081 GU:1    AU:2    +
   36   150  1   0.0%   0.296 UA:5    +
   19    42  3   0.0%   0.629 UG:1    UA:2    +
   10    48  3   0.0%   0.500 GU:2    AU:1    +
   42    48  3   0.0%   0.207 GU:2    AU:1    +
   40    82  1   0.0%   0.382 CG:5    +
   87   132  3   0.0%   0.100 UG:1    UA:2    +
   10   154  3   0.0%   0.520 GU:2    AU:1    +
   39    83  3   0.0%   0.341 GU:1    AU:2    +
   39    54  3   0.0%   0.373 GU:1    AU:2    +
   88   126  3   0.0%   0.076 GC:1    GU:2    +
   47    79  1   0.0%   0.783 GC:5    +
   18    70  3   0.0%   0.911 CG:1    UG:2    +
   86   102  3   0.0%   0.117 GC:1    GU:2    +
    8   148  1   0.0%   0.226 CG:5    +
   31    35  1   0.0%   0.158 GC:5    +
   75   147  3   0.0%   0.098 GU:1    UA:2    +
   83   127  3   0.0%   0.029 UG:2    AU:1    +
   49    77  1   0.0%   0.035 UA:5    +
   93   106  3   0.0%   0.069 UG:2    UA:1    +
   78    83  3   0.0%   0.009 GU:2    AU:1    +
  150   154  1   0.0%   0.287 AU:5    +
    3    31  1   0.0%   0.770 UG:5    +
   76   146  1   0.0%   0.059 CG:5    +
   27    64  3   0.0%   0.319 UG:1    UA:2    +
  124   138  3   0.0%   0.986 GU:1    AU:2    +
   82   105  3   0.0%   0.048 GU:2    AU:1    +
   31    68  1   0.0%   0.294 GU:5    +
   31    62  1   0.0%   0.476 GU:5    +
   65    72  1   0.0%   0.317 AU:5    +
   20    64  3   0.0%   0.947 UG:1    UA:2    +
   19    44  3   0.0%   0.627 GU:2    AU:1    +
   76   130  1   0.0%   0.063 CG:5    +
   89   116  3   0.0%   0.464 GU:2    AU:1    +
   86   135  3   0.0%   0.093 GC:1    GU:2    +
   84   123  3   0.0%   0.005 GC:1    AU:2    +
    9   121  3   0.0%   0.277 CG:1    UA:2    +
  100   115  3   0.0%   0.503 GC:1    GU:2    +
   68   118  1   0.0%   0.048 UA:5    +
   16    63  3   0.0%   1.065 GU:1    AU:2    +
    4    72  1   0.0%   0.762 GU:5    +
   91   129  1   0.0%   0.320 GU:5    +
   72    97  1   0.0%   0.007 UA:5    +
   77   127  3   0.0%   0.050 AU:2    UA:1    +
   93   126  3   0.0%   0.142 GU:1    AU:2    +
   92   127  3   0.0%   0.394 UG:2    UA:1    +
   82   139  1   0.0%   0.029 GC:5    +
   18    57  3   0.0%   0.640 AU:2    UA:1    +
   46    76  1   0.0%   0.641 GC:5    +
   52   150  1   0.0%   0.434 UA:5    +
    2    72  1   0.0%   0.618 AU:5    +
   10    36  3   0.0%   0.495 GU:2    AU:1    +
  106   142  1   0.0%   0.748 GC:5    +
   14    72  1   0.0%   0.625 AU:5    +
    9   128  3   0.0%   0.277 GC:1    UG:2    +
   66   124  3   0.0%   0.161 CG:1    UG:2    +
   29    67  1   0.0%   0.212 AU:5    +
   67    82  1   0.0%   0.047 UG:5    +
   64   127  3   0.0%   0.324 GC:1    AU:2    +
   68    77  1   0.0%   0.080 UA:5    +
   10   129  3   0.0%   0.515 GU:2    AU:1    +
   94   123  3   0.0%   0.170 GC:2    GU:1    +
   67    84  3   0.0%   0.047 UG:1    UA:2    +
   68   101  1   0.0%   0.047 UA:5    +
   47    75  1   0.0%   0.782 GU:5    +
   61    69  1   0.0%   0.418 GU:5    +
   30    63  3   0.0%   0.363 CG:1    UG:2    +
  152   156  1   0.0%   0.168 AU:5    +
   75   148  1   0.0%   0.108 UG:5    +
   65   126  1   0.0%   0.366 AU:5    +
    8    61  1   0.0%   0.216 CG:5    +
   10    38  3   0.0%   0.495 GU:2    AU:1    +
   19    71  3   0.0%   0.847 GU:2    AU:1    +
   64    93  3   0.0%   0.324 GU:1    AU:2    +
    4    79  1   0.0%   0.762 GC:5    +
   93   124  3   0.0%   0.146 UG:2    UA:1    +
   89   125  3   0.0%   0.535 GU:2    AU:1    +
  149   156  1   0.0%   0.173 AU:5    +
    8    59  1   0.0%   0.215 CG:5    +
   90   130  1   0.0%   0.432 UG:5    +
   61    76  1   0.0%   0.359 GC:5    +
   96   121  3   0.0%   0.245 CG:1    UA:2    +
    5   141  3   0.0%   0.708 CG:1    UA:2    +
  150   155  1   0.0%   0.156 AU:5    +
   29    69  1   0.0%   0.235 AU:5    +
   36    77  1   0.0%   0.295 UA:5    +
   42    54  3   0.0%   0.193 GU:2    AU:1    +
   21    57  3   0.0%   0.642 AU:1    UA:2    +
   75    86  1   0.0%   0.050 UG:5    +
   77   116  1   0.0%   0.050 AU:5    +
   84   104  3   0.0%   0.027 UG:2    AU:1    +
   54    90  3   0.0%   0.565 AU:2    UA:1    +
   38    77  1   0.0%   0.297 UA:5    +
   14   126  1   0.0%   0.630 AU:5    +
   78   115  3   0.0%   0.034 GU:2    AU:1    +
   10    62  3   0.0%   0.506 GU:2    AU:1    +
   20    57  3   0.0%   1.019 GU:2    UA:1    +
    9    14  3   0.2%   0.443 UA:3    +
  116   128  3   0.2%   1.547 UG:3    +
  124   131  3   0.2%   1.014 GC:3    +
  101   138  3   0.2%   0.474 AU:3    +
   46    56  2   0.1%   0.826 GC:4    +
   88   137  3   0.2%   0.123 GC:3    +
  102   137  3   0.2%   0.734 GC:3    +
   17    70  2   0.1%   0.822 CG:4    +
  100   139  3   0.2%   0.858 GC:3    +
  107   119  3   0.2%   0.180 GC:3    +
   41    57  2   0.1%   0.421 AU:4    +
   95   125  2   0.1%   0.158 AU:4    +
  101   129  2   0.1%   0.353 AU:4    +
   98   128  3   0.2%   0.537 CG:3    +
   20    66  3   0.2%   0.938 GC:3    +
   97   103  2   0.1%   0.390 AU:4    +
  105   139  3   0.2%   1.189 GC:3    +
  103   130  2   0.1%   0.371 UG:4    +
   98   104  3   0.1%   0.425 CG:3    +
   16    40  2   0.1%   0.695 GC:4    +
  107   133  2   0.1%   0.796 GC:4    +
   94   137  2   0.1%   0.588 GC:4    +
   98   134  2   0.1%   0.828 CG:4    +
   97   105  3   0.1%   0.385 AU:3    +
  122   131  3   0.1%   1.050 GC:3    +
   15    41  2   0.0%   0.169 UA:4    +
  108   118  3   0.1%   0.154 UA:3    +
   14    37  2   0.0%   0.427 AU:4    +
    8   134  2   0.0%   0.231 CG:4    +
   37    65  2   0.0%   0.451 UA:4    +
   20    36  3   0.1%   0.633 GU:3    +
    1    63  3   0.1%   0.558 CG:3    +
   21   118  2   0.0%   0.470 UA:4    +
    7    47  2   0.0%   0.455 UG:4    +
  134   139  2   0.0%   0.651 GC:4    +
   91   133  2   0.0%   0.344 GC:4    +
   22    63  3   0.1%   0.530 GU:3    +
   94   131  2   0.0%   0.194 GC:4    +
   17    47  2   0.0%   0.557 CG:4    +
    2    20  3   0.1%   0.895 AU:3    +
   90   132  3   0.1%   0.457 UA:3    +
   20    65  3   0.1%   0.899 UA:3    +
   10    16  3   0.1%   0.791 CG:3    +
  118   129  2   0.0%   1.049 AU:4    +
  102   140  3   0.1%   0.729 GC:3    +
    2     7  2   0.0%   0.005 AU:4    +
   94   139  2   0.0%   0.436 GC:4    +
  102   139  3   0.1%   0.591 GC:3    +
  104   140  3   0.1%   0.837 GC:3    +
    6    65  2   0.0%   0.386 UA:4    +
    7    64  2   0.0%   0.456 UA:4    +
   87   101  2   0.0%   0.119 UA:4    +
   97   123  3   0.1%   0.472 AU:3    +
   72    77  2   0.0%   0.055 UA:4    +
   56    61  2   0.0%   0.595 CG:4    +
   98   122  3   0.1%   0.517 CG:3    +
  103   107  2   0.0%   0.094 UG:4    +
  116   122  3   0.1%   0.765 UG:3    +
    7    11  2   0.0%   0.341 UG:4    +
   15   157  2   0.0%   0.385 UA:4    +
   48    65  3   0.1%   0.536 UA:3    +
   79   106  2   0.0%   0.054 CG:4    +
   79   107  2   0.0%   0.055 CG:4    +
   82   103  2   0.0%   0.055 GU:4    +
  101   108  3   0.1%   0.120 AU:3    +
   77    90  2   0.0%   0.051 AU:4    +
   65   103  2   0.0%   0.365 AU:4    +
   45    58  3   0.1%   1.182 UG:3    +
    7    23  2   0.0%   0.488 UG:4    +
    6   157  2   0.0%   0.394 UA:4    +
    2     6  2   0.0%   0.001 AU:4    +
   37    41  2   0.0%   0.215 UA:4    +
   70   133  2   0.0%   0.088 GC:4    +
   91   103  2   0.0%   0.289 GU:4    +
    6    41  2   0.0%   0.380 UA:4    +
   17    61  2   0.0%   0.954 CG:4    +
    7    65  2   0.0%   0.455 UA:4    +
    7   157  2   0.0%   0.465 UA:4    +
   56    70  2   0.0%   0.304 CG:4    +
  134   140  2   0.0%   0.484 GC:4    +
    7    70  2   0.0%   0.488 UG:4    +
   70   119  2   0.0%   0.086 GC:4    +
   17    46  2   0.0%   0.555 CG:4    +
   18    68  3   0.1%   0.876 AU:3    +
   97   147  2   0.0%   1.049 AU:4    +
   94   140  2   0.0%   0.577 GC:4    +
   47    57  2   0.0%   1.147 GU:4    +
    2    57  2   0.0%   0.582 AU:4    +
   55   147  2   0.0%   0.651 AU:4    +
   56   146  2   0.0%   0.292 CG:4    +
   39   108  2   0.0%   0.341 AU:4    +
   71    95  2   0.0%   0.018 UA:4    +
   72    94  2   0.0%   0.006 UG:4    +
   12    41  2   0.0%   0.506 UA:4    +
    6   152  2   0.0%   0.386 UA:4    +
   77    87  2   0.0%   0.049 AU:4    +
   37   149  2   0.0%   0.156 UA:4    +
   75   150  2   0.0%   0.134 UA:4    +
  134   151  2   0.0%   0.191 GC:4    +
    2   147  2   0.0%   0.618 AU:4    +
    7   149  2   0.0%   0.455 UA:4    +
    7    59  2   0.0%   0.460 UG:4    +
   11    56  2   0.0%   0.588 GC:4    +
   73   133  2   0.0%   0.058 GC:4    +
   15    65  2   0.0%   0.406 UA:4    +
   36    95  2   0.0%   0.295 UA:4    +
   12    55  2   0.0%   0.505 UA:4    +
   79   134  2   0.0%   0.056 CG:4    +
   95   116  2   0.0%   0.202 AU:4    +
   41   147  2   0.0%   0.318 AU:4    +
   17    58  2   0.0%   0.556 CG:4    +
   86   103  2   0.0%   0.118 GU:4    +
  147   157  2   0.0%   0.740 UA:4    +
   11   119  2   0.0%   0.661 GC:4    +
   77   129  2   0.0%   0.050 AU:4    +
   50    95  2   0.0%   0.027 UA:4    +
   51    94  2   0.0%   0.029 UG:4    +
   17    22  2   0.0%   0.598 CG:4    +
   29    57  2   0.0%   0.386 AU:4    +
   73   119  2   0.0%   0.057 GC:4    +
    7   152  2   0.0%   0.457 UA:4    +
   74   149  2   0.0%   0.110 UA:4    +
   74   118  2   0.0%   0.055 UA:4    +
   16   151  2   0.0%   0.891 GC:4    +
   15   152  2   0.0%   0.361 UA:4    +
    6   149  2   0.0%   0.384 UA:4    +
   57   145  2   0.0%   0.483 UG:4    +
   71    94  2   0.0%   0.018 UG:4    +
   55   103  2   0.0%   0.604 AU:4    +
   62    95  2   0.0%   0.358 UA:4    +
    1   134  2   0.0%   0.572 CG:4    +
    6    39  2   0.0%   0.379 UA:4    +
   12   152  2   0.0%   0.677 UA:4    +
   41   103  2   0.0%   0.318 AU:4    +
    7    41  2   0.0%   0.453 UA:4    +
  104   113  3   0.1%   0.133 GU:3    +
   50    63  3   0.1%   0.358 UG:3    +
    3    20  3   0.1%   1.066 UG:3    +
  105   116  3   0.1%   0.152 GU:3    +
  106   119  3   0.1%   0.181 GC:3    +
  114   124  3   0.1%   0.683 UG:3    +
  102   131  3   0.1%   0.208 GC:3    +
  100   131  3   0.1%   0.679 GC:3    +
   98   102  3   0.1%   0.429 CG:3    +
   18    67  3   0.1%   0.862 AU:3    +
  114   130  3   0.1%   1.587 UG:3    +
   18    38  3   0.1%   0.651 AU:3    +
  105   112  3   0.1%   0.135 UG:3    +
   45   152  3   0.1%   0.589 UA:3    +
  114   125  3   0.1%   0.615 GU:3    +
  105   125  3   0.1%   0.307 GU:3    +
   63   157  3   0.1%   0.441 UA:3    +
   36    63  3   0.0%   0.268 UG:3    +
   14    20  3   0.0%   1.017 AU:3    +
   45    68  3   0.0%   0.616 AU:3    +
  120   133  3   0.0%   0.889 GC:3    +
  119   134  3   0.0%   0.428 CG:3    +
   98   110  3   0.0%   0.440 CG:3    +
  125   135  3   0.0%   1.201 UA:3    +
  108   132  3   0.0%   0.495 UA:3    +
  100   137  3   0.0%   0.976 GC:3    +
   17   122  3   0.0%   0.763 CG:3    +
   88   139  3   0.0%   0.220 GC:3    +
  103   141  3   0.0%   0.593 UA:3    +
  128   134  3   0.0%   1.192 CG:3    +
  106   138  3   0.0%   1.172 GU:3    +
  105   137  3   0.0%   0.804 GC:3    +
   63   156  3   0.0%   0.457 GU:3    +
   20    40  3   0.0%   0.648 GC:3    +
   41    45  3   0.0%   0.429 AU:3    +
  104   137  3   0.0%   0.547 GC:3    +
    9    64  3   0.0%   0.267 UA:3    +
  102   142  3   0.0%   0.550 GC:3    +
   98   124  3   0.0%   0.517 CG:3    +
   38    45  3   0.0%   0.375 UA:3    +
   20    67  3   0.0%   0.878 GU:3    +
   19    41  3   0.0%   0.635 UA:3    +
   97   111  3   0.0%   0.390 AU:3    +
   18   156  3   0.0%   0.895 AU:3    +
  104   142  3   0.0%   0.649 GC:3    +
  100   140  3   0.0%   0.981 GC:3    +
   31    56  3   0.0%   0.461 GC:3    +
  100   133  3   0.0%   0.738 GC:3    +
   93    97  3   0.0%   0.335 UA:3    +
   63    73  3   0.0%   0.332 UG:3    +
  106   128  3   0.0%   0.592 GC:3    +
   63   139  3   0.0%   0.384 GC:3    +
   20   155  3   0.0%   0.882 GU:3    +
   80   105  3   0.0%   0.077 CG:3    +
   13    19  3   0.0%   0.931 AU:3    +
   90    95  3   0.0%   0.093 UA:3    +
  122   130  3   0.0%   1.446 CG:3    +
  128   137  3   0.0%   1.544 GC:3    +
    9   157  3   0.0%   0.292 UA:3    +
   39    63  3   0.0%   0.659 AU:3    +
   20   156  3   0.0%   0.895 GU:3    +
    2     9  3   0.0%   0.005 AU:3    +
  109   115  3   0.0%   0.129 AU:3    +
   62   138  3   0.0%   0.361 UA:3    +
   14    19  3   0.0%   1.019 AU:3    +
   11    20  3   0.0%   1.174 GU:3    +
   18   155  3   0.0%   0.881 AU:3    +
  101   111  3   0.0%   0.087 AU:3    +
  126   135  3   0.0%   1.114 UA:3    +
   98   105  3   0.0%   0.405 CG:3    +
    9    65  3   0.0%   0.265 UA:3    +
  122   129  3   0.0%   1.083 GU:3    +
   94    99  3   0.0%   0.502 GU:3    +
   13    20  3   0.0%   0.921 GU:3    +
   92   128  3   0.0%   0.396 UG:3    +
   66   102  3   0.0%   0.159 CG:3    +
  101   123  3   0.0%   0.096 AU:3    +
   64   138  3   0.0%   0.327 AU:3    +
   63   137  3   0.0%   0.381 GC:3    +
   99   104  3   0.0%   0.457 UG:3    +
    2    45  3   0.0%   0.583 AU:3    +
  105   131  3   0.0%   0.371 GC:3    +
  128   139  3   0.0%   1.503 GC:3    +
  105   140  3   0.0%   1.021 GC:3    +
   55    83  3   0.0%   0.605 AU:3    +
   20    38  3   0.0%   0.641 GU:3    +
   56    82  3   0.0%   0.238 CG:3    +
  100   143  3   0.0%   0.901 GC:3    +
   99   134  3   0.0%   0.791 UG:3    +
   19   157  3   0.0%   0.868 UA:3    +
   95   113  3   0.0%   0.069 AU:3    +
   29    48  3   0.0%   0.304 AU:3    +
   18    36  3   0.0%   0.634 AU:3    +
   88    98  3   0.0%   0.128 GC:3    +
   94   103  3   0.0%   0.133 GU:3    +
  124   137  3   0.0%   0.947 GC:3    +
   93   109  3   0.0%   0.070 UA:3    +
   89    97  3   0.0%   0.128 UA:3    +
   90   135  3   0.0%   0.440 UA:3    +
   45   157  3   0.0%   0.649 UA:3    +
   10    70  3   0.0%   0.565 CG:3    +
   20   154  3   0.0%   0.855 GU:3    +
   89   134  3   0.0%   0.546 UG:3    +
    2    27  3   0.0%   0.579 AU:3    +
   85   128  3   0.0%   0.081 GC:3    +
  107   138  3   0.0%   1.199 GU:3    +
    3   138  3   0.0%   0.783 UA:3    +
   53    63  3   0.0%   0.898 CG:3    +
   20   157  3   0.0%   0.875 UA:3    +
  141   147  3   0.0%   0.841 AU:3    +
   92   114  3   0.0%   0.324 UG:3    +
  124   139  3   0.0%   0.906 GC:3    +
   94   108  3   0.0%   0.093 GU:3    +
   29    54  3   0.0%   0.362 AU:3    +
  120   131  3   0.0%   0.849 GC:3    +
   93   149  3   0.0%   0.288 UA:3    +
  110   137  3   0.0%   1.038 GC:3    +
   51    63  3   0.0%   0.355 UG:3    +
  125   138  3   0.0%   1.263 UA:3    +
    4    19  3   0.0%   1.025 GU:3    +
   20    44  3   0.0%   0.634 GU:3    +
   20   153  3   0.0%   0.852 UA:3    +
   10    46  3   0.0%   0.504 CG:3    +
   95   108  3   0.0%   0.068 AU:3    +
   92   102  3   0.0%   0.375 UG:3    +
   20    68  3   0.0%   0.877 GU:3    +
   80   100  3   0.0%   0.031 CG:3    +
   10    47  3   0.0%   0.502 CG:3    +
  122   137  3   0.0%   0.998 GC:3    +
    9    55  3   0.0%   0.259 UA:3    +
    4    20  3   0.0%   0.998 GU:3    +
   11    45  3   0.0%   0.591 GU:3    +
  100   142  3   0.0%   0.806 GC:3    +
   18   154  3   0.0%   0.856 AU:3    +
   91   138  3   0.0%   0.920 GU:3    +
   45    59  3   0.0%   0.883 UG:3    +
   14    63  3   0.0%   0.810 AU:3    +
  122   139  3   0.0%   0.958 GC:3    +
   68   135  3   0.0%   0.049 UA:3    +
  100   119  3   0.0%   0.506 GC:3    +
   87   122  3   0.0%   0.096 UG:3    +
  112   137  3   0.0%   1.022 GC:3    +
    1    42  3   0.0%   0.533 CG:3    +
  102   143  3   0.0%   0.641 GC:3    +
   78    88  3   0.0%   0.033 AU:3    +
  104   143  3   0.0%   0.739 GC:3    +
   13    40  3   0.0%   0.340 GC:3    +
    9    42  3   0.0%   0.255 UG:3    +
   83    97  3   0.0%   0.002 UA:3    +
   11    63  3   0.0%   0.600 GU:3    +
   35    42  3   0.0%   0.085 CG:3    +
   29    45  3   0.0%   0.339 AU:3    +
   64    83  3   0.0%   0.324 AU:3    +
   20    39  3   0.0%   0.638 UA:3    +
   95   126  3   0.0%   0.151 AU:3    +
   80   102  3   0.0%   0.031 CG:3    +
   18    60  3   0.0%   1.039 AU:3    +
   48    97  3   0.0%   0.230 UA:3    +
  110   139  3   0.0%   0.997 GC:3    +
   73   128  3   0.0%   0.055 GC:3    +
   94   113  3   0.0%   0.098 GU:3    +
    1    33  3   0.0%   0.533 CG:3    +
   28    48  3   0.0%   0.320 AU:3    +
  105   142  3   0.0%   0.838 GC:3    +
   48   152  3   0.0%   0.236 UA:3    +
   45   155  3   0.0%   0.612 AU:3    +
   34    42  3   0.0%   0.083 CG:3    +
   83   100  3   0.0%   0.003 UG:3    +
   88    97  3   0.0%   0.128 UA:3    +
   78   105  3   0.0%   0.033 AU:3    +
   86   138  3   0.0%   0.099 GU:3    +
   18    62  3   0.0%   1.039 AU:3    +
   88   131  3   0.0%   0.079 GC:3    +
   19    65  3   0.0%   0.869 UA:3    +
   45    52  3   0.0%   0.262 AU:3    +
   88   154  3   0.0%   0.429 GU:3    +
   28    54  3   0.0%   0.374 AU:3    +
   74    95  3   0.0%   0.051 UA:3    +
   28    63  3   0.0%   0.403 AU:3    +
   27   157  3   0.0%   0.215 UA:3    +
  128   140  3   0.0%   1.342 GC:3    +
   26    33  3   0.0%   0.153 CG:3    +
   92   105  3   0.0%   0.341 UG:3    +
   71   135  3   0.0%   0.023 UA:3    +
   77   108  3   0.0%   0.050 AU:3    +
   95   129  3   0.0%   0.144 AU:3    +
   63    68  3   0.0%   0.367 GU:3    +
   41    81  3   0.0%   0.318 AU:3    +
   88   124  3   0.0%   0.079 UG:3    +
   87    94  3   0.0%   0.025 UG:3    +
   19    70  3   0.0%   0.898 UG:3    +
   32    45  3   0.0%   0.449 UA:3    +
    5    63  3   0.0%   0.711 CG:3    +
    6   150  3   0.0%   0.384 UA:3    +
   99   120  3   0.0%   0.543 UG:3    +
    9    41  3   0.0%   0.259 UA:3    +
   97   138  3   0.0%   0.780 AU:3    +
   70   114  3   0.0%   0.082 GU:3    +
   98   114  3   0.0%   0.562 CG:3    +
   82   128  3   0.0%   0.027 GC:3    +
   63   155  3   0.0%   0.442 GU:3    +
   73    93  3   0.0%   0.053 GU:3    +
   63    70  3   0.0%   0.395 UG:3    +
   91   114  3   0.0%   0.250 GU:3    +
   35    63  3   0.0%   0.324 CG:3    +
  116   135  3   0.0%   1.158 UA:3    +
   79   122  3   0.0%   0.056 CG:3    +
   88   125  3   0.0%   0.076 GU:3    +
   19    59  3   0.0%   1.024 UG:3    +
   65    83  3   0.0%   0.364 AU:3    +
   34    63  3   0.0%   0.322 CG:3    +
   33    53  3   0.0%   0.469 GC:3    +
    4    63  3   0.0%   0.760 GU:3    +
   65    81  3   0.0%   0.363 AU:3    +
   52    63  3   0.0%   0.653 UG:3    +
  130   138  3   0.0%   1.559 GU:3    +
   87    95  3   0.0%   0.025 UA:3    +
   20    70  3   0.0%   0.906 UG:3    +
   42    53  3   0.0%   0.203 GC:3    +
    6   135  3   0.0%   0.384 UA:3    +
    3    63  3   0.0%   0.788 UG:3    +
   20    41  3   0.0%   0.639 UA:3    +
   82   119  3   0.0%   0.030 GC:3    +
   20   152  3   0.0%   0.850 UA:3    +
   10    61  3   0.0%   0.508 CG:3    +
   97   115  3   0.0%   0.515 AU:3    +
   10   120  3   0.0%   0.514 CG:3    +
  126   138  3   0.0%   1.177 UA:3    +
  114   137  3   0.0%   1.271 GC:3    +
   85   122  3   0.0%   0.083 GC:3    +
   83   118  3   0.0%   0.031 UA:3    +
  105   143  3   0.0%   0.929 GC:3    +
  102   116  3   0.0%   0.156 GU:3    +
   20    35  3   0.0%   0.609 GC:3    +
   94   129  3   0.0%   0.173 GU:3    +
   50    88  3   0.0%   0.027 UG:3    +
   13    53  3   0.0%   0.333 GC:3    +
   79   100  3   0.0%   0.032 CG:3    +
   42    80  3   0.0%   0.081 GC:3    +
   45    51  3   0.0%   0.257 AU:3    +
   40    63  3   0.0%   0.698 CG:3    +
   11   128  3   0.0%   0.661 GC:3    +
  144   152  3   0.0%   0.220 UA:3    +
   19   112  3   0.0%   0.838 UA:3    +
    2   144  3   0.0%   0.618 AU:3    +
   89   124  3   0.0%   0.537 UA:3    +
   45   153  3   0.0%   0.587 UA:3    +
   65   138  3   0.0%   0.366 AU:3    +
   41    48  3   0.0%   0.394 AU:3    +
   14    48  3   0.0%   0.422 AU:3    +
   88    92  3   0.0%   0.001 GU:3    +
   91   105  3   0.0%   0.270 GU:3    +
   71   138  3   0.0%   0.023 UA:3    +
  114   139  3   0.0%   1.230 GC:3    +
   41    54  3   0.0%   0.380 AU:3    +
   63    67  3   0.0%   0.373 GU:3    +
  120   137  3   0.0%   0.816 GC:3    +
   89   130  3   0.0%   0.536 UG:3    +
   39   105  3   0.0%   0.341 AU:3    +
   18    71  3   0.0%   0.860 AU:3    +
   40   104  3   0.0%   0.382 CG:3    +
   32    63  3   0.0%   0.468 UG:3    +
   45    50  3   0.0%   0.252 AU:3    +
   93   130  3   0.0%   0.158 UG:3    +
   98   120  3   0.0%   0.563 CG:3    +
   33   151  3   0.0%   0.279 GC:3    +
   19   152  3   0.0%   0.842 UA:3    +
   27    55  3   0.0%   0.370 UA:3    +
   60   138  3   0.0%   0.393 UA:3    +
   20   151  3   0.0%   0.850 GC:3    +
  128   142  3   0.0%   1.152 GC:3    +
    2    63  3   0.0%   0.599 AU:3    +
   45   154  3   0.0%   0.585 AU:3    +
   53   105  3   0.0%   0.573 CG:3    +
   19    64  3   0.0%   0.938 UA:3    +
   91   128  3   0.0%   0.320 GC:3    +
   79   110  3   0.0%   0.055 CG:3    +
   37    77  3   0.0%   0.156 UA:3    +
  138   149  3   0.0%   0.631 UA:3    +
   19    61  3   0.0%   1.024 UG:3    +
   97   114  3   0.0%   0.515 AU:3    +
.....................(((((....)))))((((((..((((....))))....))))))....((((((((.((...(((((.(((....)))....(((((.(((.((...........))..))).))))))))))))))))))))...
