6 sequence; length of alignment 160
alifold output
  118   130  0  99.8%   0.011 GU:2    AU:4   
  117   131  0  99.9%   0.006 UA:6   
  116   132  0  99.9%   0.006 AU:6   
  115   133  0  99.8%   0.007 UA:6   
  114   134  0  99.5%   0.019 UA:6   
  119   129  2  99.2%   0.028 GU:1    AU:3   
  113   135  0  98.7%   0.084 AU:6   
  120   128  2  98.3%   0.064 CG:2    UA:2   
   96   103  0  96.9%   0.154 CG:1    UG:5   
  112   136  0  96.5%   0.249 GC:4    GU:2   
   95   104  0  97.5%   0.121 GC:6   
   94   105  1  97.2%   0.141 GU:5   
   93   106  0  96.5%   0.136 UA:6   
   92   107  0  92.6%   0.419 AU:6   
   91   108  0  87.8%   0.656 GC:2    GU:4   
  121   127  3  82.1%   0.502 UG:1    UA:2   
   12    38  0  77.0%   0.982 CG:4    UG:2   
   14    36  0  76.9%   0.813 UG:1    UA:5   
   16    34  0  76.9%   0.701 UA:6   
   13    37  0  76.9%   0.802 UG:6   
  151   156  0  75.5%   1.320 GC:4    GU:2   
   97   102  1  77.0%   0.661 AU:5   
   15    35  2  76.8%   0.778 UG:1    UA:3   
    9    40  0  75.5%   0.968 GC:1    AU:5   
  150   157  1  76.3%   1.335 UA:5   
   10    39  0  74.5%   0.987 GC:3    GU:3   
    8    41  0  75.4%   0.970 AU:6   
  147   160  0  74.8%   1.191 GC:6   
  149   158  3  74.8%   1.346 UA:3   
  148   159  3  74.2%   1.338 UA:3   
   21    30  2  73.7%   1.203 CG:2    UA:2   
   20    31  2  74.0%   0.856 AU:4   
   17    33  0  73.1%   0.717 AU:6   
   19    32  2  73.6%   1.065 GC:4   
    7    42  3  71.5%   1.048 CG:2    AU:1   
   62    72  0  68.9%   1.367 UG:1    UA:5   
   61    73  0  69.6%   1.336 GC:6   
   63    71  1  66.0%   1.368 UA:5   
    4    45  1  65.7%   1.170 AU:5   
    3    46  0  65.1%   1.127 UA:6   
    5    44  0  63.6%   1.234 AU:6   
  122   126  0  62.6%   0.884 AU:6   
    2    47  0  59.0%   0.987 UA:6   
   52   140  0  49.5%   2.139 GC:6   
   53   139  0  49.5%   2.163 GC:6   
   54   138  3  47.6%   2.019 CG:1    UG:1    UA:1   
   51   141  2  46.3%   2.112 GC:1    GU:2    AU:1   
   49    81  0  37.4%   1.136 GC:6    +
   50    80  0  37.0%   1.134 AU:6    +
   51    79  0  35.9%   1.132 GU:3    AU:3    +
   48    82  0  35.6%   1.477 GU:4    AU:2    +
   52    78  0  34.8%   1.121 GC:3    GU:3    +
   55   137  2  35.0%   1.651 AU:4   
   47    83  0  32.9%   1.428 AU:6    +
   49   143  0  32.7%   1.814 GC:6   
   46    84  0  31.7%   1.385 AU:6    +
   45    85  0  28.9%   1.362 CG:1    UG:3    UA:2    +
    1    48  0  29.4%   1.155 UG:4    UA:2    +
   53    77  0  30.2%   1.116 GU:6    +
    6    25  0  20.1%   0.969 CG:3    UG:3    +
    9    22  0  20.1%   0.971 GU:1    AU:5    +
    8    23  0  20.1%   0.972 AU:6    +
   38   139  0  19.8%   1.169 GC:6    +
   37   140  0  19.8%   1.259 GC:6    +
   10    21  1  19.5%   0.960 GC:3    GU:2    +
    7    24  3  20.1%   0.970 AU:3    +
    5    26  2  19.7%   0.961 AU:4    +
   56    75  2  18.3%   1.279 GC:3    GU:1    +
   12    19  0  16.5%   0.893 CG:4    UG:2    +
   39   138  2  17.5%   1.276 CG:1    UG:2    UA:1    +
    4    27  2  17.9%   0.926 AU:4    +
   57    74  1  17.6%   1.299 UA:5    +
   57    72  0  15.5%   0.959 CG:1    UA:5    +
   56    73  2  15.4%   0.917 GC:4    +
   48   144  3  15.0%   1.955 GU:2    AU:1   
   36   141  3  14.6%   1.163 AU:3    +
   58    71  1  14.0%   0.961 UA:5    +
    3    28  1  12.8%   0.797 UG:4    UA:1    +
   51    83  0  11.2%   1.564 GU:3    AU:3    +
   53    81  0  12.1%   1.655 GC:6    +
   52    82  0  12.0%   1.616 GU:6    +
   54    80  3  11.9%   1.553 GU:1    AU:2    +
   55    76  2  11.4%   1.025 AU:4    +
   54    76  3  11.1%   0.754 GU:1    AU:2    +
   50    84  0  10.5%   1.514 AU:6    +
   55    79  2  11.0%   1.447 AU:4    +
   56    78  2  10.5%   1.841 GC:2    GU:2    +
  140   147  0   8.4%   1.475 CG:6    +
   82    90  0   7.3%   1.867 UG:3    UA:3    +
  139   148  3   8.0%   1.430 CG:3    +
   81    91  0   7.2%   1.445 CG:6    +
   83    89  0   6.5%   1.727 UA:6    +
   61    67  0   5.4%   0.520 GC:3    GU:3    +
   88   151  0   5.9%   0.812 CG:6    +
   63    69  0   3.5%   0.385 GC:1    UG:2    UA:3    +
   89   150  1   5.3%   1.302 AU:5    +
   87   152  2   5.2%   0.818 UA:4    +
   49    86  0   4.5%   0.950 GC:6    +
   80    92  0   4.4%   1.259 UA:6    +
   61    68  0   4.1%   0.710 GU:6    +
   40    90  0   2.0%   0.552 CG:1    UG:2    UA:3    +
   85   156  0   2.8%   1.004 GC:4    AU:2    +
   60    68  2   4.4%   0.442 AU:4    +
  140   151  0   3.7%   1.727 CG:6    +
   10    40  0   2.6%   1.045 GC:1    GU:5    +
   62    85  0   2.6%   1.262 UG:4    UA:2    +
   53    78  0   2.5%   1.033 GC:3    GU:3    +
   78    85  0   1.5%   1.628 CG:3    UG:1    UA:2    +
   62    70  0   3.4%   0.510 UA:6    +
   83   158  0   2.3%   1.372 UG:2    UA:4    +
   64    68  0   2.2%   0.608 GU:4    AU:2    +
   43    90  0   1.2%   0.372 CG:1    UG:2    UA:3    +
  141   150  3   3.6%   1.419 CG:1    AU:2    +
    9    41  0   2.0%   0.989 GU:1    AU:5    +
   12    37  0   2.0%   0.534 CG:4    UG:2    +
   61    86  0   3.0%   1.243 GC:6    +
   13    36  0   1.9%   0.278 UG:1    UA:5    +
   54    77  3   3.4%   0.969 GU:1    AU:2    +
   62    66  2   3.2%   0.390 UG:1    UA:3    +
   11    39  3   3.6%   0.593 AU:3    +
   14    35  0   1.9%   0.285 UG:1    UA:5    +
  147   156  0   1.8%   0.765 GC:4    GU:2    +
   21    28  2   3.0%   0.937 CG:3    UG:1    +
   84   157  0   2.7%   1.191 UA:6    +
   96   138  0   0.6%   0.873 CG:1    UG:2    UA:3    +
   23    28  1   2.5%   1.011 UG:4    UA:1    +
   57    90  0   0.5%   0.968 CG:1    UG:2    UA:3    +
   48    86  2   3.1%   1.070 GC:4    +
  147   153  0   1.4%   0.665 GC:3    GU:3    +
   85    96  0   0.4%   0.709 GC:1    GU:3    AU:2    +
  142   149  3   3.1%   0.758 AU:3    +
   20    29  1   2.8%   0.390 AU:5    +
   90   149  3   2.8%   1.114 GU:1    AU:2    +
   90   108  0   0.3%   0.729 GC:2    GU:1    AU:3    +
   51    57  0   0.2%   0.045 GC:1    GU:2    AU:3    +
   75    90  0   1.2%   0.775 CG:3    UA:3    +
    1    30  0   1.2%   0.160 UG:2    UA:4    +
  138   153  1   1.6%   1.127 GC:2    GU:1    AU:2    +
   64    84  0   1.1%   1.052 GU:4    AU:2    +
   40   138  0   0.1%   0.726 CG:1    UG:2    UA:3    +
   82   159  0   1.1%   1.295 UG:3    UA:3    +
   43   159  0   0.1%   0.249 CG:1    UG:2    UA:3    +
   88   112  0   2.0%   0.368 CG:6    +
   72    76  0   1.0%   1.302 GU:1    AU:5    +
   57    64  0   0.0%   0.021 CG:1    UG:3    UA:2    +
   40    51  0   0.0%   0.313 CG:1    UG:2    UA:3    +
   64    75  0   0.0%   0.536 GC:3    GU:1    AU:2    +
   85   108  0   0.0%   0.670 GC:2    GU:2    AU:2    +
   64   108  0   0.0%   0.352 GC:2    GU:2    AU:2    +
   28   150  0   0.0%   0.606 GU:4    UG:1    AU:1    +
   48    78  0   0.0%   0.369 GC:3    GU:1    AU:2    +
   43   138  0   0.0%   0.472 CG:1    UG:2    UA:3    +
   57   138  0   0.0%   1.408 CG:1    UG:2    UA:3    +
   43    51  0   0.0%   0.063 CG:1    UG:2    UA:3    +
   64    99  0   0.0%   0.346 GC:1    GU:3    AU:2    +
   64    96  0   0.0%   0.346 GC:1    GU:3    AU:2    +
   45   159  0   0.0%   0.746 CG:1    UG:2    UA:3    +
   40   159  0   0.0%   0.523 CG:1    UG:2    UA:3    +
   99   138  0   0.0%   0.773 CG:1    UG:2    UA:3    +
   26    90  0   0.0%   0.343 CG:2    UG:1    UA:3    +
   90    99  0   0.0%   0.672 GC:1    GU:2    AU:3    +
   57   159  0   0.0%   0.821 CG:1    UG:2    UA:3    +
   26    85  0   0.0%   0.342 CG:2    UG:2    UA:2    +
   41    89  0   2.0%   0.552 UA:6    +
   48    87  2   2.3%   1.160 GU:3    AU:1    +
   39   159  0   0.9%   0.824 CG:3    UA:3    +
   72    77  0   0.8%   1.356 GU:1    AU:5    +
  138   149  3   2.2%   1.169 GU:1    AU:2    +
   79    90  0   0.7%   1.290 UG:3    UA:3    +
  143   148  3   2.5%   1.113 CG:3    +
   71    77  0   1.7%   1.419 AU:6    +
   82    89  0   1.7%   1.355 UA:6    +
   69    79  1   1.6%   1.063 GU:2    AU:3    +
    2   158  0   0.6%   0.526 UG:2    UA:4    +
  146   157  0   1.6%   0.599 UA:6    +
   64    83  0   0.6%   0.974 GU:4    AU:2    +
   64    78  1   1.1%   1.024 GC:2    GU:2    AU:1    +
   61    75  0   0.5%   0.955 GC:3    GU:3    +
  137   154  0   1.5%   0.714 UA:6    +
   83    90  0   0.5%   1.646 UG:3    UA:3    +
   78    91  0   0.5%   1.084 CG:3    UG:3    +
    1   159  0   0.4%   0.537 UG:3    UA:3    +
    9    43  0   0.4%   0.722 GC:1    AU:5    +
   51    80  0   0.4%   0.830 GU:3    AU:3    +
   51    82  0   0.4%   0.851 GU:3    AU:3    +
  146   154  0   1.4%   0.444 UA:6    +
   89   111  3   2.1%   0.899 AU:3    +
   52    79  0   1.4%   0.928 GU:6    +
   62    90  0   0.3%   0.951 UG:3    UA:3    +
   68    85  0   0.3%   0.962 UG:4    UA:2    +
   63    70  1   1.8%   0.482 UA:5    +
   62    71  0   1.3%   0.713 UA:6    +
   30   146  0   0.3%   0.428 GU:2    AU:4    +
   15    19  0   0.2%   0.383 CG:2    UG:4    +
    2    30  0   0.2%   0.100 UG:2    UA:4    +
  136   151  0   0.2%   0.394 CG:4    UG:2    +
   44    90  0   0.2%   0.601 UG:3    UA:3    +
   78    94  0   0.2%   1.034 CG:3    UG:3    +
   44    89  0   1.2%   0.615 UA:6    +
  145   155  0   1.2%   0.293 AU:6    +
   16    30  0   0.2%   0.115 UG:2    UA:4    +
   84    90  0   0.2%   1.438 UG:3    UA:3    +
   70    79  0   1.2%   1.236 AU:6    +
  138   150  1   1.2%   1.218 GU:2    AU:3    +
   76    89  0   1.2%   1.051 UA:6    +
   61    81  0   1.2%   1.381 GC:6    +
    3   158  0   0.1%   0.736 UG:2    UA:4    +
    3   151  0   1.1%   0.738 UG:6    +
    2   159  0   0.1%   0.506 UG:3    UA:3    +
   76    85  0   0.1%   1.228 UG:4    UA:2    +
    1   158  0   0.1%   0.480 UG:2    UA:4    +
   79    85  0   0.1%   1.486 UG:4    UA:2    +
    2    35  0   0.1%   0.051 UG:1    UA:5    +
   39    91  0   0.1%   0.366 CG:3    UG:3    +
   96   100  0   0.1%   0.071 CG:1    UG:5    +
   76    90  0   0.1%   1.019 UG:3    UA:3    +
    3   138  0   0.1%   0.585 UG:3    UA:3    +
   41    90  0   0.1%   0.490 UG:3    UA:3    +
    6   151  0   0.1%   0.443 CG:3    UG:3    +
   72    82  0   0.1%   1.459 GU:1    AU:5    +
   51    76  0   0.1%   0.033 GU:3    AU:3    +
   52    75  0   0.1%   0.020 GC:3    GU:3    +
   49    78  0   0.1%   0.041 GC:3    GU:3    +
   91   156  0   0.1%   0.585 GC:4    GU:2    +
   24   147  0   0.1%   0.386 CG:1    UG:5    +
    1    36  0   0.1%   0.074 UG:1    UA:5    +
   49   156  0   0.1%   1.048 GC:4    GU:2    +
    2    48  0   0.1%   0.728 UG:4    UA:2    +
   94   153  0   0.1%   0.202 GC:3    GU:3    +
   22    30  0   0.1%   0.671 UG:2    UA:4    +
    3    30  0   0.1%   0.346 UG:2    UA:4    +
   72    79  0   0.1%   1.487 GU:1    AU:5    +
   44   158  0   0.1%   0.526 UG:2    UA:4    +
   48    79  0   0.1%   0.380 GU:4    AU:2    +
   25   156  0   0.0%   0.375 GC:4    GU:2    +
   53    75  0   0.0%   0.033 GC:3    GU:3    +
   23   158  0   0.0%   0.493 UG:2    UA:4    +
   80    85  0   0.0%   1.395 UG:4    UA:2    +
   48   156  0   0.0%   1.330 GC:4    AU:2    +
    1    35  0   0.0%   0.066 UG:1    UA:5    +
   19   156  0   0.0%   0.624 GC:4    GU:2    +
   69    80  1   1.0%   1.058 GU:2    AU:3    +
   16    35  0   0.0%   0.517 UG:1    UA:5    +
   77    90  0   0.0%   0.988 UG:3    UA:3    +
    6   147  0   0.0%   0.340 CG:3    UG:3    +
   78   103  0   0.0%   1.025 CG:3    UG:3    +
   78    95  0   0.0%   1.018 CG:3    UG:3    +
   23    30  0   0.0%   0.745 UG:2    UA:4    +
   22   159  0   0.0%   0.397 UG:3    UA:3    +
   81    90  3   1.8%   1.297 CG:3    +
   44    85  0   0.0%   0.344 UG:4    UA:2    +
    2   152  0   1.0%   0.515 UA:6    +
   77    85  0   0.0%   1.244 UG:4    UA:2    +
   24   151  0   0.0%   0.419 CG:1    UG:5    +
   45   147  0   0.0%   0.706 CG:1    UG:5    +
   35   146  0   0.0%   0.375 GU:1    AU:5    +
   67    95  0   0.0%   0.221 CG:3    UG:3    +
   35   107  0   0.0%   0.305 GU:1    AU:5    +
   61    78  0   0.0%   1.279 GC:3    GU:3    +
  103   108  0   0.0%   0.251 GC:2    GU:4    +
   26   158  0   0.0%   0.421 CG:2    UA:4    +
   10   156  0   0.0%   0.695 GC:4    GU:2    +
    9    33  0   0.0%   0.340 GU:1    AU:5    +
    3   159  0   0.0%   0.716 UG:3    UA:3    +
   45   151  0   0.0%   0.742 CG:1    UG:5    +
   35    44  0   0.0%   0.632 GU:1    AU:5    +
   43    91  0   0.0%   0.192 CG:1    UG:5    +
   39   103  0   0.0%   0.357 CG:3    UG:3    +
  119   126  0   0.0%   0.007 GU:1    AU:5    +
   75    91  0   0.0%   0.479 CG:3    UG:3    +
   94   108  0   0.0%   0.221 GC:2    GU:4    +
   48   146  0   0.0%   1.384 GU:4    AU:2    +
   10    24  0   0.0%   0.653 GC:1    GU:5    +
   18    25  0   0.0%   0.334 CG:1    UG:5    +
   80    90  0   0.0%   1.151 UG:3    UA:3    +
   23    35  0   0.0%   0.717 UG:1    UA:5    +
   19    24  0   0.0%   0.681 GC:1    GU:5    +
   22    36  0   0.0%   0.639 UG:1    UA:5    +
   12    25  0   0.0%   0.624 CG:4    UG:2    +
  108   151  0   0.0%   0.451 CG:2    UG:4    +
   19   153  0   0.0%   0.631 GC:3    GU:3    +
   72    80  0   0.0%   1.399 GU:1    AU:5    +
    2     9  0   0.0%   0.005 UG:1    UA:5    +
  119   135  0   0.0%   0.028 GU:1    AU:5    +
    3    48  0   0.0%   0.930 UG:4    UA:2    +
   40    91  0   0.0%   0.403 CG:1    UG:5    +
   64    77  0   0.0%   0.673 GU:4    AU:2    +
   75    94  0   0.0%   0.443 CG:3    UG:3    +
    9    23  0   0.0%   0.652 GU:1    AU:5    +
   25   153  0   0.0%   0.378 GC:3    GU:3    +
   51    84  0   0.0%   1.308 GU:3    AU:3    +
   37    43  0   0.0%   0.346 GC:1    GU:5    +
   51    77  0   0.0%   0.030 GU:3    AU:3    +
   64    80  0   0.0%   0.894 GU:4    AU:2    +
   75    95  0   0.0%   0.442 CG:3    UG:3    +
   36    44  0   0.0%   0.627 GU:1    AU:5    +
   48    83  0   0.0%   1.110 GU:4    AU:2    +
  118   124  0   0.0%   0.003 GU:2    AU:4    +
    3     9  0   0.0%   0.006 UG:1    UA:5    +
    9    14  0   0.0%   0.005 GU:1    AU:5    +
   13    35  0   0.0%   0.055 UG:1    UA:5    +
   26    30  0   0.0%   0.665 CG:2    UA:4    +
  103   156  0   0.0%   0.195 GC:4    GU:2    +
   64    82  0   0.0%   0.937 GU:4    AU:2    +
   72    83  0   0.0%   1.428 GU:1    AU:5    +
   35    45  0   0.0%   0.579 GC:1    AU:5    +
   62   159  0   0.0%   0.810 UG:3    UA:3    +
   14   158  0   0.0%   0.384 UG:2    UA:4    +
   10    15  0   0.0%   0.006 GC:2    GU:4    +
    1   138  0   0.0%   0.445 UG:3    UA:3    +
    9    16  0   0.0%   0.007 GU:1    AU:5    +
   48    84  0   0.0%   1.109 GU:4    AU:2    +
    2   138  0   0.0%   0.365 UG:3    UA:3    +
  135   159  0   0.0%   0.171 UG:3    UA:3    +
  112   156  0   0.0%   0.256 GC:4    GU:2    +
   14   159  0   0.0%   0.368 UG:3    UA:3    +
   13   159  0   0.0%   0.363 UG:3    UA:3    +
    2    90  0   0.0%   0.364 UG:3    UA:3    +
   82   158  0   0.0%   1.171 UG:2    UA:4    +
  146   159  0   0.0%   0.427 UG:3    UA:3    +
    1     9  0   0.0%   0.002 UG:1    UA:5    +
   85   115  0   0.0%   0.668 GU:4    AU:2    +
   68    72  0   0.0%   0.933 UG:1    UA:5    +
  100   108  0   0.0%   0.250 GC:2    GU:4    +
   83   159  0   0.0%   1.228 UG:3    UA:3    +
   39    52  0   0.0%   0.342 CG:3    UG:3    +
   84   158  0   0.0%   1.101 UG:2    UA:4    +
    2    36  0   0.0%   0.039 UG:1    UA:5    +
   37   156  0   0.0%   0.626 GC:4    GU:2    +
    3    35  0   0.0%   0.291 UG:1    UA:5    +
   57    61  0   0.0%   0.016 CG:1    UG:5    +
   96   151  0   0.0%   0.401 CG:1    UG:5    +
   44   159  0   0.0%   0.502 UG:3    UA:3    +
   49   153  0   0.0%   1.047 GC:3    GU:3    +
   61   153  0   0.0%   0.802 GC:3    GU:3    +
    1    90  0   0.0%   0.444 UG:3    UA:3    +
  138   146  0   0.0%   0.825 GU:3    AU:3    +
   13   158  0   0.0%   0.379 UG:2    UA:4    +
   72   102  0   0.0%   0.671 GU:1    AU:5    +
  146   158  0   0.0%   0.477 UG:2    UA:4    +
   41   159  0   0.0%   0.533 UG:3    UA:3    +
   57   100  0   0.0%   0.733 CG:1    UG:5    +
  102   158  0   0.0%   0.438 UG:2    UA:4    +
   49   108  0   0.0%   0.605 GC:2    GU:4    +
   85   155  0   0.0%   0.712 GU:4    AU:2    +
   67   147  0   0.0%   0.266 CG:3    UG:3    +
   19    26  0   0.0%   0.677 GC:2    GU:4    +
   62   158  0   0.0%   0.829 UG:2    UA:4    +
    9    82  0   0.0%   0.644 GU:1    AU:5    +
   67   138  0   0.0%   0.892 CG:3    UA:3    +
   36   146  0   0.0%   0.641 GU:1    AU:5    +
   90   137  0   0.0%   1.090 GU:3    AU:3    +
   51   137  0   0.0%   0.724 GU:3    AU:3    +
   45    49  0   0.0%   0.290 CG:1    UG:5    +
   23    36  0   0.0%   0.712 UG:1    UA:5    +
   41   138  0   0.0%   0.735 UG:3    UA:3    +
    9    44  0   0.0%   0.974 GU:1    AU:5    +
  138   155  0   0.0%   0.970 GU:3    AU:3    +
   68    90  0   0.0%   0.641 UG:3    UA:3    +
    1    51  0   0.0%   0.443 UG:3    UA:3    +
   15    37  0   0.0%   0.572 CG:2    UG:4    +
   64    79  0   0.0%   0.911 GU:4    AU:2    +
  102   138  0   0.0%   0.950 UG:3    UA:3    +
  103   136  0   0.0%   0.122 GC:4    GU:2    +
   16    36  0   0.0%   0.510 UG:1    UA:5    +
   15   151  0   0.0%   0.360 CG:2    UG:4    +
   90   155  0   0.0%   0.867 GU:3    AU:3    +
   10    43  0   0.0%   0.723 GC:1    GU:5    +
   68   138  0   0.0%   1.085 UG:3    UA:3    +
   90   107  0   0.0%   0.683 GU:3    AU:3    +
  155   159  0   0.0%   0.523 UG:3    UA:3    +
   41   158  0   0.0%   0.551 UG:2    UA:4    +
   72    84  0   0.0%   1.381 GU:1    AU:5    +
   16   159  0   0.0%   0.266 UG:3    UA:3    +
   41    48  0   0.0%   0.678 UG:4    UA:2    +
   48   137  0   0.0%   0.954 GU:4    AU:2    +
   38   153  0   0.0%   0.559 GC:3    GU:3    +
   43   151  0   0.0%   0.233 CG:1    UG:5    +
   99   103  0   0.0%   0.083 CG:1    UG:5    +
   64    76  0   0.0%   0.712 GU:4    AU:2    +
   90   146  0   0.0%   0.833 GU:3    AU:3    +
   52    57  0   0.0%   0.016 GC:1    GU:5    +
    6    19  0   0.0%   0.002 CG:3    UG:3    +
    3    90  0   0.0%   0.566 UG:3    UA:3    +
   19    40  0   0.0%   0.920 GC:1    GU:5    +
   44   138  0   0.0%   0.724 UG:3    UA:3    +
   30   137  0   0.0%   0.332 GU:2    AU:4    +
   26   151  0   0.0%   0.429 CG:2    UG:4    +
    9   137  0   0.0%   0.652 GU:1    AU:5    +
   22    35  0   0.0%   0.640 UG:1    UA:5    +
   52   153  0   0.0%   1.098 GC:3    GU:3    +
   40    49  0   0.0%   0.317 CG:1    UG:5    +
   90   102  0   0.0%   0.699 GU:3    AU:3    +
   77   159  0   0.0%   0.800 UG:3    UA:3    +
   49   136  0   0.0%   0.602 GC:4    GU:2    +
   85   114  0   0.0%   0.667 GU:4    AU:2    +
  137   158  0   0.0%   0.738 UG:2    UA:4    +
   94   156  0   0.0%   0.278 GC:4    GU:2    +
   39    49  0   0.0%   0.348 CG:3    UG:3    +
   33   138  0   0.0%   0.252 UG:3    UA:3    +
   16   158  0   0.0%   0.283 UG:2    UA:4    +
   95   153  0   0.0%   0.188 GC:3    GU:3    +
   75   103  0   0.0%   0.457 CG:3    UG:3    +
   53    57  0   0.0%   0.015 GC:1    GU:5    +
   41    85  0   0.0%   0.314 UG:4    UA:2    +
  119   130  0   0.0%   0.014 GU:1    AU:5    +
   48   136  0   0.0%   0.945 GC:4    AU:2    +
   40   151  0   0.0%   0.481 CG:1    UG:5    +
   85   137  0   0.0%   1.049 GU:4    AU:2    +
   39    94  0   0.0%   0.352 CG:3    UG:3    +
   37    75  0   0.0%   0.286 GC:3    GU:3    +
   36    76  0   0.0%   0.293 GU:1    AU:5    +
   57   103  0   0.0%   0.735 CG:1    UG:5    +
   35    77  0   0.0%   0.298 GU:1    AU:5    +
   36    82  0   0.0%   0.294 GU:1    AU:5    +
   35    83  0   0.0%   0.299 GU:1    AU:5    +
   10   153  0   0.0%   0.700 GC:3    GU:3    +
   10   136  0   0.0%   0.667 GC:4    GU:2    +
   30   155  0   0.0%   0.377 GU:2    AU:4    +
   57    91  0   0.0%   0.772 CG:1    UG:5    +
  108   112  0   0.0%   0.274 CG:2    UG:4    +
   52   136  0   0.0%   0.718 GC:4    GU:2    +
   33    85  0   0.0%   0.241 UG:4    UA:2    +
    9   146  0   0.0%   0.696 GU:1    AU:5    +
   48    80  0   0.0%   0.375 GU:4    AU:2    +
   38    43  0   0.0%   0.263 GC:1    GU:5    +
   15    25  0   0.0%   0.343 CG:2    UG:4    +
   84   138  0   0.0%   1.468 UG:3    UA:3    +
   40    94  0   0.0%   0.395 CG:1    UG:5    +
   52   156  0   0.0%   1.090 GC:4    GU:2    +
   57   147  0   0.0%   0.782 CG:1    UG:5    +
   10    18  0   0.0%   0.005 GC:1    GU:5    +
   67    91  0   0.0%   0.255 CG:3    UG:3    +
  119   124  0   0.0%   0.001 GU:1    AU:5    +
   84   159  0   0.0%   1.042 UG:3    UA:3    +
   48   155  0   0.0%   1.327 GU:4    AU:2    +
    3    36  0   0.0%   0.285 UG:1    UA:5    +
   53   156  0   0.0%   1.125 GC:4    GU:2    +
   94    99  0   0.0%   0.066 GC:1    GU:5    +
   43    49  0   0.0%   0.070 CG:1    UG:5    +
   36   155  0   0.0%   0.595 GU:1    AU:5    +
   44    48  0   0.0%   0.701 UG:4    UA:2    +
   44    51  0   0.0%   0.335 UG:3    UA:3    +
    9   155  0   0.0%   0.677 GU:1    AU:5    +
   22   158  0   0.0%   0.406 UG:2    UA:4    +
   19    39  0   0.0%   0.952 GC:3    GU:3    +
    9    13  0   0.0%   0.003 GU:1    AU:5    +
  137   159  0   0.0%   0.682 UG:3    UA:3    +
   26    38  0   0.0%   0.544 CG:2    UG:4    +
   43    52  0   0.0%   0.062 CG:1    UG:5    +
   25    39  0   0.0%   0.687 GC:3    GU:3    +
   51   146  0   0.0%   1.153 GU:3    AU:3    +
   45    91  0   0.0%   0.692 CG:1    UG:5    +
   10    26  0   0.0%   0.647 GC:2    GU:4    +
   61   136  0   0.0%   0.815 GC:4    GU:2    +
  136   147  0   0.0%   0.160 CG:4    UG:2    +
   61    99  0   0.0%   0.749 GC:1    GU:5    +
   85   146  0   0.0%   0.748 GU:4    AU:2    +
  115   138  0   0.0%   0.724 UG:3    UA:3    +
   85   107  0   0.0%   0.669 GU:4    AU:2    +
   43   147  0   0.0%   0.198 CG:1    UG:5    +
    6    61  0   0.0%   0.327 CG:3    UG:3    +
    3    64  0   0.0%   0.564 UG:4    UA:2    +
   85   117  0   0.0%   0.667 GU:4    AU:2    +
   84   118  0   0.0%   0.794 UG:2    UA:4    +
   82   118  0   0.0%   1.061 UG:2    UA:4    +
   33   158  0   0.0%   0.339 UG:2    UA:4    +
   38   156  0   0.0%   0.543 GC:4    GU:2    +
   75   100  0   0.0%   0.458 CG:3    UG:3    +
    6    10  0   0.0%   0.002 CG:3    UG:3    +
   26    37  0   0.0%   0.624 CG:2    UG:4    +
    3    85  0   0.0%   0.564 UG:4    UA:2    +
   78   112  0   0.0%   1.007 CG:3    UG:3    +
   72    93  0   0.0%   0.662 GU:1    AU:5    +
   53    67  0   0.0%   0.014 GC:3    GU:3    +
   39   100  0   0.0%   0.352 CG:3    UG:3    +
   37   153  0   0.0%   0.641 GC:3    GU:3    +
   83   119  0   0.0%   0.999 UG:1    UA:5    +
   67   100  0   0.0%   0.224 CG:3    UG:3    +
   83   118  0   0.0%   0.999 UG:2    UA:4    +
   33    90  0   0.0%   0.242 UG:3    UA:3    +
   62   138  0   0.0%   1.383 UG:3    UA:3    +
  108   158  0   0.0%   0.386 CG:2    UA:4    +
   79   158  0   0.0%   1.017 UG:2    UA:4    +
   85    93  0   0.0%   0.646 GU:4    AU:2    +
   93   138  0   0.0%   0.746 UG:3    UA:3    +
   82   119  0   0.0%   1.061 UG:1    UA:5    +
   80   158  0   0.0%   1.050 UG:2    UA:4    +
   35    41  0   0.0%   0.606 GU:1    AU:5    +
   39    95  0   0.0%   0.352 CG:3    UG:3    +
   33   159  0   0.0%   0.319 UG:3    UA:3    +
   67   103  0   0.0%   0.229 CG:3    UG:3    +
   85   136  0   0.0%   0.723 GC:4    AU:2    +
  100   136  0   0.0%   0.123 GC:4    GU:2    +
   91   153  0   0.0%   0.490 GC:3    GU:3    +
   79   159  0   0.0%   0.997 UG:3    UA:3    +
   64   137  0   0.0%   0.728 GU:4    AU:2    +
   77   158  0   0.0%   0.820 UG:2    UA:4    +
   13    30  0   0.0%   0.114 UG:2    UA:4    +
   36   137  0   0.0%   0.302 GU:1    AU:5    +
    2    51  0   0.0%   0.362 UG:3    UA:3    +
   33    48  0   0.0%   0.607 UG:4    UA:2    +
   78   100  0   0.0%   1.018 CG:3    UG:3    +
   76   158  0   0.0%   0.836 UG:2    UA:4    +
   76   159  0   0.0%   0.815 UG:3    UA:3    +
  100   153  0   0.0%   0.119 GC:3    GU:3    +
   64   132  0   0.0%   0.347 GU:4    AU:2    +
   23   159  0   0.0%   0.472 UG:3    UA:3    +
   37    45  0   0.0%   0.566 GC:1    GU:5    +
   53   153  0   0.0%   1.134 GC:3    GU:3    +
   37   136  0   0.0%   0.290 GC:4    GU:2    +
   35    76  0   0.0%   0.298 GU:1    AU:5    +
    1    85  0   0.0%   0.443 UG:4    UA:2    +
   12   147  0   0.0%   0.613 CG:4    UG:2    +
   38    96  0   0.0%   0.205 GC:1    GU:5    +
  107   138  0   0.0%   0.842 UG:3    UA:3    +
   30    93  0   0.0%   0.323 GU:2    AU:4    +
   10    45  0   0.0%   0.944 GC:1    GU:5    +
   24    38  0   0.0%   0.540 CG:1    UG:5    +
   70    78  3   1.7%   1.207 AU:3    +
   98   107  0   1.0%   0.265 AU:6    +
   15    34  2   1.6%   0.230 UA:4    +
   56   136  2   1.3%   1.104 GC:2    GU:2    +
  142   146  0   0.9%   0.284 AU:6    +
  141   147  2   1.2%   1.153 CG:1    UG:3    +
   38   160  0   0.9%   0.655 GC:6    +
   78    90  1   0.3%   1.300 CG:2    UG:1    UA:2    +
  137   151  0   0.8%   0.828 UG:6    +
   49    88  0   0.8%   0.690 GC:6    +
   57    66  2   1.2%   0.175 UG:1    UA:3    +
   40   158  1   0.8%   0.582 UG:2    UA:3    +
   49   139  0   0.8%   1.038 GC:6    +
   80    89  0   0.8%   1.185 UA:6    +
   59    64  2   1.4%   0.216 CG:4    +
   56    67  2   1.0%   0.144 GC:2    GU:2    +
   41   157  0   0.7%   0.571 UA:6    +
   85   153  1   0.2%   0.737 GC:2    GU:2    AU:1    +
  148   155  3   1.4%   0.724 GU:3    +
   14    19  0   0.6%   0.402 UG:6    +
   13    20  0   0.6%   0.106 UA:6    +
   24    28  1   0.1%   0.851 CG:1    UG:3    UA:1    +
  139   149  3   1.3%   1.400 CG:3    +
    4   150  1   1.1%   0.784 AU:5    +
   75    85  1   0.1%   0.937 CG:2    UG:2    UA:1    +
   67    85  1   0.1%   0.738 CG:2    UG:2    UA:1    +
  144   148  1   0.1%   0.864 CG:1    UG:2    AU:2    +
   58    65  3   1.3%   0.200 UA:3    +
  143   151  0   0.6%   1.140 CG:6    +
   95   139  0   0.6%   0.916 GC:6    +
   94   140  0   0.6%   0.945 GC:6    +
  140   148  3   1.3%   1.417 CG:3    +
   28   153  1   0.1%   0.564 GC:2    GU:2    AU:1    +
   66    82  2   0.9%   1.065 GU:1    AU:3    +
    3   157  0   0.5%   0.735 UA:6    +
   63    85  1   0.5%   1.057 UG:3    UA:2    +
  108   138  1   0.0%   0.904 CG:1    UG:2    UA:2    +
  141   148  1   0.0%   1.089 CG:1    UG:2    AU:2    +
  153   159  1   0.0%   0.568 CG:2    UG:1    UA:2    +
   67    90  1   0.0%   0.449 CG:2    UG:1    UA:2    +
   57    69  1   0.0%   0.073 CG:1    UG:1    UA:3    +
   15   158  1   0.0%   0.347 CG:1    UG:1    UA:3    +
   58    66  1   0.0%   0.138 UG:1    AU:1    UA:3    +
   66   148  1   0.0%   0.317 GU:1    UG:2    AU:2    +
    6    85  1   0.0%   0.327 CG:2    UG:2    UA:1    +
   48   153  1   0.0%   1.336 GC:2    GU:2    AU:1    +
   15    28  1   0.0%   0.288 CG:2    UG:2    UA:1    +
   51   153  1   0.0%   1.104 GC:2    GU:1    AU:2    +
   39    51  1   0.0%   0.341 CG:2    UG:1    UA:2    +
    6    48  1   0.0%   0.692 CG:2    UG:2    UA:1    +
   15    30  1   0.0%   0.091 CG:1    UG:1    UA:3    +
   26   138  1   0.0%   0.350 CG:1    UG:2    UA:2    +
   84    89  0   0.5%   1.409 UA:6    +
   65    83  2   1.2%   0.981 AU:4    +
    8   146  0   0.5%   0.648 AU:6    +
   33   145  0   0.5%   0.369 UA:6    +
   91   143  0   0.5%   0.950 GC:6    +
   47    87  2   1.1%   0.850 AU:4    +
   99   106  1   1.0%   0.192 UA:5    +
   62    74  0   0.4%   0.959 UA:6    +
   96   109  1   0.9%   0.208 UA:5    +
   62    69  1   0.4%   0.187 UG:2    UA:3    +
   66    76  2   0.8%   0.816 GU:1    AU:3    +
   70    83  0   0.4%   1.181 AU:6    +
   69    84  1   0.4%   1.041 GU:2    AU:3    +
    4    44  0   0.4%   0.386 AU:6    +
   50    83  0   0.4%   0.830 AU:6    +
   52    81  0   0.4%   0.873 GC:6    +
   86    95  0   0.4%   0.501 CG:6    +
   65    77  2   1.0%   0.699 AU:4    +
   71    82  0   0.4%   1.604 AU:6    +
   49    84  0   0.4%   0.826 GU:6    +
   71    78  3   1.1%   1.684 AU:3    +
    8    44  0   0.3%   0.914 AU:6    +
  143   147  0   0.3%   0.881 CG:6    +
   53    80  0   0.3%   0.928 GU:6    +
   22    28  1   0.3%   0.772 UG:4    UA:1    +
   57    85  1   0.3%   1.108 UG:4    UA:1    +
   83    98  0   0.3%   1.043 UA:6    +
   11    41  0   0.3%   0.480 AU:6    +
   79    89  0   0.3%   1.197 UA:6    +
   94   111  2   0.6%   0.278 GC:1    GU:3    +
   41    92  0   0.3%   0.449 UA:6    +
   77    92  0   0.3%   0.759 UA:6    +
   60    82  2   0.9%   0.968 AU:4    +
   95   110  2   0.9%   0.208 GC:4    +
   21    25  1   0.3%   0.692 CG:3    UG:2    +
   14    20  0   0.3%   0.112 UA:6    +
   49    59  0   0.3%   0.055 GC:6    +
   61    88  0   0.3%   0.833 GC:6    +
   88    94  0   0.2%   0.168 CG:6    +
   88   147  0   0.2%   0.296 CG:6    +
   10   143  0   0.2%   0.716 GC:6    +
   89   146  0   0.2%   0.859 AU:6    +
   27   144  2   0.2%   0.390 GU:1    AU:1    UA:2    +
   70    76  0   0.2%   0.839 AU:6    +
   97   108  3   1.0%   0.501 AU:3    +
   61   143  0   0.2%   1.236 GC:6    +
   62   142  0   0.2%   0.781 UA:6    +
   87   113  2   0.9%   0.349 UA:4    +
   53    59  0   0.2%   0.056 GC:6    +
   43    89  1   0.7%   0.249 UA:5    +
   89   102  0   0.2%   0.684 AU:6    +
   69    77  1   0.2%   0.733 GU:2    AU:3    +
   90   111  2   0.2%   0.815 GC:1    GU:2    AU:1    +
   93    98  0   0.2%   0.078 UA:6    +
   88   103  0   0.2%   0.161 CG:6    +
   81   100  0   0.2%   1.037 CG:6    +
  135   152  0   0.2%   0.294 UA:6    +
   60   144  1   0.2%   0.655 AU:3    UA:2    +
   42    91  2   0.5%   0.390 CG:3    UG:1    +
   89    93  0   0.2%   0.663 AU:6    +
   68    74  0   0.2%   0.771 UA:6    +
    1    47  0   0.2%   0.096 UA:6    +
   70    77  0   0.2%   0.820 AU:6    +
   86    91  0   0.2%   0.719 CG:6    +
  109   137  0   0.2%   0.503 AU:6    +
   71    76  0   0.1%   1.255 AU:6    +
    2    46  0   0.1%   0.061 UA:6    +
    6   148  3   0.6%   0.434 CG:1    UG:2    +
   74    84  0   0.1%   1.143 AU:6    +
   54    58  2   0.1%   0.044 GU:1    AU:2    UA:1    +
   61   101  0   0.1%   0.776 GC:6    +
   59   103  0   0.1%   0.131 CG:6    +
  139   147  0   0.1%   0.847 CG:6    +
   25   146  0   0.1%   0.406 GU:6    +
   84   154  0   0.1%   0.860 UA:6    +
   42    90  3   0.6%   0.449 CG:2    UA:1    +
   80    91  0   0.1%   0.891 UG:6    +
    3    34  0   0.1%   0.299 UA:6    +
    2   157  0   0.1%   0.443 UA:6    +
    5   149  3   0.9%   0.771 AU:3    +
    5   155  0   0.1%   0.719 AU:6    +
   91   107  0   0.1%   0.313 GU:6    +
   71    79  0   0.1%   1.603 AU:6    +
   10   140  0   0.1%   0.689 GC:6    +
   95   101  0   0.1%   0.077 GC:6    +
   48   140  2   0.8%   1.387 GC:4    +
   33   142  0   0.1%   0.290 UA:6    +
  146   152  0   0.1%   0.419 UA:6    +
   74    79  0   0.1%   1.226 AU:6    +
   63    72  1   0.1%   1.036 UG:1    UA:4    +
   73   100  0   0.1%   0.606 CG:6    +
   50    87  2   0.8%   0.906 AU:4    +
   77    89  0   0.1%   0.986 UA:6    +
   86   112  0   0.1%   0.469 CG:6    +
   90   144  2   0.4%   1.174 GC:1    AU:3    +
   94   102  0   0.1%   0.089 GU:6    +
   74    80  0   0.1%   1.147 AU:6    +
   70    80  0   0.1%   1.118 AU:6    +
   62   100  0   0.1%   0.720 UG:6    +
    4   137  0   0.1%   0.638 AU:6    +
   71    83  0   0.1%   1.574 AU:6    +
    4    33  0   0.1%   0.332 AU:6    +
   91   139  0   0.1%   1.146 GC:6    +
    3   154  0   0.1%   0.655 UA:6    +
   70    84  0   0.1%   1.130 AU:6    +
   85   150  1   0.1%   0.764 GU:4    AU:1    +
   13    19  0   0.1%   0.320 UG:6    +
  100   105  1   0.6%   0.161 GU:5    +
   98   102  0   0.1%   0.286 AU:6    +
   79    92  0   0.1%   0.954 UA:6    +
   49   140  0   0.1%   1.023 GC:6    +
   74    83  0   0.1%   1.174 AU:6    +
   10    42  2   0.4%   0.950 GC:3    GU:1    +
   16   154  0   0.1%   0.254 UA:6    +
   28   146  1   0.1%   0.584 GU:4    AU:1    +
   84   151  0   0.1%   0.893 UG:6    +
   50    77  0   0.1%   0.037 AU:6    +
   92   155  0   0.1%   0.311 AU:6    +
   93   154  0   0.1%   0.135 UA:6    +
   21   149  2   0.1%   0.731 CG:2    GU:1    UG:1    +
   46   146  0   0.1%   0.737 AU:6    +
  144   159  2   0.1%   0.626 CG:1    UG:2    UA:1    +
   93   145  0   0.1%   0.153 UA:6    +
   69    76  1   0.1%   0.736 GU:2    AU:3    +
   61    83  0   0.1%   1.280 GU:6    +
   92   146  0   0.1%   0.374 AU:6    +
    3   145  0   0.1%   0.591 UA:6    +
   83   152  0   0.1%   1.096 UA:6    +
   95   143  0   0.1%   0.630 GC:6    +
  137   145  0   0.1%   0.513 UA:6    +
  138   144  2   0.1%   1.152 GC:1    GU:1    AU:2    +
    1   152  0   0.1%   0.460 UA:6    +
   77    95  0   0.1%   0.724 UG:6    +
   71    80  0   0.1%   1.522 AU:6    +
    1    49  0   0.1%   0.448 UG:6    +
   47   146  0   0.1%   0.847 AU:6    +
   69    83  1   0.1%   1.024 GU:2    AU:3    +
   18    30  1   0.1%   0.118 UG:2    UA:3    +
   70    82  0   0.1%   1.149 AU:6    +
    3   142  0   0.1%   0.585 UA:6    +
    3    47  0   0.1%   0.893 UA:6    +
   53    76  0   0.1%   0.039 GU:6    +
    2    34  0   0.1%   0.033 UA:6    +
    2   151  0   0.0%   0.377 UG:6    +
  100   104  0   0.0%   0.076 GC:6    +
   86   151  0   0.0%   0.564 CG:6    +
  101   147  0   0.0%   0.108 CG:6    +
  139   151  0   0.0%   1.346 CG:6    +
   93   103  0   0.0%   0.066 UG:6    +
   50   155  0   0.0%   0.732 AU:6    +
   13    17  0   0.0%   0.011 UA:6    +
   13   157  0   0.0%   0.370 UA:6    +
   20   155  0   0.0%   0.417 AU:6    +
  100   139  0   0.0%   0.824 GC:6    +
   93   142  0   0.0%   0.124 UA:6    +
    1    50  0   0.0%   0.448 UA:6    +
   53    84  0   0.0%   1.384 GU:6    +
   28   155  1   0.0%   0.562 GU:4    AU:1    +
   77    91  0   0.0%   0.740 UG:6    +
    5   146  0   0.0%   0.650 AU:6    +
   15    36  1   0.0%   0.580 CG:1    UA:4    +
  138   156  2   0.0%   1.074 GC:2    GU:1    AU:1    +
  137   157  0   0.0%   0.735 UA:6    +
    2    28  1   0.0%   0.013 UG:4    UA:1    +
   48   143  2   0.7%   1.126 GC:4    +
   52   139  0   0.0%   1.086 GC:6    +
   38   143  0   0.0%   0.569 GC:6    +
   44   154  0   0.0%   0.447 UA:6    +
   61    76  0   0.0%   1.110 GU:6    +
  121   125  0   0.0%   0.012 UA:6    +
   58    70  1   0.5%   0.172 UA:5    +
   33   109  0   0.0%   0.249 UA:6    +
   58    72  1   0.0%   0.686 UG:1    UA:4    +
   79    94  0   0.0%   0.933 UG:6    +
   97   137  1   0.5%   0.743 AU:5    +
   23   152  0   0.0%   0.499 UA:6    +
   52    59  0   0.0%   0.023 GC:6    +
    2    49  0   0.0%   0.370 UG:6    +
   28   156  1   0.0%   0.557 GC:4    AU:1    +
    1   157  0   0.0%   0.460 UA:6    +
   89   137  0   0.0%   1.119 AU:6    +
   41    91  0   0.0%   0.412 UG:6    +
    1   154  0   0.0%   0.458 UA:6    +
    4   155  0   0.0%   0.698 AU:6    +
   74    93  0   0.0%   0.414 AU:6    +
   73    94  0   0.0%   0.584 CG:6    +
  151   160  0   0.0%   0.965 GC:6    +
   82    91  0   0.0%   1.331 UG:6    +
   38   104  0   0.0%   0.211 GC:6    +
  102   109  0   0.0%   0.300 UA:6    +
   83    91  0   0.0%   1.253 UG:6    +
   68    94  0   0.0%   0.413 UG:6    +
    3   152  0   0.0%   0.689 UA:6    +
   14    37  0   0.0%   0.611 UG:6    +
   44   152  0   0.0%   0.492 UA:6    +
   36    43  1   0.0%   0.352 GU:1    AU:4    +
   76    92  0   0.0%   0.743 UA:6    +
   56    63  1   0.0%   0.007 CG:1    GU:4    +
   50   146  0   0.0%   0.782 AU:6    +
   91   104  0   0.0%   0.294 GC:6    +
   69    93  1   0.0%   0.310 GU:2    AU:3    +
   39    90  2   0.0%   0.349 CG:1    UG:2    UA:1    +
   52    76  0   0.0%   0.020 GU:6    +
   91   140  0   0.0%   1.168 GC:6    +
   47    80  0   0.0%   0.333 AU:6    +
   53    73  0   0.0%   0.020 GC:6    +
   25   143  0   0.0%   0.365 GC:6    +
   11    23  0   0.0%   0.336 AU:6    +
   90   105  1   0.0%   0.685 GU:3    AU:2    +
   11   155  0   0.0%   0.167 AU:6    +
   53    86  0   0.0%   1.038 GC:6    +
   95   107  0   0.0%   0.152 GU:6    +
  137   152  0   0.0%   0.732 UA:6    +
   93   109  0   0.0%   0.082 UA:6    +
   85   111  2   0.0%   0.673 GC:1    GU:1    AU:2    +
   34   146  0   0.0%   0.383 AU:6    +
   74    82  0   0.0%   1.188 AU:6    +
   32   149  1   0.0%   0.298 CG:3    GU:2    +
   10   160  0   0.0%   0.695 GC:6    +
   33    46  0   0.0%   0.533 UA:6    +
    6   159  2   0.0%   0.429 CG:1    UG:2    UA:1    +
   52    77  0   0.0%   0.021 GU:6    +
  150   159  1   0.0%   1.040 UG:2    UA:3    +
    6   158  2   0.0%   0.442 CG:1    UG:1    UA:2    +
   44   157  0   0.0%   0.501 UA:6    +
   82    92  0   0.0%   1.243 UA:6    +
   86   147  0   0.0%   0.510 CG:6    +
   66    87  2   0.0%   0.481 GU:1    AU:2    UA:1    +
   11    16  0   0.0%   0.007 AU:6    +
   43   158  1   0.0%   0.259 UG:2    UA:3    +
  112   137  0   0.0%   0.551 GU:6    +
    2   154  0   0.0%   0.422 UA:6    +
   50    82  0   0.0%   0.768 AU:6    +
   84   109  0   0.0%   0.803 UA:6    +
  112   140  0   0.0%   0.903 GC:6    +
   49    83  0   0.0%   0.770 GU:6    +
  123   128  2   0.0%   0.026 CG:1    UG:1    UA:2    +
   49   160  0   0.0%   1.070 GC:6    +
   49   155  0   0.0%   1.041 GU:6    +
   27   141  2   0.0%   0.344 GU:1    AU:1    UA:2    +
   41    50  0   0.0%   0.318 UA:6    +
  107   152  0   0.0%   0.376 UA:6    +
   33   147  0   0.0%   0.324 UG:6    +
   25    33  0   0.0%   0.586 GU:6    +
   84    91  0   0.0%   1.045 UG:6    +
  121   133  0   0.0%   0.172 UA:6    +
  137   142  0   0.0%   0.483 UA:6    +
  122   132  0   0.0%   0.299 AU:6    +
   58    64  1   0.0%   0.031 UG:3    UA:2    +
   11    22  0   0.0%   0.332 AU:6    +
   68    89  0   0.0%   0.643 UA:6    +
   61   104  0   0.0%   0.764 GC:6    +
  144   150  3   0.5%   0.931 CG:1    AU:2    +
   73   147  0   0.0%   0.637 CG:6    +
    5   137  0   0.0%   0.648 AU:6    +
    4   146  0   0.0%   0.636 AU:6    +
    3     8  0   0.0%   0.005 UA:6    +
   62   103  0   0.0%   0.721 UG:6    +
   17   155  0   0.0%   0.271 AU:6    +
    1   145  0   0.0%   0.448 UA:6    +
   10    23  0   0.0%   0.649 GU:6    +
   74   146  0   0.0%   0.497 AU:6    +
    1    28  1   0.0%   0.006 UG:4    UA:1    +
   21    37  1   0.0%   0.949 CG:3    UG:2    +
   13    38  0   0.0%   0.524 UG:6    +
   38    86  0   0.0%   0.207 GC:6    +
   50    79  0   0.0%   0.033 AU:6    +
  150   158  1   0.0%   1.084 UG:2    UA:3    +
   29    35  1   0.0%   0.421 UG:1    UA:4    +
    2   145  0   0.0%   0.368 UA:6    +
   47    84  0   0.0%   1.063 AU:6    +
   43    48  1   0.0%   0.429 UG:4    UA:1    +
    6   138  2   0.0%   0.337 CG:1    UG:2    UA:1    +
  117   125  0   0.0%   0.004 UA:6    +
  116   126  0   0.0%   0.004 AU:6    +
    2    10  0   0.0%   0.006 UG:6    +
  113   126  0   0.0%   0.044 AU:6    +
  111   128  2   0.0%   0.135 CG:1    UG:1    UA:2    +
   76    94  0   0.0%   0.728 UG:6    +
   24    30  1   0.0%   0.659 UG:2    UA:3    +
    1   142  0   0.0%   0.447 UA:6    +
   49    80  0   0.0%   0.035 GU:6    +
   52    83  0   0.0%   1.353 GU:6    +
  114   125  0   0.0%   0.003 UA:6    +
   14    34  0   0.0%   0.063 UA:6    +
   71    84  0   0.0%   1.523 AU:6    +
   10    22  0   0.0%   0.647 GU:6    +
  109   130  0   0.0%   0.062 AU:6    +
    2   142  0   0.0%   0.366 UA:6    +
   28    32  1   0.0%   0.740 GC:4    UG:1    +
   83    92  0   0.0%   1.162 UA:6    +
  100   160  0   0.0%   0.125 GC:6    +
   76    91  0   0.0%   0.763 UG:6    +
   61   160  0   0.0%   0.819 GC:6    +
   74   107  0   0.0%   0.421 AU:6    +
    9    24  1   0.0%   0.653 GU:1    AU:4    +
    1    11  0   0.0%   0.004 UA:6    +
    2     8  0   0.0%   0.003 UA:6    +
   52    80  0   0.0%   0.833 GU:6    +
   47    82  0   0.0%   0.332 AU:6    +
  100   140  0   0.0%   0.845 GC:6    +
   31   149  1   0.0%   0.324 UG:3    AU:2    +
   69    82  1   0.0%   1.044 GU:2    AU:3    +
   71   102  0   0.0%   0.813 AU:6    +
   37   143  0   0.0%   0.645 GC:6    +
    1    10  0   0.0%   0.003 UG:6    +
  103   139  0   0.0%   0.819 GC:6    +
  102   157  0   0.0%   0.430 UA:6    +
   16    25  0   0.0%   0.330 UG:6    +
   45    90  1   0.0%   0.838 UG:3    UA:2    +
  104   112  0   0.0%   0.126 CG:6    +
   30   150  1   0.0%   0.425 GU:2    AU:3    +
   83   157  0   0.0%   1.096 UA:6    +
   58    90  1   0.0%   0.650 UG:3    UA:2    +
   94   101  0   0.0%   0.069 GC:6    +
    1   151  0   0.0%   0.448 UG:6    +
   59    91  0   0.0%   0.142 CG:6    +
   63   158  1   0.0%   0.664 UG:2    UA:3    +
  102   145  0   0.0%   0.314 UA:6    +
    1     8  0   0.0%   0.002 UA:6    +
   90   156  2   0.0%   0.963 GC:2    GU:1    AU:1    +
   23   147  0   0.0%   0.458 UG:6    +
   86   103  0   0.0%   0.465 CG:6    +
   51   144  2   0.0%   1.450 GC:1    GU:2    AU:1    +
   10    41  0   0.0%   0.936 GU:6    +
   73    95  0   0.0%   0.581 CG:6    +
   28    33  1   0.0%   0.750 GU:4    AU:1    +
   16   157  0   0.0%   0.272 UA:6    +
   54    63  2   0.0%   0.012 CG:1    GU:1    AU:2    +
    2    50  0   0.0%   0.365 UA:6    +
    3    89  0   0.0%   0.566 UA:6    +
   41   152  0   0.0%   0.497 UA:6    +
   49    77  0   0.0%   0.026 GU:6    +
   50    76  0   0.0%   0.022 AU:6    +
   43    85  1   0.0%   0.064 UG:4    UA:1    +
   38   140  0   0.0%   0.857 GC:6    +
   50   137  0   0.0%   0.703 AU:6    +
  113   155  0   0.0%   0.088 AU:6    +
  124   133  0   0.0%   0.006 UA:6    +
   72    96  1   0.0%   0.663 GU:1    AU:4    +
  125   132  0   0.0%   0.011 AU:6    +
    3   109  0   0.0%   0.567 UA:6    +
    3    10  0   0.0%   0.005 UG:6    +
   41    46  0   0.0%   0.603 UA:6    +
    3   147  0   0.0%   0.582 UG:6    +
  112   130  0   0.0%   0.092 GU:6    +
   52   143  0   0.0%   1.508 GC:6    +
   46    83  0   0.0%   0.294 AU:6    +
   37    88  0   0.0%   0.289 GC:6    +
   10   139  0   0.0%   0.668 GC:6    +
   51    75  2   0.0%   0.018 GC:1    GU:2    AU:1    +
   53   104  0   0.0%   0.760 GC:6    +
  126   131  0   0.0%   0.301 UA:6    +
    2    11  0   0.0%   0.005 UA:6    +
   81    94  0   0.0%   1.011 CG:6    +
   90   150  1   0.0%   1.079 GU:2    AU:3    +
    1    46  0   0.0%   0.066 UA:6    +
   62   109  0   0.0%   0.714 UA:6    +
   61    77  0   0.0%   1.067 GU:6    +
  112   139  0   0.0%   0.879 GC:6    +
   49   146  0   0.0%   1.094 GU:6    +
  151   155  0   0.0%   0.625 GU:6    +
  114   154  0   0.0%   0.060 UA:6    +
    1    34  0   0.0%   0.057 UA:6    +
   93   112  0   0.0%   0.156 UG:6    +
   29    36  1   0.0%   0.416 UG:1    UA:4    +
   84   116  0   0.0%   0.794 UA:6    +
   52    73  0   0.0%   0.005 GC:6    +
    3    49  0   0.0%   0.572 UG:6    +
    4    16  0   0.0%   0.001 AU:6    +
   62   152  0   0.0%   0.805 UA:6    +
  111   158  2   0.0%   0.342 CG:1    UG:1    UA:2    +
   81   112  0   0.0%   1.001 CG:6    +
  122   135  0   0.0%   0.312 AU:6    +
   47    79  0   0.0%   0.329 AU:6    +
   59   112  0   0.0%   0.112 CG:6    +
    2    89  0   0.0%   0.363 UA:6    +
   79   103  0   0.0%   0.925 UG:6    +
   38   155  0   0.0%   0.550 GU:6    +
   44   151  0   0.0%   0.486 UG:6    +
  141   159  2   0.0%   1.035 CG:1    UG:2    UA:1    +
   14   157  0   0.0%   0.371 UA:6    +
    3    17  0   0.0%   0.004 UA:6    +
   53    79  0   0.0%   0.909 GU:6    +
   83   109  0   0.0%   1.006 UA:6    +
   77    94  0   0.0%   0.714 UG:6    +
  117   122  0   0.0%   0.001 UA:6    +
   33   151  0   0.0%   0.358 UG:6    +
   87   149  1   0.0%   0.340 UG:3    AU:2    +
  112   135  0   0.0%   0.092 GU:6    +
   84   106  0   0.0%   0.795 UA:6    +
   64   150  1   0.0%   0.435 GU:3    AU:2    +
   85   105  1   0.0%   0.668 GU:4    AU:1    +
   19    33  0   0.0%   0.849 GU:6    +
   41    47  0   0.0%   0.638 UA:6    +
   73    91  0   0.0%   0.617 CG:6    +
   82   109  0   0.0%   1.068 UA:6    +
   52    86  0   0.0%   0.995 GC:6    +
   37   160  0   0.0%   0.617 GC:6    +
   50   107  0   0.0%   0.695 AU:6    +
  110   148  1   0.0%   0.114 CG:3    GU:2    +
   58    85  1   0.0%   0.795 UG:4    UA:1    +
   21   151  1   0.0%   0.741 CG:3    UG:2    +
   58    89  1   0.5%   0.675 UA:5    +
  103   137  0   0.0%   0.479 GU:6    +
   59    94  0   0.0%   0.102 CG:6    +
   59   151  0   0.0%   0.195 CG:6    +
  112   143  0   0.0%   0.611 GC:6    +
   55    63  1   0.0%   0.005 UG:1    AU:4    +
    1   109  0   0.0%   0.444 UA:6    +
   44    50  0   0.0%   0.339 UA:6    +
   10    81  0   0.0%   0.667 GC:6    +
    8    83  0   0.0%   0.565 AU:6    +
   41    49  0   0.0%   0.319 UG:6    +
  106   137  0   0.0%   0.497 AU:6    +
    3    19  0   0.0%   0.004 UG:6    +
   24    35  1   0.0%   0.631 UG:1    UA:4    +
   25   160  0   0.0%   0.365 GC:6    +
    2   109  0   0.0%   0.363 UA:6    +
   63    90  1   0.0%   0.774 UG:3    UA:2    +
   90   136  2   0.0%   0.761 GC:2    GU:1    AU:1    +
    2    20  0   0.0%   0.005 UA:6    +
   16    20  0   0.0%   0.053 UA:6    +
   68   152  0   0.0%   0.494 UA:6    +
   33    47  0   0.0%   0.567 UA:6    +
   10    88  0   0.0%   0.667 GC:6    +
   22    37  0   0.0%   0.632 UG:6    +
   80   113  0   0.0%   0.942 UA:6    +
    8   137  0   0.0%   0.573 AU:6    +
   11    80  0   0.0%   0.152 AU:6    +
   21    38  1   0.0%   0.869 CG:3    UG:2    +
   52    88  0   0.0%   0.768 GC:6    +
  147   155  0   0.0%   0.503 GU:6    +
   44   145  0   0.0%   0.472 UA:6    +
   45   158  1   0.0%   0.767 UG:2    UA:3    +
   80   109  0   0.0%   0.948 UA:6    +
   10    86  0   0.0%   0.667 GC:6    +
   40    48  1   0.0%   0.676 UG:4    UA:1    +
  137   147  0   0.0%   0.499 UG:6    +
   61    84  0   0.0%   1.265 GU:6    +
   76   106  0   0.0%   0.730 UA:6    +
   46    80  0   0.0%   0.293 AU:6    +
   83   154  0   0.0%   1.039 UA:6    +
    6    30  2   0.0%   0.397 CG:1    UG:1    UA:2    +
   68   106  0   0.0%   0.411 UA:6    +
   86    94  0   0.0%   0.449 CG:6    +
   94   104  0   0.0%   0.060 GC:6    +
   81   151  0   0.0%   1.084 CG:6    +
   89   155  0   0.0%   0.934 AU:6    +
   14   152  0   0.0%   0.390 UA:6    +
   84   112  0   0.0%   0.794 UG:6    +
   37    86  0   0.0%   0.287 GC:6    +
    5   107  0   0.0%   0.639 AU:6    +
   49    82  0   0.0%   0.768 GU:6    +
   45    64  1   0.0%   0.281 UG:4    UA:1    +
   98   137  0   0.0%   0.502 AU:6    +
   90   153  2   0.0%   0.882 GC:1    GU:2    AU:1    +
   80   152  0   0.0%   1.026 UA:6    +
   79   109  0   0.0%   0.916 UA:6    +
  103   143  0   0.0%   0.549 GC:6    +
   47    62  0   0.0%   0.328 AU:6    +
    8   155  0   0.0%   0.610 AU:6    +
   14    38  0   0.0%   0.531 UG:6    +
   69   137  1   0.0%   0.689 GU:2    AU:3    +
   10    16  0   0.0%   0.005 GU:6    +
   78   158  1   0.0%   1.115 CG:2    UA:3    +
   29   138  1   0.0%   0.134 UG:3    UA:2    +
   61    79  0   0.0%   1.260 GU:6    +
  125   130  0   0.0%   0.011 AU:6    +
   79    91  0   0.0%   0.972 UG:6    +
   91   101  0   0.0%   0.306 GC:6    +
   38    73  0   0.0%   0.204 GC:6    +
   42   149  1   0.0%   0.389 CG:3    GU:2    +
   79   157  0   0.0%   1.000 UA:6    +
   62    89  0   0.0%   0.893 UA:6    +
   14    28  1   0.0%   0.318 UG:4    UA:1    +
   47   137  0   0.0%   0.757 AU:6    +
   11   146  0   0.0%   0.184 AU:6    +
   41    70  0   0.0%   0.313 UA:6    +
   77   109  0   0.0%   0.718 UA:6    +
    1     5  0   0.0%   0.000 UA:6    +
    5    14  0   0.0%   0.001 AU:6    +
   61    82  0   0.0%   1.319 GU:6    +
    1    37  0   0.0%   0.065 UG:6    +
   53    88  0   0.0%   0.807 GC:6    +
   23    34  0   0.0%   0.703 UA:6    +
   19   160  0   0.0%   0.617 GC:6    +
   44   142  0   0.0%   0.439 UA:6    +
   53   140  0   0.0%   1.828 GC:6    +
   61    80  0   0.0%   1.241 GU:6    +
   76   109  0   0.0%   0.734 UA:6    +
   49    79  0   0.0%   0.035 GU:6    +
   48   111  2   0.0%   0.948 GC:1    GU:1    AU:2    +
   46   137  0   0.0%   0.666 AU:6    +
    8    13  0   0.0%   0.003 AU:6    +
   84   152  0   0.0%   0.888 UA:6    +
    8    16  0   0.0%   0.005 AU:6    +
   37   139  0   0.0%   0.291 GC:6    +
   23   145  0   0.0%   0.432 UA:6    +
  132   154  0   0.0%   0.056 UA:6    +
   82   157  0   0.0%   1.152 UA:6    +
   84    92  0   0.0%   0.953 UA:6    +
   83   113  0   0.0%   0.999 UA:6    +
   44    91  0   0.0%   0.443 UG:6    +
   73   103  0   0.0%   0.597 CG:6    +
  124   131  0   0.0%   0.005 UA:6    +
  142   155  0   0.0%   0.260 AU:6    +
   74   102  0   0.0%   0.426 AU:6    +
   37   104  0   0.0%   0.288 GC:6    +
    9    18  1   0.0%   0.006 GU:1    AU:4    +
   26    36  1   0.0%   0.631 CG:1    UA:4    +
   49   137  0   0.0%   0.611 GU:6    +
   55    66  2   0.0%   0.004 UG:1    AU:2    UA:1    +
    1    89  0   0.0%   0.443 UA:6    +
   36   105  1   0.0%   0.294 GU:1    AU:4    +
   84   145  0   0.0%   0.863 UA:6    +
   34   137  0   0.0%   0.297 AU:6    +
   95   155  0   0.0%   0.173 GU:6    +
  131   155  0   0.0%   0.034 AU:6    +
  102   106  0   0.0%   0.319 UA:6    +
   93   157  0   0.0%   0.269 UA:6    +
    1   147  0   0.0%   0.446 UG:6    +
   77   103  0   0.0%   0.724 UG:6    +
   45   138  1   0.0%   0.973 UG:3    UA:2    +
   80    95  0   0.0%   0.952 UG:6    +
   88   100  0   0.0%   0.135 CG:6    +
  107   134  0   0.0%   0.132 UA:6    +
  105   138  1   0.0%   0.778 UG:3    UA:2    +
  109   132  0   0.0%   0.061 AU:6    +
   84   142  0   0.0%   0.841 UA:6    +
   53   143  0   0.0%   1.543 GC:6    +
   27    31  2   0.0%   0.572 GU:1    AU:1    UA:2    +
   82    98  0   0.0%   1.069 UA:6    +
   83   151  0   0.0%   1.082 UG:6    +
  109   146  0   0.0%   0.170 AU:6    +
  146   151  0   0.0%   0.619 UG:6    +
  113   137  0   0.0%   0.481 AU:6    +
   76    98  0   0.0%   0.736 UA:6    +
   17    23  0   0.0%   0.331 AU:6    +
  100   137  0   0.0%   0.480 GU:6    +
  101   112  0   0.0%   0.119 CG:6    +
   59   100  0   0.0%   0.102 CG:6    +
   22   157  0   0.0%   0.397 UA:6    +
   86   100  0   0.0%   0.473 CG:6    +
  106   135  0   0.0%   0.084 AU:6    +
   82   100  0   0.0%   1.086 UG:6    +
   80   100  0   0.0%   0.955 UG:6    +
   37    81  0   0.0%   0.287 GC:6    +
   38    88  0   0.0%   0.206 GC:6    +
  116   121  0   0.0%   0.001 AU:6    +
   34    84  0   0.0%   0.286 AU:6    +
   21   147  1   0.0%   0.700 CG:3    UG:2    +
   95   140  0   0.0%   0.911 GC:6    +
  115   122  0   0.0%   0.001 UA:6    +
   83   106  0   0.0%   1.001 UA:6    +
  106   132  0   0.0%   0.083 AU:6    +
    2    19  0   0.0%   0.004 UG:6    +
   44   109  0   0.0%   0.408 UA:6    +
   82   152  0   0.0%   1.145 UA:6    +
   22   152  0   0.0%   0.418 UA:6    +
  114   131  0   0.0%   0.003 UA:6    +
   23   151  0   0.0%   0.495 UG:6    +
   76   103  0   0.0%   0.740 UG:6    +
  114   133  0   0.0%   0.002 UA:6    +
    1    20  0   0.0%   0.003 UA:6    +
   51    58  1   0.0%   0.031 GU:2    AU:3    +
   16    28  1   0.0%   0.274 UG:4    UA:1    +
   10    14  0   0.0%   0.003 GU:6    +
   80   103  0   0.0%   0.957 UG:6    +
   59   147  0   0.0%   0.160 CG:6    +
    6    90  2   0.0%   0.328 CG:1    UG:2    UA:1    +
   37    44  0   0.0%   0.619 GU:6    +
    2   147  0   0.0%   0.365 UG:6    +
   41    53  0   0.0%   0.313 UG:6    +
   47   155  0   0.0%   0.790 AU:6    +
   22    34  0   0.0%   0.630 UA:6    +
   52    84  0   0.0%   1.339 GU:6    +
   35   150  1   0.0%   0.383 GU:1    AU:4    +
  113   132  0   0.0%   0.044 AU:6    +
   44   147  0   0.0%   0.450 UG:6    +
   68   109  0   0.0%   0.416 UA:6    +
  100   107  0   0.0%   0.197 GU:6    +
   20    33  0   0.0%   0.628 AU:6    +
   81   103  0   0.0%   1.016 CG:6    +
    5    13  0   0.0%   0.000 AU:6    +
   84   113  0   0.0%   0.794 UA:6    +
   70   102  0   0.0%   0.414 AU:6    +
    8    14  0   0.0%   0.003 AU:6    +
   70   107  0   0.0%   0.408 AU:6    +
   91   160  0   0.0%   0.503 GC:6    +
   77   106  0   0.0%   0.714 UA:6    +
   69   102  1   0.0%   0.316 GU:2    AU:3    +
  116   124  0   0.0%   0.001 AU:6    +
  107   131  0   0.0%   0.130 UA:6    +
    5    23  0   0.0%   0.002 AU:6    +
   76    95  0   0.0%   0.725 UG:6    +
   44   134  0   0.0%   0.404 UA:6    +
    4    14  0   0.0%   0.000 AU:6    +
  115   134  0   0.0%   0.010 UA:6    +
   62    98  0   0.0%   0.700 UA:6    +
   17   146  0   0.0%   0.283 AU:6    +
  107   142  0   0.0%   0.186 UA:6    +
    3    20  0   0.0%   0.004 UA:6    +
   17    22  0   0.0%   0.329 AU:6    +
   54   150  2   0.0%   1.067 GU:1    UG:1    AU:2    +
    5    41  0   0.0%   0.324 AU:6    +
    3    25  0   0.0%   0.004 UG:6    +
   40    85  1   0.0%   0.312 UG:4    UA:1    +
   82   154  0   0.0%   1.096 UA:6    +
   29   159  1   0.0%   0.203 UG:2    UA:3    +
   33    37  0   0.0%   0.522 UG:6    +
   92   137  0   0.0%   0.651 AU:6    +
   38    80  0   0.0%   0.204 GU:6    +
   68   145  0   0.0%   0.478 UA:6    +
   16   151  0   0.0%   0.292 UG:6    +
   68   154  0   0.0%   0.445 UA:6    +
  103   107  0   0.0%   0.192 GU:6    +
   44    49  0   0.0%   0.342 UG:6    +
   68   103  0   0.0%   0.422 UG:6    +
   69   153  2   0.0%   0.336 GC:1    GU:1    AU:2    +
   73   151  0   0.0%   0.669 CG:6    +
  116   137  0   0.0%   0.427 AU:6    +
   33   154  0   0.0%   0.310 UA:6    +
   89   107  0   0.0%   0.654 AU:6    +
   41   154  0   0.0%   0.448 UA:6    +
   55   111  1   0.0%   0.541 AU:3    UA:2    +
   93   100  0   0.0%   0.054 UG:6    +
   46   155  0   0.0%   0.683 AU:6    +
   53   155  0   0.0%   1.129 GU:6    +
   70    93  0   0.0%   0.406 AU:6    +
   23   157  0   0.0%   0.473 UA:6    +
   11   135  0   0.0%   0.152 AU:6    +
   61   135  0   0.0%   0.760 GU:6    +
   10    44  0   0.0%   0.997 GU:6    +
  107   113  0   0.0%   0.172 UA:6    +
   41   109  0   0.0%   0.419 UA:6    +
  106   146  0   0.0%   0.181 AU:6    +
   50   135  0   0.0%   0.692 AU:6    +
  107   145  0   0.0%   0.205 UA:6    +
   58   138  1   0.0%   1.115 UG:3    UA:2    +
   62   134  0   0.0%   0.710 UA:6    +
   19    88  0   0.0%   0.612 GC:6    +
    5   114  0   0.0%   0.639 AU:6    +
   81    95  0   0.0%   0.999 CG:6    +
    8    22  0   0.0%   0.004 AU:6    +
   74   137  0   0.0%   0.797 AU:6    +
    2    37  0   0.0%   0.033 UG:6    +
   34    41  0   0.0%   0.594 AU:6    +
   82    94  0   0.0%   1.083 UG:6    +
  115   125  0   0.0%   0.002 UA:6    +
   79   100  0   0.0%   0.923 UG:6    +
    5    62  0   0.0%   0.638 AU:6    +
   61   140  0   0.0%   1.482 GC:6    +
   33   152  0   0.0%   0.358 UA:6    +
    1    91  0   0.0%   0.443 UG:6    +
    4   115  0   0.0%   0.619 AU:6    +
   60   141  1   0.0%   0.929 AU:3    UA:2    +
   35    40  1   0.0%   0.604 GU:1    AU:4    +
  103   140  0   0.0%   0.840 GC:6    +
   19    23  0   0.0%   0.678 GU:6    +
    2    91  0   0.0%   0.362 UG:6    +
    4    41  0   0.0%   0.319 AU:6    +
   44    98  0   0.0%   0.404 UA:6    +
    1    19  0   0.0%   0.003 UG:6    +
   41   151  0   0.0%   0.495 UG:6    +
   68    98  0   0.0%   0.410 UA:6    +
   22   154  0   0.0%   0.373 UA:6    +
    3    50  0   0.0%   0.568 UA:6    +
    3   112  0   0.0%   0.566 UG:6    +
   68   151  0   0.0%   0.493 UG:6    +
   77    98  0   0.0%   0.720 UA:6    +
  134   155  0   0.0%   0.045 AU:6    +
   44   133  0   0.0%   0.404 UA:6    +
   20   146  0   0.0%   0.422 AU:6    +
   44    92  0   0.0%   0.421 UA:6    +
   16   147  0   0.0%   0.255 UG:6    +
   38   101  0   0.0%   0.205 GC:6    +
    3   116  0   0.0%   0.566 UA:6    +
   38    44  0   0.0%   0.537 GU:6    +
  109   155  0   0.0%   0.103 AU:6    +
   52   160  0   0.0%   1.114 GC:6    +
   92   102  0   0.0%   0.217 AU:6    +
    5    16  0   0.0%   0.001 AU:6    +
   38   146  0   0.0%   0.595 GU:6    +
   62   145  0   0.0%   0.789 UA:6    +
   18    35  1   0.0%   0.318 UG:1    UA:4    +
  135   154  0   0.0%   0.079 UA:6    +
   36    45  1   0.0%   0.573 GU:1    AU:4    +
   61   139  0   0.0%   1.470 GC:6    +
  104   147  0   0.0%   0.105 CG:6    +
    4    84  0   0.0%   0.618 AU:6    +
    5    22  0   0.0%   0.001 AU:6    +
  101   151  0   0.0%   0.297 CG:6    +
   61   146  0   0.0%   0.850 GU:6    +
   58   158  1   0.0%   0.548 UG:2    UA:3    +
   50    62  0   0.0%   0.021 AU:6    +
   13    28  1   0.0%   0.310 UG:4    UA:1    +
   48   150  1   0.0%   1.382 GU:4    AU:1    +
   11   137  0   0.0%   0.160 AU:6    +
  103   160  0   0.0%   0.117 GC:6    +
   80   157  0   0.0%   1.033 UA:6    +
   41   134  0   0.0%   0.415 UA:6    +
    3   133  0   0.0%   0.566 UA:6    +
   53    83  0   0.0%   1.388 GU:6    +
    4    23  0   0.0%   0.001 AU:6    +
   75   158  1   0.0%   0.554 CG:2    UA:3    +
   76   157  0   0.0%   0.819 UA:6    +
   53    62  0   0.0%   0.014 GU:6    +
    2    17  0   0.0%   0.004 UA:6    +
    2   113  0   0.0%   0.363 UA:6    +
    1    92  0   0.0%   0.443 UA:6    +
   61   137  0   0.0%   1.141 GU:6    +
   49   104  0   0.0%   0.603 GC:6    +
   19   143  0   0.0%   0.625 GC:6    +
    2   134  0   0.0%   0.363 UA:6    +
   71    93  0   0.0%   0.803 AU:6    +
  122   130  0   0.0%   0.298 AU:6    +
   33   157  0   0.0%   0.330 UA:6    +
   13    34  0   0.0%   0.053 UA:6    +
    4   130  0   0.0%   0.619 AU:6    +
   72    99  1   0.0%   0.661 GU:1    AU:4    +
    3    11  0   0.0%   0.004 UA:6    +
   68    95  0   0.0%   0.411 UG:6    +
    3   131  0   0.0%   0.566 UA:6    +
   10   137  0   0.0%   0.675 GU:6    +
   53    82  0   0.0%   1.398 GU:6    +
    4    13  0   0.0%   0.000 AU:6    +
   82   106  0   0.0%   1.063 UA:6    +
    4   132  0   0.0%   0.619 AU:6    +
   37   102  0   0.0%   0.287 GU:6    +
   25    86  0   0.0%   0.346 GC:6    +
   83   112  0   0.0%   0.999 UG:6    +
  115   131  0   0.0%   0.002 UA:6    +
    9    45  1   0.0%   0.921 GU:1    AU:4    +
    5    33  0   0.0%   0.330 AU:6    +
   73   112  0   0.0%   0.585 CG:6    +
   77   113  0   0.0%   0.712 UA:6    +
   12   138  2   0.0%   0.588 CG:2    UG:1    UA:1    +
   80   106  0   0.0%   0.944 UA:6    +
  130   157  0   0.0%   0.194 UA:6    +
   83   142  0   0.0%   1.046 UA:6    +
   61   107  0   0.0%   0.762 GU:6    +
   11    44  0   0.0%   0.482 AU:6    +
   83   145  0   0.0%   1.068 UA:6    +
   25   139  0   0.0%   0.347 GC:6    +
   20    41  0   0.0%   0.701 AU:6    +
   77   157  0   0.0%   0.803 UA:6    +
   62   106  0   0.0%   0.709 UA:6    +
   70   137  0   0.0%   0.786 AU:6    +
  116   130  0   0.0%   0.003 AU:6    +
   48   105  1   0.0%   0.947 GU:4    AU:1    +
   62    92  0   0.0%   0.718 UA:6    +
   22   151  0   0.0%   0.421 UG:6    +
   79    95  0   0.0%   0.920 UG:6    +
   49   135  0   0.0%   0.602 GU:6    +
   91   146  0   0.0%   0.541 GU:6    +
   52   137  0   0.0%   0.728 GU:6    +
   35    43  1   0.0%   0.352 GU:1    AU:4    +
   53    68  0   0.0%   0.014 GU:6    +
   64   141  2   0.0%   1.054 GC:1    GU:1    AU:2    +
   24   158  1   0.0%   0.408 UG:2    UA:3    +
  121   131  0   0.0%   0.169 UA:6    +
  106   114  0   0.0%   0.083 AU:6    +
   36    40  1   0.0%   0.599 GU:1    AU:4    +
   62    91  0   0.0%   0.741 UG:6    +
    1    17  0   0.0%   0.003 UA:6    +
   34    44  0   0.0%   0.615 AU:6    +
   79   106  0   0.0%   0.911 UA:6    +
   13   154  0   0.0%   0.337 UA:6    +
  103   146  0   0.0%   0.165 GU:6    +
   84    98  0   0.0%   0.818 UA:6    +
  105   158  1   0.0%   0.265 UG:2    UA:3    +
   82   113  0   0.0%   1.061 UA:6    +
    5   135  0   0.0%   0.639 AU:6    +
    9    29  1   0.0%   0.334 GU:1    AU:4    +
   72   105  1   0.0%   0.664 GU:1    AU:4    +
    4    22  0   0.0%   0.001 AU:6    +
   94   107  0   0.0%   0.163 GU:6    +
   94   143  0   0.0%   0.621 GC:6    +
   80    94  0   0.0%   0.963 UG:6    +
  104   151  0   0.0%   0.297 CG:6    +
   29   158  1   0.0%   0.223 UG:2    UA:3    +
    5    43  1   0.5%   0.400 AU:5    +
   63    89  1   0.4%   0.797 UA:5    +
    9   144  2   0.2%   0.696 GC:1    AU:3    +
   84    97  1   0.4%   0.840 UA:5    +
   65    82  2   0.5%   0.903 AU:4    +
   57    71  1   0.4%   0.133 UA:5    +
  149   154  3   0.6%   0.726 UA:3    +
   66    79  2   0.2%   0.927 GU:1    AU:3    +
    7   147  3   0.6%   0.671 CG:3    +
   55    87  2   0.2%   0.735 AU:3    UA:1    +
   58    74  1   0.3%   0.753 UA:5    +
   51    86  3   0.6%   1.020 GC:3    +
   29   142  1   0.3%   0.185 UA:5    +
   66    83  2   0.1%   1.009 GU:1    AU:3    +
   64    88  2   0.4%   0.463 GC:4    +
   64    73  2   0.4%   0.763 GC:4    +
   55    68  2   0.4%   0.074 AU:4    +
    9   141  2   0.1%   0.668 GC:1    AU:3    +
   69    75  3   0.0%   0.510 GC:1    GU:1    AU:1    +
  141   151  2   0.1%   1.344 CG:1    UG:3    +
   50    58  1   0.3%   0.051 AU:5    +
   27   150  3   0.0%   0.416 GU:1    UG:1    AU:1    +
   69   144  3   0.0%   0.693 GC:1    GU:1    AU:1    +
  111   149  3   0.0%   0.319 CG:1    UG:1    AU:1    +
   21   159  3   0.0%   0.709 CG:1    UG:1    UA:1    +
    6   128  3   0.0%   0.327 CG:1    UG:1    UA:1    +
   60    76  2   0.4%   0.738 AU:4    +
   49   144  2   0.1%   1.392 GC:1    GU:3    +
  148   152  3   0.5%   0.775 UA:3    +
    7   150  2   0.1%   0.676 CG:1    AU:3    +
   34   144  3   0.5%   0.408 AU:3    +
   17    29  1   0.2%   0.053 AU:5    +
   94   144  2   0.1%   0.568 GC:1    GU:3    +
   63    74  1   0.2%   0.862 UA:5    +
   56    86  2   0.4%   1.255 GC:4    +
   12   158  2   0.0%   0.639 CG:2    UA:2    +
   45    89  1   0.2%   0.848 UA:5    +
   60    66  2   0.0%   0.064 AU:2    UA:2    +
   63   141  3   0.2%   1.261 GU:1    UA:2    +
   32   110  2   0.0%   0.238 CG:2    GC:2    +
   37   144  2   0.0%   0.687 GC:1    GU:3    +
   58    69  2   0.0%   0.092 UG:1    UA:3    +
   92    99  1   0.2%   0.227 AU:5    +
   31   111  2   0.0%   0.251 AU:2    UA:2    +
  121   128  2   0.0%   0.190 UG:2    UA:2    +
   55    60  2   0.0%   0.007 AU:2    UA:2    +
   12    30  2   0.0%   0.375 CG:2    UA:2    +
    6    28  2   0.0%   0.597 CG:2    UG:2    +
   37    42  2   0.0%   0.551 GC:3    GU:1    +
   90   141  2   0.0%   1.418 GC:1    AU:3    +
   87   158  2   0.0%   0.623 UG:2    UA:2    +
  144   151  2   0.0%   0.934 CG:1    UG:3    +
   42    49  2   0.0%   0.276 CG:3    UG:1    +
  136   158  2   0.0%   0.306 CG:2    UA:2    +
    7   148  2   0.0%   0.646 CG:2    AU:2    +
   42   110  2   0.0%   0.332 CG:2    GC:2    +
   66    80  2   0.0%   0.904 GU:1    AU:3    +
  118   136  2   0.0%   0.098 GC:2    AU:2    +
   67    72  2   0.0%   0.762 CG:1    UA:3    +
  110   129  2   0.0%   0.059 CG:2    GU:2    +
  114   128  2   0.0%   0.004 UG:2    UA:2    +
   38    42  2   0.0%   0.468 GC:3    GU:1    +
   66    84  2   0.0%   0.960 GU:1    AU:3    +
   42   151  2   0.0%   0.408 CG:3    UG:1    +
   39    85  2   0.0%   0.344 CG:1    UG:3    +
  103   144  2   0.0%   0.483 GC:1    GU:3    +
   69    96  2   0.0%   0.309 GU:2    AU:2    +
   29   149  2   0.0%   0.211 UG:3    AU:1    +
   54    60  2   0.0%   0.011 AU:2    UA:2    +
  117   128  2   0.0%   0.004 UG:2    UA:2    +
   37   141  2   0.0%   0.919 GC:1    GU:3    +
   49   141  2   0.0%   0.967 GC:1    GU:3    +
   64   156  2   0.0%   0.381 GC:2    GU:2    +
   42    48  2   0.0%   0.632 CG:3    UG:1    +
   42    85  2   0.0%   0.269 CG:3    UG:1    +
  119   123  2   0.0%   0.001 GU:1    AU:3    +
   28   148  2   0.0%   0.575 GU:3    UG:1    +
  120   127  3   0.2%   0.038 CG:1    UA:2    +
    9    39  2   0.0%   0.331 GC:1    AU:3    +
  111   147  2   0.0%   0.212 CG:1    UG:3    +
   66    77  2   0.0%   0.750 GU:1    AU:3    +
   10   144  2   0.0%   0.708 GC:1    GU:3    +
   91   111  2   0.0%   0.514 GC:1    GU:3    +
   26    35  2   0.0%   0.636 UG:1    UA:3    +
   69   105  2   0.0%   0.311 GU:1    AU:3    +
   31    36  2   0.0%   0.534 UG:1    UA:3    +
   30   156  2   0.0%   0.370 GC:2    AU:2    +
   51    87  2   0.0%   0.889 GU:2    AU:2    +
   56   108  2   0.0%   0.941 GC:2    GU:2    +
   31    35  2   0.0%   0.539 UG:1    UA:3    +
  100   111  2   0.0%   0.199 GC:1    GU:3    +
   36    87  2   0.0%   0.294 GU:1    AU:3    +
   39    72  2   0.0%   0.342 CG:1    UA:3    +
   42    52  2   0.0%   0.267 CG:3    UG:1    +
   43    66  2   0.0%   0.061 UG:1    UA:3    +
   91   144  2   0.0%   0.859 GC:1    GU:3    +
    9    15  2   0.0%   0.005 GU:1    AU:3    +
   52   141  2   0.0%   1.751 GC:1    GU:3    +
   94   141  2   0.0%   0.846 GC:1    GU:3    +
   87   159  2   0.0%   0.565 UG:1    UA:3    +
   27    36  2   0.0%   0.619 UG:1    UA:3    +
   52   144  2   0.0%   1.443 GC:1    GU:3    +
   12    28  2   0.0%   0.568 CG:3    UG:1    +
  118   129  2   0.0%   0.004 GU:2    AU:2    +
  103   111  2   0.0%   0.197 GC:1    GU:3    +
   21   158  2   0.0%   0.726 CG:2    UA:2    +
   26   159  2   0.0%   0.400 UG:3    UA:1    +
  124   128  2   0.0%   0.023 UG:2    UA:2    +
   56   111  2   0.0%   0.941 GC:1    GU:3    +
   15   159  2   0.0%   0.329 UG:3    UA:1    +
   64    87  2   0.0%   0.513 GU:3    AU:1    +
    9   153  2   0.0%   0.677 GC:1    AU:3    +
   66   155  2   0.0%   0.295 GU:1    AU:3    +
   87   138  2   0.0%   0.943 UG:2    UA:2    +
   66   137  2   0.0%   0.652 GU:1    AU:3    +
    9    26  2   0.0%   0.650 GU:1    AU:3    +
   36   111  2   0.0%   0.296 GC:1    AU:3    +
   61   111  2   0.0%   0.763 GC:1    GU:3    +
   19   144  2   0.0%   0.630 GC:1    GU:3    +
    9    27  2   0.0%   0.639 GU:1    AU:3    +
   42   100  2   0.0%   0.326 CG:3    UG:1    +
   27   158  2   0.0%   0.412 UG:2    UA:2    +
   42    53  2   0.0%   0.266 CG:3    UG:1    +
   39    48  2   0.0%   0.707 CG:1    UG:3    +
   66   107  2   0.0%   0.274 GU:1    AU:3    +
   69    99  2   0.0%   0.307 GU:2    AU:2    +
  111   151  2   0.0%   0.405 CG:1    UG:3    +
   37   111  2   0.0%   0.292 GC:1    GU:3    +
   56   153  2   0.0%   1.024 GC:1    GU:3    +
  100   141  2   0.0%   0.774 GC:1    GU:3    +
   49   111  2   0.0%   0.605 GC:1    GU:3    +
   91   141  2   0.0%   1.124 GC:1    GU:3    +
   10   141  2   0.0%   0.685 GC:1    GU:3    +
    1    66  2   0.0%   0.443 UG:1    UA:3    +
    6    36  2   0.0%   0.332 CG:1    UA:3    +
   19    42  2   0.0%   0.873 GC:3    GU:1    +
   69   150  2   0.0%   0.382 GU:1    AU:3    +
   35   153  2   0.0%   0.338 GC:1    AU:3    +
   42   147  2   0.0%   0.373 CG:3    UG:1    +
  112   141  2   0.0%   0.834 GC:1    GU:3    +
   95   111  2   0.0%   0.241 GC:1    GU:3    +
  142   150  1   0.1%   0.661 AU:5    +
   54    79  3   0.1%   0.829 GU:1    AU:2    +
   28   143  2   0.3%   0.578 GC:4    +
   20    26  2   0.3%   0.422 AU:4    +
   64    81  2   0.3%   0.977 GC:4    +
   74    99  1   0.1%   0.430 AU:5    +
  138   148  3   0.1%   0.804 GU:2    AU:1    +
   18    28  2   0.3%   0.322 UG:4    +
  111   138  3   0.1%   0.868 UG:2    UA:1    +
   65    80  2   0.3%   0.824 AU:4    +
   29   145  1   0.1%   0.183 UA:5    +
   76    97  1   0.1%   0.741 UA:5    +
    8   150  1   0.1%   0.669 AU:5    +
   19    27  2   0.3%   0.710 GU:4    +
   65    87  3   0.3%   0.458 AU:3    +
   19    31  2   0.2%   0.420 GU:4    +
   31   145  2   0.2%   0.320 UA:4    +
   18   152  1   0.1%   0.104 UA:5    +
   30   153  3   0.1%   0.392 GU:2    AU:1    +
   72    78  3   0.1%   1.531 GU:1    AU:2    +
   20   150  1   0.1%   0.470 AU:5    +
   29   154  1   0.1%   0.199 UA:5    +
   40    89  1   0.1%   0.325 UA:5    +
   96   142  1   0.1%   0.199 UA:5    +
   29   152  1   0.0%   0.235 UA:5    +
   24   157  1   0.0%   0.402 UA:5    +
    4    29  1   0.0%   0.320 AU:5    +
   54    83  3   0.0%   1.278 GU:1    AU:2    +
   29   147  1   0.0%   0.198 UG:5    +
    6   149  3   0.0%   0.418 CG:2    UG:1    +
   99   149  3   0.0%   0.248 CG:1    UG:2    +
   98   150  1   0.0%   0.337 AU:5    +
   48   141  3   0.0%   1.309 GU:2    AU:1    +
    5   150  1   0.0%   0.744 AU:5    +
   35   141  3   0.0%   0.332 GU:1    AU:2    +
   11    18  1   0.0%   0.012 AU:5    +
   35   144  3   0.0%   0.375 GU:1    AU:2    +
   18   157  1   0.0%   0.083 UA:5    +
   19    29  1   0.0%   0.394 GU:5    +
   63    87  3   0.0%   0.711 GU:1    UA:2    +
    8    43  1   0.0%   0.580 AU:5    +
   37   105  1   0.0%   0.294 GU:5    +
    7    27  3   0.0%   0.641 CG:1    AU:2    +
   66    96  3   0.0%   0.274 GU:1    AU:2    +
    5    29  1   0.0%   0.330 AU:5    +
   57    70  1   0.0%   0.077 UA:5    +
   45   157  1   0.0%   0.751 UA:5    +
   25   150  1   0.0%   0.430 GU:5    +
   64   140  2   0.2%   1.105 GC:4    +
    9   149  3   0.0%   0.719 GU:1    AU:2    +
    5    45  1   0.0%   0.917 AU:5    +
   46   150  1   0.0%   0.740 AU:5    +
   34    45  1   0.0%   0.567 AU:5    +
   54    85  3   0.0%   1.004 CG:1    UA:2    +
  145   150  1   0.0%   0.550 AU:5    +
   96   106  1   0.0%   0.103 UA:5    +
   53    58  1   0.0%   0.020 GU:5    +
  123   127  3   0.0%   0.181 UG:1    UA:2    +
   26   149  3   0.0%   0.414 CG:2    UG:1    +
  111   141  3   0.0%   0.849 AU:2    UA:1    +
    4    43  1   0.0%   0.323 AU:5    +
   90   148  3   0.0%   0.792 GU:2    AU:1    +
   54   137  3   0.0%   0.651 GU:1    AU:2    +
   24    34  1   0.0%   0.621 UA:5    +
  118   127  3   0.0%   0.006 GC:2    AU:1    +
   25    29  1   0.0%   0.468 GU:5    +
   31   144  3   0.0%   0.289 AU:1    UA:2    +
   58   134  1   0.0%   0.444 UA:5    +
   18   154  1   0.0%   0.056 UA:5    +
  105   154  1   0.0%   0.120 UA:5    +
   43   109  1   0.0%   0.157 UA:5    +
   70   150  1   0.0%   0.482 AU:5    +
    8    24  1   0.0%   0.652 AU:5    +
   40    92  1   0.0%   0.397 UA:5    +
  109   150  1   0.0%   0.316 AU:5    +
   11    40  1   0.0%   0.442 AU:5    +
  112   127  3   0.0%   0.092 GC:2    GU:1    +
   43   157  1   0.0%   0.242 UA:5    +
  115   127  3   0.0%   0.004 UG:1    UA:2    +
   24   154  1   0.0%   0.369 UA:5    +
   42   158  3   0.0%   0.431 CG:2    UA:1    +
   74    96  1   0.0%   0.412 AU:5    +
   56    66  3   0.0%   0.005 CG:1    GU:2    +
   12    36  3   0.0%   0.308 CG:1    UA:2    +
   17    24  1   0.0%   0.333 AU:5    +
    5    18  1   0.0%   0.003 AU:5    +
   68    97  1   0.0%   0.411 UA:5    +
   35   149  3   0.0%   0.373 GU:1    AU:2    +
   26   145  2   0.2%   0.386 UA:4    +
  148   153  3   0.0%   0.647 GC:2    GU:1    +
   34   150  1   0.0%   0.394 AU:5    +
  105   111  3   0.0%   0.199 AU:1    UA:2    +
   27   148  3   0.0%   0.387 GU:1    UG:2    +
   57   106  1   0.0%   0.735 UA:5    +
   63   109  1   0.0%   0.548 UA:5    +
   18    34  1   0.0%   0.308 UA:5    +
  150   154  1   0.0%   0.664 UA:5    +
   29    34  1   0.0%   0.409 UA:5    +
   57    89  1   0.0%   0.891 UA:5    +
   66    99  3   0.0%   0.272 GU:1    AU:2    +
   54   103  3   0.0%   0.640 CG:1    UG:2    +
   43   152  1   0.0%   0.234 UA:5    +
   40    47  1   0.0%   0.636 UA:5    +
   52   105  1   0.0%   0.721 GU:5    +
    8    40  1   0.0%   0.331 AU:5    +
   30   148  3   0.0%   0.394 GU:2    AU:1    +
   45   145  1   0.0%   0.722 UA:5    +
   87   105  3   0.0%   0.226 AU:2    UA:1    +
   99   109  1   0.0%   0.123 UA:5    +
  148   156  3   0.0%   0.722 GC:1    GU:2    +
  105   142  1   0.0%   0.122 UA:5    +
   63   157  1   0.0%   0.646 UA:5    +
   63   151  1   0.0%   0.638 UG:5    +
    8    18  1   0.0%   0.006 AU:5    +
  111   144  3   0.0%   0.559 AU:2    UA:1    +
   43   154  1   0.0%   0.186 UA:5    +
   43    47  1   0.0%   0.387 UA:5    +
   58    87  3   0.0%   0.600 AU:1    UA:2    +
   65   149  3   0.0%   0.295 CG:1    AU:2    +
   58    92  1   0.0%   0.457 UA:5    +
   40    46  1   0.0%   0.600 UA:5    +
   29   151  1   0.0%   0.227 UG:5    +
  149   153  3   0.0%   0.644 GC:1    GU:2    +
   57   134  1   0.0%   0.734 UA:5    +
   42   138  3   0.0%   0.647 CG:2    UA:1    +
  148   158  3   0.0%   0.725 UG:2    UA:1    +
   58   152  1   0.0%   0.524 UA:5    +
   27    32  3   0.0%   0.558 GC:1    UG:2    +
   12   159  3   0.0%   0.620 CG:1    UG:2    +
   29   144  3   0.0%   0.176 AU:1    UA:2    +
   58   113  1   0.0%   0.440 UA:5    +
  153   158  3   0.0%   0.611 UG:2    UA:1    +
   54    61  3   0.0%   0.010 CG:1    UG:2    +
   46    63  1   0.0%   0.292 AU:5    +
    4    18  1   0.0%   0.001 AU:5    +
   96   152  1   0.0%   0.383 UA:5    +
   29   157  1   0.0%   0.215 UA:5    +
   36   148  3   0.0%   0.620 GU:1    AU:2    +
   85   149  3   0.0%   0.736 GU:1    AU:2    +
   40    50  1   0.0%   0.314 UA:5    +
  111   150  3   0.0%   0.385 UG:1    AU:2    +
   43   145  1   0.0%   0.220 UA:5    +
    8    45  1   0.0%   0.842 AU:5    +
   58    91  1   0.0%   0.479 UG:5    +
   40    71  1   0.0%   0.311 UA:5    +
   45   142  1   0.0%   0.688 UA:5    +
   27   149  3   0.0%   0.403 UG:2    AU:1    +
   31   141  3   0.0%   0.267 AU:1    UA:2    +
   98   105  1   0.0%   0.080 AU:5    +
   45   154  1   0.0%   0.693 UA:5    +
   96   154  1   0.0%   0.192 UA:5    +
   85   144  3   0.0%   1.055 GU:2    AU:1    +
  105   109  1   0.0%   0.125 UA:5    +
   43   142  1   0.0%   0.187 UA:5    +
   77    97  1   0.0%   0.719 UA:5    +
   45   152  1   0.0%   0.740 UA:5    +
   85   141  3   0.0%   1.364 GU:2    AU:1    +
   43   148  3   0.0%   0.197 CG:1    UG:2    +
   50    57  1   0.0%   0.005 AU:5    +
   49    58  1   0.0%   0.009 GU:5    +
   87   144  3   0.0%   0.652 AU:1    UA:2    +
   89    99  1   0.0%   0.645 AU:5    +
   58   133  1   0.0%   0.440 UA:5    +
   63   100  1   0.0%   0.548 UG:5    +
   43   134  1   0.0%   0.152 UA:5    +
    8    29  1   0.0%   0.335 AU:5    +
   11    29  1   0.0%   0.015 AU:5    +
   87   141  3   0.0%   0.961 AU:1    UA:2    +
  105   133  1   0.0%   0.066 UA:5    +
   58   106  1   0.0%   0.440 UA:5    +
   54    87  3   0.0%   0.815 AU:2    UA:1    +
   52    58  1   0.0%   0.016 GU:5    +
   54    68  3   0.0%   0.011 GU:1    AU:2    +
   69   108  3   0.0%   0.311 GU:2    AU:1    +
   57    92  1   0.0%   0.750 UA:5    +
   69    87  3   0.0%   0.516 GU:1    AU:2    +
   58   109  1   0.0%   0.444 UA:5    +
    4    24  1   0.0%   0.001 AU:5    +
   20    24  1   0.0%   0.377 AU:5    +
   56   149  3   0.0%   1.059 CG:1    GU:2    +
  111   148  3   0.0%   0.198 UG:2    AU:1    +
   57   109  1   0.0%   0.738 UA:5    +
   55   149  3   0.0%   0.969 UG:1    AU:2    +
   35   156  3   0.0%   0.321 GC:1    AU:2    +
   58   111  3   0.0%   0.443 AU:1    UA:2    +
   83    97  1   0.0%   0.987 UA:5    +
   56   148  3   0.0%   1.041 CG:1    GU:2    +
   21    36  3   0.0%   0.953 CG:1    UA:2    +
   54   151  3   0.0%   1.075 CG:1    UG:2    +
   18   145  1   0.0%   0.035 UA:5    +
   63    98  1   0.0%   0.541 UA:5    +
   17   150  1   0.0%   0.315 AU:5    +
   24   145  1   0.0%   0.347 UA:5    +
   40   157  1   0.0%   0.453 UA:5    +
   45    50  1   0.0%   0.286 UA:5    +
   21    35  3   0.0%   0.957 CG:1    UA:2    +
    9   150  1   0.0%   0.730 AU:5    +
   54    84  3   0.0%   1.262 GU:1    AU:2    +
   43    92  1   0.0%   0.168 UA:5    +
   29    87  3   0.0%   0.126 AU:1    UA:2    +
   47   150  1   0.0%   0.845 AU:5    +
   54    65  3   0.0%   0.011 GC:1    UA:2    +
   58   145  1   0.0%   0.509 UA:5    +
   11    24  1   0.0%   0.334 AU:5    +
   74   150  1   0.0%   0.493 AU:5    +
   71    99  1   0.0%   0.802 AU:5    +
   57   148  3   0.0%   0.780 CG:1    UG:2    +
   29   141  3   0.0%   0.138 AU:1    UA:2    +
   43    50  1   0.0%   0.066 UA:5    +
   18   148  3   0.0%   0.063 CG:1    UG:2    +
   74   105  1   0.0%   0.419 AU:5    +
   49   150  1   0.0%   1.092 GU:5    +
   71    96  1   0.0%   0.804 AU:5    +
    9   111  3   0.0%   0.644 GU:1    AU:2    +
   11    43  1   0.0%   0.208 AU:5    +
    4    63  1   0.0%   0.618 AU:5    +
   75   149  3   0.0%   0.511 CG:2    UG:1    +
  105   145  1   0.0%   0.141 UA:5    +
   66   153  3   0.0%   0.300 GC:1    AU:2    +
   58    95  1   0.0%   0.439 UG:5    +
   42   111  3   0.0%   0.330 GU:2    UA:1    +
   57   145  1   0.0%   0.802 UA:5    +
   28   144  3   0.0%   0.560 GU:2    AU:1    +
  110   150  3   0.0%   0.300 CG:1    GU:2    +
   37    54  3   0.0%   0.286 GC:1    GU:2    +
   54   155  3   0.0%   1.016 GU:1    AU:2    +
   18    89  1   0.0%   0.027 UA:5    +
   45   148  3   0.0%   0.701 CG:1    UG:2    +
   89   105  1   0.0%   0.653 AU:5    +
   48   149  3   0.0%   1.371 GU:1    AU:2    +
   40    54  3   0.0%   0.311 UG:1    UA:2    +
   70    96  1   0.0%   0.407 AU:5    +
  105   147  1   0.0%   0.135 UG:5    +
   41    54  3   0.0%   0.313 UG:1    UA:2    +
   63   144  3   0.0%   0.940 GU:1    UA:2    +
   29    37  1   0.0%   0.408 UG:5    +
   50   150  1   0.0%   0.777 AU:5    +
  111   159  3   0.0%   0.286 UG:2    UA:1    +
   40   109  1   0.0%   0.399 UA:5    +
   39   158  3   0.0%   0.721 UG:2    UA:1    +
   40   152  1   0.0%   0.481 UA:5    +
   45    97  1   0.0%   0.653 UA:5    +
  105   141  3   0.0%   0.769 AU:1    UA:2    +
   63   133  1   0.0%   0.542 UA:5    +
   49    63  1   0.0%   0.025 GU:5    +
   57   152  1   0.0%   0.817 UA:5    +
   54    82  3   0.0%   1.279 GU:1    AU:2    +
   70    99  1   0.0%   0.405 AU:5    +
   28   141  3   0.0%   0.523 GU:2    AU:1    +
   51   136  3   0.0%   0.714 GC:1    GU:2    +
    5    40  1   0.0%   0.324 AU:5    +
   57   142  1   0.0%   0.769 UA:5    +
   54    62  3   0.0%   0.010 GU:1    AU:2    +
   35   136  3   0.0%   0.300 GC:1    AU:2    +
   63    91  1   0.0%   0.581 UG:5    +
   24   152  1   0.0%   0.414 UA:5    +
   36   156  3   0.0%   0.587 GC:1    AU:2    +
   58   147  1   0.0%   0.489 UG:5    +
   92   105  1   0.0%   0.201 AU:5    +
   40   142  1   0.0%   0.436 UA:5    +
   99   154  1   0.0%   0.119 UA:5    +
   63   110  3   0.0%   0.546 GC:1    UG:2    +
   45   109  1   0.0%   0.657 UA:5    +
   91   105  1   0.0%   0.292 GU:5    +
  105   134  1   0.0%   0.068 UA:5    +
   60    75  3   0.2%   0.507 AU:3    +
   56    76  2   0.2%   1.181 GU:4    +
  145   149  3   0.2%   0.562 AU:3    +
   60   102  2   0.1%   0.263 AU:4    +
   73    85  2   0.1%   1.129 CG:4    +
   48    88  2   0.1%   0.962 GC:4    +
   90   101  3   0.2%   0.710 GC:3    +
   65    84  2   0.1%   0.909 AU:4    +
   87    94  2   0.1%   0.259 UG:4    +
   91   110  2   0.1%   0.434 GC:4    +
   59    85  2   0.1%   0.496 CG:4    +
  142   148  3   0.2%   0.457 AU:3    +
   60    84  2   0.1%   0.877 AU:4    +
   56    77  2   0.1%   1.165 GU:4    +
   56    81  2   0.1%   1.569 GC:4    +
   31   152  2   0.1%   0.355 UA:4    +
   32   151  2   0.1%   0.326 CG:4    +
   81    85  2   0.1%   1.373 CG:4    +
  143   149  3   0.2%   1.057 CG:3    +
   47   141  3   0.1%   1.083 AU:3    +
   55    82  2   0.1%   1.180 AU:4    +
   47   144  3   0.1%   0.854 AU:3    +
   56    88  2   0.1%   0.994 GC:4    +
   27   154  2   0.0%   0.380 UA:4    +
   87   109  2   0.0%   0.240 UA:4    +
   30   141  3   0.1%   0.360 AU:3    +
   55    77  2   0.0%   0.768 AU:4    +
   64    86  2   0.0%   0.733 GC:4    +
   85   160  2   0.0%   0.839 GC:4    +
   60    77  2   0.0%   0.682 AU:4    +
    7   151  3   0.1%   0.699 CG:3    +
   34   108  2   0.0%   0.293 AU:4    +
   17    31  2   0.0%   0.029 AU:4    +
   10    32  2   0.0%   0.333 GC:4    +
   27   157  2   0.0%   0.406 UA:4    +
   11    31  2   0.0%   0.016 AU:4    +
   56   137  2   0.0%   1.377 GU:4    +
    6   152  3   0.1%   0.450 UA:3    +
   60    79  2   0.0%   0.874 AU:4    +
   32   147  2   0.0%   0.281 CG:4    +
   26   142  2   0.0%   0.353 UA:4    +
   85   139  2   0.0%   1.383 GC:4    +
   56    79  2   0.0%   1.591 GU:4    +
   86    90  3   0.1%   1.086 CG:3    +
    8    26  2   0.0%   0.652 AU:4    +
   71    75  3   0.1%   1.012 AU:3    +
   90   140  3   0.1%   1.461 GC:3    +
   75    98  3   0.1%   0.459 UA:3    +
   87   154  2   0.0%   0.470 UA:4    +
   97   105  2   0.0%   0.267 AU:4    +
   55    84  2   0.0%   1.156 AU:4    +
   20    27  2   0.0%   0.396 AU:4    +
   52    87  2   0.0%   0.896 GU:4    +
   49    87  2   0.0%   0.701 GU:4    +
   56    83  2   0.0%   1.553 GU:4    +
  103   110  2   0.0%   0.123 GC:4    +
   11    26  2   0.0%   0.333 AU:4    +
  145   153  3   0.1%   0.236 AU:3    +
   65    76  2   0.0%   0.600 AU:4    +
   92   108  2   0.0%   0.403 AU:4    +
    8    15  2   0.0%   0.006 AU:4    +
  123   131  2   0.0%   0.008 UA:4    +
   74    87  2   0.0%   0.619 AU:4    +
   65    79  2   0.0%   0.797 AU:4    +
   25    32  2   0.0%   0.575 GC:4    +
   86   149  3   0.1%   0.543 CG:3    +
   17    26  2   0.0%   0.331 AU:4    +
   26   152  2   0.0%   0.428 UA:4    +
   31   142  2   0.0%   0.274 UA:4    +
   48    81  2   0.0%   0.375 GC:4    +
   10    27  2   0.0%   0.639 GU:4    +
   56    80  2   0.0%   1.573 GU:4    +
   27   151  2   0.0%   0.420 UG:4    +
   55    80  2   0.0%   1.189 AU:4    +
  122   129  2   0.0%   0.306 AU:4    +
   65   107  2   0.0%   0.235 AU:4    +
   85   104  2   0.0%   0.669 GC:4    +
   55    62  2   0.0%   0.005 AU:4    +
   28   140  2   0.0%   0.519 GC:4    +
   25    31  2   0.0%   0.588 GU:4    +
   61    87  2   0.0%   0.924 GU:4    +
   60   137  2   0.0%   0.628 AU:4    +
   15    20  2   0.0%   0.067 UA:4    +
  113   129  2   0.0%   0.045 AU:4    +
   15   157  2   0.0%   0.334 UA:4    +
    6   154  3   0.1%   0.411 UA:3    +
   27    34  2   0.0%   0.613 UA:4    +
   61   110  2   0.0%   0.764 GC:4    +
   56   107  2   0.0%   0.941 GU:4    +
    5    27  2   0.0%   0.631 AU:4    +
   87   112  2   0.0%   0.234 UG:4    +
   64   101  2   0.0%   0.357 GC:4    +
   37    87  2   0.0%   0.289 GU:4    +
  108   131  2   0.0%   0.186 UA:4    +
   71    87  2   0.0%   1.014 AU:4    +
   56   101  2   0.0%   0.938 GC:4    +
   55   102  2   0.0%   0.538 AU:4    +
  123   134  2   0.0%   0.014 UA:4    +
   46    87  2   0.0%   0.659 AU:4    +
   89   108  2   0.0%   0.655 AU:4    +
   97   150  2   0.0%   0.542 AU:4    +
   56    62  2   0.0%   0.002 GU:4    +
  134   153  3   0.1%   0.073 AU:3    +
   56   104  2   0.0%   0.941 GC:4    +
   32    37  2   0.0%   0.514 CG:4    +
   60    83  2   0.0%   0.871 AU:4    +
  100   110  2   0.0%   0.123 GC:4    +
   65   155  2   0.0%   0.255 AU:4    +
   48   139  2   0.0%   1.267 GC:4    +
   31   147  2   0.0%   0.307 UG:4    +
    5    15  2   0.0%   0.001 AU:4    +
   48   160  2   0.0%   1.355 GC:4    +
  116   123  2   0.0%   0.001 AU:4    +
   27   147  2   0.0%   0.384 UG:4    +
    4    26  2   0.0%   0.002 AU:4    +
   85   143  2   0.0%   1.121 GC:4    +
   56    84  2   0.0%   1.540 GU:4    +
   32    48  2   0.0%   0.597 CG:4    +
    4   108  2   0.0%   0.619 AU:4    +
   60    80  2   0.0%   0.854 AU:4    +
  116   129  2   0.0%   0.004 AU:4    +
   60    93  2   0.0%   0.237 AU:4    +
    5    31  2   0.0%   0.324 AU:4    +
  110   151  2   0.0%   0.320 CG:4    +
   27    35  2   0.0%   0.624 UA:4    +
   56    68  2   0.0%   0.074 GU:4    +
   11    15  2   0.0%   0.004 AU:4    +
   49   110  2   0.0%   0.606 GC:4    +
   85   140  2   0.0%   1.404 GC:4    +
   44    65  2   0.0%   0.334 UA:4    +
    9    87  2   0.0%   0.644 AU:4    +
   11    87  2   0.0%   0.152 AU:4    +
   87   157  2   0.0%   0.612 UA:4    +
   70    87  2   0.0%   0.616 AU:4    +
   63    97  2   0.0%   0.541 UA:4    +
   56   135  2   0.0%   0.938 GU:4    +
   87   145  2   0.0%   0.336 UA:4    +
   87    95  2   0.0%   0.253 UG:4    +
   28   139  2   0.0%   0.511 GC:4    +
   72    87  2   0.0%   0.872 AU:4    +
   87   106  2   0.0%   0.224 UA:4    +
    4    31  2   0.0%   0.313 AU:4    +
    4    15  2   0.0%   0.000 AU:4    +
  108   133  2   0.0%   0.186 UA:4    +
   87   142  2   0.0%   0.314 UA:4    +
   56   139  2   0.0%   1.706 GC:4    +
   56    82  2   0.0%   1.561 GU:4    +
   55    83  2   0.0%   1.165 AU:4    +
   94   110  2   0.0%   0.094 GC:4    +
   85   101  2   0.0%   0.673 GC:4    +
   38    87  2   0.0%   0.206 GU:4    +
  108   142  2   0.0%   0.243 UA:4    +
    4    87  2   0.0%   0.619 AU:4    +
   48    59  2   0.0%   0.368 GC:4    +
   31   154  2   0.0%   0.302 UA:4    +
   87    91  2   0.0%   0.497 UG:4    +
   17    27  2   0.0%   0.318 AU:4    +
   74   108  2   0.0%   0.420 AU:4    +
  110   147  2   0.0%   0.127 CG:4    +
   55   107  2   0.0%   0.540 AU:4    +
   60    99  2   0.0%   0.236 AU:4    +
   60   135  2   0.0%   0.246 AU:4    +
   28    88  2   0.0%   0.510 GC:4    +
   87   151  2   0.0%   0.360 UG:4    +
   27    89  2   0.0%   0.331 UA:4    +
    5    87  2   0.0%   0.638 AU:4    +
   37   110  2   0.0%   0.292 GC:4    +
   31    49  2   0.0%   0.251 UG:4    +
   87   147  2   0.0%   0.318 UG:4    +
    8    27  2   0.0%   0.640 AU:4    +
   31    38  2   0.0%   0.447 UG:4    +
   10   110  2   0.0%   0.667 GC:4    +
   32    38  2   0.0%   0.433 CG:4    +
   98   108  2   0.0%   0.272 AU:4    +
   64   139  2   0.0%   1.058 GC:4    +
   28   160  2   0.0%   0.545 GC:4    +
   38   110  2   0.0%   0.209 GC:4    +
   27   145  2   0.0%   0.365 UA:4    +
   27    37  2   0.0%   0.612 UG:4    +
   65   137  2   0.0%   0.611 AU:4    +
   56    93  2   0.0%   0.936 GU:4    +
    2    65  2   0.0%   0.361 UA:4    +
   56   160  2   0.0%   1.040 GC:4    +
   20    87  2   0.0%   0.391 AU:4    +
   26    34  2   0.0%   0.624 UA:4    +
   60   146  2   0.0%   0.336 AU:4    +
   15   152  2   0.0%   0.351 UA:4    +
   56   146  2   0.0%   1.073 GU:4    +
   27   142  2   0.0%   0.338 UA:4    +
   31    37  2   0.0%   0.527 UG:4    +
   60   108  2   0.0%   0.249 AU:4    +
  125   129  2   0.0%   0.017 AU:4    +
   26   157  2   0.0%   0.407 UA:4    +
   64   143  2   0.0%   0.810 GC:4    +
   32    49  2   0.0%   0.238 CG:4    +
   87    92  2   0.0%   0.395 UA:4    +
   32    91  2   0.0%   0.231 CG:4    +
   55   135  2   0.0%   0.538 AU:4    +
   56   143  2   0.0%   1.433 GC:4    +
    5   129  2   0.0%   0.639 AU:4    +
   31    50  2   0.0%   0.248 UA:4    +
   55   155  2   0.0%   0.929 AU:4    +
   31    92  2   0.0%   0.244 UA:4    +
   27   152  2   0.0%   0.416 UA:4    +
   56   140  2   0.0%   1.718 GC:4    +
   30   144  3   0.1%   0.380 AU:3    +
   17   153  3   0.1%   0.279 AU:3    +
    4   153  3   0.1%   0.702 AU:3    +
    7    43  3   0.1%   0.611 AU:3    +
    5   153  3   0.1%   0.710 AU:3    +
   89   141  3   0.1%   1.443 AU:3    +
   50   141  3   0.1%   1.027 AU:3    +
  144   154  3   0.1%   0.583 UA:3    +
    4   144  3   0.1%   0.642 AU:3    +
  143   159  3   0.1%   0.790 CG:3    +
    4   141  3   0.0%   0.636 AU:3    +
  144   158  3   0.0%   0.671 UA:3    +
  149   156  3   0.0%   0.699 GC:3    +
   34   141  3   0.0%   0.319 AU:3    +
   86   159  3   0.0%   0.615 CG:3    +
   50   144  3   0.0%   1.077 AU:3    +
  100   148  3   0.0%   0.132 GU:3    +
  101   138  3   0.0%   0.747 CG:3    +
   51   140  3   0.0%   1.094 GC:3    +
   59    90  3   0.0%   0.317 CG:3    +
   70    75  3   0.0%   0.587 AU:3    +
   78    89  3   0.0%   1.243 UA:3    +
    6   145  3   0.0%   0.342 UA:3    +
    5   148  3   0.0%   0.650 AU:3    +
    8   149  3   0.0%   0.644 AU:3    +
   88   138  3   0.0%   0.884 CG:3    +
  140   149  3   0.0%   1.367 CG:3    +
  120   125  3   0.0%   0.008 UA:3    +
   39   142  3   0.0%   0.697 UA:3    +
  137   149  3   0.0%   0.613 UG:3    +
    7   146  3   0.0%   0.586 AU:3    +
   91   148  3   0.0%   0.503 GU:3    +
    4   149  3   0.0%   0.640 AU:3    +
   90   143  3   0.0%   1.171 GC:3    +
   86   138  3   0.0%   1.134 CG:3    +
   23   148  3   0.0%   0.467 UG:3    +
   35   148  3   0.0%   0.355 AU:3    +
  138   143  3   0.0%   1.208 GC:3    +
    7    44  3   0.0%   0.888 AU:3    +
  144   157  3   0.0%   0.656 UA:3    +
  148   157  3   0.0%   0.784 UA:3    +
   22   148  3   0.0%   0.390 UG:3    +
   34   149  3   0.0%   0.383 AU:3    +
   89   144  3   0.0%   1.128 AU:3    +
  141   145  3   0.0%   0.789 UA:3    +
   47   149  3   0.0%   0.836 AU:3    +
   51   143  3   0.0%   1.513 GC:3    +
   74    78  3   0.0%   1.255 AU:3    +
  106   153  3   0.0%   0.132 AU:3    +
   57    65  3   0.0%   0.021 UA:3    +
  142   153  3   0.0%   0.351 AU:3    +
   51    81  3   0.0%   0.786 GC:3    +
  109   141  3   0.0%   0.777 AU:3    +
   51    88  3   0.0%   0.765 GC:3    +
  120   134  3   0.0%   0.040 UA:3    +
   72   148  3   0.0%   0.709 AU:3    +
   67    74  3   0.0%   0.570 UA:3    +
   71   149  3   0.0%   0.869 AU:3    +
    7    16  3   0.0%   0.005 AU:3    +
   51    78  3   0.0%   0.032 GU:3    +
    6    17  3   0.0%   0.003 UA:3    +
   60   105  3   0.0%   0.250 AU:3    +
  149   160  3   0.0%   0.977 GC:3    +
   75   106  3   0.0%   0.448 UA:3    +
   75    92  3   0.0%   0.455 UA:3    +
   75   145  3   0.0%   0.516 UA:3    +
   92   141  3   0.0%   0.970 AU:3    +
  101   159  3   0.0%   0.179 CG:3    +
   33   148  3   0.0%   0.321 UG:3    +
   85   148  3   0.0%   0.719 GU:3    +
   36   144  3   0.0%   0.644 AU:3    +
    7    25  3   0.0%   0.650 CG:3    +
   44   148  3   0.0%   0.451 UG:3    +
   89   149  3   0.0%   0.828 AU:3    +
   67    98  3   0.0%   0.218 UA:3    +
   60    78  3   0.0%   0.887 AU:3    +
   88   159  3   0.0%   0.526 CG:3    +
    2     7  3   0.0%   0.002 UA:3    +
   88   149  3   0.0%   0.291 CG:3    +
  104   138  3   0.0%   0.749 CG:3    +
  141   154  3   0.0%   1.007 UA:3    +
  149   159  3   0.0%   1.084 UG:3    +
   86   148  3   0.0%   0.507 CG:3    +
  148   160  3   0.0%   1.010 GC:3    +
   48   148  3   0.0%   1.354 GU:3    +
    3     7  3   0.0%   0.002 UA:3    +
    6   157  3   0.0%   0.428 UA:3    +
  149   155  3   0.0%   0.632 GU:3    +
    7    41  3   0.0%   0.330 AU:3    +
    7   137  3   0.0%   0.585 AU:3    +
   98   141  3   0.0%   0.794 AU:3    +
   75    89  3   0.0%   0.615 UA:3    +
    9   148  3   0.0%   0.702 AU:3    +
  111   157  3   0.0%   0.334 UA:3    +
  110   159  3   0.0%   0.201 CG:3    +
    6   142  3   0.0%   0.335 UA:3    +
    7    19  3   0.0%   0.004 CG:3    +
   67    71  3   0.0%   0.831 UA:3    +
  140   159  3   0.0%   1.307 CG:3    +
  106   141  3   0.0%   0.787 AU:3    +
   98   149  3   0.0%   0.264 AU:3    +
   90   139  3   0.0%   1.419 GC:3    +
   59   138  3   0.0%   0.786 CG:3    +
   22   149  3   0.0%   0.407 UG:3    +
  148   154  3   0.0%   0.638 UA:3    +
  141   158  3   0.0%   1.091 UA:3    +
  139   159  3   0.0%   1.167 CG:3    +
    5   144  3   0.0%   0.645 AU:3    +
   90   160  3   0.0%   0.891 GC:3    +
  141   152  3   0.0%   1.148 UA:3    +
    5   141  3   0.0%   0.644 AU:3    +
  111   131  3   0.0%   0.135 UA:3    +
   73    90  3   0.0%   0.809 CG:3    +
   46   144  3   0.0%   0.729 AU:3    +
    7    84  3   0.0%   0.576 AU:3    +
  111   142  3   0.0%   0.198 UA:3    +
  149   157  3   0.0%   0.752 UA:3    +
  138   160  3   0.0%   0.992 GC:3    +
   50    78  3   0.0%   0.032 AU:3    +
   39   154  3   0.0%   0.693 UA:3    +
    6    20  3   0.0%   0.002 UA:3    +
   43   149  3   0.0%   0.215 UG:3    +
   88   148  3   0.0%   0.265 CG:3    +
    6    46  3   0.0%   0.616 UA:3    +
  106   111  3   0.0%   0.216 AU:3    +
   60   150  3   0.0%   0.333 AU:3    +
   99   148  3   0.0%   0.118 UG:3    +
    4   111  3   0.0%   0.619 AU:3    +
    3   149  3   0.0%   0.582 UG:3    +
  141   157  3   0.0%   1.084 UA:3    +
   20    39  3   0.0%   0.731 AU:3    +
    1   149  3   0.0%   0.447 UG:3    +
    2   148  3   0.0%   0.365 UG:3    +
   56    87  3   0.0%   1.121 GU:3    +
   55   105  3   0.0%   0.540 AU:3    +
    6   106  3   0.0%   0.327 UA:3    +
    2   149  3   0.0%   0.366 UG:3    +
   39   152  3   0.0%   0.740 UA:3    +
  109   149  3   0.0%   0.249 AU:3    +
    7    18  3   0.0%   0.004 AU:3    +
    7    29  3   0.0%   0.334 AU:3    +
   81   159  3   0.0%   1.088 CG:3    +
    7   155  3   0.0%   0.632 AU:3    +
  153   157  3   0.0%   0.657 UA:3    +
    5   111  3   0.0%   0.639 AU:3    +
    7    14  3   0.0%   0.002 AU:3    +
   11   141  3   0.0%   0.163 AU:3    +
    8   144  3   0.0%   0.570 AU:3    +
   89   148  3   0.0%   0.802 AU:3    +
    6   109  3   0.0%   0.328 UA:3    +
   89   153  3   0.0%   0.949 AU:3    +
    1     7  3   0.0%   0.000 UA:3    +
   10   148  3   0.0%   0.726 GU:3    +
    8   141  3   0.0%   0.569 AU:3    +
   30   149  3   0.0%   0.410 AU:3    +
   84   149  3   0.0%   0.859 UG:3    +
  111   145  3   0.0%   0.217 UA:3    +
   46   141  3   0.0%   0.966 AU:3    +
    8   153  3   0.0%   0.610 AU:3    +
   97   153  3   0.0%   0.348 AU:3    +
  137   148  3   0.0%   0.485 UG:3    +
   39    89  3   0.0%   0.343 UA:3    +
   26   148  3   0.0%   0.395 UG:3    +
   78   109  3   0.0%   1.013 UA:3    +
    1   148  3   0.0%   0.446 UG:3    +
   55   150  3   0.0%   0.980 AU:3    +
   34   148  3   0.0%   0.361 AU:3    +
   51    59  3   0.0%   0.032 GC:3    +
  133   153  3   0.0%   0.050 AU:3    +
    3   148  3   0.0%   0.581 UG:3    +
   92   111  3   0.0%   0.365 AU:3    +
   67   106  3   0.0%   0.218 UA:3    +
   34    78  3   0.0%   0.286 AU:3    +
    4   148  3   0.0%   0.635 AU:3    +
   20   148  3   0.0%   0.428 AU:3    +
   56   105  3   0.0%   0.940 GU:3    +
  109   144  3   0.0%   0.488 AU:3    +
   46   153  3   0.0%   0.692 AU:3    +
  144   152  3   0.0%   0.712 UA:3    +
   74   111  3   0.0%   0.419 AU:3    +
   33   149  3   0.0%   0.338 UG:3    +
    6    47  3   0.0%   0.652 UA:3    +
   44   149  3   0.0%   0.467 UG:3    +
    7    13  3   0.0%   0.001 AU:3    +
   75   109  3   0.0%   0.451 UA:3    +
   67   154  3   0.0%   0.253 UA:3    +
   18   149  3   0.0%   0.077 UG:3    +
  109   148  3   0.0%   0.127 AU:3    +
    7   105  3   0.0%   0.576 AU:3    +
   65    99  3   0.0%   0.230 AU:3    +
   92   144  3   0.0%   0.678 AU:3    +
   47   148  3   0.0%   0.815 AU:3    +
   67    89  3   0.0%   0.447 UA:3    +
   78    92  3   0.0%   1.025 UA:3    +
    8   111  3   0.0%   0.565 AU:3    +
   34   153  3   0.0%   0.349 AU:3    +
   67   152  3   0.0%   0.301 UA:3    +
   36   149  3   0.0%   0.638 AU:3    +
  106   144  3   0.0%   0.500 AU:3    +
    6   113  3   0.0%   0.327 UA:3    +
  111   152  3   0.0%   0.387 UA:3    +
   39   109  3   0.0%   0.357 UA:3    +
   17   149  3   0.0%   0.302 AU:3    +
   90   104  3   0.0%   0.681 GC:3    +
   78    97  3   0.0%   1.011 UA:3    +
    7   112  3   0.0%   0.576 CG:3    +
   39    46  3   0.0%   0.631 UA:3    +
  109   153  3   0.0%   0.119 AU:3    +
  111   154  3   0.0%   0.195 UA:3    +
   51   139  3   0.0%   1.074 GC:3    +
   39    47  3   0.0%   0.667 UA:3    +
    6    89  3   0.0%   0.328 UA:3    +
  104   159  3   0.0%   0.178 CG:3    +
    7    23  3   0.0%   0.003 AU:3    +
  104   148  3   0.0%   0.092 CG:3    +
  136   149  3   0.0%   0.268 CG:3    +
   10   149  3   0.0%   0.739 GU:3    +
   19   149  3   0.0%   0.662 GU:3    +
   39    92  3   0.0%   0.351 UA:3    +
   23   149  3   0.0%   0.481 UG:3    +
   91   149  3   0.0%   0.623 GU:3    +
   50   148  3   0.0%   0.748 AU:3    +
   24   148  3   0.0%   0.382 UG:3    +
   50   149  3   0.0%   0.766 AU:3    +
  103   148  3   0.0%   0.122 GU:3    +
   49   149  3   0.0%   1.081 GU:3    +
   78   106  3   0.0%   1.009 UA:3    +
   47   153  3   0.0%   0.799 AU:3    +
   98   111  3   0.0%   0.221 AU:3    +
    7    40  3   0.0%   0.328 AU:3    +
   46   149  3   0.0%   0.725 AU:3    +
   11   144  3   0.0%   0.170 AU:3    +
   46   148  3   0.0%   0.707 AU:3    +
   50   153  3   0.0%   0.731 AU:3    +
    6    11  3   0.0%   0.001 UA:3    +
   40    55  3   0.0%   0.311 UA:3    +
   78   157  3   0.0%   1.098 UA:3    +
   78   142  3   0.0%   1.055 UA:3    +
   39   145  3   0.0%   0.728 UA:3    +
   45   149  3   0.0%   0.718 UG:3    +
   73   138  3   0.0%   1.260 CG:3    +
   65    96  3   0.0%   0.229 AU:3    +
  135   148  3   0.0%   0.071 UG:3    +
.((((.((((.((((((.(((........))))))))))))).))))((.(((((.....(((.......))).................(((((((....)))))))...(((((((((((...)))))))))))))))).))..(((((....)))))
