3 sequence; length of alignment 160
alifold output
  114   153  0  99.0%   0.041 GU:2    AU:1   
  116   151  0 100.0%   0.000 CG:3   
  128   139  0 100.0%   0.002 CG:3   
    8    19  0  99.9%   0.002 GC:3   
  118   149  0  99.9%   0.003 AU:3   
  117   150  1  99.9%   0.002 GC:1    GU:1   
   74    86  0  99.8%   0.017 CG:3   
  127   140  0  99.8%   0.008 GU:3   
   73    87  0  99.7%   0.025 AU:3   
   72    88  0  99.7%   0.029 UA:3   
   71    89  0  99.7%   0.036 GC:3   
  115   152  1 100.0%   0.002 CG:2   
    9    18  1  99.9%   0.002 GC:2   
   75    85  0  99.4%   0.029 UA:3   
    6    21  0  98.4%   0.050 GU:1    AU:2   
  122   146  0  99.3%   0.052 CG:3   
  119   148  0  99.2%   0.024 CG:3   
    7    20  1  99.7%   0.011 CG:2   
   76    84  0  98.9%   0.066 UA:3   
  123   145  0  98.0%   0.116 UA:3   
   10    17  0  97.5%   0.076 UA:3   
   77    83  0  96.5%   0.151 UG:2    UA:1   
  121   147  0  97.4%   0.077 AU:3   
    5    22  1  97.6%   0.074 CG:2   
  126   141  1  96.7%   0.099 AU:2   
  125   142  0  94.2%   0.171 UA:3   
  129   138  1  91.7%   0.240 AU:2   
  113   154  0  89.7%   0.334 UA:3   
    4    23  0  84.7%   0.423 AU:3   
   70    90  1  79.7%   0.832 UA:2   
   39   107  0  76.7%   0.806 GC:3    +
   40   106  0  75.5%   0.770 CG:3    +
   38   108  1  71.8%   0.792 UA:2    +
   43   103  0  70.2%   0.941 UA:3    +
   44   102  0  68.8%   1.006 AU:3    +
   78    82  0  68.8%   0.803 UA:3   
   42   104  0  65.2%   0.850 UG:1    UA:2    +
   47    99  0  64.3%   0.903 UA:3    +
   48    98  1  62.9%   0.887 CG:2    +
   37   109  0  59.5%   1.257 AU:3    +
   49    97  0  56.0%   0.988 UA:3    +
   67    92  0  55.2%   1.598 UA:3   
   66    93  0  54.9%   1.426 AU:3   
   68    91  0  53.5%   1.298 UA:3   
   46   100  1  51.7%   1.101 UA:2    +
   65    94  0  48.4%   1.605 AU:3   
   62    97  0  37.3%   1.520 UA:3   
   63    96  1  37.5%   1.233 AU:2   
   61    98  0  35.4%   1.449 CG:2    UG:1   
   60    64  0  33.9%   1.293 GC:3    +
   59    65  0  33.8%   1.144 UA:3    +
   58    66  0  32.4%   1.136 UA:3    +
   57    67  0  28.4%   1.143 AU:3    +
   55   104  0  24.9%   1.699 UG:1    UA:2   
   56   103  0  25.2%   1.593 UA:3   
   54   105  1  24.1%   1.322 UA:2   
   57   102  0  23.2%   1.967 AU:3   
   53   106  0  22.2%   1.679 CG:3   
   59    99  0   9.0%   1.400 UA:3    +
   58   100  0   9.0%   1.432 UA:3    +
   35   111  1   8.8%   0.983 AU:2    +
   53    69  0   8.3%   0.801 CG:3    +
   27    35  0   7.7%   0.694 UA:3    +
   28    34  0   7.3%   0.671 AU:3    +
   57   101  0   7.3%   1.051 AU:3    +
   26    36  1   7.5%   0.735 GU:2    +
   34   112  1   6.7%   0.812 UA:2    +
   52    70  0   5.6%   0.633 AU:3    +
   25    37  0   5.5%   0.611 UA:3    +
   52    94  0   5.1%   0.779 AU:3    +
   53    60  0   4.9%   0.489 CG:3    +
   59   100  0   4.7%   1.663 UA:3    +
   55    91  0   3.5%   0.438 UA:3    +
   54    92  1   3.2%   0.379 UA:2    +
   33   156  0   2.7%   0.400 UA:3    +
   32   157  0   2.6%   0.462 AU:3    +
   34   155  0   2.4%   0.732 UA:3    +
  111   156  1   2.9%   0.738 UA:2    +
   36    44  0   2.3%   0.532 UA:3    +
   37    43  0   2.3%   0.495 AU:3    +
   31   158  0   2.2%   0.399 AU:3    +
   35    45  0   2.0%   0.498 AU:3    +
    3   114  0   0.0%   0.118 CG:1    UG:1    UA:1    +
   43   104  0   1.0%   0.855 UG:1    UA:2    +
   50   104  0   1.0%   0.558 UG:1    UA:2    +
    5    26  0   0.9%   0.215 CG:2    AU:1    +
    2   106  0   0.8%   0.200 CG:1    UG:2    +
   55    92  0   1.8%   0.525 UA:3    +
   56    91  0   1.7%   0.502 UA:3    +
    6    25  0   0.7%   0.159 GU:1    AU:2    +
   68    92  0   1.6%   1.151 UA:3    +
    2    39  0   0.5%   0.137 CG:1    UG:2    +
   42   105  0   1.4%   0.497 UA:3    +
   78    83  0   0.3%   0.375 UG:2    UA:1    +
   76    83  0   0.3%   0.061 UG:2    UA:1    +
   39    61  0   0.3%   0.179 GC:2    GU:1    +
  108   159  0   0.3%   0.369 AU:2    UA:1    +
   30    69  0   0.3%   0.140 CG:1    UG:2    +
   30    39  0   0.2%   0.175 CG:1    UG:2    +
   61    69  0   0.2%   0.371 CG:2    UG:1    +
    1    30  0   0.2%   0.119 GC:1    GU:2    +
   56    90  1   1.7%   0.292 UA:2    +
   64    69  0   1.1%   0.853 CG:3    +
   46   112  0   0.1%   0.649 GC:1    UA:2    +
   34   114  0   0.1%   0.446 UG:2    UA:1    +
    1   107  0   1.1%   0.276 GC:3    +
  132   137  1   1.6%   0.196 GC:2    +
   61   106  0   0.1%   1.052 CG:2    UG:1    +
   30    60  0   0.0%   0.100 CG:1    UG:2    +
   56   104  0   0.0%   1.320 UG:1    UA:2    +
   16    24  0   0.0%   0.025 CG:1    AU:2    +
   26    48  0   0.0%   0.395 GC:2    UG:1    +
   46   108  0   0.0%   0.644 GU:1    UA:2    +
   77   104  0   0.0%   0.822 UG:1    UA:2    +
    8    30  0   0.0%   0.021 GC:1    GU:2    +
   24   112  0   0.0%   0.052 GC:1    UA:2    +
   55    69  0   1.0%   0.391 UG:3    +
    3    39  0   0.0%   0.119 CG:1    UG:2    +
   51   104  0   0.0%   0.613 UG:1    UA:2    +
   76   104  0   0.0%   0.780 UG:1    UA:2    +
   68    83  0   0.0%   0.053 UG:2    UA:1    +
    3    22  0   0.0%   0.004 CG:1    UG:2    +
    9   109  0   0.0%   0.006 GU:2    AU:1    +
   11    29  0   0.0%   0.042 GC:2    UA:1    +
  132   138  0   0.0%   0.198 GU:2    AU:1    +
   26   111  0   0.0%   0.422 GU:2    UA:1    +
   67    83  0   0.0%   0.378 UG:2    UA:1    +
    2     6  0   0.0%   0.002 CG:1    UA:2    +
   26   159  0   0.0%   0.427 GU:2    UA:1    +
   58   104  0   0.0%   1.356 UG:1    UA:2    +
   11    18  0   0.0%   0.002 GC:2    UA:1    +
   43   114  0   0.0%   0.496 UG:2    UA:1    +
   56    83  0   0.0%   0.081 UG:2    UA:1    +
   45   104  0   0.0%   0.475 UG:1    UA:2    +
   33   114  0   0.0%   0.082 UG:2    UA:1    +
   14   104  0   0.0%   0.003 CG:1    UA:2    +
   75   104  0   0.0%   0.754 UG:1    UA:2    +
   12    26  0   0.0%   0.108 UG:2    AU:1    +
   61    86  0   0.0%   0.031 CG:2    UG:1    +
    2    22  0   0.0%   0.001 CG:1    UG:2    +
   16    46  0   0.0%   0.012 CG:1    AU:2    +
    2   104  0   0.0%   0.086 CG:1    UA:2    +
    6    23  0   0.0%   0.158 GU:1    AU:2    +
   30   151  0   0.0%   0.111 CG:1    UG:2    +
   47   104  0   0.0%   0.641 UG:1    UA:2    +
   26    46  0   0.0%   0.388 GU:2    UG:1    +
    9    33  0   0.0%   0.007 GU:2    AU:1    +
    3   106  0   0.0%   0.156 CG:1    UG:2    +
   22    30  0   0.0%   0.048 GC:1    GU:2    +
   75    83  0   0.0%   0.003 UG:2    UA:1    +
   36   114  0   0.0%   0.361 UG:2    UA:1    +
   61    83  0   0.0%   0.031 CG:2    UA:1    +
   49   104  0   0.0%   0.679 UG:1    UA:2    +
  111   126  0   0.0%   0.232 AU:1    UA:2    +
  114   123  0   0.0%   0.008 GU:2    AU:1    +
   93   104  0   0.0%   1.128 UG:1    UA:2    +
   24   108  0   0.0%   0.049 GU:1    UA:2    +
   27   114  0   0.0%   0.347 UG:2    UA:1    +
   94   104  0   0.0%   1.278 UG:1    UA:2    +
   25   104  0   0.0%   0.303 UG:1    UA:2    +
    6   158  0   0.0%   0.053 GU:1    AU:2    +
    5    11  0   0.0%   0.000 CG:2    AU:1    +
   59   104  0   0.0%   1.513 UG:1    UA:2    +
   61    71  0   0.0%   0.044 CG:2    UG:1    +
   96   104  0   0.0%   1.162 UG:1    UA:2    +
  114   157  0   0.0%   0.165 GU:2    AU:1    +
   45   114  0   0.0%   0.163 UG:2    UA:1    +
    6    10  0   0.0%   0.001 GU:1    AU:2    +
    6   157  0   0.0%   0.061 GU:1    AU:2    +
    9   157  0   0.0%   0.014 GU:2    AU:1    +
   26    54  0   0.0%   0.403 GU:2    UA:1    +
    6    34  0   0.0%   0.052 GU:1    AU:2    +
   67   104  0   0.0%   1.450 UG:1    UA:2    +
   55    83  0   0.0%   0.059 UG:2    UA:1    +
   54   108  0   0.0%   0.786 AU:1    UA:2    +
  114   158  0   0.0%   0.117 GU:2    AU:1    +
  104   158  0   0.0%   0.831 GU:1    AU:2    +
    6   160  0   0.0%   0.052 GU:1    AU:2    +
    6    43  0   0.0%   0.051 GU:1    AU:2    +
    6    27  0   0.0%   0.113 GU:1    AU:2    +
   46    63  0   0.0%   0.038 GC:1    UA:2    +
   33   104  0   0.0%   0.062 UG:1    UA:2    +
    3    98  0   0.0%   0.091 CG:1    UG:2    +
   30   104  0   0.0%   0.110 CG:1    UA:2    +
    2    98  0   0.0%   0.086 CG:1    UG:2    +
   25   114  0   0.0%   0.304 UG:2    UA:1    +
    7    26  0   0.0%   0.105 CG:2    AU:1    +
   51   114  0   0.0%   0.283 UG:2    UA:1    +
    6    36  0   0.0%   0.052 GU:1    AU:2    +
    4    27  0   1.0%   0.317 AU:3    +
   51   103  0   1.0%   0.582 UA:3    +
   52   102  0   0.9%   0.891 AU:3    +
   49   105  0   0.9%   0.573 UA:3    +
   44    51  0   0.9%   0.331 AU:3    +
   43    52  0   0.8%   0.304 UA:3    +
  125   143  0   0.8%   0.202 UA:3    +
  131   138  0   0.8%   0.212 AU:3    +
   41   106  0   0.8%   0.374 CG:3    +
   22    40  0   0.7%   0.172 GC:3    +
   23    39  0   0.7%   0.292 UG:3    +
    3    26  1   0.7%   0.126 CG:1    UG:1    +
   56    69  0   0.6%   0.424 UG:3    +
  123   144  0   0.5%   0.135 UG:3    +
   45   100  0   0.5%   0.205 UA:3    +
   31    51  0   0.5%   0.190 AU:3    +
   52    62  0   0.5%   0.210 AU:3    +
   32    50  0   0.5%   0.179 AU:3    +
  123   143  0   0.5%   0.079 UA:3    +
  122   144  0   0.5%   0.079 CG:3    +
    1    40  0   0.5%   0.179 GC:3    +
   77    82  0   0.5%   0.080 UA:3    +
    1    25  0   0.4%   0.079 GU:3    +
   52    96  0   0.4%   0.548 AU:3    +
   25    31  0   0.4%   0.166 UA:3    +
    3    28  1   0.9%   0.191 UA:2    +
   27    37  0   0.4%   0.512 UA:3    +
   57    68  0   0.4%   0.501 AU:3    +
   28    36  0   0.4%   0.533 AU:3    +
   58    92  0   0.4%   0.652 UA:3    +
   57    93  0   0.4%   0.506 AU:3    +
   44   101  0   0.4%   0.274 AU:3    +
   38    44  0   0.3%   0.241 UA:3    +
   59    91  0   0.3%   0.668 UA:3    +
   69    95  0   0.3%   0.467 GC:3    +
   51    97  0   0.3%   0.563 UA:3    +
  109   156  0   0.3%   0.523 UA:3    +
   55   103  0   0.3%   0.612 UA:3    +
   35    43  0   0.3%   0.293 AU:3    +
   50    92  0   0.3%   0.112 UA:3    +
   37    45  0   0.3%   0.441 AU:3    +
   40    60  0   0.3%   0.134 CG:3    +
    4    25  0   0.3%   0.222 AU:3    +
   34    44  0   0.3%   0.286 UA:3    +
   51    91  0   0.3%   0.209 UA:3    +
    1   110  0   0.3%   0.230 GC:3    +
   43    57  0   0.3%   0.231 UA:3    +
   44    56  0   0.3%   0.247 AU:3    +
   32    67  0   0.3%   0.176 AU:3    +
   33    66  0   0.3%   0.095 UA:3    +
   31    68  0   0.3%   0.174 AU:3    +
    1    27  0   0.3%   0.080 GU:3    +
   27    32  0   0.3%   0.156 UA:3    +
   66    94  0   0.3%   1.285 AU:3    +
   39    43  0   0.3%   0.271 GU:3    +
   34    65  0   0.3%   0.278 UA:3    +
   35   113  0   0.3%   0.610 AU:3    +
   77    84  0   0.3%   0.129 UA:3    +
   25    35  0   0.2%   0.161 UA:3    +
    1    29  1   0.7%   0.154 GC:2    +
   60    95  0   0.2%   0.608 GC:3    +
   27    39  0   0.2%   0.416 UG:3    +
   32   113  0   0.2%   0.187 AU:3    +
   27    52  0   0.2%   0.363 UA:3    +
  130   135  0   0.2%   0.038 AU:3    +
   28    38  0   0.2%   0.353 AU:3    +
   32    45  0   0.2%   0.113 AU:3    +
   50    98  0   0.2%   0.418 UG:3    +
   31    38  0   0.2%   0.125 AU:3    +
   28    51  0   0.2%   0.353 AU:3    +
  120   148  1   0.7%   0.117 UG:2    +
   49    99  0   0.2%   0.684 UA:3    +
  130   138  0   0.2%   0.128 AU:3    +
  113   155  0   0.2%   0.331 UA:3    +
  111   155  1   0.7%   0.470 UA:2    +
   51   108  1   0.7%   0.594 UA:2    +
   33    44  0   0.2%   0.078 UA:3    +
   52    93  0   0.2%   0.348 AU:3    +
   57    62  0   0.2%   0.116 AU:3    +
   63    70  1   0.7%   0.333 AU:2    +
   75    84  0   0.2%   0.035 UA:3    +
   51    57  0   0.2%   0.156 UA:3    +
   25    32  0   0.2%   0.165 UA:3    +
   37    62  0   0.2%   0.348 AU:3    +
   52    56  0   0.2%   0.143 AU:3    +
   31    36  0   0.2%   0.291 AU:3    +
   82    96  0   0.2%   0.717 AU:3    +
    1   157  0   0.1%   0.226 GU:3    +
   81    97  0   0.1%   0.760 UA:3    +
   84    94  0   0.1%   0.589 AU:3    +
   80    98  0   0.1%   0.717 CG:3    +
   52    59  0   0.1%   0.139 AU:3    +
   85    93  0   0.1%   0.414 AU:3    +
   51    60  0   0.1%   0.157 UG:3    +
   50    97  0   0.1%   0.426 UA:3    +
   70    91  0   0.1%   0.989 UA:3    +
   76    85  0   0.1%   0.063 UA:3    +
   59    66  0   0.1%   0.802 UA:3    +
   50    57  0   0.1%   0.082 UA:3    +
   31    47  0   0.1%   0.106 AU:3    +
   25    39  0   0.1%   0.376 UG:3    +
   56    92  0   0.1%   0.446 UA:3    +
   93   100  0   0.1%   1.152 UA:3    +
   92   101  0   0.1%   0.875 AU:3    +
   69    93  0   0.1%   0.772 GU:3    +
   28    72  0   0.1%   0.352 AU:3    +
   27    73  0   0.1%   0.359 UA:3    +
  113   156  0   0.1%   0.424 UA:3    +
   35    47  0   0.1%   0.352 AU:3    +
   27    44  0   0.1%   0.337 UA:3    +
   91   102  0   0.1%   1.258 AU:3    +
   94    99  0   0.1%   1.108 UA:3    +
   60    70  0   0.1%   0.739 GU:3    +
   52    68  0   0.1%   0.178 AU:3    +
   28    43  0   0.1%   0.327 AU:3    +
   56    65  0   0.1%   0.080 UA:3    +
   31    43  0   0.1%   0.092 AU:3    +
  131   135  0   0.1%   0.031 AU:3    +
   91    96  0   0.1%   1.015 AU:3    +
   55    66  0   0.1%   0.044 UA:3    +
   51    69  0   0.1%   0.170 UG:3    +
   32    42  0   0.1%   0.081 AU:3    +
   20    41  0   0.1%   0.024 GC:3    +
   55    99  0   0.1%   0.590 UA:3    +
   23    32  0   0.1%   0.170 UA:3    +
   56    66  0   0.1%   0.087 UA:3    +
   50    91  0   0.1%   0.066 UA:3    +
   47    98  0   0.1%   0.036 UG:3    +
   32    38  0   0.1%   0.122 AU:3    +
   70    92  0   0.1%   1.039 UA:3    +
   60   107  0   0.1%   0.854 GC:3    +
   33    37  0   0.1%   0.234 UA:3    +
    1    33  0   0.1%   0.108 GU:3    +
   67    91  0   0.1%   0.627 UA:3    +
   62   105  0   0.1%   0.923 UA:3    +
   53    71  0   0.1%   0.388 CG:3    +
   36   156  0   0.1%   0.494 UA:3    +
  109   155  0   0.1%   0.462 UA:3    +
   35   157  0   0.1%   0.689 AU:3    +
   25   155  0   0.1%   0.337 UA:3    +
   52    72  0   0.1%   0.329 AU:3    +
   27   156  0   0.1%   0.382 UA:3    +
   69    89  0   0.1%   0.398 GC:3    +
   66   101  0   0.1%   0.976 AU:3    +
   45   156  0   0.0%   0.300 UA:3    +
   67   100  0   0.0%   1.464 UA:3    +
  125   144  0   0.0%   0.162 UG:3    +
   31    59  0   0.0%   0.133 AU:3    +
   32    58  0   0.0%   0.134 AU:3    +
   65   102  0   0.0%   1.407 AU:3    +
   55    60  0   0.0%   0.197 UG:3    +
   65    96  0   0.0%   1.157 AU:3    +
   68    99  0   0.0%   1.019 UA:3    +
   33    57  0   0.0%   0.051 UA:3    +
   44   157  0   0.0%   0.619 AU:3    +
   55   105  0   0.0%   1.111 UA:3    +
   37    51  0   0.0%   0.365 AU:3    +
   28    62  0   0.0%   0.336 AU:3    +
   51    73  0   0.0%   0.162 UA:3    +
   45    52  0   0.0%   0.214 UA:3    +
   25    65  0   0.0%   0.308 UA:3    +
   36    52  0   0.0%   0.368 UA:3    +
   35    51  0   0.0%   0.380 AU:3    +
   35   109  0   0.0%   0.345 AU:3    +
   44    50  0   0.0%   0.190 AU:3    +
   32   158  0   0.0%   0.351 AU:3    +
   45   105  0   0.0%   0.247 UA:3    +
   32    49  0   0.0%   0.105 AU:3    +
   34    52  0   0.0%   0.274 UA:3    +
   60    89  0   0.0%   0.573 GC:3    +
   70    88  0   0.0%   0.217 UA:3    +
   35    42  0   0.0%   0.235 AU:3    +
   31    50  0   0.0%   0.101 AU:3    +
   28    33  0   0.0%   0.106 AU:3    +
   64    86  0   0.0%   0.431 CG:3    +
   58    91  0   0.0%   0.599 UA:3    +
   62    88  0   0.0%   0.064 UA:3    +
   60    96  0   0.0%   0.614 GU:3    +
   98   110  0   0.0%   0.725 GC:3    +
   23    28  0   0.0%   0.225 UA:3    +
   17    23  0   0.0%   0.174 AU:3    +
   15    25  0   0.0%   0.083 AU:3    +
   25    52  0   0.0%   0.305 UA:3    +
   51    71  0   0.0%   0.157 UG:3    +
   99   109  0   0.0%   0.888 AU:3    +
   47   103  0   0.0%   0.571 UA:3    +
   31    49  0   0.0%   0.098 AU:3    +
    1    41  0   0.0%   0.133 GC:3    +
   78   103  0   0.0%   0.959 UA:3    +
   70    97  0   0.0%   1.136 UA:3    +
   79   102  0   0.0%   0.657 AU:3    +
   49    92  0   0.0%   0.017 UA:3    +
   56    99  0   0.0%   0.566 UA:3    +
   92    96  0   0.0%   1.059 AU:3    +
   51    99  0   0.0%   0.521 UA:3    +
   32    47  0   0.0%   0.105 AU:3    +
   71    80  0   0.0%   0.024 GC:3    +
   72    79  0   0.0%   0.019 UA:3    +
   50   100  0   0.0%   0.475 UA:3    +
   55   100  0   0.0%   0.640 UA:3    +
   50   155  0   0.0%   0.279 UA:3    +
   25    44  0   0.0%   0.301 UA:3    +
   78    99  0   0.0%   0.841 UA:3    +
   65    93  0   0.0%   0.435 AU:3    +
   22    33  0   0.0%   0.041 GU:3    +
   76   105  0   0.0%   0.536 UA:3    +
   47   100  0   0.0%   0.684 UA:3    +
   51    92  0   0.0%   0.195 UA:3    +
   73    78  0   0.0%   0.018 AU:3    +
   52   109  0   0.0%   0.865 AU:3    +
   10    28  0   0.0%   0.103 UA:3    +
   49   156  0   0.0%   0.542 UA:3    +
   59    97  0   0.0%   0.774 UA:3    +
   56    98  0   0.0%   0.546 UG:3    +
   50    99  0   0.0%   0.421 UA:3    +
  155   160  0   0.0%   0.193 AU:3    +
   50   105  0   0.0%   0.282 UA:3    +
   77   100  0   0.0%   0.827 UA:3    +
   34   156  0   0.0%   0.652 UA:3    +
   27    31  0   0.0%   0.110 UA:3    +
    1   158  0   0.0%   0.211 GU:3    +
   69    96  0   0.0%   0.820 GU:3    +
   32    36  0   0.0%   0.291 AU:3    +
   51   155  0   0.0%   0.408 UA:3    +
   33   155  0   0.0%   0.111 UA:3    +
  127   141  0   0.0%   0.040 GU:3    +
   43   155  0   0.0%   0.611 UA:3    +
   66    96  0   0.0%   1.154 AU:3    +
   57    96  0   0.0%   0.483 AU:3    +
   62    69  0   0.0%   0.385 UG:3    +
   38   156  0   0.0%   0.446 UA:3    +
   69    94  0   0.0%   0.918 GU:3    +
   50   156  0   0.0%   0.293 UA:3    +
   70    79  0   0.0%   0.208 UA:3    +
   69    80  0   0.0%   0.385 GC:3    +
   49   100  0   0.0%   0.726 UA:3    +
   42    52  0   0.0%   0.060 UA:3    +
   42   156  0   0.0%   0.486 UA:3    +
   53    98  0   0.0%   0.686 CG:3    +
   47    52  0   0.0%   0.115 UA:3    +
   58    65  0   0.0%   0.041 UA:3    +
   71    78  0   0.0%   0.019 GU:3    +
   42   103  0   0.0%   0.017 UA:3    +
   58    69  0   0.0%   0.694 UG:3    +
   37   157  0   0.0%   0.761 AU:3    +
   45    99  0   0.0%   0.126 UA:3    +
   47   154  0   0.0%   0.327 UA:3    +
   49    98  0   0.0%   0.639 UG:3    +
   31   160  0   0.0%   0.238 AU:3    +
   51   154  0   0.0%   0.286 UA:3    +
   55    65  0   0.0%   0.031 UA:3    +
   75   105  0   0.0%   0.510 UA:3    +
   67    84  0   0.0%   0.380 UA:3    +
   57    70  0   0.0%   0.598 AU:3    +
   32   101  0   0.0%   0.147 AU:3    +
   31   102  0   0.0%   0.145 AU:3    +
   33   100  0   0.0%   0.064 UA:3    +
   27   155  0   0.0%   0.374 UA:3    +
   77   103  0   0.0%   0.749 UA:3    +
   23    37  0   0.0%   0.159 UA:3    +
    4    21  0   0.0%   0.003 AU:3    +
   43   105  0   0.0%   0.576 UA:3    +
   50    60  0   0.0%   0.070 UG:3    +
  119   146  0   0.0%   0.003 CG:3    +
   49    57  0   0.0%   0.033 UA:3    +
   33    39  0   0.0%   0.134 UG:3    +
   39    51  0   0.0%   0.176 GU:3    +
   38    52  0   0.0%   0.121 UA:3    +
   68    97  0   0.0%   1.186 UA:3    +
   21    39  0   0.0%   0.050 UG:3    +
   20    40  0   0.0%   0.035 GC:3    +
   22    38  0   0.0%   0.039 GU:3    +
   58    99  0   0.0%   0.737 UA:3    +
   34   154  0   0.0%   0.439 UA:3    +
   34    99  0   0.0%   0.248 UA:3    +
    8   110  0   0.0%   0.023 GC:3    +
   25   156  0   0.0%   0.333 UA:3    +
   23   156  0   0.0%   0.211 UA:3    +
   39    53  0   0.0%   0.139 GC:3    +
   36   155  0   0.0%   0.475 UA:3    +
   56    97  0   0.0%   0.584 UA:3    +
   28   160  0   0.0%   0.344 AU:3    +
   44   113  0   0.0%   0.524 AU:3    +
   28    49  0   0.0%   0.316 AU:3    +
   74   106  0   0.0%   0.657 CG:3    +
   64    71  0   0.0%   0.438 CG:3    +
   60   102  0   0.0%   1.228 GU:3    +
   59   103  0   0.0%   1.446 UA:3    +
   23    35  0   0.0%   0.157 UA:3    +
   68    82  0   0.0%   0.050 UA:3    +
   25   154  0   0.0%   0.309 UA:3    +
   32   160  0   0.0%   0.266 AU:3    +
   65    70  0   0.0%   0.602 AU:3    +
   52    58  0   0.0%   0.112 AU:3    +
   51   105  0   0.0%   0.378 UA:3    +
   75   106  0   0.0%   0.667 UG:3    +
   45   103  0   0.0%   0.403 UA:3    +
   37    42  0   0.0%   0.213 AU:3    +
   50    65  0   0.0%   0.070 UA:3    +
    1   160  0   0.0%   0.211 GU:3    +
   58    97  0   0.0%   0.758 UA:3    +
    2    28  1   0.5%   0.105 UA:2    +
   39   110  0   0.0%   0.372 GC:3    +
   51    65  0   0.0%   0.159 UA:3    +
   31   113  0   0.0%   0.148 AU:3    +
   71    87  0   0.0%   0.024 GU:3    +
   44    49  0   0.0%   0.159 AU:3    +
   51    98  0   0.0%   0.504 UG:3    +
   47   155  0   0.0%   0.446 UA:3    +
    4    38  0   0.0%   0.215 AU:3    +
   22    36  0   0.0%   0.037 GU:3    +
   47    97  0   0.0%   0.022 UA:3    +
   50    66  0   0.0%   0.070 UA:3    +
   32    43  0   0.0%   0.087 AU:3    +
  118   147  0   0.0%   0.002 AU:3    +
   62    73  0   0.0%   0.067 UA:3    +
   32    51  0   0.0%   0.166 AU:3    +
  101   156  0   0.0%   0.367 UA:3    +
  100   157  0   0.0%   0.879 AU:3    +
   32   109  0   0.0%   0.148 AU:3    +
   99   158  0   0.0%   0.659 AU:3    +
  102   155  0   0.0%   0.786 UA:3    +
   27   106  0   0.0%   0.386 UG:3    +
   96   103  0   0.0%   1.095 UA:3    +
    4    36  0   0.0%   0.215 AU:3    +
   97   102  0   0.0%   1.397 AU:3    +
   78   100  0   0.0%   1.033 UA:3    +
   21    37  0   0.0%   0.022 UA:3    +
  133   138  0   0.0%   0.133 AU:3    +
   69    81  0   0.0%   0.385 GU:3    +
    1    23  0   0.0%   0.003 GU:3    +
   56    60  0   0.0%   0.219 UG:3    +
   80    86  0   0.0%   0.011 CG:3    +
   79    87  0   0.0%   0.012 AU:3    +
   76    82  0   0.0%   0.003 UA:3    +
   45    57  0   0.0%   0.143 UA:3    +
  106   110  0   0.0%   0.674 GC:3    +
   52   153  0   0.0%   0.551 AU:3    +
    3   105  1   0.5%   0.171 UA:2    +
   41    60  0   0.0%   0.032 CG:3    +
   28   158  0   0.0%   0.343 AU:3    +
   78    88  0   0.0%   0.291 UA:3    +
   34    39  0   0.0%   0.314 UG:3    +
   60   101  0   0.0%   0.798 GU:3    +
   31   157  0   0.0%   0.162 AU:3    +
   20    38  0   0.0%   0.007 GU:3    +
  156   160  0   0.0%   0.281 AU:3    +
   44    58  0   0.0%   0.219 AU:3    +
   44   109  0   0.0%   0.807 AU:3    +
   81    85  0   0.0%   0.018 UA:3    +
   60    68  0   0.0%   0.604 GU:3    +
    4    34  0   0.0%   0.214 AU:3    +
   35    55  0   0.0%   0.333 AU:3    +
   21    28  0   0.0%   0.092 UA:3    +
   59    98  0   0.0%   0.731 UG:3    +
  125   139  0   0.0%   0.002 UG:3    +
   28    50  0   0.0%   0.315 AU:3    +
   37    50  0   0.0%   0.341 AU:3    +
   64    98  0   0.0%   1.110 CG:3    +
  124   140  0   0.0%   0.002 AU:3    +
    4   158  0   0.0%   0.218 AU:3    +
   23    31  0   0.0%   0.157 UA:3    +
   35   153  0   0.0%   0.568 AU:3    +
   22    41  0   0.0%   0.081 GC:3    +
   19    39  0   0.0%   0.029 CG:3    +
   87    92  0   0.0%   0.642 UA:3    +
   22    27  0   0.0%   0.093 GU:3    +
   96   105  0   0.0%   0.914 UA:3    +
   10    15  0   0.0%   0.001 UA:3    +
   95   106  0   0.0%   0.690 CG:3    +
   35   158  0   0.0%   0.660 AU:3    +
   60    67  0   0.0%   0.932 GU:3    +
   53    86  0   0.0%   0.371 CG:3    +
   42   155  0   0.0%   0.471 UA:3    +
   52    87  0   0.0%   0.315 AU:3    +
   28   157  0   0.0%   0.354 AU:3    +
    1    36  0   0.0%   0.101 GU:3    +
   39    45  0   0.0%   0.237 GU:3    +
   27   154  0   0.0%   0.351 UA:3    +
   55    84  0   0.0%   0.060 UA:3    +
   37    47  0   0.0%   0.326 AU:3    +
    1    34  0   0.0%   0.101 GU:3    +
   60    74  0   0.0%   0.572 GC:3    +
   58   103  0   0.0%   1.286 UA:3    +
   78    84  0   0.0%   0.320 UA:3    +
   35    56  0   0.0%   0.334 AU:3    +
   36   154  0   0.0%   0.360 UA:3    +
   62    66  0   0.0%   0.458 UA:3    +
   97   160  0   0.0%   0.749 AU:3    +
   51    88  0   0.0%   0.150 UA:3    +
   49    60  0   0.0%   0.034 UG:3    +
    4   157  0   0.0%   0.225 AU:3    +
   86    93  0   0.0%   0.387 GU:3    +
   22   157  0   0.0%   0.083 GU:3    +
    1   109  0   0.0%   0.179 GU:3    +
   38   155  0   0.0%   0.431 UA:3    +
    8    41  0   0.0%   0.006 GC:3    +
   28   153  0   0.0%   0.340 AU:3    +
   49    65  0   0.0%   0.029 UA:3    +
  109   154  0   0.0%   0.329 UA:3    +
   93    97  0   0.0%   1.120 UA:3    +
  154   160  0   0.0%   0.116 AU:3    +
   39    47  0   0.0%   0.139 GU:3    +
   62    71  0   0.0%   0.069 UG:3    +
   10    39  0   0.0%   0.057 UG:3    +
   37    49  0   0.0%   0.316 AU:3    +
   28    70  0   0.0%   0.331 AU:3    +
   37    56  0   0.0%   0.315 AU:3    +
   59    69  0   0.0%   0.706 UG:3    +
   36    57  0   0.0%   0.324 UA:3    +
   49    66  0   0.0%   0.029 UA:3    +
   43   154  0   0.0%   0.494 UA:3    +
   75   103  0   0.0%   0.686 UA:3    +
   58    98  0   0.0%   0.716 UG:3    +
   35    50  0   0.0%   0.359 AU:3    +
   39    49  0   0.0%   0.131 GU:3    +
    1    53  0   0.0%   0.130 GC:3    +
  124   141  0   0.0%   0.001 AU:3    +
   49   155  0   0.0%   0.525 UA:3    +
    4   160  0   0.0%   0.217 AU:3    +
   76   103  0   0.0%   0.709 UA:3    +
   56   105  0   0.0%   1.066 UA:3    +
    4   153  0   0.0%   0.215 AU:3    +
   57    94  0   0.0%   0.607 AU:3    +
   94    98  0   0.0%   1.226 UG:3    +
   37   113  0   0.0%   0.672 AU:3    +
   93    99  0   0.0%   0.938 UA:3    +
   35    58  0   0.0%   0.337 AU:3    +
   44    55  0   0.0%   0.197 AU:3    +
   22    34  0   0.0%   0.035 GU:3    +
   55    98  0   0.0%   0.563 UG:3    +
   34    57  0   0.0%   0.233 UA:3    +
   51   156  0   0.0%   0.419 UA:3    +
   47   105  0   0.0%   0.405 UA:3    +
   43   156  0   0.0%   0.622 UA:3    +
   35   160  0   0.0%   0.576 AU:3    +
   21    35  0   0.0%   0.020 UA:3    +
  106   115  0   0.0%   0.648 GC:3    +
   45   155  0   0.0%   0.277 UA:3    +
   23   155  0   0.0%   0.209 UA:3    +
   44    59  0   0.0%   0.218 AU:3    +
   60    94  0   0.0%   0.719 GU:3    +
   44   158  0   0.0%   0.587 AU:3    +
   28   109  0   0.0%   0.339 AU:3    +
   31   109  0   0.0%   0.145 AU:3    +
   87    91  0   0.0%   0.592 UA:3    +
   31    42  0   0.0%   0.067 AU:3    +
   85    94  0   0.0%   0.556 AU:3    +
    1   113  0   0.0%   0.197 GU:3    +
   67    97  0   0.0%   1.437 UA:3    +
   60    87  0   0.0%   0.565 GU:3    +
   15    43  0   0.0%   0.004 AU:3    +
   50    69  0   0.0%   0.067 UG:3    +
   28    47  0   0.0%   0.313 AU:3    +
   62    85  0   0.0%   0.056 UA:3    +
   33    52  0   0.0%   0.080 UA:3    +
   47   156  0   0.0%   0.458 UA:3    +
   49    91  0   0.0%   0.011 UA:3    +
   37   158  0   0.0%   0.734 AU:3    +
   28    42  0   0.0%   0.306 AU:3    +
   52   101  0   0.0%   0.522 AU:3    +
   59    88  0   0.0%   0.390 UA:3    +
   36    97  0   0.0%   0.331 UA:3    +
   17    45  0   0.0%   0.028 AU:3    +
   37    96  0   0.0%   0.324 AU:3    +
   38    57  0   0.0%   0.078 UA:3    +
   35    49  0   0.0%   0.335 AU:3    +
   75    91  0   0.0%   0.601 UA:3    +
   15    34  0   0.0%   0.005 AU:3    +
   39    56  0   0.0%   0.128 GU:3    +
   52    67  0   0.0%   0.159 AU:3    +
   56   100  0   0.0%   0.613 UA:3    +
   15    47  0   0.0%   0.004 AU:3    +
   76    91  0   0.0%   0.624 UA:3    +
   55    97  0   0.0%   0.604 UA:3    +
   60    93  0   0.0%   0.599 GU:3    +
   28    45  0   0.0%   0.318 AU:3    +
   67    82  0   0.0%   0.375 UA:3    +
   92   109  0   0.0%   0.961 AU:3    +
   43    60  0   0.0%   0.215 UG:3    +
  100   109  0   0.0%   1.077 AU:3    +
   31    45  0   0.0%   0.078 AU:3    +
   93   156  0   0.0%   0.529 UA:3    +
   92   157  0   0.0%   0.763 AU:3    +
  123   142  0   0.0%   0.001 UA:3    +
   39    50  0   0.0%   0.155 GU:3    +
   22   107  0   0.0%   0.122 GC:3    +
   44   153  0   0.0%   0.495 AU:3    +
   57    77  0   0.0%   0.435 AU:3    +
   37    58  0   0.0%   0.318 AU:3    +
   32   149  0   0.0%   0.160 AU:3    +
   51    66  0   0.0%   0.157 UA:3    +
    4   102  0   0.0%   0.214 AU:3    +
   75    92  0   0.0%   0.650 UA:3    +
   79   101  0   0.0%   0.221 AU:3    +
   91   158  0   0.0%   0.687 AU:3    +
   10    32  0   0.0%   0.038 UA:3    +
   20    36  0   0.0%   0.006 GU:3    +
   94   155  0   0.0%   0.667 UA:3    +
    8    34  0   0.0%   0.004 GU:3    +
   66    70  0   0.0%   0.609 AU:3    +
   62    91  0   0.0%   0.294 UA:3    +
   20    42  0   0.0%   0.012 GU:3    +
   33   148  0   0.0%   0.081 UG:3    +
   76   100  0   0.0%   0.787 UA:3    +
   75    86  0   0.0%   0.023 UG:3    +
   49   106  0   0.0%   0.701 UG:3    +
  134   138  0   0.0%   0.132 AU:3    +
   21    31  0   0.0%   0.027 UA:3    +
   77    99  0   0.0%   0.631 UA:3    +
   27    57  0   0.0%   0.335 UA:3    +
   41    98  0   0.0%   0.010 CG:3    +
    1    38  0   0.0%   0.100 GU:3    +
   62    82  0   0.0%   0.055 UA:3    +
   28    56  0   0.0%   0.327 AU:3    +
   98   107  0   0.0%   0.954 GC:3    +
  154   158  0   0.0%   0.207 AU:3    +
   71   107  0   0.0%   0.282 GC:3    +
   50   103  0   0.0%   0.354 UA:3    +
   22   110  0   0.0%   0.091 GC:3    +
   57    87  0   0.0%   0.436 AU:3    +
   58    86  0   0.0%   0.377 UG:3    +
   39   158  0   0.0%   0.439 GU:3    +
   31    56  0   0.0%   0.122 AU:3    +
   28   113  0   0.0%   0.339 AU:3    +
   50   154  0   0.0%   0.155 UA:3    +
   47    60  0   0.0%   0.042 UG:3    +
   77    85  0   0.0%   0.091 UA:3    +
   38   154  0   0.0%   0.317 UA:3    +
   32    55  0   0.0%   0.123 AU:3    +
   42    97  0   0.0%   0.012 UA:3    +
   94   103  0   0.0%   1.210 UA:3    +
    4    43  0   0.0%   0.214 AU:3    +
   37   153  0   0.0%   0.644 AU:3    +
   62    98  0   0.0%   1.109 UG:3    +
   42    57  0   0.0%   0.016 UA:3    +
   52   158  0   0.0%   0.639 AU:3    +
   56    88  0   0.0%   0.081 UA:3    +
   57   109  0   0.0%   1.304 AU:3    +
   68    84  0   0.0%   0.051 UA:3    +
   37   160  0   0.0%   0.648 AU:3    +
   67    98  0   0.0%   1.394 UG:3    +
    4    51  0   0.0%   0.214 AU:3    +
  113   124  0   0.0%   0.031 UA:3    +
  138   143  0   0.0%   0.198 UA:3    +
   23   106  0   0.0%   0.229 UG:3    +
  110   127  0   0.0%   0.026 CG:3    +
   37    55  0   0.0%   0.314 AU:3    +
  131   140  0   0.0%   0.048 AU:3    +
   49   131  0   0.0%   0.400 UA:3    +
   50   106  0   0.0%   0.450 UG:3    +
   50   130  0   0.0%   0.148 UA:3    +
    3   104  1   0.0%   0.091 UG:1    UA:1    +
   59    85  0   0.0%   0.390 UA:3    +
   47   133  0   0.0%   0.318 UA:3    +
   67    85  0   0.0%   0.378 UA:3    +
   59    92  0   0.0%   0.645 UA:3    +
   39   157  0   0.0%   0.465 GU:3    +
    4    33  0   0.0%   0.216 AU:3    +
   47    57  0   0.0%   0.042 UA:3    +
   39   153  0   0.0%   0.351 GU:3    +
  130   141  0   0.0%   0.059 AU:3    +
   70    82  0   0.0%   0.206 UA:3    +
   21    44  0   0.0%   0.020 UA:3    +
    4   109  0   0.0%   0.215 AU:3    +
   72   106  0   0.0%   0.662 UG:3    +
   52   157  0   0.0%   0.668 AU:3    +
   27    71  0   0.0%   0.338 UG:3    +
   71    96  0   0.0%   0.425 GU:3    +
   62    99  0   0.0%   0.977 UA:3    +
   25    57  0   0.0%   0.299 UA:3    +
   41   144  0   0.0%   0.048 CG:3    +
   42   143  0   0.0%   0.351 UA:3    +
   43   142  0   0.0%   0.488 UA:3    +
   40   146  0   0.0%   0.307 CG:3    +
   39   147  0   0.0%   0.349 GU:3    +
   49   103  0   0.0%   0.607 UA:3    +
   76    99  0   0.0%   0.595 UA:3    +
   31   153  0   0.0%   0.147 AU:3    +
   44   160  0   0.0%   0.501 AU:3    +
   23    44  0   0.0%   0.191 UA:3    +
  101   105  0   0.0%   0.716 UA:3    +
   33   154  0   0.0%   0.085 UA:3    +
   39   160  0   0.0%   0.354 GU:3    +
   41   151  0   0.0%   0.048 CG:3    +
   57    78  0   0.0%   0.435 AU:3    +
    1    45  0   0.0%   0.129 GU:3    +
   75   100  0   0.0%   0.764 UA:3    +
  105   158  0   0.0%   0.584 AU:3    +
   92   102  0   0.0%   1.298 AU:3    +
   44   141  0   0.0%   0.493 AU:3    +
    1    95  0   0.0%   0.130 GC:3    +
   51   106  0   0.0%   0.546 UG:3    +
   52   160  0   0.0%   0.554 AU:3    +
   58   105  0   0.0%   1.103 UA:3    +
   94   100  0   0.0%   1.294 UA:3    +
   43    99  0   0.0%   0.194 UA:3    +
   86    95  0   0.0%   0.049 GC:3    +
    1    51  0   0.0%   0.129 GU:3    +
    1    43  0   0.0%   0.129 GU:3    +
  130   140  0   0.0%   0.027 AU:3    +
   75    82  0   0.0%   0.001 UA:3    +
  106   157  0   0.0%   0.769 GU:3    +
   39    95  0   0.0%   0.144 GC:3    +
   28    59  0   0.0%   0.326 AU:3    +
   56    79  0   0.0%   0.080 UA:3    +
  123   146  0   0.0%   0.086 UG:3    +
   27    60  0   0.0%   0.335 UG:3    +
   85    96  0   0.0%   0.437 AU:3    +
   45    60  0   0.0%   0.143 UG:3    +
   23    52  0   0.0%   0.191 UA:3    +
   55   106  0   0.0%   1.264 UG:3    +
   91   101  0   0.0%   0.807 AU:3    +
   42   100  0   0.0%   0.013 UA:3    +
   45    98  0   0.0%   0.121 UG:3    +
    4   113  0   0.0%   0.215 AU:3    +
   62    92  0   0.0%   0.290 UA:3    +
   93   105  0   0.0%   0.879 UA:3    +
   52   113  0   0.0%   0.579 AU:3    +
  102   106  0   0.0%   1.303 UG:3    +
  128   144  0   0.0%   0.058 CG:3    +
   20    45  0   0.0%   0.012 GU:3    +
   45    92  0   0.0%   0.121 UA:3    +
   57    81  0   0.0%   0.435 AU:3    +
  105   160  0   0.0%   0.498 AU:3    +
   39   115  0   0.0%   0.349 GC:3    +
   10    31  0   0.0%   0.038 UA:3    +
   25    73  0   0.0%   0.302 UA:3    +
   51   100  0   0.0%   0.568 UA:3    +
   68    98  0   0.0%   1.141 UG:3    +
   60    75  0   0.0%   0.564 GU:3    +
   56    82  0   0.0%   0.080 UA:3    +
   25   103  0   0.0%   0.303 UA:3    +
  101   106  0   0.0%   0.871 UG:3    +
   44    93  0   0.0%   0.214 AU:3    +
   69   107  0   0.0%   0.676 GC:3    +
    1   153  0   0.0%   0.196 GU:3    +
   67   156  0   0.0%   0.854 UA:3    +
   22    53  0   0.0%   0.072 GC:3    +
    1    64  0   0.0%   0.130 GC:3    +
   20    43  0   0.0%   0.012 GU:3    +
  103   160  0   0.0%   0.678 AU:3    +
   62   100  0   0.0%   1.169 UA:3    +
   40   139  0   0.0%   0.307 CG:3    +
   69   109  0   0.0%   0.734 GU:3    +
   43   100  0   0.0%   0.194 UA:3    +
    1   115  0   0.0%   0.196 GC:3    +
   68   155  0   0.0%   0.589 UA:3    +
   39   140  0   0.0%   0.349 GU:3    +
   66   157  0   0.0%   0.875 AU:3    +
   27    97  0   0.0%   0.345 UA:3    +
   58   156  0   0.0%   0.759 UA:3    +
   67    99  0   0.0%   1.261 UA:3    +
   94   105  0   0.0%   1.029 UA:3    +
    1    47  0   0.0%   0.129 GU:3    +
   25    99  0   0.0%   0.302 UA:3    +
   49    73  0   0.0%   0.017 UA:3    +
   21   156  0   0.0%   0.037 UA:3    +
   35    62  0   0.0%   0.336 AU:3    +
   96   100  0   0.0%   1.178 UA:3    +
   44   135  0   0.0%   0.493 AU:3    +
   10   156  0   0.0%   0.048 UA:3    +
   28    96  0   0.0%   0.337 AU:3    +
   43   136  0   0.0%   0.488 UA:3    +
   71    95  0   0.0%   0.056 GC:3    +
   69   110  0   0.0%   0.439 GC:3    +
   68   103  0   0.0%   1.128 UA:3    +
   59   155  0   0.0%   0.909 UA:3    +
   69   102  0   0.0%   1.062 GU:3    +
  134   140  0   0.0%   0.004 AU:3    +
   93    98  0   0.0%   1.074 UG:3    +
   70   106  0   0.0%   1.049 UG:3    +
   57   157  0   0.0%   1.107 AU:3    +
   32    68  0   0.0%   0.159 AU:3    +
    4    10  0   0.0%   0.000 AU:3    +
   49    69  0   0.0%   0.026 UG:3    +
   39   109  0   0.0%   0.663 GU:3    +
   93   103  0   0.0%   1.060 UA:3    +
  133   141  0   0.0%   0.035 AU:3    +
    8   158  0   0.0%   0.006 GU:3    +
   98   102  0   0.0%   1.350 GU:3    +
   22    43  0   0.0%   0.072 GU:3    +
   21    32  0   0.0%   0.026 UA:3    +
   39    64  0   0.0%   0.148 GC:3    +
   22    45  0   0.0%   0.072 GU:3    +
  135   139  0   0.0%   0.020 UG:3    +
   34   103  0   0.0%   0.247 UA:3    +
  106   160  0   0.0%   0.653 GU:3    +
   71   110  0   0.0%   0.046 GC:3    +
   42    60  0   0.0%   0.033 UG:3    +
   45   134  0   0.0%   0.156 UA:3    +
   59    79  0   0.0%   0.389 UA:3    +
   35    59  0   0.0%   0.337 AU:3    +
   35   102  0   0.0%   0.334 AU:3    +
    1    49  0   0.0%   0.129 GU:3    +
  105   157  0   0.0%   0.613 AU:3    +
   65   158  0   0.0%   0.848 AU:3    +
   21    52  0   0.0%   0.020 UA:3    +
    3    11  1   0.0%   0.000 CG:1    UG:1    +
    1    50  0   0.0%   0.129 GU:3    +
   31    55  0   0.0%   0.122 AU:3    +
   50    73  0   0.0%   0.057 UA:3    +
   60    72  0   0.0%   0.575 GU:3    +
   21   155  0   0.0%   0.038 UA:3    +
   34    60  0   0.0%   0.233 UG:3    +
  106   158  0   0.0%   0.739 GU:3    +
   38    65  0   0.0%   0.092 UA:3    +
   97   101  0   0.0%   0.964 AU:3    +
   49   154  0   0.0%   0.406 UA:3    +
   42   154  0   0.0%   0.356 UA:3    +
  125   145  0   0.0%   0.122 UA:3    +
    4    50  0   0.0%   0.214 AU:3    +
    1    42  0   0.0%   0.129 GU:3    +
   45   139  0   0.0%   0.156 UG:3    +
   20    53  0   0.0%   0.012 GC:3    +
   34    66  0   0.0%   0.263 UA:3    +
   20   110  0   0.0%   0.030 GC:3    +
   32    59  0   0.0%   0.131 AU:3    +
   45   154  0   0.0%   0.161 UA:3    +
   25    97  0   0.0%   0.302 UA:3    +
   60    78  0   0.0%   0.564 GU:3    +
   45    66  0   0.0%   0.139 UA:3    +
   77    91  0   0.0%   0.660 UA:3    +
    4    45  0   0.0%   0.214 AU:3    +
  125   134  0   0.0%   0.000 UA:3    +
  124   135  0   0.0%   0.000 AU:3    +
   78    85  0   0.0%   0.295 UA:3    +
  138   145  0   0.0%   0.154 UA:3    +
   76    92  0   0.0%   0.673 UA:3    +
   39    62  0   0.0%   0.158 GU:3    +
   59    73  0   0.0%   0.400 UA:3    +
   27   103  0   0.0%   0.345 UA:3    +
   42    92  0   0.0%   0.011 UA:3    +
  136   147  0   0.0%   0.026 AU:3    +
   23   154  0   0.0%   0.193 UA:3    +
   20   157  0   0.0%   0.022 GU:3    +
   55   155  0   0.0%   0.753 UA:3    +
   69    74  0   0.0%   0.388 GC:3    +
   28   102  0   0.0%   0.337 AU:3    +
   37    59  0   0.0%   0.317 AU:3    +
   38   148  0   0.0%   0.312 UG:3    +
   47   106  0   0.0%   0.603 UG:3    +
   43    91  0   0.0%   0.193 UA:3    +
    4    42  0   0.0%   0.214 AU:3    +
   56   155  0   0.0%   0.711 UA:3    +
   70    98  0   0.0%   1.088 UG:3    +
   20   109  0   0.0%   0.013 GU:3    +
   20   107  0   0.0%   0.061 GC:3    +
   51    63  1   0.4%   0.204 UA:2    +
    2    26  1   0.4%   0.072 UG:2    +
   46    99  1   0.4%   0.098 UA:2    +
   30    52  1   0.4%   0.151 UA:2    +
   36   112  1   0.4%   0.603 UA:2    +
   26    38  1   0.4%   0.410 GU:2    +
   33   112  1   0.3%   0.123 UA:2    +
   24    32  1   0.3%   0.090 UA:2    +
   26    30  1   0.3%   0.174 GU:2    +
   48   106  1   0.3%   0.637 CG:2    +
   26    34  1   0.3%   0.185 GU:2    +
  108   157  1   0.3%   0.456 AU:2    +
    2   156  1   0.2%   0.172 UA:2    +
    3   155  1   0.2%   0.166 UA:2    +
   26    33  1   0.2%   0.171 GU:2    +
   54   104  1   0.2%   0.556 UA:2    +
   26    40  1   0.2%   0.469 GC:2    +
  112   157  1   0.2%   0.416 AU:2    +
   36    63  1   0.2%   0.355 UA:2    +
   56    63  1   0.2%   0.108 UA:2    +
   26    53  1   0.2%   0.424 GC:2    +
   54    69  1   0.2%   0.267 UG:2    +
   83    95  1   0.2%   0.138 GC:2    +
   31    46  1   0.1%   0.102 AU:2    +
   30    37  1   0.1%   0.253 UA:2    +
   24    31  1   0.1%   0.049 UA:2    +
   37   111  1   0.1%   0.877 AU:2    +
    3    31  1   0.1%   0.103 UA:2    +
   32    46  1   0.1%   0.117 AU:2    +
   29    71  1   0.1%   0.065 CG:2    +
    2    32  1   0.1%   0.073 UA:2    +
   26    74  1   0.1%   0.427 GC:2    +
   54    91  1   0.1%   0.058 UA:2    +
   26    45  1   0.1%   0.399 GU:2    +
    1    24  1   0.1%   0.018 GU:2    +
   12    16  1   0.1%   0.019 UA:2    +
   30    44  1   0.1%   0.085 UA:2    +
   50    63  1   0.1%   0.073 UA:2    +
   54   100  1   0.1%   0.526 UA:2    +
  108   158  1   0.1%   0.411 AU:2    +
   68    90  1   0.1%   0.140 UA:2    +
   47   112  1   0.1%   0.564 UA:2    +
  120   146  1   0.1%   0.015 UG:2    +
   26   110  1   0.0%   0.444 GC:2    +
    4    24  1   0.0%   0.158 AU:2    +
   59   108  1   0.0%   1.074 UA:2    +
   26   157  1   0.0%   0.441 GU:2    +
   51    90  1   0.0%   0.159 UA:2    +
   26    64  1   0.0%   0.414 GC:2    +
   27    63  1   0.0%   0.345 UA:2    +
   24   156  1   0.0%   0.079 UA:2    +
   46   155  1   0.0%   0.535 UA:2    +
    2   155  1   0.0%   0.135 UA:2    +
  112   158  1   0.0%   0.363 AU:2    +
   50   108  1   0.0%   0.403 UA:2    +
    4    30  1   0.0%   0.230 AU:2    +
   54    60  1   0.0%   0.192 UG:2    +
   58    63  1   0.0%   0.072 UA:2    +
   49   108  1   0.0%   0.650 UA:2    +
   59    90  1   0.0%   0.473 UA:2    +
   31   159  1   0.0%   0.240 AU:2    +
   46   104  1   0.0%   0.723 UA:2    +
   63    87  1   0.0%   0.106 AU:2    +
   26    51  1   0.0%   0.399 GU:2    +
   54    63  1   0.0%   0.055 UA:2    +
   39    48  1   0.0%   0.132 GC:2    +
   30    35  1   0.0%   0.260 UA:2    +
   18    22  1   0.0%   0.034 CG:2    +
   97   111  1   0.0%   0.977 AU:2    +
   10    16  1   0.0%   0.008 UA:2    +
   29    39  1   0.0%   0.136 CG:2    +
    3   156  1   0.0%   0.156 UA:2    +
   46    52  1   0.0%   0.120 UA:2    +
  111   154  1   0.0%   0.247 UA:2    +
   24    35  1   0.0%   0.049 UA:2    +
   24    66  1   0.0%   0.051 UA:2    +
   14    26  1   0.0%   0.108 UG:2    +
   22    29  1   0.0%   0.074 GC:2    +
  112   159  1   0.0%   0.292 AU:2    +
   26    43  1   0.0%   0.386 GU:2    +
   37    46  1   0.0%   0.331 AU:2    +
   24   155  1   0.0%   0.072 UA:2    +
   55    90  1   0.0%   0.069 UA:2    +
   96   112  1   0.0%   0.672 UA:2    +
    9    29  1   0.0%   0.042 GC:2    +
   48    60  1   0.0%   0.033 CG:2    +
   32   111  1   0.0%   0.153 AU:2    +
    3   154  1   0.0%   0.123 UA:2    +
  120   145  1   0.0%   0.005 UA:2    +
   31   111  1   0.0%   0.149 AU:2    +
   45   112  1   0.0%   0.386 UA:2    +
   30   112  1   0.0%   0.117 UA:2    +
   11    27  1   0.0%   0.067 GU:2    +
   52   111  1   0.0%   0.778 AU:2    +
   26   107  1   0.0%   0.468 GC:2    +
   55    63  1   0.0%   0.054 UA:2    +
   24    39  1   0.0%   0.112 UG:2    +
   36   108  1   0.0%   0.337 UA:2    +
   32   159  1   0.0%   0.268 AU:2    +
   63    68  1   0.0%   0.111 AU:2    +
   54    97  1   0.0%   0.493 UA:2    +
    3    37  1   0.0%   0.092 UA:2    +
   90    96  1   0.0%   0.679 AU:2    +
  108   160  1   0.0%   0.336 AU:2    +
   49   112  1   0.0%   0.643 UA:2    +
   30   103  1   0.0%   0.111 UA:2    +
   51   112  1   0.0%   0.520 UA:2    +
   54   103  1   0.0%   0.444 UA:2    +
   10   108  1   0.0%   0.033 UA:2    +
    3    35  1   0.0%   0.090 UA:2    +
   54    66  1   0.0%   0.029 UA:2    +
   12    28  1   0.0%   0.081 UA:2    +
   11   107  1   0.0%   0.055 GC:2    +
   46    98  1   0.0%   0.027 UG:2    +
   26    41  1   0.0%   0.390 GC:2    +
  155   159  1   0.0%   0.209 AU:2    +
   24    28  1   0.0%   0.091 UA:2    +
   63    94  1   0.0%   0.255 AU:2    +
    3    32  1   0.0%   0.096 UA:2    +
   63    72  1   0.0%   0.110 AU:2    +
   35    46  1   0.0%   0.342 AU:2    +
   25   108  1   0.0%   0.307 UA:2    +
    1     7  1   0.0%   0.002 GC:2    +
   25   112  1   0.0%   0.308 UA:2    +
    1   159  1   0.0%   0.210 GU:2    +
  112   160  1   0.0%   0.272 AU:2    +
   28   159  1   0.0%   0.343 AU:2    +
   24    37  1   0.0%   0.048 UA:2    +
   46   156  1   0.0%   0.545 UA:2    +
    5    20  1   0.0%   0.002 CG:2    +
   12    17  1   0.0%   0.032 UA:2    +
   54    65  1   0.0%   0.028 UA:2    +
    2   108  1   0.0%   0.126 UA:2    +
   98   159  1   0.0%   0.706 GU:2    +
   45   108  1   0.0%   0.398 UA:2    +
   50   112  1   0.0%   0.392 UA:2    +
  126   138  1   0.0%   0.002 AU:2    +
  129   135  1   0.0%   0.002 AU:2    +
   30   155  1   0.0%   0.138 UA:2    +
  105   111  1   0.0%   0.725 AU:2    +
  127   137  1   0.0%   0.002 GC:2    +
   20    29  1   0.0%   0.044 GC:2    +
   59    63  1   0.0%   0.076 UA:2    +
   30   156  1   0.0%   0.140 UA:2    +
   39    46  1   0.0%   0.143 GU:2    +
   28    46  1   0.0%   0.314 AU:2    +
    2   112  1   0.0%   0.126 UA:2    +
  107   114  1   0.0%   0.268 CG:2    +
    2    31  1   0.0%   0.053 UA:2    +
   54    85  1   0.0%   0.019 UA:2    +
   47   108  1   0.0%   0.560 UA:2    +
   27   112  1   0.0%   0.350 UA:2    +
   54    90  1   0.0%   0.023 UA:2    +
  112   153  1   0.0%   0.250 AU:2    +
    2    35  1   0.0%   0.060 UA:2    +
   28   111  1   0.0%   0.340 AU:2    +
   46   103  1   0.0%   0.643 UA:2    +
   54   106  1   0.0%   1.140 UG:2    +
    1   111  1   0.0%   0.197 GU:2    +
   63    93  1   0.0%   0.133 AU:2    +
   90    94  1   0.0%   0.795 AU:2    +
    9    40  1   0.0%   0.030 GC:2    +
   33   108  1   0.0%   0.066 UA:2    +
   35   159  1   0.0%   0.578 AU:2    +
   44   111  1   0.0%   0.720 AU:2    +
    4   159  1   0.0%   0.217 AU:2    +
   26   158  1   0.0%   0.427 GU:2    +
   46   105  1   0.0%   0.484 UA:2    +
   29    69  1   0.0%   0.044 CG:2    +
   50    90  1   0.0%   0.051 UA:2    +
   43   112  1   0.0%   0.715 UA:2    +
   63    67  1   0.0%   0.437 AU:2    +
   12   106  1   0.0%   0.046 UG:2    +
   29   152  1   0.0%   0.052 CG:2    +
   24    44  1   0.0%   0.046 UA:2    +
   26   153  1   0.0%   0.421 GU:2    +
   30   114  1   0.0%   0.112 UG:2    +
   13   105  1   0.0%   0.028 UA:2    +
    6    24  1   0.0%   0.027 AU:2    +
    2    52  1   0.0%   0.086 UA:2    +
    1    48  1   0.0%   0.130 GC:2    +
    2   154  1   0.0%   0.126 UA:2    +
    3   103  1   0.0%   0.091 UA:2    +
  154   159  1   0.0%   0.135 AU:2    +
  108   113  1   0.0%   0.322 AU:2    +
   42   112  1   0.0%   0.578 UA:2    +
  101   108  1   0.0%   0.515 UA:2    +
   38   112  1   0.0%   0.539 UA:2    +
   26   160  1   0.0%   0.426 GU:2    +
   54    99  1   0.0%   0.463 UA:2    +
   58    90  1   0.0%   0.452 UA:2    +
   26    50  1   0.0%   0.391 GU:2    +
  126   140  1   0.0%   0.002 AU:2    +
   11    38  1   0.0%   0.004 GU:2    +
   16    42  1   0.0%   0.011 AU:2    +
   12    37  1   0.0%   0.009 UA:2    +
   76    90  1   0.0%   0.303 UA:2    +
   14    44  1   0.0%   0.003 UA:2    +
   14    35  1   0.0%   0.004 UA:2    +
   46    57  1   0.0%   0.046 UA:2    +
    7    22  1   0.0%   0.030 CG:2    +
   24    52  1   0.0%   0.046 UA:2    +
   49    63  1   0.0%   0.024 UA:2    +
   77    90  1   0.0%   0.339 UA:2    +
   31   150  1   0.0%   0.146 AU:2    +
   93   108  1   0.0%   0.678 UA:2    +
   53   152  1   0.0%   0.707 CG:2    +
   16    33  1   0.0%   0.016 AU:2    +
    3    44  1   0.0%   0.091 UA:2    +
   26   113  1   0.0%   0.420 GU:2    +
   29   114  1   0.0%   0.051 CG:2    +
    3    52  1   0.0%   0.091 UA:2    +
   26   109  1   0.0%   0.417 GU:2    +
   30   154  1   0.0%   0.115 UA:2    +
   24   154  1   0.0%   0.051 UA:2    +
   63    81  1   0.0%   0.098 AU:2    +
   34   108  1   0.0%   0.249 UA:2    +
   57   111  1   0.0%   1.216 AU:2    +
   55   112  1   0.0%   0.869 UA:2    +
   37   159  1   0.0%   0.650 AU:2    +
    2    37  1   0.0%   0.060 UA:2    +
   30    57  1   0.0%   0.089 UA:2    +
   36   152  1   0.0%   0.355 UG:2    +
   26    58  1   0.0%   0.404 GU:2    +
   67    90  1   0.0%   0.455 UA:2    +
    4   111  1   0.0%   0.215 AU:2    +
   44    54  1   0.0%   0.196 AU:2    +
   70   108  1   0.0%   0.694 UA:2    +
  137   144  1   0.0%   0.124 CG:2    +
   38    63  1   0.0%   0.088 UA:2    +
  112   125  1   0.0%   0.246 AU:2    +
    1     5  1   0.0%   0.000 GC:2    +
   26    47  1   0.0%   0.388 GU:2    +
   48   132  1   0.0%   0.315 CG:2    +
   56   112  1   0.0%   0.827 UA:2    +
   44   159  1   0.0%   0.503 AU:2    +
   13    17  1   0.0%   0.025 UA:2    +
   27   108  1   0.0%   0.349 UA:2    +
   26    42  1   0.0%   0.380 GU:2    +
   21   108  1   0.0%   0.022 UA:2    +
   26    56  1   0.0%   0.404 GU:2    +
   24   105  1   0.0%   0.074 UA:2    +
    5   152  1   0.0%   0.069 CG:2    +
   51   129  1   0.0%   0.275 UA:2    +
   28    54  1   0.0%   0.326 AU:2    +
   39   159  1   0.0%   0.356 GU:2    +
   40   152  1   0.0%   0.308 CG:2    +
   46    60  1   0.0%   0.046 UG:2    +
   46   154  1   0.0%   0.410 UA:2    +
   52   159  1   0.0%   0.556 AU:2    +
    2    44  1   0.0%   0.086 UA:2    +
   58   108  1   0.0%   0.905 UA:2    +
  106   159  1   0.0%   0.656 GU:2    +
   90   159  1   0.0%   0.272 AU:2    +
   26    49  1   0.0%   0.390 GU:2    +
   46   134  1   0.0%   0.404 UA:2    +
   64    83  1   0.0%   0.423 CG:2    +
   37    54  1   0.0%   0.313 AU:2    +
  129   140  1   0.0%   0.083 AU:2    +
  118   150  1   0.0%   0.002 AU:2    +
  104   159  1   0.0%   0.748 AU:2    +
  129   141  1   0.0%   0.115 AU:2    +
   40   114  1   0.0%   0.314 CG:2    +
   54   112  1   0.0%   0.744 UA:2    +
   39   111  1   0.0%   0.576 GU:2    +
   26    72  1   0.0%   0.407 GU:2    +
   30   108  1   0.0%   0.112 UA:2    +
    4    12  1   0.0%   0.000 AU:2    +
   35    54  1   0.0%   0.332 AU:2    +
   43   108  1   0.0%   0.730 UA:2    +
   23   112  1   0.0%   0.191 UA:2    +
   26    61  1   0.0%   0.404 GC:2    +
   39    54  1   0.0%   0.127 GU:2    +
   46    91  1   0.0%   0.024 UA:2    +
  110   114  1   0.0%   0.034 CG:2    +
   26   115  1   0.0%   0.420 GC:2    +
   62    90  1   0.0%   0.135 UA:2    +
   24   104  1   0.0%   0.048 UA:2    +
   46    97  1   0.0%   0.025 UA:2    +
    6   159  1   0.0%   0.052 AU:2    +
   42   108  1   0.0%   0.593 UA:2    +
    2   114  1   0.0%   0.125 UG:2    +
    2    63  1   0.0%   0.086 UA:2    +
   29    60  1   0.0%   0.044 CG:2    +
   90   102  1   0.0%   0.913 AU:2    +
   32    54  1   0.0%   0.123 AU:2    +
  102   108  1   0.0%   0.946 UA:2    +
    5     9  1   0.0%   0.000 CG:2    +
   26   102  1   0.0%   0.414 GU:2    +
   68   108  1   0.0%   0.750 UA:2    +
   49    90  1   0.0%   0.010 UA:2    +
   24   100  1   0.0%   0.047 UA:2    +
   74    83  1   0.0%   0.010 CG:2    +
   45   152  1   0.0%   0.156 UG:2    +
   72   108  1   0.0%   0.307 UA:2    +
   54    98  1   0.0%   0.450 UG:2    +
    1    46  1   0.0%   0.129 GU:2    +
    2   105  1   0.0%   0.086 UA:2    +
   29   106  1   0.0%   0.090 CG:2    +
   48   114  1   0.0%   0.322 CG:2    +
    3    99  1   0.0%   0.091 UA:2    +
   34    63  1   0.0%   0.233 UA:2    +
   63   102  1   0.0%   1.112 AU:2    +
    3    97  1   0.0%   0.091 UA:2    +
    6   111  1   0.0%   0.051 AU:2    +
    2   100  1   0.0%   0.086 UA:2    +
   46   114  1   0.0%   0.411 UG:2    +
  137   146  1   0.0%   0.078 CG:2    +
  105   159  1   0.0%   0.500 AU:2    +
  126   135  1   0.0%   0.000 AU:2    +
   24    98  1   0.0%   0.047 UG:2    +
    9    30  1   0.0%   0.019 GU:2    +
   26    96  1   0.0%   0.414 GU:2    +
   94   108  1   0.0%   0.828 UA:2    +
...(((((((......))))))).............................(((((...(((.((((.(((((((((...))))))))))))).)))...)))))......(((((((.(((.(((((........)))))..))))))))))......
