3 sequence; length of alignment 160
alifold output
  131   138  0  99.1%   0.054 CG:1    UG:1    UA:1   
  130   139  0  99.0%   0.068 UG:1    UA:2   
   61    84  0  99.2%   0.072 CG:3   
   60    85  0  99.2%   0.037 CG:3   
  128   141  0  99.2%   0.068 UA:3   
   62    83  0  99.1%   0.075 UA:3   
  129   140  0  98.9%   0.096 GU:3   
   63    82  0  98.9%   0.076 AU:3   
  127   142  1  99.2%   0.074 GC:2   
  132   137  0  98.7%   0.091 CG:3   
   59    86  0  98.6%   0.062 AU:3   
  126   143  1  97.9%   0.095 AU:2   
   21   118  0  97.1%   0.156 GC:3   
   22   117  0  96.9%   0.182 CG:3   
   19   120  0  95.6%   0.183 UG:2    UA:1   
   64    81  1  97.0%   0.102 AU:2   
   24   115  0  95.8%   0.235 GC:3   
   20   119  1  96.3%   0.192 GU:2   
   18   121  0  95.7%   0.209 AU:3   
   58    87  0  95.5%   0.182 AU:3   
  125   144  0  95.2%   0.202 UA:3   
    6    12  0  94.8%   0.159 CG:3   
   25   114  0  94.4%   0.393 CG:3   
    5    13  1  94.4%   0.164 UA:2   
   17   122  1  94.1%   0.279 AU:2   
   94   109  0  92.9%   0.347 CG:3   
    4    14  0  92.3%   0.223 GU:3   
    3    15  0  92.3%   0.241 GC:3   
   93   110  0  92.3%   0.340 AU:3   
   95   108  1  90.6%   0.446 CG:2   
   16   123  0  87.9%   0.434 UA:3   
   99   105  0  87.7%   0.649 GC:3   
   92   111  1  87.8%   0.454 AU:2   
   98   106  0  85.9%   0.772 UA:3   
   57    88  0  81.2%   0.810 AU:3   
   65    80  1  81.7%   0.515 UA:2   
   91   112  0  75.7%   0.758 AU:3   
  124   145  0  74.9%   0.765 AU:3   
   26   113  1  71.5%   1.030 UA:2   
   69    78  0  67.2%   1.103 CG:1    UG:2   
   33    40  0  65.1%   0.895 GC:3   
   70    77  0  63.6%   1.233 UA:3   
   32    41  1  63.5%   0.927 AU:2   
   46    55  0  60.5%   1.407 UA:3   
   47    54  0  59.7%   1.532 UA:3   
   45    56  1  59.7%   1.261 CG:2   
   68    79  0  58.1%   1.374 GC:1    AU:2   
   31    42  0  57.5%   1.025 UA:3   
   48    53  0  51.6%   1.607 AU:3   
   34    39  1  49.8%   1.057 AU:2   
  148   156  0  39.8%   1.465 CG:2    UG:1    +
  147   157  1  39.6%   1.465 GC:2    +
   66    79  0  37.6%   1.204 GC:1    GU:2    +
  146   158  1  32.8%   1.461 AU:2    +
   32    50  0  19.2%   1.550 GC:1    AU:2    +
   33    49  0  19.1%   1.641 GC:3    +
   31    51  0  19.0%   1.576 UA:3    +
   30    52  0  17.2%   1.350 GU:3    +
  145   159  0  15.7%   1.381 UA:3    +
   27    54  0   9.7%   0.771 UA:3    +
   28    53  0   8.7%   0.812 AU:3    +
   44    57  1   8.9%   1.237 UA:2    +
   26    55  0   7.5%   0.604 UA:3    +
   30    49  0   5.9%   0.729 GC:3    +
   31    48  0   5.9%   0.922 UA:3    +
   38    43  0   4.6%   0.698 CG:1    UG:2    +
   32   101  0   4.5%   1.319 GC:1    AU:2    +
   33   100  0   4.5%   1.284 GC:2    GU:1    +
   32    47  0   3.7%   0.836 GU:1    AU:2    +
   35    43  1   5.0%   0.551 CG:2    +
   34    44  1   4.9%   0.967 AU:2    +
   31   102  0   4.4%   1.297 UA:3    +
    3   158  0   3.3%   0.547 GC:1    GU:2    +
    4   157  0   3.3%   0.534 GC:2    GU:1    +
   25    56  0   4.2%   0.447 CG:3    +
   30    44  0   3.0%   0.466 GC:1    GU:2    +
   37    44  1   4.5%   0.768 AU:2    +
   36    98  0   3.9%   0.552 AU:3    +
   33    45  1   4.3%   0.733 GC:2    +
   43    49  0   3.7%   1.228 GC:3    +
   35    99  1   4.0%   0.570 CG:2    +
   69    77  1   3.9%   0.553 UA:2    +
   30   103  0   3.3%   1.056 GC:3    +
   32    46  0   2.2%   0.596 GU:1    AU:2    +
   28   107  0   3.2%   0.706 AU:3    +
   27   108  0   3.1%   0.687 UG:3    +
   37    97  0   3.0%   0.608 AU:3    +
    2    17  0   2.0%   0.256 AU:1    UA:2    +
   29   106  0   3.0%   0.477 UA:3    +
  120   148  0   1.9%   0.370 GC:2    AU:1    +
   49    56  0   2.7%   1.415 CG:3    +
    2   159  1   3.1%   0.457 UA:2    +
   97   106  0   2.5%   0.535 UA:3    +
   70    76  1   3.0%   0.535 UG:2    +
   21   157  0   1.3%   0.379 GC:2    GU:1    +
   20   158  0   1.3%   0.399 GC:1    GU:2    +
   44    48  1   2.8%   0.974 UA:2    +
    6   156  0   2.2%   0.370 CG:3    +
   42    50  1   2.6%   1.002 AU:2    +
   34    47  0   2.0%   0.913 AU:3    +
    5   138  0   0.0%   0.079 CG:1    UG:1    UA:1    +
    5   156  0   1.0%   0.217 CG:1    UG:2    +
    1   160  0   1.9%   0.314 UA:3    +
    4    15  0   1.9%   0.371 GC:3    +
   70    75  1   2.3%   0.367 UA:2    +
    7   155  0   1.8%   0.255 AU:3    +
   50    55  1   2.3%   1.270 UA:2    +
   38    68  0   0.8%   0.315 CG:1    UA:2    +
   30   105  0   1.7%   1.041 GC:3    +
  119   146  0   0.7%   0.187 AU:1    UA:2    +
    3    16  0   1.7%   0.304 GU:3    +
  117   148  0   0.7%   0.182 GC:2    GU:1    +
   69    76  1   2.2%   0.339 UG:2    +
  100   114  0   0.6%   0.346 CG:2    UG:1    +
   23    32  0   0.6%   0.113 UG:1    UA:2    +
   96   108  1   2.1%   0.484 CG:2    +
   37    46  0   1.6%   0.555 AU:3    +
   66    81  0   0.6%   0.578 GC:1    GU:2    +
  114   157  0   0.5%   0.406 GC:2    GU:1    +
   53    89  0   0.5%   0.704 UG:2    UA:1    +
   36    47  0   1.5%   0.507 AU:3    +
  120   145  0   0.5%   0.143 GU:2    AU:1    +
    1    18  0   1.5%   0.199 UA:3    +
   33    46  0   1.4%   0.720 GU:3    +
  121   147  1   1.9%   0.366 UG:2    +
   38   139  0   0.4%   0.315 CG:1    UA:2    +
  150   158  0   0.3%   0.681 GC:1    AU:2    +
   30    38  0   0.3%   0.111 GC:1    GU:2    +
    5    21  0   0.3%   0.104 CG:1    UG:2    +
   32   104  0   0.3%   1.088 GU:1    AU:2    +
   32    38  0   0.3%   0.105 GC:1    AU:2    +
  137   157  0   0.3%   0.304 GC:2    GU:1    +
  136   158  0   0.3%   0.277 GC:1    GU:2    +
    8   129  0   0.3%   0.065 CG:2    UG:1    +
    9   128  0   0.3%   0.061 GU:1    AU:2    +
  139   155  0   0.3%   0.159 GU:1    AU:2    +
  150   155  0   0.3%   0.180 GU:1    AU:2    +
   22   156  0   1.3%   0.410 CG:3    +
  101   108  0   0.2%   0.521 CG:1    UG:2    +
  100   109  0   0.2%   0.358 CG:2    UG:1    +
  122   146  1   1.7%   0.353 UA:2    +
   30    50  0   0.2%   0.459 GC:1    GU:2    +
   12   148  0   0.2%   0.117 GC:2    GU:1    +
  113   119  0   0.2%   0.408 AU:2    UA:1    +
   20    50  0   0.2%   0.071 GC:1    GU:2    +
   11    88  0   0.1%   0.046 GU:1    AU:2    +
   24    79  0   0.1%   0.086 GC:1    GU:2    +
    9   153  0   0.1%   0.055 GU:1    AU:2    +
   89   112  0   0.1%   0.135 GU:2    AU:1    +
   24    44  0   0.1%   0.071 GC:1    GU:2    +
   50   108  0   0.1%   0.714 CG:1    UG:2    +
   19   159  0   1.1%   0.361 UA:3    +
  114   148  0   0.1%   0.179 GC:2    GU:1    +
  113   149  0   0.1%   0.383 UG:1    AU:2    +
    3     8  0   0.1%   0.021 GC:2    GU:1    +
   11    23  0   0.1%   0.045 GU:1    AU:2    +
   50    56  0   0.1%   1.173 CG:1    UG:2    +
   44   114  0   0.1%   0.908 CG:1    UG:2    +
  122   150  0   0.1%   0.196 UG:1    UA:2    +
    2   146  0   0.1%   0.130 AU:1    UA:2    +
  120   152  0   0.1%   0.187 GU:2    AU:1    +
  112   150  0   0.1%   0.348 UG:1    UA:2    +
  117   157  0   0.1%   0.315 GC:2    GU:1    +
    8   127  0   0.1%   0.021 CG:2    UG:1    +
   89    98  0   0.0%   0.221 GU:2    AU:1    +
   79    99  0   0.0%   0.852 CG:1    UG:2    +
   78   100  0   0.0%   0.473 GC:2    GU:1    +
   33    38  0   0.0%   0.080 GC:1    GU:2    +
  112   120  0   0.0%   0.378 UG:2    UA:1    +
    4   148  0   0.0%   0.201 GC:2    GU:1    +
   43    50  0   0.0%   0.962 GC:1    GU:2    +
   50    66  0   0.0%   0.606 CG:1    UG:2    +
   27   150  0   0.0%   0.505 UG:1    UA:2    +
   38    78  0   0.0%   0.262 CG:1    UG:2    +
  131   137  0   0.0%   0.032 CG:1    UG:2    +
   20    79  0   0.0%   0.056 GC:1    GU:2    +
   44    56  0   0.0%   0.761 CG:1    UG:2    +
   81    99  0   0.0%   0.217 CG:1    UG:2    +
   11   153  0   0.0%   0.055 GU:1    AU:2    +
   11   158  0   0.0%   0.162 GC:1    AU:2    +
   12   157  0   0.0%   0.215 GC:2    GU:1    +
   21    79  0   0.0%   0.044 GC:1    GU:2    +
    3    50  0   0.0%   0.184 GC:1    GU:2    +
    9    44  0   0.0%   0.012 GC:1    AU:2    +
    9   152  0   0.0%   0.031 GU:1    AU:2    +
   21   100  0   0.0%   0.043 GC:2    GU:1    +
   20   101  0   0.0%   0.056 GC:1    GU:2    +
   17   119  0   0.0%   0.111 AU:2    UA:1    +
   47    89  0   0.0%   0.674 UG:2    UA:1    +
   38    56  0   0.0%   0.361 CG:1    UG:2    +
   43   100  0   0.0%   0.707 GC:2    GU:1    +
   26    32  0   0.0%   0.035 UG:1    UA:2    +
   44    99  0   0.0%   0.938 CG:1    UG:2    +
  100   117  0   0.0%   0.241 CG:2    UG:1    +
   27    89  0   0.0%   0.352 UG:2    UA:1    +
   29    51  0   1.0%   0.250 UA:3    +
    1   150  0   0.0%   0.084 UG:1    UA:2    +
  116   150  0   0.0%   0.064 UG:1    UA:2    +
    2   147  0   0.0%   0.125 UG:2    AU:1    +
  107   120  0   0.0%   0.185 UG:2    UA:1    +
   27    32  0   0.0%   0.035 UG:1    UA:2    +
    8    12  0   0.0%   0.068 CG:2    UG:1    +
   16   120  0   0.0%   0.096 UG:2    UA:1    +
   32    44  0   0.0%   0.507 GC:1    AU:2    +
    9    16  0   0.0%   0.079 GU:1    AU:2    +
   24   157  0   0.0%   0.309 GC:2    GU:1    +
   17    39  0   0.0%   0.089 AU:2    UA:1    +
    5   114  0   0.0%   0.079 CG:1    UG:2    +
   32   116  0   0.0%   1.087 GU:1    AU:2    +
    4   158  0   0.0%   0.423 GC:1    GU:2    +
   33    44  0   0.0%   0.481 GC:1    GU:2    +
    9   155  0   0.0%   0.110 GU:1    AU:2    +
    8   156  0   0.0%   0.161 CG:2    UG:1    +
   32   107  0   0.0%   1.168 GU:1    AU:2    +
   11   152  0   0.0%   0.043 GU:1    AU:2    +
  130   138  0   0.0%   0.040 UG:2    UA:1    +
   43   157  0   0.0%   0.767 GC:2    GU:1    +
   44   156  0   0.0%   1.000 CG:1    UG:2    +
  120   153  0   0.0%   0.207 GU:2    AU:1    +
   17    41  0   0.0%   0.089 AU:2    UA:1    +
   11   116  0   0.0%   0.030 GU:1    AU:2    +
   11    16  0   0.0%   0.082 GU:1    AU:2    +
  142   147  0   0.0%   0.152 CG:2    AU:1    +
  138   157  0   0.0%   0.264 GC:2    AU:1    +
  137   158  0   0.0%   0.283 GC:1    GU:2    +
  145   150  0   0.0%   0.320 UG:1    UA:2    +
   32   145  0   0.0%   1.071 GU:1    AU:2    +
   69   109  0   0.0%   0.638 CG:1    UG:2    +
   89   116  0   0.0%   0.116 GU:2    AU:1    +
   68   110  0   0.0%   0.400 GU:1    AU:2    +
   44   117  0   0.0%   0.855 CG:1    UG:2    +
   10   147  0   0.0%   0.055 CG:2    AU:1    +
   32   112  0   0.0%   1.096 GU:1    AU:2    +
    9   135  0   0.0%   0.026 GU:1    AU:2    +
  109   157  0   0.0%   0.396 GC:2    GU:1    +
    8   136  0   0.0%   0.030 CG:2    UG:1    +
   52    89  0   0.0%   0.400 UG:2    UA:1    +
  108   158  0   0.0%   0.524 GC:1    GU:2    +
   33   148  0   0.0%   1.047 GC:2    GU:1    +
   31   150  0   0.0%   1.044 UG:1    UA:2    +
  120   157  0   0.0%   0.371 GC:2    AU:1    +
    3   157  0   0.0%   0.209 GC:2    GU:1    +
    5    12  0   0.0%   0.008 CG:1    UG:2    +
   11   155  0   0.0%   0.116 GU:1    AU:2    +
  120   155  0   0.0%   0.242 GU:2    AU:1    +
  121   150  0   0.0%   0.178 UG:1    UA:2    +
   32    53  0   0.0%   1.105 GU:1    AU:2    +
    5   117  0   0.0%   0.079 CG:1    UG:2    +
   33   101  0   0.0%   1.146 GC:1    GU:2    +
   24   148  0   0.0%   0.141 GC:2    GU:1    +
    3   148  0   0.0%   0.205 GC:2    GU:1    +
    4   131  0   0.0%   0.173 GC:1    GU:2    +
   21    44  0   0.0%   0.028 GC:1    GU:2    +
    8    30  0   0.0%   0.009 CG:2    UG:1    +
    9    14  0   0.0%   0.080 GU:1    AU:2    +
    4     8  0   0.0%   0.008 GC:2    GU:1    +
    9    29  0   0.0%   0.007 GU:1    AU:2    +
   56   100  0   0.0%   0.773 GC:2    GU:1    +
    8   120  0   0.0%   0.009 CG:2    UA:1    +
   38    99  0   0.0%   0.379 CG:1    UG:2    +
   21   148  0   0.0%   0.113 GC:2    GU:1    +
   16   150  0   0.0%   0.217 UG:1    UA:2    +
   41   113  0   0.0%   0.741 AU:1    UA:2    +
   30   148  0   0.0%   0.928 GC:2    GU:1    +
   14   150  0   0.0%   0.112 UG:1    UA:2    +
   68    72  0   0.0%   0.114 GU:1    AU:2    +
   17   149  0   0.0%   0.181 UG:1    AU:2    +
   26   150  0   0.0%   0.532 UG:1    UA:2    +
   76    96  0   0.0%   0.219 GC:2    UA:1    +
   89    97  0   0.0%   0.182 GU:2    AU:1    +
   19   150  0   0.0%   0.103 UG:1    UA:2    +
    9   121  0   0.0%   0.010 GU:1    AU:2    +
    4   100  0   0.0%   0.172 GC:2    GU:1    +
    3   101  0   0.0%   0.184 GC:1    GU:2    +
   11   125  0   0.0%   0.029 GU:1    AU:2    +
   11    19  0   0.0%   0.025 GU:1    AU:2    +
  100   108  0   0.0%   0.455 CG:2    UG:1    +
   11    46  0   0.0%   0.020 GU:1    AU:2    +
   11   128  0   0.0%   0.049 GU:1    AU:2    +
   29    89  0   0.0%   0.163 UG:2    UA:1    +
   21    81  0   0.0%   0.047 GC:1    GU:2    +
    1    11  0   0.0%   0.000 UG:1    UA:2    +
    8    89  0   0.0%   0.009 CG:2    UA:1    +
   23   150  0   0.0%   0.097 UG:1    UA:2    +
   11    50  0   0.0%   0.021 GC:1    AU:2    +
   46    89  0   0.0%   0.593 UG:2    UA:1    +
   32    82  0   0.0%   0.908 GU:1    AU:2    +
   33    81  0   0.0%   0.875 GC:1    GU:2    +
    8    43  0   0.0%   0.009 CG:2    UG:1    +
  137   148  0   0.0%   0.186 GC:2    GU:1    +
    9   130  0   0.0%   0.041 GU:1    AU:2    +
    8   114  0   0.0%   0.010 CG:2    UG:1    +
   14   120  0   0.0%   0.093 UG:2    UA:1    +
    5   109  0   0.0%   0.077 CG:1    UG:2    +
    9    88  0   0.0%   0.009 GU:1    AU:2    +
   35   147  0   0.0%   0.324 CG:2    AU:1    +
    9   158  0   0.0%   0.151 GC:1    AU:2    +
  127   157  0   0.0%   0.257 GC:2    GU:1    +
  135   150  0   0.0%   0.045 UG:1    UA:2    +
  120   125  0   0.0%   0.093 GU:2    AU:1    +
  125   150  0   0.0%   0.109 UG:1    UA:2    +
   12   131  0   0.0%   0.079 GC:1    GU:2    +
   12   158  0   0.0%   0.214 GC:1    GU:2    +
   46    68  0   0.0%   0.611 UG:1    UA:2    +
   50    99  0   0.0%   0.697 CG:1    UG:2    +
   31    89  0   0.0%   0.896 UG:2    UA:1    +
   20    81  0   0.0%   0.060 GC:1    GU:2    +
  101   109  0   0.0%   0.370 CG:1    UG:2    +
  138   148  0   0.0%   0.176 GC:2    AU:1    +
   47    68  0   0.0%   0.688 UG:1    UA:2    +
   89   153  0   0.0%   0.106 GU:2    AU:1    +
   79    84  0   0.0%   0.723 CG:1    UG:2    +
   30    79  0   0.0%   0.728 GC:1    GU:2    +
    5    99  0   0.0%   0.077 CG:1    UG:2    +
   82    89  0   0.0%   0.071 UG:2    UA:1    +
   24   100  0   0.0%   0.065 GC:2    GU:1    +
   16    32  0   0.0%   0.072 UG:1    UA:2    +
   38   109  0   0.0%   0.323 CG:1    UG:2    +
   79   108  0   0.0%   0.874 CG:1    UG:2    +
   79   117  0   0.0%   0.780 CG:1    UG:2    +
   32    88  0   0.0%   0.909 GU:1    AU:2    +
   89   122  0   0.0%   0.158 GU:2    AU:1    +
   76   111  0   0.0%   0.260 GU:2    UA:1    +
   20   157  0   0.0%   0.233 GC:2    GU:1    +
   85   100  0   0.0%   0.198 GC:2    GU:1    +
   33    50  0   0.0%   1.197 GC:1    GU:2    +
  127   148  0   0.0%   0.186 GC:2    GU:1    +
   84   101  0   0.0%   0.224 GC:1    GU:2    +
    1     9  0   0.0%   0.000 UG:1    UA:2    +
   26    89  0   0.0%   0.247 UG:2    UA:1    +
   17   143  0   0.0%   0.165 AU:2    UA:1    +
   56   101  0   0.0%   0.775 GC:1    GU:2    +
   11    98  0   0.0%   0.028 GU:1    AU:2    +
   97   120  0   0.0%   0.273 UG:2    UA:1    +
    8    99  0   0.0%   0.009 CG:2    UG:1    +
    9   125  0   0.0%   0.009 GU:1    AU:2    +
  117   158  0   0.0%   0.304 GC:1    GU:2    +
   79    85  0   0.0%   0.723 CG:1    UG:2    +
   99   158  0   0.0%   0.535 GC:1    GU:2    +
   44    68  0   0.0%   0.825 CG:1    UA:2    +
  116   120  0   0.0%   0.095 UG:2    UA:1    +
   43    69  0   0.0%   0.584 GC:1    GU:2    +
   29   150  0   0.0%   0.304 UG:1    UA:2    +
   11    47  0   0.0%   0.019 GU:1    AU:2    +
    9    98  0   0.0%   0.009 GU:1    AU:2    +
   24    50  0   0.0%   0.066 GC:1    GU:2    +
    9    19  0   0.0%   0.021 GU:1    AU:2    +
   32   140  0   0.0%   1.056 GU:1    AU:2    +
    8    20  0   0.0%   0.025 CG:2    UG:1    +
   71   111  0   0.0%   0.023 AU:2    UA:1    +
   38   117  0   0.0%   0.288 CG:1    UG:2    +
    2   113  0   0.0%   0.101 AU:1    UA:2    +
   11   104  0   0.0%   0.028 GU:1    AU:2    +
   41    71  0   0.0%   0.441 AU:1    UA:2    +
   43    81  0   0.0%   0.560 GC:1    GU:2    +
   43   131  0   0.0%   0.572 GC:1    GU:2    +
   89   110  0   0.0%   0.112 GU:2    AU:1    +
   11   112  0   0.0%   0.028 GU:1    AU:2    +
   32   158  0   0.0%   1.235 GC:1    AU:2    +
   32    52  0   0.0%   1.215 GU:1    AU:2    +
   99   157  0   0.0%   0.535 GC:2    GU:1    +
   43   101  0   0.0%   0.707 GC:1    GU:2    +
   33   157  0   0.0%   1.202 GC:2    GU:1    +
   24   158  0   0.0%   0.308 GC:1    GU:2    +
   11    44  0   0.0%   0.020 GC:1    AU:2    +
   84   100  0   0.0%   0.199 GC:2    GU:1    +
  143   147  0   0.0%   0.165 UG:2    AU:1    +
   43   148  0   0.0%   0.609 GC:2    GU:1    +
  131   136  0   0.0%   0.023 CG:1    UG:2    +
   24   101  0   0.0%   0.065 GC:1    GU:2    +
    5   137  0   0.0%   0.078 CG:1    UG:2    +
   66    73  0   0.9%   0.212 GC:3    +
   29    43  0   0.9%   0.173 UG:3    +
   41    51  1   1.4%   0.901 UA:2    +
  123   145  0   0.9%   0.299 AU:3    +
   67    72  0   0.8%   0.194 AU:3    +
   28    52  0   0.8%   0.250 AU:3    +
   28    47  0   0.8%   0.176 AU:3    +
   40    66  0   0.8%   0.440 CG:3    +
   33    73  0   0.7%   0.938 GC:3    +
   27    48  0   0.7%   0.129 UA:3    +
   34    72  0   0.7%   0.696 AU:3    +
   36    46  0   0.7%   0.298 AU:3    +
   42    62  0   0.7%   0.565 AU:3    +
   43    61  0   0.7%   0.618 GC:3    +
   26   109  0   0.7%   0.366 UG:3    +
   36    70  0   0.7%   0.240 AU:3    +
   25    30  0   0.7%   0.100 CG:3    +
   85    94  0   0.7%   0.131 GC:3    +
   24    31  0   0.6%   0.110 GU:3    +
   86    93  0   0.6%   0.151 UA:3    +
   99   115  0   0.6%   0.506 GC:3    +
   28   112  0   0.6%   0.626 AU:3    +
   90   112  0   0.6%   0.194 AU:3    +
   22   114  0   0.5%   0.142 CG:3    +
   21   115  0   0.5%   0.127 GC:3    +
   28    44  1   1.0%   0.163 AU:2    +
  115   156  0   0.5%   0.399 CG:3    +
   40    56  0   0.5%   0.544 CG:3    +
   87    92  0   0.5%   0.180 UA:3    +
   78   103  0   0.5%   0.542 GC:3    +
   77   104  0   0.5%   0.543 AU:3    +
   29    54  0   0.5%   0.441 UA:3    +
   73    78  0   0.5%   0.457 CG:3    +
   20   116  0   0.5%   0.136 GU:3    +
   22    33  0   0.5%   0.105 CG:3    +
   27    51  0   0.5%   0.143 UA:3    +
   99   103  0   0.5%   0.405 GC:3    +
   28   110  0   0.4%   0.571 AU:3    +
   29   109  0   0.4%   0.386 UG:3    +
   49   127  0   0.4%   0.812 CG:3    +
   51   125  0   0.4%   0.569 AU:3    +
   52   124  0   0.4%   0.504 UA:3    +
   40   137  0   0.4%   0.441 CG:3    +
   48   128  0   0.4%   0.761 AU:3    +
   53   123  0   0.4%   0.837 UA:3    +
   52    90  0   0.4%   0.457 UA:3    +
  103   109  0   0.4%   0.445 CG:3    +
   54   122  0   0.4%   0.742 AU:3    +
  112   159  0   0.4%   0.559 UA:3    +
   47   129  0   0.4%   0.740 UG:3    +
   37   140  0   0.4%   0.459 AU:3    +
   54    88  0   0.4%   0.667 AU:3    +
  102   112  0   0.4%   0.557 AU:3    +
   30    40  0   0.3%   0.130 GC:3    +
   42   135  0   0.3%   0.570 AU:3    +
  104   108  0   0.3%   0.450 UG:3    +
   31    37  0   0.3%   0.097 UA:3    +
    3   133  0   0.3%   0.241 GC:3    +
    4   132  0   0.3%   0.229 GC:3    +
  153   159  0   0.3%   0.643 UA:3    +
   69    75  1   0.8%   0.183 UA:2    +
   30    53  0   0.3%   0.972 GU:3    +
  102   110  0   0.3%   0.379 AU:3    +
   33   103  0   0.3%   1.169 GC:3    +
   55   121  0   0.3%   0.750 AU:3    +
   82    99  0   0.3%   0.215 UG:3    +
    6    20  0   0.3%   0.100 CG:3    +
    4    22  0   0.3%   0.198 GC:3    +
   43    52  0   0.3%   0.894 GU:3    +
  121   144  0   0.3%   0.123 UA:3    +
  140   154  0   0.3%   0.112 UA:3    +
    7   130  0   0.3%   0.067 AU:3    +
    3    23  0   0.3%   0.209 GU:3    +
   42    53  0   0.3%   0.732 AU:3    +
   39    67  1   0.8%   0.491 UA:2    +
   37    69  1   0.8%   0.360 AU:2    +
  135   159  0   0.2%   0.251 UA:3    +
  118   147  1   0.7%   0.180 CG:2    +
  141   153  0   0.2%   0.097 AU:3    +
   27    55  0   0.2%   0.544 UA:3    +
   29    36  0   0.2%   0.062 UA:3    +
   83    98  0   0.2%   0.201 AU:3    +
    7    19  0   0.2%   0.043 AU:3    +
   92   110  0   0.2%   0.136 AU:3    +
   19    36  0   0.2%   0.055 UA:3    +
   14   124  0   0.2%   0.132 UA:3    +
   99   104  0   0.2%   0.281 GU:3    +
  152   160  0   0.2%   0.163 UA:3    +
   13   125  0   0.2%   0.106 AU:3    +
   43   133  0   0.2%   0.627 GC:3    +
   55    87  0   0.2%   0.679 AU:3    +
  145   154  0   0.2%   0.381 UA:3    +
  105   109  0   0.2%   0.458 CG:3    +
  116   154  0   0.2%   0.102 UA:3    +
   32    74  1   0.7%   0.967 AU:2    +
  114   118  0   0.2%   0.200 GC:3    +
   25   109  0   0.2%   0.223 CG:3    +
   56    88  0   0.2%   0.683 GU:3    +
  117   153  0   0.2%   0.153 GU:3    +
    2   134  1   0.2%   0.135 UG:1    AU:1    +
   26   108  0   0.2%   0.273 UG:3    +
   23   154  0   0.2%   0.129 UA:3    +
  133   137  0   0.2%   0.103 CG:3    +
  102   107  0   0.2%   0.325 AU:3    +
   27   106  0   0.2%   0.374 UA:3    +
   99   110  0   0.2%   0.487 GU:3    +
   37    47  0   0.2%   0.577 AU:3    +
   24   110  0   0.2%   0.095 GU:3    +
   24   153  0   0.2%   0.173 GU:3    +
   19    51  0   0.2%   0.061 UA:3    +
   26    56  0   0.2%   0.382 UG:3    +
   21    49  0   0.2%   0.058 GC:3    +
   18    52  0   0.2%   0.093 AU:3    +
  144   155  0   0.2%   0.198 AU:3    +
   57    87  0   0.2%   0.300 AU:3    +
   43    94  0   0.2%   0.584 GC:3    +
   25    78  0   0.1%   0.209 CG:3    +
   26    77  0   0.1%   0.259 UA:3    +
   15    84  0   0.1%   0.186 CG:3    +
   13    86  0   0.1%   0.085 AU:3    +
   14    85  0   0.1%   0.111 UG:3    +
   16    83  0   0.1%   0.111 UA:3    +
   12    87  0   0.1%   0.096 GU:3    +
   16    54  0   0.1%   0.098 UA:3    +
   24   112  0   0.1%   0.099 GU:3    +
   27    56  0   0.1%   0.491 UG:3    +
   25    43  0   0.1%   0.061 CG:3    +
   53    90  0   0.1%   0.689 UA:3    +
   53    92  0   0.1%   0.674 UA:3    +
   47    57  0   0.1%   0.902 UA:3    +
   49   109  0   0.1%   0.814 CG:3    +
   58    88  0   0.1%   0.299 AU:3    +
   51   107  0   0.1%   0.616 AU:3    +
   26    42  0   0.1%   0.027 UA:3    +
   92   112  0   0.1%   0.488 AU:3    +
   19   117  0   0.1%   0.070 UG:3    +
   46    58  0   0.1%   0.590 UA:3    +
   48   110  0   0.1%   0.723 AU:3    +
   15    20  0   0.1%   0.185 CG:3    +
   52   106  0   0.1%   0.553 UA:3    +
   31   144  0   0.1%   1.048 UA:3    +
   30   145  0   0.1%   0.926 GU:3    +
   84    95  1   0.6%   0.113 GC:2    +
   42    47  0   0.1%   0.681 AU:3    +
   12    22  0   0.1%   0.095 GC:3    +
   14    21  0   0.1%   0.111 UG:3    +
   31    43  0   0.1%   0.451 UG:3    +
   27    42  0   0.1%   0.033 UA:3    +
  132   136  0   0.1%   0.061 CG:3    +
    1    12  0   0.1%   0.019 UG:3    +
   29   108  0   0.1%   0.396 UG:3    +
   43   115  0   0.1%   0.655 GC:3    +
   52    93  0   0.1%   0.441 UA:3    +
   58    86  0   0.1%   0.043 AU:3    +
   42   116  0   0.1%   0.548 AU:3    +
   70    78  0   0.1%   0.816 UG:3    +
  103   108  0   0.1%   0.528 CG:3    +
  155   160  0   0.1%   0.249 UA:3    +
   53    91  0   0.1%   0.664 UA:3    +
   83    97  0   0.1%   0.147 AU:3    +
   41    63  1   0.6%   0.499 UA:2    +
  118   156  0   0.1%   0.320 CG:3    +
   94    99  0   0.1%   0.224 CG:3    +
  152   159  0   0.1%   0.551 UA:3    +
  101   113  1   0.6%   0.571 UA:2    +
   34    46  0   0.1%   0.667 AU:3    +
   29    37  0   0.1%   0.033 UA:3    +
   59    87  0   0.1%   0.107 AU:3    +
   26    54  0   0.1%   0.038 UA:3    +
   27    43  0   0.1%   0.038 UG:3    +
    6   129  0   0.1%   0.080 CG:3    +
    7   128  0   0.1%   0.029 AU:3    +
   52    91  0   0.1%   0.419 UA:3    +
   30    47  0   0.1%   0.261 GU:3    +
   56   118  0   0.1%   0.679 GC:3    +
   48    52  0   0.1%   0.701 AU:3    +
   52    92  0   0.1%   0.419 UA:3    +
   29    55  0   0.1%   0.368 UA:3    +
   29    48  0   0.1%   0.120 UA:3    +
    4    94  0   0.0%   0.179 GC:3    +
    1   159  0   0.0%   0.097 UA:3    +
   90    97  0   0.0%   0.173 AU:3    +
   27   109  0   0.0%   0.517 UG:3    +
   55    97  0   0.0%   0.766 AU:3    +
   54    98  0   0.0%   0.752 AU:3    +
   56   103  0   0.0%   0.772 GC:3    +
   29    42  0   0.0%   0.046 UA:3    +
   13   152  0   0.0%   0.096 AU:3    +
   52    64  0   0.0%   0.386 UA:3    +
  114   121  0   0.0%   0.212 GU:3    +
   53    63  0   0.0%   0.641 UA:3    +
   47    56  0   0.0%   1.146 UG:3    +
   51    65  0   0.0%   0.487 AU:3    +
   12   153  0   0.0%   0.114 GU:3    +
   55   104  0   0.0%   0.680 AU:3    +
   53    99  0   0.0%   0.795 UG:3    +
   22    78  0   0.0%   0.060 CG:3    +
   93   121  0   0.0%   0.205 AU:3    +
   91    98  0   0.0%   0.183 AU:3    +
   28    46  0   0.0%   0.068 AU:3    +
   43    73  0   0.0%   0.593 GC:3    +
   23    77  0   0.0%   0.064 UA:3    +
   26    43  0   0.0%   0.031 UG:3    +
   92    97  0   0.0%   0.178 AU:3    +
   15    56  0   0.0%   0.164 CG:3    +
   47    55  0   0.0%   1.185 UA:3    +
   56    61  0   0.0%   0.651 GC:3    +
   16   124  0   0.0%   0.228 UA:3    +
   92   122  0   0.0%   0.271 AU:3    +
    5   147  1   0.0%   0.091 CG:1    UG:1    +
   90    98  0   0.0%   0.207 AU:3    +
   91    97  0   0.0%   0.147 AU:3    +
  117   145  0   0.0%   0.064 GU:3    +
   72    78  0   0.0%   0.386 UG:3    +
   56    86  0   0.0%   0.627 GU:3    +
   30   107  0   0.0%   1.016 GU:3    +
   29    34  0   0.0%   0.009 UA:3    +
   26    57  0   0.0%   0.234 UA:3    +
   31   106  0   0.0%   1.145 UA:3    +
   55    88  0   0.0%   0.683 AU:3    +
   54    62  0   0.0%   0.633 AU:3    +
   46    56  0   0.0%   1.064 UG:3    +
   46    57  0   0.0%   0.805 UA:3    +
   43    60  0   0.0%   0.517 GC:3    +
   60   109  0   0.0%   0.099 CG:3    +
   61   108  0   0.0%   0.187 CG:3    +
   59   110  0   0.0%   0.071 AU:3    +
  112   123  0   0.0%   0.464 UA:3    +
   79   102  1   0.5%   0.933 UA:2    +
   12    40  0   0.0%   0.071 GC:3    +
   46    54  0   0.0%   0.541 UA:3    +
   91   110  0   0.0%   0.073 AU:3    +
   47    58  0   0.0%   0.665 UA:3    +
   27    57  0   0.0%   0.338 UA:3    +
    4    49  0   0.0%   0.171 GC:3    +
   72    77  0   0.0%   0.523 UA:3    +
   37    52  0   0.0%   0.604 AU:3    +
  107   154  0   0.0%   0.156 UA:3    +
  106   155  0   0.0%   0.432 AU:3    +
  152   156  0   0.0%   0.633 UG:3    +
   36    97  0   0.0%   0.177 AU:3    +
   22    99  0   0.0%   0.059 CG:3    +
  108   153  0   0.0%   0.382 GU:3    +
   27    36  0   0.0%   0.023 UA:3    +
  131   139  1   0.0%   0.050 UG:1    UA:1    +
   26    48  0   0.0%   0.023 UA:3    +
  105   156  0   0.0%   0.420 CG:3    +
  109   118  0   0.0%   0.262 GC:3    +
   30   112  0   0.0%   0.946 GU:3    +
   46    59  0   0.0%   0.580 UA:3    +
   46    51  0   0.0%   0.733 UA:3    +
  110   117  0   0.0%   0.216 UG:3    +
   43    53  0   0.0%   0.771 GU:3    +
   16    55  0   0.0%   0.086 UA:3    +
   55    62  0   0.0%   0.673 AU:3    +
   57   112  0   0.0%   0.472 AU:3    +
  153   160  0   0.0%   0.202 UA:3    +
   36    53  0   0.0%   0.381 AU:3    +
   14    57  0   0.0%   0.086 UA:3    +
   18   152  0   0.0%   0.137 AU:3    +
   16   154  0   0.0%   0.218 UA:3    +
   27    33  0   0.0%   0.034 UG:3    +
  109   152  0   0.0%   0.235 GU:3    +
   12   152  0   0.0%   0.099 GU:3    +
   19   102  0   0.0%   0.050 UA:3    +
  145   160  0   0.0%   0.693 UA:3    +
   46    90  0   0.0%   0.588 UA:3    +
   56    87  0   0.0%   0.639 GU:3    +
   84    97  0   0.0%   0.174 GU:3    +
  144   152  0   0.0%   0.095 AU:3    +
   92    98  0   0.0%   0.208 AU:3    +
   46    91  0   0.0%   0.584 UA:3    +
   99   118  0   0.0%   0.401 GC:3    +
   64    82  0   0.0%   0.059 AU:3    +
   43   103  0   0.0%   0.698 GC:3    +
   42    97  0   0.0%   0.609 AU:3    +
   47    90  0   0.0%   0.667 UA:3    +
   25    33  0   0.0%   0.064 CG:3    +
  103   114  0   0.0%   0.344 CG:3    +
   31   108  0   0.0%   1.154 UG:3    +
   33    47  0   0.0%   0.680 GU:3    +
   34    98  0   0.0%   0.628 AU:3    +
   12   125  0   0.0%   0.081 GU:3    +
   65   106  0   0.0%   0.300 UA:3    +
   66   105  0   0.0%   0.557 GC:3    +
   26    34  0   0.0%   0.006 UA:3    +
   23    48  0   0.0%   0.058 UA:3    +
   99   107  0   0.0%   0.443 GU:3    +
    1   154  0   0.0%   0.087 UA:3    +
   93    97  0   0.0%   0.187 AU:3    +
  109   115  0   0.0%   0.335 GC:3    +
   28   104  0   0.0%   0.381 AU:3    +
   28    50  1   0.5%   0.192 AU:2    +
   67   104  0   0.0%   0.117 AU:3    +
   31    36  0   0.0%   0.066 UA:3    +
   26    37  0   0.0%   0.008 UA:3    +
   65    78  0   0.0%   0.024 UG:3    +
   48    88  0   0.0%   0.678 AU:3    +
   42   104  0   0.0%   0.521 AU:3    +
   26    90  0   0.0%   0.241 UA:3    +
  106   121  0   0.0%   0.417 AU:3    +
  108   116  0   0.0%   0.387 GU:3    +
   64   107  0   0.0%   0.158 AU:3    +
   88    93  0   0.0%   0.280 UA:3    +
   25   156  0   0.0%   0.444 CG:3    +
  110   114  0   0.0%   0.291 UG:3    +
   19    37  0   0.0%   0.031 UA:3    +
   33   105  0   0.0%   1.095 GC:3    +
  155   159  0   0.0%   0.660 UA:3    +
   66    82  0   0.0%   0.505 GU:3    +
   29    77  0   0.0%   0.166 UA:3    +
  145   156  0   0.0%   0.539 UG:3    +
   29    56  0   0.0%   0.308 UG:3    +
   56   115  0   0.0%   0.715 GC:3    +
    4   115  0   0.0%   0.174 GC:3    +
  144   153  0   0.0%   0.135 AU:3    +
   34   104  0   0.0%   0.647 AU:3    +
  123   153  0   0.0%   0.231 AU:3    +
   28    88  0   0.0%   0.388 AU:3    +
   40    99  0   0.0%   0.505 CG:3    +
  117   152  0   0.0%   0.102 GU:3    +
   24   118  0   0.0%   0.156 GC:3    +
   94   108  0   0.0%   0.195 CG:3    +
   23    57  0   0.0%   0.058 UA:3    +
    3   116  0   0.0%   0.186 GU:3    +
  113   158  1   0.5%   0.605 AU:2    +
    1   156  0   0.0%   0.087 UG:3    +
   27    34  0   0.0%   0.006 UA:3    +
   97   117  0   0.0%   0.271 UG:3    +
   26    30  0   0.0%   0.036 UG:3    +
   25   117  0   0.0%   0.295 CG:3    +
  114   152  0   0.0%   0.162 GU:3    +
   56    94  0   0.0%   0.642 GC:3    +
   33   115  0   0.0%   1.096 GC:3    +
   30   118  0   0.0%   0.937 GC:3    +
   31   117  0   0.0%   1.067 UG:3    +
    7    46  0   0.0%   0.017 AU:3    +
   24    47  0   0.0%   0.055 GU:3    +
   43    47  0   0.0%   0.695 GU:3    +
   18   122  0   0.0%   0.184 AU:3    +
  122   154  0   0.0%   0.199 UA:3    +
   55   116  0   0.0%   0.691 AU:3    +
  112   154  0   0.0%   0.349 UA:3    +
   30    46  0   0.0%   0.215 GU:3    +
   28   153  0   0.0%   0.589 AU:3    +
   97   102  0   0.0%   0.300 UA:3    +
   27   154  0   0.0%   0.510 UA:3    +
   24   116  0   0.0%   0.154 GU:3    +
   16    42  0   0.0%   0.074 UA:3    +
   23    36  0   0.0%   0.068 UA:3    +
   15    43  0   0.0%   0.159 CG:3    +
   88    99  0   0.0%   0.384 UG:3    +
   85   115  0   0.0%   0.132 GC:3    +
   65    77  0   0.0%   0.022 UA:3    +
    1    13  0   0.0%   0.008 UA:3    +
   46    92  0   0.0%   0.581 UA:3    +
   47    91  0   0.0%   0.660 UA:3    +
   86   114  0   0.0%   0.158 UG:3    +
    7   153  0   0.0%   0.038 AU:3    +
   30   110  0   0.0%   0.938 GU:3    +
   88    92  0   0.0%   0.267 UA:3    +
  135   144  0   0.0%   0.092 UA:3    +
   57    86  0   0.0%   0.260 AU:3    +
   47    51  0   0.0%   0.805 UA:3    +
  124   152  0   0.0%   0.275 AU:3    +
   40   117  0   0.0%   0.415 CG:3    +
   84   116  0   0.0%   0.091 GU:3    +
   56   105  0   0.0%   0.707 GC:3    +
  126   145  0   0.0%   0.339 AU:3    +
   53    93  0   0.0%   0.674 UA:3    +
  124   155  0   0.0%   0.335 AU:3    +
   12   115  0   0.0%   0.079 GC:3    +
   90   104  0   0.0%   0.102 AU:3    +
   27    37  0   0.0%   0.008 UA:3    +
   56    60  0   0.0%   0.611 GC:3    +
   27    90  0   0.0%   0.343 UA:3    +
   26    51  0   0.0%   0.029 UA:3    +
   26    33  0   0.0%   0.032 UG:3    +
   13   155  0   0.0%   0.160 AU:3    +
   26    58  0   0.0%   0.229 UA:3    +
  125   154  0   0.0%   0.118 UA:3    +
   14   154  0   0.0%   0.113 UA:3    +
  122   144  0   0.0%   0.110 UA:3    +
   73   108  0   0.0%   0.249 CG:3    +
   87    93  0   0.0%   0.164 UA:3    +
   57   104  0   0.0%   0.450 AU:3    +
   24   155  0   0.0%   0.211 GU:3    +
   43   132  0   0.0%   0.592 GC:3    +
   70   108  0   0.0%   0.660 UG:3    +
   93    98  0   0.0%   0.217 AU:3    +
   37    98  0   0.0%   0.523 AU:3    +
    4   118  0   0.0%   0.174 GC:3    +
   27   113  1   0.5%   0.809 UA:2    +
   72   106  0   0.0%   0.219 UA:3    +
   43   118  0   0.0%   0.603 GC:3    +
   98   102  0   0.0%   0.330 UA:3    +
    5     9  1   0.0%   0.006 UG:1    UA:1    +
   16   159  0   0.0%   0.326 UA:3    +
   52    56  0   0.0%   0.981 UG:3    +
   54   104  0   0.0%   0.638 AU:3    +
   26   114  0   0.0%   0.610 UG:3    +
  126   153  0   0.0%   0.089 AU:3    +
   97   108  0   0.0%   0.532 UG:3    +
    7   152  0   0.0%   0.037 AU:3    +
   34   110  0   0.0%   0.664 AU:3    +
   42    52  0   0.0%   0.797 AU:3    +
   90   116  0   0.0%   0.123 AU:3    +
   37    53  0   0.0%   0.493 AU:3    +
   53    57  0   0.0%   0.848 UA:3    +
   10   134  1   0.0%   0.058 CG:1    AU:1    +
    6   137  0   0.0%   0.073 CG:3    +
   72   109  0   0.0%   0.178 UG:3    +
   12   132  0   0.0%   0.099 GC:3    +
  121   156  0   0.0%   0.389 UG:3    +
   29    90  0   0.0%   0.155 UA:3    +
  110   156  0   0.0%   0.357 UG:3    +
  107   159  0   0.0%   0.301 UA:3    +
   19   154  0   0.0%   0.103 UA:3    +
   15   156  0   0.0%   0.303 CG:3    +
   25   108  0   0.0%   0.188 CG:3    +
   24   152  0   0.0%   0.135 GU:3    +
  121   154  0   0.0%   0.197 UA:3    +
   34   121  0   0.0%   0.671 AU:3    +
   31    54  0   0.0%   1.127 UA:3    +
   18   155  0   0.0%   0.202 AU:3    +
   22    43  0   0.0%   0.053 CG:3    +
   88   114  0   0.0%   0.321 UG:3    +
   65    83  0   0.0%   0.191 UA:3    +
    3   132  0   0.0%   0.186 GC:3    +
   16   126  0   0.0%   0.210 UA:3    +
   12   118  0   0.0%   0.079 GC:3    +
   15   127  0   0.0%   0.189 CG:3    +
   23    42  0   0.0%   0.054 UA:3    +
   20   118  0   0.0%   0.082 GC:3    +
   33   122  0   0.0%   1.082 GU:3    +
   52    57  0   0.0%   0.621 UA:3    +
  106   112  0   0.0%   0.670 AU:3    +
   33    52  0   0.0%   1.180 GU:3    +
    6    33  0   0.0%   0.068 CG:3    +
    7    31  0   0.0%   0.015 AU:3    +
   42    46  0   0.0%   0.595 AU:3    +
   20   153  0   0.0%   0.134 GU:3    +
    7    14  0   0.0%   0.075 AU:3    +
    1   124  0   0.0%   0.076 UA:3    +
   87    91  0   0.0%   0.097 UA:3    +
   23    58  0   0.0%   0.056 UA:3    +
  140   159  0   0.0%   0.249 UA:3    +
   88   106  0   0.0%   0.352 UA:3    +
   85   118  0   0.0%   0.089 GC:3    +
   86   117  0   0.0%   0.110 UG:3    +
   90   110  0   0.0%   0.095 AU:3    +
   40   114  0   0.0%   0.459 CG:3    +
   37   121  0   0.0%   0.439 AU:3    +
   14   123  0   0.0%   0.093 UA:3    +
   53    58  0   0.0%   0.614 UA:3    +
   53   106  0   0.0%   0.781 UA:3    +
    7   121  0   0.0%   0.017 AU:3    +
   73    99  0   0.0%   0.248 CG:3    +
   66   112  0   0.0%   0.526 GU:3    +
   47    99  0   0.0%   0.787 UG:3    +
   31   109  0   0.0%   1.100 UG:3    +
   48    98  0   0.0%   0.794 AU:3    +
  116   123  0   0.0%   0.178 UA:3    +
   29    57  0   0.0%   0.158 UA:3    +
   51    88  0   0.0%   0.492 AU:3    +
   34    52  0   0.0%   0.940 AU:3    +
   42   112  0   0.0%   0.542 AU:3    +
   36   122  0   0.0%   0.359 AU:3    +
   99   112  0   0.0%   0.629 GU:3    +
  114   153  0   0.0%   0.180 GU:3    +
   52    58  0   0.0%   0.387 UA:3    +
    6   117  0   0.0%   0.069 CG:3    +
   33    53  0   0.0%   1.069 GU:3    +
  117   122  0   0.0%   0.135 GU:3    +
   15   129  0   0.0%   0.189 CG:3    +
   19   144  0   0.0%   0.097 UA:3    +
    3   153  0   0.0%   0.208 GU:3    +
   77    97  0   0.0%   0.546 AU:3    +
   19   160  0   0.0%   0.226 UA:3    +
   16   160  0   0.0%   0.290 UA:3    +
    7   116  0   0.0%   0.017 AU:3    +
   47    92  0   0.0%   0.657 UA:3    +
  122   159  0   0.0%   0.353 UA:3    +
   48    97  0   0.0%   0.776 AU:3    +
   89   100  1   0.0%   0.212 GC:1    GU:1    +
    6    99  0   0.0%   0.068 CG:3    +
  108   115  0   0.0%   0.460 GC:3    +
  123   152  0   0.0%   0.205 AU:3    +
   21    40  0   0.0%   0.028 GC:3    +
   20   105  0   0.0%   0.053 GC:3    +
   70   102  0   0.0%   0.663 UA:3    +
   19   106  0   0.0%   0.047 UA:3    +
   93   112  0   0.0%   0.434 AU:3    +
   46    93  0   0.0%   0.593 UA:3    +
   36    88  0   0.0%   0.183 AU:3    +
    3    14  0   0.0%   0.018 GU:3    +
  117   155  0   0.0%   0.177 GU:3    +
   87   114  0   0.0%   0.202 UG:3    +
   73   109  0   0.0%   0.197 CG:3    +
   94   117  0   0.0%   0.169 CG:3    +
    7    98  0   0.0%   0.016 AU:3    +
    3   140  0   0.0%   0.204 GU:3    +
  107   117  0   0.0%   0.181 UG:3    +
   49    66  0   0.0%   0.753 CG:3    +
   23   114  0   0.0%   0.121 UG:3    +
   42    88  0   0.0%   0.508 AU:3    +
  104   109  0   0.0%   0.291 UG:3    +
   18   107  0   0.0%   0.083 AU:3    +
   42    98  0   0.0%   0.626 AU:3    +
   26   106  0   0.0%   0.239 UA:3    +
   30    94  0   0.0%   0.719 GC:3    +
   14   126  0   0.0%   0.106 UA:3    +
  141   152  0   0.0%   0.028 AU:3    +
    1    90  0   0.0%   0.076 UA:3    +
   86    92  0   0.0%   0.047 UA:3    +
   19   123  0   0.0%   0.211 UA:3    +
   19    42  0   0.0%   0.030 UA:3    +
   18   145  0   0.0%   0.126 AU:3    +
  124   153  0   0.0%   0.299 AU:3    +
   66    70  0   0.0%   0.075 GU:3    +
    4   133  0   0.0%   0.210 GC:3    +
  123   155  0   0.0%   0.265 AU:3    +
   22   109  0   0.0%   0.056 CG:3    +
   34    97  0   0.0%   0.625 AU:3    +
   26    91  0   0.0%   0.239 UA:3    +
   21   110  0   0.0%   0.040 GU:3    +
    6   114  0   0.0%   0.069 CG:3    +
   37   107  0   0.0%   0.508 AU:3    +
   23   108  0   0.0%   0.065 UG:3    +
   16    37  0   0.0%   0.073 UA:3    +
   98   117  0   0.0%   0.337 UG:3    +
   12    49  0   0.0%   0.070 GC:3    +
   20    40  0   0.0%   0.040 GC:3    +
   94   114  0   0.0%   0.217 CG:3    +
    1   144  0   0.0%   0.076 UA:3    +
   15    21  0   0.0%   0.178 CG:3    +
   28   152  0   0.0%   0.570 AU:3    +
   48    70  0   0.0%   0.700 AU:3    +
   27    91  0   0.0%   0.341 UA:3    +
   43    97  0   0.0%   0.671 GU:3    +
   31    93  0   0.0%   0.889 UA:3    +
   12   122  0   0.0%   0.078 GU:3    +
   31    83  0   0.0%   0.895 UA:3    +
   36   145  0   0.0%   0.308 AU:3    +
   53   102  0   0.0%   0.796 UA:3    +
   13   121  0   0.0%   0.067 AU:3    +
   42    65  0   0.0%   0.495 AU:3    +
   15   108  0   0.0%   0.168 CG:3    +
   64    72  0   0.0%   0.041 AU:3    +
   16    20  0   0.0%   0.096 UG:3    +
   14   109  0   0.0%   0.092 UG:3    +
   13   110  0   0.0%   0.067 AU:3    +
  141   155  0   0.0%   0.117 AU:3    +
  140   156  0   0.0%   0.271 UG:3    +
   14    37  0   0.0%   0.081 UA:3    +
   23   117  0   0.0%   0.130 UG:3    +
   83   116  0   0.0%   0.075 AU:3    +
   84   115  0   0.0%   0.132 GC:3    +
    4   103  0   0.0%   0.172 GC:3    +
   13   130  0   0.0%   0.095 AU:3    +
    1    91  0   0.0%   0.076 UA:3    +
   40   136  0   0.0%   0.374 CG:3    +
   12    16  0   0.0%   0.131 GU:3    +
   16    36  0   0.0%   0.072 UA:3    +
  125   159  0   0.0%   0.271 UA:3    +
   49    99  0   0.0%   0.850 CG:3    +
   29    85  0   0.0%   0.162 UG:3    +
   21   152  0   0.0%   0.107 GU:3    +
   20   122  0   0.0%   0.175 GU:3    +
   14   129  0   0.0%   0.126 UG:3    +
  127   152  0   0.0%   0.070 GU:3    +
    6   108  0   0.0%   0.068 CG:3    +
   66    72  0   0.0%   0.076 GU:3    +
  116   126  0   0.0%   0.062 UA:3    +
  115   127  0   0.0%   0.160 CG:3    +
  118   127  0   0.0%   0.093 CG:3    +
   59    88  0   0.0%   0.244 AU:3    +
  109   132  0   0.0%   0.241 GC:3    +
  108   133  0   0.0%   0.380 GC:3    +
   30   104  0   0.0%   0.830 GU:3    +
  105   136  0   0.0%   0.250 CG:3    +
   14    18  0   0.0%   0.137 UA:3    +
  106   135  0   0.0%   0.372 AU:3    +
  114   128  0   0.0%   0.184 GU:3    +
   28    86  0   0.0%   0.386 AU:3    +
    4   152  0   0.0%   0.195 GU:3    +
   29    33  0   0.0%   0.031 UG:3    +
  106   110  0   0.0%   0.514 AU:3    +
   24    97  0   0.0%   0.063 GU:3    +
   91   122  0   0.0%   0.338 AU:3    +
   46    99  0   0.0%   0.711 UG:3    +
   92   121  0   0.0%   0.243 AU:3    +
   73    84  0   0.0%   0.129 CG:3    +
  117   125  0   0.0%   0.086 GU:3    +
   13   153  0   0.0%   0.100 AU:3    +
  117   128  0   0.0%   0.092 GU:3    +
  104   137  0   0.0%   0.109 UG:3    +
   36   112  0   0.0%   0.340 AU:3    +
    7   107  0   0.0%   0.016 AU:3    +
   40   108  0   0.0%   0.500 CG:3    +
   37    87  0   0.0%   0.298 AU:3    +
   20    82  0   0.0%   0.060 GU:3    +
   56   121  0   0.0%   0.700 GU:3    +
   13    19  0   0.0%   0.070 AU:3    +
   24    49  0   0.0%   0.066 GC:3    +
   29    78  0   0.0%   0.165 UG:3    +
   21   104  0   0.0%   0.040 GU:3    +
  122   156  0   0.0%   0.390 UG:3    +
   68    81  1   0.0%   0.424 GU:1    AU:1    +
    1   123  0   0.0%   0.076 UA:3    +
  108   112  0   0.0%   0.665 GU:3    +
  104   123  0   0.0%   0.222 UA:3    +
   63   107  0   0.0%   0.164 AU:3    +
  130   141  0   0.0%   0.035 UA:3    +
   29    91  0   0.0%   0.153 UA:3    +
  135   141  0   0.0%   0.029 UA:3    +
   61    66  0   0.0%   0.078 CG:3    +
   16   156  0   0.0%   0.343 UG:3    +
   27    58  0   0.0%   0.331 UA:3    +
   47    67  0   0.0%   0.688 UA:3    +
   51    98  0   0.0%   0.609 AU:3    +
   78    94  0   0.0%   0.334 GC:3    +
   77    86  0   0.0%   0.464 AU:3    +
  121   160  0   0.0%   0.251 UA:3    +
   61   114  0   0.0%   0.140 CG:3    +
   27    83  0   0.0%   0.348 UA:3    +
   54   112  0   0.0%   0.658 AU:3    +
   36   140  0   0.0%   0.300 AU:3    +
   76    81  1   0.0%   0.283 GC:1    GU:1    +
   21    94  0   0.0%   0.042 GC:3    +
  128   156  0   0.0%   0.274 UG:3    +
   88   102  0   0.0%   0.393 UA:3    +
  134   142  1   0.0%   0.040 GC:1    UA:1    +
  105   117  0   0.0%   0.275 CG:3    +
   24   107  0   0.0%   0.064 GU:3    +
   55   122  0   0.0%   0.754 AU:3    +
   91   116  0   0.0%   0.295 AU:3    +
   28    82  0   0.0%   0.386 AU:3    +
   21    60  0   0.0%   0.036 GC:3    +
    5    11  1   0.0%   0.010 UG:1    UA:1    +
    3   105  0   0.0%   0.184 GC:3    +
   21   103  0   0.0%   0.040 GC:3    +
   20    61  0   0.0%   0.049 GC:3    +
   63   112  0   0.0%   0.086 AU:3    +
  116   159  0   0.0%   0.245 UA:3    +
  106   116  0   0.0%   0.389 AU:3    +
  114   155  0   0.0%   0.226 GU:3    +
   67    82  0   0.0%   0.114 AU:3    +
  129   155  0   0.0%   0.131 GU:3    +
   61   117  0   0.0%   0.092 CG:3    +
    4   110  0   0.0%   0.172 GU:3    +
   18    46  0   0.0%   0.064 AU:3    +
   24    94  0   0.0%   0.067 GC:3    +
   54   121  0   0.0%   0.661 AU:3    +
  136   140  0   0.0%   0.061 GU:3    +
  130   154  0   0.0%   0.059 UA:3    +
   16    48  0   0.0%   0.075 UA:3    +
   31   141  0   0.0%   1.027 UA:3    +
   22    30  0   0.0%   0.023 CG:3    +
   31    55  0   0.0%   1.074 UA:3    +
   26    84  0   0.0%   0.247 UG:3    +
  102   116  0   0.0%   0.256 AU:3    +
   62   106  0   0.0%   0.173 UA:3    +
   21   121  0   0.0%   0.140 GU:3    +
    3   104  0   0.0%   0.184 GU:3    +
    7    88  0   0.0%   0.016 AU:3    +
   30    88  0   0.0%   0.725 GU:3    +
   43    88  0   0.0%   0.561 GU:3    +
    1   136  0   0.0%   0.076 UG:3    +
   82   117  0   0.0%   0.083 UG:3    +
   90   152  0   0.0%   0.095 AU:3    +
    7    47  0   0.0%   0.016 AU:3    +
   15    33  0   0.0%   0.155 CG:3    +
    7    16  0   0.0%   0.071 AU:3    +
   25    99  0   0.0%   0.189 CG:3    +
   14    34  0   0.0%   0.081 UA:3    +
   83    88  0   0.0%   0.241 AU:3    +
   25    85  0   0.0%   0.197 CG:3    +
   37   110  0   0.0%   0.431 AU:3    +
   24    46  0   0.0%   0.054 GU:3    +
   26    36  0   0.0%   0.018 UA:3    +
   52    59  0   0.0%   0.378 UA:3    +
   29   154  0   0.0%   0.311 UA:3    +
   31    90  0   0.0%   0.888 UA:3    +
   78   118  0   0.0%   0.387 GC:3    +
   72    85  0   0.0%   0.109 UG:3    +
   43    87  0   0.0%   0.560 GU:3    +
   77   110  0   0.0%   0.508 AU:3    +
   36    52  0   0.0%   0.488 AU:3    +
   40   109  0   0.0%   0.448 CG:3    +
   28   155  0   0.0%   0.636 AU:3    +
  115   129  0   0.0%   0.160 CG:3    +
   90   121  0   0.0%   0.145 AU:3    +
   54    87  0   0.0%   0.603 AU:3    +
  105   114  0   0.0%   0.352 CG:3    +
   13   122  0   0.0%   0.067 AU:3    +
   24    86  0   0.0%   0.072 GU:3    +
   43    62  0   0.0%   0.583 GU:3    +
  114   130  0   0.0%   0.157 GU:3    +
   26   154  0   0.0%   0.543 UA:3    +
   98   108  0   0.0%   0.599 UG:3    +
    1    92  0   0.0%   0.076 UA:3    +
   21    31  0   0.0%   0.023 GU:3    +
   24    40  0   0.0%   0.047 GC:3    +
   86    99  0   0.0%   0.223 UG:3    +
   63    70  0   0.0%   0.067 AU:3    +
   16   144  0   0.0%   0.210 UA:3    +
    3   145  0   0.0%   0.204 GU:3    +
   90   122  0   0.0%   0.165 AU:3    +
   19    28  0   0.0%   0.015 UA:3    +
   26    92  0   0.0%   0.239 UA:3    +
   28   145  0   0.0%   0.558 AU:3    +
   91   121  0   0.0%   0.317 AU:3    +
    9   100  1   0.0%   0.009 GC:1    AU:1    +
   15   117  0   0.0%   0.169 CG:3    +
   18    29  0   0.0%   0.062 AU:3    +
   49   114  0   0.0%   0.816 CG:3    +
   30   153  0   0.0%   0.940 GU:3    +
   85   103  0   0.0%   0.215 GC:3    +
   33    98  0   0.0%   0.866 GU:3    +
   86   102  0   0.0%   0.233 UA:3    +
   36   107  0   0.0%   0.412 AU:3    +
   88   117  0   0.0%   0.272 UG:3    +
   47    59  0   0.0%   0.654 UA:3    +
   29   144  0   0.0%   0.289 UA:3    +
   20    27  0   0.0%   0.024 GU:3    +
   24   145  0   0.0%   0.125 GU:3    +
    1    24  0   0.0%   0.075 UG:3    +
   83   104  0   0.0%   0.090 AU:3    +
   84   103  0   0.0%   0.217 GC:3    +
   93   116  0   0.0%   0.173 AU:3    +
   27    77  0   0.0%   0.351 UA:3    +
   33    87  0   0.0%   0.875 GU:3    +
   86    90  0   0.0%   0.074 UA:3    +
   51   112  0   0.0%   0.529 AU:3    +
   98   159  0   0.0%   0.455 UA:3    +
   57   116  0   0.0%   0.464 AU:3    +
   33   118  0   0.0%   1.055 GC:3    +
  135   160  0   0.0%   0.125 UA:3    +
  112   160  0   0.0%   0.436 UA:3    +
   84   118  0   0.0%   0.090 GC:3    +
   30   115  0   0.0%   0.975 GC:3    +
   78    86  0   0.0%   0.351 GU:3    +
   56    97  0   0.0%   0.743 GU:3    +
   55   112  0   0.0%   0.694 AU:3    +
   42   107  0   0.0%   0.614 AU:3    +
   27    92  0   0.0%   0.341 UA:3    +
   88   123  0   0.0%   0.365 UA:3    +
   77    87  0   0.0%   0.513 AU:3    +
   88   154  0   0.0%   0.244 UA:3    +
   43   112  0   0.0%   0.605 GU:3    +
   97   114  0   0.0%   0.316 UG:3    +
   62    77  0   0.0%   0.055 UA:3    +
    3    94  0   0.0%   0.180 GC:3    +
  109   153  0   0.0%   0.252 GU:3    +
   29    58  0   0.0%   0.152 UA:3    +
   82    90  0   0.0%   0.065 UA:3    +
   56   116  0   0.0%   0.672 GU:3    +
    1     7  0   0.0%   0.000 UA:3    +
   15   114  0   0.0%   0.169 CG:3    +
   84   104  0   0.0%   0.105 GU:3    +
  141   145  0   0.0%   0.303 AU:3    +
    1   137  0   0.0%   0.076 UG:3    +
   84    94  0   0.0%   0.032 GC:3    +
    3   155  0   0.0%   0.208 GU:3    +
   34    82  0   0.0%   0.634 AU:3    +
   19    83  0   0.0%   0.055 UA:3    +
   61    78  0   0.0%   0.054 CG:3    +
  125   160  0   0.0%   0.170 UA:3    +
   46   129  0   0.0%   0.598 UG:3    +
    6    24  0   0.0%   0.072 CG:3    +
   55    98  0   0.0%   0.782 AU:3    +
   36   116  0   0.0%   0.330 AU:3    +
   18   104  0   0.0%   0.082 AU:3    +
   59   116  0   0.0%   0.060 AU:3    +
   30    73  0   0.0%   0.714 GC:3    +
   12    46  0   0.0%   0.068 GU:3    +
   42    70  0   0.0%   0.528 AU:3    +
   92   116  0   0.0%   0.221 AU:3    +
  112   117  0   0.0%   0.368 UG:3    +
   13    46  0   0.0%   0.058 AU:3    +
   23    51  0   0.0%   0.066 UA:3    +
    4   155  0   0.0%   0.195 GU:3    +
    7    23  0   0.0%   0.030 AU:3    +
   34    86  0   0.0%   0.634 AU:3    +
   14   117  0   0.0%   0.093 UG:3    +
   13    47  0   0.0%   0.057 AU:3    +
   33   145  0   0.0%   1.038 GU:3    +
   33   112  0   0.0%   1.063 GU:3    +
   57    98  0   0.0%   0.557 AU:3    +
   56    73  0   0.0%   0.650 GC:3    +
   19    34  0   0.0%   0.015 UA:3    +
   12   103  0   0.0%   0.077 GC:3    +
   31   114  0   0.0%   1.111 UG:3    +
   56    98  0   0.0%   0.761 GU:3    +
  128   144  0   0.0%   0.122 UA:3    +
   12   155  0   0.0%   0.170 GU:3    +
   42    82  0   0.0%   0.507 AU:3    +
   14   156  0   0.0%   0.241 UG:3    +
   57    72  0   0.0%   0.283 AU:3    +
   40    84  0   0.0%   0.379 CG:3    +
   37   152  0   0.0%   0.426 AU:3    +
   12    47  0   0.0%   0.068 GU:3    +
  127   145  0   0.0%   0.345 GU:3    +
   42   153  0   0.0%   0.558 AU:3    +
   12    97  0   0.0%   0.077 GU:3    +
    7   145  0   0.0%   0.036 AU:3    +
   21    82  0   0.0%   0.047 GU:3    +
   47   102  0   0.0%   0.795 UA:3    +
  110   160  0   0.0%   0.245 UA:3    +
   51    97  0   0.0%   0.590 AU:3    +
   20   115  0   0.0%   0.054 GC:3    +
   23    55  0   0.0%   0.056 UA:3    +
   86    91  0   0.0%   0.047 UA:3    +
   23   102  0   0.0%   0.066 UA:3    +
   29    92  0   0.0%   0.153 UA:3    +
   60   117  0   0.0%   0.057 CG:3    +
   56   112  0   0.0%   0.675 GU:3    +
   23    34  0   0.0%   0.053 UA:3    +
   34   140  0   0.0%   0.628 AU:3    +
   23   159  0   0.0%   0.265 UA:3    +
   97   160  0   0.0%   0.302 UA:3    +
   58   116  0   0.0%   0.108 AU:3    +
   14   159  0   0.0%   0.222 UA:3    +
   43   152  0   0.0%   0.603 GU:3    +
   18    97  0   0.0%   0.082 AU:3    +
   64    70  0   0.0%   0.039 AU:3    +
   57    97  0   0.0%   0.539 AU:3    +
    3   152  0   0.0%   0.208 GU:3    +
   31    56  0   0.0%   1.016 UG:3    +
   14   127  0   0.0%   0.125 UG:3    +
   21    26  0   0.0%   0.023 GU:3    +
   82   102  0   0.0%   0.208 UA:3    +
   36   155  0   0.0%   0.375 AU:3    +
   40   156  0   0.0%   0.583 CG:3    +
   56   104  0   0.0%   0.657 GU:3    +
   53    64  0   0.0%   0.609 UA:3    +
   36   153  0   0.0%   0.328 AU:3    +
  104   159  0   0.0%   0.249 UA:3    +
   14    56  0   0.0%   0.081 UG:3    +
   16   117  0   0.0%   0.093 UG:3    +
   13   128  0   0.0%   0.100 AU:3    +
   31    99  0   0.0%   0.888 UG:3    +
    1    55  0   0.0%   0.075 UA:3    +
  127   133  0   0.0%   0.074 GC:3    +
    6   136  0   0.0%   0.072 CG:3    +
   31   159  0   0.0%   1.198 UA:3    +
   47   154  0   0.0%   0.692 UA:3    +
   54   107  0   0.0%   0.738 AU:3    +
   23    90  0   0.0%   0.065 UA:3    +
   90   153  0   0.0%   0.113 AU:3    +
   53   108  0   0.0%   0.790 UG:3    +
   14   160  0   0.0%   0.187 UA:3    +
   19   156  0   0.0%   0.230 UG:3    +
   16   108  0   0.0%   0.092 UG:3    +
   48   112  0   0.0%   0.714 AU:3    +
    3   122  0   0.0%   0.185 GU:3    +
   48   153  0   0.0%   0.723 AU:3    +
   18    47  0   0.0%   0.063 AU:3    +
   42    87  0   0.0%   0.507 AU:3    +
   31    78  0   0.0%   0.898 UG:3    +
    3   118  0   0.0%   0.185 GC:3    +
   76   105  1   0.5%   0.365 GC:2    +
   23   113  1   0.5%   0.143 UA:2    +
   31    75  1   0.5%   0.937 UA:2    +
   80   101  1   0.4%   0.400 AU:2    +
   91   111  1   0.4%   0.120 AU:2    +
   50   126  1   0.4%   0.639 UA:2    +
   39   138  1   0.4%   0.492 UG:2    +
   41   136  1   0.4%   0.515 UG:2    +
   41    55  1   0.4%   0.669 UA:2    +
  149   159  1   0.3%   0.595 UA:2    +
   95   109  1   0.3%   0.334 CG:2    +
   28   111  1   0.3%   0.562 AU:2    +
   30    35  1   0.3%   0.099 GC:2    +
   10   127  1   0.3%   0.081 CG:2    +
   20    35  1   0.2%   0.067 GC:2    +
  154   158  1   0.2%   0.722 AU:2    +
  146   153  1   0.2%   0.231 AU:2    +
   39    57  1   0.2%   0.415 UA:2    +
  149   154  1   0.2%   0.134 UA:2    +
   44    51  1   0.2%   1.056 UA:2    +
   30    45  1   0.2%   0.235 GC:2    +
    3    10  1   0.2%   0.040 GC:2    +
   72    76  1   0.2%   0.310 UG:2    +
   41    54  1   0.2%   0.679 UA:2    +
   11   149  1   0.2%   0.062 AU:2    +
   17    53  1   0.2%   0.116 AU:2    +
    2    11  1   0.1%   0.034 UA:2    +
   43   134  1   0.1%   0.627 GU:2    +
   17    82  1   0.1%   0.124 AU:2    +
   18    81  1   0.1%   0.100 AU:2    +
   10    89  1   0.1%   0.047 CG:2    +
   27    76  1   0.1%   0.358 UG:2    +
   44    93  1   0.1%   0.826 UA:2    +
  132   138  1   0.1%   0.095 CG:2    +
  111   160  1   0.1%   0.272 UA:2    +
   39    43  1   0.1%   0.737 UG:2    +
   37    41  1   0.1%   0.351 AU:2    +
  115   147  1   0.1%   0.151 CG:2    +
   41    48  1   0.1%   0.545 UA:2    +
  116   146  1   0.1%   0.073 UA:2    +
   32   143  1   0.1%   1.077 AU:2    +
   33   142  1   0.1%   1.044 GC:2    +
    1    17  1   0.1%   0.027 UA:2    +
   89    96  1   0.1%   0.084 GC:2    +
   23    80  1   0.1%   0.084 UA:2    +
   10    24  1   0.1%   0.036 CG:2    +
   90   111  1   0.1%   0.089 AU:2    +
   67    74  1   0.1%   0.133 AU:2    +
   19    80  1   0.1%   0.057 UA:2    +
   28    41  1   0.1%   0.024 AU:2    +
  123   149  1   0.1%   0.225 AU:2    +
   29   146  1   0.1%   0.314 UA:2    +
  121   151  1   0.1%   0.192 UA:2    +
  143   156  1   0.1%   0.273 UG:2    +
   38    42  1   0.1%   0.399 UA:2    +
   67    79  1   0.1%   0.483 AU:2    +
    2    24  1   0.1%   0.109 UG:2    +
    2     9  1   0.1%   0.015 UA:2    +
  149   156  1   0.1%   0.658 UG:2    +
   93   111  1   0.1%   0.309 AU:2    +
  147   152  1   0.1%   0.171 GU:2    +
   44    90  1   0.1%   0.808 UA:2    +
  134   160  1   0.1%   0.123 UA:2    +
   45    89  1   0.1%   0.484 CG:2    +
   89    95  1   0.1%   0.099 GC:2    +
  146   155  1   0.1%   0.260 AU:2    +
    2   150  1   0.1%   0.132 UA:2    +
   28    38  1   0.1%   0.013 AU:2    +
   36    41  1   0.0%   0.343 AU:2    +
   42   134  1   0.0%   0.530 AU:2    +
   34    38  1   0.0%   0.059 AU:2    +
  115   120  1   0.0%   0.178 CG:2    +
    3    95  1   0.0%   0.191 GC:2    +
  122   147  1   0.0%   0.298 UG:2    +
    1   147  1   0.0%   0.088 UG:2    +
   56    96  1   0.0%   0.639 GC:2    +
    5    93  1   0.0%   0.084 UA:2    +
   84    96  1   0.0%   0.064 GC:2    +
   36    44  1   0.0%   0.359 AU:2    +
   32    39  1   0.0%   0.063 AU:2    +
   94   120  1   0.0%   0.179 CG:2    +
   88   113  1   0.0%   0.530 UA:2    +
   80    98  1   0.0%   0.319 AU:2    +
   40    89  1   0.0%   0.389 CG:2    +
    3   149  1   0.0%   0.213 GU:2    +
   39    90  1   0.0%   0.431 UA:2    +
   40    76  1   0.0%   0.385 CG:2    +
   42    74  1   0.0%   0.537 AU:2    +
   77   101  1   0.0%   0.585 AU:2    +
   41    75  1   0.0%   0.476 UA:2    +
  151   158  1   0.0%   0.638 AU:2    +
   14   151  1   0.0%   0.119 UA:2    +
   39    77  1   0.0%   0.439 UA:2    +
   89    94  1   0.0%   0.104 GC:2    +
  113   122  1   0.0%   0.432 AU:2    +
   41   117  1   0.0%   0.496 UG:2    +
   38    91  1   0.0%   0.252 UA:2    +
   26   151  1   0.0%   0.541 UA:2    +
   55   119  1   0.0%   0.701 AU:2    +
   15   147  1   0.0%   0.184 CG:2    +
   67    81  1   0.0%   0.164 AU:2    +
   89   115  1   0.0%   0.162 GC:2    +
  143   151  1   0.0%   0.060 UA:2    +
   28   149  1   0.0%   0.581 AU:2    +
    1   151  1   0.0%   0.089 UA:2    +
   38    58  1   0.0%   0.209 UA:2    +
   21    35  1   0.0%   0.044 GC:2    +
  119   150  1   0.0%   0.116 UA:2    +
   44    59  1   0.0%   0.793 UA:2    +
    2   160  1   0.0%   0.316 UA:2    +
  147   153  1   0.0%   0.220 GU:2    +
  151   155  1   0.0%   0.155 AU:2    +
  146   152  1   0.0%   0.154 AU:2    +
   37    79  1   0.0%   0.306 AU:2    +
   58   111  1   0.0%   0.094 AU:2    +
   38    54  1   0.0%   0.471 UA:2    +
   13    39  1   0.0%   0.061 AU:2    +
   13   149  1   0.0%   0.099 AU:2    +
   30    41  1   0.0%   0.103 GU:2    +
    5    48  1   0.0%   0.077 UA:2    +
   10    43  1   0.0%   0.024 CG:2    +
   11    41  1   0.0%   0.022 AU:2    +
  111   151  1   0.0%   0.187 UA:2    +
   39    55  1   0.0%   0.584 UA:2    +
   38    48  1   0.0%   0.411 UA:2    +
   17   153  1   0.0%   0.184 AU:2    +
  108   119  1   0.0%   0.396 GU:2    +
  145   151  1   0.0%   0.323 UA:2    +
   68    74  1   0.0%   0.085 AU:2    +
   43    96  1   0.0%   0.565 GC:2    +
   34    41  1   0.0%   0.658 AU:2    +
   38    51  1   0.0%   0.601 UA:2    +
   29   113  1   0.0%   0.584 UA:2    +
  119   151  1   0.0%   0.114 UA:2    +
    2   151  1   0.0%   0.130 UA:2    +
    2    51  1   0.0%   0.103 UA:2    +
   57   119  1   0.0%   0.474 AU:2    +
   42   101  1   0.0%   0.645 AU:2    +
   25    76  1   0.0%   0.180 CG:2    +
   19   151  1   0.0%   0.107 UA:2    +
   41   102  1   0.0%   0.588 UA:2    +
   39    48  1   0.0%   0.578 UA:2    +
   41    64  1   0.0%   0.443 UA:2    +
    2   154  1   0.0%   0.129 UA:2    +
  104   113  1   0.0%   0.416 UA:2    +
   44   102  1   0.0%   0.947 UA:2    +
  144   149  1   0.0%   0.108 AU:2    +
   41    93  1   0.0%   0.452 UA:2    +
   18    38  1   0.0%   0.065 AU:2    +
  143   150  1   0.0%   0.057 UA:2    +
  147   158  1   0.0%   1.094 GU:2    +
   71    79  1   0.0%   0.708 AU:2    +
   65    75  1   0.0%   0.036 UA:2    +
  119   154  1   0.0%   0.130 UA:2    +
    2   156  1   0.0%   0.129 UG:2    +
  113   153  1   0.0%   0.382 AU:2    +
   50    54  1   0.0%   1.059 UA:2    +
  110   151  1   0.0%   0.179 UA:2    +
   30    39  1   0.0%   0.074 GU:2    +
   26    75  1   0.0%   0.230 UA:2    +
    4    10  1   0.0%   0.014 GC:2    +
  116   151  1   0.0%   0.063 UA:2    +
   39    54  1   0.0%   0.635 UA:2    +
   34   101  1   0.0%   0.770 AU:2    +
   30   111  1   0.0%   0.921 GU:2    +
    1   146  1   0.0%   0.078 UA:2    +
   12   149  1   0.0%   0.106 GU:2    +
   38    93  1   0.0%   0.253 UA:2    +
   39    93  1   0.0%   0.430 UA:2    +
   49    89  1   0.0%   0.739 CG:2    +
   24    35  1   0.0%   0.063 GC:2    +
   85    96  1   0.0%   0.062 GC:2    +
  120   149  1   0.0%   0.186 GU:2    +
  125   146  1   0.0%   0.213 UA:2    +
  137   142  1   0.0%   0.067 GC:2    +
   85    95  1   0.0%   0.087 GC:2    +
  136   143  1   0.0%   0.060 GU:2    +
    2    12  1   0.0%   0.023 UG:2    +
   38    55  1   0.0%   0.415 UA:2    +
   87   113  1   0.0%   0.406 UA:2    +
  143   154  1   0.0%   0.083 UA:2    +
   16   146  1   0.0%   0.218 UA:2    +
   96   117  1   0.0%   0.142 CG:2    +
   44    58  1   0.0%   0.790 UA:2    +
  123   143  1   0.0%   0.147 AU:2    +
   42   158  1   0.0%   0.704 AU:2    +
   39    92  1   0.0%   0.425 UA:2    +
   89   105  1   0.0%   0.167 GC:2    +
  106   111  1   0.0%   0.521 AU:2    +
   33    39  1   0.0%   0.042 GU:2    +
  147   155  1   0.0%   0.251 GU:2    +
   14   146  1   0.0%   0.113 UA:2    +
   10   117  1   0.0%   0.031 CG:2    +
   70    80  1   0.0%   0.701 UA:2    +
   44    91  1   0.0%   0.798 UA:2    +
   41    92  1   0.0%   0.446 UA:2    +
   44    89  1   0.0%   0.804 UG:2    +
   71   107  1   0.0%   0.124 AU:2    +
  113   152  1   0.0%   0.362 AU:2    +
   41   159  1   0.0%   0.636 UA:2    +
   89   111  1   0.0%   0.088 GU:2    +
   38    92  1   0.0%   0.248 UA:2    +
   31   146  1   0.0%   1.048 UA:2    +
   64    79  1   0.0%   0.022 AU:2    +
   74    78  1   0.0%   0.365 UG:2    +
  117   149  1   0.0%   0.114 GU:2    +
  124   149  1   0.0%   0.289 AU:2    +
   33   111  1   0.0%   1.041 GU:2    +
   39    56  1   0.0%   0.525 UG:2    +
   35   109  1   0.0%   0.387 CG:2    +
  113   155  1   0.0%   0.429 AU:2    +
   35    56  1   0.0%   0.340 CG:2    +
    3   119  1   0.0%   0.186 GU:2    +
   32   149  1   0.0%   1.083 AU:2    +
   42   119  1   0.0%   0.547 AU:2    +
   44    92  1   0.0%   0.796 UA:2    +
   10   156  1   0.0%   0.178 CG:2    +
   67   111  1   0.0%   0.113 AU:2    +
  141   158  1   0.0%   0.241 AU:2    +
   50    57  1   0.0%   0.806 UA:2    +
  124   143  1   0.0%   0.047 AU:2    +
   39    91  1   0.0%   0.427 UA:2    +
    8   147  1   0.0%   0.038 CG:2    +
   35   120  1   0.0%   0.357 CG:2    +
   28    39  1   0.0%   0.007 AU:2    +
  149   160  1   0.0%   0.161 UA:2    +
   17    38  1   0.0%   0.086 AU:2    +
   25   147  1   0.0%   0.267 CG:2    +
   13   131  1   0.0%   0.081 AU:2    +
   96   109  1   0.0%   0.268 CG:2    +
   95    99  1   0.0%   0.204 CG:2    +
   65    76  1   0.0%   0.019 UG:2    +
  143   160  1   0.0%   0.130 UA:2    +
   11   119  1   0.0%   0.030 AU:2    +
   50    89  1   0.0%   0.585 UG:2    +
  111   150  1   0.0%   0.180 UA:2    +
   17   158  1   0.0%   0.283 AU:2    +
  101   106  1   0.0%   0.522 UA:2    +
   10   120  1   0.0%   0.031 CG:2    +
   33    41  1   0.0%   0.613 GU:2    +
   36   119  1   0.0%   0.339 AU:2    +
   66    74  1   0.0%   0.122 GU:2    +
   14   147  1   0.0%   0.115 UG:2    +
   71   110  1   0.0%   0.048 AU:2    +
    5    34  1   0.0%   0.072 UA:2    +
   45    99  1   0.0%   0.594 CG:2    +
    4    35  1   0.0%   0.166 GC:2    +
   50    92  1   0.0%   0.567 UA:2    +
   20    45  1   0.0%   0.039 GC:2    +
   92   101  1   0.0%   0.219 AU:2    +
   76   103  1   0.0%   0.349 GC:2    +
   20   149  1   0.0%   0.133 GU:2    +
  125   151  1   0.0%   0.106 UA:2    +
   44    54  1   0.0%   0.849 UA:2    +
    9   119  1   0.0%   0.010 AU:2    +
    2    18  1   0.0%   0.156 UA:2    +
   38   120  1   0.0%   0.293 UG:2    +
   55   101  1   0.0%   0.795 AU:2    +
   43    95  1   0.0%   0.565 GC:2    +
   12    45  1   0.0%   0.068 GC:2    +
  111   124  1   0.0%   0.209 UA:2    +
   41    91  1   0.0%   0.448 UA:2    +
   39    51  1   0.0%   0.766 UA:2    +
   17   125  1   0.0%   0.179 AU:2    +
   22   147  1   0.0%   0.126 CG:2    +
   13    44  1   0.0%   0.059 AU:2    +
  121   146  1   0.0%   0.141 UA:2    +
   17   121  1   0.0%   0.108 AU:2    +
   56   119  1   0.0%   0.682 GU:2    +
   35    89  1   0.0%   0.194 CG:2    +
    6   147  1   0.0%   0.080 CG:2    +
    2   117  1   0.0%   0.101 UG:2    +
   20   143  1   0.0%   0.117 GU:2    +
   75    97  1   0.0%   0.270 AU:2    +
   95   117  1   0.0%   0.191 CG:2    +
   78    96  1   0.0%   0.325 GC:2    +
   26   146  1   0.0%   0.533 UA:2    +
   24    41  1   0.0%   0.048 GU:2    +
   31   113  1   0.0%   1.320 UA:2    +
  123   158  1   0.0%   0.387 AU:2    +
   44    55  1   0.0%   0.806 UA:2    +
   21   142  1   0.0%   0.098 GC:2    +
    2   124  1   0.0%   0.101 UA:2    +
   84   119  1   0.0%   0.098 GU:2    +
   75   107  1   0.0%   0.279 AU:2    +
   74   108  1   0.0%   0.184 UG:2    +
   34   143  1   0.0%   0.636 AU:2    +
   31   147  1   0.0%   1.046 UG:2    +
   69    80  1   0.0%   0.730 UA:2    +
   10    20  1   0.0%   0.029 CG:2    +
   76    98  1   0.0%   0.345 GU:2    +
    2   123  1   0.0%   0.101 UA:2    +
   97   113  1   0.0%   0.522 UA:2    +
   20    41  1   0.0%   0.041 GU:2    +
   23   146  1   0.0%   0.099 UA:2    +
   71   101  1   0.0%   0.146 AU:2    +
   35   114  1   0.0%   0.397 CG:2    +
   27   151  1   0.0%   0.504 UA:2    +
   65    71  1   0.0%   0.004 UA:2    +
   95   120  1   0.0%   0.195 CG:2    +
   41    89  1   0.0%   0.458 UG:2    +
    3    96  1   0.0%   0.184 GC:2    +
   64    74  1   0.0%   0.042 AU:2    +
   98   113  1   0.0%   0.590 UA:2    +
   10   129  1   0.0%   0.066 CG:2    +
   29    75  1   0.0%   0.152 UA:2    +
   50    91  1   0.0%   0.570 UA:2    +
   38    90  1   0.0%   0.246 UA:2    +
   96   120  1   0.0%   0.146 CG:2    +
    2   102  1   0.0%   0.101 UA:2    +
   65   113  1   0.0%   0.468 UA:2    +
    2    89  1   0.0%   0.100 UG:2    +
   38   106  1   0.0%   0.366 UA:2    +
  142   156  1   0.0%   0.240 CG:2    +
   24    45  1   0.0%   0.054 GC:2    +
   18   119  1   0.0%   0.085 AU:2    +
   23   151  1   0.0%   0.099 UA:2    +
    4    95  1   0.0%   0.175 GC:2    +
   93   101  1   0.0%   0.228 AU:2    +
    2   141  1   0.0%   0.113 UA:2    +
   69   102  1   0.0%   0.693 UA:2    +
  102   111  1   0.0%   0.367 AU:2    +
   41    99  1   0.0%   0.577 UG:2    +
   41    90  1   0.0%   0.449 UA:2    +
   96   114  1   0.0%   0.189 CG:2    +
   43   111  1   0.0%   0.583 GU:2    +
   47    71  1   0.0%   0.651 UA:2    +
   89   101  1   0.0%   0.237 GU:2    +
   21    39  1   0.0%   0.028 GU:2    +
    2    90  1   0.0%   0.101 UA:2    +
    2   144  1   0.0%   0.113 UA:2    +
  136   142  1   0.0%   0.044 GC:2    +
   46   113  1   0.0%   0.872 UA:2    +
   41   120  1   0.0%   0.495 UG:2    +
   63    81  1   0.0%   0.042 AU:2    +
   29   151  1   0.0%   0.306 UA:2    +
   38    57  1   0.0%   0.209 UA:2    +
  114   149  1   0.0%   0.174 GU:2    +
  126   158  1   0.0%   0.245 AU:2    +
   39    89  1   0.0%   0.431 UG:2    +
   89   118  1   0.0%   0.114 GC:2    +
    5   102  1   0.0%   0.077 UA:2    +
    3   134  1   0.0%   0.215 GU:2    +
  119   126  1   0.0%   0.080 UA:2    +
  136   149  1   0.0%   0.063 GU:2    +
   74    83  1   0.0%   0.064 UA:2    +
   51   101  1   0.0%   0.625 AU:2    +
   36   101  1   0.0%   0.442 AU:2    +
   54   101  1   0.0%   0.761 AU:2    +
   37   101  1   0.0%   0.537 AU:2    +
   75    82  1   0.0%   0.180 AU:2    +
   50    93  1   0.0%   0.579 UA:2    +
    6    89  1   0.0%   0.068 CG:2    +
   56    95  1   0.0%   0.631 GC:2    +
   86   113  1   0.0%   0.359 UA:2    +
   75   104  1   0.0%   0.181 AU:2    +
   28    79  1   0.0%   0.390 AU:2    +
   29    76  1   0.0%   0.162 UG:2    +
    7    44  1   0.0%   0.015 AU:2    +
   89   103  1   0.0%   0.229 GC:2    +
   41    58  1   0.0%   0.413 UA:2    +
   12   111  1   0.0%   0.077 GU:2    +
  129   142  1   0.0%   0.068 GC:2    +
  103   138  1   0.0%   0.240 CG:2    +
  125   147  1   0.0%   0.219 UG:2    +
   75    79  1   0.0%   0.862 AU:2    +
   24   149  1   0.0%   0.141 GU:2    +
  122   151  1   0.0%   0.187 UA:2    +
  143   159  1   0.0%   0.240 UA:2    +
   24    96  1   0.0%   0.063 GC:2    +
   27    75  1   0.0%   0.331 UA:2    +
    9   149  1   0.0%   0.029 AU:2    +
    5    90  1   0.0%   0.074 UA:2    +
   62   113  1   0.0%   0.343 UA:2    +
  126   149  1   0.0%   0.078 AU:2    +
   27    80  1   0.0%   0.352 UA:2    +
   20    95  1   0.0%   0.055 GC:2    +
   79    93  1   0.0%   0.727 UA:2    +
   39   137  1   0.0%   0.425 UG:2    +
   76    87  1   0.0%   0.294 GU:2    +
   45   114  1   0.0%   0.552 CG:2    +
   13    38  1   0.0%   0.055 AU:2    +
   17    47  1   0.0%   0.086 AU:2    +
   80    97  1   0.0%   0.292 AU:2    +
   50    90  1   0.0%   0.576 UA:2    +
   37   111  1   0.0%   0.413 AU:2    +
   53   113  1   0.0%   0.950 UA:2    +
  128   151  1   0.0%   0.073 UA:2    +
   41    56  1   0.0%   0.596 UG:2    +
  144   158  1   0.0%   0.301 AU:2    +
   74    80  1   0.0%   0.224 UA:2    +
   50   102  1   0.0%   0.705 UA:2    +
  137   149  1   0.0%   0.084 GU:2    +
    2    13  1   0.0%   0.016 UA:2    +
   22   120  1   0.0%   0.158 CG:2    +
  127   143  1   0.0%   0.080 GU:2    +
   30   142  1   0.0%   0.905 GC:2    +
   26    76  1   0.0%   0.230 UG:2    +
  114   119  1   0.0%   0.194 GU:2    +
   39   109  1   0.0%   0.499 UG:2    +
   72    80  1   0.0%   0.270 UA:2    +
   90   101  1   0.0%   0.220 AU:2    +
   24   111  1   0.0%   0.074 GU:2    +
   29    80  1   0.0%   0.165 UA:2    +
   41    57  1   0.0%   0.431 UA:2    +
  133   138  1   0.0%   0.082 CG:2    +
   16   147  1   0.0%   0.222 UG:2    +
   18    39  1   0.0%   0.066 AU:2    +
   91   101  1   0.0%   0.193 AU:2    +
    2    91  1   0.0%   0.100 UA:2    +
   50   113  1   0.0%   0.866 UA:2    +
   80   107  1   0.0%   0.327 AU:2    +
   57   101  1   0.0%   0.570 AU:2    +
   16   151  1   0.0%   0.217 UA:2    +
  107   113  1   0.0%   0.463 UA:2    +
   46    71  1   0.0%   0.574 UA:2    +
   41   108  1   0.0%   0.574 UG:2    +
   17   104  1   0.0%   0.106 AU:2    +
    2   106  1   0.0%   0.101 UA:2    +
   99   111  1   0.0%   0.499 GU:2    +
   20   111  1   0.0%   0.053 GU:2    +
   77   119  1   0.0%   0.507 AU:2    +
    5   154  1   0.0%   0.084 UA:2    +
   44    71  1   0.0%   0.789 UA:2    +
   81   106  1   0.0%   0.199 UA:2    +
   55   111  1   0.0%   0.672 AU:2    +
   64   111  1   0.0%   0.057 AU:2    +
    2   120  1   0.0%   0.101 UG:2    +
  102   158  1   0.0%   0.390 AU:2    +
   95   114  1   0.0%   0.238 CG:2    +
   38    89  1   0.0%   0.255 UG:2    +
  124   158  1   0.0%   0.456 AU:2    +
   17   155  1   0.0%   0.240 AU:2    +
   35   108  1   0.0%   0.439 CG:2    +
   10    99  1   0.0%   0.029 CG:2    +
   17   145  1   0.0%   0.165 AU:2    +
   48    69  1   0.0%   0.702 AU:2    +
   36   143  1   0.0%   0.307 AU:2    +
   17    31  1   0.0%   0.085 AU:2    +
   62    71  1   0.0%   0.040 UA:2    +
  101   159  1   0.0%   0.378 UA:2    +
    2     7  1   0.0%   0.000 UA:2    +
   36   111  1   0.0%   0.318 AU:2    +
   28    81  1   0.0%   0.386 AU:2    +
   93   119  1   0.0%   0.179 AU:2    +
   75   112  1   0.0%   0.200 AU:2    +
   71    86  1   0.0%   0.033 AU:2    +
   83   101  1   0.0%   0.209 AU:2    +
   27   146  1   0.0%   0.497 UA:2    +
   30    74  1   0.0%   0.715 GU:2    +
   81    90  1   0.0%   0.113 UA:2    +
   83   119  1   0.0%   0.082 AU:2    +
   47   113  1   0.0%   0.949 UA:2    +
   39    99  1   0.0%   0.555 UG:2    +
   39   108  1   0.0%   0.552 UG:2    +
   35   117  1   0.0%   0.352 CG:2    +
   38   102  1   0.0%   0.386 UA:2    +
   39    58  1   0.0%   0.383 UA:2    +
   81    91  1   0.0%   0.086 UA:2    +
   64    69  1   0.0%   0.041 AU:2    +
   13   158  1   0.0%   0.201 AU:2    +
  140   146  1   0.0%   0.160 UA:2    +
   76    88  1   0.0%   0.435 GU:2    +
   74   106  1   0.0%   0.172 UA:2    +
   45   129  1   0.0%   0.481 CG:2    +
   44   113  1   0.0%   1.099 UA:2    +
   31    76  1   0.0%   0.896 UG:2    +
   48   101  1   0.0%   0.810 AU:2    +
   50    58  1   0.0%   0.573 UA:2    +
   41    83  1   0.0%   0.453 UA:2    +
  111   154  1   0.0%   0.190 UA:2    +
   24    95  1   0.0%   0.067 GC:2    +
   16   113  1   0.0%   0.092 UA:2    +
   38   151  1   0.0%   0.282 UA:2    +
   35   156  1   0.0%   0.500 CG:2    +
   55    74  1   0.0%   0.669 AU:2    +
   35    85  1   0.0%   0.193 CG:2    +
   15   120  1   0.0%   0.169 CG:2    +
   75    88  1   0.0%   0.379 AU:2    +
   22    76  1   0.0%   0.050 CG:2    +
  113   121  1   0.0%   0.405 AU:2    +
    3   111  1   0.0%   0.184 GU:2    +
    5   159  1   0.0%   0.239 UA:2    +
   41   154  1   0.0%   0.488 UA:2    +
   32   119  1   0.0%   1.095 AU:2    +
   28    74  1   0.0%   0.377 AU:2    +
   80   116  1   0.0%   0.242 AU:2    +
   26    80  1   0.0%   0.250 UA:2    +
   17    98  1   0.0%   0.106 AU:2    +
  138   142  1   0.0%   0.056 GC:2    +
  141   149  1   0.0%   0.042 AU:2    +
    7   131  1   0.0%   0.036 AU:2    +
  119   123  1   0.0%   0.195 UA:2    +
   63    79  1   0.0%   0.049 AU:2    +
  132   147  1   0.0%   0.182 CG:2    +
   41   106  1   0.0%   0.565 UA:2    +
  128   147  1   0.0%   0.186 UG:2    +
   26   147  1   0.0%   0.537 UG:2    +
   38   138  1   0.0%   0.249 UG:2    +
   56   111  1   0.0%   0.653 GU:2    +
   28   119  1   0.0%   0.597 AU:2    +
    4   142  1   0.0%   0.192 GC:2    +
  137   143  1   0.0%   0.080 GU:2    +
   42   149  1   0.0%   0.549 AU:2    +
..((((.....))))(((((((.(((....((((....))))..((((....))))(((((((((..(((......))))))))))))..(((((..((.....)).)))))))).)))))))(((((((((....)))))))))...............
