3 sequence; length of alignment 160
alifold output
   27    36  0  96.7%   0.283 GC:2    GU:1   
   23    41  0  96.5%   0.107 GC:1    AU:2   
   29    34  0  96.6%   0.283 GC:3   
   20    44  0  96.6%   0.212 GC:3   
   21    43  1  96.8%   0.100 GC:2   
   28    35  1  96.6%   0.303 AU:2   
   22    42  1  96.4%   0.110 UG:2   
   17    46  0  94.8%   0.287 CG:3   
   18    45  0  93.8%   0.315 GU:1    UA:2   
   16    47  0  93.6%   0.239 GC:3   
   24    40  0  90.1%   0.385 UG:3   
   26    37  0  88.8%   0.464 UA:3   
  124   158  0  77.3%   1.602 GC:3   
  126   156  1  77.2%   1.447 GC:1    AU:1   
  125   157  0  77.2%   1.519 AU:3   
  136   146  0  77.1%   1.086 GC:3   
  127   155  0  76.8%   1.115 CG:3   
    6   111  0  75.0%   0.916 GU:2    UA:1   
  135   147  0  75.0%   0.858 AU:1    UA:2   
    7   110  0  75.2%   0.990 GC:3   
    8   109  0  75.1%   0.929 AU:3   
   10   107  0  74.5%   1.218 GC:3   
   11   106  0  74.2%   1.208 AU:3   
    9   108  1  74.6%   1.193 AU:2   
  137   145  0  73.5%   0.841 AU:3   
  123   159  1  72.7%   1.542 GU:1    AU:1   
   12   105  1  72.6%   1.209 AU:2   
   13   104  0  71.6%   1.283 GC:3   
    5   112  0  71.6%   0.788 UA:3   
    4   113  1  62.4%   0.971 UA:2   
  122   160  0  52.1%   1.678 AU:3   
   50    76  0  51.0%   1.423 CG:2    UG:1    +
   52    74  0  51.8%   1.686 GC:3    +
   56    70  0  51.7%   1.626 CG:3    +
   51    75  0  51.7%   1.668 AU:3    +
   55    71  0  51.0%   1.289 UA:3    +
   53    73  0  49.8%   1.297 UG:3    +
    3   114  0  40.7%   1.166 UG:1    UA:2   
   58    67  0  37.3%   1.713 GC:3    +
   59    66  0  35.4%   1.626 UA:3    +
   72    84  0  33.4%   1.245 UG:2    UA:1   
   49    77  0  33.2%   1.390 GU:1    AU:2    +
   73    83  0  33.9%   1.797 GC:3   
   74    82  1  33.9%   1.771 CG:2   
   71    85  0  32.4%   1.755 AU:3   
   75    81  1  32.4%   1.581 UA:2   
   76    80  0  28.8%   1.759 GC:3   
   68    91  0  26.3%   1.447 CG:3   
   67    92  0  26.3%   1.606 CG:3   
   92   101  0  22.2%   2.488 GC:3    +
   90   142  0  20.5%   1.529 UG:1    UA:2    +
   66    93  1  22.0%   1.797 AU:2   
   92   140  0  20.8%   2.372 GC:3    +
  110   121  0  20.7%   1.281 CG:3    +
  109   122  0  20.7%   1.281 UA:3    +
  107   124  0  20.5%   1.441 CG:3    +
  106   125  0  20.4%   1.440 UA:3    +
   91   141  1  20.8%   2.481 GC:2    +
   93   100  1  20.6%   2.080 UA:2    +
   93   139  1  20.6%   2.025 UA:2    +
  108   123  1  20.5%   1.353 UA:2    +
   94   138  0  19.3%   1.258 UA:3    +
   89   143  0  19.0%   1.352 AU:3    +
   99   133  0  17.0%   1.169 CG:1    UA:2    +
   50    58  0  17.0%   1.018 CG:2    UG:1   
   52    56  0  17.5%   1.432 GC:3   
   83   151  0  17.2%   1.984 CG:3    +
   51    57  1  17.6%   1.397 AU:2   
   82   152  1  17.2%   1.868 GC:2    +
   80   154  0  16.5%   2.021 CG:3    +
   81   153  1  16.9%   1.950 AU:2    +
   96   136  0  14.9%   1.209 CG:2    UG:1    +
  100   132  0  15.7%   1.699 AU:3    +
  105   126  1  15.5%   1.336 UA:2    +
   91   102  0  14.6%   2.217 GU:3    +
   14    52  0  14.5%   0.876 CG:3    +
   15    51  0  14.3%   0.932 UA:3    +
   49    59  0  11.6%   0.857 GU:1    AU:2   
  133   149  0  10.8%   1.149 GU:1    AU:2    +
   84   150  1  12.1%   1.948 GU:2    +
   13    53  0  11.1%   0.822 GU:3    +
   84    90  0   9.4%   1.575 GU:2    AU:1    +
   11    55  0   9.8%   0.774 AU:3    +
   10    56  0   9.7%   0.786 GC:3    +
   83    91  0   9.6%   1.842 CG:3    +
   12    54  1   9.8%   0.738 AU:2    +
   10   158  0   9.1%   1.500 GC:3    +
   13   156  0   7.7%   1.392 GC:2    GU:1    +
   58    65  0   8.4%   1.079 GC:3    +
   85    89  0   8.4%   1.293 UA:3    +
    9   159  1   8.6%   1.456 AU:2    +
   14   155  0   8.1%   1.033 CG:3    +
   62    70  0   7.5%   1.218 CG:3    +
   61    71  0   7.1%   1.108 UA:3    +
    9    57  1   7.5%   0.669 AU:2    +
   58   101  0   6.9%   2.205 GC:3    +
   58    74  0   6.8%   1.985 GC:3    +
   59   100  0   6.8%   1.653 UA:3    +
    4   114  0   5.6%   1.223 CG:1    UA:2    +
   59    73  0   6.6%   1.577 UG:3    +
   57    66  1   6.9%   1.079 UA:2    +
    8   160  0   6.4%   1.167 AU:3    +
   11   157  0   6.4%   1.350 AU:3    +
   83    92  0   6.3%   1.779 CG:3    +
   84   148  0   5.0%   1.423 GC:2    AU:1    +
   82    93  1   5.9%   1.532 GU:2    +
   92    96  0   4.1%   1.257 GC:2    GU:1    +
    3   115  0   4.8%   0.869 UA:3    +
   79    85  0   4.7%   1.066 AU:3    +
    7   158  0   4.6%   0.995 GC:3    +
   91    97  0   4.5%   1.419 GC:3    +
   78    86  0   4.4%   0.534 UA:3    +
    6   159  1   4.3%   0.898 GC:1    GU:1    +
   58    68  0   4.3%   1.413 GC:3    +
   73   156  0   3.3%   1.717 GC:2    GU:1    +
    8   157  0   4.2%   0.902 AU:3    +
   85   147  1   4.7%   1.350 UA:2    +
   80    84  1   4.6%   1.423 CG:2    +
   80    91  0   4.1%   1.606 CG:3    +
  129   154  0   3.0%   0.900 CG:1    UG:2    +
   12   157  0   2.9%   1.356 GU:1    AU:2    +
   18    28  0   2.9%   0.306 GC:1    UA:2    +
    6    63  0   2.5%   0.350 GU:2    UA:1    +
   81    90  1   3.9%   1.041 AU:2    +
   26    38  0   3.4%   0.593 UA:3    +
   74   155  0   3.3%   1.592 CG:3    +
   12   102  0   2.2%   0.596 GU:1    AU:2    +
  131   151  0   3.1%   0.875 UG:3    +
    5   113  0   3.0%   0.924 UA:3    +
  103   128  0   3.0%   0.546 UA:3    +
   81    93  0   2.0%   1.250 AU:2    UA:1    +
   92    97  0   3.0%   1.360 GC:3    +
   19    27  0   2.9%   0.306 CG:3    +
   17    29  0   2.9%   0.306 CG:3    +
    6   108  0   1.8%   0.414 GU:2    UA:1    +
    7    62  0   2.8%   0.391 GC:3    +
    8    61  0   2.8%   0.337 AU:3    +
   65    91  0   2.7%   0.791 CG:3    +
   70    87  0   2.7%   0.968 GU:3    +
  102   126  0   1.7%   0.663 UG:1    UA:2    +
   70   158  0   2.7%   1.535 GC:3    +
   24    39  0   2.7%   0.322 UA:3    +
   81    94  1   3.1%   1.079 AU:2    +
   66    90  0   2.6%   1.004 AU:3    +
   71   157  0   2.6%   1.701 AU:3    +
   81   150  0   1.6%   1.031 UG:1    AU:2    +
   57    81  0   1.6%   0.939 AU:1    UA:2    +
   82   149  0   1.5%   0.974 GU:2    AU:1    +
   20    26  0   2.4%   0.272 GU:3    +
   44   154  0   2.4%   0.400 CG:3    +
   43   155  0   2.4%   0.538 CG:3    +
   46   152  0   2.4%   0.470 GC:3    +
   47   151  0   2.4%   0.430 CG:3    +
   42   156  1   2.3%   0.603 GC:1    GU:1    +
   58    96  0   1.2%   1.554 GC:2    GU:1    +
   64    95  0   2.2%   0.533 UA:3    +
  116   121  0   2.2%   0.670 CG:3    +
   40   158  0   2.2%   0.746 GC:3    +
   50    84  0   1.2%   0.910 CG:2    UA:1    +
   49    85  0   1.2%   0.836 GU:1    AU:2    +
  139   143  0   2.2%   1.029 AU:3    +
   56    76  0   2.2%   1.472 CG:3    +
   13   101  0   2.2%   0.649 GC:3    +
   52    80  0   2.1%   1.263 GC:3    +
   53    79  0   2.1%   0.878 UA:3    +
   11   103  0   2.1%   0.629 AU:3    +
   10   104  0   2.1%   0.645 GC:3    +
   89    98  0   2.1%   0.570 AU:3    +
  107   121  0   2.1%   0.548 CG:3    +
  104   124  0   2.1%   0.577 CG:3    +
  106   122  0   2.1%   0.551 UA:3    +
   91    98  0   2.1%   1.440 GU:3    +
  103   125  0   2.1%   0.374 UA:3    +
    8   106  0   2.0%   0.442 AU:3    +
    7   107  0   2.0%   0.505 GC:3    +
   16    50  0   0.9%   0.225 GC:2    GU:1    +
   77    82  0   0.9%   1.012 UG:2    UA:1    +
   87   100  0   1.9%   0.762 UA:3    +
   45   153  1   2.4%   0.431 AU:2    +
  132   151  0   1.8%   1.148 UG:3    +
   50    70  0   0.8%   0.492 CG:2    UG:1    +
   15    49  0   0.7%   0.167 UG:1    UA:2    +
   88    99  1   2.2%   0.490 AU:2    +
   16   101  0   1.7%   0.426 GC:3    +
   85   100  0   1.6%   1.331 UA:3    +
   12   156  1   1.6%   0.876 GC:1    AU:1    +
    8    64  0   1.6%   0.341 AU:3    +
   52   101  0   1.6%   1.489 GC:3    +
   12    48  0   0.6%   0.117 GC:1    AU:2    +
   91    96  0   0.6%   1.119 GC:2    GU:1    +
   58    80  0   1.6%   1.572 GC:3    +
    7    65  0   1.6%   0.391 GC:3    +
   69    88  1   2.1%   0.315 UA:2    +
   59    79  0   1.6%   1.181 UA:3    +
  105   123  1   2.1%   0.564 UA:2    +
   53   100  0   1.6%   0.948 UA:3    +
    9   105  1   2.1%   0.626 AU:2    +
   42    93  0   0.6%   0.133 GU:2    UA:1    +
   10    62  0   1.6%   0.634 GC:3    +
   11    61  0   1.6%   0.617 AU:3    +
   80   151  0   1.5%   1.142 CG:3    +
   59   139  0   1.5%   1.387 UA:3    +
   61   137  0   1.5%   0.567 UA:3    +
   62   136  0   1.5%   0.728 CG:3    +
   58   140  0   1.5%   1.817 GC:3    +
   45    63  0   0.5%   0.338 AU:2    UA:1    +
   75   154  0   1.5%   1.107 UG:3    +
   51   102  0   1.5%   1.260 AU:3    +
    4    70  0   0.4%   0.121 CG:1    UG:2    +
   91    99  0   0.4%   1.425 GC:1    GU:2    +
   62    76  0   1.4%   1.044 CG:3    +
    7    36  0   0.4%   0.177 GC:2    GU:1    +
  133   150  1   1.9%   1.120 AU:2    +
   13    59  0   1.4%   0.521 GU:3    +
   14    58  0   1.4%   0.492 CG:3    +
   12    33  0   0.4%   0.156 GU:1    AU:2    +
   49    78  0   0.4%   0.721 GU:1    AU:2    +
   64    92  0   1.4%   0.382 UG:3    +
   65    73  0   1.3%   1.051 CG:3    +
   53    82  0   0.3%   0.797 UG:2    UA:1    +
   76   156  0   0.3%   1.515 GC:2    GU:1    +
   65    70  0   1.3%   1.054 CG:3    +
   59    95  0   1.2%   1.149 UA:3    +
    5    37  0   1.2%   0.168 UA:3    +
   50    82  0   0.2%   0.823 CG:2    UA:1    +
   92    99  0   0.2%   1.227 GC:1    GU:2    +
   23    94  0   0.2%   0.075 GU:1    AU:2    +
   39   159  1   1.7%   0.719 AU:2    +
   52    96  0   0.2%   1.174 GC:2    GU:1    +
   82   148  0   0.2%   0.792 GC:2    AU:1    +
   75    84  0   0.2%   1.223 UG:2    UA:1    +
   84   101  1   1.7%   1.480 GC:2    +
  129   151  0   0.2%   0.533 CG:1    UG:2    +
  142   153  0   0.2%   0.856 GU:1    AU:2    +
  144   151  0   0.1%   0.747 CG:2    UG:1    +
   49   149  0   0.1%   0.771 GU:1    AU:2    +
   66    72  0   1.1%   0.774 AU:3    +
  136   144  0   0.1%   0.456 GC:2    GU:1    +
   10    34  0   1.1%   0.229 GC:3    +
   52   148  0   0.1%   1.268 GC:2    GU:1    +
   49    99  0   0.1%   0.777 GC:1    AU:2    +
   54    81  0   0.1%   0.303 GU:1    UA:2    +
  138   143  0   1.1%   0.881 AU:3    +
   69   147  0   0.1%   0.208 AU:1    UA:2    +
    9    63  1   1.6%   0.609 AU:2    +
   99   136  0   0.1%   0.953 CG:1    UG:2    +
   98   133  0   0.1%   0.244 UG:1    UA:2    +
   13    50  0   0.1%   0.102 GC:2    GU:1    +
   82    98  0   0.1%   0.776 GU:2    AU:1    +
   12   153  0   0.1%   0.683 GU:1    AU:2    +
   10    32  0   1.1%   0.150 GC:3    +
   84   149  0   0.1%   1.210 GU:2    AU:1    +
   10   159  0   0.1%   1.286 GC:1    GU:2    +
   41    46  0   0.1%   0.143 CG:1    UG:2    +
   10    36  0   0.1%   0.192 GC:2    GU:1    +
   76   158  0   1.1%   1.703 GC:3    +
   82   103  0   0.1%   0.845 GU:2    AU:1    +
    6    60  0   0.1%   0.079 GU:2    UA:1    +
   40    96  0   0.1%   0.136 GC:2    GU:1    +
   82   102  0   0.0%   0.899 GU:2    AU:1    +
  129   133  0   0.0%   0.337 CG:1    UA:2    +
   10   156  0   0.0%   0.712 GC:2    GU:1    +
  123   160  0   0.0%   1.232 GU:1    AU:2    +
   58    99  0   0.0%   1.464 GC:1    GU:2    +
   52   144  0   0.0%   1.219 GC:2    GU:1    +
   48    91  0   0.0%   0.200 CG:1    UG:2    +
   16    48  0   0.0%   0.125 GC:1    GU:2    +
  148   154  0   0.0%   0.877 CG:2    UG:1    +
   76    96  0   0.0%   1.030 GC:2    GU:1    +
  144   154  0   0.0%   0.716 CG:2    UG:1    +
   49    90  0   0.0%   0.770 GU:1    AU:2    +
   84   103  0   0.0%   1.038 GU:2    AU:1    +
  114   120  0   0.0%   0.571 GU:1    AU:2    +
   59    82  0   0.0%   1.081 UG:2    UA:1    +
   60    81  0   0.0%   0.264 AU:1    UA:2    +
   69    81  0   0.0%   0.172 AU:1    UA:2    +
   85   133  0   0.0%   0.913 UG:1    UA:2    +
   45    57  0   0.0%   0.297 AU:2    UA:1    +
   29    36  0   0.0%   0.256 GC:2    GU:1    +
   16    99  0   0.0%   0.143 GC:1    GU:2    +
   59   126  0   0.0%   1.195 UG:1    UA:2    +
   18    81  0   0.0%   0.176 GU:1    UA:2    +
   55    84  0   0.0%   0.644 UG:2    UA:1    +
   12    35  0   0.0%   0.124 GU:1    AU:2    +
   84   134  0   0.0%   0.945 GU:2    AU:1    +
  102   123  0   0.0%   0.459 UG:1    UA:2    +
   82    87  0   0.0%   0.725 GU:2    AU:1    +
   15    84  0   0.0%   0.389 UG:2    UA:1    +
    6   141  0   0.0%   0.490 GC:2    UA:1    +
   84   144  0   0.0%   0.950 GC:2    AU:1    +
   20    41  0   0.0%   0.097 GC:1    GU:2    +
   82    94  0   0.0%   0.893 GU:2    AU:1    +
  148   155  0   0.0%   0.854 CG:2    UG:1    +
    6    69  0   0.0%   0.198 GU:2    UA:1    +
   50    91  0   0.0%   0.845 CG:2    UG:1    +
   49   103  0   0.0%   0.832 GU:1    AU:2    +
    5   142  0   0.0%   0.415 UG:1    UA:2    +
  102   133  0   0.0%   0.856 UG:1    UA:2    +
   60   138  1   1.5%   0.356 UA:2    +
   81   135  0   0.0%   0.824 AU:2    UA:1    +
   70   159  0   0.0%   1.325 GC:1    GU:2    +
   45    54  0   0.0%   0.325 UG:1    AU:2    +
   48    58  0   0.0%   0.108 CG:1    UG:2    +
   78    84  0   0.0%   0.504 UG:2    UA:1    +
  121   159  0   0.0%   0.932 GC:1    GU:2    +
    4   155  0   0.0%   0.540 CG:1    UG:2    +
   82    90  0   0.0%   0.853 GU:2    AU:1    +
   78    82  0   0.0%   0.584 UG:2    UA:1    +
    6    57  0   0.0%   0.069 GU:2    UA:1    +
   45    60  0   0.0%   0.209 AU:2    UA:1    +
   11    31  0   1.0%   0.141 AU:3    +
   48    52  0   0.0%   0.327 CG:1    UG:2    +
   13    48  0   0.0%   0.116 GC:1    GU:2    +
   42    60  0   0.0%   0.151 GU:2    UA:1    +
    4    10  0   0.0%   0.003 CG:1    UG:2    +
    7   156  0   0.0%   0.569 GC:2    GU:1    +
    4   121  0   0.0%   0.538 CG:1    UG:2    +
  106   126  0   0.0%   1.071 UG:1    UA:2    +
  144   155  0   0.0%   0.697 CG:2    UG:1    +
   94   133  0   0.0%   0.226 UG:1    UA:2    +
   49    61  0   0.0%   0.460 GU:1    AU:2    +
   76   159  0   0.0%   1.492 GC:1    GU:2    +
   49    87  0   0.0%   0.732 GU:1    AU:2    +
   82   144  0   0.0%   0.753 GC:2    AU:1    +
    7   159  0   0.0%   0.848 GC:1    GU:2    +
    6   105  0   0.0%   0.196 GU:2    UG:1    +
    5   114  0   0.0%   0.938 UG:1    UA:2    +
   82   134  0   0.0%   0.748 GU:2    AU:1    +
   49    53  0   0.0%   0.283 GU:1    AU:2    +
   49    55  0   0.0%   0.266 GU:1    AU:2    +
   77    84  0   0.0%   0.889 UG:2    UA:1    +
    4    12  0   0.0%   0.003 CG:1    UA:2    +
   55   142  0   0.0%   0.590 UG:1    UA:2    +
   84   102  0   0.0%   1.089 GU:2    AU:1    +
  124   144  0   0.0%   0.419 GC:2    GU:1    +
   75    82  0   0.0%   1.239 UG:2    UA:1    +
   53    84  0   0.0%   0.758 UG:2    UA:1    +
   64   133  0   0.0%   0.265 UG:1    UA:2    +
   40   159  0   0.0%   0.642 GC:1    GU:2    +
  103   126  0   0.0%   0.284 UG:1    UA:2    +
  136   148  0   0.0%   0.804 GC:2    GU:1    +
   12    31  0   0.0%   0.048 GU:1    AU:2    +
   73   159  0   0.0%   1.565 GC:1    GU:2    +
   12    98  0   0.0%   0.347 GU:1    AU:2    +
   70    99  0   0.0%   0.803 GC:1    GU:2    +
   48   142  0   0.0%   0.166 CG:1    UA:2    +
   76    99  0   0.0%   0.971 GC:1    GU:2    +
   48    70  0   0.0%   0.068 CG:1    UG:2    +
   87   133  0   0.0%   0.257 UG:1    UA:2    +
   50   154  0   0.0%   0.941 CG:2    UG:1    +
   12   103  0   0.0%   0.513 GU:1    AU:2    +
   72   142  0   0.0%   0.482 UG:1    UA:2    +
  129   142  0   0.0%   0.343 CG:1    UA:2    +
  123   129  0   0.0%   0.416 GC:1    AU:2    +
  133   153  0   0.0%   1.136 GU:1    AU:2    +
   70   144  0   0.0%   0.780 GC:2    GU:1    +
   70   148  0   0.0%   0.793 GC:2    GU:1    +
  123   130  0   0.0%   0.418 GU:1    AU:2    +
   86    99  1   1.5%   0.493 AU:2    +
  109   114  0   0.0%   0.744 UG:1    UA:2    +
   48    76  0   0.0%   0.046 CG:1    UG:2    +
   99   126  0   0.0%   0.250 CG:1    UA:2    +
  129   136  0   0.0%   0.427 CG:1    UG:2    +
   12    55  0   0.0%   0.511 GU:1    AU:2    +
   81   105  0   0.0%   1.134 UG:1    AU:2    +
    7   144  0   0.0%   0.564 GC:2    GU:1    +
   49    64  0   0.0%   0.363 GU:1    AU:2    +
  123   145  0   0.0%   0.469 GU:1    AU:2    +
   26    84  0   0.0%   0.319 UG:2    UA:1    +
   23    87  0   0.0%   0.035 GU:1    AU:2    +
   78   114  0   0.0%   0.759 UG:1    UA:2    +
  120   133  0   0.0%   0.362 UG:1    UA:2    +
   12    94  0   0.0%   0.347 GU:1    AU:2    +
  124   129  0   0.0%   0.417 GC:1    GU:2    +
    6    18  0   0.0%   0.001 GU:2    UG:1    +
   57   147  0   0.0%   0.787 AU:1    UA:2    +
   45    69  0   0.0%   0.126 AU:2    UA:1    +
   50    92  0   0.0%   0.843 CG:2    UG:1    +
    4    20  0   0.0%   0.002 CG:1    UG:2    +
  129   155  0   0.0%   0.781 CG:1    UG:2    +
   49   143  0   0.0%   0.744 GU:1    AU:2    +
   81   111  0   0.0%   1.036 AU:2    UA:1    +
  124   159  0   0.0%   1.279 GC:1    GU:2    +
   59   133  0   0.0%   1.191 UG:1    UA:2    +
   84    94  0   0.0%   1.003 GU:2    AU:1    +
   87   142  0   0.0%   0.259 UG:1    UA:2    +
  151   156  0   0.0%   1.406 GC:2    GU:1    +
    4    40  0   0.0%   0.048 CG:1    UG:2    +
  126   131  0   0.0%   0.384 GU:1    AU:2    +
   48    92  0   0.0%   0.197 CG:1    UG:2    +
   16    36  0   0.0%   0.087 GC:2    GU:1    +
   58   156  0   0.0%   2.039 GC:2    GU:1    +
   84    98  0   0.0%   0.899 GU:2    AU:1    +
   96   155  0   0.0%   1.020 CG:2    UG:1    +
   70    96  0   0.0%   0.857 GC:2    GU:1    +
   10    50  0   0.0%   0.107 GC:2    GU:1    +
  118   155  0   0.0%   0.451 CG:2    UG:1    +
   50    73  0   0.0%   0.393 CG:2    UG:1    +
   64    84  0   0.0%   0.181 UG:2    UA:1    +
   73   144  0   0.0%   1.027 GC:2    GU:1    +
  142   149  0   0.0%   0.675 GU:1    AU:2    +
   48   151  0   0.0%   0.272 CG:1    UG:2    +
   18    42  0   0.0%   0.104 GU:1    UG:2    +
   49    94  0   0.0%   0.750 GU:1    AU:2    +
   84   145  0   0.0%   0.951 GU:2    AU:1    +
   41    73  0   0.0%   0.043 CG:1    UG:2    +
  114   160  0   0.0%   0.762 GU:1    AU:2    +
   12   106  0   0.0%   0.963 GU:1    AU:2    +
   49    72  0   0.0%   0.314 GU:1    AU:2    +
   12    59  0   0.0%   0.292 GU:1    AU:2    +
   98   126  0   0.0%   0.217 UG:1    UA:2    +
    4   123  0   0.0%   0.537 CG:1    UA:2    +
  126   132  0   0.0%   0.659 GU:1    AU:2    +
   49   102  0   0.0%   0.828 GU:1    AU:2    +
   58   129  0   0.0%   1.619 GC:1    GU:2    +
   49    75  0   0.0%   0.294 GU:1    AU:2    +
    5    12  0   0.0%   0.002 UG:1    UA:2    +
   13    41  0   0.0%   0.051 GC:1    GU:2    +
   92   118  0   0.0%   1.320 GC:2    GU:1    +
    4   154  0   0.0%   0.537 CG:1    UG:2    +
   41    49  0   0.0%   0.077 CG:1    UA:2    +
  155   159  0   0.0%   1.344 GC:1    GU:2    +
   40    50  0   0.0%   0.154 GC:2    GU:1    +
   30    93  0   0.0%   0.032 AU:2    UA:1    +
  103   133  0   0.0%   0.637 UG:1    UA:2    +
  124   156  0   0.0%   0.898 GC:2    GU:1    +
   12    99  0   0.0%   0.347 GC:1    AU:2    +
  126   130  0   0.0%   0.369 GU:1    AU:2    +
   75   142  0   0.0%   0.758 UG:1    UA:2    +
   18    30  0   0.0%   0.132 GU:1    UA:2    +
    4    13  0   0.0%   0.002 CG:1    UG:2    +
   54   147  0   0.0%   0.263 GU:1    UA:2    +
  123   149  0   0.0%   0.515 GU:1    AU:2    +
  124   148  0   0.0%   0.582 GC:2    GU:1    +
   55    82  0   0.0%   0.656 UG:2    UA:1    +
   12    53  0   0.0%   0.056 GU:1    AU:2    +
   12    75  0   0.0%   0.347 GU:1    AU:2    +
  118   151  0   0.0%   0.491 CG:2    UG:1    +
   52    99  0   0.0%   1.162 GC:1    GU:2    +
  126   134  0   0.0%   0.374 GU:1    AU:2    +
   73    99  0   0.0%   1.053 GC:1    GU:2    +
   99   114  0   0.0%   0.774 CG:1    UA:2    +
   49   145  0   0.0%   0.745 GU:1    AU:2    +
   23    99  0   0.0%   0.051 GC:1    AU:2    +
   91   129  0   0.0%   1.503 GC:1    GU:2    +
  126   153  0   0.0%   0.816 GU:1    AU:2    +
   20    99  0   0.0%   0.148 GC:1    GU:2    +
   12    85  0   0.0%   0.346 GU:1    AU:2    +
   49    98  0   0.0%   0.753 GU:1    AU:2    +
    4    58  0   0.0%   0.048 CG:1    UG:2    +
   90   133  0   0.0%   0.553 UG:1    UA:2    +
   36    70  0   0.0%   0.141 CG:2    UG:1    +
  123   157  0   0.0%   0.924 GU:1    AU:2    +
   84   132  0   0.0%   0.938 GU:2    AU:1    +
    3   123  0   0.0%   0.582 UG:1    UA:2    +
   15    82  0   0.0%   0.390 UG:2    UA:1    +
    7   118  0   0.0%   0.562 GC:2    GU:1    +
   73    96  0   0.0%   1.108 GC:2    GU:1    +
    3    12  0   0.0%   0.001 UG:1    UA:2    +
   36    91  0   0.0%   0.121 CG:2    UG:1    +
   13    96  0   0.0%   0.401 GC:2    GU:1    +
   20   148  0   0.0%   0.145 GC:2    GU:1    +
  136   156  0   0.0%   1.319 GC:2    GU:1    +
   48    73  0   0.0%   0.046 CG:1    UG:2    +
    3   133  0   0.0%   0.582 UG:1    UA:2    +
   53   142  0   0.0%   0.793 UG:1    UA:2    +
   91   144  0   0.0%   1.832 GC:2    GU:1    +
   13    99  0   0.0%   0.401 GC:1    GU:2    +
    4   142  0   0.0%   0.537 CG:1    UA:2    +
   40   156  0   0.0%   0.401 GC:2    GU:1    +
    7   148  0   0.0%   0.565 GC:2    GU:1    +
  134   142  0   0.0%   0.345 UG:1    UA:2    +
   36    40  0   0.0%   0.214 CG:2    UG:1    +
    5   133  0   0.0%   0.411 UG:1    UA:2    +
   84   143  0   0.0%   0.941 GU:2    AU:1    +
   70   118  0   0.0%   0.775 GC:2    GU:1    +
   36    84  0   0.0%   0.118 CG:2    UA:1    +
  103   114  0   0.0%   0.655 UG:1    UA:2    +
  133   143  0   0.0%   0.644 GU:1    AU:2    +
   36    82  0   0.0%   0.125 CG:2    UA:1    +
   16    41  0   0.0%   0.006 GC:1    GU:2    +
   70   129  0   0.0%   0.776 GC:1    GU:2    +
    4    76  0   0.0%   0.074 CG:1    UG:2    +
   22    49  0   0.0%   0.071 UG:1    UA:2    +
   23    48  0   0.0%   0.070 GC:1    AU:2    +
    3    23  0   0.0%   0.002 UG:1    UA:2    +
   76   148  0   0.0%   0.953 GC:2    GU:1    +
  154   159  0   0.0%   1.369 GC:1    GU:2    +
   85   142  0   0.0%   0.913 UG:1    UA:2    +
  142   157  0   0.0%   1.056 GU:1    AU:2    +
  136   159  0   0.0%   1.303 GC:1    GU:2    +
   16   156  0   0.0%   0.489 GC:2    GU:1    +
   12    78  0   0.0%   0.347 GU:1    AU:2    +
   70   156  0   0.0%   1.156 GC:2    GU:1    +
  133   145  0   0.0%   0.382 GU:1    AU:2    +
   13    36  0   0.0%   0.131 GC:2    GU:1    +
  102   114  0   0.0%   0.978 UG:1    UA:2    +
    7    96  0   0.0%   0.268 GC:2    GU:1    +
   92   148  0   0.0%   1.817 GC:2    GU:1    +
  106   114  0   0.0%   0.830 UG:1    UA:2    +
   92   129  0   0.0%   1.324 GC:1    GU:2    +
   58   159  0   0.0%   2.108 GC:1    GU:2    +
   45    93  0   0.0%   0.188 AU:2    UA:1    +
    4   151  0   0.0%   0.537 CG:1    UG:2    +
   16    96  0   0.0%   0.136 GC:2    GU:1    +
   93   147  0   0.0%   1.483 AU:1    UA:2    +
   82   145  0   0.0%   0.756 GU:2    AU:1    +
   12    60  1   1.5%   0.518 AU:2    +
   76    83  0   1.0%   1.454 GC:3    +
   38   160  0   1.0%   0.504 AU:3    +
   13    32  0   0.9%   0.181 GC:3    +
  128   153  0   0.9%   0.727 AU:3    +
   76   153  0   0.9%   1.182 GU:3    +
   64    71  0   0.9%   0.757 UA:3    +
    9    33  0   0.8%   0.138 AU:3    +
   56    82  1   1.3%   1.213 CG:2    +
    9    35  0   0.8%   0.214 AU:3    +
   11    33  0   0.8%   0.219 AU:3    +
   52    68  0   0.8%   0.751 GC:3    +
   46    83  0   0.8%   0.264 GC:3    +
   88   145  0   0.7%   0.364 AU:3    +
    6    36  1   1.2%   0.174 GC:2    +
   62    92  0   0.7%   0.652 CG:3    +
   14    46  0   0.6%   0.100 CG:3    +
   13    47  0   0.6%   0.147 GC:3    +
   43    92  0   0.6%   0.136 CG:3    +
   44    91  0   0.6%   0.152 CG:3    +
   78    95  0   0.6%   0.485 UA:3    +
   79    94  0   0.6%   0.495 AU:3    +
   52   146  0   0.6%   1.304 GC:3    +
   97   136  0   0.6%   0.745 CG:3    +
    7    35  0   0.6%   0.123 GU:3    +
   72    86  0   0.6%   0.592 UA:3    +
   52    83  0   0.5%   1.215 GC:3    +
   85    95  0   0.5%   1.120 UA:3    +
   46    62  0   0.5%   0.358 GC:3    +
   86    94  0   0.5%   0.486 AU:3    +
   71    87  0   0.5%   1.159 AU:3    +
   78    88  0   0.5%   0.351 UA:3    +
   14   154  0   0.5%   0.479 CG:3    +
   84    96  1   0.5%   1.008 GC:1    GU:1    +
   73    85  0   0.5%   1.488 GU:3    +
   79    87  0   0.5%   0.545 AU:3    +
   80    92  0   0.5%   1.392 CG:3    +
  127   154  0   0.5%   0.644 CG:3    +
   91   101  0   0.5%   1.739 GC:3    +
    7    34  0   0.5%   0.076 GC:3    +
    3    71  0   0.4%   0.106 UA:3    +
    3    39  0   0.4%   0.076 UA:3    +
    2    72  0   0.4%   0.072 AU:3    +
   68   154  0   0.4%   0.779 CG:3    +
   67   155  0   0.4%   1.121 CG:3    +
   48    86  1   0.9%   0.238 UA:2    +
  138   145  0   0.4%   0.801 AU:3    +
   77    89  0   0.4%   0.542 UA:3    +
   90   100  0   0.4%   1.023 UA:3    +
   15   100  0   0.4%   0.454 UA:3    +
  112   120  0   0.4%   0.316 AU:3    +
   15   154  0   0.4%   0.502 UG:3    +
  127   136  0   0.4%   0.467 CG:3    +
    4    38  1   0.9%   0.130 UA:2    +
  100   131  0   0.3%   0.862 AU:3    +
  130   151  0   0.3%   0.572 UG:3    +
   52    62  0   0.3%   0.850 GC:3    +
   40    97  0   0.3%   0.182 GC:3    +
   65    76  0   0.3%   0.941 CG:3    +
   66    75  0   0.3%   1.046 AU:3    +
   39    98  0   0.3%   0.192 AU:3    +
   51    69  1   0.8%   0.722 AU:2    +
   68    73  0   0.3%   0.840 CG:3    +
   94   100  0   0.3%   1.035 UA:3    +
   69    89  1   0.8%   0.266 UA:2    +
    9    60  1   0.8%   0.401 AU:2    +
   47    82  1   0.8%   0.227 CG:2    +
   70   152  0   0.3%   0.940 GC:3    +
   20    97  0   0.3%   0.176 GC:3    +
   21    96  1   0.3%   0.078 GC:1    GU:1    +
   22    95  0   0.2%   0.082 UA:3    +
   16    44  0   0.2%   0.050 GC:3    +
   92    98  0   0.2%   1.195 GU:3    +
   77   155  0   0.2%   0.938 UG:3    +
    8    33  0   0.2%   0.043 AU:3    +
    8    35  0   0.2%   0.096 AU:3    +
   56    92  0   0.2%   1.100 CG:3    +
   48    81  1   0.7%   0.186 UA:2    +
   59    89  0   0.2%   0.980 UA:3    +
   58    90  0   0.2%   1.421 GU:3    +
   76    90  0   0.2%   1.112 GU:3    +
   53    95  0   0.2%   0.766 UA:3    +
   58    97  0   0.2%   1.490 GC:3    +
   16   152  0   0.2%   0.254 GC:3    +
   17   151  0   0.2%   0.202 CG:3    +
   76   152  0   0.2%   1.105 GC:3    +
   89   103  0   0.2%   0.531 AU:3    +
  146   154  0   0.2%   0.976 CG:3    +
  102   128  0   0.2%   0.562 UA:3    +
   46    80  0   0.2%   0.170 GC:3    +
   62    73  0   0.2%   0.984 CG:3    +
   75    91  0   0.2%   1.309 UG:3    +
   74    92  0   0.2%   1.457 CG:3    +
    7    67  0   0.2%   0.295 GC:3    +
   58    62  0   0.2%   0.614 GC:3    +
  140   155  0   0.1%   1.082 CG:3    +
    3   113  0   0.1%   0.087 UA:3    +
   79   153  0   0.1%   0.583 AU:3    +
  137   143  0   0.1%   0.443 AU:3    +
   88   103  0   0.1%   0.349 AU:3    +
   94   137  0   0.1%   0.317 UA:3    +
   15    45  1   0.6%   0.128 UA:2    +
   51   149  0   0.1%   1.089 AU:3    +
   78   154  0   0.1%   0.488 UG:3    +
   86   145  0   0.1%   0.369 AU:3    +
   88    94  0   0.1%   0.345 AU:3    +
   77   151  0   0.1%   0.592 UG:3    +
   87    95  0   0.1%   0.446 UA:3    +
   86   149  0   0.1%   0.461 AU:3    +
   19    46  0   0.1%   0.211 CG:3    +
   89   102  0   0.1%   0.560 AU:3    +
   70   146  0   0.1%   0.829 GC:3    +
   95   134  0   0.1%   0.309 AU:3    +
   96   133  1   0.1%   0.304 CG:1    UA:1    +
   70    90  0   0.1%   0.929 GU:3    +
  145   155  0   0.1%   0.994 UG:3    +
   66    94  0   0.1%   1.135 AU:3    +
  121   160  0   0.1%   0.752 GU:3    +
   98   137  0   0.1%   0.318 UA:3    +
   13   152  0   0.1%   0.744 GC:3    +
   14   151  0   0.1%   0.407 CG:3    +
   13    83  0   0.1%   0.412 GC:3    +
   45    90  1   0.6%   0.217 AU:2    +
   85    91  0   0.1%   1.724 UG:3    +
   53    86  0   0.1%   0.762 UA:3    +
  113   120  0   0.1%   0.455 AU:3    +
   52    87  0   0.1%   1.132 GU:3    +
   86    90  0   0.1%   0.763 AU:3    +
   55   137  0   0.1%   0.597 UA:3    +
   56   136  0   0.1%   1.048 CG:3    +
   53   139  0   0.1%   0.802 UA:3    +
   52   140  0   0.1%   1.221 GC:3    +
   15    30  1   0.6%   0.092 UA:2    +
   14    92  0   0.1%   0.399 CG:3    +
  104   136  0   0.1%   0.817 CG:3    +
  103   137  0   0.1%   0.416 UA:3    +
   52    65  0   0.1%   0.698 GC:3    +
   24    38  0   0.1%   0.060 UA:3    +
  146   151  0   0.1%   0.980 CG:3    +
    5    66  0   0.1%   0.079 UA:3    +
   77    95  0   0.1%   0.649 UA:3    +
   61    66  0   0.1%   0.777 UA:3    +
   40    47  0   0.1%   0.207 GC:3    +
   26    39  0   0.1%   0.448 UA:3    +
    3    66  0   0.1%   0.042 UA:3    +
    7    59  0   0.1%   0.092 GU:3    +
    9   160  0   0.1%   1.088 AU:3    +
   48    79  1   0.6%   0.132 UA:2    +
   15    91  0   0.1%   0.398 UG:3    +
   65   154  0   0.1%   0.675 CG:3    +
   66   153  0   0.1%   1.220 AU:3    +
   52    97  0   0.1%   1.176 GC:3    +
   67    76  0   0.1%   0.914 CG:3    +
   11    35  0   0.1%   0.191 AU:3    +
   51    98  0   0.0%   1.017 AU:3    +
   27    34  0   0.0%   0.192 GC:3    +
   53    66  0   0.0%   0.271 UA:3    +
  115   120  0   0.0%   0.195 AU:3    +
   66    77  0   0.0%   1.044 AU:3    +
   16    31  0   0.0%   0.061 GU:3    +
   89   145  0   0.0%   0.782 AU:3    +
   20    43  0   0.0%   0.104 GC:3    +
   71   145  0   0.0%   1.013 AU:3    +
   90   128  0   0.0%   0.560 UA:3    +
   91   127  0   0.0%   1.510 GC:3    +
    7    61  0   0.0%   0.096 GU:3    +
   13    31  0   0.0%   0.058 GU:3    +
   51   145  0   0.0%   1.063 AU:3    +
  128   134  0   0.0%   0.147 AU:3    +
   77    86  0   0.0%   0.516 UA:3    +
  102   138  0   0.0%   0.937 UA:3    +
   52    67  0   0.0%   0.647 GC:3    +
   77   100  0   0.0%   0.745 UA:3    +
   65   121  0   0.0%   0.526 CG:3    +
   64   122  0   0.0%   0.270 UA:3    +
    2   120  0   0.0%   0.037 AU:3    +
   62   124  0   0.0%   0.538 CG:3    +
   76   101  0   0.0%   1.354 GC:3    +
   95   102  0   0.0%   0.734 AU:3    +
   13    34  0   0.0%   0.131 GC:3    +
   47    92  0   0.0%   0.189 CG:3    +
  100   130  0   0.0%   0.811 AU:3    +
   58   127  0   0.0%   1.625 GC:3    +
   58    83  0   0.0%   1.425 GC:3    +
   66   120  0   0.0%   1.117 AU:3    +
   65   151  0   0.0%   0.635 CG:3    +
   88   130  0   0.0%   0.241 AU:3    +
   46    74  0   0.0%   0.139 GC:3    +
   47    73  0   0.0%   0.111 CG:3    +
   61   125  0   0.0%   0.376 UA:3    +
   86   103  0   0.0%   0.436 AU:3    +
  143   155  0   0.0%   1.134 UG:3    +
   67    91  0   0.0%   0.586 CG:3    +
   91   103  0   0.0%   1.619 GU:3    +
   70    80  0   0.0%   0.834 GC:3    +
   64   155  0   0.0%   0.568 UG:3    +
  130   154  0   0.0%   0.708 UG:3    +
   44    76  0   0.0%   0.059 CG:3    +
   16    83  0   0.0%   0.147 GC:3    +
   86   132  0   0.0%   0.341 AU:3    +
   65    92  0   0.0%   0.669 CG:3    +
  142   156  1   0.0%   1.034 GC:1    AU:1    +
   71    77  0   0.0%   0.978 AU:3    +
   40    80  0   0.0%   0.115 GC:3    +
   86   102  0   0.0%   0.489 AU:3    +
   55    70  0   0.0%   0.302 UG:3    +
   70    78  0   0.0%   0.691 GU:3    +
   87    92  0   0.0%   0.891 UG:3    +
   47    52  0   0.0%   0.388 CG:3    +
  131   137  0   0.0%   0.123 UA:3    +
   88   143  0   0.0%   0.243 AU:3    +
   46    56  0   0.0%   0.333 GC:3    +
  130   137  0   0.0%   0.104 UA:3    +
   67    73  0   0.0%   0.995 CG:3    +
  131   136  0   0.0%   0.446 UG:3    +
   44    58  0   0.0%   0.115 CG:3    +
   72    76  0   0.0%   0.596 UG:3    +
   77    88  0   0.0%   0.524 UA:3    +
   62   154  0   0.0%   0.740 CG:3    +
   40    62  0   0.0%   0.279 GC:3    +
    9   157  0   0.0%   0.824 AU:3    +
   67   151  0   0.0%   0.869 CG:3    +
    8    59  0   0.0%   0.042 AU:3    +
  130   138  0   0.0%   0.413 UA:3    +
  104   121  0   0.0%   0.337 CG:3    +
   40   101  0   0.0%   0.288 GC:3    +
   61    95  0   0.0%   0.462 UA:3    +
  103   122  0   0.0%   0.137 UA:3    +
    3    38  0   0.0%   0.008 UA:3    +
   39   102  0   0.0%   0.245 AU:3    +
  132   137  0   0.0%   0.399 UA:3    +
   78   100  0   0.0%   0.524 UA:3    +
  132   136  0   0.0%   0.722 UG:3    +
  131   138  0   0.0%   0.431 UA:3    +
   70   116  0   0.0%   0.779 GC:3    +
   68   151  0   0.0%   0.681 CG:3    +
   88    98  0   0.0%   0.176 AU:3    +
   46    53  0   0.0%   0.347 GU:3    +
    3   117  0   0.0%   0.585 UA:3    +
   95   103  0   0.0%   0.412 AU:3    +
    5    38  0   0.0%   0.105 UA:3    +
  101   124  0   0.0%   0.847 CG:3    +
   88   102  0   0.0%   0.384 AU:3    +
    7    64  0   0.0%   0.194 GU:3    +
   16    80  0   0.0%   0.137 GC:3    +
   91   104  0   0.0%   1.822 GC:3    +
   62    91  0   0.0%   0.553 CG:3    +
    7   140  0   0.0%   0.567 GC:3    +
   92   103  0   0.0%   1.445 GU:3    +
   38   103  0   0.0%   0.272 AU:3    +
   38    64  0   0.0%   0.241 AU:3    +
   78   155  0   0.0%   0.694 UG:3    +
   76    87  0   0.0%   1.059 GU:3    +
  149   154  0   0.0%   1.049 UG:3    +
  130   139  0   0.0%   0.414 UA:3    +
   10    14  0   0.0%   0.007 GC:3    +
    9    59  0   0.0%   0.290 AU:3    +
   51    90  0   0.0%   1.022 AU:3    +
   90    95  0   0.0%   0.789 UA:3    +
   76    97  0   0.0%   0.994 GC:3    +
   32    40  0   0.0%   0.194 CG:3    +
    7    68  0   0.0%   0.283 GC:3    +
    9    15  0   0.0%   0.006 AU:3    +
   61   155  0   0.0%   0.732 UG:3    +
   73   158  0   0.0%   1.683 GC:3    +
   33    39  0   0.0%   0.250 UA:3    +
   80   136  0   0.0%   0.898 CG:3    +
  136   158  0   0.0%   1.430 GC:3    +
    7   152  0   0.0%   0.569 GC:3    +
   61    92  0   0.0%   0.422 UG:3    +
    7   160  0   0.0%   0.716 GU:3    +
   68    92  0   0.0%   1.067 CG:3    +
   77   139  0   0.0%   0.526 UA:3    +
   76   140  0   0.0%   1.018 GC:3    +
  137   157  0   0.0%   1.047 AU:3    +
   70   127  0   0.0%   0.782 GC:3    +
   78   138  0   0.0%   0.304 UA:3    +
   22    39  0   0.0%   0.030 UA:3    +
   47    58  0   0.0%   0.167 CG:3    +
   68    76  0   0.0%   0.722 CG:3    +
   89    94  0   0.0%   0.494 AU:3    +
    5   154  0   0.0%   0.416 UG:3    +
   46    59  0   0.0%   0.173 GU:3    +
   16    32  0   0.0%   0.100 GC:3    +
   79    98  0   0.0%   0.437 AU:3    +
    7    56  0   0.0%   0.081 GC:3    +
   19    40  0   0.0%   0.107 CG:3    +
   58    94  0   0.0%   1.377 GU:3    +
   15    52  0   0.0%   0.660 UG:3    +
   72    79  0   0.0%   0.264 UA:3    +
    8    55  0   0.0%   0.032 AU:3    +
   75    88  0   0.0%   0.840 UA:3    +
   51    87  0   0.0%   0.987 AU:3    +
   38    98  0   0.0%   0.171 AU:3    +
   72    95  0   0.0%   0.667 UA:3    +
   71    78  0   0.0%   0.632 AU:3    +
   53    58  0   0.0%   0.616 UG:3    +
   92   104  0   0.0%   1.647 GC:3    +
   34    40  0   0.0%   0.216 CG:3    +
    3   112  0   0.0%   0.061 UA:3    +
   73    78  0   0.0%   0.647 GU:3    +
   79    90  0   0.0%   0.523 AU:3    +
   35    39  0   0.0%   0.265 UA:3    +
   94   136  0   0.0%   0.295 UG:3    +
   66    85  0   0.0%   0.727 AU:3    +
   52   104  0   0.0%   1.526 GC:3    +
   16    56  0   0.0%   0.360 GC:3    +
    3    11  0   0.0%   0.003 UA:3    +
   70    74  0   0.0%   1.189 GC:3    +
   73    94  0   0.0%   1.047 GU:3    +
   95   132  0   0.0%   0.289 AU:3    +
  134   151  0   0.0%   0.721 UG:3    +
   58    72  0   0.0%   1.117 GU:3    +
   58    64  0   0.0%   0.452 GU:3    +
   59    71  0   0.0%   1.061 UA:3    +
    3    40  0   0.0%   0.031 UG:3    +
   58   158  0   0.0%   2.130 GC:3    +
   53    89  0   0.0%   0.709 UA:3    +
   55    79  0   0.0%   0.692 UA:3    +
   78    89  0   0.0%   0.274 UA:3    +
   92   102  0   0.0%   1.764 GU:3    +
   51    61  0   0.0%   0.757 AU:3    +
   70    97  0   0.0%   0.824 GC:3    +
    5    70  0   0.0%   0.090 UG:3    +
    7   146  0   0.0%   0.566 GC:3    +
    7   104  0   0.0%   0.270 GC:3    +
    5     9  0   0.0%   0.003 UA:3    +
   80   155  0   0.0%   1.640 CG:3    +
   14    91  0   0.0%   0.384 CG:3    +
    8   103  0   0.0%   0.206 AU:3    +
   52    59  0   0.0%   0.914 GU:3    +
   78    91  0   0.0%   0.745 UG:3    +
    8   145  0   0.0%   0.501 AU:3    +
    3   122  0   0.0%   0.584 UA:3    +
  139   145  0   0.0%   0.791 AU:3    +
   52    90  0   0.0%   1.155 GU:3    +
    1   120  0   0.0%   0.004 AU:3    +
  121   158  0   0.0%   1.094 GC:3    +
   10    53  0   0.0%   0.109 GU:3    +
   16    43  0   0.0%   0.007 GC:3    +
   78    92  0   0.0%   0.714 UG:3    +
   88   149  0   0.0%   0.379 AU:3    +
    2    64  0   0.0%   0.004 AU:3    +
   61   100  0   0.0%   0.653 UA:3    +
  122   157  0   0.0%   0.927 AU:3    +
   66   157  0   0.0%   1.532 AU:3    +
    7    14  0   0.0%   0.002 GC:3    +
  146   155  0   0.0%   0.944 CG:3    +
  131   154  0   0.0%   0.809 UG:3    +
   16   102  0   0.0%   0.292 GU:3    +
   74   154  0   0.0%   1.103 CG:3    +
    5    11  0   0.0%   0.004 UA:3    +
   76   157  0   0.0%   1.526 GU:3    +
   65   136  0   0.0%   0.589 CG:3    +
   51   103  0   0.0%   1.139 AU:3    +
   64   137  0   0.0%   0.335 UA:3    +
   70    85  0   0.0%   0.722 GU:3    +
  123   156  1   0.0%   0.898 GC:1    AU:1    +
  109   117  0   0.0%   0.222 UA:3    +
   52    61  0   0.0%   0.765 GU:3    +
    7   157  0   0.0%   0.569 GU:3    +
   94   139  0   0.0%   0.945 UA:3    +
   55    86  0   0.0%   0.630 UA:3    +
   98   136  0   0.0%   0.606 UG:3    +
   51    85  0   0.0%   1.037 AU:3    +
  121   146  0   0.0%   0.552 GC:3    +
   13    56  0   0.0%   0.562 GC:3    +
   73    80  0   0.0%   0.786 GC:3    +
   78   151  0   0.0%   0.356 UG:3    +
  125   143  0   0.0%   0.729 AU:3    +
    2   160  0   0.0%   0.033 AU:3    +
    9   102  0   0.0%   0.385 AU:3    +
  145   154  0   0.0%   0.992 UG:3    +
   51    55  0   0.0%   0.509 AU:3    +
   75    79  0   0.0%   0.548 UA:3    +
   10    59  0   0.0%   0.343 GU:3    +
   17    52  0   0.0%   0.437 CG:3    +
   13    97  0   0.0%   0.402 GC:3    +
   71    90  0   0.0%   1.149 AU:3    +
   51    59  0   0.0%   0.906 AU:3    +
   14    29  0   0.0%   0.004 CG:3    +
  117   160  0   0.0%   0.241 AU:3    +
   64    89  0   0.0%   0.133 UA:3    +
   52    85  0   0.0%   1.167 GU:3    +
   53    70  0   0.0%   0.317 UG:3    +
   72    89  0   0.0%   0.529 UA:3    +
   79   149  0   0.0%   0.431 AU:3    +
    1   160  0   0.0%   0.004 AU:3    +
   58   104  0   0.0%   1.939 GC:3    +
    2    77  0   0.0%   0.027 AU:3    +
   52   102  0   0.0%   1.351 GU:3    +
   39   160  0   0.0%   0.456 AU:3    +
   66   160  0   0.0%   1.346 AU:3    +
   16    53  0   0.0%   0.376 GU:3    +
   17    92  0   0.0%   0.163 CG:3    +
  100   134  0   0.0%   1.124 AU:3    +
   62   155  0   0.0%   0.893 CG:3    +
  122   145  0   0.0%   0.471 AU:3    +
   53    71  0   0.0%   0.278 UA:3    +
    3    76  0   0.0%   0.059 UG:3    +
   85    92  0   0.0%   1.525 UG:3    +
   64    79  0   0.0%   0.297 UA:3    +
    1    78  0   0.0%   0.003 AU:3    +
   86    98  0   0.0%   0.299 AU:3    +
   73   152  0   0.0%   1.149 GC:3    +
   74   151  0   0.0%   1.048 CG:3    +
   13   103  0   0.0%   0.568 GU:3    +
   59    76  0   0.0%   1.299 UG:3    +
  136   145  0   0.0%   0.490 GU:3    +
   72    88  0   0.0%   0.571 UA:3    +
   52   152  0   0.0%   1.361 GC:3    +
   64    91  0   0.0%   0.200 UG:3    +
   51   153  0   0.0%   1.161 AU:3    +
   37   160  0   0.0%   0.349 AU:3    +
   13    62  0   0.0%   0.563 GC:3    +
   11    64  0   0.0%   0.454 AU:3    +
   53   151  0   0.0%   0.906 UG:3    +
   10    65  0   0.0%   0.470 GC:3    +
  132   138  0   0.0%   0.702 UA:3    +
  127   151  0   0.0%   0.520 CG:3    +
  132   154  0   0.0%   1.045 UG:3    +
    3    13  0   0.0%   0.002 UG:3    +
   98   128  0   0.0%   0.221 UA:3    +
    7    74  0   0.0%   0.268 GC:3    +
   70   160  0   0.0%   1.128 GU:3    +
   71    98  0   0.0%   1.022 AU:3    +
   55    66  0   0.0%   0.247 UA:3    +
   70    83  0   0.0%   0.744 GC:3    +
   87    91  0   0.0%   1.077 UG:3    +
   61    70  0   0.0%   0.585 UG:3    +
   19    91  0   0.0%   0.118 CG:3    +
   73    87  0   0.0%   1.148 GU:3    +
   88   132  0   0.0%   0.239 AU:3    +
   13   102  0   0.0%   0.568 GU:3    +
   86   134  0   0.0%   0.339 AU:3    +
   88   106  0   0.0%   0.534 AU:3    +
  116   151  0   0.0%   0.578 CG:3    +
   15    95  0   0.0%   0.390 UA:3    +
   52    72  0   0.0%   0.684 GU:3    +
   82    96  1   0.0%   0.816 GC:1    GU:1    +
   64    86  0   0.0%   0.168 UA:3    +
  131   139  0   0.0%   0.428 UA:3    +
    2    59  0   0.0%   0.002 AU:3    +
    3    58  0   0.0%   0.030 UG:3    +
   51    64  0   0.0%   0.675 AU:3    +
  128   143  0   0.0%   0.468 AU:3    +
  122   130  0   0.0%   0.420 AU:3    +
   61    86  0   0.0%   0.414 UA:3    +
   55   100  0   0.0%   0.678 UA:3    +
   64    88  0   0.0%   0.132 UA:3    +
   71   143  0   0.0%   0.999 AU:3    +
   77    92  0   0.0%   0.959 UG:3    +
  130   136  0   0.0%   0.425 UG:3    +
   13    33  0   0.0%   0.161 GU:3    +
    5    39  0   0.0%   0.084 UA:3    +
  121   131  0   0.0%   0.519 GU:3    +
    2   109  0   0.0%   0.027 AU:3    +
   61    76  0   0.0%   0.794 UG:3    +
  122   131  0   0.0%   0.434 AU:3    +
  121   132  0   0.0%   0.795 GU:3    +
    5    58  0   0.0%   0.059 UG:3    +
   75    89  0   0.0%   0.796 UA:3    +
    1     5  0   0.0%   0.001 AU:3    +
   64    70  0   0.0%   0.678 UG:3    +
   86   143  0   0.0%   0.337 AU:3    +
  116   136  0   0.0%   0.485 CG:3    +
    1    64  0   0.0%   0.001 AU:3    +
   53    88  0   0.0%   0.708 UA:3    +
   55    88  0   0.0%   0.582 UA:3    +
   58    78  0   0.0%   1.299 GU:3    +
    3     8  0   0.0%   0.001 UA:3    +
  136   152  0   0.0%   1.074 GC:3    +
  116   154  0   0.0%   0.625 CG:3    +
   40    67  0   0.0%   0.125 GC:3    +
  117   153  0   0.0%   0.462 AU:3    +
   24    86  0   0.0%   0.196 UA:3    +
   25    85  0   0.0%   0.001 AU:3    +
   76   116  0   0.0%   0.946 GC:3    +
   10   101  0   0.0%   0.400 GC:3    +
   77   115  0   0.0%   0.599 UA:3    +
    2   157  0   0.0%   0.031 AU:3    +
   89   131  0   0.0%   0.403 AU:3    +
   58    98  0   0.0%   1.451 GU:3    +
   75   117  0   0.0%   0.757 UA:3    +
   34    52  0   0.0%   0.399 CG:3    +
   66   132  0   0.0%   1.109 AU:3    +
   29    35  0   0.0%   0.267 GU:3    +
   75   100  0   0.0%   1.038 UA:3    +
  140   154  0   0.0%   1.071 CG:3    +
   35    51  0   0.0%   0.413 UA:3    +
    7    17  0   0.0%   0.001 GC:3    +
   92   127  0   0.0%   1.328 GC:3    +
    5   117  0   0.0%   0.413 UA:3    +
   73   160  0   0.0%   1.368 GU:3    +
   10   160  0   0.0%   1.111 GU:3    +
    5    16  0   0.0%   0.002 UG:3    +
  115   160  0   0.0%   0.382 AU:3    +
   27    83  0   0.0%   0.147 GC:3    +
   68   155  0   0.0%   0.909 CG:3    +
    8   143  0   0.0%   0.499 AU:3    +
    3    37  0   0.0%   0.002 UA:3    +
   70   153  0   0.0%   0.900 GU:3    +
   72   128  0   0.0%   0.480 UA:3    +
  109   113  0   0.0%   0.625 UA:3    +
   22    88  0   0.0%   0.038 UA:3    +
   73   127  0   0.0%   1.027 GC:3    +
  138   157  0   0.0%   1.187 AU:3    +
   58   146  0   0.0%   1.714 GC:3    +
   29    43  0   0.0%   0.174 GC:3    +
   58    77  0   0.0%   1.642 GU:3    +
   52   145  0   0.0%   1.217 GU:3    +
   16    97  0   0.0%   0.137 GC:3    +
   66   131  0   0.0%   1.108 AU:3    +
   79   103  0   0.0%   0.500 AU:3    +
   46    68  0   0.0%   0.145 GC:3    +
   15   155  0   0.0%   0.637 UG:3    +
   56    91  0   0.0%   1.060 CG:3    +
  128   132  0   0.0%   0.422 AU:3    +
   14    70  0   0.0%   0.400 CG:3    +
   16    34  0   0.0%   0.084 GC:3    +
   70   130  0   0.0%   0.776 GU:3    +
   73   119  0   0.0%   1.023 GC:3    +
    5   115  0   0.0%   0.557 UA:3    +
   35   100  0   0.0%   0.157 UA:3    +
   22    38  0   0.0%   0.046 UA:3    +
   58   102  0   0.0%   1.764 GU:3    +
    2    22  0   0.0%   0.000 AU:3    +
   25    35  0   0.0%   0.099 AU:3    +
   16   103  0   0.0%   0.291 GU:3    +
   44    70  0   0.0%   0.076 CG:3    +
   70   104  0   0.0%   1.095 GC:3    +
   77   154  0   0.0%   0.693 UG:3    +
  119   151  0   0.0%   0.491 CG:3    +
    7    32  0   0.0%   0.001 GC:3    +
   79   102  0   0.0%   0.561 AU:3    +
   20    90  0   0.0%   0.130 GU:3    +
   24    37  0   0.0%   0.058 UA:3    +
    3   121  0   0.0%   0.582 UG:3    +
   58   134  0   0.0%   1.619 GU:3    +
   92   110  0   0.0%   1.534 GC:3    +
   51    72  0   0.0%   0.665 AU:3    +
   40    94  0   0.0%   0.122 GU:3    +
    5   128  0   0.0%   0.411 UA:3    +
    8    31  0   0.0%   0.001 AU:3    +
   97   154  0   0.0%   0.868 CG:3    +
    3     9  0   0.0%   0.001 UA:3    +
   73   143  0   0.0%   1.024 GU:3    +
  119   154  0   0.0%   0.538 CG:3    +
   43    58  0   0.0%   0.096 CG:3    +
   15    89  0   0.0%   0.385 UA:3    +
   15    37  0   0.0%   0.090 UA:3    +
   55    92  0   0.0%   0.620 UG:3    +
   90   112  0   0.0%   0.792 UA:3    +
   66    87  0   0.0%   0.679 AU:3    +
   75   155  0   0.0%   1.249 UG:3    +
    2   145  0   0.0%   0.031 AU:3    +
   12   159  1   0.0%   1.193 GU:1    AU:1    +
   71   160  0   0.0%   1.327 AU:3    +
   11   160  0   0.0%   1.047 AU:3    +
   13   158  0   0.0%   1.287 GC:3    +
  101   136  0   0.0%   1.232 CG:3    +
   71   103  0   0.0%   1.085 AU:3    +
   58   103  0   0.0%   1.703 GU:3    +
  140   151  0   0.0%   1.102 CG:3    +
   15    86  0   0.0%   0.385 UA:3    +
    5    79  0   0.0%   0.065 UA:3    +
   10    35  0   0.0%   0.195 GU:3    +
   61    88  0   0.0%   0.378 UA:3    +
   64    73  0   0.0%   0.656 UG:3    +
  137   149  0   0.0%   0.676 AU:3    +
   73   101  0   0.0%   1.428 GC:3    +
   27    44  0   0.0%   0.187 GC:3    +
    1    72  0   0.0%   0.002 AU:3    +
   17    27  0   0.0%   0.001 CG:3    +
   55    76  0   0.0%   0.923 UG:3    +
  139   149  0   0.0%   0.828 AU:3    +
  109   115  0   0.0%   0.363 UA:3    +
  110   124  0   0.0%   0.952 CG:3    +
    7    78  0   0.0%   0.269 GU:3    +
   79   157  0   0.0%   0.933 AU:3    +
   66    78  0   0.0%   0.693 AU:3    +
   91   107  0   0.0%   1.794 GC:3    +
   98   138  0   0.0%   0.620 UA:3    +
  109   125  0   0.0%   0.951 UA:3    +
   27    32  0   0.0%   0.196 GC:3    +
   58    75  0   0.0%   1.620 GU:3    +
   15    79  0   0.0%   0.378 UA:3    +
   51   143  0   0.0%   1.053 AU:3    +
   40    74  0   0.0%   0.106 GC:3    +
   59    86  0   0.0%   0.988 UA:3    +
   71    94  0   0.0%   1.021 AU:3    +
  132   139  0   0.0%   0.700 UA:3    +
    8    77  0   0.0%   0.205 AU:3    +
   46    65  0   0.0%   0.200 GC:3    +
   52    64  0   0.0%   0.686 GU:3    +
   58    87  0   0.0%   1.353 GU:3    +
    5    10  0   0.0%   0.002 UG:3    +
  136   140  0   0.0%   0.822 GC:3    +
  151   158  0   0.0%   1.511 GC:3    +
    5   121  0   0.0%   0.412 UG:3    +
   59   155  0   0.0%   1.548 UG:3    +
   76   160  0   0.0%   1.294 GU:3    +
    3    70  0   0.0%   0.034 UG:3    +
   64   100  0   0.0%   0.545 UA:3    +
   39    75  0   0.0%   0.137 AU:3    +
  125   132  0   0.0%   0.704 AU:3    +
  106   113  0   0.0%   0.711 UA:3    +
    2   131  0   0.0%   0.030 AU:3    +
   52   103  0   0.0%   1.290 GU:3    +
   70   149  0   0.0%   0.801 GU:3    +
    3     7  0   0.0%   0.000 UG:3    +
   14    73  0   0.0%   0.375 CG:3    +
   25    94  0   0.0%   0.014 AU:3    +
   24    95  0   0.0%   0.211 UA:3    +
   70    75  0   0.0%   1.023 GU:3    +
   95   131  0   0.0%   0.284 AU:3    +
   14    40  0   0.0%   0.004 CG:3    +
   61    79  0   0.0%   0.544 UA:3    +
   13    74  0   0.0%   0.394 GC:3    +
   86   106  0   0.0%   0.634 AU:3    +
    9   106  0   0.0%   0.544 AU:3    +
   92   106  0   0.0%   1.621 GU:3    +
   89   149  0   0.0%   0.825 AU:3    +
   15    88  0   0.0%   0.385 UA:3    +
  102   125  0   0.0%   0.456 UA:3    +
   73    97  0   0.0%   1.074 GC:3    +
   77    91  0   0.0%   0.991 UG:3    +
  138   149  0   0.0%   0.818 AU:3    +
   15    39  0   0.0%   0.058 UA:3    +
    5    76  0   0.0%   0.065 UG:3    +
    1   132  0   0.0%   0.003 AU:3    +
   70   101  0   0.0%   1.178 GC:3    +
   59   128  0   0.0%   1.193 UA:3    +
    1    75  0   0.0%   0.002 AU:3    +
   46    77  0   0.0%   0.134 GU:3    +
   23    96  1   0.0%   0.064 GC:1    AU:1    +
   76    85  0   0.0%   1.368 GU:3    +
   31    37  0   0.0%   0.217 UA:3    +
   66    98  0   0.0%   1.129 AU:3    +
  103   112  0   0.0%   0.373 UA:3    +
   47    76  0   0.0%   0.109 CG:3    +
    7    77  0   0.0%   0.268 GU:3    +
  139   157  0   0.0%   1.197 AU:3    +
    5   122  0   0.0%   0.411 UA:3    +
   59    70  0   0.0%   1.097 UG:3    +
    6   156  1   0.0%   0.488 GC:1    GU:1    +
   26    40  0   0.0%   0.412 UG:3    +
   46    85  0   0.0%   0.182 GU:3    +
    3   155  0   0.0%   0.582 UG:3    +
   16    85  0   0.0%   0.136 GU:3    +
  145   151  0   0.0%   1.019 UG:3    +
  121   152  0   0.0%   0.939 GC:3    +
   27    35  0   0.0%   0.205 GU:3    +
   32    91  0   0.0%   0.101 CG:3    +
    7   119  0   0.0%   0.562 GC:3    +
    7    19  0   0.0%   0.001 GC:3    +
   31    92  0   0.0%   0.060 UG:3    +
   91   119  0   0.0%   1.496 GC:3    +
   58   152  0   0.0%   1.793 GC:3    +
   61    73  0   0.0%   0.892 UG:3    +
   40   157  0   0.0%   0.548 GU:3    +
   22    40  0   0.0%   0.004 UG:3    +
   33    38  0   0.0%   0.284 UA:3    +
   85   151  0   0.0%   1.541 UG:3    +
    9   149  0   0.0%   0.683 AU:3    +
  102   113  0   0.0%   0.859 UA:3    +
   73   104  0   0.0%   1.345 GC:3    +
   70   107  0   0.0%   1.071 GC:3    +
   31    38  0   0.0%   0.220 UA:3    +
   10    17  0   0.0%   0.003 GC:3    +
   33    37  0   0.0%   0.280 UA:3    +
    1   109  0   0.0%   0.002 AU:3    +
   19    29  0   0.0%   0.204 CG:3    +
   70   119  0   0.0%   0.775 GC:3    +
   14    76  0   0.0%   0.375 CG:3    +
  121   127  0   0.0%   0.507 GC:3    +
   59   151  0   0.0%   1.362 UG:3    +
   58   116  0   0.0%   1.616 GC:3    +
   19    92  0   0.0%   0.119 CG:3    +
   59   115  0   0.0%   1.335 UA:3    +
   66   134  0   0.0%   1.109 AU:3    +
   75    86  0   0.0%   0.829 UA:3    +
  154   158  0   0.0%   1.495 GC:3    +
   13    80  0   0.0%   0.394 GC:3    +
   92   107  0   0.0%   1.618 GC:3    +
    9    61  0   0.0%   0.421 AU:3    +
   89   106  0   0.0%   0.700 AU:3    +
  120   128  0   0.0%   0.166 UA:3    +
   94   125  0   0.0%   0.223 UA:3    +
   71   106  0   0.0%   1.298 AU:3    +
  134   154  0   0.0%   0.688 UG:3    +
    8    75  0   0.0%   0.204 AU:3    +
   70    94  0   0.0%   0.795 GU:3    +
   16   153  0   0.0%   0.228 GU:3    +
   83   136  0   0.0%   0.960 CG:3    +
   72   100  0   0.0%   0.762 UA:3    +
   40    83  0   0.0%   0.117 GC:3    +
   70   157  0   0.0%   1.215 GU:3    +
    2    61  0   0.0%   0.001 AU:3    +
   22   100  0   0.0%   0.074 UA:3    +
   61   113  0   0.0%   0.777 UA:3    +
   65   155  0   0.0%   0.824 CG:3    +
   29    33  0   0.0%   0.220 GU:3    +
  106   112  0   0.0%   0.547 UA:3    +
   25    90  0   0.0%   0.001 AU:3    +
   24    92  0   0.0%   0.202 UG:3    +
   67   154  0   0.0%   0.899 CG:3    +
   46    87  0   0.0%   0.182 GU:3    +
    5   137  0   0.0%   0.411 UA:3    +
   71   153  0   0.0%   1.102 AU:3    +
   49    96  1   0.0%   0.753 GC:1    AU:1    +
   29    56  0   0.0%   0.366 GC:3    +
   40    87  0   0.0%   0.109 GU:3    +
    7   145  0   0.0%   0.564 GU:3    +
   46    78  0   0.0%   0.136 GU:3    +
   32    70  0   0.0%   0.120 CG:3    +
   31    40  0   0.0%   0.150 UG:3    +
  136   149  0   0.0%   0.977 GU:3    +
   24    91  0   0.0%   0.201 UG:3    +
   98   115  0   0.0%   0.359 UA:3    +
   32    52  0   0.0%   0.377 CG:3    +
  125   131  0   0.0%   0.429 AU:3    +
   55    95  0   0.0%   0.613 UA:3    +
   37    98  0   0.0%   0.163 AU:3    +
   91   146  0   0.0%   1.877 GC:3    +
   33    51  0   0.0%   0.398 UA:3    +
   72   151  0   0.0%   0.591 UG:3    +
   74    91  0   0.0%   1.457 CG:3    +
   40    65  0   0.0%   0.176 GC:3    +
   39    94  0   0.0%   0.150 AU:3    +
   76    94  0   0.0%   0.959 GU:3    +
    1    61  0   0.0%   0.001 AU:3    +
    1   157  0   0.0%   0.003 AU:3    +
   13    98  0   0.0%   0.401 GU:3    +
   22    37  0   0.0%   0.058 UA:3    +
   20    24  0   0.0%   0.000 GU:3    +
   10    31  0   0.0%   0.003 GU:3    +
   14    20  0   0.0%   0.003 CG:3    +
   89   134  0   0.0%   0.406 AU:3    +
    3   139  0   0.0%   0.582 UA:3    +
   17    40  0   0.0%   0.103 CG:3    +
    5   155  0   0.0%   0.415 UG:3    +
   16    98  0   0.0%   0.137 GU:3    +
  102   137  0   0.0%   0.619 UA:3    +
   76   146  0   0.0%   0.983 GC:3    +
  155   160  0   0.0%   1.257 GU:3    +
    2    75  0   0.0%   0.026 AU:3    +
  106   128  0   0.0%   0.833 UA:3    +
    9   109  0   0.0%   0.898 AU:3    +
   31    71  0   0.0%   0.079 UA:3    +
   26    89  0   0.0%   0.316 UA:3    +
   20   102  0   0.0%   0.229 GU:3    +
   78   137  0   0.0%   0.301 UA:3    +
   87   151  0   0.0%   0.766 UG:3    +
   13    77  0   0.0%   0.394 GU:3    +
   20    98  0   0.0%   0.146 GU:3    +
   19    70  0   0.0%   0.137 CG:3    +
    2   149  0   0.0%   0.030 AU:3    +
  100   106  0   0.0%   1.100 AU:3    +
   95   130  0   0.0%   0.286 AU:3    +
   17    73  0   0.0%   0.154 CG:3    +
   16    74  0   0.0%   0.132 GC:3    +
    7   131  0   0.0%   0.562 GU:3    +
   71    75  0   0.0%   0.963 AU:3    +
  149   155  0   0.0%   1.022 UG:3    +
   10    19  0   0.0%   0.003 GC:3    +
   19    52  0   0.0%   0.394 CG:3    +
   46    97  0   0.0%   0.217 GC:3    +
    8   130  0   0.0%   0.499 AU:3    +
    2   134  0   0.0%   0.030 AU:3    +
   33   100  0   0.0%   0.142 UA:3    +
   40    44  0   0.0%   0.147 GC:3    +
   71   149  0   0.0%   1.019 AU:3    +
   16    94  0   0.0%   0.136 GU:3    +
    9    64  0   0.0%   0.453 AU:3    +
   37    90  0   0.0%   0.163 AU:3    +
   15    29  0   0.0%   0.003 UG:3    +
   56    73  0   0.0%   1.228 CG:3    +
  119   124  0   0.0%   0.412 CG:3    +
  143   151  0   0.0%   1.166 UG:3    +
   39   157  0   0.0%   0.571 AU:3    +
   40   160  0   0.0%   0.447 GU:3    +
  143   154  0   0.0%   1.144 UG:3    +
   13    85  0   0.0%   0.400 GU:3    +
    2    15  0   0.0%   0.000 AU:3    +
    5    71  0   0.0%   0.089 UA:3    +
    9   153  0   0.0%   0.685 AU:3    +
   89   130  0   0.0%   0.405 AU:3    +
  136   143  0   0.0%   0.743 GU:3    +
    8    78  0   0.0%   0.205 AU:3    +
   91   132  0   0.0%   1.502 GU:3    +
   98   113  0   0.0%   0.622 UA:3    +
   73    77  0   0.0%   0.990 GU:3    +
   91   116  0   0.0%   1.498 GC:3    +
   72   155  0   0.0%   0.798 UG:3    +
   75    95  0   0.0%   0.942 UA:3    +
    7   103  0   0.0%   0.268 GU:3    +
    8    72  0   0.0%   0.227 AU:3    +
   55    89  0   0.0%   0.581 UA:3    +
    8   102  0   0.0%   0.204 AU:3    +
    1    15  0   0.0%   0.000 AU:3    +
   15    92  0   0.0%   0.395 UG:3    +
  125   130  0   0.0%   0.415 AU:3    +
   51    94  0   0.0%   1.001 AU:3    +
   88   131  0   0.0%   0.235 AU:3    +
   13    17  0   0.0%   0.001 GC:3    +
  113   160  0   0.0%   0.646 AU:3    +
   10   152  0   0.0%   0.702 GC:3    +
   77   138  0   0.0%   0.522 UA:3    +
   73   157  0   0.0%   1.646 GU:3    +
   13    19  0   0.0%   0.001 GC:3    +
   16    90  0   0.0%   0.136 GU:3    +
   64    76  0   0.0%   0.607 UG:3    +
  103   136  0   0.0%   0.708 UG:3    +
   66   130  0   0.0%   1.108 AU:3    +
   91   110  0   0.0%   1.710 GC:3    +
  128   149  0   0.0%   0.252 AU:3    +
   70    77  0   0.0%   1.031 GU:3    +
    2    78  0   0.0%   0.027 AU:3    +
   47    91  0   0.0%   0.179 CG:3    +
   52   149  0   0.0%   1.268 GU:3    +
   90   117  0   0.0%   0.551 UA:3    +
   52    94  0   0.0%   1.135 GU:3    +
   17    91  0   0.0%   0.162 CG:3    +
   86   131  0   0.0%   0.333 AU:3    +
   58   107  0   0.0%   1.914 GC:3    +
   38    94  0   0.0%   0.181 AU:3    +
   59    88  0   0.0%   0.940 UA:3    +
   66   103  0   0.0%   1.192 AU:3    +
   66   102  0   0.0%   1.253 AU:3    +
  124   146  0   0.0%   0.464 GC:3    +
   37   103  0   0.0%   0.247 AU:3    +
   11    15  0   0.0%   0.004 AU:3    +
  125   134  0   0.0%   0.419 AU:3    +
  125   145  0   0.0%   0.466 AU:3    +
   46    61  0   0.0%   0.270 GU:3    +
   17   155  0   0.0%   0.375 CG:3    +
    2    24  0   0.0%   0.000 AU:3    +
    7    75  0   0.0%   0.268 GU:3    +
  134   139  0   0.0%   0.414 UA:3    +
   35    71  0   0.0%   0.159 UA:3    +
   24    88  0   0.0%   0.196 UA:3    +
   25    87  0   0.0%   0.001 AU:3    +
   15    66  0   0.0%   0.388 UA:3    +
  102   115  0   0.0%   0.597 UA:3    +
  103   113  0   0.0%   0.536 UA:3    +
   46   101  0   0.0%   0.337 GC:3    +
   52    98  0   0.0%   1.158 GU:3    +
   73    90  0   0.0%   1.165 GU:3    +
    7   127  0   0.0%   0.562 GC:3    +
   97   121  0   0.0%   0.306 CG:3    +
   31    39  0   0.0%   0.182 UA:3    +
   94   112  0   0.0%   0.466 UA:3    +
   20    80  0   0.0%   0.132 GC:3    +
  101   151  0   0.0%   1.330 CG:3    +
    3   138  0   0.0%   0.582 UA:3    +
   92   109  0   0.0%   1.535 GU:3    +
    7    97  0   0.0%   0.268 GC:3    +
  116   124  0   0.0%   0.498 CG:3    +
   46   146  0   0.0%   0.184 GC:3    +
   92   131  0   0.0%   1.321 GU:3    +
   42    96  1   0.0%   0.092 GC:1    GU:1    +
    5   136  0   0.0%   0.411 UG:3    +
   40    68  0   0.0%   0.120 GC:3    +
   61    89  0   0.0%   0.378 UA:3    +
   16    22  0   0.0%   0.000 GU:3    +
   26    86  0   0.0%   0.316 UA:3    +
   76    98  0   0.0%   0.963 GU:3    +
  119   136  0   0.0%   0.398 CG:3    +
   10   157  0   0.0%   0.841 GU:3    +
   35    92  0   0.0%   0.140 UG:3    +
   73   146  0   0.0%   1.062 GC:3    +
  114   159  1   0.0%   0.959 GU:1    AU:1    +
   52   143  0   0.0%   1.209 GU:3    +
   91   140  0   0.0%   1.571 GC:3    +
   96   126  1   0.0%   0.282 CG:1    UA:1    +
   16    65  0   0.0%   0.201 GC:3    +
   13    65  0   0.0%   0.463 GC:3    +
    2   143  0   0.0%   0.030 AU:3    +
  124   132  0   0.0%   0.707 GU:3    +
   92   116  0   0.0%   1.322 GC:3    +
   73   149  0   0.0%   1.041 GU:3    +
   29    94  0   0.0%   0.151 GU:3    +
  101   121  0   0.0%   0.842 CG:3    +
   10    33  0   0.0%   0.107 GU:3    +
   83   155  0   0.0%   1.642 CG:3    +
   95   106  0   0.0%   0.584 AU:3    +
    8   134  0   0.0%   0.499 AU:3    +
   13    55  0   0.0%   0.562 GU:3    +
   15    58  0   0.0%   0.437 UG:3    +
  139   153  0   0.0%   0.979 AU:3    +
   82   156  1   0.0%   1.611 GC:1    GU:1    +
   38   102  0   0.0%   0.268 AU:3    +
   11    53  0   0.0%   0.092 AU:3    +
   74    84  1   0.5%   1.407 CG:2    +
   63    91  1   0.5%   0.337 UG:2    +
   60    66  1   0.4%   0.753 UA:2    +
   87   147  1   0.4%   0.478 UA:2    +
   79    93  1   0.4%   0.795 AU:2    +
  128   135  1   0.3%   0.195 AU:2    +
   51    63  1   0.3%   0.821 AU:2    +
   38    99  1   0.3%   0.217 AU:2    +
   95    99  1   0.2%   0.539 AU:2    +
   57    91  1   0.2%   0.842 UG:2    +
   60    88  1   0.2%   0.182 UA:2    +
    6    68  1   0.2%   0.217 GC:2    +
   84   146  1   0.2%   1.017 GC:2    +
   63    95  1   0.2%   0.357 UA:2    +
    6    35  1   0.2%   0.032 GU:2    +
  141   154  1   0.2%   1.032 CG:2    +
   81   149  1   0.1%   0.868 AU:2    +
    6    67  1   0.1%   0.198 GC:2    +
   69    86  1   0.1%   0.126 UA:2    +
   89    99  1   0.1%   0.583 AU:2    +
  147   153  1   0.1%   0.928 AU:2    +
   73    93  1   0.1%   1.403 GU:2    +
  122   159  1   0.1%   0.864 AU:2    +
   14    82  1   0.1%   0.395 CG:2    +
   48   100  1   0.1%   0.201 UA:2    +
   53   147  1   0.1%   0.811 UA:2    +
    4   112  1   0.1%   0.091 UA:2    +
  100   135  1   0.1%   1.134 AU:2    +
   54   138  1   0.1%   0.267 UA:2    +
   15    81  1   0.1%   0.394 UA:2    +
   81    99  1   0.1%   0.859 AU:2    +
   41    95  1   0.1%   0.076 UA:2    +
   93   138  1   0.1%   1.058 UA:2    +
   89    93  1   0.1%   0.940 AU:2    +
   39    48  1   0.1%   0.178 AU:2    +
   54    84  1   0.1%   0.313 UG:2    +
    6    62  1   0.0%   0.083 GC:2    +
    6    65  1   0.0%   0.178 GC:2    +
   82    97  1   0.0%   0.789 GC:2    +
   89   129  1   0.0%   0.409 AU:2    +
   28    33  1   0.0%   0.226 AU:2    +
    8    60  1   0.0%   0.048 AU:2    +
   63   123  1   0.0%   0.252 UA:2    +
   81   103  1   0.0%   0.913 AU:2    +
  111   117  1   0.0%   0.231 UA:2    +
   45    75  1   0.0%   0.132 AU:2    +
    4    37  1   0.0%   0.010 UA:2    +
   66   150  1   0.0%   1.118 AU:2    +
   68    82  1   0.0%   0.355 CG:2    +
   17    82  1   0.0%   0.169 CG:2    +
   81    98  1   0.0%   0.840 AU:2    +
   57   128  1   0.0%   0.784 UA:2    +
   41    79  1   0.0%   0.050 UA:2    +
   81    87  1   0.0%   0.660 AU:2    +
   81    85  1   0.0%   1.087 AU:2    +
   60    95  1   0.0%   0.250 UA:2    +
   46    93  1   0.0%   0.219 GU:2    +
   42    78  1   0.0%   0.047 GU:2    +
   57   100  1   0.0%   0.878 UA:2    +
   41   100  1   0.0%   0.079 UA:2    +
   39    63  1   0.0%   0.300 AU:2    +
   79    99  1   0.0%   0.447 AU:2    +
   54    66  1   0.0%   0.252 UA:2    +
   69   117  1   0.0%   0.185 UA:2    +
    8    63  1   0.0%   0.232 AU:2    +
   60   100  1   0.0%   0.445 UA:2    +
    7    60  1   0.0%   0.092 GU:2    +
   95   135  1   0.0%   0.298 AU:2    +
   54    71  1   0.0%   0.264 UA:2    +
   19    42  1   0.0%   0.110 CG:2    +
   82   101  1   0.0%   1.150 GC:2    +
   69    79  1   0.0%   0.229 UA:2    +
  134   147  1   0.0%   0.199 UA:2    +
   57    84  1   0.0%   0.826 UG:2    +
   57   142  1   0.0%   0.787 UA:2    +
   49    60  1   0.0%   0.404 AU:2    +
    4    66  1   0.0%   0.056 UA:2    +
    6   153  1   0.0%   0.491 GU:2    +
   18    46  1   0.0%   0.250 UG:2    +
  129   139  1   0.0%   0.411 UA:2    +
    4    39  1   0.0%   0.074 UA:2    +
   49   150  1   0.0%   0.757 AU:2    +
   49    57  1   0.0%   0.240 AU:2    +
   69    91  1   0.0%   0.713 UG:2    +
   81   102  1   0.0%   0.967 AU:2    +
   69   128  1   0.0%   0.185 UA:2    +
   45    94  1   0.0%   0.175 AU:2    +
   17    42  1   0.0%   0.106 CG:2    +
    8   159  1   0.0%   0.774 AU:2    +
   30    35  1   0.0%   0.165 AU:2    +
   82   150  1   0.0%   0.895 GU:2    +
  105   128  1   0.0%   0.814 UA:2    +
   60   126  1   0.0%   0.165 UA:2    +
    4   115  1   0.0%   0.683 UA:2    +
  129   138  1   0.0%   0.409 UA:2    +
  100   129  1   0.0%   0.805 AU:2    +
   84    97  1   0.0%   0.924 GC:2    +
   37    99  1   0.0%   0.168 AU:2    +
   48    82  1   0.0%   0.157 UG:2    +
   86    93  1   0.0%   0.879 AU:2    +
    9    54  1   0.0%   0.085 AU:2    +
   57    95  1   0.0%   0.810 UA:2    +
   58    69  1   0.0%   1.135 GU:2    +
   67    84  1   0.0%   0.465 CG:2    +
   54   142  1   0.0%   0.260 UA:2    +
   52    60  1   0.0%   0.709 GU:2    +
    6    61  1   0.0%   0.074 GU:2    +
   49    54  1   0.0%   0.268 AU:2    +
   18   100  1   0.0%   0.191 UA:2    +
   60    70  1   0.0%   0.548 UG:2    +
   42    94  1   0.0%   0.088 GU:2    +
   48    88  1   0.0%   0.155 UA:2    +
    6   158  1   0.0%   0.491 GC:2    +
   48    84  1   0.0%   0.113 UG:2    +
    2    41  1   0.0%   0.003 AU:2    +
   82   146  1   0.0%   0.788 GC:2    +
   54    88  1   0.0%   0.252 UA:2    +
   84   104  1   0.0%   1.262 GC:2    +
    6   160  1   0.0%   0.628 GU:2    +
   13    93  1   0.0%   0.402 GU:2    +
   77    81  1   0.0%   0.862 UA:2    +
    6   157  1   0.0%   0.490 GU:2    +
    8    57  1   0.0%   0.033 AU:2    +
   51    60  1   0.0%   0.700 AU:2    +
    6    15  1   0.0%   0.002 GU:2    +
    2    69  1   0.0%   0.004 AU:2    +
   81   145  1   0.0%   0.831 AU:2    +
   51   105  1   0.0%   1.367 AU:2    +
   52    57  1   0.0%   1.099 GU:2    +
   63    70  1   0.0%   0.809 UG:2    +
   60   125  1   0.0%   0.160 UA:2    +
   88    93  1   0.0%   0.771 AU:2    +
   54   100  1   0.0%   0.348 UA:2    +
   54    70  1   0.0%   0.299 UG:2    +
   58    63  1   0.0%   0.581 GU:2    +
   60    76  1   0.0%   0.570 UG:2    +
    1    69  1   0.0%   0.002 AU:2    +
   89   105  1   0.0%   0.715 AU:2    +
  120   147  1   0.0%   0.222 UA:2    +
   54    73  1   0.0%   0.587 UG:2    +
    4    71  1   0.0%   0.098 UA:2    +
  111   121  1   0.0%   0.635 UG:2    +
   18    51  1   0.0%   0.443 UA:2    +
   71   159  1   0.0%   1.523 AU:2    +
   79   150  1   0.0%   0.418 AU:2    +
  136   141  1   0.0%   0.753 GC:2    +
    2   111  1   0.0%   0.028 AU:2    +
   72    81  1   0.0%   0.202 UA:2    +
   12    57  1   0.0%   0.480 AU:2    +
  128   150  1   0.0%   0.477 AU:2    +
   54    95  1   0.0%   0.283 UA:2    +
   54    86  1   0.0%   0.299 UA:2    +
   45    85  1   0.0%   0.128 AU:2    +
  142   150  1   0.0%   0.736 AU:2    +
   63   138  1   0.0%   0.315 UA:2    +
   63    92  1   0.0%   0.321 UG:2    +
    6    59  1   0.0%   0.068 GU:2    +
  141   151  1   0.0%   1.033 CG:2    +
   57    76  1   0.0%   1.123 UG:2    +
   63   154  1   0.0%   0.387 UG:2    +
   91   105  1   0.0%   1.811 GU:2    +
   65    84  1   0.0%   0.480 CG:2    +
  111   115  1   0.0%   0.364 UA:2    +
   12    63  1   0.0%   0.506 AU:2    +
    6   110  1   0.0%   0.269 GC:2    +
  135   142  1   0.0%   0.360 UA:2    +
   63    73  1   0.0%   0.746 UG:2    +
  108   117  1   0.0%   0.298 UA:2    +
   82   104  1   0.0%   1.069 GC:2    +
   14    84  1   0.0%   0.382 CG:2    +
   88   105  1   0.0%   0.548 AU:2    +
    1    41  1   0.0%   0.001 AU:2    +
    6    75  1   0.0%   0.195 GU:2    +
   63    86  1   0.0%   0.257 UA:2    +
    2   159  1   0.0%   0.031 AU:2    +
   99   128  1   0.0%   0.255 UA:2    +
   73   141  1   0.0%   1.025 GC:2    +
   82    99  1   0.0%   0.775 GU:2    +
  108   115  1   0.0%   0.439 UA:2    +
   11   159  1   0.0%   1.217 AU:2    +
   38   159  1   0.0%   0.541 AU:2    +
   69   100  1   0.0%   0.462 UA:2    +
   63   100  1   0.0%   0.527 UA:2    +
  117   150  1   0.0%   0.336 AU:2    +
    4   117  1   0.0%   0.538 UA:2    +
   66   135  1   0.0%   1.109 AU:2    +
   16    93  1   0.0%   0.137 GU:2    +
   42    65  1   0.0%   0.110 GC:2    +
    1   111  1   0.0%   0.003 AU:2    +
   49    69  1   0.0%   0.294 AU:2    +
   49    63  1   0.0%   0.479 AU:2    +
   41    66  1   0.0%   0.054 UA:2    +
   69    84  1   0.0%   0.114 UG:2    +
  117   135  1   0.0%   0.018 AU:2    +
    6    64  1   0.0%   0.168 GU:2    +
   15    28  1   0.0%   0.003 UA:2    +
    6   109  1   0.0%   0.269 GU:2    +
   63    89  1   0.0%   0.221 UA:2    +
   48    89  1   0.0%   0.154 UA:2    +
   32    42  1   0.0%   0.134 CG:2    +
    2    63  1   0.0%   0.002 AU:2    +
   84    99  1   0.0%   0.905 GU:2    +
   86   150  1   0.0%   0.679 AU:2    +
   21    26  1   0.0%   0.091 GU:2    +
   54    79  1   0.0%   0.350 UA:2    +
   93   137  1   0.0%   1.043 UA:2    +
   66   159  1   0.0%   1.541 AU:2    +
  108   114  1   0.0%   0.821 UA:2    +
   54    58  1   0.0%   0.598 UG:2    +
    4     8  1   0.0%   0.001 UA:2    +
   71   129  1   0.0%   0.998 AU:2    +
   60    73  1   0.0%   0.668 UG:2    +
   93   126  1   0.0%   0.977 UA:2    +
   63    71  1   0.0%   0.764 UA:2    +
   60    71  1   0.0%   0.510 UA:2    +
   54    89  1   0.0%   0.251 UA:2    +
    3    21  1   0.0%   0.002 UG:2    +
  105   125  1   0.0%   0.481 UA:2    +
   82   110  1   0.0%   0.961 GC:2    +
   84    93  1   0.0%   1.478 GU:2    +
    1    60  1   0.0%   0.001 AU:2    +
    6   116  1   0.0%   0.484 GC:2    +
   99   137  1   0.0%   0.640 UA:2    +
   63    79  1   0.0%   0.387 UA:2    +
  129   137  1   0.0%   0.100 UA:2    +
    6   145  1   0.0%   0.487 GU:2    +
   42    59  1   0.0%   0.107 GU:2    +
   69   154  1   0.0%   0.356 UG:2    +
   57    70  1   0.0%   1.101 UG:2    +
   11   105  1   0.0%   0.547 AU:2    +
   42    99  1   0.0%   0.092 GU:2    +
    6   127  1   0.0%   0.485 GC:2    +
   52    63  1   0.0%   0.816 GU:2    +
   13    54  1   0.0%   0.562 GU:2    +
   48    66  1   0.0%   0.053 UA:2    +
   58   141  1   0.0%   1.685 GC:2    +
   91   111  1   0.0%   1.712 GU:2    +
   11    99  1   0.0%   0.384 AU:2    +
   88   150  1   0.0%   0.602 AU:2    +
   48   147  1   0.0%   0.164 UA:2    +
   48    95  1   0.0%   0.177 UA:2    +
   60    79  1   0.0%   0.320 UA:2    +
   57    79  1   0.0%   0.808 UA:2    +
    6    78  1   0.0%   0.195 GU:2    +
   18    91  1   0.0%   0.172 UG:2    +
   30    41  1   0.0%   0.069 AU:2    +
   49    93  1   0.0%   0.767 AU:2    +
    6   148  1   0.0%   0.487 GC:2    +
   13   105  1   0.0%   1.038 GU:2    +
   63   133  1   0.0%   0.246 UA:2    +
    6    33  1   0.0%   0.001 GU:2    +
    8   150  1   0.0%   0.500 AU:2    +
  136   150  1   0.0%   1.037 GU:2    +
   48    71  1   0.0%   0.068 UA:2    +
    6   146  1   0.0%   0.487 GC:2    +
  126   135  1   0.0%   0.373 AU:2    +
   99   125  1   0.0%   0.250 UA:2    +
  111   123  1   0.0%   0.631 UA:2    +
  100   105  1   0.0%   1.115 AU:2    +
   56    84  1   0.0%   1.081 CG:2    +
   25    41  1   0.0%   0.038 AU:2    +
    4    11  1   0.0%   0.002 UA:2    +
   18    49  1   0.0%   0.198 UA:2    +
  105   114  1   0.0%   0.845 UA:2    +
  137   150  1   0.0%   0.736 AU:2    +
    8   108  1   0.0%   0.357 AU:2    +
   47    84  1   0.0%   0.145 CG:2    +
   17    84  1   0.0%   0.159 CG:2    +
    6   152  1   0.0%   0.487 GC:2    +
  108   126  1   0.0%   0.980 UA:2    +
    4   122  1   0.0%   0.537 UA:2    +
  132   147  1   0.0%   0.480 UA:2    +
   57    71  1   0.0%   1.063 UA:2    +
  138   150  1   0.0%   0.878 AU:2    +
   18    92  1   0.0%   0.173 UG:2    +
    6   120  1   0.0%   0.488 GU:2    +
    5   147  1   0.0%   0.412 UA:2    +
   54    82  1   0.0%   0.324 UG:2    +
   57    88  1   0.0%   0.762 UA:2    +
   70   150  1   0.0%   0.788 GU:2    +
   42    72  1   0.0%   0.063 GU:2    +
   51   150  1   0.0%   1.065 AU:2    +
   26    45  1   0.0%   0.408 UA:2    +
    1   159  1   0.0%   0.003 AU:2    +
   84   152  1   0.0%   1.805 GC:2    +
  115   159  1   0.0%   0.579 AU:2    +
   60   114  1   0.0%   0.687 UA:2    +
   60    89  1   0.0%   0.170 UA:2    +
   86   105  1   0.0%   0.648 AU:2    +
   63    88  1   0.0%   0.221 UA:2    +
   45    87  1   0.0%   0.127 AU:2    +
   45    78  1   0.0%   0.129 AU:2    +
    2    60  1   0.0%   0.001 AU:2    +
  122   150  1   0.0%   0.741 AU:2    +
   42    85  1   0.0%   0.043 GU:2    +
   42    48  1   0.0%   0.078 GU:2    +
   43    84  1   0.0%   0.039 CG:2    +
   45    64  1   0.0%   0.195 AU:2    +
   42    83  1   0.0%   0.051 GC:2    +
   43    82  1   0.0%   0.046 CG:2    +
   41    86  1   0.0%   0.046 UA:2    +
   67    82  1   0.0%   0.537 CG:2    +
   53    81  1   0.0%   0.726 UA:2    +
   63    76  1   0.0%   0.696 UG:2    +
  141   155  1   0.0%   1.003 CG:2    +
   93   117  1   0.0%   0.978 UA:2    +
   41    82  1   0.0%   0.055 UG:2    +
    6   119  1   0.0%   0.484 GC:2    +
    4   138  1   0.0%   0.537 UA:2    +
    4     9  1   0.0%   0.000 UA:2    +
   66    99  1   0.0%   1.136 AU:2    +
   21   101  1   0.0%   0.199 GC:2    +
  108   113  1   0.0%   0.701 UA:2    +
  135   151  1   0.0%   0.948 UG:2    +
   51    99  1   0.0%   1.016 AU:2    +
   69    95  1   0.0%   0.365 UA:2    +
   90   147  1   0.0%   1.054 UA:2    +
  105   113  1   0.0%   0.725 UA:2    +
  150   155  1   0.0%   1.080 UG:2    +
   57    73  1   0.0%   1.043 UG:2    +
  117   159  1   0.0%   0.437 AU:2    +
  150   154  1   0.0%   1.106 UG:2    +
   30    55  1   0.0%   0.260 AU:2    +
   21    97  1   0.0%   0.063 GC:2    +
    8    18  1   0.0%   0.001 AU:2    +
   58    93  1   0.0%   1.391 GU:2    +
    6    74  1   0.0%   0.194 GC:2    +
   21    98  1   0.0%   0.048 GU:2    +
   69    76  1   0.0%   0.557 UG:2    +
   28    57  1   0.0%   0.336 AU:2    +
    6    34  1   0.0%   0.001 GC:2    +
   11    60  1   0.0%   0.365 AU:2    +
   60    92  1   0.0%   0.209 UG:2    +
    7    57  1   0.0%   0.080 GU:2    +
   55    81  1   0.0%   0.628 UA:2    +
  105   112  1   0.0%   0.562 UA:2    +
   42   157  1   0.0%   0.575 GU:2    +
    9    18  1   0.0%   0.003 AU:2    +
   75   147  1   0.0%   0.767 UA:2    +
   91   108  1   0.0%   1.787 GU:2    +
   60   154  1   0.0%   0.362 UG:2    +
   11    57  1   0.0%   0.515 AU:2    +
    6   132  1   0.0%   0.485 GU:2    +
   37    69  1   0.0%   0.165 AU:2    +
   18    39  1   0.0%   0.128 UA:2    +
   71   150  1   0.0%   1.006 AU:2    +
   88   135  1   0.0%   0.237 AU:2    +
   30    72  1   0.0%   0.054 AU:2    +
    1   150  1   0.0%   0.003 AU:2    +
   21    41  1   0.0%   0.003 GU:2    +
   99   112  1   0.0%   0.492 UA:2    +
   23    93  1   0.0%   0.036 AU:2    +
    6   104  1   0.0%   0.194 GC:2    +
   45    98  1   0.0%   0.178 AU:2    +
  131   147  1   0.0%   0.208 UA:2    +
   11    18  1   0.0%   0.002 AU:2    +
   69   151  1   0.0%   0.302 UG:2    +
   18    71  1   0.0%   0.189 UA:2    +
   84   107  1   0.0%   1.236 GC:2    +
   36    42  1   0.0%   0.154 CG:2    +
    1   135  1   0.0%   0.003 AU:2    +
    6    14  1   0.0%   0.000 GC:2    +
   95   105  1   0.0%   0.599 AU:2    +
    6   144  1   0.0%   0.486 GC:2    +
  143   147  1   0.0%   0.860 UA:2    +
   39    99  1   0.0%   0.173 AU:2    +
  100   111  1   0.0%   1.015 AU:2    +
    6   149  1   0.0%   0.487 GU:2    +
    5    21  1   0.0%   0.002 UG:2    +
    6    77  1   0.0%   0.194 GU:2    +
   11    54  1   0.0%   0.092 AU:2    +
   62    84  1   0.0%   0.557 CG:2    +
  108   112  1   0.0%   0.538 UA:2    +
    4   137  1   0.0%   0.537 UA:2    +
   21    50  1   0.0%   0.083 GC:2    +
   25    93  1   0.0%   0.001 AU:2    +
   41    84  1   0.0%   0.048 UG:2    +
   34    42  1   0.0%   0.155 CG:2    +
   17    21  1   0.0%   0.001 CG:2    +
   69    73  1   0.0%   0.660 UG:2    +
   24    42  1   0.0%   0.234 UG:2    +
   84   135  1   0.0%   0.942 GU:2    +
    2   108  1   0.0%   0.026 AU:2    +
   60    86  1   0.0%   0.192 UA:2    +
   93   136  1   0.0%   1.044 UG:2    +
   38    48  1   0.0%   0.201 AU:2    +
    6    97  1   0.0%   0.194 GC:2    +
   77   147  1   0.0%   0.468 UA:2    +
   57   117  1   0.0%   0.779 UA:2    +
   44    82  1   0.0%   0.063 CG:2    +
   86   108  1   0.0%   0.625 AU:2    +
   39    69  1   0.0%   0.139 AU:2    +
   79   159  1   0.0%   0.850 AU:2    +
   95   111  1   0.0%   0.500 AU:2    +
  125   135  1   0.0%   0.418 AU:2    +
   57   133  1   0.0%   0.779 UA:2    +
    7   135  1   0.0%   0.562 GU:2    +
   84   108  1   0.0%   1.230 GU:2    +
   93   115  1   0.0%   1.119 UA:2    +
   45   102  1   0.0%   0.244 AU:2    +
   99   138  1   0.0%   0.948 UA:2    +
   42    77  1   0.0%   0.041 GU:2    +
    4   147  1   0.0%   0.537 UA:2    +
   72   147  1   0.0%   0.490 UA:2    +
    1    63  1   0.0%   0.001 AU:2    +
   18    95  1   0.0%   0.167 UA:2    +
   46    60  1   0.0%   0.213 GU:2    +
   14    21  1   0.0%   0.003 CG:2    +
    6    98  1   0.0%   0.194 GU:2    +
   37    41  1   0.0%   0.201 AU:2    +
    6   107  1   0.0%   0.195 GC:2    +
..(((((((((((..(((.(((((.((((....))))..)))))))).((((...))))......(((..((((((...)))))).....)))..........))))))))))).......((((((.......(((.......))).......))))))
