3 sequence; length of alignment 160
alifold output
   45    54  0 100.0%   0.001 CG:1    UA:2   
   69    85  0  99.7%   0.012 CG:2    UG:1   
  111   137  0 100.0%   0.000 GC:3   
  118   130  0 100.0%   0.000 CG:3   
  119   129  0 100.0%   0.000 CG:3   
  110   138  0 100.0%   0.002 AU:3   
   46    53  0  99.9%   0.002 AU:3   
   47    52  0  99.9%   0.004 CG:3   
  112   136  0  99.9%   0.005 UG:3   
  109   139  0  99.9%   0.005 CG:3   
  106   142  0  99.8%   0.016 CG:3   
   70    84  0  99.8%   0.008 CG:3   
   72    82  0  99.8%   0.007 CG:3   
   71    83  0  99.8%   0.007 AU:3   
   43    56  0  99.7%   0.008 UA:3   
   44    55  0  99.7%   0.009 UG:3   
   42    57  0  99.7%   0.010 GC:3   
  117   131  1  99.8%   0.007 UA:2   
   90    98  0  99.2%   0.046 GC:3   
   91    97  0  99.2%   0.046 UA:3   
  116   132  0  98.8%   0.035 GU:3   
   92    96  0  98.8%   0.061 CG:3   
  120   128  0  98.8%   0.049 AU:3   
  114   134  0  98.1%   0.056 UG:3   
  113   135  1  98.2%   0.054 UA:2   
  105   143  0  97.6%   0.094 AU:3   
  107   141  0  97.5%   0.082 AU:3   
   89    99  0  96.2%   0.121 UA:3   
   10    29  0  89.1%   0.568 CG:2    UA:1   
    9    30  0  88.3%   0.601 CG:1    UG:2   
   11    28  0  88.9%   0.568 UA:3   
   68    86  0  88.7%   0.348 UA:3   
   88   100  0  85.8%   0.402 AU:3   
  121   127  0  84.3%   0.456 AU:3   
  104   144  0  80.7%   0.629 GU:3   
    8    31  0  79.7%   0.812 UA:3   
   15    24  0  78.1%   1.098 CG:1    UA:2   
   14    25  0  78.3%   1.286 CG:3   
   12    27  1  76.6%   0.827 UG:1    AU:1   
   16    23  1  74.6%   1.415 UA:2   
   17    22  0  65.0%   1.361 UG:3   
   73    81  0  64.8%   1.207 AU:3   
   74    79  1  62.2%   0.887 CG:2    +
   40   157  0  45.1%   1.878 GC:3   
   39   158  1  45.2%   1.990 GC:2   
   40    60  0  41.0%   1.279 GC:3    +
   38   159  0  40.1%   2.235 AU:3   
   41    58  0  39.7%   1.156 UA:3    +
   41   156  0  34.2%   1.940 UA:3   
   37    63  0  33.1%   1.122 AU:3    +
   36    64  1  32.4%   1.253 UA:2    +
   73    80  0  31.1%   1.090 AU:3    +
   35    65  0  25.4%   1.212 UA:3    +
    3   158  0  24.8%   1.631 GC:3    +
    2   159  0  22.8%   1.449 AU:3    +
   38    62  1  23.0%   1.090 AU:2    +
   41    59  0  20.5%   1.397 UA:3    +
  103   146  0  18.1%   1.529 GC:3    +
   16    20  0  12.4%   0.796 CG:1    UG:1    UA:1    +
   15    21  0  13.2%   1.016 CG:1    UA:2    +
   14    22  0  13.2%   1.208 CG:3    +
   13    23  0  12.9%   1.192 UA:3    +
    3    32  0  11.3%   0.767 GC:3    +
    2    33  0  10.7%   0.738 AU:3    +
  104   146  0  10.3%   1.490 GC:3    +
  103   147  1  10.6%   1.646 GU:2    +
    8    24  0   9.0%   0.668 UG:1    UA:2    +
  102   148  0   9.7%   1.047 UA:3    +
    7    25  0   9.1%   0.673 CG:3    +
   10    22  0   7.7%   0.608 CG:2    UG:1    +
    6    26  1   8.8%   0.643 AU:2    +
   11    21  0   7.3%   0.589 UG:1    UA:2    +
    5    27  1   7.4%   0.580 CG:1    GU:1    +
    9    23  1   7.8%   0.609 UA:2    +
   14    18  0   7.1%   0.573 CG:3    +
    3   160  0   6.5%   1.473 GC:3    +
   13    19  1   6.9%   0.562 UA:2    +
   87   103  0   5.4%   0.644 CG:2    UG:1    +
   30   157  0   6.0%   0.732 GC:3    +
    4   159  0   5.9%   0.997 AU:3    +
   29   158  1   6.0%   1.025 GC:2    +
    3   146  0   5.2%   0.847 GC:3    +
   28   159  0   5.2%   1.129 AU:3    +
    2   147  1   4.3%   0.704 AU:2    +
   88   102  0   3.8%   0.665 AU:3    +
   33    39  0   2.6%   0.847 UG:2    UA:1    +
    6    33  1   3.8%   0.847 AU:2    +
   34   152  0   3.2%   0.400 AU:3    +
   35   151  0   3.1%   0.876 UA:3    +
    4    35  0   3.0%   0.383 AU:3    +
   32    40  0   2.7%   0.647 CG:3    +
   33   153  1   2.8%   0.946 UA:2    +
   36   150  1   2.5%   0.799 UA:2    +
    9    20  0   0.0%   0.010 CG:1    UG:1    UA:1    +
  147   153  0   1.0%   0.786 AU:1    UA:2    +
   60   103  0   2.0%   0.782 CG:3    +
   15    20  0   0.0%   0.031 CG:1    UG:1    UA:1    +
    3    36  1   2.5%   0.590 GU:2    +
   61   102  0   1.9%   0.306 AU:3    +
   16    24  0   0.7%   1.045 CG:1    UA:2    +
   40   146  0   1.7%   0.882 GC:3    +
   24    33  0   0.7%   0.953 GU:1    AU:2    +
    8    29  0   0.6%   0.337 UG:2    UA:1    +
   33    38  0   1.6%   0.620 UA:3    +
   39    60  1   2.0%   0.406 GC:2    +
   16    22  0   0.5%   0.815 CG:1    UG:2    +
   36   153  0   0.5%   0.788 AU:1    UA:2    +
   75    80  0   0.5%   0.439 GU:2    AU:1    +
   15    25  0   0.5%   0.985 CG:1    UG:2    +
   17    21  0   0.4%   0.537 UG:1    UA:2    +
   40    62  0   0.3%   0.895 GC:1    GU:2    +
   40    66  0   0.3%   0.564 GC:2    GU:1    +
   30    66  0   0.3%   0.200 GC:2    GU:1    +
   89   101  0   1.3%   0.311 UA:3    +
   39    63  0   0.3%   0.725 GU:2    AU:1    +
   66    90  0   0.3%   0.095 CG:2    UG:1    +
   10    25  0   0.2%   0.471 CG:2    UG:1    +
   66   104  0   0.2%   0.133 CG:2    UG:1    +
   11    24  0   0.2%   0.467 UG:1    UA:2    +
   31    41  0   1.2%   0.378 AU:3    +
   29   159  0   0.2%   1.041 GU:2    AU:1    +
   32    39  1   1.7%   0.489 CG:2    +
   39   159  0   0.1%   1.826 GU:2    AU:1    +
    3   157  0   1.1%   0.693 GC:3    +
   13    21  0   0.1%   0.409 UG:1    UA:2    +
   41   145  0   1.1%   0.927 UA:3    +
   75    81  0   0.1%   0.328 GU:2    AU:1    +
  108   141  0   0.1%   0.047 GU:1    AU:2    +
   75    83  0   0.1%   0.059 GU:2    AU:1    +
   16    21  0   0.1%   0.745 CG:1    UA:2    +
    9    21  0   0.1%   0.024 CG:1    UA:2    +
    3    10  0   0.1%   0.032 GC:2    GU:1    +
   13    24  0   0.0%   0.705 UG:1    UA:2    +
   39   147  1   1.5%   0.674 GU:2    +
    6   147  0   0.0%   0.499 AU:2    UA:1    +
   29    35  0   0.0%   0.298 GU:2    AU:1    +
    9    24  0   0.0%   0.435 CG:1    UA:2    +
   87    96  0   0.0%   0.028 CG:2    UG:1    +
   21   159  0   0.0%   1.016 GU:1    AU:2    +
   13    20  0   0.0%   0.200 UG:2    UA:1    +
   87   104  0   0.0%   0.216 CG:2    UG:1    +
   62   101  1   1.5%   0.628 UA:2    +
    6    36  0   0.0%   0.476 AU:2    UA:1    +
    3    87  0   0.0%   0.387 GC:2    GU:1    +
   30    69  0   0.0%   0.170 GC:2    GU:1    +
   15    22  0   0.0%   0.755 CG:1    UG:2    +
   29    68  0   0.0%   0.177 GU:2    AU:1    +
    8    39  0   0.0%   0.457 UG:2    UA:1    +
   39    66  0   0.0%   0.309 GC:2    AU:1    +
    8    21  0   0.0%   0.017 UG:1    UA:2    +
   39    87  0   0.0%   0.312 GC:2    AU:1    +
   66   103  0   0.0%   0.205 CG:2    UG:1    +
   69   104  0   0.0%   0.055 CG:2    UG:1    +
   10    30  0   0.0%   0.470 CG:2    UG:1    +
   39    68  0   0.0%   0.334 GU:2    AU:1    +
   25    66  0   0.0%   0.498 GC:2    GU:1    +
   10    18  0   0.0%   0.006 CG:2    UG:1    +
   17    24  0   0.0%   0.812 UG:1    UA:2    +
   11    29  0   0.0%   0.469 UG:2    UA:1    +
   11    20  0   0.0%   0.018 UG:2    UA:1    +
   35    39  0   0.0%   0.322 UG:2    UA:1    +
   16    25  0   0.0%   1.006 CG:1    UG:2    +
    3     9  0   0.0%   0.023 GC:1    GU:2    +
   29    66  0   0.0%   0.146 GC:2    AU:1    +
   24   159  0   0.0%   1.017 GU:1    AU:2    +
   51   147  0   0.0%   0.230 AU:2    UA:1    +
   66   142  0   0.0%   0.078 CG:2    UG:1    +
    3    66  0   0.0%   0.378 GC:2    GU:1    +
   39   152  0   0.0%   0.529 GU:2    AU:1    +
   62   104  0   0.0%   0.506 CG:1    UG:2    +
   10   103  0   0.0%   0.351 CG:2    UG:1    +
   69   134  0   0.0%   0.006 CG:2    UG:1    +
   66    85  0   0.0%   0.040 CG:2    UG:1    +
   62   103  0   0.0%   0.618 CG:1    UG:2    +
   54   144  0   0.0%   0.005 GU:1    AU:2    +
    3    62  0   0.0%   0.378 GC:1    GU:2    +
  108   143  0   0.0%   0.049 GU:1    AU:2    +
    9    25  0   0.0%   0.433 CG:1    UG:2    +
   29    87  0   0.0%   0.167 GC:2    AU:1    +
   10    39  0   0.0%   0.329 CG:2    UA:1    +
   40    87  0   0.0%   0.511 GC:2    GU:1    +
    9    18  0   0.0%   0.007 CG:1    UG:2    +
   45    55  0   0.0%   0.004 CG:1    UG:2    +
   29    33  0   0.0%   0.562 GU:2    AU:1    +
    9   104  0   0.0%   0.353 CG:1    UG:2    +
   87   116  0   0.0%   0.164 CG:2    UG:1    +
   78   113  0   0.0%   0.000 GU:1    AU:2    +
   33    54  0   0.0%   0.585 UG:1    UA:2    +
    9    40  0   0.0%   0.353 CG:1    UG:2    +
   36    51  0   0.0%   0.135 AU:1    UA:2    +
   62    82  0   0.0%   0.390 CG:1    UG:2    +
    9    22  0   0.0%   0.017 CG:1    UG:2    +
   62   108  0   0.0%   0.473 CG:1    UA:2    +
   13    29  0   0.0%   0.606 UG:2    UA:1    +
    8    20  0   0.0%   0.014 UG:2    UA:1    +
   30    87  0   0.0%   0.168 GC:2    GU:1    +
   75   128  0   0.0%   0.038 GU:2    AU:1    +
   78   127  0   0.0%   0.000 GU:1    AU:2    +
    9   103  0   0.0%   0.375 CG:1    UG:2    +
   69    82  0   0.0%   0.002 CG:2    UG:1    +
   29   152  0   0.0%   0.183 GU:2    AU:1    +
   39   102  0   0.0%   0.345 GU:2    AU:1    +
   83   108  0   0.0%   0.016 UG:1    UA:2    +
   10   104  0   0.0%   0.328 CG:2    UG:1    +
   69    84  0   0.0%   0.002 CG:2    UG:1    +
  102   108  0   0.0%   0.287 UG:1    UA:2    +
   78   126  0   0.0%   0.000 GC:1    AU:2    +
   42    87  0   0.0%   0.022 GC:2    GU:1    +
   45    84  0   0.0%   0.001 CG:1    UG:2    +
   87   142  0   0.0%   0.170 CG:2    UG:1    +
   62    90  0   0.0%   0.396 CG:1    UG:2    +
   24   100  0   0.0%   0.500 GU:1    AU:2    +
   21    33  0   0.0%   0.883 GU:1    AU:2    +
   21    35  0   0.0%   0.645 GU:1    AU:2    +
   39   144  0   0.0%   0.312 GU:2    AU:1    +
  117   136  0   0.0%   0.004 CG:1    UG:2    +
   30    62  0   0.0%   0.145 GC:1    GU:2    +
   93   147  0   0.0%   0.247 AU:2    UA:1    +
    3    69  0   0.0%   0.382 GC:2    GU:1    +
    3    16  0   0.0%   0.027 GC:1    GU:2    +
   53    75  0   0.0%   0.001 UG:2    UA:1    +
   24   152  0   0.0%   0.514 GU:1    AU:2    +
   29    63  0   0.0%   0.145 GU:2    AU:1    +
   39   100  0   0.0%   0.310 GU:2    AU:1    +
   36    93  0   0.0%   0.505 AU:1    UA:2    +
  102   145  0   1.0%   0.479 UA:3    +
   17    23  0   1.0%   1.122 UA:3    +
   86   102  0   0.9%   0.354 AU:3    +
  148   152  0   0.8%   0.561 AU:3    +
   25    32  0   0.7%   0.813 GC:3    +
  103   144  0   0.7%   0.440 GU:3    +
   26    31  0   0.7%   0.497 UA:3    +
   33   103  0   0.6%   0.732 UG:3    +
   34   102  0   0.6%   0.118 AU:3    +
    7    30  0   0.6%   0.339 CG:3    +
   32   104  0   0.6%   0.553 CG:3    +
  103   158  0   0.6%   1.900 GC:3    +
  104   157  0   0.6%   1.147 GC:3    +
   35   101  0   0.5%   0.594 UA:3    +
  105   144  0   0.4%   0.316 AU:3    +
    2    35  0   0.4%   0.334 AU:3    +
   38    63  0   0.4%   0.856 AU:3    +
   35   154  0   0.4%   0.737 UA:3    +
   37   152  0   0.4%   0.574 AU:3    +
    4    33  0   0.4%   0.317 AU:3    +
    7   103  0   0.4%   0.345 CG:3    +
   67   103  0   0.3%   0.251 CG:3    +
  100   148  0   0.3%   0.228 UA:3    +
    3     7  0   0.3%   0.054 GC:3    +
   61    95  0   0.3%   0.078 AU:3    +
   60    96  0   0.3%   0.517 CG:3    +
   41    61  0   0.3%   0.803 UA:3    +
   65    91  0   0.3%   0.424 AU:3    +
   90   100  0   0.3%   0.215 GU:3    +
   42    60  0   0.3%   0.496 GC:3    +
   91    99  0   0.3%   0.113 UA:3    +
   43    59  0   0.2%   0.368 UA:3    +
  104   143  0   0.2%   0.101 GU:3    +
   34    63  0   0.2%   0.043 AU:3    +
   33    64  0   0.2%   0.624 UA:3    +
    2     8  0   0.2%   0.038 AU:3    +
   30   158  0   0.2%   0.895 GC:3    +
  120   127  0   0.2%   0.036 AU:3    +
   41    65  0   0.2%   1.149 UA:3    +
  145   152  0   0.2%   0.300 AU:3    +
    3    35  0   0.2%   0.333 GU:3    +
   40   158  0   0.2%   1.855 GC:3    +
   38    68  0   0.2%   0.474 AU:3    +
  101   152  0   0.1%   0.366 AU:3    +
   32   103  0   0.1%   0.501 CG:3    +
   44    58  0   0.1%   0.397 UA:3    +
   33   154  0   0.1%   0.771 UA:3    +
   28    68  0   0.1%   0.169 AU:3    +
   74    82  0   0.1%   0.323 CG:3    +
   73    83  0   0.1%   0.671 AU:3    +
  102   151  0   0.1%   0.709 UA:3    +
   72    84  0   0.1%   0.028 CG:3    +
   12    25  1   0.1%   0.271 CG:1    UG:1    +
   35    64  0   0.1%   0.193 UA:3    +
   12    18  1   0.1%   0.022 CG:1    UG:1    +
   58    63  0   0.1%   0.817 AU:3    +
    8    28  0   0.1%   0.252 UA:3    +
  100   150  0   0.1%   0.301 UA:3    +
   76    82  0   0.1%   0.027 CG:3    +
   41   155  0   0.1%   0.852 UA:3    +
   74    84  0   0.1%   0.330 CG:3    +
   37   159  0   0.1%   1.103 AU:3    +
   65    89  0   0.1%   0.382 AU:3    +
   10    20  1   0.1%   0.021 CG:1    UG:1    +
   90   106  0   0.1%   0.061 GC:3    +
   91   105  0   0.1%   0.060 UA:3    +
   33   148  0   0.1%   0.650 UA:3    +
   92   104  0   0.1%   0.081 CG:3    +
  102   149  0   0.1%   0.593 UA:3    +
   63   148  0   0.1%   0.472 UA:3    +
   12    22  1   0.1%   0.223 CG:1    UG:1    +
    1   159  0   0.1%   0.049 AU:3    +
   63   150  0   0.1%   0.567 UA:3    +
   70    85  0   0.1%   0.021 CG:3    +
   95   101  0   0.1%   0.185 UA:3    +
  100   149  0   0.1%   0.203 UA:3    +
    3    67  0   0.1%   0.391 GC:3    +
   61   152  0   0.1%   0.283 AU:3    +
   77    81  0   0.1%   0.301 AU:3    +
   89   107  0   0.1%   0.116 UA:3    +
    5   153  1   0.1%   0.211 GU:1    UA:1    +
    2    11  0   0.1%   0.025 AU:3    +
   94   102  0   0.1%   0.314 AU:3    +
   35   149  0   0.1%   0.556 UA:3    +
   11    23  0   0.1%   0.412 UA:3    +
   33   156  0   0.0%   0.769 UA:3    +
  121   128  0   0.0%   0.181 AU:3    +
   98   103  0   0.0%   0.346 CG:3    +
   59    63  0   0.0%   0.777 AU:3    +
   30   160  0   0.0%   0.545 GC:3    +
   30   146  0   0.0%   0.336 GC:3    +
   33   155  0   0.0%   0.765 UA:3    +
   60   142  0   0.0%   0.571 CG:3    +
    1    35  0   0.0%   0.016 AU:3    +
   96   100  0   0.0%   0.195 GU:3    +
   11    25  0   0.0%   0.463 UG:3    +
   59   143  0   0.0%   0.357 AU:3    +
   61   141  0   0.0%   0.128 AU:3    +
   31   159  0   0.0%   0.964 AU:3    +
    2   152  0   0.0%   0.442 AU:3    +
   35   150  0   0.0%   0.557 UA:3    +
    3   159  0   0.0%   1.290 GU:3    +
    4   152  0   0.0%   0.166 AU:3    +
   58   144  0   0.0%   0.396 AU:3    +
    3    14  0   0.0%   0.032 GC:3    +
    4    13  0   0.0%   0.013 AU:3    +
   30    67  0   0.0%   0.192 GC:3    +
    2    68  0   0.0%   0.299 AU:3    +
  144   150  0   0.0%   0.362 UA:3    +
   72    85  0   0.0%   0.026 CG:3    +
  143   154  0   0.0%   0.092 UA:3    +
    1   152  0   0.0%   0.041 AU:3    +
   26   156  0   0.0%   0.262 UA:3    +
   25   157  0   0.0%   0.557 GC:3    +
  152   156  0   0.0%   0.608 UA:3    +
    8    22  0   0.0%   0.023 UG:3    +
   33    65  0   0.0%   0.605 UA:3    +
   64   152  0   0.0%   0.553 AU:3    +
   35    61  0   0.0%   0.161 UA:3    +
   63   101  0   0.0%   0.542 UA:3    +
   35   155  0   0.0%   0.693 UA:3    +
   88    95  0   0.0%   0.027 AU:3    +
   22   158  0   0.0%   1.134 GC:3    +
   89    94  0   0.0%   0.031 UA:3    +
  102   150  0   0.0%   0.680 UA:3    +
    7    40  0   0.0%   0.282 CG:3    +
  144   155  0   0.0%   0.275 UA:3    +
   31    91  0   0.0%   0.278 AU:3    +
   30    92  0   0.0%   0.173 GC:3    +
   32    90  0   0.0%   0.455 CG:3    +
  144   149  0   0.0%   0.269 UA:3    +
  143   151  0   0.0%   0.176 UA:3    +
   31    68  0   0.0%   0.287 AU:3    +
    5   103  1   0.0%   0.202 CG:1    UG:1    +
  143   156  0   0.0%   0.429 UA:3    +
   33    37  0   0.0%   0.429 UA:3    +
    7   104  0   0.0%   0.305 CG:3    +
   64   100  0   0.0%   0.393 AU:3    +
    3    92  0   0.0%   0.388 GC:3    +
  142   157  0   0.0%   0.627 GC:3    +
  100   151  0   0.0%   0.307 UA:3    +
    4    91  0   0.0%   0.148 AU:3    +
   61    89  0   0.0%   0.028 AU:3    +
   28    35  0   0.0%   0.290 AU:3    +
    5    90  1   0.0%   0.200 CG:1    UG:1    +
   60    90  0   0.0%   0.469 CG:3    +
    8   155  0   0.0%   0.464 UA:3    +
    7    22  0   0.0%   0.023 CG:3    +
   26    97  0   0.0%   0.255 UA:3    +
   25    98  0   0.0%   0.501 GC:3    +
   33   150  0   0.0%   0.646 UA:3    +
  142   152  0   0.0%   0.179 GU:3    +
   59    91  0   0.0%   0.350 AU:3    +
    3    33  0   0.0%   0.518 GU:3    +
    5    29  1   0.0%   0.197 CG:1    UG:1    +
    3   152  0   0.0%   0.552 GU:3    +
   35   156  0   0.0%   0.693 UA:3    +
    1    33  0   0.0%   0.008 AU:3    +
   28    95  0   0.0%   0.154 AU:3    +
    4   144  0   0.0%   0.153 AU:3    +
   33   151  0   0.0%   0.647 UA:3    +
   33   149  0   0.0%   0.645 UA:3    +
    5    30  1   0.0%   0.198 CG:1    UG:1    +
   25   146  0   0.0%   0.656 GC:3    +
   27    36  1   0.0%   0.534 GU:1    UA:1    +
   40    67  0   0.0%   0.554 GC:3    +
    8   154  0   0.0%   0.462 UA:3    +
  103   157  0   0.0%   1.498 GC:3    +
   99   152  0   0.0%   0.212 AU:3    +
  144   151  0   0.0%   0.376 UA:3    +
   26   145  0   0.0%   0.256 UA:3    +
  103   152  0   0.0%   1.080 GU:3    +
   33   101  0   0.0%   0.603 UA:3    +
   61    68  0   0.0%   0.051 AU:3    +
   63   149  0   0.0%   0.469 UA:3    +
    7   142  0   0.0%   0.305 CG:3    +
    2   102  0   0.0%   0.297 AU:3    +
    8   150  0   0.0%   0.459 UA:3    +
    4   102  0   0.0%   0.150 AU:3    +
   63   154  0   0.0%   0.501 UA:3    +
   18   160  0   0.0%   0.375 GC:3    +
  101   144  0   0.0%   0.165 AU:3    +
    8    38  0   0.0%   0.454 UA:3    +
   92   103  0   0.0%   0.343 CG:3    +
    8   103  0   0.0%   0.480 UG:3    +
   63   103  0   0.0%   0.593 UG:3    +
    8   156  0   0.0%   0.464 UA:3    +
   64   102  0   0.0%   0.504 AU:3    +
   26    37  0   0.0%   0.252 UA:3    +
    3   144  0   0.0%   0.389 GU:3    +
  100   145  0   0.0%   0.212 UA:3    +
  150   159  0   0.0%   1.185 AU:3    +
   26    38  0   0.0%   0.253 UA:3    +
   70   103  0   0.0%   0.177 CG:3    +
    8   149  0   0.0%   0.458 UA:3    +
   35    40  0   0.0%   0.257 UG:3    +
   59    68  0   0.0%   0.370 AU:3    +
   34    68  0   0.0%   0.033 AU:3    +
    8   151  0   0.0%   0.459 UA:3    +
   67   104  0   0.0%   0.115 CG:3    +
   26   149  0   0.0%   0.257 UA:3    +
   34   159  0   0.0%   0.851 AU:3    +
   34   100  0   0.0%   0.020 AU:3    +
  154   159  0   0.0%   1.125 AU:3    +
   28    33  0   0.0%   0.558 AU:3    +
   63   155  0   0.0%   0.480 UA:3    +
   33   145  0   0.0%   0.637 UA:3    +
    4    26  0   0.0%   0.009 AU:3    +
    4   143  0   0.0%   0.149 AU:3    +
    8    34  0   0.0%   0.453 UA:3    +
    1   102  0   0.0%   0.032 AU:3    +
   71   102  0   0.0%   0.118 AU:3    +
   67    85  0   0.0%   0.047 CG:3    +
   33    40  0   0.0%   0.686 UG:3    +
  143   150  0   0.0%   0.157 UA:3    +
   31    35  0   0.0%   0.370 AU:3    +
   34    41  0   0.0%   0.058 AU:3    +
    4     8  0   0.0%   0.015 AU:3    +
    4    11  0   0.0%   0.009 AU:3    +
    5   142  1   0.0%   0.200 CG:1    UG:1    +
   26    65  0   0.0%   0.252 UA:3    +
   28    63  0   0.0%   0.143 AU:3    +
  144   148  0   0.0%   0.502 UA:3    +
   86   100  0   0.0%   0.112 AU:3    +
  144   154  0   0.0%   0.295 UA:3    +
   13    18  0   0.0%   0.012 UG:3    +
    3    12  1   0.0%   0.025 GC:1    GU:1    +
   38   152  0   0.0%   0.595 AU:3    +
   22   160  0   0.0%   0.964 GC:3    +
   23   159  0   0.0%   1.249 AU:3    +
   63   145  0   0.0%   0.501 UA:3    +
    8    30  0   0.0%   0.304 UG:3    +
   11   154  0   0.0%   0.332 UA:3    +
   41   154  0   0.0%   0.863 UA:3    +
   35   148  0   0.0%   0.548 UA:3    +
   12   153  1   0.0%   0.230 AU:1    UA:1    +
    8   148  0   0.0%   0.456 UA:3    +
    5    25  1   0.0%   0.001 CG:1    UG:1    +
   64   144  0   0.0%   0.397 AU:3    +
  101   159  0   0.0%   1.258 AU:3    +
   22   157  0   0.0%   0.832 GC:3    +
   68   105  0   0.0%   0.136 UA:3    +
    3    60  0   0.0%   0.378 GC:3    +
   35    99  0   0.0%   0.514 UA:3    +
   25   158  0   0.0%   0.852 GC:3    +
   68   103  0   0.0%   0.302 UG:3    +
   40    63  0   0.0%   0.909 GU:3    +
   37   102  0   0.0%   0.414 AU:3    +
   52   146  0   0.0%   0.239 GC:3    +
    2   144  0   0.0%   0.296 AU:3    +
   34   144  0   0.0%   0.054 AU:3    +
   53   145  0   0.0%   0.054 UA:3    +
   41   151  0   0.0%   0.938 UA:3    +
   31   152  0   0.0%   0.288 AU:3    +
   25   160  0   0.0%   0.684 GC:3    +
   65   143  0   0.0%   0.393 AU:3    +
   64    68  0   0.0%   0.414 AU:3    +
   63   139  0   0.0%   0.448 UG:3    +
   44   154  0   0.0%   0.050 UA:3    +
   40   152  0   0.0%   0.725 GU:3    +
  151   159  0   0.0%   1.201 AU:3    +
    1   144  0   0.0%   0.031 AU:3    +
   64    89  0   0.0%   0.390 AU:3    +
    8    25  0   0.0%   0.453 UG:3    +
   13    25  0   0.0%   0.710 UG:3    +
   60   104  0   0.0%   0.592 CG:3    +
    3     8  0   0.0%   0.032 GU:3    +
   46   152  0   0.0%   0.150 AU:3    +
   40   159  0   0.0%   2.012 GU:3    +
   67    90  0   0.0%   0.068 CG:3    +
   63   151  0   0.0%   0.575 UA:3    +
  102   154  0   0.0%   0.615 UA:3    +
  104   158  0   0.0%   1.434 GC:3    +
  155   159  0   0.0%   1.094 AU:3    +
   43   155  0   0.0%   0.033 UA:3    +
   63    88  0   0.0%   0.433 UA:3    +
   64   138  0   0.0%   0.390 AU:3    +
  143   149  0   0.0%   0.067 UA:3    +
   70    82  0   0.0%   0.002 CG:3    +
   65   152  0   0.0%   0.543 AU:3    +
   68    88  0   0.0%   0.137 UA:3    +
   30   159  0   0.0%   1.034 GU:3    +
    2    13  0   0.0%   0.017 AU:3    +
   40   160  0   0.0%   1.132 GC:3    +
  149   159  0   0.0%   1.093 AU:3    +
  102   155  0   0.0%   0.594 UA:3    +
   37   100  0   0.0%   0.378 AU:3    +
    8   145  0   0.0%   0.455 UA:3    +
   71    81  0   0.0%   0.001 AU:3    +
   58    68  0   0.0%   0.409 AU:3    +
   70   133  0   0.0%   0.010 CG:3    +
   67   136  0   0.0%   0.067 CG:3    +
   44    56  0   0.0%   0.007 UA:3    +
  103   159  0   0.0%   2.009 GU:3    +
   37   144  0   0.0%   0.381 AU:3    +
  143   155  0   0.0%   0.066 UA:3    +
   35   145  0   0.0%   0.543 UA:3    +
   68    84  0   0.0%   0.029 UG:3    +
   67    84  0   0.0%   0.046 CG:3    +
   64    91  0   0.0%   0.392 AU:3    +
   59   152  0   0.0%   0.497 AU:3    +
    3   102  0   0.0%   0.388 GU:3    +
    2    63  0   0.0%   0.292 AU:3    +
   71   132  0   0.0%   0.004 AU:3    +
   32   142  0   0.0%   0.492 CG:3    +
   98   142  0   0.0%   0.019 CG:3    +
   99   141  0   0.0%   0.057 AU:3    +
   97   143  0   0.0%   0.016 AU:3    +
  144   156  0   0.0%   0.632 UA:3    +
  113   134  0   0.0%   0.001 UG:3    +
  100   140  0   0.0%   0.159 UA:3    +
   11    18  0   0.0%   0.006 UG:3    +
    8   101  0   0.0%   0.454 UA:3    +
  141   151  0   0.0%   0.162 UA:3    +
   65   102  0   0.0%   0.500 AU:3    +
   31   143  0   0.0%   0.275 AU:3    +
   34    89  0   0.0%   0.019 AU:3    +
  140   152  0   0.0%   0.171 AU:3    +
   96   144  0   0.0%   0.044 GU:3    +
    1     8  0   0.0%   0.000 AU:3    +
   35    88  0   0.0%   0.513 UA:3    +
   63   156  0   0.0%   0.838 UA:3    +
  148   159  0   0.0%   1.369 AU:3    +
   30    60  0   0.0%   0.145 GC:3    +
  107   144  0   0.0%   0.269 AU:3    +
  119   133  0   0.0%   0.001 CG:3    +
  118   134  0   0.0%   0.019 CG:3    +
   11   151  0   0.0%   0.330 UA:3    +
  120   132  0   0.0%   0.037 AU:3    +
   11    38  0   0.0%   0.330 UA:3    +
   30   144  0   0.0%   0.172 GU:3    +
  143   148  0   0.0%   0.304 UA:3    +
   95   145  0   0.0%   0.079 UA:3    +
   26   151  0   0.0%   0.256 UA:3    +
   30    35  0   0.0%   0.297 GU:3    +
   47    55  0   0.0%   0.005 CG:3    +
   91    96  0   0.0%   0.043 UG:3    +
  122   130  0   0.0%   0.001 CG:3    +
   63    86  0   0.0%   0.431 UA:3    +
  109   142  0   0.0%   0.009 CG:3    +
   25   152  0   0.0%   0.513 GU:3    +
    8    23  0   0.0%   0.017 UA:3    +
    4   100  0   0.0%   0.146 AU:3    +
    2   100  0   0.0%   0.294 AU:3    +
   33    61  0   0.0%   0.585 UA:3    +
   57   142  0   0.0%   0.006 CG:3    +
   38   102  0   0.0%   0.476 AU:3    +
   59   102  0   0.0%   0.382 AU:3    +
   11   150  0   0.0%   0.330 UA:3    +
  114   133  0   0.0%   0.001 UG:3    +
   58   102  0   0.0%   0.420 AU:3    +
   35    59  0   0.0%   0.155 UA:3    +
   94   100  0   0.0%   0.172 AU:3    +
   26    34  0   0.0%   0.250 UA:3    +
    2   143  0   0.0%   0.295 AU:3    +
   11   149  0   0.0%   0.330 UA:3    +
   95    99  0   0.0%   0.074 UA:3    +
   58   141  0   0.0%   0.384 AU:3    +
  103   109  0   0.0%   0.330 GC:3    +
   85   118  0   0.0%   0.011 GC:3    +
   26   150  0   0.0%   0.256 UA:3    +
   84   119  0   0.0%   0.016 GC:3    +
   98   104  0   0.0%   0.069 CG:3    +
   68    85  0   0.0%   0.029 UG:3    +
   25    35  0   0.0%   0.645 GU:3    +
   23    35  0   0.0%   0.881 AU:3    +
  113   136  0   0.0%   0.020 UG:3    +
  106   111  0   0.0%   0.005 CG:3    +
  105   112  0   0.0%   0.006 AU:3    +
    8    37  0   0.0%   0.452 UA:3    +
    1   100  0   0.0%   0.030 AU:3    +
  104   113  0   0.0%   0.056 GU:3    +
  107   143  0   0.0%   0.072 AU:3    +
   60    84  0   0.0%   0.462 CG:3    +
   61    83  0   0.0%   0.023 AU:3    +
   65   100  0   0.0%   0.389 AU:3    +
   56   143  0   0.0%   0.005 AU:3    +
  102   156  0   0.0%   0.952 UA:3    +
   77   114  0   0.0%   0.005 AU:3    +
   82   109  0   0.0%   0.017 GC:3    +
   81   110  0   0.0%   0.293 UA:3    +
   76   115  0   0.0%   0.006 CG:3    +
   84   106  0   0.0%   0.016 GC:3    +
   65   159  0   0.0%   1.453 AU:3    +
   34    53  0   0.0%   0.002 AU:3    +
   32    55  0   0.0%   0.448 CG:3    +
   35    52  0   0.0%   0.155 UG:3    +
   11   155  0   0.0%   0.331 UA:3    +
   71    80  0   0.0%   0.000 AU:3    +
  103   160  0   0.0%   1.128 GC:3    +
   11   148  0   0.0%   0.329 UA:3    +
    2    26  0   0.0%   0.020 AU:3    +
   65    80  0   0.0%   0.364 AU:3    +
   58   152  0   0.0%   0.535 AU:3    +
   22    35  0   0.0%   0.929 GU:3    +
   12    29  1   0.0%   0.364 CG:1    UG:1    +
   80   111  0   0.0%   0.389 UG:3    +
   97   152  0   0.0%   0.165 AU:3    +
   68   101  0   0.0%   0.229 UA:3    +
  115   132  0   0.0%   0.001 GU:3    +
   41    64  0   0.0%   1.150 UA:3    +
   12    30  1   0.0%   0.367 CG:1    UG:1    +
   64    81  0   0.0%   0.387 AU:3    +
  100   154  0   0.0%   0.230 UA:3    +
    5    40  1   0.0%   0.196 CG:1    UG:1    +
   95   151  0   0.0%   0.143 UA:3    +
  103   114  0   0.0%   0.330 GU:3    +
    1    63  0   0.0%   0.030 AU:3    +
    3   143  0   0.0%   0.386 GU:3    +
   40    98  0   0.0%   0.509 GC:3    +
   63    99  0   0.0%   0.444 UA:3    +
    5    39  1   0.0%   0.196 CG:1    UG:1    +
   94   152  0   0.0%   0.179 AU:3    +
   41   150  0   0.0%   0.925 UA:3    +
    3    26  0   0.0%   0.027 GU:3    +
  110   141  0   0.0%   0.036 AU:3    +
   13    28  0   0.0%   0.601 UA:3    +
   11    31  0   0.0%   0.510 UA:3    +
   97   102  0   0.0%   0.296 AU:3    +
   42    50  0   0.0%   0.000 GC:3    +
   22   146  0   0.0%   0.934 GC:3    +
   43    49  0   0.0%   0.000 UA:3    +
   82   122  0   0.0%   0.017 GC:3    +
  102   110  0   0.0%   0.287 UA:3    +
   64   159  0   0.0%   1.462 AU:3    +
   52    60  0   0.0%   0.463 GC:3    +
   41   149  0   0.0%   0.836 UA:3    +
   42   157  0   0.0%   0.602 GC:3    +
   88   152  0   0.0%   0.415 AU:3    +
  104   152  0   0.0%   0.643 GU:3    +
   53    59  0   0.0%   0.340 UA:3    +
   58   100  0   0.0%   0.385 AU:3    +
   41   148  0   0.0%   0.836 UA:3    +
   90   157  0   0.0%   0.634 GC:3    +
   83   120  0   0.0%   0.016 UA:3    +
   25    60  0   0.0%   0.497 GC:3    +
   63   107  0   0.0%   0.447 UA:3    +
    4    63  0   0.0%   0.144 AU:3    +
   68   149  0   0.0%   0.151 UA:3    +
   26    59  0   0.0%   0.250 UA:3    +
   38   143  0   0.0%   0.441 AU:3    +
    3    98  0   0.0%   0.386 GC:3    +
   68   150  0   0.0%   0.241 UA:3    +
    5   104  1   0.0%   0.199 CG:1    UG:1    +
   91   156  0   0.0%   0.426 UA:3    +
   68   155  0   0.0%   0.154 UA:3    +
   43   156  0   0.0%   0.392 UA:3    +
   91   104  0   0.0%   0.096 UG:3    +
   41    97  0   0.0%   0.776 UA:3    +
   31   102  0   0.0%   0.277 AU:3    +
   33    88  0   0.0%   0.600 UA:3    +
   55    60  0   0.0%   0.465 GC:3    +
    4    41  0   0.0%   0.144 AU:3    +
   89   151  0   0.0%   0.225 UA:3    +
   85   102  0   0.0%   0.126 GU:3    +
   43   154  0   0.0%   0.053 UA:3    +
   57   103  0   0.0%   0.070 CG:3    +
    1    17  0   0.0%   0.004 AU:3    +
  141   150  0   0.0%   0.147 UA:3    +
   74   129  0   0.0%   0.309 CG:3    +
   43    58  0   0.0%   0.370 UA:3    +
   68   154  0   0.0%   0.175 UA:3    +
    3    63  0   0.0%   0.378 GU:3    +
   11   156  0   0.0%   0.330 UA:3    +
   26    30  0   0.0%   0.359 UG:3    +
   44    48  0   0.0%   0.000 UA:3    +
   83   107  0   0.0%   0.016 UA:3    +
    8   105  0   0.0%   0.455 UA:3    +
    6    12  1   0.0%   0.001 AU:1    UA:1    +
   28   152  0   0.0%   0.166 AU:3    +
   14    30  0   0.0%   0.803 CG:3    +
  122   129  0   0.0%   0.000 CG:3    +
   72   103  0   0.0%   0.180 CG:3    +
    3   100  0   0.0%   0.386 GU:3    +
   77   128  0   0.0%   0.005 AU:3    +
   55   144  0   0.0%   0.008 GU:3    +
   76   129  0   0.0%   0.006 CG:3    +
   61   159  0   0.0%   1.191 AU:3    +
   74   116  0   0.0%   0.309 CG:3    +
   44   155  0   0.0%   0.029 UA:3    +
   40    47  0   0.0%   0.102 GC:3    +
   80   125  0   0.0%   0.389 UA:3    +
   11    30  0   0.0%   0.471 UG:3    +
   30   106  0   0.0%   0.168 GC:3    +
   59   100  0   0.0%   0.346 AU:3    +
   13    31  0   0.0%   0.647 UA:3    +
   55   143  0   0.0%   0.006 GU:3    +
  103   143  0   0.0%   0.335 GU:3    +
   41    86  0   0.0%   0.775 UA:3    +
   68   148  0   0.0%   0.152 UA:3    +
  141   148  0   0.0%   0.296 UA:3    +
   41    46  0   0.0%   0.055 UA:3    +
   68   151  0   0.0%   0.253 UA:3    +
  100   155  0   0.0%   0.208 UA:3    +
   37    68  0   0.0%   0.391 AU:3    +
  105   141  0   0.0%   0.009 AU:3    +
   30    41  0   0.0%   0.145 GU:3    +
   73   102  0   0.0%   0.767 AU:3    +
   35   103  0   0.0%   0.606 UG:3    +
   11   103  0   0.0%   0.353 UG:3    +
  120   124  0   0.0%   0.000 AU:3    +
   33    59  0   0.0%   0.585 UA:3    +
   25    72  0   0.0%   0.497 GC:3    +
   30   152  0   0.0%   0.186 GU:3    +
   40   102  0   0.0%   0.544 GU:3    +
   26    71  0   0.0%   0.251 UA:3    +
   83   121  0   0.0%   0.016 UA:3    +
   23    33  0   0.0%   1.119 AU:3    +
   63   140  0   0.0%   0.450 UA:3    +
   63    90  0   0.0%   0.436 UG:3    +
   30    70  0   0.0%   0.168 GC:3    +
   77   127  0   0.0%   0.004 AU:3    +
   17    28  0   0.0%   0.481 UA:3    +
   43    86  0   0.0%   0.016 UA:3    +
   47    82  0   0.0%   0.002 CG:3    +
   46    83  0   0.0%   0.001 AU:3    +
   48    81  0   0.0%   0.000 AU:3    +
   44    85  0   0.0%   0.012 UG:3    +
   42   152  0   0.0%   0.168 GU:3    +
   49    80  0   0.0%   0.000 AU:3    +
   37    41  0   0.0%   0.060 AU:3    +
   68   156  0   0.0%   0.513 UA:3    +
   42   144  0   0.0%   0.023 GU:3    +
   41   101  0   0.0%   0.803 UA:3    +
   38   100  0   0.0%   0.440 AU:3    +
   43   151  0   0.0%   0.129 UA:3    +
   11   145  0   0.0%   0.329 UA:3    +
  104   159  0   0.0%   1.572 GU:3    +
   88   141  0   0.0%   0.263 AU:3    +
   40    57  0   0.0%   0.102 GC:3    +
   38   144  0   0.0%   0.443 AU:3    +
   61    91  0   0.0%   0.029 AU:3    +
    4   141  0   0.0%   0.146 AU:3    +
    4    68  0   0.0%   0.146 AU:3    +
   34   141  0   0.0%   0.051 AU:3    +
   68    77  0   0.0%   0.028 UA:3    +
   74   130  0   0.0%   0.309 CG:3    +
   96   152  0   0.0%   0.192 GU:3    +
  102   115  0   0.0%   0.287 UG:3    +
  104   118  0   0.0%   0.056 GC:3    +
  103   119  0   0.0%   0.330 GC:3    +
    3   106  0   0.0%   0.386 GC:3    +
   85   157  0   0.0%   0.594 GC:3    +
   22    32  0   0.0%   1.027 GC:3    +
   26   155  0   0.0%   0.257 UA:3    +
  145   159  0   0.0%   1.177 AU:3    +
   31    63  0   0.0%   0.271 AU:3    +
   90   146  0   0.0%   0.288 GC:3    +
  141   149  0   0.0%   0.059 UA:3    +
   35   140  0   0.0%   0.540 UA:3    +
   67    96  0   0.0%   0.065 CG:3    +
  140   159  0   0.0%   1.070 AU:3    +
   91   145  0   0.0%   0.103 UA:3    +
   86   152  0   0.0%   0.307 AU:3    +
    7    90  0   0.0%   0.280 CG:3    +
   17    37  0   0.0%   0.346 UA:3    +
  102   120  0   0.0%   0.287 UA:3    +
   31   144  0   0.0%   0.276 AU:3    +
  106   116  0   0.0%   0.005 CG:3    +
   89   140  0   0.0%   0.111 UA:3    +
   44   150  0   0.0%   0.112 UA:3    +
   42    47  0   0.0%   0.000 GC:3    +
   68   145  0   0.0%   0.189 UA:3    +
   61   100  0   0.0%   0.043 AU:3    +
   33    86  0   0.0%   0.600 UA:3    +
   89   103  0   0.0%   0.428 UG:3    +
   27   147  1   0.0%   0.550 GU:1    UA:1    +
   40    50  0   0.0%   0.102 GC:3    +
   63    82  0   0.0%   0.431 UG:3    +
   41    56  0   0.0%   0.055 UA:3    +
    7    85  0   0.0%   0.278 CG:3    +
   12   103  1   0.0%   0.248 CG:1    UG:1    +
  141   154  0   0.0%   0.076 UA:3    +
   86   159  0   0.0%   1.218 AU:3    +
   86   143  0   0.0%   0.157 AU:3    +
   28   102  0   0.0%   0.155 AU:3    +
   25    67  0   0.0%   0.501 GC:3    +
   33   104  0   0.0%   0.666 UG:3    +
   11   101  0   0.0%   0.328 UA:3    +
  116   137  0   0.0%   0.012 GC:3    +
   52    76  0   0.0%   0.002 GC:3    +
   18   158  0   0.0%   0.541 GC:3    +
   55    67  0   0.0%   0.048 GC:3    +
    2    17  0   0.0%   0.019 AU:3    +
   41    49  0   0.0%   0.055 UA:3    +
  107   114  0   0.0%   0.005 AU:3    +
  115   138  0   0.0%   0.001 GU:3    +
    1    11  0   0.0%   0.003 AU:3    +
   41    48  0   0.0%   0.055 UA:3    +
   84   158  0   0.0%   0.915 GC:3    +
   14    40  0   0.0%   0.661 CG:3    +
   26   148  0   0.0%   0.254 UA:3    +
   85   160  0   0.0%   0.197 GC:3    +
    5    42  1   0.0%   0.196 CG:1    UG:1    +
   59   159  0   0.0%   1.414 AU:3    +
   95   154  0   0.0%   0.065 UA:3    +
   17   148  0   0.0%   0.346 UA:3    +
   85   146  0   0.0%   0.248 GC:3    +
   95   155  0   0.0%   0.043 UA:3    +
  141   156  0   0.0%   0.413 UA:3    +
  141   155  0   0.0%   0.054 UA:3    +
  104   160  0   0.0%   0.691 GC:3    +
  114   139  0   0.0%   0.021 UG:3    +
    7    18  0   0.0%   0.018 CG:3    +
   22    67  0   0.0%   0.785 GC:3    +
  106   115  0   0.0%   0.005 CG:3    +
   20    36  1   0.0%   0.408 GU:1    AU:1    +
   35    94  0   0.0%   0.513 UA:3    +
   34    95  0   0.0%   0.019 AU:3    +
   30    68  0   0.0%   0.177 GU:3    +
   65   144  0   0.0%   0.394 AU:3    +
   35   104  0   0.0%   0.573 UG:3    +
  100   156  0   0.0%   0.567 UA:3    +
   63   104  0   0.0%   0.480 UG:3    +
   42   146  0   0.0%   0.256 GC:3    +
  102   107  0   0.0%   0.291 UA:3    +
  113   140  0   0.0%   0.021 UA:3    +
   28   144  0   0.0%   0.154 AU:3    +
   42    67  0   0.0%   0.064 GC:3    +
   65   138  0   0.0%   0.386 AU:3    +
   72   130  0   0.0%   0.013 CG:3    +
  101   147  1   0.5%   0.468 AU:2    +
    9    28  1   0.5%   0.296 UA:2    +
   39    62  1   0.4%   0.662 GU:2    +
    1    36  1   0.4%   0.071 AU:2    +
   39    67  1   0.3%   0.369 GC:2    +
   29    67  1   0.3%   0.202 GC:2    +
   62    94  1   0.3%   0.443 UA:2    +
  121   126  1   0.2%   0.041 AU:2    +
  147   154  1   0.2%   0.627 UA:2    +
   63    93  1   0.2%   0.468 UA:2    +
   14    20  1   0.2%   0.229 CG:2    +
    2    36  1   0.1%   0.328 AU:2    +
   39   146  1   0.1%   0.493 GC:2    +
   15    19  1   0.1%   0.215 UA:2    +
    4    36  1   0.1%   0.279 AU:2    +
   38   147  1   0.1%   0.618 AU:2    +
  144   153  1   0.1%   0.403 UA:2    +
    6    35  1   0.1%   0.498 AU:2    +
    7    29  1   0.1%   0.257 CG:2    +
   37    62  1   0.1%   0.024 AU:2    +
   11    19  1   0.1%   0.022 UA:2    +
   62   151  1   0.1%   0.606 UA:2    +
   34   147  1   0.1%   0.214 AU:2    +
  147   155  1   0.1%   0.593 UA:2    +
   64   147  1   0.1%   0.632 AU:2    +
   36   148  1   0.1%   0.525 UA:2    +
  100   153  1   0.1%   0.332 UA:2    +
  147   156  1   0.1%   0.954 UA:2    +
    6   152  1   0.0%   0.372 AU:2    +
   37   147  1   0.0%   0.542 AU:2    +
   62   149  1   0.0%   0.496 UA:2    +
   36   149  1   0.0%   0.527 UA:2    +
    4     9  1   0.0%   0.013 AU:2    +
    1     9  1   0.0%   0.009 AU:2    +
    1   147  1   0.0%   0.039 AU:2    +
   29   147  1   0.0%   0.322 GU:2    +
   62   140  1   0.0%   0.481 UA:2    +
  147   151  1   0.0%   0.636 UA:2    +
   36    65  1   0.0%   0.861 UA:2    +
    2    15  1   0.0%   0.024 AU:2    +
   36    61  1   0.0%   0.144 UA:2    +
   15    23  1   0.0%   0.753 UA:2    +
   28    36  1   0.0%   0.276 AU:2    +
   63   153  1   0.0%   0.595 UA:2    +
    4   147  1   0.0%   0.295 AU:2    +
   20   160  1   0.0%   0.463 GC:2    +
   36   154  1   0.0%   0.672 UA:2    +
    3   147  1   0.0%   0.684 GU:2    +
   27   155  1   0.0%   0.414 UA:2    +
   34    62  1   0.0%   0.008 AU:2    +
    4    27  1   0.0%   0.014 AU:2    +
   27    37  1   0.0%   0.407 UA:2    +
    7    39  1   0.0%   0.280 CG:2    +
   39   157  1   0.0%   0.608 GC:2    +
   28   147  1   0.0%   0.301 AU:2    +
   29    70  1   0.0%   0.168 GC:2    +
   29   146  1   0.0%   0.324 GC:2    +
   62    88  1   0.0%   0.394 UA:2    +
   27    96  1   0.0%   0.407 UG:2    +
   36   155  1   0.0%   0.647 UA:2    +
   27   148  1   0.0%   0.409 UA:2    +
    6   102  1   0.0%   0.353 AU:2    +
    6   159  1   0.0%   0.870 AU:2    +
   58    62  1   0.0%   0.768 AU:2    +
   62   154  1   0.0%   0.525 UA:2    +
   24   147  1   0.0%   0.647 AU:2    +
    6    41  1   0.0%   0.348 AU:2    +
  141   153  1   0.0%   0.176 UA:2    +
  102   153  1   0.0%   0.714 UA:2    +
    6   143  1   0.0%   0.352 AU:2    +
    1    16  1   0.0%   0.006 AU:2    +
   19   159  1   0.0%   0.712 AU:2    +
   20   158  1   0.0%   0.626 GC:2    +
    9    31  1   0.0%   0.532 UA:2    +
    3    27  1   0.0%   0.029 GU:2    +
    6    89  1   0.0%   0.349 AU:2    +
   39   160  1   0.0%   0.938 GC:2    +
   29   157  1   0.0%   0.224 GC:2    +
   62   150  1   0.0%   0.581 UA:2    +
   93   102  1   0.0%   0.297 AU:2    +
    9   154  1   0.0%   0.356 UA:2    +
   36   151  1   0.0%   0.720 UA:2    +
   62   155  1   0.0%   0.504 UA:2    +
    9   153  1   0.0%   0.358 UA:2    +
   27    64  1   0.0%   0.404 UA:2    +
  104   147  1   0.0%   0.975 GU:2    +
    9   149  1   0.0%   0.353 UA:2    +
    8   153  1   0.0%   0.463 UA:2    +
    9   155  1   0.0%   0.356 UA:2    +
   31    36  1   0.0%   0.351 AU:2    +
   62   156  1   0.0%   0.863 UA:2    +
   29    62  1   0.0%   0.145 GU:2    +
   27    34  1   0.0%   0.401 UA:2    +
    9   150  1   0.0%   0.354 UA:2    +
   30    36  1   0.0%   0.279 GU:2    +
   35   153  1   0.0%   0.762 UA:2    +
   29   160  1   0.0%   0.531 GC:2    +
   36   145  1   0.0%   0.509 UA:2    +
    9   148  1   0.0%   0.352 UA:2    +
  153   159  1   0.0%   1.261 AU:2    +
    6   141  1   0.0%   0.349 AU:2    +
   36   103  1   0.0%   0.572 UG:2    +
   45   153  1   0.0%   0.132 UA:2    +
    9    38  1   0.0%   0.352 UA:2    +
    9    37  1   0.0%   0.351 UA:2    +
   36   101  1   0.0%   0.533 UA:2    +
    2    27  1   0.0%   0.020 AU:2    +
   68   135  1   0.0%   0.136 UA:2    +
   36   156  1   0.0%   0.644 UA:2    +
   99   147  1   0.0%   0.287 AU:2    +
   29    36  1   0.0%   0.277 GU:2    +
  120   126  1   0.0%   0.001 AU:2    +
   65   147  1   0.0%   0.621 AU:2    +
    1    27  1   0.0%   0.005 AU:2    +
   40   147  1   0.0%   0.806 GU:2    +
    8    19  1   0.0%   0.014 UA:2    +
   36    59  1   0.0%   0.135 UA:2    +
   27   149  1   0.0%   0.408 UA:2    +
    7    20  1   0.0%   0.019 CG:2    +
    6   144  1   0.0%   0.353 AU:2    +
   61   147  1   0.0%   0.351 AU:2    +
   72    79  1   0.0%   0.001 CG:2    +
  123   129  1   0.0%   0.001 UG:2    +
   41   153  1   0.0%   0.956 UA:2    +
    6    11  1   0.0%   0.005 AU:2    +
   31   147  1   0.0%   0.424 AU:2    +
   27   150  1   0.0%   0.408 UA:2    +
    9    19  1   0.0%   0.007 UA:2    +
  114   135  1   0.0%   0.037 UA:2    +
   86   117  1   0.0%   0.152 AU:2    +
    9   151  1   0.0%   0.353 UA:2    +
    2     9  1   0.0%   0.016 AU:2    +
   36    40  1   0.0%   0.237 UG:2    +
   66    79  1   0.0%   0.039 CG:2    +
   62   153  1   0.0%   0.615 UA:2    +
   58   147  1   0.0%   0.616 AU:2    +
    9   156  1   0.0%   0.355 UA:2    +
   79   112  1   0.0%   0.296 GU:2    +
   62   148  1   0.0%   0.487 UA:2    +
    2    62  1   0.0%   0.291 AU:2    +
   59   147  1   0.0%   0.578 AU:2    +
   21   147  1   0.0%   0.641 AU:2    +
  112   135  1   0.0%   0.001 UA:2    +
   11   153  1   0.0%   0.334 UA:2    +
   24    36  1   0.0%   0.629 AU:2    +
   21    36  1   0.0%   0.626 AU:2    +
   79   126  1   0.0%   0.296 GU:2    +
    6   100  1   0.0%   0.348 AU:2    +
   22    36  1   0.0%   0.910 GU:2    +
    9   101  1   0.0%   0.351 UA:2    +
   62   145  1   0.0%   0.528 UA:2    +
   27    58  1   0.0%   0.403 UA:2    +
    4    62  1   0.0%   0.144 AU:2    +
    9    29  1   0.0%   0.276 UG:2    +
  143   153  1   0.0%   0.185 UA:2    +
   44   153  1   0.0%   0.143 UA:2    +
   62    86  1   0.0%   0.390 UA:2    +
    2    16  1   0.0%   0.020 AU:2    +
   15    29  1   0.0%   0.640 UG:2    +
   27   154  1   0.0%   0.409 UA:2    +
   18    27  1   0.0%   0.595 GU:2    +
   30   147  1   0.0%   0.322 GU:2    +
   50    79  1   0.0%   0.000 CG:2    +
  142   147  1   0.0%   0.506 GU:2    +
   27    31  1   0.0%   0.615 UA:2    +
   19    26  1   0.0%   0.412 AU:2    +
   68   153  1   0.0%   0.270 UA:2    +
  105   147  1   0.0%   0.551 AU:2    +
   73   117  1   0.0%   0.652 AU:2    +
  105   117  1   0.0%   0.006 AU:2    +
   36    58  1   0.0%   0.135 UA:2    +
   45   154  1   0.0%   0.038 UA:2    +
   70    75  1   0.0%   0.002 CG:2    +
    6    63  1   0.0%   0.347 AU:2    +
   95   153  1   0.0%   0.159 UA:2    +
    9   145  1   0.0%   0.351 UA:2    +
   16    29  1   0.0%   0.685 UG:2    +
   18    36  1   0.0%   0.325 GU:2    +
   16    38  1   0.0%   0.546 UA:2    +
   27   156  1   0.0%   0.411 UA:2    +
   86   147  1   0.0%   0.386 AU:2    +
   19    35  1   0.0%   0.346 AU:2    +
   15    39  1   0.0%   0.502 UG:2    +
    9    34  1   0.0%   0.351 UA:2    +
   41    51  1   0.0%   0.055 UA:2    +
    6    91  1   0.0%   0.349 AU:2    +
   16    28  1   0.0%   0.680 UA:2    +
    4    15  1   0.0%   0.009 AU:2    +
    6    62  1   0.0%   0.346 AU:2    +
   23    36  1   0.0%   0.862 AU:2    +
   36    99  1   0.0%   0.505 UA:2    +
   62    99  1   0.0%   0.409 UA:2    +
   16   149  1   0.0%   0.546 UA:2    +
   88   147  1   0.0%   0.493 AU:2    +
.......(((((.((((....)))).)))))......((((((((((....))))))..........((((((.......)))))).(((((...)))))...((((.((((((.((((((.....)))))).)))))).))))...........)))).
