6 sequence; length of alignment 155
alifold output
   53    78  1  99.9%   0.004 CG:5   
   52    79  2  99.7%   0.010 GC:3    UG:1   
   55    76  1  99.2%   0.027 UG:1    UA:4   
   54    77  2  99.6%   0.015 UA:4   
   43    87  0  98.9%   0.047 AU:6   
   97   125  1  98.4%   0.107 CG:4    UG:1   
   96   126  1  97.9%   0.122 CG:1    GC:2    GU:2   
   44    86  2  99.0%   0.047 CG:4   
   42    88  2  98.3%   0.070 UG:2    AU:2   
   99   123  0  95.8%   0.191 CG:2    UG:2    UA:2   
   98   124  2  98.5%   0.115 GC:4   
   45    85  3  97.3%   0.104 UG:1    UA:2   
   56    75  1  97.0%   0.098 AU:5   
   46    84  1  95.5%   0.167 GC:1    GU:4   
   58    73  0  93.2%   0.212 CG:2    UG:3    UA:1   
   41    89  1  95.6%   0.223 CG:5   
   51    80  0  92.9%   0.358 GU:1    AU:1    UA:4   
   59    72  1  94.3%   0.179 AU:5   
  105   119  0  93.1%   0.629 CG:6   
  106   118  0  92.9%   0.484 UG:6   
   47    83  2  92.8%   0.243 AU:4   
  107   117  2  92.0%   0.301 AU:4   
  108   116  2  90.7%   0.391 UA:4   
   60    71  2  90.2%   0.308 CG:1    UA:3   
  104   120  0  87.5%   0.811 AU:2    UA:4   
   62    70  0  70.4%   0.766 CG:3    UG:1    AU:1    UA:1   
   95   127  0  71.8%   0.877 UG:2    UA:4   
  100   122  1  66.3%   0.879 UA:5   
   48    82  2  65.3%   0.870 UG:4   
   63    69  3  64.0%   1.212 GU:2    AU:1   
   50    81  2  62.9%   1.357 CG:1    AU:1    UA:2   
  102   121  2  58.0%   1.030 GC:4    +
   34   132  0  53.8%   1.183 GC:1    GU:1    AU:4    +
   35   131  0  53.8%   1.181 UA:6    +
   64    68  1  51.3%   1.354 GC:5   
   36   130  2  50.8%   1.167 GU:1    AU:3    +
   33   133  1  47.7%   1.409 CG:2    UG:3    +
    7    23  0  45.3%   1.514 GU:6   
    8    22  1  45.3%   1.399 AU:5   
    6    24  1  42.0%   1.482 GU:1    UG:2    AU:2   
    1    31  0  40.9%   1.135 GC:6   
    2    30  3  38.9%   1.503 CG:3   
    9    21  1  37.7%   1.205 CG:2    UA:3   
    5    25  2  37.0%   1.461 UA:4   
   28   140  1  33.3%   1.229 CG:4    AU:1    +
   27   141  1  32.7%   1.332 AU:5    +
   37   129  3  31.3%   1.255 AU:3    +
   26   142  0  29.7%   1.271 AU:6    +
  101   122  1  30.0%   1.408 UA:5    +
   11    20  0  28.4%   1.954 UA:6    +
    3    29  2  28.5%   1.489 CG:1    UG:3   
   12    19  3  27.5%   1.763 CG:1    GC:1    UG:1    +
   29   139  2  24.1%   1.779 GU:4    +
  110   114  3  24.0%   1.129 AU:3    +
   10    21  1  21.7%   1.931 CG:2    UG:1    UA:2    +
   49    81  3  21.0%   1.009 CG:1    GU:1    UG:1    +
   63    68  2  19.9%   0.968 GC:4    +
    7    14  1  18.0%   1.015 GC:5    +
   31   137  0  16.6%   1.375 CG:6    +
   10    20  3  17.1%   1.226 UA:3   
    6    15  3  16.7%   0.911 GU:2    AU:1    +
    5    16  1  15.0%   0.871 GC:1    UG:1    UA:3    +
    8    13  1  13.7%   0.834 AU:5    +
   13    18  1  12.5%   1.559 UG:3    UA:2    +
   11    19  2  11.4%   1.424 UG:4   
   38   128  3  10.9%   0.897 UG:1    AU:2    +
   14    19  1  10.0%   2.080 CG:4    GC:1    +
  103   120  2  10.5%   0.769 UA:4    +
   11    18  0   7.8%   0.911 UG:3    UA:3    +
   13    20  1   8.9%   1.974 UA:5    +
    8    23  0   8.3%   1.643 AU:6    +
   10    19  2   8.4%   0.876 CG:3    UG:1    +
    7    24  3   7.0%   1.724 GU:3    +
    2    19  2   6.5%   0.621 CG:4    +
  105   118  0   5.6%   0.590 CG:6    +
   40   133  0   5.4%   1.179 CG:6    +
    3    18  3   5.7%   0.550 UG:2    UA:1    +
  104   119  2   5.5%   0.589 UG:4    +
   50    80  2   5.0%   0.453 AU:2    UA:2    +
   39   134  2   5.2%   0.897 UA:4    +
   60    73  0   2.5%   0.464 CG:2    UG:3    UA:1    +
   38   135  1   4.4%   0.863 UG:1    AU:4    +
   61    72  0   2.3%   0.355 GU:2    UG:1    AU:3    +
   18   152  0   2.8%   1.255 GU:3    AU:3    +
   32   137  0   3.6%   0.977 CG:6    +
   93   129  3   4.0%   0.834 GU:1    UA:2    +
    5   151  0   0.3%   1.149 CG:1    GC:1    UG:3    UA:1    +
   32   133  0   3.3%   0.553 CG:6    +
    5    34  1   2.7%   1.104 CG:1    UG:1    UA:3    +
    2    29  0   3.2%   0.620 CG:6    +
    6   129  0   0.1%   0.840 GC:1    GU:1    AU:2    UA:2    +
  135   155  0   0.0%   0.444 GU:1    UG:3    AU:1    UA:1    +
  126   151  0   0.0%   0.376 CG:2    GC:1    UG:2    UA:1    +
   81   153  0   0.0%   0.915 GC:1    GU:1    UG:1    AU:3    +
   10   113  0   1.0%   1.102 CG:3    UG:2    UA:1    +
   17   153  1   3.0%   0.521 CG:1    AU:4    +
    7    32  0   2.9%   1.295 GC:6    +
   21   148  2   2.8%   1.205 GC:2    GU:1    AU:1    +
   16   154  1   2.8%   0.674 GC:1    AU:4    +
   39   127  2   3.0%   0.580 UG:2    UA:2    +
    6    33  3   2.9%   1.023 GC:1    GU:1    AU:1    +
  100   123  1   2.6%   0.665 UG:4    UA:1    +
   39    91  3   3.0%   0.586 GU:2    UA:1    +
  108   113  0   0.4%   0.128 CG:1    UG:4    UA:1    +
   59    74  0   2.4%   0.333 AU:6    +
   22   147  2   2.3%   0.887 CG:1    UG:2    UA:1    +
    3   150  1   1.8%   0.965 CG:1    GU:1    UA:3    +
   94   130  0   1.3%   0.669 GU:1    AU:5    +
   29    40  0   2.3%   0.859 GC:6    +
   15   155  1   1.7%   0.597 UG:3    AU:1    UA:1    +
  125   132  0   0.2%   0.499 GC:1    GU:4    AU:1    +
  107   135  0   0.2%   0.326 UG:1    AU:4    UA:1    +
    4   147  1   1.1%   0.430 CG:2    GC:1    AU:1    UA:1    +
   99   125  0   0.1%   0.149 CG:2    UG:3    UA:1    +
   15   150  0   0.1%   0.472 UG:1    AU:1    UA:4    +
  144   149  0   0.1%   0.270 CG:1    GU:1    AU:2    --:2    +
   10    29  0   1.1%   1.564 CG:3    UG:3    +
   29    97  0   1.1%   0.829 GC:5    GU:1    +
  150   154  0   0.1%   0.521 GC:1    AU:4    UA:1    +
  149   155  0   0.1%   0.350 GU:1    UG:2    UA:1    --:2    +
  141   150  0   0.1%   0.780 UG:1    AU:1    UA:4    +
   79   140  0   0.0%   0.445 CG:4    GC:1    GU:1    +
  127   132  0   0.0%   0.799 GC:1    GU:1    AU:4    +
   22    34  0   0.0%   0.553 CG:1    UG:1    UA:4    +
    1   148  0   1.0%   0.640 GC:4    GU:2    +
  139   155  0   0.0%   0.602 UG:3    AU:2    UA:1    +
   21   132  0   0.0%   0.834 GC:1    GU:2    AU:3    +
   99   113  0   0.0%   0.108 CG:2    UG:3    UA:1    +
   85   132  0   0.0%   0.391 GC:1    GU:3    AU:2    +
   18   108  0   0.0%   0.827 GC:1    GU:2    AU:3    +
   16    84  0   0.0%   0.321 CG:1    GC:1    AU:4    +
   17    83  0   0.0%   0.134 CG:1    AU:4    UA:1    +
   17   135  0   0.0%   0.142 CG:1    AU:4    UA:1    +
   22   127  0   0.0%   0.514 CG:1    UG:1    UA:4    +
   21   108  0   0.0%   0.838 GC:1    GU:2    AU:3    +
   84   150  0   0.0%   0.276 CG:1    GU:1    UA:4    +
   10    85  0   0.0%   0.964 CG:3    UG:1    UA:2    +
   22    78  0   0.0%   0.479 CG:1    UG:4    UA:1    +
   21    48  0   0.0%   0.790 GC:1    GU:2    AU:3    +
   86   132  0   0.0%   0.369 GC:1    GU:3    AU:2    +
   34    55  0   0.0%   0.107 GC:1    GU:1    AU:4    +
   98   132  0   0.0%   0.490 GC:1    GU:3    AU:2    +
  120   135  0   0.0%   0.562 UG:1    AU:4    UA:1    +
  123   132  0   0.0%   0.564 GC:1    GU:3    AU:2    +
   66    73  0   0.0%   0.185 CG:1    UG:4    UA:1    +
   88   140  0   0.0%   0.506 GC:1    GU:1    UG:4    +
   22    86  0   0.0%   0.479 CG:1    UG:3    UA:2    +
   71   153  0   0.0%   0.392 CG:1    GC:1    AU:4    +
   10   123  0   0.0%   1.016 CG:3    UG:1    UA:2    +
   48    73  0   0.0%   0.028 CG:1    UG:4    UA:1    +
   22   123  0   0.0%   0.518 CG:1    UG:3    UA:2    +
   88   144  0   0.0%   0.094 GC:2    UG:1    UA:3    +
   21   100  0   0.0%   0.783 GC:1    GU:2    AU:3    +
    6   145  1   1.0%   0.977 GC:1    GU:1    AU:1    UA:2    +
   33   150  1   1.5%   0.891 CG:1    AU:1    UA:3    +
   35    94  0   0.9%   0.283 UG:1    UA:5    +
   21   103  0   0.9%   0.913 GU:3    AU:3    +
   34    95  0   0.9%   0.256 GU:2    AU:4    +
   18   106  0   0.9%   0.903 GU:3    AU:3    +
  141   147  1   1.4%   0.930 UG:3    AU:1    UA:1    +
  108   115  0   0.8%   0.166 CG:1    UG:5    +
    4    35  3   2.2%   0.345 GU:1    AU:2    +
    2     7  0   1.7%   0.205 CG:6    +
   21   152  0   0.6%   1.270 GU:3    AU:3    +
   89   132  0   0.6%   0.576 GC:1    GU:5    +
    7    22  0   0.5%   0.485 GC:1    GU:5    +
   37    91  3   2.3%   0.338 AU:3    +
   38    90  1   2.0%   0.317 AU:5    +
   20   149  1   2.0%   1.291 AU:3    --:2    +
   36    92  3   1.7%   0.261 GC:1    AU:1    UA:1    +
   30    39  3   2.0%   0.729 GU:1    AU:2    +
    3    30  1   0.5%   1.106 CG:1    GC:1    UG:2    UA:1    +
   27   152  0   1.4%   1.025 AU:6    +
    1   152  0   1.4%   0.723 GU:6    +
    1    22  0   0.3%   0.064 GC:1    GU:5    +
    5   155  1   0.3%   1.090 CG:1    GU:1    UG:2    UA:1    +
    2   151  2   2.0%   1.145 CG:4    +
   40    89  0   1.3%   0.322 CG:6    +
  137   148  0   0.3%   0.791 GC:4    GU:2    +
  117   125  0   0.2%   0.196 UG:5    UA:1    +
  140   148  2   1.5%   0.917 GC:3    GU:1    +
   22   151  1   0.7%   0.856 CG:1    UG:3    UA:1    +
   10    18  1   0.6%   0.326 CG:2    UG:1    UA:2    +
   28   102  0   0.1%   0.156 CG:4    AU:2    +
  140   149  0   0.1%   0.788 GU:3    UG:1    --:2    +
   29   100  0   0.1%   0.802 GC:1    GU:5    +
    7   148  0   0.1%   1.160 GC:4    GU:2    +
   17   149  0   0.1%   0.170 CG:1    AU:3    --:2    +
  133   148  0   0.1%   1.081 GC:4    GU:2    +
   11    21  0   0.1%   1.600 UG:3    UA:3    +
   29   148  0   0.1%   1.278 GC:4    GU:2    +
   34   149  1   1.1%   0.811 GU:1    AU:2    --:2    +
  123   152  0   0.1%   0.508 GU:4    AU:2    +
   80   139  0   0.0%   0.617 AU:4    UA:2    +
   90    94  0   0.0%   0.203 UG:1    UA:5    +
   57    73  0   0.0%   0.020 UG:5    UA:1    +
   34   130  0   0.0%   0.192 GU:2    AU:4    +
   23    94  0   0.0%   0.696 UG:1    UA:5    +
   22    29  0   0.0%   0.996 CG:1    UG:5    +
   23    34  0   0.0%   0.759 UG:2    UA:4    +
    3    63  1   0.0%   0.698 CG:1    GC:1    UG:2    UA:1    +
   19   149  0   0.0%   1.402 CG:1    GU:3    --:2    +
  128   155  1   0.0%   0.471 CG:2    GU:1    UG:1    UA:1    +
   95   125  0   0.0%   0.058 UG:5    UA:1    +
  120   139  0   0.0%   0.758 AU:4    UA:2    +
   10   133  0   0.0%   1.038 CG:3    UG:3    +
  145   149  0   0.0%   0.339 CG:1    AU:3    --:2    +
  126   147  1   0.0%   0.307 CG:2    GU:1    UG:1    UA:1    +
   34   142  0   0.0%   0.936 GU:2    AU:4    +
   21    35  0   0.0%   0.851 GU:3    AU:3    +
    1    10  0   0.0%   0.009 GC:3    GU:3    +
   67    74  0   0.0%   0.115 GU:1    AU:5    +
   85   142  0   0.0%   0.470 GU:4    AU:2    +
  103   123  0   0.0%   0.446 UG:4    UA:2    +
   67   152  0   0.0%   0.352 GU:1    AU:5    +
   29    66  0   0.0%   0.671 GC:1    GU:5    +
   18    23  0   0.0%   1.372 GU:3    AU:3    +
   70   149  0   0.0%   0.459 GU:3    UG:1    --:2    +
  132   137  0   0.0%   0.967 CG:1    UG:5    +
   10   115  0   0.0%   1.014 CG:3    UG:3    +
   34   152  0   0.0%   0.924 GU:2    AU:4    +
   10   137  0   0.0%   1.040 CG:3    UG:3    +
   57    76  0   0.0%   0.023 UG:1    UA:5    +
   97   115  0   0.0%   0.056 CG:5    UG:1    +
   29   132  0   0.0%   0.749 GC:1    GU:5    +
   94   117  0   0.0%   0.125 GU:1    AU:5    +
  127   152  0   0.0%   0.722 GU:2    AU:4    +
   87   123  0   0.0%   0.045 UG:4    UA:2    +
   90   127  0   0.0%   0.235 UG:2    UA:4    +
   18    35  0   0.0%   0.850 GU:3    AU:3    +
   21    90  0   0.0%   0.785 GU:3    AU:3    +
   46    58  0   0.0%   0.033 GC:2    GU:4    +
  102   139  0   0.0%   0.757 GU:4    UA:2    +
    1   132  0   0.0%   0.493 GC:1    GU:5    +
    7    58  0   0.0%   1.069 GC:2    GU:4    +
  106   113  0   0.0%   0.098 UG:5    UA:1    +
   60    64  0   0.0%   0.009 CG:2    UG:4    +
   33   155  1   0.0%   0.746 CG:1    UG:2    AU:1    UA:1    +
   34    90  0   0.0%   0.127 GU:2    AU:4    +
   76   142  0   0.0%   0.426 GU:1    AU:5    +
   87    94  0   0.0%   0.110 UG:1    UA:5    +
   18   142  0   0.0%   0.839 GU:3    AU:3    +
    1    97  0   0.0%   0.448 GC:5    GU:1    +
  127   142  0   0.0%   0.792 GU:2    AU:4    +
  113   130  0   0.0%   0.529 GU:5    AU:1    +
   86    95  0   0.0%   0.072 GU:4    AU:2    +
   78   152  0   0.0%   0.347 GU:5    AU:1    +
   10   119  0   0.0%   1.058 CG:3    UG:3    +
   38   149  0   0.0%   0.767 UG:1    AU:3    --:2    +
   21    95  0   0.0%   0.783 GU:3    AU:3    +
   22   133  0   0.0%   0.549 CG:1    UG:5    +
  100   119  0   0.0%   0.107 CG:1    UG:5    +
    7   132  0   0.0%   1.082 GC:1    GU:5    +
   89    97  0   0.0%   0.190 GC:5    GU:1    +
   94   142  0   0.0%   0.637 GU:1    AU:5    +
   21   142  0   0.0%   0.850 GU:3    AU:3    +
   13    38  0   0.0%   0.856 AU:1    UA:5    +
  125   152  0   0.0%   0.409 GU:5    AU:1    +
   94   152  0   0.0%   0.560 GU:1    AU:5    +
   22   137  0   0.0%   0.550 CG:1    UG:5    +
  125   130  0   0.0%   0.489 GU:5    AU:1    +
   11    94  0   0.0%   0.931 UG:1    UA:5    +
   89   148  0   0.0%   0.370 GC:4    GU:2    +
   98   117  0   0.0%   0.109 GU:4    AU:2    +
   97   118  0   0.0%   0.100 CG:5    UG:1    +
  100   115  0   0.0%   0.062 CG:1    UG:5    +
   97   133  0   0.0%   0.887 CG:5    UG:1    +
   22    89  0   0.0%   0.480 CG:1    UG:5    +
   18   130  0   0.0%   0.827 GU:3    AU:3    +
    7    55  0   0.0%   1.068 GC:1    GU:5    +
  123   130  0   0.0%   0.592 GU:4    AU:2    +
   35   127  0   0.0%   0.172 UG:2    UA:4    +
   21   130  0   0.0%   0.836 GU:3    AU:3    +
  108   118  0   0.0%   0.437 CG:1    UG:5    +
   48    89  0   0.0%   0.453 CG:1    UG:5    +
   81   149  0   0.0%   0.807 UG:1    AU:3    --:2    +
  113   117  0   0.0%   0.201 GU:5    AU:1    +
   46   148  0   0.0%   0.280 GC:4    GU:2    +
   57    67  0   0.0%   0.002 UG:1    UA:5    +
   34   117  0   0.0%   0.220 GU:2    AU:4    +
   23    76  0   0.0%   0.687 UG:1    UA:5    +
   35    67  0   0.0%   0.126 UG:1    UA:5    +
   18    90  0   0.0%   0.775 GU:3    AU:3    +
  100   118  0   0.0%   0.106 CG:1    UG:5    +
    1    66  0   0.0%   0.445 GC:1    GU:5    +
  125   142  0   0.0%   0.481 GU:5    AU:1    +
   11    34  0   0.0%   1.022 UG:2    UA:4    +
   71   149  0   0.0%   0.284 CG:1    AU:3    --:2    +
   10   118  0   0.0%   1.057 CG:3    UG:3    +
   23   127  0   0.0%   0.691 UG:2    UA:4    +
   23    85  0   0.0%   0.688 UG:4    UA:2    +
   65    73  0   0.0%   0.186 UG:5    UA:1    +
   21    87  0   0.0%   0.782 GU:3    AU:3    +
   67    87  0   0.0%   0.044 GU:1    AU:5    +
   34    57  0   0.0%   0.107 GU:2    AU:4    +
   21    74  0   0.0%   0.782 GU:3    AU:3    +
  103   127  0   0.0%   0.659 UG:2    UA:4    +
   67    75  0   0.0%   0.038 GU:1    AU:5    +
  108   119  0   0.0%   0.434 CG:1    UG:5    +
   99   119  0   0.0%   0.108 CG:2    UG:4    +
   58    64  0   0.0%   0.008 CG:2    UG:4    +
   11   127  0   0.0%   0.979 UG:2    UA:4    +
  115   148  0   0.0%   0.252 GC:4    GU:2    +
   90   123  0   0.0%   0.132 UG:4    UA:2    +
   18   103  0   0.0%   0.774 GU:3    AU:3    +
  117   127  0   0.0%   0.502 UG:2    UA:4    +
  126   155  1   0.0%   0.174 CG:2    GU:1    UG:1    UA:1    +
   11    73  0   0.0%   0.931 UG:5    UA:1    +
   11   113  0   0.0%   1.024 UG:5    UA:1    +
  123   142  0   0.0%   0.572 GU:4    AU:2    +
   80    88  0   0.0%   0.264 UG:2    AU:4    +
   85    90  0   0.0%   0.168 GU:4    AU:2    +
  119   148  0   0.0%   0.466 GC:4    GU:2    +
  135   145  1   0.4%   0.407 GC:1    AU:1    UA:3    +
    2   119  0   0.9%   0.905 CG:6    +
   61    69  1   0.4%   0.084 GU:2    AU:2    UA:1    +
   90   134  0   0.9%   0.520 UA:6    +
    5   146  3   1.1%   1.118 CG:1    GC:1    UG:1    +
  134   152  0   0.9%   0.863 AU:6    +
    5   116  1   0.9%   1.035 GC:1    UA:4    +
   90   131  0   0.8%   0.590 UA:6    +
    8   152  0   0.8%   1.073 AU:6    +
    7   153  1   0.8%   1.237 GC:1    GU:4    +
   94   129  2   1.1%   0.768 GC:1    AU:3    +
  133   153  1   0.8%   1.279 GC:1    GU:4    +
   12   111  3   1.0%   0.570 CG:1    GU:1    AU:1    +
   32   151  2   1.4%   0.838 CG:4    +
    1   121  0   0.8%   0.559 GC:6    +
   28   151  2   1.4%   0.839 CG:4    +
  144   153  1   0.2%   0.447 CG:1    GU:1    AU:3    +
  128   140  1   0.2%   0.811 CG:2    GU:1    UG:2    +
   62    73  1   0.2%   0.451 CG:3    UG:1    UA:1    +
   11    25  0   0.7%   1.354 UA:6    +
    9   151  2   0.7%   0.740 CG:1    UG:2    UA:1    +
    5    18  1   0.2%   0.564 CG:1    UG:2    UA:2    +
   30    99  1   0.1%   0.636 GC:2    GU:1    AU:2    +
   98   126  1   0.1%   0.130 GC:2    GU:2    AU:1    +
    5    27  2   1.3%   0.958 UA:4    +
   96   128  1   0.1%   0.381 GC:2    GU:2    UG:1    +
   24    36  1   0.6%   0.833 GU:2    UA:3    +
   58    70  1   0.1%   0.024 CG:2    UG:2    UA:1    +
   26   153  2   1.3%   0.901 AU:4    +
    3   118  2   0.9%   0.824 CG:1    UG:3    +
   23   150  1   0.6%   0.915 UG:1    UA:4    +
  132   151  1   0.1%   0.816 CG:1    UG:3    UA:1    +
   25    35  0   0.6%   0.636 AU:6    +
    9    20  3   1.3%   0.214 UA:3    +
   26   100  1   1.1%   0.239 AU:5    +
   49    84  1   0.1%   0.429 CG:1    GC:1    GU:3    +
  135   144  1   0.1%   0.304 GC:1    UG:1    UA:3    +
   94   132  1   0.6%   0.647 GU:1    AU:4    +
  123   148  1   0.1%   0.352 GC:3    GU:1    AU:1    +
   36   129  1   0.1%   0.143 GU:1    AU:2    UA:2    +
    1    32  0   0.6%   0.490 GC:6    +
   10   151  1   0.1%   1.160 CG:3    UG:1    UA:1    +
   19   128  1   0.0%   1.376 CG:1    GC:2    GU:2    +
   48    81  1   0.0%   0.036 CG:1    UG:1    UA:3    +
   13   110  1   1.0%   1.004 UA:5    +
   14   109  1   1.0%   0.784 CG:5    +
   51    81  1   0.0%   0.699 UG:1    AU:1    UA:3    +
    3    16  1   0.0%   0.028 CG:1    GC:1    UA:3    +
   66    70  1   0.0%   0.285 CG:1    UG:3    UA:1    +
   72   147  1   0.0%   0.402 GC:1    UG:3    UA:1    +
   83   145  1   0.0%   0.156 GC:1    AU:1    UA:3    +
   84   144  1   0.0%   0.103 GC:1    UG:1    UA:3    +
   34    60  1   0.0%   0.111 GC:1    GU:1    AU:3    +
    5   150  1   0.0%   1.092 GU:1    UG:1    UA:3    +
    3   147  1   0.0%   0.796 GC:1    GU:1    UG:3    +
   21   153  1   0.0%   1.182 GC:1    GU:2    AU:2    +
    5    19  1   0.0%   0.533 CG:1    GC:1    UG:3    +
    5   147  1   0.0%   1.114 GU:1    UG:3    UA:1    +
   14    24  2   0.8%   1.358 CG:3    GU:1    +
  141   155  1   0.0%   0.685 UG:3    AU:1    UA:1    +
  126   140  1   0.0%   0.498 CG:2    GC:1    UG:2    +
    5    21  1   0.0%   0.353 CG:1    UG:1    UA:3    +
    5   140  1   0.0%   0.966 CG:1    GC:1    UG:3    +
   58    63  1   0.0%   0.008 CG:2    UG:2    UA:1    +
    5   127  1   0.0%   0.956 CG:1    UG:1    UA:3    +
   33    63  1   0.0%   0.142 CG:2    UG:2    UA:1    +
   13   155  1   0.0%   0.950 UG:3    AU:1    UA:1    +
   71   146  1   0.0%   0.193 CG:1    GC:1    AU:3    +
    4    39  1   0.0%   0.179 CG:2    GU:1    AU:2    +
   15   147  1   0.0%   0.456 UG:3    AU:1    UA:1    +
   86   148  1   0.0%   0.235 GC:3    GU:1    AU:1    +
   12    93  1   0.0%   0.430 GC:1    UG:1    AU:3    +
   82   128  1   0.0%   0.568 CG:1    GC:2    GU:2    +
   33    73  1   0.0%   0.138 CG:2    UG:2    UA:1    +
   45    51  1   0.0%   0.009 UG:1    AU:3    UA:1    +
   24   135  1   0.0%   0.786 GU:3    UG:1    UA:1    +
    6    45  1   0.0%   0.820 GU:1    AU:2    UA:2    +
   81   139  1   0.0%   1.016 GU:1    AU:3    UA:1    +
    9    52  1   0.0%   0.523 CG:1    UG:3    AU:1    +
  101   144  1   0.0%   0.436 GC:1    UG:1    UA:3    +
   98   148  1   0.0%   0.276 GC:3    GU:1    AU:1    +
   85   126  1   0.0%   0.050 GC:2    GU:2    AU:1    +
   42    61  1   0.0%   0.009 UG:1    AU:1    UA:3    +
   45   135  1   0.0%   0.215 UG:1    AU:3    UA:1    +
   12    72  1   0.0%   0.429 CG:1    GU:1    AU:3    +
  102   128  1   0.0%   0.651 GC:2    GU:2    UG:1    +
   45    83  1   0.0%   0.013 UG:1    AU:3    UA:1    +
   83   144  1   0.0%   0.102 GC:1    UG:1    UA:3    +
   50    70  1   0.0%   0.001 CG:2    UG:2    AU:1    +
    5    86  1   0.0%   0.910 CG:1    UG:3    UA:1    +
   85   148  1   0.0%   0.239 GC:3    GU:1    AU:1    +
   55    70  1   0.0%   0.001 CG:1    UG:3    UA:1    +
   93   133  1   0.5%   1.081 CG:2    UG:3    +
   93   131  3   1.2%   0.741 UA:3    +
  133   142  0   0.5%   1.338 GU:6    +
   16    23  1   0.5%   0.967 GU:1    AU:4    +
    5    24  2   0.4%   0.410 CG:1    GU:1    UG:2    +
   28    98  2   1.1%   0.197 CG:4    +
   12    24  3   0.7%   1.099 CG:1    GU:1    AU:1    +
   27    99  2   1.1%   0.295 AU:4    +
   91   133  1   0.9%   1.103 UG:5    +
    6   154  3   0.7%   1.000 GC:1    GU:1    AU:1    +
   87   134  0   0.4%   0.300 UA:6    +
   25   101  1   0.9%   0.618 AU:5    +
    2   137  0   0.4%   0.908 CG:6    +
    4   117  3   0.9%   0.308 GU:1    AU:2    +
   95   131  0   0.4%   0.817 UA:6    +
  129   135  2   0.4%   0.875 CG:1    AU:2    UA:1    +
   92   133  2   0.7%   0.927 CG:3    UG:1    +
  135   140  1   0.4%   0.774 GU:1    UG:4    +
   22   102  2   0.7%   0.582 CG:1    UG:3    +
   11   112  2   1.0%   1.071 UA:4    +
   40    46  0   0.3%   0.180 CG:6    +
   24   149  1   0.3%   0.971 GU:2    UG:1    --:2    +
    2   133  0   0.3%   0.880 CG:6    +
   12   140  2   0.0%   0.497 CG:1    GC:1    UG:1    AU:1    +
   12   155  2   0.0%   0.503 CG:1    GU:1    AU:1    UA:1    +
  130   134  0   0.3%   0.807 UA:6    +
   51    69  2   0.0%   0.002 GU:1    UG:1    AU:1    UA:1    +
   40   137  0   0.3%   0.868 CG:6    +
  128   137  1   0.3%   0.871 CG:3    UG:2    +
   19   105  2   1.0%   1.454 GC:4    +
   44    89  0   0.3%   0.187 CG:6    +
   20   104  2   1.0%   1.116 AU:4    +
   45    88  1   0.3%   0.116 UG:2    AU:3    +
    4    13  2   0.3%   0.055 GU:1    AU:2    UA:1    +
   29   154  1   0.3%   1.366 GC:1    GU:4    +
   23    29  0   0.3%   1.239 UG:6    +
   13    25  1   0.8%   1.336 UA:5    +
    9    30  3   1.0%   1.011 UG:3    +
   24    28  1   0.3%   0.776 GC:3    UA:2    +
   43    90  0   0.3%   0.168 AU:6    +
   28   155  1   0.3%   0.682 CG:3    AU:2    +
   46    87  0   0.2%   0.142 GU:6    +
   11    27  0   0.2%   1.062 UA:6    +
   33    96  2   0.6%   0.267 CG:1    UG:3    +
  130   138  0   0.2%   0.545 UA:4    --:2    +
    6    23  2   0.6%   0.412 GU:2    AU:2    +
    3    19  2   0.5%   0.467 GC:1    UG:3    +
    4    18  3   0.7%   0.310 CG:2    UA:1    +
   19   153  1   0.2%   1.582 CG:1    GU:4    +
   20   152  0   0.2%   1.370 AU:6    +
   61    74  1   0.2%   0.249 GU:2    AU:3    +
  139   150  1   0.2%   0.702 AU:1    UA:4    +
    2   147  3   0.9%   1.001 CG:3    +
  106   115  0   0.2%   0.100 UG:6    +
   25   142  0   0.2%   0.595 AU:6    +
  142   150  1   0.2%   0.724 UG:1    UA:4    +
  113   129  2   0.2%   0.695 GC:1    GU:2    AU:1    +
  134   142  0   0.2%   0.835 AU:6    +
   27    90  0   0.2%   0.171 AU:6    +
   38   139  1   0.2%   0.969 AU:4    UA:1    +
  135   151  2   0.8%   0.728 UG:4    +
   30    87  1   0.2%   0.577 GU:3    AU:2    +
    7   142  0   0.2%   1.115 GU:6    +
   35   134  0   0.2%   0.566 UA:6    +
  105   137  0   0.1%   0.805 CG:6    +
    6    17  2   0.1%   0.373 GC:1    AU:1    UA:2    +
    1    40  0   0.1%   0.462 GC:6    +
  138   152  0   0.1%   0.510 AU:4    --:2    +
  128   133  1   0.1%   1.153 CG:3    UG:2    +
  141   151  1   0.1%   0.955 UG:4    UA:1    +
   90   133  0   0.1%   0.887 UG:6    +
   25   154  2   0.8%   0.856 AU:4    +
   35   138  0   0.1%   0.555 UA:4    --:2    +
  137   153  1   0.1%   0.920 GC:1    GU:4    +
   27   103  0   0.1%   0.263 AU:6    +
  104   138  0   0.1%   0.389 UA:4    --:2    +
   91   134  1   0.6%   0.665 UA:5    +
   18   148  2   0.1%   0.897 GC:2    GU:1    AU:1    +
   31   133  0   0.1%   0.496 CG:6    +
   57    71  1   0.1%   0.023 UG:1    UA:4    +
   13   138  0   0.1%   0.942 UA:4    --:2    +
    9    29  1   0.1%   0.983 CG:2    UG:3    +
   30   152  1   0.1%   0.960 GU:3    AU:2    +
  129   146  2   0.1%   0.768 CG:1    UG:1    AU:2    +
   36   147  2   0.1%   0.725 GC:1    UG:2    AU:1    +
  105   115  0   0.1%   0.076 CG:6    +
  137   154  1   0.1%   0.825 GC:1    GU:4    +
  121   137  0   0.1%   0.874 CG:6    +
  131   152  0   0.1%   0.907 AU:6    +
  138   153  0   0.1%   0.456 AU:4    --:2    +
   61    66  1   0.1%   0.022 GU:2    AU:3    +
   29   153  1   0.1%   1.384 GC:1    GU:4    +
   84   138  0   0.1%   0.108 UA:4    --:2    +
   60    67  1   0.1%   0.019 CG:1    UA:4    +
   48    85  1   0.1%   0.365 UG:4    UA:1    +
   21   149  1   0.1%   1.054 GU:1    AU:2    --:2    +
   29   142  0   0.1%   1.497 GU:6    +
    3    27  3   0.8%   0.384 UA:3    +
    7   128  1   0.1%   1.090 GC:3    GU:2    +
    9    24  2   0.1%   1.055 CG:1    UG:2    AU:1    +
  133   154  1   0.1%   1.156 GC:1    GU:4    +
   11    16  1   0.1%   0.316 UG:1    UA:4    +
   21   146  2   0.1%   0.904 GC:1    GU:1    AU:2    +
   18   149  1   0.1%   0.859 GU:2    AU:1    --:2    +
   33   137  1   0.1%   1.025 CG:2    UG:3    +
   18    33  2   0.1%   0.885 GC:1    GU:2    AU:1    +
  103   122  0   0.1%   0.941 UA:6    +
    7    31  0   0.0%   1.334 GC:6    +
   11   150  1   0.0%   1.084 UG:1    UA:4    +
  127   141  1   0.0%   0.811 GU:2    AU:3    +
   65    70  1   0.0%   0.285 UG:4    UA:1    +
  137   142  0   0.0%   1.005 GU:6    +
    1     9  1   0.0%   0.011 GC:2    GU:3    +
   24    37  1   0.0%   0.810 GC:2    UA:3    +
    7    40  0   0.0%   1.083 GC:6    +
   33    94  2   0.4%   0.204 CG:1    UA:3    +
   11    26  0   0.0%   0.978 UA:6    +
   17   154  1   0.0%   0.400 AU:4    UA:1    +
   24    33  2   0.0%   0.859 GC:1    GU:2    UA:1    +
   15    24  2   0.4%   1.067 UG:3    AU:1    +
   26   152  0   0.0%   0.797 AU:6    +
   34    93  2   0.4%   0.177 GC:1    AU:3    +
   24    93  2   0.0%   0.783 GC:1    GU:2    UG:1    +
   30   149  1   0.0%   0.745 GU:2    AU:1    --:2    +
   12   146  2   0.0%   0.540 CG:1    GC:1    AU:2    +
    5   118  1   0.0%   1.004 CG:1    UG:4    +
    8   142  0   0.0%   0.899 AU:6    +
   27   142  0   0.0%   0.971 AU:6    +
  123   141  1   0.0%   0.587 GU:4    AU:1    +
    2    64  0   0.0%   0.776 CG:6    +
   18    22  1   0.0%   1.173 GU:3    AU:2    +
    4    62  2   0.0%   0.185 GC:1    AU:2    UA:1    +
  130   137  0   0.0%   1.000 UG:6    +
   97   123  1   0.0%   0.064 CG:4    UA:1    +
   23    30  1   0.0%   1.112 UG:3    UA:2    +
   83   138  0   0.0%   0.104 UA:4    --:2    +
    5    29  1   0.0%   1.306 CG:1    UG:4    +
  131   142  0   0.0%   0.966 AU:6    +
    1    65  0   0.0%   0.450 GU:6    +
   26    35  0   0.0%   0.204 AU:6    +
    4    30  2   0.0%   0.491 CG:2    GC:1    UG:1    +
   39   128  3   0.5%   0.701 GC:2    UG:1    +
  122   142  0   0.0%   1.075 AU:6    +
   20   106  0   0.0%   1.074 AU:6    +
  135   150  1   0.0%   0.491 AU:1    UA:4    +
  138   149  0   0.0%   0.279 AU:3    --:3    +
   23   134  0   0.0%   0.713 UA:6    +
   34   141  1   0.0%   0.936 GU:2    AU:3    +
   84   137  1   0.0%   0.555 CG:1    UG:4    +
   73   146  2   0.0%   0.274 GC:1    GU:2    AU:1    +
   65    71  1   0.0%   0.114 UG:1    UA:4    +
  125   148  1   0.0%   0.260 GC:3    GU:2    +
  130   150  1   0.0%   0.708 UG:1    UA:4    +
  110   117  0   0.0%   0.523 AU:6    +
    7   154  1   0.0%   1.184 GC:1    GU:4    +
    5   144  2   0.0%   0.965 GC:1    UG:1    UA:2    +
   11    29  0   0.0%   1.478 UG:6    +
    8   117  0   0.0%   0.913 AU:6    +
   15   107  1   0.0%   0.355 AU:1    UA:4    +
   10    30  2   0.0%   1.409 CG:1    UG:2    UA:1    +
    6    12  2   0.0%   0.038 GC:1    AU:1    UA:2    +
    7    53  0   0.0%   1.071 GC:6    +
   33   147  2   0.0%   0.799 CG:1    UG:2    AU:1    +
   20   103  0   0.0%   0.982 AU:6    +
  102   124  1   0.0%   0.388 GC:4    UA:1    +
  132   147  2   0.0%   0.733 CG:1    UG:2    UA:1    +
   25   152  0   0.0%   0.834 AU:6    +
   25   130  0   0.0%   0.545 AU:6    +
   30    90  1   0.0%   0.575 GU:3    AU:2    +
   15    21  1   0.0%   1.068 UG:2    UA:3    +
   35   133  0   0.0%   1.020 UG:6    +
  138   154  0   0.0%   0.350 AU:4    --:2    +
   31    64  0   0.0%   0.403 CG:6    +
   30    65  1   0.0%   0.550 GU:3    AU:2    +
  126   133  1   0.0%   0.882 CG:2    UG:3    +
  142   151  1   0.0%   0.865 UG:4    UA:1    +
   23   133  0   0.0%   0.730 UG:6    +
   31    89  0   0.0%   0.425 CG:6    +
   26    90  0   0.0%   0.087 AU:6    +
  138   142  0   0.0%   0.538 AU:4    --:2    +
  146   155  2   0.0%   0.282 GU:1    UG:2    UA:1    +
  121   133  0   0.0%   1.166 CG:6    +
   35   137  0   0.0%   0.980 UG:6    +
  106   137  0   0.0%   0.640 UG:6    +
   35   151  1   0.0%   0.843 UG:4    UA:1    +
  105   109  0   0.0%   0.102 CG:6    +
   35    59  0   0.0%   0.128 UA:6    +
   90   137  0   0.0%   0.705 UG:6    +
   95   134  0   0.0%   0.604 UA:6    +
    7    11  0   0.0%   0.088 GU:6    +
   93   137  1   0.0%   0.739 CG:2    UG:3    +
    2    89  0   0.0%   0.775 CG:6    +
   29    35  0   0.0%   0.703 GU:6    +
   20   142  0   0.0%   1.048 AU:6    +
   29    33  1   0.0%   0.711 GC:2    GU:3    +
   21   141  1   0.0%   0.851 GU:2    AU:3    +
   11   137  0   0.0%   1.008 UG:6    +
    1    90  0   0.0%   0.449 GU:6    +
    1   154  1   0.0%   0.610 GC:1    GU:4    +
   35    82  1   0.0%   0.129 UG:4    UA:1    +
    1   153  1   0.0%   0.609 GC:1    GU:4    +
    9   115  1   0.0%   0.527 CG:2    UG:3    +
  101   123  1   0.0%   0.557 UG:4    UA:1    +
   12    36  2   0.0%   0.424 CG:1    AU:2    UA:1    +
    6   147  2   0.0%   0.983 GC:1    UG:2    AU:1    +
    1   128  1   0.0%   0.493 GC:3    GU:2    +
   11   138  0   0.0%   0.985 UA:4    --:2    +
   36   145  2   0.0%   0.550 GU:1    AU:1    UA:2    +
   16   130  1   0.0%   0.335 GU:1    AU:4    +
   23    27  0   0.0%   0.761 UA:6    +
    3   144  2   0.0%   0.749 GC:1    UG:1    UA:2    +
    3   145  1   0.0%   0.750 GU:2    UA:3    +
  137   152  0   0.0%   0.955 GU:6    +
   89   128  1   0.0%   0.422 GC:3    GU:2    +
  103   115  0   0.0%   0.060 UG:6    +
   13    21  1   0.0%   1.538 UG:3    UA:2    +
   13    34  1   0.0%   0.954 UG:2    UA:3    +
   93   118  1   0.0%   0.085 CG:2    UG:3    +
   89   121  0   0.0%   0.179 GC:6    +
   24    30  2   0.0%   1.189 GC:1    UG:1    UA:2    +
  101   125  1   0.0%   0.443 UG:4    UA:1    +
  140   153  1   0.0%   0.934 GU:4    UG:1    +
   21    39  2   0.3%   0.831 GU:3    AU:1    +
   91   127  1   0.0%   0.346 UG:1    UA:4    +
   86   141  1   0.0%   0.478 GU:4    AU:1    +
  101   120  1   0.0%   0.053 GU:1    UA:4    +
   16   106  1   0.0%   0.322 GU:1    AU:4    +
  120   141  1   0.0%   0.793 AU:4    UA:1    +
    6   155  2   0.0%   0.953 GU:1    UG:2    AU:1    +
    9    18  2   0.0%   0.236 CG:1    UG:2    UA:1    +
   30    35  1   0.0%   0.587 GU:3    AU:2    +
   90   138  0   0.0%   0.248 UA:4    --:2    +
   38    51  1   0.0%   0.057 AU:4    UA:1    +
   26   130  0   0.0%   0.157 AU:6    +
   16    35  1   0.0%   0.406 GU:1    AU:4    +
   59    75  0   0.0%   0.185 AU:6    +
   47    57  0   0.0%   0.031 AU:6    +
    1    23  0   0.0%   0.029 GU:6    +
  101   113  1   0.0%   0.095 UG:4    UA:1    +
   88   129  2   0.0%   0.450 GC:1    GU:1    UA:2    +
   11   133  0   0.0%   1.004 UG:6    +
    8   130  0   0.0%   0.869 AU:6    +
  109   117  0   0.0%   0.191 GU:6    +
   18    93  2   0.0%   0.776 GC:1    GU:2    AU:1    +
    5   133  1   0.0%   0.979 CG:1    UG:4    +
    1   126  1   0.0%   0.491 GC:2    GU:3    +
    8    57  0   0.0%   0.859 AU:6    +
   26   103  0   0.0%   0.187 AU:6    +
   32    46  0   0.0%   0.163 CG:6    +
   23   131  0   0.0%   0.697 UA:6    +
   27    35  0   0.0%   0.257 AU:6    +
  115   128  1   0.0%   0.364 GC:3    GU:2    +
    8    90  0   0.0%   0.861 AU:6    +
   11   131  0   0.0%   0.982 UA:6    +
   16   152  1   0.0%   0.452 GU:1    AU:4    +
   17   141  1   0.0%   0.155 AU:4    UA:1    +
   15    34  1   0.0%   0.442 UG:2    UA:3    +
   30   142  1   0.0%   0.997 GU:3    AU:2    +
   84   133  1   0.0%   0.740 CG:1    UG:4    +
   82   135  1   0.0%   0.450 CG:1    GU:4    +
  114   129  1   0.0%   1.007 AU:3    UA:2    +
    1   142  0   0.0%   0.500 GU:6    +
   16   142  1   0.0%   0.347 GU:1    AU:4    +
   15   151  1   0.0%   0.509 UG:4    UA:1    +
   46   153  1   0.0%   0.380 GC:1    GU:4    +
   47   152  0   0.0%   0.455 AU:6    +
   20   130  0   0.0%   1.034 AU:6    +
   47    87  0   0.0%   0.151 AU:6    +
   11    30  1   0.0%   1.368 UG:3    UA:2    +
   18   141  1   0.0%   0.838 GU:3    AU:2    +
   59    65  0   0.0%   0.007 AU:6    +
   48   151  1   0.0%   0.625 UG:4    UA:1    +
    1     5  1   0.0%   0.001 GC:1    GU:4    +
  103   138  0   0.0%   0.328 UA:4    --:2    +
   41   140  1   0.0%   0.492 CG:4    AU:1    +
   48    86  1   0.0%   0.339 UG:4    UA:1    +
    1    33  1   0.0%   0.434 GC:2    GU:3    +
   57    64  0   0.0%   0.007 UG:6    +
  119   142  0   0.0%   0.697 GU:6    +
   29   128  1   0.0%   0.751 GC:3    GU:2    +
    1   130  0   0.0%   0.492 GU:6    +
  133   152  0   0.0%   1.226 GU:6    +
   89    93  1   0.0%   0.174 GC:2    GU:3    +
  103   118  0   0.0%   0.105 UG:6    +
   10   147  2   0.0%   1.116 CG:2    UG:1    UA:1    +
   85    93  2   0.0%   0.081 GC:1    GU:2    AU:1    +
   14   140  1   0.0%   0.727 CG:4    GU:1    +
   61    65  1   0.0%   0.009 GU:2    AU:3    +
   15    85  1   0.0%   0.351 UG:4    UA:1    +
  129   149  1   0.0%   0.844 CG:1    AU:2    --:2    +
   89    95  0   0.0%   0.186 GU:6    +
   87   138  0   0.0%   0.088 UA:4    --:2    +
   23   151  1   0.0%   0.929 UG:4    UA:1    +
   27   130  0   0.0%   0.214 AU:6    +
   84    94  1   0.0%   0.140 CG:1    UA:4    +
   39    83  2   0.0%   0.136 GU:2    UG:1    UA:1    +
   30   146  2   0.0%   0.684 CG:1    GU:2    AU:1    +
    8    35  0   0.0%   0.938 AU:6    +
   39   135  2   0.0%   0.711 GU:2    UG:1    UA:1    +
   94   154  1   0.0%   0.449 GC:1    AU:4    +
   40    64  0   0.0%   0.137 CG:6    +
   35    61  1   0.0%   0.130 UG:2    UA:3    +
   35   150  1   0.0%   0.730 UG:1    UA:4    +
   22    94  1   0.0%   0.480 UG:1    UA:4    +
   38   153  1   0.0%   0.875 UG:1    AU:4    +
   18   128  2   0.0%   0.825 GC:2    GU:1    AU:1    +
    9    89  1   0.0%   0.525 CG:2    UG:3    +
  119   153  1   0.0%   0.566 GC:1    GU:4    +
  101   140  1   0.0%   0.848 GU:1    UG:4    +
   51    77  1   0.0%   0.002 GC:1    UA:4    +
  130   151  1   0.0%   0.822 UG:4    UA:1    +
   32    64  0   0.0%   0.160 CG:6    +
   23   137  0   0.0%   0.729 UG:6    +
    7   105  0   0.0%   1.070 GC:6    +
   43   152  0   0.0%   0.371 AU:6    +
   11   118  0   0.0%   1.026 UG:6    +
   30    95  1   0.0%   0.558 GU:3    AU:2    +
   23   138  0   0.0%   0.705 UA:4    --:2    +
   79   151  1   0.0%   0.319 CG:4    GC:1    +
  118   154  1   0.0%   0.522 GC:1    GU:4    +
    5   137  1   0.0%   0.982 CG:1    UG:4    +
    1    11  0   0.0%   0.006 GU:6    +
   30   154  2   0.0%   0.858 GC:1    GU:2    AU:1    +
  103   119  0   0.0%   0.105 UG:6    +
   76   154  1   0.0%   0.241 GC:1    AU:4    +
   32    89  0   0.0%   0.180 CG:6    +
   84   140  1   0.0%   0.511 GC:1    UG:4    +
    1    93  1   0.0%   0.447 GC:2    GU:3    +
   38    88  1   0.0%   0.066 UG:1    AU:4    +
    7   130  0   0.0%   1.083 GU:6    +
   35    43  0   0.0%   0.124 UA:6    +
    3   155  2   0.0%   0.836 GU:1    UG:2    UA:1    +
   95   138  0   0.0%   0.341 UA:4    --:2    +
   43   130  0   0.0%   0.404 AU:6    +
   29   130  0   0.0%   0.751 GU:6    +
    7   121  0   0.0%   1.113 GC:6    +
   45   139  1   0.0%   0.441 AU:3    UA:2    +
  126   137  1   0.0%   0.564 CG:2    UG:3    +
   25    90  0   0.0%   0.490 AU:6    +
   92   140  2   0.0%   0.549 CG:2    UG:1    AU:1    +
   44   137  0   0.0%   0.513 CG:6    +
  115   121  0   0.0%   0.416 GC:6    +
    9   137  1   0.0%   0.553 CG:2    UG:3    +
   94   141  1   0.0%   0.648 GU:1    AU:4    +
   29   152  0   0.0%   1.431 GU:6    +
   20    90  0   0.0%   0.979 AU:6    +
   20    35  0   0.0%   1.056 AU:6    +
   83   140  1   0.0%   0.515 GU:1    UG:4    +
   24   139  1   0.0%   0.786 GU:3    UA:2    +
  103   110  0   0.0%   0.101 UA:6    +
   18   132  1   0.0%   0.823 GU:3    AU:2    +
   17   139  1   0.0%   0.142 AU:4    UA:1    +
   46    53  0   0.0%   0.032 GC:6    +
   54    76  1   0.0%   0.002 UG:1    UA:4    +
    9    86  2   0.0%   0.524 CG:1    UG:2    UA:1    +
   34    91  1   0.0%   0.124 GU:1    AU:4    +
    8    87  0   0.0%   0.858 AU:6    +
   34    48  1   0.0%   0.115 GU:2    AU:3    +
    7   152  0   0.0%   1.180 GU:6    +
   25    75  0   0.0%   0.487 AU:6    +
   35    47  0   0.0%   0.133 UA:6    +
    7   117  0   0.0%   1.121 GU:6    +
   29    84  1   0.0%   0.670 GC:1    GU:4    +
   89   130  0   0.0%   0.514 GU:6    +
   71   152  1   0.0%   0.445 GU:1    AU:4    +
   39   149  1   0.0%   0.744 GU:2    UG:1    --:2    +
   23    46  0   0.0%   0.696 UG:6    +
   70   153  1   0.0%   0.565 GU:4    UG:1    +
   24   128  2   0.0%   0.787 GC:2    GU:1    UG:1    +
   26    74  0   0.0%   0.081 AU:6    +
   87   131  0   0.0%   0.383 UA:6    +
   35    71  1   0.0%   0.126 UG:1    UA:4    +
   34    72  1   0.0%   0.108 GU:1    AU:4    +
   11   134  0   0.0%   0.983 UA:6    +
    5   119  1   0.0%   1.002 CG:1    UG:4    +
   16   141  1   0.0%   0.346 GU:1    AU:4    +
   73   148  1   0.0%   0.369 GC:3    GU:2    +
   82   142  1   0.0%   0.708 GU:4    AU:1    +
    9   133  1   0.0%   0.549 CG:2    UG:3    +
    1    35  0   0.0%   0.433 GU:6    +
   95   151  1   0.0%   0.623 UG:4    UA:1    +
  122   130  0   0.0%   1.087 AU:6    +
   19   135  1   0.0%   1.368 CG:1    GU:4    +
  127   149  1   0.0%   0.558 GU:1    AU:2    --:2    +
   11   151  1   0.0%   1.125 UG:4    UA:1    +
  117   131  0   0.0%   0.639 UA:6    +
  125   154  1   0.0%   0.293 GC:1    GU:4    +
   86    91  1   0.0%   0.259 GU:3    AU:2    +
   95   133  0   0.0%   1.117 UG:6    +
   82   152  1   0.0%   0.634 GU:4    AU:1    +
  118   130  0   0.0%   0.735 GU:6    +
   53    64  0   0.0%   0.007 CG:6    +
    7    44  0   0.0%   1.066 GC:6    +
   13   140  1   0.0%   0.945 UG:4    AU:1    +
   42    51  2   0.0%   0.007 UG:1    AU:2    UA:1    +
   28    70  1   0.0%   0.037 CG:4    AU:1    +
   57    70  1   0.0%   0.003 UG:4    UA:1    +
   30   130  1   0.0%   0.579 GU:3    AU:2    +
  102   141  1   0.0%   0.794 GU:4    UA:1    +
   29    44  0   0.0%   0.668 GC:6    +
   90   151  1   0.0%   0.532 UG:4    UA:1    +
   29    93  1   0.0%   0.685 GC:2    GU:3    +
  115   142  0   0.0%   0.482 GU:6    +
    2   118  0   0.0%   0.773 CG:6    +
   27    74  0   0.0%   0.135 AU:6    +
   29    90  0   0.0%   0.694 GU:6    +
   47    90  0   0.0%   0.235 AU:6    +
   10    34  1   0.0%   1.062 CG:2    UA:3    +
   21    93  1   0.0%   0.784 GC:2    AU:3    +
   25   103  0   0.0%   0.577 AU:6    +
    5    46  1   0.0%   0.908 CG:1    UG:4    +
   88   138  0   0.0%   0.098 UA:4    --:2    +
   15   138  0   0.0%   0.363 UA:4    --:2    +
    7    90  0   0.0%   1.069 GU:6    +
   35    89  0   0.0%   0.141 UG:6    +
   24   104  1   0.0%   0.823 GU:3    UA:2    +
   26    75  0   0.0%   0.081 AU:6    +
   67    72  1   0.0%   0.165 GU:1    AU:4    +
   36    45  1   0.0%   0.045 AU:3    UA:2    +
    5    56  1   0.0%   0.908 GC:1    UA:4    +
   42   135  2   0.0%   0.188 UG:1    AU:2    UA:1    +
   81   142  1   0.0%   1.043 GU:2    AU:3    +
   25    74  0   0.0%   0.487 AU:6    +
   92    96  2   0.0%   0.126 CG:2    UG:1    AU:1    +
   90   150  1   0.0%   0.419 UG:1    UA:4    +
  126   150  2   0.0%   0.259 GU:1    UG:1    UA:2    +
  106   110  0   0.0%   0.095 UA:6    +
   32   119  0   0.0%   0.217 CG:6    +
   33   118  1   0.0%   0.235 CG:2    UG:3    +
   10   127  1   0.0%   1.011 CG:2    UA:3    +
   29    53  0   0.0%   0.669 GC:6    +
   31   119  0   0.0%   0.483 CG:6    +
   32   118  0   0.0%   0.217 CG:6    +
  125   129  2   0.0%   0.644 GC:1    GU:2    AU:1    +
   80   154  1   0.0%   0.453 AU:4    UA:1    +
   93   151  2   0.0%   0.562 CG:1    UG:2    UA:1    +
   92   155  2   0.0%   0.227 CG:2    AU:1    UA:1    +
   95   137  0   0.0%   0.800 UG:6    +
   27    87  0   0.0%   0.135 AU:6    +
    9   119  1   0.0%   0.573 CG:2    UG:3    +
   63    74  1   0.0%   0.728 GU:4    AU:1    +
   71    83  1   0.0%   0.179 CG:1    AU:4    +
   30    74  1   0.0%   0.545 GU:3    AU:2    +
   45   149  1   0.0%   0.235 UG:1    AU:2    --:2    +
    7    93  1   0.0%   1.070 GC:2    GU:3    +
   29    95  0   0.0%   0.681 GU:6    +
   99   147  2   0.0%   0.350 CG:2    UG:1    UA:1    +
    2   109  0   0.0%   0.773 CG:6    +
    7    33  1   0.0%   1.164 GC:2    GU:3    +
   85   141  1   0.0%   0.478 GU:4    AU:1    +
   64    74  0   0.0%   0.462 GU:6    +
   29   121  0   0.0%   0.778 GC:6    +
   30   126  2   0.0%   0.569 GC:2    GU:1    AU:1    +
   35    46  0   0.0%   0.133 UG:6    +
    2    46  0   0.0%   0.769 CG:6    +
   25   106  0   0.0%   0.579 AU:6    +
   14    70  1   0.0%   0.642 CG:4    GU:1    +
   13    71  1   0.0%   0.862 UG:1    UA:4    +
   29    75  0   0.0%   0.669 GU:6    +
   66    76  1   0.0%   0.019 UG:1    UA:4    +
   44   133  0   0.0%   0.702 CG:6    +
   13   120  1   0.0%   0.911 AU:1    UA:4    +
   28    96  1   0.0%   0.048 CG:4    AU:1    +
   35    81  1   0.0%   0.126 UG:2    UA:3    +
  122   152  0   0.0%   0.996 AU:6    +
   95   150  1   0.0%   0.510 UG:1    UA:4    +
    9   118  1   0.0%   0.573 CG:2    UG:3    +
    8    74  0   0.0%   0.858 AU:6    +
   79   155  1   0.0%   0.121 CG:3    GU:2    +
    7    75  0   0.0%   1.068 GU:6    +
   23   110  0   0.0%   0.738 UA:6    +
   82    88  1   0.0%   0.332 CG:1    GU:4    +
   11   122  0   0.0%   0.981 UA:6    +
   25    57  0   0.0%   0.487 AU:6    +
    6   120  2   0.0%   0.828 GU:1    AU:1    UA:2    +
   20    75  0   0.0%   0.977 AU:6    +
    7    84  1   0.0%   1.068 GC:1    GU:4    +
   18    91  1   0.0%   0.774 GU:3    AU:2    +
    9    73  1   0.0%   0.523 CG:2    UG:3    +
  114   147  2   0.0%   0.646 UG:2    AU:1    UA:1    +
   23    59  0   0.0%   0.687 UA:6    +
   20    95  0   0.0%   0.978 AU:6    +
   87   137  0   0.0%   0.544 UG:6    +
    1    95  0   0.0%   0.447 GU:6    +
  105   133  0   0.0%   1.094 CG:6    +
  106   138  0   0.0%   0.177 UA:4    --:2    +
  109   121  0   0.0%   0.419 GC:6    +
    1   103  0   0.0%   0.447 GU:6    +
   16   117  1   0.0%   0.376 GU:1    AU:4    +
   23   122  0   0.0%   0.694 UA:6    +
   61    75  1   0.0%   0.163 GU:2    AU:3    +
    8    95  0   0.0%   0.859 AU:6    +
  118   126  1   0.0%   0.338 GC:2    GU:3    +
   33    89  1   0.0%   0.152 CG:2    UG:3    +
  113   148  1   0.0%   0.274 GC:3    GU:2    +
   17   104  1   0.0%   0.134 AU:4    UA:1    +
  103   109  0   0.0%   0.100 UG:6    +
   47    74  0   0.0%   0.029 AU:6    +
   80   141  1   0.0%   0.653 AU:4    UA:1    +
   13   107  1   0.0%   0.862 AU:1    UA:4    +
   46    75  0   0.0%   0.031 GU:6    +
   81    92  2   0.0%   0.699 GC:2    AU:1    UA:1    +
    5   115  1   0.0%   0.910 CG:1    UG:4    +
   52    68  1   0.0%   0.001 GC:4    UA:1    +
   11   109  0   0.0%   0.931 UG:6    +
  118   142  0   0.0%   0.711 GU:6    +
   23   109  0   0.0%   0.738 UG:6    +
   30    84  2   0.0%   0.546 GC:1    GU:2    AU:1    +
   25    95  0   0.0%   0.489 AU:6    +
   31    46  0   0.0%   0.405 CG:6    +
   46   142  0   0.0%   0.505 GU:6    +
   15    94  1   0.0%   0.350 UG:1    UA:4    +
   57    63  1   0.0%   0.006 UG:4    UA:1    +
   86    93  2   0.0%   0.059 GC:1    GU:2    AU:1    +
   67   153  1   0.0%   0.297 GC:1    AU:4    +
   97   151  1   0.0%   0.391 CG:4    UA:1    +
   81    87  1   0.0%   0.662 GU:2    AU:3    +
   43    74  0   0.0%   0.001 AU:6    +
   91   131  1   0.5%   0.706 UA:5    +
  134   141  1   0.5%   0.864 AU:5    +
    4    29  3   0.5%   0.610 CG:2    UG:1    +
   11    17  2   0.6%   0.158 UA:4    +
    3   153  3   0.2%   0.863 CG:1    GC:1    GU:1    +
    3    17  2   0.3%   0.076 GU:1    UA:3    +
    5    26  2   0.6%   0.819 UA:4    +
   23    37  2   0.6%   0.748 UA:4    +
   24   147  3   0.2%   1.020 GC:1    UG:1    UA:1    +
   60    70  2   0.2%   0.059 CG:1    UG:3    +
  139   145  2   0.2%   0.585 AU:1    UA:3    +
   13    17  2   0.6%   0.450 UA:4    +
    5    17  2   0.2%   0.359 GU:1    UA:3    +
   22    38  2   0.6%   0.537 UA:4    +
  145   153  2   0.2%   0.544 CG:1    AU:3    +
  132   140  2   0.2%   0.960 CG:1    UG:3    +
   22    30  2   0.2%   0.918 UG:3    UA:1    +
   20   153  2   0.5%   1.385 AU:4    +
   63    72  2   0.2%   0.795 GU:3    AU:1    +
   17    33  2   0.2%   0.259 AU:3    UA:1    +
  116   126  2   0.2%   0.215 CG:1    AU:3    +
    6    11  2   0.2%   0.039 GU:2    AU:2    +
  132   144  2   0.2%   0.525 CG:1    UA:3    +
  144   154  2   0.2%   0.349 GU:1    AU:3    +
  107   114  3   0.3%   0.078 AU:2    UA:1    +
  132   138  1   0.3%   0.540 UA:3    --:2    +
   34   135  2   0.1%   0.551 GU:2    AU:2    +
    4    24  2   0.1%   0.086 CG:2    AU:2    +
   34   139  2   0.1%   0.909 GU:2    AU:2    +
  127   148  3   0.0%   0.575 GC:1    GU:1    AU:1    +
   16   108  2   0.1%   0.345 GU:1    AU:3    +
   12    48  2   0.1%   0.445 GC:1    AU:3    +
   34   148  3   0.0%   0.727 GC:1    GU:1    AU:1    +
   18   154  2   0.1%   1.101 GU:3    AU:1    +
  139   147  2   0.1%   0.730 UG:3    AU:1    +
   91   135  3   0.0%   0.539 UG:1    AU:1    UA:1    +
   15    45  2   0.1%   0.364 AU:1    UA:3    +
   38    91  2   0.4%   0.312 AU:4    +
  140   146  2   0.1%   0.664 GU:3    UG:1    +
   19   148  2   0.1%   1.448 GC:3    GU:1    +
   33    39  3   0.0%   0.249 CG:1    UG:1    AU:1    +
    3    14  3   0.3%   0.057 CG:1    GC:2    +
    6    60  3   0.0%   0.825 GC:1    GU:1    AU:1    +
  129   139  3   0.3%   1.073 AU:2    UA:1    +
   33    61  3   0.0%   0.141 CG:1    UG:1    UA:1    +
   23   147  2   0.1%   0.923 UG:3    UA:1    +
    4   139  3   0.0%   0.235 GU:1    AU:1    UA:1    +
    4   152  3   0.3%   0.389 GU:1    AU:2    +
   30   141  2   0.1%   1.004 GU:3    AU:1    +
    4   135  3   0.0%   0.231 GU:1    UG:1    AU:1    +
  128   144  3   0.0%   0.369 GC:1    UG:1    UA:1    +
   33   140  2   0.1%   0.979 CG:1    UG:3    +
    4    12  3   0.0%   0.010 GC:1    AU:1    UA:1    +
   23   144  2   0.1%   0.725 UG:1    UA:3    +
    9    51  3   0.0%   0.524 CG:1    AU:1    UA:1    +
    9   146  3   0.0%   0.592 CG:1    UG:1    AU:1    +
   81   147  3   0.0%   0.864 GC:1    GU:1    UA:1    +
    4   128  3   0.0%   0.228 GU:1    UG:1    AU:1    +
    3   128  3   0.0%   0.744 CG:1    GC:1    GU:1    +
   88    93  3   0.0%   0.080 GC:1    GU:1    UG:1    +
    6    92  3   0.0%   0.824 GC:1    AU:1    UA:1    +
   10    26  3   0.5%   1.000 UA:3    +
   34    62  3   0.0%   0.111 GC:1    GU:1    AU:1    +
    4    92  3   0.0%   0.181 GC:1    AU:1    UA:1    +
    4   153  3   0.0%   0.314 GU:1    UG:1    AU:1    +
    6    10  3   0.0%   0.002 GC:1    GU:1    AU:1    +
   12   151  3   0.0%   0.617 CG:1    GC:1    UG:1    +
  126   144  3   0.0%   0.082 GC:1    UG:1    UA:1    +
   88   133  2   0.4%   0.787 UG:4    +
   70   147  3   0.0%   0.511 GC:1    AU:1    UA:1    +
   93   146  3   0.0%   0.345 CG:1    GU:1    UG:1    +
  125   145  3   0.0%   0.132 GC:1    GU:1    AU:1    +
   69   154  3   0.0%   0.555 GU:1    AU:1    UA:1    +
   78   145  3   0.0%   0.076 GC:1    GU:1    AU:1    +
   30   155  3   0.0%   0.740 CG:1    GU:1    AU:1    +
   83    91  3   0.0%   0.312 GU:1    AU:1    UA:1    +
   84   146  3   0.0%   0.172 CG:1    GC:1    UG:1    +
   33    69  3   0.0%   0.138 UG:1    AU:1    UA:1    +
   15    69  3   0.0%   0.350 UG:1    AU:1    UA:1    +
   49    71  3   0.0%   0.022 CG:1    GC:1    UA:1    +
   18    42  2   0.1%   0.784 GU:2    AU:2    +
  145   154  2   0.1%   0.428 AU:3    UA:1    +
  141   145  2   0.1%   0.621 AU:1    UA:3    +
   30   139  3   0.2%   0.967 GU:2    AU:1    +
   15    20  1   0.2%   1.299 UA:5    +
   37    49  3   0.2%   0.085 CG:2    AU:1    +
    6   150  3   0.2%   0.998 AU:1    UA:2    +
   30   153  3   0.2%   0.931 GU:2    AU:1    +
   93   127  2   0.1%   0.158 CG:1    UA:3    +
   50    82  2   0.1%   0.739 CG:2    UG:2    +
   12    23  2   0.1%   0.988 GU:1    AU:3    +
  124   147  2   0.1%   0.306 CG:3    AU:1    +
    2    21  3   0.5%   0.342 CG:3    +
  124   133  1   0.2%   0.887 CG:5    +
  129   137  2   0.1%   1.160 CG:1    UG:3    +
   22   144  2   0.1%   0.536 CG:1    UA:3    +
   24   154  2   0.0%   1.005 GU:3    UA:1    +
   39   139  2   0.0%   0.944 GU:2    UA:2    +
   22   150  2   0.0%   0.719 UG:1    UA:3    +
    5   145  2   0.0%   0.972 GU:1    UA:3    +
   18   153  2   0.0%   1.107 GU:3    AU:1    +
   16    22  2   0.0%   0.710 GU:1    AU:3    +
   28   147  2   0.0%   0.693 CG:3    AU:1    +
    9    19  3   0.2%   0.251 CG:1    UG:2    +
  147   154  2   0.0%   0.598 GU:3    UA:1    +
    6   117  2   0.0%   0.874 GU:2    AU:2    +
   39    94  2   0.0%   0.331 UG:1    UA:3    +
   12    22  2   0.0%   0.792 GU:1    AU:3    +
   11   147  2   0.0%   1.089 UG:3    UA:1    +
  118   124  1   0.2%   0.340 GC:5    +
   37   140  3   0.2%   0.971 CG:2    AU:1    +
   36   142  2   0.0%   0.886 GU:1    AU:3    +
   29   146  2   0.0%   1.184 GC:1    GU:3    +
    5    61  2   0.0%   0.915 UG:2    UA:2    +
   10   140  2   0.0%   1.036 CG:3    UG:1    +
  137   146  2   0.0%   0.671 GC:1    GU:3    +
   92   137  2   0.0%   0.602 CG:3    UG:1    +
  110   132  1   0.2%   0.833 AU:5    +
   14   155  2   0.0%   0.743 CG:3    GU:1    +
  128   151  2   0.0%   0.671 CG:2    UG:2    +
   35   144  2   0.0%   0.553 UG:1    UA:3    +
   36    90  2   0.0%   0.061 GU:1    AU:3    +
   35   147  2   0.0%   0.762 UG:3    UA:1    +
  108   134  1   0.2%   0.486 UA:5    +
   38   146  2   0.0%   0.679 UG:1    AU:3    +
   37   155  2   0.0%   0.662 CG:2    AU:2    +
   13    30  2   0.0%   1.300 UG:2    UA:2    +
   75   144  2   0.0%   0.056 UG:1    UA:3    +
  138   146  1   0.2%   0.234 AU:3    --:2    +
  133   146  2   0.0%   0.973 GC:1    GU:3    +
  130   144  2   0.0%   0.524 UG:1    UA:3    +
  131   141  1   0.2%   1.006 AU:5    +
   82   146  2   0.0%   0.387 CG:1    GU:3    +
   24   153  2   0.0%   1.036 GU:3    UG:1    +
  142   147  2   0.0%   0.791 UG:3    UA:1    +
  139   144  2   0.0%   0.483 UG:1    UA:3    +
    6   142  2   0.0%   0.836 GU:2    AU:2    +
   21   135  2   0.0%   0.837 GU:2    AU:2    +
  147   152  2   0.0%   0.749 GU:3    AU:1    +
   36    58  2   0.0%   0.041 GU:1    AU:3    +
   34    83  2   0.0%   0.112 GU:2    AU:2    +
    3   120  2   0.0%   0.741 GU:1    UA:3    +
   23   155  2   0.0%   0.847 UG:3    UA:1    +
   39    47  2   0.3%   0.180 UA:4    +
  142   155  2   0.0%   0.604 UG:3    UA:1    +
   45    84  2   0.0%   0.015 UG:1    AU:3    +
   12    35  2   0.0%   0.506 GU:1    AU:3    +
  129   133  2   0.0%   1.437 CG:1    UG:3    +
    3   140  2   0.0%   0.753 GC:1    UG:3    +
  144   152  2   0.0%   0.464 GU:1    AU:3    +
   11    36  2   0.0%   0.926 UG:1    UA:3    +
   22   140  2   0.0%   0.538 CG:1    UG:3    +
  102   112  2   0.0%   0.093 GC:2    UA:2    +
   36    95  2   0.0%   0.162 GU:1    AU:3    +
    6   130  2   0.0%   0.834 GU:2    AU:2    +
   34    39  2   0.0%   0.220 GU:2    AU:2    +
   28    39  2   0.0%   0.070 CG:2    AU:2    +
   23    36  2   0.0%   0.658 UG:1    UA:3    +
  135   147  2   0.0%   0.537 UG:3    AU:1    +
    3   151  2   0.0%   0.901 GC:1    UG:3    +
   92   119  2   0.0%   0.125 CG:3    UG:1    +
  130   147  2   0.0%   0.754 UG:3    UA:1    +
   39    50  2   0.0%   0.135 GU:2    UA:2    +
  132   150  2   0.0%   0.682 UG:1    UA:3    +
    7   146  2   0.0%   1.146 GC:1    GU:3    +
   58    76  2   0.0%   0.087 UG:1    UA:3    +
   12   132  2   0.0%   0.480 GU:1    AU:3    +
   30   100  2   0.0%   0.626 GU:3    AU:1    +
   19   146  2   0.0%   1.423 CG:1    GU:3    +
    7   129  2   0.0%   1.087 GC:1    GU:3    +
   37    52  2   0.0%   0.053 CG:2    AU:2    +
   49    55  2   0.0%   0.023 GC:1    GU:3    +
  127   139  2   0.0%   0.764 GU:2    AU:2    +
  130   155  2   0.0%   0.621 UG:3    UA:1    +
   19    33  2   0.0%   1.417 GC:1    GU:3    +
   86   135  2   0.3%   0.245 GU:4    +
    3   133  2   0.0%   0.764 CG:1    UG:3    +
   24   101  2   0.0%   0.777 GU:3    UG:1    +
    3   137  2   0.0%   0.768 CG:1    UG:3    +
    1   146  2   0.0%   0.500 GC:1    GU:3    +
   12   130  2   0.0%   0.480 GU:1    AU:3    +
   34   154  2   0.0%   0.813 GU:2    AU:2    +
   98   128  2   0.0%   0.376 GC:2    GU:2    +
    5   120  2   0.0%   0.957 GU:1    UA:3    +
    3   129  2   0.0%   0.743 GU:2    UA:2    +
   16    33  2   0.0%   0.422 GC:1    AU:3    +
   99   127  2   0.0%   0.471 UG:2    UA:2    +
    3     7  2   0.0%   0.069 CG:1    UG:3    +
   45   154  2   0.0%   0.285 AU:3    UA:1    +
   19   154  2   0.3%   1.596 GU:4    +
    3    39  2   0.0%   0.691 GU:2    UG:2    +
    8   141  1   0.2%   0.904 AU:5    +
   33   151  2   0.0%   0.940 CG:1    UG:3    +
    9   113  2   0.0%   0.524 CG:1    UG:3    +
    5    30  2   0.0%   1.204 UG:3    UA:1    +
   13    24  2   0.0%   1.453 UG:3    AU:1    +
    9    34  2   0.0%   0.621 CG:1    UA:3    +
   49    79  2   0.0%   0.023 CG:1    GC:3    +
   66    71  2   0.0%   0.112 UG:1    UA:3    +
   42   139  2   0.0%   0.414 AU:2    UA:2    +
   17   146  2   0.0%   0.196 CG:1    AU:3    +
  127   135  2   0.0%   0.574 GU:2    AU:2    +
   39   146  2   0.0%   0.654 GU:2    UG:2    +
   50    78  2   0.0%   0.002 CG:2    UG:2    +
   15   144  2   0.0%   0.361 UG:1    UA:3    +
    7    92  2   0.0%   1.070 GC:3    GU:1    +
   24   141  2   0.0%   0.800 GU:3    UA:1    +
   12   117  2   0.0%   0.524 GU:1    AU:3    +
    6   106  2   0.0%   0.824 GU:2    AU:2    +
   29   129  2   0.0%   0.753 GC:1    GU:3    +
    5   107  2   0.0%   0.911 GU:1    UA:3    +
   97   147  2   0.0%   0.319 CG:3    UA:1    +
   21   139  2   0.0%   0.836 GU:2    AU:2    +
   16   132  2   0.0%   0.332 GU:1    AU:3    +
   11   144  2   0.0%   0.990 UG:1    UA:3    +
   36   152  2   0.0%   0.826 GU:1    AU:3    +
   96   148  2   0.0%   0.278 GC:3    GU:1    +
  114   128  3   0.2%   0.717 UG:1    AU:2    +
   29    92  2   0.0%   0.684 GC:3    GU:1    +
   58    67  2   0.0%   0.003 UG:1    UA:3    +
   72   145  2   0.0%   0.229 GU:1    UA:3    +
   81   141  2   0.0%   1.056 GU:1    AU:3    +
   24    91  2   0.0%   0.773 GU:3    UA:1    +
    1   129  2   0.0%   0.492 GC:1    GU:3    +
   15   145  2   0.0%   0.406 AU:1    UA:3    +
   19   132  2   0.0%   1.367 GC:1    GU:3    +
   18   139  2   0.0%   0.825 GU:3    AU:1    +
   12   152  2   0.0%   0.595 GU:1    AU:3    +
   92   118  2   0.0%   0.123 CG:3    UG:1    +
   33    49  2   0.0%   0.142 CG:2    UG:2    +
   45    54  2   0.0%   0.010 AU:3    UA:1    +
   90   147  2   0.0%   0.459 UG:3    UA:1    +
   34   153  2   0.0%   0.872 GU:2    AU:2    +
   70   148  2   0.0%   0.464 GC:3    GU:1    +
   18   135  2   0.0%   0.825 GU:3    AU:1    +
   21   154  2   0.0%   1.141 GU:2    AU:2    +
   12   142  2   0.0%   0.493 GU:1    AU:3    +
    6   152  2   0.0%   0.972 GU:2    AU:2    +
    3   109  2   0.0%   0.694 CG:1    UG:3    +
   30    91  2   0.0%   0.572 GU:3    AU:1    +
    1    92  2   0.0%   0.447 GC:3    GU:1    +
   82   148  2   0.0%   0.481 GC:3    GU:1    +
   72   151  2   0.0%   0.473 UG:3    UA:1    +
   75   155  2   0.0%   0.146 UG:3    UA:1    +
   36   155  2   0.0%   0.598 UG:2    AU:2    +
  123   128  2   0.0%   0.448 GC:2    GU:2    +
    3    94  2   0.0%   0.694 CG:1    UA:3    +
   83   147  2   0.0%   0.321 UG:3    AU:1    +
   74   147  2   0.0%   0.346 UG:3    UA:1    +
    3   119  2   0.0%   0.781 CG:1    UG:3    +
   10    52  2   0.0%   0.964 CG:2    UG:2    +
   35   155  2   0.0%   0.646 UG:3    UA:1    +
   37    69  2   0.0%   0.052 CG:1    AU:3    +
   95   144  2   0.0%   0.335 UG:1    UA:3    +
   68   155  2   0.0%   0.780 CG:3    AU:1    +
   34    50  2   0.0%   0.106 GC:2    AU:2    +
    6    35  2   0.0%   0.904 GU:2    AU:2    +
   91   150  2   0.0%   0.547 UG:1    UA:3    +
   10    49  2   0.0%   0.963 CG:2    UG:2    +
   11   155  2   0.0%   1.010 UG:3    UA:1    +
   90   144  2   0.0%   0.244 UG:1    UA:3    +
   83   127  2   0.0%   0.184 UG:2    UA:2    +
  124   155  2   0.0%   0.176 CG:3    AU:1    +
   87   147  2   0.0%   0.300 UG:3    UA:1    +
   33    98  2   0.0%   0.248 CG:1    UG:3    +
  101   114  2   0.0%   0.059 GU:1    UA:3    +
  127   154  2   0.0%   0.605 GU:2    AU:2    +
  117   155  2   0.0%   0.255 UG:3    UA:1    +
   46    50  2   0.0%   0.031 GC:2    GU:2    +
   39    88  2   0.0%   0.144 GU:2    UG:2    +
  119   129  2   0.0%   0.876 GC:1    GU:3    +
   49    88  2   0.0%   0.402 CG:1    GU:3    +
   34    84  2   0.0%   0.110 GU:2    AU:2    +
   30   132  2   0.0%   0.575 GU:3    AU:1    +
    3    77  2   0.0%   0.693 GC:1    UA:3    +
   18    39  2   0.0%   0.767 GU:1    AU:3    +
   13   144  2   0.0%   0.934 UG:1    UA:3    +
   42    85  2   0.0%   0.022 UG:2    UA:2    +
   41   155  2   0.0%   0.174 CG:3    AU:1    +
   21   104  2   0.0%   0.873 GU:2    AU:2    +
   42    94  2   0.0%   0.098 UG:1    UA:3    +
   33    82  2   0.0%   0.138 CG:1    UG:3    +
   19   108  2   0.0%   1.370 GC:1    GU:3    +
   36    66  2   0.0%   0.040 GC:1    AU:3    +
    9   127  2   0.0%   0.527 CG:1    UA:3    +
    5    94  2   0.0%   0.910 UG:1    UA:3    +
   69    85  2   0.0%   0.370 UG:2    UA:2    +
   15    30  2   0.0%   0.787 UG:3    UA:1    +
  127   153  2   0.0%   0.666 GU:2    AU:2    +
   72    82  2   0.0%   0.447 UG:3    UA:1    +
   81    93  2   0.0%   0.659 GC:2    AU:2    +
   13   114  2   0.0%   0.921 AU:1    UA:3    +
   33    85  2   0.0%   0.149 CG:1    UG:3    +
   74   144  2   0.0%   0.126 UG:1    UA:3    +
   82    91  2   0.0%   0.522 GU:3    AU:1    +
  113   128  2   0.0%   0.362 GC:2    GU:2    +
   24    41  2   0.0%   0.781 GC:3    UA:1    +
  100   144  2   0.0%   0.450 UG:1    UA:3    +
   24    84  2   0.0%   0.771 GU:3    UG:1    +
   42    49  2   0.0%   0.027 UG:3    AU:1    +
   84   127  2   0.0%   0.175 UG:2    UA:2    +
   91   151  2   0.0%   0.660 UG:3    UA:1    +
  102   108  2   0.0%   0.052 GC:1    GU:3    +
   10   102  2   0.0%   0.964 CG:3    UG:1    +
   39    86  2   0.0%   0.145 UG:2    UA:2    +
   42   129  2   0.0%   0.429 AU:2    UA:2    +
   89   129  2   0.0%   0.543 GC:1    GU:3    +
    6    90  2   0.0%   0.824 GU:2    AU:2    +
   12   108  2   0.0%   0.429 GU:1    AU:3    +
   50    85  2   0.0%   0.494 CG:2    UG:2    +
  101   145  2   0.0%   0.485 GC:1    UA:3    +
   34    51  2   0.0%   0.107 GU:2    AU:2    +
  102   148  2   0.0%   0.552 GC:3    GU:1    +
  115   146  2   0.0%   0.157 GC:1    GU:3    +
  103   147  2   0.0%   0.537 UG:3    UA:1    +
   49   148  2   0.0%   0.546 GC:3    GU:1    +
   18   104  2   0.0%   0.774 GU:3    AU:1    +
   30   148  3   0.2%   0.803 GC:2    GU:1    +
   38    48  2   0.3%   0.100 AU:4    +
   26   141  1   0.2%   0.198 AU:5    +
   38   129  3   0.4%   0.849 AU:3    +
   39   141  3   0.2%   0.999 GU:2    UA:1    +
  131   139  2   0.3%   0.976 AU:4    +
   14   133  1   0.1%   0.743 CG:5    +
    3    20  3   0.4%   0.298 UA:3    +
   26    91  1   0.1%   0.114 AU:5    +
   97   127  3   0.1%   0.448 CG:2    UA:1    +
   13   134  1   0.1%   0.941 UA:5    +
    9   140  3   0.1%   0.563 CG:1    UG:2    +
   14    46  1   0.1%   0.659 CG:5    +
   13    47  1   0.1%   0.879 UA:5    +
   36   141  3   0.1%   0.898 GU:1    AU:2    +
   39    93  3   0.1%   0.297 GU:2    UG:1    +
    2    18  3   0.4%   0.131 CG:3    +
   38   142  1   0.1%   1.008 AU:5    +
  129   141  3   0.1%   1.105 AU:2    UA:1    +
   14   137  1   0.1%   0.748 CG:5    +
   31    96  2   0.3%   0.459 CG:4    +
   24   146  3   0.1%   0.870 GU:2    UG:1    +
   91   129  3   0.1%   0.660 AU:1    UA:2    +
  134   146  3   0.3%   0.528 AU:3    +
   30   135  3   0.1%   0.595 GU:2    AU:1    +
   13    26  1   0.1%   0.931 UA:5    +
   16   149  1   0.1%   0.355 AU:3    --:2    +
  128   147  3   0.1%   0.606 CG:2    UG:1    +
   36    91  3   0.1%   0.072 GU:1    AU:2    +
   47    84  2   0.2%   0.191 AU:4    +
   19    31  2   0.2%   1.692 GC:4    +
  130   140  2   0.2%   0.978 UG:4    +
   37   130  2   0.2%   0.911 AU:4    +
    1   124  1   0.1%   0.500 GC:5    +
    7   149  1   0.1%   1.115 GU:3    --:2    +
   10    24  3   0.1%   1.490 CG:2    UG:1    +
  106   116  1   0.1%   0.129 UA:5    +
    3    12  3   0.1%   0.015 GC:1    UA:2    +
    6   144  3   0.1%   0.848 GC:1    UA:2    +
   14    18  3   0.3%   1.100 CG:3    +
    4    11  3   0.1%   0.012 GU:1    AU:2    +
   24   148  3   0.0%   0.981 GC:2    GU:1    +
    1    14  1   0.0%   0.017 GC:5    +
   78   141  1   0.0%   0.438 GU:5    +
   56    74  1   0.0%   0.015 AU:5    +
    1   141  1   0.0%   0.505 GU:5    +
   23    38  1   0.0%   0.724 UA:5    +
  148   155  3   0.0%   0.414 CG:2    UG:1    +
  122   149  1   0.0%   0.841 AU:3    --:2    +
   18   129  3   0.0%   0.833 GU:1    AU:2    +
   77   142  1   0.0%   0.429 AU:5    +
   29   101  1   0.0%   0.789 GU:5    +
   37   147  3   0.0%   0.784 CG:2    AU:1    +
   29    41  1   0.0%   0.683 GC:5    +
   40   125  1   0.0%   0.199 CG:5    +
   38    95  1   0.0%   0.210 AU:5    +
   42    84  3   0.0%   0.014 UG:1    AU:2    +
    4   119  3   0.0%   0.275 CG:2    UG:1    +
   39   126  3   0.0%   0.265 GC:2    UG:1    +
   14    29  1   0.0%   1.192 CG:5    +
    8    15  1   0.0%   0.579 AU:5    +
  129   154  3   0.0%   0.897 AU:2    UA:1    +
  137   145  3   0.0%   0.645 GC:1    GU:2    +
   94   126  3   0.0%   0.085 GU:1    AU:2    +
   25   141  1   0.0%   0.560 AU:5    +
  131   149  1   0.0%   0.731 AU:3    --:2    +
  129   150  3   0.0%   0.862 CG:1    UA:2    +
  133   141  1   0.0%   1.300 GU:5    +
   55    73  1   0.0%   0.006 UG:5    +
  112   130  2   0.2%   0.519 AU:4    +
   25   132  1   0.0%   0.543 AU:5    +
   25    91  1   0.0%   0.494 AU:5    +
   33   145  3   0.0%   0.639 AU:1    UA:2    +
   24    92  3   0.0%   0.777 GC:2    UA:1    +
   22   134  1   0.0%   0.532 UA:5    +
    5    12  3   0.3%   0.053 UA:3    +
  105   113  1   0.0%   0.104 CG:5    +
    4   151  3   0.0%   0.365 CG:2    UA:1    +
   69   150  3   0.0%   0.525 UG:1    UA:2    +
   34   146  3   0.0%   0.623 GU:1    AU:2    +
   29   149  1   0.0%   1.231 GU:3    --:2    +
    6    22  3   0.0%   0.346 GU:2    AU:1    +
  104   114  3   0.0%   0.069 AU:1    UA:2    +
  122   132  1   0.0%   1.061 AU:5    +
   91   138  1   0.0%   0.378 UA:3    --:2    +
    6    54  3   0.0%   0.824 GU:2    AU:1    +
   33   144  3   0.0%   0.589 UG:1    UA:2    +
  134   149  1   0.0%   0.574 AU:3    --:2    +
   38   130  1   0.0%   0.800 AU:5    +
    3     9  3   0.0%   0.008 GC:2    UA:1    +
    7   141  1   0.0%   1.088 GU:5    +
   36   140  3   0.0%   0.877 UG:2    AU:1    +
   36   132  3   0.0%   0.809 GU:1    AU:2    +
   29    91  1   0.0%   0.695 GU:5    +
  127   146  3   0.0%   0.468 GU:1    AU:2    +
    4   133  3   0.0%   0.250 CG:2    UG:1    +
   15   131  1   0.0%   0.358 UA:5    +
  137   149  1   0.0%   0.748 GU:3    --:2    +
   36   150  3   0.0%   0.685 AU:1    UA:2    +
   15    25  1   0.0%   0.796 UA:5    +
   33   138  1   0.0%   0.573 UA:3    --:2    +
   12   153  3   0.0%   0.539 GC:1    AU:2    +
  107   111  3   0.0%   0.053 UG:1    AU:2    +
    6    19  3   0.0%   0.532 GC:1    UG:2    +
    4   130  3   0.0%   0.229 GU:1    AU:2    +
   95   116  1   0.0%   0.093 UA:5    +
    4   137  3   0.0%   0.254 CG:2    UG:1    +
   98   114  3   0.0%   0.073 GU:2    AU:1    +
    7    15  1   0.0%   0.680 GU:5    +
   13    19  2   0.2%   1.643 UG:4    +
   25   149  1   0.0%   0.691 AU:3    --:2    +
   64    72  1   0.0%   0.518 GU:5    +
   22    27  1   0.0%   0.561 UA:5    +
   13    27  1   0.0%   0.979 UA:5    +
   22   131  1   0.0%   0.520 UA:5    +
   91   137  1   0.0%   0.833 UG:5    +
   39   153  3   0.0%   0.854 GU:2    UG:1    +
  137   141  1   0.0%   1.021 GU:5    +
   20    91  1   0.0%   0.980 AU:5    +
   19    92  3   0.0%   1.317 GC:2    GU:1    +
    6    13  3   0.0%   0.033 GU:1    AU:2    +
   37    96  3   0.0%   0.199 CG:2    AU:1    +
   38   152  1   0.0%   0.928 AU:5    +
    6    30  3   0.0%   1.115 GC:1    UG:2    +
   48    56  1   0.0%   0.029 UA:5    +
   30    36  3   0.0%   0.500 CG:1    GU:2    +
    3   138  1   0.0%   0.747 UA:3    --:2    +
    3    24  3   0.0%   0.258 GU:1    UG:2    +
   15    36  3   0.0%   0.345 UG:1    UA:2    +
   41    46  1   0.0%   0.044 CG:5    +
   39   151  3   0.0%   0.872 UG:2    UA:1    +
  124   137  1   0.0%   0.559 CG:5    +
  101   119  1   0.0%   0.097 UG:5    +
    5   138  1   0.0%   0.960 UA:3    --:2    +
   17    22  3   0.3%   0.560 AU:3    +
   13   131  1   0.0%   0.914 UA:5    +
   42    92  3   0.0%   0.102 AU:1    UA:2    +
    2   125  1   0.0%   0.824 CG:5    +
    4    23  3   0.0%   0.059 GU:1    AU:2    +
   22    26  1   0.0%   0.507 UA:5    +
  133   149  1   0.0%   1.060 GU:3    --:2    +
   24    34  3   0.0%   0.839 UG:1    UA:2    +
    7    91  1   0.0%   1.070 GU:5    +
   25   100  1   0.0%   0.491 AU:5    +
   17    36  3   0.0%   0.137 AU:2    UA:1    +
   15    26  1   0.0%   0.416 UA:5    +
    4   155  3   0.0%   0.302 CG:2    AU:1    +
   93   140  3   0.0%   0.686 CG:1    UG:2    +
    9   129  3   0.0%   0.534 AU:1    UA:2    +
   33    45  3   0.0%   0.144 AU:1    UA:2    +
   29   145  3   0.0%   1.158 GC:1    GU:2    +
    1   149  1   0.0%   0.547 GU:3    --:2    +
  133   145  3   0.0%   0.942 GC:1    GU:2    +
   30    97  3   0.0%   0.609 GC:2    GU:1    +
  129   153  3   0.0%   0.953 CG:1    AU:2    +
  101   118  1   0.0%   0.096 UG:5    +
   41   137  1   0.0%   0.542 CG:5    +
   29   141  1   0.0%   1.484 GU:5    +
    9    16  3   0.0%   0.292 UG:1    UA:2    +
   57    77  1   0.0%   0.019 UA:5    +
    3    93  3   0.0%   0.695 GC:2    UG:1    +
   20   141  1   0.0%   1.045 AU:5    +
  103   116  1   0.0%   0.100 UA:5    +
    4   142  3   0.0%   0.232 GU:1    AU:2    +
    5   129  3   0.0%   0.957 GU:1    UA:2    +
   10   155  3   0.0%   1.042 CG:2    UG:1    +
   26   149  1   0.0%   0.647 AU:3    --:2    +
    7    13  1   0.0%   0.089 GU:5    +
   86    92  3   0.0%   0.100 GC:2    GU:1    +
   91   139  3   0.0%   0.742 AU:1    UA:2    +
    7   145  3   0.0%   1.143 GC:1    GU:2    +
    1   145  3   0.0%   0.500 GC:1    GU:2    +
   15   134  1   0.0%   0.367 UA:5    +
   41   133  1   0.0%   0.731 CG:5    +
   21   128  3   0.0%   0.838 GC:1    GU:2    +
   15    27  1   0.0%   0.469 UA:5    +
    6   132  3   0.0%   0.833 GU:2    AU:1    +
   36    60  3   0.0%   0.041 GC:1    AU:2    +
   94   145  3   0.0%   0.290 GC:1    AU:2    +
   43    91  1   0.0%   0.266 AU:5    +
   36    81  3   0.0%   0.039 AU:1    UA:2    +
    8   132  1   0.0%   0.867 AU:5    +
    9   147  3   0.0%   0.638 UG:2    UA:1    +
   59    66  1   0.0%   0.004 AU:5    +
  125   141  1   0.0%   0.494 GU:5    +
   77   141  1   0.0%   0.433 AU:5    +
   14   115  1   0.0%   0.693 CG:5    +
   15   109  1   0.0%   0.400 UG:5    +
    3    21  3   0.0%   0.280 UG:1    UA:2    +
   45    86  3   0.0%   0.060 UG:1    UA:2    +
   30   128  3   0.0%   0.579 GC:2    AU:1    +
   41    81  3   0.0%   0.015 CG:2    AU:1    +
   58    71  3   0.0%   0.018 UG:1    UA:2    +
   22   138  1   0.0%   0.526 UA:3    --:2    +
   91   119  1   0.0%   0.283 UG:5    +
    8    91  1   0.0%   0.860 AU:5    +
   28    89  2   0.2%   0.071 CG:4    +
    6   141  3   0.0%   0.836 GU:2    AU:1    +
   42   153  3   0.0%   0.316 UG:1    AU:2    +
   94   149  1   0.0%   0.400 AU:3    --:2    +
   56    65  1   0.0%   0.006 AU:5    +
   85   149  1   0.0%   0.231 GU:3    --:2    +
   43   141  1   0.0%   0.458 AU:5    +
   22    36  3   0.0%   0.452 UG:1    UA:2    +
   93   155  3   0.0%   0.364 CG:1    UG:2    +
    4   108  3   0.0%   0.181 GC:1    AU:2    +
   93   150  3   0.0%   0.449 UG:1    UA:2    +
   18   146  3   0.0%   0.878 GU:2    AU:1    +
   14    21  3   0.3%   1.353 CG:3    +
   92   151  3   0.0%   0.425 CG:2    UG:1    +
    8   149  1   0.0%   0.887 AU:3    --:2    +
   34    97  3   0.0%   0.223 GC:2    AU:1    +
    4   118  3   0.0%   0.267 CG:2    UG:1    +
   24    76  3   0.0%   0.771 UG:1    UA:2    +
   23    77  1   0.0%   0.688 UA:5    +
   30   129  3   0.0%   0.581 GC:1    AU:2    +
  113   121  1   0.0%   0.427 GC:5    +
   15   133  1   0.0%   0.387 UG:5    +
  114   120  3   0.0%   0.752 AU:1    UA:2    +
   16   129  3   0.0%   0.336 GC:1    AU:2    +
   34   129  3   0.0%   0.185 GU:2    AU:1    +
   26   101  1   0.0%   0.184 AU:5    +
   30    83  3   0.0%   0.546 GU:2    AU:1    +
   22    47  1   0.0%   0.487 UA:5    +
   18    92  3   0.0%   0.775 GC:2    AU:1    +
    9   150  3   0.0%   0.626 UG:1    UA:2    +
    1    15  1   0.0%   0.010 GU:5    +
    4   129  3   0.0%   0.227 GU:1    AU:2    +
   39   150  3   0.0%   0.761 UG:1    UA:2    +
    5    36  3   0.0%   0.908 CG:1    UA:2    +
   27   149  1   0.0%   0.702 AU:3    --:2    +
   26   132  1   0.0%   0.153 AU:5    +
    3    92  3   0.0%   0.694 GC:2    UA:1    +
   27   132  1   0.0%   0.210 AU:5    +
   36    70  3   0.0%   0.039 UG:2    AU:1    +
  102   111  3   0.0%   0.090 GU:2    UG:1    +
   17   128  3   0.0%   0.142 CG:1    AU:2    +
    1    41  1   0.0%   0.443 GC:5    +
   13    29  1   0.0%   1.405 UG:5    +
   20   132  1   0.0%   1.030 AU:5    +
  119   124  1   0.0%   0.314 GC:5    +
   93   147  3   0.0%   0.489 UG:2    UA:1    +
   39   154  3   0.0%   0.795 GU:2    UA:1    +
   24    94  3   0.0%   0.779 UG:1    UA:2    +
    6   140  3   0.0%   0.838 GU:1    UG:2    +
   79   144  3   0.0%   0.029 CG:1    GC:2    +
    4   123  3   0.0%   0.231 CG:2    UA:1    +
    9   155  3   0.0%   0.594 CG:1    UG:2    +
   36    96  3   0.0%   0.168 UG:2    AU:1    +
   29    68  1   0.0%   0.669 GC:5    +
  118   141  1   0.0%   0.722 GU:5    +
   14    39  3   0.0%   0.638 CG:2    GU:1    +
   11    38  1   0.0%   0.927 UA:5    +
   85    92  3   0.0%   0.121 GC:2    GU:1    +
    8    54  1   0.0%   0.858 AU:5    +
   27   101  1   0.0%   0.239 AU:5    +
  123   129  3   0.0%   0.747 GU:2    AU:1    +
   28    69  3   0.0%   0.037 CG:1    AU:2    +
  116   141  1   0.0%   0.588 AU:5    +
  121   125  1   0.0%   0.398 CG:5    +
    5    92  3   0.0%   0.911 GC:1    UA:2    +
    6    91  3   0.0%   0.823 GU:2    AU:1    +
   13   137  1   0.0%   0.946 UG:5    +
   91   146  3   0.0%   0.443 UG:2    AU:1    +
   27   100  1   0.0%   0.245 AU:5    +
    3    91  3   0.0%   0.693 GU:2    UA:1    +
   21    92  3   0.0%   0.784 GC:2    GU:1    +
   10    36  3   0.0%   0.963 CG:1    UA:2    +
  120   126  3   0.0%   0.405 UG:1    AU:2    +
    2    78  1   0.0%   0.772 CG:5    +
   38    65  1   0.0%   0.059 AU:5    +
   38    57  1   0.0%   0.056 AU:5    +
   15   129  3   0.0%   0.359 AU:1    UA:2    +
   46    91  1   0.0%   0.325 GU:5    +
   13    36  3   0.0%   0.856 UG:1    UA:2    +
   15   137  1   0.0%   0.387 UG:5    +
   42   150  3   0.0%   0.224 UG:1    UA:2    +
   82    92  3   0.0%   0.362 GC:2    GU:1    +
   35   116  1   0.0%   0.215 UA:5    +
    4    90  3   0.0%   0.182 GU:1    AU:2    +
   15    29  1   0.0%   0.897 UG:5    +
    1    13  1   0.0%   0.006 GU:5    +
    9    39  3   0.0%   0.526 UG:2    AU:1    +
   21    33  3   0.0%   0.879 GU:2    AU:1    +
  101   110  1   0.0%   0.094 UA:5    +
   36    49  3   0.0%   0.043 GU:1    UG:2    +
    3   127  3   0.0%   0.742 UG:1    UA:2    +
   43    55  1   0.0%   0.001 AU:5    +
    6    55  3   0.0%   0.822 GU:2    AU:1    +
   38    87  1   0.0%   0.066 AU:5    +
   76   145  3   0.0%   0.081 GC:1    AU:2    +
    1    91  1   0.0%   0.447 GU:5    +
   31    73  1   0.0%   0.398 CG:5    +
   30    52  3   0.0%   0.544 CG:1    AU:2    +
   42   154  3   0.0%   0.257 AU:2    UA:1    +
   33   127  3   0.0%   0.189 UG:2    UA:1    +
    3    34  3   0.0%   0.689 UG:1    UA:2    +
  120   128  3   0.0%   0.658 UG:1    AU:2    +
   29   124  1   0.0%   0.745 GC:5    +
  115   124  1   0.0%   0.087 GC:5    +
  126   146  3   0.0%   0.154 GC:1    UG:2    +
   31   125  1   0.0%   0.436 CG:5    +
   44   125  1   0.0%   0.035 CG:5    +
  109   114  3   0.3%   0.131 GU:3    +
   14   119  1   0.0%   0.737 CG:5    +
   29    72  1   0.0%   0.669 GU:5    +
   13   133  1   0.0%   0.934 UG:5    +
   35    56  1   0.0%   0.125 UA:5    +
   15   118  1   0.0%   0.399 UG:5    +
   39    54  3   0.0%   0.135 GU:2    UA:1    +
    3    45  3   0.0%   0.691 GU:1    UA:2    +
   36    55  3   0.0%   0.037 GU:1    AU:2    +
   33    42  3   0.0%   0.141 AU:1    UA:2    +
  101   129  3   0.0%   1.000 GC:1    UA:2    +
   73   145  3   0.0%   0.247 GC:1    GU:2    +
   16    42  3   0.0%   0.320 GU:1    AU:2    +
   25   108  1   0.0%   0.542 AU:5    +
   24    58  3   0.0%   0.771 GC:2    GU:1    +
   91   147  3   0.0%   0.587 UG:2    UA:1    +
   27    91  1   0.0%   0.159 AU:5    +
   43    48  1   0.0%   0.027 AU:5    +
   94   101  1   0.0%   0.121 AU:5    +
  101   109  1   0.0%   0.094 UG:5    +
   22    73  1   0.0%   0.478 UG:5    +
  113   124  1   0.0%   0.098 GC:5    +
   20   101  1   0.0%   0.978 AU:5    +
   89   124  1   0.0%   0.145 GC:5    +
   22    43  1   0.0%   0.478 UA:5    +
    4    95  3   0.0%   0.181 GU:1    AU:2    +
    9    94  3   0.0%   0.524 UG:1    UA:2    +
  100   110  1   0.0%   0.105 UA:5    +
   15   110  1   0.0%   0.399 UA:5    +
    4    87  3   0.0%   0.180 GU:1    AU:2    +
  114   123  3   0.0%   0.541 UG:2    UA:1    +
   93   102  3   0.0%   0.078 CG:1    UG:2    +
   15    43  1   0.0%   0.342 UA:5    +
   81   129  3   0.0%   1.027 GU:2    AU:1    +
   36    48  3   0.0%   0.045 GU:1    AU:2    +
    9    82  3   0.0%   0.523 CG:1    UG:2    +
   47   141  1   0.0%   0.540 AU:5    +
   28    72  3   0.0%   0.037 CG:1    AU:2    +
   65    77  1   0.0%   0.016 UA:5    +
  119   141  1   0.0%   0.708 GU:5    +
   44    73  1   0.0%   0.001 CG:5    +
  108   122  1   0.0%   0.800 UA:5    +
    6   126  3   0.0%   0.827 GU:2    AU:1    +
   22   110  1   0.0%   0.561 UA:5    +
   24   108  3   0.0%   0.786 GC:1    GU:2    +
    3   101  3   0.0%   0.694 CG:1    GU:2    +
    9    92  3   0.0%   0.525 AU:1    UA:2    +
  108   131  1   0.0%   0.645 UA:5    +
  100   113  1   0.0%   0.105 UG:5    +
    4    57  3   0.0%   0.178 GU:1    AU:2    +
   20   108  1   0.0%   1.035 AU:5    +
   11    56  1   0.0%   0.931 UA:5    +
   31    86  2   0.2%   0.430 CG:4    +
   18    32  3   0.2%   0.919 GC:3    +
    9    27  3   0.2%   0.593 UA:3    +
   32    85  2   0.2%   0.187 CG:4    +
   40   140  2   0.2%   0.820 CG:4    +
   29    88  2   0.1%   0.698 GU:4    +
    1    28  2   0.1%   0.057 GC:4    +
   31    98  2   0.1%   0.504 CG:4    +
  145   152  3   0.2%   0.576 AU:3    +
   64    69  2   0.1%   0.689 GU:4    +
   19    40  2   0.1%   1.338 GC:4    +
   14   151  2   0.1%   0.869 CG:4    +
    8    24  3   0.2%   1.465 AU:3    +
   89   135  2   0.1%   0.377 GU:4    +
   37    90  2   0.1%   0.095 AU:4    +
   39    89  2   0.1%   0.172 UG:4    +
  139   151  2   0.1%   0.861 UG:4    +
   23   145  3   0.2%   0.791 UA:3    +
   33   134  3   0.2%   0.598 UA:3    +
   20    39  2   0.1%   0.996 AU:4    +
   25   146  3   0.2%   0.657 AU:3    +
  111   131  3   0.2%   0.573 UA:3    +
   31   140  2   0.1%   1.148 CG:4    +
   19    41  2   0.1%   1.330 GC:4    +
   31   151  2   0.1%   1.014 CG:4    +
   59    69  2   0.1%   0.021 AU:4    +
   11    49  2   0.1%   0.943 UG:4    +
  104   116  2   0.1%   0.116 UA:4    +
   21    31  3   0.2%   1.163 GC:3    +
   31   147  3   0.2%   0.988 CG:3    +
   32   140  2   0.1%   0.811 CG:4    +
    2   123  2   0.1%   0.832 CG:4    +
    2   140  2   0.1%   0.879 CG:4    +
   19    32  2   0.1%   1.452 GC:4    +
  122   135  2   0.1%   0.860 AU:4    +
   17   152  2   0.1%   0.273 AU:4    +
   19    28  2   0.1%   1.302 GC:4    +
  134   153  2   0.1%   0.769 AU:4    +
   96   130  2   0.1%   0.524 GU:4    +
    7    28  2   0.1%   0.974 GC:4    +
   25   153  2   0.1%   0.785 AU:4    +
  124   151  2   0.1%   0.382 CG:4    +
   32    96  2   0.1%   0.194 CG:4    +
   26   104  2   0.1%   0.200 AU:4    +
   28   137  2   0.0%   0.152 CG:4    +
   17    23  2   0.0%   0.752 AU:4    +
    8    39  2   0.0%   0.864 AU:4    +
   56    72  2   0.0%   0.011 AU:4    +
  146   151  3   0.1%   0.556 UG:3    +
  122   153  2   0.0%   0.951 AU:4    +
  133   139  2   0.0%   1.275 GU:4    +
   19   152  2   0.0%   1.603 GU:4    +
   44    82  2   0.0%   0.010 CG:4    +
   41    85  2   0.0%   0.033 CG:4    +
   43    83  2   0.0%   0.010 AU:4    +
  124   140  2   0.0%   0.497 CG:4    +
  126   131  3   0.1%   0.569 UA:3    +
    1   139  2   0.0%   0.500 GU:4    +
   96   124  2   0.0%   0.064 GC:4    +
   16   153  2   0.0%   0.400 AU:4    +
  140   152  2   0.0%   0.992 GU:4    +
   40    86  2   0.0%   0.151 CG:4    +
   17   130  2   0.0%   0.146 AU:4    +
   29   135  2   0.0%   0.753 GU:4    +
   35   140  2   0.0%   0.937 UG:4    +
   37   142  2   0.0%   0.951 AU:4    +
   94   135  2   0.0%   0.411 AU:4    +
    3    25  3   0.1%   0.277 UA:3    +
   38   154  2   0.0%   0.820 AU:4    +
   19   104  2   0.0%   1.319 GU:4    +
   68    73  2   0.0%   0.845 CG:4    +
  106   112  2   0.0%   0.099 UA:4    +
   68   151  2   0.0%   0.979 CG:4    +
    8   135  2   0.0%   0.872 AU:4    +
  134   154  2   0.0%   0.672 AU:4    +
    8   153  2   0.0%   0.978 AU:4    +
   38   141  2   0.0%   0.995 AU:4    +
   82   139  2   0.0%   0.683 GU:4    +
   17   106  2   0.0%   0.139 AU:4    +
  125   139  2   0.0%   0.458 GU:4    +
   32    63  2   0.0%   0.160 CG:4    +
   28   133  2   0.0%   0.147 CG:4    +
  104   110  2   0.0%   0.103 UA:4    +
  140   154  2   0.0%   0.834 GU:4    +
  134   139  2   0.0%   0.763 AU:4    +
   40   151  2   0.0%   0.691 CG:4    +
   46    83  2   0.0%   0.038 GU:4    +
   27   139  2   0.0%   0.213 AU:4    +
   38   132  2   0.0%   0.771 AU:4    +
   39   131  2   0.0%   0.740 UA:4    +
   11    37  2   0.0%   0.927 UA:4    +
  131   135  2   0.0%   0.739 AU:4    +
    5   131  2   0.0%   0.960 UA:4    +
   44    85  2   0.0%   0.019 CG:4    +
   37    95  2   0.0%   0.192 AU:4    +
   20   154  2   0.0%   1.320 AU:4    +
   15    19  2   0.0%   1.577 UG:4    +
  131   154  2   0.0%   0.783 AU:4    +
   88   122  2   0.0%   0.051 UA:4    +
  121   140  2   0.0%   0.801 CG:4    +
   86   124  2   0.0%   0.032 GC:4    +
   40    49  2   0.0%   0.154 CG:4    +
    5    20  2   0.0%   0.349 UA:4    +
   11   140  2   0.0%   1.001 UG:4    +
   90   120  2   0.0%   0.128 UA:4    +
  122   139  2   0.0%   1.045 AU:4    +
   94   139  2   0.0%   0.611 AU:4    +
    7   114  3   0.1%   1.088 GU:3    +
    1   135  2   0.0%   0.494 GU:4    +
   19    23  2   0.0%   1.904 GU:4    +
    5   134  2   0.0%   0.960 UA:4    +
   25    39  2   0.0%   0.519 AU:4    +
   25   104  2   0.0%   0.580 AU:4    +
   26   154  2   0.0%   0.789 AU:4    +
  112   117  2   0.0%   0.180 AU:4    +
   83   134  2   0.0%   0.272 UA:4    +
   23   102  2   0.0%   0.726 UG:4    +
   37    57  2   0.0%   0.053 AU:4    +
   88   137  2   0.0%   0.554 UG:4    +
   17   142  2   0.0%   0.156 AU:4    +
   26   139  2   0.0%   0.153 AU:4    +
   35    96  2   0.0%   0.221 UG:4    +
  102   117  2   0.0%   0.093 GU:4    +
   19   142  2   0.0%   1.382 GU:4    +
  121   151  2   0.0%   0.676 CG:4    +
   42    89  2   0.0%   0.147 UG:4    +
   42   131  2   0.0%   0.372 UA:4    +
   32    98  2   0.0%   0.230 CG:4    +
  120   152  2   0.0%   0.703 AU:4    +
   40    82  2   0.0%   0.135 CG:4    +
   20   139  2   0.0%   1.032 AU:4    +
  125   135  2   0.0%   0.266 GU:4    +
    2    96  2   0.0%   0.774 CG:4    +
   39   137  2   0.0%   1.012 UG:4    +
   14    86  2   0.0%   0.643 CG:4    +
   90    96  2   0.0%   0.176 UG:4    +
   26    99  2   0.0%   0.092 AU:4    +
   90   140  2   0.0%   0.656 UG:4    +
   38    84  2   0.0%   0.057 AU:4    +
   19   141  2   0.0%   1.382 GU:4    +
   19   130  2   0.0%   1.371 GU:4    +
   13   116  2   0.0%   0.953 UA:4    +
   13   150  2   0.0%   1.020 UA:4    +
   44   151  2   0.0%   0.341 CG:4    +
   27   153  2   0.0%   0.902 AU:4    +
   48    80  2   0.0%   0.028 UA:4    +
   17    35  2   0.0%   0.219 AU:4    +
   37   152  2   0.0%   0.885 AU:4    +
   77   153  2   0.0%   0.298 AU:4    +
    8   139  2   0.0%   0.871 AU:4    +
  131   153  2   0.0%   0.841 AU:4    +
   26   135  2   0.0%   0.153 AU:4    +
   19   139  2   0.0%   1.369 GU:4    +
   16   135  2   0.0%   0.333 AU:4    +
   44   140  2   0.0%   0.463 CG:4    +
   86   139  2   0.0%   0.438 GU:4    +
   27   154  2   0.0%   0.845 AU:4    +
   46    88  2   0.0%   0.135 GU:4    +
    8   104  2   0.0%   0.859 AU:4    +
  100   120  2   0.0%   0.061 UA:4    +
   88    94  2   0.0%   0.117 UA:4    +
   85   135  2   0.0%   0.209 GU:4    +
    1    39  2   0.0%   0.434 GU:4    +
   88   134  2   0.0%   0.287 UA:4    +
    8   154  2   0.0%   0.959 AU:4    +
   44    49  2   0.0%   0.022 CG:4    +
   82   141  2   0.0%   0.720 GU:4    +
   85   139  2   0.0%   0.440 GU:4    +
   25   139  2   0.0%   0.541 AU:4    +
   87   140  2   0.0%   0.497 UG:4    +
  123   135  2   0.0%   0.356 GU:4    +
  104   122  2   0.0%   0.978 UA:4    +
   29    39  2   0.0%   0.612 GU:4    +
   20   135  2   0.0%   1.031 AU:4    +
   31    82  2   0.0%   0.398 CG:4    +
   28    85  2   0.0%   0.038 CG:4    +
   83   151  2   0.0%   0.393 UG:4    +
   41   151  2   0.0%   0.370 CG:4    +
   23   140  2   0.0%   0.716 UG:4    +
   27   135  2   0.0%   0.209 AU:4    +
    7    88  2   0.0%   1.068 GU:4    +
   25   135  2   0.0%   0.541 AU:4    +
   83   137  2   0.0%   0.559 UG:4    +
  104   115  2   0.0%   0.059 UG:4    +
  104   109  2   0.0%   0.099 UG:4    +
   15    38  2   0.0%   0.344 UA:4    +
   80   142  2   0.0%   0.641 AU:4    +
   44    52  2   0.0%   0.002 CG:4    +
   43    88  2   0.0%   0.042 AU:4    +
    7   139  2   0.0%   1.085 GU:4    +
   39   133  2   0.0%   0.908 UG:4    +
   55    77  2   0.0%   0.016 UA:4    +
  116   132  2   0.0%   0.571 AU:4    +
   27    42  2   0.0%   0.140 AU:4    +
   99   131  2   0.0%   0.597 UA:4    +
   54    63  2   0.0%   0.006 UG:4    +
   27    39  2   0.0%   0.166 AU:4    +
    5   122  2   0.0%   0.959 UA:4    +
   89   139  2   0.0%   0.572 GU:4    +
   16   139  2   0.0%   0.334 AU:4    +
  117   140  2   0.0%   0.578 UG:4    +
   15   140  2   0.0%   0.373 UG:4    +
   42    47  2   0.0%   0.034 UA:4    +
   95   140  2   0.0%   0.748 UG:4    +
   52    65  2   0.0%   0.005 GU:4    +
   23   107  2   0.0%   0.693 UA:4    +
   35    49  2   0.0%   0.130 UG:4    +
   26    39  2   0.0%   0.112 AU:4    +
   13   151  2   0.0%   1.065 UG:4    +
    1    79  2   0.0%   0.445 GC:4    +
   99   122  2   0.0%   0.064 UA:4    +
   41   125  2   0.0%   0.063 CG:4    +
   25    99  2   0.0%   0.489 AU:4    +
  104   137  2   0.0%   0.826 UG:4    +
   41    86  2   0.0%   0.030 CG:4    +
   40    96  2   0.0%   0.241 CG:4    +
   97   102  2   0.0%   0.093 CG:4    +
   84   134  2   0.0%   0.263 UA:4    +
   51    82  2   0.0%   0.360 UG:4    +
   94   153  2   0.0%   0.507 AU:4    +
    7   135  2   0.0%   1.082 GU:4    +
   98   121  2   0.0%   0.099 GC:4    +
   88   131  2   0.0%   0.391 UA:4    +
   20    42  2   0.0%   0.982 AU:4    +
  118   139  2   0.0%   0.685 GU:4    +
  104   118  2   0.0%   0.109 UG:4    +
   14   113  2   0.0%   0.736 CG:4    +
  102   142  2   0.0%   0.782 GU:4    +
   29    69  2   0.0%   0.669 GU:4    +
   19    35  2   0.0%   1.385 GU:4    +
   28    86  2   0.0%   0.037 CG:4    +
   19   106  2   0.0%   1.405 GU:4    +
   43    84  2   0.0%   0.006 AU:4    +
   96   103  2   0.0%   0.104 GU:4    +
   22    77  2   0.0%   0.478 UA:4    +
   37    58  2   0.0%   0.054 AU:4    +
   70    84  2   0.0%   0.342 GU:4    +
   28   125  2   0.0%   0.106 CG:4    +
   32    70  2   0.0%   0.155 CG:4    +
  123   139  2   0.0%   0.544 GU:4    +
   68    86  2   0.0%   0.689 CG:4    +
   26    88  2   0.0%   0.081 AU:4    +
  103   140  2   0.0%   0.735 UG:4    +
   43    60  2   0.0%   0.003 AU:4    +
   40    63  2   0.0%   0.137 CG:4    +
   38    55  2   0.0%   0.055 AU:4    +
   39    64  2   0.0%   0.138 UG:4    +
    2    82  2   0.0%   0.772 CG:4    +
  122   154  2   0.0%   0.887 AU:4    +
   42   127  2   0.0%   0.134 UA:4    +
   34    42  2   0.0%   0.111 AU:4    +
    2   102  2   0.0%   0.773 CG:4    +
  105   140  2   0.0%   0.733 CG:4    +
   20    88  2   0.0%   0.977 AU:4    +
   19    90  2   0.0%   1.315 GU:4    +
   40    85  2   0.0%   0.144 CG:4    +
   95   120  2   0.0%   0.051 UA:4    +
   37    65  2   0.0%   0.055 AU:4    +
    8    83  2   0.0%   0.858 AU:4    +
   32    86  2   0.0%   0.177 CG:4    +
  101   116  2   0.0%   0.091 UA:4    +
   70   154  2   0.0%   0.506 GU:4    +
   26    69  2   0.0%   0.080 AU:4    +
   32    82  2   0.0%   0.155 CG:4    +
    2    49  2   0.0%   0.769 CG:4    +
   28    82  2   0.0%   0.037 CG:4    +
   38    66  2   0.0%   0.057 AU:4    +
   32    49  2   0.0%   0.160 CG:4    +
   42   134  2   0.0%   0.221 UA:4    +
    8    51  2   0.0%   0.857 AU:4    +
    8    58  2   0.0%   0.858 AU:4    +
  103   112  2   0.0%   0.102 UA:4    +
    1    83  2   0.0%   0.445 GU:4    +
   31    52  2   0.0%   0.397 CG:4    +
   27    83  2   0.0%   0.135 AU:4    +
    2    85  2   0.0%   0.772 CG:4    +
   25    83  2   0.0%   0.487 AU:4    +
  104   134  2   0.0%   0.629 UA:4    +
   11    52  2   0.0%   0.931 UG:4    +
   43   139  2   0.0%   0.418 AU:4    +
   48   140  2   0.0%   0.746 UG:4    +
   79    89  2   0.0%   0.141 CG:4    +
  106   114  3   0.1%   0.077 UA:3    +
    3    26  3   0.1%   0.277 UA:3    +
  130   145  3   0.1%   0.583 UA:3    +
   11    24  3   0.1%   1.484 UG:3    +
   27    33  3   0.1%   0.269 AU:3    +
   18    41  3   0.1%   0.777 GC:3    +
    8   114  3   0.1%   0.878 AU:3    +
    9    25  3   0.0%   0.833 UA:3    +
   32   147  3   0.0%   0.637 CG:3    +
   20   146  3   0.0%   1.096 AU:3    +
   33   131  3   0.0%   0.204 UA:3    +
   10    25  3   0.0%   1.267 UA:3    +
    3   122  3   0.0%   0.747 UA:3    +
   30    40  3   0.0%   0.658 GC:3    +
   10    27  3   0.0%   1.026 UA:3    +
   26    33  3   0.0%   0.206 AU:3    +
   37   141  3   0.0%   0.958 AU:3    +
   33    38  3   0.0%   0.172 UA:3    +
   21   105  3   0.0%   0.880 GC:3    +
   24   142  3   0.0%   0.806 GU:3    +
  111   115  3   0.0%   0.115 UG:3    +
   18   105  3   0.0%   0.780 GC:3    +
  125   146  3   0.0%   0.159 GU:3    +
    9    26  3   0.0%   0.494 UA:3    +
   24   133  3   0.0%   0.820 UG:3    +
   49    83  3   0.0%   0.431 GU:3    +
    9   134  3   0.0%   0.534 UA:3    +
   74   145  3   0.0%   0.180 UA:3    +
   13   145  3   0.0%   0.982 UA:3    +
   24    31  3   0.0%   1.127 GC:3    +
    9   116  3   0.0%   0.571 UA:3    +
   24    32  3   0.0%   0.885 GC:3    +
  147   153  3   0.0%   0.706 GU:3    +
   35   145  3   0.0%   0.601 UA:3    +
   18    28  3   0.0%   0.760 GC:3    +
   24    29  3   0.0%   1.304 UG:3    +
    3    38  3   0.0%   0.693 UA:3    +
   21    32  3   0.0%   0.912 GC:3    +
   26   129  3   0.0%   0.159 AU:3    +
   24   131  3   0.0%   0.786 UA:3    +
  103   111  3   0.0%   0.103 UG:3    +
  129   134  3   0.0%   0.908 UA:3    +
  132   155  3   0.0%   0.604 UG:3    +
   26   146  3   0.0%   0.604 AU:3    +
   20    33  3   0.0%   1.090 AU:3    +
    2    24  3   0.0%   0.295 CG:3    +
  146   150  3   0.0%   0.383 UA:3    +
    3   131  3   0.0%   0.745 UA:3    +
    3   134  3   0.0%   0.746 UA:3    +
  131   146  3   0.0%   0.645 AU:3    +
   37   132  3   0.0%   0.869 AU:3    +
   21    40  3   0.0%   0.805 GC:3    +
    2   155  3   0.0%   0.992 CG:3    +
   25    33  3   0.0%   0.580 AU:3    +
   22    37  3   0.0%   0.452 UA:3    +
  108   112  3   0.0%   0.061 UA:3    +
   24    40  3   0.0%   0.794 GC:3    +
   18    24  3   0.0%   1.450 AU:3    +
   11   114  3   0.0%   0.990 UA:3    +
    3     8  3   0.0%   0.002 UA:3    +
   24   105  3   0.0%   0.827 GC:3    +
   24   132  3   0.0%   0.783 GU:3    +
   27   129  3   0.0%   0.216 AU:3    +
   24    35  3   0.0%   0.824 GU:3    +
   24   130  3   0.0%   0.785 GU:3    +
  100   112  3   0.0%   0.106 UA:3    +
   45    59  3   0.0%   0.011 UA:3    +
   40   147  3   0.0%   0.617 CG:3    +
   18    31  3   0.0%   1.114 GC:3    +
    9    56  3   0.0%   0.524 UA:3    +
   27   146  3   0.0%   0.659 AU:3    +
   17   108  3   0.0%   0.145 AU:3    +
   20    24  3   0.0%   1.677 AU:3    +
   14   147  3   0.0%   0.810 CG:3    +
   44   155  3   0.0%   0.146 CG:3    +
   25   129  3   0.0%   0.543 AU:3    +
   18    40  3   0.0%   0.777 GC:3    +
   32   155  3   0.0%   0.582 CG:3    +
   10   134  3   0.0%   1.017 UA:3    +
    1    24  3   0.0%   0.029 GU:3    +
  126   134  3   0.0%   0.361 UA:3    +
   41    63  3   0.0%   0.019 CG:3    +
   20   129  3   0.0%   1.037 AU:3    +
   21   129  3   0.0%   0.839 GU:3    +
   91   120  3   0.0%   0.238 UA:3    +
   93   134  3   0.0%   0.539 UA:3    +
   24   100  3   0.0%   0.776 GU:3    +
   24   137  3   0.0%   0.816 UG:3    +
   40   155  3   0.0%   0.494 CG:3    +
    9   131  3   0.0%   0.529 UA:3    +
   94   146  3   0.0%   0.312 AU:3    +
    8   146  3   0.0%   0.934 AU:3    +
   19    91  3   0.0%   1.314 GU:3    +
   22   107  3   0.0%   0.515 UA:3    +
   22   155  3   0.0%   0.739 UG:3    +
   16   146  3   0.0%   0.387 AU:3    +
   25    93  3   0.0%   0.494 AU:3    +
  111   117  3   0.0%   0.179 GU:3    +
   13   147  3   0.0%   1.030 UG:3    +
   17   132  3   0.0%   0.140 AU:3    +
   12   141  3   0.0%   0.493 AU:3    +
    8   129  3   0.0%   0.871 AU:3    +
   98   146  3   0.0%   0.181 GU:3    +
   24   106  3   0.0%   0.823 GU:3    +
   99   116  3   0.0%   0.105 UA:3    +
   31   155  3   0.0%   0.874 CG:3    +
  114   122  3   0.0%   1.036 UA:3    +
   11   145  3   0.0%   1.033 UA:3    +
   13    37  3   0.0%   0.855 UA:3    +
   33    56  3   0.0%   0.137 UA:3    +
   24   134  3   0.0%   0.798 UA:3    +
    5    38  3   0.0%   0.909 UA:3    +
   15    37  3   0.0%   0.343 UA:3    +
   24   152  3   0.0%   1.091 GU:3    +
   41    52  3   0.0%   0.015 CG:3    +
   90   145  3   0.0%   0.293 UA:3    +
   91   144  3   0.0%   0.372 UA:3    +
   28    73  3   0.0%   0.037 CG:3    +
  122   129  3   0.0%   1.242 AU:3    +
   77   146  3   0.0%   0.101 AU:3    +
   24   103  3   0.0%   0.821 GU:3    +
   45    87  3   0.0%   0.059 AU:3    +
   27    93  3   0.0%   0.150 AU:3    +
  101   112  3   0.0%   0.094 UA:3    +
   20    93  3   0.0%   0.979 AU:3    +
   91    96  3   0.0%   0.286 UG:3    +
   21    41  3   0.0%   0.792 GC:3    +
   24    75  3   0.0%   0.770 GU:3    +
  114   134  3   0.0%   0.710 UA:3    +
   37    66  3   0.0%   0.053 AU:3    +
  106   111  3   0.0%   0.095 UG:3    +
   39    56  3   0.0%   0.134 UA:3    +
   91   140  3   0.0%   0.784 UG:3    +
   75   145  3   0.0%   0.103 UA:3    +
  111   118  3   0.0%   0.329 UG:3    +
   42    56  3   0.0%   0.006 UA:3    +
   17    91  3   0.0%   0.135 AU:3    +
   15   112  3   0.0%   0.399 UA:3    +
   95   145  3   0.0%   0.384 UA:3    +
   30    93  3   0.0%   0.562 GU:3    +
   43   126  3   0.0%   0.034 AU:3    +
   18    44  3   0.0%   0.773 GC:3    +
   30    68  3   0.0%   0.545 GC:3    +
   41    49  3   0.0%   0.035 CG:3    +
  114   127  3   0.0%   0.756 UA:3    +
  100   145  3   0.0%   0.499 UA:3    +
   27   126  3   0.0%   0.203 AU:3    +
   24   109  3   0.0%   0.824 UG:3    +
   41   147  3   0.0%   0.297 CG:3    +
   37    45  3   0.0%   0.045 AU:3    +
  117   145  3   0.0%   0.214 UA:3    +
   37    48  3   0.0%   0.045 AU:3    +
  100   111  3   0.0%   0.105 UG:3    +
   21    44  3   0.0%   0.782 GC:3    +
   56    69  3   0.0%   0.002 AU:3    +
   33    43  3   0.0%   0.136 UA:3    +
  114   125  3   0.0%   0.426 UG:3    +
   24   121  3   0.0%   0.814 GC:3    +
    8    93  3   0.0%   0.859 AU:3    +
   22   111  3   0.0%   0.560 UG:3    +
   45   132  3   0.0%   0.397 AU:3    +
    8    33  3   0.0%   0.955 AU:3    +
   45    89  3   0.0%   0.192 UG:3    +
   26    93  3   0.0%   0.096 AU:3    +
   10   131  3   0.0%   1.013 UA:3    +
   38    42  3   0.0%   0.042 AU:3    +
  116   146  3   0.0%   0.251 AU:3    +
  121   155  3   0.0%   0.477 CG:3    +
   30    53  3   0.0%   0.545 GC:3    +
   10   110  3   0.0%   0.963 UA:3    +
  105   111  3   0.0%   0.100 CG:3    +
   13   112  3   0.0%   0.956 UA:3    +
(((.(((((((.......)))))))...))).........((((((((.(((((((.(((.(((...)))))).))))))))))))))).....((((((...(((((.......))))).))))))............................
