3 sequence; length of alignment 160
alifold output
   31    70  0  99.0%   0.030 GU:2    AU:1   
   33    68  0 100.0%   0.000 CG:3   
   45    56  0 100.0%   0.002 CG:3   
   35    66  0  99.9%   0.003 AU:3   
   34    67  1  99.9%   0.002 GC:1    GU:1   
   44    57  0  99.8%   0.008 GU:3   
   39    63  0  99.3%   0.052 CG:3   
   36    65  0  99.3%   0.023 CG:3   
   32    69  1  99.6%   0.014 CG:2   
   40    62  0  98.0%   0.116 UA:3   
   38    64  0  97.4%   0.078 AU:3   
   43    58  1  96.7%   0.100 AU:2   
   30    71  0  94.8%   0.161 UA:3   
   42    59  0  94.2%   0.171 UA:3   
   46    55  1  91.6%   0.242 AU:2   
  115   124  1  62.8%   1.146 UA:2   
   23    87  0  62.2%   1.485 GC:3   
   27    83  0  62.1%   1.269 CG:3   
   24    86  0  62.0%   1.288 CG:3   
  114   125  1  62.5%   1.165 AU:2   
  116   123  1  62.0%   1.149 UA:2   
  113   126  0  60.9%   1.442 AU:3   
   18    96  0  60.9%   0.964 UA:3   
   19    95  0  60.9%   1.138 UA:3   
   28    82  1  61.0%   1.434 UA:2   
   17    97  0  60.4%   0.977 AU:3   
   20    94  0  60.3%   1.198 AU:3   
   12   103  0  59.6%   1.334 CG:3   
   11   104  0  59.3%   1.320 UA:3   
   26    84  0  58.6%   1.402 UA:3   
  117   122  0  57.8%   1.246 UA:3   
   16    98  0  56.6%   1.265 AU:3   
  112   127  0  54.9%   1.685 CG:1    UG:2   
   29    81  1  56.2%   1.385 AU:2   
   10   105  0  55.5%   1.125 UA:3   
   22    88  1  54.8%   1.312 AU:2   
   21    93  0  47.0%   1.639 GU:1    AU:2   
  146   154  0  45.7%   2.467 CG:1    UA:2   
  143   157  0  46.2%   2.139 UA:3   
  144   156  0  45.9%   2.415 GU:3   
  145   155  0  45.7%   2.277 GU:3   
  142   158  1  44.9%   1.802 UA:2   
  141   159  0  40.4%   1.974 UG:3   
    6   106  0  39.7%   1.117 CG:3   
    5   107  0  39.0%   1.109 AU:3   
    3   110  0  37.1%   1.426 GC:3   
    4   109  0  36.8%   1.173 UA:3   
   87   106  0  35.9%   1.831 CG:3    +
  140   160  0  35.4%   1.903 AU:3   
   88   105  1  35.7%   1.836 UA:2    +
   90   103  1  35.3%   1.437 CG:2    +
   89   104  1  35.2%   1.734 UA:2    +
  145   152  0  32.3%   1.835 GC:2    GU:1    +
  146   151  0  32.1%   1.810 CG:1    UA:2    +
   86   107  0  32.7%   1.890 GU:3    +
   85   108  1  30.5%   1.402 GC:2    +
  144   153  0  29.6%   1.991 GU:3    +
   13    82  0  27.1%   1.114 UG:1    UA:2    +
   15    80  0  27.0%   1.087 GC:2    GU:1    +
   91   102  1  27.7%   1.234 AU:2    +
   12    83  0  27.1%   1.103 CG:3    +
   14    81  0  27.1%   1.080 AU:3    +
   24    78  0  26.0%   1.258 CG:3    +
   23    79  0  23.9%   1.483 GC:1    GU:2    +
   11    84  0  24.6%   1.056 UA:3    +
   25    77  1  23.2%   1.332 AU:2    +
  143   154  0  20.5%   1.727 UG:1    UA:2    +
   15   100  0  19.5%   1.420 GC:1    GU:2    +
   21    89  1  12.4%   1.081 AU:2    +
   82   112  0  10.0%   1.445 GC:1    AU:2    +
   16    79  1  11.0%   0.763 AU:2    +
   83   111  0   9.9%   1.449 GC:3    +
   81   113  0   9.1%   1.365 UA:3    +
    3   108  0   8.6%   0.745 GC:3    +
  120   127  0   7.6%   1.506 CG:2    UG:1    +
   20    77  0   8.2%   0.665 AU:3    +
   22    75  0   8.1%   0.709 AU:3    +
   21    76  1   8.4%   0.692 AU:2    +
   15   120  0   6.9%   1.399 GC:2    GU:1    +
  127   136  0   6.6%   1.706 GC:1    GU:2    +
    3   152  0   6.2%   1.502 GC:2    GU:1    +
    4   151  0   6.1%   1.080 UG:1    UA:2    +
   19    78  0   7.0%   0.612 UG:3    +
  110   145  0   6.9%   1.158 CG:3    +
  111   144  0   6.9%   1.292 CG:3    +
   14   121  0   6.8%   1.125 AU:3    +
   16   119  0   6.7%   1.245 AU:3    +
  119   128  1   7.0%   0.937 UA:2    +
   13   122  0   6.5%   0.964 UA:3    +
   23    74  0   6.4%   0.606 GU:3    +
  128   135  1   6.7%   1.135 AU:2    +
  129   134  0   6.1%   0.870 UA:3    +
  126   137  0   5.0%   1.281 UG:1    UA:2    +
   94    99  0   6.0%   0.918 UA:3    +
    2   153  0   5.7%   0.792 AU:3    +
    5   150  0   5.5%   0.972 AU:3    +
   17   118  0   5.4%   0.871 AU:3    +
   22    92  1   5.8%   1.130 AU:2    +
    6   144  0   5.2%   0.954 CG:3    +
  112   137  0   4.2%   1.158 CG:1    UA:2    +
    9   141  0   5.1%   0.647 AU:3    +
  109   146  1   5.5%   1.148 AU:2    +
  132   142  0   3.8%   0.971 CG:1    AU:2    +
    7   143  1   5.2%   0.592 AU:2    +
   10   140  0   4.7%   1.077 UA:3    +
    8   142  1   5.1%   0.709 AU:2    +
  114   135  0   4.2%   0.942 AU:3    +
  113   136  1   4.3%   1.106 AU:2    +
  131   143  0   3.8%   0.945 AU:3    +
   10   124  0   3.7%   0.873 UA:3    +
  130   144  1   3.5%   0.946 CG:1    UG:1    +
   28    73  1   4.0%   0.525 UA:2    +
   15   101  1   3.4%   1.058 GC:1    GU:1    +
   14   102  0   3.4%   0.790 AU:3    +
  141   154  0   2.3%   0.861 UG:1    UA:2    +
  140   155  0   3.3%   0.934 AU:3    +
  114   141  0   3.2%   1.153 AU:3    +
  111   127  0   3.2%   0.895 CG:3    +
  115   134  1   3.7%   0.921 UA:2    +
    6   127  0   3.2%   0.711 CG:3    +
    6   159  0   3.0%   0.971 CG:3    +
   86   108  0   3.0%   1.599 GC:3    +
   11   123  1   3.5%   1.067 UA:2    +
  139   156  1   3.2%   0.810 AU:2    +
  138   159  0   1.7%   0.713 CG:1    UG:2    +
    9   125  1   3.1%   0.450 AU:2    +
  115   140  1   3.0%   1.119 UA:2    +
   31    79  0   0.5%   0.688 GC:1    GU:1    AU:1    +
  137   160  0   1.5%   0.870 GU:1    AU:2    +
  129   145  0   2.5%   1.010 UG:3    +
    5   160  0   2.4%   0.929 AU:3    +
    8   126  0   2.4%   0.496 AU:3    +
    8   147  0   2.4%   0.724 AU:3    +
    3   111  0   2.3%   0.950 GC:3    +
  152   159  0   1.3%   1.460 CG:2    UG:1    +
   97   154  0   1.3%   0.566 UG:1    UA:2    +
   10    85  1   2.7%   0.322 UG:2    +
   85   101  0   0.0%   0.218 GC:1    GU:1    UG:1    +
  116   131  0   1.9%   0.683 UA:3    +
  113   142  1   2.4%   1.236 AU:2    +
   26    73  0   1.9%   0.283 UA:3    +
   25    76  0   0.8%   0.417 AU:2    UA:1    +
  151   156  0   0.8%   1.423 GU:1    AU:2    +
    7   148  1   2.2%   0.597 AU:2    +
  112   144  0   0.7%   1.411 CG:1    UG:2    +
   12   145  0   1.7%   1.000 CG:3    +
  106   146  0   0.7%   1.087 GC:1    GU:2    +
   13   144  0   1.7%   0.996 UG:3    +
    7   126  1   2.2%   0.292 AU:2    +
  138   157  1   2.2%   0.548 UA:2    +
    3   138  0   0.7%   0.967 GC:1    GU:2    +
    4   137  0   0.7%   0.617 UG:1    UA:2    +
   14   143  0   1.7%   1.143 AU:3    +
  151   160  0   0.7%   1.400 GU:1    AU:2    +
    3   146  0   0.6%   1.003 GC:1    GU:2    +
  102   151  0   0.5%   0.812 UG:1    UA:2    +
   21    75  0   0.5%   0.124 GU:1    AU:2    +
  116   139  1   2.0%   0.864 UA:2    +
  118   137  0   0.5%   0.577 UG:1    UA:2    +
  108   127  0   1.5%   1.060 CG:3    +
  115   128  0   0.4%   0.576 AU:1    UA:2    +
   95   156  0   1.4%   0.613 AU:3    +
   94   157  0   1.4%   0.722 UA:3    +
   96   155  0   1.4%   0.589 AU:3    +
  128   146  1   1.9%   1.109 AU:2    +
  118   131  0   1.4%   0.539 UA:3    +
  146   159  0   0.4%   1.918 CG:1    UG:2    +
  138   151  0   0.4%   0.445 CG:1    UA:2    +
    4   154  0   0.3%   0.799 UG:1    UA:2    +
   93   158  0   1.3%   0.656 UA:3    +
  136   144  0   0.3%   1.188 CG:1    UG:2    +
  137   143  0   0.3%   0.953 GU:1    AU:2    +
  138   145  0   0.3%   0.704 CG:1    UG:2    +
  137   146  0   0.3%   0.922 GC:1    AU:2    +
  133   139  0   0.3%   0.431 AU:1    UA:2    +
  127   138  0   0.3%   1.197 GC:1    GU:2    +
  153   158  0   1.3%   1.353 UA:3    +
   13   137  0   0.2%   0.686 UG:1    UA:2    +
  136   151  0   0.2%   0.781 CG:1    UA:2    +
  137   150  0   0.2%   0.790 GU:1    AU:2    +
  139   148  0   0.2%   0.625 AU:2    UA:1    +
  121   151  0   0.2%   0.544 UG:1    UA:2    +
  136   159  0   0.2%   0.829 CG:1    UG:2    +
  109   126  0   1.2%   0.783 AU:3    +
   10   154  0   0.2%   0.873 UG:1    UA:2    +
  125   145  0   0.2%   0.990 CG:1    UG:2    +
   21    88  0   0.2%   0.341 GC:1    AU:2    +
   21    74  0   0.2%   0.060 GU:1    AU:2    +
   21   136  0   0.2%   1.094 GC:1    AU:2    +
   23    80  0   0.2%   0.930 GC:2    GU:1    +
  136   154  0   0.2%   0.698 CG:1    UA:2    +
  137   153  0   0.2%   0.727 GU:1    AU:2    +
  128   142  0   0.2%   0.950 UG:1    AU:2    +
   16   100  1   1.6%   1.201 AU:2    +
  120   145  0   0.1%   0.865 CG:2    UG:1    +
  138   154  0   0.1%   0.343 CG:1    UA:2    +
   21   116  0   0.1%   0.970 GU:1    AU:2    +
    7    89  0   0.1%   0.051 CG:1    AU:2    +
  137   155  0   0.1%   0.675 GU:1    AU:2    +
    4   134  0   1.1%   0.617 UA:3    +
  121   137  0   0.1%   0.526 UG:1    UA:2    +
   21   117  0   0.1%   0.973 GU:1    AU:2    +
  103   120  0   0.1%   1.015 GC:2    GU:1    +
   23   146  0   0.1%   0.999 GC:1    GU:2    +
   14   100  1   1.6%   0.579 AU:2    +
   15   125  0   0.1%   1.227 GC:1    GU:2    +
    3   135  0   1.1%   0.964 GU:3    +
  129   137  0   0.1%   0.708 UG:1    UA:2    +
   86   146  0   0.1%   0.969 GC:1    GU:2    +
   88   144  0   0.1%   1.031 CG:1    UG:2    +
  137   156  0   0.1%   0.688 GU:1    AU:2    +
   31    80  0   0.1%   0.422 GC:2    AU:1    +
   49    54  1   1.6%   0.198 GC:2    +
    3   125  0   0.1%   0.806 GC:1    GU:2    +
  103   136  0   0.1%   0.938 GC:1    GU:2    +
   94   137  0   0.1%   0.588 UG:1    UA:2    +
   21    81  0   0.1%   0.621 GU:1    AU:2    +
   98   154  0   0.1%   0.491 UG:1    UA:2    +
  128   133  0   0.1%   0.484 AU:2    UA:1    +
  102   137  0   0.1%   0.619 UG:1    UA:2    +
   11   139  1   1.6%   1.058 UA:2    +
   15   152  0   0.1%   1.317 GC:2    GU:1    +
    7   142  0   0.1%   0.142 CG:1    AU:2    +
   13   154  0   0.1%   0.738 UG:1    UA:2    +
  119   137  0   0.0%   0.665 UG:1    UA:2    +
  112   151  0   0.0%   1.085 CG:1    UA:2    +
   21   155  0   0.0%   1.058 GU:1    AU:2    +
  135   154  0   0.0%   0.639 UG:1    UA:2    +
   15   136  0   0.0%   1.149 GC:1    GU:2    +
  125   159  0   0.0%   0.783 CG:1    UG:2    +
  106   152  0   0.0%   1.102 GC:2    GU:1    +
    3   112  0   0.0%   0.867 GC:1    GU:2    +
  115   132  1   1.5%   0.644 UA:2    +
  144   152  0   0.0%   0.865 GC:2    GU:1    +
   16   141  0   1.0%   1.197 AU:3    +
   13   151  0   0.0%   0.870 UG:1    UA:2    +
  107   151  0   0.0%   1.146 UG:1    UA:2    +
   93    99  0   1.0%   0.573 UA:3    +
    3   120  0   0.0%   0.793 GC:2    GU:1    +
   79    86  0   0.0%   0.979 CG:1    UG:2    +
   92   128  0   0.0%   0.291 AU:1    UA:2    +
  147   151  0   0.0%   0.965 UG:1    UA:2    +
  129   154  0   0.0%   0.531 UG:1    UA:2    +
  121   154  0   0.0%   0.432 UG:1    UA:2    +
  117   137  0   0.0%   0.689 UG:1    UA:2    +
  120   159  0   0.0%   0.670 CG:2    UG:1    +
    3   136  0   0.0%   0.906 GC:1    GU:2    +
   21    77  0   0.0%   0.470 GU:1    AU:2    +
  120   144  0   0.0%   0.942 CG:2    UG:1    +
  138   144  0   0.0%   0.792 CG:1    UG:2    +
  147   154  0   0.0%   1.272 UG:1    UA:2    +
   19   137  0   0.0%   0.634 UG:1    UA:2    +
   19    82  0   0.0%   0.579 UG:1    UA:2    +
   21   138  0   0.0%   1.042 GC:1    AU:2    +
    3    80  0   0.0%   0.063 GC:2    GU:1    +
   21    94  0   0.0%   1.225 GU:1    AU:2    +
  115   139  0   0.0%   0.720 AU:1    UA:2    +
  149   154  0   0.0%   1.189 UG:1    UA:2    +
  136   145  0   0.0%   1.039 CG:1    UG:2    +
   83   120  0   0.0%   1.122 GC:2    GU:1    +
   21   135  0   0.0%   1.043 GU:1    AU:2    +
   82   121  0   0.0%   1.111 GU:1    AU:2    +
   21   118  0   0.0%   1.107 GU:1    AU:2    +
   18   154  0   0.0%   0.497 UG:1    UA:2    +
   19   151  0   0.0%   0.806 UG:1    UA:2    +
  106   125  0   0.0%   1.007 GC:1    GU:2    +
   49    55  0   0.0%   0.199 GU:2    AU:1    +
  128   148  0   0.0%   0.941 AU:2    UA:1    +
  118   154  0   0.0%   0.455 UG:1    UA:2    +
   92   139  0   0.0%   0.355 AU:1    UA:2    +
  116   137  0   0.0%   0.715 UG:1    UA:2    +
  119   151  0   0.0%   0.652 UG:1    UA:2    +
  143   151  0   0.0%   0.764 UG:1    UA:2    +
  103   152  0   0.0%   1.052 GC:2    GU:1    +
  100   106  0   0.0%   1.220 CG:1    UG:2    +
   89   132  0   0.0%   0.687 GC:1    UA:2    +
  118   151  0   0.0%   0.549 UG:1    UA:2    +
   75    82  0   0.0%   0.934 UG:1    UA:2    +
   91   142  0   0.0%   0.665 CG:1    AU:2    +
   23    88  0   0.0%   1.243 GC:1    GU:2    +
   21   149  0   0.0%   1.109 GU:1    AU:2    +
  106   120  0   0.0%   1.021 GC:2    GU:1    +
  116   154  0   0.0%   0.736 UG:1    UA:2    +
  106   138  0   0.0%   0.919 GC:1    GU:2    +
   21    97  0   0.0%   1.212 GU:1    AU:2    +
   18   151  0   0.0%   0.631 UG:1    UA:2    +
  112   154  0   0.0%   0.970 CG:1    UA:2    +
  137   141  0   0.0%   0.856 GU:1    AU:2    +
  107   137  0   0.0%   0.962 UG:1    UA:2    +
   31    77  0   0.0%   0.578 GU:2    AU:1    +
   10   137  0   0.0%   0.674 UG:1    UA:2    +
   85    90  0   0.0%   0.105 GC:2    UG:1    +
  154   160  0   0.0%   1.603 GU:1    AU:2    +
  127   152  0   0.0%   1.323 GC:2    GU:1    +
  103   112  0   0.0%   1.110 GC:1    GU:2    +
   82    88  0   0.0%   1.054 GC:1    AU:2    +
   77    82  0   0.0%   1.233 UG:1    UA:2    +
   98   151  0   0.0%   0.559 UG:1    UA:2    +
   78   120  0   0.0%   0.808 GC:2    GU:1    +
   76    85  0   0.0%   0.392 UG:2    AU:1    +
  106   136  0   0.0%   0.975 GC:1    GU:2    +
   18   137  0   0.0%   0.455 UG:1    UA:2    +
  100   159  0   0.0%   0.639 CG:1    UG:2    +
  119   154  0   0.0%   0.557 UG:1    UA:2    +
    3   100  0   0.0%   0.111 GC:1    GU:2    +
  106   112  0   0.0%   1.126 GC:1    GU:2    +
  117   151  0   0.0%   0.727 UG:1    UA:2    +
   82   150  0   0.0%   1.105 GU:1    AU:2    +
   25   115  0   0.0%   0.494 AU:2    UA:1    +
  141   151  0   0.0%   0.700 UG:1    UA:2    +
   25   133  0   0.0%   0.492 AU:2    UA:1    +
  151   155  0   0.0%   1.281 GU:1    AU:2    +
  126   151  0   0.0%   0.997 UG:1    UA:2    +
  150   154  0   0.0%   1.268 UG:1    UA:2    +
   21   129  0   0.0%   0.985 GU:1    AU:2    +
  129   151  0   0.0%   0.627 UG:1    UA:2    +
   74    82  0   0.0%   0.966 UG:1    UA:2    +
   21   156  0   0.0%   1.061 GU:1    AU:2    +
  103   138  0   0.0%   0.877 GC:1    GU:2    +
   81   151  0   0.0%   1.093 UG:1    UA:2    +
   21    26  0   0.0%   0.012 GU:1    AU:2    +
   21   112  0   0.0%   0.993 GC:1    AU:2    +
  117   154  0   0.0%   0.632 UG:1    UA:2    +
   88   106  0   0.0%   1.514 CG:1    UG:2    +
  127   146  0   0.0%   1.442 GC:1    GU:2    +
   15   138  0   0.0%   1.090 GC:1    GU:2    +
  137   147  0   0.0%   0.770 GU:1    AU:2    +
  125   144  0   0.0%   1.057 CG:1    UG:2    +
  112   159  0   0.0%   1.102 CG:1    UG:2    +
  126   154  0   0.0%   0.895 UG:1    UA:2    +
   97   137  0   0.0%   0.416 UG:1    UA:2    +
   89   128  0   0.0%   0.715 GU:1    UA:2    +
    3    88  0   0.0%   0.145 GC:1    GU:2    +
   98   137  0   0.0%   0.438 UG:1    UA:2    +
  116   151  0   0.0%   0.829 UG:1    UA:2    +
   21   146  0   0.0%   1.105 GC:1    AU:2    +
   21   119  0   0.0%   1.116 GU:1    AU:2    +
   11    21  0   0.0%   0.017 UG:1    UA:2    +
   83   112  0   0.0%   1.227 GC:1    GU:2    +
   30    82  0   0.0%   0.743 UG:1    UA:2    +
   11   154  0   0.0%   0.971 UG:1    UA:2    +
   11   137  0   0.0%   0.897 UG:1    UA:2    +
   29   142  0   0.0%   0.623 CG:1    AU:2    +
   21   147  0   0.0%   1.166 GU:1    AU:2    +
   10    21  0   0.0%   0.026 UG:1    UA:2    +
   80   159  0   0.0%   0.494 CG:2    UG:1    +
  137   149  0   0.0%   0.682 GU:1    AU:2    +
   11   151  0   0.0%   1.108 UG:1    UA:2    +
   13    21  0   0.0%   0.039 UG:1    UA:2    +
   31    81  0   0.0%   0.737 GU:2    AU:1    +
   19   154  0   0.0%   0.668 UG:1    UA:2    +
   10   151  0   0.0%   0.984 UG:1    UA:2    +
   85    92  0   0.0%   0.301 GU:2    UA:1    +
   21   121  0   0.0%   1.173 GU:1    AU:2    +
   21    30  0   0.0%   0.001 GU:1    AU:2    +
   28   139  0   0.0%   0.580 AU:1    UA:2    +
   18    82  0   0.0%   0.399 UG:1    UA:2    +
  135   151  0   0.0%   0.718 UG:1    UA:2    +
   15    79  0   0.0%   0.028 GC:1    GU:2    +
  102   154  0   0.0%   0.679 UG:1    UA:2    +
   78   125  0   0.0%   0.787 GC:1    GU:2    +
   26   137  0   0.0%   0.479 UG:1    UA:2    +
   21   126  0   0.0%   1.156 GU:1    AU:2    +
   80   127  0   0.0%   0.515 CG:2    UG:1    +
   21   150  0   0.0%   1.206 GU:1    AU:2    +
   82   136  0   0.0%   1.005 GC:1    AU:2    +
   78   112  0   0.0%   0.683 GC:1    GU:2    +
   85   148  0   0.0%   0.710 GU:2    UA:1    +
  107   154  0   0.0%   1.034 UG:1    UA:2    +
   19    31  0   0.0%   0.015 UG:2    UA:1    +
   77   137  0   0.0%   0.626 UG:1    UA:2    +
   78   136  0   0.0%   0.705 GC:1    GU:2    +
   94   151  0   0.0%   0.703 UG:1    UA:2    +
   81   137  0   0.0%   0.969 UG:1    UA:2    +
   25    89  0   0.0%   0.739 UG:1    AU:2    +
   31    74  0   0.0%   0.316 GU:2    AU:1    +
   23   152  0   0.0%   1.042 GC:2    GU:1    +
   23   136  0   0.0%   0.971 GC:1    GU:2    +
   31    75  0   0.0%   0.285 GU:2    AU:1    +
   86   100  0   0.0%   0.800 GC:1    GU:2    +
    3    79  0   0.0%   0.058 GC:1    GU:2    +
   21   143  0   0.0%   1.233 GU:1    AU:2    +
   23   120  0   0.0%   1.073 GC:2    GU:1    +
   88   159  0   0.0%   0.894 CG:1    UG:2    +
   83   136  0   0.0%   1.017 GC:1    GU:2    +
   88   103  0   0.0%   0.725 CG:1    UG:2    +
   86   125  0   0.0%   1.019 GC:1    GU:2    +
   82   138  0   0.0%   0.958 GC:1    AU:2    +
   78   138  0   0.0%   0.658 GC:1    GU:2    +
   86   136  0   0.0%   0.937 GC:1    GU:2    +
  100   145  0   0.0%   0.620 CG:1    UG:2    +
   21   141  0   0.0%   1.213 GU:1    AU:2    +
   82   153  0   0.0%   1.080 GU:1    AU:2    +
   21    70  0   0.0%   0.001 GU:1    AU:2    +
   83   152  0   0.0%   1.081 GC:2    GU:1    +
   80   106  0   0.0%   0.759 CG:2    UG:1    +
   82   156  0   0.0%   0.955 GU:1    AU:2    +
    4    21  0   0.0%   0.018 UG:1    UA:2    +
   93   137  0   0.0%   0.513 UG:1    UA:2    +
   28    85  0   0.0%   0.575 UG:2    AU:1    +
   15   146  0   0.0%   1.224 GC:1    GU:2    +
   23   125  0   0.0%   1.051 GC:1    GU:2    +
   80    86  0   0.0%   0.720 CG:2    UG:1    +
   80   144  0   0.0%   0.624 CG:2    UG:1    +
   81   154  0   0.0%   0.955 UG:1    UA:2    +
   94   154  0   0.0%   0.566 UG:1    UA:2    +
   25   142  0   0.0%   0.688 UG:1    AU:2    +
   23   138  0   0.0%   0.924 GC:1    GU:2    +
   79    83  0   0.0%   1.282 CG:1    UG:2    +
   83    88  0   0.0%   1.047 GC:1    GU:2    +
   23   112  0   0.0%   0.944 GC:1    GU:2    +
   82   118  0   0.0%   1.075 GU:1    AU:2    +
   34    76  0   0.0%   0.289 GU:2    UA:1    +
   79   145  0   0.0%   0.780 CG:1    UG:2    +
   85   115  0   0.0%   0.545 GU:2    UA:1    +
    8   107  0   1.0%   0.541 AU:3    +
    9   146  1   1.5%   0.565 AU:2    +
    2   112  1   1.5%   0.299 AU:2    +
    8   125  1   1.5%   0.266 AU:2    +
    3    87  0   1.0%   0.193 GC:3    +
  106   129  0   1.0%   0.976 GU:3    +
    4    86  0   0.9%   0.152 UG:3    +
  150   157  0   0.9%   1.090 UA:3    +
  117   132  1   1.4%   0.719 UA:2    +
  107   128  1   1.4%   1.060 UA:2    +
   15   142  1   1.4%   1.395 GU:2    +
  113   143  0   0.9%   1.205 AU:3    +
  149   158  0   0.9%   0.920 UA:3    +
    3    12  0   0.8%   0.133 GC:3    +
  103   108  0   0.8%   1.515 GC:3    +
   42    60  0   0.8%   0.202 UA:3    +
   48    55  0   0.8%   0.213 AU:3    +
  127   147  0   0.8%   1.480 GU:3    +
    8   149  0   0.8%   0.671 AU:3    +
  102   109  0   0.8%   0.970 UA:3    +
   18   140  0   0.7%   0.668 UA:3    +
    2    13  0   0.7%   0.116 AU:3    +
  105   147  0   0.7%   1.050 AU:3    +
  111   145  0   0.7%   1.110 CG:3    +
  108   144  0   0.7%   1.139 CG:3    +
  107   145  0   0.7%   1.153 UG:3    +
  104   149  0   0.6%   1.032 AU:3    +
  109   143  0   0.6%   0.812 AU:3    +
  103   150  0   0.6%   1.149 GU:3    +
  103   149  0   0.6%   1.019 GU:3    +
    2   147  0   0.6%   0.317 AU:3    +
   10   145  0   0.6%   0.898 UG:3    +
   91   101  1   0.6%   0.226 CG:1    AU:1    +
   20   121  0   0.6%   0.905 AU:3    +
   21   120  1   0.6%   1.202 GC:1    AU:1    +
   19   122  0   0.6%   0.814 UA:3    +
   25    74  1   1.0%   0.383 AU:2    +
  134   141  0   0.5%   0.901 AU:3    +
   17   141  0   0.5%   0.849 AU:3    +
   40    61  0   0.5%   0.136 UG:3    +
   22   119  0   0.5%   1.053 AU:3    +
   22    74  0   0.5%   0.131 AU:3    +
    3   147  0   0.5%   1.051 GU:3    +
  135   140  0   0.5%   0.885 UA:3    +
   40    60  0   0.5%   0.080 UA:3    +
   39    61  0   0.5%   0.080 CG:3    +
   92   159  1   1.0%   0.509 UG:2    +
   98   113  0   0.5%   0.648 UA:3    +
  141   158  0   0.5%   0.740 UA:3    +
  121   134  0   0.5%   0.518 UA:3    +
   97   114  0   0.5%   0.412 UA:3    +
    5   133  1   0.9%   0.521 AU:2    +
  114   133  1   0.9%   0.585 AU:2    +
  130   137  1   0.4%   0.502 CG:1    UA:1    +
  110   159  0   0.4%   0.844 CG:3    +
   12   127  0   0.4%   0.887 CG:3    +
  147   158  0   0.4%   0.919 UA:3    +
   32    78  0   0.4%   0.636 CG:3    +
  106   147  0   0.4%   1.180 GU:3    +
  116   140  0   0.4%   0.962 UA:3    +
  116   127  0   0.4%   1.131 UG:3    +
   26    72  0   0.4%   0.102 UA:3    +
  109   160  0   0.4%   0.859 AU:3    +
    2   149  0   0.4%   0.355 AU:3    +
  114   129  0   0.4%   0.529 AU:3    +
  113   156  0   0.4%   1.032 AU:3    +
  140   149  0   0.4%   0.685 AU:3    +
    3   155  0   0.4%   1.225 GU:3    +
  114   155  0   0.4%   0.896 AU:3    +
    2    88  1   0.9%   0.170 AU:2    +
    9   107  0   0.3%   0.517 AU:3    +
  117   131  0   0.3%   0.571 UA:3    +
   18    73  0   0.3%   0.077 UA:3    +
   17    74  0   0.3%   0.074 AU:3    +
  102   131  0   0.3%   0.595 UA:3    +
   19    72  0   0.3%   0.074 UA:3    +
   95   116  0   0.3%   0.437 AU:3    +
  103   130  1   0.3%   0.848 GC:1    GU:1    +
   83   110  0   0.3%   1.079 GC:3    +
    2   156  0   0.3%   0.532 AU:3    +
    1   150  0   0.3%   0.150 AU:3    +
  101   132  1   0.3%   0.211 GC:1    UA:1    +
   30    72  0   0.3%   0.170 UA:3    +
    9   148  1   0.8%   0.693 AU:2    +
  124   141  0   0.3%   0.913 AU:3    +
    5   153  0   0.3%   0.846 AU:3    +
   11   124  0   0.3%   1.000 UA:3    +
    9   147  0   0.3%   0.596 AU:3    +
  140   156  0   0.3%   0.877 AU:3    +
    1   149  0   0.3%   0.127 AU:3    +
   95   102  0   0.3%   0.835 AU:3    +
   94   103  0   0.3%   1.240 UG:3    +
    9   155  0   0.3%   0.533 AU:3    +
   93   104  0   0.3%   1.174 UA:3    +
   10   106  0   0.3%   0.885 UG:3    +
  122   150  0   0.3%   0.925 AU:3    +
  104   129  0   0.3%   0.810 AU:3    +
  114   142  1   0.7%   1.135 AU:2    +
  105   116  0   0.2%   0.838 AU:3    +
    8   156  0   0.2%   0.625 AU:3    +
  104   117  0   0.2%   0.795 AU:3    +
  134   153  0   0.2%   0.712 AU:3    +
  140   147  0   0.2%   0.742 AU:3    +
  135   159  0   0.2%   0.764 UG:3    +
  107   114  0   0.2%   0.907 UA:3    +
  135   145  0   0.2%   1.031 UG:3    +
    2   136  1   0.7%   0.287 AU:2    +
  103   118  0   0.2%   0.987 GU:3    +
   20    75  0   0.2%   0.061 AU:3    +
   97   124  0   0.2%   0.530 UA:3    +
   23    27  0   0.2%   0.054 GC:3    +
   95   126  0   0.2%   0.590 AU:3    +
   10   104  0   0.2%   0.171 UA:3    +
    4     9  0   0.2%   0.040 UA:3    +
    3    10  0   0.2%   0.041 GU:3    +
  134   160  0   0.2%   0.697 AU:3    +
  131   156  0   0.2%   0.557 AU:3    +
   19   139  1   0.7%   0.756 UA:2    +
   20    93  0   0.2%   0.310 AU:3    +
  118   122  0   0.2%   0.796 UA:3    +
   30    73  0   0.2%   0.332 UA:3    +
   19   144  0   0.2%   0.890 UG:3    +
   92    99  1   0.7%   0.312 UA:2    +
   20   143  0   0.2%   0.959 AU:3    +
   18   145  0   0.2%   0.608 UG:3    +
  116   124  0   0.2%   0.882 UA:3    +
  116   158  0   0.2%   0.742 UA:3    +
   94   127  0   0.2%   0.688 UG:3    +
   16    75  0   0.2%   0.058 AU:3    +
   47    52  0   0.2%   0.037 AU:3    +
  117   157  0   0.2%   0.647 UA:3    +
  106   111  0   0.2%   1.122 GC:3    +
   16   147  0   0.2%   1.158 AU:3    +
    4   145  0   0.2%   0.594 UG:3    +
   47    55  0   0.2%   0.128 AU:3    +
  126   144  0   0.2%   1.312 UG:3    +
  104   148  1   0.7%   1.082 AU:2    +
  111   159  0   0.2%   0.896 CG:3    +
    3   129  0   0.2%   0.829 GU:3    +
   18   114  0   0.2%   0.398 UA:3    +
   11   105  0   0.2%   1.047 UA:3    +
  141   157  0   0.2%   0.767 UA:3    +
   20   116  0   0.2%   0.658 AU:3    +
   37    65  1   0.7%   0.114 UG:2    +
   11   103  0   0.2%   0.401 UG:3    +
    6   145  0   0.2%   0.690 CG:3    +
  127   143  0   0.2%   1.455 GU:3    +
   15    27  0   0.2%   0.038 GC:3    +
   22   135  0   0.2%   0.923 AU:3    +
  121   144  0   0.2%   0.819 UG:3    +
   22   141  0   0.2%   1.094 AU:3    +
   13   103  0   0.1%   0.764 UG:3    +
  114   160  0   0.1%   0.922 AU:3    +
  122   143  0   0.1%   0.954 AU:3    +
   16   116  0   0.1%   0.718 AU:3    +
   18    78  0   0.1%   0.074 UG:3    +
   16    26  0   0.1%   0.037 AU:3    +
   10    17  0   0.1%   0.049 UA:3    +
    9    18  0   0.1%   0.045 AU:3    +
    9   135  0   0.1%   0.256 AU:3    +
   15   117  0   0.1%   0.867 GU:3    +
   14   149  0   0.1%   0.970 AU:3    +
   20   117  0   0.1%   0.665 AU:3    +
   16    93  0   0.1%   0.308 AU:3    +
   15   135  0   0.1%   1.130 GU:3    +
   10   134  0   0.1%   0.706 UA:3    +
    8    19  0   0.1%   0.030 AU:3    +
   15    94  0   0.1%   0.411 GU:3    +
   19   113  0   0.1%   0.560 UA:3    +
  135   158  0   0.1%   0.623 UA:3    +
   11    16  0   0.1%   0.033 UA:3    +
   22    81  0   0.1%   0.638 AU:3    +
  110   127  0   0.1%   0.650 CG:3    +
   12   159  0   0.1%   0.937 CG:3    +
   14   118  0   0.1%   0.587 AU:3    +
   99   153  0   0.1%   0.501 AU:3    +
    3   141  0   0.1%   0.921 GU:3    +
    4   140  0   0.1%   0.573 UA:3    +
  104   119  0   0.1%   0.965 AU:3    +
   24   145  0   0.1%   0.812 CG:3    +
   22   147  0   0.1%   1.038 AU:3    +
  105   118  0   0.1%   0.961 AU:3    +
  134   156  0   0.1%   0.671 AU:3    +
  105   148  1   0.6%   1.138 AU:2    +
    5   129  0   0.1%   0.412 AU:3    +
   13   158  0   0.1%   0.727 UA:3    +
   86   110  0   0.1%   1.234 GC:3    +
   11   122  0   0.1%   0.721 UA:3    +
   14   126  0   0.1%   0.959 AU:3    +
  109   129  0   0.1%   0.574 AU:3    +
  106   117  0   0.1%   0.865 GU:3    +
   22   116  0   0.1%   0.837 AU:3    +
    1   156  0   0.1%   0.136 AU:3    +
  145   160  0   0.1%   1.911 GU:3    +
  130   142  1   0.1%   0.469 CG:1    AU:1    +
  131   141  0   0.1%   0.628 AU:3    +
  113   121  0   0.1%   0.500 AU:3    +
   11   144  0   0.1%   1.102 UG:3    +
   87   145  0   0.1%   0.878 CG:3    +
   14    77  0   0.1%   0.034 AU:3    +
    2    11  0   0.1%   0.021 AU:3    +
   15   143  0   0.1%   1.358 GU:3    +
  124   135  0   0.1%   0.754 AU:3    +
   20   149  0   0.1%   0.826 AU:3    +
    2   155  0   0.1%   0.483 AU:3    +
  131   150  0   0.1%   0.652 AU:3    +
   96   135  0   0.1%   0.456 AU:3    +
   48    52  0   0.1%   0.030 AU:3    +
    4   124  0   0.1%   0.461 UA:3    +
    6    15  0   0.1%   0.017 CG:3    +
  130   151  1   0.1%   0.424 CG:1    UA:1    +
  120   154  1   0.1%   0.575 CG:1    UA:1    +
    3   130  1   0.1%   0.822 GC:1    GU:1    +
  105   149  0   0.1%   1.013 AU:3    +
    4   157  0   0.1%   0.777 UA:3    +
  117   140  0   0.1%   0.847 UA:3    +
   97   134  0   0.1%   0.432 UA:3    +
    5   156  0   0.1%   0.690 AU:3    +
  104   135  0   0.1%   0.861 AU:3    +
    2   126  0   0.1%   0.182 AU:3    +
  120   137  1   0.1%   0.667 CG:1    UA:1    +
   12   144  0   0.1%   0.906 CG:3    +
  104   150  0   0.1%   1.082 AU:3    +
  114   121  0   0.1%   0.310 AU:3    +
   16   126  0   0.1%   1.087 AU:3    +
   13    78  0   0.1%   0.066 UG:3    +
   23   118  0   0.1%   1.046 GU:3    +
   13    99  0   0.1%   0.425 UA:3    +
   19   157  0   0.1%   0.654 UA:3    +
   20   156  0   0.1%   0.779 AU:3    +
  117   124  0   0.1%   0.881 UA:3    +
   19   131  0   0.1%   0.592 UA:3    +
   18   124  0   0.1%   0.550 UA:3    +
   26    71  0   0.1%   0.025 UA:3    +
  116   122  0   0.1%   0.326 UA:3    +
  149   157  0   0.1%   0.887 UA:3    +
   14   153  0   0.1%   1.054 AU:3    +
  126   131  0   0.1%   0.780 UA:3    +
   72    77  0   0.1%   0.663 AU:3    +
   14    98  0   0.1%   0.388 AU:3    +
   10   159  0   0.1%   0.947 UG:3    +
    1   143  0   0.1%   0.067 AU:3    +
    2    93  0   0.1%   0.102 AU:3    +
   18   158  0   0.1%   0.484 UA:3    +
    2   116  0   0.1%   0.171 AU:3    +
  118   127  0   0.1%   0.931 UG:3    +
    9   129  0   0.1%   0.201 AU:3    +
    9   160  0   0.1%   0.580 AU:3    +
   20   118  0   0.1%   0.810 AU:3    +
   11   145  0   0.1%   0.999 UG:3    +
  113   150  0   0.1%   1.105 AU:3    +
    4    17  0   0.1%   0.026 UA:3    +
    3    18  0   0.1%   0.065 GU:3    +
   42    61  0   0.0%   0.162 UG:3    +
   15   118  0   0.0%   0.863 GU:3    +
   16   117  0   0.0%   0.718 AU:3    +
    4   114  0   0.0%   0.450 UA:3    +
  114   149  0   0.0%   0.913 AU:3    +
   15    98  0   0.0%   0.408 GU:3    +
    6    78  0   0.0%   0.017 CG:3    +
  118   140  0   0.0%   0.669 UA:3    +
   17    93  0   0.0%   0.079 AU:3    +
    8   141  0   0.0%   0.257 AU:3    +
   14   119  0   0.0%   0.581 AU:3    +
  127   156  0   0.0%   1.300 GU:3    +
  134   155  0   0.0%   0.648 AU:3    +
    8   155  0   0.0%   0.582 AU:3    +
    1    94  0   0.0%   0.032 AU:3    +
   23    75  0   0.0%   0.464 GU:3    +
  126   158  0   0.0%   0.888 UA:3    +
  134   143  0   0.0%   0.925 AU:3    +
  126   157  0   0.0%   0.891 UA:3    +
  122   126  0   0.0%   1.143 AU:3    +
   87   159  0   0.0%   0.847 CG:3    +
  118   124  0   0.0%   0.712 UA:3    +
   17    98  0   0.0%   0.703 AU:3    +
    2    19  0   0.0%   0.054 AU:3    +
  129   140  0   0.0%   0.663 UA:3    +
   16   135  0   0.0%   0.969 AU:3    +
    2   135  0   0.0%   0.184 AU:3    +
   16    94  0   0.0%   0.307 AU:3    +
   17   116  0   0.0%   0.404 AU:3    +
  124   160  0   0.0%   0.715 AU:3    +
    8   116  0   0.0%   0.083 AU:3    +
  106   110  0   0.0%   1.171 GC:3    +
  121   127  0   0.0%   1.131 UG:3    +
   30    78  0   0.0%   0.650 UG:3    +
   86   160  0   0.0%   0.940 GU:3    +
  109   147  0   0.0%   0.921 AU:3    +
  124   150  0   0.0%   0.820 AU:3    +
  118   157  0   0.0%   0.454 UA:3    +
   15   126  0   0.0%   1.234 GU:3    +
    2   150  0   0.0%   0.324 AU:3    +
   13   127  0   0.0%   0.746 UG:3    +
    3   149  0   0.0%   1.027 GU:3    +
    4   158  0   0.0%   0.774 UA:3    +
  117   158  0   0.0%   0.634 UA:3    +
  119   124  0   0.0%   0.720 UA:3    +
  126   134  0   0.0%   0.826 UA:3    +
   14   150  0   0.0%   1.072 AU:3    +
    1   117  0   0.0%   0.053 AU:3    +
   10   114  0   0.0%   0.499 UA:3    +
  119   131  0   0.0%   0.618 UA:3    +
   17   135  0   0.0%   0.636 AU:3    +
  105   153  0   0.0%   1.028 AU:3    +
    9   126  0   0.0%   0.352 AU:3    +
  131   149  0   0.0%   0.571 AU:3    +
   22    77  0   0.0%   0.475 AU:3    +
    2   160  0   0.0%   0.497 AU:3    +
   19   114  0   0.0%   0.565 UA:3    +
    2   121  0   0.0%   0.171 AU:3    +
    8   150  0   0.0%   0.753 AU:3    +
  114   119  0   0.0%   0.299 AU:3    +
   18   134  0   0.0%   0.469 UA:3    +
    9   149  0   0.0%   0.553 AU:3    +
   15   149  0   0.0%   1.241 GU:3    +
   78    87  0   0.0%   0.935 GC:3    +
  147   159  0   0.0%   1.068 UG:3    +
   21   130  1   0.0%   0.970 GC:1    AU:1    +
  107   134  0   0.0%   0.973 UA:3    +
  106   135  0   0.0%   0.956 GU:3    +
   10    84  0   0.0%   0.036 UA:3    +
    9   156  0   0.0%   0.527 AU:3    +
   16    97  0   0.0%   0.298 AU:3    +
   14   156  0   0.0%   0.922 AU:3    +
   15    97  0   0.0%   0.397 GU:3    +
   15   156  0   0.0%   1.198 GU:3    +
    6   103  0   0.0%   0.020 CG:3    +
  104   147  0   0.0%   0.951 AU:3    +
   22   129  0   0.0%   0.844 AU:3    +
   20    74  0   0.0%   0.030 AU:3    +
   74    78  0   0.0%   0.897 UG:3    +
   10    73  0   0.0%   0.033 UA:3    +
  122   153  0   0.0%   0.844 AU:3    +
   16   155  0   0.0%   1.026 AU:3    +
  100   151  1   0.0%   0.648 UG:1    UA:1    +
   72    81  0   0.0%   0.788 AU:3    +
  143   158  0   0.0%   1.700 UA:3    +
   17   117  0   0.0%   0.406 AU:3    +
    8   135  0   0.0%   0.288 AU:3    +
   19    83  0   0.0%   0.582 UG:3    +
  134   149  0   0.0%   0.684 AU:3    +
  124   129  0   0.0%   0.609 AU:3    +
   11   158  0   0.0%   0.948 UA:3    +
  116   159  0   0.0%   0.854 UG:3    +
    9    74  0   0.0%   0.029 AU:3    +
  130   154  1   0.0%   0.319 CG:1    UA:1    +
    6    86  0   0.0%   0.061 CG:3    +
   18    84  0   0.0%   0.399 UA:3    +
  114   126  0   0.0%   0.942 AU:3    +
   13   157  0   0.0%   0.711 UA:3    +
   11    72  0   0.0%   0.023 UA:3    +
    4   131  0   0.0%   0.468 UA:3    +
  131   153  0   0.0%   0.571 AU:3    +
   91   160  1   0.5%   0.596 AU:2    +
    4   113  0   0.0%   0.442 UA:3    +
   17    77  0   0.0%   0.050 AU:3    +
  106   149  0   0.0%   1.101 GU:3    +
   13    20  0   0.0%   0.042 UA:3    +
  121   158  0   0.0%   0.413 UA:3    +
   97   140  0   0.0%   0.555 UA:3    +
    8    75  0   0.0%   0.015 AU:3    +
   14    19  0   0.0%   0.018 AU:3    +
   15   155  0   0.0%   1.188 GU:3    +
   96   141  0   0.0%   0.608 AU:3    +
   13    22  0   0.0%   0.044 UA:3    +
   98   134  0   0.0%   0.452 UA:3    +
    9    75  0   0.0%   0.032 AU:3    +
   14    94  0   0.0%   0.381 AU:3    +
   20    81  0   0.0%   0.602 AU:3    +
   13    95  0   0.0%   0.412 UA:3    +
    1   155  0   0.0%   0.119 AU:3    +
   12    23  0   0.0%   0.046 CG:3    +
  124   149  0   0.0%   0.747 AU:3    +
  150   158  0   0.0%   0.962 UA:3    +
   10    99  0   0.0%   0.134 UA:3    +
   17   147  0   0.0%   0.777 AU:3    +
   15    93  0   0.0%   0.389 GU:3    +
   93   127  0   0.0%   0.597 UG:3    +
   73    77  0   0.0%   0.813 AU:3    +
  135   157  0   0.0%   0.614 UA:3    +
    2    10  0   0.0%   0.005 AU:3    +
   15   111  0   0.0%   0.921 GC:3    +
  113   119  0   0.0%   0.489 AU:3    +
   16   118  0   0.0%   0.713 AU:3    +
  122   156  0   0.0%   0.791 AU:3    +
   27    78  0   0.0%   0.584 CG:3    +
  131   135  0   0.0%   0.637 AU:3    +
  134   150  0   0.0%   0.750 AU:3    +
  124   155  0   0.0%   0.684 AU:3    +
   44    58  0   0.0%   0.040 GU:3    +
  122   129  0   0.0%   0.689 AU:3    +
    2   129  0   0.0%   0.176 AU:3    +
  103   110  0   0.0%   1.166 GC:3    +
  116   134  0   0.0%   0.714 UA:3    +
  129   158  0   0.0%   0.515 UA:3    +
  121   157  0   0.0%   0.420 UA:3    +
   93   140  0   0.0%   0.655 UA:3    +
   22   117  0   0.0%   0.825 AU:3    +
   10    96  0   0.0%   0.132 UA:3    +
    9    97  0   0.0%   0.031 AU:3    +
  114   118  0   0.0%   0.276 AU:3    +
   17    26  0   0.0%   0.027 AU:3    +
  122   135  0   0.0%   0.835 AU:3    +
   81   114  0   0.0%   0.941 UA:3    +
  103   111  0   0.0%   1.087 GC:3    +
    5    10  0   0.0%   0.019 AU:3    +
  105   150  0   0.0%   1.077 AU:3    +
    8   118  0   0.0%   0.078 AU:3    +
  119   134  0   0.0%   0.629 UA:3    +
  108   159  0   0.0%   0.989 CG:3    +
  106   130  1   0.0%   0.871 GC:1    GU:1    +
   16   156  0   0.0%   1.032 AU:3    +
   17   155  0   0.0%   0.651 AU:3    +
   11    95  0   0.0%   0.368 UA:3    +
   12   106  0   0.0%   1.091 CG:3    +
   13   113  0   0.0%   0.431 UA:3    +
   99   121  0   0.0%   0.506 AU:3    +
   22    93  0   0.0%   1.157 AU:3    +
  134   147  0   0.0%   0.769 AU:3    +
  125   154  1   0.0%   0.677 UG:1    UA:1    +
  117   127  0   0.0%   1.092 UG:3    +
    8    98  0   0.0%   0.025 AU:3    +
  119   127  0   0.0%   0.931 UG:3    +
   98   122  0   0.0%   0.586 UA:3    +
    8   143  0   0.0%   0.556 AU:3    +
    9   117  0   0.0%   0.065 AU:3    +
  118   134  0   0.0%   0.498 UA:3    +
   73    81  0   0.0%   0.939 AU:3    +
   10   158  0   0.0%   0.834 UA:3    +
   36    63  0   0.0%   0.003 CG:3    +
   97   106  0   0.0%   1.069 UG:3    +
    3    24  0   0.0%   0.060 GC:3    +
  119   145  0   0.0%   0.846 UG:3    +
   13   105  0   0.0%   0.765 UA:3    +
   84   119  0   0.0%   0.885 AU:3    +
    4    23  0   0.0%   0.021 UG:3    +
   96   102  0   0.0%   0.799 AU:3    +
   98   105  0   0.0%   1.060 UA:3    +
  125   137  1   0.0%   0.761 UG:1    UA:1    +
   96   107  0   0.0%   1.125 AU:3    +
  122   141  0   0.0%   0.968 AU:3    +
   98   157  0   0.0%   0.466 UA:3    +
  149   159  0   0.0%   1.028 UG:3    +
   99   156  0   0.0%   0.423 AU:3    +
   19   127  0   0.0%   0.713 UG:3    +
   81   122  0   0.0%   1.134 UA:3    +
   11   113  0   0.0%   0.702 UA:3    +
  107   131  0   0.0%   0.922 UA:3    +
   74   124  0   0.0%   0.461 UA:3    +
   10   157  0   0.0%   0.836 UA:3    +
    2    81  0   0.0%   0.050 AU:3    +
   71    77  0   0.0%   0.628 AU:3    +
    1   147  0   0.0%   0.061 AU:3    +
    4   159  0   0.0%   0.771 UG:3    +
   20   126  0   0.0%   0.858 AU:3    +
   11   131  0   0.0%   0.866 UA:3    +
   27   127  0   0.0%   0.463 CG:3    +
  107   124  0   0.0%   0.997 UA:3    +
    4   106  0   0.0%   0.071 UG:3    +
  144   150  0   0.0%   0.994 GU:3    +
  113   135  0   0.0%   0.681 AU:3    +
   18    22  0   0.0%   0.018 UA:3    +
    1   116  0   0.0%   0.046 AU:3    +
   17   129  0   0.0%   0.573 AU:3    +
  114   143  0   0.0%   1.039 AU:3    +
    1   153  0   0.0%   0.116 AU:3    +
   11   127  0   0.0%   0.951 UG:3    +
    5   121  0   0.0%   0.382 AU:3    +
   20   150  0   0.0%   0.920 AU:3    +
   24   127  0   0.0%   0.790 CG:3    +
   13    96  0   0.0%   0.412 UA:3    +
   97   158  0   0.0%   0.498 UA:3    +
  145   150  0   0.0%   0.876 GU:3    +
    5   149  0   0.0%   0.511 AU:3    +
   72   126  0   0.0%   0.294 AU:3    +
    8   117  0   0.0%   0.080 AU:3    +
  118   158  0   0.0%   0.444 UA:3    +
    4   122  0   0.0%   0.445 UA:3    +
    2   141  0   0.0%   0.216 AU:3    +
  147   157  0   0.0%   0.937 UA:3    +
    5    11  0   0.0%   0.011 AU:3    +
  105   135  0   0.0%   0.854 AU:3    +
   20    98  0   0.0%   0.908 AU:3    +
  103   156  0   0.0%   0.999 GU:3    +
  105   117  0   0.0%   0.797 AU:3    +
  105   126  0   0.0%   0.963 AU:3    +
  104   118  0   0.0%   0.925 AU:3    +
  119   157  0   0.0%   0.551 UA:3    +
   99   107  0   0.0%   1.075 AU:3    +
  104   155  0   0.0%   0.945 AU:3    +
  113   118  0   0.0%   0.468 AU:3    +
  100   137  1   0.0%   0.525 UG:1    UA:1    +
  127   149  0   0.0%   1.348 GU:3    +
   35    64  0   0.0%   0.002 AU:3    +
   19    99  0   0.0%   0.540 UA:3    +
    3   156  0   0.0%   1.205 GU:3    +
    9   116  0   0.0%   0.064 AU:3    +
  102   157  0   0.0%   0.658 UA:3    +
    1   160  0   0.0%   0.125 AU:3    +
   23    32  0   0.0%   0.019 GC:3    +
  106   116  0   0.0%   0.873 GU:3    +
    8   129  0   0.0%   0.249 AU:3    +
   18   159  0   0.0%   0.582 UG:3    +
   15   102  0   0.0%   0.948 GU:3    +
  103   119  0   0.0%   0.993 GU:3    +
    2   117  0   0.0%   0.166 AU:3    +
   17   160  0   0.0%   0.699 AU:3    +
  155   159  0   0.0%   1.441 UG:3    +
  120   151  1   0.0%   0.654 CG:1    UA:1    +
   10   103  0   0.0%   0.134 UG:3    +
    4   144  0   0.0%   0.560 UG:3    +
   50    55  0   0.0%   0.134 AU:3    +
    5   119  0   0.0%   0.378 AU:3    +
   15   108  0   0.0%   1.042 GC:3    +
  129   157  0   0.0%   0.518 UA:3    +
   10   131  0   0.0%   0.632 UA:3    +
   19   158  0   0.0%   0.654 UA:3    +
  116   157  0   0.0%   0.716 UA:3    +
    5   143  0   0.0%   0.463 AU:3    +
  113   141  0   0.0%   0.963 AU:3    +
   18    83  0   0.0%   0.401 UG:3    +
   15    24  0   0.0%   0.009 GC:3    +
    5   135  0   0.0%   0.484 AU:3    +
  107   140  0   0.0%   1.093 UA:3    +
   74   114  0   0.0%   0.331 UA:3    +
  121   131  0   0.0%   0.432 UA:3    +
   11   157  0   0.0%   0.946 UA:3    +
  106   141  0   0.0%   1.102 GU:3    +
   23   135  0   0.0%   0.950 GU:3    +
  114   156  0   0.0%   0.886 AU:3    +
  145   149  0   0.0%   0.794 GU:3    +
  117   134  0   0.0%   0.684 UA:3    +
    1    11  0   0.0%   0.002 AU:3    +
  117   159  0   0.0%   0.750 UG:3    +
   16   107  0   0.0%   1.128 AU:3    +
   12    78  0   0.0%   0.047 CG:3    +
    3   160  0   0.0%   1.183 GU:3    +
  108   145  0   0.0%   1.004 CG:3    +
   24   159  0   0.0%   0.778 CG:3    +
  113   153  0   0.0%   1.045 AU:3    +
  153   159  0   0.0%   1.448 UG:3    +
   94   122  0   0.0%   0.726 UA:3    +
   21   125  1   0.0%   1.152 GU:1    AU:1    +
   42    56  0   0.0%   0.002 UG:3    +
   77    84  0   0.0%   1.239 UA:3    +
    1   118  0   0.0%   0.049 AU:3    +
    4     8  0   0.0%   0.002 UA:3    +
   41    57  0   0.0%   0.002 AU:3    +
  105   121  0   0.0%   0.967 AU:3    +
   19   134  0   0.0%   0.642 UA:3    +
   72   116  0   0.0%   0.142 AU:3    +
   15    87  0   0.0%   0.424 GC:3    +
    8   160  0   0.0%   0.658 AU:3    +
   23   160  0   0.0%   0.967 GU:3    +
   75    83  0   0.0%   0.929 UG:3    +
    4   105  0   0.0%   0.069 UA:3    +
   10   122  0   0.0%   0.492 UA:3    +
   83    87  0   0.0%   0.998 GC:3    +
    2   118  0   0.0%   0.164 AU:3    +
   20   119  0   0.0%   0.817 AU:3    +
  106   150  0   0.0%   1.166 GU:3    +
    5   147  0   0.0%   0.529 AU:3    +
   17   119  0   0.0%   0.727 AU:3    +
   15   119  0   0.0%   0.852 GU:3    +
   99   135  0   0.0%   0.386 AU:3    +
   99   150  0   0.0%   0.504 AU:3    +
   23   111  0   0.0%   0.940 GC:3    +
  150   159  0   0.0%   1.107 UG:3    +
   74    84  0   0.0%   0.972 UA:3    +
  102   113  0   0.0%   0.786 UA:3    +
    4   127  0   0.0%   0.451 UG:3    +
  104   116  0   0.0%   0.779 AU:3    +
   83   108  0   0.0%   0.867 GC:3    +
    8    13  0   0.0%   0.038 AU:3    +
   17    94  0   0.0%   0.075 AU:3    +
    2   107  0   0.0%   0.095 AU:3    +
  103   117  0   0.0%   0.803 GU:3    +
   98   103  0   0.0%   1.057 UG:3    +
   23    77  0   0.0%   0.423 GU:3    +
   97   104  0   0.0%   1.021 UA:3    +
  126   140  0   0.0%   1.107 UA:3    +
   19   140  0   0.0%   0.805 UA:3    +
   95   121  0   0.0%   0.568 AU:3    +
   93   105  0   0.0%   1.169 UA:3    +
   89   130  1   0.0%   0.685 GC:1    UA:1    +
   75    84  0   0.0%   0.940 UA:3    +
  144   155  0   0.0%   1.321 GU:3    +
   21    79  1   0.0%   0.505 GU:1    AU:1    +
    3   116  0   0.0%   0.790 GU:3    +
   93   103  0   0.0%   1.136 UG:3    +
    9   102  0   0.0%   0.033 AU:3    +
  153   157  0   0.0%   1.277 UA:3    +
   17    75  0   0.0%   0.051 AU:3    +
   94   104  0   0.0%   1.216 UA:3    +
    3   150  0   0.0%   1.007 GU:3    +
  131   147  0   0.0%   0.660 AU:3    +
  109   116  0   0.0%   0.493 AU:3    +
   27   144  0   0.0%   0.572 CG:3    +
   78   110  0   0.0%   0.958 GC:3    +
   70    78  0   0.0%   0.596 UG:3    +
   86   111  0   0.0%   1.149 GC:3    +
   17   150  0   0.0%   0.808 AU:3    +
   83   149  0   0.0%   1.020 GU:3    +
    4    99  0   0.0%   0.068 UA:3    +
    1   129  0   0.0%   0.049 AU:3    +
    5   126  0   0.0%   0.384 AU:3    +
   75   113  0   0.0%   0.289 UA:3    +
   78   116  0   0.0%   0.641 GU:3    +
   15   130  1   0.0%   1.045 GC:1    GU:1    +
  135   144  0   0.0%   1.121 UG:3    +
    3    93  0   0.0%   0.115 GU:3    +
    1   119  0   0.0%   0.049 AU:3    +
  105   129  0   0.0%   0.796 AU:3    +
  121   140  0   0.0%   0.610 UA:3    +
   18    95  0   0.0%   0.059 UA:3    +
    5   155  0   0.0%   0.676 AU:3    +
   14   155  0   0.0%   0.911 AU:3    +
  127   150  0   0.0%   1.416 GU:3    +
   11    15  0   0.0%   0.015 UG:3    +
   26   114  0   0.0%   0.448 UA:3    +
  109   149  0   0.0%   0.851 AU:3    +
  110   144  0   0.0%   0.708 CG:3    +
   17   153  0   0.0%   0.784 AU:3    +
  141   145  0   0.0%   0.982 UG:3    +
   10    16  0   0.0%   0.017 UA:3    +
   99   160  0   0.0%   0.431 AU:3    +
   18    23  0   0.0%   0.018 UG:3    +
    2   143  0   0.0%   0.226 AU:3    +
    2    94  0   0.0%   0.098 AU:3    +
    5   118  0   0.0%   0.378 AU:3    +
   22   118  0   0.0%   0.962 AU:3    +
   19    84  0   0.0%   0.574 UA:3    +
   11    73  0   0.0%   0.022 UA:3    +
  102   122  0   0.0%   0.747 UA:3    +
   16   129  0   0.0%   0.912 AU:3    +
  100   154  1   0.0%   0.568 UG:1    UA:1    +
  129   159  0   0.0%   0.628 UG:3    +
  130   159  1   0.0%   0.412 CG:1    UG:1    +
   98   127  0   0.0%   0.534 UG:3    +
  109   118  0   0.0%   0.615 AU:3    +
    5    98  0   0.0%   0.007 AU:3    +
   16   150  0   0.0%   1.182 AU:3    +
    1   135  0   0.0%   0.050 AU:3    +
    9   150  0   0.0%   0.663 AU:3    +
  119   144  0   0.0%   0.946 UG:3    +
   99   126  0   0.0%   0.499 AU:3    +
   19    23  0   0.0%   0.018 UG:3    +
   41    58  0   0.0%   0.001 AU:3    +
  144   149  0   0.0%   0.911 GU:3    +
  145   156  0   0.0%   1.942 GU:3    +
    3   117  0   0.0%   0.789 GU:3    +
    9   153  0   0.0%   0.638 AU:3    +
   19    73  0   0.0%   0.056 UA:3    +
    8   153  0   0.0%   0.725 AU:3    +
   95   117  0   0.0%   0.391 AU:3    +
    1   126  0   0.0%   0.049 AU:3    +
   98   104  0   0.0%   1.048 UA:3    +
   22   155  0   0.0%   0.901 AU:3    +
   16   153  0   0.0%   1.158 AU:3    +
   96   129  0   0.0%   0.379 AU:3    +
    5    13  0   0.0%   0.039 AU:3    +
   18    99  0   0.0%   0.365 UA:3    +
    1    10  0   0.0%   0.001 AU:3    +
   23   116  0   0.0%   0.901 GU:3    +
  118   145  0   0.0%   0.742 UG:3    +
  127   135  0   0.0%   1.151 GU:3    +
    9    26  0   0.0%   0.024 AU:3    +
    3   153  0   0.0%   1.323 GU:3    +
    4    14  0   0.0%   0.014 UA:3    +
   99   155  0   0.0%   0.414 AU:3    +
    3    11  0   0.0%   0.021 GU:3    +
   10    86  0   0.0%   0.174 UG:3    +
   96   116  0   0.0%   0.402 AU:3    +
  145   153  0   0.0%   1.514 GU:3    +
  113   129  0   0.0%   0.670 AU:3    +
  113   117  0   0.0%   0.323 AU:3    +
   13   134  0   0.0%   0.666 UA:3    +
    8   119  0   0.0%   0.077 AU:3    +
   14   135  0   0.0%   0.829 AU:3    +
    9   118  0   0.0%   0.059 AU:3    +
   84   107  0   0.0%   1.113 AU:3    +
   97   105  0   0.0%   1.030 UA:3    +
   24   144  0   0.0%   0.899 CG:3    +
   16   160  0   0.0%   1.074 AU:3    +
  144   160  0   0.0%   2.008 GU:3    +
   10   127  0   0.0%   0.735 UG:3    +
   17   149  0   0.0%   0.704 AU:3    +
  143   159  0   0.0%   1.866 UG:3    +
   15   141  0   0.0%   1.215 GU:3    +
   27   159  0   0.0%   0.442 CG:3    +
  131   160  0   0.0%   0.545 AU:3    +
  109   141  0   0.0%   0.722 AU:3    +
    1   141  0   0.0%   0.054 AU:3    +
   17   126  0   0.0%   0.742 AU:3    +
  140   153  0   0.0%   0.661 AU:3    +
  101   139  1   0.0%   0.274 GU:1    UA:1    +
  127   153  0   0.0%   1.342 GU:3    +
   99   141  0   0.0%   0.541 AU:3    +
   16    77  0   0.0%   0.040 AU:3    +
  104   143  0   0.0%   1.001 AU:3    +
  119   140  0   0.0%   0.767 UA:3    +
  131   155  0   0.0%   0.509 AU:3    +
  129   144  0   0.0%   0.840 UG:3    +
    2   119  0   0.0%   0.164 AU:3    +
  130   145  1   0.0%   0.699 CG:1    UG:1    +
  140   150  0   0.0%   0.745 AU:3    +
  119   158  0   0.0%   0.542 UA:3    +
   19    96  0   0.0%   0.835 UA:3    +
  109   117  0   0.0%   0.472 AU:3    +
   11   140  0   0.0%   1.078 UA:3    +
    1    13  0   0.0%   0.001 AU:3    +
   71   117  0   0.0%   0.101 AU:3    +
   11    20  0   0.0%   0.017 UA:3    +
   14    97  0   0.0%   0.376 AU:3    +
   20    26  0   0.0%   0.014 AU:3    +
   10   144  0   0.0%   0.938 UG:3    +
   20   147  0   0.0%   0.880 AU:3    +
  101   130  1   0.0%   0.155 GC:1    UA:1    +
    9   143  0   0.0%   0.495 AU:3    +
  125   151  1   0.0%   0.776 UG:1    UA:1    +
   24   106  0   0.0%   1.034 CG:3    +
   10   109  0   0.0%   0.855 UA:3    +
   20   129  0   0.0%   0.686 AU:3    +
   27   103  0   0.0%   0.653 CG:3    +
   40    59  0   0.0%   0.000 UA:3    +
    2    18  0   0.0%   0.044 AU:3    +
   14   141  0   0.0%   0.941 AU:3    +
   13   104  0   0.0%   0.747 UA:3    +
   26   104  0   0.0%   0.750 UA:3    +
   16   102  0   0.0%   0.797 AU:3    +
    1    19  0   0.0%   0.001 AU:3    +
   13   124  0   0.0%   0.747 UA:3    +
   93   131  0   0.0%   0.471 UA:3    +
   20    30  0   0.0%   0.003 AU:3    +
  109   135  0   0.0%   0.575 AU:3    +
  107   113  0   0.0%   1.074 UA:3    +
   16   149  0   0.0%   1.078 AU:3    +
  102   134  0   0.0%   0.618 UA:3    +
    8   102  0   0.0%   0.025 AU:3    +
   15   150  0   0.0%   1.342 GU:3    +
   96   156  0   0.0%   0.537 AU:3    +
    4    16  0   0.0%   0.014 UA:3    +
  118   159  0   0.0%   0.560 UG:3    +
   20   135  0   0.0%   0.740 AU:3    +
    3   118  0   0.0%   0.786 GU:3    +
   77    83  0   0.0%   1.227 UG:3    +
   22    26  0   0.0%   0.015 AU:3    +
    1    93  0   0.0%   0.022 AU:3    +
   51    55  0   0.0%   0.133 AU:3    +
   14   129  0   0.0%   0.789 AU:3    +
   97   159  0   0.0%   0.586 UG:3    +
   23   107  0   0.0%   1.298 GU:3    +
    8    18  0   0.0%   0.005 AU:3    +
   10    22  0   0.0%   0.026 UA:3    +
    8    93  0   0.0%   0.026 AU:3    +
   13   131  0   0.0%   0.610 UA:3    +
   96   160  0   0.0%   0.546 AU:3    +
  118   144  0   0.0%   0.844 UG:3    +
   11    99  0   0.0%   0.368 UA:3    +
   77   131  0   0.0%   0.583 UA:3    +
  124   153  0   0.0%   0.743 AU:3    +
   11   159  0   0.0%   1.051 UG:3    +
   23   117  0   0.0%   0.893 GU:3    +
   77   114  0   0.0%   0.596 UA:3    +
   78   117  0   0.0%   0.632 GU:3    +
    3   107  0   0.0%   0.111 GU:3    +
    5   141  0   0.0%   0.466 AU:3    +
   98   158  0   0.0%   0.469 UA:3    +
   72    93  0   0.0%   0.479 AU:3    +
    4   104  0   0.0%   0.068 UA:3    +
   71    75  0   0.0%   0.332 AU:3    +
   78   130  1   0.0%   0.600 GC:1    GU:1    +
  113   160  0   0.0%   1.020 AU:3    +
   74   140  0   0.0%   0.499 UA:3    +
   26    78  0   0.0%   0.668 UG:3    +
   73   141  0   0.0%   0.493 AU:3    +
   73   135  0   0.0%   0.336 AU:3    +
   86   117  0   0.0%   0.865 GU:3    +
   93   124  0   0.0%   0.603 UA:3    +
   74   134  0   0.0%   0.373 UA:3    +
  114   150  0   0.0%   0.975 AU:3    +
   11    22  0   0.0%   0.017 UA:3    +
   55    60  0   0.0%   0.199 UA:3    +
  106   118  0   0.0%   1.001 GU:3    +
  122   149  0   0.0%   0.814 AU:3    +
    3   121  0   0.0%   0.791 GU:3    +
   15    19  0   0.0%   0.020 GU:3    +
   18    72  0   0.0%   0.018 UA:3    +
    7   101  1   0.0%   0.014 CG:1    AU:1    +
   93   157  0   0.0%   0.479 UA:3    +
  122   147  0   0.0%   0.867 AU:3    +
   26   144  0   0.0%   0.677 UG:3    +
   23   110  0   0.0%   1.218 GC:3    +
   94   158  0   0.0%   0.666 UA:3    +
   81   158  0   0.0%   0.936 UA:3    +
   48    57  0   0.0%   0.047 AU:3    +
   22    30  0   0.0%   0.015 AU:3    +
   17    30  0   0.0%   0.015 AU:3    +
   73   117  0   0.0%   0.285 AU:3    +
  107   144  0   0.0%   1.155 UG:3    +
   93   159  0   0.0%   0.690 UG:3    +
   77   113  0   0.0%   0.587 UA:3    +
   20   153  0   0.0%   0.894 AU:3    +
   97   103  0   0.0%   1.029 UG:3    +
    4    20  0   0.0%   0.018 UA:3    +
    9   121  0   0.0%   0.059 AU:3    +
    6    23  0   0.0%   0.007 CG:3    +
  109   156  0   0.0%   0.789 AU:3    +
  109   121  0   0.0%   0.628 AU:3    +
    9    19  0   0.0%   0.035 AU:3    +
   15   160  0   0.0%   1.239 GU:3    +
   94   109  0   0.0%   0.877 UA:3    +
   94   113  0   0.0%   0.740 UA:3    +
   18   131  0   0.0%   0.401 UA:3    +
   15   110  0   0.0%   1.198 GC:3    +
  101   159  1   0.0%   0.334 CG:1    UG:1    +
  106   155  0   0.0%   1.034 GU:3    +
  102   158  0   0.0%   0.660 UA:3    +
   47    58  0   0.0%   0.059 AU:3    +
   19    71  0   0.0%   0.015 UA:3    +
   75   114  0   0.0%   0.298 UA:3    +
    5    19  0   0.0%   0.006 AU:3    +
  117   145  0   0.0%   0.921 UG:3    +
   78   118  0   0.0%   0.776 GU:3    +
  109   150  0   0.0%   0.916 AU:3    +
    1   121  0   0.0%   0.048 AU:3    +
    3    97  0   0.0%   0.110 GU:3    +
    3    27  0   0.0%   0.058 GC:3    +
   11    17  0   0.0%   0.030 UA:3    +
   72   118  0   0.0%   0.277 AU:3    +
   11   114  0   0.0%   0.705 UA:3    +
  109   119  0   0.0%   0.633 AU:3    +
  124   147  0   0.0%   0.791 AU:3    +
   18   122  0   0.0%   0.554 UA:3    +
  102   114  0   0.0%   0.577 UA:3    +
   71    81  0   0.0%   0.752 AU:3    +
    4    96  0   0.0%   0.067 UA:3    +
  119   159  0   0.0%   0.659 UG:3    +
   93   114  0   0.0%   0.475 UA:3    +
   19   103  0   0.0%   0.863 UG:3    +
   20   102  0   0.0%   0.689 AU:3    +
  103   153  0   0.0%   1.069 GU:3    +
   94   131  0   0.0%   0.531 UA:3    +
   13   159  0   0.0%   0.825 UG:3    +
   18   105  0   0.0%   0.697 UA:3    +
    9   119  0   0.0%   0.058 AU:3    +
   75   158  0   0.0%   0.296 UA:3    +
    2    98  0   0.0%   0.094 AU:3    +
  106   160  0   0.0%   1.049 GU:3    +
   74   159  0   0.0%   0.430 UG:3    +
  126   145  0   0.0%   1.197 UG:3    +
   11   134  0   0.0%   0.921 UA:3    +
   18   104  0   0.0%   0.681 UA:3    +
  113   149  0   0.0%   1.028 AU:3    +
   22   153  0   0.0%   1.031 AU:3    +
   19   104  0   0.0%   0.855 UA:3    +
   17   121  0   0.0%   0.726 AU:3    +
  127   141  0   0.0%   1.474 GU:3    +
  101   106  1   0.0%   0.901 CG:1    UG:1    +
   13   145  0   0.0%   0.818 UG:3    +
    8   121  0   0.0%   0.078 AU:3    +
  124   156  0   0.0%   0.692 AU:3    +
   19   145  0   0.0%   0.769 UG:3    +
   82   130  1   0.0%   0.900 GC:1    AU:1    +
    9    13  0   0.0%   0.050 AU:3    +
   78   111  0   0.0%   0.678 GC:3    +
   87   103  0   0.0%   0.676 CG:3    +
  122   155  0   0.0%   0.778 AU:3    +
   22   126  0   0.0%   1.009 AU:3    +
   13    17  0   0.0%   0.050 UA:3    +
   84    93  0   0.0%   1.052 AU:3    +
   22   149  0   0.0%   0.959 AU:3    +
   73   160  0   0.0%   0.345 AU:3    +
  103   147  0   0.0%   0.998 GU:3    +
  105   156  0   0.0%   0.951 AU:3    +
   26   145  0   0.0%   0.575 UG:3    +
   81   131  0   0.0%   0.926 UA:3    +
   74    83  0   0.0%   0.960 UG:3    +
    3    81  0   0.0%   0.061 GU:3    +
   16   143  0   0.0%   1.191 AU:3    +
  105   119  0   0.0%   0.972 AU:3    +
   95   143  0   0.0%   0.618 AU:3    +
  109   155  0   0.0%   0.781 AU:3    +
   95   150  0   0.0%   0.584 AU:3    +
   20    97  0   0.0%   0.881 AU:3    +
  117   144  0   0.0%   1.023 UG:3    +
    3    94  0   0.0%   0.114 GU:3    +
   73   116  0   0.0%   0.293 AU:3    +
   95   118  0   0.0%   0.534 AU:3    +
  103   121  0   0.0%   1.002 GU:3    +
  124   143  0   0.0%   0.844 AU:3    +
   30   140  0   0.0%   0.274 UA:3    +
   71    94  0   0.0%   0.383 AU:3    +
    5   117  0   0.0%   0.379 AU:3    +
   22   121  0   0.0%   1.027 AU:3    +
  113   155  0   0.0%   0.963 AU:3    +
   98   124  0   0.0%   0.543 UA:3    +
   72   117  0   0.0%   0.133 AU:3    +
    5    77  0   0.0%   0.003 AU:3    +
   78   119  0   0.0%   0.807 GU:3    +
    4    78  0   0.0%   0.019 UG:3    +
  127   160  0   0.0%   1.310 GU:3    +
   40    63  0   0.0%   0.087 UG:3    +
  106   126  0   0.0%   1.010 GU:3    +
   47    57  0   0.0%   0.027 AU:3    +
   10    14  0   0.0%   0.017 UA:3    +
   96   117  0   0.0%   0.375 AU:3    +
   17   156  0   0.0%   0.655 AU:3    +
   23   147  0   0.0%   1.053 GU:3    +
   77   157  0   0.0%   0.589 UA:3    +
   73   118  0   0.0%   0.428 AU:3    +
  113   147  0   0.0%   1.096 AU:3    +
   14    93  0   0.0%   0.377 AU:3    +
   14    18  0   0.0%   0.014 AU:3    +
  102   145  0   0.0%   0.706 UG:3    +
   73   121  0   0.0%   0.460 AU:3    +
   96   149  0   0.0%   0.470 AU:3    +
   15   116  0   0.0%   0.841 GU:3    +
   14   117  0   0.0%   0.569 AU:3    +
   45    61  0   0.0%   0.059 CG:3    +
    5    94  0   0.0%   0.010 AU:3    +
   23    30  0   0.0%   0.018 GU:3    +
   83    94  0   0.0%   0.978 GU:3    +
   20    70  0   0.0%   0.003 AU:3    +
    2   102  0   0.0%   0.094 AU:3    +
  126   159  0   0.0%   1.000 UG:3    +
  107   158  0   0.0%   1.015 UA:3    +
   94   144  0   0.0%   0.784 UG:3    +
   78   156  0   0.0%   0.654 GU:3    +
   81   109  0   0.0%   1.065 UA:3    +
    3   119  0   0.0%   0.786 GU:3    +
   22   156  0   0.0%   0.907 AU:3    +
    4    95  0   0.0%   0.067 UA:3    +
   10    20  0   0.0%   0.026 UA:3    +
  105   141  0   0.0%   1.002 AU:3    +
    3   101  1   0.0%   0.111 GC:1    GU:1    +
   10   113  0   0.0%   0.489 UA:3    +
   13   140  0   0.0%   0.773 UA:3    +
  122   160  0   0.0%   0.805 AU:3    +
   72   119  0   0.0%   0.308 AU:3    +
   15   129  0   0.0%   1.064 GU:3    +
    5   116  0   0.0%   0.381 AU:3    +
   18   113  0   0.0%   0.362 UA:3    +
   11    96  0   0.0%   0.367 UA:3    +
    3    74  0   0.0%   0.058 GU:3    +
   84   102  0   0.0%   0.782 AU:3    +
   94   140  0   0.0%   0.718 UA:3    +
   84   135  0   0.0%   0.759 AU:3    +
  116   144  0   0.0%   1.127 UG:3    +
   87   127  0   0.0%   0.852 CG:3    +
  116   145  0   0.0%   1.024 UG:3    +
    4    73  0   0.0%   0.019 UA:3    +
  106   119  0   0.0%   1.019 GU:3    +
   23   108  0   0.0%   1.062 GC:3    +
   97   109  0   0.0%   0.683 UA:3    +
   97   157  0   0.0%   0.492 UA:3    +
    2    75  0   0.0%   0.047 AU:3    +
  105   155  0   0.0%   0.944 AU:3    +
   18   106  0   0.0%   0.742 UG:3    +
    2    97  0   0.0%   0.094 AU:3    +
   10    15  0   0.0%   0.022 UG:3    +
   96   118  0   0.0%   0.518 AU:3    +
   84   116  0   0.0%   0.716 AU:3    +
   95   160  0   0.0%   0.562 AU:3    +
  114   147  0   0.0%   0.970 AU:3    +
  106   156  0   0.0%   1.042 GU:3    +
  121   159  0   0.0%   0.529 UG:3    +
   23   130  1   0.0%   0.865 GC:1    GU:1    +
  104   156  0   0.0%   0.951 AU:3    +
    1    98  0   0.0%   0.025 AU:3    +
    3   143  0   0.0%   0.910 GU:3    +
    9    93  0   0.0%   0.032 AU:3    +
   26   140  0   0.0%   0.616 UA:3    +
  127   155  0   0.0%   1.281 GU:3    +
   95   119  0   0.0%   0.566 AU:3    +
   78   108  0   0.0%   0.801 GC:3    +
   96   126  0   0.0%   0.560 AU:3    +
   15   153  0   0.0%   1.322 GU:3    +
   98   109  0   0.0%   0.710 UA:3    +
   71   143  0   0.0%   0.307 AU:3    +
   14   160  0   0.0%   0.965 AU:3    +
   94   105  0   0.0%   1.225 UA:3    +
   86   135  0   0.0%   0.915 GU:3    +
    8    94  0   0.0%   0.025 AU:3    +
   83   117  0   0.0%   0.944 GU:3    +
   84   149  0   0.0%   0.783 AU:3    +
   74    96  0   0.0%   0.614 UA:3    +
    3    13  0   0.0%   0.089 GU:3    +
   73    97  0   0.0%   0.553 AU:3    +
   94   134  0   0.0%   0.584 UA:3    +
   93   144  0   0.0%   0.719 UG:3    +
   51    57  0   0.0%   0.003 AU:3    +
    3   126  0   0.0%   0.800 GU:3    +
   75    95  0   0.0%   0.581 UA:3    +
   26    83  0   0.0%   0.469 UG:3    +
   77   109  0   0.0%   0.942 UA:3    +
  105   143  0   0.0%   0.998 AU:3    +
  107   127  0   0.0%   0.986 UG:3    +
  109   153  0   0.0%   0.862 AU:3    +
   15    77  0   0.0%   0.034 GU:3    +
    9    81  0   0.0%   0.028 AU:3    +
   19   105  0   0.0%   0.871 UA:3    +
   50    58  0   0.0%   0.035 AU:3    +
   11   106  0   0.0%   1.081 UG:3    +
   26   134  0   0.0%   0.490 UA:3    +
   19   159  0   0.0%   0.754 UG:3    +
   72    98  0   0.0%   0.427 AU:3    +
   84   156  0   0.0%   0.730 AU:3    +
   70    95  0   0.0%   0.316 UA:3    +
   26   131  0   0.0%   0.436 UA:3    +
  101   144  1   0.0%   0.420 CG:1    UG:1    +
   83   129  0   0.0%   0.934 GU:3    +
  104   126  0   0.0%   0.946 AU:3    +
   84   155  0   0.0%   0.724 AU:3    +
   52    56  0   0.0%   0.019 UG:3    +
   17   107  0   0.0%   0.813 AU:3    +
   85   125  1   0.0%   0.680 GC:1    GU:1    +
   98   114  0   0.0%   0.415 UA:3    +
   84   129  0   0.0%   0.697 AU:3    +
   83   135  0   0.0%   0.996 GU:3    +
  106   153  0   0.0%   1.115 GU:3    +
   75   159  0   0.0%   0.397 UG:3    +
   11    83  0   0.0%   0.019 UG:3    +
   99   116  0   0.0%   0.353 AU:3    +
   69    79  1   0.0%   0.629 GC:1    GU:1    +
    3    19  0   0.0%   0.060 GU:3    +
   73    93  0   0.0%   0.630 AU:3    +
  103   155  0   0.0%   0.989 GU:3    +
   81   105  0   0.0%   1.036 UA:3    +
   97   113  0   0.0%   0.545 UA:3    +
  107   157  0   0.0%   1.012 UA:3    +
  103   135  0   0.0%   0.899 GU:3    +
   75   122  0   0.0%   0.490 UA:3    +
   23   129  0   0.0%   0.886 GU:3    +
   27   145  0   0.0%   0.470 CG:3    +
  114   153  0   0.0%   0.918 AU:3    +
   93   145  0   0.0%   0.617 UG:3    +
   20   155  0   0.0%   0.759 AU:3    +
   81   157  0   0.0%   0.932 UA:3    +
   27    86  0   0.0%   0.664 CG:3    +
  107   159  0   0.0%   1.105 UG:3    +
   72    94  0   0.0%   0.415 AU:3    +
   84   153  0   0.0%   0.855 AU:3    +
   18   157  0   0.0%   0.467 UA:3    +
    9    98  0   0.0%   0.030 AU:3    +
  106   143  0   0.0%   1.096 GU:3    +
   16   121  0   0.0%   1.063 AU:3    +
   14   147  0   0.0%   1.013 AU:3    +
   86    93  0   0.0%   0.733 GU:3    +
    4    22  0   0.0%   0.018 UA:3    +
    1   107  0   0.0%   0.025 AU:3    +
   42    62  0   0.0%   0.122 UA:3    +
    5   102  0   0.0%   0.006 AU:3    +
    2    26  0   0.0%   0.047 AU:3    +
    1   102  0   0.0%   0.025 AU:3    +
  106   121  0   0.0%   1.015 GU:3    +
   93   106  0   0.0%   1.205 UG:3    +
  121   145  0   0.0%   0.706 UG:3    +
  102   124  0   0.0%   0.692 UA:3    +
   22    94  0   0.0%   1.092 AU:3    +
    6    83  0   0.0%   0.009 CG:3    +
   86   147  0   0.0%   1.020 GU:3    +
  103   116  0   0.0%   0.829 GU:3    +
   75    86  0   0.0%   0.618 UG:3    +
   99   119  0   0.0%   0.501 AU:3    +
  103   143  0   0.0%   1.055 GU:3    +
   79   137  1   0.0%   0.684 UG:1    UA:1    +
    4   103  0   0.0%   0.068 UG:3    +
   83   156  0   0.0%   0.967 GU:3    +
   87   144  0   0.0%   0.961 CG:3    +
  105   160  0   0.0%   0.959 AU:3    +
   16    74  0   0.0%   0.020 AU:3    +
   84   118  0   0.0%   0.851 AU:3    +
   15   121  0   0.0%   1.215 GU:3    +
   95   153  0   0.0%   0.558 AU:3    +
   17    81  0   0.0%   0.399 AU:3    +
   19   124  0   0.0%   0.722 UA:3    +
  102   106  0   0.0%   1.246 UG:3    +
    1    26  0   0.0%   0.001 AU:3    +
   99   117  0   0.0%   0.326 AU:3    +
   73   119  0   0.0%   0.459 AU:3    +
   71   119  0   0.0%   0.276 AU:3    +
    4    15  0   0.0%   0.014 UG:3    +
    5    93  0   0.0%   0.011 AU:3    +
   42    51  0   0.0%   0.000 UA:3    +
   41    52  0   0.0%   0.000 AU:3    +
  103   107  0   0.0%   1.533 GU:3    +
   83   130  1   0.0%   0.912 GC:1    GU:1    +
   72   121  0   0.0%   0.309 AU:3    +
   15   147  0   0.0%   1.284 GU:3    +
   27   106  0   0.0%   0.706 CG:3    +
   98   140  0   0.0%   0.575 UA:3    +
   18   127  0   0.0%   0.533 UG:3    +
   26   157  0   0.0%   0.442 UA:3    +
   22   160  0   0.0%   0.944 AU:3    +
   93   113  0   0.0%   0.683 UA:3    +
   20   115  1   0.5%   0.675 AU:2    +
    5   136  1   0.5%   0.548 AU:2    +
   20   138  1   0.5%   0.777 AU:2    +
  148   159  1   0.5%   1.155 UG:2    +
   99   112  1   0.5%   0.658 AU:2    +
  142   157  1   0.4%   0.838 UA:2    +
   96   115  1   0.4%   0.441 AU:2    +
  122   133  1   0.4%   0.744 AU:2    +
  148   157  1   0.4%   1.019 UA:2    +
    7   150  1   0.4%   0.633 AU:2    +
    2   148  1   0.4%   0.342 AU:2    +
   18   123  1   0.4%   0.565 UA:2    +
   11   128  1   0.4%   0.919 UA:2    +
   28    72  1   0.4%   0.129 UA:2    +
  131   136  1   0.4%   0.718 AU:2    +
  117   139  1   0.4%   0.739 UA:2    +
  139   150  1   0.4%   0.632 AU:2    +
   29    74  1   0.4%   0.353 AU:2    +
    1    89  1   0.4%   0.061 AU:2    +
    1   148  1   0.3%   0.117 AU:2    +
  125   140  1   0.3%   0.904 UA:2    +
  112   157  1   0.3%   1.003 UA:2    +
    1   112  1   0.3%   0.080 AU:2    +
   20    76  1   0.3%   0.083 AU:2    +
    8   148  1   0.3%   0.683 AU:2    +
   16   142  1   0.3%   1.215 AU:2    +
    3   148  1   0.3%   1.059 GU:2    +
  126   139  1   0.3%   1.011 UA:2    +
  115   154  1   0.3%   0.864 UA:2    +
   21    92  1   0.3%   0.593 AU:2    +
    7   149  1   0.3%   0.454 AU:2    +
  116   132  1   0.3%   0.642 UA:2    +
  123   149  1   0.3%   0.743 AU:2    +
  106   115  1   0.2%   0.901 GU:2    +
  133   154  1   0.2%   0.349 UA:2    +
  117   123  1   0.2%   0.890 UA:2    +
  132   155  1   0.2%   0.513 AU:2    +
    7   107  1   0.2%   0.427 AU:2    +
   96   125  1   0.2%   0.569 AU:2    +
   14   136  1   0.2%   0.881 AU:2    +
   10   123  1   0.2%   0.528 UA:2    +
  124   148  1   0.2%   0.869 AU:2    +
    4   128  1   0.2%   0.487 UA:2    +
  124   146  1   0.2%   0.877 AU:2    +
  134   138  1   0.2%   0.545 AU:2    +
  136   158  1   0.2%   0.691 UA:2    +
  123   147  1   0.2%   0.786 AU:2    +
   17   146  1   0.2%   0.724 AU:2    +
   98   123  1   0.2%   0.559 UA:2    +
   21   142  1   0.2%   1.251 AU:2    +
   22    89  1   0.2%   0.919 AU:2    +
   22    28  1   0.2%   0.047 AU:2    +
  115   159  1   0.2%   0.970 UG:2    +
   15   148  1   0.2%   1.352 GU:2    +
  122   148  1   0.2%   0.941 AU:2    +
    5   146  1   0.2%   0.523 AU:2    +
   85   110  1   0.2%   0.884 GC:2    +
   17   115  1   0.2%   0.405 AU:2    +
  134   146  1   0.2%   0.897 AU:2    +
  133   140  1   0.2%   0.543 UA:2    +
   14    28  1   0.1%   0.031 AU:2    +
   92   105  1   0.1%   0.969 UA:2    +
   17    92  1   0.1%   0.076 AU:2    +
  136   157  1   0.1%   0.678 UA:2    +
  122   136  1   0.1%   0.879 AU:2    +
   21   115  1   0.1%   0.971 AU:2    +
    8   136  1   0.1%   0.323 AU:2    +
    8    88  1   0.1%   0.078 AU:2    +
   95   100  1   0.1%   0.784 AU:2    +
   93   128  1   0.1%   0.519 UA:2    +
   17    79  1   0.1%   0.306 AU:2    +
   15    76  1   0.1%   0.043 GU:2    +
   85   111  1   0.1%   0.816 GC:2    +
  128   136  1   0.1%   0.993 AU:2    +
  125   134  1   0.1%   0.754 UA:2    +
   21   148  1   0.1%   1.222 AU:2    +
   29    75  1   0.1%   0.316 AU:2    +
   18    91  1   0.1%   0.072 UA:2    +
  133   157  1   0.1%   0.325 UA:2    +
  112   158  1   0.1%   0.988 UA:2    +
   13    29  1   0.1%   0.060 UA:2    +
   20    89  1   0.1%   0.293 AU:2    +
  123   135  1   0.1%   0.750 AU:2    +
  121   128  1   0.1%   0.582 UA:2    +
    2   142  1   0.1%   0.234 AU:2    +
  112   122  1   0.1%   0.592 UA:2    +
  132   141  1   0.1%   0.598 AU:2    +
   95   136  1   0.1%   0.494 AU:2    +
   22   115  1   0.1%   0.839 AU:2    +
   17   125  1   0.1%   0.744 AU:2    +
  106   148  1   0.1%   1.212 GU:2    +
  118   139  1   0.1%   0.552 UA:2    +
   20   112  1   0.1%   0.675 AU:2    +
  132   149  1   0.1%   0.548 AU:2    +
  126   132  1   0.1%   0.773 UA:2    +
   29    76  1   0.1%   0.333 AU:2    +
   18   132  1   0.1%   0.415 UA:2    +
   29    77  1   0.1%   0.616 AU:2    +
  139   153  1   0.1%   0.537 AU:2    +
   17   133  1   0.1%   0.611 AU:2    +
  138   158  1   0.1%   0.394 UA:2    +
  128   138  1   0.1%   0.632 AU:2    +
  118   123  1   0.1%   0.716 UA:2    +
  105   112  1   0.1%   1.081 AU:2    +
    3    92  1   0.1%   0.118 GU:2    +
  148   158  1   0.1%   0.922 UA:2    +
   37    63  1   0.1%   0.015 UG:2    +
    3   115  1   0.1%   0.793 GU:2    +
   16   125  1   0.1%   1.072 AU:2    +
    4    91  1   0.1%   0.075 UA:2    +
  142   154  1   0.0%   0.802 UA:2    +
   22   136  1   0.0%   0.943 AU:2    +
   19    91  1   0.0%   0.246 UA:2    +
  106   133  1   0.0%   0.911 GU:2    +
  132   138  1   0.0%   0.295 AU:2    +
  107   132  1   0.0%   0.931 UA:2    +
  119   139  1   0.0%   0.658 UA:2    +
   10   128  1   0.0%   0.647 UA:2    +
  131   138  1   0.0%   0.325 AU:2    +
    7   156  1   0.0%   0.447 AU:2    +
   91    98  1   0.0%   0.361 AU:2    +
   22    76  1   0.0%   0.492 AU:2    +
  131   142  1   0.0%   0.640 AU:2    +
  128   155  1   0.0%   0.771 AU:2    +
   25    75  1   0.0%   0.324 AU:2    +
   85   147  1   0.0%   0.681 GU:2    +
  118   132  1   0.0%   0.477 UA:2    +
    9   115  1   0.0%   0.065 AU:2    +
   23    76  1   0.0%   0.446 GU:2    +
    1   136  1   0.0%   0.059 AU:2    +
    5    79  1   0.0%   0.012 AU:2    +
  132   148  1   0.0%   0.648 AU:2    +
    7    77  1   0.0%   0.010 AU:2    +
  139   160  1   0.0%   0.662 AU:2    +
  128   141  1   0.0%   0.923 AU:2    +
  112   128  1   0.0%   0.809 UA:2    +
  117   128  1   0.0%   0.547 UA:2    +
  119   123  1   0.0%   0.722 UA:2    +
  133   137  1   0.0%   0.573 UA:2    +
   88   158  1   0.0%   0.795 UA:2    +
   18   139  1   0.0%   0.480 UA:2    +
    7   117  1   0.0%   0.042 AU:2    +
   16   136  1   0.0%   0.990 AU:2    +
  115   122  1   0.0%   0.332 UA:2    +
  124   138  1   0.0%   0.573 AU:2    +
   80    85  1   0.0%   0.479 CG:2    +
  125   158  1   0.0%   0.660 UA:2    +
  122   138  1   0.0%   0.678 AU:2    +
   28    71  1   0.0%   0.033 UA:2    +
  127   133  1   0.0%   1.033 GU:2    +
   73    79  1   0.0%   0.872 AU:2    +
  125   131  1   0.0%   0.701 UA:2    +
   19   123  1   0.0%   0.729 UA:2    +
  103   148  1   0.0%   1.036 GU:2    +
   91   129  1   0.0%   0.442 AU:2    +
    8    76  1   0.0%   0.018 AU:2    +
    7   102  1   0.0%   0.020 AU:2    +
  135   139  1   0.0%   0.700 UA:2    +
    6    85  1   0.0%   0.015 CG:2    +
  142   159  1   0.0%   1.616 UG:2    +
    7   136  1   0.0%   0.193 AU:2    +
   72    79  1   0.0%   0.717 AU:2    +
   99   133  1   0.0%   0.348 AU:2    +
    5   112  1   0.0%   0.463 AU:2    +
  124   133  1   0.0%   0.621 AU:2    +
   20    92  1   0.0%   0.271 AU:2    +
   16   148  1   0.0%   1.186 AU:2    +
  121   139  1   0.0%   0.501 UA:2    +
   98   139  1   0.0%   0.494 UA:2    +
  139   155  1   0.0%   0.473 AU:2    +
  137   142  1   0.0%   0.964 AU:2    +
  133   144  1   0.0%   0.825 UG:2    +
   37    62  1   0.0%   0.005 UA:2    +
   20   136  1   0.0%   0.761 AU:2    +
    9   100  1   0.0%   0.033 AU:2    +
   18    25  1   0.0%   0.019 UA:2    +
  118   128  1   0.0%   0.378 UA:2    +
  133   151  1   0.0%   0.410 UA:2    +
   10   132  1   0.0%   0.634 UA:2    +
  123   150  1   0.0%   0.798 AU:2    +
   14   112  1   0.0%   0.649 AU:2    +
   99   138  1   0.0%   0.360 AU:2    +
  112   134  1   0.0%   0.772 UA:2    +
  112   131  1   0.0%   0.727 UA:2    +
  129   139  1   0.0%   0.544 UA:2    +
   94   139  1   0.0%   0.637 UA:2    +
  134   142  1   0.0%   0.979 AU:2    +
  113   133  1   0.0%   0.637 AU:2    +
  123   156  1   0.0%   0.676 AU:2    +
   22    79  1   0.0%   0.510 AU:2    +
    4   132  1   0.0%   0.468 UA:2    +
  123   155  1   0.0%   0.665 AU:2    +
    3   133  1   0.0%   0.816 GU:2    +
    9   133  1   0.0%   0.224 AU:2    +
   89   157  1   0.0%   0.694 UA:2    +
    2   115  1   0.0%   0.160 AU:2    +
    2   133  1   0.0%   0.177 AU:2    +
  132   136  1   0.0%   0.666 AU:2    +
  123   141  1   0.0%   0.863 AU:2    +
   16    92  1   0.0%   0.282 AU:2    +
   95   142  1   0.0%   0.628 AU:2    +
  139   143  1   0.0%   0.750 AU:2    +
    3    90  1   0.0%   0.108 GC:2    +
   72    76  1   0.0%   0.374 AU:2    +
    7   119  1   0.0%   0.038 AU:2    +
   95   138  1   0.0%   0.438 AU:2    +
    2   146  1   0.0%   0.224 AU:2    +
  122   142  1   0.0%   0.989 AU:2    +
  113   125  1   0.0%   0.481 AU:2    +
    9   142  1   0.0%   0.500 AU:2    +
    7    76  1   0.0%   0.003 AU:2    +
    7   147  1   0.0%   0.343 AU:2    +
   92    96  1   0.0%   0.506 UA:2    +
   18   128  1   0.0%   0.436 UA:2    +
    5   138  1   0.0%   0.494 AU:2    +
   75   123  1   0.0%   0.433 UA:2    +
   92   140  1   0.0%   0.439 UA:2    +
   73   125  1   0.0%   0.441 AU:2    +
    8   133  1   0.0%   0.278 AU:2    +
   28    78  1   0.0%   0.733 UG:2    +
    4   139  1   0.0%   0.552 UA:2    +
  105   136  1   0.0%   0.878 AU:2    +
   26   128  1   0.0%   0.468 UA:2    +
  136   140  1   0.0%   0.875 UA:2    +
   76   122  1   0.0%   0.508 UA:2    +
  105   146  1   0.0%   0.886 AU:2    +
   84   112  1   0.0%   0.991 AU:2    +
   91   141  1   0.0%   0.660 AU:2    +
    1   133  1   0.0%   0.051 AU:2    +
  132   143  1   0.0%   0.786 AU:2    +
    7   129  1   0.0%   0.141 AU:2    +
  116   128  1   0.0%   0.559 UA:2    +
   14   138  1   0.0%   0.817 AU:2    +
    7    88  1   0.0%   0.048 AU:2    +
   14   125  1   0.0%   0.934 AU:2    +
   76    82  1   0.0%   0.950 UA:2    +
   23   115  1   0.0%   0.912 GU:2    +
   24    31  1   0.0%   0.004 CG:2    +
    2   138  1   0.0%   0.216 AU:2    +
  148   154  1   0.0%   1.286 UA:2    +
  127   142  1   0.0%   1.477 GU:2    +
   96   100  1   0.0%   0.771 AU:2    +
  112   139  1   0.0%   0.942 UA:2    +
  115   131  1   0.0%   0.451 UA:2    +
   79   114  1   0.0%   0.656 UA:2    +
   97   123  1   0.0%   0.496 UA:2    +
    7   118  1   0.0%   0.037 AU:2    +
  113   138  1   0.0%   0.780 AU:2    +
   91    97  1   0.0%   0.328 AU:2    +
  123   129  1   0.0%   0.611 AU:2    +
  115   137  1   0.0%   0.802 UA:2    +
   25   126  1   0.0%   0.634 AU:2    +
  112   140  1   0.0%   1.025 UA:2    +
  114   138  1   0.0%   0.640 AU:2    +
   84   148  1   0.0%   0.890 AU:2    +
   93   139  1   0.0%   0.569 UA:2    +
    7   133  1   0.0%   0.169 AU:2    +
  146   158  1   0.0%   1.691 UA:2    +
   25   129  1   0.0%   0.465 AU:2    +
   20    79  1   0.0%   0.498 AU:2    +
    9   138  1   0.0%   0.220 AU:2    +
  104   136  1   0.0%   0.880 AU:2    +
   73   115  1   0.0%   0.304 AU:2    +
    1   138  1   0.0%   0.055 AU:2    +
  121   132  1   0.0%   0.420 UA:2    +
  133   159  1   0.0%   0.422 UG:2    +
  124   136  1   0.0%   0.765 AU:2    +
   10   139  1   0.0%   0.641 UA:2    +
    1   142  1   0.0%   0.055 AU:2    +
  109   138  1   0.0%   0.540 AU:2    +
   46    52  1   0.0%   0.002 AU:2    +
  128   147  1   0.0%   0.924 AU:2    +
    8   146  1   0.0%   0.441 AU:2    +
  132   160  1   0.0%   0.509 AU:2    +
    7   155  1   0.0%   0.435 AU:2    +
   43    55  1   0.0%   0.002 AU:2    +
   20   133  1   0.0%   0.716 AU:2    +
   93   123  1   0.0%   0.608 UA:2    +
  115   158  1   0.0%   0.818 UA:2    +
   44    54  1   0.0%   0.001 GC:2    +
   90   106  1   0.0%   1.124 CG:2    +
  128   153  1   0.0%   0.823 AU:2    +
  100   134  1   0.0%   0.536 UA:2    +
   26    85  1   0.0%   0.526 UG:2    +
  109   133  1   0.0%   0.532 AU:2    +
   29    70  1   0.0%   0.008 AU:2    +
   22   112  1   0.0%   0.862 AU:2    +
   14    88  1   0.0%   0.423 AU:2    +
  128   143  1   0.0%   0.888 AU:2    +
   78   115  1   0.0%   0.652 GU:2    +
  105   115  1   0.0%   0.809 AU:2    +
  112   124  1   0.0%   0.527 UA:2    +
   21    28  1   0.0%   0.012 AU:2    +
   17    76  1   0.0%   0.046 AU:2    +
   13   139  1   0.0%   0.689 UA:2    +
   76    83  1   0.0%   0.945 UG:2    +
   17   138  1   0.0%   0.593 AU:2    +
  140   148  1   0.0%   0.745 AU:2    +
  114   136  1   0.0%   0.831 AU:2    +
  132   146  1   0.0%   0.734 AU:2    +
    7   135  1   0.0%   0.175 AU:2    +
   92   124  1   0.0%   0.395 UA:2    +
   79   109  1   0.0%   1.000 UA:2    +
   13   123  1   0.0%   0.732 UA:2    +
    7   160  1   0.0%   0.505 AU:2    +
  100   123  1   0.0%   0.634 UA:2    +
    8   138  1   0.0%   0.275 AU:2    +
  119   132  1   0.0%   0.603 UA:2    +
   92   106  1   0.0%   0.998 UG:2    +
  123   143  1   0.0%   0.828 AU:2    +
  105   133  1   0.0%   0.807 AU:2    +
  140   146  1   0.0%   0.835 AU:2    +
    7   138  1   0.0%   0.159 AU:2    +
   25    30  1   0.0%   0.003 AU:2    +
   24    85  1   0.0%   0.452 CG:2    +
  124   142  1   0.0%   0.897 AU:2    +
   85   118  1   0.0%   0.669 GU:2    +
   20    28  1   0.0%   0.013 AU:2    +
  128   156  1   0.0%   0.777 AU:2    +
   92   103  1   0.0%   0.935 UG:2    +
  127   148  1   0.0%   1.459 GU:2    +
   15    90  1   0.0%   0.381 GC:2    +
  142   151  1   0.0%   0.805 UA:2    +
   26   132  1   0.0%   0.437 UA:2    +
    9   136  1   0.0%   0.259 AU:2    +
  105   142  1   0.0%   1.006 AU:2    +
  133   158  1   0.0%   0.307 UA:2    +
   97   128  1   0.0%   0.403 UA:2    +
   90   159  1   0.0%   0.494 CG:2    +
   23    28  1   0.0%   0.039 GU:2    +
   92   104  1   0.0%   0.927 UA:2    +
   91   107  1   0.0%   1.219 AU:2    +
   19    29  1   0.0%   0.022 UA:2    +
  133   145  1   0.0%   0.693 UG:2    +
  128   149  1   0.0%   0.829 AU:2    +
    2   125  1   0.0%   0.166 AU:2    +
   22   148  1   0.0%   1.066 AU:2    +
   10    25  1   0.0%   0.027 UA:2    +
  112   132  1   0.0%   0.728 UA:2    +
   13   128  1   0.0%   0.644 UA:2    +
   88   131  1   0.0%   0.771 UA:2    +
  139   147  1   0.0%   0.566 AU:2    +
   96   136  1   0.0%   0.473 AU:2    +
   25   116  1   0.0%   0.483 AU:2    +
    7   146  1   0.0%   0.325 AU:2    +
   88   109  1   0.0%   1.131 UA:2    +
    9    88  1   0.0%   0.077 AU:2    +
    8    89  1   0.0%   0.051 AU:2    +
   90   127  1   0.0%   0.511 CG:2    +
   19    25  1   0.0%   0.017 UA:2    +
  102   139  1   0.0%   0.663 UA:2    +
   16    89  1   0.0%   0.304 AU:2    +
   19   132  1   0.0%   0.587 UA:2    +
    3   142  1   0.0%   0.913 GU:2    +
   17   100  1   0.0%   0.820 AU:2    +
    5    89  1   0.0%   0.027 AU:2    +
  134   148  1   0.0%   0.786 AU:2    +
  128   160  1   0.0%   0.791 AU:2    +
   89   105  1   0.0%   1.383 UA:2    +
   14   133  1   0.0%   0.814 AU:2    +
    2    89  1   0.0%   0.110 AU:2    +
  109   115  1   0.0%   0.507 AU:2    +
  109   142  1   0.0%   0.726 AU:2    +
  139   149  1   0.0%   0.492 AU:2    +
   25   143  1   0.0%   0.683 AU:2    +
   14   142  1   0.0%   0.943 AU:2    +
  100   140  1   0.0%   0.659 UA:2    +
    5   148  1   0.0%   0.529 AU:2    +
    2    92  1   0.0%   0.090 AU:2    +
   89   131  1   0.0%   0.685 UA:2    +
   71    76  1   0.0%   0.347 AU:2    +
   89   103  1   0.0%   0.639 UG:2    +
   99   136  1   0.0%   0.408 AU:2    +
    1   115  1   0.0%   0.044 AU:2    +
   43    57  1   0.0%   0.002 AU:2    +
   91   126  1   0.0%   0.606 AU:2    +
   85   112  1   0.0%   0.809 GU:2    +
  132   147  1   0.0%   0.623 AU:2    +
  100   122  1   0.0%   0.683 UA:2    +
   74    85  1   0.0%   0.408 UG:2    +
  115   127  1   0.0%   1.061 UG:2    +
   16   133  1   0.0%   0.936 AU:2    +
    5    88  1   0.0%   0.047 AU:2    +
  131   148  1   0.0%   0.676 AU:2    +
  109   125  1   0.0%   0.618 AU:2    +
   16    76  1   0.0%   0.041 AU:2    +
   28   158  1   0.0%   0.494 UA:2    +
  115   157  1   0.0%   0.826 UA:2    +
  132   156  1   0.0%   0.507 AU:2    +
   88   104  1   0.0%   0.718 UA:2    +
  109   148  1   0.0%   0.959 AU:2    +
  132   150  1   0.0%   0.609 AU:2    +
   92   132  1   0.0%   0.257 UA:2    +
  115   151  1   0.0%   0.925 UA:2    +
    7   153  1   0.0%   0.587 AU:2    +
   85   107  1   0.0%   0.552 GU:2    +
   18    29  1   0.0%   0.023 UA:2    +
   96   138  1   0.0%   0.421 AU:2    +
  128   150  1   0.0%   0.897 AU:2    +
   91   155  1   0.0%   0.467 AU:2    +
  146   157  1   0.0%   1.776 UA:2    +
    7    13  1   0.0%   0.037 AU:2    +
  100   124  1   0.0%   0.629 UA:2    +
    7    19  1   0.0%   0.004 AU:2    +
   76   114  1   0.0%   0.313 UA:2    +
   73    92  1   0.0%   0.441 AU:2    +
   23    90  1   0.0%   0.851 GC:2    +
    9    92  1   0.0%   0.032 AU:2    +
  100   131  1   0.0%   0.475 UA:2    +
   91   133  1   0.0%   0.465 AU:2    +
  103   133  1   0.0%   0.860 GU:2    +
  139   146  1   0.0%   0.702 AU:2    +
   22   146  1   0.0%   0.955 AU:2    +
   88   132  1   0.0%   0.771 UA:2    +
    7   141  1   0.0%   0.132 AU:2    +
   99   125  1   0.0%   0.495 AU:2    +
  109   136  1   0.0%   0.596 AU:2    +
   74    91  1   0.0%   0.324 UA:2    +
   92   158  1   0.0%   0.270 UA:2    +
   20   148  1   0.0%   0.914 AU:2    +
   17   136  1   0.0%   0.650 AU:2    +
    7   121  1   0.0%   0.039 AU:2    +
   76    84  1   0.0%   0.955 UA:2    +
    7    94  1   0.0%   0.018 AU:2    +
  102   132  1   0.0%   0.576 UA:2    +
   76   132  1   0.0%   0.301 UA:2    +
   94   123  1   0.0%   0.665 UA:2    +
   54    61  1   0.0%   0.125 CG:2    +
  123   160  1   0.0%   0.690 AU:2    +
   17   148  1   0.0%   0.810 AU:2    +
    7   112  1   0.0%   0.116 AU:2    +
   91   121  1   0.0%   0.624 AU:2    +
    7   116  1   0.0%   0.036 AU:2    +
    7    11  1   0.0%   0.008 AU:2    +
   71    79  1   0.0%   0.684 AU:2    +
   95   125  1   0.0%   0.545 AU:2    +
   11   132  1   0.0%   0.865 UA:2    +
   72   136  1   0.0%   0.206 AU:2    +
   22   138  1   0.0%   0.892 AU:2    +
   75   139  1   0.0%   0.382 UA:2    +
   72   142  1   0.0%   0.347 AU:2    +
   25   138  1   0.0%   0.501 AU:2    +
   29   141  1   0.0%   0.618 AU:2    +
   69    76  1   0.0%   0.293 GU:2    +
    1    88  1   0.0%   0.001 AU:2    +
   11    85  1   0.0%   0.463 UG:2    +
   86    90  1   0.0%   0.347 GC:2    +
  114   148  1   0.0%   1.011 AU:2    +
  123   153  1   0.0%   0.725 AU:2    +
   95   112  1   0.0%   0.655 AU:2    +
  100   105  1   0.0%   1.182 UA:2    +
  100   114  1   0.0%   0.513 UA:2    +
  104   133  1   0.0%   0.806 AU:2    +
  131   146  1   0.0%   0.770 AU:2    +
    8   115  1   0.0%   0.074 AU:2    +
   92   154  1   0.0%   0.287 UA:2    +
   89   122  1   0.0%   0.891 UA:2    +
  144   148  1   0.0%   1.011 GU:2    +
   89    96  1   0.0%   0.612 UA:2    +
    5   142  1   0.0%   0.464 AU:2    +
   79   124  1   0.0%   0.783 UA:2    +
   29   138  1   0.0%   0.435 AU:2    +
    2    28  1   0.0%   0.047 AU:2    +
   83    90  1   0.0%   0.655 GC:2    +
    8   100  1   0.0%   0.023 AU:2    +
   22   133  1   0.0%   0.868 AU:2    +
   25    70  1   0.0%   0.003 AU:2    +
   10    91  1   0.0%   0.131 UA:2    +
   91   119  1   0.0%   0.623 AU:2    +
   99   115  1   0.0%   0.369 AU:2    +
   91   118  1   0.0%   0.591 AU:2    +
   91   143  1   0.0%   0.657 AU:2    +
   16   138  1   0.0%   0.930 AU:2    +
  106   142  1   0.0%   1.105 GU:2    +
   69    75  1   0.0%   0.279 GU:2    +
  114   146  1   0.0%   1.044 AU:2    +
   93   132  1   0.0%   0.471 UA:2    +
   35    67  1   0.0%   0.002 AU:2    +
   31    76  1   0.0%   0.299 GU:2    +
    3    89  1   0.0%   0.125 GU:2    +
   46    57  1   0.0%   0.084 AU:2    +
   17   142  1   0.0%   0.824 AU:2    +
    8   112  1   0.0%   0.154 AU:2    +
    4   123  1   0.0%   0.444 UA:2    +
   92   131  1   0.0%   0.256 UA:2    +
   76   157  1   0.0%   0.307 UA:2    +
   27    85  1   0.0%   0.420 CG:2    +
   91   117  1   0.0%   0.447 AU:2    +
   46    58  1   0.0%   0.116 AU:2    +
    9   112  1   0.0%   0.136 AU:2    +
   22   125  1   0.0%   1.004 AU:2    +
    9    89  1   0.0%   0.056 AU:2    +
  132   153  1   0.0%   0.530 AU:2    +
   89    95  1   0.0%   0.612 UA:2    +
   21   133  1   0.0%   1.016 AU:2    +
   88    95  1   0.0%   0.699 UA:2    +
   75    85  1   0.0%   0.375 UG:2    +
   17    28  1   0.0%   0.024 AU:2    +
   25   146  1   0.0%   0.562 AU:2    +
   96   142  1   0.0%   0.610 AU:2    +
   76   158  1   0.0%   0.311 UA:2    +
   89   109  1   0.0%   1.044 UA:2    +
  137   148  1   0.0%   0.787 AU:2    +
   15    92  1   0.0%   0.384 GU:2    +
  102   123  1   0.0%   0.696 UA:2    +
   84    89  1   0.0%   0.971 AU:2    +
   15   133  1   0.0%   1.089 GU:2    +
   28    84  1   0.0%   1.138 UA:2    +
  115   145  1   0.0%   1.120 UG:2    +
   22   142  1   0.0%   1.089 AU:2    +
    4    85  1   0.0%   0.019 UG:2    +
   11    25  1   0.0%   0.017 UA:2    +
    5    92  1   0.0%   0.010 AU:2    +
   17    88  1   0.0%   0.095 AU:2    +
  100   109  1   0.0%   0.833 UA:2    +
   90   144  1   0.0%   0.626 CG:2    +
   88   134  1   0.0%   0.825 UA:2    +
   18    85  1   0.0%   0.146 UG:2    +
   25   117  1   0.0%   0.475 AU:2    +
  107   139  1   0.0%   1.008 UA:2    +
    5   115  1   0.0%   0.381 AU:2    +
   14    92  1   0.0%   0.377 AU:2    +
   16   115  1   0.0%   0.688 AU:2    +
  100   113  1   0.0%   0.721 UA:2    +
   92   122  1   0.0%   0.460 UA:2    +
   25   141  1   0.0%   0.684 AU:2    +
   23   133  1   0.0%   0.913 GU:2    +
   85   152  1   0.0%   0.664 GC:2    +
   76   113  1   0.0%   0.304 UA:2    +
  104   112  1   0.0%   1.059 AU:2    +
   94   128  1   0.0%   0.571 UA:2    +
  104   142  1   0.0%   1.009 AU:2    +
    7   115  1   0.0%   0.036 AU:2    +
   95   133  1   0.0%   0.419 AU:2    +
   81   139  1   0.0%   1.022 UA:2    +
   28   144  1   0.0%   0.724 UG:2    +
    1    92  1   0.0%   0.021 AU:2    +
  105   125  1   0.0%   0.956 AU:2    +
   89   106  1   0.0%   1.427 UG:2    +
   69    77  1   0.0%   0.571 GU:2    +
   89   158  1   0.0%   0.699 UA:2    +
    1   146  1   0.0%   0.059 AU:2    +
  113   148  1   0.0%   1.137 AU:2    +
   99   146  1   0.0%   0.422 AU:2    +
   77   139  1   0.0%   0.680 UA:2    +
   28   140  1   0.0%   0.663 UA:2    +
  125   157  1   0.0%   0.662 UA:2    +
  105   138  1   0.0%   0.819 AU:2    +
   13   132  1   0.0%   0.609 UA:2    +
   23    89  1   0.0%   1.156 GU:2    +
   95   115  1   0.0%   0.391 AU:2    +
   85   136  1   0.0%   0.598 GU:2    +
   17    89  1   0.0%   0.074 AU:2    +
   23   148  1   0.0%   1.087 GU:2    +
  100   104  1   0.0%   1.172 UA:2    +
   25   135  1   0.0%   0.527 AU:2    +
   20    88  1   0.0%   0.294 AU:2    +
   19   128  1   0.0%   0.612 UA:2    +
    1   125  1   0.0%   0.048 AU:2    +
   91   138  1   0.0%   0.474 AU:2    +
   29   143  1   0.0%   0.616 AU:2    +
    1    76  1   0.0%   0.001 AU:2    +
   23    92  1   0.0%   1.048 GU:2    +
   91   156  1   0.0%   0.473 AU:2    +
   88   122  1   0.0%   0.978 UA:2    +
   89   159  1   0.0%   0.801 UG:2    +
  102   128  1   0.0%   0.578 UA:2    +
   25    88  1   0.0%   0.825 AU:2    +
   79   113  1   0.0%   0.644 UA:2    +
   28   114  1   0.0%   0.496 UA:2    +
   86   133  1   0.0%   0.879 GU:2    +
    5   125  1   0.0%   0.384 AU:2    +
   20   142  1   0.0%   0.929 AU:2    +
   33    69  1   0.0%   0.004 CG:2    +
  104   115  1   0.0%   0.794 AU:2    +
   89   134  1   0.0%   0.739 UA:2    +
   88    96  1   0.0%   0.698 UA:2    +
   16    28  1   0.0%   0.028 AU:2    +
  104   146  1   0.0%   0.886 AU:2    +
   92   145  1   0.0%   0.403 UG:2    +
   74   123  1   0.0%   0.463 UA:2    +
   89    99  1   0.0%   0.315 UA:2    +
   69    74  1   0.0%   0.310 GU:2    +
   30    69  1   0.0%   0.001 UG:2    +
   14   148  1   0.0%   1.048 AU:2    +
   85   135  1   0.0%   0.576 GU:2    +
   85   126  1   0.0%   0.684 GU:2    +
   81    85  1   0.0%   0.798 UG:2    +
   85    94  1   0.0%   0.427 GU:2    +
   43    52  1   0.0%   0.000 AU:2    +
..((((...(((...(((((((((.(((((((((((.(((.(((((........)))))..)))))))))).........)))).)))....))))))....))))).)).((((((....))))))............(((((((.......)))))))
