6 sequence; length of alignment 155
alifold output
  123   151  0  99.8%   0.016 CG:4    UG:2   
   64    91  0  99.8%   0.008 GU:2    UA:4   
   67    88  0 100.0%   0.005 CG:6   
   68    87  0  99.9%   0.008 AU:6   
  122   152  0  99.8%   0.015 AU:6   
   60    95  0  98.7%   0.046 GU:4    AU:2   
  124   150  0  99.7%   0.018 AU:6   
   65    90  2  99.8%   0.011 UG:1    UA:3   
   66    89  2  99.9%   0.006 GC:4   
  129   145  1  99.3%   0.028 CG:4    UA:1   
   69    86  2  99.9%   0.007 GC:4   
   70    85  1  99.7%   0.010 CG:5   
   56    99  1  98.9%   0.054 GC:3    GU:2   
   59    96  3  99.1%   0.034 GC:2    GU:1   
  121   153  2  99.3%   0.032 GC:4   
  128   146  2  99.2%   0.063 GC:4   
   63    92  2  98.9%   0.034 GU:1    AU:3   
   61    94  3  98.5%   0.050 GC:2    AU:1   
   57    98  2  98.1%   0.075 CG:1    UG:3   
  127   147  2  97.8%   0.106 GC:3    GU:1   
   58    97  2  98.0%   0.070 AU:4   
   62    93  2  97.2%   0.085 UG:4   
   55   100  0  95.4%   0.199 UG:2    UA:4   
  130   144  2  96.4%   0.116 AU:4   
  125   149  0  95.4%   0.161 UG:6   
  131   143  0  87.1%   0.388 AU:6   
   54   101  1  85.7%   0.581 UA:5   
   42   109  0  52.4%   1.537 GC:2    UG:1    UA:3   
   41   110  3  51.9%   1.740 GC:3   
   34   118  0  49.4%   2.411 GC:2    GU:4   
    7    27  0  49.1%   1.412 AU:5    UA:1   
    9    25  0  48.7%   1.543 UA:6   
   35   117  0  48.6%   2.079 AU:6   
    8    26  2  48.9%   1.399 AU:4   
   33   119  0  48.1%   2.004 UA:6   
    5    29  2  48.8%   1.555 GC:4   
   43   108  2  48.3%   1.813 GU:2    AU:2   
    6    28  2  47.9%   1.562 GU:4   
    4    30  2  46.7%   1.205 UA:4   
   40   111  3  45.3%   1.359 AU:3   
   10    24  2  42.8%   1.797 GC:1    GU:2    UA:1   
    3    31  0  40.4%   1.418 CG:1    UG:1    UA:4   
   32   120  1  40.5%   1.812 AU:5   
   51   104  2  38.3%   1.718 CG:3    UA:1    +
   52   103  2  37.5%   1.824 UA:4    +
  120   154  2  35.1%   1.530 UA:4    +
   44   107  2  34.2%   1.727 UA:4   
   39   112  3  33.5%   1.463 CG:1    AU:2   
    6    19  0  32.4%   1.101 GC:6    +
    5    20  0  32.4%   1.099 GC:6    +
  134   139  0  28.2%   1.544 CG:6    +
    7    18  2  25.2%   1.046 AU:4    +
   74    82  0  23.9%   1.139 UA:6    +
   75    81  3  23.4%   1.258 GU:2    AU:1    +
  133   139  0  22.6%   1.145 CG:6    +
   13    20  0  22.2%   1.784 GC:6   
   48   103  0  18.3%   1.372 UA:6   
   49   102  3  18.4%   1.385 GC:1    AU:2   
    2    23  0  17.6%   0.922 AU:6    +
   72    84  1  17.3%   1.278 CG:2    UA:3    +
    3    22  1  16.6%   0.899 UA:5    +
   76    80  0  14.4%   1.004 GU:2    AU:4    +
    9    17  0  14.8%   1.036 UA:6    +
   13    19  0  14.0%   1.200 GC:6    +
   48   105  0  12.2%   1.844 UG:2    UA:4    +
    1    24  3  13.5%   0.812 GU:1    AU:2    +
   10    16  2  13.1%   0.943 GU:3    AU:1    +
   47   106  0  12.0%   1.268 AU:6    +
   42    49  1  11.6%   1.055 GU:1    UA:4    +
   41    50  1  12.1%   0.983 GC:5    +
   49   106  1  10.8%   2.090 GU:1    AU:4    +
   72    83  2  11.0%   0.855 CG:1    UA:3    +
   18   105  0   9.4%   1.570 CG:2    UA:4    +
   25    33  0  10.2%   1.403 AU:6    +
   26    32  0  10.1%   1.355 UA:6    +
   43    48  0   9.0%   0.976 GU:2    AU:4    +
   24    34  2   9.9%   1.774 CG:1    UG:3    +
   17   106  0   9.4%   1.166 AU:6    +
   15   108  1   8.8%   1.182 GC:1    GU:2    AU:2    +
   11    22  0   9.2%   1.304 UA:6    +
   23    35  0   9.1%   1.325 UA:6    +
   48   107  2   9.4%   2.385 UA:4    +
   14    18  2   9.3%   1.276 AU:4    +
   16   107  2   9.3%   1.287 UA:4    +
   12   111  1   8.0%   0.750 GU:2    AU:1    UA:2    +
   19   104  2   9.1%   1.345 CG:4    +
   27    31  1   7.5%   1.571 UG:1    UA:4    +
    5   118  0   6.4%   1.568 GC:2    GU:4    +
   13   110  2   8.1%   1.378 GC:4    +
   34    53  0   7.4%   1.194 GC:6    +
   31   118  0   6.3%   1.567 GC:2    AU:4    +
   23    32  0   7.1%   1.082 UA:6    +
   22    33  0   7.1%   1.330 AU:6    +
   36    51  2   7.1%   0.712 GC:3    AU:1    +
   34   115  0   5.7%   1.418 GC:2    GU:4    +
   35    52  2   7.4%   0.987 AU:4    +
   21    34  1   6.6%   0.760 CG:3    UG:2    +
   32   117  0   6.5%   1.300 AU:6    +
   11    15  0   5.5%   0.624 UG:3    UA:3    +
    8    18  3   7.2%   1.056 AU:3    +
    6   117  0   5.9%   1.535 GU:6    +
    4   119  0   5.8%   1.033 UA:6    +
   33   116  2   6.4%   1.188 UG:4    +
    9    15  0   4.7%   0.476 UG:3    UA:3    +
   24    31  3   5.9%   1.618 UG:1    UA:2    +
   11   112  3   5.7%   1.066 UG:3    +
   18    41  0   2.9%   1.105 CG:2    UG:3    UA:1    +
    9   114  2   4.9%   1.323 UG:3    UA:1    +
   47   108  2   5.2%   1.495 AU:4    +
   47   117  0   4.5%   1.815 AU:6    +
   49   115  1   4.5%   1.833 GC:1    AU:4    +
   10   113  2   4.7%   1.334 GU:3    AU:1    +
    5    21  1   4.3%   0.775 GC:3    GU:2    +
    6    20  0   4.3%   1.139 GC:6    +
    4    22  0   4.2%   0.702 UA:6    +
   16    43  0   3.0%   0.834 UG:2    UA:4    +
    8   115  2   4.6%   1.175 AU:4    +
   15    44  0   3.0%   0.752 GU:3    AU:3    +
   48   116  2   4.5%   1.933 UG:4    +
    8    16  2   4.5%   0.419 AU:4    +
   46   118  2   4.4%   1.496 AU:4    +
  132   139  0   2.7%   0.298 CG:4    UG:2    +
   50   114  3   4.4%   1.217 CG:3    +
   45   119  1   3.8%   1.360 UA:5    +
   10    23  2   3.6%   0.974 GU:3    AU:1    +
   73    81  1   3.2%   0.434 GU:4    AU:1    +
   43   106  0   2.2%   0.858 GU:2    AU:4    +
   42   107  0   2.2%   0.887 GU:2    UA:4    +
   75    80  2   3.5%   0.395 GU:3    AU:1    +
   44   105  0   2.1%   0.718 UG:2    UA:4    +
   66    99  0   0.0%   0.016 GC:3    GU:1    AU:1    UA:1    +
    5    54  0   1.8%   1.106 GC:1    GU:5    +
   42   114  0   0.8%   1.312 GU:2    UG:3    UA:1    +
   74    83  0   1.5%   0.791 UG:1    UA:5    +
    1   118  0   1.4%   0.503 GC:2    AU:4    +
  100   118  0   1.4%   1.246 GC:2    AU:4    +
   15    26  0   1.4%   0.922 GU:3    AU:3    +
   17    42  2   3.0%   0.705 AU:4    +
   36   113  0   1.2%   0.768 GU:4    AU:2    +
    6    53  0   2.2%   1.148 GC:6    +
   14    45  1   2.6%   0.643 AU:5    +
   54   104  0   0.1%   1.218 CG:1    UG:3    UA:2    +
   31   120  0   0.1%   0.988 GC:1    GU:1    AU:4    +
  111   116  0   0.0%   1.195 CG:1    UG:3    AU:2    +
   54    69  0   0.0%   0.167 CG:1    UG:3    UA:2    +
  105   113  0   1.0%   1.306 GU:2    AU:4    +
    1   120  0   0.0%   0.388 GC:1    GU:1    AU:4    +
   40   113  0   2.0%   1.049 AU:6    +
    7    52  1   2.0%   0.943 UG:1    AU:4    +
   57    93  0   0.0%   0.018 CG:2    UG:3    UA:1    +
   36    54  0   0.0%   0.545 GC:1    GU:3    AU:2    +
   54   105  0   0.0%   0.998 CG:1    UG:1    UA:4    +
  114   147  0   0.0%   0.577 GC:3    UG:2    AU:1    +
   12    42  0   0.0%   0.107 GU:2    UG:2    AU:2    +
   52   109  0   0.0%   1.204 GC:2    UG:1    UA:3    +
  116   153  0   0.0%   0.512 GC:4    UG:1    UA:1    +
   27    49  0   0.0%   0.731 UG:1    AU:1    UA:4    +
   41    54  0   0.0%   0.567 GC:1    GU:4    AU:1    +
   28   109  0   0.0%   0.483 GC:2    UG:1    UA:3    +
   12    28  0   0.0%   0.403 GU:2    UG:2    AU:2    +
   12    97  0   0.0%   0.138 GU:2    UG:2    AU:2    +
   43    54  0   0.0%   0.519 GC:1    GU:1    AU:4    +
  100   120  0   0.0%   0.511 GC:1    GU:1    AU:4    +
   52   114  0   0.0%   1.319 GU:2    UG:3    UA:1    +
   28   114  0   0.0%   0.633 GU:2    UG:3    UA:1    +
   12    52  0   0.0%   0.230 GU:2    UG:2    AU:2    +
   79    98  0   0.0%   0.093 CG:3    GC:2    UG:1    +
   97   109  0   0.0%   0.418 GC:2    UG:1    UA:3    +
    3   100  0   0.0%   0.718 CG:1    UG:1    UA:4    +
   41    57  0   0.0%   0.419 GC:2    GU:3    AU:1    +
   41   108  1   2.0%   0.879 GC:1    GU:4    +
   37    52  2   2.2%   0.607 CG:2    GU:2    +
   38   114  2   2.2%   0.535 UG:3    UA:1    +
   40   117  0   1.8%   1.591 AU:6    +
   43   113  0   0.8%   1.333 GU:2    AU:4    +
   72    82  3   2.5%   0.314 UA:3    +
   46   106  0   1.7%   0.645 AU:6    +
   38   119  0   1.7%   0.957 UA:6    +
   50   104  2   2.3%   0.918 CG:4    +
   36    53  2   2.3%   0.861 GC:4    +
   73    80  0   0.6%   0.169 GU:4    AU:2    +
   39   113  2   1.9%   0.951 GU:2    AU:2    +
   39   118  2   1.9%   1.676 GC:2    AU:2    +
    1    33  0   0.5%   0.372 GU:2    AU:4    +
  101   117  0   1.5%   1.385 AU:6    +
    6   118  0   0.4%   1.448 GC:2    GU:4    +
   16    25  0   1.4%   1.008 UA:6    +
   38    49  1   1.4%   0.324 UG:1    UA:4    +
   76    81  1   1.4%   0.924 GU:1    AU:4    +
    2   117  0   1.4%   0.579 AU:6    +
   41    48  0   0.3%   0.337 GU:5    AU:1    +
   13    21  1   1.3%   0.924 GC:3    GU:2    +
   45   104  1   1.3%   0.656 UG:3    UA:2    +
   39   114  3   1.8%   1.011 CG:1    GU:2    +
   33    43  0   0.3%   0.679 UG:2    UA:4    +
   15    23  0   0.3%   0.860 GU:3    AU:3    +
    4    31  0   0.3%   0.907 UG:2    UA:4    +
   36    44  0   0.2%   0.312 GU:4    AU:2    +
   48   104  0   0.2%   1.066 UG:4    UA:2    +
   53   104  2   1.9%   1.387 CG:4    +
   42   116  0   0.2%   1.226 GU:2    UG:4    +
    5   115  0   0.2%   1.005 GC:2    GU:4    +
   73    77  0   0.2%   0.050 GU:4    AU:2    +
  102   116  2   1.5%   1.012 CG:2    UG:2    +
   44   104  0   0.2%   0.490 UG:4    UA:2    +
   56   102  0   0.2%   0.418 GC:3    GU:3    +
  105   117  0   0.2%   1.833 GU:2    AU:4    +
  104   113  0   0.1%   1.401 GU:4    AU:2    +
   77    84  0   0.1%   0.362 UG:2    UA:4    +
    8    52  0   0.1%   0.807 CG:2    AU:4    +
   41   113  0   0.1%   1.373 GU:5    AU:1    +
   71    77  0   0.1%   0.024 GU:4    AU:2    +
   74    84  0   0.1%   0.741 UG:2    UA:4    +
   10    21  1   0.1%   0.449 GC:2    GU:1    AU:1    UA:1    +
   36   117  0   0.1%   1.296 GU:4    AU:2    +
   26   105  0   0.1%   0.935 UG:2    UA:4    +
    4   104  0   0.1%   0.536 UG:4    UA:2    +
   23    31  0   0.1%   0.873 UG:2    UA:4    +
   31    48  0   0.1%   0.862 GU:2    AU:4    +
   71    80  0   0.1%   0.054 GU:4    AU:2    +
  108   149  0   0.1%   0.877 CG:2    UG:4    +
  105   152  0   0.1%   0.758 GU:2    AU:4    +
   33   105  0   0.1%   0.838 UG:2    UA:4    +
   41   117  0   0.1%   1.854 GU:5    AU:1    +
  116   146  0   0.0%   0.515 GC:4    UA:2    +
   33    41  0   0.0%   0.640 UG:5    UA:1    +
   43    77  0   0.0%   0.376 GU:2    AU:4    +
  117   145  0   0.0%   1.103 UG:4    UA:2    +
   35    44  0   1.0%   0.532 AU:6    +
   44    76  0   0.0%   0.232 UG:2    UA:4    +
   48    73  0   0.0%   0.410 UG:4    UA:2    +
   23    41  0   0.0%   1.006 UG:5    UA:1    +
  100   115  0   0.0%   0.634 GC:2    AU:4    +
    6    18  0   0.0%   0.009 GC:2    GU:4    +
   36    48  0   0.0%   0.208 GU:4    AU:2    +
   31    55  0   0.0%   0.784 GU:2    AU:4    +
   13    18  0   0.0%   0.578 GC:2    GU:4    +
   26    41  0   0.0%   0.799 UG:5    UA:1    +
    1   115  0   0.0%   0.327 GC:2    AU:4    +
   26    36  0   0.0%   0.732 UG:4    UA:2    +
  104   117  0   0.0%   1.978 GU:4    AU:2    +
    5   102  0   0.0%   0.967 GC:3    GU:3    +
   26    31  0   0.0%   0.995 UG:2    UA:4    +
   28   154  0   0.0%   0.486 GC:2    UA:4    +
  138   143  0   0.0%   0.149 GU:1    AU:5    +
   77    83  0   0.0%   0.341 UG:1    UA:5    +
   84    95  0   0.0%   0.340 GU:2    AU:4    +
    6   115  0   0.0%   0.996 GC:2    GU:4    +
   38    43  0   0.0%   0.164 UG:2    UA:4    +
    8    42  0   0.0%   0.702 CG:2    AU:4    +
    9    41  0   0.0%   0.848 UG:5    UA:1    +
    3    56  0   0.0%   0.721 CG:1    UG:5    +
  123   139  0   0.0%   0.010 CG:4    UG:2    +
   29    98  0   0.0%   0.459 CG:4    GC:2    +
   29   116  0   0.0%   0.529 CG:4    GU:2    +
    1    23  0   0.0%   0.004 GU:2    AU:4    +
   23    43  0   0.0%   1.004 UG:2    UA:4    +
   59    94  0   0.0%   0.008 GC:5    GU:1    +
   23    36  0   0.0%   0.939 UG:4    UA:2    +
    5   120  0   0.0%   1.166 GC:1    GU:5    +
    1    26  0   0.0%   0.274 GU:2    AU:4    +
    9    31  0   0.0%   1.210 UG:2    UA:4    +
   34   102  0   0.0%   0.766 GC:3    GU:3    +
   56    94  0   0.0%   0.023 GC:5    GU:1    +
   18    43  0   0.0%   1.006 CG:2    UA:4    +
  118   127  0   0.0%   1.111 CG:2    UG:4    +
   26    43  0   0.0%   0.796 UG:2    UA:4    +
    4    36  0   0.0%   0.514 UG:4    UA:2    +
  100   113  0   0.0%   0.509 GU:2    AU:4    +
   31    38  0   0.0%   0.768 GU:2    AU:4    +
  123   149  0   0.0%   0.013 CG:4    UG:2    +
    1   113  0   0.0%   0.321 GU:2    AU:4    +
   23   105  0   0.0%   1.130 UG:2    UA:4    +
   28   155  0   0.0%   0.484 GC:2    UA:4    +
   55   104  0   0.0%   0.978 UG:4    UA:2    +
   11    17  0   1.0%   0.583 UA:6    +
    1    55  0   0.0%   0.318 GU:2    AU:4    +
   11    43  0   0.0%   0.477 UG:2    UA:4    +
   11    31  0   0.0%   0.858 UG:2    UA:4    +
   56   108  0   0.0%   0.882 GC:2    GU:4    +
   57   105  0   0.0%   0.688 CG:2    UA:4    +
   13   118  0   0.0%   1.225 GC:2    GU:4    +
   31   115  0   0.0%   0.945 GC:2    AU:4    +
   52   107  0   0.0%   1.754 GU:2    UA:4    +
   80    84  0   0.0%   0.755 UG:2    UA:4    +
   34   120  0   0.0%   1.662 GC:1    GU:5    +
    8    28  0   0.0%   1.037 CG:2    AU:4    +
    1   106  0   0.0%   0.319 GU:2    AU:4    +
   43    57  0   0.0%   0.373 GC:2    AU:4    +
   31   117  0   0.0%   1.032 GU:2    AU:4    +
  138   148  0   0.0%   0.013 GU:1    AU:5    +
    4   105  0   0.0%   0.532 UG:2    UA:4    +
   36   106  0   0.0%   0.643 GU:4    AU:2    +
   41   106  0   0.0%   0.656 GU:5    AU:1    +
   15    48  0   0.0%   0.605 GU:3    AU:3    +
   42   155  0   0.0%   0.944 GC:2    UA:4    +
   11   105  0   0.0%   0.548 UG:2    UA:4    +
    3    13  0   0.0%   0.003 CG:1    UG:5    +
   13   108  0   0.0%   0.760 GC:2    GU:4    +
   42   154  0   0.0%   0.944 GC:2    UA:4    +
   88    94  0   0.0%   0.024 GC:5    GU:1    +
    1   117  0   0.0%   0.323 GU:2    AU:4    +
   23   104  0   0.0%   1.127 UG:4    UA:2    +
   31    44  0   0.0%   0.871 GU:2    AU:4    +
    5   108  0   0.0%   0.964 GC:2    GU:4    +
   34   108  0   0.0%   0.981 GC:2    GU:4    +
  102   149  0   0.0%   0.469 CG:3    UG:3    +
   38   104  0   0.0%   0.354 UG:4    UA:2    +
  108   151  0   0.0%   0.874 CG:2    UG:4    +
   38    84  0   0.0%   0.121 UG:2    UA:4    +
    4   100  0   0.0%   0.518 UG:2    UA:4    +
    1    38  0   0.0%   0.316 GU:2    AU:4    +
   97   116  0   0.0%   0.440 GU:2    UG:4    +
   41   111  2   1.3%   1.576 GC:1    GU:3    +
    6   102  0   0.0%   0.975 GC:3    GU:3    +
   92   100  0   0.0%   0.064 UG:2    UA:4    +
   94   128  0   0.0%   0.024 CG:5    UG:1    +
   65   100  0   0.0%   0.057 UG:2    UA:4    +
    9   105  0   0.0%   0.884 UG:2    UA:4    +
   41   125  0   0.0%   0.985 GU:5    AU:1    +
   43   117  0   0.0%   1.731 GU:2    AU:4    +
   42    98  0   0.0%   0.414 GC:2    UG:4    +
    3    34  0   0.0%   0.708 CG:1    UG:5    +
   23   100  0   0.0%   0.897 UG:2    UA:4    +
   95   105  0   0.0%   0.664 UG:2    UA:4    +
   73    92  0   0.0%   0.218 GU:4    AU:2    +
  145   152  0   0.0%   0.022 GU:4    AU:2    +
   36    55  0   0.0%   0.451 GU:4    AU:2    +
   31   113  0   0.0%   0.954 GU:2    AU:4    +
   52   154  0   0.0%   0.819 GC:2    UA:4    +
   16    93  0   0.0%   0.624 UG:5    UA:1    +
   62    91  0   0.0%   0.001 AU:2    UA:4    +
   31    92  0   0.0%   0.777 GU:2    AU:4    +
   41    94  0   0.0%   0.417 GC:5    AU:1    +
   34    57  0   0.0%   0.760 GC:2    GU:4    +
    6    54  0   0.0%   1.045 GC:1    GU:5    +
   87   100  0   0.0%   0.053 UG:2    UA:4    +
   15   106  0   0.0%   0.544 GU:3    AU:3    +
   16   105  0   0.0%   0.630 UG:2    UA:4    +
   48   100  0   0.0%   0.407 UG:2    UA:4    +
   52    98  0   0.0%   0.380 GC:2    UG:4    +
   56   115  0   0.0%   0.616 GC:2    GU:4    +
   16    41  0   0.0%   0.520 UG:5    UA:1    +
   31   106  0   0.0%   1.011 GU:2    AU:4    +
   97   154  0   0.0%   0.028 GC:2    UA:4    +
    6   120  0   0.0%   1.175 GC:1    GU:5    +
  128   132  0   0.0%   0.002 GC:4    GU:2    +
   34    54  0   0.0%   0.794 GC:1    GU:5    +
   34   123  0   0.0%   1.274 GC:4    GU:2    +
    9   100  0   0.0%   0.877 UG:2    UA:4    +
   52   155  0   0.0%   0.818 GC:2    UA:4    +
   38   105  0   0.0%   0.360 UG:2    UA:4    +
   26   104  0   0.0%   0.919 UG:4    UA:2    +
    6   108  0   0.0%   0.973 GC:2    GU:4    +
  115   121  0   0.0%   0.679 CG:2    UG:4    +
    5    57  0   0.0%   0.961 GC:2    GU:4    +
   88   102  0   0.0%   0.366 GC:3    GU:3    +
    4    43  0   0.0%   0.515 UG:2    UA:4    +
  100   106  0   0.0%   0.941 GU:2    AU:4    +
   33   104  0   0.0%   0.825 UG:4    UA:2    +
    3   149  0   0.0%   0.783 CG:1    UG:5    +
    4    41  0   0.0%   0.515 UG:5    UA:1    +
  102   121  0   0.0%   0.467 CG:3    UG:3    +
   43    92  0   0.0%   0.369 GU:2    AU:4    +
   43    55  0   0.0%   0.420 GU:2    AU:4    +
  120   139  0   0.0%   0.419 CG:1    UG:5    +
  120   149  0   0.0%   0.425 CG:1    UG:5    +
  118   151  0   0.0%   1.116 CG:2    UG:4    +
    1     9  0   0.0%   0.000 GU:2    AU:4    +
   13   115  0   0.0%   1.124 GC:2    GU:4    +
   57    88  0   0.0%   0.015 CG:2    UG:4    +
    3    59  0   0.0%   0.718 CG:1    UG:5    +
   55   105  0   0.0%   0.765 UG:2    UA:4    +
   28   107  0   0.0%   0.695 GU:2    UA:4    +
    3   151  0   0.0%   0.783 CG:1    UG:5    +
  125   138  0   0.0%   0.023 UG:1    UA:5    +
  100   117  0   0.0%   1.064 GU:2    AU:4    +
   28   116  0   0.0%   0.536 GU:2    UG:4    +
  120   151  0   0.0%   0.425 CG:1    UG:5    +
   38   145  0   0.0%   0.292 UG:4    UA:2    +
    9    43  0   0.0%   0.845 UG:2    UA:4    +
  106   145  0   0.0%   0.961 UG:4    UA:2    +
   15    38  0   0.0%   0.435 GU:3    AU:3    +
    3   121  0   0.0%   0.782 CG:1    UG:5    +
   15   117  0   0.0%   1.003 GU:3    AU:3    +
   43   150  0   0.0%   0.870 GU:2    AU:4    +
   77   100  0   0.0%   0.089 UG:2    UA:4    +
    1    48  0   0.0%   0.317 GU:2    AU:4    +
   43   143  0   0.0%   0.870 GU:2    AU:4    +
   15    33  0   0.0%   0.517 GU:3    AU:3    +
    1    44  0   0.0%   0.316 GU:2    AU:4    +
  113   145  0   0.0%   0.572 UG:4    UA:2    +
    1    11  0   0.0%   0.000 GU:2    AU:4    +
   16    36  0   0.0%   0.518 UG:4    UA:2    +
   38    83  0   0.0%   0.121 UG:1    UA:5    +
   64   107  0   0.0%   0.951 GU:2    UA:4    +
   71   106  0   0.0%   0.936 GU:4    AU:2    +
   97   107  0   0.0%   0.969 GU:2    UA:4    +
    5    18  0   0.0%   0.001 GC:2    GU:4    +
   28    98  0   0.0%   0.466 GC:2    UG:4    +
  138   150  0   0.0%   0.018 GU:1    AU:5    +
   11    36  0   0.0%   0.476 UG:4    UA:2    +
   95   104  0   0.0%   0.876 UG:4    UA:2    +
   71    92  0   0.0%   0.059 GU:4    AU:2    +
    5   123  0   0.0%   1.155 GC:4    GU:2    +
   93   106  0   0.0%   0.922 GU:5    AU:1    +
   54    59  0   0.0%   0.157 CG:1    UG:5    +
   88   115  0   0.0%   0.573 GC:2    GU:4    +
  115   128  0   0.0%   0.677 CG:2    UG:4    +
   83    95  0   0.0%   0.329 GU:1    AU:5    +
   31    95  0   0.0%   0.777 GU:2    AU:4    +
  108   121  0   0.0%   0.865 CG:2    UG:4    +
   56   118  0   0.0%   1.055 GC:2    GU:4    +
   48   145  0   0.0%   1.378 UG:4    UA:2    +
   35    54  1   1.5%   0.776 AU:5    +
   39    48  2   1.3%   0.305 GU:2    AU:2    +
   12    29  2   1.2%   0.564 GC:2    UG:2    +
   33    46  0   0.9%   0.677 UA:6    +
    9    14  0   0.9%   0.128 UA:6    +
   14    27  1   1.4%   0.823 AU:5    +
    2    33  0   0.9%   0.494 AU:6    +
   42   110  2   1.2%   1.555 GC:2    UA:2    +
   52   105  2   1.2%   1.503 UG:1    UA:3    +
   34    55  0   0.8%   0.839 GU:6    +
   43   115  1   0.2%   1.308 GC:1    GU:1    AU:3    +
  105   115  1   0.2%   1.401 GC:1    GU:1    AU:3    +
  103   115  2   1.4%   1.570 AU:4    +
   11    47  0   0.7%   0.586 UA:6    +
  127   134  0   0.7%   0.103 GC:6    +
  128   133  0   0.7%   0.102 GC:6    +
   40   112  3   1.4%   1.230 AU:3    +
   13    28  2   1.3%   1.208 GU:4    +
   41   112  3   1.4%   1.749 GU:3    +
  103   113  0   0.6%   1.323 AU:6    +
   54   103  1   1.1%   1.146 UA:5    +
  102   114  2   0.6%   0.971 CG:2    UG:1    UA:1    +
   38    46  0   0.6%   0.167 UA:6    +
    9    49  1   0.6%   0.935 UG:1    UA:4    +
   11    49  1   0.6%   0.633 UG:1    UA:4    +
   73    79  2   0.9%   0.176 GC:3    GU:1    +
   10    18  2   0.5%   0.892 GC:1    GU:2    AU:1    +
   99   116  1   0.0%   0.440 CG:3    UG:1    AU:1    +
   34    45  1   1.0%   0.738 GU:5    +
   17    24  3   1.3%   1.163 AU:3    +
   12   112  1   0.0%   0.535 GU:2    UG:2    AU:1    +
  105   118  1   0.0%   1.820 GC:1    GU:1    AU:3    +
   21    36  1   0.5%   0.494 CG:3    UA:2    +
   43   118  1   0.0%   1.739 GC:1    GU:1    AU:3    +
   99   114  1   0.0%   0.524 CG:3    AU:1    UA:1    +
    1   108  1   0.0%   0.320 GC:1    GU:1    AU:3    +
   10    45  1   0.0%   0.796 GU:3    AU:1    UA:1    +
  104   108  1   0.0%   1.700 GC:1    GU:3    AU:1    +
   57   100  1   0.0%   0.086 CG:1    UG:1    UA:3    +
   21    41  1   0.0%   0.526 CG:3    UG:1    UA:1    +
   36   102  1   0.0%   0.413 GC:2    GU:2    AU:1    +
   99   104  1   0.0%   0.870 CG:3    UG:1    UA:1    +
   61    96  1   0.0%   0.026 GC:2    AU:1    UA:2    +
   79    85  1   0.0%   0.076 CG:3    GU:1    UG:1    +
  114   153  1   0.0%   0.577 GC:3    UG:1    UA:1    +
   43   144  1   0.0%   0.870 GC:1    GU:1    AU:3    +
   31   108  1   0.0%   1.002 GC:1    GU:1    AU:3    +
   36   108  1   0.0%   0.629 GC:1    GU:3    AU:1    +
   18    36  1   0.0%   0.796 CG:1    UG:3    UA:1    +
  100   108  1   0.0%   0.890 GC:1    GU:1    AU:3    +
    1   144  1   0.0%   0.384 GC:1    GU:1    AU:3    +
    1    57  1   0.0%   0.317 GC:1    GU:1    AU:3    +
   31    57  1   0.0%   0.778 GC:1    GU:1    AU:3    +
   45    61  1   0.0%   0.225 UG:2    AU:1    UA:2    +
   60    99  1   0.0%   0.029 GC:3    GU:1    AU:1    +
   31   144  1   0.0%   0.960 GC:1    GU:1    AU:3    +
   36    57  1   0.0%   0.408 GC:1    GU:3    AU:1    +
   10    37  1   0.0%   0.794 GC:1    GU:2    UG:2    +
   27   114  1   0.0%   0.829 UG:3    AU:1    UA:1    +
   66    79  1   0.0%   0.007 GC:3    GU:1    UG:1    +
   36    99  1   0.0%   0.403 GC:3    GU:1    AU:1    +
  107   111  1   0.5%   1.685 AU:3    UA:2    +
   40    44  0   0.5%   0.286 AU:6    +
   12    24  2   0.1%   0.706 GC:1    GU:1    AU:1    UA:1    +
   37   112  3   0.9%   0.489 CG:2    GU:1    +
    3   116  2   1.1%   0.874 UG:4    +
   41   115  1   0.4%   1.416 GC:1    GU:4    +
   10   114  2   0.0%   1.175 GU:1    UG:1    AU:1    UA:1    +
   10    48  2   0.7%   0.901 GU:3    AU:1    +
  125   136  0   0.3%   0.056 UA:6    +
    6    50  0   0.3%   0.918 GC:6    +
  126   135  2   0.7%   0.100 AU:1    UA:3    +
    2    26  0   0.3%   0.377 AU:6    +
   12    16  2   0.6%   0.506 GU:2    AU:2    +
    8   112  1   0.3%   0.767 CG:2    AU:3    +
   45   107  3   1.0%   1.134 UA:3    +
   39    45  2   0.6%   0.290 GU:2    AU:2    +
   32    44  0   0.3%   0.629 AU:6    +
   27    36  1   0.3%   0.739 UG:4    UA:1    +
   16    22  0   0.3%   1.145 UA:6    +
    9    32  0   0.3%   0.895 UA:6    +
   45   105  1   0.3%   0.665 UG:2    UA:3    +
    1    27  1   0.2%   0.314 GU:1    AU:4    +
   14    23  0   0.2%   0.748 AU:6    +
   35   113  0   0.2%   0.795 AU:6    +
   10   110  1   0.2%   0.903 GC:3    UA:2    +
   31    45  1   0.2%   0.909 GU:2    AU:3    +
   11    30  2   0.9%   0.911 UA:4    +
   38    47  0   0.2%   0.141 UA:6    +
   12    48  2   0.5%   0.227 GU:2    AU:2    +
   48   101  0   0.2%   0.442 UA:6    +
   20    34  0   0.2%   0.888 CG:6    +
   55   103  0   0.2%   0.895 UA:6    +
   71    79  2   0.5%   0.092 GC:3    GU:1    +
  106   119  0   0.1%   1.707 UA:6    +
   32    48  0   0.1%   0.592 AU:6    +
  113   119  0   0.1%   1.333 UA:6    +
  130   143  0   0.1%   0.031 AU:6    +
    5    53  0   0.1%   0.903 GC:6    +
   33    47  0   0.1%   0.651 UA:6    +
   33    56  0   0.1%   0.608 UG:6    +
  105   120  1   0.1%   1.157 GU:2    AU:3    +
   40    48  0   0.1%   0.221 AU:6    +
   77    82  0   0.1%   0.481 UA:6    +
   26    35  0   0.1%   0.908 UA:6    +
   26    47  0   0.1%   0.748 UA:6    +
   24    30  1   0.1%   1.138 AU:2    UA:3    +
   25    48  0   0.1%   0.767 AU:6    +
    3   105  1   0.1%   0.738 UG:2    UA:3    +
   32    55  0   0.1%   0.517 AU:6    +
    2   106  0   0.1%   0.409 AU:6    +
   34    50  0   0.1%   0.588 GC:6    +
   13    50  0   0.1%   0.812 GC:6    +
   72    76  1   0.1%   0.023 CG:2    UA:3    +
   13    23  0   0.1%   1.124 GU:6    +
   11    25  0   0.1%   0.810 UA:6    +
   71    81  1   0.1%   0.060 GU:4    AU:1    +
   33    40  0   0.1%   0.533 UA:6    +
   25   106  0   0.1%   0.927 AU:6    +
   46   113  0   0.1%   0.664 AU:6    +
   50    56  0   0.1%   0.358 CG:6    +
   23    47  0   0.1%   0.947 UA:6    +
   55   101  0   0.1%   0.273 UA:6    +
   43   120  1   0.1%   1.269 GU:2    AU:3    +
   49   113  1   0.1%   1.441 GU:1    AU:4    +
    9    22  0   0.1%   0.916 UA:6    +
   27   104  1   0.1%   0.908 UG:4    UA:1    +
   22    48  0   0.1%   0.957 AU:6    +
   25   113  0   0.1%   0.871 AU:6    +
   32   106  0   0.1%   0.752 AU:6    +
  106   151  0   0.1%   0.975 UG:6    +
   14    44  0   0.1%   0.357 AU:6    +
   48    58  0   0.0%   0.407 UA:6    +
   44   119  0   0.0%   1.335 UA:6    +
   56    67  0   0.0%   0.027 GC:6    +
   55    68  0   0.0%   0.067 UA:6    +
   40    80  0   0.0%   0.078 AU:6    +
   42    78  1   0.0%   0.419 GU:2    UG:3    +
    4    46  0   0.0%   0.525 UA:6    +
   58    65  0   0.0%   0.016 AU:6    +
  136   143  0   0.0%   0.167 AU:6    +
    2    48  0   0.0%   0.396 AU:6    +
  101   113  0   0.0%   0.633 AU:6    +
   24   114  2   0.0%   1.304 CG:1    UG:2    AU:1    +
    9    47  0   0.0%   0.858 UA:6    +
  103   117  0   0.0%   1.942 AU:6    +
   38    82  0   0.0%   0.127 UA:6    +
   60    94  1   0.0%   0.012 GC:4    AU:1    +
   53   139  0   0.0%   0.481 CG:6    +
   25    38  0   0.0%   0.680 AU:6    +
    5    19  0   0.0%   0.009 GC:6    +
   54   138  1   0.0%   0.362 UG:1    UA:4    +
  140   147  2   0.0%   0.040 CG:2    GC:1    GU:1    +
  119   143  0   0.0%   0.764 AU:6    +
   51   141  2   0.0%   0.593 CG:2    GU:1    AU:1    +
    4   103  0   0.0%   0.526 UA:6    +
    2   113  0   0.0%   0.407 AU:6    +
  107   112  1   0.0%   1.854 UG:2    AU:3    +
   23   101  0   0.0%   0.905 UA:6    +
   55   137  0   0.0%   0.129 UA:6    +
   34   117  0   0.0%   1.361 GU:6    +
   85    94  1   0.0%   0.032 GC:4    GU:1    +
   26    40  0   0.0%   0.689 UA:6    +
   50   149  0   0.0%   0.578 CG:6    +
   49   150  1   0.0%   1.129 GU:1    AU:4    +
   48   151  0   0.0%   1.384 UG:6    +
   47   152  0   0.0%   0.676 AU:6    +
  139   148  0   0.0%   0.828 GU:6    +
   47    74  0   0.0%   0.098 AU:6    +
   26   101  0   0.0%   0.698 UA:6    +
   44    49  1   0.0%   0.623 UG:1    UA:4    +
    6    44  0   0.0%   0.867 GU:6    +
   59    95  0   0.0%   0.012 GU:6    +
   11    46  0   0.0%   0.485 UA:6    +
   46    74  0   0.0%   0.099 AU:6    +
   22    38  0   0.0%   0.879 AU:6    +
   34   113  0   0.0%   0.939 GU:6    +
   17    23  0   0.0%   0.807 AU:6    +
    3   104  1   0.0%   0.723 UG:4    UA:1    +
  137   143  0   0.0%   0.145 AU:6    +
   27   100  1   0.0%   0.672 UG:1    UA:4    +
    5    38  0   0.0%   0.861 GU:6    +
   26   119  0   0.0%   0.876 UA:6    +
   22   113  0   0.0%   1.057 AU:6    +
   36    45  1   0.0%   0.294 GU:3    AU:2    +
    2    11  0   0.0%   0.005 AU:6    +
   27    43  1   0.0%   0.775 UG:1    UA:4    +
    4    35  0   0.0%   0.514 UA:6    +
   32    38  0   0.0%   0.476 AU:6    +
    5   117  0   0.0%   1.040 GU:6    +
   54   100  1   0.0%   0.168 UG:2    UA:3    +
   41    45  1   0.0%   0.348 GU:4    AU:1    +
   48   119  0   0.0%   2.104 UA:6    +
   35    48  0   0.0%   0.413 AU:6    +
    2    44  0   0.0%   0.387 AU:6    +
   49   118  1   0.0%   2.135 GC:1    AU:4    +
   17    38  0   0.0%   0.393 AU:6    +
   35    87  0   0.0%   0.576 AU:6    +
   38    56  0   0.0%   0.130 UG:6    +
   32   113  0   0.0%   0.690 AU:6    +
    7    28  1   0.0%   1.055 UG:1    AU:4    +
    4    40  0   0.0%   0.517 UA:6    +
   53    59  0   0.0%   0.391 CG:6    +
   36   120  1   0.0%   0.894 GU:4    AU:1    +
   22    44  0   0.0%   0.990 AU:6    +
   29   114  1   0.0%   0.624 CG:3    GU:2    +
    3    36  1   0.0%   0.711 UG:4    UA:1    +
    6   113  0   0.0%   0.979 GU:6    +
    5    50  0   0.0%   0.863 GC:6    +
    2     9  0   0.0%   0.003 AU:6    +
    1    45  1   0.0%   0.318 GU:2    AU:3    +
   47   113  0   0.0%   0.976 AU:6    +
   58    95  0   0.0%   0.013 AU:6    +
    3    43  1   0.0%   0.714 UG:2    UA:3    +
   33   103  0   0.0%   0.602 UA:6    +
   34    89  0   0.0%   0.756 GC:6    +
    9    13  0   0.0%   0.005 UG:6    +
   13    53  0   0.0%   0.848 GC:6    +
    4    25  0   0.0%   0.155 UA:6    +
    9   119  0   0.0%   1.201 UA:6    +
  117   128  0   0.0%   1.093 UG:6    +
  116   129  1   0.0%   0.505 GC:4    UA:1    +
  106   112  3   0.8%   1.839 UG:3    +
   17    44  0   0.0%   0.607 AU:6    +
    4    14  0   0.0%   0.004 UA:6    +
    6    33  0   0.0%   0.930 GU:6    +
   35    55  0   0.0%   0.622 AU:6    +
    3    15  1   0.0%   0.005 UG:3    UA:2    +
   25    44  0   0.0%   0.786 AU:6    +
  114   146  1   0.0%   0.573 GC:3    UA:2    +
   72    85  1   0.0%   0.678 CG:2    UG:3    +
  129   139  1   0.0%   0.008 CG:4    UG:1    +
    2    16  0   0.0%   0.004 AU:6    +
   58    92  0   0.0%   0.011 AU:6    +
   46    55  0   0.0%   0.150 AU:6    +
  126   142  1   0.0%   0.039 AU:1    UA:4    +
   51    61  2   0.0%   0.215 CG:2    AU:1    UA:1    +
  112   155  1   0.0%   0.908 GC:2    UA:3    +
  124   148  0   0.0%   0.007 AU:6    +
  122   150  0   0.0%   0.010 AU:6    +
    4    34  0   0.0%   0.511 UG:6    +
    9    46  0   0.0%   0.849 UA:6    +
  113   122  0   0.0%   0.573 UA:6    +
   27    41  1   0.0%   0.773 UG:4    UA:1    +
   47   143  0   0.0%   0.671 AU:6    +
    5    11  0   0.0%   0.003 GU:6    +
    5   134  0   0.0%   1.157 GC:6    +
    6   133  0   0.0%   1.167 GC:6    +
   11    32  0   0.0%   0.513 UA:6    +
   22   106  0   0.0%   1.113 AU:6    +
   39   108  2   0.0%   0.332 GC:1    GU:1    AU:2    +
   13    44  0   0.0%   0.748 GU:6    +
    5   113  0   0.0%   0.968 GU:6    +
    4    13  0   0.0%   0.002 UG:6    +
   15    24  2   0.0%   1.038 GC:1    GU:1    AU:2    +
   23    40  0   0.0%   0.892 UA:6    +
   24   104  2   0.0%   1.365 CG:1    UG:2    UA:1    +
   34    38  0   0.0%   0.471 GU:6    +
    2    38  0   0.0%   0.384 AU:6    +
    2    55  0   0.0%   0.391 AU:6    +
  138   144  1   0.0%   0.050 GC:1    AU:4    +
   59   134  0   0.0%   0.018 GC:6    +
  139   143  0   0.0%   0.956 GU:6    +
   56   106  0   0.0%   0.933 GU:6    +
   11   119  0   0.0%   0.889 UA:6    +
   45   145  1   0.0%   0.513 UG:3    UA:2    +
   14   117  0   0.0%   0.697 AU:6    +
   23   103  0   0.0%   0.904 UA:6    +
   19    34  0   0.0%   0.672 CG:6    +
    5    33  0   0.0%   0.926 GU:6    +
  112   154  1   0.0%   0.907 GC:2    UA:3    +
   17    48  0   0.0%   0.563 AU:6    +
   35   152  0   0.0%   0.950 AU:6    +
   16    49  1   0.0%   0.688 UG:1    UA:4    +
   44   101  0   0.0%   0.232 UA:6    +
  125   137  0   0.0%   0.022 UA:6    +
   14    48  0   0.0%   0.510 AU:6    +
   31    54  1   0.0%   0.848 GU:2    AU:3    +
   35    95  0   0.0%   0.575 AU:6    +
   36    94  1   0.0%   0.404 GC:4    AU:1    +
  127   148  0   0.0%   0.064 GU:6    +
   58   106  0   0.0%   0.920 AU:6    +
  112   116  1   0.0%   1.386 GU:2    UG:3    +
   21   104  1   0.0%   0.647 CG:3    UA:2    +
   44    56  0   0.0%   0.233 UG:6    +
    9   103  0   0.0%   0.880 UA:6    +
   16    47  0   0.0%   0.664 UA:6    +
   49   117  1   0.0%   2.129 GU:1    AU:4    +
    9    34  0   0.0%   0.843 UG:6    +
  101   106  0   0.0%   1.057 AU:6    +
   10    51  2   0.0%   0.879 GC:2    GU:1    UA:1    +
    1   102  2   0.0%   0.318 GC:1    GU:1    AU:2    +
   30    45  1   0.0%   0.523 AU:4    UA:1    +
   13   117  0   0.0%   1.212 GU:6    +
  113   124  0   0.0%   0.573 UA:6    +
  139   150  0   0.0%   0.829 GU:6    +
   25   117  0   0.0%   0.946 AU:6    +
   59    99  1   0.0%   0.027 GC:3    GU:2    +
   22    26  0   0.0%   1.107 AU:6    +
   23   119  0   0.0%   1.073 UA:6    +
    4    32  0   0.0%   0.531 UA:6    +
   15    27  1   0.0%   0.856 GU:3    AU:2    +
   93    99  1   0.0%   0.044 GC:3    GU:2    +
   34    48  0   0.0%   0.611 GU:6    +
   11   101  0   0.0%   0.541 UA:6    +
  103   148  0   0.0%   0.867 AU:6    +
   26    34  0   0.0%   1.088 UG:6    +
   41   118  1   0.0%   1.856 GC:1    GU:4    +
   45   100  1   0.0%   0.232 UG:2    UA:3    +
   44   122  0   0.0%   0.732 UA:6    +
   33    49  1   0.0%   0.651 UG:1    UA:4    +
  101   150  0   0.0%   0.254 AU:6    +
   40   148  0   0.0%   0.659 AU:6    +
   13    48  0   0.0%   0.816 GU:6    +
   16    40  0   0.0%   0.520 UA:6    +
  128   134  0   0.0%   0.070 GC:6    +
   18    39  2   0.0%   0.798 CG:1    UG:1    UA:2    +
   24    36  2   0.0%   1.177 CG:1    UG:2    UA:1    +
    5    55  0   0.0%   0.961 GU:6    +
    3    39  2   0.0%   0.710 CG:1    UG:1    UA:2    +
   22   117  0   0.0%   1.138 AU:6    +
   47    55  0   0.0%   0.147 AU:6    +
    6    11  0   0.0%   0.003 GU:6    +
   39   120  2   0.0%   1.122 GC:1    GU:1    AU:2    +
   23    34  0   0.0%   0.860 UG:6    +
   34   106  0   0.0%   0.994 GU:6    +
   17   113  0   0.0%   0.885 AU:6    +
   33   101  0   0.0%   0.597 UA:6    +
   11   103  0   0.0%   0.544 UA:6    +
   40    55  0   0.0%   0.122 AU:6    +
   24   116  2   0.0%   1.204 CG:1    UG:2    AU:1    +
   41   102  1   0.0%   0.426 GC:2    GU:3    +
   13   113  0   0.0%   1.129 GU:6    +
   93   129  1   0.0%   0.033 GC:4    AU:1    +
  117   122  0   0.0%   1.092 UA:6    +
   41   123  1   0.0%   0.985 GC:3    GU:2    +
   34    86  0   0.0%   0.754 GC:6    +
   41    99  1   0.0%   0.417 GC:3    GU:2    +
   44   103  0   0.0%   0.236 UA:6    +
  137   148  0   0.0%   0.012 AU:6    +
   27   116  1   0.0%   0.732 UG:4    AU:1    +
   14   113  0   0.0%   0.613 AU:6    +
   95   127  0   0.0%   0.019 UG:6    +
   71    94  1   0.0%   0.067 GC:4    AU:1    +
   72    93  1   0.0%   0.702 CG:2    UG:3    +
   88    99  1   0.0%   0.013 GC:3    GU:2    +
   17    33  0   0.0%   0.473 AU:6    +
   15    45  1   0.0%   0.641 GU:2    AU:3    +
   21   112  2   0.0%   0.610 CG:1    UG:2    AU:1    +
  139   144  1   0.0%   0.858 GC:1    GU:4    +
   14    95  0   0.0%   0.442 AU:6    +
   16    34  0   0.0%   0.517 UG:6    +
   14    26  0   0.0%   0.654 AU:6    +
    4   101  0   0.0%   0.519 UA:6    +
   46   117  0   0.0%   1.077 AU:6    +
   16    46  0   0.0%   0.629 UA:6    +
   34    44  0   0.0%   0.601 GU:6    +
   17    92  0   0.0%   0.494 AU:6    +
   92   130  0   0.0%   0.013 UA:6    +
  137   150  0   0.0%   0.017 AU:6    +
   10   116  2   0.0%   1.084 GU:1    UG:2    AU:1    +
   95   103  0   0.0%   0.783 UA:6    +
   94   104  1   0.0%   0.880 CG:4    UA:1    +
   40    95  0   0.0%   0.071 AU:6    +
    5     9  0   0.0%   0.001 GU:6    +
   50    59  0   0.0%   0.337 CG:6    +
   57   114  2   0.0%   0.553 CG:1    UG:2    UA:1    +
  106   121  0   0.0%   0.962 UG:6    +
   68    80  0   0.0%   0.007 AU:6    +
   58   113  0   0.0%   0.486 AU:6    +
   33    58  0   0.0%   0.591 UA:6    +
   40   106  0   0.0%   0.310 AU:6    +
   98   153  1   0.0%   0.025 CG:1    GC:4    +
   32    92  0   0.0%   0.506 AU:6    +
   23    49  1   0.0%   0.962 UG:1    UA:4    +
   36   129  1   0.0%   0.503 GC:4    AU:1    +
    5   106  0   0.0%   0.969 GU:6    +
   26   103  0   0.0%   0.697 UA:6    +
  127   133  0   0.0%   0.002 GC:6    +
    4    58  0   0.0%   0.518 UA:6    +
   45   142  1   0.0%   0.512 AU:1    UA:4    +
   23    46  0   0.0%   0.898 UA:6    +
   33   124  0   0.0%   1.127 UA:6    +
  113   131  0   0.0%   0.572 UA:6    +
   28    49  1   0.0%   0.531 GU:1    UA:4    +
   38   127  0   0.0%   0.292 UG:6    +
   27   105  1   0.0%   0.906 UG:1    UA:4    +
   31   102  2   0.0%   0.785 GC:1    GU:1    AU:2    +
   17    26  0   0.0%   0.818 AU:6    +
   26    49  1   0.0%   0.754 UG:1    UA:4    +
   49    55  1   0.0%   0.456 GU:1    AU:4    +
   21   121  1   0.0%   0.422 CG:3    UG:2    +
   87   103  0   0.0%   0.767 UA:6    +
    6    38  0   0.0%   0.862 GU:6    +
   26    46  0   0.0%   0.693 UA:6    +
   16   119  0   0.0%   1.015 UA:6    +
   15   111  2   0.0%   0.957 GC:1    GU:2    AU:1    +
    5    16  0   0.0%   0.002 GU:6    +
    2   150  0   0.0%   0.469 AU:6    +
    2   143  0   0.0%   0.469 AU:6    +
    4    47  0   0.0%   0.521 UA:6    +
   35   106  0   0.0%   0.813 AU:6    +
    6    23  0   0.0%   0.811 GU:6    +
    4    17  0   0.0%   0.002 UA:6    +
  143   149  0   0.0%   0.195 UG:6    +
   32   125  0   0.0%   1.058 AU:6    +
   25   143  0   0.0%   0.694 AU:6    +
   16    35  0   0.0%   0.518 UA:6    +
  119   150  0   0.0%   0.765 AU:6    +
    5    99  1   0.0%   0.960 GC:3    GU:2    +
   49   143  1   0.0%   1.124 GU:1    AU:4    +
   14   106  0   0.0%   0.449 AU:6    +
  104   120  1   0.0%   1.304 GU:4    AU:1    +
   40   125  0   0.0%   0.659 AU:6    +
   15   120  1   0.0%   0.762 GU:3    AU:2    +
   50   151  0   0.0%   0.576 CG:6    +
   32    95  0   0.0%   0.506 AU:6    +
    9    35  0   0.0%   0.844 UA:6    +
    4    49  1   0.0%   0.518 UG:1    UA:4    +
    4    56  0   0.0%   0.519 UG:6    +
  129   151  1   0.0%   0.017 CG:4    UG:1    +
  128   152  0   0.0%   0.052 GU:6    +
   49   152  1   0.0%   1.128 GU:1    AU:4    +
   56    89  0   0.0%   0.021 GC:6    +
   58    87  0   0.0%   0.010 AU:6    +
   59    86  0   0.0%   0.005 GC:6    +
    2   152  0   0.0%   0.469 AU:6    +
   11    40  0   0.0%   0.477 UA:6    +
   38   103  0   0.0%   0.131 UA:6    +
  121   152  0   0.0%   0.012 GU:6    +
  113   149  0   0.0%   0.578 UG:6    +
  130   150  0   0.0%   0.056 AU:6    +
   99   121  1   0.0%   0.018 CG:3    UG:2    +
    3    49  1   0.0%   0.716 CG:1    UA:4    +
    5    48  0   0.0%   0.863 GU:6    +
  119   152  0   0.0%   0.765 AU:6    +
   48    56  0   0.0%   0.407 UG:6    +
   38   149  0   0.0%   0.293 UG:6    +
   39   144  2   0.0%   0.732 GC:1    GU:1    AU:2    +
   16   103  0   0.0%   0.627 UA:6    +
   32   143  0   0.0%   1.058 AU:6    +
  113   136  0   0.0%   0.572 UA:6    +
   27   107  1   0.0%   0.897 AU:1    UA:4    +
   38    58  0   0.0%   0.118 UA:6    +
    4   121  0   0.0%   0.699 UG:6    +
   35   148  0   0.0%   0.949 AU:6    +
    5    26  0   0.0%   0.523 GU:6    +
   22   150  0   0.0%   0.886 AU:6    +
   21   151  1   0.0%   0.422 CG:3    UG:2    +
   78    99  2   0.0%   0.067 GC:2    GU:1    UA:1    +
   31   126  1   0.0%   0.960 GU:2    AU:3    +
  143   151  0   0.0%   0.149 UG:6    +
   40   143  0   0.0%   0.659 AU:6    +
  139   152  0   0.0%   0.827 GU:6    +
  141   153  2   0.0%   0.040 GC:2    UG:1    UA:1    +
  106   122  0   0.0%   0.961 UA:6    +
   39    57  2   0.0%   0.108 GC:1    GU:1    AU:2    +
   55   119  0   0.0%   0.847 UA:6    +
   23   149  0   0.0%   0.902 UG:6    +
  121   148  0   0.0%   0.010 GU:6    +
   44   149  0   0.0%   0.732 UG:6    +
   45    60  1   0.0%   0.225 UG:3    UA:2    +
    6    26  0   0.0%   0.522 GU:6    +
   23   122  0   0.0%   0.902 UA:6    +
   16    32  0   0.0%   0.554 UA:6    +
    5    89  0   0.0%   0.960 GC:6    +
    9   130  0   0.0%   1.030 UA:6    +
   14    38  0   0.0%   0.344 AU:6    +
    2    92  0   0.0%   0.391 AU:6    +
    6   106  0   0.0%   0.978 GU:6    +
   68    77  0   0.0%   0.007 AU:6    +
   75   102  2   0.0%   0.825 GC:2    GU:1    AU:1    +
  113   121  0   0.0%   0.573 UG:6    +
  137   152  0   0.0%   0.016 AU:6    +
   74   103  0   0.0%   1.192 UA:6    +
   32   150  0   0.0%   1.058 AU:6    +
   33   149  0   0.0%   1.127 UG:6    +
   18   114  2   0.0%   1.272 CG:1    UG:2    UA:1    +
   25   150  0   0.0%   0.694 AU:6    +
    7    42  1   0.0%   0.701 UG:1    AU:4    +
   33   151  0   0.0%   1.127 UG:6    +
   26   149  0   0.0%   0.702 UG:6    +
   72   105  1   0.0%   1.318 CG:2    UA:3    +
   32   152  0   0.0%   1.058 AU:6    +
    5    23  0   0.0%   0.811 GU:6    +
   85   102  1   0.0%   0.372 GC:3    GU:2    +
   93   102  1   0.0%   0.397 GC:2    GU:3    +
  122   143  0   0.0%   0.005 AU:6    +
   26   124  0   0.0%   0.702 UA:6    +
  121   144  1   0.0%   0.006 GC:1    GU:4    +
    6   152  0   0.0%   1.166 GU:6    +
   38   101  0   0.0%   0.126 UA:6    +
  126   145  1   0.0%   0.040 UG:3    UA:2    +
   50   139  0   0.0%   0.572 CG:6    +
  144   149  1   0.0%   0.097 CG:1    UG:4    +
    9    40  0   0.0%   0.844 UA:6    +
    4   136  0   0.0%   0.700 UA:6    +
    1    54  1   0.0%   0.317 GU:2    AU:3    +
    6    21  1   0.0%   0.639 GC:3    GU:2    +
   65    82  0   0.0%   0.007 UA:6    +
  116   142  2   0.0%   0.503 GC:1    GU:1    UA:2    +
   69    94  1   0.0%   0.025 GC:4    AU:1    +
   54   114  2   0.0%   0.863 CG:1    UG:2    UA:1    +
  113   130  0   0.0%   0.572 UA:6    +
   13    38  0   0.0%   0.745 GU:6    +
  134   149  0   0.0%   0.445 CG:6    +
   13   106  0   0.0%   0.761 GU:6    +
   92   103  0   0.0%   0.777 UA:6    +
  136   148  0   0.0%   0.034 AU:6    +
   40   150  0   0.0%   0.659 AU:6    +
    4   124  0   0.0%   0.699 UA:6    +
   13    26  0   0.0%   1.057 GU:6    +
   81    98  1   0.0%   0.539 GC:1    UG:4    +
    5    51  2   0.3%   0.913 GC:3    GU:1    +
   39   115  2   0.3%   1.040 GC:2    AU:2    +
   28    37  2   0.3%   0.497 GC:2    UG:2    +
   72    78  3   0.4%   0.087 CG:1    UG:2    +
   49   108  2   0.3%   1.831 GC:1    AU:3    +
    3    32  1   0.4%   0.752 UA:5    +
   48   109  2   0.2%   1.640 UG:1    UA:3    +
    7   117  1   0.4%   1.091 AU:5    +
  106   114  2   0.2%   1.509 UG:3    UA:1    +
   39   116  2   0.2%   0.932 CG:2    GU:2    +
   11   109  2   0.2%   0.579 UG:1    UA:3    +
   36   115  2   0.5%   0.887 GU:4    +
   44   114  2   0.2%   1.102 UG:3    UA:1    +
   37    49  3   0.3%   0.173 CG:1    UA:2    +
   45   112  2   0.2%   1.171 UG:3    AU:1    +
   29    34  2   0.5%   0.917 CG:4    +
    7   113  1   0.3%   0.837 AU:5    +
   10    50  3   0.5%   0.937 GC:3    +
   15    21  2   0.1%   0.570 GC:2    AU:2    +
   13    24  2   0.1%   1.355 GC:1    GU:3    +
   30    49  3   0.0%   0.483 UG:1    AU:1    UA:1    +
   44   109  2   0.1%   1.073 UG:1    UA:3    +
   21    43  3   0.0%   0.532 CG:1    UG:1    UA:1    +
   12    23  2   0.1%   0.487 GU:2    AU:2    +
    3    25  1   0.3%   0.351 UA:5    +
   51   112  3   0.0%   1.374 CG:1    UG:1    AU:1    +
   28    35  2   0.4%   0.722 UA:4    +
   37    42  2   0.1%   0.178 CG:2    GU:2    +
  114   118  2   0.1%   1.685 GU:3    AU:1    +
   28   110  2   0.1%   0.706 GC:2    UA:2    +
  104   112  3   0.5%   1.744 GU:3    +
   39    55  2   0.1%   0.162 GU:2    AU:2    +
   45   103  1   0.3%   0.284 UA:5    +
   10   109  3   0.0%   0.863 GC:1    UG:1    UA:1    +
   99   105  3   0.0%   0.658 CG:1    UG:1    UA:1    +
   30    51  3   0.0%   0.436 UG:1    AU:1    UA:1    +
   21   105  3   0.0%   0.648 CG:1    UG:1    UA:1    +
   27    51  3   0.0%   0.689 UG:1    AU:1    UA:1    +
  114   135  3   0.0%   0.572 GU:1    AU:1    UA:1    +
   42   144  3   0.0%   0.938 GC:1    GU:1    UA:1    +
   75    85  3   0.0%   0.465 CG:1    GU:1    UG:1    +
   41    53  1   0.2%   0.814 GC:5    +
   37    43  3   0.2%   0.205 CG:1    UA:2    +
   49    57  2   0.1%   0.420 GU:1    AU:3    +
  109   113  2   0.1%   0.966 GU:1    AU:3    +
  109   148  2   0.0%   0.418 GU:1    AU:3    +
   48   114  2   0.0%   1.610 UG:3    UA:1    +
  109   118  2   0.0%   1.505 GU:1    AU:3    +
   57    66  2   0.0%   0.022 CG:1    UG:3    +
   41    79  2   0.0%   0.423 GC:3    GU:1    +
   49    72  2   0.0%   0.415 GC:1    AU:3    +
   10    26  2   0.0%   1.166 GU:3    AU:1    +
   45    75  2   0.0%   0.235 UG:3    UA:1    +
   15    19  3   0.5%   1.022 GC:3    +
  105   111  3   0.2%   1.331 GU:1    AU:2    +
   52   140  2   0.0%   0.819 GC:2    UG:2    +
  104   111  2   0.0%   1.511 GC:1    GU:3    +
  141   146  2   0.0%   0.046 GC:2    UA:2    +
   31    37  2   0.0%   0.781 GC:2    AU:2    +
  108   116  2   0.0%   1.359 CG:1    UG:3    +
  109   115  2   0.0%   1.080 GU:1    AU:3    +
   41    51  2   0.0%   0.612 GC:3    GU:1    +
   36   111  2   0.0%   0.616 GC:1    GU:3    +
    4    39  2   0.0%   0.516 UG:2    UA:2    +
   52   110  2   0.0%   1.430 GC:2    UA:2    +
   33   114  2   0.0%   0.760 UG:3    UA:1    +
   11   114  2   0.0%   0.871 UG:3    UA:1    +
    6    37  2   0.0%   0.864 GC:2    GU:2    +
   13   111  2   0.0%   1.166 GC:1    GU:3    +
   29    37  2   0.0%   0.475 CG:2    GC:2    +
   40    54  1   0.2%   0.232 AU:5    +
   44   112  3   0.4%   1.505 UG:3    +
   12   113  2   0.0%   0.516 GU:2    AU:2    +
   30    97  2   0.0%   0.416 UG:1    AU:3    +
   16    39  2   0.0%   0.521 UG:2    UA:2    +
   26    39  2   0.0%   0.682 UG:2    UA:2    +
    7   112  2   0.0%   0.786 UG:1    AU:3    +
    5   111  2   0.0%   0.966 GC:1    GU:3    +
   12    38  2   0.0%   0.107 GU:2    AU:2    +
   51   114  2   0.0%   1.094 CG:3    GU:1    +
   38   109  2   0.0%   0.144 UG:1    UA:3    +
    5    37  2   0.0%   0.858 GC:2    GU:2    +
   43    52  2   0.0%   0.741 GU:1    AU:3    +
   33    90  2   0.0%   0.592 UG:1    UA:3    +
   13    37  2   0.0%   0.746 GC:2    GU:2    +
   11    39  2   0.0%   0.478 UG:2    UA:2    +
   35    45  1   0.2%   0.512 AU:5    +
   39   117  2   0.0%   1.446 GU:2    AU:2    +
   39    44  2   0.0%   0.202 GU:2    AU:2    +
   10    33  2   0.0%   0.877 GU:3    AU:1    +
   49   111  2   0.0%   1.619 AU:3    UA:1    +
    3   114  2   0.0%   0.731 UG:3    UA:1    +
    4   114  2   0.0%   0.529 UG:3    UA:1    +
   45    49  2   0.0%   0.624 UG:1    UA:3    +
   33    39  2   0.0%   0.514 UG:2    UA:2    +
    4    12  2   0.0%   0.002 UG:2    UA:2    +
  114   120  2   0.0%   0.986 GU:3    AU:1    +
   34   111  2   0.0%   0.965 GC:1    GU:3    +
   12   118  2   0.0%   0.611 GU:2    AU:2    +
   55   109  2   0.0%   0.517 UG:1    UA:3    +
   10   106  2   0.0%   0.870 GU:3    AU:1    +
   51   116  2   0.0%   1.003 CG:3    GU:1    +
   28   105  2   0.0%   0.704 UG:1    UA:3    +
    4   109  2   0.0%   0.527 UG:1    UA:3    +
    1    37  2   0.0%   0.316 GC:2    AU:2    +
   54   109  2   0.0%   0.749 CG:1    UA:3    +
   42   105  2   0.0%   0.652 UG:1    UA:3    +
  139   147  2   0.0%   0.843 GC:3    GU:1    +
   10    44  2   0.0%   0.795 GU:3    AU:1    +
   34    51  2   0.0%   0.548 GC:3    GU:1    +
    7   111  2   0.0%   0.781 AU:3    UA:1    +
   23   114  2   0.0%   1.056 UG:3    UA:1    +
  111   121  2   0.0%   0.697 CG:1    UG:3    +
   69    79  2   0.0%   0.008 GC:3    GU:1    +
  109   117  2   0.0%   1.492 GU:1    AU:3    +
  104   147  2   0.0%   0.907 GC:3    GU:1    +
   43   123  2   0.0%   0.870 GC:2    AU:2    +
   57   109  2   0.0%   0.439 CG:1    UA:3    +
   24    41  2   0.0%   1.240 CG:1    UG:3    +
    6    51  2   0.0%   0.898 GC:3    GU:1    +
   41   147  2   0.0%   0.985 GC:3    GU:1    +
  128   147  2   0.0%   0.070 GC:3    GU:1    +
  109   150  2   0.0%   0.417 GU:1    AU:3    +
   33   109  2   0.0%   0.617 UG:1    UA:3    +
   61    92  2   0.0%   0.002 GU:2    AU:2    +
   12    44  2   0.0%   0.108 GU:2    AU:2    +
   39    54  2   0.0%   0.238 GU:2    AU:2    +
   26   114  2   0.0%   0.857 UG:3    UA:1    +
   98   102  2   0.0%   0.388 GC:2    GU:2    +
  116   123  2   0.0%   0.504 GC:2    GU:2    +
   12   102  2   0.0%   0.142 GC:2    AU:2    +
   51    98  2   0.0%   0.216 CG:3    GC:1    +
   16   114  2   0.0%   0.997 UG:3    UA:1    +
   63   102  2   0.0%   0.376 GC:1    AU:3    +
   23    39  2   0.0%   0.891 UG:2    UA:2    +
   30    42  2   0.0%   0.522 UG:1    AU:3    +
    3   109  2   0.0%   0.727 UG:1    UA:3    +
   15    94  2   0.0%   0.537 GC:3    AU:1    +
    5    24  2   0.0%   0.788 GC:1    GU:3    +
   39   106  2   0.0%   0.344 GU:2    AU:2    +
   43    97  2   0.0%   0.370 GU:1    AU:3    +
   49    54  2   0.0%   0.555 GU:1    AU:3    +
    9   109  2   0.0%   0.878 UG:1    UA:3    +
   15   115  2   0.0%   0.915 GU:3    AU:1    +
    4    10  2   0.0%   0.002 UG:3    UA:1    +
   51    56  2   0.0%   0.230 CG:3    UG:1    +
  114   148  2   0.0%   0.577 GU:3    AU:1    +
  141   147  2   0.0%   0.058 GC:2    UG:2    +
   51    59  2   0.0%   0.214 CG:3    UG:1    +
    3    12  2   0.0%   0.003 UG:2    UA:2    +
   15    42  2   0.0%   0.435 GU:3    AU:1    +
  109   120  2   0.0%   0.814 GU:1    AU:3    +
   37   128  2   0.0%   0.195 CG:2    UG:2    +
   60   111  2   0.0%   0.659 GC:1    GU:3    +
   79    88  2   0.0%   0.072 CG:3    UG:1    +
   24   121  2   0.0%   1.145 CG:1    UG:3    +
   61   110  2   0.0%   0.634 GC:2    UA:2    +
    6   111  2   0.0%   0.974 GC:1    GU:3    +
   12   115  2   0.0%   0.511 GU:2    AU:2    +
   28   140  2   0.0%   0.477 GC:2    UG:2    +
   62   109  2   0.0%   0.424 UG:1    UA:3    +
   77    90  2   0.0%   0.042 UG:1    UA:3    +
   54    98  2   0.0%   0.162 CG:1    UG:3    +
   61    95  2   0.0%   0.032 GU:2    AU:2    +
   39   126  2   0.0%   0.732 GU:2    AU:2    +
   28    43  2   0.0%   0.576 UG:1    UA:3    +
   13    51  2   0.0%   0.776 GC:3    GU:1    +
   85    99  2   0.0%   0.019 GC:3    GU:1    +
    6    24  2   0.0%   0.787 GC:1    GU:3    +
   10   117  2   0.0%   1.277 GU:3    AU:1    +
   37    56  2   0.0%   0.161 CG:2    UG:2    +
   12   106  2   0.0%   0.145 GU:2    AU:2    +
   98   123  2   0.0%   0.025 GC:2    GU:2    +
   51    71  2   0.0%   0.218 CG:3    UA:1    +
   55    90  2   0.0%   0.060 UG:1    UA:3    +
   36   147  2   0.0%   0.503 GC:3    GU:1    +
  109   152  2   0.0%   0.416 GU:1    AU:3    +
   39   148  2   0.0%   0.732 GU:2    AU:2    +
   23   109  2   0.0%   0.914 UG:1    UA:3    +
   98   108  2   0.0%   0.861 GC:1    GU:3    +
  105   123  2   0.0%   0.744 GC:2    AU:2    +
   30   111  2   0.0%   0.626 AU:3    UA:1    +
   12    26  2   0.0%   0.420 GU:2    AU:2    +
   97   105  2   0.0%   0.667 UG:1    UA:3    +
   39    98  2   0.0%   0.107 CG:2    GC:2    +
   37    59  2   0.0%   0.151 CG:2    UG:2    +
    4    90  2   0.0%   0.518 UG:1    UA:3    +
   27   109  2   0.0%   0.685 UG:1    UA:3    +
   37   151  2   0.0%   0.196 CG:2    UG:2    +
   49   112  2   0.0%   1.761 UG:1    AU:3    +
  141   145  2   0.0%   0.038 UG:2    UA:2    +
   37   121  2   0.0%   0.197 CG:2    UG:2    +
   26   109  2   0.0%   0.710 UG:1    UA:3    +
  114   125  2   0.0%   0.571 GU:3    AU:1    +
   30    52  2   0.0%   0.505 UG:1    AU:3    +
   51    60  2   0.0%   0.214 CG:3    UA:1    +
    5   147  2   0.0%   1.156 GC:3    GU:1    +
   44    61  2   0.0%   0.222 UG:2    UA:2    +
   83    97  2   0.0%   0.335 GU:1    AU:3    +
   16   109  2   0.0%   0.858 UG:1    UA:3    +
  114   132  2   0.0%   0.571 GC:3    AU:1    +
   27    96  2   0.0%   0.666 AU:1    UA:3    +
   51    69  2   0.0%   0.214 CG:3    UA:1    +
   45    90  2   0.0%   0.229 UG:1    UA:3    +
  114   129  2   0.0%   0.571 GC:3    UA:1    +
   24   151  2   0.0%   1.144 CG:1    UG:3    +
   90   113  2   0.0%   0.459 GU:1    AU:3    +
   64    83  2   0.0%   0.002 UG:1    UA:3    +
   10    38  2   0.0%   0.793 GU:3    AU:1    +
   49   144  2   0.0%   1.124 GU:1    AU:3    +
   29    36  2   0.3%   0.557 CG:4    +
   36    50  2   0.3%   0.220 GC:4    +
   45   109  3   0.1%   0.761 UG:1    UA:2    +
  101   115  2   0.3%   0.796 AU:4    +
   42    47  2   0.3%   0.264 UA:4    +
    2   120  1   0.1%   0.485 AU:5    +
   27    34  1   0.1%   1.068 UG:5    +
  108   112  3   0.1%   1.739 CG:1    UG:2    +
  112   120  3   0.1%   1.321 GC:1    GU:2    +
   29   109  3   0.1%   0.491 CG:1    GC:2    +
  112   118  3   0.1%   2.000 GC:2    GU:1    +
   10    49  3   0.1%   0.874 GU:1    UA:2    +
   27    46  1   0.1%   0.688 UA:5    +
   22    27  1   0.1%   1.116 AU:5    +
  135   139  3   0.3%   0.886 UG:3    +
   73    78  3   0.1%   0.062 GU:1    AU:2    +
   12    51  3   0.1%   0.166 GC:2    UG:1    +
   15    20  3   0.3%   1.218 GC:3    +
  131   141  2   0.2%   0.049 AU:4    +
   21    28  3   0.1%   0.631 UG:2    AU:1    +
    8    33  2   0.2%   0.795 AU:4    +
    3   119  1   0.1%   0.792 UA:5    +
   25    45  1   0.1%   0.790 AU:5    +
   32    54  1   0.1%   0.577 AU:5    +
   13    45  1   0.1%   0.761 GU:5    +
   28    45  3   0.1%   0.584 GU:2    UA:1    +
   39   109  3   0.1%   0.139 CG:1    GC:2    +
   38   116  2   0.2%   0.487 UG:4    +
   43   111  3   0.1%   1.441 GU:1    AU:2    +
  102   112  3   0.0%   1.174 CG:1    UG:2    +
   47   102  3   0.3%   0.170 AU:3    +
    3    47  1   0.0%   0.724 UA:5    +
   24   107  3   0.0%   1.370 AU:1    UA:2    +
   39    81  3   0.0%   0.112 GU:1    AU:2    +
  110   147  3   0.0%   0.630 CG:2    AU:1    +
   40    45  1   0.0%   0.270 AU:5    +
   27    35  1   0.0%   0.871 UA:5    +
  107   113  2   0.2%   1.559 AU:4    +
   40   115  2   0.2%   0.988 AU:4    +
   12   108  3   0.0%   0.149 GU:2    AU:1    +
   10   115  3   0.0%   1.192 GC:1    GU:2    +
   34    42  2   0.2%   0.612 GU:4    +
   19    36  2   0.2%   0.708 CG:4    +
    5    45  1   0.0%   0.865 GU:5    +
   86    93  1   0.0%   0.039 CG:5    +
   27    40  1   0.0%   0.669 UA:5    +
  135   144  3   0.0%   0.098 AU:2    UA:1    +
    3   112  3   0.0%   0.734 CG:1    UG:2    +
   20    41  1   0.0%   0.986 CG:5    +
   27    39  3   0.0%   0.662 UG:1    UA:2    +
   27    32  1   0.0%   1.087 UA:5    +
    7    16  1   0.0%   0.006 AU:5    +
   19    41  1   0.0%   0.792 CG:5    +
   71    78  3   0.0%   0.018 GU:1    AU:2    +
   24   100  3   0.0%   1.138 UG:1    UA:2    +
   12    45  3   0.0%   0.112 GU:2    AU:1    +
   25   120  1   0.0%   0.708 AU:5    +
  123   138  3   0.0%   0.008 CG:1    UA:2    +
  101   120  1   0.0%   0.650 AU:5    +
   24    43  3   0.0%   1.242 UG:2    UA:1    +
    3    40  1   0.0%   0.713 UA:5    +
   12    18  3   0.0%   0.603 GU:2    AU:1    +
    3    41  1   0.0%   0.714 UG:5    +
   47   120  1   0.0%   1.066 AU:5    +
   46   102  3   0.3%   0.152 AU:3    +
  126   149  1   0.0%   0.090 UG:5    +
   37    85  3   0.0%   0.153 CG:1    UG:2    +
   35   120  1   0.0%   1.338 AU:5    +
   54    58  1   0.0%   0.162 UA:5    +
   10   112  3   0.0%   0.901 GU:2    UG:1    +
  119   126  1   0.0%   0.757 AU:5    +
   10   118  3   0.0%   1.291 GC:1    GU:2    +
   47    54  1   0.0%   0.246 AU:5    +
   37    41  3   0.0%   0.147 CG:1    UG:2    +
   78    84  3   0.0%   0.372 UG:1    UA:2    +
    2    27  1   0.0%   0.356 AU:5    +
   45    52  3   0.0%   0.601 UG:2    AU:1    +
    3    35  1   0.0%   0.710 UA:5    +
   41   120  1   0.0%   1.376 GU:5    +
    2    54  1   0.0%   0.390 AU:5    +
   15    51  3   0.0%   0.561 GC:2    AU:1    +
   30    37  3   0.0%   0.428 UG:1    AU:2    +
  126   147  3   0.0%   0.041 UG:2    AU:1    +
   43   102  3   0.0%   0.380 GU:2    AU:1    +
   27   119  1   0.0%   0.846 UA:5    +
  126   136  1   0.0%   0.054 UA:5    +
   61   132  3   0.0%   0.017 GC:2    AU:1    +
    3    14  1   0.0%   0.004 UA:5    +
    7    48  1   0.0%   0.705 AU:5    +
   12    54  3   0.0%   0.212 GU:2    AU:1    +
    3   136  1   0.0%   0.783 UA:5    +
   37   105  3   0.0%   0.391 CG:1    UA:2    +
   34    96  3   0.0%   0.755 GC:2    GU:1    +
   32    45  1   0.0%   0.609 AU:5    +
   10   102  3   0.0%   0.866 GC:2    GU:1    +
  114   123  3   0.0%   0.572 GC:1    GU:2    +
   37    93  3   0.0%   0.153 CG:1    UG:2    +
   89    93  1   0.0%   0.034 CG:5    +
    3   101  1   0.0%   0.719 UA:5    +
    7    33  1   0.0%   0.771 AU:5    +
   27    47  1   0.0%   0.718 UA:5    +
   40   120  1   0.0%   1.049 AU:5    +
   45    56  1   0.0%   0.237 UG:5    +
   22   120  1   0.0%   0.897 AU:5    +
   54   112  3   0.0%   1.151 CG:1    UG:2    +
   60    96  3   0.0%   0.027 GC:2    AU:1    +
   96   104  3   0.0%   0.868 CG:2    UA:1    +
   49   141  3   0.0%   1.123 GU:1    AU:2    +
   22    45  1   0.0%   0.981 AU:5    +
   45   121  1   0.0%   0.513 UG:5    +
   18   112  3   0.0%   1.310 CG:2    UG:1    +
    7    26  1   0.0%   0.369 AU:5    +
  103   120  1   0.0%   1.265 AU:5    +
    6    27  1   0.0%   0.518 GU:5    +
   13    27  1   0.0%   1.050 GU:5    +
   69    96  3   0.0%   0.015 GC:2    AU:1    +
   46   120  1   0.0%   0.743 AU:5    +
   21    42  3   0.0%   0.525 UG:2    AU:1    +
   13    96  3   0.0%   0.754 GC:2    GU:1    +
   46    54  1   0.0%   0.247 AU:5    +
    3   103  1   0.0%   0.719 UA:5    +
   27   103  1   0.0%   0.673 UA:5    +
    7    11  1   0.0%   0.003 AU:5    +
   10    99  3   0.0%   0.862 GC:2    GU:1    +
   40   126  1   0.0%   0.659 AU:5    +
   10   154  3   0.0%   1.029 GC:1    UA:2    +
   17    45  1   0.0%   0.599 AU:5    +
    2    45  1   0.0%   0.386 AU:5    +
  112   132  3   0.0%   0.901 GC:2    GU:1    +
   45   101  1   0.0%   0.234 UA:5    +
   27   141  3   0.0%   0.672 UG:2    AU:1    +
  135   145  3   0.0%   0.069 UG:2    UA:1    +
    7    55  1   0.0%   0.780 AU:5    +
   10   155  3   0.0%   1.029 GC:1    UA:2    +
   56    96  3   0.0%   0.021 GC:2    GU:1    +
   63   108  3   0.0%   0.850 GC:1    AU:2    +
   54    68  1   0.0%   0.156 UA:5    +
   24    98  3   0.0%   1.134 CG:1    UG:2    +
   30   112  3   0.0%   0.613 UG:1    AU:2    +
    7    23  1   0.0%   0.656 AU:5    +
   49    61  3   0.0%   0.405 AU:2    UA:1    +
   74    85  1   0.0%   0.432 UG:5    +
   24   112  3   0.0%   1.331 UG:2    AU:1    +
  147   155  3   0.0%   0.044 GC:2    UA:1    +
    7    30  3   0.0%   1.056 AU:2    UA:1    +
   27   101  1   0.0%   0.672 UA:5    +
   37    84  3   0.0%   0.151 CG:1    UA:2    +
  126   137  1   0.0%   0.037 UA:5    +
   21    52  3   0.0%   0.513 UG:2    AU:1    +
    7   106  1   0.0%   0.785 AU:5    +
    7    44  1   0.0%   0.703 AU:5    +
    7    38  1   0.0%   0.702 AU:5    +
   27   121  1   0.0%   0.672 UG:5    +
    3    46  1   0.0%   0.713 UA:5    +
    6    45  1   0.0%   0.865 GU:5    +
   10   129  3   0.0%   1.026 GC:2    AU:1    +
   27    58  1   0.0%   0.665 UA:5    +
    5    27  1   0.0%   0.519 GU:5    +
   70    93  1   0.0%   0.033 CG:5    +
  120   137  1   0.0%   0.418 UA:5    +
  109   123  3   0.0%   0.406 GC:1    AU:2    +
    3   137  1   0.0%   0.783 UA:5    +
   94   105  3   0.0%   0.668 CG:2    UA:1    +
    7    87  1   0.0%   0.779 AU:5    +
   77    85  1   0.0%   0.043 UG:5    +
  107   115  2   0.2%   1.683 AU:4    +
   46   108  2   0.2%   0.871 AU:4    +
  106   116  2   0.2%   1.456 UG:4    +
   20    36  2   0.1%   0.907 CG:4    +
    2    24  3   0.2%   0.620 AU:3    +
  107   118  2   0.1%   2.110 AU:4    +
   74    78  3   0.2%   0.078 UG:3    +
  104   118  2   0.1%   1.995 GU:4    +
    4   116  2   0.1%   0.596 UG:4    +
    6    52  2   0.1%   0.901 GU:4    +
   57   101  2   0.1%   0.214 UA:4    +
   46   111  3   0.2%   0.853 AU:3    +
   52   101  2   0.1%   0.412 UA:4    +
   30   108  2   0.1%   0.649 AU:4    +
   32    57  2   0.1%   0.517 AU:4    +
   36   112  3   0.1%   0.632 GU:3    +
  136   141  2   0.1%   0.052 AU:4    +
  108   114  3   0.1%   1.429 UG:3    +
   35   118  2   0.1%   1.744 AU:4    +
  107   150  2   0.1%   1.025 AU:4    +
  104   153  2   0.1%   0.918 GC:4    +
   35   115  2   0.0%   0.932 AU:4    +
   50    71  2   0.0%   0.348 CG:4    +
   52   104  2   0.0%   1.531 UG:4    +
   32    42  2   0.0%   0.586 AU:4    +
  108   119  2   0.0%   1.606 UA:4    +
    8    48  2   0.0%   0.711 AU:4    +
    9   116  2   0.0%   1.091 UG:4    +
   22    42  2   0.0%   0.989 AU:4    +
   40    52  2   0.0%   0.433 AU:4    +
   40   118  2   0.0%   1.533 AU:4    +
    8   117  2   0.0%   1.128 AU:4    +
   47   115  2   0.0%   0.963 AU:4    +
   28   103  2   0.0%   0.480 UA:4    +
  120   155  2   0.0%   0.805 UA:4    +
  103   118  2   0.0%   1.943 AU:4    +
    8    23  2   0.0%   0.644 AU:4    +
   40   108  2   0.0%   0.304 AU:4    +
  105   112  3   0.1%   1.511 AU:3    +
   28    34  2   0.0%   0.853 UG:4    +
   25    42  2   0.0%   0.787 AU:4    +
   35    42  2   0.0%   0.392 AU:4    +
    7   118  2   0.0%   1.088 AU:4    +
   30   120  2   0.0%   0.441 AU:4    +
  117   155  2   0.0%   1.109 UA:4    +
   59    64  2   0.0%   0.008 GU:4    +
  118   155  2   0.0%   1.127 UA:4    +
   30    38  2   0.0%   0.421 AU:4    +
  107   120  2   0.0%   1.421 AU:4    +
   20   104  2   0.0%   1.106 CG:4    +
  118   154  2   0.0%   1.123 UA:4    +
   53   112  3   0.1%   1.275 CG:3    +
    6    29  2   0.0%   1.212 GC:4    +
  121   141  2   0.0%   0.012 GU:4    +
   29    41  2   0.0%   0.574 CG:4    +
   42    46  2   0.0%   0.236 UA:4    +
  131   144  2   0.0%   0.176 AU:4    +
  107   117  2   0.0%   2.091 AU:4    +
    7   115  2   0.0%   0.820 AU:4    +
   98   117  2   0.0%   1.035 GU:4    +
   18    22  2   0.0%   1.469 UA:4    +
    2   118  2   0.0%   0.525 AU:4    +
   27   155  2   0.0%   0.679 UA:4    +
  103   108  2   0.0%   1.608 AU:4    +
    4   154  2   0.0%   0.704 UA:4    +
   32   115  2   0.0%   0.682 AU:4    +
    8   113  2   0.0%   0.752 AU:4    +
    3   155  2   0.0%   0.787 UA:4    +
  121   140  2   0.0%   0.009 GC:4    +
  137   144  2   0.0%   0.050 AU:4    +
    2    57  2   0.0%   0.393 AU:4    +
   36    86  2   0.0%   0.405 GC:4    +
   36    42  2   0.0%   0.224 GU:4    +
   29   121  2   0.0%   0.469 CG:4    +
   22    28  2   0.0%   1.099 AU:4    +
   30   113  2   0.0%   0.597 AU:4    +
   26    30  2   0.0%   0.839 UA:4    +
   32   118  2   0.0%   1.133 AU:4    +
    6   110  2   0.0%   0.975 GC:4    +
  136   144  2   0.0%   0.070 AU:4    +
    2    42  2   0.0%   0.386 AU:4    +
    3    30  2   0.0%   0.321 UA:4    +
   28    40  2   0.0%   0.473 UA:4    +
    3     8  2   0.0%   0.003 UA:4    +
    4   155  2   0.0%   0.704 UA:4    +
  130   141  2   0.0%   0.009 AU:4    +
   14    52  2   0.0%   0.536 AU:4    +
   52    60  2   0.0%   0.379 UG:4    +
    2   115  2   0.0%   0.406 AU:4    +
   13    29  2   0.0%   1.150 GC:4    +
    3   154  2   0.0%   0.785 UA:4    +
    8    27  2   0.0%   1.047 AU:4    +
   42   119  2   0.0%   1.534 UA:4    +
   36   118  2   0.0%   1.296 GU:4    +
   52   100  2   0.0%   0.384 UA:4    +
  128   140  2   0.0%   0.041 GC:4    +
  137   141  2   0.0%   0.030 AU:4    +
  115   145  2   0.0%   0.680 UG:4    +
    8   120  2   0.0%   0.885 AU:4    +
   23    30  2   0.0%   0.874 UA:4    +
   47    52  2   0.0%   0.467 AU:4    +
  127   141  2   0.0%   0.041 GU:4    +
   28   119  2   0.0%   0.651 UA:4    +
  115   130  2   0.0%   0.679 UA:4    +
   98   115  2   0.0%   0.596 GU:4    +
   29   104  2   0.0%   0.690 CG:4    +
  117   154  2   0.0%   1.103 UA:4    +
    1    28  2   0.0%   0.288 AU:4    +
  127   146  2   0.0%   0.042 GC:4    +
   50   116  2   0.0%   0.990 CG:4    +
   18    40  2   0.0%   0.798 UA:4    +
    2   108  2   0.0%   0.399 AU:4    +
   46   144  2   0.0%   0.349 AU:4    +
  139   146  2   0.0%   0.829 GC:4    +
  140   149  2   0.0%   0.062 CG:4    +
   48   142  2   0.0%   1.379 UA:4    +
   22   115  2   0.0%   1.051 AU:4    +
   46    52  2   0.0%   0.469 AU:4    +
  115   119  2   0.0%   1.432 UA:4    +
  113   154  2   0.0%   0.580 UA:4    +
   60   133  2   0.0%   0.019 GC:4    +
    3   107  2   0.0%   0.727 UA:4    +
   34   153  2   0.0%   1.275 GC:4    +
   14    28  2   0.0%   0.753 AU:4    +
   71    86  2   0.0%   0.049 GC:4    +
   30    55  2   0.0%   0.414 AU:4    +
  115   155  2   0.0%   0.686 UA:4    +
   33   154  2   0.0%   1.133 UA:4    +
    9   107  2   0.0%   0.879 UA:4    +
  134   145  2   0.0%   0.405 CG:4    +
   55   107  2   0.0%   1.067 UA:4    +
   14   108  2   0.0%   0.449 AU:4    +
    5   110  2   0.0%   0.963 GC:4    +
   18    47  2   0.0%   0.940 UA:4    +
   53    98  2   0.0%   0.392 CG:4    +
   30    44  2   0.0%   0.523 AU:4    +
   31    42  2   0.0%   0.870 AU:4    +
   18    35  2   0.0%   0.796 UA:4    +
   57   136  2   0.0%   0.044 UA:4    +
   29    56  2   0.0%   0.457 CG:4    +
   42   103  2   0.0%   0.423 UA:4    +
  115   154  2   0.0%   0.686 UA:4    +
   33   107  2   0.0%   0.823 UA:4    +
   34   110  2   0.0%   0.981 GC:4    +
   62   131  2   0.0%   0.029 UA:4    +
   28    32  2   0.0%   0.877 UA:4    +
  115   122  2   0.0%   0.679 UA:4    +
   33   155  2   0.0%   1.133 UA:4    +
   32   108  2   0.0%   0.735 AU:4    +
  101   108  2   0.0%   1.006 AU:4    +
   26   116  2   0.0%   0.760 UG:4    +
   27   154  2   0.0%   0.675 UA:4    +
   28    46  2   0.0%   0.483 UA:4    +
   42    58  2   0.0%   0.409 UA:4    +
   56   110  2   0.0%   0.662 GC:4    +
    4   107  2   0.0%   0.527 UA:4    +
   94    98  2   0.0%   0.045 CG:4    +
   26   155  2   0.0%   0.705 UA:4    +
   14    42  2   0.0%   0.345 AU:4    +
   25   115  2   0.0%   0.858 AU:4    +
   30    48  2   0.0%   0.489 AU:4    +
   97   103  2   0.0%   0.787 UA:4    +
  110   149  2   0.0%   0.629 CG:4    +
   42   124  2   0.0%   0.938 UA:4    +
   36    52  2   0.0%   0.599 GU:4    +
   41   146  2   0.0%   0.985 GC:4    +
   28   122  2   0.0%   0.477 UA:4    +
   46   115  2   0.0%   0.639 AU:4    +
   32    52  2   0.0%   0.584 AU:4    +
   23   116  2   0.0%   0.961 UG:4    +
   98   120  2   0.0%   0.421 GU:4    +
   44   116  2   0.0%   1.005 UG:4    +
   25   118  2   0.0%   0.958 AU:4    +
   28    36  2   0.0%   0.514 UG:4    +
  116   120  2   0.0%   0.917 GU:4    +
   42   145  2   0.0%   0.938 UG:4    +
  107   152  2   0.0%   1.022 AU:4    +
   58   108  2   0.0%   0.870 AU:4    +
   42   122  2   0.0%   0.938 UA:4    +
   59    97  2   0.0%   0.037 GU:4    +
   67    98  2   0.0%   0.026 CG:4    +
   26   154  2   0.0%   0.704 UA:4    +
  104   115  2   0.0%   1.547 GU:4    +
  146   151  2   0.0%   0.024 CG:4    +
   60    97  2   0.0%   0.039 GU:4    +
   64   101  2   0.0%   0.171 UA:4    +
   26   107  2   0.0%   0.922 UA:4    +
   41    52  2   0.0%   0.772 GU:4    +
   34    52  2   0.0%   0.617 GU:4    +
   68    97  2   0.0%   0.026 AU:4    +
    8   118  2   0.0%   1.137 AU:4    +
   89    98  2   0.0%   0.024 CG:4    +
   44   155  2   0.0%   0.737 UA:4    +
    8   106  2   0.0%   0.715 AU:4    +
   25   108  2   0.0%   0.907 AU:4    +
   62   103  2   0.0%   0.793 UA:4    +
   74    91  2   0.0%   0.430 UA:4    +
   38   107  2   0.0%   0.348 UA:4    +
   53   116  2   0.0%   0.890 CG:4    +
  113   155  2   0.0%   0.579 UA:4    +
   18    32  2   0.0%   0.832 UA:4    +
   28    41  2   0.0%   0.577 UG:4    +
   53    69  2   0.0%   0.389 CG:4    +
    1    42  2   0.0%   0.316 AU:4    +
   28    47  2   0.0%   0.519 UA:4    +
  101   118  2   0.0%   1.322 AU:4    +
    9    30  2   0.0%   1.182 UA:4    +
   42    93  2   0.0%   0.413 UG:4    +
  115   124  2   0.0%   0.678 UA:4    +
   38   155  2   0.0%   0.297 UA:4    +
   11    98  2   0.0%   0.540 UG:4    +
   55    98  2   0.0%   0.062 UG:4    +
   38   154  2   0.0%   0.298 UA:4    +
   42   121  2   0.0%   0.939 UG:4    +
   50    60  2   0.0%   0.338 CG:4    +
    9   155  2   0.0%   1.033 UA:4    +
    2    28  2   0.0%   0.342 AU:4    +
    5    28  2   0.0%   0.505 GU:4    +
    5    52  2   0.0%   0.879 GU:4    +
    5   153  2   0.0%   1.156 GC:4    +
   11   116  2   0.0%   0.776 UG:4    +
   23   155  2   0.0%   0.905 UA:4    +
   11   107  2   0.0%   0.542 UA:4    +
   30   117  2   0.0%   0.674 AU:4    +
   29   139  2   0.0%   0.467 CG:4    +
   18    25  2   0.0%   1.226 UA:4    +
   22   108  2   0.0%   1.102 AU:4    +
   52    58  2   0.0%   0.381 UA:4    +
   23   154  2   0.0%   0.905 UA:4    +
    2    52  2   0.0%   0.389 AU:4    +
   56    97  2   0.0%   0.022 GU:4    +
   28   104  2   0.0%   0.701 UG:4    +
   29    93  2   0.0%   0.455 CG:4    +
   26   142  2   0.0%   0.702 UA:4    +
   86   104  2   0.0%   0.862 CG:4    +
   13    42  2   0.0%   0.746 GU:4    +
   42   101  2   0.0%   0.418 UA:4    +
   23   107  2   0.0%   1.123 UA:4    +
   17   118  2   0.0%   0.980 AU:4    +
    3     7  2   0.0%   0.000 UA:4    +
   35   108  2   0.0%   0.799 AU:4    +
   22   118  2   0.0%   1.150 AU:4    +
   30    92  2   0.0%   0.413 AU:4    +
   33    91  2   0.0%   0.591 UA:4    +
  142   148  2   0.0%   0.012 AU:4    +
   11   154  2   0.0%   0.720 UA:4    +
    4     8  2   0.0%   0.001 UA:4    +
  110   151  2   0.0%   0.629 CG:4    +
   44   154  2   0.0%   0.737 UA:4    +
   86    98  2   0.0%   0.027 CG:4    +
   30   106  2   0.0%   0.648 AU:4    +
  148   154  2   0.0%   0.385 UA:4    +
   25    97  2   0.0%   0.681 AU:4    +
   48   155  2   0.0%   1.385 UA:4    +
  149   153  2   0.0%   0.066 GC:4    +
   29    60  2   0.0%   0.455 CG:4    +
   29    59  2   0.0%   0.455 CG:4    +
  127   153  2   0.0%   0.071 GC:4    +
  110   121  2   0.0%   0.621 CG:4    +
  142   150  2   0.0%   0.015 AU:4    +
   46   141  2   0.0%   0.348 AU:4    +
    7   120  2   0.0%   0.833 AU:4    +
   97   124  2   0.0%   0.022 UA:4    +
   19   116  2   0.0%   0.960 CG:4    +
   47   118  2   0.0%   1.679 AU:4    +
  110   139  2   0.0%   0.622 CG:4    +
   28   121  2   0.0%   0.477 UG:4    +
  140   151  2   0.0%   0.016 CG:4    +
    9   154  2   0.0%   1.033 UA:4    +
   52    69  2   0.0%   0.378 UG:4    +
   33   142  2   0.0%   1.127 UA:4    +
  117   142  2   0.0%   1.092 UA:4    +
   48   154  2   0.0%   1.386 UA:4    +
  106   155  2   0.0%   0.970 UA:4    +
   55   116  2   0.0%   0.539 UG:4    +
   97   119  2   0.0%   0.747 UA:4    +
   50    98  2   0.0%   0.343 CG:4    +
  142   152  2   0.0%   0.013 AU:4    +
  119   141  2   0.0%   0.758 AU:4    +
   44    91  2   0.0%   0.225 UA:4    +
   14   118  2   0.0%   0.709 AU:4    +
    8    44  2   0.0%   0.701 AU:4    +
   98   118  2   0.0%   1.036 GU:4    +
   36   153  2   0.0%   0.504 GC:4    +
  116   143  2   0.0%   0.504 GU:4    +
   16   116  2   0.0%   0.903 UG:4    +
   98   106  2   0.0%   0.912 GU:4    +
   44   142  2   0.0%   0.732 UA:4    +
   17   115  2   0.0%   0.880 AU:4    +
    3    91  2   0.0%   0.718 UA:4    +
   28   100  2   0.0%   0.469 UA:4    +
  141   149  2   0.0%   0.082 UG:4    +
   50    73  2   0.0%   0.344 CG:4    +
   82    97  2   0.0%   0.468 AU:4    +
  119   144  2   0.0%   0.759 AU:4    +
  145   153  2   0.0%   0.025 GC:4    +
   42    56  2   0.0%   0.419 UG:4    +
   20    98  2   0.0%   0.876 CG:4    +
   11   155  2   0.0%   0.721 UA:4    +
    7    45  2   0.0%   0.703 AU:4    +
   40    97  2   0.0%   0.072 AU:4    +
   55   154  2   0.0%   0.130 UA:4    +
   14   115  2   0.0%   0.608 AU:4    +
   53    71  2   0.0%   0.392 CG:4    +
    1    52  2   0.0%   0.317 AU:4    +
   55   155  2   0.0%   0.129 UA:4    +
   52    71  2   0.0%   0.381 UG:4    +
   47    57  2   0.0%   0.097 AU:4    +
  106   154  2   0.0%   0.970 UA:4    +
    6   153  2   0.0%   1.166 GC:4    +
   41   153  2   0.0%   0.986 GC:4    +
   31    52  2   0.0%   0.867 AU:4    +
   42   104  2   0.0%   0.645 UG:4    +
    5    42  2   0.0%   0.858 GU:4    +
   26    98  2   0.0%   0.689 UG:4    +
   42   151  2   0.0%   0.938 UG:4    +
    6   146  2   0.0%   1.166 GC:4    +
   57   103  2   0.0%   0.806 UA:4    +
  141   151  2   0.0%   0.036 UG:4    +
   34   141  2   0.0%   1.274 GU:4    +
   18   101  2   0.0%   0.899 UA:4    +
   73    86  2   0.0%   0.208 GC:4    +
   22    52  2   0.0%   0.973 AU:4    +
   66    81  2   0.0%   0.007 GU:4    +
   53    60  2   0.0%   0.390 CG:4    +
   25    52  2   0.0%   0.774 AU:4    +
   28    58  2   0.0%   0.466 UA:4    +
   95   107  2   0.0%   0.965 UA:4    +
   78    83  3   0.1%   0.372 UA:3    +
   50   112  3   0.1%   1.226 CG:3    +
   24    46  3   0.1%   1.149 UA:3    +
   43   112  3   0.1%   1.559 AU:3    +
   38   112  3   0.1%   0.385 UG:3    +
  111   119  3   0.1%   1.443 UA:3    +
   14    24  3   0.1%   0.951 AU:3    +
   45   114  3   0.1%   0.757 UG:3    +
   26   112  3   0.0%   0.897 UG:3    +
   47   112  3   0.0%   1.310 AU:3    +
  103   111  3   0.0%   1.418 AU:3    +
   22   102  3   0.0%   0.891 AU:3    +
  120   142  3   0.0%   0.424 UA:3    +
  102   119  3   0.0%   1.196 UA:3    +
   24    40  3   0.0%   1.135 UA:3    +
   46   112  3   0.0%   0.986 AU:3    +
   25   102  3   0.0%   0.694 AU:3    +
   24   103  3   0.0%   1.144 UA:3    +
   35   112  3   0.0%   0.775 AU:3    +
   47   111  3   0.0%   1.163 AU:3    +
   21   114  3   0.0%   0.577 CG:3    +
    3    10  3   0.0%   0.005 UG:3    +
   10    19  3   0.0%   0.669 GC:3    +
  103   112  3   0.0%   1.575 AU:3    +
   78    82  3   0.0%   0.497 UA:3    +
  112   119  3   0.0%   1.639 UA:3    +
   23   112  3   0.0%   1.093 UG:3    +
   33   112  3   0.0%   0.794 UG:3    +
   48   112  3   0.0%   2.017 UG:3    +
   30   115  3   0.0%   0.588 AU:3    +
   13   112  3   0.0%   1.149 GU:3    +
  135   143  3   0.0%   0.188 AU:3    +
    9   112  3   0.0%   0.902 UG:3    +
   31   112  3   0.0%   0.973 AU:3    +
   70    78  3   0.0%   0.006 CG:3    +
   14   111  3   0.0%   0.650 AU:3    +
   24    35  3   0.0%   1.347 UA:3    +
   21   116  3   0.0%   0.482 CG:3    +
    4   112  3   0.0%   0.531 UG:3    +
  112   123  3   0.0%   0.901 GC:3    +
  112   117  3   0.0%   1.975 GU:3    +
    4   135  3   0.0%   0.700 UA:3    +
    8   111  3   0.0%   0.711 AU:3    +
    2   112  3   0.0%   0.400 AU:3    +
   10    20  3   0.0%   0.799 GC:3    +
   58   135  3   0.0%   0.032 AU:3    +
   32   111  3   0.0%   0.718 AU:3    +
   10    53  3   0.0%   0.955 GC:3    +
  101   112  3   0.0%   0.965 AU:3    +
   57   107  3   0.0%   0.990 UA:3    +
    2   111  3   0.0%   0.399 AU:3    +
   30   118  3   0.0%   0.687 AU:3    +
    8   108  3   0.0%   0.710 AU:3    +
  111   124  3   0.0%   0.696 UA:3    +
   10   120  3   0.0%   1.038 GU:3    +
  116   144  3   0.0%   0.504 GU:3    +
   53   114  3   0.0%   0.981 CG:3    +
    2   102  3   0.0%   0.392 AU:3    +
    6   112  3   0.0%   0.977 GU:3    +
  111   155  3   0.0%   0.701 UA:3    +
   15    50  3   0.0%   0.590 GC:3    +
   24    32  3   0.0%   1.122 UA:3    +
    1   112  3   0.0%   0.319 AU:3    +
  127   135  3   0.0%   0.069 GU:3    +
    1   111  3   0.0%   0.319 AU:3    +
   45   154  3   0.0%   0.518 UA:3    +
   14   112  3   0.0%   0.633 AU:3    +
   32   102  3   0.0%   0.515 AU:3    +
   45   116  3   0.0%   0.664 UG:3    +
   35   111  3   0.0%   0.782 AU:3    +
   24   119  3   0.0%   1.315 UA:3    +
  131   135  3   0.0%   0.035 AU:3    +
  112   125  3   0.0%   0.900 GU:3    +
   32   112  3   0.0%   0.706 AU:3    +
   22   111  3   0.0%   1.090 AU:3    +
   34   112  3   0.0%   0.953 GU:3    +
   78    86  3   0.0%   0.058 GC:3    +
   10   108  3   0.0%   0.864 GU:3    +
   18    91  3   0.0%   0.898 UA:3    +
   54   107  3   0.0%   1.299 UA:3    +
   78    89  3   0.0%   0.057 GC:3    +
   59   112  3   0.0%   0.813 GU:3    +
    5   112  3   0.0%   0.967 GU:3    +
  130   135  3   0.0%   0.035 AU:3    +
   24   101  3   0.0%   1.138 UA:3    +
  101   111  3   0.0%   0.809 AU:3    +
   44    96  3   0.0%   0.226 UA:3    +
   31   111  3   0.0%   0.984 AU:3    +
   15   112  3   0.0%   0.940 GU:3    +
   30    54  3   0.0%   0.486 AU:3    +
   25   111  3   0.0%   0.895 AU:3    +
   96   117  3   0.0%   1.018 AU:3    +
   40   102  3   0.0%   0.080 AU:3    +
    3   142  3   0.0%   0.783 UA:3    +
   26    96  3   0.0%   0.689 UA:3    +
    8    54  3   0.0%   0.781 AU:3    +
   25   112  3   0.0%   0.879 AU:3    +
  111   154  3   0.0%   0.701 UA:3    +
   55    96  3   0.0%   0.060 UA:3    +
  111   138  3   0.0%   0.698 UA:3    +
   35   102  3   0.0%   0.584 AU:3    +
  112   137  3   0.0%   0.903 UA:3    +
  108   155  3   0.0%   0.872 UA:3    +
   17   102  3   0.0%   0.497 AU:3    +
   45   155  3   0.0%   0.517 UA:3    +
   96   125  3   0.0%   0.011 AU:3    +
    7   108  3   0.0%   0.781 AU:3    +
  107   144  3   0.0%   1.012 AU:3    +
  112   145  3   0.0%   0.901 UG:3    +
   67    78  3   0.0%   0.007 CG:3    +
  126   154  3   0.0%   0.413 UA:3    +
   70    75  3   0.0%   0.003 CG:3    +
  114   144  3   0.0%   0.572 GU:3    +
   96   106  3   0.0%   0.900 AU:3    +
  108   154  3   0.0%   0.873 UA:3    +
  112   148  3   0.0%   0.904 GU:3    +
   54    91  3   0.0%   0.160 UA:3    +
  144   154  3   0.0%   0.420 UA:3    +
   58   102  3   0.0%   0.395 AU:3    +
  100   112  3   0.0%   0.848 AU:3    +
   22   112  3   0.0%   1.072 AU:3    +
   89   114  3   0.0%   0.512 CG:3    +
   54   155  3   0.0%   0.362 UA:3    +
   54   154  3   0.0%   0.362 UA:3    +
   72    91  3   0.0%   0.675 UA:3    +
  112   121  3   0.0%   0.901 UG:3    +
..((((((((..(......)...))))))))((((...((((((...((....(((((((((((((((((..............)))))))))))))))))))...))))))....))))(((((.(((((...........))))).)))))..
