3 sequence; length of alignment 160
alifold output
   67    88  0 100.0%   0.001 CG:1    UA:2   
   73    82  0  99.5%   0.016 GC:2    GU:1   
   74    81  0 100.0%   0.000 CG:3   
   69    86  0 100.0%   0.001 CG:3   
   68    87  0 100.0%   0.001 AU:3   
   75    80  0  99.9%   0.002 CG:3   
  123   141  0  98.7%   0.082 GC:1    AU:2   
  127   136  0  98.6%   0.109 GC:2    GU:1   
   50   107  0  99.6%   0.029 CG:3   
   66    89  0  99.5%   0.014 UA:3   
   65    90  0  99.4%   0.019 GC:3   
   52   105  0  99.3%   0.032 AU:3   
  120   144  0  99.0%   0.087 GC:3   
   51   106  1  99.4%   0.032 UG:2   
   53   104  1  99.1%   0.038 AU:2   
  129   134  0  98.6%   0.131 GC:3   
  121   143  1  99.0%   0.047 GC:2   
  114   152  0  98.4%   0.121 CG:3   
  110   156  0  98.4%   0.159 GC:3   
  111   155  0  98.3%   0.131 AU:3   
  113   153  0  98.3%   0.165 GU:3   
   54   103  0  98.1%   0.058 AU:3   
  122   142  1  98.6%   0.094 UG:2   
  128   135  1  98.5%   0.136 AU:2   
  117   146  0  97.4%   0.191 CG:3   
  118   145  0  96.4%   0.180 GU:1    UA:2   
  115   151  0  96.5%   0.207 UA:3   
    9    18  0  96.3%   0.185 GC:3   
   64    91  0  95.3%   0.150 UA:3   
    8    19  0  95.2%   0.171 AU:3   
  112   154  1  95.2%   0.219 AU:2   
  124   140  0  92.2%   0.370 UG:3   
  116   147  0  92.0%   0.301 GC:3   
   49   108  0  91.7%   0.263 UA:3   
   55   102  0  91.1%   0.437 UA:3   
  126   137  0  90.6%   0.322 UA:3   
   70    85  0  90.0%   0.286 AU:3   
   10    17  1  87.6%   0.435 UA:2   
  109   157  1  72.9%   1.145 AU:2   
    7    20  0  56.6%   1.390 CG:2    UG:1   
    5    21  0  43.9%   1.215 AU:3    +
   60    96  0  39.1%   1.420 CG:3    +
   62    95  0  38.0%   1.773 CG:3   
    6    20  0  37.4%   1.160 CG:3    +
    4    22  1  36.6%   1.332 UA:2    +
   61    95  1  25.0%   1.370 UG:2    +
   57    98  0  22.6%   1.052 AU:3    +
   61    96  1  22.3%   1.743 UG:2   
   56    99  0  21.2%   1.028 GU:3    +
   58    99  0  19.5%   2.101 GU:2    AU:1    +
   59    98  1  20.0%   1.571 AU:2    +
   60    95  0  17.5%   0.928 CG:3    +
   58    97  1  16.1%   0.906 GU:2    +
   46   158  0  14.4%   1.495 CG:3    +
   45   159  0  13.9%   1.399 AU:3    +
   24   158  0  13.3%   1.074 CG:3    +
   58    98  0  12.0%   1.413 GU:2    AU:1    +
   23   159  0  12.8%   1.511 GU:3    +
   63    93  0  12.3%   0.790 UA:3    +
   57    99  0  11.7%   1.459 AU:3    +
   62    96  0   9.4%   1.754 CG:3    +
   63    95  0   9.2%   1.951 UG:3    +
   25   157  0   6.1%   0.814 GU:1    AU:1    UA:1    +
   44   160  1   8.3%   0.758 AU:2    +
  116   150  0   6.4%   0.680 GC:2    GU:1    +
   47   157  0   5.9%   0.869 GU:2    UA:1    +
   72    84  0   5.5%   0.476 UA:3    +
   55   100  1   4.9%   0.464 UA:2    +
    6   158  0   3.5%   0.877 CG:3    +
  126   138  0   3.5%   0.520 UA:3    +
    6    23  0   3.3%   0.855 CG:3    +
   40   159  0   2.3%   0.761 GU:1    AU:2    +
    5   159  0   3.2%   0.765 AU:3    +
   23    41  0   3.0%   0.708 GC:3    +
    2    22  0   2.9%   0.376 UA:3    +
   71    85  0   2.9%   0.454 AU:3    +
    3    21  0   2.9%   0.373 AU:3    +
  124   139  0   2.7%   0.351 UA:3    +
    4     9  0   1.7%   0.204 CG:1    UG:2    +
    4    23  0   1.6%   0.774 CG:1    UG:2    +
   22    42  0   2.6%   0.844 AU:3    +
   20   150  0   1.5%   1.030 GC:2    GU:1    +
   41   158  0   2.5%   0.965 CG:3    +
   21   149  0   1.5%   0.753 UG:1    UA:2    +
   25    37  0   0.4%   0.218 GC:1    UG:1    AU:1    +
   25    39  1   2.3%   0.445 GC:1    UA:1    +
   22   160  1   2.8%   1.031 AU:2    +
    4    20  0   1.3%   0.237 CG:1    UG:2    +
   26    38  0   2.2%   0.359 UA:3    +
   43    47  0   0.1%   0.165 CG:1    GU:1    UG:1    +
   37    47  0   0.0%   0.109 CG:1    GU:1    UG:1    +
   25   160  0   0.0%   0.547 GU:1    AU:1    UA:1    +
   43   106  0   0.0%   0.048 CG:1    GU:1    UG:1    +
   37   106  0   0.0%   0.054 CG:1    GU:1    UG:1    +
   25    61  0   0.0%   0.264 GU:1    UG:1    AU:1    +
    4    25  1   2.0%   0.839 CG:1    UA:1    +
  118   128  0   1.0%   0.150 GC:1    UA:2    +
    3    26  0   1.7%   0.383 AU:3    +
    3    10  0   1.7%   0.207 AU:3    +
    2    11  0   1.7%   0.205 UA:3    +
   39    47  0   0.7%   0.260 CG:2    AU:1    +
    1    23  0   1.7%   0.266 UG:3    +
    4   158  0   0.6%   0.737 CG:1    UG:2    +
   19   151  0   1.5%   0.311 UA:3    +
   18   152  0   1.5%   0.231 CG:3    +
    7   158  0   0.5%   0.559 CG:2    UG:1    +
   23   147  0   1.5%   0.691 GC:3    +
   24   146  0   1.5%   0.200 CG:3    +
    1    12  0   1.4%   0.178 UA:3    +
   40   141  0   0.3%   0.105 GC:1    AU:2    +
   39   142  0   0.3%   0.212 CG:2    AU:1    +
   22    31  0   1.3%   0.678 AU:3    +
   10    16  0   0.2%   0.116 UG:1    UA:2    +
   71    83  0   1.2%   0.163 AU:3    +
  115   149  0   0.2%   0.132 UG:1    UA:2    +
   21    32  0   1.2%   0.641 UA:3    +
   28   157  0   0.2%   0.331 AU:2    UA:1    +
  112   133  0   0.2%   0.084 GU:1    AU:2    +
   20    34  0   0.1%   0.814 GC:2    GU:1    +
   10    40  0   0.1%   0.231 UG:1    UA:2    +
   29    47  0   0.1%   0.083 CG:2    AU:1    +
   17   154  0   0.1%   0.240 CG:1    AU:2    +
   16   155  0   0.1%   0.083 GU:1    AU:2    +
   14   159  0   0.1%   0.171 GU:1    AU:2    +
  110   136  0   0.1%   0.107 GC:2    GU:1    +
   42   112  0   0.1%   0.148 UG:1    UA:2    +
    7    95  0   0.1%   0.339 CG:2    UG:1    +
   48    61  0   0.1%   0.073 CG:1    AU:2    +
   23    34  0   0.1%   0.389 GC:2    GU:1    +
   31    40  0   0.1%   0.130 UG:1    UA:2    +
   10    14  0   0.1%   0.083 UG:1    UA:2    +
   34   158  0   0.1%   0.541 CG:2    UG:1    +
   21    40  0   0.1%   0.547 UG:1    UA:2    +
   33    40  0   0.0%   0.069 UG:1    UA:2    +
  116   148  0   0.0%   0.158 GC:1    GU:2    +
  112   135  0   0.0%   0.072 GU:1    AU:2    +
   40   115  0   0.0%   0.037 GU:1    AU:2    +
  129   136  0   0.0%   0.100 GC:2    GU:1    +
    9   104  0   0.0%   0.136 GC:1    GU:2    +
  150   158  0   0.0%   1.139 CG:2    UG:1    +
   14    21  0   0.0%   0.475 GU:1    AU:2    +
   16    31  0   0.0%   0.028 GU:1    AU:2    +
  149   159  0   0.0%   0.900 GU:1    AU:2    +
   47   160  0   0.0%   0.626 GU:2    UA:1    +
   56    97  0   0.0%   0.037 GC:1    GU:2    +
   30    40  0   0.0%   0.118 UG:1    UA:2    +
   97   113  0   0.0%   0.326 CG:1    UG:2    +
   98   112  0   0.0%   0.932 UG:1    UA:2    +
   19    40  0   0.0%   0.111 UG:1    UA:2    +
   14   155  0   0.0%   0.033 GU:1    AU:2    +
  107   136  0   0.0%   0.034 GC:2    GU:1    +
   26    40  0   0.0%   0.204 UG:1    UA:2    +
  106   160  0   0.0%   0.349 GU:2    UA:1    +
   48   118  0   0.0%   0.061 CG:1    AU:2    +
  141   146  0   0.0%   0.183 CG:1    UG:2    +
   14   153  0   0.0%   0.017 GU:1    AU:2    +
  112   148  0   0.0%   0.089 GC:1    AU:2    +
   16   153  0   0.0%   0.026 GU:1    AU:2    +
   16    94  0   0.0%   0.022 GU:1    AU:2    +
   14    26  0   0.0%   0.079 GU:1    AU:2    +
   14    19  0   0.0%   0.082 GU:1    AU:2    +
   23    97  0   0.0%   0.506 GC:1    GU:2    +
   28   160  0   0.0%   0.208 AU:2    UA:1    +
   40    49  0   0.0%   0.034 GU:1    AU:2    +
    7    23  0   0.0%   0.583 CG:2    UG:1    +
   34    56  0   0.0%   0.046 CG:2    UG:1    +
  113   150  0   0.0%   0.116 GC:2    GU:1    +
   14    33  0   0.0%   0.012 GU:1    AU:2    +
    1    14  0   0.0%   0.061 UG:1    UA:2    +
   15    47  0   0.0%   0.011 CG:2    AU:1    +
  110   150  0   0.0%   0.146 GC:2    GU:1    +
   29   106  0   0.0%   0.046 CG:2    AU:1    +
   95   104  0   0.0%   1.259 GC:1    GU:2    +
  113   141  0   0.0%   0.092 GC:1    GU:2    +
  106   157  0   0.0%   0.425 GU:2    UA:1    +
  104   110  0   0.0%   0.028 CG:1    UG:2    +
    9    34  0   0.0%   0.117 GC:2    GU:1    +
   56   104  0   0.0%   0.376 GC:1    GU:2    +
    1    40  0   0.0%   0.161 UG:1    UA:2    +
   36   118  0   0.0%   0.061 CG:1    AU:2    +
  112   131  0   0.0%   0.019 GU:1    AU:2    +
   14    30  0   0.0%   0.010 GU:1    AU:2    +
   29   142  0   0.0%   0.086 CG:2    AU:1    +
   34   116  0   0.0%   0.037 CG:2    UG:1    +
    2    40  0   0.0%   0.218 UG:1    UA:2    +
   16    33  0   0.0%   0.020 GU:1    AU:2    +
   58    63  0   0.0%   0.009 GU:2    AU:1    +
   47    61  0   0.0%   0.130 GU:2    UG:1    +
   97   116  0   0.0%   0.317 CG:1    UG:2    +
   16   159  0   0.0%   0.201 GU:1    AU:2    +
   16    30  0   0.0%   0.017 GU:1    AU:2    +
   61   128  0   0.0%   0.699 GC:1    UA:2    +
   30   112  0   0.0%   0.121 UG:1    UA:2    +
   14    98  0   0.0%   0.010 GU:1    AU:2    +
  120   141  0   0.0%   0.082 GC:1    GU:2    +
   40   153  0   0.0%   0.109 GU:1    AU:2    +
  116   136  0   0.0%   0.029 GC:2    GU:1    +
   56   136  0   0.0%   0.365 GC:2    GU:1    +
   58    94  0   0.0%   0.014 GU:2    AU:1    +
   39   106  0   0.0%   0.135 CG:2    AU:1    +
   40   105  0   0.0%   0.027 GU:1    AU:2    +
   34   107  0   0.0%   0.039 CG:2    UG:1    +
   96   104  0   0.0%   0.945 GC:1    GU:2    +
   16    98  0   0.0%   0.018 GU:1    AU:2    +
  112   153  0   0.0%   0.089 GU:1    AU:2    +
   16    21  0   0.0%   0.480 GU:1    AU:2    +
  145   154  0   0.0%   0.148 UG:1    AU:2    +
   34   110  0   0.0%   0.042 CG:2    UG:1    +
   14    31  0   0.0%   0.016 GU:1    AU:2    +
   97   107  0   0.0%   0.318 CG:1    UG:2    +
   61   100  0   0.0%   0.854 GU:1    UA:2    +
   16    26  0   0.0%   0.086 GU:1    AU:2    +
   51    58  0   0.0%   0.018 UG:2    UA:1    +
  104   112  0   0.0%   0.019 CG:1    UA:2    +
   14    99  0   0.0%   0.015 GU:1    AU:2    +
   34    95  0   0.0%   0.044 CG:2    UG:1    +
  113   136  0   0.0%   0.070 GC:2    GU:1    +
  145   160  0   0.0%   0.373 AU:2    UA:1    +
  112   155  0   0.0%   0.116 GU:1    AU:2    +
  106   118  0   0.0%   0.010 GU:2    UG:1    +
  118   130  0   0.0%   0.075 GU:1    UA:2    +
   26   112  0   0.0%   0.212 UG:1    UA:2    +
   49    58  0   0.0%   0.023 UG:2    UA:1    +
    1    16  0   0.0%   0.061 UG:1    UA:2    +
    2    14  0   0.0%   0.069 UG:1    UA:2    +
   15   106  0   0.0%   0.013 CG:2    AU:1    +
   14    42  0   0.0%   0.015 GU:1    AU:2    +
  116   141  0   0.0%   0.051 GC:1    GU:2    +
    4   152  0   0.0%   0.640 CG:1    UG:2    +
   16   105  0   0.0%   0.019 GU:1    AU:2    +
   36    61  0   0.0%   0.064 CG:1    AU:2    +
   22   148  1   1.5%   0.845 AU:2    +
  119   127  0   1.0%   0.147 CG:3    +
  117   129  0   1.0%   0.142 CG:3    +
   23    30  0   0.9%   0.480 GU:3    +
  120   126  0   0.8%   0.119 GU:3    +
   64    93  0   0.8%   0.431 UA:3    +
   17   153  1   1.2%   0.291 AU:2    +
   65    92  0   0.6%   0.105 GC:3    +
  119   146  0   0.6%   0.246 CG:3    +
  110   134  0   0.6%   0.141 GC:3    +
    3   159  0   0.6%   0.344 AU:3    +
    9   156  0   0.6%   0.220 GC:3    +
    5    19  0   0.5%   0.086 AU:3    +
  109   135  0   0.5%   0.114 AU:3    +
  113   132  0   0.5%   0.111 GC:3    +
    2    25  1   0.5%   0.282 UG:1    UA:1    +
   20    46  0   0.5%   0.888 GC:3    +
   21    45  0   0.5%   0.613 UA:3    +
   23    27  0   0.5%   0.359 GC:3    +
   22    30  0   0.5%   0.549 AU:3    +
  111   133  0   0.4%   0.108 AU:3    +
   66    91  0   0.4%   0.128 UA:3    +
   30   139  0   0.4%   0.185 UA:3    +
   27   158  0   0.4%   0.613 CG:3    +
    1    25  1   0.4%   0.192 UG:1    UA:1    +
   73    83  0   0.4%   0.121 GU:3    +
   31   138  0   0.4%   0.185 UA:3    +
   55   101  0   0.4%   0.225 UA:3    +
   20    27  0   0.3%   0.810 GC:3    +
   38   159  0   0.3%   0.590 AU:3    +
   41   140  0   0.3%   0.226 CG:3    +
   20    33  0   0.3%   0.832 GU:3    +
   42   139  0   0.3%   0.212 UA:3    +
   36    43  1   0.3%   0.097 CG:1    AU:1    +
   28    37  1   0.3%   0.103 UG:1    AU:1    +
   11   155  0   0.3%   0.119 AU:3    +
   96   143  0   0.2%   0.975 GC:3    +
   95   144  0   0.2%   1.289 GC:3    +
   97   142  1   0.2%   0.391 CG:1    UG:1    +
  105   137  0   0.2%   0.051 UA:3    +
  103   139  0   0.2%   0.099 UA:3    +
   31    35  0   0.2%   0.138 UA:3    +
   43    48  1   0.2%   0.107 GC:1    UA:1    +
  110   119  0   0.2%   0.058 GC:3    +
  110   132  0   0.2%   0.066 GC:3    +
    2    23  0   0.2%   0.270 UG:3    +
  111   131  0   0.2%   0.046 AU:3    +
   30    35  0   0.2%   0.118 UA:3    +
   26    32  0   0.1%   0.164 UA:3    +
  109   133  0   0.1%   0.043 AU:3    +
   27    56  0   0.1%   0.081 CG:3    +
   50    56  0   0.1%   0.040 CG:3    +
   26    57  0   0.1%   0.224 UA:3    +
   49    57  0   0.1%   0.048 UA:3    +
   46   110  0   0.1%   0.067 CG:3    +
   31    52  0   0.1%   0.141 UA:3    +
   25    33  1   0.1%   0.187 GU:1    AU:1    +
   30    53  0   0.1%   0.136 UA:3    +
   56    98  0   0.1%   0.053 GU:3    +
   31    38  0   0.1%   0.205 UA:3    +
    9    41  0   0.1%   0.140 GC:3    +
   18   158  0   0.1%   0.310 CG:3    +
   32    51  0   0.1%   0.103 AU:3    +
   31    44  0   0.1%   0.137 UA:3    +
   37    48  1   0.1%   0.091 GC:1    UA:1    +
   63    91  0   0.1%   0.025 UA:3    +
   19    35  0   0.1%   0.115 UA:3    +
    8    42  0   0.1%   0.069 AU:3    +
   25    31  1   0.1%   0.222 GU:1    AU:1    +
   23    46  0   0.1%   0.535 GC:3    +
  107   135  0   0.1%   0.032 GU:3    +
   30    45  0   0.1%   0.151 UA:3    +
   32    49  0   0.1%   0.094 AU:3    +
   35    42  0   0.1%   0.158 AU:3    +
   23    29  1   0.6%   0.382 GC:2    +
   41   113  0   0.1%   0.163 CG:3    +
    6    96  0   0.1%   0.499 CG:3    +
   23   114  0   0.1%   0.515 GC:3    +
   24   113  0   0.1%   0.024 CG:3    +
   59    99  1   0.6%   1.321 AU:2    +
    3    31  0   0.1%   0.258 AU:3    +
   13   153  0   0.1%   0.020 AU:3    +
   27   110  0   0.1%   0.079 CG:3    +
   21    44  0   0.1%   0.548 UA:3    +
    2    32  0   0.1%   0.228 UA:3    +
   26   111  0   0.1%   0.222 UA:3    +
  111   135  0   0.1%   0.101 AU:3    +
  124   138  0   0.1%   0.049 UA:3    +
    3    99  0   0.1%   0.264 AU:3    +
   26    35  0   0.1%   0.105 UA:3    +
  110   117  0   0.1%   0.033 GC:3    +
   23    60  0   0.1%   0.508 GC:3    +
   22   115  0   0.1%   0.666 AU:3    +
    8   157  1   0.6%   0.157 AU:2    +
  126   139  0   0.1%   0.410 UA:3    +
    8    94  0   0.1%   0.068 AU:3    +
   20    41  0   0.1%   0.821 GC:3    +
    1   101  0   0.1%   0.174 UA:3    +
  113   134  0   0.1%   0.094 GC:3    +
  107   134  0   0.1%   0.020 GC:3    +
   49   109  0   0.1%   0.117 UA:3    +
  127   134  0   0.0%   0.095 GC:3    +
   25    29  1   0.0%   0.170 GC:1    UA:1    +
   51    57  0   0.0%   0.038 UA:3    +
    9    24  0   0.0%   0.122 GC:3    +
   33    38  0   0.0%   0.142 UA:3    +
   10    23  0   0.0%   0.474 UG:3    +
  108   159  0   0.0%   0.909 AU:3    +
   30    38  0   0.0%   0.193 UA:3    +
   56    62  0   0.0%   0.039 GC:3    +
  113   117  0   0.0%   0.027 GC:3    +
    9    92  0   0.0%   0.135 GC:3    +
   37   158  1   0.0%   0.556 CG:1    UG:1    +
  110   114  0   0.0%   0.030 GC:3    +
  109   115  0   0.0%   0.024 AU:3    +
   42    57  0   0.0%   0.143 UA:3    +
   43    56  1   0.0%   0.060 CG:1    UG:1    +
   32   159  0   0.0%   0.519 AU:3    +
    6   107  0   0.0%   0.495 CG:3    +
  116   131  0   0.0%   0.025 GU:3    +
    8   105  0   0.0%   0.066 AU:3    +
   33   158  0   0.0%   0.559 UG:3    +
   44    55  0   0.0%   0.035 AU:3    +
   13   155  0   0.0%   0.034 AU:3    +
  120   143  0   0.0%   0.061 GC:3    +
   20    43  1   0.0%   0.812 GC:1    GU:1    +
  108   133  0   0.0%   0.088 AU:3    +
    3    33  0   0.0%   0.253 AU:3    +
   10    91  0   0.0%   0.224 UA:3    +
   20    62  0   0.0%   0.840 GC:3    +
    2   158  0   0.0%   0.231 UG:3    +
    5    31  0   0.0%   0.402 AU:3    +
   25    30  1   0.0%   0.208 GU:1    AU:1    +
  152   156  0   0.0%   0.131 GC:3    +
   23    31  0   0.0%   0.437 GU:3    +
   19    44  0   0.0%   0.108 UA:3    +
   38    42  0   0.0%   0.219 AU:3    +
  113   131  0   0.0%   0.033 GU:3    +
   12   155  0   0.0%   0.098 AU:3    +
   42   109  0   0.0%   0.136 UA:3    +
    9    46  0   0.0%   0.130 GC:3    +
   21    38  0   0.0%   0.530 UA:3    +
   10    45  0   0.0%   0.222 UA:3    +
   20    24  0   0.0%   0.757 GC:3    +
   31    45  0   0.0%   0.152 UA:3    +
   33    44  0   0.0%   0.063 UA:3    +
   32    42  0   0.0%   0.181 AU:3    +
   12   153  0   0.0%   0.068 AU:3    +
   30    44  0   0.0%   0.115 UA:3    +
    1    22  0   0.0%   0.065 UA:3    +
   41   110  0   0.0%   0.149 CG:3    +
  109   159  0   0.0%   1.102 AU:3    +
   10    32  0   0.0%   0.219 UA:3    +
   11    31  0   0.0%   0.080 AU:3    +
   20    92  0   0.0%   0.843 GC:3    +
   44   159  0   0.0%   0.562 AU:3    +
   19    93  0   0.0%   0.122 UA:3    +
   22    33  0   0.0%   0.579 AU:3    +
    9    33  0   0.0%   0.121 GU:3    +
   12    30  0   0.0%   0.065 AU:3    +
   17    37  1   0.0%   0.121 CG:1    AU:1    +
   33    45  0   0.0%   0.083 UA:3    +
    1   158  0   0.0%   0.169 UG:3    +
   96   114  0   0.0%   0.941 GC:3    +
  107   159  0   0.0%   0.836 GU:3    +
   41   116  0   0.0%   0.153 CG:3    +
   25   159  1   0.0%   0.852 GU:1    AU:1    +
   25    43  1   0.0%   0.264 GU:1    UG:1    +
   19    25  1   0.0%   0.205 UG:1    UA:1    +
   46   113  0   0.0%   0.058 CG:3    +
   95   115  0   0.0%   1.258 GU:3    +
   21    91  0   0.0%   0.566 UA:3    +
  116   132  0   0.0%   0.048 GC:3    +
   99   111  0   0.0%   0.944 UA:3    +
   23    43  1   0.0%   0.491 GC:1    GU:1    +
   25    49  1   0.0%   0.262 GU:1    AU:1    +
   56    92  0   0.0%   0.032 GC:3    +
   23    37  1   0.0%   0.375 GC:1    GU:1    +
   99   140  0   0.0%   0.980 UG:3    +
   23    33  0   0.0%   0.391 GU:3    +
   18    23  0   0.0%   0.303 CG:3    +
    2    35  0   0.0%   0.219 UA:3    +
   55    93  0   0.0%   0.016 UA:3    +
    1    32  0   0.0%   0.161 UA:3    +
   53   103  0   0.0%   0.011 AU:3    +
   11    99  0   0.0%   0.077 AU:3    +
   12    98  0   0.0%   0.064 AU:3    +
   20    31  0   0.0%   0.785 GU:3    +
   12    21  0   0.0%   0.525 AU:3    +
   43   158  1   0.0%   0.661 CG:1    UG:1    +
   12   159  0   0.0%   0.222 AU:3    +
  113   119  0   0.0%   0.031 GC:3    +
    1    13  0   0.0%   0.062 UA:3    +
   57    63  0   0.0%   0.028 AU:3    +
   16   154  1   0.5%   0.117 AU:2    +
  140   147  0   0.0%   0.259 GC:3    +
   19    32  0   0.0%   0.104 UA:3    +
   18    95  0   0.0%   0.046 CG:3    +
   28    43  1   0.0%   0.053 UG:1    AU:1    +
   22   159  0   0.0%   0.876 AU:3    +
  108   135  0   0.0%   0.092 AU:3    +
   13   159  0   0.0%   0.156 AU:3    +
   54    94  0   0.0%   0.008 AU:3    +
   22    26  0   0.0%   0.545 AU:3    +
   26    44  0   0.0%   0.200 UA:3    +
   13    98  0   0.0%   0.005 AU:3    +
   14    97  1   0.0%   0.015 GU:1    AU:1    +
    1    35  0   0.0%   0.161 UA:3    +
  114   146  0   0.0%   0.073 CG:3    +
  113   147  0   0.0%   0.114 GC:3    +
   18    96  0   0.0%   0.046 CG:3    +
   10    38  0   0.0%   0.211 UA:3    +
   26    45  0   0.0%   0.220 UA:3    +
   19    95  0   0.0%   0.127 UG:3    +
   12    99  0   0.0%   0.069 AU:3    +
    2    12  0   0.0%   0.129 UA:3    +
   31   158  0   0.0%   0.635 UG:3    +
    1     5  0   0.0%   0.001 UA:3    +
   21    35  0   0.0%   0.533 UA:3    +
    2    44  0   0.0%   0.219 UA:3    +
   56    64  0   0.0%   0.027 GU:3    +
   19    45  0   0.0%   0.107 UA:3    +
    3    30  0   0.0%   0.242 AU:3    +
   92    96  0   0.0%   0.970 CG:3    +
   20    94  0   0.0%   0.844 GU:3    +
   56    60  0   0.0%   0.028 GC:3    +
   63    96  0   0.0%   1.418 UG:3    +
   21    93  0   0.0%   0.565 UA:3    +
   21    25  1   0.0%   0.593 UG:1    UA:1    +
    1    45  0   0.0%   0.162 UA:3    +
   20    60  0   0.0%   0.835 GC:3    +
   46   120  0   0.0%   0.046 CG:3    +
   24    56  0   0.0%   0.008 CG:3    +
    5    26  0   0.0%   0.463 AU:3    +
   20    37  1   0.0%   0.801 GC:1    GU:1    +
   25    55  1   0.0%   0.261 GU:1    AU:1    +
  103   140  0   0.0%   0.076 UG:3    +
   15    25  1   0.0%   0.135 CG:1    AU:1    +
   44    49  0   0.0%   0.030 AU:3    +
   35   159  0   0.0%   0.471 AU:3    +
   26    54  0   0.0%   0.198 UA:3    +
   19    38  0   0.0%   0.102 UA:3    +
   26   158  0   0.0%   0.675 UG:3    +
   44   115  0   0.0%   0.030 AU:3    +
  105   138  0   0.0%   0.058 UA:3    +
   24    96  0   0.0%   0.015 CG:3    +
   11   159  0   0.0%   0.229 AU:3    +
   94   116  0   0.0%   0.013 UG:3    +
   43   116  1   0.0%   0.051 CG:1    UG:1    +
   25    42  1   0.0%   0.361 GU:1    AU:1    +
   21   116  0   0.0%   0.563 UG:3    +
   30   109  0   0.0%   0.122 UA:3    +
   30   158  0   0.0%   0.631 UG:3    +
   30    54  0   0.0%   0.121 UA:3    +
   21   158  0   0.0%   0.819 UG:3    +
   49   158  0   0.0%   1.000 UG:3    +
   42   158  0   0.0%   0.769 UG:3    +
   20   117  0   0.0%   0.839 GC:3    +
   23    42  0   0.0%   0.588 GU:3    +
   31    53  0   0.0%   0.133 UA:3    +
   13    19  0   0.0%   0.078 AU:3    +
  113   133  0   0.0%   0.095 GU:3    +
   33   137  0   0.0%   0.064 UA:3    +
   33    57  0   0.0%   0.072 UA:3    +
   27   107  0   0.0%   0.066 CG:3    +
   35    55  0   0.0%   0.052 AU:3    +
   37   145  1   0.0%   0.053 GU:1    UA:1    +
   26   108  0   0.0%   0.208 UA:3    +
   53   105  0   0.0%   0.028 AU:3    +
   22    98  0   0.0%   0.655 AU:3    +
    5    10  0   0.0%   0.070 AU:3    +
    2   108  0   0.0%   0.224 UA:3    +
   70    83  0   0.0%   0.001 AU:3    +
  116   144  0   0.0%   0.023 GC:3    +
    2   109  0   0.0%   0.224 UA:3    +
   45    63  0   0.0%   0.039 AU:3    +
    8    30  0   0.0%   0.049 AU:3    +
   23    62  0   0.0%   0.501 GC:3    +
    1    38  0   0.0%   0.161 UA:3    +
    1   109  0   0.0%   0.167 UA:3    +
   12    19  0   0.0%   0.136 AU:3    +
  129   135  0   0.0%   0.119 GU:3    +
   38   115  0   0.0%   0.108 AU:3    +
    9    27  0   0.0%   0.116 GC:3    +
   37   116  1   0.0%   0.053 CG:1    UG:1    +
   22    63  0   0.0%   0.653 AU:3    +
   11    21  0   0.0%   0.532 AU:3    +
   46    96  0   0.0%   0.043 CG:3    +
   41    96  0   0.0%   0.147 CG:3    +
    1    44  0   0.0%   0.161 UA:3    +
   32    55  0   0.0%   0.098 AU:3    +
   31    56  0   0.0%   0.135 UG:3    +
   13    42  0   0.0%   0.009 AU:3    +
    2    13  0   0.0%   0.070 UA:3    +
   33    54  0   0.0%   0.063 UA:3    +
   40    97  1   0.0%   0.031 GU:1    AU:1    +
   45    49  0   0.0%   0.049 AU:3    +
   38    49  0   0.0%   0.112 AU:3    +
   30    57  0   0.0%   0.129 UA:3    +
   35    49  0   0.0%   0.050 AU:3    +
   46    56  0   0.0%   0.048 CG:3    +
   53    98  0   0.0%   0.011 AU:3    +
   27    95  0   0.0%   0.070 CG:3    +
    2     8  0   0.0%   0.001 UA:3    +
   42    95  0   0.0%   0.137 UG:3    +
   52    99  0   0.0%   0.015 AU:3    +
   94   101  0   0.0%   0.031 UA:3    +
   23    50  0   0.0%   0.494 GC:3    +
   10   158  0   0.0%   0.399 UG:3    +
  125   135  0   0.0%   0.044 AU:3    +
   22    51  0   0.0%   0.649 AU:3    +
  114   140  0   0.0%   0.052 CG:3    +
   55    96  0   0.0%   0.021 UG:3    +
   43   100  1   0.0%   0.051 GU:1    UA:1    +
   10    22  0   0.0%   0.675 UA:3    +
   31   109  0   0.0%   0.126 UA:3    +
  107   156  0   0.0%   0.049 GC:3    +
   44    64  0   0.0%   0.022 AU:3    +
  108   155  0   0.0%   0.111 AU:3    +
    3    42  0   0.0%   0.249 AU:3    +
   92   116  0   0.0%   0.042 CG:3    +
   96   103  0   0.0%   0.952 GU:3    +
    2    38  0   0.0%   0.218 UA:3    +
  115   139  0   0.0%   0.080 UA:3    +
   42   101  0   0.0%   0.134 UA:3    +
   21    52  0   0.0%   0.561 UA:3    +
   26    96  0   0.0%   0.214 UG:3    +
  103   138  0   0.0%   0.041 UA:3    +
   64    95  0   0.0%   1.333 UG:3    +
   31   137  0   0.0%   0.126 UA:3    +
   44    99  0   0.0%   0.028 AU:3    +
   25    97  1   0.0%   0.268 GC:1    AU:1    +
   32   103  0   0.0%   0.089 AU:3    +
   57   103  0   0.0%   0.641 AU:3    +
   11    19  0   0.0%   0.145 AU:3    +
  110   144  0   0.0%   0.096 GC:3    +
   99   107  0   0.0%   0.943 UG:3    +
   33   102  0   0.0%   0.063 UA:3    +
   98   108  0   0.0%   1.004 UA:3    +
   23    92  0   0.0%   0.503 GC:3    +
   93   105  0   0.0%   0.316 AU:3    +
   57    94  0   0.0%   0.033 AU:3    +
    6   152  0   0.0%   0.490 CG:3    +
   44    98  0   0.0%   0.023 AU:3    +
   43   113  1   0.0%   0.057 CG:1    UG:1    +
  124   137  0   0.0%   0.014 UA:3    +
   35   105  0   0.0%   0.045 AU:3    +
    1     9  0   0.0%   0.001 UG:3    +
   43   110  1   0.0%   0.052 CG:1    UG:1    +
   31   108  0   0.0%   0.126 UA:3    +
  110   135  0   0.0%   0.112 GU:3    +
   10   102  0   0.0%   0.221 UA:3    +
   42   111  0   0.0%   0.137 UA:3    +
   45    64  0   0.0%   0.038 AU:3    +
   38    99  0   0.0%   0.109 AU:3    +
   92   107  0   0.0%   0.045 CG:3    +
    5   153  0   0.0%   0.399 AU:3    +
  103   111  0   0.0%   0.027 UA:3    +
   13    31  0   0.0%   0.010 AU:3    +
   33   109  0   0.0%   0.064 UA:3    +
   37   100  1   0.0%   0.057 GU:1    UA:1    +
   49   107  0   0.0%   0.026 UG:3    +
   45    98  0   0.0%   0.040 AU:3    +
  105   109  0   0.0%   0.017 UA:3    +
    4    47  1   0.0%   0.640 CG:1    UG:1    +
    1    11  0   0.0%   0.001 UA:3    +
   44   105  0   0.0%   0.025 AU:3    +
   62   107  0   0.0%   0.608 CG:3    +
   93   115  0   0.0%   0.314 AU:3    +
  114   129  0   0.0%   0.010 CG:3    +
   50    96  0   0.0%   0.021 CG:3    +
    1     8  0   0.0%   0.001 UA:3    +
    9   159  0   0.0%   0.301 GU:3    +
   57   133  0   0.0%   0.621 AU:3    +
   56   134  0   0.0%   0.365 GC:3    +
   20    63  0   0.0%   0.836 GU:3    +
    2    45  0   0.0%   0.219 UA:3    +
   51    95  0   0.0%   0.019 UG:3    +
   13    21  0   0.0%   0.465 AU:3    +
  110   153  0   0.0%   0.145 GU:3    +
   35   115  0   0.0%   0.047 AU:3    +
  116   134  0   0.0%   0.048 GC:3    +
    5    30  0   0.0%   0.392 AU:3    +
   93    99  0   0.0%   1.241 AU:3    +
   41   107  0   0.0%   0.142 CG:3    +
   17    43  1   0.0%   0.119 CG:1    AU:1    +
   10    20  0   0.0%   0.950 UG:3    +
   42   138  0   0.0%   0.157 UA:3    +
    8    21  0   0.0%   0.511 AU:3    +
  132   140  0   0.0%   0.156 CG:3    +
  133   139  0   0.0%   0.208 UA:3    +
  111   115  0   0.0%   0.018 AU:3    +
   30   138  0   0.0%   0.121 UA:3    +
   49   102  0   0.0%   0.023 UA:3    +
   96   117  0   0.0%   0.934 GC:3    +
   75    81  0   0.0%   0.001 CG:3    +
    1   108  0   0.0%   0.166 UA:3    +
  127   132  0   0.0%   0.084 GC:3    +
   46   152  0   0.0%   0.109 CG:3    +
   42   108  0   0.0%   0.130 UA:3    +
   52   103  0   0.0%   0.009 AU:3    +
   45   153  0   0.0%   0.101 AU:3    +
   13    30  0   0.0%   0.003 AU:3    +
   98   107  0   0.0%   0.931 UG:3    +
   12    42  0   0.0%   0.069 AU:3    +
  105   158  0   0.0%   0.917 UG:3    +
   94   102  0   0.0%   0.093 UA:3    +
   60   129  0   0.0%   0.678 CG:3    +
   62   127  0   0.0%   0.601 CG:3    +
   41    56  0   0.0%   0.146 CG:3    +
  127   135  0   0.0%   0.093 GU:3    +
   13    99  0   0.0%   0.009 AU:3    +
  126   140  0   0.0%   0.368 UG:3    +
    8    26  0   0.0%   0.119 AU:3    +
   13    33  0   0.0%   0.005 AU:3    +
   49    54  0   0.0%   0.012 UA:3    +
    1   102  0   0.0%   0.166 UA:3    +
    2   101  0   0.0%   0.228 UA:3    +
   10   101  0   0.0%   0.225 UA:3    +
  103   158  0   0.0%   0.927 UG:3    +
   20    30  0   0.0%   0.777 GU:3    +
   46   116  0   0.0%   0.049 CG:3    +
   41   152  0   0.0%   0.231 CG:3    +
  102   159  0   0.0%   0.899 AU:3    +
   99   110  0   0.0%   0.951 UG:3    +
   98   111  0   0.0%   0.929 UA:3    +
   12    31  0   0.0%   0.070 AU:3    +
   46   107  0   0.0%   0.038 CG:3    +
   31   111  0   0.0%   0.131 UA:3    +
  147   152  0   0.0%   0.220 CG:3    +
  122   139  0   0.0%   0.053 UA:3    +
  103   109  0   0.0%   0.027 UA:3    +
   95   114  0   0.0%   1.252 GC:3    +
   93   103  0   0.0%   0.326 AU:3    +
  146   153  0   0.0%   0.207 GU:3    +
    2     9  0   0.0%   0.000 UG:3    +
   42   151  0   0.0%   0.219 UA:3    +
   33   108  0   0.0%   0.064 UA:3    +
   57   135  0   0.0%   0.622 AU:3    +
   25    94  1   0.0%   0.266 GU:1    AU:1    +
   97   112  1   0.0%   0.316 UG:1    UA:1    +
   16    97  1   0.0%   0.023 GU:1    AU:1    +
   24    95  0   0.0%   0.015 CG:3    +
   30    52  0   0.0%   0.112 UA:3    +
   98   140  0   0.0%   0.965 UG:3    +
   55   137  0   0.0%   0.267 UA:3    +
   42   107  0   0.0%   0.132 UG:3    +
   93    98  0   0.0%   1.229 AU:3    +
   60   152  0   0.0%   0.742 CG:3    +
   56   156  0   0.0%   0.394 GC:3    +
   57   155  0   0.0%   0.648 AU:3    +
  134   140  0   0.0%   0.175 CG:3    +
   27   116  0   0.0%   0.069 CG:3    +
   58   154  1   0.0%   0.929 GU:1    AU:1    +
   33   107  0   0.0%   0.065 UG:3    +
   26   109  0   0.0%   0.207 UA:3    +
   26    93  0   0.0%   0.208 UA:3    +
    5    33  0   0.0%   0.395 AU:3    +
    8   159  0   0.0%   0.230 AU:3    +
   20    26  0   0.0%   0.822 GU:3    +
   57    64  0   0.0%   0.027 AU:3    +
   11   103  0   0.0%   0.071 AU:3    +
  129   133  0   0.0%   0.097 GU:3    +
  135   139  0   0.0%   0.216 UA:3    +
  115   137  0   0.0%   0.040 UA:3    +
   11    42  0   0.0%   0.077 AU:3    +
  122   140  0   0.0%   0.042 UG:3    +
   56   103  0   0.0%   0.384 GU:3    +
   52    94  0   0.0%   0.014 AU:3    +
   54    63  0   0.0%   0.002 AU:3    +
   45   115  0   0.0%   0.046 AU:3    +
    9    37  1   0.0%   0.117 GC:1    GU:1    +
   56   119  0   0.0%   0.365 GC:3    +
   31   139  0   0.0%   0.167 UA:3    +
   95   105  0   0.0%   1.256 GU:3    +
   99   108  0   0.0%   1.017 UA:3    +
   10    93  0   0.0%   0.220 UA:3    +
   99   139  0   0.0%   0.976 UA:3    +
   11   153  0   0.0%   0.071 AU:3    +
   33   111  0   0.0%   0.068 UA:3    +
  107   119  0   0.0%   0.009 GC:3    +
   10    44  0   0.0%   0.217 UA:3    +
   95   119  0   0.0%   1.248 GC:3    +
    9   155  0   0.0%   0.132 GU:3    +
    4    40  1   0.0%   0.640 UG:1    UA:1    +
   24   152  0   0.0%   0.140 CG:3    +
   42   113  0   0.0%   0.148 UG:3    +
    5    42  0   0.0%   0.393 AU:3    +
   97   106  1   0.0%   0.319 CG:1    UG:1    +
    2    20  0   0.0%   0.069 UG:3    +
   23   153  0   0.0%   0.630 GU:3    +
   27   140  0   0.0%   0.068 CG:3    +
  147   158  0   0.0%   1.033 CG:3    +
  146   159  0   0.0%   0.945 GU:3    +
   23   156  0   0.0%   0.596 GC:3    +
   95    99  0   0.0%   2.182 GU:3    +
   12    26  0   0.0%   0.132 AU:3    +
   53    64  0   0.0%   0.009 AU:3    +
   30   151  0   0.0%   0.206 UA:3    +
    9   103  0   0.0%   0.130 GU:3    +
   50   110  0   0.0%   0.033 CG:3    +
   49   111  0   0.0%   0.112 UA:3    +
   44   135  0   0.0%   0.022 AU:3    +
  105   111  0   0.0%   0.016 UA:3    +
   98   109  0   0.0%   0.930 UA:3    +
    9    19  0   0.0%   0.188 GU:3    +
  140   144  0   0.0%   0.142 GC:3    +
   49    93  0   0.0%   0.025 UA:3    +
    9    43  1   0.0%   0.125 GC:1    GU:1    +
  103   108  0   0.0%   0.101 UA:3    +
   56    63  0   0.0%   0.026 GU:3    +
   35   135  0   0.0%   0.043 AU:3    +
   30   140  0   0.0%   0.164 UG:3    +
  107   117  0   0.0%   0.008 GC:3    +
   33    52  0   0.0%   0.070 UA:3    +
   44    63  0   0.0%   0.022 AU:3    +
   43    58  1   0.0%   0.048 CG:1    UA:1    +
   51   109  0   0.0%   0.024 UA:3    +
   38   105  0   0.0%   0.105 AU:3    +
   60   158  0   0.0%   1.571 CG:3    +
  103   107  0   0.0%   0.028 UG:3    +
   60   116  0   0.0%   0.683 CG:3    +
   45   135  0   0.0%   0.038 AU:3    +
   74    80  0   0.0%   0.000 CG:3    +
   30   108  0   0.0%   0.121 UA:3    +
   45    51  0   0.0%   0.045 AU:3    +
  110   115  0   0.0%   0.030 GU:3    +
    9    21  0   0.0%   0.575 GU:3    +
   22    99  0   0.0%   0.659 AU:3    +
   35    94  0   0.0%   0.048 AU:3    +
   54    99  0   0.0%   0.008 AU:3    +
    3    94  0   0.0%   0.249 AU:3    +
    8   155  0   0.0%   0.062 AU:3    +
   50    95  0   0.0%   0.021 CG:3    +
    2    95  0   0.0%   0.218 UG:3    +
  114   120  0   0.0%   0.010 CG:3    +
   54    64  0   0.0%   0.001 AU:3    +
   33    96  0   0.0%   0.070 UG:3    +
  113   122  0   0.0%   0.017 GU:3    +
   32   135  0   0.0%   0.089 AU:3    +
  103   113  0   0.0%   0.034 UG:3    +
  117   127  0   0.0%   0.008 CG:3    +
    6    95  0   0.0%   0.482 CG:3    +
   44    51  0   0.0%   0.026 AU:3    +
   95   103  0   0.0%   1.266 GU:3    +
  119   129  0   0.0%   0.102 CG:3    +
    9   147  0   0.0%   0.132 GC:3    +
  119   140  0   0.0%   0.100 CG:3    +
    3    19  0   0.0%   0.069 AU:3    +
  103   110  0   0.0%   0.035 UG:3    +
   10   146  0   0.0%   0.221 UG:3    +
   20   156  0   0.0%   0.931 GC:3    +
   19    23  0   0.0%   0.341 UG:3    +
  113   143  0   0.0%   0.064 GC:3    +
    3    98  0   0.0%   0.249 AU:3    +
    2   107  0   0.0%   0.223 UG:3    +
   43   107  1   0.0%   0.048 CG:1    UG:1    +
   22    49  0   0.0%   0.649 AU:3    +
  109   155  0   0.0%   0.077 AU:3    +
   33   138  0   0.0%   0.083 UA:3    +
  115   120  0   0.0%   0.012 UG:3    +
  107   114  0   0.0%   0.014 GC:3    +
   19   158  0   0.0%   0.375 UG:3    +
  110   155  0   0.0%   0.109 GU:3    +
   49    96  0   0.0%   0.030 UG:3    +
  117   140  0   0.0%   0.095 CG:3    +
   45   103  0   0.0%   0.038 AU:3    +
   31    54  0   0.0%   0.125 UA:3    +
   21   109  0   0.0%   0.563 UA:3    +
   44   122  0   0.0%   0.022 AU:3    +
   49    53  0   0.0%   0.019 UA:3    +
  111   153  0   0.0%   0.118 AU:3    +
   46    95  0   0.0%   0.043 CG:3    +
  129   143  0   0.0%   0.088 GC:3    +
   56    94  0   0.0%   0.033 GU:3    +
    3   153  0   0.0%   0.254 AU:3    +
   23    98  0   0.0%   0.501 GU:3    +
   60   107  0   0.0%   0.685 CG:3    +
    5   122  0   0.0%   0.398 AU:3    +
    4   123  1   0.0%   0.640 UG:1    UA:1    +
   34    47  1   0.4%   0.117 CG:2    +
   29   140  1   0.4%   0.109 CG:2    +
   39   158  1   0.4%   0.717 CG:2    +
   28   141  1   0.4%   0.120 AU:2    +
   27   142  1   0.4%   0.130 CG:2    +
   26    36  1   0.4%   0.147 UA:2    +
   41    47  1   0.3%   0.269 CG:2    +
   33    48  1   0.3%   0.105 UA:2    +
   19    28  1   0.2%   0.132 UA:2    +
  115   130  1   0.2%   0.054 UA:2    +
   19    47  1   0.2%   0.147 UG:2    +
  104   138  1   0.2%   0.073 UA:2    +
   30    36  1   0.2%   0.146 UA:2    +
   12   154  1   0.2%   0.106 AU:2    +
  106   136  1   0.2%   0.049 GC:2    +
   94   145  1   0.2%   0.041 UA:2    +
  111   118  1   0.1%   0.040 AU:2    +
   42    48  1   0.1%   0.177 UA:2    +
   23    39  1   0.1%   0.400 GC:2    +
   28    55  1   0.1%   0.073 AU:2    +
   27    47  1   0.1%   0.088 CG:2    +
    1    28  1   0.1%   0.175 UA:2    +
    5   157  1   0.1%   0.422 AU:2    +
    9    15  1   0.1%   0.089 GC:2    +
   17   159  1   0.1%   0.348 AU:2    +
   57    97  1   0.1%   0.056 AU:2    +
   61    93  1   0.1%   0.034 UA:2    +
  118   146  1   0.1%   0.205 UG:2    +
   15   158  1   0.1%   0.209 CG:2    +
   29   158  1   0.1%   0.565 CG:2    +
   26    48  1   0.1%   0.209 UA:2    +
   47    62  1   0.1%   0.144 GC:2    +
    5    97  1   0.1%   0.409 AU:2    +
    2   100  1   0.1%   0.233 UA:2    +
   40   157  1   0.1%   0.288 AU:2    +
   28   159  1   0.1%   0.523 AU:2    +
  109   118  1   0.1%   0.022 AU:2    +
   16   157  1   0.0%   0.101 AU:2    +
   22    61  1   0.0%   0.660 AU:2    +
   50    58  1   0.0%   0.023 CG:2    +
   31    36  1   0.0%   0.135 UA:2    +
   49    59  1   0.0%   0.030 UA:2    +
  128   133  1   0.0%   0.103 AU:2    +
    2    28  1   0.0%   0.226 UA:2    +
   13   160  1   0.0%   0.026 AU:2    +
   42    47  1   0.0%   0.237 UG:2    +
   16   160  1   0.0%   0.069 AU:2    +
   21    28  1   0.0%   0.501 UA:2    +
   39   116  1   0.0%   0.141 CG:2    +
   41    58  1   0.0%   0.144 CG:2    +
   36    49  1   0.0%   0.073 AU:2    +
    7   106  1   0.0%   0.335 CG:2    +
   36   159  1   0.0%   0.494 AU:2    +
   20    29  1   0.0%   0.777 GC:2    +
   36    42  1   0.0%   0.156 AU:2    +
   11   154  1   0.0%   0.078 AU:2    +
    4    32  1   0.0%   0.650 UA:2    +
   28    33  1   0.0%   0.067 AU:2    +
   57    61  1   0.0%   0.039 AU:2    +
   17    30  1   0.0%   0.124 AU:2    +
   15    20  1   0.0%   0.759 CG:2    +
  151   157  1   0.0%   0.738 AU:2    +
   13   154  1   0.0%   0.029 AU:2    +
  112   118  1   0.0%   0.027 AU:2    +
   14   154  1   0.0%   0.031 AU:2    +
   20    39  1   0.0%   0.805 GC:2    +
   24    47  1   0.0%   0.026 CG:2    +
    3   160  1   0.0%   0.289 AU:2    +
  108   157  1   0.0%   0.490 AU:2    +
   31    47  1   0.0%   0.152 UG:2    +
   35   157  1   0.0%   0.273 AU:2    +
   48   159  1   0.0%   0.876 AU:2    +
   30    48  1   0.0%   0.121 UA:2    +
   35   160  1   0.0%   0.161 AU:2    +
  130   135  1   0.0%   0.077 AU:2    +
    5   160  1   0.0%   0.521 AU:2    +
   48   157  1   0.0%   0.463 AU:2    +
   13   157  1   0.0%   0.052 AU:2    +
   26   145  1   0.0%   0.214 UA:2    +
    1    36  1   0.0%   0.162 UA:2    +
    3   157  1   0.0%   0.256 AU:2    +
   10   100  1   0.0%   0.227 UA:2    +
   38   157  1   0.0%   0.333 AU:2    +
   47   119  1   0.0%   0.134 GC:2    +
   58    62  1   0.0%   0.019 GC:2    +
   15    95  1   0.0%   0.017 CG:2    +
   14   157  1   0.0%   0.052 AU:2    +
   31    48  1   0.0%   0.125 UA:2    +
   13    97  1   0.0%   0.008 AU:2    +
  139   148  1   0.0%   0.223 AU:2    +
   38   160  1   0.0%   0.239 AU:2    +
   28    42  1   0.0%   0.150 AU:2    +
  108   160  1   0.0%   0.415 AU:2    +
   23   160  1   0.0%   0.942 GU:2    +
    9    39  1   0.0%   0.119 GC:2    +
   15    96  1   0.0%   0.018 CG:2    +
  115   145  1   0.0%   0.040 UA:2    +
   21    36  1   0.0%   0.526 UA:2    +
  101   141  1   0.0%   0.067 AU:2    +
  106   135  1   0.0%   0.011 GU:2    +
   18    47  1   0.0%   0.040 CG:2    +
  118   149  1   0.0%   0.182 UA:2    +
   24    58  1   0.0%   0.008 CG:2    +
   36   160  1   0.0%   0.178 AU:2    +
   47    60  1   0.0%   0.132 GC:2    +
  102   141  1   0.0%   0.128 AU:2    +
   21    59  1   0.0%   0.562 UA:2    +
  104   139  1   0.0%   0.080 UA:2    +
   11   160  1   0.0%   0.093 AU:2    +
   45   160  1   0.0%   0.635 AU:2    +
   54   104  1   0.0%   0.033 AU:2    +
   32   160  1   0.0%   0.205 AU:2    +
   30    47  1   0.0%   0.144 UG:2    +
   47   136  1   0.0%   0.134 GC:2    +
   40   160  1   0.0%   0.254 AU:2    +
  100   141  1   0.0%   0.196 AU:2    +
   59    94  1   0.0%   0.011 AU:2    +
    6    47  1   0.0%   0.483 CG:2    +
   12   160  1   0.0%   0.084 AU:2    +
   44   157  1   0.0%   0.256 AU:2    +
   47   159  1   0.0%   1.112 GU:2    +
  107   160  1   0.0%   0.345 GU:2    +
    4    11  1   0.0%   0.137 UA:2    +
   33    47  1   0.0%   0.080 UG:2    +
    7    47  1   0.0%   0.324 CG:2    +
   52   104  1   0.0%   0.012 AU:2    +
  109   160  1   0.0%   0.608 AU:2    +
    9    29  1   0.0%   0.116 GC:2    +
   21    48  1   0.0%   0.561 UA:2    +
   47   134  1   0.0%   0.133 GC:2    +
   15    23  1   0.0%   0.273 CG:2    +
   91    97  1   0.0%   0.389 AU:2    +
   50   106  1   0.0%   0.016 CG:2    +
   21    47  1   0.0%   0.576 UG:2    +
   32   157  1   0.0%   0.316 AU:2    +
   10    28  1   0.0%   0.219 UA:2    +
   26    47  1   0.0%   0.209 UG:2    +
   11   157  1   0.0%   0.126 AU:2    +
   54    97  1   0.0%   0.009 AU:2    +
   48   160  1   0.0%   0.385 AU:2    +
   45    97  1   0.0%   0.045 AU:2    +
   22   157  1   0.0%   0.763 AU:2    +
   12   157  1   0.0%   0.117 AU:2    +
   51   100  1   0.0%   0.017 UA:2    +
  104   137  1   0.0%   0.013 UA:2    +
  109   154  1   0.0%   0.103 AU:2    +
   58    92  1   0.0%   0.013 GC:2    +
   48   133  1   0.0%   0.060 AU:2    +
    2    47  1   0.0%   0.219 UG:2    +
   29   110  1   0.0%   0.049 CG:2    +
   17    94  1   0.0%   0.124 AU:2    +
   17    31  1   0.0%   0.129 AU:2    +
   92   106  1   0.0%   0.046 CG:2    +
    1    48  1   0.0%   0.162 UA:2    +
  106   159  1   0.0%   0.836 GU:2    +
   19    48  1   0.0%   0.118 UA:2    +
   19    36  1   0.0%   0.101 UA:2    +
   28    94  1   0.0%   0.062 AU:2    +
   34   106  1   0.0%   0.039 CG:2    +
   48   135  1   0.0%   0.060 AU:2    +
    2    36  1   0.0%   0.218 UA:2    +
   97   102  1   0.0%   0.396 UA:2    +
    2    48  1   0.0%   0.219 UA:2    +
   46    58  1   0.0%   0.038 CG:2    +
   36   104  1   0.0%   0.063 AU:2    +
   58   132  1   0.0%   0.876 GC:2    +
   63   106  1   0.0%   0.495 UG:2    +
   47    55  1   0.0%   0.138 GU:2    +
   45   157  1   0.0%   0.272 AU:2    +
   59   131  1   0.0%   0.356 AU:2    +
   36   157  1   0.0%   0.289 AU:2    +
   67    89  1   0.0%   0.005 UA:2    +
   61   108  1   0.0%   0.780 UA:2    +
    4   108  1   0.0%   0.641 UA:2    +
   48   103  1   0.0%   0.059 AU:2    +
   99   106  1   0.0%   0.945 UG:2    +
   17    33  1   0.0%   0.122 AU:2    +
  121   126  1   0.0%   0.040 GU:2    +
    4    44  1   0.0%   0.641 UA:2    +
   45   104  1   0.0%   0.041 AU:2    +
   17    49  1   0.0%   0.119 AU:2    +
  125   141  1   0.0%   0.056 AU:2    +
   98   142  1   0.0%   0.977 UG:2    +
   29   113  1   0.0%   0.049 CG:2    +
    4    38  1   0.0%   0.640 UA:2    +
   17    42  1   0.0%   0.127 AU:2    +
  119   142  1   0.0%   0.111 CG:2    +
   58   134  1   0.0%   0.877 GC:2    +
   42   106  1   0.0%   0.132 UG:2    +
   97   109  1   0.0%   0.317 UA:2    +
   15   152  1   0.0%   0.011 CG:2    +
    4   109  1   0.0%   0.641 UA:2    +
   44   154  1   0.0%   0.075 AU:2    +
   59   153  1   0.0%   0.419 AU:2    +
   48    55  1   0.0%   0.065 AU:2    +
    1    47  1   0.0%   0.162 UG:2    +
    8   160  1   0.0%   0.093 AU:2    +
    4    45  1   0.0%   0.640 UA:2    +
   59   133  1   0.0%   0.356 AU:2    +
    4    35  1   0.0%   0.641 UA:2    +
  104   108  1   0.0%   0.093 UA:2    +
   45    61  1   0.0%   0.042 AU:2    +
   28   115  1   0.0%   0.061 AU:2    +
   47   115  1   0.0%   0.140 GU:2    +
   48    94  1   0.0%   0.064 AU:2    +
   61   151  1   0.0%   0.763 UA:2    +
   33   145  1   0.0%   0.064 UA:2    +
   97   108  1   0.0%   0.391 UA:2    +
  100   105  1   0.0%   0.164 AU:2    +
   57   118  1   0.0%   0.622 AU:2    +
   58   117  1   0.0%   0.876 GC:2    +
  115   128  1   0.0%   0.012 UA:2    +
    9   160  1   0.0%   0.164 GU:2    +
   10    36  1   0.0%   0.210 UA:2    +
   47   104  1   0.0%   0.134 GU:2    +
   94   100  1   0.0%   0.161 UA:2    +
    4     8  1   0.0%   0.000 UA:2    +
   39   113  1   0.0%   0.138 CG:2    +
   61   101  1   0.0%   0.723 UA:2    +
   98   106  1   0.0%   0.932 UG:2    +
   27    58  1   0.0%   0.063 CG:2    +
   29   152  1   0.0%   0.129 CG:2    +
   28    49  1   0.0%   0.048 AU:2    +
   17    26  1   0.0%   0.187 AU:2    +
   23   157  1   0.0%   0.610 GU:2    +
   26    59  1   0.0%   0.207 UA:2    +
    4    13  1   0.0%   0.069 UA:2    +
   95   118  1   0.0%   1.248 GU:2    +
  111   154  1   0.0%   0.107 AU:2    +
   14   160  1   0.0%   0.024 AU:2    +
   38    61  1   0.0%   0.106 AU:2    +
  101   160  1   0.0%   0.348 AU:2    +
   21   100  1   0.0%   0.568 UA:2    +
   97   101  1   0.0%   0.334 UA:2    +
   47   156  1   0.0%   0.162 GC:2    +
  114   121  1   0.0%   0.009 CG:2    +
  108   118  1   0.0%   0.082 AU:2    +
   99   142  1   0.0%   0.991 UG:2    +
   28   153  1   0.0%   0.140 AU:2    +
   61    91  1   0.0%   0.014 UA:2    +
   59   159  1   0.0%   1.169 AU:2    +
   47   132  1   0.0%   0.132 GC:2    +
   17    21  1   0.0%   0.581 AU:2    +
  117   142  1   0.0%   0.106 CG:2    +
   38   118  1   0.0%   0.103 AU:2    +
   36    63  1   0.0%   0.061 AU:2    +
   59    63  1   0.0%   0.005 AU:2    +
   56    61  1   0.0%   0.031 GU:2    +
  110   157  1   0.0%   0.732 GU:2    +
   22    97  1   0.0%   0.659 AU:2    +
    4    93  1   0.0%   0.640 UA:2    +
   39    96  1   0.0%   0.139 CG:2    +
  110   154  1   0.0%   0.135 GU:2    +
    9   154  1   0.0%   0.132 GU:2    +
  114   142  1   0.0%   0.063 CG:2    +
    8   148  1   0.0%   0.062 AU:2    +
   17   155  1   0.0%   0.207 AU:2    +
   40   118  1   0.0%   0.027 AU:2    +
   17   160  1   0.0%   0.197 AU:2    +
   30   145  1   0.0%   0.143 UA:2    +
   38    97  1   0.0%   0.109 AU:2    +
  124   142  1   0.0%   0.244 UG:2    +
   20   160  1   0.0%   0.911 GU:2    +
    4    12  1   0.0%   0.128 UA:2    +
   46   106  1   0.0%   0.038 CG:2    +
   44   104  1   0.0%   0.024 AU:2    +
   42    59  1   0.0%   0.129 UA:2    +
   35   118  1   0.0%   0.043 AU:2    +
  113   154  1   0.0%   0.168 GU:2    +
   17    98  1   0.0%   0.121 AU:2    +
  106   115  1   0.0%   0.018 GU:2    +
   47   135  1   0.0%   0.133 GU:2    +
  113   118  1   0.0%   0.033 GU:2    +
   94   106  1   0.0%   0.016 UG:2    +
   31   100  1   0.0%   0.131 UA:2    +
   47   114  1   0.0%   0.137 GC:2    +
   48   131  1   0.0%   0.059 AU:2    +
   22   154  1   0.0%   0.772 AU:2    +
   48   105  1   0.0%   0.061 AU:2    +
    6   121  1   0.0%   0.490 CG:2    +
   48    98  1   0.0%   0.060 AU:2    +
......((((......))))............................(((((((.....((.(((((((..(((....)))..)))))))...)).....)))))))((((((((((.(((((.((((....))))..))))))))...)))))))...
