2 sequence; length of alignment 160
alifold output
   72    87  0  99.7%   0.008 UG:1    UA:1   
   71    88  0 100.0%   0.000 GC:2   
   70    89  0 100.0%   0.001 UA:2   
   69    90  0  99.9%   0.003 CG:2   
   73    86  0  98.4%   0.048 CG:1    UG:1   
   56   101  0  98.6%   0.055 GC:2   
   57   100  0  98.6%   0.058 AU:2   
   62    95  0  97.9%   0.080 CG:2   
   55   102  0  97.9%   0.087 UA:2   
   50   108  0  97.4%   0.136 GC:2   
   53   105  0  97.0%   0.124 GC:2   
   61    96  1  97.3%   0.102 UA:1   
   52   106  0  96.1%   0.163 UA:2   
   49   109  0  96.0%   0.153 AU:2   
   60    97  0  94.5%   0.174 GC:1    GU:1   
   58    99  0  93.6%   0.208 UA:2   
   12    31  0  87.8%   0.755 CG:2   
   14    29  0  87.7%   0.754 CG:2   
   13    30  0  87.7%   0.910 UA:2   
   17    26  0  87.6%   0.864 CG:2   
   16    27  0  87.6%   0.832 UA:2   
   15    28  1  87.5%   0.702 UA:1   
   11    32  1  86.0%   0.647 GC:1   
   77    83  0  83.7%   0.672 CG:2   
  126   142  0  80.3%   0.599 CG:1    UA:1   
  130   138  0  80.3%   0.530 GC:2   
  128   140  0  80.3%   0.556 GC:2   
  131   137  0  80.3%   0.529 GC:2   
  129   139  0  80.3%   0.537 AU:2   
  127   141  0  80.3%   0.601 UA:2   
   74    85  0  78.9%   0.562 GC:1    GU:1   
   46   111  0  76.1%   0.662 GC:1    GU:1   
   45   112  0  75.8%   0.728 GC:1    GU:1   
   76    84  0  75.1%   1.216 UA:2   
  125   143  0  74.5%   0.732 GU:2   
   68    91  0  72.4%   1.096 AU:2   
  120   148  0  72.0%   1.231 CG:2   
  119   149  1  71.0%   1.220 UA:1   
  132   136  0  70.4%   0.741 UA:2   
   44   113  0  68.5%   0.876 UA:2   
  118   150  0  57.9%   1.529 AU:2   
   48   110  0  56.6%   1.397 UA:2    +
   65    92  0  53.8%   1.016 CG:2    +
  116   152  0  51.2%   2.076 CG:2   
    6    35  0  50.7%   1.033 CG:2    +
    5    36  0  50.7%   1.034 UA:2    +
    4    37  0  50.6%   1.034 UA:2    +
    3    38  0  50.5%   1.036 CG:2    +
   10    33  1  50.5%   1.699 UA:1   
  115   153  0  50.0%   1.810 UA:2   
    6    38  0  49.2%   1.737 CG:2   
    5    39  0  49.2%   1.392 UA:2   
    4    40  0  49.1%   1.393 UA:2   
    3    41  0  48.3%   1.433 CG:2   
    7    34  0  47.3%   1.134 UA:2    +
   47   110  0  38.8%   1.170 UA:2   
  123   145  0  38.7%   1.191 UA:2   
    9    34  1  38.2%   1.713 UA:1   
    7    37  0  37.0%   2.123 UA:2   
  114   154  1  30.0%   1.530 UA:1   
   66    91  0  23.2%   1.025 AU:2    +
   75    84  1  23.3%   1.021 UA:1    +
    8    33  1  22.9%   1.341 GU:1    +
   41   116  0  22.1%   1.394 GC:2    +
   42   115  0  21.8%   1.022 AU:2    +
  130   156  0  19.6%   1.258 GC:1    GU:1    +
   75    85  1  20.4%   1.502 GC:1    +
  131   155  0  19.7%   1.250 GC:2    +
  139   147  0  19.7%   1.252 UA:2    +
  140   146  0  19.7%   1.366 CG:2    +
  132   154  0  19.6%   1.630 UA:2    +
  138   148  0  19.6%   1.449 CG:2    +
  133   153  0  19.6%   1.405 UA:2    +
  134   152  0  19.5%   1.529 CG:2    +
  129   157  0  18.5%   1.196 AU:2    +
   44   117  0  17.7%   1.263 UA:2    +
   43   118  0  17.7%   0.981 UA:2    +
   45   116  0  17.6%   1.564 GC:2    +
   41   120  0  17.4%   1.642 GC:2    +
   42   119  1  17.6%   1.272 AU:1    +
    9    31  0  12.1%   0.768 CG:1    UG:1    +
   46   114  0  11.7%   1.081 GC:1    GU:1    +
   17    23  0  12.4%   0.776 CG:2    +
   16    24  0  12.4%   0.775 UA:2    +
   14    26  0  12.2%   0.772 CG:2    +
    8    32  0  12.2%   0.770 GC:2    +
   47   113  0  12.0%   1.440 UA:2    +
   15    25  1  12.2%   0.772 UA:1    +
  128   159  0  11.6%   1.147 GC:2    +
    7    36  0  11.5%   1.517 UA:2    +
   10    30  1  11.4%   0.746 UA:1    +
   13    27  0   9.6%   0.674 UA:2    +
   76    83  0   9.5%   0.680 UG:2    +
   18    22  0   9.2%   0.657 AU:2    +
  127   160  0   7.8%   1.003 UA:2    +
  116   151  0   5.7%   1.269 CG:2    +
  125   159  0   5.7%   0.879 GC:2    +
   12    29  0   5.0%   0.454 CG:2    +
   46   115  0   4.4%   1.309 GU:2    +
  115   152  0   4.3%   1.002 UG:2    +
  151   159  0   4.1%   1.162 GC:2    +
  124   160  0   4.0%   0.685 UA:2    +
  126   158  1   4.5%   0.685 UA:1    +
  124   145  0   3.9%   0.820 UA:2    +
  123   146  0   3.7%   0.883 UG:2    +
    9    35  0   2.4%   1.239 CG:1    UG:1    +
  136   150  0   3.4%   1.154 AU:2    +
  117   150  0   3.3%   0.754 AU:2    +
   13    28  0   2.5%   0.503 UA:2    +
   46   112  0   1.4%   0.639 GC:1    GU:1    +
   45   156  0   1.3%   0.921 GC:1    GU:1    +
  125   144  0   2.0%   0.544 GU:2    +
   65    94  1   2.2%   0.593 CG:1    +
   56   112  0   0.7%   0.459 GC:1    GU:1    +
   45   120  0   1.7%   1.135 GC:2    +
   44   121  0   1.7%   0.860 UA:2    +
   43   122  0   1.7%   0.576 UA:2    +
   47   118  0   1.7%   1.171 UA:2    +
  150   160  0   1.6%   1.228 UA:2    +
   42   123  0   1.6%   0.872 AU:2    +
   53   112  0   0.5%   0.403 GC:1    GU:1    +
  146   156  0   0.5%   1.076 GC:1    GU:1    +
   97   103  0   0.4%   0.184 CG:1    UG:1    +
   46   155  0   1.4%   0.993 GC:2    +
    1    45  0   1.4%   0.208 CG:2    +
   48   117  0   1.3%   0.851 UA:2    +
  120   125  0   1.3%   0.563 CG:2    +
    7    33  1   1.8%   0.216 UA:1    +
   47   154  0   1.2%   0.893 UA:2    +
  120   151  0   1.2%   1.121 CG:2    +
  152   156  0   0.2%   1.422 GC:1    GU:1    +
   46   119  1   1.7%   1.207 GU:1    +
    2    44  0   1.2%   0.205 AU:2    +
   41   155  0   1.2%   1.230 GC:2    +
   10    35  0   0.1%   1.121 CG:1    UG:1    +
  120   146  0   1.1%   0.615 CG:2    +
    1   151  0   1.1%   0.272 CG:2    +
   50   111  0   0.1%   0.284 GC:1    GU:1    +
  121   150  0   1.1%   0.703 AU:2    +
  112   151  0   0.1%   0.420 CG:1    UG:1    +
   67    91  0   1.1%   0.494 AU:2    +
  111   152  0   0.1%   0.322 CG:1    UG:1    +
  114   148  0   0.1%   0.353 CG:1    UG:1    +
  148   156  0   0.1%   1.184 GC:1    GU:1    +
   39   157  0   1.1%   0.520 AU:2    +
   53   114  0   0.1%   0.374 GC:1    GU:1    +
   41   114  0   0.1%   0.403 GC:1    GU:1    +
   10    31  0   0.1%   0.519 CG:1    UG:1    +
   41   156  0   0.1%   1.190 GC:1    GU:1    +
  114   152  0   0.1%   0.371 CG:1    UG:1    +
  151   156  0   0.0%   0.809 GC:1    GU:1    +
   10    29  0   0.0%   0.008 CG:1    UG:1    +
   45   114  0   0.0%   0.332 GC:1    GU:1    +
   56    97  0   0.0%   0.007 GC:1    GU:1    +
   41   112  0   0.0%   0.391 GC:1    GU:1    +
  114   130  0   0.0%   0.326 CG:1    UG:1    +
   50   114  0   0.0%   0.337 GC:1    GU:1    +
   46   156  0   0.0%   0.939 GC:1    GU:1    +
    2    43  0   1.0%   0.139 AU:2    +
   45   111  0   0.0%   0.098 GC:1    GU:1    +
   41   126  0   0.0%   1.077 GC:1    GU:1    +
   75    80  0   0.0%   0.001 GC:1    UG:1    +
  114   151  0   0.0%   0.391 CG:1    UG:1    +
  123   142  0   0.0%   0.086 UG:1    UA:1    +
   15    26  0   0.0%   0.515 CG:1    UG:1    +
   41   111  0   0.0%   0.386 GC:1    GU:1    +
   61    94  0   0.0%   0.016 UG:1    UA:1    +
   45    97  0   0.0%   0.059 GC:1    GU:1    +
   50   156  0   0.0%   0.234 GC:1    GU:1    +
   50   112  0   0.0%   0.343 GC:1    GU:1    +
  128   156  0   0.0%   0.324 GC:1    GU:1    +
  112   152  0   0.0%   0.383 CG:1    UG:1    +
   94   109  0   0.0%   0.221 GU:1    AU:1    +
   92    97  0   0.0%   0.427 GC:1    GU:1    +
  112   148  0   0.0%   0.360 CG:1    UG:1    +
   94   100  0   0.0%   0.136 GU:1    AU:1    +
   10   148  0   0.0%   0.681 CG:1    UG:1    +
   38   126  0   0.0%   0.698 GC:1    GU:1    +
  114   128  0   0.0%   0.327 CG:1    UG:1    +
   48    94  0   0.0%   0.000 UG:1    UA:1    +
  126   146  0   0.0%   0.476 CG:1    UG:1    +
   76    87  0   0.0%   0.463 UG:1    UA:1    +
  112   128  0   0.0%   0.353 CG:1    UG:1    +
  103   112  0   0.0%   0.407 GC:1    GU:1    +
    9    38  0   0.0%   1.415 CG:1    UG:1    +
  111   151  0   0.0%   0.333 CG:1    UG:1    +
   56   111  0   0.0%   0.283 GC:1    GU:1    +
  114   125  0   0.0%   0.333 CG:1    UG:1    +
   86    97  0   0.0%   0.096 GC:1    GU:1    +
   56    73  0   0.0%   0.001 GC:1    GU:1    +
   58    94  0   0.0%   0.000 UG:1    UA:1    +
    9   146  0   0.0%   0.730 CG:1    UG:1    +
    9    29  0   0.0%   0.000 CG:1    UG:1    +
  114   146  0   0.0%   0.333 CG:1    UG:1    +
  142   150  0   0.0%   0.854 GU:1    AU:1    +
   87   111  0   0.0%   0.296 GC:1    AU:1    +
   86   112  0   0.0%   0.363 GC:1    GU:1    +
  127   142  0   0.0%   0.425 UG:1    UA:1    +
   38   156  0   0.0%   0.698 GC:1    GU:1    +
   50   116  0   1.0%   0.845 GC:2    +
  118   127  0   0.9%   0.531 AU:2    +
   10    34  1   1.4%   1.501 UA:1    +
   51   115  0   0.9%   0.638 AU:2    +
  123   147  0   0.9%   0.761 UA:2    +
  124   146  0   0.9%   0.507 UG:2    +
  148   155  0   0.8%   1.195 GC:2    +
   41   124  0   0.8%   1.174 GU:2    +
  123   149  0   0.8%   0.993 UA:2    +
  124   148  0   0.8%   0.638 UG:2    +
  114   153  1   1.3%   0.520 UA:1    +
   58   110  0   0.7%   0.940 UA:2    +
   59   109  0   0.7%   0.212 AU:2    +
   55   113  0   0.7%   0.742 UA:2    +
  119   126  1   1.2%   0.549 AU:1    +
   60   108  0   0.7%   0.252 GC:2    +
  152   159  0   0.7%   1.583 GC:2    +
   46   108  0   0.7%   0.106 GC:2    +
   47   107  0   0.7%   0.105 UA:2    +
   45   109  0   0.7%   0.162 GU:2    +
   40   156  1   1.2%   0.526 AU:1    +
    1    41  0   0.7%   0.100 CG:2    +
  122   150  0   0.6%   0.702 AU:2    +
   61   107  0   0.6%   0.228 UA:2    +
   44   110  0   0.6%   0.147 UA:2    +
   48   106  0   0.6%   0.092 UA:2    +
    2   150  0   0.6%   0.204 AU:2    +
   65    95  0   0.6%   0.533 CG:2    +
  119   147  1   1.0%   0.590 UA:1    +
   62   103  0   0.5%   0.123 CG:2    +
   61   104  0   0.5%   0.132 UA:2    +
  145   157  0   0.5%   0.968 AU:2    +
   60   105  0   0.5%   0.184 GC:2    +
   52   113  0   0.5%   0.690 UA:2    +
  144   158  0   0.4%   0.352 UA:2    +
   92   101  0   0.4%   0.443 GC:2    +
   55   110  0   0.4%   0.832 UA:2    +
   95   105  0   0.4%   0.201 GC:2    +
   93   100  0   0.4%   0.109 AU:2    +
   50   105  0   0.4%   0.069 GC:2    +
  120   152  0   0.4%   1.388 CG:2    +
    1   152  0   0.4%   0.234 CG:2    +
  127   158  0   0.4%   0.470 UA:2    +
   56   109  0   0.4%   0.157 GU:2    +
   48   113  0   0.3%   0.936 UA:2    +
   48   153  0   0.3%   0.482 UA:2    +
  146   157  0   0.3%   1.038 GU:2    +
   57   111  1   0.7%   0.370 AU:1    +
  135   150  0   0.2%   0.591 AU:2    +
  151   157  0   0.2%   0.781 GU:2    +
  124   147  0   0.2%   0.381 UA:2    +
   43   113  0   0.2%   0.090 UA:2    +
   52   107  0   0.2%   0.133 UA:2    +
   62    92  0   0.2%   0.042 CG:2    +
  120   128  0   0.2%   0.487 CG:2    +
  121   127  0   0.2%   0.167 AU:2    +
   61    93  0   0.2%   0.041 UA:2    +
  123   148  0   0.2%   0.914 UG:2    +
   39   124  0   0.2%   0.401 AU:2    +
   58   107  0   0.2%   0.158 UA:2    +
  150   158  0   0.2%   0.920 UA:2    +
    1   125  0   0.2%   0.127 CG:2    +
   53   101  0   0.2%   0.036 GC:2    +
   54   100  0   0.2%   0.036 AU:2    +
   52   102  0   0.2%   0.036 UA:2    +
   40   123  0   0.2%   0.389 AU:2    +
   50   115  0   0.2%   0.572 GU:2    +
  134   151  0   0.2%   0.311 CG:2    +
   55    99  0   0.2%   0.034 UA:2    +
   41   159  0   0.2%   1.160 GC:2    +
    2   124  0   0.2%   0.130 AU:2    +
  122   144  0   0.1%   0.117 AU:2    +
  148   159  0   0.1%   1.150 GC:2    +
  128   157  0   0.1%   0.296 GU:2    +
  116   128  0   0.1%   0.727 CG:2    +
   45   115  0   0.1%   0.666 GU:2    +
   58    98  0   0.1%   0.027 UA:2    +
   43   158  0   0.1%   0.463 UA:2    +
  146   159  0   0.1%   1.052 GC:2    +
   91   102  0   0.1%   0.682 UA:2    +
   63    91  0   0.1%   0.023 AU:2    +
  146   155  0   0.1%   1.004 GC:2    +
  113   150  0   0.1%   0.657 AU:2    +
  116   146  0   0.1%   0.734 CG:2    +
  115   147  0   0.1%   0.574 UA:2    +
  117   127  0   0.1%   0.401 AU:2    +
   53   116  0   0.1%   0.779 GC:2    +
   46   159  0   0.1%   0.857 GC:2    +
  147   157  0   0.1%   0.903 AU:2    +
    1   128  0   0.1%   0.122 CG:2    +
   47   158  0   0.1%   0.810 UA:2    +
    1   148  0   0.1%   0.133 CG:2    +
   54   115  0   0.1%   0.615 AU:2    +
   52   104  0   0.1%   0.030 UA:2    +
    1   146  0   0.1%   0.126 CG:2    +
  115   129  0   0.1%   0.558 UA:2    +
   52   117  0   0.1%   0.475 UA:2    +
   45   159  0   0.1%   0.775 GC:2    +
   76    82  0   0.1%   0.019 UA:2    +
  133   152  0   0.1%   0.572 UG:2    +
    2   127  0   0.1%   0.124 AU:2    +
  117   124  0   0.1%   0.447 AU:2    +
   65   103  0   0.1%   0.495 CG:2    +
  151   155  0   0.1%   0.791 GC:2    +
  137   151  0   0.1%   0.482 CG:2    +
  113   157  0   0.1%   0.685 AU:2    +
   40   157  0   0.1%   0.484 AU:2    +
  116   125  0   0.1%   0.716 CG:2    +
    6   146  0   0.1%   0.712 CG:2    +
   44   160  0   0.1%   0.737 UA:2    +
   55   103  0   0.1%   0.047 UG:2    +
  116   148  0   0.1%   0.741 CG:2    +
    7   145  0   0.0%   1.054 UA:2    +
    5   147  0   0.0%   0.708 UA:2    +
  118   123  0   0.0%   0.468 AU:2    +
  121   144  0   0.0%   0.100 AU:2    +
  115   149  0   0.0%   0.567 UA:2    +
    3   148  0   0.0%   0.713 CG:2    +
    8   144  0   0.0%   0.604 GU:2    +
   44   158  0   0.0%   0.738 UA:2    +
    4   148  0   0.0%   0.715 UG:2    +
   64    96  1   0.5%   0.118 AU:1    +
   56   108  0   0.0%   0.086 GC:2    +
   11    33  1   0.5%   0.968 AU:1    +
  132   153  0   0.0%   0.694 UA:2    +
   40   115  0   0.0%   0.360 AU:2    +
  153   157  0   0.0%   1.219 AU:2    +
   51   109  0   0.0%   0.082 AU:2    +
   76    81  0   0.0%   0.008 UA:2    +
   39   127  0   0.0%   0.381 AU:2    +
  115   154  0   0.0%   1.468 UA:2    +
    4   147  0   0.0%   0.702 UA:2    +
  137   148  0   0.0%   0.494 CG:2    +
  145   150  0   0.0%   1.183 AU:2    +
   43   154  0   0.0%   0.446 UA:2    +
   95   101  0   0.0%   0.108 GC:2    +
   55   104  0   0.0%   0.050 UA:2    +
   61    98  0   0.0%   0.058 UA:2    +
  144   151  0   0.0%   0.398 UG:2    +
  152   157  0   0.0%   1.349 GU:2    +
   53    62  0   0.0%   0.006 GC:2    +
   39   123  0   0.0%   0.358 AU:2    +
   54    61  0   0.0%   0.006 AU:2    +
    3   151  0   0.0%   0.757 CG:2    +
   55    60  0   0.0%   0.006 UG:2    +
    2   157  0   0.0%   0.151 AU:2    +
   52    63  0   0.0%   0.006 UA:2    +
   53   115  0   0.0%   0.613 GU:2    +
  115   151  0   0.0%   0.623 UG:2    +
  118   144  0   0.0%   0.437 AU:2    +
   42   157  0   0.0%   0.786 AU:2    +
   38   120  0   0.0%   0.700 GC:2    +
   40   124  0   0.0%   0.392 AU:2    +
   58    95  0   0.0%   0.004 UG:2    +
   58   106  0   0.0%   0.145 UA:2    +
   49   115  0   0.0%   0.535 AU:2    +
  122   143  0   0.0%   0.082 AU:2    +
   43   110  0   0.0%   0.051 UA:2    +
  117   157  0   0.0%   0.560 AU:2    +
   45   157  0   0.0%   0.808 GU:2    +
   50    65  0   0.0%   0.004 GC:2    +
   55    98  0   0.0%   0.006 UA:2    +
   43   153  0   0.0%   0.441 UA:2    +
  150   154  0   0.0%   1.423 UA:2    +
  123   160  0   0.0%   0.675 UA:2    +
  140   148  0   0.0%   1.132 CG:2    +
  139   149  0   0.0%   0.787 UA:2    +
    5   146  0   0.0%   0.702 UG:2    +
   41   115  0   0.0%   0.398 GU:2    +
   44   153  0   0.0%   0.725 UA:2    +
    1    38  0   0.0%   0.003 CG:2    +
  149   157  0   0.0%   0.725 AU:2    +
   38   159  0   0.0%   0.700 GC:2    +
   50   155  0   0.0%   0.231 GC:2    +
  138   146  0   0.0%   0.408 CG:2    +
   45   155  0   0.0%   0.745 GC:2    +
  139   145  0   0.0%   0.676 UA:2    +
   39   115  0   0.0%   0.352 AU:2    +
  103   108  0   0.0%   0.161 GC:2    +
   50   120  0   0.0%   0.494 GC:2    +
    3   152  0   0.0%   0.726 CG:2    +
  118   124  0   0.0%   0.451 AU:2    +
   61    99  0   0.0%   0.120 UA:2    +
   61    95  0   0.0%   0.019 UG:2    +
  102   109  0   0.0%   0.175 AU:2    +
   40   127  0   0.0%   0.377 AU:2    +
  122   127  0   0.0%   0.150 AU:2    +
  117   144  0   0.0%   0.386 AU:2    +
    3   125  0   0.0%   0.710 CG:2    +
  130   155  0   0.0%   0.293 GC:2    +
  148   157  0   0.0%   1.114 GU:2    +
   38   116  0   0.0%   0.697 GC:2    +
   56    62  0   0.0%   0.004 GC:2    +
   42   124  0   0.0%   0.791 AU:2    +
   48   118  0   0.0%   0.806 UA:2    +
   57    61  0   0.0%   0.003 AU:2    +
   52   103  0   0.0%   0.015 UG:2    +
   92   108  0   0.0%   0.471 GC:2    +
   44   152  0   0.0%   0.744 UG:2    +
   55    63  0   0.0%   0.005 UA:2    +
   43   160  0   0.0%   0.450 UA:2    +
    6   152  0   0.0%   0.721 CG:2    +
    5   153  0   0.0%   0.700 UA:2    +
  115   148  0   0.0%   0.574 UG:2    +
   47   122  0   0.0%   0.798 UA:2    +
    4   151  0   0.0%   0.753 UG:2    +
   52   118  0   0.0%   0.477 UA:2    +
   48   121  0   0.0%   0.501 UA:2    +
   46   123  0   0.0%   0.843 GU:2    +
  118   157  0   0.0%   0.813 AU:2    +
    6   148  0   0.0%   0.710 CG:2    +
   53    65  0   0.0%   0.004 GC:2    +
   63   100  0   0.0%   0.054 AU:2    +
    5   149  0   0.0%   0.699 UA:2    +
    4   154  0   0.0%   0.701 UA:2    +
   64    91  0   0.0%   0.008 AU:2    +
    7   147  0   0.0%   1.054 UA:2    +
    7   151  0   0.0%   1.101 UG:2    +
   52    66  0   0.0%   0.003 UA:2    +
    3   146  0   0.0%   0.704 CG:2    +
   46   120  0   0.0%   1.138 GC:2    +
   41   123  0   0.0%   1.045 GU:2    +
   37   123  0   0.0%   0.714 AU:2    +
  124   152  0   0.0%   0.847 UG:2    +
    1    46  0   0.0%   0.093 CG:2    +
  138   151  0   0.0%   0.792 CG:2    +
   36   124  0   0.0%   0.610 AU:2    +
  123   153  0   0.0%   1.106 UA:2    +
  124   149  0   0.0%   0.577 UA:2    +
  109   151  0   0.0%   0.188 UG:2    +
   45   124  0   0.0%   0.754 GU:2    +
  108   152  0   0.0%   0.124 CG:2    +
   43   117  0   0.0%   0.063 UA:2    +
  110   150  0   0.0%   0.813 AU:2    +
    7    35  0   0.0%   0.771 UG:2    +
   47   104  0   0.0%   0.001 UA:2    +
   44   106  0   0.0%   0.054 UA:2    +
  143   152  0   0.0%   1.103 UG:2    +
   65    90  0   0.0%   0.003 CG:2    +
   48   103  0   0.0%   0.001 UG:2    +
   41   157  0   0.0%   1.184 GU:2    +
   43   107  0   0.0%   0.048 UA:2    +
  144   149  0   0.0%   0.386 UA:2    +
   45   101  0   0.0%   0.059 GC:2    +
   60   100  0   0.0%   0.084 GU:2    +
   46   100  0   0.0%   0.001 GU:2    +
   47    99  0   0.0%   0.001 UA:2    +
   41   108  0   0.0%   0.386 GC:2    +
   46   105  0   0.0%   0.002 GC:2    +
   45   105  0   0.0%   0.059 GC:2    +
   48    98  0   0.0%   0.001 UA:2    +
   44   102  0   0.0%   0.054 UA:2    +
   16    25  0   0.0%   0.516 UA:2    +
  144   153  0   0.0%   0.861 UA:2    +
   40   109  0   0.0%   0.350 AU:2    +
  137   152  0   0.0%   1.064 CG:2    +
   42   100  0   0.0%   0.001 AU:2    +
   43    99  0   0.0%   0.047 UA:2    +
   44    98  0   0.0%   0.054 UA:2    +
   41   101  0   0.0%   0.385 GC:2    +
   49   157  0   0.0%   0.111 AU:2    +
   53   108  0   0.0%   0.104 GC:2    +
  118   143  0   0.0%   0.429 AU:2    +
   39    44  0   0.0%   0.403 AU:2    +
   35   120  0   0.0%   0.444 GC:2    +
    4   145  0   0.0%   0.695 UA:2    +
    4    39  0   0.0%   0.345 UA:2    +
    2   144  0   0.0%   0.115 AU:2    +
   52   110  0   0.0%   0.793 UA:2    +
   20    26  0   0.0%   0.374 CG:2    +
  124   153  0   0.0%   0.729 UA:2    +
  144   160  0   0.0%   0.459 UA:2    +
    5    38  0   0.0%   0.691 UG:2    +
   92   105  0   0.0%   0.448 GC:2    +
  143   158  0   0.0%   0.402 UA:2    +
  124   158  0   0.0%   0.310 UA:2    +
  110   157  0   0.0%   0.840 AU:2    +
   50    62  0   0.0%   0.000 GC:2    +
   51    61  0   0.0%   0.000 AU:2    +
   48   107  0   0.0%   0.066 UA:2    +
   52    60  0   0.0%   0.000 UG:2    +
  100   110  0   0.0%   0.833 UA:2    +
   39    43  0   0.0%   0.396 AU:2    +
  123   154  0   0.0%   1.089 UA:2    +
   46   150  0   0.0%   0.792 GU:2    +
   47   149  0   0.0%   0.728 UA:2    +
    2   123  0   0.0%   0.100 AU:2    +
   43   103  0   0.0%   0.047 UG:2    +
   61   106  0   0.0%   0.142 UA:2    +
   47    64  0   0.0%   0.001 UA:2    +
  144   148  0   0.0%   0.731 UG:2    +
   46    65  0   0.0%   0.001 GC:2    +
   48   158  0   0.0%   0.463 UA:2    +
   50   109  0   0.0%   0.124 GU:2    +
  117   123  0   0.0%   0.450 AU:2    +
   46   116  0   0.0%   1.331 GC:2    +
   47   117  0   0.0%   0.964 UA:2    +
  144   152  0   0.0%   0.981 UG:2    +
   48    63  0   0.0%   0.000 UA:2    +
   95   108  0   0.0%   0.177 GC:2    +
   38   124  0   0.0%   0.708 GU:2    +
   21    26  0   0.0%   0.374 CG:2    +
   60    65  0   0.0%   0.004 GC:2    +
  124   141  0   0.0%   0.070 UA:2    +
  109   158  0   0.0%   0.151 UA:2    +
    8   150  0   0.0%   0.628 GU:2    +
   37   124  0   0.0%   0.724 AU:2    +
   44   125  0   0.0%   0.733 UG:2    +
   38   123  0   0.0%   0.698 GU:2    +
   48   148  0   0.0%   0.443 UG:2    +
   44   154  0   0.0%   0.724 UA:2    +
   47   153  0   0.0%   0.730 UA:2    +
  143   154  0   0.0%   0.962 UA:2    +
   39   144  0   0.0%   0.375 AU:2    +
  124   151  0   0.0%   0.569 UG:2    +
  130   157  0   0.0%   0.884 GU:2    +
  123   128  0   0.0%   0.112 UG:2    +
  125   157  0   0.0%   0.434 GU:2    +
   50   101  0   0.0%   0.002 GC:2    +
   51   100  0   0.0%   0.001 AU:2    +
    6   151  0   0.0%   0.751 CG:2    +
    5   152  0   0.0%   0.721 UG:2    +
   77    86  0   0.0%   0.166 CG:2    +
  143   149  0   0.0%   0.509 UA:2    +
    4   153  0   0.0%   0.700 UA:2    +
   57   109  0   0.0%   0.115 AU:2    +
   92   116  0   0.0%   1.063 GC:2    +
  121   157  0   0.0%   0.201 AU:2    +
   93   115  0   0.0%   0.578 AU:2    +
   38   155  0   0.0%   0.698 GC:2    +
   39   150  0   0.0%   0.401 AU:2    +
    2    47  0   0.0%   0.100 AU:2    +
   64   100  0   0.0%   0.055 AU:2    +
  124   129  0   0.0%   0.078 UA:2    +
  143   153  0   0.0%   0.982 UA:2    +
   53   109  0   0.0%   0.120 GU:2    +
  143   160  0   0.0%   0.557 UA:2    +
  124   128  0   0.0%   0.097 UG:2    +
   52    99  0   0.0%   0.003 UA:2    +
   48   152  0   0.0%   0.453 UG:2    +
    3    46  0   0.0%   0.697 CG:2    +
   41   105  0   0.0%   0.385 GC:2    +
   72    86  0   0.0%   0.000 UG:2    +
   40   150  0   0.0%   0.399 AU:2    +
    5    40  0   0.0%   1.043 UA:2    +
   65    71  0   0.0%   0.002 CG:2    +
   64    72  0   0.0%   0.000 AU:2    +
   62    74  0   0.0%   0.003 CG:2    +
   40   144  0   0.0%   0.372 AU:2    +
    6    41  0   0.0%   1.078 CG:2    +
    4    38  0   0.0%   0.691 UG:2    +
    5    42  0   0.0%   0.694 UA:2    +
   47    95  0   0.0%   0.000 UG:2    +
   40    44  0   0.0%   0.403 AU:2    +
    5    37  0   0.0%   0.689 UA:2    +
   40    47  0   0.0%   0.350 AU:2    +
    4    45  0   0.0%   0.753 UG:2    +
  125   140  0   0.0%   0.073 GC:2    +
  140   151  0   0.0%   0.792 CG:2    +
   48   154  0   0.0%   0.504 UA:2    +
  130   137  0   0.0%   0.002 GC:2    +
  123   158  0   0.0%   0.688 UA:2    +
  115   158  0   0.0%   1.065 UA:2    +
  141   150  0   0.0%   0.854 AU:2    +
   66    70  0   0.0%   0.000 AU:2    +
   91   106  0   0.0%   0.706 UA:2    +
  121   143  0   0.0%   0.084 AU:2    +
  123   152  0   0.0%   1.224 UG:2    +
    7    40  0   0.0%   1.392 UA:2    +
    4    41  0   0.0%   1.079 UG:2    +
  113   127  0   0.0%   0.614 AU:2    +
   95   115  0   0.0%   0.620 GU:2    +
   95   100  0   0.0%   0.102 GU:2    +
   16    28  0   0.0%   0.585 UA:2    +
    3    35  0   0.0%   0.000 CG:2    +
  115   121  0   0.0%   0.613 UA:2    +
    3   128  0   0.0%   0.703 CG:2    +
    4    34  0   0.0%   0.000 UA:2    +
   46   157  0   0.0%   0.880 GU:2    +
  123   129  0   0.0%   0.093 UA:2    +
   48    67  0   0.0%   0.000 UA:2    +
   55   106  0   0.0%   0.109 UA:2    +
  122   157  0   0.0%   0.185 AU:2    +
  146   150  0   0.0%   1.230 GU:2    +
  128   134  0   0.0%   0.027 GC:2    +
  127   135  0   0.0%   0.072 UA:2    +
  125   137  0   0.0%   0.073 GC:2    +
   37   127  0   0.0%   0.718 AU:2    +
   40   143  0   0.0%   0.368 AU:2    +
   42    47  0   0.0%   0.000 AU:2    +
    4    36  0   0.0%   0.000 UA:2    +
  124   154  0   0.0%   0.711 UA:2    +
  130   159  0   0.0%   0.933 GC:2    +
   48    66  0   0.0%   0.000 UA:2    +
  103   116  0   0.0%   0.751 GC:2    +
   91    98  0   0.0%   0.640 UA:2    +
   48   102  0   0.0%   0.001 UA:2    +
   56   105  0   0.0%   0.069 GC:2    +
   39    48  0   0.0%   0.349 AU:2    +
  104   115  0   0.0%   0.599 AU:2    +
   44   118  0   0.0%   0.956 UA:2    +
  125   155  0   0.0%   0.484 GC:2    +
  129   133  0   0.0%   0.008 AU:2    +
  144   154  0   0.0%   0.840 UA:2    +
   51   150  0   0.0%   0.091 AU:2    +
   59   100  0   0.0%   0.032 AU:2    +
  110   115  0   0.0%   1.324 AU:2    +
   54   109  0   0.0%   0.090 AU:2    +
   36   123  0   0.0%   0.599 AU:2    +
   42   127  0   0.0%   0.734 AU:2    +
   36   157  0   0.0%   0.601 AU:2    +
   34   123  0   0.0%   0.782 AU:2    +
   44    50  0   0.0%   0.053 UG:2    +
   43    51  0   0.0%   0.047 UA:2    +
   88    95  0   0.0%   0.052 CG:2    +
    4   149  0   0.0%   0.700 UA:2    +
    5    35  0   0.0%   0.000 UG:2    +
    2   115  0   0.0%   0.100 AU:2    +
   35   124  0   0.0%   0.454 GU:2    +
  108   125  0   0.0%   0.113 CG:2    +
   93   109  0   0.0%   0.169 AU:2    +
  106   127  0   0.0%   0.078 AU:2    +
   60    69  0   0.0%   0.002 GC:2    +
  105   128  0   0.0%   0.106 CG:2    +
   59    70  0   0.0%   0.000 AU:2    +
   61    68  0   0.0%   0.003 UA:2    +
   58    71  0   0.0%   0.000 UG:2    +
   57    72  0   0.0%   0.001 AU:2    +
   42    48  0   0.0%   0.000 AU:2    +
   42    52  0   0.0%   0.000 AU:2    +
   47    67  0   0.0%   0.000 UA:2    +
   43   152  0   0.0%   0.460 UG:2    +
    4    42  0   0.0%   0.694 UA:2    +
   90   108  0   0.0%   0.100 GC:2    +
   42   150  0   0.0%   0.756 AU:2    +
   56    65  0   0.0%   0.002 GC:2    +
   91   107  0   0.0%   0.729 UA:2    +
    3    45  0   0.0%   0.755 CG:2    +
   89   109  0   0.0%   0.134 AU:2    +
   52   149  0   0.0%   0.101 UA:2    +
  127   145  0   0.0%   0.746 UA:2    +
   43   149  0   0.0%   0.438 UA:2    +
   58   102  0   0.0%   0.105 UA:2    +
   53    77  0   0.0%   0.002 GC:2    +
    3     8  0   0.0%   0.000 CG:2    +
   54    76  0   0.0%   0.002 AU:2    +
   67   100  0   0.0%   0.076 AU:2    +
  113   123  0   0.0%   0.687 AU:2    +
   90   105  0   0.0%   0.078 GC:2    +
   45   108  0   0.0%   0.059 GC:2    +
  115   145  0   0.0%   0.552 UA:2    +
   54   114  1   0.5%   0.406 AU:1    +
   54   111  1   0.4%   0.305 AU:1    +
   96   104  1   0.4%   0.165 UA:1    +
  147   156  1   0.4%   0.973 AU:1    +
  119   152  1   0.4%   1.308 UG:1    +
  119   153  1   0.3%   1.224 UA:1    +
   63    97  1   0.3%   0.122 AU:1    +
   42   114  1   0.3%   0.060 AU:1    +
   51   114  1   0.2%   0.322 AU:1    +
   73    87  1   0.2%   0.058 UG:1    +
   49   112  1   0.2%   0.347 AU:1    +
  122   126  1   0.1%   0.153 AU:1    +
   59    97  1   0.1%   0.021 AU:1    +
    9    36  1   0.1%   1.324 UA:1    +
  145   156  1   0.1%   0.955 AU:1    +
  118   126  1   0.1%   0.398 AU:1    +
  119   129  1   0.0%   0.447 UA:1    +
   42   112  1   0.0%   0.013 AU:1    +
  112   158  1   0.0%   0.378 UA:1    +
   39   126  1   0.0%   0.374 AU:1    +
   42   111  1   0.0%   0.007 AU:1    +
   57    96  1   0.0%   0.006 AU:1    +
   40   126  1   0.0%   0.374 AU:1    +
   39   119  1   0.0%   0.355 AU:1    +
   60    96  1   0.0%   0.010 GU:1    +
   58    96  1   0.0%   0.007 UA:1    +
   96   100  1   0.0%   0.115 AU:1    +
   57    97  1   0.0%   0.008 AU:1    +
   63    96  1   0.0%   0.045 AU:1    +
  113   156  1   0.0%   0.734 AU:1    +
  118   156  1   0.0%   0.869 AU:1    +
  114   149  1   0.0%   0.332 UA:1    +
  119   148  1   0.0%   0.510 UG:1    +
   75    82  1   0.0%   0.004 UA:1    +
   40   114  1   0.0%   0.353 AU:1    +
   62    94  1   0.0%   0.019 CG:1    +
  126   160  1   0.0%   0.524 UA:1    +
  119   150  1   0.0%   1.196 AU:1    +
    2   156  1   0.0%   0.147 AU:1    +
  129   156  1   0.0%   0.307 AU:1    +
   51   119  1   0.0%   0.439 AU:1    +
   49   156  1   0.0%   0.170 AU:1    +
  119   125  1   0.0%   0.397 UG:1    +
  114   158  1   0.0%   0.772 UA:1    +
   75    83  1   0.0%   0.003 UG:1    +
   49   111  1   0.0%   0.252 AU:1    +
   47   119  1   0.0%   1.105 UA:1    +
    2   126  1   0.0%   0.111 AU:1    +
   59    96  1   0.0%   0.004 AU:1    +
  117   156  1   0.0%   0.612 AU:1    +
  149   156  1   0.0%   0.788 AU:1    +
  119   123  1   0.0%   0.463 AU:1    +
  119   143  1   0.0%   0.437 AU:1    +
   76    80  1   0.0%   0.001 UG:1    +
   42   156  1   0.0%   0.784 AU:1    +
  111   158  1   0.0%   0.304 UA:1    +
   40   119  1   0.0%   0.356 AU:1    +
  156   160  1   0.0%   0.918 UA:1    +
  121   126  1   0.0%   0.134 AU:1    +
   40   112  1   0.0%   0.350 AU:1    +
  111   149  1   0.0%   0.281 UA:1    +
   49    97  1   0.0%   0.001 AU:1    +
   51   111  1   0.0%   0.222 AU:1    +
   39   114  1   0.0%   0.350 AU:1    +
   36   119  1   0.0%   0.599 AU:1    +
  119   156  1   0.0%   0.889 AU:1    +
   39   156  1   0.0%   0.372 AU:1    +
   10    36  1   0.0%   1.267 UA:1    +
   99   111  1   0.0%   0.354 AU:1    +
   98   112  1   0.0%   0.358 AU:1    +
  119   154  1   0.0%   1.189 UA:1    +
  112   153  1   0.0%   0.373 UA:1    +
  111   154  1   0.0%   0.343 UA:1    +
  112   154  1   0.0%   0.411 UA:1    +
   97   113  1   0.0%   0.710 UA:1    +
  119   144  1   0.0%   0.442 AU:1    +
   75    81  1   0.0%   0.001 UA:1    +
   96   107  1   0.0%   0.178 UA:1    +
  114   160  1   0.0%   0.756 UA:1    +
   97   106  1   0.0%   0.173 UA:1    +
   46    96  1   0.0%   0.001 GU:1    +
  119   124  1   0.0%   0.448 AU:1    +
    9   145  1   0.0%   0.724 UA:1    +
    9    30  1   0.0%   0.000 UA:1    +
   96   114  1   0.0%   0.406 AU:1    +
   94   101  1   0.0%   0.136 GC:1    +
  142   159  1   0.0%   0.612 GC:1    +
  126   145  1   0.0%   0.744 UA:1    +
    2   114  1   0.0%   0.100 AU:1    +
  119   151  1   0.0%   0.955 UG:1    +
    9   149  1   0.0%   0.720 UA:1    +
  119   145  1   0.0%   0.440 UA:1    +
  117   126  1   0.0%   0.379 AU:1    +
  122   156  1   0.0%   0.241 AU:1    +
   64    97  1   0.0%   0.108 AU:1    +
   40   111  1   0.0%   0.350 AU:1    +
   63    73  1   0.0%   0.003 AU:1    +
  120   142  1   0.0%   0.447 CG:1    +
   39   112  1   0.0%   0.350 AU:1    +
   78    85  1   0.0%   0.512 AU:1    +
  119   146  1   0.0%   0.453 UG:1    +
   15    27  1   0.0%   0.482 UA:1    +
  111   153  1   0.0%   0.305 UA:1    +
   10    28  1   0.0%   0.000 UA:1    +
  142   155  1   0.0%   0.611 GC:1    +
   54   112  1   0.0%   0.348 AU:1    +
  119   127  1   0.0%   0.491 AU:1    +
   37   156  1   0.0%   0.714 AU:1    +
   94   114  1   0.0%   0.407 GU:1    +
    9    37  1   0.0%   1.432 UA:1    +
  110   156  1   0.0%   0.899 AU:1    +
  126   136  1   0.0%   0.070 UA:1    +
  111   160  1   0.0%   0.291 UA:1    +
  114   122  1   0.0%   0.390 UA:1    +
   74    80  1   0.0%   0.000 GC:1    +
   50    96  1   0.0%   0.001 GU:1    +
   51   112  1   0.0%   0.289 AU:1    +
   43   119  1   0.0%   0.676 UA:1    +
   97   102  1   0.0%   0.119 UA:1    +
   94   116  1   0.0%   0.779 GC:1    +
   75    79  1   0.0%   0.000 UA:1    +
   75    88  1   0.0%   0.666 GC:1    +
   87    96  1   0.0%   0.077 AU:1    +
   50   119  1   0.0%   0.492 GU:1    +
  112   117  1   0.0%   0.716 UA:1    +
  107   126  1   0.0%   0.098 AU:1    +
   10    37  1   0.0%   1.381 UA:1    +
   33   124  1   0.0%   0.792 AU:1    +
   94   108  1   0.0%   0.186 GC:1    +
    2   119  1   0.0%   0.100 AU:1    +
  119   142  1   0.0%   0.436 UG:1    +
   67    96  1   0.0%   0.110 AU:1    +
   49   114  1   0.0%   0.326 AU:1    +
   94   105  1   0.0%   0.164 GC:1    +
   37   126  1   0.0%   0.713 AU:1    +
    5    33  1   0.0%   0.000 UA:1    +
  111   122  1   0.0%   0.349 UA:1    +
  112   121  1   0.0%   0.417 UA:1    +
  110   114  1   0.0%   1.102 AU:1    +
  121   156  1   0.0%   0.257 AU:1    +
   67    97  1   0.0%   0.129 AU:1    +
..(((((.(((((((((........)))))))))..)))))..((((.((.((.((((.(((.....(((((((.((.....)))))))))...))).))))..)).))))))(((.(((..(.((((((((...)))))))).)..))).)))......
