6 sequence; length of alignment 155
alifold output
   80    94  0  99.5%   0.030 GC:3    GU:1    AU:2   
   79    95  0  99.7%   0.015 CG:4    UG:2   
   78    96  0  99.6%   0.026 AU:6   
   77    97  1  98.9%   0.044 GC:4    GU:1   
   81    93  2  98.6%   0.058 UA:4   
   82    92  2  98.2%   0.089 GC:3    UA:1   
   11    35  1  97.1%   0.119 GC:5   
   12    34  1  96.9%   0.111 AU:5   
   13    33  0  95.3%   0.157 GU:1    AU:5   
   20    28  1  94.3%   0.395 GC:4    AU:1   
   21    27  0  94.3%   0.484 CG:6   
   10    36  0  91.2%   0.283 CG:1    UG:4    UA:1   
  110   121  0  89.4%   0.407 GC:1    GU:4    AU:1   
  111   120  2  89.6%   0.417 CG:3    UG:1   
   45   102  0  87.8%   0.387 CG:6   
   44   103  0  87.8%   0.381 CG:6   
  109   122  2  87.9%   0.426 UG:1    UA:3   
  112   119  1  87.7%   0.470 UA:5   
   19    29  1  86.3%   0.698 UG:1    UA:4   
  108   123  1  86.0%   0.467 AU:5   
   83    91  2  84.0%   0.606 GU:1    UG:3   
   43   104  1  80.6%   0.567 CG:3    UG:2   
    9    37  1  79.7%   0.572 UG:2    UA:3   
   14    32  1  78.5%   0.578 UG:2    UA:3   
   46   101  3  77.6%   0.646 AU:3   
  113   118  3  76.5%   0.746 AU:3   
    8    38  2  76.1%   0.667 GC:4   
  107   124  1  75.1%   0.826 UG:2    UA:3   
   61    70  1  54.7%   1.565 CG:1    UG:3    UA:1   
   60    71  0  52.7%   1.612 UG:2    UA:4   
   62    69  1  53.1%   1.614 AU:5   
   49    56  3  52.2%   1.021 GC:3   
   18    30  2  50.4%   1.434 UG:4   
   48    57  0  49.6%   1.045 AU:6   
   50    55  2  48.6%   1.053 CG:4   
   47   100  1  46.3%   1.481 GC:1    GU:4    +
   47    58  2  45.8%   1.081 GC:3    GU:1   
   63    68  0  41.8%   1.901 GU:5    AU:1   
   59    72  2  40.8%   1.532 CG:1    UA:3   
   48    99  0  40.3%   1.482 AU:6    +
    6   151  0  28.6%   1.523 CG:6    +
    5   152  0  27.8%   2.056 GU:6    +
  129   138  1  25.9%   2.002 GC:5    +
    3   137  0  25.0%   1.386 UA:6   
    2   138  1  25.0%   1.310 GC:5   
  130   137  3  25.0%   2.024 UA:3    +
   40   149  1  24.1%   1.169 CG:3    UG:1    --:1    +
   41   148  1  24.0%   1.299 CG:4    GU:1    +
    4   136  3  23.9%   1.327 GU:1    AU:2   
   39   150  2  23.4%   1.455 CG:1    AU:3    +
   38   151  0  21.6%   1.568 CG:5    UG:1    +
    7   150  3  20.6%   1.201 UG:1    AU:2    +
    5   135  2  20.2%   1.546 GC:4   
  131   136  2  19.6%   2.009 AU:4    +
   37   152  1  16.8%   1.443 GU:2    AU:3    +
   42   147  2  15.2%   0.970 AU:4    +
   53    69  0  13.2%   1.079 AU:6    +
   54    68  0  13.1%   1.080 AU:6    +
   52    70  2  12.7%   1.042 UG:3    UA:1    +
   51    71  0  10.8%   0.963 UG:2    UA:4    +
   16    31  1  11.4%   0.773 GU:2    AU:3    +
   15    32  0  10.2%   0.917 UG:2    UA:4    +
   55    67  1  11.2%   1.290 GU:4    AU:1    +
    4   155  2  10.8%   1.429 GC:2    AU:2    +
   57    65  0   9.4%   1.095 UA:6    +
   17    30  1   9.4%   0.768 UG:4    UA:1    +
   54    60  0   9.4%   0.711 AU:6    +
   52    62  1   9.4%   0.703 GC:1    UA:4    +
   53    61  2   9.6%   0.703 AU:4    +
   58    64  3   8.9%   1.093 GU:1    AU:1    UA:1    +
   51    63  0   7.1%   0.655 UG:5    UA:1    +
    2   130  0   5.3%   0.560 GC:3    GU:2    AU:1    +
  105   126  2   7.6%   0.908 AU:4    +
  119   123  0   5.4%   0.791 GC:1    AU:5    +
  116   126  1   6.2%   0.892 GC:1    GU:4    +
    3   129  0   5.1%   0.615 UG:5    UA:1    +
   36   155  1   5.5%   0.827 GC:3    GU:1    AU:1    +
  117   125  1   6.3%   0.731 AU:5    +
    5   130  0   4.8%   0.982 GC:3    GU:3    +
   59    63  1   5.7%   1.008 CG:2    UG:3    +
  118   124  3   6.2%   1.046 UG:2    UA:1    +
   55    59  2   5.9%   0.884 GC:1    GU:3    +
  114   128  1   5.0%   0.863 GC:1    GU:2    AU:2    +
  115   127  2   5.8%   0.898 GU:1    AU:3    +
    1   131  0   4.8%   0.510 UA:6    +
   72    99  0   3.7%   1.190 GU:1    AU:5    +
   44   104  0   4.5%   0.753 CG:6    +
   45   103  0   4.5%   0.695 CG:6    +
    6   129  1   5.0%   0.756 CG:5    +
  110   130  0   2.4%   0.878 GC:3    GU:2    AU:1    +
   85    90  0   3.3%   0.596 CG:1    UA:5    +
   71   100  1   3.5%   1.407 GC:1    GU:1    AU:3    +
  102   130  0   2.7%   1.003 GC:3    GU:3    +
  138   149  1   4.2%   1.674 CG:4    --:1    +
  138   151  0   3.6%   2.153 CG:6    +
   85    89  1   4.0%   0.426 UA:5    +
   46   102  3   4.0%   0.759 CG:1    UG:2    +
   73    98  2   3.7%   0.496 GC:1    UA:3    +
   70   101  0   2.4%   1.211 GU:4    AU:2    +
  137   152  0   3.3%   1.930 AU:6    +
   83    90  1   3.2%   0.386 UG:1    UA:4    +
   58    88  0   0.2%   0.665 CG:3    GC:1    UG:1    AU:1    +
  137   150  1   3.7%   1.912 AU:5    +
    5    41  1   3.6%   0.520 GC:5    +
  126   146  0   1.1%   0.759 CG:1    AU:1    UA:4    +
   73   124  0   0.1%   0.256 CG:1    GC:1    UG:1    UA:3    +
   55    73  0   0.1%   0.831 GC:1    GU:3    UG:1    AU:1    +
   18    29  2   3.7%   0.490 UA:4    +
   49    61  0   0.0%   0.363 GC:1    GU:3    AU:1    UA:1    +
   49   126  0   0.0%   0.467 GC:1    GU:3    AU:1    UA:1    +
   58   132  0   0.0%   0.851 CG:3    GC:1    UG:1    AU:1    +
   30   155  0   0.0%   0.850 CG:1    GC:3    GU:1    AU:1    +
   57    74  0   1.9%   0.911 UG:2    UA:4    +
  104   128  1   2.8%   1.081 GC:1    GU:4    +
  111   132  1   2.3%   0.776 CG:3    UG:1    AU:1    +
   67    74  0   1.7%   0.654 UG:2    UA:4    +
    4   128  3   3.2%   0.484 GU:2    AU:1    +
  105   127  1   3.1%   0.931 AU:5    +
  105   125  1   3.1%   0.450 AU:5    +
  101   131  0   2.5%   1.044 UA:6    +
   17    29  0   1.5%   0.236 UG:1    UA:5    +
    2   147  0   0.5%   0.696 GC:1    GU:4    AU:1    +
  121   129  0   0.5%   0.716 CG:1    UG:4    UA:1    +
   71   101  0   1.5%   1.309 GU:2    AU:4    +
  139   148  3   2.9%   0.927 CG:2    UG:1    +
  136   151  1   2.4%   1.823 CG:1    UG:4    +
  106   149  0   0.4%   0.720 CG:1    UG:3    UA:1    --:1    +
   49   133  1   1.8%   0.737 GU:3    AU:1    UA:1    +
    8    18  0   0.3%   0.065 GU:4    UG:1    UA:1    +
   21    25  1   2.8%   0.433 CG:5    +
    2   109  0   0.3%   0.123 GC:1    GU:4    AU:1    +
   50   120  0   0.3%   0.449 CG:4    GC:1    UA:1    +
    7   148  1   1.3%   0.296 CG:1    UG:2    AU:1    UA:1    +
  120   125  0   0.2%   0.520 CG:1    GU:4    AU:1    +
  128   146  0   0.2%   0.744 CG:1    GU:1    UA:4    +
   20    26  2   2.8%   0.432 GC:4    +
    5    21  0   2.2%   0.250 GC:6    +
    4    22  2   2.1%   0.249 GC:1    GU:1    AU:2    +
   74    99  0   1.1%   0.885 GU:2    AU:4    +
  106   114  0   0.1%   0.187 CG:2    UG:2    UA:2    +
   74   123  0   0.1%   0.333 GC:1    GU:1    AU:4    +
  129   147  0   0.1%   1.276 GC:1    GU:4    AU:1    +
    2   106  0   0.0%   0.080 GC:2    GU:3    AU:1    +
    2    31  0   0.0%   0.057 GC:1    GU:4    AU:1    +
  125   148  0   0.0%   0.857 GU:1    UG:4    UA:1    +
   20    31  0   0.0%   0.509 GC:1    GU:4    AU:1    +
   10    20  0   0.0%   0.108 CG:1    UG:4    UA:1    +
  116   130  0   0.0%   0.802 GC:3    GU:2    AU:1    +
  127   148  0   0.0%   1.056 UG:4    AU:1    UA:1    +
   25    31  0   0.0%   0.401 GC:1    GU:4    AU:1    +
   31    74  0   0.0%   0.264 CG:1    UG:1    UA:4    +
  112   148  0   0.0%   0.742 UG:4    AU:1    UA:1    +
   83    87  0   0.0%   0.031 GC:1    UG:4    UA:1    +
  109   114  0   0.0%   0.087 CG:1    UG:3    UA:2    +
   14    20  0   0.0%   0.093 CG:1    UG:4    UA:1    +
  116   123  0   0.0%   0.188 GC:1    GU:4    AU:1    +
    2    10  0   0.0%   0.010 GC:1    GU:4    AU:1    +
  109   116  0   0.0%   0.078 CG:1    UG:4    UA:1    +
   63    85  0   0.0%   0.885 GC:1    GU:4    AU:1    +
  115   145  0   0.0%   0.314 GU:1    AU:4    UA:1    +
    2   123  0   0.0%   0.092 GC:1    GU:4    AU:1    +
  114   123  0   0.0%   0.196 GC:1    GU:3    AU:2    +
  114   121  0   0.0%   0.211 GC:1    GU:3    AU:2    +
   74   147  0   0.0%   0.639 GC:1    GU:1    AU:4    +
   52    93  0   0.0%   0.503 GC:1    GU:1    UA:4    +
   10   129  0   0.0%   0.430 CG:1    UG:4    UA:1    +
   50    84  0   0.0%   0.398 CG:4    GC:1    UG:1    +
   61   146  0   0.0%   0.705 CG:1    AU:1    UA:4    +
    2    14  0   0.0%   0.009 GC:1    GU:4    AU:1    +
   74   109  0   0.0%   0.346 GC:1    GU:1    AU:4    +
   32   147  0   0.0%   0.471 GC:1    GU:1    AU:4    +
   14    25  0   0.0%   0.041 CG:1    UG:4    UA:1    +
   63   130  0   0.0%   1.251 GC:3    GU:2    AU:1    +
   34   116  0   0.0%   0.037 CG:1    UG:4    UA:1    +
  121   149  0   0.0%   0.648 CG:1    UG:3    UA:1    --:1    +
   25   130  0   0.0%   0.475 GC:3    GU:2    AU:1    +
   10    70  0   0.0%   0.114 CG:1    UG:3    UA:2    +
   20   130  0   0.0%   0.584 GC:3    GU:2    AU:1    +
  110   147  0   0.0%   0.674 GC:1    GU:4    AU:1    +
   50    87  0   0.0%   0.398 CG:4    GC:1    UA:1    +
   59   149  0   0.0%   1.297 CG:2    UG:2    UA:1    --:1    +
   87    97  0   0.0%   0.034 CG:1    GC:4    AU:1    +
    2   121  0   0.0%   0.091 GC:1    GU:4    AU:1    +
   10    25  0   0.0%   0.067 CG:1    UG:4    UA:1    +
   85   116  0   0.0%   0.319 CG:1    UG:4    UA:1    +
   34   149  0   0.0%   0.104 CG:1    UG:3    UA:1    --:1    +
   49   145  0   0.0%   0.558 GU:4    AU:1    UA:1    +
   63    94  0   0.0%   0.881 GC:3    GU:2    AU:1    +
   36   147  0   0.0%   0.124 GC:1    GU:4    AU:1    +
   84    97  0   0.0%   0.049 CG:1    GC:4    GU:1    +
   52    88  0   0.0%   0.502 GC:1    GU:1    UG:4    +
  114   147  0   0.0%   0.580 GC:1    GU:3    AU:2    +
  104   126  1   1.9%   0.696 GC:1    GU:4    +
  111   129  2   2.2%   0.797 CG:3    UG:1    +
   67   105  0   1.9%   0.654 UA:6    +
   50   132  1   1.8%   0.734 CG:4    GU:1    +
    3    23  0   1.8%   0.219 UA:6    +
   68   104  0   1.8%   1.328 UG:6    +
   19    27  1   2.3%   0.314 UG:5    +
  107   119  0   0.7%   0.224 UG:1    UA:5    +
   66    75  0   1.7%   0.326 AU:6    +
   74   100  1   1.2%   1.004 GC:1    GU:1    AU:3    +
    6    20  1   2.2%   0.255 CG:5    +
   69   103  0   1.6%   1.251 UG:6    +
  112   131  1   2.1%   0.923 UA:5    +
   60    70  0   0.6%   0.673 UG:4    UA:2    +
   51   131  0   1.6%   0.927 UA:6    +
  109   131  1   2.1%   0.846 UA:5    +
   60   114  0   0.5%   0.764 UG:4    UA:2    +
   72   100  1   1.5%   1.254 GC:1    AU:4    +
    1    29  0   0.4%   0.089 UG:1    UA:5    +
  101   129  0   0.4%   0.849 UG:5    UA:1    +
   65   107  0   1.3%   0.491 AU:6    +
   60    72  0   0.3%   1.085 UG:1    UA:5    +
   67    72  0   0.3%   0.749 UG:1    UA:5    +
   51   119  0   0.3%   0.542 UG:1    UA:5    +
    6   132  2   1.9%   0.543 CG:4    +
   63    69  0   0.3%   1.533 GU:5    AU:1    +
    5   106  0   0.3%   0.323 GC:2    GU:4    +
   46   136  2   1.6%   0.909 CG:1    AU:3    +
    9   129  0   0.2%   0.555 UG:5    UA:1    +
   47   101  0   1.2%   1.139 GU:6    +
   67    80  0   0.2%   0.427 UG:4    UA:2    +
   70    75  0   0.2%   0.797 GU:4    AU:2    +
   17    32  0   0.2%   0.759 UG:2    UA:4    +
  110   133  2   1.8%   0.614 GU:4    +
   63    67  0   0.2%   0.797 GU:5    AU:1    +
   47    59  0   0.1%   0.394 GC:3    GU:3    +
  130   151  0   0.1%   1.711 CG:3    UG:3    +
    1   110  0   0.1%   0.078 UG:5    UA:1    +
   47   135  2   1.8%   1.371 GC:4    +
   66   106  2   1.8%   0.428 AU:4    +
  129   152  0   0.1%   1.609 GU:5    AU:1    +
   52    64  0   0.1%   0.246 GU:2    UA:4    +
   76   100  1   0.1%   0.744 GC:1    GU:1    UG:1    AU:2    +
    9    25  0   0.1%   0.073 UG:5    UA:1    +
   51    72  0   0.1%   0.499 UG:1    UA:5    +
    1    25  0   0.1%   0.020 UG:5    UA:1    +
   57    90  0   0.1%   0.784 UG:1    UA:5    +
    3    25  0   0.1%   0.096 UG:5    UA:1    +
   68    74  0   0.1%   0.904 UG:2    UA:4    +
   72   101  0   0.1%   1.040 GU:1    AU:5    +
   69    74  0   0.1%   0.869 UG:2    UA:4    +
   48   134  3   1.8%   1.045 AU:3    +
   74   101  0   0.0%   0.750 GU:2    AU:4    +
   57    71  0   0.0%   0.929 UG:2    UA:4    +
   69   102  0   1.0%   1.097 UG:6    +
    9    20  0   0.0%   0.105 UG:5    UA:1    +
   57    63  0   0.0%   0.671 UG:5    UA:1    +
   13    17  0   0.0%   0.023 GU:1    AU:5    +
  104   130  0   0.0%   1.136 GC:3    GU:3    +
  125   149  0   0.0%   0.836 UG:4    UA:1    --:1    +
  147   151  0   0.0%   1.371 CG:1    UG:5    +
   13    31  0   0.0%   0.026 GC:1    AU:5    +
    2   152  0   0.0%   0.653 GU:5    AU:1    +
    1    32  0   0.0%   0.048 UG:2    UA:4    +
  127   149  0   0.0%   1.035 UG:4    UA:1    --:1    +
   68    72  0   0.0%   1.111 UG:1    UA:5    +
   47   123  0   0.0%   0.824 GC:1    GU:5    +
   59   103  0   0.0%   1.122 CG:3    UG:3    +
  107   116  0   0.0%   0.137 UG:5    UA:1    +
   57    72  0   0.0%   0.689 UG:1    UA:5    +
   63    75  0   0.0%   0.906 GU:5    AU:1    +
   95   106  0   0.0%   0.136 GC:2    GU:4    +
   71    75  0   0.0%   0.767 GU:2    AU:4    +
   15    29  0   0.0%   0.042 UG:1    UA:5    +
   51    70  0   0.0%   0.263 UG:4    UA:2    +
   33    72  0   0.0%   0.059 UG:1    UA:5    +
   67    71  0   0.0%   0.939 UG:2    UA:4    +
   36    69  0   0.0%   0.097 GU:5    AU:1    +
  109   151  0   0.0%   1.073 CG:1    UG:5    +
  103   130  0   0.0%   0.904 GC:3    GU:3    +
   57   119  0   0.0%   0.830 UG:1    UA:5    +
  109   119  0   0.0%   0.134 CG:1    UA:5    +
    5    38  0   0.0%   0.121 GC:5    GU:1    +
   60    74  0   0.0%   0.764 UG:2    UA:4    +
  106   151  0   0.0%   0.969 CG:2    UG:4    +
    9    36  0   0.0%   0.033 UG:5    UA:1    +
   71    99  0   0.0%   1.051 GU:2    AU:4    +
   81    90  0   0.0%   0.023 UG:1    UA:5    +
    2     9  0   0.0%   0.009 GU:5    AU:1    +
    3   149  0   0.0%   0.717 UG:4    UA:1    --:1    +
    1   149  0   0.0%   0.251 UG:4    UA:1    --:1    +
    3    29  0   0.0%   0.127 UG:1    UA:5    +
  123   149  0   0.0%   0.779 UG:4    UA:1    --:1    +
    5    31  0   0.0%   0.122 GC:1    GU:5    +
  107   114  0   0.0%   0.142 UG:4    UA:2    +
   36   152  0   0.0%   0.457 GU:5    AU:1    +
    5    14  0   0.0%   0.004 GC:1    GU:5    +
    1   119  0   0.0%   0.074 UG:1    UA:5    +
    2    17  0   0.0%   0.010 GU:5    AU:1    +
    1   129  0   0.0%   0.074 UG:5    UA:1    +
    8   133  0   0.0%   0.338 GU:4    UA:2    +
  107   129  0   0.0%   0.721 UG:5    UA:1    +
   51    74  0   0.0%   0.490 UG:2    UA:4    +
   59   104  0   0.0%   1.188 CG:3    UG:3    +
   80    96  0   0.0%   0.023 GU:4    AU:2    +
   69    80  0   0.0%   0.693 UG:4    UA:2    +
   49   139  1   0.0%   0.588 GC:2    GU:1    AU:1    UA:1    +
  123   151  0   0.0%   1.057 CG:1    UG:5    +
   29    33  0   0.0%   0.397 GU:1    AU:5    +
    5   147  0   0.0%   0.964 GC:1    GU:5    +
   57   116  0   0.0%   0.796 UG:5    UA:1    +
   11    34  0   0.0%   0.033 GC:1    GU:5    +
    5   121  0   0.0%   0.318 GC:1    GU:5    +
  121   151  0   0.0%   0.926 CG:1    UG:5    +
   63   107  0   0.0%   0.903 GU:5    AU:1    +
   25   152  0   0.0%   0.502 GU:5    AU:1    +
    3    32  0   0.0%   0.107 UG:2    UA:4    +
    5    10  0   0.0%   0.004 GC:1    GU:5    +
   42   127  0   0.0%   0.137 AU:5    UA:1    +
   59    77  0   0.0%   0.822 CG:3    UG:3    +
    2    33  0   0.0%   0.052 GU:5    AU:1    +
   68   129  0   0.0%   1.157 UG:5    UA:1    +
    1   116  0   0.0%   0.072 UG:5    UA:1    +
   67    90  0   0.0%   0.411 UG:1    UA:5    +
   51    90  0   0.0%   0.488 UG:1    UA:5    +
   42   125  0   0.0%   0.075 UG:1    AU:5    +
   57    70  0   0.0%   0.956 UG:4    UA:2    +
   58    91  1   0.0%   0.654 CG:2    GC:1    UG:1    AU:1    +
   71   106  0   0.0%   0.945 GC:2    AU:4    +
    3   110  0   0.0%   0.142 UG:5    UA:1    +
   38   104  0   0.0%   0.215 CG:5    UG:1    +
    3    13  0   0.0%   0.001 UG:1    UA:5    +
   70   107  0   0.0%   0.842 GU:4    AU:2    +
   27    34  0   0.0%   0.215 GC:1    GU:5    +
   11    38  0   0.0%   0.271 GC:5    GU:1    +
   10    27  0   0.0%   0.068 CG:1    UG:5    +
   11   130  0   0.0%   0.396 GC:3    GU:3    +
  109   149  0   0.0%   0.802 UG:4    UA:1    --:1    +
    1   114  0   0.0%   0.061 UG:4    UA:2    +
   15    20  0   0.0%   0.100 UG:5    UA:1    +
    9    13  0   0.0%   0.003 UG:1    UA:5    +
    1    36  0   0.0%   0.043 UG:5    UA:1    +
   64   133  0   0.0%   0.446 AU:4    UA:2    +
   59   102  0   0.0%   1.102 CG:3    UG:3    +
   25    33  0   0.0%   0.193 GU:5    AU:1    +
   69   129  0   0.0%   1.140 UG:5    UA:1    +
  104   123  0   0.0%   0.458 GC:1    GU:5    +
   72    81  0   0.0%   0.432 GU:1    AU:5    +
    2    15  0   0.0%   0.009 GU:5    AU:1    +
    2   107  0   0.0%   0.074 GU:5    AU:1    +
    9   149  0   0.0%   0.301 UG:4    UA:1    --:1    +
   27   147  0   0.0%   0.216 GC:1    GU:5    +
   99   129  0   0.0%   0.937 UG:5    UA:1    +
  104   109  0   0.0%   0.481 GC:1    GU:5    +
   47   147  0   0.0%   1.220 GC:1    GU:5    +
   63   101  0   0.0%   1.151 GU:5    AU:1    +
   60   116  0   0.0%   0.740 UG:5    UA:1    +
   74    81  0   0.0%   0.221 GU:2    AU:4    +
    3   119  0   0.0%   0.159 UG:1    UA:5    +
   75    80  0   0.0%   0.134 UG:4    UA:2    +
   38    47  0   0.0%   0.211 CG:5    UG:1    +
   27    31  0   0.0%   0.439 GC:1    GU:5    +
   31   119  0   0.0%   0.262 CG:1    UA:5    +
  102   109  0   0.0%   0.357 GC:1    GU:5    +
   63    99  0   0.0%   1.279 GU:5    AU:1    +
   67   129  0   0.0%   0.842 UG:5    UA:1    +
  101   119  0   0.0%   0.458 UG:1    UA:5    +
   68   114  0   0.0%   0.849 UG:4    UA:2    +
   60   110  0   0.0%   0.724 UG:5    UA:1    +
    3    20  0   0.0%   0.002 UG:5    UA:1    +
   42    86  0   0.0%   0.022 UG:1    AU:5    +
  103   123  0   0.0%   0.406 GC:1    GU:5    +
   13    67  0   0.0%   0.065 GU:1    AU:5    +
   42   112  0   0.0%   0.099 AU:5    UA:1    +
   99   149  0   0.0%   1.039 UG:4    UA:1    --:1    +
   15    36  0   0.0%   0.345 UG:5    UA:1    +
   29   121  0   0.0%   0.344 GC:1    AU:5    +
   99   119  0   0.0%   0.614 UG:1    UA:5    +
   68   116  0   0.0%   0.849 UG:5    UA:1    +
    9    71  0   0.0%   0.213 UG:2    UA:4    +
   70    99  0   0.0%   1.072 GU:4    AU:2    +
   17    25  0   0.0%   0.055 UG:5    UA:1    +
  102   106  0   0.0%   0.446 GC:2    GU:4    +
  103   109  0   0.0%   0.426 GC:1    GU:5    +
   75   149  0   0.0%   0.618 UG:4    UA:1    --:1    +
   29   147  0   0.0%   0.373 GC:1    AU:5    +
   51   129  0   0.0%   0.833 UG:5    UA:1    +
   72   152  0   0.0%   1.274 GU:1    AU:5    +
   74   106  0   0.0%   0.435 GC:2    AU:4    +
  101   110  0   0.0%   0.481 UG:5    UA:1    +
    3   114  0   0.0%   0.157 UG:4    UA:2    +
   29    51  0   0.0%   0.344 GU:1    AU:5    +
    3    74  0   0.0%   0.112 UG:2    UA:4    +
    2    75  0   0.0%   0.070 GU:5    AU:1    +
    2    99  0   0.0%   0.070 GU:5    AU:1    +
    2    67  0   0.0%   0.070 GU:5    AU:1    +
    5   123  0   0.0%   0.317 GC:1    GU:5    +
   77   121  0   0.0%   0.054 GC:1    GU:5    +
   68    80  0   0.0%   0.718 UG:4    UA:2    +
   71    96  0   0.0%   0.645 GU:2    AU:4    +
  107   149  0   0.0%   0.846 UG:4    UA:1    --:1    +
   71   107  0   0.0%   0.907 GU:2    AU:4    +
  119   152  0   0.0%   1.050 GU:1    AU:5    +
   15   119  0   0.0%   0.260 UG:1    UA:5    +
   11    31  0   0.0%   0.035 GC:1    GU:5    +
  116   152  0   0.0%   0.914 GU:5    AU:1    +
   77   106  0   0.0%   0.148 GC:2    GU:4    +
    1    13  0   0.0%   0.001 UG:1    UA:5    +
   27    38  0   0.0%   0.395 GC:5    GU:1    +
   57   129  0   0.0%   1.152 UG:5    UA:1    +
    3    36  0   0.0%   0.104 UG:5    UA:1    +
   67   149  0   0.0%   0.930 UG:4    UA:1    --:1    +
  104   147  0   0.0%   1.020 GC:1    GU:5    +
  110   152  0   0.0%   0.998 GU:5    AU:1    +
   99   116  0   0.0%   0.630 UG:5    UA:1    +
    3    72  0   0.0%   0.112 UG:1    UA:5    +
   27   123  0   0.0%   0.186 GC:1    GU:5    +
  101   114  0   0.0%   0.476 UG:4    UA:2    +
  120   130  1   0.5%   0.822 GC:3    GU:1    AU:1    +
  104   127  1   1.4%   0.834 GU:5    +
   50    63  1   0.9%   0.493 CG:4    UG:1    +
    5   127  1   1.4%   0.501 GU:5    +
    5   138  0   0.8%   1.357 GC:6    +
   49    73  1   0.8%   0.489 GU:4    UG:1    +
  129   136  1   0.3%   1.022 GC:1    GU:3    AU:1    +
    6   149  1   1.3%   0.559 CG:4    --:1    +
   62    73  1   0.8%   0.813 CG:1    AU:4    +
  102   128  1   0.8%   0.578 GC:1    GU:4    +
   61    74  1   0.8%   0.801 CG:1    UA:4    +
  115   126  1   0.2%   0.416 GU:1    AU:3    UA:1    +
  100   132  3   1.5%   1.026 UG:3    +
   75    98  3   1.5%   0.442 UA:3    +
    7   131  3   1.5%   0.380 UA:3    +
   68   103  0   0.7%   1.098 UG:6    +
  114   126  1   0.2%   0.383 GC:1    GU:2    AU:2    +
   84    92  1   0.7%   0.136 GC:4    GU:1    +
    2   155  1   0.2%   0.683 GC:3    GU:1    AU:1    +
   49    58  1   0.2%   0.735 GC:3    UG:1    AU:1    +
  115   128  1   0.2%   0.763 GU:1    UG:1    AU:3    +
   59    71  1   0.7%   0.743 CG:2    UA:3    +
  121   148  1   0.2%   0.680 CG:1    UG:3    UA:1    +
    7   149  1   0.1%   0.249 CG:1    UG:2    UA:1    --:1    +
    7   132  1   0.1%   0.206 CG:1    UG:3    AU:1    +
   59    70  1   0.1%   0.696 CG:2    UG:2    UA:1    +
   57    66  0   0.6%   0.736 UA:6    +
   49    99  1   0.6%   0.871 GU:4    AU:1    +
   55   130  1   0.1%   1.172 GC:3    GU:1    AU:1    +
  132   155  1   0.1%   0.861 CG:1    GC:3    GU:1    +
  133   148  1   0.0%   0.776 UG:3    AU:1    UA:1    +
  100   114  1   0.0%   0.694 CG:1    UG:3    UA:1    +
   52   124  1   0.0%   0.538 GC:1    UG:2    UA:2    +
    5   150  1   1.0%   1.084 GU:5    +
   83    93  1   0.5%   0.396 GC:1    UA:4    +
    2    28  1   0.5%   0.103 GC:4    AU:1    +
  114   130  1   0.0%   0.785 GC:2    GU:2    AU:1    +
  124   128  1   0.0%   0.987 CG:1    GU:2    AU:2    +
    4    10  1   0.0%   0.005 GC:1    GU:1    AU:3    +
   59   114  1   0.0%   0.854 CG:2    UG:2    UA:1    +
   70   100  1   0.0%   1.082 GC:1    GU:2    AU:2    +
   63    73  1   0.0%   0.964 GC:1    GU:3    AU:1    +
   43   132  1   0.0%   0.284 CG:3    UG:1    AU:1    +
  110   136  1   0.0%   0.747 GC:1    GU:3    AU:1    +
   70    79  1   0.0%   0.670 GC:3    GU:1    AU:1    +
   40   148  1   0.0%   0.155 CG:3    UG:1    AU:1    +
    2   128  1   0.0%   0.094 GC:1    GU:3    AU:1    +
  106   124  2   0.8%   0.296 UG:2    UA:2    +
    8    28  1   0.0%   0.082 GC:3    GU:1    UA:1    +
  115   133  1   0.0%   0.497 GU:1    AU:3    UA:1    +
   10    37  1   0.0%   0.295 CG:1    UG:1    UA:3    +
   88   111  1   0.0%   0.075 GC:3    GU:1    UA:1    +
   49   111  1   0.0%   0.472 GC:3    AU:1    UA:1    +
   49    85  1   0.0%   0.410 GC:1    GU:3    AU:1    +
    2   126  1   0.0%   0.092 GC:1    GU:3    AU:1    +
   55   111  1   0.0%   0.830 GC:3    GU:1    UA:1    +
   61   114  1   0.0%   0.708 CG:1    UG:2    UA:2    +
    8    43  1   0.0%   0.266 GC:3    GU:1    UA:1    +
   70   128  1   0.0%   0.899 GC:1    GU:3    AU:1    +
   73   110  1   0.0%   0.286 CG:1    UG:3    UA:1    +
    8   155  1   0.0%   0.542 GC:3    GU:1    UG:1    +
  100   116  1   0.0%   0.689 CG:1    UG:3    UA:1    +
   70   130  1   0.0%   1.106 GC:2    GU:2    AU:1    +
  129   155  1   0.0%   1.342 GC:3    GU:1    AU:1    +
   43   148  1   0.0%   0.615 CG:2    UG:2    AU:1    +
  106   148  1   0.0%   0.671 CG:1    UG:3    UA:1    +
   79   120  1   0.0%   0.027 CG:3    UG:1    UA:1    +
   55    94  1   0.0%   0.805 GC:3    GU:1    AU:1    +
   49   130  1   0.0%   0.795 GC:3    GU:1    AU:1    +
   73   132  1   0.0%   0.417 CG:1    GC:1    UG:3    +
   16    34  1   0.0%   0.310 GC:1    GU:1    AU:3    +
   30    34  1   0.0%   0.627 GC:1    GU:3    AU:1    +
   61   115  1   0.0%   0.718 UG:1    AU:1    UA:3    +
   55    85  1   0.0%   0.790 GC:1    GU:3    AU:1    +
   59   148  1   0.0%   1.309 CG:2    UG:2    UA:1    +
   76   136  1   0.0%   0.511 GU:2    UG:1    AU:2    +
  116   136  1   0.0%   0.683 GC:1    GU:3    AU:1    +
   87    94  1   0.0%   0.040 GC:3    GU:1    AU:1    +
   49   123  1   0.0%   0.463 GC:1    GU:3    AU:1    +
   31    49  1   0.0%   0.260 CG:1    UG:3    UA:1    +
   73   146  1   0.0%   0.275 GU:1    UG:1    UA:3    +
   70   136  1   0.0%   1.180 GC:1    GU:2    AU:2    +
   63   136  1   0.0%   1.327 GC:1    GU:3    AU:1    +
   58    82  1   0.0%   0.630 CG:3    GU:1    AU:1    +
   10   124  1   0.0%   0.114 CG:1    UG:1    UA:3    +
   79    87  1   0.0%   0.015 CG:3    UG:1    UA:1    +
   37    85  1   0.0%   0.183 GC:1    GU:1    AU:3    +
   32   106  1   0.0%   0.458 GC:1    GU:1    AU:3    +
   40   103  1   0.5%   0.119 CG:4    UG:1    +
    3   146  1   0.5%   0.766 UG:1    UA:4    +
   58    63  2   0.8%   0.765 CG:3    UG:1    +
   57   117  0   0.4%   0.855 UA:6    +
  103   127  1   0.9%   0.607 GU:5    +
   53    60  0   0.4%   0.074 AU:6    +
  103   128  1   0.4%   0.675 GC:1    GU:4    +
  107   148  1   0.4%   0.880 UG:4    UA:1    +
    3    27  0   0.4%   0.149 UG:6    +
   56    63  2   0.7%   0.687 CG:3    UG:1    +
  109   146  1   0.4%   0.424 CG:1    UA:4    +
   37   155  2   0.0%   0.901 CG:1    GC:1    GU:1    AU:1    +
   86    90  1   0.3%   0.295 UG:1    UA:4    +
   61    71  1   0.3%   1.256 CG:1    UA:4    +
   67   104  0   0.3%   0.814 UG:6    +
    5    40  1   0.3%   0.200 GC:4    GU:1    +
    4   134  2   0.3%   0.346 GU:1    AU:2    UA:1    +
    1   148  1   0.3%   0.284 UG:4    UA:1    +
  119   126  1   0.3%   0.885 GC:1    AU:4    +
    3   108  0   0.3%   0.166 UA:6    +
    4   107  1   0.3%   0.153 GU:2    AU:3    +
  113   128  1   0.3%   0.652 CG:1    AU:4    +
   51    62  1   0.8%   0.114 UA:5    +
   52   118  2   0.3%   0.557 GC:1    GU:1    UA:2    +
   48   100  2   0.9%   1.238 AU:4    +
  114   127  1   0.3%   0.419 GU:3    AU:2    +
   49   121  1   0.3%   0.490 GU:4    AU:1    +
  110   145  1   0.3%   0.388 GU:4    AU:1    +
   60    65  0   0.2%   0.540 UA:6    +
  109   134  3   1.0%   0.547 UA:3    +
  119   128  1   0.2%   0.902 GC:1    AU:4    +
    3   131  0   0.2%   0.498 UA:6    +
  109   117  1   0.7%   0.173 UA:5    +
   48    67  0   0.2%   0.396 AU:6    +
   47    68  0   0.2%   0.422 GU:6    +
   15    30  1   0.2%   0.059 UG:4    UA:1    +
   99   131  0   0.2%   0.922 UA:6    +
  118   129  2   0.2%   0.971 CG:1    UG:2    UA:1    +
   43   149  1   0.2%   0.640 CG:2    UG:2    --:1    +
  120   127  1   0.2%   0.726 GU:4    AU:1    +
   66    81  0   0.2%   0.186 AU:6    +
    5   133  2   0.9%   0.661 GU:4    +
   64    83  1   0.2%   0.333 UG:1    AU:4    +
    4   139  3   0.7%   0.742 GC:1    AU:2    +
    4   130  1   0.2%   0.451 GC:2    AU:3    +
  116   127  1   0.2%   0.748 GU:4    AU:1    +
  123   146  1   0.2%   0.399 CG:1    UA:4    +
  116   125  1   0.2%   0.207 GU:4    AU:1    +
  107   131  0   0.2%   0.780 UA:6    +
    5   111  2   0.5%   0.370 GC:3    GU:1    +
    1   115  1   0.2%   0.093 UG:1    UA:4    +
   60    66  0   0.2%   0.353 UA:6    +
    6    27  0   0.2%   0.169 CG:6    +
    5    28  1   0.2%   0.165 GC:4    GU:1    +
  117   152  0   0.2%   0.978 AU:6    +
  124   145  1   0.2%   0.521 GU:2    AU:3    +
    4   112  2   0.5%   0.199 GU:2    AU:2    +
  119   150  1   0.2%   1.150 GU:1    AU:4    +
   57    89  0   0.1%   0.787 UA:6    +
    9    16  1   0.1%   0.033 UG:2    UA:3    +
   49    67  1   0.1%   0.400 GU:4    AU:1    +
   57   115  1   0.1%   0.815 UG:1    UA:4    +
   48    68  0   0.1%   0.410 AU:6    +
  125   132  1   0.1%   0.726 GU:1    UG:4    +
  133   146  1   0.1%   0.423 AU:1    UA:4    +
   65    75  0   0.1%   0.323 AU:6    +
  116   155  1   0.1%   0.691 GC:3    GU:2    +
   59    74  1   0.1%   0.897 CG:2    UA:3    +
   47    69  0   0.1%   0.432 GU:6    +
   55   126  1   0.1%   0.839 GU:4    UA:1    +
   63   111  2   0.5%   0.984 GC:3    GU:1    +
   58   116  2   0.5%   0.737 CG:3    UG:1    +
   11    21  0   0.1%   0.128 GC:6    +
   57    62  1   0.6%   0.705 UA:5    +
   11    15  0   0.1%   0.027 GU:6    +
   83    88  1   0.1%   0.052 GU:1    UG:4    +
   54    67  0   0.1%   0.288 AU:6    +
   69    78  0   0.1%   0.702 UA:6    +
   87    92  1   0.1%   0.101 GC:4    AU:1    +
   51    65  0   0.1%   0.250 UA:6    +
  129   145  1   0.1%   0.972 GU:4    AU:1    +
    1    27  0   0.1%   0.029 UG:6    +
   54    75  0   0.1%   0.547 AU:6    +
    8    26  1   0.1%   0.086 GC:4    UA:1    +
   47   138  0   0.1%   1.300 GC:6    +
   53    68  0   0.1%   0.293 AU:6    +
   86    93  1   0.1%   0.084 GC:1    UA:4    +
    9    24  0   0.1%   0.055 UA:6    +
  106   129  1   0.1%   0.589 CG:1    UG:4    +
   11    22  1   0.1%   0.126 GC:2    GU:3    +
  107   137  0   0.1%   0.744 UA:6    +
   16    33  1   0.1%   0.334 GU:2    AU:3    +
    8   130  2   0.4%   0.639 GC:3    GU:1    +
    8    40  1   0.1%   0.297 GC:4    UA:1    +
  102   136  1   0.1%   0.896 GC:1    GU:4    +
    6   104  0   0.1%   0.138 CG:6    +
   55    75  1   0.1%   0.805 GU:4    AU:1    +
  105   121  1   0.6%   0.201 AU:5    +
    8    41  1   0.1%   0.398 GC:4    UG:1    +
  101   137  0   0.1%   0.920 UA:6    +
    1   137  0   0.1%   0.237 UA:6    +
   71   126  1   0.1%   0.853 GC:1    AU:4    +
  127   132  1   0.1%   0.918 UG:4    AU:1    +
   55   121  1   0.1%   0.833 GU:4    AU:1    +
    3   151  0   0.0%   0.727 UG:6    +
   12    17  0   0.0%   0.021 AU:6    +
  114   118  2   0.0%   0.323 GC:1    GU:1    AU:2    +
  104   138  0   0.0%   1.104 GC:6    +
   54    69  0   0.0%   0.816 AU:6    +
  145   149  1   0.0%   0.692 UG:3    UA:1    --:1    +
   55    60  1   0.0%   0.782 GU:4    AU:1    +
   70   127  1   0.0%   0.850 GU:3    AU:2    +
   40   132  1   0.0%   0.171 CG:4    AU:1    +
   55    68  1   0.0%   1.077 GU:4    AU:1    +
    3   105  0   0.0%   0.122 UA:6    +
   52   122  2   0.0%   0.536 GC:1    UG:1    UA:2    +
  103   138  0   0.0%   0.870 GC:6    +
  124   147  1   0.0%   0.823 GU:2    AU:3    +
   76   121  2   0.0%   0.124 GC:1    GU:1    AU:2    +
   65    69  0   0.0%   0.922 AU:6    +
    9   148  1   0.0%   0.317 UG:4    UA:1    +
  136   149  1   0.0%   1.263 CG:1    UG:3    --:1    +
   68    77  0   0.0%   0.713 UG:6    +
   69    77  0   0.0%   0.686 UG:6    +
   51    66  0   0.0%   0.245 UA:6    +
   68    78  0   0.0%   0.715 UA:6    +
   45   151  0   0.0%   1.002 CG:6    +
    5   126  1   0.0%   0.327 GC:1    GU:4    +
  128   132  1   0.0%   0.930 GC:1    UG:4    +
  146   152  1   0.0%   0.977 GU:1    AU:4    +
   99   115  1   0.0%   0.645 UG:1    UA:4    +
   48    60  0   0.0%   0.365 AU:6    +
    1    24  0   0.0%   0.009 UA:6    +
   66    99  0   0.0%   0.569 AU:6    +
  144   154  0   0.0%   0.012 GC:1    --:5    +
  143   154  0   0.0%   0.009 GC:1    --:5    +
   47    61  1   0.0%   0.386 GC:1    GU:4    +
    1   146  1   0.0%   0.236 UG:1    UA:4    +
   97   104  1   0.0%   0.463 CG:4    UG:1    +
   61    72  1   0.0%   0.998 CG:1    UA:4    +
    3    30  1   0.0%   0.108 UG:4    UA:1    +
   96   105  0   0.0%   0.093 UA:6    +
   67    78  0   0.0%   0.399 UA:6    +
   13    34  1   0.0%   0.100 GU:1    AU:4    +
    5   155  1   0.0%   1.598 GC:3    GU:2    +
  134   146  2   0.0%   0.361 UG:1    AU:1    UA:2    +
    9   146  1   0.0%   0.262 UG:1    UA:4    +
   55    61  1   0.0%   0.763 GU:4    UA:1    +
  144   153  0   0.0%   0.009 GU:1    --:5    +
   49    75  1   0.0%   0.417 GU:4    AU:1    +
   57   105  0   0.0%   0.783 UA:6    +
  130   149  1   0.0%   1.415 CG:2    UG:2    --:1    +
    7    16  2   0.0%   0.008 UG:1    AU:1    UA:2    +
   49    57  1   0.0%   0.695 GU:4    AU:1    +
    5    45  0   0.0%   0.279 GC:6    +
    4   152  1   0.0%   0.704 GU:2    AU:3    +
  129   139  2   0.0%   0.976 GC:2    GU:1    AU:1    +
   60   102  0   0.0%   0.952 UG:6    +
  116   128  1   0.0%   0.736 GC:1    GU:4    +
   40   104  1   0.0%   0.100 CG:4    UG:1    +
   34    71  1   0.0%   0.039 UG:2    UA:3    +
   57    78  0   0.0%   0.762 UA:6    +
    4    46  2   0.0%   0.107 GC:1    AU:2    UA:1    +
   51    55  1   0.0%   0.356 UG:4    UA:1    +
  109   120  1   0.0%   0.133 UG:4    UA:1    +
    6    11  0   0.0%   0.010 CG:6    +
   53    75  0   0.0%   0.534 AU:6    +
  123   148  1   0.0%   0.802 UG:4    UA:1    +
   73   102  1   0.0%   0.563 CG:1    UG:4    +
   48   101  0   0.0%   1.065 AU:6    +
   48    75  0   0.0%   0.386 AU:6    +
   92   110  1   0.0%   0.123 CG:4    UG:1    +
   30    75  1   0.0%   0.599 GU:4    AU:1    +
   47    60  0   0.0%   0.384 GU:6    +
  143   153  0   0.0%   0.006 GU:1    --:5    +
   53    57  0   0.0%   0.355 AU:6    +
  106   146  1   0.0%   0.264 CG:1    UA:4    +
  110   150  1   0.0%   1.089 GU:4    AU:1    +
    8    19  1   0.0%   0.034 GU:4    UG:1    +
   91   111  2   0.0%   0.253 GC:2    GU:1    UA:1    +
   81   117  0   0.0%   0.059 UA:6    +
  108   152  0   0.0%   0.912 AU:6    +
   19    32  1   0.0%   0.672 UG:2    UA:3    +
   80   118  2   0.0%   0.039 GC:1    GU:1    AU:2    +
   37    68  1   0.0%   0.186 GU:2    AU:3    +
  140   153  0   0.0%   0.004 AU:1    --:5    +
    2     7  2   0.0%   0.009 GC:1    GU:2    AU:1    +
   81    95  0   0.0%   0.042 UG:6    +
   60    87  1   0.0%   0.690 UG:4    UA:1    +
   47    99  0   0.0%   0.411 GU:6    +
  110   118  2   0.0%   0.108 GC:1    GU:2    AU:1    +
   41   132  1   0.0%   0.288 CG:4    GU:1    +
  126   149  1   0.0%   1.052 UG:3    UA:1    --:1    +
    1   151  0   0.0%   0.253 UG:6    +
   40   151  1   0.0%   1.115 CG:4    UG:1    +
   43    63  1   0.0%   0.014 CG:3    UG:2    +
   90   112  1   0.0%   0.311 GU:1    AU:4    +
   43   151  1   0.0%   0.919 CG:3    UG:2    +
   44   102  0   0.0%   0.037 CG:6    +
   50    95  1   0.0%   0.401 CG:4    UG:1    +
    9    23  0   0.0%   0.091 UA:6    +
   43   103  1   0.0%   0.040 CG:3    UG:2    +
  129   150  1   0.0%   1.679 GU:4    AU:1    +
  105   152  0   0.0%   1.249 AU:6    +
    5   136  1   0.0%   1.239 GC:1    GU:4    +
    2   150  1   0.0%   0.647 GU:4    AU:1    +
   49    68  1   0.0%   0.394 GU:4    AU:1    +
    5   128  1   0.0%   0.494 GC:1    GU:4    +
    5    44  0   0.0%   0.276 GC:6    +
   62   128  1   0.0%   0.870 CG:1    AU:4    +
    2   139  2   0.0%   0.619 GC:2    GU:1    AU:1    +
   42   133  1   0.0%   0.137 AU:4    UA:1    +
    2   145  1   0.0%   0.620 GU:4    AU:1    +
   64   126  1   0.0%   0.331 AU:4    UA:1    +
    4     9  1   0.0%   0.003 GU:2    AU:3    +
   40    47  1   0.0%   0.041 CG:4    UG:1    +
   11    17  0   0.0%   0.021 GU:6    +
   49    96  1   0.0%   0.412 GU:4    AU:1    +
    5     9  0   0.0%   0.004 GU:6    +
  101   146  1   0.0%   0.592 UG:1    UA:4    +
   55   133  1   0.0%   0.956 GU:4    UA:1    +
  103   126  1   0.0%   0.419 GC:1    GU:4    +
   12    33  0   0.0%   0.021 AU:6    +
   57   131  0   0.0%   1.101 UA:6    +
    6   110  1   0.5%   0.218 CG:5    +
   48    69  0   0.0%   0.401 AU:6    +
    3    47  0   0.0%   0.113 UG:6    +
   63   106  1   0.0%   0.926 GC:1    GU:4    +
   69   104  0   0.0%   1.241 UG:6    +
    4    15  1   0.0%   0.004 GU:2    AU:3    +
   47    75  0   0.0%   0.405 GU:6    +
   68   105  0   0.0%   0.895 UA:6    +
    3    16  1   0.0%   0.003 UG:2    UA:3    +
    3   148  1   0.0%   0.733 UG:4    UA:1    +
    2   118  2   0.0%   0.092 GC:1    GU:2    AU:1    +
  128   149  1   0.0%   1.060 UG:3    UA:1    --:1    +
   40   129  1   0.0%   0.386 CG:4    UG:1    +
   40    63  1   0.0%   0.040 CG:4    UG:1    +
   47   128  1   0.0%   0.941 GC:1    GU:4    +
   45   104  0   0.0%   0.623 CG:6    +
    3   117  0   0.0%   0.159 UA:6    +
   55   128  1   0.0%   0.953 GU:4    UG:1    +
  102   138  0   0.0%   0.864 GC:6    +
    5    50  1   0.0%   0.275 GC:4    GU:1    +
   40   110  1   0.0%   0.104 CG:4    UG:1    +
    3    24  0   0.0%   0.078 UA:6    +
    9   131  0   0.0%   0.449 UA:6    +
  133   149  1   0.0%   0.735 UG:3    UA:1    --:1    +
   51   137  0   0.0%   0.927 UA:6    +
  115   134  2   0.0%   0.442 GU:1    AU:2    UA:1    +
   61   102  1   0.0%   0.919 CG:1    UG:4    +
   60   103  0   0.0%   0.966 UG:6    +
    5    43  1   0.0%   0.277 GC:3    GU:2    +
   22    27  1   0.0%   0.271 CG:2    UG:3    +
  103   136  1   0.0%   0.889 GC:1    GU:4    +
   47   126  1   0.0%   0.825 GC:1    GU:4    +
   29    34  1   0.0%   0.378 GU:1    AU:4    +
   87   112  1   0.0%   0.075 GU:4    AU:1    +
   55    81  1   0.0%   0.790 GU:4    AU:1    +
   77    99  0   0.0%   0.618 GU:6    +
   38   129  1   0.0%   0.527 CG:4    UG:1    +
    8   127  1   0.0%   0.323 GU:4    UA:1    +
    4    51  1   0.0%   0.104 GU:2    AU:3    +
    9    27  0   0.0%   0.068 UG:6    +
   53    99  0   0.0%   0.930 AU:6    +
  128   151  1   0.0%   1.331 CG:1    UG:4    +
   74    83  1   0.0%   0.222 GU:1    AU:4    +
   24    33  0   0.0%   0.087 AU:6    +
   72    85  1   0.0%   0.427 GU:1    AU:4    +
   53    67  0   0.0%   0.273 AU:6    +
    7   115  2   0.0%   0.046 UG:1    AU:1    UA:2    +
   71    86  1   0.0%   0.646 GU:1    AU:4    +
  151   155  1   0.0%   1.410 GC:3    GU:2    +
  148   152  1   0.0%   1.453 GU:4    AU:1    +
   95   107  0   0.0%   0.095 GU:6    +
    1     5  0   0.0%   0.001 UG:6    +
   44   151  0   0.0%   0.994 CG:6    +
   47    67  0   0.0%   0.380 GU:6    +
    6   103  0   0.0%   0.125 CG:6    +
   52    84  1   0.0%   0.503 GC:1    UG:4    +
  112   132  1   0.0%   0.627 UG:4    AU:1    +
   11   128  1   0.0%   0.175 GC:1    GU:4    +
    9   137  0   0.0%   0.580 UA:6    +
   50   110  1   0.0%   0.445 CG:4    UG:1    +
   68    89  0   0.0%   0.717 UA:6    +
   60    89  0   0.0%   0.686 UA:6    +
  107   115  1   0.0%   0.144 UG:1    UA:4    +
   75   146  1   0.0%   0.219 UG:1    UA:4    +
   13   126  1   0.0%   0.070 GC:1    AU:4    +
  107   146  1   0.0%   0.409 UG:1    UA:4    +
   99   105  0   0.0%   0.674 UA:6    +
   53   107  0   0.0%   0.553 AU:6    +
   38   110  1   0.0%   0.247 CG:4    UG:1    +
    1   124  1   0.0%   0.073 UG:2    UA:3    +
   85   114  1   0.0%   0.318 UG:4    UA:1    +
   57   124  1   0.0%   0.814 UG:2    UA:3    +
  131   152  0   0.0%   1.623 AU:6    +
   66   107  0   0.0%   0.318 AU:6    +
  100   104  1   0.0%   1.096 CG:1    UG:4    +
   73   148  2   0.0%   0.686 CG:1    UG:2    UA:1    +
  114   125  1   0.0%   0.173 GU:3    AU:2    +
   68   131  0   0.0%   1.104 UA:6    +
  104   136  1   0.0%   1.119 GC:1    GU:4    +
   47    73  1   0.0%   0.404 GC:1    GU:4    +
   61    77  1   0.0%   0.649 CG:1    UG:4    +
  104   155  1   0.0%   1.115 GC:3    GU:2    +
   60    77  0   0.0%   0.678 UG:6    +
   54    81  0   0.0%   0.527 AU:6    +
  112   116  1   0.0%   0.108 UG:4    UA:1    +
  114   145  1   0.0%   0.278 GU:3    AU:2    +
   75   102  0   0.0%   0.506 UG:6    +
    2   125  1   0.0%   0.092 GU:4    AU:1    +
   40   102  1   0.0%   0.040 CG:4    UG:1    +
   49    60  1   0.0%   0.366 GU:4    AU:1    +
   79    84  1   0.0%   0.004 CG:3    UG:2    +
   55    69  1   0.0%   1.067 GU:4    AU:1    +
  110   139  2   0.0%   0.376 GC:2    GU:1    AU:1    +
   49    69  1   0.0%   0.391 GU:4    AU:1    +
  115   121  1   0.0%   0.217 GU:1    AU:4    +
   69   108  0   0.0%   0.815 UA:6    +
   77   100  1   0.0%   0.676 GC:1    GU:4    +
  106   116  1   0.0%   0.170 CG:1    UG:4    +
   68   102  0   0.0%   0.980 UG:6    +
   67   108  0   0.0%   0.518 UA:6    +
   60   115  1   0.0%   0.750 UG:1    UA:4    +
   52   120  1   0.0%   0.543 GC:1    UG:4    +
   28   151  1   0.0%   0.459 CG:4    UG:1    +
  106   110  1   0.0%   0.171 CG:1    UG:4    +
    1    30  1   0.0%   0.041 UG:4    UA:1    +
   59   116  1   0.0%   0.902 CG:2    UG:3    +
  114   139  2   0.0%   0.295 GC:2    GU:1    AU:1    +
   15    23  0   0.0%   0.091 UA:6    +
   31   146  1   0.0%   0.292 CG:1    UA:4    +
    3   124  1   0.0%   0.159 UG:2    UA:3    +
   29   150  1   0.0%   0.722 GU:1    AU:4    +
   53   101  0   0.0%   0.802 AU:6    +
   63   139  2   0.0%   0.965 GC:2    GU:1    AU:1    +
   86   114  1   0.0%   0.068 UG:3    UA:2    +
   30   147  1   0.0%   0.627 GU:4    AU:1    +
   51    95  0   0.0%   0.489 UG:6    +
   75   108  0   0.0%   0.202 UA:6    +
    8    35  1   0.0%   0.043 GC:4    UA:1    +
   88    97  1   0.0%   0.034 GC:4    UG:1    +
   50    77  1   0.0%   0.398 CG:4    UG:1    +
   85   115  1   0.0%   0.329 CG:1    UA:4    +
   15    24  0   0.0%   0.044 UA:6    +
  119   145  1   0.0%   0.407 GU:1    AU:4    +
   27   152  0   0.0%   0.547 GU:6    +
   89    96  0   0.0%   0.165 AU:6    +
   65    99  0   0.0%   0.689 AU:6    +
   31   148  1   0.0%   0.343 UG:4    UA:1    +
   43   129  1   0.0%   0.506 CG:3    UG:2    +
   54    99  0   0.0%   0.928 AU:6    +
   55    99  1   0.0%   1.202 GU:4    AU:1    +
  107   151  0   0.0%   1.114 UG:6    +
   60    78  0   0.0%   0.676 UA:6    +
   65   101  0   0.0%   0.564 AU:6    +
   32   145  1   0.0%   0.460 GU:1    AU:4    +
   69   131  0   0.0%   1.087 UA:6    +
   33   146  1   0.0%   0.086 UG:1    UA:4    +
   47    51  0   0.0%   0.007 GU:6    +
   67   103  0   0.0%   0.695 UG:6    +
   99   103  0   0.0%   0.982 UG:6    +
    2    38  1   0.0%   0.052 GC:4    GU:1    +
    2   127  1   0.0%   0.092 GU:4    AU:1    +
   64   127  1   0.0%   0.394 AU:4    UA:1    +
   95   138  0   0.0%   0.405 GC:6    +
    1   105  0   0.0%   0.052 UA:6    +
   96   137  0   0.0%   0.362 UA:6    +
  107   117  0   0.0%   0.123 UA:6    +
   73   103  1   0.0%   0.628 CG:1    UG:4    +
    4   145  2   0.3%   0.731 GU:2    AU:2    +
   99   146  1   0.0%   0.640 UG:1    UA:4    +
   47    57  0   0.0%   0.009 GU:6    +
   99   137  0   0.0%   0.962 UA:6    +
    1   108  0   0.0%   0.052 UA:6    +
   78    99  0   0.0%   0.608 AU:6    +
   67   131  0   0.0%   0.789 UA:6    +
    1    23  0   0.0%   0.002 UA:6    +
   99   117  0   0.0%   0.619 UA:6    +
    3    11  0   0.0%   0.001 UG:6    +
  101   115  1   0.0%   0.487 UG:1    UA:4    +
   47    97  1   0.0%   0.403 GC:4    GU:1    +
    7    25  2   0.0%   0.055 CG:1    UG:2    UA:1    +
   43    47  1   0.0%   0.013 CG:3    UG:2    +
  102   107  0   0.0%   0.406 GU:6    +
   88    92  1   0.0%   0.094 GC:4    UA:1    +
  120   152  1   0.0%   0.885 GU:4    AU:1    +
   50   129  1   0.0%   0.741 CG:4    UG:1    +
  102   126  1   0.0%   0.348 GC:1    GU:4    +
  101   108  0   0.0%   0.453 UA:6    +
    3    37  1   0.0%   0.104 UG:2    UA:3    +
   60   105  0   0.0%   0.684 UA:6    +
   69   105  0   0.0%   0.878 UA:6    +
   86   116  1   0.0%   0.068 UG:4    UA:1    +
   51   103  0   0.0%   0.776 UG:6    +
   65    81  0   0.0%   0.277 AU:6    +
    6   102  0   0.0%   0.124 CG:6    +
   81    89  0   0.0%   0.025 UA:6    +
   27    33  0   0.0%   0.234 GU:6    +
   57   104  0   0.0%   1.125 UG:6    +
   50   104  1   0.0%   0.750 CG:4    UG:1    +
   61   104  1   0.0%   1.000 CG:1    UG:4    +
  118   149  2   0.0%   0.931 CG:1    UG:1    UA:1    --:1    +
    1    16  1   0.0%   0.002 UG:2    UA:3    +
   48    96  0   0.0%   0.381 AU:6    +
   17    27  0   0.0%   0.056 UG:6    +
   15   131  0   0.0%   0.481 UA:6    +
  106   119  1   0.0%   0.155 CG:1    UA:4    +
    8   126  1   0.0%   0.264 GU:4    UA:1    +
    8   145  1   0.0%   0.304 GU:4    UA:1    +
    1   117  0   0.0%   0.072 UA:6    +
   71   127  1   0.0%   0.912 GU:1    AU:4    +
   36    40  1   0.0%   0.128 GC:4    GU:1    +
   33   117  0   0.0%   0.056 UA:6    +
   66   101  0   0.0%   0.437 AU:6    +
   53    96  0   0.0%   0.531 AU:6    +
   59   129  1   0.0%   1.209 CG:2    UG:3    +
   73   104  1   0.0%   0.683 CG:1    UG:4    +
    4   118  2   0.0%   0.147 GU:1    AU:2    UA:1    +
   17    24  0   0.0%   0.050 UA:6    +
   77    96  0   0.0%   0.012 GU:6    +
    2    22  1   0.0%   0.009 GC:2    GU:3    +
  121   146  1   0.0%   0.239 UG:1    UA:4    +
    8   128  1   0.0%   0.373 GU:4    UG:1    +
   60   131  0   0.0%   0.994 UA:6    +
   67    77  0   0.0%   0.395 UG:6    +
    1    48  0   0.0%   0.051 UA:6    +
   41    87  1   0.0%   0.142 CG:4    GC:1    +
   40    88  1   0.0%   0.039 CG:4    AU:1    +
   53    81  0   0.0%   0.526 AU:6    +
    8   125  1   0.0%   0.262 GU:4    UG:1    +
   19    25  1   0.0%   0.056 UG:4    UA:1    +
   52    82  1   0.0%   0.502 GU:2    UG:3    +
  126   151  1   0.0%   1.325 CG:1    UG:4    +
   70    83  1   0.0%   0.682 GU:3    AU:2    +
   75   137  0   0.0%   0.541 UA:6    +
   67   115  1   0.0%   0.545 UG:1    UA:4    +
   59   110  1   0.0%   0.879 CG:2    UG:3    +
  115   152  1   0.0%   0.936 GU:1    AU:4    +
   51   124  1   0.0%   0.509 UG:2    UA:3    +
   60   108  0   0.0%   0.696 UA:6    +
   70   112  1   0.0%   0.811 GU:3    AU:2    +
   51   115  1   0.0%   0.503 UG:1    UA:4    +
   36    43  1   0.0%   0.098 GC:3    GU:2    +
   61   119  1   0.0%   0.692 CG:1    UA:4    +
  112   120  1   0.0%   0.336 UG:4    UA:1    +
   72   126  1   0.0%   0.632 GC:1    AU:4    +
   50   116  1   0.0%   0.401 CG:4    UA:1    +
   59   124  2   0.0%   0.871 CG:1    UG:1    UA:2    +
   99   148  1   0.0%   1.051 UG:4    UA:1    +
   12    68  0   0.0%   0.049 AU:6    +
   11    69  0   0.0%   0.061 GU:6    +
   49   101  1   0.0%   0.715 GU:4    AU:1    +
  101   117  0   0.0%   0.463 UA:6    +
   73    77  1   0.0%   0.124 CG:1    UG:4    +
    2   112  1   0.0%   0.091 GU:4    AU:1    +
   84    94  1   0.0%   0.055 GC:3    GU:2    +
  103   152  0   0.0%   1.134 GU:6    +
   60   120  1   0.0%   0.726 UG:4    UA:1    +
   11    28  1   0.0%   0.071 GC:4    GU:1    +
   57   103  0   0.0%   1.058 UG:6    +
    1    11  0   0.0%   0.001 UG:6    +
   15    65  0   0.0%   0.259 UA:6    +
   97   103  1   0.0%   0.402 CG:4    UG:1    +
   26    55  1   0.0%   0.146 CG:4    AU:1    +
    8   139  2   0.0%   0.325 GC:2    GU:1    UA:1    +
   10    29  1   0.0%   0.055 UG:1    UA:4    +
   67   117  0   0.0%   0.524 UA:6    +
   54   107  0   0.0%   0.551 AU:6    +
   64   128  1   0.0%   0.450 UG:1    AU:4    +
   99   104  0   0.0%   1.037 UG:6    +
   72   106  1   0.0%   0.728 GC:1    AU:4    +
   24    57  0   0.0%   0.034 AU:6    +
   69   115  1   0.0%   0.843 UG:1    UA:4    +
   67   102  0   0.0%   0.680 UG:6    +
    3    12  0   0.0%   0.001 UA:6    +
    6    47  0   0.0%   0.123 CG:6    +
    1    54  0   0.0%   0.051 UA:6    +
   73   151  1   0.0%   0.961 CG:1    UG:4    +
   74   150  1   0.0%   1.054 GU:2    AU:3    +
   40   120  1   0.0%   0.068 CG:4    UA:1    +
   56    82  1   0.0%   0.378 CG:3    AU:2    +
  114   155  2   0.0%   0.651 GC:2    GU:1    AU:1    +
   17    23  0   0.0%   0.097 UA:6    +
   18   132  1   0.0%   0.595 GU:1    UG:4    +
   64   112  1   0.0%   0.364 AU:4    UA:1    +
   45    77  0   0.0%   0.017 CG:6    +
  119   147  1   0.0%   0.709 GU:1    AU:4    +
    6    95  0   0.0%   0.124 CG:6    +
    5   107  0   0.0%   0.306 GU:6    +
    5    96  0   0.0%   0.274 GU:6    +
   51   120  1   0.0%   0.525 UG:4    UA:1    +
  109   148  1   0.0%   0.814 UG:4    UA:1    +
    7    20  2   0.0%   0.086 CG:1    UG:2    UA:1    +
    1    53  0   0.0%   0.051 UA:6    +
   97   116  1   0.0%   0.052 CG:4    UA:1    +
   90   109  1   0.0%   0.287 GU:1    AU:4    +
   40   116  1   0.0%   0.068 CG:4    UA:1    +
   47   136  1   0.0%   1.308 GC:1    GU:4    +
    9   105  0   0.0%   0.217 UA:6    +
   14    29  1   0.0%   0.028 UG:1    UA:4    +
   97   102  1   0.0%   0.335 CG:4    UG:1    +
   35   148  1   0.0%   0.119 CG:4    AU:1    +
   75   105  0   0.0%   0.264 UA:6    +
   60   148  1   0.0%   1.147 UG:4    UA:1    +
   27   128  1   0.0%   0.299 GC:1    GU:4    +
    3    66  0   0.0%   0.112 UA:6    +
    9    30  1   0.0%   0.032 UG:4    UA:1    +
   55   107  1   0.0%   0.824 GU:4    AU:1    +
   11   138  0   0.0%   0.448 GC:6    +
   67   124  1   0.0%   0.504 UG:2    UA:3    +
   83   116  1   0.0%   0.364 UG:4    UA:1    +
   64   125  1   0.0%   0.316 UG:1    AU:4    +
   69   137  0   0.0%   1.151 UA:6    +
    3   115  1   0.0%   0.168 UG:1    UA:4    +
  107   120  1   0.0%   0.185 UG:4    UA:1    +
    4    33  1   0.0%   0.086 GU:2    AU:3    +
   96   117  0   0.0%   0.033 UA:6    +
   30   139  2   0.0%   0.637 GC:2    GU:1    AU:1    +
   38   149  1   0.0%   0.279 CG:3    UG:1    --:1    +
    1    12  0   0.0%   0.001 UA:6    +
  111   148  2   0.0%   0.799 CG:2    UG:1    AU:1    +
   43   102  1   0.0%   0.035 CG:3    UG:2    +
   11   126  1   0.0%   0.065 GC:1    GU:4    +
   74   145  1   0.0%   0.343 GU:1    AU:4    +
   15   124  1   0.0%   0.260 UG:2    UA:3    +
  115   155  2   0.0%   0.686 GC:1    UG:1    AU:2    +
  101   105  0   0.0%   0.517 UA:6    +
   64    86  1   0.0%   0.308 UG:1    AU:4    +
   51    78  0   0.0%   0.488 UA:6    +
  102   155  1   0.0%   0.888 GC:3    GU:2    +
   51    77  0   0.0%   0.488 UG:6    +
   11    33  0   0.0%   0.032 GU:6    +
   17   117  0   0.0%   0.314 UA:6    +
   39    52  1   0.0%   0.020 CG:2    AU:3    +
   15    27  0   0.0%   0.049 UG:6    +
   33    49  1   0.0%   0.054 UG:4    UA:1    +
   15   137  0   0.0%   0.611 UA:6    +
   49   134  2   0.0%   0.639 GU:2    AU:1    UA:1    +
    9   108  0   0.0%   0.231 UA:6    +
    4    57  1   0.0%   0.103 GU:2    AU:3    +
   14   120  1   0.0%   0.196 UG:4    UA:1    +
   72   147  1   0.0%   0.932 GU:1    AU:4    +
   16   136  2   0.0%   0.626 GC:1    GU:1    AU:2    +
   88   112  1   0.0%   0.075 GU:4    UA:1    +
   60   104  0   0.0%   1.032 UG:6    +
    1    47  0   0.0%   0.051 UG:6    +
   60   117  0   0.0%   0.728 UA:6    +
  124   152  1   0.0%   1.137 GU:2    AU:3    +
    3    53  0   0.0%   0.112 UA:6    +
   61   116  1   0.0%   0.708 CG:1    UG:4    +
   13   128  1   0.0%   0.179 GC:1    AU:4    +
  120   136  2   0.0%   0.644 GC:1    GU:2    AU:1    +
   16   123  1   0.0%   0.277 GU:2    AU:3    +
   60   137  0   0.0%   1.057 UA:6    +
   13   121  1   0.0%   0.066 GU:1    AU:4    +
   35   132  1   0.0%   0.131 CG:4    AU:1    +
   25   125  1   0.0%   0.142 GU:4    AU:1    +
   60   124  1   0.0%   0.709 UG:2    UA:3    +
   71   128  1   0.0%   0.965 GC:1    AU:4    +
  115   147  1   0.0%   0.615 GU:1    AU:4    +
   61   103  1   0.0%   0.933 CG:1    UG:4    +
   41   120  1   0.0%   0.183 CG:4    GC:1    +
   10    32  1   0.0%   0.032 UG:2    UA:3    +
   43    70  2   0.0%   0.010 CG:2    UG:1    UA:1    +
   99   108  0   0.0%   0.610 UA:6    +
   27   138  0   0.0%   0.572 GC:6    +
   44    77  0   0.0%   0.008 CG:6    +
   33   105  0   0.0%   0.059 UA:6    +
   50    88  1   0.0%   0.398 CG:4    GU:1    +
    8   112  1   0.0%   0.286 GU:4    UA:1    +
   22   102  1   0.0%   0.093 CG:2    UG:3    +
   51    89  0   0.0%   0.488 UA:6    +
   21   103  0   0.0%   0.254 CG:6    +
   50   151  1   0.0%   1.206 CG:4    UG:1    +
   67    89  0   0.0%   0.414 UA:6    +
   23   101  0   0.0%   0.081 AU:6    +
   80    86  1   0.0%   0.014 GU:4    AU:1    +
  101   148  1   0.0%   1.001 UG:4    UA:1    +
  104   152  0   0.0%   1.362 GU:6    +
   38    84  1   0.0%   0.210 CG:4    UG:1    +
   54   101  0   0.0%   0.800 AU:6    +
   63    97  1   0.0%   0.879 GC:4    GU:1    +
   28   102  1   0.0%   0.095 CG:4    UG:1    +
   52    87  1   0.0%   0.502 GC:1    UG:4    +
  108   118  3   0.7%   0.156 AU:3    +
   41   102  1   0.5%   0.221 CG:5    +
   59    76  2   0.3%   0.865 CG:2    UA:2    +
  106   120  2   0.6%   0.251 UG:4    +
    3   113  1   0.5%   0.206 UA:5    +
   57    64  2   0.6%   0.489 UA:4    +
   59   115  3   0.4%   0.936 UG:1    UA:2    +
  122   128  3   0.4%   0.716 GU:1    AU:2    +
   85    91  3   0.6%   0.505 UG:3    +
    6    25  1   0.4%   0.163 CG:5    +
    5    26  1   0.4%   0.158 GC:5    +
  132   138  2   0.5%   1.218 GC:4    +
  108   147  1   0.4%   0.608 AU:5    +
  127   139  3   0.1%   0.644 UG:1    AU:1    UA:1    +
   76    99  2   0.2%   0.685 GU:2    AU:2    +
  127   134  2   0.2%   0.764 AU:1    UA:3    +
   10    16  2   0.2%   0.050 UG:2    UA:2    +
   69    76  2   0.2%   0.753 UG:2    UA:2    +
   42   101  1   0.4%   0.082 AU:5    +
  111   115  3   0.1%   0.129 CG:1    AU:1    UA:1    +
   59    87  2   0.2%   0.853 CG:1    UG:3    +
   83    89  1   0.3%   0.092 UA:5    +
  115   125  2   0.2%   0.210 GU:1    AU:3    +
   43   139  3   0.1%   0.244 CG:1    AU:1    UA:1    +
   46   139  3   0.1%   0.494 CG:1    AU:1    UA:1    +
  118   151  2   0.2%   1.230 CG:1    UG:3    +
  105   150  1   0.3%   1.356 AU:5    +
  125   139  3   0.1%   0.438 GU:1    UG:1    UA:1    +
   56   116  2   0.1%   0.418 CG:3    UA:1    +
   64    76  2   0.1%   0.352 UG:2    AU:2    +
  124   130  3   0.1%   1.040 GC:1    GU:1    AU:1    +
   61   113  2   0.5%   0.756 UA:4    +
   62   112  2   0.5%   0.809 AU:4    +
  139   149  2   0.1%   0.815 CG:2    UG:1    --:1    +
  130   148  2   0.1%   1.455 CG:2    UG:2    +
   46    70  3   0.0%   0.049 CG:1    UG:1    UA:1    +
  136   148  2   0.1%   1.309 CG:1    UG:3    +
  138   148  2   0.4%   1.365 CG:4    +
  128   135  3   0.3%   1.020 GC:1    UA:2    +
  139   146  3   0.0%   0.243 UG:1    AU:1    UA:1    +
  125   134  2   0.1%   0.555 GU:1    UA:3    +
  118   127  3   0.3%   0.992 AU:2    UA:1    +
    2   133  2   0.1%   0.269 GU:3    AU:1    +
   41   151  1   0.3%   1.276 CG:5    +
  146   155  3   0.0%   0.589 GU:1    UG:1    AU:1    +
   58   115  3   0.0%   0.675 CG:1    GU:1    UA:1    +
   52   100  3   0.0%   0.916 GC:1    GU:1    UG:1    +
   37   130  3   0.0%   0.518 GC:1    GU:1    AU:1    +
   49   122  3   0.0%   0.460 GC:1    AU:1    UA:1    +
   56   122  3   0.0%   0.408 CG:1    AU:1    UA:1    +
   49    76  3   0.0%   0.410 GU:1    UG:1    AU:1    +
   58   124  3   0.0%   0.682 CG:1    GC:1    UG:1    +
   40   139  3   0.0%   0.113 CG:1    AU:1    UA:1    +
   28   146  3   0.0%   0.125 CG:1    AU:1    UA:1    +
   80    91  3   0.0%   0.025 GC:1    GU:1    AU:1    +
   74    79  3   0.0%   0.208 GC:1    GU:1    AU:1    +
  100   139  3   0.0%   0.770 GU:1    UG:1    UA:1    +
  112   139  3   0.0%   0.334 UG:1    AU:1    UA:1    +
  122   146  3   0.0%   0.203 CG:1    AU:1    UA:1    +
   50   122  3   0.0%   0.417 CG:1    GC:1    UA:1    +
  118   148  3   0.0%   0.943 CG:1    UG:1    UA:1    +
   18    22  3   0.0%   0.123 GU:1    AU:1    UA:1    +
   16   118  3   0.0%   0.277 GC:1    GU:1    AU:1    +
   50   139  3   0.0%   0.543 CG:1    GU:1    UA:1    +
   71    79  3   0.0%   0.645 GC:1    GU:1    AU:1    +
   76   148  3   0.0%   0.537 GU:1    UG:1    UA:1    +
    2    46  3   0.0%   0.071 GC:1    GU:1    AU:1    +
   46    88  3   0.0%   0.029 CG:1    UG:1    AU:1    +
    5   139  2   0.1%   0.983 GC:2    GU:2    +
   56   129  2   0.1%   0.756 CG:3    UG:1    +
    7    42  2   0.1%   0.054 AU:1    UA:3    +
   67    76  2   0.1%   0.451 UG:2    UA:2    +
   64    73  2   0.1%   0.381 UG:1    AU:3    +
   56   120  2   0.1%   0.428 CG:3    UA:1    +
   75   122  2   0.1%   0.200 UG:1    UA:3    +
   68    76  2   0.1%   0.763 UG:2    UA:2    +
    4   150  2   0.1%   0.705 GU:1    AU:3    +
  128   148  2   0.1%   1.091 UG:3    UA:1    +
  139   151  2   0.1%   1.180 CG:2    UG:2    +
   86    91  2   0.1%   0.225 GU:1    UG:3    +
    2    43  2   0.1%   0.074 GC:2    GU:2    +
   62    68  1   0.2%   0.639 AU:5    +
   57    76  2   0.0%   0.772 UG:2    UA:2    +
    4    40  3   0.2%   0.127 GC:2    AU:1    +
  126   148  2   0.0%   1.078 UG:3    UA:1    +
  103   111  2   0.0%   0.456 GC:3    GU:1    +
  102   139  2   0.0%   0.532 GC:2    GU:2    +
   50    70  2   0.0%   0.420 CG:3    UA:1    +
   58    77  2   0.0%   0.636 CG:3    UG:1    +
   98   132  3   0.2%   0.417 CG:2    AU:1    +
   39   104  3   0.4%   0.098 CG:3    +
   46   150  2   0.0%   1.179 CG:1    AU:3    +
   49    59  2   0.0%   0.374 GC:1    GU:3    +
  124   133  2   0.0%   0.684 GU:2    AU:2    +
  124   136  2   0.0%   0.889 GC:1    AU:3    +
    4   127  2   0.0%   0.155 GU:2    AU:2    +
   58   104  2   0.0%   0.999 CG:3    UG:1    +
  103   139  2   0.0%   0.533 GC:2    GU:2    +
   56    91  3   0.2%   0.413 CG:2    AU:1    +
  111   116  2   0.0%   0.110 CG:3    UG:1    +
  112   134  2   0.0%   0.448 AU:1    UA:3    +
   32    73  2   0.0%   0.443 GU:1    AU:3    +
  107   122  2   0.0%   0.146 UG:1    UA:3    +
   54   127  1   0.2%   0.631 AU:5    +
  111   149  2   0.0%   0.791 CG:2    UG:1    --:1    +
   49   100  2   0.0%   0.851 GC:1    GU:3    +
    2    40  2   0.0%   0.056 GC:3    GU:1    +
    7   103  2   0.0%   0.036 CG:1    UG:3    +
   59    88  2   0.0%   0.845 CG:1    UG:3    +
  146   150  2   0.0%   1.060 GU:1    AU:3    +
   60    76  2   0.0%   0.705 UG:2    UA:2    +
   47    56  2   0.0%   0.010 GC:3    GU:1    +
   83   115  2   0.0%   0.376 UG:1    UA:3    +
   76   101  2   0.0%   0.525 GU:2    AU:2    +
  109   124  2   0.0%   0.456 UG:2    UA:2    +
   56   132  2   0.0%   0.583 CG:3    AU:1    +
  124   150  2   0.0%   1.229 GU:1    AU:3    +
    7   129  2   0.0%   0.338 CG:1    UG:3    +
   42   106  2   0.3%   0.125 AU:4    +
   98   136  2   0.0%   0.638 CG:1    AU:3    +
  133   137  2   0.3%   1.034 UA:4    +
   18    32  2   0.0%   0.939 UG:1    UA:3    +
  122   127  2   0.0%   0.656 GU:1    AU:3    +
    4   147  2   0.0%   0.719 GU:2    AU:2    +
   46   145  2   0.0%   0.459 AU:3    UA:1    +
   51    76  2   0.0%   0.489 UG:2    UA:2    +
  135   151  2   0.3%   1.248 CG:4    +
   39   128  2   0.0%   0.169 CG:1    AU:3    +
    7   146  2   0.0%   0.137 AU:1    UA:3    +
  114   133  2   0.0%   0.465 GU:2    AU:2    +
  134   150  2   0.0%   0.989 UG:1    AU:3    +
   56    80  2   0.0%   0.378 CG:3    UG:1    +
  106   115  2   0.0%   0.183 UG:1    UA:3    +
  122   147  3   0.2%   0.526 GU:1    AU:2    +
  109   115  2   0.0%   0.088 UG:1    UA:3    +
   73    84  2   0.0%   0.117 CG:1    UG:3    +
  112   122  2   0.0%   0.307 UG:1    UA:3    +
  116   139  2   0.0%   0.311 GC:2    GU:2    +
    7   151  2   0.0%   0.862 CG:1    UG:3    +
   56    77  2   0.0%   0.377 CG:3    UG:1    +
    7   102  2   0.0%   0.032 CG:1    UG:3    +
    3   122  2   0.0%   0.159 UG:1    UA:3    +
  149   155  2   0.0%   1.042 GC:2    GU:1    --:1    +
   52   135  2   0.0%   0.950 GC:2    UA:2    +
  122   152  2   0.0%   0.837 GU:1    AU:3    +
    4    31  2   0.0%   0.089 GU:2    AU:2    +
    4   125  2   0.0%   0.147 GU:2    AU:2    +
   50    91  2   0.0%   0.399 CG:3    GU:1    +
   28   149  2   0.0%   0.163 CG:2    UG:1    --:1    +
  119   136  2   0.0%   0.801 GU:1    AU:3    +
    7    36  2   0.0%   0.026 CG:1    UG:3    +
    2   111  2   0.0%   0.091 GC:3    AU:1    +
  100   134  2   0.0%   0.824 GU:1    UA:3    +
  115   123  2   0.0%   0.201 GU:1    AU:3    +
   76    81  2   0.0%   0.085 GU:2    AU:2    +
  104   111  2   0.0%   0.505 GC:3    GU:1    +
   49   125  2   0.0%   0.463 GU:3    AU:1    +
   56   110  2   0.0%   0.435 CG:3    UG:1    +
    7    27  2   0.0%   0.062 CG:1    UG:3    +
   76   107  2   0.0%   0.174 GU:2    AU:2    +
   80    92  2   0.0%   0.025 GC:3    GU:1    +
    4   121  2   0.0%   0.147 GU:2    AU:2    +
   58   103  2   0.0%   0.927 CG:3    UG:1    +
    4   109  2   0.0%   0.137 GU:2    AU:2    +
   47   139  2   0.0%   0.954 GC:2    GU:2    +
   39   125  2   0.0%   0.056 CG:1    AU:3    +
    7   104  2   0.0%   0.038 CG:1    UG:3    +
   18    25  2   0.0%   0.072 UG:3    UA:1    +
  100   146  2   0.0%   0.747 CG:1    UA:3    +
   73    80  2   0.0%   0.127 UG:3    UA:1    +
  112   124  2   0.0%   0.447 UG:2    UA:2    +
   37   133  2   0.0%   0.238 GU:2    AU:2    +
    4   123  2   0.0%   0.147 GU:2    AU:2    +
   55    79  2   0.0%   0.789 GC:3    GU:1    +
   28    36  2   0.0%   0.185 CG:3    UG:1    +
  104   139  2   0.0%   0.759 GC:2    GU:2    +
   31    37  2   0.0%   0.441 UG:2    UA:2    +
   73    82  2   0.0%   0.129 GU:1    UG:3    +
   32   118  2   0.0%   0.440 GC:1    AU:3    +
   70    97  2   0.0%   0.670 GC:3    AU:1    +
   56    84  2   0.0%   0.378 CG:3    UG:1    +
  102   111  2   0.0%   0.377 GC:3    GU:1    +
   58   129  2   0.0%   1.020 CG:3    UG:1    +
  102   118  2   0.0%   0.345 GC:1    GU:3    +
   59   132  2   0.0%   1.040 CG:1    UG:3    +
   80    97  2   0.0%   0.030 GC:3    GU:1    +
   10   146  2   0.0%   0.144 UG:1    UA:3    +
    4    19  2   0.0%   0.003 GU:2    AU:2    +
   56   104  2   0.0%   0.740 CG:3    UG:1    +
   52   114  2   0.0%   0.510 UG:2    UA:2    +
   25    56  2   0.0%   0.141 GC:3    GU:1    +
   58   102  2   0.0%   0.912 CG:3    UG:1    +
   46    73  2   0.0%   0.031 UG:1    AU:3    +
  100   148  2   0.0%   1.158 UG:3    UA:1    +
   14   124  2   0.0%   0.196 UG:2    UA:2    +
   86   115  2   0.0%   0.079 UG:1    UA:3    +
   32   136  2   0.0%   0.789 GU:2    AU:2    +
   58   120  2   0.0%   0.699 CG:3    UG:1    +
   61   124  2   0.0%   0.677 UG:2    UA:2    +
   98   150  2   0.0%   0.955 CG:1    AU:3    +
   38   148  2   0.0%   0.292 CG:3    UG:1    +
  100   120  2   0.0%   0.674 UG:3    UA:1    +
   37   106  2   0.0%   0.202 GU:2    AU:2    +
   59   119  2   0.0%   0.886 CG:1    UA:3    +
    2    52  2   0.0%   0.070 GU:3    AU:1    +
    5    56  2   0.0%   0.274 GC:3    GU:1    +
    7    11  2   0.0%   0.003 CG:1    UG:3    +
   87   111  2   0.0%   0.074 GC:3    GU:1    +
    1   122  2   0.0%   0.073 UG:1    UA:3    +
   58   149  2   0.0%   1.108 CG:2    UG:1    --:1    +
    1    76  2   0.0%   0.051 UG:2    UA:2    +
   58    80  2   0.0%   0.630 CG:3    UA:1    +
   95   118  2   0.0%   0.030 GC:1    GU:3    +
   61   148  2   0.0%   1.116 UG:3    UA:1    +
    7    32  2   0.0%   0.027 CG:1    UA:3    +
  111   151  2   0.0%   1.057 CG:3    UG:1    +
   82    97  2   0.0%   0.062 GC:3    UG:1    +
   82    86  2   0.0%   0.016 GU:3    UG:1    +
   43    55  2   0.0%   0.007 CG:3    UG:1    +
  120   155  2   0.0%   0.633 GC:3    GU:1    +
   14    37  2   0.0%   0.377 UG:2    UA:2    +
   70    92  2   0.0%   0.681 GC:3    AU:1    +
   58    87  2   0.0%   0.630 CG:3    UG:1    +
  120   150  2   0.0%   0.975 GU:3    AU:1    +
   36   111  2   0.0%   0.121 GC:3    GU:1    +
   39    83  2   0.0%   0.020 CG:1    AU:3    +
   56   151  2   0.0%   1.127 CG:3    UG:1    +
   37   150  2   0.0%   0.562 GU:1    AU:3    +
   28   129  2   0.0%   0.410 CG:3    UG:1    +
   66    73  2   0.3%   0.211 AU:4    +
   12    19  1   0.1%   0.042 AU:5    +
  131   150  1   0.1%   1.725 AU:5    +
  132   139  3   0.1%   0.509 GC:2    GU:1    +
  107   113  1   0.1%   0.174 UA:5    +
   58   114  3   0.1%   0.671 CG:2    UA:1    +
  131   147  1   0.1%   1.310 AU:5    +
   41   110  1   0.1%   0.235 CG:5    +
   42   109  1   0.1%   0.106 AU:5    +
  131   145  1   0.1%   0.997 AU:5    +
   62    75  1   0.1%   0.729 AU:5    +
  105   128  2   0.3%   0.873 AU:4    +
   62    67  1   0.1%   0.590 AU:5    +
  129   134  3   0.1%   0.736 GU:2    AU:1    +
   61    76  3   0.1%   0.690 CG:1    UA:2    +
  137   147  1   0.1%   1.161 AU:5    +
  108   112  1   0.1%   0.100 AU:5    +
  128   137  2   0.3%   0.989 UA:4    +
   55    76  3   0.1%   0.804 GU:2    UG:1    +
  112   129  1   0.1%   0.667 UG:5    +
    1    42  1   0.1%   0.064 UA:5    +
  109   129  1   0.1%   0.582 UG:5    +
  115   130  3   0.1%   0.827 GC:1    AU:2    +
    4   133  3   0.1%   0.297 GU:2    AU:1    +
   10    23  1   0.1%   0.109 UA:5    +
  118   125  3   0.1%   0.771 UG:1    AU:2    +
   10    24  1   0.1%   0.067 UA:5    +
    3    42  1   0.1%   0.130 UA:5    +
   41   129  1   0.1%   0.516 CG:5    +
   42   150  2   0.2%   1.129 AU:4    +
    2     6  1   0.1%   0.016 GC:5    +
  127   131  1   0.1%   1.135 UA:5    +
   44   149  1   0.1%   0.714 CG:4    --:1    +
   41   104  1   0.1%   0.215 CG:5    +
  117   128  2   0.2%   0.792 AU:4    +
   27    35  1   0.1%   0.225 GC:5    +
   46   100  3   0.1%   0.045 UG:1    AU:2    +
    7    24  3   0.3%   0.063 UA:3    +
   72   125  1   0.1%   0.624 AU:5    +
   41    47  1   0.1%   0.149 CG:5    +
   11    19  1   0.1%   0.028 GU:5    +
  125   131  1   0.1%   0.925 UA:5    +
   58    70  3   0.1%   0.920 CG:2    UG:1    +
   44    63  1   0.1%   0.020 CG:5    +
  136   146  3   0.0%   0.939 UG:1    UA:2    +
  117   123  1   0.0%   0.220 AU:5    +
  137   145  1   0.0%   0.837 AU:5    +
   63   109  1   0.0%   0.917 GU:5    +
  102   112  1   0.0%   0.387 GU:5    +
  101   113  1   0.0%   0.503 UA:5    +
   42   107  1   0.0%   0.090 AU:5    +
   53   121  1   0.0%   0.556 AU:5    +
  123   131  1   0.0%   0.885 UA:5    +
  106   132  2   0.2%   0.500 UG:4    +
   41    63  1   0.0%   0.149 CG:5    +
   52    98  3   0.0%   0.521 GC:1    UA:2    +
  135   150  3   0.0%   1.231 CG:1    AU:2    +
  125   135  3   0.0%   0.786 GC:1    UA:2    +
   53   123  1   0.0%   0.545 AU:5    +
  118   133  3   0.0%   0.715 AU:2    UA:1    +
   53   128  2   0.2%   0.695 AU:4    +
  125   129  1   0.0%   0.852 UG:5    +
   42    46  3   0.0%   0.028 AU:2    UA:1    +
   13    19  1   0.0%   0.034 AU:5    +
   62    76  3   0.0%   0.739 CG:1    AU:2    +
    2    44  1   0.0%   0.072 GC:5    +
   22    29  3   0.0%   0.437 UG:1    UA:2    +
  127   137  1   0.0%   0.931 UA:5    +
    7   136  3   0.0%   0.458 UG:1    AU:2    +
    2    45  1   0.0%   0.074 GC:5    +
   55    92  2   0.2%   0.825 GC:4    +
   46    61  3   0.0%   0.017 AU:2    UA:1    +
  119   127  1   0.0%   0.869 AU:5    +
   45    63  1   0.0%   0.019 CG:5    +
  134   152  3   0.3%   0.944 AU:3    +
  105   133  2   0.2%   0.716 AU:4    +
    4    43  3   0.0%   0.108 GC:2    AU:1    +
  132   136  3   0.0%   1.159 GC:1    GU:2    +
  108   121  1   0.0%   0.124 AU:5    +
  118   128  3   0.0%   0.974 CG:1    AU:2    +
  117   127  1   0.0%   0.756 AU:5    +
  145   151  1   0.0%   1.056 UG:5    +
  123   137  1   0.0%   0.683 UA:5    +
  104   125  1   0.0%   0.460 GU:5    +
    7    22  3   0.0%   0.090 AU:2    UA:1    +
  108   125  1   0.0%   0.317 AU:5    +
  113   147  1   0.0%   0.657 AU:5    +
  121   137  1   0.0%   0.555 UA:5    +
   52   129  2   0.2%   0.891 UG:4    +
   45   129  1   0.0%   0.599 CG:5    +
  105   109  1   0.0%   0.122 AU:5    +
   46   128  3   0.0%   0.483 UG:1    AU:2    +
  105   147  1   0.0%   0.889 AU:5    +
  116   138  1   0.0%   0.654 GC:5    +
   82   116  3   0.0%   0.088 UG:2    UA:1    +
  105   123  1   0.0%   0.130 AU:5    +
   53   127  1   0.0%   0.605 AU:5    +
  115   139  3   0.0%   0.333 AU:2    UA:1    +
   47   127  1   0.0%   0.886 GU:5    +
   79   119  3   0.0%   0.027 CG:1    UA:2    +
  102   145  1   0.0%   0.500 GU:5    +
   56    70  3   0.0%   0.662 CG:2    UA:1    +
  112   137  1   0.0%   0.642 UA:5    +
   36    41  1   0.0%   0.228 GC:5    +
  112   117  1   0.0%   0.132 UA:5    +
   42   152  1   0.0%   1.046 AU:5    +
    6    36  1   0.0%   0.125 CG:5    +
   41   149  1   0.0%   0.945 CG:4    --:1    +
   60   113  1   0.0%   0.714 UA:5    +
  117   126  2   0.2%   0.768 AU:4    +
   63    82  3   0.0%   0.879 GU:2    AU:1    +
    5   125  1   0.0%   0.320 GU:5    +
   63   127  1   0.0%   0.990 GU:5    +
  109   137  1   0.0%   0.697 UA:5    +
  125   137  1   0.0%   0.735 UA:5    +
  148   155  3   0.0%   1.067 GC:2    GU:1    +
   44   148  2   0.2%   0.721 CG:4    +
   64   134  3   0.0%   0.422 AU:2    UA:1    +
  110   138  1   0.0%   0.718 GC:5    +
    4   126  3   0.0%   0.149 GU:2    AU:1    +
  106   122  3   0.0%   0.177 UG:1    UA:2    +
  105   112  1   0.0%   0.145 AU:5    +
  119   125  1   0.0%   0.653 AU:5    +
   41   103  1   0.0%   0.198 CG:5    +
  124   134  3   0.0%   0.626 GU:2    AU:1    +
   48   127  1   0.0%   0.860 AU:5    +
    4    28  3   0.0%   0.114 GC:2    AU:1    +
   45    70  2   0.2%   0.041 CG:4    +
  123   129  1   0.0%   0.814 UG:5    +
   62   107  1   0.0%   0.730 AU:5    +
  112   118  3   0.0%   0.126 AU:1    UA:2    +
   62    99  1   0.0%   1.106 AU:5    +
   65   125  1   0.0%   0.356 AU:5    +
   65   109  1   0.0%   0.384 AU:5    +
   46   103  3   0.0%   0.646 CG:1    UG:2    +
   62   101  1   0.0%   0.978 AU:5    +
   48   145  1   0.0%   0.893 AU:5    +
   45   149  1   0.0%   0.710 CG:4    --:1    +
   48   123  1   0.0%   0.796 AU:5    +
    8    22  3   0.0%   0.120 GC:2    GU:1    +
    2   134  3   0.0%   0.261 GU:2    AU:1    +
   48   125  1   0.0%   0.796 AU:5    +
   52   136  3   0.0%   0.961 GU:2    UG:1    +
  113   127  2   0.2%   0.607 AU:4    +
  102   127  1   0.0%   0.412 GU:5    +
    6   116  1   0.0%   0.157 CG:5    +
   54    59  3   0.3%   0.061 AU:3    +
   53    83  1   0.0%   0.527 AU:5    +
   46    63  3   0.0%   0.025 CG:1    UG:2    +
  113   121  1   0.0%   0.436 AU:5    +
   26   151  1   0.0%   0.510 CG:5    +
  114   134  3   0.0%   0.409 GU:1    AU:2    +
   46   148  3   0.0%   0.881 UG:2    AU:1    +
    2    26  2   0.2%   0.042 GC:4    +
   12   127  1   0.0%   0.113 AU:5    +
   27   150  1   0.0%   0.564 GU:5    +
   11    26  1   0.0%   0.070 GC:5    +
    4    38  3   0.0%   0.087 GC:2    AU:1    +
  108   145  1   0.0%   0.250 AU:5    +
   46   129  3   0.0%   0.687 CG:1    UG:2    +
   48   112  1   0.0%   0.819 AU:5    +
   10   131  1   0.0%   0.336 UA:5    +
   62   145  1   0.0%   0.759 AU:5    +
   24    31  1   0.0%   0.291 AU:5    +
    7    37  3   0.0%   0.026 UG:2    UA:1    +
   59    90  3   0.0%   0.837 UG:1    UA:2    +
    5   145  1   0.0%   0.957 GU:5    +
   37    43  3   0.0%   0.189 GC:2    AU:1    +
  110   134  3   0.0%   0.486 GU:2    AU:1    +
   55   118  3   0.0%   0.819 GU:2    AU:1    +
   36    44  1   0.0%   0.095 GC:5    +
  111   136  3   0.0%   0.767 CG:1    AU:2    +
   66   109  1   0.0%   0.268 AU:5    +
  133   150  3   0.0%   1.050 UG:1    AU:2    +
   76   145  3   0.0%   0.119 GU:1    AU:2    +
   78    85  1   0.0%   0.023 AU:5    +
  108   150  1   0.0%   0.999 AU:5    +
    7   124  3   0.0%   0.036 UG:2    UA:1    +
  113   145  1   0.0%   0.351 AU:5    +
   72    79  3   0.0%   0.419 GC:1    AU:2    +
  108   127  1   0.0%   0.493 AU:5    +
   77    86  1   0.0%   0.012 GU:5    +
  110   123  1   0.0%   0.292 GU:5    +
  105   145  1   0.0%   0.590 AU:5    +
  116   121  1   0.0%   0.201 GU:5    +
   54   125  1   0.0%   0.532 AU:5    +
   19    24  1   0.0%   0.051 UA:5    +
   14    24  1   0.0%   0.035 UA:5    +
    6    63  1   0.0%   0.124 CG:5    +
  122   133  3   0.0%   0.382 GU:1    AU:2    +
   47   125  1   0.0%   0.821 GU:5    +
    9    42  1   0.0%   0.232 UA:5    +
  118   146  3   0.0%   0.533 UG:1    UA:2    +
   63    83  1   0.0%   0.878 GU:5    +
   54   112  1   0.0%   0.556 AU:5    +
    4     8  3   0.0%   0.002 UG:1    AU:2    +
   24    34  1   0.0%   0.068 AU:5    +
   56   114  3   0.0%   0.390 CG:2    UG:1    +
   44   129  1   0.0%   0.586 CG:5    +
  103   125  1   0.0%   0.404 GU:5    +
   57   113  1   0.0%   0.801 UA:5    +
  117   147  1   0.0%   0.626 AU:5    +
   11   127  1   0.0%   0.124 GU:5    +
   23    34  1   0.0%   0.114 AU:5    +
  117   121  1   0.0%   0.224 AU:5    +
   43   124  3   0.0%   0.184 CG:2    UA:1    +
   13    22  3   0.0%   0.104 GU:1    AU:2    +
  121   131  1   0.0%   0.755 UA:5    +
   63   134  3   0.0%   1.016 GU:2    AU:1    +
   54   121  1   0.0%   0.548 AU:5    +
   14    23  1   0.0%   0.082 UA:5    +
   66    83  1   0.0%   0.174 AU:5    +
   46   126  3   0.0%   0.366 AU:2    UA:1    +
   76    87  3   0.0%   0.084 GC:1    UG:2    +
   48    86  1   0.0%   0.381 AU:5    +
  119   130  3   0.0%   0.930 GU:1    AU:2    +
  122   126  3   0.0%   0.647 GU:1    AU:2    +
  100   135  3   0.0%   1.123 GC:1    UA:2    +
   85   117  1   0.0%   0.308 UA:5    +
   13   125  1   0.0%   0.067 AU:5    +
   39   136  3   0.0%   0.407 CG:1    AU:2    +
  117   150  1   0.0%   1.037 AU:5    +
    8   134  3   0.0%   0.317 GU:2    UA:1    +
   29   145  1   0.0%   0.364 AU:5    +
   78   121  1   0.0%   0.045 AU:5    +
   84   118  3   0.0%   0.055 GC:1    GU:2    +
   71    82  3   0.0%   0.658 GU:2    AU:1    +
   64   111  3   0.0%   0.364 AU:1    UA:2    +
   46    52  3   0.0%   0.006 UG:1    AU:2    +
    1   113  1   0.0%   0.061 UA:5    +
  103   112  1   0.0%   0.453 GU:5    +
   36    45  1   0.0%   0.096 GC:5    +
   98   148  3   0.0%   0.662 CG:2    AU:1    +
   66   125  1   0.0%   0.240 AU:5    +
   63   138  1   0.0%   1.304 GC:5    +
   65    83  1   0.0%   0.301 AU:5    +
   16    35  3   0.0%   0.306 GC:2    UA:1    +
   83   119  1   0.0%   0.349 UA:5    +
   25    34  1   0.0%   0.174 GU:5    +
   72    83  1   0.0%   0.432 AU:5    +
   54    86  1   0.0%   0.528 AU:5    +
   48   121  1   0.0%   0.793 AU:5    +
  120   139  3   0.0%   0.271 GC:2    GU:1    +
   71   134  3   0.0%   0.936 GU:1    AU:2    +
  125   151  1   0.0%   1.108 UG:5    +
   47   145  1   0.0%   0.924 GU:5    +
   39    76  3   0.0%   0.020 CG:2    AU:1    +
   63   112  1   0.0%   0.960 GU:5    +
   69   113  1   0.0%   0.856 UA:5    +
  122   145  3   0.0%   0.191 GU:1    AU:2    +
    2    21  1   0.0%   0.009 GC:5    +
   66    85  1   0.0%   0.168 AU:5    +
   65    86  1   0.0%   0.288 AU:5    +
   43    49  3   0.0%   0.008 CG:2    UG:1    +
   42    60  1   0.0%   0.021 AU:5    +
   67    84  1   0.0%   0.406 UG:5    +
   14    66  1   0.0%   0.196 UA:5    +
  100   118  3   0.0%   0.671 GU:1    UA:2    +
   21   129  1   0.0%   0.568 CG:5    +
  118   136  3   0.0%   0.914 UG:1    AU:2    +
   54   123  1   0.0%   0.535 AU:5    +
   19   131  1   0.0%   0.455 UA:5    +
    8   136  3   0.0%   0.633 GC:1    GU:2    +
   42    69  1   0.0%   0.023 AU:5    +
   31   137  1   0.0%   0.613 UA:5    +
   35    47  1   0.0%   0.037 CG:5    +
   63    86  1   0.0%   0.878 GU:5    +
   69    84  1   0.0%   0.682 UG:5    +
   34    48  1   0.0%   0.035 UA:5    +
  119   134  3   0.0%   0.543 GU:1    AU:2    +
  127   151  1   0.0%   1.304 UG:5    +
   65   127  1   0.0%   0.432 AU:5    +
   42   123  1   0.0%   0.073 AU:5    +
   43   122  3   0.0%   0.183 CG:1    UA:2    +
   42    51  1   0.0%   0.021 AU:5    +
   53   125  1   0.0%   0.539 AU:5    +
   31    36  1   0.0%   0.350 UG:5    +
    4    97  3   0.0%   0.103 GC:2    AU:1    +
   36   138  1   0.0%   0.481 GC:5    +
   83   117  1   0.0%   0.353 UA:5    +
    5    35  1   0.0%   0.117 GC:5    +
   28   148  3   0.0%   0.176 CG:2    UG:1    +
   19    23  1   0.0%   0.098 UA:5    +
   44   116  1   0.0%   0.264 CG:5    +
   43   134  3   0.0%   0.218 AU:1    UA:2    +
    4   106  3   0.0%   0.106 GU:2    AU:1    +
    2    34  1   0.0%   0.051 GU:5    +
   36   134  3   0.0%   0.127 GU:2    AU:1    +
   32   155  3   0.0%   0.694 GC:1    AU:2    +
  110   127  1   0.0%   0.446 GU:5    +
   89   112  1   0.0%   0.213 AU:5    +
  104   145  1   0.0%   0.725 GU:5    +
   24   150  1   0.0%   0.412 AU:5    +
   44    84  1   0.0%   0.008 CG:5    +
   73   135  3   0.0%   0.650 GC:1    UA:2    +
  116   145  1   0.0%   0.292 GU:5    +
  104   112  1   0.0%   0.504 GU:5    +
   86    95  1   0.0%   0.040 UG:5    +
    4    73  3   0.0%   0.103 GU:2    AU:1    +
   65    85  1   0.0%   0.295 AU:5    +
   12   125  1   0.0%   0.051 AU:5    +
   23   127  1   0.0%   0.143 AU:5    +
   36    46  3   0.0%   0.095 GC:1    GU:2    +
   61   122  3   0.0%   0.677 UG:1    UA:2    +
   12   145  1   0.0%   0.070 AU:5    +
   62   121  1   0.0%   0.755 AU:5    +
   62   147  1   0.0%   1.055 AU:5    +
   40   114  3   0.0%   0.068 CG:2    UG:1    +
  110   125  1   0.0%   0.269 GU:5    +
  117   145  1   0.0%   0.324 AU:5    +
   74   134  3   0.0%   0.426 GU:1    AU:2    +
   98   128  3   0.0%   0.343 CG:1    AU:2    +
   42    99  1   0.0%   0.021 AU:5    +
   53    86  1   0.0%   0.526 AU:5    +
   63   125  1   0.0%   0.911 GU:5    +
  102   125  1   0.0%   0.335 GU:5    +
   12    31  1   0.0%   0.022 AU:5    +
   42    75  1   0.0%   0.023 AU:5    +
   66   127  1   0.0%   0.316 AU:5    +
   11   145  1   0.0%   0.082 GU:5    +
   89   109  1   0.0%   0.192 AU:5    +
   66   150  1   0.0%   0.971 AU:5    +
   36    86  1   0.0%   0.094 GU:5    +
   54    85  1   0.0%   0.527 AU:5    +
  108   133  2   0.2%   0.382 AU:4    +
  126   131  2   0.2%   1.130 UA:4    +
    5    39  3   0.2%   0.163 GC:3    +
   64    68  2   0.1%   0.971 AU:4    +
   61    65  2   0.1%   0.516 UA:4    +
    2    41  2   0.1%   0.080 GC:4    +
    8    17  2   0.1%   0.030 GU:4    +
   59    66  3   0.2%   0.443 UA:3    +
   13    18  2   0.1%   0.053 AU:4    +
    3   132  2   0.1%   0.348 UG:4    +
   65    82  3   0.2%   0.313 AU:3    +
  109   132  2   0.1%   0.562 UG:4    +
  132   147  2   0.1%   0.811 GU:4    +
   46    69  3   0.2%   0.050 AU:3    +
   62    85  2   0.1%   0.718 AU:4    +
  127   146  2   0.1%   0.701 UA:4    +
   64    69  2   0.1%   0.936 AU:4    +
    2   135  3   0.2%   0.287 GC:3    +
   45   148  2   0.1%   0.726 CG:4    +
  103   135  2   0.1%   0.882 GC:4    +
  108   136  2   0.1%   0.658 AU:4    +
  126   132  2   0.1%   0.912 UG:4    +
   82    94  3   0.1%   0.077 GC:3    +
    6   148  2   0.1%   0.414 CG:4    +
    3   134  3   0.1%   0.366 UA:3    +
  108   130  3   0.1%   0.675 AU:3    +
   54    61  2   0.1%   0.481 AU:4    +
    2   136  2   0.1%   0.279 GU:4    +
   26    36  2   0.1%   0.240 CG:4    +
  125   146  2   0.1%   0.446 UA:4    +
   12    18  2   0.1%   0.038 AU:4    +
   52    71  2   0.1%   0.750 UA:4    +
   42   128  2   0.1%   0.199 AU:4    +
  107   134  3   0.1%   0.504 UA:3    +
   60    64  2   0.0%   0.526 UA:4    +
    8    21  2   0.0%   0.125 GC:4    +
   52    95  2   0.0%   0.514 UG:4    +
   11    18  2   0.0%   0.038 GU:4    +
    8   147  2   0.0%   0.321 GU:4    +
  129   135  3   0.1%   0.982 GC:3    +
   14    30  2   0.0%   0.015 UG:4    +
   54   128  2   0.0%   0.682 AU:4    +
   21    30  2   0.0%   0.846 CG:4    +
   65   106  2   0.0%   0.344 AU:4    +
   42   145  2   0.0%   0.107 AU:4    +
  117   130  3   0.1%   0.850 AU:3    +
   52    65  2   0.0%   0.245 UA:4    +
   51    64  2   0.0%   0.234 UA:4    +
   61    66  2   0.0%   0.310 UA:4    +
   59   113  3   0.1%   0.882 UA:3    +
   65   100  2   0.0%   0.702 AU:4    +
  104   135  2   0.0%   1.111 GC:4    +
  106   117  2   0.0%   0.164 UA:4    +
   64    75  2   0.0%   0.317 AU:4    +
   53    73  2   0.0%   0.570 AU:4    +
   26    30  2   0.0%   0.736 CG:4    +
  113   133  2   0.0%   0.539 AU:4    +
  120   126  2   0.0%   0.694 GU:4    +
  126   137  2   0.0%   0.913 UA:4    +
  105   136  2   0.0%   0.990 AU:4    +
   55   127  2   0.0%   0.898 GU:4    +
    8    15  2   0.0%   0.007 GU:4    +
   52    63  2   0.0%   0.469 UG:4    +
  129   133  2   0.0%   0.753 GU:4    +
   65    73  2   0.0%   0.363 AU:4    +
   30    35  2   0.0%   0.632 GC:4    +
   64   109  2   0.0%   0.345 AU:4    +
   52    74  2   0.0%   0.507 UA:4    +
  132   145  2   0.0%   0.488 GU:4    +
  120   138  2   0.0%   0.616 GC:4    +
  106   137  2   0.0%   0.588 UA:4    +
   93   109  2   0.0%   0.085 AU:4    +
   64   101  2   0.0%   0.584 AU:4    +
   48    73  2   0.0%   0.384 AU:4    +
   64   107  2   0.0%   0.336 AU:4    +
   39   106  3   0.1%   0.083 AU:3    +
  117   133  2   0.0%   0.511 AU:4    +
  110   128  2   0.0%   0.466 GU:4    +
   48   126  2   0.0%   0.801 AU:4    +
   54   126  2   0.0%   0.539 AU:4    +
  100   131  2   0.0%   0.958 UA:4    +
   99   132  2   0.0%   0.795 UG:4    +
   54    73  2   0.0%   0.566 AU:4    +
   62    83  2   0.0%   0.700 AU:4    +
   64    81  2   0.0%   0.298 AU:4    +
    1     8  2   0.0%   0.003 UG:4    +
   62   109  2   0.0%   0.734 AU:4    +
   61    84  2   0.0%   0.647 UG:4    +
  107   132  2   0.0%   0.624 UG:4    +
    6    30  2   0.0%   0.126 CG:4    +
  106   113  2   0.0%   0.189 UA:4    +
    1   132  2   0.0%   0.221 UG:4    +
   65   133  2   0.0%   0.486 AU:4    +
  106   131  2   0.0%   0.611 UA:4    +
   61   129  2   0.0%   1.017 UG:4    +
   61   137  2   0.0%   1.028 UA:4    +
    6    49  2   0.0%   0.124 CG:4    +
   61   110  2   0.0%   0.694 UG:4    +
   19    30  2   0.0%   0.820 UG:4    +
    3     8  2   0.0%   0.002 UG:4    +
   55   125  2   0.0%   0.811 GU:4    +
  114   138  2   0.0%   0.638 GC:4    +
   85   113  2   0.0%   0.341 UA:4    +
  116   133  2   0.0%   0.474 GU:4    +
   86   113  2   0.0%   0.091 UA:4    +
  123   132  2   0.0%   0.665 UG:4    +
   61   108  2   0.0%   0.665 UA:4    +
   63   100  2   0.0%   1.286 GU:4    +
   62    86  2   0.0%   0.706 AU:4    +
    6   120  2   0.0%   0.157 CG:4    +
   64   106  2   0.0%   0.356 AU:4    +
  108   128  2   0.0%   0.511 AU:4    +
    2    35  2   0.0%   0.052 GC:4    +
    8   138  2   0.0%   0.671 GC:4    +
  132   152  2   0.0%   1.110 GU:4    +
    9   132  2   0.0%   0.321 UG:4    +
    6   114  2   0.0%   0.157 CG:4    +
  113   126  2   0.0%   0.572 AU:4    +
  133   151  2   0.0%   1.014 UG:4    +
   69    88  2   0.0%   0.695 UG:4    +
   48   136  2   0.0%   1.283 AU:4    +
   61    88  2   0.0%   0.660 UG:4    +
  108   126  2   0.0%   0.490 AU:4    +
   48    52  2   0.0%   0.002 AU:4    +
   52   108  2   0.0%   0.527 UA:4    +
   52    72  2   0.0%   0.508 UA:4    +
   42    61  2   0.0%   0.022 AU:4    +
   67   132  2   0.0%   0.673 UG:4    +
   64    99  2   0.0%   0.708 AU:4    +
   52   131  2   0.0%   0.832 UA:4    +
   52   119  2   0.0%   0.543 UA:4    +
   66   133  2   0.0%   0.369 AU:4    +
   61    87  2   0.0%   0.659 UG:4    +
   54   106  2   0.0%   0.573 AU:4    +
   47    52  2   0.0%   0.007 GU:4    +
   44    49  2   0.0%   0.005 CG:4    +
  114   136  2   0.0%   0.667 GU:4    +
   18    27  2   0.0%   0.073 UG:4    +
   44    70  2   0.0%   0.010 CG:4    +
   73    78  2   0.0%   0.129 UA:4    +
   54   100  2   0.0%   0.935 AU:4    +
   52    66  2   0.0%   0.236 UA:4    +
   60    88  2   0.0%   0.689 UG:4    +
   54   133  2   0.0%   0.676 AU:4    +
   25    35  2   0.0%   0.170 GC:4    +
  112   146  2   0.0%   0.328 UA:4    +
   38   132  2   0.0%   0.304 CG:4    +
    8    14  2   0.0%   0.003 GU:4    +
   53   126  2   0.0%   0.544 AU:4    +
   66   100  2   0.0%   0.573 AU:4    +
  109   113  2   0.0%   0.109 UA:4    +
  100   129  2   0.0%   0.996 UG:4    +
   55   123  2   0.0%   0.812 GU:4    +
   52    89  2   0.0%   0.502 UA:4    +
   11   135  2   0.0%   0.395 GC:4    +
  113   123  2   0.0%   0.421 AU:4    +
  119   133  2   0.0%   0.599 AU:4    +
   12   126  2   0.0%   0.053 AU:4    +
   52   102  2   0.0%   0.779 UG:4    +
   13   133  2   0.0%   0.120 AU:4    +
   63   128  2   0.0%   1.045 GU:4    +
   65   126  2   0.0%   0.369 AU:4    +
   53   100  2   0.0%   0.937 AU:4    +
   49   138  2   0.0%   0.927 GC:4    +
  120   128  2   0.0%   0.707 GU:4    +
  113   125  2   0.0%   0.398 AU:4    +
   42   126  2   0.0%   0.078 AU:4    +
   14   132  2   0.0%   0.289 UG:4    +
   48    61  2   0.0%   0.359 AU:4    +
   68   132  2   0.0%   0.988 UG:4    +
  101   132  2   0.0%   0.802 UG:4    +
   30    38  2   0.0%   0.804 GC:4    +
   72   133  2   0.0%   0.744 AU:4    +
   45    49  2   0.0%   0.005 CG:4    +
   59    65  3   0.1%   0.615 UA:3    +
   10   148  2   0.0%   0.195 UG:4    +
   45   132  2   0.0%   0.372 CG:4    +
   55   106  2   0.0%   0.847 GU:4    +
   42   100  2   0.0%   0.022 AU:4    +
  117   136  2   0.0%   0.717 AU:4    +
   44   132  2   0.0%   0.362 CG:4    +
   18    23  2   0.0%   0.114 UA:4    +
   26   129  2   0.0%   0.462 CG:4    +
  120   147  2   0.0%   0.554 GU:4    +
   73   105  2   0.0%   0.320 UA:4    +
   45    55  2   0.0%   0.004 CG:4    +
   18    24  2   0.0%   0.067 UA:4    +
   52   137  2   0.0%   0.897 UA:4    +
   53   136  2   0.0%   0.968 AU:4    +
  104   133  2   0.0%   0.821 GU:4    +
   30   138  2   0.0%   0.983 GC:4    +
   52    77  2   0.0%   0.502 UG:4    +
   75    88  2   0.0%   0.136 UG:4    +
   30    50  2   0.0%   0.595 GC:4    +
  120   133  2   0.0%   0.443 GU:4    +
    5    18  2   0.0%   0.002 GU:4    +
   55    83  2   0.0%   0.790 GU:4    +
    8   106  2   0.0%   0.279 GU:4    +
   81    88  2   0.0%   0.029 UG:4    +
   63   126  2   0.0%   0.924 GU:4    +
  102   135  2   0.0%   0.870 GC:4    +
    6    55  2   0.0%   0.123 CG:4    +
  121   132  2   0.0%   0.539 UG:4    +
   44    55  2   0.0%   0.004 CG:4    +
  102   133  2   0.0%   0.596 GU:4    +
  110   126  2   0.0%   0.443 GU:4    +
   88    96  2   0.0%   0.027 GU:4    +
   62   127  2   0.0%   0.812 AU:4    +
  100   137  2   0.0%   1.069 UA:4    +
  100   105  2   0.0%   0.732 UA:4    +
    8   152  2   0.0%   0.648 GU:4    +
   65   128  2   0.0%   0.488 AU:4    +
   62   106  2   0.0%   0.751 AU:4    +
   24   126  2   0.0%   0.038 AU:4    +
   62   126  2   0.0%   0.748 AU:4    +
   77   135  2   0.0%   0.434 GC:4    +
    8    31  2   0.0%   0.047 GU:4    +
    8   109  2   0.0%   0.277 GU:4    +
   66   126  2   0.0%   0.253 AU:4    +
   48   133  2   0.0%   0.853 AU:4    +
   41    55  2   0.0%   0.139 CG:4    +
   61   105  2   0.0%   0.652 UA:4    +
   18   116  2   0.0%   0.502 UG:4    +
   40    55  2   0.0%   0.038 CG:4    +
   63   133  2   0.0%   1.041 GU:4    +
   51    93  2   0.0%   0.488 UA:4    +
   62   123  2   0.0%   0.738 AU:4    +
   41   116  2   0.0%   0.183 CG:4    +
   45   114  2   0.0%   0.272 CG:4    +
    2    73  2   0.0%   0.070 GU:4    +
   30    40  2   0.0%   0.632 GC:4    +
   68    88  2   0.0%   0.720 UG:4    +
   48   128  2   0.0%   0.914 AU:4    +
   83   113  2   0.0%   0.386 UA:4    +
   52   117  2   0.0%   0.510 UA:4    +
   24   100  2   0.0%   0.034 AU:4    +
   45    87  2   0.0%   0.017 CG:4    +
   69    93  2   0.0%   0.681 UA:4    +
   44    88  2   0.0%   0.008 CG:4    +
   77    98  3   0.1%   0.236 GC:3    +
   82    90  3   0.1%   0.039 UA:3    +
  104   134  3   0.1%   0.813 GU:3    +
    1   134  3   0.1%   0.234 UA:3    +
   46    60  3   0.1%   0.020 AU:3    +
   59    64  3   0.1%   0.629 UA:3    +
  116   135  3   0.1%   0.670 GC:3    +
  105   130  3   0.0%   1.000 AU:3    +
   46   147  3   0.0%   0.762 AU:3    +
   51    98  3   0.0%   0.501 UA:3    +
  117   134  3   0.0%   0.464 AU:3    +
   53    94  3   0.0%   0.536 AU:3    +
  115   136  3   0.0%   0.708 AU:3    +
   47    98  3   0.0%   0.411 GC:3    +
    9    39  3   0.0%   0.235 UA:3    +
   39   133  3   0.0%   0.117 AU:3    +
   67    98  3   0.0%   0.422 UA:3    +
  105   134  3   0.0%   0.681 AU:3    +
   48    59  3   0.0%   0.366 AU:3    +
   98   103  3   0.0%   0.599 CG:3    +
   39   107  3   0.0%   0.073 AU:3    +
   35    70  3   0.0%   0.041 CG:3    +
    3    39  3   0.0%   0.109 UA:3    +
   46    99  3   0.0%   0.033 AU:3    +
  105   118  3   0.0%   0.109 AU:3    +
   82    89  3   0.0%   0.029 UA:3    +
   53   130  3   0.0%   0.889 AU:3    +
  122   136  3   0.0%   0.587 AU:3    +
   94   108  3   0.0%   0.040 UA:3    +
   49    97  3   0.0%   0.414 GC:3    +
    1    46  3   0.0%   0.053 UA:3    +
   39   151  3   0.0%   1.095 CG:3    +
    7   137  3   0.0%   0.461 UA:3    +
  113   136  3   0.0%   0.742 AU:3    +
   81    91  3   0.0%   0.031 UG:3    +
   53    59  3   0.0%   0.019 AU:3    +
  123   134  3   0.0%   0.491 UA:3    +
  108   134  3   0.0%   0.345 AU:3    +
   39   152  3   0.0%   1.062 AU:3    +
   63   135  3   0.0%   1.317 GC:3    +
  134   151  3   0.0%   0.954 UG:3    +
   62   136  3   0.0%   1.152 AU:3    +
  116   134  3   0.0%   0.420 GU:3    +
   63    98  3   0.0%   0.889 GC:3    +
   39   109  3   0.0%   0.071 AU:3    +
    7    29  3   0.0%   0.051 UA:3    +
   99   134  3   0.0%   0.717 UA:3    +
   54   134  3   0.0%   0.653 AU:3    +
    7    48  3   0.0%   0.032 UA:3    +
  122   150  3   0.0%   0.927 AU:3    +
  110   135  3   0.0%   0.729 GC:3    +
    5   134  3   0.0%   0.600 GU:3    +
   39   112  3   0.0%   0.081 AU:3    +
    2    39  3   0.0%   0.053 GC:3    +
   54    82  3   0.0%   0.528 AU:3    +
  113   134  3   0.0%   0.482 AU:3    +
   46    57  3   0.0%   0.007 AU:3    +
  118   131  3   0.0%   1.046 UA:3    +
   54    94  3   0.0%   0.532 AU:3    +
   75    82  3   0.0%   0.136 UG:3    +
    7   105  3   0.0%   0.038 UA:3    +
   53   118  3   0.0%   0.548 AU:3    +
    7    23  3   0.0%   0.079 UA:3    +
   98   102  3   0.0%   0.526 CG:3    +
    7   119  3   0.0%   0.036 UA:3    +
   49    92  3   0.0%   0.410 GC:3    +
   53   134  3   0.0%   0.658 AU:3    +
  118   137  3   0.0%   0.845 UA:3    +
    7   108  3   0.0%   0.051 UA:3    +
    7   113  3   0.0%   0.059 UA:3    +
   54   130  3   0.0%   0.881 AU:3    +
   69    98  3   0.0%   0.695 UA:3    +
   39   103  3   0.0%   0.022 CG:3    +
   98   104  3   0.0%   0.653 CG:3    +
   12    22  3   0.0%   0.108 AU:3    +
    7    12  3   0.0%   0.002 UA:3    +
   39    47  3   0.0%   0.021 CG:3    +
   54   118  3   0.0%   0.546 AU:3    +
   10    39  3   0.0%   0.133 UA:3    +
   68    98  3   0.0%   0.719 UA:3    +
   53    82  3   0.0%   0.526 AU:3    +
   57    98  3   0.0%   0.783 UA:3    +
   46    68  3   0.0%   0.015 AU:3    +
   40    49  3   0.0%   0.039 CG:3    +
   64   100  3   0.0%   0.715 AU:3    +
   65   134  3   0.0%   0.460 AU:3    +
   46    67  3   0.0%   0.014 AU:3    +
    7    13  3   0.0%   0.002 UA:3    +
   59    89  3   0.0%   0.841 UA:3    +
   46    75  3   0.0%   0.031 AU:3    +
   12   134  3   0.0%   0.083 AU:3    +
    7    62  3   0.0%   0.032 UA:3    +
   39   145  3   0.0%   0.078 AU:3    +
    1    39  3   0.0%   0.043 UA:3    +
   59   131  3   0.0%   1.156 UA:3    +
   67    82  3   0.0%   0.418 UG:3    +
   98   147  3   0.0%   0.540 AU:3    +
  132   150  3   0.0%   1.202 GU:3    +
   42    73  3   0.0%   0.023 AU:3    +
   26   148  3   0.0%   0.227 CG:3    +
   59   117  3   0.0%   0.891 UA:3    +
   42    59  3   0.0%   0.021 AU:3    +
   98   129  3   0.0%   0.549 CG:3    +
   39   147  3   0.0%   0.088 AU:3    +
   62   100  3   0.0%   1.112 AU:3    +
   42   136  3   0.0%   0.428 AU:3    +
   66    82  3   0.0%   0.174 AU:3    +
   49   136  3   0.0%   0.949 GU:3    +
   46    51  3   0.0%   0.006 AU:3    +
   39   127  3   0.0%   0.117 AU:3    +
   60    98  3   0.0%   0.686 UA:3    +
    8   150  3   0.0%   0.665 GU:3    +
   39   126  3   0.0%   0.058 AU:3    +
   66   130  3   0.0%   0.578 AU:3    +
   70   135  3   0.0%   1.169 GC:3    +
   41    70  3   0.0%   0.144 CG:3    +
   62   118  3   0.0%   0.749 AU:3    +
   41    49  3   0.0%   0.140 CG:3    +
  101   134  3   0.0%   0.662 UA:3    +
   98   145  3   0.0%   0.244 AU:3    +
    3    98  3   0.0%   0.112 UA:3    +
   66   118  3   0.0%   0.253 AU:3    +
   39    67  3   0.0%   0.020 AU:3    +
   85    93  3   0.0%   0.323 UA:3    +
    3    46  3   0.0%   0.112 UA:3    +
   39   121  3   0.0%   0.055 AU:3    +
    7    54  3   0.0%   0.031 UA:3    +
   64    85  3   0.0%   0.315 AU:3    +
    9   134  3   0.0%   0.261 UA:3    +
   65   130  3   0.0%   0.694 AU:3    +
   98   107  3   0.0%   0.289 AU:3    +
   39    69  3   0.0%   0.021 AU:3    +
  103   134  3   0.0%   0.569 GU:3    +
   55   100  3   0.0%   1.209 GU:3    +
   51   134  3   0.0%   0.679 UA:3    +
    5    98  3   0.0%   0.274 GC:3    +
   59   108  3   0.0%   0.851 UA:3    +
   59    78  3   0.0%   0.820 UA:3    +
   81    98  3   0.0%   0.235 UA:3    +
.((((..(((((((...((((.....)))).)))))))....((((((((....))))(((((....)))))....(((((((.......)))))))...))))..(((((((....)))))))..........)))).................
