3 sequence; length of alignment 159
alifold output
   62    77  0 100.0%   0.000 CG:2    AU:1   
   65    74  0 100.0%   0.000 GC:1    AU:2   
   61    78  0 100.0%   0.000 CG:1    GU:2   
   66    73  0 100.0%   0.001 CG:1    GC:2   
   60    79  0  99.9%   0.002 AU:1    UA:2   
   64    75  0  99.9%   0.004 GU:2    UA:1   
   58    81  0 100.0%   0.000 CG:3   
   59    80  0  99.9%   0.002 UA:3   
   63    76  0  99.8%   0.006 AU:2    --:1   
   57    82  0  98.7%   0.042 UA:3   
   21    45  0  91.7%   0.431 GC:1    AU:2   
   22    44  0  91.7%   0.510 GC:3   
   23    43  0  91.6%   0.457 CG:3   
   20    46  0  91.5%   0.328 AU:3   
   19    47  0  90.5%   0.363 GU:3   
  109   120  0  88.0%   0.641 GC:3   
  108   121  0  88.0%   0.669 GC:3   
  110   119  0  87.4%   0.391 AU:3   
  107   122  0  84.2%   0.754 UA:3   
   56    83  0  80.4%   0.571 UA:3   
   67    72  1  80.8%   0.520 UA:2   
   18    48  1  76.5%   0.706 UA:2   
    4   148  0  75.6%   0.984 GC:3   
    5   147  0  75.5%   0.977 UA:3   
    6   146  1  74.0%   0.898 UA:2   
  111   118  1  71.5%   0.772 AU:2   
  104   124  0  69.9%   1.236 UG:1    UA:2   
  103   125  0  70.6%   1.090 UA:3   
   99   129  0  67.7%   1.657 GC:3   
  100   128  0  67.5%   1.821 GC:3   
  102   126  0  66.3%   1.000 UA:3   
   98   130  0  65.8%   1.388 UA:3   
    7   145  0  56.1%   1.587 GC:2    GU:1   
   17    49  0  56.0%   1.354 UG:2    UA:1   
   11   143  0  54.4%   1.741 CG:3   
   10   144  0  54.4%   1.661 GC:3   
   93   134  0  44.3%   2.114 GC:3   
   92   135  0  43.9%   1.791 AU:3   
   91   136  0  39.9%   2.021 GC:1    GU:2   
   90   138  0  30.8%   2.117 UA:3    +
   89   139  0  28.6%   2.003 AU:3    +
   91   137  0  22.3%   2.492 GU:3    +
    8   143  0  19.6%   1.206 CG:3    +
   93   135  0  19.3%   2.719 GU:3    +
   92   136  1  19.7%   2.484 AU:2    +
   94   134  1  18.9%   1.996 GC:2    +
  130   139  0  17.6%   2.190 AU:3    +
  129   140  0  17.6%   1.814 CG:3    +
  131   138  0  17.2%   1.908 UA:3    +
    7   144  0  17.0%   1.218 GC:3    +
   14    51  1  15.1%   1.570 GC:2    +
   13   145  0  13.5%   2.284 GC:2    GU:1    +
   15   143  0  13.1%   2.425 CG:1    UG:2    +
   13    52  0  14.0%   1.381 GU:3    +
   14   144  0  13.6%   2.778 GC:3    +
   86   142  0  13.3%   1.340 AU:3    +
   87   141  0  13.0%   1.758 UA:3    +
  106   114  0  10.7%   0.762 CG:2    UG:1    +
   91   129  0  11.6%   1.264 GC:3    +
   90   130  0  11.6%   1.159 UA:3    +
   89   131  0  11.5%   1.019 AU:3    +
   99   121  0  11.4%   0.969 GC:3    +
  100   120  0  11.4%   0.984 GC:3    +
   98   122  0  11.4%   0.779 UA:3    +
   12   146  1  11.8%   1.453 UA:2    +
    3    91  0  10.2%   0.703 CG:2    UG:1    +
   97   123  0  11.1%   0.762 UA:3    +
   99   145  0  10.0%   2.165 GC:2    GU:1    +
   88   132  1  11.3%   1.012 AU:2    +
  105   115  0  10.7%   0.782 GC:3    +
    2    92  0  10.2%   0.704 UA:3    +
    1    93  0  10.2%   0.716 CG:3    +
    4    90  0  10.1%   0.799 GU:3    +
    5    89  0  10.0%   0.787 UA:3    +
  100   144  0  10.0%   2.499 GC:3    +
   87   133  0  10.0%   0.870 UA:3    +
  101   143  0  10.0%   1.868 CG:3    +
   98   146  0   9.8%   1.728 UA:3    +
   12    53  1   9.3%   0.772 UA:2    +
   96   124  1   9.3%   0.890 UA:2    +
    6    88  1   9.0%   0.651 UA:2    +
   93   128  0   8.1%   1.422 GC:3    +
   87   138  0   7.9%   1.167 UA:3    +
   97   147  0   7.8%   1.129 UA:3    +
   94   127  1   8.0%   1.181 GC:2    +
   10   148  0   7.4%   1.514 GC:3    +
   86   139  0   7.4%   0.862 AU:3    +
    7    15  0   6.2%   0.527 GC:1    GU:2    +
  104   125  0   7.1%   1.314 UA:3    +
   15    49  0   4.8%   0.767 CG:1    UG:1    UA:1    +
    8    14  0   6.7%   0.580 CG:3    +
   14    50  0   6.4%   0.889 GU:3    +
   14    54  0   5.3%   1.412 GC:2    GU:1    +
   88   137  1   6.7%   1.204 AU:2    +
   13    51  1   6.6%   0.911 GC:2    +
  103   126  0   5.9%   1.290 UA:3    +
   15    94  0   3.7%   0.993 CG:1    UG:1    UA:1    +
    9    13  0   5.6%   0.522 UG:3    +
   50    94  0   4.6%   0.927 UG:2    UA:1    +
   49    95  0   4.6%   1.360 GC:2    AU:1    +
   45    93  0   4.3%   0.849 CG:1    UG:2    +
  100   127  0   5.2%   1.293 GC:3    +
   43    95  0   4.2%   0.624 GC:2    GU:1    +
   99   128  0   5.1%   1.155 GC:3    +
   48    90  0   3.9%   0.922 GU:1    AU:2    +
   14    95  0   3.7%   1.361 GC:2    GU:1    +
   15    53  1   5.1%   1.153 UA:2    +
   45    99  0   3.5%   0.646 CG:1    UG:2    +
   52    92  0   4.4%   1.395 UA:3    +
   46    92  0   4.3%   0.842 UA:3    +
   47    91  0   4.2%   0.817 UG:3    +
   11   140  0   4.2%   0.694 CG:3    +
   51    93  1   4.6%   1.391 CG:2    +
   53    84  0   4.0%   0.782 AU:3    +
   16    49  1   4.5%   0.572 CG:2    +
   44    94  1   4.3%   0.627 CG:2    +
   16   140  1   4.1%   0.821 CG:2    +
   44   100  0   3.5%   0.664 CG:3    +
   43   101  0   3.5%   0.665 GC:3    +
  103   124  0   2.5%   0.673 UG:1    UA:2    +
   15    22  0   2.4%   0.557 CG:1    UG:2    +
   15   141  1   3.9%   1.322 UA:2    +
   93   127  0   3.4%   1.039 GC:3    +
   17    48  0   2.4%   0.272 UG:1    UA:2    +
   17    92  0   3.4%   0.994 UA:3    +
   48    96  1   3.8%   0.903 AU:2    +
    7   151  0   2.2%   1.264 GC:2    GU:1    +
   16    93  1   3.7%   0.746 CG:2    +
  103   117  0   2.2%   0.322 UG:2    UA:1    +
   13    54  0   2.2%   1.102 GC:2    GU:1    +
   52    85  1   3.6%   0.683 UA:2    +
   11    22  0   3.0%   0.431 CG:3    +
   10    23  0   3.0%   0.431 GC:3    +
    7    87  0   2.9%   0.509 GU:3    +
   14    36  0   1.8%   0.497 GC:2    GU:1    +
    2   150  0   2.7%   0.537 UA:3    +
    4    11  0   2.7%   0.295 GC:3    +
   14   142  0   2.6%   1.549 GU:3    +
   84   138  0   2.6%   0.526 UA:3    +
  134   140  0   2.6%   1.747 CG:3    +
   19    31  0   1.6%   0.216 GC:2    GU:1    +
    5    10  0   2.6%   0.289 UG:3    +
   12    21  1   3.0%   0.323 UA:2    +
   21    29  0   1.5%   0.329 GU:1    AU:2    +
   14    23  0   2.5%   0.575 GC:3    +
  102   125  0   2.3%   0.352 UA:3    +
  104   123  0   2.1%   0.585 UA:3    +
   85   137  1   2.6%   0.496 AU:2    +
   13    96  1   2.6%   1.231 GU:2    +
   42    49  0   0.1%   0.633 CG:1    UG:1    UA:1    +
   30    94  0   0.0%   0.245 CG:1    UG:1    UA:1    +
   94   136  0   0.0%   1.814 GC:1    GU:1    AU:1    +
   94   154  0   0.0%   1.006 GC:1    GU:1    AU:1    +
   49   136  0   0.0%   0.851 GC:1    GU:1    AU:1    +
   83   139  0   2.0%   0.481 AU:3    +
   13    24  1   2.3%   0.462 GC:2    +
    4   151  0   0.8%   0.680 GC:2    GU:1    +
   13    37  0   1.8%   0.509 GC:3    +
  113   117  0   0.7%   0.277 UG:2    UA:1    +
   54    91  0   0.7%   0.847 CG:2    UG:1    +
   10    54  0   0.5%   0.314 GC:2    GU:1    +
   18    91  1   2.0%   0.675 UG:2    +
  132   140  0   1.4%   1.137 UG:3    +
   49    54  0   0.4%   0.952 GC:2    AU:1    +
  131   141  0   1.4%   1.405 UA:3    +
  107   112  0   0.4%   0.091 UG:1    UA:2    +
  106   117  0   0.4%   0.436 CG:2    UA:1    +
   86   136  1   1.9%   0.333 AU:2    +
  107   117  0   0.4%   0.223 UG:2    UA:1    +
   49    87  0   0.3%   0.804 GU:2    AU:1    +
  151   159  0   0.3%   0.206 CG:2    UG:1    +
   21   135  0   0.3%   0.368 GU:1    AU:2    +
   21   102  0   0.3%   0.327 GU:1    AU:2    +
    4   154  0   0.3%   0.652 GC:1    GU:2    +
  133   139  0   1.3%   1.442 AU:3    +
   11   100  0   1.2%   0.382 CG:3    +
   10   101  0   1.2%   0.448 GC:3    +
   95   100  0   0.2%   0.643 CG:2    UG:1    +
  130   142  0   1.2%   1.508 AU:3    +
   49    90  0   0.2%   1.068 GU:2    AU:1    +
   97   124  0   0.2%   0.524 UG:1    UA:2    +
   19    30  0   0.2%   0.046 GC:1    GU:2    +
   21    28  0   0.2%   0.151 GU:1    AU:2    +
   14   136  0   0.2%   1.218 GC:1    GU:2    +
  136   140  0   0.2%   1.720 CG:1    UG:2    +
  102   124  0   0.2%   0.326 UG:1    UA:2    +
   94   132  0   0.2%   0.922 GU:2    AU:1    +
   28   112  0   0.2%   0.143 UG:1    UA:2    +
   31   109  0   0.2%   0.102 CG:2    UG:1    +
   49   142  0   0.1%   0.973 GU:2    AU:1    +
   22    28  0   1.1%   0.372 GU:3    +
   93   136  0   0.1%   2.525 GC:1    GU:2    +
   39   105  0   0.1%   0.063 CG:2    UG:1    +
   10   106  0   0.1%   0.366 GC:2    GU:1    +
   94   135  0   0.1%   1.721 GU:2    AU:1    +
   84   141  0   1.1%   0.707 UA:3    +
  100   106  0   0.1%   0.251 GC:2    GU:1    +
   98   117  0   0.1%   0.046 UG:2    UA:1    +
  112   131  0   0.1%   0.349 GU:1    AU:2    +
   15   100  0   0.1%   0.826 CG:1    UG:2    +
  104   117  0   0.1%   0.170 UG:2    UA:1    +
    6   140  0   0.1%   0.243 CG:1    UG:2    +
   21   119  0   0.1%   0.314 GU:1    AU:2    +
    3   143  0   0.1%   0.259 CG:2    UG:1    +
    9    21  0   0.1%   0.182 UG:1    UA:2    +
  102   112  0   0.1%   0.068 UG:1    UA:2    +
   15   140  0   0.1%   0.992 CG:1    UG:2    +
  103   112  0   0.1%   0.073 UG:1    UA:2    +
    7   106  0   0.1%   0.321 GC:2    GU:1    +
   94   131  0   0.1%   0.894 GU:2    AU:1    +
   93   151  0   0.1%   1.812 GC:2    GU:1    +
   94   149  0   0.1%   1.003 GU:2    AU:1    +
   20    30  1   1.6%   0.221 AU:2    +
   31    93  0   0.0%   0.436 CG:2    UG:1    +
   17   124  0   0.0%   0.553 UG:1    UA:2    +
    3   140  0   0.0%   0.246 CG:2    UG:1    +
   94   119  0   0.0%   0.438 GU:2    AU:1    +
   10   145  0   0.0%   1.028 GC:2    GU:1    +
  109   136  0   0.0%   1.018 GC:1    GU:2    +
   13   136  0   0.0%   1.119 GC:1    GU:2    +
   17    21  0   0.0%   0.119 UG:1    UA:2    +
  102   117  0   0.0%   0.075 UG:2    UA:1    +
  140   145  0   0.0%   1.683 GC:2    GU:1    +
   48    56  0   0.0%   0.344 GU:1    AU:2    +
   36   100  0   0.0%   0.160 CG:2    UG:1    +
    9   141  0   1.0%   0.374 UA:3    +
  154   159  0   0.0%   0.070 CG:1    UG:2    +
    3    10  0   0.0%   0.011 CG:2    UG:1    +
   40    48  0   0.0%   0.356 UG:1    UA:2    +
   39    91  0   0.0%   0.327 CG:2    UG:1    +
   10    39  0   0.0%   0.225 GC:2    GU:1    +
   22    31  0   0.0%   0.327 GC:2    GU:1    +
   10    15  0   0.0%   0.278 GC:1    GU:2    +
   49    84  0   0.0%   0.669 GU:2    AU:1    +
   22    95  0   0.0%   0.466 GC:2    GU:1    +
    3   159  0   0.0%   0.255 CG:2    UG:1    +
  145   159  0   0.0%   0.843 CG:2    UG:1    +
   31    49  0   0.0%   0.683 CG:2    UA:1    +
   36   109  0   0.0%   0.091 CG:2    UG:1    +
   98   124  0   0.0%   0.522 UG:1    UA:2    +
   32    48  0   0.0%   0.307 UG:1    UA:2    +
  124   137  0   0.0%   1.295 GU:1    AU:2    +
   34    48  0   0.0%   0.327 UG:1    UA:2    +
   21    32  0   0.0%   0.195 GU:1    AU:2    +
   12    85  0   0.0%   0.355 AU:1    UA:2    +
   95    99  0   0.0%   0.599 CG:2    UG:1    +
   94   152  0   0.0%   0.995 GU:2    AU:1    +
   15    43  0   0.0%   0.339 CG:1    UG:2    +
   13    45  0   0.0%   0.371 GC:1    GU:2    +
   39   100  0   0.0%   0.094 CG:2    UG:1    +
   38    49  0   0.0%   0.637 UG:2    UA:1    +
   39    99  0   0.0%   0.087 CG:2    UG:1    +
   49    56  0   0.0%   0.685 GU:2    AU:1    +
   19    39  0   0.0%   0.094 GC:2    GU:1    +
  106   143  0   0.0%   1.456 CG:2    UG:1    +
   48    52  0   0.0%   0.602 GU:1    AU:2    +
    3    19  0   0.0%   0.005 CG:2    UG:1    +
   15    19  0   0.0%   0.183 CG:1    UG:2    +
   10   151  0   0.0%   1.022 GC:2    GU:1    +
   14    39  0   0.0%   0.359 GC:2    GU:1    +
   95   143  0   0.0%   1.358 CG:2    UG:1    +
   36   105  0   0.0%   0.097 CG:2    UG:1    +
   48    84  0   0.0%   0.324 GU:1    AU:2    +
   48    87  0   0.0%   0.410 GU:1    AU:2    +
    7   154  0   0.0%   1.075 GC:1    GU:2    +
   91   154  0   0.0%   1.496 GC:1    GU:2    +
  119   124  0   0.0%   0.752 UG:1    UA:2    +
   39   140  0   0.0%   0.334 CG:2    UG:1    +
   54   140  0   0.0%   0.649 CG:2    UG:1    +
   14   106  0   0.0%   1.138 GC:2    GU:1    +
    4   145  0   0.0%   0.350 GC:2    GU:1    +
   15   105  0   0.0%   0.770 CG:1    UG:2    +
   95   105  0   0.0%   0.460 CG:2    UG:1    +
   94   106  0   0.0%   0.434 GC:2    AU:1    +
  106   140  0   0.0%   0.650 CG:2    UG:1    +
    3    13  0   0.0%   0.008 CG:2    UG:1    +
   48    97  0   0.0%   0.570 GU:1    AU:2    +
  124   132  0   0.0%   0.869 GU:1    AU:2    +
    3     7  0   0.0%   0.009 CG:2    UG:1    +
    6    10  0   0.0%   0.102 CG:1    UG:2    +
   36    43  0   0.0%   0.167 CG:2    UG:1    +
   12    88  0   0.0%   0.548 AU:1    UA:2    +
   30   109  0   0.0%   0.114 CG:1    UG:2    +
   31   108  0   0.0%   0.073 CG:2    UG:1    +
   93   145  0   0.0%   2.273 GC:2    GU:1    +
  124   131  0   0.0%   0.860 GU:1    AU:2    +
   21    38  0   0.0%   0.193 GU:1    AU:2    +
   36   108  0   0.0%   0.088 CG:2    UG:1    +
  112   119  0   0.0%   0.227 GU:1    AU:2    +
    6    13  0   0.0%   0.006 CG:1    UG:2    +
   22    30  0   0.0%   0.336 GC:1    GU:2    +
   94   153  0   0.0%   0.994 GU:2    AU:1    +
   91    95  0   0.0%   0.892 GC:2    GU:1    +
  140   154  0   0.0%   0.869 GC:1    GU:2    +
   95   117  0   0.0%   0.424 CG:2    UA:1    +
    4    95  0   0.0%   0.336 GC:2    GU:1    +
    5    94  0   0.0%   0.327 UG:2    UA:1    +
  136   143  0   0.0%   2.079 CG:1    UG:2    +
   22    36  0   0.0%   0.331 GC:2    GU:1    +
   13    95  0   0.0%   0.948 GC:2    GU:1    +
    7    54  0   0.0%   0.202 GC:2    GU:1    +
    6    93  0   0.0%   0.452 CG:1    UG:2    +
   99   106  0   0.0%   0.212 GC:2    GU:1    +
   13    31  0   0.0%   0.296 GC:2    GU:1    +
   10    95  0   0.0%   0.281 GC:2    GU:1    +
   14    30  0   0.0%   0.284 GC:1    GU:2    +
  143   151  0   0.0%   1.350 GC:2    GU:1    +
  108   136  0   0.0%   1.023 GC:1    GU:2    +
   10    42  0   0.0%   0.230 GC:1    GU:2    +
   31   140  0   0.0%   0.395 CG:2    UG:1    +
   31    43  0   0.0%   0.162 CG:2    UG:1    +
   42   105  0   0.0%   0.048 CG:1    UG:2    +
   48   139  0   0.0%   0.608 GU:1    AU:2    +
   18    88  0   0.0%   0.425 GU:1    UA:2    +
    9    48  0   0.0%   0.184 UG:1    UA:2    +
    6    21  0   0.0%   0.001 CG:1    UA:2    +
   19   136  0   0.0%   0.231 GC:1    GU:2    +
   49    57  0   0.0%   0.646 GU:2    AU:1    +
   13    39  0   0.0%   0.369 GC:2    GU:1    +
   90   124  0   0.0%   0.413 UG:1    UA:2    +
   38    48  0   0.0%   0.317 UG:1    UA:2    +
   13    36  0   0.0%   0.296 GC:2    GU:1    +
  107   124  0   0.0%   0.791 UG:1    UA:2    +
   87    94  0   0.0%   0.573 UG:2    UA:1    +
    6    14  0   0.0%   0.005 CG:1    UG:2    +
   18    85  0   0.0%   0.232 GU:1    UA:2    +
   49   139  0   0.0%   0.871 GU:2    AU:1    +
   39    43  0   0.0%   0.102 CG:2    UG:1    +
   91   151  0   0.0%   1.600 GC:2    GU:1    +
   29   124  0   0.0%   0.127 UG:1    UA:2    +
   14   151  0   0.0%   1.730 GC:2    GU:1    +
    4   106  0   0.0%   0.336 GC:2    GU:1    +
    6    91  0   0.0%   0.452 CG:1    UG:2    +
    6    48  0   0.0%   0.001 CG:1    UA:2    +
  124   142  0   0.0%   1.071 GU:1    AU:2    +
    3   105  0   0.0%   0.237 CG:2    UG:1    +
   48    57  0   0.0%   0.304 GU:1    AU:2    +
    3    94  0   0.0%   0.237 CG:2    UA:1    +
  140   151  0   0.0%   0.982 GC:2    GU:1    +
   22   106  0   0.0%   0.370 GC:2    GU:1    +
    4    15  0   0.0%   0.102 GC:1    GU:2    +
  124   135  0   0.0%   1.349 GU:1    AU:2    +
   30   140  0   0.0%   0.437 CG:1    UG:2    +
   43    54  0   0.0%   0.364 GC:2    GU:1    +
   19    54  0   0.0%   0.446 GC:2    GU:1    +
    7   136  0   0.0%   0.312 GC:1    GU:2    +
   48   137  0   0.0%   0.598 GU:1    AU:2    +
   10   136  0   0.0%   0.347 GC:1    GU:2    +
    6   159  0   0.0%   0.459 CG:1    UG:2    +
    4    54  0   0.0%   0.104 GC:2    GU:1    +
   21    46  0   0.0%   0.353 GU:1    AU:2    +
    6   124  0   0.0%   0.219 CG:1    UA:2    +
   94   137  0   0.0%   1.660 GU:2    AU:1    +
    6   143  0   0.0%   0.235 CG:1    UG:2    +
   31   105  0   0.0%   0.091 CG:2    UG:1    +
    7    95  0   0.0%   0.305 GC:2    GU:1    +
   97   117  0   0.0%   0.024 UG:2    UA:1    +
  105   145  0   0.0%   1.166 GC:2    GU:1    +
   19   106  0   0.0%   0.216 GC:2    GU:1    +
   29    48  0   0.0%   0.404 UG:1    UA:2    +
   88    96  0   0.0%   0.495 UG:1    AU:2    +
   95   159  0   0.0%   0.423 CG:2    UG:1    +
   28    49  0   0.0%   0.720 UG:2    UA:1    +
  104   112  0   0.0%   0.063 UG:1    UA:2    +
   14   154  0   0.0%   1.621 GC:1    GU:2    +
   21    34  0   0.0%   0.191 GU:1    AU:2    +
   19   145  0   0.0%   0.832 GC:2    GU:1    +
   10    31  0   0.0%   0.220 GC:2    GU:1    +
   91   106  0   0.0%   0.521 GC:2    GU:1    +
   40    49  0   0.0%   0.671 UG:2    UA:1    +
   54    93  0   0.0%   0.961 CG:2    UG:1    +
   14    31  0   0.0%   0.284 GC:2    GU:1    +
    5    49  0   0.0%   0.094 UG:2    UA:1    +
   21   107  0   0.0%   0.289 GU:1    AU:2    +
  105   136  0   0.0%   1.175 GC:1    GU:2    +
   94    98  0   0.0%   0.424 GU:2    AU:1    +
   48   149  0   0.0%   0.570 GU:1    AU:2    +
    9    49  0   0.0%   0.184 UG:2    UA:1    +
   10    30  0   0.0%   0.220 GC:1    GU:2    +
   22    39  0   0.0%   0.263 GC:2    GU:1    +
   54    94  0   0.0%   0.728 CG:2    UA:1    +
   21   152  0   0.0%   0.319 GU:1    AU:2    +
   19   154  0   0.0%   0.251 GC:1    GU:2    +
   22   151  0   0.0%   0.510 GC:2    GU:1    +
   21    40  0   0.0%   0.200 GU:1    AU:2    +
    3    49  0   0.0%   0.003 CG:2    UA:1    +
   94   158  0   0.0%   0.989 GU:2    AU:1    +
   30    43  0   0.0%   0.204 CG:1    UG:2    +
   90    94  0   0.0%   0.806 UG:2    UA:1    +
   95   140  0   0.0%   0.772 CG:2    UG:1    +
   21   137  0   0.0%   0.356 GU:1    AU:2    +
   85    96  0   0.0%   0.372 UG:1    AU:2    +
   10   154  0   0.0%   0.912 GC:1    GU:2    +
   48    98  0   0.0%   0.571 GU:1    AU:2    +
   94   157  0   0.0%   0.989 GU:2    AU:1    +
   84    94  0   0.0%   0.573 UG:2    UA:1    +
    4    36  0   0.0%   0.104 GC:2    GU:1    +
   22   136  0   0.0%   0.415 GC:1    GU:2    +
   49   106  0   0.0%   0.832 GC:2    AU:1    +
    6   105  0   0.0%   0.219 CG:1    UG:2    +
   48   135  0   0.0%   0.592 GU:1    AU:2    +
   94   156  0   0.0%   0.989 GU:2    AU:1    +
    4    31  0   0.0%   0.104 GC:2    GU:1    +
   39   109  0   0.0%   0.031 CG:2    UG:1    +
   31    91  0   0.0%   0.381 CG:2    UG:1    +
   54   143  0   0.0%   1.261 CG:2    UG:1    +
   49   137  0   0.0%   0.861 GU:2    AU:1    +
    6    19  0   0.0%   0.002 CG:1    UG:2    +
   29   112  0   0.0%   0.133 UG:1    UA:2    +
   28    94  0   0.0%   0.233 UG:2    UA:1    +
   13   106  0   0.0%   1.071 GC:2    GU:1    +
  109   154  0   0.0%   0.186 GC:1    GU:2    +
   93   154  0   0.0%   1.697 GC:1    GU:2    +
   28   124  0   0.0%   0.125 UG:1    UA:2    +
   19    36  0   0.0%   0.160 GC:2    GU:1    +
   48   142  0   0.0%   0.681 GU:1    AU:2    +
    2    21  0   0.0%   0.005 UG:1    UA:2    +
    7    31  0   0.0%   0.193 GC:2    GU:1    +
    7    42  0   0.0%   0.193 GC:1    GU:2    +
   15    93  0   0.0%   0.859 CG:1    UG:2    +
   13   151  0   0.0%   1.545 GC:2    GU:1    +
   36   140  0   0.0%   0.391 CG:2    UG:1    +
   83   142  0   0.9%   0.539 AU:3    +
   15    35  1   1.4%   0.446 UA:2    +
   53    87  0   0.9%   0.756 AU:3    +
   14   139  0   0.9%   1.327 GU:3    +
   17   141  0   0.8%   0.902 UA:3    +
    5   150  0   0.8%   0.766 UA:3    +
  129   143  0   0.8%   2.117 CG:3    +
   12   141  1   1.2%   0.626 UA:2    +
   13    56  0   0.7%   1.017 GU:3    +
   28    35  0   0.7%   0.226 UA:3    +
   52    86  0   0.7%   0.549 UA:3    +
  109   115  0   0.7%   0.372 GC:3    +
   14   127  0   0.6%   1.222 GC:3    +
   13   128  0   0.6%   1.156 GC:3    +
    8    13  0   0.6%   0.100 CG:3    +
   12    99  1   1.1%   0.480 UG:2    +
   29    35  0   0.6%   0.258 UA:3    +
    7   148  0   0.5%   1.234 GC:3    +
   97   130  0   0.5%   0.611 UA:3    +
   34    41  0   0.5%   0.103 UA:3    +
   35    40  0   0.5%   0.256 AU:3    +
   87   140  0   0.4%   1.000 UG:3    +
   89   137  0   0.4%   0.959 AU:3    +
  103   141  0   0.4%   1.353 UA:3    +
   89   136  1   0.9%   0.752 AU:2    +
   14    52  0   0.4%   1.157 GU:3    +
   50    86  0   0.3%   0.256 UA:3    +
   13   137  0   0.3%   1.173 GU:3    +
   14   134  0   0.3%   1.217 GC:3    +
  111   119  0   0.3%   0.453 AU:3    +
   10    84  0   0.3%   0.315 GU:3    +
   22   134  0   0.3%   0.439 GC:3    +
   19   137  0   0.3%   0.292 GU:3    +
   13   135  0   0.3%   1.146 GU:3    +
   22   101  0   0.3%   0.453 GC:3    +
   23   100  0   0.3%   0.398 CG:3    +
   50    89  0   0.3%   0.501 UA:3    +
   20   103  0   0.3%   0.214 AU:3    +
   84    89  0   0.3%   0.452 UA:3    +
   19   104  0   0.2%   0.233 GU:3    +
   52    88  1   0.7%   0.795 UA:2    +
   10   142  0   0.2%   0.400 GU:3    +
  103   123  0   0.2%   0.439 UA:3    +
   20    29  0   0.2%   0.042 AU:3    +
   93   102  0   0.2%   0.709 GU:3    +
   83    90  0   0.2%   0.602 AU:3    +
    9   150  0   0.2%   0.472 UA:3    +
   92   103  0   0.2%   0.694 AU:3    +
   90   141  0   0.2%   1.665 UA:3    +
   91   104  0   0.2%   0.551 GU:3    +
   89   142  0   0.2%   1.441 AU:3    +
   50   141  0   0.2%   0.693 UA:3    +
  135   141  0   0.2%   1.514 UA:3    +
   29   111  0   0.2%   0.144 UA:3    +
  102   141  0   0.2%   1.072 UA:3    +
  101   114  0   0.2%   0.264 CG:3    +
  108   116  1   0.7%   0.136 GC:2    +
    9   146  0   0.2%   0.534 UA:3    +
  100   115  0   0.1%   0.253 GC:3    +
   28    41  0   0.1%   0.136 UA:3    +
   17   123  0   0.1%   0.562 UA:3    +
  104   122  0   0.1%   0.339 UA:3    +
   19   121  0   0.1%   0.235 GC:3    +
   41    97  0   0.1%   0.089 AU:3    +
   13    98  0   0.1%   1.072 GU:3    +
   91   134  0   0.1%   0.829 GC:3    +
   86   135  0   0.1%   0.144 AU:3    +
   13   142  0   0.1%   1.184 GU:3    +
  148   159  0   0.1%   0.480 CG:3    +
    8    43  0   0.1%   0.246 CG:3    +
    7    44  0   0.1%   0.218 GC:3    +
  105   121  0   0.1%   0.606 GC:3    +
   11   105  0   0.1%   0.300 CG:3    +
   98   123  0   0.1%   0.553 UA:3    +
   10    40  0   0.1%   0.246 GU:3    +
    9    41  0   0.1%   0.199 UA:3    +
   15   138  1   0.6%   0.915 UA:2    +
    1     7  0   0.1%   0.023 CG:3    +
    9    86  0   0.1%   0.232 UA:3    +
   92   137  0   0.1%   2.035 AU:3    +
   32   108  0   0.1%   0.036 UG:3    +
  133   137  0   0.1%   0.977 AU:3    +
  104   140  0   0.1%   0.968 UG:3    +
   13    25  0   0.1%   0.313 GC:3    +
  108   115  0   0.1%   0.292 GC:3    +
  101   105  0   0.1%   0.280 CG:3    +
    9   143  0   0.1%   0.621 UG:3    +
   37   105  0   0.1%   0.122 CG:3    +
   30    35  1   0.6%   0.294 UA:2    +
  113   130  0   0.1%   0.631 UA:3    +
  114   129  0   0.1%   0.803 GC:3    +
   14   101  0   0.1%   1.195 GC:3    +
    5   141  0   0.1%   0.352 UA:3    +
    4   142  0   0.1%   0.360 GU:3    +
   13   102  0   0.1%   1.072 GU:3    +
    9   147  0   0.1%   0.520 UA:3    +
   41   103  0   0.1%   0.108 AU:3    +
  111   132  0   0.1%   0.565 AU:3    +
  104   126  0   0.1%   1.069 UA:3    +
  105   119  0   0.1%   0.343 GU:3    +
    8    22  0   0.1%   0.233 CG:3    +
    7    23  0   0.1%   0.204 GC:3    +
  150   158  0   0.1%   0.185 AU:3    +
  132   138  0   0.1%   1.329 UA:3    +
   11    19  0   0.1%   0.118 CG:3    +
  108   113  0   0.1%   0.042 GU:3    +
    1    10  0   0.1%   0.025 CG:3    +
  103   111  0   0.1%   0.066 UA:3    +
  104   110  0   0.1%   0.061 UA:3    +
   10   149  0   0.1%   0.910 GU:3    +
  104   111  0   0.1%   0.070 UA:3    +
   90   105  0   0.1%   0.454 UG:3    +
  109   134  0   0.1%   0.898 GC:3    +
  112   118  1   0.6%   0.399 AU:2    +
  104   141  0   0.1%   1.260 UA:3    +
  134   143  0   0.1%   2.047 CG:3    +
   53    90  0   0.1%   0.941 AU:3    +
  108   135  0   0.1%   0.933 GU:3    +
    8   105  0   0.1%   0.247 CG:3    +
   15   126  1   0.6%   0.844 UA:2    +
    1   159  0   0.1%   0.265 CG:3    +
   19    90  0   0.1%   0.428 GU:3    +
  149   159  0   0.1%   0.049 UG:3    +
  105   139  0   0.1%   1.046 GU:3    +
  119   125  0   0.1%   0.718 UA:3    +
  150   157  0   0.1%   0.176 AU:3    +
   84   140  0   0.1%   0.601 UG:3    +
    7   149  0   0.1%   0.979 GU:3    +
    1    14  0   0.1%   0.026 CG:3    +
    2    13  0   0.1%   0.013 UG:3    +
   56    89  0   0.1%   0.487 UA:3    +
   92   152  0   0.0%   1.353 AU:3    +
   41    50  0   0.0%   0.244 AU:3    +
   32    92  0   0.0%   0.368 UA:3    +
   99   107  0   0.0%   0.212 GU:3    +
    4     8  0   0.0%   0.011 GC:3    +
  132   141  0   0.0%   1.067 UA:3    +
   20   119  0   0.0%   0.193 AU:3    +
  152   159  0   0.0%   0.058 UG:3    +
   29    41  0   0.0%   0.135 UA:3    +
   91   153  0   0.0%   1.488 GU:3    +
   14   148  0   0.0%   2.043 GC:3    +
   37    43  0   0.0%   0.177 CG:3    +
   93   132  0   0.0%   1.242 GU:3    +
   13   149  0   0.0%   1.436 GU:3    +
   14   137  0   0.0%   1.222 GU:3    +
  107   123  0   0.0%   0.565 UA:3    +
   41   104  0   0.0%   0.104 AU:3    +
  103   140  0   0.0%   1.016 UG:3    +
   13   139  0   0.0%   1.148 GU:3    +
   56    82  0   0.0%   0.049 UA:3    +
    8   100  0   0.0%   0.239 CG:3    +
    7   101  0   0.0%   0.314 GC:3    +
    7    11  0   0.0%   0.114 GC:3    +
    9    99  0   0.0%   0.225 UG:3    +
    5   146  0   0.0%   0.347 UA:3    +
    2   141  0   0.0%   0.247 UA:3    +
  133   142  0   0.0%   0.858 AU:3    +
   40   105  0   0.0%   0.101 UG:3    +
   13    50  0   0.0%   0.379 GU:3    +
   94   151  1   0.0%   1.120 GC:1    GU:1    +
   86   137  0   0.0%   0.301 AU:3    +
  128   140  0   0.0%   1.036 CG:3    +
   19   120  0   0.0%   0.212 GC:3    +
   91   121  0   0.0%   0.526 GC:3    +
   41   102  0   0.0%   0.101 AU:3    +
   10    25  0   0.0%   0.222 GC:3    +
   93   120  0   0.0%   0.668 GC:3    +
    9    14  0   0.0%   0.356 UG:3    +
   56    86  0   0.0%   0.292 UA:3    +
   97   133  0   0.0%   0.565 UA:3    +
    4   139  0   0.0%   0.345 GU:3    +
   35   107  0   0.0%   0.194 AU:3    +
    4   153  0   0.0%   0.610 GU:3    +
  105   127  0   0.0%   0.839 GC:3    +
    5   138  0   0.0%   0.335 UA:3    +
   90   122  0   0.0%   0.423 UA:3    +
  107   138  0   0.0%   0.938 UA:3    +
  108   137  0   0.0%   0.877 GU:3    +
   32    41  0   0.0%   0.036 UA:3    +
    9    53  0   0.0%   0.191 UA:3    +
   11    43  0   0.0%   0.228 CG:3    +
   10    44  0   0.0%   0.246 GC:3    +
  135   140  0   0.0%   1.594 UG:3    +
   93   121  0   0.0%   0.679 GC:3    +
   93   101  0   0.0%   0.844 GC:3    +
   92   102  0   0.0%   0.662 AU:3    +
  110   135  0   0.0%   0.894 AU:3    +
   83   137  0   0.0%   0.245 AU:3    +
   10    52  0   0.0%   0.241 GU:3    +
    9   138  0   0.0%   0.229 UA:3    +
   37    99  0   0.0%   0.159 CG:3    +
   10    98  0   0.0%   0.287 GU:3    +
   13   129  0   0.0%   1.099 GC:3    +
   41    98  0   0.0%   0.087 AU:3    +
   57    83  0   0.0%   0.198 UA:3    +
   14   128  0   0.0%   1.195 GC:3    +
    4   144  0   0.0%   0.353 GC:3    +
   10   137  0   0.0%   0.353 GU:3    +
   91   103  0   0.0%   0.522 GU:3    +
   20    32  0   0.0%   0.086 AU:3    +
   97   125  0   0.0%   0.305 UA:3    +
    8   140  0   0.0%   0.253 CG:3    +
    5   143  0   0.0%   0.349 UG:3    +
   92   132  0   0.0%   0.901 AU:3    +
   86    90  0   0.0%   0.469 AU:3    +
   93   131  0   0.0%   1.237 GU:3    +
   34   108  0   0.0%   0.043 UG:3    +
    7   152  0   0.0%   1.061 GU:3    +
  139   146  0   0.0%   1.790 UA:3    +
   41    47  0   0.0%   0.148 AU:3    +
   37   108  0   0.0%   0.103 CG:3    +
   38    92  0   0.0%   0.377 UA:3    +
   37    93  0   0.0%   0.442 CG:3    +
   13   134  0   0.0%   1.099 GC:3    +
  153   159  0   0.0%   0.056 UG:3    +
   52   138  0   0.0%   0.709 UA:3    +
   50    92  0   0.0%   0.729 UA:3    +
  137   141  0   0.0%   1.443 UA:3    +
   53   137  0   0.0%   0.600 AU:3    +
  126   142  0   0.0%   0.964 AU:3    +
   92   131  0   0.0%   0.899 AU:3    +
   91   132  0   0.0%   1.014 GU:3    +
   91   128  0   0.0%   0.549 GC:3    +
    9   140  0   0.0%   0.238 UG:3    +
  138   142  0   0.0%   1.581 AU:3    +
   36    94  1   0.0%   0.204 CG:1    UG:1    +
  150   156  0   0.0%   0.165 AU:3    +
   10   139  0   0.0%   0.356 GU:3    +
   20    97  0   0.0%   0.171 AU:3    +
  146   158  0   0.0%   0.727 AU:3    +
   17   125  0   0.0%   0.551 UA:3    +
   28    89  0   0.0%   0.343 UA:3    +
   90   140  0   0.0%   1.380 UG:3    +
   22   115  0   0.0%   0.361 GC:3    +
   90   133  0   0.0%   0.904 UA:3    +
   23   114  0   0.0%   0.306 CG:3    +
   19    98  0   0.0%   0.202 GU:3    +
   17   138  0   0.0%   0.607 UA:3    +
  126   135  0   0.0%   1.241 AU:3    +
   97   146  0   0.0%   0.798 UA:3    +
   39    48  1   0.0%   0.305 CG:1    UA:1    +
  147   157  0   0.0%   0.433 AU:3    +
   92   139  0   0.0%   2.042 AU:3    +
  125   142  0   0.0%   1.033 AU:3    +
   22   144  0   0.0%   1.293 GC:3    +
   23   143  0   0.0%   1.252 CG:3    +
   52    89  0   0.0%   0.743 UA:3    +
   13    97  0   0.0%   1.045 GU:3    +
    4     9  0   0.0%   0.007 GU:3    +
   50    83  0   0.0%   0.189 UA:3    +
   21   145  1   0.0%   0.916 GC:1    AU:1    +
   35    47  0   0.0%   0.278 AU:3    +
   52    91  0   0.0%   0.949 UG:3    +
   39    49  1   0.0%   0.624 CG:1    UG:1    +
   40    99  0   0.0%   0.136 UG:3    +
   14   135  0   0.0%   1.198 GU:3    +
   84    91  0   0.0%   0.660 UG:3    +
   10    50  0   0.0%   0.236 GU:3    +
  105   128  0   0.0%   0.989 GC:3    +
   93   137  0   0.0%   2.366 GU:3    +
   14    44  0   0.0%   0.370 GC:3    +
   19   139  0   0.0%   0.286 GU:3    +
    4   158  0   0.0%   0.635 GU:3    +
    4   127  0   0.0%   0.339 GC:3    +
   52    83  0   0.0%   0.305 UA:3    +
   92    97  0   0.0%   0.645 AU:3    +
   25    99  0   0.0%   0.090 CG:3    +
   32   110  0   0.0%   0.034 UA:3    +
   17   140  0   0.0%   0.837 UG:3    +
    5   126  0   0.0%   0.329 UA:3    +
    1   143  0   0.0%   0.253 CG:3    +
   43    50  0   0.0%   0.286 GU:3    +
   14    25  0   0.0%   0.296 GC:3    +
  105   144  0   0.0%   1.477 GC:3    +
    4   152  0   0.0%   0.604 GU:3    +
   91    98  0   0.0%   0.511 GU:3    +
   14    37  0   0.0%   0.428 GC:3    +
  103   110  0   0.0%   0.052 UA:3    +
  104   109  0   0.0%   0.047 UG:3    +
    7   139  0   0.0%   0.317 GU:3    +
   19    46  0   0.0%   0.092 GU:3    +
   10    56  0   0.0%   0.265 GU:3    +
   13    84  0   0.0%   0.966 GU:3    +
   84   143  0   0.0%   1.258 UG:3    +
   13   144  0   0.0%   1.782 GC:3    +
  143   148  0   0.0%   1.664 GC:3    +
   13    38  0   0.0%   0.369 GU:3    +
   20    38  0   0.0%   0.085 AU:3    +
   39   124  1   0.0%   0.025 CG:1    UA:1    +
   17    53  0   0.0%   0.795 UA:3    +
    2    20  0   0.0%   0.007 UA:3    +
   93   129  0   0.0%   1.234 GC:3    +
  102   111  0   0.0%   0.055 UA:3    +
   40   123  0   0.0%   0.074 UA:3    +
   93   148  0   0.0%   2.111 GC:3    +
   38   125  0   0.0%   0.029 UA:3    +
   83    87  0   0.0%   0.347 AU:3    +
   13    40  0   0.0%   0.377 GU:3    +
   97   122  0   0.0%   0.030 UA:3    +
   28   138  0   0.0%   0.196 UA:3    +
  140   144  0   0.0%   1.988 GC:3    +
  107   114  0   0.0%   0.292 UG:3    +
  127   143  0   0.0%   1.687 CG:3    +
  130   137  0   0.0%   1.263 AU:3    +
   47    53  0   0.0%   0.474 UA:3    +
  147   156  0   0.0%   0.430 AU:3    +
    5    86  0   0.0%   0.096 UA:3    +
    7   153  0   0.0%   1.061 GU:3    +
  131   140  0   0.0%   1.246 UG:3    +
   92   149  0   0.0%   1.353 AU:3    +
  102   123  0   0.0%   0.317 UA:3    +
   84   133  0   0.0%   0.181 UA:3    +
   92   153  0   0.0%   1.351 AU:3    +
   13    17  0   0.0%   0.199 GU:3    +
    4   156  0   0.0%   0.633 GU:3    +
   93   152  0   0.0%   1.687 GU:3    +
    4    25  0   0.0%   0.104 GC:3    +
  101   109  0   0.0%   0.235 CG:3    +
   41    52  0   0.0%   0.356 AU:3    +
   91   135  0   0.0%   0.832 GU:3    +
  102   108  0   0.0%   0.055 UG:3    +
   38   105  0   0.0%   0.052 UG:3    +
   40    53  0   0.0%   0.432 UA:3    +
   25    43  0   0.0%   0.108 CG:3    +
   14    97  0   0.0%   1.119 GU:3    +
   22    37  0   0.0%   0.333 GC:3    +
   15    48  1   0.0%   0.329 UG:1    UA:1    +
   10   129  0   0.0%   0.347 GC:3    +
  105   129  0   0.0%   0.849 GC:3    +
   46    86  0   0.0%   0.094 UA:3    +
   92   156  0   0.0%   1.346 AU:3    +
    4    87  0   0.0%   0.105 GU:3    +
   44   143  0   0.0%   1.285 CG:3    +
   43   144  0   0.0%   1.259 GC:3    +
   20    50  0   0.0%   0.346 AU:3    +
   38   141  0   0.0%   0.304 UA:3    +
  124   136  1   0.0%   1.445 GU:1    AU:1    +
  147   152  0   0.0%   0.435 AU:3    +
    9   130  0   0.0%   0.221 UA:3    +
   86   157  0   0.0%   0.616 AU:3    +
   83   135  0   0.0%   0.231 AU:3    +
  104   130  0   0.0%   1.142 UA:3    +
  125   135  0   0.0%   1.309 AU:3    +
    7    25  0   0.0%   0.194 GC:3    +
  127   140  0   0.0%   0.882 CG:3    +
  123   137  0   0.0%   1.062 AU:3    +
   37   100  0   0.0%   0.164 CG:3    +
   91   157  0   0.0%   1.482 GU:3    +
   91   139  0   0.0%   2.176 GU:3    +
   89   157  0   0.0%   0.959 AU:3    +
  107   111  0   0.0%   0.031 UA:3    +
    1    13  0   0.0%   0.015 CG:3    +
   17   122  0   0.0%   0.534 UA:3    +
   11    93  0   0.0%   0.450 CG:3    +
  140   148  0   0.0%   1.295 GC:3    +
  125   132  0   0.0%   0.828 AU:3    +
    4   149  0   0.0%   0.562 GU:3    +
  132   143  0   0.0%   1.555 UG:3    +
   20    47  0   0.0%   0.256 AU:3    +
  109   113  0   0.0%   0.032 GU:3    +
  105   137  0   0.0%   1.023 GU:3    +
  123   132  0   0.0%   0.639 AU:3    +
  146   157  0   0.0%   0.724 AU:3    +
   13   121  0   0.0%   1.060 GC:3    +
   14   120  0   0.0%   1.125 GC:3    +
  146   153  0   0.0%   0.729 AU:3    +
   38    99  0   0.0%   0.100 UG:3    +
  104   138  0   0.0%   1.319 UA:3    +
   19   129  0   0.0%   0.219 GC:3    +
    4   157  0   0.0%   0.633 GU:3    +
  125   131  0   0.0%   0.819 AU:3    +
  147   153  0   0.0%   0.436 AU:3    +
   14    90  0   0.0%   1.227 GU:3    +
   93   153  0   0.0%   1.688 GU:3    +
   19    25  0   0.0%   0.021 GC:3    +
    9   133  0   0.0%   0.221 UA:3    +
   35   104  0   0.0%   0.201 AU:3    +
   10   132  0   0.0%   0.347 GU:3    +
  100   148  0   0.0%   1.575 GC:3    +
   99   149  0   0.0%   1.124 GU:3    +
   86   131  0   0.0%   0.069 AU:3    +
   34   105  0   0.0%   0.049 UG:3    +
   29   110  0   0.0%   0.111 UA:3    +
    7    84  0   0.0%   0.203 GU:3    +
   41    90  0   0.0%   0.296 AU:3    +
   98   150  0   0.0%   0.941 UA:3    +
   89    97  0   0.0%   0.285 AU:3    +
  126   131  0   0.0%   0.749 AU:3    +
   10    17  0   0.0%   0.107 GU:3    +
  102   147  0   0.0%   0.858 UA:3    +
   28   111  0   0.0%   0.110 UA:3    +
    9    83  0   0.0%   0.187 UA:3    +
  114   121  0   0.0%   0.648 GC:3    +
   38   100  0   0.0%   0.106 UG:3    +
   13    87  0   0.0%   1.050 GU:3    +
  141   153  0   0.0%   0.744 AU:3    +
  103   146  0   0.0%   1.395 UA:3    +
  113   122  0   0.0%   0.469 UA:3    +
    2   146  0   0.0%   0.242 UA:3    +
   22    29  0   0.0%   0.334 GU:3    +
   89    98  0   0.0%   0.287 AU:3    +
   53   139  0   0.0%   0.608 AU:3    +
   84   159  0   0.0%   0.324 UG:3    +
   17    41  0   0.0%   0.013 UA:3    +
   25   114  0   0.0%   0.016 CG:3    +
   21    30  1   0.0%   0.267 GU:1    AU:1    +
   38    53  0   0.0%   0.398 UA:3    +
   46   141  0   0.0%   0.498 UA:3    +
  119   123  0   0.0%   0.521 UA:3    +
   98   147  0   0.0%   1.209 UA:3    +
   19   134  0   0.0%   0.237 GC:3    +
   13    47  0   0.0%   0.370 GU:3    +
   47   140  0   0.0%   0.545 UG:3    +
   87   159  0   0.0%   0.894 UG:3    +
   46    53  0   0.0%   0.461 UA:3    +
   48   145  1   0.0%   1.156 GC:1    AU:1    +
  128   143  0   0.0%   1.835 CG:3    +
   19    34  0   0.0%   0.089 GU:3    +
   87    92  0   0.0%   0.794 UA:3    +
   89   156  0   0.0%   0.958 AU:3    +
   11    99  0   0.0%   0.220 CG:3    +
  142   147  0   0.0%   0.960 UA:3    +
   46    89  0   0.0%   0.317 UA:3    +
   82   137  0   0.0%   0.060 AU:3    +
   32   141  0   0.0%   0.300 UA:3    +
   47   146  0   0.0%   0.720 UA:3    +
   10   134  0   0.0%   0.347 GC:3    +
   92    98  0   0.0%   0.646 AU:3    +
   97   150  0   0.0%   0.663 UA:3    +
   35    52  0   0.0%   0.483 AU:3    +
   93   149  0   0.0%   1.688 GU:3    +
   13   107  0   0.0%   1.059 GU:3    +
   34    53  0   0.0%   0.405 UA:3    +
   28   141  0   0.0%   0.399 UA:3    +
  108   129  0   0.0%   0.692 GC:3    +
  109   128  0   0.0%   0.819 GC:3    +
   41    87  0   0.0%   0.161 AU:3    +
   10    87  0   0.0%   0.384 GU:3    +
   37   140  0   0.0%   0.403 CG:3    +
  107   130  0   0.0%   0.755 UA:3    +
   20    28  0   0.0%   0.002 AU:3    +
   41    84  0   0.0%   0.076 AU:3    +
   97   126  0   0.0%   0.308 UA:3    +
   52   140  0   0.0%   0.958 UG:3    +
   44    93  0   0.0%   0.455 CG:3    +
  105   142  0   0.0%   0.808 GU:3    +
   19    29  0   0.0%   0.009 GU:3    +
   13    23  0   0.0%   0.312 GC:3    +
  103   122  0   0.0%   0.393 UA:3    +
   50   143  0   0.0%   1.331 UG:3    +
    2    14  0   0.0%   0.009 UG:3    +
   46   147  0   0.0%   0.443 UA:3    +
   41   139  0   0.0%   0.135 AU:3    +
   98   125  0   0.0%   0.309 UA:3    +
  137   143  0   0.0%   1.923 UG:3    +
  109   127  0   0.0%   0.668 GC:3    +
  108   128  0   0.0%   0.831 GC:3    +
   93   107  0   0.0%   0.659 GU:3    +
   56    91  0   0.0%   0.720 UG:3    +
   99   127  0   0.0%   0.809 GC:3    +
   87   143  0   0.0%   1.827 UG:3    +
   13   103  0   0.0%   1.059 GU:3    +
   97   141  0   0.0%   0.924 UA:3    +
   92   119  0   0.0%   0.655 AU:3    +
  101   108  0   0.0%   0.233 CG:3    +
   25   140  0   0.0%   0.327 CG:3    +
   93    97  0   0.0%   0.655 GU:3    +
  138   149  0   0.0%   1.064 AU:3    +
   91   120  0   0.0%   0.511 GC:3    +
    2     7  0   0.0%   0.008 UG:3    +
   87   130  0   0.0%   0.170 UA:3    +
   15    21  1   0.0%   0.286 UG:1    UA:1    +
   46    91  0   0.0%   0.402 UG:3    +
  137   150  0   0.0%   0.864 UA:3    +
   52   141  0   0.0%   0.923 UA:3    +
    4    23  0   0.0%   0.103 GC:3    +
    5    22  0   0.0%   0.094 UG:3    +
   29   140  0   0.0%   0.435 UG:3    +
   82   142  0   0.0%   0.151 AU:3    +
   17    35  0   0.0%   0.064 UA:3    +
   86   158  0   0.0%   0.616 AU:3    +
   40   138  0   0.0%   0.134 UA:3    +
   14    56  0   0.0%   1.030 GU:3    +
   82    87  0   0.0%   0.181 AU:3    +
   84    92  0   0.0%   0.795 UA:3    +
   25   100  0   0.0%   0.095 CG:3    +
   41   137  0   0.0%   0.124 AU:3    +
   14    87  0   0.0%   1.098 GU:3    +
   13    34  0   0.0%   0.296 GU:3    +
    8    19  0   0.0%   0.216 CG:3    +
  144   159  0   0.0%   1.148 CG:3    +
    8   159  0   0.0%   0.565 CG:3    +
   86    97  0   0.0%   0.081 AU:3    +
   87    91  0   0.0%   0.658 UG:3    +
   34    43  0   0.0%   0.122 UG:3    +
   40   140  0   0.0%   0.374 UG:3    +
   10    97  0   0.0%   0.281 GU:3    +
   57    86  0   0.0%   0.082 UA:3    +
  108   134  0   0.0%   0.896 GC:3    +
   14    84  0   0.0%   1.013 GU:3    +
  140   149  0   0.0%   0.868 GU:3    +
   50   138  0   0.0%   0.454 UA:3    +
   93   119  0   0.0%   0.666 GU:3    +
  147   158  0   0.0%   0.432 AU:3    +
  142   150  0   0.0%   0.692 UA:3    +
    2   147  0   0.0%   0.242 UA:3    +
  130   135  0   0.0%   1.319 AU:3    +
  107   125  0   0.0%   0.746 UA:3    +
   86   132  0   0.0%   0.070 AU:3    +
   35   102  0   0.0%   0.208 AU:3    +
    1   140  0   0.0%   0.251 CG:3    +
  139   150  0   0.0%   1.227 UA:3    +
    5    14  0   0.0%   0.098 UG:3    +
   17    86  0   0.0%   0.428 UA:3    +
  105   120  0   0.0%   0.574 GC:3    +
   10   152  0   0.0%   0.899 GU:3    +
  100   129  0   0.0%   1.417 GC:3    +
   89   132  0   0.0%   0.768 AU:3    +
   11    91  0   0.0%   0.449 CG:3    +
    7   134  0   0.0%   0.312 GC:3    +
    2   159  0   0.0%   0.345 UG:3    +
  143   149  0   0.0%   1.236 GU:3    +
  105   134  0   0.0%   1.053 GC:3    +
   41   142  0   0.0%   0.207 AU:3    +
    4   134  0   0.0%   0.337 GC:3    +
   17    89  0   0.0%   0.650 UA:3    +
   10    28  0   0.0%   0.220 GU:3    +
    2    10  0   0.0%   0.006 UG:3    +
   91    97  0   0.0%   0.507 GU:3    +
   25    93  0   0.0%   0.370 CG:3    +
   10    37  0   0.0%   0.220 GC:3    +
   11   159  0   0.0%   0.750 CG:3    +
    8    91  0   0.0%   0.463 CG:3    +
  108   120  0   0.0%   0.316 GC:3    +
   19    50  0   0.0%   0.362 GU:3    +
  105   132  0   0.0%   0.596 GU:3    +
   47    92  0   0.0%   0.719 UA:3    +
   13   148  0   0.0%   1.848 GC:3    +
   34   138  0   0.0%   0.105 UA:3    +
   29   125  0   0.0%   0.125 UA:3    +
  141   157  0   0.0%   0.738 AU:3    +
   34    89  0   0.0%   0.262 UA:3    +
   20   135  0   0.0%   0.204 AU:3    +
   17    22  0   0.0%   0.209 UG:3    +
    7    50  0   0.0%   0.202 GU:3    +
   47    89  0   0.0%   0.330 UA:3    +
   35   137  0   0.0%   0.230 AU:3    +
   34   133  0   0.0%   0.043 UA:3    +
  119   126  0   0.0%   0.644 UA:3    +
   17   133  0   0.0%   0.559 UA:3    +
   19    40  0   0.0%   0.099 GU:3    +
   41    46  0   0.0%   0.133 AU:3    +
   13    57  0   0.0%   0.946 GU:3    +
  140   158  0   0.0%   0.852 GU:3    +
  104   146  0   0.0%   1.315 UA:3    +
    5    92  0   0.0%   0.559 UA:3    +
   28   125  0   0.0%   0.123 UA:3    +
   35   132  0   0.0%   0.189 AU:3    +
  109   119  0   0.0%   0.067 GU:3    +
  122   139  0   0.0%   1.123 AU:3    +
    5   133  0   0.0%   0.327 UA:3    +
  146   152  0   0.0%   0.728 AU:3    +
   43    52  0   0.0%   0.399 GU:3    +
   14    46  0   0.0%   0.357 GU:3    +
   97   140  0   0.0%   0.662 UG:3    +
   98   133  0   0.0%   0.813 UA:3    +
  104   133  0   0.0%   0.842 UA:3    +
    4   104  0   0.0%   0.336 GU:3    +
   13   152  0   0.0%   1.423 GU:3    +
   89   135  0   0.0%   0.579 AU:3    +
  121   140  0   0.0%   0.752 CG:3    +
    5   105  0   0.0%   0.326 UG:3    +
    9    92  0   0.0%   0.449 UA:3    +
   19    23  0   0.0%   0.212 GC:3    +
    8    93  0   0.0%   0.463 CG:3    +
   23   105  0   0.0%   0.320 CG:3    +
   30   124  1   0.0%   0.129 UG:1    UA:1    +
   53   142  0   0.0%   0.690 AU:3    +
   28   126  0   0.0%   0.151 UA:3    +
   10    47  0   0.0%   0.233 GU:3    +
   35    90  0   0.0%   0.423 AU:3    +
   87   125  0   0.0%   0.170 UA:3    +
   21    39  1   0.0%   0.194 GC:1    AU:1    +
   20    40  0   0.0%   0.091 AU:3    +
   21    36  1   0.0%   0.262 GC:1    AU:1    +
   29   141  0   0.0%   0.400 UA:3    +
   17   126  0   0.0%   0.578 UA:3    +
   89   152  0   0.0%   0.959 AU:3    +
  134   159  0   0.0%   0.834 CG:3    +
   98   140  0   0.0%   0.913 UG:3    +
   57    89  0   0.0%   0.272 UA:3    +
  126   132  0   0.0%   0.757 AU:3    +
  125   137  0   0.0%   1.253 AU:3    +
  103   147  0   0.0%   1.102 UA:3    +
   84    93  0   0.0%   0.807 UG:3    +
   36    49  1   0.0%   0.687 CG:1    UG:1    +
   35    50  0   0.0%   0.365 AU:3    +
   82   139  0   0.0%   0.069 AU:3    +
   19    52  0   0.0%   0.481 GU:3    +
   19    37  0   0.0%   0.161 GC:3    +
  123   131  0   0.0%   0.630 AU:3    +
   17    91  0   0.0%   0.652 UG:3    +
   14    38  0   0.0%   0.356 GU:3    +
  107   126  0   0.0%   0.676 UA:3    +
  131   146  0   0.0%   1.346 UA:3    +
   40   133  0   0.0%   0.072 UA:3    +
   86    98  0   0.0%   0.083 AU:3    +
   87   105  0   0.0%   0.206 UG:3    +
   41   132  0   0.0%   0.083 AU:3    +
    7    47  0   0.0%   0.202 GU:3    +
   82    90  0   0.0%   0.399 AU:3    +
   35    87  0   0.0%   0.288 AU:3    +
  141   152  0   0.0%   0.743 AU:3    +
  137   146  0   0.0%   1.424 UA:3    +
   35    84  0   0.0%   0.203 AU:3    +
    5    53  0   0.0%   0.094 UA:3    +
   50    91  0   0.0%   0.688 UG:3    +
    4    28  0   0.0%   0.104 GU:3    +
   29    53  0   0.0%   0.486 UA:3    +
   46    99  0   0.0%   0.415 UG:3    +
   87    93  0   0.0%   0.806 UG:3    +
   20   137  0   0.0%   0.244 AU:3    +
   19   148  0   0.0%   0.669 GC:3    +
  140   153  0   0.0%   0.858 GU:3    +
   38    43  0   0.0%   0.118 UG:3    +
   90   123  0   0.0%   0.421 UA:3    +
  123   142  0   0.0%   0.840 AU:3    +
   93    98  0   0.0%   0.657 GU:3    +
   32    43  0   0.0%   0.103 UG:3    +
   89   104  0   0.0%   0.290 AU:3    +
  132   146  0   0.0%   1.061 UA:3    +
   89   107  0   0.0%   0.275 AU:3    +
   97   138  0   0.0%   1.038 UA:3    +
  102   140  0   0.0%   0.779 UG:3    +
   50   140  0   0.0%   0.694 UG:3    +
  143   152  0   0.0%   1.226 GU:3    +
    7   158  0   0.0%   1.059 GU:3    +
   38    86  0   0.0%   0.030 UA:3    +
   47   138  0   0.0%   0.305 UA:3    +
   19    32  0   0.0%   0.086 GU:3    +
   22    38  0   0.0%   0.262 GU:3    +
   25    91  0   0.0%   0.325 CG:3    +
   35    46  0   0.0%   0.266 AU:3    +
  131   147  0   0.0%   1.053 UA:3    +
   35   103  0   0.0%   0.201 AU:3    +
   13   127  0   0.0%   1.060 GC:3    +
   20   139  0   0.0%   0.254 AU:3    +
   52    93  0   0.0%   1.269 UG:3    +
  141   149  0   0.0%   0.753 AU:3    +
   91   131  0   0.0%   1.012 GU:3    +
  139   147  0   0.0%   1.495 UA:3    +
   34   110  0   0.0%   0.043 UA:3    +
   20    90  0   0.0%   0.401 AU:3    +
    5   125  0   0.0%   0.326 UA:3    +
  133   149  0   0.0%   0.340 AU:3    +
   10    38  0   0.0%   0.220 GU:3    +
   10    29  0   0.0%   0.220 GU:3    +
   86   156  0   0.0%   0.615 AU:3    +
  103   109  0   0.0%   0.050 UG:3    +
   13    32  0   0.0%   0.295 GU:3    +
  102   110  0   0.0%   0.053 UA:3    +
    9    35  0   0.0%   0.176 UA:3    +
   53    57  0   0.0%   0.379 AU:3    +
  132   150  0   0.0%   0.500 UA:3    +
   13   132  0   0.0%   1.094 GU:3    +
   19    87  0   0.0%   0.286 GU:3    +
  102   130  0   0.0%   0.979 UA:3    +
   44    91  0   0.0%   0.411 CG:3    +
   50   147  0   0.0%   0.615 UA:3    +
   17   147  0   0.0%   0.811 UA:3    +
   50   133  0   0.0%   0.391 UA:3    +
    9   105  0   0.0%   0.224 UG:3    +
   22   120  0   0.0%   0.369 GC:3    +
  123   139  0   0.0%   1.074 AU:3    +
   20   153  0   0.0%   0.206 AU:3    +
   17   105  0   0.0%   0.546 UG:3    +
   35    98  0   0.0%   0.198 AU:3    +
   56   141  0   0.0%   0.520 UA:3    +
   99   120  0   0.0%   0.218 GC:3    +
  135   147  0   0.0%   1.194 UA:3    +
    1    22  0   0.0%   0.018 CG:3    +
  122   137  0   0.0%   1.111 AU:3    +
  114   119  0   0.0%   0.418 GU:3    +
    9    93  0   0.0%   0.449 UG:3    +
   52    82  0   0.0%   0.300 UA:3    +
   17   146  0   0.0%   1.076 UA:3    +
   56    92  0   0.0%   0.857 UA:3    +
  110   132  0   0.0%   0.402 AU:3    +
  109   135  0   0.0%   0.916 GU:3    +
    9    20  0   0.0%   0.167 UA:3    +
   28    53  0   0.0%   0.484 UA:3    +
   43    47  0   0.0%   0.193 GU:3    +
    7   142  0   0.0%   0.320 GU:3    +
  122   132  0   0.0%   0.688 AU:3    +
   43    87  0   0.0%   0.204 GU:3    +
   89   103  0   0.0%   0.294 AU:3    +
    7   104  0   0.0%   0.308 GU:3    +
  137   147  0   0.0%   1.132 UA:3    +
   98   108  0   0.0%   0.030 UG:3    +
   10    57  0   0.0%   0.263 GU:3    +
   42    48  1   0.0%   0.304 UG:1    UA:1    +
   10   127  0   0.0%   0.346 GC:3    +
   40    89  0   0.0%   0.288 UA:3    +
  100   119  0   0.0%   0.245 GU:3    +
  142   146  0   0.0%   1.254 UA:3    +
   40   141  0   0.0%   0.338 UA:3    +
   20    34  0   0.0%   0.082 AU:3    +
   19   132  0   0.0%   0.216 GU:3    +
    7   156  0   0.0%   1.059 GU:3    +
  146   156  0   0.0%   0.722 AU:3    +
   98   141  0   0.0%   1.175 UA:3    +
   91   158  0   0.0%   1.481 GU:3    +
   47   150  0   0.0%   0.386 UA:3    +
   98   126  0   0.0%   0.313 UA:3    +
   57    81  0   0.0%   0.000 UG:3    +
    7   137  0   0.0%   0.312 GU:3    +
  104   108  0   0.0%   0.044 UG:3    +
  100   121  0   0.0%   0.743 GC:3    +
  138   157  0   0.0%   1.048 AU:3    +
  138   158  0   0.0%   1.048 AU:3    +
   92   157  0   0.0%   1.346 AU:3    +
   47    86  0   0.0%   0.106 UA:3    +
   92   104  0   0.0%   0.675 AU:3    +
   91   142  0   0.0%   1.947 GU:3    +
  114   128  0   0.0%   0.922 GC:3    +
   21   136  1   0.0%   0.347 GU:1    AU:1    +
  139   159  0   0.0%   1.077 UG:3    +
    5    35  0   0.0%   0.094 UA:3    +
  139   143  0   0.0%   2.284 UG:3    +
  135   143  0   0.0%   1.985 UG:3    +
   43   137  0   0.0%   0.392 GU:3    +
   14    32  0   0.0%   0.283 GU:3    +
   93   156  0   0.0%   1.682 GU:3    +
   40    91  0   0.0%   0.373 UG:3    +
   28   130  0   0.0%   0.124 UA:3    +
   46    93  0   0.0%   0.716 UG:3    +
   40   108  0   0.0%   0.072 UG:3    +
   41   107  0   0.0%   0.085 AU:3    +
   90   125  0   0.0%   0.411 UA:3    +
   14    47  0   0.0%   0.358 GU:3    +
  102   143  0   0.0%   1.604 UG:3    +
   38   108  0   0.0%   0.036 UG:3    +
   50   105  0   0.0%   0.419 UG:3    +
   25   105  0   0.0%   0.033 CG:3    +
  138   156  0   0.0%   1.047 AU:3    +
  135   150  0   0.0%   0.926 UA:3    +
   14   131  0   0.0%   1.159 GU:3    +
   20   104  0   0.0%   0.197 AU:3    +
   15   124  1   0.0%   0.756 UG:1    UA:1    +
    1    91  0   0.0%   0.018 CG:3    +
  111   131  0   0.0%   0.537 AU:3    +
   19    84  0   0.0%   0.201 GU:3    +
   38   110  0   0.0%   0.035 UA:3    +
   89   158  0   0.0%   0.959 AU:3    +
    7   157  0   0.0%   1.059 GU:3    +
    9   125  0   0.0%   0.220 UA:3    +
  123   135  0   0.0%   1.119 AU:3    +
   37   109  0   0.0%   0.102 CG:3    +
   34   141  0   0.0%   0.309 UA:3    +
    4   128  0   0.0%   0.337 GC:3    +
   29    93  0   0.0%   0.467 UG:3    +
   29   123  0   0.0%   0.134 UA:3    +
   32    86  0   0.0%   0.019 UA:3    +
   35   139  0   0.0%   0.240 AU:3    +
   35   142  0   0.0%   0.313 AU:3    +
  124   145  1   0.0%   1.428 GC:1    AU:1    +
   10    34  0   0.0%   0.220 GU:3    +
   93   103  0   0.0%   0.693 GU:3    +
   17    93  0   0.0%   0.888 UG:3    +
   56   140  0   0.0%   0.556 UG:3    +
   17   143  0   0.0%   1.526 UG:3    +
  137   159  0   0.0%   0.714 UG:3    +
  102   138  0   0.0%   1.155 UA:3    +
   20   131  0   0.0%   0.186 AU:3    +
  126   137  0   0.0%   1.182 AU:3    +
    9    89  0   0.0%   0.447 UA:3    +
    4    17  0   0.0%   0.102 GU:3    +
  112   151  1   0.0%   0.210 GC:1    AU:1    +
  110   153  0   0.0%   0.147 AU:3    +
  111   152  0   0.0%   0.295 AU:3    +
  119   141  0   0.0%   0.818 UA:3    +
  131   143  0   0.0%   1.838 UG:3    +
   90    99  0   0.0%   0.596 UG:3    +
   13    90  0   0.0%   1.178 GU:3    +
  113   150  0   0.0%   0.217 UA:3    +
  130   158  0   0.0%   0.927 AU:3    +
  129   159  0   0.0%   0.876 CG:3    +
   34   140  0   0.0%   0.344 UG:3    +
   19   103  0   0.0%   0.188 GU:3    +
   32   109  0   0.0%   0.031 UG:3    +
  120   140  0   0.0%   0.737 CG:3    +
    5   159  0   0.0%   0.597 UG:3    +
   29   126  0   0.0%   0.152 UA:3    +
   37   143  0   0.0%   1.028 CG:3    +
   10   128  0   0.0%   0.345 GC:3    +
    4    50  0   0.0%   0.104 GU:3    +
    7    17  0   0.0%   0.186 GU:3    +
   44   140  0   0.0%   0.659 CG:3    +
  102   122  0   0.0%   0.310 UA:3    +
   87   123  0   0.0%   0.180 UA:3    +
   20    87  0   0.0%   0.268 AU:3    +
   87    99  0   0.0%   0.362 UG:3    +
   43    97  0   0.0%   0.246 GU:3    +
  107   141  0   0.0%   0.858 UA:3    +
    7    90  0   0.0%   0.536 GU:3    +
  138   153  0   0.0%   1.054 AU:3    +
  141   158  0   0.0%   0.738 AU:3    +
   56    93  0   0.0%   0.868 UG:3    +
    8    99  0   0.0%   0.230 CG:3    +
    1    19  0   0.0%   0.018 CG:3    +
  141   156  0   0.0%   0.737 AU:3    +
  123   149  0   0.0%   0.385 AU:3    +
   91   148  0   0.0%   1.910 GC:3    +
   40   143  0   0.0%   0.999 UG:3    +
   35   131  0   0.0%   0.188 AU:3    +
   89   153  0   0.0%   0.959 AU:3    +
   28    43  0   0.0%   0.202 UG:3    +
    4    47  0   0.0%   0.104 GU:3    +
   32   138  0   0.0%   0.096 UA:3    +
   34   111  0   0.0%   0.042 UA:3    +
   19   135  0   0.0%   0.234 GU:3    +
  126   139  0   0.0%   1.192 AU:3    +
    4    29  0   0.0%   0.104 GU:3    +
   18   140  1   0.5%   0.683 UG:2    +
   96   125  1   0.4%   0.515 UA:2    +
    9    85  1   0.4%   0.253 UA:2    +
   12   138  1   0.3%   0.446 UA:2    +
   27    40  1   0.3%   0.091 AU:2    +
   88   139  1   0.3%   1.080 AU:2    +
  105   118  1   0.3%   0.359 GU:2    +
   20   136  1   0.3%   0.252 AU:2    +
   27    38  1   0.3%   0.062 AU:2    +
   18   138  1   0.3%   0.411 UA:2    +
   24    99  1   0.3%   0.197 CG:2    +
   85   135  1   0.2%   0.227 AU:2    +
   94   101  1   0.2%   0.646 GC:2    +
   50    88  1   0.2%   0.464 UA:2    +
   85   142  1   0.2%   0.477 AU:2    +
   51   140  1   0.2%   0.960 CG:2    +
   27   113  1   0.2%   0.080 AU:2    +
   15   133  1   0.2%   0.818 UA:2    +
    4   155  1   0.2%   0.653 GC:2    +
   30   110  1   0.2%   0.146 UA:2    +
   96   133  1   0.2%   0.744 UA:2    +
   26   114  1   0.2%   0.041 CG:2    +
   18   122  1   0.2%   0.322 UA:2    +
   99   116  1   0.1%   0.228 GC:2    +
   94   148  1   0.1%   1.431 GC:2    +
   23   117  1   0.1%   0.327 CG:2    +
   22   118  1   0.1%   0.385 GU:2    +
   16    99  1   0.1%   0.340 CG:2    +
  101   117  1   0.1%   0.263 CG:2    +
   10    26  1   0.1%   0.230 GC:2    +
   18   105  1   0.1%   0.314 UG:2    +
  118   126  1   0.1%   0.793 UA:2    +
  117   127  1   0.1%   0.711 GC:2    +
   67    71  1   0.1%   0.013 UA:2    +
    9    27  1   0.1%   0.184 UA:2    +
   16   143  1   0.1%   1.351 CG:2    +
   12   140  1   0.0%   0.560 UG:2    +
   33    91  1   0.0%   0.327 CG:2    +
   35    42  1   0.0%   0.190 AU:2    +
   85   139  1   0.0%   0.398 AU:2    +
   21   118  1   0.0%   0.297 AU:2    +
   88   142  1   0.0%   1.185 AU:2    +
   15   147  1   0.0%   1.454 UA:2    +
   56    85  1   0.0%   0.370 UA:2    +
    6   150  1   0.0%   0.595 UA:2    +
   18   123  1   0.0%   0.319 UA:2    +
   16    22  1   0.0%   0.216 CG:2    +
    7    16  1   0.0%   0.191 GC:2    +
   14    24  1   0.0%   0.375 GC:2    +
   27    32  1   0.0%   0.015 AU:2    +
   96   126  1   0.0%   0.504 UA:2    +
   10    16  1   0.0%   0.113 GC:2    +
   94   120  1   0.0%   0.436 GC:2    +
   12   150  1   0.0%   0.873 UA:2    +
   85    90  1   0.0%   0.550 AU:2    +
   19    33  1   0.0%   0.093 GC:2    +
   51    91  1   0.0%   0.925 CG:2    +
   12   130  1   0.0%   0.386 UA:2    +
   96   150  1   0.0%   0.642 UA:2    +
   27    34  1   0.0%   0.013 AU:2    +
   96   147  1   0.0%   0.709 UA:2    +
  155   159  1   0.0%   0.064 CG:2    +
   84    88  1   0.0%   0.424 UA:2    +
   56    88  1   0.0%   0.496 UA:2    +
   41    96  1   0.0%   0.158 AU:2    +
   21    96  1   0.0%   0.370 AU:2    +
   23    94  1   0.0%   0.411 CG:2    +
   27    90  1   0.0%   0.285 AU:2    +
   26    91  1   0.0%   0.323 CG:2    +
   18   141  1   0.0%   0.626 UA:2    +
   24    93  1   0.0%   0.451 CG:2    +
  125   136  1   0.0%   1.407 AU:2    +
   12   147  1   0.0%   0.935 UA:2    +
   24    43  1   0.0%   0.186 CG:2    +
   11    49  1   0.0%   0.218 CG:2    +
  105   116  1   0.0%   0.305 GC:2    +
   29    88  1   0.0%   0.330 UA:2    +
   18    49  1   0.0%   0.821 UG:2    +
   18   124  1   0.0%   0.311 UA:2    +
   33   109  1   0.0%   0.022 CG:2    +
   44    49  1   0.0%   0.715 CG:2    +
   33    49  1   0.0%   0.619 CG:2    +
   33   108  1   0.0%   0.018 CG:2    +
   13    26  1   0.0%   0.302 GC:2    +
   12    41  1   0.0%   0.117 UA:2    +
   12    48  1   0.0%   0.110 UA:2    +
  136   141  1   0.0%   1.597 UA:2    +
  118   125  1   0.0%   0.851 UA:2    +
   96   123  1   0.0%   0.238 UA:2    +
    6   125  1   0.0%   0.221 UA:2    +
   96   130  1   0.0%   0.724 UA:2    +
   26   140  1   0.0%   0.333 CG:2    +
   27   139  1   0.0%   0.111 AU:2    +
    6    85  1   0.0%   0.003 UA:2    +
   30    41  1   0.0%   0.133 UA:2    +
  150   154  1   0.0%   0.179 AU:2    +
   94   128  1   0.0%   0.869 GC:2    +
   19    51  1   0.0%   0.649 GC:2    +
   50    85  1   0.0%   0.213 UA:2    +
   94   144  1   0.0%   1.878 GC:2    +
   57    88  1   0.0%   0.288 UA:2    +
   13    18  1   0.0%   0.200 GU:2    +
   47    85  1   0.0%   0.121 UA:2    +
    7   155  1   0.0%   1.070 GC:2    +
   14    18  1   0.0%   0.191 GU:2    +
   93   155  1   0.0%   1.693 GC:2    +
    6   147  1   0.0%   0.663 UA:2    +
    4    18  1   0.0%   0.104 GU:2    +
   85   132  1   0.0%   0.152 AU:2    +
   83   136  1   0.0%   0.228 AU:2    +
   35    45  1   0.0%   0.265 AU:2    +
   27    97  1   0.0%   0.051 AU:2    +
   12    20  1   0.0%   0.003 UA:2    +
   85   158  1   0.0%   0.277 AU:2    +
  110   118  1   0.0%   0.049 AU:2    +
   57    85  1   0.0%   0.164 UA:2    +
    6    86  1   0.0%   0.004 UA:2    +
  114   118  1   0.0%   0.563 GU:2    +
   88   158  1   0.0%   0.724 AU:2    +
   15   125  1   0.0%   0.758 UA:2    +
   12    92  1   0.0%   0.565 UA:2    +
   91   155  1   0.0%   1.491 GC:2    +
   47    88  1   0.0%   0.315 UA:2    +
   18   130  1   0.0%   0.309 UA:2    +
   92   154  1   0.0%   1.361 AU:2    +
    7    26  1   0.0%   0.194 GC:2    +
   22    26  1   0.0%   0.213 GC:2    +
   27    98  1   0.0%   0.060 AU:2    +
   42    89  1   0.0%   0.242 UA:2    +
   12   122  1   0.0%   0.381 UA:2    +
  118   124  1   0.0%   0.895 UA:2    +
   15    89  1   0.0%   0.857 UA:2    +
  130   136  1   0.0%   1.414 AU:2    +
  140   155  1   0.0%   0.863 GC:2    +
   49   144  1   0.0%   1.738 GC:2    +
   88    98  1   0.0%   0.288 AU:2    +
  141   154  1   0.0%   0.755 AU:2    +
   33   140  1   0.0%   0.323 CG:2    +
  147   154  1   0.0%   0.446 AU:2    +
    4    26  1   0.0%   0.104 GC:2    +
   10    51  1   0.0%   0.234 GC:2    +
   12    86  1   0.0%   0.340 UA:2    +
  146   154  1   0.0%   0.740 AU:2    +
   18    35  1   0.0%   0.063 UA:2    +
   33   105  1   0.0%   0.027 CG:2    +
   27   142  1   0.0%   0.184 AU:2    +
   42    86  1   0.0%   0.018 UA:2    +
    4    16  1   0.0%   0.102 GC:2    +
   88   157  1   0.0%   0.723 AU:2    +
   94   155  1   0.0%   1.000 GC:2    +
   94   118  1   0.0%   0.432 GU:2    +
   40    85  1   0.0%   0.079 UA:2    +
   26    99  1   0.0%   0.084 CG:2    +
   40    88  1   0.0%   0.274 UA:2    +
   12    49  1   0.0%   0.110 UG:2    +
   12    19  1   0.0%   0.007 UG:2    +
   45    92  1   0.0%   0.435 UA:2    +
    7    12  1   0.0%   0.012 GU:2    +
   89    96  1   0.0%   0.493 AU:2    +
   42   138  1   0.0%   0.083 UA:2    +
   26    43  1   0.0%   0.101 CG:2    +
    8    49  1   0.0%   0.230 CG:2    +
   12    83  1   0.0%   0.330 UA:2    +
   33    43  1   0.0%   0.097 CG:2    +
   15    20  1   0.0%   0.176 UA:2    +
   12   143  1   0.0%   1.127 UG:2    +
   93   118  1   0.0%   0.667 GU:2    +
   18    53  1   0.0%   0.584 UA:2    +
   37    49  1   0.0%   0.691 CG:2    +
   88    97  1   0.0%   0.286 AU:2    +
   14    33  1   0.0%   0.284 GC:2    +
   30   141  1   0.0%   0.402 UA:2    +
   15    86  1   0.0%   0.635 UA:2    +
    9    88  1   0.0%   0.433 UA:2    +
   12    35  1   0.0%   0.107 UA:2    +
   16   105  1   0.0%   0.289 CG:2    +
   19    26  1   0.0%   0.015 GC:2    +
   22   116  1   0.0%   0.359 GC:2    +
  117   128  1   0.0%   0.853 GC:2    +
    6    89  1   0.0%   0.450 UA:2    +
   18   125  1   0.0%   0.308 UA:2    +
   18    89  1   0.0%   0.440 UA:2    +
   82   136  1   0.0%   0.049 AU:2    +
   85    98  1   0.0%   0.165 AU:2    +
   42   141  1   0.0%   0.288 UA:2    +
   88   135  1   0.0%   0.577 AU:2    +
   11    94  1   0.0%   0.217 CG:2    +
   42    83  1   0.0%   0.009 UA:2    +
   18    41  1   0.0%   0.011 UA:2    +
   43    51  1   0.0%   0.566 GC:2    +
   26   143  1   0.0%   0.959 CG:2    +
   30   123  1   0.0%   0.137 UA:2    +
    1    94  1   0.0%   0.251 CG:2    +
  123   136  1   0.0%   1.214 AU:2    +
    5    27  1   0.0%   0.094 UA:2    +
   16    91  1   0.0%   0.380 CG:2    +
   15   150  1   0.0%   1.383 UA:2    +
   24    94  1   0.0%   0.217 CG:2    +
   94   129  1   0.0%   0.882 GC:2    +
   24   100  1   0.0%   0.189 CG:2    +
   92    96  1   0.0%   0.851 AU:2    +
   88   107  1   0.0%   0.276 AU:2    +
   88   156  1   0.0%   0.722 AU:2    +
   88   153  1   0.0%   0.724 AU:2    +
   42    53  1   0.0%   0.385 UA:2    +
  109   116  1   0.0%   0.091 GC:2    +
  126   136  1   0.0%   1.335 AU:2    +
   34    85  1   0.0%   0.053 UA:2    +
   15    83  1   0.0%   0.626 UA:2    +
   91    96  1   0.0%   0.715 GU:2    +
   18   146  1   0.0%   0.836 UA:2    +
   19    24  1   0.0%   0.098 GC:2    +
   49   134  1   0.0%   0.857 GC:2    +
   88   104  1   0.0%   0.291 AU:2    +
   13   155  1   0.0%   1.431 GC:2    +
   34    88  1   0.0%   0.247 UA:2    +
   96   141  1   0.0%   1.098 UA:2    +
   45    53  1   0.0%   0.459 UA:2    +
   12    93  1   0.0%   0.565 UG:2    +
   12    82  1   0.0%   0.329 UA:2    +
   24   117  1   0.0%   0.117 CG:2    +
  118   123  1   0.0%   0.665 UA:2    +
    8    94  1   0.0%   0.230 CG:2    +
   26   105  1   0.0%   0.028 CG:2    +
   12   133  1   0.0%   0.383 UA:2    +
   27   104  1   0.0%   0.062 AU:2    +
   89   154  1   0.0%   0.973 AU:2    +
   10    24  1   0.0%   0.212 GC:2    +
   22    33  1   0.0%   0.262 GC:2    +
   51    94  1   0.0%   1.017 CG:2    +
   43    96  1   0.0%   0.331 GU:2    +
   63    75  1   0.0%   0.000 AU:2    +
   10   155  1   0.0%   0.908 GC:2    +
   18    99  1   0.0%   0.345 UG:2    +
  100   118  1   0.0%   0.243 GU:2    +
  136   147  1   0.0%   1.288 UA:2    +
    5    88  1   0.0%   0.095 UA:2    +
   96   146  1   0.0%   0.969 UA:2    +
   10    18  1   0.0%   0.107 GU:2    +
   49   148  1   0.0%   1.264 GC:2    +
   86    96  1   0.0%   0.290 AU:2    +
   18    92  1   0.0%   0.634 UA:2    +
   27    50  1   0.0%   0.225 AU:2    +
    4    24  1   0.0%   0.103 GC:2    +
   15    92  1   0.0%   0.860 UA:2    +
    4    12  1   0.0%   0.102 GU:2    +
   12    89  1   0.0%   0.562 UA:2    +
   20    45  1   0.0%   0.083 AU:2    +
   35    96  1   0.0%   0.281 AU:2    +
    7    24  1   0.0%   0.192 GC:2    +
  143   155  1   0.0%   1.231 GC:2    +
   85   157  1   0.0%   0.275 AU:2    +
   94   121  1   0.0%   0.441 GC:2    +
   27   131  1   0.0%   0.058 AU:2    +
   88   131  1   0.0%   0.273 AU:2    +
   18   133  1   0.0%   0.317 UA:2    +
   96   117  1   0.0%   0.231 UG:2    +
   85    97  1   0.0%   0.163 AU:2    +
   17    27  1   0.0%   0.008 UA:2    +
  136   146  1   0.0%   1.581 UA:2    +
   13    33  1   0.0%   0.295 GC:2    +
   32    85  1   0.0%   0.033 UA:2    +
   18    86  1   0.0%   0.217 UA:2    +
   25   117  1   0.0%   0.023 CG:2    +
    2    27  1   0.0%   0.005 UA:2    +
   30   111  1   0.0%   0.136 UA:2    +
   45    49  1   0.0%   0.703 UG:2    +
   17    85  1   0.0%   0.442 UA:2    +
   30    92  1   0.0%   0.457 UA:2    +
   96   159  1   0.0%   0.491 UG:2    +
    6   141  1   0.0%   0.236 UA:2    +
    7    51  1   0.0%   0.202 GC:2    +
   16    94  1   0.0%   0.391 CG:2    +
   30    86  1   0.0%   0.119 UA:2    +
   17    88  1   0.0%   0.635 UA:2    +
   45    86  1   0.0%   0.091 UA:2    +
  108   155  1   0.0%   0.193 GC:2    +
   41    45  1   0.0%   0.131 AU:2    +
    4    33  1   0.0%   0.104 GC:2    +
   16   117  1   0.0%   0.275 CG:2    +
   30   125  1   0.0%   0.127 UA:2    +
   20   118  1   0.0%   0.182 AU:2    +
   26    49  1   0.0%   0.620 CG:2    +
   46    85  1   0.0%   0.107 UA:2    +
...((((..((.....(((((((...................)))))))......((((((((((((....)))))))))))).......(((....(((.(((..(((((......))))).))).)))...)))......))))))...........
