3 sequence; length of alignment 158
alifold output
   17    24  0  99.9%   0.003 CG:1    AU:2   
   58    69  0 100.0%   0.000 GC:3   
   59    68  0 100.0%   0.000 CG:3   
   57    70  0 100.0%   0.001 UA:3   
   18    23  0  99.9%   0.005 CG:3   
   16    25  0  99.8%   0.009 AU:3   
   56    71  1 100.0%   0.001 GC:2   
   49    76  0  98.0%   0.094 CG:1    UG:2   
   15    26  1  98.7%   0.042 CG:2   
   50    75  0  97.0%   0.115 GC:1    AU:2   
   48    77  0  97.8%   0.114 UA:3   
   55    72  0  97.4%   0.079 AU:3   
   60    67  0  94.5%   0.162 GU:2    AU:1   
   47    78  0  94.3%   0.203 UG:2    UA:1   
   42    82  0  88.9%   0.348 CG:2    UA:1   
   43    81  0  88.8%   0.354 GC:1    AU:2   
  136   156  0  87.9%   0.760 CG:2    UA:1   
  137   155  0  87.9%   0.562 UA:3   
    5   123  0  86.8%   0.369 GU:1    AU:2   
  138   154  1  87.4%   0.654 UA:2   
    7   121  0  85.8%   0.719 CG:2    UG:1   
    4   124  0  86.6%   0.553 UA:3   
    6   122  0  86.6%   0.665 CG:3   
  141   151  0  85.2%   0.949 GU:2    AU:1   
  140   152  0  86.1%   0.803 GU:3   
  139   153  1  85.8%   0.765 AU:2   
   97   113  0  83.6%   0.882 CG:2    UA:1   
   98   112  0  83.1%   0.839 CG:1    UG:2   
   96   114  0  83.6%   0.884 UA:3   
   95   115  0  83.4%   0.891 UA:3   
   94   116  0  82.7%   0.875 UA:3   
    3   125  0  82.6%   0.641 UA:3   
   46    79  0  78.0%   0.646 GU:2    AU:1   
   93   117  0  77.2%   0.934 CG:1    UA:2   
  143   149  0  73.1%   1.177 AU:3   
  135   157  1  69.7%   1.151 UA:2   
    2   126  1  64.7%   0.875 AU:2   
   61    66  1  61.1%   0.905 AU:2   
   99   111  1  61.0%   1.308 UA:2   
   37    88  0  50.4%   1.886 GC:2    UG:1   
   38    87  0  50.5%   1.520 AU:3   
   39    86  1  49.9%   1.805 GC:2   
   38    85  0  46.5%   1.140 AU:3    +
   39    84  1  46.3%   1.127 GC:2    +
   37    86  1  46.2%   1.160 GC:2    +
   35    91  0  41.3%   1.758 CG:1    GC:2   
   35    88  0  35.4%   1.234 CG:1    GC:2    +
   36    90  0  35.3%   1.434 UG:2    AU:1   
    9   120  0  23.3%   1.433 CG:2    UA:1    +
   36    89  1  13.9%   0.894 UA:2    +
    7    30  0  12.1%   0.767 CG:2    UA:1    +
    8    29  0  11.9%   0.761 GC:1    AU:2    +
    6    31  0  12.0%   0.765 CG:3    +
  101   109  1  12.4%   0.839 UG:2    +
    9    30  0  10.6%   1.046 CG:2    UA:1    +
  102   108  1  10.0%   0.993 GU:2    +
   10    29  1   9.8%   0.936 AU:2    +
   31    92  0   8.0%   1.418 GC:3    +
  107   120  0   6.3%   1.427 UG:2    UA:1    +
  105   122  0   6.3%   0.889 CG:2    UG:1    +
   30    92  1   7.6%   1.170 GC:2    +
   98   140  0   6.0%   0.971 CG:1    UG:2    +
   99   139  0   6.0%   1.127 GC:1    UA:2    +
   97   141  0   6.0%   1.023 CG:2    UA:1    +
   31    91  1   7.4%   1.016 GC:2    +
   99   110  0   5.1%   0.574 GC:1    UA:2    +
  104   123  0   6.0%   0.765 AU:3    +
   96   142  0   5.9%   1.096 UG:3    +
   95   143  0   5.8%   1.106 UA:3    +
  103   135  0   4.8%   0.793 GC:1    GU:2    +
  106   121  1   6.3%   1.021 CG:2    +
  108   119  1   6.3%   1.037 UA:2    +
  109   118  1   6.2%   0.897 GC:2    +
   94   144  0   4.6%   0.987 UG:1    UA:2    +
  101   110  1   6.1%   0.960 UA:2    +
  103   107  0   5.5%   0.631 GU:3    +
   97   112  0   4.3%   0.570 CG:2    UG:1    +
  100   138  1   5.7%   0.626 AU:2    +
   96   113  0   4.1%   0.582 UG:2    UA:1    +
  102   136  1   4.9%   0.976 GC:2    +
  105   113  0   3.2%   0.635 CG:2    UA:1    +
   95   114  0   4.1%   0.573 UA:3    +
  103   108  0   3.9%   0.903 GU:3    +
   98   111  1   4.4%   0.517 UA:2    +
   94   115  0   3.9%   0.558 UA:3    +
   30    97  0   2.8%   1.151 GC:2    AU:1    +
  147   156  0   1.8%   0.690 CG:1    UG:1    UA:1    +
   92   121  0   3.7%   1.092 CG:3    +
   82   147  0   1.4%   0.308 GC:1    GU:1    AU:1    +
   12    29  1   3.9%   0.884 AU:2    +
  102   106  0   2.4%   0.308 GC:2    UG:1    +
   91   122  1   3.6%   1.150 CG:2    +
   32    95  0   2.9%   0.503 AU:3    +
   31    96  0   2.9%   1.155 GU:3    +
  107   111  0   2.8%   1.031 UA:3    +
  106   112  1   3.2%   0.729 CG:2    +
    9    31  0   1.6%   0.771 CG:2    UG:1    +
   81   148  0   1.4%   0.408 CG:1    UG:2    +
   78   151  0   1.4%   0.269 GU:2    AU:1    +
   33    94  1   2.8%   0.515 AU:2    +
   85   141  0   1.3%   0.580 UG:2    UA:1    +
   93   116  1   2.8%   0.533 UA:2    +
   73   156  0   1.3%   0.182 UG:2    UA:1    +
   90   123  1   2.7%   0.845 GU:2    +
   34    93  1   2.7%   0.539 AU:2    +
   27    99  0   1.1%   0.296 CG:1    GU:2    +
  141   147  0   0.1%   0.574 GC:1    GU:1    AU:1    +
  129   141  0   1.1%   0.531 CG:2    UA:1    +
   30   147  0   0.1%   1.001 GC:1    GU:1    AU:1    +
   49    78  0   0.0%   0.103 CG:1    UG:1    UA:1    +
  120   147  0   0.0%   0.804 GC:1    GU:1    AU:1    +
   44   147  0   0.0%   0.141 GC:1    GU:1    AU:1    +
   37    51  0   0.0%   0.051 GC:1    GU:1    UA:1    +
  113   147  0   0.0%   0.492 GC:1    GU:1    AU:1    +
   78   147  0   0.0%   0.090 GC:1    GU:1    AU:1    +
   26   147  0   0.0%   0.033 GC:1    GU:1    AU:1    +
  126   144  0   1.0%   0.719 UG:1    UA:2    +
  135   144  0   0.9%   0.561 CG:1    UA:2    +
    3    34  0   1.9%   0.289 UA:3    +
  136   141  0   0.9%   0.651 CG:2    UA:1    +
  108   130  0   1.9%   0.948 UA:3    +
  129   148  0   0.9%   0.436 CG:2    UG:1    +
  111   127  0   1.8%   0.815 AU:3    +
  135   142  0   0.8%   0.598 CG:1    UG:2    +
  102   107  1   2.3%   0.410 GU:2    +
  107   131  0   1.8%   0.834 UA:3    +
  146   157  0   1.8%   0.758 UA:3    +
  129   150  0   0.7%   0.471 CG:2    UG:1    +
  144   151  0   0.7%   0.676 GU:1    AU:2    +
    4    32  0   1.7%   0.212 UA:3    +
  129   156  0   0.7%   0.442 CG:2    UA:1    +
   44    81  1   2.2%   0.382 GU:2    +
   99   109  0   0.7%   0.178 GU:1    UG:2    +
  100   108  1   2.2%   0.275 AU:2    +
   31    97  0   0.6%   1.132 GC:2    GU:1    +
  135   150  0   0.6%   0.540 CG:1    UG:2    +
  136   142  0   0.6%   0.707 CG:2    UG:1    +
    7   120  0   0.6%   0.367 CG:2    UA:1    +
  112   126  0   1.6%   0.934 GU:3    +
    2    36  0   0.6%   0.086 AU:2    UA:1    +
   27    88  0   0.5%   0.164 CG:1    GC:2    +
  137   141  0   0.5%   0.521 UG:2    UA:1    +
    4    33  1   2.0%   0.361 UA:2    +
   27    91  0   0.4%   0.181 CG:1    GC:2    +
   80   149  0   1.4%   0.222 AU:3    +
   77   152  0   1.4%   0.249 AU:3    +
   76   153  0   1.4%   0.249 GU:3    +
   79   150  0   1.4%   0.451 UG:3    +
   37    84  0   0.4%   0.121 GC:2    UA:1    +
   74   155  0   1.4%   0.203 UA:3    +
  109   129  1   1.9%   0.734 GC:2    +
  110   128  1   1.9%   0.596 AU:2    +
   30    42  0   0.3%   0.553 GC:2    AU:1    +
    9    27  1   1.8%   0.222 CG:2    +
   29    43  0   0.3%   0.738 CG:1    UA:2    +
   30    96  0   0.3%   0.884 GU:2    AU:1    +
   86   140  0   1.3%   0.917 CG:3    +
  145   156  0   0.3%   0.464 UG:2    UA:1    +
   83   143  0   1.3%   0.223 UA:3    +
  145   158  0   1.2%   0.415 UA:3    +
   30   118  0   0.2%   1.011 GC:2    AU:1    +
   30    85  0   0.2%   0.554 GU:2    AU:1    +
  144   149  0   0.2%   0.690 GU:1    AU:2    +
   40    46  0   0.2%   0.057 UG:2    UA:1    +
   87   141  0   0.2%   0.596 UG:2    UA:1    +
  120   129  0   0.2%   0.848 GC:2    AU:1    +
  122   135  0   0.2%   0.634 GC:1    GU:2    +
  121   136  0   0.2%   0.730 GC:2    GU:1    +
   93   144  0   0.2%   0.687 CG:1    UA:2    +
  120   137  0   0.2%   0.811 GU:2    AU:1    +
    8   101  0   0.2%   0.289 GU:1    AU:2    +
   95   131  0   1.2%   0.631 UA:3    +
    5   153  0   0.2%   0.170 GU:1    AU:2    +
   94   132  0   1.2%   0.637 UA:3    +
   50    79  0   0.2%   0.317 GU:1    AU:2    +
   41    45  0   0.2%   0.054 AU:1    UA:2    +
  141   152  0   0.2%   0.831 GU:2    AU:1    +
  103   136  0   0.2%   0.731 GC:2    GU:1    +
  129   140  0   0.1%   0.392 CG:2    UG:1    +
   43    85  0   0.1%   0.560 GU:1    AU:2    +
  128   141  0   0.1%   0.434 UG:2    UA:1    +
   30    87  0   0.1%   0.583 GU:2    AU:1    +
  118   122  0   0.1%   0.699 CG:2    UG:1    +
  140   147  0   0.1%   0.450 GC:1    GU:2    +
  136   148  0   0.1%   0.493 CG:2    UG:1    +
  117   123  0   0.1%   0.648 GU:1    AU:2    +
   44    79  0   0.1%   0.044 GU:2    AU:1    +
   97   103  0   0.1%   0.202 CG:2    UG:1    +
   89   137  0   1.1%   0.467 AU:3    +
   43    54  0   0.1%   0.047 GU:1    AU:2    +
   39    91  0   0.1%   1.345 CG:1    GC:2    +
    5   149  0   0.1%   0.148 GU:1    AU:2    +
  142   147  0   0.1%   0.587 GC:1    GU:2    +
  146   156  0   0.1%   0.448 UG:2    UA:1    +
   96   130  0   1.1%   0.617 UA:3    +
  141   146  0   0.1%   0.539 GU:2    AU:1    +
   43    87  0   0.1%   0.605 GU:1    AU:2    +
  118   150  0   0.1%   0.396 CG:2    UG:1    +
   43    75  0   0.1%   0.048 GC:1    AU:2    +
   42    76  0   0.1%   0.041 CG:2    UG:1    +
    8   149  0   0.1%   0.296 GU:1    AU:2    +
    9   148  0   0.1%   0.754 CG:2    UG:1    +
   44    74  0   0.1%   0.030 GU:2    AU:1    +
   99   119  0   0.1%   0.608 GC:1    UA:2    +
  141   153  0   0.1%   0.821 GU:2    AU:1    +
    7   150  0   0.1%   0.470 CG:2    UG:1    +
  128   142  0   1.1%   0.572 UG:3    +
  127   143  0   1.1%   0.577 UA:3    +
   40    78  0   0.1%   0.051 UG:2    UA:1    +
   29   150  0   0.1%   0.777 CG:1    UG:2    +
   30   149  0   0.1%   1.027 GU:2    AU:1    +
  141   149  0   0.1%   0.551 GU:2    AU:1    +
   43    83  0   0.1%   0.191 GU:1    AU:2    +
  101   117  0   0.1%   0.682 UG:1    UA:2    +
  121   147  0   0.1%   0.584 GC:1    GU:2    +
  117   151  0   0.1%   0.327 GU:1    AU:2    +
  129   142  0   0.1%   0.495 CG:2    UG:1    +
   97   156  0   0.1%   0.690 CG:2    UA:1    +
    5   151  0   0.1%   0.143 GU:1    AU:2    +
   29   148  0   0.1%   0.768 CG:1    UG:2    +
   40    50  0   0.0%   0.057 UG:1    UA:2    +
   30   129  0   0.0%   0.996 GC:2    AU:1    +
   30    93  1   1.5%   0.955 GU:2    +
  112   118  0   0.0%   0.671 GC:2    GU:1    +
  127   144  0   0.0%   0.442 UG:1    UA:2    +
    4   156  0   0.0%   0.338 UG:2    UA:1    +
  127   156  0   0.0%   0.330 UG:2    UA:1    +
   31    93  0   0.0%   0.873 GC:1    GU:2    +
   88   109  0   0.0%   0.793 CG:2    GU:1    +
   39    88  0   0.0%   1.512 CG:1    GC:2    +
   93   148  0   0.0%   0.793 CG:1    UG:2    +
    7   141  0   0.0%   0.444 CG:2    UA:1    +
   93   121  0   0.0%   0.892 CG:1    UG:2    +
   84    90  0   0.0%   0.798 CG:2    AU:1    +
    1   150  0   0.0%   0.048 CG:1    UG:2    +
  122   147  0   0.0%   0.546 GC:1    GU:2    +
  113   129  0   0.0%   0.526 GC:2    AU:1    +
    7    31  0   0.0%   0.517 CG:2    UG:1    +
  121   129  0   0.0%   0.607 GC:2    GU:1    +
   47    82  0   0.0%   0.203 UG:2    UA:1    +
   10    99  0   0.0%   0.235 UG:1    AU:2    +
   96   141  0   0.0%   0.592 UG:2    UA:1    +
    7   148  0   0.0%   0.454 CG:2    UG:1    +
   97   140  0   0.0%   0.514 CG:2    UG:1    +
   85   113  0   0.0%   0.414 UG:2    UA:1    +
  113   118  0   0.0%   0.662 GC:2    AU:1    +
   46    72  0   0.0%   0.027 GU:2    AU:1    +
   82   118  0   0.0%   0.137 GC:2    AU:1    +
   94   117  0   0.0%   0.669 UG:1    UA:2    +
  135   148  0   0.0%   0.442 CG:1    UG:2    +
   83   117  0   0.0%   0.059 UG:1    UA:2    +
   97   120  0   0.0%   0.965 CG:2    UA:1    +
   31   129  0   0.0%   0.977 GC:2    GU:1    +
   93   112  0   0.0%   0.249 CG:1    UG:2    +
  108   113  0   0.0%   0.872 UG:2    UA:1    +
  128   156  0   0.0%   0.314 UG:2    UA:1    +
   31   118  0   0.0%   0.981 GC:2    GU:1    +
   36    45  0   0.0%   0.041 AU:1    UA:2    +
   94   120  0   0.0%   0.998 UG:2    UA:1    +
   30    94  0   0.0%   0.832 GU:2    AU:1    +
   44    83  0   0.0%   0.154 GU:2    AU:1    +
  126   156  0   0.0%   0.552 UG:2    UA:1    +
   98   103  0   0.0%   0.128 CG:1    UG:2    +
   43    49  0   0.0%   0.041 GC:1    AU:2    +
   42   156  0   0.0%   0.143 CG:2    UA:1    +
    9    26  0   0.0%   0.004 CG:2    UA:1    +
  136   150  0   0.0%   0.515 CG:2    UG:1    +
  120   149  0   0.0%   0.838 GU:2    AU:1    +
  122   129  0   0.0%   0.569 GC:2    GU:1    +
  105   112  0   0.0%   0.313 CG:2    UG:1    +
  152   156  0   0.0%   0.655 UG:2    UA:1    +
   48    78  0   0.0%   0.114 UG:2    UA:1    +
  103   118  0   0.0%   0.404 GC:2    GU:1    +
   40    82  0   0.0%   0.045 UG:2    UA:1    +
   26   153  0   0.0%   0.047 GU:2    AU:1    +
    3   156  0   0.0%   0.348 UG:2    UA:1    +
   60    66  0   0.0%   0.003 GU:2    AU:1    +
  141   145  0   0.0%   0.524 GU:2    AU:1    +
  103   129  0   0.0%   0.384 GC:2    GU:1    +
  120   151  0   0.0%   0.835 GU:2    AU:1    +
   12    99  0   0.0%   0.132 CG:1    AU:2    +
  149   156  0   0.0%   0.747 UG:2    UA:1    +
  113   128  0   0.0%   0.524 GU:2    AU:1    +
   98   117  0   0.0%   0.588 CG:1    UA:2    +
   44    48  0   0.0%   0.021 GU:2    AU:1    +
    3   144  0   0.0%   0.333 UG:1    UA:2    +
  144   152  0   0.0%   0.628 GU:1    AU:2    +
   82   145  0   0.0%   0.130 GU:2    AU:1    +
  136   140  0   0.0%   0.476 CG:2    UG:1    +
   50    74  0   0.0%   0.028 GU:1    AU:2    +
  112   129  0   0.0%   0.594 GC:2    GU:1    +
  120   136  0   0.0%   0.929 GC:2    AU:1    +
    9   150  0   0.0%   0.750 CG:2    UG:1    +
   26    97  0   0.0%   0.032 GC:2    AU:1    +
  113   126  0   0.0%   0.796 GU:2    AU:1    +
  121   135  0   0.0%   0.638 GC:1    GU:2    +
   83   144  0   0.0%   0.115 UG:1    UA:2    +
    8   151  0   0.0%   0.280 GU:1    AU:2    +
  113   127  0   0.0%   0.520 GU:2    AU:1    +
    9   140  0   0.0%   0.725 CG:2    UG:1    +
  118   140  0   0.0%   0.500 CG:2    UG:1    +
   95   144  0   0.0%   0.857 UG:1    UA:2    +
   90   106  0   0.0%   0.385 GC:2    UG:1    +
   23   105  0   0.0%   0.004 GC:2    GU:1    +
   76   129  0   0.0%   0.059 GC:2    GU:1    +
   10   138  0   0.0%   0.232 AU:2    UA:1    +
  113   123  0   0.0%   0.811 GU:2    AU:1    +
   81   144  0   0.0%   0.207 CG:1    UA:2    +
  120   127  0   0.0%   0.816 GU:2    AU:1    +
  120   152  0   0.0%   0.826 GU:2    AU:1    +
   78   127  0   0.0%   0.096 GU:2    AU:1    +
   48    82  0   0.0%   0.164 UG:2    UA:1    +
   74   156  0   0.0%   0.133 UG:2    UA:1    +
   31    98  0   0.0%   1.040 GC:1    GU:2    +
  107   117  0   0.0%   0.583 UG:1    UA:2    +
   24    33  0   0.0%   0.139 GC:1    UA:2    +
    5   152  0   0.0%   0.138 GU:1    AU:2    +
   31    42  0   0.0%   0.364 GC:2    GU:1    +
   42    46  0   0.0%   0.036 CG:2    UA:1    +
   30    54  0   0.0%   0.517 GU:2    AU:1    +
    9   121  0   0.0%   0.875 CG:2    UG:1    +
   99   133  0   0.0%   0.626 GC:1    UA:2    +
   92   120  1   1.5%   1.095 CG:2    +
   31   147  0   0.0%   0.980 GC:1    GU:2    +
  137   144  0   0.0%   0.379 UG:1    UA:2    +
  105   150  0   0.0%   0.411 CG:2    UG:1    +
    7   156  0   0.0%   0.452 CG:2    UA:1    +
  144   153  0   0.0%   0.604 GU:1    AU:2    +
  105   120  0   0.0%   0.648 CG:2    UA:1    +
   97   121  0   0.0%   0.734 CG:2    UG:1    +
  108   117  0   0.0%   0.675 UG:1    UA:2    +
   29    50  0   0.0%   0.701 CG:1    UA:2    +
    9    82  0   0.0%   0.383 CG:2    UA:1    +
   82   126  0   0.0%   0.405 GU:2    AU:1    +
    1   148  0   0.0%   0.041 CG:1    UG:2    +
    8    83  0   0.0%   0.256 GU:1    AU:2    +
  135   140  0   0.0%   0.426 CG:1    UG:2    +
   95   113  0   0.0%   0.194 UG:2    UA:1    +
   24    90  0   0.0%   0.003 GU:1    UG:2    +
   30    95  0   0.0%   0.831 GU:2    AU:1    +
    1     5  0   0.0%   0.001 CG:1    UA:2    +
   56    72  0   0.0%   0.029 GU:2    AU:1    +
   97   142  0   0.0%   0.855 CG:2    UG:1    +
   90   138  0   0.0%   0.574 GU:2    UA:1    +
  118   141  0   0.0%   0.502 CG:2    UA:1    +
    8   146  0   0.0%   0.267 GU:1    AU:2    +
   88   102  0   0.0%   0.800 CG:2    GU:1    +
   87   120  0   0.0%   0.818 UG:2    UA:1    +
  151   156  0   0.0%   0.666 UG:2    UA:1    +
   11    24  0   0.0%   0.001 UG:1    AU:2    +
   46    83  0   0.0%   0.271 GU:2    AU:1    +
  137   156  0   0.0%   0.472 UG:2    UA:1    +
  105   121  0   0.0%   0.414 CG:2    UG:1    +
   50    73  0   0.0%   0.026 GU:1    AU:2    +
   93   150  0   0.0%   0.782 CG:1    UG:2    +
    7    26  0   0.0%   0.001 CG:2    UA:1    +
  105   148  0   0.0%   0.419 CG:2    UG:1    +
   44   129  0   0.0%   0.135 GC:2    AU:1    +
   93   103  0   0.0%   0.249 CG:1    UG:2    +
  120   126  0   0.0%   1.091 GU:2    AU:1    +
  107   113  0   0.0%   0.776 UG:2    UA:1    +
   50   123  0   0.0%   0.184 GU:1    AU:2    +
  117   126  0   0.0%   0.604 GU:1    AU:2    +
    1   144  0   0.0%   0.041 CG:1    UA:2    +
    9   156  0   0.0%   0.736 CG:2    UA:1    +
   82   146  0   0.0%   0.129 GU:2    AU:1    +
   46   145  0   0.0%   0.236 GU:2    AU:1    +
   47   144  0   0.0%   0.092 UG:1    UA:2    +
   11    99  0   0.0%   0.029 UG:1    AU:2    +
   46   127  0   0.0%   0.243 GU:2    AU:1    +
   22    93  0   0.0%   0.001 GC:1    AU:2    +
   12    24  0   0.0%   0.001 CG:1    AU:2    +
   43    79  0   0.0%   0.038 GU:1    AU:2    +
  113   136  0   0.0%   0.627 GC:2    AU:1    +
  102   138  0   0.0%   0.802 GU:2    UA:1    +
  101   120  0   0.0%   1.008 UG:2    UA:1    +
   49   142  0   0.0%   0.053 CG:1    UG:2    +
    4   144  0   0.0%   0.309 UG:1    UA:2    +
   43    48  0   0.0%   0.038 GU:1    AU:2    +
   29   117  0   0.0%   0.726 CG:1    UA:2    +
    5   146  0   0.0%   0.125 GU:1    AU:2    +
   37    91  0   0.0%   1.357 GC:2    UG:1    +
    5    29  0   0.0%   0.001 GC:1    AU:2    +
   26    42  0   0.0%   0.015 GC:2    AU:1    +
   85   144  0   0.0%   0.480 UG:1    UA:2    +
   43    47  0   0.0%   0.037 GU:1    AU:2    +
    4    30  0   0.0%   0.001 UG:2    UA:1    +
    7   140  0   0.0%   0.436 CG:2    UG:1    +
  113   149  0   0.0%   0.516 GU:2    AU:1    +
    1     8  0   0.0%   0.001 CG:1    UA:2    +
   11   138  0   0.0%   0.028 AU:2    UA:1    +
   29   103  0   0.0%   0.741 CG:1    UG:2    +
    8    25  0   0.0%   0.001 GU:1    AU:2    +
   93   140  0   0.0%   0.719 CG:1    UG:2    +
   94   156  0   0.0%   0.757 UG:2    UA:1    +
  120   128  0   0.0%   0.817 GU:2    AU:1    +
  123   144  0   0.0%   0.593 UG:1    UA:2    +
   40   144  0   0.0%   0.051 UG:1    UA:2    +
  122   136  0   0.0%   0.680 GC:2    GU:1    +
   22    29  0   0.0%   0.663 GC:1    AU:2    +
   95   117  0   0.0%   0.667 UG:1    UA:2    +
  120   153  0   0.0%   0.815 GU:2    AU:1    +
  127   141  0   0.0%   0.416 UG:2    UA:1    +
   26   118  0   0.0%   0.031 GC:2    AU:1    +
   31    49  0   0.0%   0.345 GC:1    GU:2    +
   26   101  0   0.0%   0.043 GU:2    AU:1    +
   29   144  0   0.0%   0.740 CG:1    UA:2    +
   72   156  0   0.0%   0.035 UG:2    UA:1    +
   33    99  0   0.0%   0.374 CG:1    AU:2    +
   42   148  0   0.0%   0.155 CG:2    UG:1    +
   10    36  0   0.0%   0.258 AU:2    UA:1    +
  105   142  0   0.0%   0.537 CG:2    UG:1    +
   44    54  0   0.0%   0.022 GU:2    AU:1    +
    5   128  0   0.0%   0.127 GU:1    AU:2    +
  118   156  0   0.0%   0.337 CG:2    UA:1    +
   50    81  0   0.0%   0.261 GC:1    AU:2    +
  109   138  0   0.0%   0.721 GU:2    UA:1    +
   30   153  0   0.0%   1.011 GU:2    AU:1    +
    5   135  0   0.0%   0.125 GC:1    AU:2    +
   27   106  0   0.0%   0.193 CG:1    GC:2    +
   83   113  0   0.0%   0.053 UG:2    UA:1    +
    9   103  0   0.0%   0.397 CG:2    UG:1    +
    9    46  0   0.0%   0.382 CG:2    UA:1    +
   50    54  0   0.0%   0.031 GU:1    AU:2    +
   11    36  0   0.0%   0.055 AU:2    UA:1    +
   25    43  0   0.0%   0.005 UG:1    UA:2    +
   44   146  0   0.0%   0.140 GU:2    AU:1    +
    5    93  0   0.0%   0.001 GC:1    AU:2    +
    8    47  0   0.0%   0.255 GU:1    AU:2    +
  107   141  0   0.0%   0.866 UG:2    UA:1    +
    1   121  0   0.0%   0.022 CG:1    UG:2    +
    5    49  0   0.0%   0.001 GC:1    AU:2    +
    5   145  0   0.0%   0.125 GU:1    AU:2    +
    5   127  0   0.0%   0.134 GU:1    AU:2    +
    1    50  0   0.0%   0.022 CG:1    UA:2    +
   81   117  0   0.0%   0.202 CG:1    UA:2    +
   42   150  0   0.0%   0.158 CG:2    UG:1    +
   95   156  0   0.0%   0.768 UG:2    UA:1    +
    4    50  0   0.0%   0.176 UG:1    UA:2    +
  118   142  0   0.0%   0.503 CG:2    UG:1    +
    1   122  0   0.0%   0.022 CG:1    UG:2    +
  112   136  0   0.0%   0.698 GC:2    GU:1    +
    4   120  0   0.0%   0.176 UG:2    UA:1    +
   94   113  0   0.0%   0.192 UG:2    UA:1    +
   44    85  0   0.0%   0.516 GU:2    AU:1    +
    5   126  0   0.0%   0.406 GU:1    AU:2    +
  113   146  0   0.0%   0.431 GU:2    AU:1    +
  112   147  0   0.0%   0.563 GC:1    GU:2    +
  117   145  0   0.0%   0.229 GU:1    AU:2    +
   40    44  0   0.0%   0.019 UG:2    UA:1    +
   43   149  0   0.0%   0.187 GU:1    AU:2    +
   56    73  0   0.0%   0.010 GU:2    AU:1    +
  103   147  0   0.0%   0.585 GC:1    GU:2    +
   98   121  0   0.0%   0.684 CG:1    UG:2    +
    3   120  0   0.0%   0.164 UG:2    UA:1    +
   13    99  0   0.0%   0.029 UG:1    AU:2    +
    7   103  0   0.0%   0.288 CG:2    UG:1    +
  108   120  0   0.0%   1.343 UG:2    UA:1    +
   46    54  0   0.0%   0.034 GU:2    AU:1    +
   87   156  0   0.0%   0.582 UG:2    UA:1    +
   26   129  0   0.0%   0.031 GC:2    AU:1    +
   30   101  0   0.0%   0.989 GU:2    AU:1    +
   24    35  0   0.0%   0.034 GC:1    UG:2    +
   46    73  0   0.0%   0.030 GU:2    AU:1    +
  118   148  0   0.0%   0.385 CG:2    UG:1    +
    5    54  0   0.0%   0.001 GU:1    AU:2    +
   87   117  0   0.0%   0.447 UG:1    UA:2    +
   13    24  0   0.0%   0.001 UG:1    AU:2    +
   97   122  0   0.0%   0.689 CG:2    UG:1    +
   42    56  0   0.0%   0.022 CG:2    UA:1    +
   82   129  0   0.0%   0.124 GC:2    AU:1    +
   22   107  0   0.0%   0.001 GU:1    AU:2    +
   91   102  0   0.0%   0.615 CG:2    GU:1    +
   26   151  0   0.0%   0.036 GU:2    AU:1    +
    2   138  0   0.0%   0.324 AU:2    UA:1    +
  117   152  0   0.0%   0.314 GU:1    AU:2    +
   82   105  0   0.0%   0.116 GC:2    AU:1    +
    8    93  0   0.0%   0.255 GC:1    AU:2    +
   42   142  0   0.0%   0.136 CG:2    UG:1    +
    7   122  0   0.0%   0.561 CG:2    UG:1    +
  126   141  0   0.0%   0.661 UG:2    UA:1    +
   82    87  0   0.0%   0.554 GU:2    AU:1    +
   35   106  0   0.0%   0.863 CG:1    GC:2    +
    1   142  0   0.0%   0.040 CG:1    UG:2    +
   15   102  0   0.0%   0.036 CG:2    AU:1    +
   46   118  0   0.0%   0.243 GC:2    AU:1    +
   24   100  0   0.0%   0.002 GC:1    UA:2    +
   37    41  0   0.0%   0.039 GU:2    UA:1    +
    1   140  0   0.0%   0.040 CG:1    UG:2    +
   25    30  0   0.0%   0.499 UG:2    UA:1    +
   26    54  0   0.0%   0.015 GU:2    AU:1    +
    3     8  0   0.0%   0.000 UG:1    UA:2    +
   23    29  0   0.0%   0.664 GC:1    GU:2    +
   82   123  0   0.0%   0.240 GU:2    AU:1    +
   81   150  0   0.0%   0.349 CG:1    UG:2    +
   47   117  0   0.0%   0.090 UG:1    UA:2    +
   15    90  0   0.0%   0.021 CG:2    AU:1    +
    8    98  0   0.0%   0.255 GC:1    AU:2    +
  123   156  0   0.0%   0.515 UG:2    UA:1    +
   19    24  0   0.0%   0.002 CG:1    AU:2    +
   82   149  0   0.0%   0.264 GU:2    AU:1    +
    9    23  0   0.0%   0.000 CG:2    UG:1    +
    9    44  0   0.0%   0.382 CG:2    UA:1    +
    3    46  0   0.0%   0.164 UG:2    UA:1    +
   76   147  0   0.0%   0.063 GC:1    GU:2    +
   13   138  0   0.0%   0.027 AU:2    UA:1    +
    1    43  0   0.0%   0.022 CG:1    UA:2    +
   44   152  0   0.0%   0.137 GU:2    AU:1    +
   31   105  0   0.0%   0.964 GC:2    GU:1    +
  101   113  0   0.0%   0.756 UG:2    UA:1    +
    8   145  0   0.0%   0.267 GU:1    AU:2    +
    7    44  0   0.0%   0.258 CG:2    UA:1    +
   95   120  0   0.0%   0.988 UG:2    UA:1    +
    4   141  0   0.0%   0.307 UG:2    UA:1    +
   91   109  0   0.0%   0.604 CG:2    GU:1    +
    3   141  0   0.0%   0.330 UG:2    UA:1    +
   78   145  0   0.0%   0.088 GU:2    AU:1    +
   90    99  0   0.0%   0.447 GU:2    UG:1    +
    8    81  0   0.0%   0.255 GC:1    AU:2    +
   48   156  0   0.0%   0.059 UG:2    UA:1    +
   43   153  0   0.0%   0.177 GU:1    AU:2    +
   79   144  0   0.0%   0.248 UG:1    UA:2    +
    7    82  0   0.0%   0.258 CG:2    UA:1    +
    2    41  0   0.0%   0.029 AU:2    UA:1    +
   26    96  0   0.0%   0.030 GU:2    AU:1    +
   44   153  0   0.0%   0.145 GU:2    AU:1    +
   22    98  0   0.0%   0.003 GC:1    AU:2    +
   96   117  0   0.0%   0.658 UG:1    UA:2    +
   54   120  0   0.0%   0.384 UG:2    UA:1    +
   46   126  0   0.0%   0.513 GU:2    AU:1    +
   75   148  0   0.0%   0.062 CG:1    UG:2    +
   13    36  0   0.0%   0.056 AU:2    UA:1    +
   44   118  0   0.0%   0.145 GC:2    AU:1    +
   23    97  0   0.0%   0.002 GC:2    GU:1    +
   21    99  0   0.0%   0.003 UG:1    AU:2    +
  134   145  0   1.0%   0.289 AU:3    +
   75   154  1   1.4%   0.235 UA:2    +
  125   145  0   0.9%   0.336 AU:3    +
  131   146  0   0.9%   0.345 AU:3    +
    3    33  1   1.3%   0.175 UA:2    +
   72   157  0   0.8%   0.153 UA:3    +
   84   142  1   1.3%   0.585 CG:2    +
  132   145  0   0.8%   0.297 AU:3    +
   87   139  1   1.2%   0.609 UA:2    +
  145   150  0   0.7%   0.466 UG:3    +
  143   152  0   0.7%   0.953 AU:3    +
  130   149  0   0.7%   0.418 AU:3    +
   92   148  0   0.7%   0.874 CG:3    +
  128   157  0   0.7%   0.396 UA:3    +
   35    92  1   1.2%   1.375 GC:2    +
  134   151  0   0.7%   0.317 AU:3    +
   90   136  1   1.2%   0.675 GC:2    +
   32    96  0   0.7%   0.492 AU:3    +
  124   146  0   0.6%   0.243 AU:3    +
   32    94  0   0.6%   0.237 AU:3    +
  132   153  0   0.6%   0.399 AU:3    +
  142   153  0   0.6%   0.794 GU:3    +
   28    98  1   1.1%   0.185 AU:2    +
   93   133  1   1.1%   0.743 UA:2    +
   34    94  0   0.5%   0.462 AU:3    +
   93   120  1   1.0%   1.162 UG:2    +
  101   125  0   0.5%   0.719 UA:3    +
   28    87  0   0.5%   0.082 AU:3    +
    4    34  0   0.5%   0.304 UA:3    +
   31    95  0   0.5%   0.883 GU:3    +
  127   158  0   0.5%   0.336 UA:3    +
  146   155  0   0.4%   0.437 UA:3    +
  133   146  1   0.9%   0.340 AU:2    +
  148   153  0   0.4%   0.558 GU:3    +
   38    83  0   0.4%   0.103 AU:3    +
  130   147  1   0.9%   0.371 AU:2    +
  128   132  0   0.4%   0.270 UA:3    +
  101   130  0   0.4%   0.631 UA:3    +
  103   128  0   0.4%   0.406 GU:3    +
    6   121  0   0.4%   0.330 CG:3    +
  126   134  0   0.3%   0.478 UA:3    +
   89   152  0   0.3%   0.501 AU:3    +
   32    40  0   0.3%   0.125 AU:3    +
  132   147  1   0.8%   0.409 AU:2    +
  132   137  0   0.3%   0.227 AU:3    +
   31    87  0   0.3%   0.456 GU:3    +
  142   149  0   0.3%   0.597 GU:3    +
   38    48  0   0.3%   0.050 AU:3    +
   32    87  0   0.3%   0.217 AU:3    +
   90   118  1   0.7%   0.513 GC:2    +
    6   103  0   0.2%   0.299 CG:3    +
  127   134  0   0.2%   0.243 UA:3    +
   91   120  1   0.7%   1.095 CG:2    +
  104   108  0   0.2%   0.502 AU:3    +
   35    51  1   0.2%   0.076 GC:1    GU:1    +
   47    77  0   0.2%   0.064 UA:3    +
   31    86  0   0.2%   0.399 GC:3    +
   33    93  1   0.7%   0.317 AU:2    +
   32    83  0   0.2%   0.132 AU:3    +
   32    85  0   0.2%   0.158 AU:3    +
    4   154  0   0.2%   0.353 UA:3    +
  101   111  0   0.2%   0.937 UA:3    +
   86   142  0   0.2%   0.899 CG:3    +
   85   143  0   0.2%   0.557 UA:3    +
  121   128  0   0.2%   0.617 GU:3    +
  142   151  0   0.2%   0.729 GU:3    +
   34    87  0   0.2%   0.233 AU:3    +
  123   134  0   0.2%   0.469 UA:3    +
   52    77  0   0.2%   0.099 UA:2    --:1    +
    3   155  0   0.2%   0.368 UA:3    +
   53    76  0   0.2%   0.087 CG:2    --:1    +
   51    78  1   0.2%   0.121 CG:1    UA:1    +
  133   152  1   0.7%   0.367 AU:2    +
  122   127  0   0.2%   0.574 GU:3    +
   92   103  0   0.2%   0.519 CG:3    +
   92   112  0   0.1%   0.514 CG:3    +
  143   151  0   0.1%   0.872 AU:3    +
   44    53  0   0.1%   0.036 GC:2    --:1    +
  142   152  0   0.1%   0.731 GU:3    +
   33    95  1   0.6%   0.505 AU:2    +
  104   127  0   0.1%   0.248 AU:3    +
   94   143  0   0.1%   0.631 UA:3    +
  127   150  0   0.1%   0.388 UG:3    +
   45    52  0   0.1%   0.052 AU:2    --:1    +
  127   142  0   0.1%   0.443 UG:3    +
   48    76  0   0.1%   0.052 UG:3    +
   34    52  0   0.1%   0.144 AU:2    --:1    +
   95   132  0   0.1%   0.599 UA:3    +
  140   153  0   0.1%   0.683 GU:3    +
   89   149  0   0.1%   0.479 AU:3    +
   96   131  0   0.1%   0.588 UA:3    +
  125   152  0   0.1%   0.362 AU:3    +
  124   153  0   0.1%   0.270 AU:3    +
  127   132  0   0.1%   0.223 UA:3    +
   45    79  1   0.6%   0.132 AU:2    +
   96   104  0   0.1%   0.191 UA:3    +
   89   123  0   0.1%   0.452 AU:3    +
  126   143  0   0.1%   0.682 UA:3    +
    6   148  0   0.1%   0.441 CG:3    +
  140   145  0   0.1%   0.416 GU:3    +
   96   103  0   0.1%   0.204 UG:3    +
  145   157  0   0.1%   0.571 UA:3    +
  116   123  0   0.1%   0.692 AU:3    +
   46    51  1   0.1%   0.051 GC:1    GU:1    +
  149   155  0   0.1%   0.670 UA:3    +
  123   154  0   0.1%   0.534 UA:3    +
  114   123  0   0.1%   0.701 AU:3    +
  127   131  0   0.1%   0.282 UA:3    +
   95   142  0   0.1%   0.616 UG:3    +
   95   104  0   0.1%   0.183 UA:3    +
    4   150  0   0.1%   0.327 UG:3    +
   28   101  0   0.1%   0.120 AU:3    +
   28   151  0   0.1%   0.122 AU:3    +
  126   132  0   0.1%   0.475 UA:3    +
  142   146  0   0.1%   0.549 GU:3    +
  137   148  0   0.1%   0.321 UG:3    +
   77    87  0   0.1%   0.505 AU:3    +
  115   123  0   0.1%   0.701 AU:3    +
    6   150  0   0.1%   0.445 CG:3    +
  126   150  0   0.1%   0.607 UG:3    +
  128   143  0   0.1%   0.531 UA:3    +
  125   151  0   0.1%   0.354 AU:3    +
   39    51  1   0.1%   0.041 GC:1    GU:1    +
   34   145  0   0.1%   0.287 AU:3    +
   38    52  0   0.1%   0.037 AU:2    --:1    +
   37    53  0   0.1%   0.050 GC:2    --:1    +
   96   157  0   0.1%   0.748 UA:3    +
   28   149  0   0.0%   0.126 AU:3    +
   31   146  0   0.0%   0.982 GU:3    +
  116   152  0   0.0%   0.373 AU:3    +
  128   154  0   0.0%   0.325 UA:3    +
   31   128  0   0.0%   0.978 GU:3    +
  131   137  0   0.0%   0.232 AU:3    +
   32   127  0   0.0%   0.323 AU:3    +
  127   155  0   0.0%   0.337 UA:3    +
   32   145  0   0.0%   0.319 AU:3    +
    3   157  0   0.0%   0.357 UA:3    +
  128   155  0   0.0%   0.325 UA:3    +
  124   152  0   0.0%   0.265 AU:3    +
   92   122  0   0.0%   0.934 CG:3    +
  132   146  0   0.0%   0.266 AU:3    +
    4   157  0   0.0%   0.344 UA:3    +
  131   152  0   0.0%   0.330 AU:3    +
  115   153  0   0.0%   0.380 AU:3    +
  140   151  0   0.0%   0.425 GU:3    +
   89   108  0   0.0%   0.314 AU:3    +
  146   158  0   0.0%   0.365 UA:3    +
   95   158  0   0.0%   0.712 UA:3    +
  128   134  0   0.0%   0.224 UA:3    +
    3    35  1   0.5%   0.221 UG:2    +
  130   153  0   0.0%   0.340 AU:3    +
    6   142  0   0.0%   0.423 CG:3    +
  115   127  0   0.0%   0.404 AU:3    +
  114   128  0   0.0%   0.409 AU:3    +
    3   158  0   0.0%   0.357 UA:3    +
  108   115  0   0.0%   0.751 UA:3    +
   86   112  0   0.0%   0.751 CG:3    +
  137   143  0   0.0%   0.444 UA:3    +
  132   151  0   0.0%   0.322 AU:3    +
   28    96  0   0.0%   0.042 AU:3    +
  116   126  0   0.0%   0.661 AU:3    +
   92   150  0   0.0%   0.838 CG:3    +
  149   154  0   0.0%   0.657 UA:3    +
  101   116  0   0.0%   0.728 UA:3    +
  126   157  0   0.0%   0.540 UA:3    +
   85    89  0   0.0%   0.713 UA:3    +
  122   146  0   0.0%   0.479 GU:3    +
  107   116  0   0.0%   0.639 UA:3    +
   94   134  0   0.0%   0.548 UA:3    +
   55    73  0   0.0%   0.039 AU:3    +
  122   128  0   0.0%   0.573 GU:3    +
  137   142  0   0.0%   0.506 UG:3    +
   28    95  0   0.0%   0.038 AU:3    +
   96   132  0   0.0%   0.584 UA:3    +
   87   111  0   0.0%   0.449 UA:3    +
    3   124  0   0.0%   0.171 UA:3    +
   32   128  0   0.0%   0.319 AU:3    +
  126   131  0   0.0%   0.536 UA:3    +
  140   149  0   0.0%   0.424 GU:3    +
  134   149  0   0.0%   0.252 AU:3    +
  127   157  0   0.0%   0.314 UA:3    +
   87   155  0   0.0%   0.594 UA:3    +
  127   154  0   0.0%   0.333 UA:3    +
   95   116  0   0.0%   0.723 UA:3    +
    3   148  0   0.0%   0.336 UG:3    +
   34   126  0   0.0%   0.558 AU:3    +
   85   157  0   0.0%   0.533 UA:3    +
   46    53  0   0.0%   0.041 GC:2    --:1    +
   94   111  0   0.0%   0.192 UA:3    +
  108   114  0   0.0%   0.749 UA:3    +
    4   131  0   0.0%   0.314 UA:3    +
   89   151  0   0.0%   0.453 AU:3    +
  107   114  0   0.0%   0.655 UA:3    +
    3   132  0   0.0%   0.333 UA:3    +
   47    80  0   0.0%   0.092 UA:3    +
  107   115  0   0.0%   0.654 UA:3    +
  140   146  0   0.0%   0.408 GU:3    +
   28    94  0   0.0%   0.034 AU:3    +
    3   131  0   0.0%   0.334 UA:3    +
  146   154  0   0.0%   0.373 UA:3    +
    4   130  0   0.0%   0.314 UA:3    +
    3    32  0   0.0%   0.005 UA:3    +
    4   155  0   0.0%   0.342 UA:3    +
   34    47  0   0.0%   0.123 AU:3    +
   85   155  0   0.0%   0.554 UA:3    +
  101   115  0   0.0%   0.743 UA:3    +
   83   157  0   0.0%   0.164 UA:3    +
   34    54  0   0.0%   0.133 AU:3    +
  126   155  0   0.0%   0.560 UA:3    +
  145   155  0   0.0%   0.394 UA:3    +
  151   157  0   0.0%   0.775 UA:3    +
    8   147  1   0.0%   0.270 GU:1    AU:1    +
   87   121  0   0.0%   0.602 UG:3    +
   39    53  0   0.0%   0.028 GC:2    --:1    +
   32   153  0   0.0%   0.334 AU:3    +
  107   112  0   0.0%   0.787 UG:3    +
    3   134  0   0.0%   0.333 UA:3    +
  152   157  0   0.0%   0.762 UA:3    +
   94   131  0   0.0%   0.485 UA:3    +
   34    83  0   0.0%   0.146 AU:3    +
   38    54  0   0.0%   0.027 AU:3    +
   86   122  0   0.0%   0.875 CG:3    +
   95   130  0   0.0%   0.480 UA:3    +
  126   158  0   0.0%   0.490 UA:3    +
   35    53  0   0.0%   0.052 GC:2    --:1    +
   34   151  0   0.0%   0.288 AU:3    +
  107   134  0   0.0%   0.635 UA:3    +
   87   157  0   0.0%   0.570 UA:3    +
  149   157  0   0.0%   0.854 UA:3    +
  132   152  0   0.0%   0.320 AU:3    +
  131   153  0   0.0%   0.316 AU:3    +
    4   132  0   0.0%   0.311 UA:3    +
   92   140  0   0.0%   0.752 CG:3    +
   96   115  0   0.0%   0.734 UA:3    +
    4   143  0   0.0%   0.310 UA:3    +
  114   127  0   0.0%   0.400 AU:3    +
  128   158  0   0.0%   0.304 UA:3    +
   40   158  0   0.0%   0.056 UA:3    +
  151   158  0   0.0%   0.445 UA:3    +
  115   126  0   0.0%   0.674 AU:3    +
  123   148  0   0.0%   0.564 UG:3    +
  108   132  0   0.0%   0.786 UA:3    +
   25   154  0   0.0%   0.022 UA:3    +
  122   149  0   0.0%   0.572 GU:3    +
  128   150  0   0.0%   0.365 UG:3    +
  112   127  0   0.0%   0.594 GU:3    +
   89   153  0   0.0%   0.475 AU:3    +
    4   125  0   0.0%   0.461 UA:3    +
  149   158  0   0.0%   0.524 UA:3    +
  125   146  0   0.0%   0.289 AU:3    +
  111   128  0   0.0%   0.747 AU:3    +
  114   126  0   0.0%   0.675 AU:3    +
   32    54  0   0.0%   0.095 AU:3    +
  131   151  0   0.0%   0.325 AU:3    +
   87   154  0   0.0%   0.590 UA:3    +
  101   114  0   0.0%   0.743 UA:3    +
   31    94  0   0.0%   0.807 GU:3    +
  126   130  0   0.0%   0.549 UA:3    +
   73   157  0   0.0%   0.115 UA:3    +
  130   152  0   0.0%   0.347 AU:3    +
  143   153  0   0.0%   0.895 AU:3    +
   90   147  1   0.0%   0.649 GC:1    GU:1    +
  130   137  0   0.0%   0.233 AU:3    +
   94   154  0   0.0%   0.766 UA:3    +
    3    38  0   0.0%   0.166 UA:3    +
  107   132  0   0.0%   0.691 UA:3    +
   89   126  0   0.0%   0.604 AU:3    +
   38    47  0   0.0%   0.005 AU:3    +
  108   116  0   0.0%   0.730 UA:3    +
    4   158  0   0.0%   0.338 UA:3    +
  103   126  0   0.0%   0.649 GU:3    +
   95   111  0   0.0%   0.194 UA:3    +
   83   114  0   0.0%   0.055 UA:3    +
  104   128  0   0.0%   0.241 AU:3    +
   96   143  0   0.0%   0.928 UA:3    +
  111   126  0   0.0%   0.881 AU:3    +
  153   157  0   0.0%   0.760 UA:3    +
  145   154  0   0.0%   0.398 UA:3    +
  121   126  0   0.0%   0.858 GU:3    +
  146   150  0   0.0%   0.404 UG:3    +
   77   128  0   0.0%   0.070 AU:3    +
   25    32  0   0.0%   0.077 UA:3    +
   74   131  0   0.0%   0.019 UA:3    +
  121   151  0   0.0%   0.605 GU:3    +
   38    79  0   0.0%   0.024 AU:3    +
   25   103  0   0.0%   0.022 UG:3    +
   73   132  0   0.0%   0.015 UA:3    +
  108   131  0   0.0%   0.857 UA:3    +
  103   127  0   0.0%   0.356 GU:3    +
  103   152  0   0.0%   0.601 GU:3    +
  101   124  0   0.0%   0.608 UA:3    +
  152   158  0   0.0%   0.431 UA:3    +
   32   146  0   0.0%   0.318 AU:3    +
    3   154  0   0.0%   0.335 UA:3    +
   34    85  0   0.0%   0.158 AU:3    +
   34    40  0   0.0%   0.137 AU:3    +
   31    53  0   0.0%   0.346 GC:2    --:1    +
   80   145  0   0.0%   0.024 AU:3    +
  121   149  0   0.0%   0.609 GU:3    +
   86   150  0   0.0%   0.901 CG:3    +
   89   127  0   0.0%   0.334 AU:3    +
   55    74  0   0.0%   0.037 AU:3    +
  104   151  0   0.0%   0.310 AU:3    +
   94   103  0   0.0%   0.194 UG:3    +
   45    51  1   0.0%   0.032 AU:1    UA:1    +
   94   114  0   0.0%   0.179 UA:3    +
  137   157  0   0.0%   0.593 UA:3    +
   85   112  0   0.0%   0.408 UG:3    +
   89   146  0   0.0%   0.379 AU:3    +
   20   108  0   0.0%   0.001 AU:3    +
  131   149  0   0.0%   0.359 AU:3    +
  107   155  0   0.0%   0.705 UA:3    +
  108   154  0   0.0%   0.797 UA:3    +
  101   134  0   0.0%   0.537 UA:3    +
   87   125  0   0.0%   0.608 UA:3    +
  112   128  0   0.0%   0.596 GU:3    +
  126   154  0   0.0%   0.562 UA:3    +
   89   107  0   0.0%   0.307 AU:3    +
   83   125  0   0.0%   0.216 UA:3    +
  101   154  0   0.0%   0.607 UA:3    +
   32    47  0   0.0%   0.092 AU:3    +
   94   112  0   0.0%   0.192 UG:3    +
   31    48  0   0.0%   0.345 GU:3    +
   95   103  0   0.0%   0.193 UG:3    +
   51    76  1   0.0%   0.061 CG:1    UG:1    +
  137   158  0   0.0%   0.288 UA:3    +
   40    80  0   0.0%   0.043 UA:3    +
    3   122  0   0.0%   0.165 UG:3    +
   32    52  0   0.0%   0.093 AU:2    --:1    +
   94   104  0   0.0%   0.168 UA:3    +
    3   130  0   0.0%   0.334 UA:3    +
  151   155  0   0.0%   0.584 UA:3    +
  104   126  0   0.0%   0.514 AU:3    +
  103   123  0   0.0%   0.561 GU:3    +
   34   127  0   0.0%   0.286 AU:3    +
   48    80  0   0.0%   0.055 UA:3    +
  103   137  0   0.0%   0.570 GU:3    +
   25    89  0   0.0%   0.006 UA:3    +
  125   153  0   0.0%   0.342 AU:3    +
   34   152  0   0.0%   0.284 AU:3    +
   28    40  0   0.0%   0.003 AU:3    +
   31    85  0   0.0%   0.372 GU:3    +
   76    86  0   0.0%   0.786 GC:3    +
  101   131  0   0.0%   0.596 UA:3    +
   77    85  0   0.0%   0.459 AU:3    +
  124   145  0   0.0%   0.141 AU:3    +
   87   124  0   0.0%   0.575 UA:3    +
    3   150  0   0.0%   0.336 UG:3    +
  111   151  0   0.0%   0.736 AU:3    +
   89   128  0   0.0%   0.327 AU:3    +
  134   152  0   0.0%   0.281 AU:3    +
  104   149  0   0.0%   0.312 AU:3    +
    4   121  0   0.0%   0.177 UG:3    +
   89   101  0   0.0%   0.323 AU:3    +
   73   155  0   0.0%   0.023 UA:3    +
  109   147  1   0.0%   0.630 GC:1    GU:1    +
  153   158  0   0.0%   0.428 UA:3    +
  111   145  0   0.0%   0.651 AU:3    +
   72   158  0   0.0%   0.072 UA:3    +
  123   132  0   0.0%   0.494 UA:3    +
  121   146  0   0.0%   0.511 GU:3    +
  108   134  0   0.0%   0.728 UA:3    +
   48   125  0   0.0%   0.212 UA:3    +
    4   134  0   0.0%   0.309 UA:3    +
   32   152  0   0.0%   0.324 AU:3    +
   14   151  0   0.0%   0.013 AU:3    +
   23    92  0   0.0%   0.003 GC:3    +
   51   122  1   0.0%   0.162 CG:1    UG:1    +
    4   148  0   0.0%   0.310 UG:3    +
  108   112  0   0.0%   0.877 UG:3    +
  108   148  0   0.0%   0.843 UG:3    +
   74   154  0   0.0%   0.025 UA:3    +
   44    51  1   0.0%   0.019 GC:1    GU:1    +
   96   112  0   0.0%   0.187 UG:3    +
   52   121  0   0.0%   0.186 UG:2    --:1    +
   53   120  0   0.0%   0.401 CG:2    --:1    +
  131   145  0   0.0%   0.227 AU:3    +
    3    14  0   0.0%   0.001 UA:3    +
   48   143  0   0.0%   0.054 UA:3    +
  148   152  0   0.0%   0.512 GU:3    +
   94   148  0   0.0%   0.814 UG:3    +
   87   122  0   0.0%   0.574 UG:3    +
   80    85  0   0.0%   0.417 AU:3    +
  122   145  0   0.0%   0.470 GU:3    +
  112   137  0   0.0%   0.548 GU:3    +
  121   127  0   0.0%   0.581 GU:3    +
  130   146  0   0.0%   0.214 AU:3    +
    5   147  1   0.0%   0.125 GU:1    AU:1    +
  130   151  0   0.0%   0.348 AU:3    +
   86   121  0   0.0%   0.899 CG:3    +
   34    95  0   0.0%   0.432 AU:3    +
   34    48  0   0.0%   0.122 AU:3    +
   96   122  0   0.0%   0.704 UG:3    +
  116   127  0   0.0%   0.383 AU:3    +
  112   123  0   0.0%   0.820 GU:3    +
   38   146  0   0.0%   0.756 AU:3    +
   37   147  1   0.0%   0.779 GC:1    GU:1    +
   44    52  0   0.0%   0.014 GU:2    --:1    +
   87   103  0   0.0%   0.458 UG:3    +
   14    25  0   0.0%   0.003 AU:3    +
   27    53  0   0.0%   0.082 GC:2    --:1    +
   80   126  0   0.0%   0.300 AU:3    +
  123   130  0   0.0%   0.583 UA:3    +
  124   128  0   0.0%   0.254 AU:3    +
  123   150  0   0.0%   0.561 UG:3    +
  101   132  0   0.0%   0.595 UA:3    +
    4    89  0   0.0%   0.176 UA:3    +
  121   152  0   0.0%   0.596 GU:3    +
   43    52  0   0.0%   0.034 AU:2    --:1    +
   28    52  0   0.0%   0.003 AU:2    --:1    +
  137   154  0   0.0%   0.224 UA:3    +
   32    48  0   0.0%   0.092 AU:3    +
  114   146  0   0.0%   0.309 AU:3    +
  102   147  1   0.0%   0.711 GC:1    GU:1    +
  101   148  0   0.0%   0.653 UG:3    +
  101   112  0   0.0%   0.764 UG:3    +
   48    55  0   0.0%   0.020 UA:3    +
   38   152  0   0.0%   0.754 AU:3    +
   74    89  0   0.0%   0.306 UA:3    +
   25    34  0   0.0%   0.108 UA:3    +
  122   151  0   0.0%   0.566 GU:3    +
  128   140  0   0.0%   0.405 UG:3    +
  115   145  0   0.0%   0.304 AU:3    +
  124   149  0   0.0%   0.270 AU:3    +
  122   126  0   0.0%   0.820 GU:3    +
  121   137  0   0.0%   0.568 GU:3    +
   40    77  0   0.0%   0.036 UA:3    +
   85   111  0   0.0%   0.406 UA:3    +
  125   137  0   0.0%   0.266 AU:3    +
   28   145  0   0.0%   0.099 AU:3    +
   34   153  0   0.0%   0.291 AU:3    +
   32   151  0   0.0%   0.328 AU:3    +
  107   140  0   0.0%   0.864 UG:3    +
   80   146  0   0.0%   0.025 AU:3    +
  115   128  0   0.0%   0.403 AU:3    +
   95   134  0   0.0%   0.537 UA:3    +
   95   155  0   0.0%   0.777 UA:3    +
   38   128  0   0.0%   0.755 AU:3    +
   20    95  0   0.0%   0.000 AU:3    +
   89   145  0   0.0%   0.378 AU:3    +
    4   104  0   0.0%   0.176 UA:3    +
    3   143  0   0.0%   0.330 UA:3    +
   28    47  0   0.0%   0.003 AU:3    +
   31    83  0   0.0%   0.345 GU:3    +
   74   157  0   0.0%   0.119 UA:3    +
  103   146  0   0.0%   0.525 GU:3    +
   14   145  0   0.0%   0.009 AU:3    +
  103   151  0   0.0%   0.607 GU:3    +
    3    28  0   0.0%   0.001 UA:3    +
   53   156  0   0.0%   0.036 CG:2    --:1    +
  128   148  0   0.0%   0.353 UG:3    +
   85   122  0   0.0%   0.535 UG:3    +
    3    31  0   0.0%   0.001 UG:3    +
  125   149  0   0.0%   0.346 AU:3    +
  123   131  0   0.0%   0.565 UA:3    +
   31   152  0   0.0%   0.980 GU:3    +
   28   128  0   0.0%   0.101 AU:3    +
    4   142  0   0.0%   0.307 UG:3    +
   89    94  0   0.0%   0.470 AU:3    +
   28    85  0   0.0%   0.003 AU:3    +
   73   158  0   0.0%   0.071 UA:3    +
   43   147  1   0.0%   0.173 GU:1    AU:1    +
  124   137  0   0.0%   0.199 AU:3    +
   16   149  0   0.0%   0.019 AU:3    +
   85   114  0   0.0%   0.409 UA:3    +
  111   149  0   0.0%   0.738 AU:3    +
   96   154  0   0.0%   0.761 UA:3    +
  115   152  0   0.0%   0.381 AU:3    +
  132   149  0   0.0%   0.350 AU:3    +
  137   150  0   0.0%   0.340 UG:3    +
   92   142  0   0.0%   0.753 CG:3    +
   20   107  0   0.0%   0.000 AU:3    +
  114   153  0   0.0%   0.375 AU:3    +
   47    55  0   0.0%   0.018 UA:3    +
   94   157  0   0.0%   0.741 UA:3    +
   40   125  0   0.0%   0.209 UA:3    +
   40    55  0   0.0%   0.036 UA:3    +
  116   151  0   0.0%   0.370 AU:3    +
   94   124  0   0.0%   0.601 UA:3    +
   31    40  0   0.0%   0.325 GU:3    +
   83   115  0   0.0%   0.054 UA:3    +
   28    83  0   0.0%   0.003 AU:3    +
   34   149  0   0.0%   0.300 AU:3    +
   86   103  0   0.0%   0.759 CG:3    +
  108   140  0   0.0%   0.958 UG:3    +
   52   157  0   0.0%   0.042 UA:2    --:1    +
   32   149  0   0.0%   0.342 AU:3    +
   54   155  0   0.0%   0.026 UA:3    +
  126   148  0   0.0%   0.598 UG:3    +
  104   145  0   0.0%   0.224 AU:3    +
    4    31  0   0.0%   0.001 UG:3    +
  116   146  0   0.0%   0.287 AU:3    +
   48   157  0   0.0%   0.061 UA:3    +
   85   124  0   0.0%   0.536 UA:3    +
   94   155  0   0.0%   0.766 UA:3    +
   38   127  0   0.0%   0.761 AU:3    +
   31   153  0   0.0%   0.988 GU:3    +
   87   150  0   0.0%   0.598 UG:3    +
   85   104  0   0.0%   0.407 UA:3    +
   96   121  0   0.0%   0.750 UG:3    +
  101   150  0   0.0%   0.644 UG:3    +
   47    76  0   0.0%   0.024 UG:3    +
   87   143  0   0.0%   0.582 UA:3    +
  111   137  0   0.0%   0.697 AU:3    +
  127   140  0   0.0%   0.414 UG:3    +
  123   155  0   0.0%   0.524 UA:3    +
   77    83  0   0.0%   0.107 AU:3    +
   25    31  0   0.0%   0.329 UG:3    +
   28    48  0   0.0%   0.003 AU:3    +
   34   146  0   0.0%   0.285 AU:3    +
   95   112  0   0.0%   0.194 UG:3    +
  114   145  0   0.0%   0.307 AU:3    +
   34   128  0   0.0%   0.279 AU:3    +
   46    52  0   0.0%   0.041 GU:2    --:1    +
   95   124  0   0.0%   0.592 UA:3    +
   83    89  0   0.0%   0.355 UA:3    +
   47   158  0   0.0%   0.095 UA:3    +
  124   151  0   0.0%   0.265 AU:3    +
    3   121  0   0.0%   0.165 UG:3    +
   96   111  0   0.0%   0.185 UA:3    +
   40   150  0   0.0%   0.074 UG:3    +
   85   121  0   0.0%   0.561 UG:3    +
  122   153  0   0.0%   0.547 GU:3    +
   33    52  0   0.0%   0.141 AU:2    --:1    +
   96   155  0   0.0%   0.762 UA:3    +
   94   125  0   0.0%   0.634 UA:3    +
    4   122  0   0.0%   0.177 UG:3    +
   94   130  0   0.0%   0.486 UA:3    +
   96   116  0   0.0%   0.713 UA:3    +
    3    89  0   0.0%   0.164 UA:3    +
   80    87  0   0.0%   0.455 AU:3    +
   83   124  0   0.0%   0.183 UA:3    +
  134   146  0   0.0%   0.242 AU:3    +
    4    55  0   0.0%   0.176 UA:3    +
    4    38  0   0.0%   0.176 UA:3    +
  103   149  0   0.0%   0.610 GU:3    +
   28   127  0   0.0%   0.108 AU:3    +
  107   130  0   0.0%   0.633 UA:3    +
   18    31  0   0.0%   0.326 CG:3    +
   32   126  0   0.0%   0.585 AU:3    +
   89    95  0   0.0%   0.468 AU:3    +
  104   137  0   0.0%   0.271 AU:3    +
   14   126  0   0.0%   0.289 AU:3    +
   28   152  0   0.0%   0.113 AU:3    +
   40   157  0   0.0%   0.057 UA:3    +
   14   152  0   0.0%   0.009 AU:3    +
   28   126  0   0.0%   0.380 AU:3    +
   95   154  0   0.0%   0.776 UA:3    +
  126   142  0   0.0%   0.663 UG:3    +
   89    96  0   0.0%   0.461 AU:3    +
   18   148  0   0.0%   0.019 CG:3    +
   25   130  0   0.0%   0.016 UA:3    +
   94   158  0   0.0%   0.694 UA:3    +
   54    76  0   0.0%   0.059 UG:3    +
   83   104  0   0.0%   0.054 UA:3    +
   95   157  0   0.0%   0.752 UA:3    +
   18   112  0   0.0%   0.002 CG:3    +
   77   151  0   0.0%   0.071 AU:3    +
   35    52  0   0.0%   0.057 GU:2    --:1    +
   34   107  0   0.0%   0.269 AU:3    +
  134   153  0   0.0%   0.265 AU:3    +
   73    89  0   0.0%   0.307 UA:3    +
   14   149  0   0.0%   0.024 AU:3    +
  127   148  0   0.0%   0.361 UG:3    +
  116   153  0   0.0%   0.359 AU:3    +
   96   134  0   0.0%   0.523 UA:3    +
  115   146  0   0.0%   0.306 AU:3    +
   23   101  0   0.0%   0.014 GU:3    +
  123   157  0   0.0%   0.498 UA:3    +
   18   150  0   0.0%   0.021 CG:3    +
   95   122  0   0.0%   0.714 UG:3    +
   87   112  0   0.0%   0.448 UG:3    +
   38   153  0   0.0%   0.761 AU:3    +
   14    95  0   0.0%   0.007 AU:3    +
   14   127  0   0.0%   0.017 AU:3    +
   76   152  0   0.0%   0.060 GU:3    +
   85   115  0   0.0%   0.409 UA:3    +
   53   140  0   0.0%   0.030 CG:2    --:1    +
  116   145  0   0.0%   0.285 AU:3    +
   96   124  0   0.0%   0.582 UA:3    +
  121   153  0   0.0%   0.585 GU:3    +
   77   146  0   0.0%   0.070 AU:3    +
  108   124  0   0.0%   0.767 UA:3    +
   40    89  0   0.0%   0.334 UA:3    +
   80   151  0   0.0%   0.146 AU:3    +
   47   157  0   0.0%   0.099 UA:3    +
   27   147  1   0.0%   0.196 GC:1    GU:1    +
    4   140  0   0.0%   0.307 UG:3    +
  107   125  0   0.0%   0.735 UA:3    +
   16   152  0   0.0%   0.004 AU:3    +
   34   123  0   0.0%   0.391 AU:3    +
   16   101  0   0.0%   0.014 AU:3    +
  111   123  0   0.0%   0.962 AU:3    +
   95   125  0   0.0%   0.625 UA:3    +
   48   116  0   0.0%   0.052 UA:3    +
   14   137  0   0.0%   0.008 AU:3    +
  122   152  0   0.0%   0.557 GU:3    +
   30    51  1   0.0%   0.515 GC:1    GU:1    +
   48   158  0   0.0%   0.057 UA:3    +
   52    76  0   0.0%   0.057 UG:2    --:1    +
   28   146  0   0.0%   0.099 AU:3    +
   79   148  0   0.0%   0.268 UG:3    +
   53   121  0   0.0%   0.181 CG:2    --:1    +
    6   140  0   0.0%   0.415 CG:3    +
   31   127  0   0.0%   0.974 GU:3    +
   80   123  0   0.0%   0.137 AU:3    +
   54   157  0   0.0%   0.022 UA:3    +
   51   140  1   0.0%   0.037 CG:1    UG:1    +
   35   147  1   0.0%   0.875 GC:1    GU:1    +
   47   125  0   0.0%   0.250 UA:3    +
   94   142  0   0.0%   0.607 UG:3    +
   87   114  0   0.0%   0.446 UA:3    +
   79   124  0   0.0%   0.373 UA:3    +
    3   142  0   0.0%   0.330 UG:3    +
   34   137  0   0.0%   0.271 AU:3    +
  100   126  1   0.5%   0.469 AU:2    +
  147   154  1   0.5%   0.476 UA:2    +
   13    29  1   0.5%   0.706 AU:2    +
   30    98  1   0.4%   1.070 GU:2    +
  127   133  1   0.4%   0.274 UA:2    +
   11    29  1   0.4%   0.553 AU:2    +
   91   150  1   0.4%   0.952 CG:2    +
   90   151  1   0.4%   0.718 GU:2    +
  102   129  1   0.4%   0.532 GC:2    +
   30    88  1   0.3%   0.624 GC:2    +
   31    41  1   0.3%   0.381 GU:2    +
    1    37  1   0.3%   0.059 UG:2    +
  131   138  1   0.3%   0.385 AU:2    +
   91   121  1   0.3%   0.853 CG:2    +
  100   107  1   0.3%   0.059 AU:2    +
   29    89  1   0.3%   0.752 UA:2    +
   37    49  1   0.3%   0.069 GU:2    +
   31    88  1   0.3%   0.480 GC:2    +
  102   118  1   0.2%   0.545 GC:2    +
    7   102  1   0.2%   0.302 CG:2    +
   26    92  1   0.2%   0.059 GC:2    +
   29    34  1   0.2%   0.811 UA:2    +
   36    50  1   0.2%   0.082 UA:2    +
   39    47  1   0.2%   0.046 GU:2    +
  128   133  1   0.2%   0.279 UA:2    +
   31    84  1   0.2%   0.385 GC:2    +
   35    86  1   0.2%   0.103 GC:2    +
   88   140  1   0.2%   0.883 CG:2    +
   93   119  1   0.2%   0.580 UA:2    +
   29   119  1   0.2%   0.757 UA:2    +
   44    84  1   0.2%   0.534 GC:2    +
   93   102  1   0.2%   0.258 UG:2    +
  101   119  1   0.2%   0.539 UA:2    +
   49    80  1   0.2%   0.073 UA:2    +
    2   127  1   0.1%   0.340 AU:2    +
   45    83  1   0.1%   0.140 AU:2    +
   93   111  1   0.1%   0.253 UA:2    +
   91   113  1   0.1%   0.632 CG:2    +
  135   143  1   0.1%   0.544 UA:2    +
   35    93  1   0.1%   1.084 GU:2    +
   94   110  1   0.1%   0.194 UA:2    +
  132   138  1   0.1%   0.341 AU:2    +
  119   138  1   0.1%   0.417 AU:2    +
   45    81  1   0.1%   0.277 AU:2    +
  125   135  1   0.1%   0.377 AU:2    +
   30    91  1   0.1%   0.607 GC:2    +
   28    99  1   0.1%   0.163 AU:2    +
   94   119  1   0.1%   0.512 UA:2    +
    1   130  1   0.1%   0.047 UA:2    +
   45    85  1   0.1%   0.498 AU:2    +
   44    86  1   0.1%   0.874 GC:2    +
   46    84  1   0.1%   0.644 GC:2    +
   94   133  1   0.1%   0.601 UA:2    +
   40    90  1   0.1%   0.434 UG:2    +
   97   102  1   0.1%   0.185 CG:2    +
   95   109  1   0.1%   0.194 UG:2    +
  139   146  1   0.1%   0.387 AU:2    +
  147   155  1   0.1%   0.464 UA:2    +
   14    29  1   0.1%   0.676 AU:2    +
  102   137  1   0.1%   0.702 GU:2    +
   88   150  1   0.1%   0.909 CG:2    +
   45    73  1   0.1%   0.042 AU:2    +
   41    89  1   0.1%   0.350 UA:2    +
   15    27  1   0.1%   0.106 CG:2    +
  119   149  1   0.1%   0.352 AU:2    +
   41    77  1   0.1%   0.049 UA:2    +
  135   158  1   0.1%   0.605 UA:2    +
   98   102  1   0.1%   0.127 UG:2    +
   98   110  1   0.1%   0.112 UA:2    +
   93   134  1   0.1%   0.661 UA:2    +
   62    66  1   0.1%   0.318 AU:2    +
  139   149  1   0.1%   0.395 AU:2    +
   35    87  1   0.1%   0.158 GU:2    +
   32   147  1   0.1%   0.333 AU:2    +
   29   100  1   0.1%   0.734 UA:2    +
   91   148  1   0.1%   0.883 CG:2    +
   33   146  1   0.1%   0.334 AU:2    +
   27   152  1   0.1%   0.210 GU:2    +
  126   133  1   0.1%   0.473 UA:2    +
    1   131  1   0.1%   0.045 UA:2    +
  104   135  1   0.1%   0.369 AU:2    +
   78    86  1   0.1%   0.826 GC:2    +
   76    88  1   0.1%   0.839 GC:2    +
  133   137  1   0.1%   0.211 AU:2    +
  105   109  1   0.1%   0.318 CG:2    +
   61    67  1   0.1%   0.367 AU:2    +
   98   120  1   0.1%   0.921 UG:2    +
   98   155  1   0.0%   0.649 UA:2    +
  100   127  1   0.0%   0.159 AU:2    +
   90   149  1   0.0%   0.680 GU:2    +
  147   157  1   0.0%   0.730 UA:2    +
   88   120  1   0.0%   1.170 CG:2    +
   75    89  1   0.0%   0.344 UA:2    +
   27    92  1   0.0%   0.157 GC:2    +
  130   138  1   0.0%   0.344 AU:2    +
  143   147  1   0.0%   0.511 AU:2    +
   99   154  1   0.0%   0.818 UA:2    +
  139   145  1   0.0%   0.375 AU:2    +
   29   130  1   0.0%   0.754 UA:2    +
   39    85  1   0.0%   0.770 GU:2    +
    2   128  1   0.0%   0.329 AU:2    +
  133   145  1   0.0%   0.213 AU:2    +
  131   147  1   0.0%   0.345 AU:2    +
   33   126  1   0.0%   0.600 AU:2    +
   29    35  1   0.0%   0.718 UG:2    +
   27    97  1   0.0%   0.147 GC:2    +
   41    82  1   0.0%   0.046 UG:2    +
    2   149  1   0.0%   0.332 AU:2    +
   95   133  1   0.0%   0.591 UA:2    +
   90   107  1   0.0%   0.391 GU:2    +
   89   147  1   0.0%   0.444 AU:2    +
   28    36  1   0.0%   0.038 AU:2    +
   29    90  1   0.0%   0.725 UG:2    +
  100   153  1   0.0%   0.382 AU:2    +
    1   132  1   0.0%   0.042 UA:2    +
   33   127  1   0.0%   0.332 AU:2    +
   30    99  1   0.0%   1.038 GU:2    +
  138   142  1   0.0%   0.591 UG:2    +
   86   156  1   0.0%   0.886 CG:2    +
   90   146  1   0.0%   0.589 GU:2    +
   29    33  1   0.0%   0.804 UA:2    +
   88   148  1   0.0%   0.891 CG:2    +
   27    96  1   0.0%   0.143 GU:2    +
   37    92  1   0.0%   1.239 GC:2    +
    1    35  1   0.0%   0.007 UG:2    +
   39    79  1   0.0%   0.026 GU:2    +
   74    90  1   0.0%   0.390 UG:2    +
   98   119  1   0.0%   0.420 UA:2    +
  139   151  1   0.0%   0.389 AU:2    +
   32    93  1   0.0%   0.207 AU:2    +
    1   133  1   0.0%   0.042 UA:2    +
   92   113  1   0.0%   0.509 CG:2    +
   81   119  1   0.0%   0.217 UA:2    +
  139   152  1   0.0%   0.388 AU:2    +
   11    98  1   0.0%   0.029 AU:2    +
  106   113  1   0.0%   0.612 CG:2    +
   95   110  1   0.0%   0.192 UA:2    +
   46    81  1   0.0%   0.421 GU:2    +
   82    88  1   0.0%   0.899 GC:2    +
   84   156  1   0.0%   0.537 CG:2    +
    1   157  1   0.0%   0.049 UA:2    +
    9    35  1   0.0%   0.414 CG:2    +
   98   139  1   0.0%   0.448 UA:2    +
  100   128  1   0.0%   0.148 AU:2    +
   37    42  1   0.0%   0.044 GC:2    +
   99   112  1   0.0%   0.860 UG:2    +
   45    54  1   0.0%   0.037 AU:2    +
   41   157  1   0.0%   0.058 UA:2    +
   33    48  1   0.0%   0.143 AU:2    +
   33   152  1   0.0%   0.330 AU:2    +
  102   126  1   0.0%   0.778 GU:2    +
   87   110  1   0.0%   0.445 UA:2    +
   27   118  1   0.0%   0.196 GC:2    +
   30    36  1   0.0%   0.531 GU:2    +
   92   102  1   0.0%   0.490 CG:2    +
   92   156  1   0.0%   0.789 CG:2    +
   93   155  1   0.0%   0.744 UA:2    +
   88   156  1   0.0%   0.880 CG:2    +
   62    67  1   0.0%   0.066 AU:2    +
   91   103  1   0.0%   0.618 CG:2    +
    4   133  1   0.0%   0.311 UA:2    +
  108   133  1   0.0%   0.781 UA:2    +
  133   138  1   0.0%   0.318 AU:2    +
   82    91  1   0.0%   0.715 GC:2    +
   97   109  1   0.0%   0.165 CG:2    +
   99   104  1   0.0%   0.082 UA:2    +
   82    92  1   0.0%   0.587 GC:2    +
   49    77  1   0.0%   0.083 UA:2    +
   91   141  1   0.0%   0.857 CG:2    +
  124   147  1   0.0%   0.245 AU:2    +
   36    43  1   0.0%   0.057 UA:2    +
   93   132  1   0.0%   0.602 UA:2    +
   36    80  1   0.0%   0.055 UA:2    +
   35    81  1   0.0%   0.053 GU:2    +
  138   150  1   0.0%   0.419 UG:2    +
   27    95  1   0.0%   0.139 GU:2    +
  107   133  1   0.0%   0.686 UA:2    +
    3   133  1   0.0%   0.332 UA:2    +
   32    49  1   0.0%   0.094 AU:2    +
   81    89  1   0.0%   0.505 UA:2    +
   99   116  1   0.0%   0.816 UA:2    +
   10    25  1   0.0%   0.003 AU:2    +
    2   153  1   0.0%   0.331 AU:2    +
   96   109  1   0.0%   0.182 UG:2    +
  133   151  1   0.0%   0.271 AU:2    +
   96   110  1   0.0%   0.185 UA:2    +
    1   134  1   0.0%   0.042 UA:2    +
    2   152  1   0.0%   0.330 AU:2    +
    8    36  1   0.0%   0.286 AU:2    +
    1   154  1   0.0%   0.045 UA:2    +
    5    36  1   0.0%   0.031 AU:2    +
    1    34  1   0.0%   0.003 UA:2    +
  119   152  1   0.0%   0.335 AU:2    +
   27    36  1   0.0%   0.113 GU:2    +
   13    98  1   0.0%   0.029 AU:2    +
  119   137  1   0.0%   0.286 AU:2    +
    4    37  1   0.0%   0.195 UG:2    +
   31    36  1   0.0%   0.361 GU:2    +
   90   152  1   0.0%   0.689 GU:2    +
   95   100  1   0.0%   0.170 UA:2    +
   45    87  1   0.0%   0.525 AU:2    +
   44    88  1   0.0%   0.908 GC:2    +
   84   113  1   0.0%   0.415 CG:2    +
   35    42  1   0.0%   0.056 GC:2    +
   46    86  1   0.0%   0.966 GC:2    +
  135   141  1   0.0%   0.477 UG:2    +
  138   148  1   0.0%   0.393 UG:2    +
   39    87  1   0.0%   1.159 GU:2    +
    2   135  1   0.0%   0.325 AU:2    +
   10   149  1   0.0%   0.249 AU:2    +
   32    41  1   0.0%   0.110 AU:2    +
   93   139  1   0.0%   0.704 UA:2    +
    1   158  1   0.0%   0.048 UA:2    +
   35    84  1   0.0%   0.066 GC:2    +
   75   130  1   0.0%   0.054 UA:2    +
   37    79  1   0.0%   0.042 GU:2    +
   24   104  1   0.0%   0.004 UA:2    +
    2   145  1   0.0%   0.326 AU:2    +
   99   132  1   0.0%   0.632 UA:2    +
   27   101  1   0.0%   0.205 GU:2    +
  106   120  1   0.0%   0.734 CG:2    +
   95   119  1   0.0%   0.497 UA:2    +
   24   155  1   0.0%   0.017 UA:2    +
   37    48  1   0.0%   0.024 GU:2    +
   99   103  1   0.0%   0.109 UG:2    +
   33    87  1   0.0%   0.209 AU:2    +
   15    30  1   0.0%   0.516 CG:2    +
    1   125  1   0.0%   0.024 UA:2    +
    6    35  1   0.0%   0.286 CG:2    +
   90   145  1   0.0%   0.584 GU:2    +
   32    36  1   0.0%   0.108 AU:2    +
   98   104  1   0.0%   0.099 UA:2    +
  138   157  1   0.0%   0.675 UA:2    +
   11   137  1   0.0%   0.028 AU:2    +
   83    90  1   0.0%   0.433 UG:2    +
   15    23  1   0.0%   0.001 CG:2    +
   33    40  1   0.0%   0.157 AU:2    +
   98   133  1   0.0%   0.451 UA:2    +
  102   153  1   0.0%   0.718 GU:2    +
   98   130  1   0.0%   0.453 UA:2    +
  119   153  1   0.0%   0.325 AU:2    +
  102   127  1   0.0%   0.484 GU:2    +
   37    87  1   0.0%   0.505 GU:2    +
   30    86  1   0.0%   0.530 GC:2    +
  138   143  1   0.0%   0.523 UA:2    +
    1   156  1   0.0%   0.045 UG:2    +
   93   115  1   0.0%   0.235 UA:2    +
  119   128  1   0.0%   0.337 AU:2    +
   14    24  1   0.0%   0.002 AU:2    +
  130   135  1   0.0%   0.334 AU:2    +
   21   107  1   0.0%   0.001 AU:2    +
   95   102  1   0.0%   0.192 UG:2    +
  102   135  1   0.0%   0.486 GU:2    +
   33   145  1   0.0%   0.320 AU:2    +
    9    90  1   0.0%   0.383 CG:2    +
    1   124  1   0.0%   0.023 UA:2    +
    2   123  1   0.0%   0.030 AU:2    +
   13    25  1   0.0%   0.003 AU:2    +
  107   119  1   0.0%   0.425 UA:2    +
  106   156  1   0.0%   0.450 CG:2    +
  138   156  1   0.0%   0.555 UG:2    +
    1   155  1   0.0%   0.045 UA:2    +
  102   151  1   0.0%   0.734 GU:2    +
   33    41  1   0.0%   0.159 AU:2    +
    4    35  1   0.0%   0.205 UG:2    +
   28    93  1   0.0%   0.031 AU:2    +
   30    49  1   0.0%   0.516 GU:2    +
   41    80  1   0.0%   0.039 UA:2    +
  109   153  1   0.0%   0.636 GU:2    +
  100   137  1   0.0%   0.188 AU:2    +
   39    48  1   0.0%   0.033 GU:2    +
  110   127  1   0.0%   0.373 AU:2    +
   98   134  1   0.0%   0.400 UA:2    +
    9   102  1   0.0%   0.398 CG:2    +
   11   146  1   0.0%   0.028 AU:2    +
  138   155  1   0.0%   0.531 UA:2    +
   89   138  1   0.0%   0.368 AU:2    +
   88   121  1   0.0%   0.946 CG:2    +
  110   152  1   0.0%   0.505 AU:2    +
   75   155  1   0.0%   0.174 UA:2    +
    2   151  1   0.0%   0.328 AU:2    +
   10    81  1   0.0%   0.229 AU:2    +
   33    54  1   0.0%   0.142 AU:2    +
   35   118  1   0.0%   0.880 GC:2    +
   29    39  1   0.0%   0.682 UG:2    +
   27    41  1   0.0%   0.082 GU:2    +
   93   104  1   0.0%   0.224 UA:2    +
   33   153  1   0.0%   0.337 AU:2    +
   27    98  1   0.0%   0.145 GU:2    +
   33   128  1   0.0%   0.324 AU:2    +
   29    55  1   0.0%   0.702 UA:2    +
   39    81  1   0.0%   0.024 GU:2    +
  119   151  1   0.0%   0.342 AU:2    +
   39    83  1   0.0%   0.059 GU:2    +
   10   101  1   0.0%   0.243 AU:2    +
   90   126  1   0.0%   0.808 GU:2    +
   96   102  1   0.0%   0.184 UG:2    +
    1    33  1   0.0%   0.001 UA:2    +
   40    45  1   0.0%   0.021 UA:2    +
   26    88  1   0.0%   0.016 GC:2    +
    6    27  1   0.0%   0.001 CG:2    +
  131   135  1   0.0%   0.324 AU:2    +
   90   105  1   0.0%   0.384 GC:2    +
   38    49  1   0.0%   0.034 AU:2    +
  133   153  1   0.0%   0.319 AU:2    +
   90   137  1   0.0%   0.623 GU:2    +
   94   102  1   0.0%   0.193 UG:2    +
   35   126  1   0.0%   1.150 GU:2    +
   94   100  1   0.0%   0.171 UA:2    +
  110   146  1   0.0%   0.429 AU:2    +
   23    91  1   0.0%   0.002 GC:2    +
   72   133  1   0.0%   0.032 UA:2    +
   45   128  1   0.0%   0.097 AU:2    +
  100   135  1   0.0%   0.137 AU:2    +
  138   144  1   0.0%   0.459 UA:2    +
  134   138  1   0.0%   0.264 AU:2    +
   34    81  1   0.0%   0.130 AU:2    +
   37    81  1   0.0%   0.043 GU:2    +
   11    25  1   0.0%   0.002 AU:2    +
   49   124  1   0.0%   0.178 UA:2    +
   45   146  1   0.0%   0.098 AU:2    +
    4    13  1   0.0%   0.001 UA:2    +
   13   152  1   0.0%   0.028 AU:2    +
   27    94  1   0.0%   0.137 GU:2    +
    1    32  1   0.0%   0.001 UA:2    +
   12   145  1   0.0%   0.129 AU:2    +
   36    82  1   0.0%   0.054 UG:2    +
   36   125  1   0.0%   0.855 UA:2    +
   33   151  1   0.0%   0.331 AU:2    +
    1    38  1   0.0%   0.022 UA:2    +
  114   135  1   0.0%   0.447 AU:2    +
   87   119  1   0.0%   0.458 UA:2    +
   98   131  1   0.0%   0.458 UA:2    +
   16    29  1   0.0%   0.665 AU:2    +
   15   150  1   0.0%   0.040 CG:2    +
   99   114  1   0.0%   0.836 UA:2    +
   99   120  1   0.0%   1.091 UG:2    +
   12    98  1   0.0%   0.129 AU:2    +
  102   128  1   0.0%   0.474 GU:2    +
   12    25  1   0.0%   0.002 AU:2    +
   81   125  1   0.0%   0.364 UA:2    +
   12   153  1   0.0%   0.141 AU:2    +
   86   120  1   0.0%   1.118 CG:2    +
   92   141  1   0.0%   0.754 CG:2    +
   33    83  1   0.0%   0.154 AU:2    +
   27    87  1   0.0%   0.082 GU:2    +
    6   141  1   0.0%   0.415 CG:2    +
   99   131  1   0.0%   0.632 UA:2    +
   33    49  1   0.0%   0.142 AU:2    +
   39   145  1   0.0%   0.748 GU:2    +
   93   113  1   0.0%   0.248 UG:2    +
   90   127  1   0.0%   0.537 GU:2    +
   54   119  1   0.0%   0.024 UA:2    +
   91   142  1   0.0%   0.856 CG:2    +
   35    47  1   0.0%   0.037 GU:2    +
   41    50  1   0.0%   0.050 UA:2    +
   44    49  1   0.0%   0.020 GU:2    +
   88   122  1   0.0%   0.919 CG:2    +
  119   127  1   0.0%   0.334 AU:2    +
  102   123  1   0.0%   0.689 GU:2    +
   21    94  1   0.0%   0.000 AU:2    +
   99   130  1   0.0%   0.627 UA:2    +
   93   157  1   0.0%   0.718 UA:2    +
   41    46  1   0.0%   0.044 UG:2    +
   33    96  1   0.0%   0.466 AU:2    +
   99   117  1   0.0%   0.760 UA:2    +
   12   137  1   0.0%   0.128 AU:2    +
   98   109  1   0.0%   0.096 UG:2    +
   37   153  1   0.0%   0.783 GU:2    +
   35   151  1   0.0%   0.876 GU:2    +
   84   112  1   0.0%   0.413 CG:2    +
   29   102  1   0.0%   0.740 UG:2    +
   27    93  1   0.0%   0.137 GU:2    +
   10   146  1   0.0%   0.232 AU:2    +
   15   113  1   0.0%   0.021 CG:2    +
   18    26  1   0.0%   0.017 CG:2    +
   37   129  1   0.0%   0.773 GC:2    +
   15    31  1   0.0%   0.345 CG:2    +
   33    47  1   0.0%   0.139 AU:2    +
   41    55  1   0.0%   0.032 UA:2    +
  101   133  1   0.0%   0.589 UA:2    +
   90   129  1   0.0%   0.527 GC:2    +
  106   141  1   0.0%   0.621 CG:2    +
   90    97  1   0.0%   0.520 GC:2    +
  119   123  1   0.0%   0.648 AU:2    +
   34    98  1   0.0%   0.345 AU:2    +
   13   146  1   0.0%   0.027 AU:2    +
   39   151  1   0.0%   0.751 GU:2    +
   98   132  1   0.0%   0.457 UA:2    +
   98   115  1   0.0%   0.661 UA:2    +
    7    35  1   0.0%   0.289 CG:2    +
  100   149  1   0.0%   0.397 AU:2    +
   35    85  1   0.0%   0.078 GU:2    +
  108   139  1   0.0%   0.942 UA:2    +
   30    84  1   0.0%   0.516 GC:2    +
   96   133  1   0.0%   0.575 UA:2    +
   89    93  1   0.0%   0.516 AU:2    +
   27   146  1   0.0%   0.195 GU:2    +
   33    85  1   0.0%   0.167 AU:2    +
   27   129  1   0.0%   0.194 GC:2    +
   29    38  1   0.0%   0.683 UA:2    +
   26    98  1   0.0%   0.034 GU:2    +
   35    83  1   0.0%   0.066 GU:2    +
   19    25  1   0.0%   0.005 AU:2    +
   27    86  1   0.0%   0.082 GC:2    +
   18   109  1   0.0%   0.002 CG:2    +
   49    82  1   0.0%   0.162 UG:2    +
  147   158  1   0.0%   0.396 UA:2    +
   73    90  1   0.0%   0.387 UG:2    +
  124   138  1   0.0%   0.302 AU:2    +
   36   154  1   0.0%   0.711 UA:2    +
    3    90  1   0.0%   0.165 UG:2    +
   82    86  1   0.0%   0.855 GC:2    +
    4    27  1   0.0%   0.001 UG:2    +
  119   126  1   0.0%   0.611 AU:2    +
   94   139  1   0.0%   0.591 UA:2    +
    7    27  1   0.0%   0.001 CG:2    +
    6   156  1   0.0%   0.434 CG:2    +
   27    48  1   0.0%   0.081 GU:2    +
    2   146  1   0.0%   0.325 AU:2    +
   35    97  1   0.0%   1.000 GC:2    +
   90   135  1   0.0%   0.521 GU:2    +
   89    98  1   0.0%   0.381 AU:2    +
   19   108  1   0.0%   0.000 AU:2    +
  120   138  1   0.0%   0.903 GU:2    +
    2    29  1   0.0%   0.000 AU:2    +
   98   141  1   0.0%   0.804 UG:2    +
   34    41  1   0.0%   0.138 AU:2    +
   49    55  1   0.0%   0.020 UA:2    +
   11   145  1   0.0%   0.028 AU:2    +
   39    49  1   0.0%   0.032 GU:2    +
   36   130  1   0.0%   0.709 UA:2    +
   29   120  1   0.0%   1.107 UG:2    +
    4    11  1   0.0%   0.000 UA:2    +
  102   152  1   0.0%   0.725 GU:2    +
   15   120  1   0.0%   0.392 CG:2    +
   99   115  1   0.0%   0.834 UA:2    +
    7    37  1   0.0%   0.278 CG:2    +
   35    41  1   0.0%   0.054 GU:2    +
  111   138  1   0.0%   0.804 AU:2    +
  106   142  1   0.0%   0.622 CG:2    +
   27    84  1   0.0%   0.082 GC:2    +
   35   129  1   0.0%   0.869 GC:2    +
   98   116  1   0.0%   0.640 UA:2    +
   35    94  1   0.0%   1.029 GU:2    +
   29   154  1   0.0%   0.763 UA:2    +
   89   135  1   0.0%   0.317 AU:2    +
   38    81  1   0.0%   0.024 AU:2    +
   39   126  1   0.0%   1.026 GU:2    +
   19    96  1   0.0%   0.000 AU:2    +
    3    12  1   0.0%   0.000 UA:2    +
  124   135  1   0.0%   0.293 AU:2    +
   35    40  1   0.0%   0.053 GU:2    +
   75   156  1   0.0%   0.163 UG:2    +
   93   100  1   0.0%   0.217 UA:2    +
   91   156  1   0.0%   0.880 CG:2    +
   86    90  1   0.0%   1.126 CG:2    +
   98   114  1   0.0%   0.663 UA:2    +
  115   147  1   0.0%   0.366 AU:2    +
   10   145  1   0.0%   0.232 AU:2    +
   93   156  1   0.0%   0.733 UG:2    +
   94   109  1   0.0%   0.170 UG:2    +
   39   127  1   0.0%   0.755 GU:2    +
   45   145  1   0.0%   0.096 AU:2    +
   36   148  1   0.0%   0.718 UG:2    +
   86   113  1   0.0%   0.749 CG:2    +
    9    37  1   0.0%   0.401 CG:2    +
    2    49  1   0.0%   0.029 AU:2    +
   99   150  1   0.0%   0.850 UG:2    +
   36    46  1   0.0%   0.038 UG:2    +
  123   133  1   0.0%   0.488 UA:2    +
   27   153  1   0.0%   0.212 GU:2    +
   88   142  1   0.0%   0.874 CG:2    +
   41   124  1   0.0%   0.173 UA:2    +
   76    84  1   0.0%   0.457 GC:2    +
  128   139  1   0.0%   0.388 UA:2    +
   84   122  1   0.0%   0.539 CG:2    +
    4   119  1   0.0%   0.176 UA:2    +
   27   151  1   0.0%   0.199 GU:2    +
   18    27  1   0.0%   0.082 CG:2    +
   93   125  1   0.0%   0.755 UA:2    +
   15   112  1   0.0%   0.021 CG:2    +
  101   139  1   0.0%   0.752 UA:2    +
   25   119  1   0.0%   0.006 UA:2    +
   36   117  1   0.0%   0.696 UA:2    +
   93   114  1   0.0%   0.234 UA:2    +
   37    93  1   0.0%   0.979 GU:2    +
  135   139  1   0.0%   0.399 UA:2    +
   27    49  1   0.0%   0.081 GU:2    +
   27    42  1   0.0%   0.081 GC:2    +
   41   143  1   0.0%   0.047 UA:2    +
   29   131  1   0.0%   0.746 UA:2    +
   99   124  1   0.0%   0.690 UA:2    +
   37    85  1   0.0%   0.090 GU:2    +
   37   128  1   0.0%   0.777 GU:2    +
   93   158  1   0.0%   0.670 UA:2    +
   27   128  1   0.0%   0.197 GU:2    +
   29   104  1   0.0%   0.726 UA:2    +
   36    55  1   0.0%   0.053 UA:2    +
   37    83  1   0.0%   0.056 GU:2    +
   12   146  1   0.0%   0.129 AU:2    +
   10    98  1   0.0%   0.229 AU:2    +
    2    40  1   0.0%   0.029 AU:2    +
  109   128  1   0.0%   0.513 GU:2    +
   49   156  1   0.0%   0.057 UG:2    +
   96   100  1   0.0%   0.162 UA:2    +
   28    41  1   0.0%   0.003 AU:2    +
   35   152  1   0.0%   0.872 GU:2    +
    3    39  1   0.0%   0.164 UG:2    +
    4    10  1   0.0%   0.000 UA:2    +
   13   127  1   0.0%   0.036 AU:2    +
   34   147  1   0.0%   0.285 AU:2    +
   14    36  1   0.0%   0.038 AU:2    +
   98   113  1   0.0%   0.677 UG:2    +
   93   131  1   0.0%   0.603 UA:2    +
   93   154  1   0.0%   0.740 UA:2    +
   90    94  1   0.0%   0.548 GU:2    +
   25   102  1   0.0%   0.021 UG:2    +
   84   120  1   0.0%   0.785 CG:2    +
  110   137  1   0.0%   0.474 AU:2    +
   13   153  1   0.0%   0.039 AU:2    +
  100   151  1   0.0%   0.394 AU:2    +
   93   110  1   0.0%   0.223 UA:2    +
   12    36  1   0.0%   0.157 AU:2    +
  102   149  1   0.0%   0.735 GU:2    +
   14    98  1   0.0%   0.010 AU:2    +
    1    30  1   0.0%   0.001 UG:2    +
   20    24  1   0.0%   0.002 AU:2    +
    3    11  1   0.0%   0.000 UA:2    +
   36    44  1   0.0%   0.037 UG:2    +
   81    90  1   0.0%   0.581 UG:2    +
   99   113  1   0.0%   0.850 UG:2    +
   93   143  1   0.0%   0.718 UA:2    +
   33   149  1   0.0%   0.345 AU:2    +
   27   105  1   0.0%   0.193 GC:2    +
   35    54  1   0.0%   0.053 GU:2    +
   11   152  1   0.0%   0.029 AU:2    +
  110   138  1   0.0%   0.580 AU:2    +
    4    12  1   0.0%   0.000 UA:2    +
    1   139  1   0.0%   0.040 UA:2    +
  133   149  1   0.0%   0.301 AU:2    +
   36   124  1   0.0%   0.823 UA:2    +
   29   125  1   0.0%   0.895 UA:2    +
   26    91  1   0.0%   0.016 GC:2    +
   36   157  1   0.0%   0.704 UA:2    +
   85   119  1   0.0%   0.421 UA:2    +
   84   103  1   0.0%   0.428 CG:2    +
   13   145  1   0.0%   0.027 AU:2    +
   27   127  1   0.0%   0.204 GU:2    +
   10   153  1   0.0%   0.244 AU:2    +
  134   147  1   0.0%   0.268 AU:2    +
   38    93  1   0.0%   0.957 AU:2    +
   25    90  1   0.0%   0.006 UG:2    +
    1    89  1   0.0%   0.022 UA:2    +
  135   156  1   0.0%   0.414 UG:2    +
   45    49  1   0.0%   0.031 AU:2    +
   21   108  1   0.0%   0.001 AU:2    +
  123   139  1   0.0%   0.660 UA:2    +
   81   116  1   0.0%   0.202 UA:2    +
    3    10  1   0.0%   0.000 UA:2    +
   99   134  1   0.0%   0.573 UA:2    +
   13    96  1   0.0%   0.025 AU:2    +
   90    95  1   0.0%   0.546 GU:2    +
  113   135  1   0.0%   0.569 GU:2    +
   98   125  1   0.0%   0.548 UA:2    +
   12   128  1   0.0%   0.131 AU:2    +
  103   138  1   0.0%   0.676 GU:2    +
   99   125  1   0.0%   0.722 UA:2    +
   85    90  1   0.0%   0.788 UG:2    +
   81   130  1   0.0%   0.217 UA:2    +
   25    33  1   0.0%   0.141 UA:2    +
   12   152  1   0.0%   0.129 AU:2    +
   29    46  1   0.0%   0.701 UG:2    +
    1    39  1   0.0%   0.022 UG:2    +
   35   127  1   0.0%   0.880 GU:2    +
   36   158  1   0.0%   0.700 UA:2    +
  114   147  1   0.0%   0.370 AU:2    +
   33   108  1   0.0%   0.310 AU:2    +
   11   153  1   0.0%   0.039 AU:2    +
   17   151  1   0.0%   0.006 AU:2    +
   35   145  1   0.0%   0.873 GU:2    +
    1    90  1   0.0%   0.022 UG:2    +
   13   135  1   0.0%   0.027 AU:2    +
    1    10  1   0.0%   0.000 UA:2    +
   39   152  1   0.0%   0.747 GU:2    +
    3    13  1   0.0%   0.000 UA:2    +
   90   153  1   0.0%   0.678 GU:2    +
   29    82  1   0.0%   0.701 UG:2    +
   13   128  1   0.0%   0.029 AU:2    +
   27    47  1   0.0%   0.081 GU:2    +
   23   106  1   0.0%   0.003 GC:2    +
    2    93  1   0.0%   0.029 AU:2    +
   78    92  1   0.0%   0.548 GC:2    +
   41   156  1   0.0%   0.052 UG:2    +
   37    54  1   0.0%   0.043 GU:2    +
   30   106  1   0.0%   0.972 GC:2    +
   12   151  1   0.0%   0.133 AU:2    +
   85   102  1   0.0%   0.421 UG:2    +
    3    37  1   0.0%   0.182 UG:2    +
   19   149  1   0.0%   0.017 AU:2    +
   15   148  1   0.0%   0.039 CG:2    +
   45    74  1   0.0%   0.036 AU:2    +
   35   149  1   0.0%   0.889 GU:2    +
   90   128  1   0.0%   0.530 GU:2    +
   54   139  1   0.0%   0.013 UA:2    +
   96   119  1   0.0%   0.487 UA:2    +
   87   102  1   0.0%   0.457 UG:2    +
   35    48  1   0.0%   0.037 GU:2    +
   80   147  1   0.0%   0.025 AU:2    +
   11   101  1   0.0%   0.038 AU:2    +
    2    47  1   0.0%   0.029 AU:2    +
  109   123  1   0.0%   0.878 GU:2    +
    4    90  1   0.0%   0.176 UG:2    +
  125   147  1   0.0%   0.321 AU:2    +
   49   157  1   0.0%   0.059 UA:2    +
   36   119  1   0.0%   0.706 UA:2    +
   30    41  1   0.0%   0.496 GU:2    +
    6    30  1   0.0%   0.000 CG:2    +
   81   124  1   0.0%   0.331 UA:2    +
  127   139  1   0.0%   0.397 UA:2    +
   24   131  1   0.0%   0.010 UA:2    +
   18    30  1   0.0%   0.496 CG:2    +
   99   140  1   0.0%   0.974 UG:2    +
   13   151  1   0.0%   0.031 AU:2    +
    1   119  1   0.0%   0.022 UA:2    +
   34    49  1   0.0%   0.121 AU:2    +
   93   141  1   0.0%   0.721 UG:2    +
   24    28  1   0.0%   0.002 UA:2    +
   45   151  1   0.0%   0.099 AU:2    +
   15    35  1   0.0%   0.052 CG:2    +
  100   152  1   0.0%   0.386 AU:2    +
   92   109  1   0.0%   0.485 CG:2    +
   45   152  1   0.0%   0.095 AU:2    +
    4    45  1   0.0%   0.175 UA:2    +
   35    49  1   0.0%   0.037 GU:2    +
   88   141  1   0.0%   0.874 CG:2    +
  125   138  1   0.0%   0.369 AU:2    +
   55    75  1   0.0%   0.065 AU:2    +
   36   150  1   0.0%   0.720 UG:2    +
   11   127  1   0.0%   0.036 AU:2    +
   45   127  1   0.0%   0.103 AU:2    +
  106   140  1   0.0%   0.618 CG:2    +
    1   143  1   0.0%   0.040 UA:2    +
   36   144  1   0.0%   0.697 UA:2    +
.((((((.......((((....))))........(((((..((..(((((....(((((((....)))))))..))))).))...))).)).(((((((...........)))))))...))))))........(((((((.(.....).))))))).
