6 sequence; length of alignment 152
alifold output
  118   124  0  99.9%   0.002 CG:1    GC:4    UG:1   
   64    83  0  99.6%   0.012 GU:1    AU:4    UA:1   
   20    41  0  99.3%   0.021 GC:1    GU:1    UA:3    --:1   
  116   126  0 100.0%   0.001 CG:2    UA:4   
   24    37  0  99.9%   0.002 AU:3    UA:3   
   21    40  0 100.0%   0.001 GC:6   
   26    35  0 100.0%   0.001 CG:6   
   25    36  0  99.9%   0.002 AU:6   
  115   127  1  99.9%   0.004 CG:3    AU:2   
  117   125  1  99.9%   0.002 AU:5   
   23    38  3  99.8%   0.005 GC:3   
   65    82  2  99.7%   0.013 CG:3    --:1   
   22    39  3  99.4%   0.020 AU:3   
   63    84  2  98.8%   0.071 GC:1    UA:3   
   66    81  1  97.9%   0.124 GC:3    AU:1    --:1   
  104   145  0  95.1%   0.470 CG:1    UG:5   
   62    85  2  96.3%   0.184 GC:3    GU:1   
  103   146  0  95.3%   0.471 GC:6   
  106   143  2  94.9%   0.404 GC:4   
  114   128  2  93.6%   0.192 GC:3    UG:1   
  105   144  2  92.8%   0.525 GU:3    UG:1   
  107   142  2  90.6%   0.455 UA:4   
  102   147  1  89.6%   0.528 CG:3    AU:2   
   67    80  1  88.5%   0.563 UG:3    AU:1    --:1   
   13    48  0  86.8%   0.636 GC:3    AU:3   
   14    47  0  86.7%   0.639 AU:6   
   12    49  3  86.6%   0.643 GC:3   
   19    42  3  82.8%   0.499 GU:1    AU:2   
   15    46  3  82.3%   0.763 CG:3   
  108   141  2  81.4%   0.691 AU:4   
   61    86  0  76.9%   0.694 GU:5    --:1   
   11    50  3  76.5%   0.865 UA:3   
  119   123  1  75.4%   0.638 UG:2    UA:3   
   55    94  2  75.8%   1.439 CG:1    GC:3   
   56    93  1  75.1%   1.505 GU:1    AU:4   
   54    95  0  74.7%   1.354 AU:6   
   10    51  1  72.4%   0.706 CG:3    UA:2   
   57    92  1  72.2%   1.596 GU:2    AU:3   
   53    96  2  65.3%   1.324 AU:4   
   58    91  1  63.5%   1.713 AU:4    --:1   
   27    34  0  59.5%   0.931 GU:6   
   68    79  2  57.7%   1.356 UA:3    --:1   
   18    43  2  51.2%   1.077 GU:2    AU:2   
   60    87  1  48.4%   1.374 AU:4    --:1   
  109   140  3  46.2%   1.267 GU:2    AU:1   
    9    52  3  41.0%   1.321 CG:1    UG:2   
   69    78  2  39.9%   1.506 AU:3    --:1   
   16    44  3  28.5%   1.108 AU:3    +
   56    89  0  19.7%   0.990 GU:1    AU:4    --:1    +
   52    93  0  19.0%   1.360 GC:1    GU:5    +
   57    88  1  19.5%   0.986 GC:2    AU:2    --:1    +
   53    92  1  19.5%   0.982 AU:5    +
   54    91  1  19.4%   0.976 AU:4    --:1    +
   55    90  2  19.4%   0.985 GU:3    --:1    +
   68    76  0  17.4%   1.003 UA:6    +
   69    75  3  17.2%   1.000 AU:3    +
   51    94  2  15.8%   1.113 GC:3    AU:1    +
    4    13  0  13.1%   0.802 CG:3    UA:3    +
    5    12  0  13.1%   0.802 GC:3    UG:3    +
    2    15  0  12.8%   0.992 GC:3    UG:3    +
   61    88  0  12.5%   1.360 GC:3    GU:2    --:1    +
   58    87  1  13.6%   0.839 AU:4    --:1    +
   60    89  0  13.0%   1.683 AU:5    --:1    +
   70    74  0  12.6%   0.825 AU:6    +
    3    14  1  13.1%   0.954 UA:5    +
    6    11  2  10.7%   0.720 AU:1    UA:3    +
  112   130  2  10.3%   0.728 AU:1    UA:3    +
   50    95  3  10.1%   0.920 AU:3    +
    2     8  0   7.5%   0.587 GC:3    UA:3    +
    1     9  1   6.7%   0.547 CG:3    AU:2    +
  113   130  1   7.2%   0.827 UA:5    +
   52    98  0   5.6%   1.663 GC:5    GU:1    +
   46    98  0   5.0%   0.696 GC:5    GU:1    +
   71    76  0   5.9%   0.859 UA:6    +
   67    77  1   6.4%   0.572 UA:4    --:1    +
   47    97  0   4.7%   0.637 UG:4    UA:2    +
   51    98  2   5.4%   1.245 GC:3    AU:1    +
   71    77  0   4.6%   0.815 UA:5    --:1    +
    3     7  2   5.2%   0.464 UA:4    +
   97   104  0   2.5%   0.520 GC:1    GU:3    AU:2    +
   70    78  0   4.3%   1.147 AU:5    --:1    +
  114   129  2   4.2%   0.467 GC:3    AU:1    +
   98   103  0   2.5%   0.820 CG:5    UG:1    +
   10    97  0   1.2%   0.411 CG:3    UG:1    UA:2    +
   58    89  0   2.9%   0.990 AU:5    --:1    +
    4   152  0   1.9%   0.626 CG:3    UG:3    +
   57    89  0   1.5%   0.855 GU:2    AU:3    --:1    +
   98   152  0   1.4%   0.983 CG:5    UG:1    +
    1   147  1   2.4%   0.460 CG:3    AU:2    +
  100   108  0   0.4%   0.131 GC:1    GU:1    UA:4    +
  102   106  0   0.3%   0.099 CG:3    UG:1    AU:2    +
   97   151  2   3.0%   0.853 GC:4    +
    5   151  1   2.2%   0.666 GC:3    UA:2    +
   59    97  0   0.1%   0.271 CG:3    UG:1    UA:2    +
  105   111  0   0.1%   0.098 GC:3    AU:2    UA:1    +
  105   129  0   0.1%   0.092 GC:3    AU:2    UA:1    +
    2     9  0   0.0%   0.390 GC:1    GU:2    UG:3    +
  106   112  0   0.0%   0.070 GC:1    GU:3    UA:2    +
   44    97  0   0.0%   0.481 CG:3    UG:1    UA:2    +
   88    97  0   0.0%   0.830 CG:3    UG:1    UA:1    --:1    +
  118   128  0   0.0%   0.070 CG:1    GC:4    UG:1    +
   94   105  0   0.0%   0.596 CG:3    GU:1    UA:2    +
   92    97  0   0.0%   0.903 CG:1    UG:3    UA:2    +
   82   109  0   0.0%   0.005 GU:3    UG:1    UA:1    --:1    +
  101   105  0   0.0%   0.090 GU:1    UG:3    UA:2    +
   18    96  0   0.0%   0.451 GU:2    AU:2    UA:2    +
    9   144  0   0.0%   0.766 CG:1    GU:3    UG:2    +
    3   145  1   2.5%   0.725 UG:5    +
   96   105  1   1.5%   0.543 UG:3    AU:1    UA:1    +
   81    97  0   0.0%   0.263 CG:3    UG:1    UA:1    --:1    +
   93    97  0   0.0%   0.877 CG:1    UG:3    UA:2    +
    3    51  0   0.0%   0.423 UG:3    AU:1    UA:2    +
   13    93  0   0.0%   0.391 GC:1    GU:2    AU:3    +
   66    88  0   0.0%   0.668 GC:3    GU:1    AU:1    --:1    +
  105   122  0   0.0%   0.075 GC:3    UG:1    AU:2    +
   98   145  0   1.0%   0.916 CG:5    UG:1    +
   52    94  1   2.0%   1.252 GC:3    GU:2    +
    7   141  1   2.4%   0.462 AU:5    +
   56    90  1   1.8%   0.887 GC:1    AU:3    --:1    +
    4   144  3   2.6%   0.581 CG:3    +
    5   143  3   2.6%   0.578 GC:3    +
    2   146  3   2.5%   0.764 GC:3    +
    9   148  1   1.7%   0.897 GC:3    UA:2    +
    6   142  3   2.4%   0.533 UA:3    +
   53    93  1   2.1%   0.900 AU:5    +
   54    92  1   2.0%   0.896 AU:5    +
   72    78  0   1.4%   0.742 AU:5    --:1    +
   66    78  1   1.4%   0.179 GU:3    AU:1    --:1    +
    5   148  0   0.4%   0.451 GC:3    UA:3    +
   55    91  2   1.9%   0.892 GU:3    --:1    +
   99   152  0   0.2%   0.415 CG:2    UG:4    +
   52    99  0   0.2%   1.119 GC:2    GU:4    +
    8   140  3   1.9%   0.497 AU:3    +
   46    59  0   0.1%   0.206 GC:3    GU:3    +
   46    99  0   0.1%   0.406 GC:2    GU:4    +
   56    95  0   0.1%   1.180 GU:1    AU:5    +
   97   150  0   0.1%   0.522 GU:4    AU:2    +
    4    52  0   0.1%   0.290 CG:3    UG:3    +
    2    55  0   0.1%   0.489 GC:3    UG:3    +
   51    99  2   1.4%   0.954 GU:3    AU:1    +
   10    52  0   0.1%   0.653 CG:3    UG:3    +
  106   128  0   0.1%   0.078 GC:4    UG:2    +
   62    88  0   0.1%   0.703 GC:3    GU:2    --:1    +
  103   110  0   0.1%   0.109 GC:3    GU:3    +
   44    52  0   0.0%   0.823 CG:3    UG:3    +
    8   144  0   0.0%   0.447 CG:3    AU:3    +
   57    86  0   0.0%   0.029 GU:2    AU:3    --:1    +
   62    98  0   0.0%   0.660 GC:5    GU:1    +
   61    99  0   0.0%   0.683 GC:2    GU:4    +
  107   127  0   0.0%   0.032 GU:2    UG:4    +
   62    93  0   0.0%   0.749 GC:1    GU:5    +
   13    47  0   0.0%   0.269 GU:3    AU:3    +
    5    50  0   0.0%   0.273 GC:3    UA:3    +
    7   150  1   1.5%   0.484 AU:5    +
   48   145  0   0.0%   0.335 CG:3    UG:3    +
   59   145  0   0.0%   0.165 CG:3    UG:3    +
   75    79  0   0.0%   0.801 AU:2    UA:3    --:1    +
   10   152  0   0.0%   0.426 CG:3    UG:3    +
   13    49  0   0.0%   0.519 GC:3    AU:3    +
   65    73  0   0.0%   0.002 CG:5    UG:1    +
   44   152  0   0.0%   0.554 CG:3    UG:3    +
   56   150  0   0.0%   0.786 GU:1    AU:5    +
   52    92  0   0.0%   0.414 GC:1    GU:5    +
    2    11  0   0.0%   0.202 GU:3    UA:3    +
   21    39  0   0.0%   0.001 GC:3    GU:3    +
   61    92  0   0.0%   1.194 GC:1    GU:5    +
   73    81  0   0.0%   0.032 GC:3    GU:2    --:1    +
   52   149  0   0.0%   1.121 GC:1    GU:5    +
   57   150  0   0.0%   0.822 GU:2    AU:4    +
    4   103  0   0.0%   0.300 CG:3    UG:3    +
   48    52  0   0.0%   0.537 CG:3    UG:3    +
  114   120  1   0.0%   0.001 CG:1    GC:2    GU:1    UA:1    +
   27    49  0   0.0%   0.442 GC:3    GU:3    +
  100   106  0   0.0%   0.093 GU:2    UG:4    +
   73    98  0   0.0%   0.552 GC:5    GU:1    +
   27    81  0   0.0%   0.315 GC:3    GU:2    --:1    +
   74    97  0   0.0%   0.546 UG:4    UA:2    +
   10   145  0   0.0%   0.392 CG:3    UG:3    +
   61    98  0   0.0%   1.081 GC:5    GU:1    +
   65   103  0   0.0%   0.007 CG:5    UG:1    +
   20    84  0   0.0%   0.013 GC:3    UA:3    +
    2   147  0   0.0%   0.669 GU:3    UG:3    +
   75    80  0   0.0%   0.529 UG:3    AU:2    --:1    +
   23    81  0   0.0%   0.002 GC:3    AU:2    --:1    +
   73    88  0   0.0%   0.597 GC:3    GU:2    --:1    +
   11   144  0   0.0%   0.593 UG:3    AU:3    +
   57    68  0   0.0%   0.024 GU:2    AU:4    +
   24    80  0   0.0%   0.001 UG:3    AU:2    --:1    +
   43    57  0   0.0%   0.397 UG:2    UA:4    +
   49   152  0   0.0%   0.249 CG:3    UG:3    +
   62    81  0   0.0%   0.002 GC:3    GU:2    --:1    +
   46   149  0   0.0%   0.476 GC:1    GU:5    +
   93   152  0   0.0%   0.734 CG:1    UG:5    +
   52    59  0   0.0%   0.425 GC:3    GU:3    +
   97   113  0   0.0%   0.347 GU:4    AU:2    +
    7    63  0   0.0%   0.157 UG:1    AU:5    +
   57    95  0   0.0%   1.212 GU:2    AU:4    +
   21    44  0   0.0%   0.403 GC:3    GU:3    +
   21    48  0   0.0%   0.126 GC:3    GU:3    +
   23    42  0   0.0%   0.193 GU:3    AU:3    +
   59    73  0   0.0%   0.015 CG:3    UG:3    +
   99   103  0   0.0%   0.233 CG:2    UG:4    +
   52    88  0   0.0%   0.411 GC:3    GU:2    --:1    +
   13   150  0   0.0%   0.459 GU:3    AU:3    +
   23    44  0   0.0%   0.404 GC:3    AU:3    +
   44    61  0   0.0%   0.417 CG:3    UG:3    +
   48   152  0   0.0%   0.291 CG:3    UG:3    +
    4   145  0   0.0%   0.486 CG:3    UG:3    +
   82    96  0   0.0%   0.356 GU:3    UA:2    --:1    +
   91   108  0   0.0%   0.723 AU:1    UA:4    --:1    +
   52   110  0   0.0%   0.989 GC:3    GU:3    +
   56   149  0   0.0%   0.794 GC:1    AU:5    +
   44   145  0   0.0%   0.513 CG:3    UG:3    +
   61    93  0   0.0%   1.168 GC:1    GU:5    +
   89    97  0   0.0%   1.008 UG:4    UA:1    --:1    +
    5   144  0   0.0%   0.485 GU:3    UG:3    +
   50   147  0   0.0%   0.673 CG:3    AU:3    +
   80    85  0   0.0%   0.192 GC:3    UA:2    --:1    +
   56    86  0   0.0%   0.023 GU:1    AU:4    --:1    +
   43    56  0   0.0%   0.396 UG:1    UA:5    +
   27    44  0   0.0%   0.716 GC:3    GU:3    +
   62    92  0   0.0%   0.772 GC:1    GU:5    +
    4    61  0   0.0%   0.299 CG:3    UG:3    +
   24    79  0   0.0%   0.001 AU:2    UA:3    --:1    +
   99   145  0   0.0%   0.393 CG:2    UG:4    +
   61   149  0   0.0%   0.651 GC:1    GU:5    +
   59   152  0   0.0%   0.121 CG:3    UG:3    +
   42    57  0   0.0%   0.208 UG:2    UA:4    +
   21    98  0   0.0%   0.061 GC:5    GU:1    +
   56   137  0   0.0%   0.716 GU:1    AU:5    +
   61    81  0   0.0%   0.004 GC:3    GU:2    --:1    +
   65   152  0   0.0%   0.102 CG:5    UG:1    +
   88   103  0   0.0%   0.588 CG:3    UG:2    --:1    +
   35    65  0   0.0%   0.001 GC:5    GU:1    +
   12   147  0   0.0%   0.527 CG:3    GU:3    +
   43    97  0   0.0%   0.446 UG:4    UA:2    +
   51    89  0   0.0%   0.238 GU:3    AU:2    --:1    +
   64    78  0   0.0%   0.001 GU:1    AU:4    --:1    +
   39    61  0   0.0%   0.008 CG:3    UG:3    +
   46    65  0   0.0%   0.183 GC:5    GU:1    +
   71    97  0   0.0%   0.610 UG:4    UA:2    +
   21    88  0   0.0%   0.001 GC:3    GU:2    --:1    +
   99   126  0   0.0%   0.162 CG:2    UA:4    +
   75    82  0   0.0%   0.419 UG:3    AU:2    --:1    +
    7    91  0   0.0%   0.157 AU:4    UA:1    --:1    +
   61    65  0   0.0%   0.003 GC:5    GU:1    +
   61   110  0   0.0%   0.543 GC:3    GU:3    +
  103   143  0   1.0%   0.341 GC:6    +
    8   149  3   1.7%   0.568 AU:3    +
   11    96  1   1.0%   0.586 AU:3    UA:2    +
   46   146  0   0.9%   0.575 GC:6    +
   47   145  0   0.9%   0.516 UG:6    +
  105   141  1   0.9%   0.317 GU:3    AU:2    +
   60    86  0   0.8%   0.128 AU:5    --:1    +
   57    90  2   1.1%   0.954 GU:2    AU:1    --:1    +
   52   138  0   0.7%   1.096 GC:6    +
   28    34  0   0.7%   0.421 AU:6    +
   68    77  0   0.6%   0.627 UA:5    --:1    +
   51    95  1   0.6%   0.857 GU:3    AU:2    +
   53   137  0   0.6%   0.801 AU:6    +
    7   100  1   0.6%   0.248 UG:1    AU:4    +
   51   100  1   0.0%   0.828 GU:3    UG:1    AU:1    +
   51    96  1   0.0%   0.615 GU:3    AU:1    UA:1    +
    9   100  1   0.0%   0.653 CG:1    GU:3    UG:1    +
   51   102  1   0.0%   0.788 GC:3    AU:1    UA:1    +
   66   102  1   0.0%   0.087 GC:3    AU:1    UA:1    +
   59    66  1   0.0%   0.015 CG:3    UG:1    UA:1    +
   61    85  2   0.8%   0.124 GC:3    GU:1    +
   18   101  1   0.0%   0.412 GU:2    UG:1    AU:2    +
   19   100  1   0.0%   0.213 GU:1    UG:2    AU:2    +
   66    85  1   0.0%   0.159 GC:3    GU:1    UA:1    +
    1   105  1   0.0%   0.190 CG:3    AU:1    UA:1    +
   94   114  1   0.0%   0.601 CG:3    GC:1    UA:1    +
    2    18  1   0.0%   0.467 GU:2    UG:2    UA:1    +
  108   144  1   0.0%   0.466 CG:1    UG:1    AU:3    +
   64   107  1   0.0%   0.005 GU:1    UG:1    AU:3    +
  114   122  1   0.0%   0.001 CG:1    GC:3    AU:1    +
   44    66  1   0.0%   0.414 CG:3    UG:1    UA:1    +
   18    90  1   0.0%   0.402 GU:2    AU:1    UA:1    --:1    +
   19    96  1   0.0%   0.222 GU:1    AU:2    UA:2    +
    9   107  1   0.0%   0.613 CG:1    GU:3    UG:1    +
  104   142  1   1.0%   0.343 UA:5    +
   53   150  0   0.5%   0.888 AU:6    +
   70    75  3   1.2%   0.773 AU:3    +
   99   144  3   1.0%   0.437 CG:2    UG:1    +
    9    98  3   1.2%   0.722 GC:3    +
    9   139  3   1.2%   0.770 GC:3    +
   96   147  1   0.4%   0.658 UG:3    AU:2    +
   71    79  2   1.1%   0.800 UA:3    --:1    +
   67    76  1   0.8%   0.122 UA:5    +
   97   146  2   1.0%   0.622 GC:4    +
   67    79  1   0.3%   0.271 AU:1    UA:3    --:1    +
   68    75  3   1.0%   0.146 UA:3    +
   18    42  2   0.6%   0.091 GU:2    AU:2    +
   52   139  0   0.2%   1.149 GC:6    +
   51   140  1   0.2%   0.964 GU:3    AU:2    +
   57    91  1   0.2%   0.909 GU:2    AU:2    --:1    +
   56    99  1   0.2%   0.832 GC:1    AU:4    +
   55   100  1   0.2%   0.734 CG:2    GU:3    +
   61    89  0   0.2%   1.305 GU:5    --:1    +
   47    58  0   0.1%   0.174 UA:6    +
   28    32  0   0.1%   0.029 AU:3    --:3    +
   97   111  1   0.1%   0.364 GC:3    AU:2    +
   62    87  1   0.6%   0.809 GU:4    --:1    +
    8   100  1   0.1%   0.315 CG:2    AU:3    +
   56    92  1   0.1%   0.880 GU:1    AU:4    +
   69    74  3   0.9%   0.127 AU:3    +
    8    99  3   0.8%   0.342 AU:3    +
   53    95  0   0.1%   0.708 AU:6    +
   61    95  0   0.1%   1.054 GU:6    +
   48   144  3   0.8%   0.372 CG:3    +
   44   147  3   0.8%   0.668 CG:3    +
   61    90  1   0.1%   1.022 GC:1    GU:3    --:1    +
    9    50  1   0.1%   0.200 GC:3    UA:2    +
   62    86  0   0.0%   0.328 GU:5    --:1    +
   62    94  1   0.0%   0.714 GC:3    GU:2    +
    6    52  1   0.0%   0.260 CG:2    UG:3    +
   46   143  0   0.0%   0.453 GC:6    +
   47   142  0   0.0%   0.391 UA:6    +
   54    89  0   0.0%   0.027 AU:5    --:1    +
   44    51  1   0.0%   0.647 CG:3    UA:2    +
   56    87  1   0.0%   0.032 GU:1    AU:3    --:1    +
  105   140  1   0.0%   0.217 GU:3    AU:2    +
    3    57  1   0.0%   0.450 UG:2    UA:3    +
    5   102  1   0.0%   0.303 GC:3    UA:2    +
    3    56  1   0.0%   0.445 UG:1    UA:4    +
   27    32  0   0.0%   0.010 GU:3    --:3    +
   73    78  0   0.0%   0.636 GU:5    --:1    +
   43    52  0   0.0%   0.790 UG:6    +
   29    34  0   0.0%   0.350 AU:6    +
   43    53  0   0.0%   0.407 UA:6    +
  138   145  0   0.0%   0.285 CG:6    +
   68    73  0   0.0%   0.010 UG:6    +
   43    61  0   0.0%   0.389 UG:6    +
   18    44  3   0.5%   0.831 GC:2    AU:1    +
    1     5  1   0.0%   0.006 CG:3    AU:2    +
   61    94  1   0.0%   1.128 GC:3    GU:2    +
    6   152  1   0.0%   0.450 CG:2    UG:3    +
   60    95  0   0.0%   1.185 AU:6    +
   58    86  0   0.0%   0.027 AU:5    --:1    +
  147   151  1   0.0%   0.552 GC:3    UA:2    +
  105   113  1   0.0%   0.079 GU:3    AU:2    +
  103   138  0   0.0%   0.142 GC:6    +
   97   149  1   0.0%   0.515 GU:4    AU:1    +
   61   139  0   0.0%   0.647 GC:6    +
   62   138  0   0.0%   0.159 GC:6    +
   27    31  0   0.0%   0.004 GU:6    +
   60   140  0   0.0%   0.816 AU:6    +
   57    93  1   0.0%   1.332 GU:2    AU:3    +
  103   139  0   0.0%   0.207 GC:6    +
    6   145  1   0.0%   0.448 CG:2    UG:3    +
   52    95  0   0.0%   1.075 GU:6    +
   52   150  0   0.0%   1.111 GU:6    +
   42    53  0   0.0%   0.214 UA:6    +
  146   152  0   0.0%   0.428 CG:6    +
   68    72  0   0.0%   0.005 UA:6    +
   63    97  1   0.0%   0.256 UG:4    UA:1    +
   43   145  0   0.0%   0.482 UG:6    +
   48    97  2   0.3%   0.400 CG:1    UG:3    +
   97   101  1   0.0%   0.266 GU:3    AU:2    +
   57    87  1   0.0%   0.031 GU:2    AU:2    --:1    +
   42    54  0   0.0%   0.211 UA:6    +
   30    35  0   0.0%   0.003 CG:6    +
   61   143  0   0.0%   0.647 GC:6    +
   29    36  0   0.0%   0.005 AU:6    +
  103   137  0   0.0%   0.132 GU:6    +
   42    62  0   0.0%   0.196 UG:6    +
  100   147  1   0.0%   0.283 GU:2    UG:3    +
    3    97  1   0.0%   0.450 UG:4    UA:1    +
   62    89  0   0.0%   0.878 GU:5    --:1    +
    5   100  1   0.0%   0.294 GU:3    UG:2    +
  139   145  0   0.0%   0.352 CG:6    +
   64    74  1   0.0%   0.002 GU:1    AU:4    +
   30    73  0   0.0%   0.002 CG:6    +
   29    74  0   0.0%   0.005 AU:6    +
   31    72  0   0.0%   0.003 UA:6    +
  103   111  1   0.0%   0.112 GC:3    GU:2    +
   33    71  0   0.0%   0.001 AU:6    +
   34    70  0   0.0%   0.347 UA:6    +
   41    63  1   0.0%   0.009 CG:1    AU:3    --:1    +
   95   105  1   0.0%   0.509 UG:3    UA:2    +
   95   152  0   0.0%   0.642 UG:6    +
  103   141  0   0.0%   0.208 GU:6    +
  103   113  0   0.0%   0.100 GU:6    +
   84   107  1   0.0%   0.048 CG:2    AU:3    +
   83   108  1   0.0%   0.005 AU:1    UA:4    +
   57   149  1   0.0%   0.831 GU:2    AU:3    +
  105   137  1   0.0%   0.113 GU:3    AU:2    +
   35    40  0   0.0%   0.002 GC:6    +
   58    95  0   0.0%   1.216 AU:6    +
   16   147  1   0.0%   0.518 CG:2    AU:3    +
   33    42  0   0.0%   0.192 AU:6    +
    5    96  1   0.0%   0.286 GU:3    UA:2    +
   30    46  0   0.0%   0.173 CG:6    +
   29    47  0   0.0%   0.138 AU:6    +
   47    54  0   0.0%   0.152 UA:6    +
   86   105  1   0.0%   0.250 UG:3    UA:1    --:1    +
   22    86  0   0.0%   0.007 AU:5    --:1    +
   47    53  0   0.0%   0.158 UA:6    +
   64   104  1   0.0%   0.006 GC:1    AU:4    +
  103   140  0   0.0%   0.225 GU:6    +
   61    74  0   0.0%   0.004 GU:6    +
   73   143  0   0.0%   0.111 GC:6    +
   74   142  0   0.0%   0.415 UA:6    +
   94   152  1   0.0%   0.698 CG:3    UG:2    +
   61   146  0   0.0%   0.684 GC:6    +
   72    89  0   0.0%   0.829 AU:5    --:1    +
   72    86  0   0.0%   0.312 AU:5    --:1    +
   76   140  0   0.0%   0.634 AU:6    +
   64    71  1   0.0%   0.001 GU:1    AU:4    +
   60   141  0   0.0%   0.796 AU:6    +
   17    97  1   0.0%   0.074 UG:3    UA:2    +
   52   143  0   0.0%   1.137 GC:6    +
   22    43  0   0.0%   0.384 AU:6    +
   56   101  1   0.0%   0.706 GU:1    AU:4    +
   42    58  0   0.0%   0.205 UA:6    +
   14    95  0   0.0%   0.394 AU:6    +
   58    74  0   0.0%   0.021 AU:6    +
  143   152  0   0.0%   0.391 CG:6    +
   24    41  1   0.0%   0.008 AU:1    UA:3    --:1    +
   22    47  0   0.0%   0.141 AU:6    +
   62   139  0   0.0%   0.221 GC:6    +
   61   140  0   0.0%   0.667 GU:6    +
   80   111  1   0.0%   0.114 GC:3    UA:1    --:1    +
   54   137  0   0.0%   0.688 AU:6    +
   71   145  0   0.0%   0.510 UG:6    +
   46    95  0   0.0%   0.186 GU:6    +
   18    86  1   0.0%   0.403 GU:2    AU:2    --:1    +
   43    51  1   0.0%   0.612 UG:3    UA:2    +
   43    60  0   0.0%   0.383 UA:6    +
   25    42  0   0.0%   0.192 AU:6    +
   52   146  0   0.0%   1.175 GC:6    +
   51   150  1   0.0%   0.901 GU:3    AU:2    +
  107   130  1   0.0%   0.034 GU:1    UA:4    +
  106   115  1   0.0%   0.063 GC:3    UA:2    +
    6    13  1   0.0%   0.506 CG:2    UA:3    +
   62   143  0   0.0%   0.220 GC:6    +
   54    86  0   0.0%   0.017 AU:5    --:1    +
   79   112  1   0.0%   0.385 AU:3    UA:1    --:1    +
    3    13  1   0.0%   0.157 UG:2    UA:3    +
   54   140  0   0.0%   0.778 AU:6    +
   53   141  0   0.0%   0.845 AU:6    +
   62    90  1   0.0%   0.597 GC:1    GU:3    --:1    +
   62    71  0   0.0%   0.001 GU:6    +
   22   150  0   0.0%   0.076 AU:6    +
  137   142  0   0.0%   0.289 UA:6    +
   66    74  1   0.0%   0.002 GU:4    AU:1    +
   51    59  1   0.0%   0.252 GC:3    AU:2    +
   21   138  0   0.0%   0.002 GC:6    +
   64   141  1   0.0%   0.109 GU:1    AU:4    +
   64    92  1   0.0%   0.665 GC:1    AU:4    +
   11   100  1   0.0%   0.532 UG:2    AU:3    +
   22   137  0   0.0%   0.008 AU:6    +
  113   142  0   0.0%   0.440 UA:6    +
   18   100  2   0.0%   0.442 GU:2    UG:1    AU:1    +
   46   150  0   0.0%   0.463 GU:6    +
   97   129  1   0.0%   0.347 GC:3    AU:2    +
   25    78  0   0.0%   0.001 AU:5    --:1    +
   26    46  0   0.0%   0.172 CG:6    +
   14    43  0   0.0%   0.266 AU:6    +
   70    89  0   0.0%   1.216 AU:5    --:1    +
   28    43  0   0.0%   0.421 AU:6    +
   54   150  0   0.0%   0.775 AU:6    +
   94   103  1   0.0%   0.595 CG:3    UG:2    +
   23   149  1   0.0%   0.084 GU:3    AU:2    +
   42    52  0   0.0%   0.597 UG:6    +
   52    90  1   0.0%   0.411 GC:1    GU:3    --:1    +
   42   152  0   0.0%   0.290 UG:6    +
   73    94  1   0.0%   0.604 GC:3    GU:2    +
   51   141  1   0.0%   0.934 GU:3    AU:2    +
   57   101  1   0.0%   0.746 GU:2    AU:3    +
   72    95  0   0.0%   0.569 AU:6    +
   53   113  0   0.0%   0.712 AU:6    +
   25    47  0   0.0%   0.135 AU:6    +
   62   146  0   0.0%   0.258 GC:6    +
   43   152  0   0.0%   0.511 UG:6    +
   53    89  0   0.0%   0.023 AU:5    --:1    +
   27    40  0   0.0%   0.314 GC:6    +
   14   137  0   0.0%   0.392 AU:6    +
   60   150  0   0.0%   0.790 AU:6    +
   67    82  1   0.0%   0.348 UG:3    AU:1    --:1    +
  103   129  1   0.0%   0.100 GC:3    GU:2    +
  106   144  1   0.0%   0.413 GU:3    UG:2    +
   47    52  0   0.0%   0.546 UG:6    +
   41   100  1   0.0%   0.047 CG:1    AU:3    --:1    +
   96   130  1   0.0%   0.416 AU:1    UA:4    +
   42    61  0   0.0%   0.195 UG:6    +
   69   100  1   0.0%   0.772 CG:2    AU:3    +
   36    64  1   0.0%   0.001 UG:1    UA:4    +
   42    46  0   0.0%   0.364 UG:6    +
   29    42  0   0.0%   0.195 AU:6    +
  106   148  1   0.0%   0.319 GC:3    UA:2    +
   44    57  1   0.0%   0.423 CG:2    UA:3    +
   47   152  0   0.0%   0.430 UG:6    +
   63    77  0   0.0%   0.001 UA:5    --:1    +
   77    83  0   0.0%   0.356 AU:5    --:1    +
   47    51  1   0.0%   0.373 UG:3    UA:2    +
   52   140  0   0.0%   1.157 GU:6    +
   73    86  0   0.0%   0.259 GU:5    --:1    +
   26   152  0   0.0%   0.095 CG:6    +
   58   141  0   0.0%   0.821 AU:6    +
   52   141  0   0.0%   1.140 GU:6    +
   41   101  1   0.0%   0.017 UG:1    AU:3    --:1    +
  107   147  1   0.0%   0.422 GU:2    UG:3    +
   64    86  1   0.0%   0.254 GU:1    AU:3    --:1    +
   62    78  0   0.0%   0.001 GU:5    --:1    +
   43    58  0   0.0%   0.393 UA:6    +
   76    95  0   0.0%   1.019 AU:6    +
   34    66  1   0.0%   0.346 UG:4    UA:1    +
   62    68  0   0.0%   0.001 GU:6    +
   19   101  2   0.0%   0.183 GU:1    UG:1    AU:2    +
  137   145  0   0.0%   0.276 UG:6    +
   53   140  0   0.0%   0.861 AU:6    +
   52   111  1   0.0%   0.989 GC:3    GU:2    +
   60    71  0   0.0%   0.006 AU:6    +
   47    64  1   0.0%   0.145 UG:1    UA:4    +
   63   108  1   0.0%   0.015 GU:1    UA:4    +
   18    94  2   0.0%   0.403 GC:2    UG:1    AU:1    +
   66    90  1   0.0%   0.567 GC:1    GU:3    --:1    +
   77    91  0   0.0%   1.074 AU:4    --:2    +
   66    71  1   0.0%   0.001 GU:4    AU:1    +
   28   150  0   0.0%   0.113 AU:6    +
   73    95  0   0.0%   0.517 GU:6    +
   66    96  1   0.0%   0.434 GU:4    UA:1    +
   46    94  1   0.0%   0.184 GC:3    GU:2    +
   93   105  1   0.0%   0.636 UG:3    UA:2    +
   77    95  0   0.0%   0.858 AU:5    --:1    +
  120   127  2   0.0%   0.003 CG:2    UG:1    AU:1    +
   64    68  1   0.0%   0.000 GU:1    AU:4    +
   43    62  0   0.0%   0.385 UG:6    +
   65    97  1   0.0%   0.246 CG:4    UA:1    +
   70    86  0   0.0%   0.700 AU:5    --:1    +
  113   123  1   0.0%   0.005 UG:2    UA:3    +
   52   129  1   0.0%   0.989 GC:3    GU:2    +
   15   100  1   0.0%   0.481 CG:2    GU:3    +
   21    47  0   0.0%   0.135 GU:6    +
  104   123  1   0.0%   0.093 UG:2    UA:3    +
   64    95  1   0.0%   0.511 GU:1    AU:4    +
   51   139  3   0.7%   0.940 GC:3    +
   62    84  3   0.7%   0.105 GC:3    +
   95   106  2   0.6%   0.600 UG:4    +
   56    91  1   0.4%   0.884 AU:4    --:1    +
  106   140  2   0.6%   0.292 GU:4    +
   54   149  1   0.4%   0.806 AU:5    +
   10   147  3   0.6%   0.494 CG:3    +
  101   107  3   0.4%   0.093 GU:1    UG:2    +
   50   140  3   0.6%   0.627 AU:3    +
   99   109  3   0.3%   0.204 CG:2    UA:1    +
   43   148  3   0.6%   0.567 UA:3    +
   52   151  2   0.5%   1.215 GC:4    +
    9   151  2   0.2%   0.853 GC:3    UA:1    +
    6   147  2   0.1%   0.472 UG:3    AU:1    +
   49    56  2   0.1%   0.169 CG:1    UA:3    +
   57    94  2   0.1%   1.310 GC:2    AU:2    +
   19    43  3   0.3%   0.566 GU:1    AU:2    +
  101   151  3   0.3%   0.327 GC:1    UA:2    +
    6    97  2   0.1%   0.275 CG:1    UG:3    +
  118   123  3   0.0%   0.001 CG:1    GU:1    UG:1    +
   58    90  2   0.4%   0.909 AU:3    --:1    +
  106   110  2   0.1%   0.073 GC:1    GU:3    +
    6    56  2   0.0%   0.271 CG:1    UA:3    +
    1   152  2   0.0%   0.290 CG:3    UG:1    +
    4    56  2   0.0%   0.300 CG:1    UA:3    +
    2     7  2   0.0%   0.008 GU:1    UA:3    +
   61    87  1   0.2%   0.909 GU:4    --:1    +
   49    97  2   0.0%   0.370 CG:1    UG:3    +
  101   147  2   0.0%   0.255 GU:1    UG:3    +
   97   110  2   0.0%   0.342 GC:1    GU:3    +
   98   106  2   0.0%   0.671 CG:3    UG:1    +
    8   101  2   0.0%   0.280 CG:1    AU:3    +
  109   130  2   0.0%   0.031 GU:1    UA:3    +
   51   151  2   0.0%   0.931 GC:3    UA:1    +
   54    93  1   0.2%   0.848 AU:5    +
    1    97  2   0.0%   0.192 CG:3    UA:1    +
   97   102  2   0.0%   0.250 GC:3    GU:1    +
    5   101  2   0.0%   0.295 GU:3    UG:1    +
    9    94  2   0.0%   0.558 GC:3    UG:1    +
   18   148  2   0.0%   0.495 GC:2    UA:2    +
   52   102  2   0.0%   0.994 GC:3    GU:1    +
    4    97  2   0.0%   0.302 CG:1    UG:3    +
    7   144  2   0.0%   0.380 UG:1    AU:3    +
    1    61  2   0.0%   0.190 CG:3    UG:1    +
   17    46  1   0.2%   0.194 UG:5    +
    1    52  2   0.0%   0.187 CG:3    UG:1    +
   18    50  2   0.0%   0.616 GC:2    UA:2    +
   46   102  2   0.0%   0.350 GC:3    GU:1    +
   93   106  2   0.0%   0.636 CG:1    UG:3    +
   85   106  2   0.0%   0.079 CG:3    AU:1    +
   66    94  2   0.0%   0.676 GC:3    GU:1    +
   18    47  2   0.0%   0.536 GU:2    AU:2    +
   51   101  2   0.0%   0.793 GU:3    AU:1    +
  114   137  2   0.0%   0.237 GU:3    AU:1    +
   38    66  2   0.0%   0.003 CG:3    AU:1    +
  113   121  2   0.0%   0.005 UG:1    UA:3    +
   23    85  2   0.0%   0.003 GC:3    AU:1    +
   19   148  2   0.0%   0.266 GC:1    UA:3    +
   37    67  2   0.0%   0.002 AU:3    UA:1    +
   57    96  2   0.0%   1.058 GU:2    AU:2    +
   18   150  2   0.0%   0.472 GU:2    AU:2    +
  103   112  2   0.0%   0.102 GC:1    GU:3    +
    2    17  2   0.0%   0.466 GU:3    UA:1    +
  107   114  2   0.0%   0.029 GU:1    UG:3    +
   51   149  2   0.0%   0.913 GU:3    AU:1    +
   57    99  2   0.0%   0.862 GU:2    AU:2    +
   51   148  2   0.0%   0.953 GC:3    UA:1    +
    9   101  2   0.0%   0.622 GU:3    UG:1    +
   73    85  2   0.0%   0.088 GC:3    GU:1    +
  108   112  2   0.0%   0.034 AU:3    UA:1    +
   63   105  2   0.0%   0.015 UG:3    UA:1    +
    6    51  2   0.0%   0.241 UG:3    AU:1    +
   51    93  2   0.0%   0.239 GU:3    AU:1    +
   55   101  2   0.0%   0.688 CG:1    GU:3    +
    1    46  2   0.0%   0.186 CG:3    UG:1    +
   57   100  2   0.0%   0.782 GU:2    AU:2    +
   56    96  2   0.0%   1.017 GU:1    AU:3    +
    6    64  2   0.0%   0.255 CG:1    UA:3    +
   15    94  2   0.0%   0.444 CG:1    GC:3    +
   51    92  2   0.0%   0.239 GU:3    AU:1    +
   96   106  2   0.0%   0.448 UG:3    AU:1    +
   19    50  2   0.0%   0.387 GC:1    UA:3    +
   17    51  2   0.0%   0.247 UG:2    UA:2    +
   66    75  2   0.0%   0.002 GU:3    UA:1    +
   97   112  2   0.0%   0.347 GC:1    GU:3    +
    3   147  2   0.0%   0.631 UG:3    AU:1    +
    3    11  2   0.0%   0.157 AU:1    UA:3    +
    5    94  2   0.0%   0.286 GC:3    UG:1    +
  102   114  2   0.0%   0.029 CG:3    AU:1    +
  102   152  2   0.0%   0.322 CG:3    UG:1    +
  105   109  2   0.0%   0.090 GU:3    UA:1    +
    1   106  2   0.0%   0.190 CG:3    AU:1    +
   13    96  2   0.0%   0.439 GU:1    AU:3    +
    2   105  2   0.0%   0.485 GU:1    UG:3    +
   12    51  2   0.0%   0.627 CG:3    GU:1    +
    9   102  2   0.0%   0.617 GC:3    UA:1    +
   51   144  2   0.0%   0.971 GU:3    UG:1    +
  102   145  2   0.0%   0.215 CG:3    UG:1    +
    4    66  2   0.0%   0.298 CG:1    UG:3    +
    9    96  2   0.0%   0.560 GU:3    UA:1    +
  104   114  2   0.0%   0.093 UG:3    UA:1    +
   18   141  2   0.0%   0.493 GU:2    AU:2    +
    2    51  2   0.0%   0.466 GU:1    UG:3    +
   51   111  2   0.0%   0.784 GC:3    AU:1    +
    9   129  2   0.0%   0.614 GC:3    UA:1    +
  109   114  2   0.0%   0.023 GU:1    UG:3    +
   64    75  2   0.0%   0.001 AU:3    UA:1    +
   57   111  2   0.0%   0.725 GC:2    AU:2    +
   11   101  2   0.0%   0.502 UG:1    AU:3    +
   56   110  2   0.0%   0.685 GC:1    AU:3    +
    9    16  2   0.0%   0.187 GC:2    UA:2    +
   66   151  2   0.0%   0.206 GC:3    UA:1    +
   37    63  2   0.0%   0.001 UG:1    AU:3    +
   18    95  2   0.0%   0.406 GU:2    AU:2    +
    5   129  2   0.0%   0.297 GC:3    UA:1    +
   66    83  2   0.0%   0.086 GU:3    AU:1    +
   63    69  2   0.0%   0.001 GC:1    UA:3    +
   57   129  2   0.0%   0.725 GC:2    AU:2    +
  105   149  2   0.0%   0.308 GU:3    AU:1    +
   94   147  2   0.0%   0.777 CG:3    GU:1    +
  121   125  2   0.0%   0.001 GU:1    AU:3    +
    1   145  2   0.0%   0.190 CG:3    UG:1    +
   92   106  2   0.0%   0.661 CG:1    UG:3    +
   98   127  2   0.0%   0.639 CG:3    UG:1    +
    1    62  2   0.0%   0.189 CG:3    UG:1    +
   18    88  2   0.0%   0.402 GC:2    AU:1    --:1    +
   10   106  2   0.0%   0.296 CG:3    UG:1    +
  114   140  2   0.0%   0.720 GU:3    AU:1    +
   19    89  2   0.0%   0.174 GU:1    AU:2    --:1    +
   57    98  3   0.2%   1.274 GC:2    AU:1    +
   48    57  3   0.1%   0.168 UG:2    UA:1    +
    8    52  3   0.4%   0.275 CG:3    +
   16    43  2   0.3%   0.053 AU:4    +
   54   101  1   0.1%   0.687 AU:5    +
   58    93  1   0.1%   1.359 AU:5    +
   96   152  2   0.3%   0.585 UG:4    +
    7   149  1   0.1%   0.309 AU:5    +
   55   148  3   0.4%   0.849 GC:3    +
  109   137  3   0.1%   0.077 GU:2    AU:1    +
    3    54  1   0.1%   0.450 UA:5    +
    3    58  1   0.1%   0.461 UA:5    +
    4    57  3   0.1%   0.312 UG:2    UA:1    +
    3    53  1   0.1%   0.440 UA:5    +
   94   107  3   0.1%   0.612 GU:1    UG:2    +
  109   141  3   0.1%   0.713 GU:2    AU:1    +
   60    91  1   0.1%   1.405 AU:4    --:1    +
  102   111  3   0.1%   0.045 AU:2    UA:1    +
   56   147  3   0.0%   0.868 GU:1    AU:2    +
   60    90  2   0.2%   1.169 AU:3    --:1    +
    5    56  3   0.0%   0.295 UG:1    UA:2    +
   98   109  3   0.0%   0.645 CG:2    UA:1    +
   15    44  3   0.3%   0.314 GC:3    +
  101   112  3   0.0%   0.052 GC:1    UA:2    +
  101   152  1   0.0%   0.264 UG:5    +
  110   130  3   0.3%   0.065 UA:3    +
   58    92  1   0.0%   1.371 AU:5    +
  108   140  2   0.2%   0.221 AU:4    +
   52   101  1   0.0%   1.002 GU:5    +
    2    57  3   0.0%   0.480 UG:2    UA:1    +
    2   149  3   0.0%   0.582 GC:1    GU:2    +
  130   137  1   0.0%   0.490 AU:5    +
   18   151  3   0.0%   0.501 GC:2    UA:1    +
    1    18  3   0.0%   0.187 CG:2    AU:1    +
   55    92  3   0.3%   0.866 GU:3    +
   63    85  3   0.0%   0.092 GU:1    UA:2    +
  131   136  1   0.0%   0.003 UA:1    --:4    +
  101   142  1   0.0%   0.159 UA:5    +
    2    99  3   0.0%   0.487 GC:2    GU:1    +
   52    91  1   0.0%   0.414 GU:4    --:1    +
   53   101  1   0.0%   0.725 AU:5    +
    3   152  1   0.0%   0.546 UG:5    +
  107   111  3   0.0%   0.051 GU:2    UA:1    +
   60    92  1   0.0%   1.341 AU:5    +
    2    98  3   0.0%   0.486 GC:2    GU:1    +
   67    73  1   0.0%   0.004 UG:5    +
   46   101  1   0.0%   0.356 GU:5    +
    1    57  3   0.0%   0.190 CG:2    UA:1    +
   67    72  1   0.0%   0.003 UA:5    +
   53   149  1   0.0%   0.825 AU:5    +
   17   152  1   0.0%   0.108 UG:5    +
  117   129  3   0.0%   0.141 AU:2    UA:1    +
   19   150  3   0.0%   0.244 GU:1    AU:2    +
    3    52  1   0.0%   0.425 UG:5    +
   61    91  1   0.0%   1.256 GU:4    --:1    +
   53    91  1   0.0%   0.027 AU:4    --:1    +
  130   141  1   0.0%   0.765 AU:5    +
  115   137  3   0.0%   0.043 GU:1    AU:2    +
   18    49  3   0.0%   0.530 GU:2    AU:1    +
   94   151  3   0.0%   0.726 GC:1    UA:2    +
   60    93  1   0.0%   1.315 AU:5    +
  131   135  1   0.0%   0.001 UA:1    --:4    +
    9   152  3   0.0%   0.843 CG:1    UG:2    +
   58   149  1   0.0%   0.824 AU:5    +
  104   144  3   0.0%   0.328 CG:1    UG:2    +
   16    51  3   0.0%   0.620 CG:2    AU:1    +
   19    49  3   0.0%   0.301 GU:1    AU:2    +
   62    83  1   0.0%   0.002 GU:5    +
  132   136  1   0.0%   0.002 GU:1    --:4    +
   25    83  1   0.0%   0.002 AU:5    +
  112   122  3   0.0%   0.007 CG:1    AU:2    +
   95   109  3   0.0%   0.539 UG:2    UA:1    +
   18   149  3   0.0%   0.485 GU:2    AU:1    +
   94   100  3   0.0%   0.653 GU:1    UG:2    +
    5    97  3   0.0%   0.289 UG:1    UA:2    +
    7   140  1   0.0%   0.196 AU:5    +
   63    72  1   0.0%   0.002 UA:5    +
   19    85  3   0.0%   0.174 GC:1    UA:2    +
   58    67  1   0.0%   0.020 AU:5    +
   21    83  1   0.0%   0.001 GU:5    +
    1    19  3   0.0%   0.186 CG:1    AU:2    +
  109   113  3   0.0%   0.027 GU:2    AU:1    +
   21    87  1   0.0%   0.001 GU:4    --:1    +
   44    56  3   0.0%   0.423 UG:1    UA:2    +
   14   149  1   0.0%   0.472 AU:5    +
   19    48  3   0.0%   0.298 GU:1    AU:2    +
   18    48  3   0.0%   0.527 GU:2    AU:1    +
  111   123  3   0.0%   0.022 UG:2    AU:1    +
   19   151  3   0.0%   0.270 GC:1    UA:2    +
  115   119  3   0.0%   0.000 GU:1    AU:2    +
   17   100  3   0.0%   0.051 UG:2    AU:1    +
  101   145  1   0.0%   0.234 UG:5    +
   91    97  1   0.0%   0.964 UG:4    --:1    +
   19    47  3   0.0%   0.307 GU:1    AU:2    +
  130   140  1   0.0%   0.969 AU:5    +
   19   149  3   0.0%   0.256 GU:1    AU:2    +
   53    87  1   0.0%   0.023 AU:4    --:1    +
  107   129  3   0.0%   0.036 GU:2    UA:1    +
   57    75  3   0.0%   0.024 GU:2    AU:1    +
   19    95  3   0.0%   0.177 GU:1    AU:2    +
   20   149  3   0.0%   0.094 GC:1    GU:2    +
    3    60  1   0.0%   0.448 UA:5    +
   58   101  1   0.0%   0.739 AU:5    +
   63   142  1   0.0%   0.125 UA:5    +
    7    95  1   0.0%   0.157 AU:5    +
    6    57  3   0.0%   0.268 UG:2    UA:1    +
   18    99  3   0.0%   0.447 GU:2    AU:1    +
   63    70  1   0.0%   0.001 UA:5    +
   76    83  1   0.0%   0.517 AU:5    +
   20    99  3   0.0%   0.057 GC:2    GU:1    +
   63    76  1   0.0%   0.001 UA:5    +
   19   140  3   0.0%   0.250 GU:1    AU:2    +
   97   147  3   0.0%   0.591 GU:1    AU:2    +
  109   125  3   0.0%   0.023 GU:2    AU:1    +
   57   102  3   0.0%   0.729 GC:2    AU:1    +
   17   142  1   0.0%   0.105 UA:5    +
   17    96  3   0.0%   0.060 AU:1    UA:2    +
   79    86  1   0.0%   0.634 AU:3    --:2    +
    3    61  1   0.0%   0.448 UG:5    +
  102   129  3   0.0%   0.030 AU:2    UA:1    +
   11    97  3   0.0%   0.554 UG:1    UA:2    +
   70    91  1   0.0%   1.173 AU:4    --:1    +
   57   144  3   0.0%   0.865 GU:2    AU:1    +
    9    61  3   0.0%   0.557 CG:1    UG:2    +
   94   102  3   0.0%   0.599 GU:1    UA:2    +
    3   142  1   0.0%   0.448 UA:5    +
   54    63  1   0.0%   0.017 AU:5    +
   60    83  1   0.0%   0.006 AU:5    +
   63   145  1   0.0%   0.155 UG:5    +
   19    99  3   0.0%   0.218 GU:1    AU:2    +
    2   104  3   0.0%   0.485 GC:1    GU:2    +
   57    85  3   0.0%   0.024 GC:2    AU:1    +
   72    83  1   0.0%   0.066 AU:5    +
   61    83  1   0.0%   0.004 GU:5    +
  100   111  3   0.0%   0.089 GU:2    UA:1    +
   72    87  1   0.0%   0.733 AU:4    --:1    +
   59   109  3   0.0%   0.023 UG:2    UA:1    +
   62    91  1   0.0%   0.834 GU:4    --:1    +
   70   101  1   0.0%   0.472 AU:5    +
   60   149  1   0.0%   0.799 AU:5    +
   94   112  3   0.0%   0.601 GC:1    UA:2    +
   14    92  1   0.0%   0.391 AU:5    +
   70    92  1   0.0%   1.111 AU:5    +
   76    92  1   0.0%   1.173 AU:5    +
   82    88  1   0.0%   0.591 GC:3    --:2    +
   14    93  1   0.0%   0.391 AU:5    +
   63    96  3   0.0%   0.365 GU:1    UA:2    +
   57   109  3   0.0%   0.725 GU:2    AU:1    +
   12   149  3   0.0%   0.475 GC:1    GU:2    +
   18   102  3   0.0%   0.406 GC:2    UA:1    +
   33    67  1   0.0%   0.000 AU:5    +
   50   141  3   0.2%   0.617 AU:3    +
   16    47  2   0.1%   0.527 AU:4    +
   49   142  3   0.2%   0.274 UA:3    +
   60    96  2   0.1%   1.050 AU:4    +
   97   148  3   0.2%   0.578 GC:3    +
   52    96  2   0.1%   0.880 GU:4    +
    7   101  2   0.1%   0.209 AU:4    +
  100   152  2   0.1%   0.286 UG:4    +
   71    75  3   0.2%   0.435 UA:3    +
  106   138  2   0.1%   0.124 GC:4    +
  106   139  2   0.1%   0.196 GC:4    +
    8   152  3   0.1%   0.532 CG:3    +
  104   130  2   0.1%   0.105 UA:4    +
   55    88  2   0.1%   0.035 GC:3    --:1    +
   50    55  3   0.1%   0.255 CG:3    +
   99   108  2   0.0%   0.152 UA:4    +
   68    80  2   0.0%   0.821 UG:3    --:1    +
   53    90  2   0.0%   0.030 AU:3    --:1    +
  108   137  2   0.0%   0.068 AU:4    +
   46    96  2   0.0%   0.237 GU:4    +
   52   100  2   0.0%   1.033 GU:4    +
   65    80  2   0.0%   0.005 CG:3    --:1    +
   95   148  3   0.1%   0.701 UA:3    +
   53    99  2   0.0%   0.836 AU:4    +
   53   100  2   0.0%   0.758 AU:4    +
  108   113  2   0.0%   0.035 AU:4    +
   74    79  2   0.0%   0.689 UA:3    --:1    +
   97   107  2   0.0%   0.345 GU:4    +
   46   100  2   0.0%   0.386 GU:4    +
   60   100  2   0.0%   0.750 AU:4    +
   54    96  2   0.0%   0.986 AU:4    +
   16    42  2   0.0%   0.003 AU:4    +
    5    98  3   0.1%   0.306 GC:3    +
  106   113  2   0.0%   0.066 GU:4    +
   71    80  2   0.0%   0.484 UG:3    --:1    +
   46   151  2   0.0%   0.491 GC:4    +
   54    99  2   0.0%   0.775 AU:4    +
  116   130  2   0.0%   0.446 UA:4    +
   74    80  2   0.0%   0.419 UG:3    --:1    +
  119   127  2   0.0%   0.216 UG:4    +
  106   137  2   0.0%   0.101 GU:4    +
   16   150  2   0.0%   0.454 AU:4    +
    7    99  2   0.0%   0.161 AU:4    +
   54   100  2   0.0%   0.695 AU:4    +
    4    53  3   0.1%   0.300 UA:3    +
  106   141  2   0.0%   0.254 GU:4    +
   34    41  2   0.0%   0.353 UA:3    --:1    +
   54    90  2   0.0%   0.023 AU:3    --:1    +
  100   142  2   0.0%   0.191 UA:4    +
   99   106  2   0.0%   0.174 UG:4    +
   26    82  2   0.0%   0.001 CG:3    --:1    +
   72    99  2   0.0%   0.202 AU:4    +
   56   100  2   0.0%   0.742 AU:4    +
   60    99  2   0.0%   0.828 AU:4    +
   41   150  2   0.0%   0.077 AU:3    --:1    +
   95   108  2   0.0%   0.540 UA:4    +
   58    99  2   0.0%   0.855 AU:4    +
   55    89  2   0.0%   0.031 GU:3    --:1    +
   96   103  2   0.0%   0.353 UG:4    +
   90    97  2   0.0%   0.727 UG:3    --:1    +
   63    80  2   0.0%   0.001 UG:3    --:1    +
   80    98  2   0.0%   0.655 GC:3    --:1    +
   21   151  2   0.0%   0.097 GC:4    +
   58    96  2   0.0%   1.061 AU:4    +
  100   145  2   0.0%   0.267 UG:4    +
   63    82  2   0.0%   0.001 UG:3    --:1    +
   69    91  2   0.0%   1.435 AU:3    --:1    +
   69    90  2   0.0%   1.199 AU:3    --:1    +
   79    99  2   0.0%   0.524 AU:3    --:1    +
   55    87  2   0.0%   0.023 GU:3    --:1    +
   70    90  2   0.0%   0.936 AU:3    --:1    +
  145   151  2   0.0%   0.481 GC:4    +
   61   107  2   0.0%   0.543 GU:4    +
  101   130  2   0.0%   0.047 UA:4    +
   63    79  2   0.0%   0.001 UA:3    --:1    +
  103   107  2   0.0%   0.122 GU:4    +
   61   151  2   0.0%   0.670 GC:4    +
   58   100  2   0.0%   0.775 AU:4    +
   41   149  2   0.0%   0.089 AU:3    --:1    +
    7   104  2   0.0%   0.195 AU:4    +
  106   146  2   0.0%   0.388 GC:4    +
  103   128  2   0.0%   0.099 GC:4    +
   27   151  2   0.0%   0.409 GC:4    +
  107   145  2   0.0%   0.353 UG:4    +
   65   106  2   0.0%   0.006 CG:4    +
   72    96  2   0.0%   0.415 AU:4    +
  103   151  2   0.0%   0.441 GC:4    +
   70    99  2   0.0%   0.589 AU:4    +
   97   128  2   0.0%   0.347 GC:4    +
   68    82  2   0.0%   0.710 UG:3    --:1    +
   76    96  2   0.0%   0.865 AU:4    +
  118   125  2   0.0%   0.002 GU:4    +
    7    93  2   0.0%   0.157 AU:4    +
   69    87  2   0.0%   1.384 AU:3    --:1    +
   66   139  2   0.0%   0.183 GC:4    +
   78    82  2   0.0%   0.628 UG:3    --:1    +
   55    96  3   0.1%   1.004 GU:3    +
   44    60  3   0.1%   0.425 UA:3    +
   20    42  3   0.1%   0.208 GU:3    +
  105   139  3   0.1%   0.198 GC:3    +
    2    59  3   0.1%   0.492 GU:3    +
    6    53  3   0.1%   0.271 UA:3    +
    5    54  3   0.1%   0.297 UA:3    +
    5    57  3   0.0%   0.303 UA:3    +
    4    55  3   0.0%   0.302 UG:3    +
    2    54  3   0.0%   0.474 UA:3    +
   69    73  3   0.0%   0.012 CG:3    +
    4    58  3   0.0%   0.311 UA:3    +
    3     8  3   0.0%   0.356 UA:3    +
    7    96  3   0.0%   0.164 AU:3    +
    9    99  3   0.0%   0.659 GU:3    +
    5    53  3   0.0%   0.291 UA:3    +
   50    97  3   0.0%   0.690 CG:3    +
   98   147  3   0.0%   0.889 CG:3    +
  139   144  3   0.0%   0.374 CG:3    +
    9   143  3   0.0%   0.766 GC:3    +
   93   108  3   0.0%   0.642 UA:3    +
   55    93  3   0.0%   0.850 GU:3    +
   44   144  3   0.0%   0.519 UG:3    +
   10    50  3   0.0%   0.013 UA:3    +
    2    58  3   0.0%   0.482 UA:3    +
    1    55  3   0.0%   0.191 CG:3    +
   10   142  3   0.0%   0.392 UA:3    +
  106   111  3   0.0%   0.082 GC:3    +
   12    95  3   0.0%   0.399 GU:3    +
    5    10  3   0.0%   0.007 GC:3    +
    6    55  3   0.0%   0.266 UG:3    +
    8   150  3   0.0%   0.488 AU:3    +
   11    49  3   0.0%   0.245 AU:3    +
    5    52  3   0.0%   0.283 UG:3    +
   46    50  3   0.0%   0.390 GC:3    +
   11   141  3   0.0%   0.587 AU:3    +
    5   146  3   0.0%   0.488 GC:3    +
    4    54  3   0.0%   0.295 UA:3    +
   99   105  3   0.0%   0.208 UG:3    +
    6    54  3   0.0%   0.266 UA:3    +
   12    48  3   0.0%   0.270 GC:3    +
  105   143  3   0.0%   0.280 GC:3    +
    2   150  3   0.0%   0.583 GU:3    +
    5   152  3   0.0%   0.581 UG:3    +
    8    95  3   0.0%   0.223 AU:3    +
   11   137  3   0.0%   0.496 AU:3    +
    9   149  3   0.0%   0.820 GU:3    +
    5   150  3   0.0%   0.416 GU:3    +
  148   152  3   0.0%   0.360 CG:3    +
  105   112  3   0.0%   0.078 GU:3    +
    4     9  3   0.0%   0.189 UG:3    +
    4    11  3   0.0%   0.005 UA:3    +
    4     8  3   0.0%   0.200 UA:3    +
   49   144  3   0.0%   0.293 CG:3    +
    5   149  3   0.0%   0.415 GU:3    +
   15    47  3   0.0%   0.569 GU:3    +
    3    55  3   0.0%   0.445 UG:3    +
   60   144  3   0.0%   0.835 AU:3    +
   98   105  3   0.0%   0.700 CG:3    +
   52   148  3   0.0%   1.161 GC:3    +
   64    96  3   0.0%   0.358 AU:3    +
   94   106  3   0.0%   0.598 CG:3    +
    2    56  3   0.0%   0.476 UA:3    +
   14    48  3   0.0%   0.516 AU:3    +
   50   152  3   0.0%   0.599 CG:3    +
    3     9  3   0.0%   0.343 UG:3    +
  114   138  3   0.0%   0.242 GC:3    +
  105   138  3   0.0%   0.122 GC:3    +
   96   108  3   0.0%   0.420 UA:3    +
    9   150  3   0.0%   0.807 GU:3    +
   55   151  3   0.0%   0.812 GC:3    +
    4   147  3   0.0%   0.485 UG:3    +
    1    15  3   0.0%   0.185 CG:3    +
   55    98  3   0.0%   1.184 GC:3    +
   17    50  3   0.0%   0.225 UA:3    +
   28    37  3   0.0%   0.045 AU:3    +
    4    51  3   0.0%   0.270 UG:3    +
    2    60  3   0.0%   0.484 UA:3    +
   15    48  3   0.0%   0.568 GU:3    +
   20    40  3   0.0%   0.001 GC:3    +
   48   142  3   0.0%   0.252 UA:3    +
    2   152  3   0.0%   0.585 UG:3    +
   17   148  3   0.0%   0.103 UA:3    +
   35    69  3   0.0%   0.002 GC:3    +
   28    75  3   0.0%   0.045 AU:3    +
   61    84  3   0.0%   0.005 GC:3    +
   16   149  3   0.0%   0.467 AU:3    +
   27    38  3   0.0%   0.316 GC:3    +
   10   148  3   0.0%   0.420 UA:3    +
    9   138  3   0.0%   0.615 GC:3    +
  109   142  3   0.0%   0.638 UA:3    +
   59   148  3   0.0%   0.167 UA:3    +
    5    99  3   0.0%   0.294 GU:3    +
  100   105  3   0.0%   0.125 UG:3    +
   11   149  3   0.0%   0.577 AU:3    +
    5    59  3   0.0%   0.290 GC:3    +
  101   106  3   0.0%   0.057 UG:3    +
   99   147  3   0.0%   0.408 UG:3    +
   28    48  3   0.0%   0.170 AU:3    +
   46    55  3   0.0%   0.188 GC:3    +
   24    84  3   0.0%   0.002 UA:3    +
  140   144  3   0.0%   0.781 UG:3    +
   15   148  3   0.0%   0.533 GC:3    +
    8   145  3   0.0%   0.442 CG:3    +
   15   151  3   0.0%   0.537 GC:3    +
    2    10  3   0.0%   0.202 GU:3    +
  114   139  3   0.0%   0.309 GC:3    +
    6    58  3   0.0%   0.265 UA:3    +
   44    50  3   0.0%   0.616 UA:3    +
    9   146  3   0.0%   0.763 GC:3    +
   11   148  3   0.0%   0.586 UA:3    +
   11    52  3   0.0%   0.853 UG:3    +
   48    53  3   0.0%   0.149 UA:3    +
   19    46  3   0.0%   0.345 UG:3    +
    2    97  3   0.0%   0.485 UG:3    +
   46   148  3   0.0%   0.515 GC:3    +
    2    53  3   0.0%   0.466 UA:3    +
   11   150  3   0.0%   0.564 AU:3    +
  105   110  3   0.0%   0.074 GU:3    +
   59   142  3   0.0%   0.133 UA:3    +
   15    43  3   0.0%   0.265 GU:3    +
   75   141  3   0.0%   0.519 AU:3    +
   55   129  3   0.0%   0.667 GC:3    +
   60    75  3   0.0%   0.007 AU:3    +
   60   147  3   0.0%   0.870 AU:3    +
  106   129  3   0.0%   0.074 GC:3    +
   72   144  3   0.0%   0.203 AU:3    +
   50   150  3   0.0%   0.571 AU:3    +
   59    76  3   0.0%   0.015 UA:3    +
   44   148  3   0.0%   0.579 UA:3    +
    4    12  3   0.0%   0.003 CG:3    +
    2    14  3   0.0%   0.202 UA:3    +
   58   144  3   0.0%   0.858 AU:3    +
    2    52  3   0.0%   0.466 UG:3    +
    8    62  3   0.0%   0.220 CG:3    +
   20    49  3   0.0%   0.140 GC:3    +
    8    96  3   0.0%   0.224 AU:3    +
   55    95  3   0.0%   1.139 GU:3    +
    5    65  3   0.0%   0.286 GC:3    +
   16   101  3   0.0%   0.394 AU:3    +
    4    60  3   0.0%   0.299 UA:3    +
   74    84  3   0.0%   0.352 UA:3    +
    9   137  3   0.0%   0.614 GU:3    +
   59   144  3   0.0%   0.163 UG:3    +
   16    93  3   0.0%   0.385 AU:3    +
   42   148  3   0.0%   0.286 UA:3    +
  101   108  3   0.0%   0.072 UA:3    +
    9   140  3   0.0%   0.742 GU:3    +
   24    43  3   0.0%   0.378 AU:3    +
   50   103  3   0.0%   0.457 CG:3    +
   47   148  3   0.0%   0.456 UA:3    +
   67    84  3   0.0%   0.391 UA:3    +
  110   142  3   0.0%   0.273 UA:3    +
   10    53  3   0.0%   0.262 UA:3    +
   55    99  3   0.0%   0.781 GU:3    +
   12   140  3   0.0%   0.470 GU:3    +
  138   147  3   0.0%   0.350 CG:3    +
   20    48  3   0.0%   0.137 GC:3    +
    5    14  3   0.0%   0.536 UA:3    +
   92   108  3   0.0%   0.661 UA:3    +
   55   139  3   0.0%   0.766 GC:3    +
   43    50  3   0.0%   0.591 UA:3    +
   61   144  3   0.0%   0.686 GU:3    +
  137   148  3   0.0%   0.204 UA:3    +
   14    49  3   0.0%   0.518 AU:3    +
   12    97  3   0.0%   0.456 CG:3    +
   55    59  3   0.0%   0.037 GC:3    +
    3    16  3   0.0%   0.423 UA:3    +
    1    51  3   0.0%   0.186 CG:3    +
    8   141  3   0.0%   0.435 AU:3    +
  104   108  3   0.0%   0.121 UA:3    +
    4    15  3   0.0%   0.533 UG:3    +
  103   109  3   0.0%   0.116 GU:3    +
   55   150  3   0.0%   0.782 GU:3    +
   20    43  3   0.0%   0.389 GU:3    +
   20   139  3   0.0%   0.065 GC:3    +
   57   147  3   0.0%   0.901 AU:3    +
  147   152  3   0.0%   0.499 UG:3    +
   75    84  3   0.0%   0.462 UA:3    +
    5    58  3   0.0%   0.295 UA:3    +
   55   102  3   0.0%   0.671 GC:3    +
   11   152  3   0.0%   0.590 UG:3    +
  138   144  3   0.0%   0.300 CG:3    +
   11    95  3   0.0%   0.449 AU:3    +
   44    55  3   0.0%   0.423 CG:3    +
   42    50  3   0.0%   0.405 UA:3    +
    8   137  3   0.0%   0.270 AU:3    +
   55   145  3   0.0%   0.806 CG:3    +
   55   111  3   0.0%   0.666 GC:3    +
    9    95  3   0.0%   0.558 GU:3    +
   55    85  3   0.0%   0.023 GC:3    +
   56   144  3   0.0%   0.824 AU:3    +
   55    61  3   0.0%   0.026 CG:3    +
   53   109  3   0.0%   0.712 AU:3    +
   53   147  3   0.0%   0.913 AU:3    +
   55    62  3   0.0%   0.024 CG:3    +
   69    92  3   0.0%   1.374 AU:3    +
   54    59  3   0.0%   0.031 AU:3    +
    2   143  3   0.0%   0.485 GC:3    +
   54   112  3   0.0%   0.658 AU:3    +
   12   139  3   0.0%   0.446 GC:3    +
   15    42  3   0.0%   0.264 GU:3    +
   11    99  3   0.0%   0.537 AU:3    +
   13   138  3   0.0%   0.391 GC:3    +
    5    95  3   0.0%   0.286 GU:3    +
    2    95  3   0.0%   0.483 GU:3    +
   58   110  3   0.0%   0.718 AU:3    +
    2    61  3   0.0%   0.484 UG:3    +
   13    44  3   0.0%   0.267 GU:3    +
   10    15  3   0.0%   0.266 CG:3    +
   11   140  3   0.0%   0.570 AU:3    +
   14    44  3   0.0%   0.266 AU:3    +
   55   146  3   0.0%   0.805 GC:3    +
   43   147  3   0.0%   0.518 UG:3    +
   12   143  3   0.0%   0.490 GC:3    +
   13   139  3   0.0%   0.443 GC:3    +
   56   112  3   0.0%   0.685 AU:3    +
   55   152  3   0.0%   0.784 CG:3    +
   55   138  3   0.0%   0.702 GC:3    +
    8   103  3   0.0%   0.270 CG:3    +
   15    52  3   0.0%   0.847 CG:3    +
   61   148  3   0.0%   0.689 GC:3    +
   61   147  3   0.0%   0.722 GU:3    +
   55   149  3   0.0%   0.791 GU:3    +
   47   144  3   0.0%   0.390 UG:3    +
   62    69  3   0.0%   0.001 GC:3    +
   38    62  3   0.0%   0.002 CG:3    +
   20    46  3   0.0%   0.184 UG:3    +
   12    46  3   0.0%   0.266 CG:3    +
   52   147  3   0.0%   1.209 GU:3    +
   19   152  3   0.0%   0.270 UG:3    +
   28    39  3   0.0%   0.050 AU:3    +
   44    53  3   0.0%   0.431 UA:3    +
   20   150  3   0.0%   0.082 GU:3    +
   20    44  3   0.0%   0.414 GU:3    +
  118   122  3   0.0%   0.000 GC:3    +
   53    59  3   0.0%   0.037 AU:3    +
   71    84  3   0.0%   0.417 UA:3    +
    5    60  3   0.0%   0.286 UA:3    +
   54   147  3   0.0%   0.830 AU:3    +
    9   141  3   0.0%   0.755 GU:3    +
  137   147  3   0.0%   0.345 UG:3    +
   61    69  3   0.0%   0.003 GC:3    +
   11    53  3   0.0%   0.466 UA:3    +
   15   152  3   0.0%   0.537 CG:3    +
    3    15  3   0.0%   0.687 UG:3    +
   59   147  3   0.0%   0.200 CG:3    +
   95   147  3   0.0%   0.714 UG:3    +
   55   143  3   0.0%   0.766 GC:3    +
   12   138  3   0.0%   0.394 GC:3    +
   15    50  3   0.0%   0.655 GC:3    +
   97   109  3   0.0%   0.337 GU:3    +
  110   114  3   0.0%   0.011 UG:3    +
   47   147  3   0.0%   0.506 UG:3    +
   69    93  3   0.0%   1.348 AU:3    +
   62   109  3   0.0%   0.118 GU:3    +
   51   143  3   0.0%   0.931 GC:3    +
   62   148  3   0.0%   0.263 GC:3    +
    9    49  3   0.0%   0.187 GU:3    +
   12    52  3   0.0%   0.797 CG:3    +
   50    59  3   0.0%   0.238 AU:3    +
........(((((((..((((((((((......))))))))))..)))))))((((((.((((((((((........))))))))))...)))))).....((((((((....((((((...))))))...........)))))))).....
