6 sequence; length of alignment 165
alifold output
   15    40  1  99.6%   0.016 CG:5   
   13    42  1  98.9%   0.035 UA:5   
   14    41  3  99.0%   0.032 UA:3   
   23    33  1  97.6%   0.246 GC:3    GU:2   
   20    36  1  97.4%   0.167 GC:4    GU:1   
   24    32  0  97.2%   0.240 UA:6   
   12    43  1  97.2%   0.107 GC:4    AU:1   
   21    35  2  97.5%   0.246 UA:4   
   22    34  2  97.1%   0.261 AU:4   
   19    37  1  96.9%   0.180 GC:5   
   89   108  1  95.6%   0.141 CG:4    GC:1   
   88   109  2  95.6%   0.156 GC:3    UA:1   
   87   110  3  94.2%   0.196 CG:1    UG:2   
   86   111  0  92.7%   0.272 GC:5    GU:1   
   16    39  1  90.5%   0.273 AU:5   
   90   107  2  89.2%   0.381 UA:4   
  127   136  0  80.9%   0.749 CG:1    GC:4    --:1    +
   50    78  1  82.1%   0.585 CG:5   
   55    74  2  80.2%   0.642 GU:1    AU:1    UA:2   
   56    73  1  79.9%   0.663 GU:1    AU:4   
   25    31  3  80.4%   0.643 GU:2    UA:1   
   51    77  3  79.5%   0.585 UA:3   
   57    72  2  78.2%   0.709 AU:4   
   54    75  2  77.7%   0.676 GU:1    AU:3   
   58    71  2  77.5%   0.689 UG:3    AU:1   
  126   137  2  77.2%   0.789 UA:4    +
   59    70  1  76.9%   0.649 AU:4    --:1   
   60    69  1  71.7%   0.773 AU:4    --:1   
   49    79  1  67.2%   0.914 AU:4    --:1   
  128   134  0  66.6%   0.987 AU:5    --:1    +
  125   138  3  59.7%   1.204 UG:2    UA:1    +
   61    68  1  55.8%   1.014 CG:1    UG:3    --:1   
    8   143  1  46.2%   1.756 GC:3    GU:1    UG:1    +
  124   139  3  47.1%   1.425 GC:2    GU:1    +
    9   142  0  45.5%   1.934 GC:4    GU:2    +
    7   144  1  44.5%   1.516 UA:5    +
  129   133  1  31.7%   1.274 AU:4    --:1    +
    6   145  2  30.3%   1.210 UA:4    +
  123   140  2  25.0%   1.433 UA:3    --:1    +
   26    30  3  21.5%   1.107 GC:1    GU:1    UG:1    +
    9    44  0  19.1%   1.005 GC:5    GU:1   
    8    45  1  19.0%   0.978 GC:1    GU:3    UA:1   
    9   152  0  18.4%   2.061 GC:5    GU:1    +
    8   153  2  17.9%   2.046 GC:1    GU:3    +
   62    67  1  16.4%   0.960 GU:3    AU:1    --:1    +
    7    46  1  16.1%   0.891 UA:5   
   59    73  0  14.1%   1.301 CG:1    AU:5    +
    7   154  2  15.4%   1.714 UG:4    +
   60    72  0  14.2%   1.359 AU:6    +
    6   155  2  14.7%   1.412 UA:4    +
   58    74  3  13.4%   1.249 AU:1    UA:2    +
   61    71  2  13.0%   1.408 UG:4    +
    5   156  3  12.4%   1.002 GU:1    AU:2    +
   10   151  3  10.3%   1.004 UG:1    AU:1    UA:1    +
   84   114  2   9.8%   0.780 CG:1    GC:2    UG:1    +
    9   141  0   8.4%   1.070 GC:5    GU:1    +
   57    75  2   9.9%   1.212 AU:4    +
   85   113  2   8.7%   0.807 UG:2    UA:2    +
    4   157  1   8.4%   0.993 GU:3    AU:2    +
    8   142  1   8.2%   1.096 GC:4    GU:1    +
   92   102  1   7.3%   0.699 GU:1    UA:4    +
   91   103  2   7.9%   0.733 GC:4    +
  115   123  1   5.9%   0.730 AU:4    UA:1    +
  114   124  3   5.8%   0.883 CG:1    GC:1    UG:1    +
   92   105  0   5.4%   0.756 UA:4    --:2    +
   84   116  3   5.1%   0.814 GC:1    GU:1    UA:1    +
   83   119  2   5.1%   0.596 CG:3    UA:1    +
   91   109  0   3.4%   0.725 GC:4    UA:2    +
   92   108  0   3.4%   0.924 GC:1    UG:5    +
  113   125  3   4.8%   0.788 GC:2    AU:1    +
   23    30  0   2.3%   0.259 GC:2    GU:3    UG:1    +
   85   115  2   4.9%   0.757 UA:4    +
  116   122  2   4.4%   0.689 AU:1    UA:3    +
   62    70  2   4.6%   0.982 GU:3    --:1    +
   20    33  0   2.3%   0.263 GC:4    GU:2    +
   76   148  0   0.3%   0.288 GC:1    GU:3    UG:1    UA:1    +
   10    45  3   3.8%   0.692 AU:2    UA:1    +
  119   125  0   0.2%   0.489 GC:2    GU:2    AU:1    UA:1    +
   71   123  0   0.1%   0.578 GC:1    GU:3    AU:1    UA:1    +
   71   146  0   0.0%   0.616 GC:3    GU:1    AU:1    UA:1    +
   76   151  0   0.0%   0.450 GC:3    GU:1    UG:1    UA:1    +
   81   120  1   3.5%   0.555 AU:5    +
   62    84  0   0.0%   0.510 GC:2    GU:1    UG:2    AU:1    +
   45    88  0   0.0%   0.503 CG:1    UG:2    AU:2    UA:1    +
   52   136  0   1.8%   0.373 CG:1    GC:5    +
   93   105  1   3.3%   0.612 UA:3    --:2    +
   90   110  1   2.8%   0.548 UG:3    UA:2    +
   47    81  0   2.7%   0.446 UA:6    +
    1   157  0   1.5%   0.238 GU:2    AU:4    +
   78   120  0   0.5%   0.316 GC:1    GU:4    AU:1    +
   86   114  2   2.7%   0.740 GC:3    GU:1    +
   91    98  0   0.4%   0.073 GC:1    GU:3    UG:1    --:1    +
   19    34  1   2.3%   0.261 GC:1    GU:4    +
   78   156  0   0.2%   0.678 GC:1    GU:4    AU:1    +
  120   138  0   0.2%   0.356 CG:1    UG:1    UA:4    +
   91   101  1   1.7%   0.266 GC:1    GU:3    UA:1    +
   92   106  1   2.2%   0.706 UG:1    UA:4    +
  126   138  0   0.1%   0.660 CG:1    UG:1    UA:4    +
   91    99  0   0.1%   0.068 GU:4    UG:1    UA:1    +
   98   107  0   0.1%   0.263 CG:1    GU:1    UA:3    --:1    +
   92   107  0   0.1%   0.643 GU:1    UG:1    UA:4    +
   94   104  1   2.6%   0.368 AU:3    --:2    +
   62    69  0   0.1%   0.617 GU:3    AU:1    UA:1    --:1    +
   76    84  0   0.1%   0.140 GC:2    GU:2    UG:2    +
   61    78  0   0.0%   0.785 CG:1    UG:4    UA:1    +
    8   125  0   0.0%   0.419 GC:2    GU:3    UA:1    +
    1   156  0   0.0%   0.056 GC:1    GU:1    AU:4    +
   54    73  0   0.0%   0.094 CG:1    GU:1    AU:4    +
   78   130  0   0.0%   0.267 GC:4    GU:1    AU:1    +
   78   147  0   0.0%   0.455 GC:3    GU:2    AU:1    +
   84    91  0   0.0%   0.063 CG:2    GU:2    UG:2    +
  127   151  0   0.0%   0.541 CG:1    GC:3    GU:1    --:1    +
   62   164  0   0.0%   0.500 GU:3    AU:1    UA:2    +
  106   126  0   0.0%   0.153 GC:1    GU:1    AU:4    +
   68   139  0   0.0%   0.464 GC:1    GU:3    UA:1    --:1    +
   98   108  0   0.0%   0.226 CG:1    GC:1    UG:3    --:1    +
   70    78  0   0.0%   0.567 CG:1    UG:3    UA:1    --:1    +
   52   153  0   0.0%   0.614 CG:1    GC:1    GU:4    +
   70   119  0   0.0%   0.400 CG:1    UG:3    UA:1    --:1    +
  127   148  0   0.0%   0.372 CG:1    GC:1    GU:3    --:1    +
   76    89  0   0.0%   0.092 GC:4    UG:1    UA:1    +
  127   153  0   0.0%   0.635 CG:1    GC:1    GU:3    --:1    +
   68   151  0   0.0%   0.680 GC:3    GU:1    UG:1    --:1    +
   76    87  0   0.0%   0.092 GC:2    GU:2    UA:2    +
   76    99  0   0.0%   0.092 GU:4    UG:1    UA:1    +
   87    91  0   0.0%   0.006 CG:2    UG:2    AU:2    +
   68    84  0   0.0%   0.407 GC:2    GU:2    UG:1    --:1    +
   84   127  0   0.0%   0.466 CG:2    GC:1    UG:2    --:1    +
   98   119  0   0.0%   0.251 CG:1    GU:1    UG:3    --:1    +
   73   119  0   0.0%   0.548 GU:1    UG:4    UA:1    +
  106   158  0   0.0%   0.204 GC:1    GU:1    AU:4    +
   68   153  0   0.0%   0.769 GC:1    GU:3    UG:1    --:1    +
   54    92  0   0.0%   0.241 CG:1    GU:1    AU:4    +
   68   148  0   0.0%   0.489 GC:1    GU:3    UG:1    --:1    +
   78   126  0   0.0%   0.259 GC:1    GU:4    AU:1    +
    2    98  0   0.0%   0.005 CG:1    GC:1    AU:3    --:1    +
   78   158  0   0.0%   0.353 GC:1    GU:4    AU:1    +
  106   120  0   0.0%   0.312 GC:1    GU:1    AU:4    +
    1    70  0   0.0%   0.002 GC:1    GU:1    AU:3    --:1    +
   21    40  0   0.0%   0.125 CG:1    UG:4    AU:1    +
   68    87  0   0.0%   0.364 GC:2    GU:2    UA:1    --:1    +
   69   165  0   0.0%   0.318 UG:1    AU:1    UA:3    --:1    +
   83   113  1   1.4%   0.267 CG:2    GU:1    UA:2    +
  119   141  1   1.9%   0.803 GC:4    AU:1    +
   22    31  1   2.3%   0.262 AU:5    +
   54   134  1   1.7%   0.503 GU:1    AU:4    +
    2   156  2   2.1%   0.343 GC:1    AU:3    +
   93   102  2   2.0%   0.496 GU:1    UA:3    +
   21    32  2   2.3%   0.263 UA:4    +
  112   119  1   1.6%   0.584 CG:4    AU:1    +
  113   150  1   0.0%   0.542 GC:1    GU:1    UG:1    AU:1    UA:1    +
    4   154  3   1.8%   0.446 CG:1    GC:1    AU:1    +
   18    35  2   2.2%   0.250 UA:4    +
    9    43  0   0.5%   0.077 GC:5    GU:1    +
   56    67  0   0.5%   0.097 GU:1    AU:4    --:1    +
    3   155  2   2.1%   0.306 UA:4    +
   56    72  0   0.4%   0.158 GU:1    AU:5    +
    4   147  3   1.9%   0.312 GC:1    GU:2    +
   93   107  3   2.1%   0.594 UA:3    +
  119   142  1   1.3%   1.174 GC:4    AU:1    +
    9   147  0   0.3%   1.205 GC:3    GU:3    +
   86   103  0   0.3%   0.073 GC:4    GU:2    +
    9   111  0   0.3%   0.407 GC:5    GU:1    +
   88   112  2   1.5%   0.381 GC:3    UA:1    +
   51   137  2   1.5%   0.496 AU:1    UA:3    +
    2   148  1   0.7%   0.134 CG:1    GC:1    AU:3    +
   55   133  2   1.5%   0.496 GU:1    AU:3    +
   77    85  0   0.2%   0.267 GU:1    AU:5    +
   77   157  0   0.2%   0.612 GU:1    AU:5    +
  119   130  1   0.7%   0.420 GC:3    GU:1    AU:1    +
   54    67  0   0.1%   0.030 GU:1    AU:4    --:1    +
   86   112  2   1.8%   0.364 GC:4    +
   17    40  0   0.1%   0.027 CG:5    AU:1    +
   44    86  0   0.1%   0.409 CG:5    UG:1    +
  120   140  1   1.6%   0.509 UA:4    --:1    +
   24    29  2   1.7%   0.210 UA:4    +
   69    74  0   0.1%   0.805 AU:1    UA:4    --:1    +
   85   110  0   0.0%   0.073 UG:3    UA:3    +
    9   158  0   0.0%   1.438 GC:1    GU:5    +
   91   112  0   0.0%   0.622 GC:4    UA:2    +
   76   112  0   0.0%   0.123 GC:4    UA:2    +
   68   136  0   0.0%   0.520 GC:4    UG:1    --:1    +
   47    77  0   0.0%   0.154 UG:1    UA:5    +
   62   139  1   0.0%   0.561 GC:1    GU:2    AU:1    UA:1    +
   46    92  0   0.0%   0.415 CG:1    AU:5    +
   78    85  0   0.0%   0.248 GU:5    AU:1    +
   85   106  0   0.0%   0.060 UG:2    UA:4    +
   56    79  0   0.0%   0.608 GU:1    AU:5    +
   56    85  0   0.0%   0.296 GU:1    AU:5    +
   46    73  0   0.0%   0.334 CG:1    AU:5    +
   77   133  0   0.0%   0.353 GU:1    AU:5    +
   79   110  0   0.0%   0.358 UG:3    UA:3    +
   47    56  0   0.0%   0.087 UG:1    UA:5    +
   47   138  0   0.0%   0.336 UG:2    UA:4    +
   77   134  0   0.0%   0.374 GU:1    AU:5    +
  124   154  1   0.0%   1.112 CG:2    GC:1    GU:1    UG:1    +
    1    85  0   0.0%   0.006 GU:2    AU:4    +
   45   119  1   0.0%   0.518 CG:1    UG:2    AU:1    UA:1    +
    9   120  0   0.0%   0.394 GC:1    GU:5    +
   47    78  0   0.0%   0.160 UG:5    UA:1    +
   78   133  0   0.0%   0.360 GU:5    AU:1    +
   62   125  1   0.0%   0.477 GC:2    GU:1    AU:1    UA:1    +
   72    78  0   0.0%   0.739 UG:5    UA:1    +
    1     7  0   0.0%   0.003 GU:2    AU:4    +
    9   156  0   0.0%   1.729 GC:1    GU:5    +
   68   109  0   0.0%   0.367 GC:4    UA:1    --:1    +
  133   138  0   0.0%   0.926 UG:2    UA:4    +
   70   107  0   0.0%   0.385 CG:1    UA:4    --:1    +
   77   158  0   0.0%   0.343 GC:1    AU:5    +
   10   164  0   0.0%   0.504 AU:4    UA:2    +
   76   164  0   0.0%   0.181 GU:4    UA:2    +
  134   138  0   0.0%   0.845 UG:2    UA:4    +
   72   138  0   0.0%   0.649 UG:2    UA:4    +
    9   126  0   0.0%   0.393 GC:1    GU:5    +
    8    17  0   0.0%   0.003 GC:5    UA:1    +
   67   110  0   0.0%   0.354 UG:3    UA:2    --:1    +
   69    76  0   0.0%   0.373 UG:4    AU:1    --:1    +
   56   133  0   0.0%   0.409 GU:1    AU:5    +
   56   157  0   0.0%   0.619 GU:1    AU:5    +
   78   157  0   0.0%   0.614 GU:5    AU:1    +
   75    86  0   0.0%   0.535 CG:2    UG:4    +
    7   138  0   0.0%   0.458 UG:2    UA:4    +
   72    77  0   0.0%   0.750 UG:1    UA:5    +
    1   134  0   0.0%   0.008 GU:2    AU:4    +
    9   130  0   0.0%   0.392 GC:4    GU:2    +
    1    47  0   0.0%   0.003 GU:2    AU:4    +
   79   138  0   0.0%   0.482 UG:2    UA:4    +
   86   120  0   0.0%   0.454 GC:1    GU:5    +
   74   164  0   0.0%   0.550 AU:4    UA:2    +
   56   126  0   0.0%   0.271 GC:1    AU:5    +
  138   157  0   0.0%   0.754 GU:2    AU:4    +
   67    78  0   0.0%   0.534 UG:4    UA:1    --:1    +
  139   165  1   0.0%   0.471 CG:1    UG:1    AU:1    UA:2    +
   68   112  0   0.0%   0.387 GC:4    UA:1    --:1    +
   68   164  0   0.0%   0.406 GU:4    UA:1    --:1    +
   43    86  0   0.0%   0.058 CG:5    UG:1    +
   41    73  0   0.0%   0.011 CG:1    AU:5    +
   85   138  0   0.0%   0.523 UG:2    UA:4    +
   86   141  0   0.0%   0.507 GC:5    GU:1    +
   86   130  0   0.0%   0.302 GC:4    GU:2    +
  106   134  0   0.0%   0.267 GU:2    AU:4    +
  106   157  0   0.0%   0.464 GU:2    AU:4    +
    1   133  0   0.0%   0.007 GU:2    AU:4    +
   62   151  1   0.0%   0.774 GC:2    GU:1    UG:1    UA:1    +
    7    56  0   0.0%   0.326 UG:1    UA:5    +
   56   120  0   0.0%   0.281 GC:1    AU:5    +
   76   109  0   0.0%   0.094 GC:4    UA:2    +
   86   152  0   0.0%   0.715 GC:5    GU:1    +
    7    77  0   0.0%   0.326 UG:1    UA:5    +
   23    28  0   0.0%   0.000 GU:5    UA:1    +
   23    31  0   0.0%   0.174 GU:5    UA:1    +
   19   142  0   0.0%   0.713 GC:4    GU:2    +
   20   141  0   0.0%   0.347 GC:5    GU:1    +
    8    39  0   0.0%   0.002 GU:5    UA:1    +
   19    44  0   0.0%   0.505 GC:5    GU:1    +
   20    43  0   0.0%   0.184 GC:5    GU:1    +
   72   106  0   0.0%   0.557 UG:2    UA:4    +
   56   134  0   0.0%   0.428 GU:1    AU:5    +
    7   110  0   0.0%   0.326 UG:3    UA:3    +
   10    69  0   0.0%   0.162 AU:4    UA:1    --:1    +
    1    79  0   0.0%   0.002 GU:2    AU:4    +
    9   103  0   0.0%   0.360 GC:4    GU:2    +
   68    89  0   0.0%   0.364 GC:4    UA:1    --:1    +
   86   142  0   0.0%   0.857 GC:4    GU:2    +
    9    70  0   0.0%   0.360 GC:1    GU:4    --:1    +
   23    38  0   0.0%   0.135 GC:5    UA:1    +
    8    38  0   0.0%   0.002 GC:5    UA:1    +
    1    67  0   0.0%   0.002 GU:2    AU:3    --:1    +
   69   144  0   0.0%   0.712 AU:1    UA:4    --:1    +
   78   134  0   0.0%   0.378 GU:5    AU:1    +
   79   106  0   0.0%   0.353 UG:2    UA:4    +
   69   102  0   0.0%   0.301 AU:1    UA:4    --:1    +
   86   147  0   0.0%   0.462 GC:3    GU:3    +
   75   106  0   0.0%   0.514 CG:2    UA:4    +
    4   158  1   0.5%   0.600 GC:1    GU:2    AU:2    +
    6   138  2   1.2%   0.195 UG:1    UA:3    +
    9   134  0   0.9%   0.518 GU:6    +
   92   100  2   1.5%   0.230 UA:4    +
    7   137  1   1.3%   0.516 UA:5    +
   45    76  2   0.8%   0.576 CG:1    UG:2    AU:1    +
   52   152  1   1.3%   0.708 GC:5    +
   51   153  3   1.3%   0.811 UG:1    AU:2    +
  123   137  1   0.8%   0.467 AU:1    UA:4    +
    8   148  1   0.3%   1.185 GC:1    GU:3    UA:1    +
   52    84  1   0.2%   0.137 CG:1    GC:2    GU:2    +
    8   136  2   1.3%   0.587 GC:4    +
   78   116  1   0.2%   0.260 GC:1    GU:3    AU:1    +
  120   145  1   1.2%   0.899 UA:5    +
    2   153  1   0.1%   0.124 CG:1    GC:1    AU:3    +
    6   144  1   0.6%   0.188 AU:1    UA:4    +
   49    72  1   1.1%   0.168 AU:4    --:1    +
  119   156  1   0.1%   0.955 GC:1    GU:3    AU:1    +
  116   143  3   0.8%   0.871 CG:1    AU:1    UA:1    +
   50   154  2   1.3%   0.800 CG:4    +
    8   151  1   0.1%   1.117 GC:3    GU:1    UA:1    +
    4   120  1   0.1%   0.065 GC:1    GU:2    AU:2    +
   12   139  1   0.1%   0.143 GC:1    GU:3    UA:1    +
  119   147  1   0.1%   0.740 GC:3    GU:1    AU:1    +
    4   156  1   0.1%   0.392 GC:1    GU:2    AU:2    +
   84   108  1   0.1%   0.077 CG:2    GC:1    UG:2    +
    1   153  1   0.1%   0.058 GC:1    GU:1    AU:3    +
   10   148  1   0.1%   0.350 UG:1    AU:3    UA:1    +
   90   113  1   0.0%   0.597 UG:2    AU:1    UA:2    +
  124   136  2   0.9%   0.494 CG:1    GC:3    +
    8   152  1   0.5%   1.187 GC:4    GU:1    +
    3   138  1   0.0%   0.054 CG:1    UG:1    UA:3    +
   52   151  1   0.0%   0.469 CG:1    GC:3    GU:1    +
   76   125  1   0.0%   0.129 GC:2    GU:2    UA:1    +
   71    75  1   0.0%   1.065 GC:2    GU:2    AU:1    +
    4   148  3   1.0%   0.342 GC:1    AU:2    +
  119   151  1   0.0%   0.868 GC:3    GU:1    UA:1    +
   71   126  1   0.0%   0.573 GC:1    GU:3    AU:1    +
    4   126  1   0.0%   0.061 GC:1    GU:2    AU:2    +
  153   165  1   0.0%   0.452 GU:1    UG:2    UA:2    +
   84   119  1   0.0%   0.640 CG:2    GU:1    UG:2    +
   78    98  1   0.0%   0.203 GC:1    GU:2    AU:1    --:1    +
   78   125  1   0.0%   0.262 GC:2    GU:2    AU:1    +
    5   147  3   1.0%   0.309 GU:1    AU:2    +
   12   147  1   0.0%   0.212 GC:3    GU:1    AU:1    +
   12   148  1   0.0%   0.168 GC:1    GU:3    UG:1    +
   51   113  1   0.0%   0.286 UG:2    AU:2    UA:1    +
   62    73  1   0.0%   0.996 GU:3    UG:1    AU:1    +
   71   132  1   0.0%   0.619 GC:2    GU:2    UA:1    +
    4   123  1   0.0%   0.060 GC:1    GU:2    AU:2    +
  106   116  1   0.0%   0.360 GC:1    GU:1    AU:3    +
   99   107  1   0.0%   0.262 GU:1    UG:1    UA:3    +
  158   165  1   0.0%   0.081 CG:1    UG:1    UA:3    +
   71   143  1   0.0%   0.934 GC:3    AU:1    UA:1    +
  101   107  1   0.0%   0.353 CG:1    AU:1    UA:3    +
  106   123  1   0.0%   0.178 GC:1    GU:1    AU:3    +
  119   146  3   1.0%   0.724 GC:2    GU:1    +
   51    55  1   0.0%   0.024 UG:1    AU:2    UA:2    +
   52   148  1   0.0%   0.274 CG:1    GC:1    GU:3    +
    6   165  1   0.0%   0.771 UG:2    AU:1    UA:2    +
  119   148  1   0.0%   0.693 GC:1    GU:3    UA:1    +
   75   138  1   0.0%   0.603 CG:1    UG:1    UA:3    +
   40    45  1   0.0%   0.458 GC:1    GU:3    UA:1    +
   75   165  1   0.0%   0.533 CG:1    UG:1    UA:3    +
    3    55  1   0.0%   0.014 CG:1    AU:1    UA:3    +
   87   119  1   0.0%   0.274 CG:2    UG:2    AU:1    +
    8    84  1   0.0%   0.386 GC:2    GU:2    UG:1    +
   78   139  1   0.0%   0.342 GC:2    GU:2    AU:1    +
   12   156  1   0.0%   0.408 GC:1    GU:3    AU:1    +
  110   125  1   0.0%   0.207 GC:2    GU:1    AU:2    +
   73    88  1   0.0%   0.532 GU:1    UG:3    UA:1    +
   78   101  1   0.0%   0.201 GC:2    GU:2    AU:1    +
   45   107  1   0.0%   0.505 CG:1    AU:1    UA:3    +
   12   151  1   0.0%   0.358 GC:3    GU:1    UG:1    +
   55   123  1   0.0%   0.274 GC:1    AU:3    UA:1    +
  101   119  1   0.0%   0.345 CG:1    UG:3    AU:1    +
   76   153  1   0.0%   0.540 GC:1    GU:3    UG:1    +
    3    78  1   0.0%   0.014 CG:1    UG:3    UA:1    +
   76   139  1   0.0%   0.208 GC:1    GU:3    UA:1    +
   61   119  1   0.0%   0.617 CG:1    UG:3    UA:1    +
   76   101  1   0.0%   0.093 GC:1    GU:3    UA:1    +
   71   120  1   0.0%   0.574 GC:1    GU:3    AU:1    +
    4    13  1   0.0%   0.000 GC:1    GU:2    AU:2    +
    4    75  1   0.0%   0.018 GC:2    GU:1    AU:2    +
   88    98  1   0.0%   0.003 GC:1    GU:2    UG:1    --:1    +
    4    61  1   0.0%   0.018 GC:1    GU:2    AU:2    +
  107   148  1   0.0%   0.337 GC:1    AU:3    UA:1    +
   66   165  1   0.0%   0.073 GU:1    UG:2    UA:2    +
   78   153  1   0.0%   0.678 GC:1    GU:3    AU:1    +
   91   139  1   0.0%   0.534 GC:1    GU:3    UA:1    +
   71   158  1   0.0%   0.632 GC:1    GU:3    AU:1    +
    4    70  1   0.0%   0.018 GC:1    GU:1    AU:2    --:1    +
   74   148  1   0.0%   0.624 UG:1    AU:3    UA:1    +
  110   147  1   0.0%   0.367 GC:2    GU:1    AU:2    +
   51    88  1   0.0%   0.242 UG:2    AU:2    UA:1    +
   88    92  1   0.0%   0.005 GU:3    UG:1    AU:1    +
   40   151  1   0.0%   0.311 GC:3    GU:1    UA:1    +
   12    84  1   0.0%   0.049 GC:2    GU:2    UG:1    +
   40   143  1   0.0%   0.377 GC:3    GU:1    UG:1    +
    2    92  1   0.0%   0.005 CG:1    GU:1    AU:3    +
    6    12  1   0.0%   0.001 UG:3    AU:1    UA:1    +
   62   148  1   0.0%   0.584 GU:3    UG:1    UA:1    +
    5   139  3   1.0%   0.189 GC:1    AU:2    +
   56    75  1   0.5%   0.561 GC:1    AU:4    +
   50    71  2   1.1%   0.192 CG:4    +
   94   101  3   1.2%   0.265 AU:3    +
   47    74  2   1.1%   0.244 UA:4    +
   55    76  2   0.4%   0.357 GU:1    UG:2    AU:1    +
   78   146  1   0.4%   0.361 GC:3    GU:2    +
  128   133  0   0.4%   0.194 AU:5    --:1    +
   79   119  1   0.4%   0.447 UG:4    UA:1    +
    2   151  3   0.6%   0.156 CG:1    GC:1    AU:1    +
   55    62  2   0.0%   0.016 GU:1    UG:1    AU:1    UA:1    +
   79   145  0   0.4%   0.844 UA:6    +
   90   106  1   0.4%   0.111 UG:2    UA:3    +
  139   150  2   0.0%   0.518 CG:1    UG:1    AU:1    UA:1    +
   55   150  2   0.0%   0.361 GU:1    UG:1    AU:1    UA:1    +
   48    73  3   1.1%   0.218 AU:3    +
   54    69  1   0.4%   0.091 GU:1    AU:3    --:1    +
   56   132  3   0.8%   0.390 GC:1    AU:2    +
   46    75  2   1.0%   0.470 AU:4    +
  143   154  2   0.3%   0.969 CG:2    GC:1    UG:1    +
  113   132  2   0.0%   0.539 GC:1    GU:1    AU:1    UA:1    +
  119   150  2   0.0%   0.596 GC:1    GU:1    UG:1    AU:1    +
   66   143  2   0.0%   0.432 GC:1    GU:1    UG:1    UA:1    +
  144   153  1   0.3%   0.971 UG:1    AU:4    +
  121   144  3   1.1%   0.621 UA:3    +
    8   112  1   0.3%   0.438 GC:4    UA:1    +
   25    30  3   0.6%   0.173 GC:1    GU:1    UG:1    +
   44    52  1   0.3%   0.423 CG:4    UG:1    +
   12    44  1   0.3%   0.422 GC:4    AU:1    +
   88   101  2   0.3%   0.049 GC:1    GU:2    UA:1    +
   11   140  2   0.9%   0.204 UA:3    --:1    +
   52    70  1   0.2%   0.084 GC:1    GU:3    --:1    +
    8   147  1   0.2%   1.197 GC:3    GU:2    +
   50    86  0   0.2%   0.293 CG:6    +
   48    79  2   0.9%   0.250 AU:4    +
    9   146  1   0.2%   1.064 GC:3    GU:2    +
   83   124  2   0.2%   0.300 CG:2    GC:1    UG:1    +
  119   143  2   0.2%   0.932 GC:2    GU:1    UG:1    +
   79   155  0   0.2%   0.843 UA:6    +
    9    50  0   0.2%   0.395 GC:6    +
   78    84  2   0.2%   0.264 GC:2    GU:1    AU:1    +
    9   151  2   0.5%   1.159 GC:3    GU:1    +
   10   139  2   0.5%   0.338 AU:3    UA:1    +
    4    47  1   0.2%   0.031 GU:3    AU:2    +
  120   129  1   0.6%   0.318 UA:4    --:1    +
  109   119  1   0.1%   0.394 CG:4    AU:1    +
  108   120  1   0.1%   0.372 GC:1    GU:4    +
   99   105  0   0.1%   0.351 UA:4    --:2    +
   73   154  1   0.1%   1.000 GC:1    UG:4    +
   72   155  0   0.1%   0.975 UA:6    +
   68   130  1   0.1%   0.396 GC:3    GU:1    --:1    +
  121   154  2   0.1%   0.578 CG:1    UG:2    AU:1    +
    5   113  2   0.5%   0.084 CG:2    AU:2    +
    7   155  0   0.1%   1.448 UA:6    +
   98   102  1   0.1%   0.360 GU:1    UA:3    --:1    +
  124   146  2   0.1%   0.803 GC:2    GU:1    UA:1    +
    5   157  2   0.4%   0.746 GU:1    AU:3    +
    4   153  2   0.1%   0.254 GC:1    GU:1    AU:2    +
   57    66  2   0.4%   0.086 CG:1    AU:3    +
    7   145  0   0.1%   1.147 UA:6    +
   47    71  1   0.1%   0.108 UG:4    UA:1    +
   44    78  1   0.1%   0.406 CG:4    UG:1    +
  111   119  1   0.1%   0.332 CG:4    UA:1    +
  133   145  0   0.1%   1.010 UA:6    +
   55    68  2   0.4%   0.097 GU:1    UG:2    --:1    +
   78   123  1   0.1%   0.277 GC:1    GU:4    +
   47   155  0   0.1%   0.648 UA:6    +
  123   138  1   0.1%   0.375 CG:1    UA:4    +
   59    67  0   0.1%   0.061 AU:5    --:1    +
  110   120  1   0.1%   0.382 GU:3    AU:2    +
  113   146  2   0.1%   0.567 GC:2    AU:1    UA:1    +
   54    79  1   0.1%   0.583 GU:1    AU:4    +
   54   150  2   0.1%   0.345 CG:1    GC:1    AU:2    +
    1   148  2   0.1%   0.028 GC:1    GU:1    AU:2    +
    1   158  1   0.1%   0.128 GU:2    AU:3    +
   82   118  0   0.1%   0.014 CG:1    --:5    +
   43    78  1   0.1%   0.067 CG:4    UG:1    +
   81    85  0   0.1%   0.174 AU:6    +
   42    79  0   0.1%   0.025 AU:6    +
    8    44  1   0.6%   0.089 GC:5    +
   77   120  1   0.1%   0.248 GU:1    AU:4    +
   85   107  1   0.1%   0.071 UG:1    UA:4    +
   72   145  0   0.0%   0.954 UA:6    +
   60    79  0   0.0%   0.887 AU:6    +
    9    47  0   0.0%   0.392 GU:6    +
   60    67  0   0.0%   0.062 AU:5    --:1    +
   72    81  0   0.0%   0.672 UA:6    +
   78   141  1   0.0%   0.480 GC:4    GU:1    +
   47   119  1   0.0%   0.269 UG:4    UA:1    +
   52    75  1   0.0%   0.106 GC:1    GU:4    +
   70    76  1   0.0%   0.461 CG:1    UG:3    --:1    +
   13   138  1   0.0%   0.099 UG:2    UA:3    +
   79   140  0   0.0%   0.458 UA:5    --:1    +
  145   157  0   0.0%   0.836 AU:6    +
   57    73  1   0.0%   0.502 CG:1    AU:4    +
    9   123  1   0.0%   0.394 GC:1    GU:4    +
   56    61  1   0.0%   0.013 GU:1    AU:4    +
   47   145  0   0.0%   0.637 UA:6    +
    8   141  1   0.0%   0.484 GC:4    GU:1    +
   77   116  1   0.0%   0.241 GC:1    AU:4    +
  103   119  1   0.0%   0.420 CG:4    UA:1    +
  113   123  2   0.0%   0.373 GU:2    AU:1    UA:1    +
  121   138  2   0.0%   0.158 CG:1    UG:1    UA:2    +
   73   128  0   0.0%   0.557 UA:5    --:1    +
    1   147  2   0.0%   0.018 GC:1    GU:1    AU:2    +
    8   124  2   0.0%   0.416 GC:2    GU:1    UG:1    +
   48    90  1   0.0%   0.181 AU:4    UA:1    +
    8   164  1   0.0%   1.439 GU:4    UA:1    +
    9   157  0   0.0%   1.688 GU:6    +
   48    58  1   0.0%   0.064 AU:3    UA:2    +
   78   121  2   0.0%   0.290 GC:1    GU:2    AU:1    +
   69    78  1   0.0%   0.486 UG:3    UA:1    --:1    +
    4   116  2   0.0%   0.063 GC:1    GU:1    AU:2    +
  133   140  0   0.0%   0.999 UA:5    --:1    +
  134   155  0   0.0%   0.843 UA:6    +
  121   148  2   0.0%   0.256 CG:1    AU:2    UA:1    +
    9   153  1   0.0%   1.713 GC:1    GU:4    +
   67    77  0   0.0%   0.545 UA:5    --:1    +
   85   145  0   0.0%   0.846 UA:6    +
   78   132  1   0.0%   0.307 GC:3    GU:2    +
   78   111  1   0.0%   0.221 GC:4    GU:1    +
  134   140  0   0.0%   0.918 UA:5    --:1    +
   85   105  0   0.0%   0.058 UA:4    --:2    +
   76   136  1   0.0%   0.264 GC:4    UG:1    +
   70   127  1   0.0%   0.393 CG:1    UG:3    --:1    +
  149   159  0   0.0%   0.004 AU:1    --:5    +
   85   119  1   0.0%   0.621 UG:4    UA:1    +
   45    55  2   0.0%   0.454 UG:1    AU:1    UA:2    +
   12    47  1   0.0%   0.126 GU:4    AU:1    +
   79    97  0   0.0%   0.355 UA:6    +
   12   132  2   0.0%   0.054 GC:2    GU:1    AU:1    +
    9    15  0   0.0%   0.005 GC:6    +
    2    84  2   0.0%   0.007 CG:2    GU:1    AU:1    +
    7   165  1   0.0%   1.075 UG:2    UA:3    +
   13   140  0   0.0%   0.068 UA:5    --:1    +
    7   128  0   0.0%   0.345 UA:5    --:1    +
   12   146  2   0.0%   0.094 GC:2    GU:1    AU:1    +
    7    16  0   0.0%   0.005 UA:6    +
   10    14  1   0.0%   0.004 AU:3    UA:2    +
  122   150  2   0.0%   0.251 UG:1    AU:2    UA:1    +
   77   126  1   0.0%   0.256 GU:1    AU:4    +
   85    94  0   0.0%   0.055 UA:6    +
   66   124  1   0.0%   0.067 GC:2    UG:3    +
   47    60  0   0.0%   0.089 UA:6    +
   47    54  1   0.0%   0.086 UG:1    UA:4    +
   19    36  1   0.0%   0.090 GC:4    GU:1    +
  124   132  2   0.0%   0.283 GC:1    GU:2    UA:1    +
   55   132  2   0.0%   0.271 GC:1    AU:2    UA:1    +
  127   139  1   0.0%   0.671 GC:1    GU:3    --:1    +
   56    70  1   0.0%   0.059 GU:1    AU:3    --:1    +
    7   140  0   0.0%   0.406 UA:5    --:1    +
   45    49  1   0.0%   0.450 AU:1    UA:3    --:1    +
   88   111  2   0.3%   0.207 GC:3    AU:1    +
   76   143  2   0.0%   0.489 GC:2    GU:1    UG:1    +
   54    84  2   0.0%   0.280 CG:1    GC:1    AU:2    +
    8   150  2   0.0%   1.081 GC:1    GU:2    UG:1    +
   54   157  1   0.0%   0.626 GU:1    AU:4    +
    8   126  1   0.0%   0.417 GC:1    GU:4    +
   78   152  1   0.0%   0.709 GC:4    GU:1    +
    9   125  1   0.0%   0.394 GC:2    GU:3    +
   52   158  1   0.0%   0.276 GC:1    GU:4    +
  119   152  1   0.0%   0.988 GC:4    AU:1    +
   72   128  0   0.0%   0.576 UA:5    --:1    +
   54   133  1   0.0%   0.279 GU:1    AU:4    +
   54   158  1   0.0%   0.369 GU:1    AU:4    +
   80    96  0   0.0%   0.003 AU:1    --:5    +
  114   154  2   0.0%   0.989 CG:2    GU:1    UG:1    +
   52    66  1   0.0%   0.033 CG:1    GU:4    +
   71   139  2   0.0%   0.655 GC:2    GU:1    AU:1    +
   52   142  1   0.0%   0.734 GC:4    GU:1    +
    4   134  1   0.0%   0.061 GU:3    AU:2    +
  159   163  0   0.0%   0.004 UG:1    --:5    +
  103   110  1   0.0%   0.398 CG:3    UA:2    +
   71    79  1   0.0%   0.904 GU:4    AU:1    +
   70   154  1   0.0%   0.824 CG:1    UG:3    --:1    +
   47   140  0   0.0%   0.305 UA:5    --:1    +
    8   130  1   0.0%   0.416 GC:3    GU:2    +
  148   165  2   0.0%   0.166 GU:1    UG:1    UA:2    +
   68   156  1   0.0%   0.737 GC:1    GU:3    --:1    +
    1   152  3   0.5%   0.099 GC:2    AU:1    +
   56   156  1   0.0%   0.664 GU:1    AU:4    +
    9   132  1   0.0%   0.394 GC:3    GU:2    +
   77    90  1   0.0%   0.213 GU:1    AU:4    +
   84    88  2   0.0%   0.060 CG:2    GU:1    UG:1    +
   47    86  0   0.0%   0.254 UG:6    +
   79    86  0   0.0%   0.372 UG:6    +
  107   125  2   0.0%   0.223 GU:1    AU:2    UA:1    +
   92   110  1   0.0%   0.818 UG:3    UA:2    +
    4   132  2   0.0%   0.059 GC:2    GU:1    AU:1    +
   73   140  0   0.0%   0.594 UA:5    --:1    +
   67    81  0   0.0%   0.462 UA:5    --:1    +
    9    83  1   0.0%   0.361 GC:3    GU:2    +
   78    87  2   0.0%   0.200 GC:2    GU:1    AU:1    +
  138   156  1   0.0%   0.817 GU:2    AU:3    +
  157   165  1   0.0%   0.341 UG:2    UA:3    +
  108   124  2   0.0%   0.207 CG:1    GC:2    GU:1    +
   54    72  1   0.0%   0.092 GU:1    AU:4    +
   66   129  1   0.0%   0.062 GC:1    UA:3    --:1    +
   52   147  1   0.0%   0.317 GC:3    GU:2    +
   67   128  0   0.0%   0.358 UA:5    --:1    +
  127   147  1   0.0%   0.412 GC:3    GU:1    --:1    +
    7    54  1   0.0%   0.327 UG:1    UA:4    +
  134   145  0   0.0%   0.923 UA:6    +
   69   138  1   0.0%   0.394 UG:1    UA:3    --:1    +
    9   139  1   0.0%   0.492 GC:2    GU:3    +
  119   134  1   0.0%   0.466 GU:4    AU:1    +
   52    61  1   0.0%   0.032 GC:1    GU:4    +
   85   128  0   0.0%   0.454 UA:5    --:1    +
   54    70  1   0.0%   0.057 GU:1    AU:3    --:1    +
   72   140  0   0.0%   0.619 UA:5    --:1    +
    8   156  1   0.0%   1.755 GC:1    GU:4    +
   67   140  0   0.0%   0.416 UA:5    --:1    +
  144   164  1   0.0%   0.545 AU:4    UA:1    +
   89   119  1   0.0%   0.259 CG:4    GU:1    +
   24    35  0   0.0%   0.207 UA:6    +
    6   113  2   0.0%   0.051 UG:2    AU:1    UA:1    +
    9   133  0   0.0%   0.393 GU:6    +
    3   113  2   0.0%   0.015 UG:2    AU:1    UA:1    +
   62   112  1   0.0%   0.490 GC:3    UA:2    +
   63   163  0   0.0%   0.001 CG:1    --:5    +
    3    56  1   0.0%   0.014 CG:1    UA:4    +
   48   150  2   0.0%   0.202 UG:1    AU:2    UA:1    +
   61    77  1   0.0%   0.787 UG:1    UA:4    +
   71   125  2   0.0%   0.569 GC:2    GU:1    AU:1    +
  103   108  1   0.0%   0.389 CG:4    UG:1    +
   73    78  1   0.0%   0.717 UG:4    UA:1    +
  133   155  0   0.0%   0.919 UA:6    +
    1   120  1   0.0%   0.005 GU:2    AU:3    +
   83   110  1   0.0%   0.032 CG:3    UA:2    +
   47    94  0   0.0%   0.248 UA:6    +
   49    58  1   0.0%   0.006 AU:3    UA:1    --:1    +
    4    45  2   0.0%   0.001 GC:1    GU:1    AU:2    +
   93   127  1   0.0%   0.326 GC:1    UG:3    --:1    +
  140   157  0   0.0%   0.823 AU:5    --:1    +
  121   150  2   0.0%   0.158 UG:2    AU:1    UA:1    +
    3     9  1   0.0%   0.001 CG:1    UG:4    +
   72   105  0   0.0%   0.557 UA:4    --:2    +
   80   159  0   0.0%   0.002 GU:1    --:5    +
   69   150  2   0.0%   0.339 UG:1    AU:1    UA:1    --:1    +
   52   139  1   0.0%   0.246 GC:2    GU:3    +
  119   133  1   0.0%   0.445 GU:4    AU:1    +
   85   155  0   0.0%   0.841 UA:6    +
   85   140  0   0.0%   0.495 UA:5    --:1    +
   84   154  2   0.0%   0.900 CG:1    GC:1    UG:2    +
   92   128  0   0.0%   0.655 UA:5    --:1    +
   46    67  0   0.0%   0.324 AU:5    --:1    +
   73   102  1   0.0%   0.533 GU:1    UA:4    +
   51   122  1   0.0%   0.255 AU:2    UA:3    +
   43    52  1   0.0%   0.062 CG:4    UG:1    +
   67   145  0   0.0%   0.742 UA:5    --:1    +
    8   120  1   0.0%   0.416 GC:1    GU:4    +
   62   143  2   0.0%   0.838 GC:2    UG:1    AU:1    +
  129   148  1   0.0%   0.573 CG:1    AU:3    --:1    +
   47   165  1   0.0%   0.269 UG:2    UA:3    +
  106   121  2   0.0%   0.192 GC:1    GU:1    AU:2    +
   58   119  2   0.0%   0.498 UG:2    AU:1    UA:1    +
   86   116  1   0.0%   0.502 GC:1    GU:4    +
  101   108  1   0.0%   0.320 CG:2    UG:3    +
   65   162  0   0.0%   0.001 CG:1    --:5    +
   67    71  1   0.0%   0.895 UG:3    UA:1    --:1    +
   68   147  1   0.0%   0.533 GC:3    GU:1    --:1    +
    1   126  1   0.0%   0.006 GU:2    AU:3    +
   48    62  2   0.0%   0.061 UG:1    AU:2    UA:1    +
   65    80  0   0.0%   0.001 CG:1    --:5    +
  128   157  0   0.0%   0.634 AU:5    --:1    +
   12   109  1   0.0%   0.047 GC:4    UA:1    +
   63    80  0   0.0%   0.000 CG:1    --:5    +
   42    47  0   0.0%   0.092 AU:6    +
    4   133  1   0.0%   0.059 GU:3    AU:2    +
   54    85  1   0.0%   0.268 GU:1    AU:4    +
   99   108  1   0.0%   0.229 GC:1    UG:4    +
   12   120  1   0.0%   0.060 GU:4    AU:1    +
    7   119  1   0.0%   0.347 UG:4    UA:1    +
  108   152  1   0.0%   0.612 GC:4    GU:1    +
   51   121  1   0.0%   0.262 AU:3    UA:2    +
   10    55  2   0.0%   0.163 UG:1    AU:2    UA:1    +
  138   158  1   0.0%   0.494 GU:2    AU:3    +
  110   126  1   0.0%   0.202 GU:3    AU:2    +
   60    85  0   0.0%   0.567 AU:6    +
   78   148  2   0.0%   0.408 GC:1    GU:2    AU:1    +
  107   133  1   0.0%   0.314 GU:1    AU:4    +
   52   130  1   0.0%   0.092 GC:4    GU:1    +
   61   127  1   0.0%   0.607 CG:1    UG:3    --:1    +
    4    85  1   0.0%   0.020 GU:3    AU:2    +
   60   133  0   0.0%   0.640 AU:6    +
   60   157  0   0.0%   0.847 AU:6    +
   18    40  1   0.0%   0.096 UG:4    AU:1    +
   42    72  0   0.0%   0.013 AU:6    +
    9   116  1   0.0%   0.398 GC:1    GU:4    +
   86   101  1   0.0%   0.023 GC:2    GU:3    +
  140   158  0   0.0%   0.563 AU:5    --:1    +
   65   163  0   0.0%   0.001 CG:1    --:5    +
   81   157  0   0.0%   0.598 AU:6    +
   52   156  1   0.0%   0.579 GC:1    GU:4    +
   93   121  2   0.0%   0.368 GC:1    AU:1    UA:2    +
   45   113  2   0.0%   0.546 UG:2    AU:1    UA:1    +
  107   156  1   0.0%   0.584 GC:1    AU:4    +
   12   142  1   0.0%   0.626 GC:4    AU:1    +
   11   165  2   0.0%   0.125 UG:1    AU:1    UA:2    +
   87   107  2   0.0%   0.025 CG:1    AU:1    UA:2    +
  108   130  1   0.0%   0.199 GC:3    GU:2    +
   73   138  1   0.0%   0.624 UG:2    UA:3    +
   84   110  2   0.0%   0.068 CG:2    UG:1    UA:1    +
   12   112  1   0.0%   0.067 GC:4    UA:1    +
   78   142  1   0.0%   0.827 GC:3    GU:2    +
   63   162  0   0.0%   0.000 CG:1    --:5    +
   47   128  0   0.0%   0.256 UA:5    --:1    +
  107   157  1   0.0%   0.530 GU:1    AU:4    +
  128   158  0   0.0%   0.374 AU:5    --:1    +
   68   125  1   0.0%   0.373 GC:2    GU:2    --:1    +
   67   165  1   0.0%   0.370 UG:1    UA:3    --:1    +
   79   128  0   0.0%   0.410 UA:5    --:1    +
    7    81  0   0.0%   0.326 UA:6    +
   85    97  0   0.0%   0.054 UA:6    +
  108   156  1   0.0%   0.559 GC:1    GU:4    +
   56   158  1   0.0%   0.360 GU:1    AU:4    +
   74    92  1   0.0%   0.509 UG:1    AU:4    +
   79    94  0   0.0%   0.352 UA:6    +
  105   158  0   0.0%   0.355 AU:4    --:2    +
   56   123  1   0.0%   0.273 GC:1    AU:4    +
   71    85  1   0.0%   0.587 GU:4    AU:1    +
   55    91  2   0.0%   0.267 GU:1    UG:2    AU:1    +
   72    94  0   0.0%   0.557 UA:6    +
   52    93  1   0.0%   0.088 CG:1    GU:4    +
    5    76  2   0.0%   0.009 CG:2    GU:1    AU:1    +
   45    91  2   0.0%   0.503 CG:1    UG:2    AU:1    +
   38    76  1   0.0%   0.025 CG:4    AU:1    +
  110   130  2   0.0%   0.207 GC:2    GU:1    AU:1    +
  104   121  1   0.0%   0.171 AU:1    UA:2    --:2    +
   56    90  1   0.0%   0.266 GU:1    AU:4    +
   14   107  2   0.0%   0.012 UG:1    AU:1    UA:2    +
   73   105  0   0.0%   0.533 UA:4    --:2    +
   61   138  1   0.0%   0.682 UG:2    UA:3    +
   42   133  0   0.0%   0.055 AU:6    +
   66   127  1   0.0%   0.063 GC:1    UG:3    --:1    +
    8    18  1   0.0%   0.002 GU:4    UA:1    +
   60   134  0   0.0%   0.659 AU:6    +
  104   122  1   0.0%   0.170 AU:1    UA:2    --:2    +
  119   157  1   0.0%   0.885 GU:4    AU:1    +
    8   109  1   0.0%   0.384 GC:4    UA:1    +
   64   159  0   0.0%   0.000 AU:1    --:5    +
   12   136  1   0.0%   0.114 GC:4    UG:1    +
   71   157  1   0.0%   0.890 GU:4    AU:1    +
   72   119  1   0.0%   0.573 UG:4    UA:1    +
  105   126  0   0.0%   0.303 AU:4    --:2    +
   77   156  1   0.0%   0.634 GU:1    AU:4    +
   78   103  1   0.0%   0.201 GC:3    GU:2    +
  104   113  1   0.0%   0.440 UG:2    AU:1    --:2    +
   91   136  1   0.0%   0.587 GC:4    UG:1    +
   86   139  1   0.0%   0.375 GC:2    GU:3    +
   17   119  1   0.0%   0.017 CG:4    AU:1    +
  129   153  1   0.0%   0.835 CG:1    AU:3    --:1    +
   49   123  1   0.0%   0.342 AU:3    UA:1    --:1    +
    9    85  0   0.0%   0.362 GU:6    +
    4    79  1   0.0%   0.018 GU:3    AU:2    +
   42    85  0   0.0%   0.019 AU:6    +
   11    68  1   0.0%   0.039 UG:3    AU:1    --:1    +
  119   164  1   0.0%   0.590 GU:4    UA:1    +
   45    66  2   0.0%   0.452 CG:1    UG:1    AU:2    +
  119   158  1   0.0%   0.625 GU:4    AU:1    +
   24    42  0   0.0%   0.110 UA:6    +
   59    99  1   0.0%   0.497 CG:1    AU:4    +
   55   116  2   0.0%   0.286 GU:1    AU:2    UA:1    +
  105   120  0   0.0%   0.465 AU:4    --:2    +
   11    74  1   0.0%   0.039 AU:2    UA:3    +
   81   134  0   0.0%   0.400 AU:6    +
  108   147  1   0.0%   0.358 GC:3    GU:2    +
    3    86  1   0.0%   0.014 CG:1    UG:4    +
   13   119  1   0.0%   0.022 UG:4    UA:1    +
   85   165  1   0.0%   0.446 UG:2    UA:3    +
    7   105  0   0.0%   0.325 UA:4    --:2    +
  105   164  0   0.0%   0.320 AU:4    --:2    +
   40   112  1   0.0%   0.034 GC:4    UA:1    +
  120   165  1   0.0%   0.388 UG:2    UA:3    +
   58   122  1   0.0%   0.494 AU:2    UA:3    +
    8   111  1   0.0%   0.384 GC:4    GU:1    +
    2    69  1   0.0%   0.003 GU:1    AU:3    --:1    +
   16    79  0   0.0%   0.092 AU:6    +
  116   165  2   0.0%   0.453 CG:1    UG:1    UA:2    +
  100   123  1   0.0%   0.140 AU:4    UA:1    +
   66   144  1   0.0%   0.467 GU:1    UA:4    +
   47   105  0   0.0%   0.248 UA:4    --:2    +
   78    92  1   0.0%   0.202 GU:4    AU:1    +
   81   133  0   0.0%   0.382 AU:6    +
   92   138  1   0.0%   0.724 UG:2    UA:3    +
   67   155  0   0.0%   0.744 UA:5    --:1    +
   51   119  2   0.0%   0.258 UG:2    AU:1    UA:1    +
  126   165  1   0.0%   0.247 UG:2    UA:3    +
   48   104  1   0.0%   0.177 AU:2    UA:1    --:2    +
   93   144  1   0.0%   0.722 GU:1    UA:4    +
   79   165  1   0.0%   0.438 UG:2    UA:3    +
    1    73  1   0.0%   0.002 GU:2    AU:3    +
   82   135  0   0.0%   0.005 CG:1    --:5    +
   92   140  0   0.0%   0.695 UA:5    --:1    +
   96   117  0   0.0%   0.001 UA:1    --:5    +
   62   109  1   0.0%   0.468 GC:3    UA:2    +
   15    86  0   0.0%   0.007 CG:6    +
  105   133  0   0.0%   0.400 AU:4    --:2    +
   58   121  1   0.0%   0.502 AU:3    UA:2    +
    4    67  1   0.0%   0.018 GU:2    AU:2    --:1    +
   98   114  2   0.0%   0.415 CG:1    GC:1    UG:1    --:1    +
   16    85  0   0.0%   0.094 AU:6    +
  108   125  1   0.0%   0.198 GC:2    GU:3    +
   71   133  1   0.0%   0.670 GU:4    AU:1    +
   16   134  0   0.0%   0.145 AU:6    +
    4   114  3   0.5%   0.095 GC:2    AU:1    +
   90    99  3   0.2%   0.046 UG:1    AU:1    UA:1    +
   87   102  2   0.3%   0.052 AU:2    UA:2    +
   19    38  1   0.4%   0.192 GC:5    +
   81   116  2   0.6%   0.248 AU:4    +
   84   123  3   0.2%   0.506 GC:1    GU:1    UA:1    +
  143   153  3   0.2%   0.878 CG:1    GU:1    AU:1    +
   57    71  3   0.4%   0.160 CG:2    AU:1    +
   76   122  2   0.2%   0.157 GU:2    UA:2    +
   10   133  2   0.6%   0.262 AU:4    +
   93   106  2   0.2%   0.369 UG:1    UA:3    +
   46    84  3   0.4%   0.448 CG:1    AU:2    +
   77   121  3   0.4%   0.306 GU:1    AU:2    +
    2   164  2   0.2%   0.237 GU:1    AU:3    +
    6    48  2   0.2%   0.056 AU:1    UA:3    +
   10    48  2   0.2%   0.227 AU:2    UA:2    +
    4   146  3   0.4%   0.128 GC:1    GU:2    +
    7   113  2   0.2%   0.388 UG:2    UA:2    +
   77   147  3   0.4%   0.462 GU:1    AU:2    +
   75   150  3   0.1%   0.568 CG:1    UG:1    UA:1    +
  119   139  2   0.2%   0.469 GC:1    GU:3    +
  142   154  2   0.2%   1.120 CG:3    UG:1    +
    4   150  3   0.1%   0.227 CG:1    GU:1    AU:1    +
    3    48  2   0.2%   0.033 AU:1    UA:3    +
  147   154  2   0.2%   0.707 CG:2    UG:2    +
   92    97  1   0.3%   0.062 UA:5    +
   11   138  3   0.3%   0.165 UG:1    UA:2    +
  119   124  3   0.1%   0.492 GC:1    GU:1    UG:1    +
  114   148  3   0.1%   0.676 CG:1    GC:1    GU:1    +
    8    51  2   0.1%   0.408 GU:3    UA:1    +
  127   143  2   0.1%   0.668 GC:2    GU:1    --:1    +
   20    37  1   0.3%   0.197 GC:5    +
    6   143  3   0.0%   0.099 UG:1    AU:1    UA:1    +
  146   151  3   0.0%   0.468 CG:1    AU:1    UA:1    +
    5    47  2   0.1%   0.037 GU:1    AU:3    +
   62    66  2   0.1%   0.080 GU:3    UG:1    +
  115   146  3   0.3%   0.482 AU:2    UA:1    +
    8    47  1   0.3%   0.416 GU:5    +
   74   151  3   0.0%   0.822 UG:1    AU:1    UA:1    +
   52    79  1   0.3%   0.420 GU:5    +
    3   143  3   0.0%   0.059 UG:1    AU:1    UA:1    +
  114   143  3   0.0%   0.903 CG:1    GC:1    GU:1    +
  150   158  3   0.0%   0.127 GC:1    GU:1    AU:1    +
   84   107  3   0.0%   0.066 GU:1    UG:1    UA:1    +
   76   124  3   0.0%   0.127 GC:1    GU:1    UG:1    +
   10    47  2   0.4%   0.237 AU:4    +
    4   139  3   0.0%   0.067 GC:1    GU:1    AU:1    +
  154   165  3   0.0%   0.523 CG:1    GU:1    UA:1    +
  115   119  3   0.0%   0.471 UG:1    AU:1    UA:1    +
  107   113  3   0.0%   0.529 GU:1    AU:1    UA:1    +
  123   148  3   0.0%   0.763 CG:1    AU:1    UA:1    +
   26    31  3   0.3%   0.641 GU:2    UA:1    +
  150   164  3   0.0%   0.090 GU:1    AU:1    UA:1    +
  124   141  3   0.5%   0.993 GC:3    +
   84   146  3   0.0%   0.525 GC:1    GU:1    UA:1    +
   74   153  2   0.1%   0.927 UG:1    AU:3    +
   55    66  2   0.1%   0.031 UG:1    AU:3    +
  112   127  1   0.3%   0.298 CG:4    --:1    +
    2   158  2   0.1%   0.211 GU:1    AU:3    +
   51    69  2   0.1%   0.049 AU:2    UA:1    --:1    +
   83    89  3   0.0%   0.025 GC:1    UG:1    UA:1    +
  107   122  3   0.0%   0.258 GU:1    AU:1    UA:1    +
  138   142  3   0.0%   1.060 GC:1    GU:1    AU:1    +
    2   124  3   0.0%   0.025 CG:1    GC:1    AU:1    +
   55   146  3   0.0%   0.367 GC:1    AU:1    UA:1    +
   55    83  3   0.0%   0.278 GU:1    UG:1    AU:1    +
  123   151  3   0.0%   0.931 CG:1    AU:1    UA:1    +
  132   148  3   0.0%   0.221 CG:1    AU:1    UA:1    +
   52   154  3   0.0%   0.653 CG:1    GC:1    GU:1    +
  124   150  3   0.0%   0.706 GC:1    GU:1    UG:1    +
    3    84  3   0.0%   0.016 CG:1    UG:1    AU:1    +
   71   154  3   0.0%   1.002 GC:1    GU:1    UG:1    +
   83   138  3   0.0%   0.350 CG:1    UG:1    UA:1    +
    2    55  3   0.0%   0.004 CG:1    GU:1    AU:1    +
   76   150  3   0.0%   0.175 GC:1    GU:1    UG:1    +
  114   153  3   0.0%   0.947 CG:1    GC:1    GU:1    +
   83   151  3   0.0%   0.572 GC:1    UG:1    UA:1    +
   66   146  3   0.0%   0.105 GC:1    GU:1    UA:1    +
  132   151  3   0.0%   0.389 CG:1    AU:1    UA:1    +
   54   143  3   0.0%   0.675 CG:1    GC:1    AU:1    +
   48   165  3   0.0%   0.195 UG:1    AU:1    UA:1    +
   84   132  3   0.0%   0.513 GC:1    GU:1    UA:1    +
   13   150  3   0.0%   0.039 CG:1    UG:1    UA:1    +
   83   148  3   0.0%   0.396 GC:1    UG:1    UA:1    +
    1   130  3   0.0%   0.007 GC:1    GU:1    AU:1    +
   84   150  3   0.0%   0.495 GU:1    UG:1    UA:1    +
   71   121  3   0.0%   0.576 GC:1    GU:1    AU:1    +
  107   124  3   0.0%   0.231 GC:1    UG:1    AU:1    +
   73    93  3   0.0%   0.534 GU:1    UG:1    UA:1    +
   55   165  3   0.0%   0.339 GU:1    UG:1    UA:1    +
   66   123  3   0.0%   0.066 GC:1    GU:1    UA:1    +
   99   116  3   0.0%   0.277 GC:1    AU:1    UA:1    +
   55   114  3   0.0%   0.293 GC:1    UG:1    AU:1    +
  106   132  3   0.0%   0.195 GC:1    GU:1    AU:1    +
   62   150  3   0.0%   0.500 GC:1    GU:1    UG:1    +
  110   150  3   0.0%   0.226 GC:1    GU:1    AU:1    +
  113   165  3   0.0%   0.510 UG:1    AU:1    UA:1    +
   84   165  3   0.0%   0.466 GU:1    UG:1    UA:1    +
  103   138  3   0.0%   0.306 CG:1    UG:1    UA:1    +
   97   104  1   0.2%   0.180 AU:3    --:2    +
  110   116  2   0.1%   0.415 GU:3    AU:1    +
    2   157  2   0.1%   0.258 GU:1    AU:3    +
   55    67  2   0.1%   0.038 GU:1    AU:2    --:1    +
  127   132  2   0.1%   0.108 GC:2    GU:1    --:1    +
    5   158  2   0.1%   0.474 GC:1    AU:3    +
   55    73  3   0.2%   0.141 GU:1    AU:2    +
    1   164  2   0.1%   0.131 GU:2    AU:2    +
    3   122  2   0.1%   0.053 AU:1    UA:3    +
   87   108  2   0.1%   0.038 CG:2    UG:2    +
   52    83  2   0.0%   0.089 GC:3    GU:1    +
  113   147  2   0.0%   0.680 GC:2    AU:2    +
    1   142  2   0.0%   0.019 GC:2    AU:2    +
   77   123  2   0.0%   0.264 GU:1    AU:3    +
   10   122  2   0.0%   0.181 AU:2    UA:2    +
   51    71  2   0.0%   0.094 UG:3    AU:1    +
  116   145  2   0.4%   0.892 UA:4    +
   11   121  2   0.0%   0.062 AU:2    UA:2    +
    9    45  2   0.0%   0.668 GC:1    GU:3    +
  129   134  1   0.2%   0.856 AU:4    --:1    +
   71    83  2   0.0%   0.576 GC:2    GU:2    +
   45   121  2   0.0%   0.529 AU:2    UA:2    +
   48    76  2   0.0%   0.168 UG:2    AU:2    +
   66   138  2   0.0%   0.152 UG:1    UA:3    +
    3   165  2   0.0%   0.152 UG:2    UA:2    +
    2   120  2   0.0%   0.025 GU:1    AU:3    +
   93   100  3   0.4%   0.156 UA:3    +
   71   130  2   0.0%   0.582 GC:3    GU:1    +
   83   108  2   0.0%   0.030 CG:3    UG:1    +
    6   115  2   0.0%   0.052 AU:1    UA:3    +
   58    69  2   0.0%   0.056 AU:2    UA:1    --:1    +
   48   116  2   0.0%   0.202 AU:3    UA:1    +
  101   106  2   0.0%   0.288 CG:1    UA:3    +
   55    79  2   0.0%   0.607 GU:1    AU:3    +
    9   114  2   0.0%   0.410 GC:3    GU:1    +
   11   144  2   0.0%   0.514 AU:1    UA:3    +
   66    77  2   0.0%   0.248 UG:1    UA:3    +
   55    72  2   0.0%   0.104 GU:1    AU:3    +
   57    84  2   0.0%   0.523 CG:2    AU:2    +
  139   144  2   0.0%   0.953 AU:1    UA:3    +
   12   130  2   0.0%   0.054 GC:3    GU:1    +
   10   113  2   0.0%   0.206 AU:2    UA:2    +
    9   121  2   0.0%   0.397 GC:1    GU:3    +
    9   143  2   0.0%   1.373 GC:3    GU:1    +
   11   119  2   0.0%   0.052 UG:3    AU:1    +
  144   148  2   0.0%   0.644 UG:1    AU:3    +
    8   132  2   0.0%   0.417 GC:3    GU:1    +
   86   121  2   0.0%   0.337 GC:1    GU:3    +
    2     7  2   0.0%   0.005 GU:1    AU:3    +
   47    55  2   0.0%   0.087 UG:1    UA:3    +
   66    78  2   0.0%   0.239 UG:3    UA:1    +
   48    74  2   0.0%   0.171 AU:2    UA:2    +
   45    86  2   0.0%   0.511 CG:1    UG:3    +
   78    83  2   0.0%   0.208 GC:2    GU:2    +
    8   146  2   0.0%   1.060 GC:3    GU:1    +
   62   133  2   0.0%   0.576 GU:3    AU:1    +
    9   148  2   0.0%   1.141 GC:1    GU:3    +
    2    47  2   0.0%   0.005 GU:1    AU:3    +
  116   138  2   0.0%   0.461 UG:2    UA:2    +
   55   157  2   0.0%   0.644 GU:1    AU:3    +
    8   139  2   0.0%   0.525 GC:1    GU:3    +
  115   153  2   0.0%   0.787 UG:1    AU:3    +
   77   153  2   0.0%   0.667 GU:1    AU:3    +
   14   144  2   0.0%   0.412 AU:1    UA:3    +
    5   133  2   0.0%   0.049 GU:1    AU:3    +
   52   125  2   0.0%   0.094 GC:2    GU:2    +
   55   156  2   0.0%   0.689 GU:1    AU:3    +
   66    74  2   0.0%   0.554 GU:1    UA:3    +
   79    88  2   0.0%   0.353 UG:3    UA:1    +
   71   116  2   0.0%   0.579 GC:1    GU:3    +
  156   165  2   0.0%   0.400 UG:2    UA:2    +
   54    61  2   0.0%   0.007 GU:1    AU:3    +
   79   113  2   0.0%   0.399 UG:2    UA:2    +
   74   139  2   0.0%   0.601 AU:3    UA:1    +
  141   154  2   0.0%   0.781 CG:3    UG:1    +
   62    79  2   0.0%   0.816 GU:3    AU:1    +
   68   146  2   0.0%   0.416 GC:2    GU:1    --:1    +
    1     6  2   0.0%   0.001 GU:1    AU:3    +
    2   133  2   0.0%   0.025 GU:1    AU:3    +
   62    75  2   0.0%   0.973 GU:3    AU:1    +
   74   113  2   0.0%   0.550 AU:2    UA:2    +
  113   142  2   0.0%   1.058 GC:2    AU:2    +
    6    55  2   0.0%   0.026 AU:1    UA:3    +
   55    61  2   0.0%   0.008 GU:1    AU:3    +
   78   151  2   0.0%   0.585 GC:3    AU:1    +
   93   110  2   0.0%   0.496 UG:3    UA:1    +
   71   141  2   0.0%   0.785 GC:3    GU:1    +
   74    87  2   0.0%   0.507 AU:2    UA:2    +
    1   116  2   0.0%   0.005 GU:1    AU:3    +
   14    40  2   0.0%   0.003 UG:3    AU:1    +
   62    72  2   0.0%   1.017 GU:3    AU:1    +
    2    85  2   0.0%   0.007 GU:1    AU:3    +
   68   143  2   0.0%   0.743 GC:2    GU:1    --:1    +
   55   134  2   0.0%   0.453 GU:1    AU:3    +
   84   129  2   0.0%   0.474 GC:1    UA:2    --:1    +
   23    36  2   0.0%   0.138 GC:3    GU:1    +
   55    70  2   0.0%   0.065 GU:1    AU:2    --:1    +
    6   122  2   0.0%   0.034 AU:1    UA:3    +
    1   123  2   0.0%   0.006 GU:1    AU:3    +
   48    93  2   0.0%   0.179 AU:3    UA:1    +
   10   153  2   0.0%   0.804 UG:1    AU:3    +
   62   136  2   0.0%   0.609 GC:3    UG:1    +
   88   103  2   0.0%   0.035 GC:3    AU:1    +
  126   154  2   0.0%   0.693 CG:1    UG:3    +
   61   165  2   0.0%   0.609 UG:2    UA:2    +
   57   148  2   0.0%   0.591 CG:1    AU:3    +
  113   134  2   0.0%   0.610 GU:2    AU:2    +
   74   101  2   0.0%   0.507 AU:3    UA:1    +
  115   164  2   0.0%   0.415 AU:3    UA:1    +
   66    76  2   0.0%   0.127 GU:1    UG:3    +
   61    76  2   0.0%   0.670 CG:1    UG:3    +
   45   137  2   0.0%   0.568 AU:1    UA:3    +
   74   122  2   0.0%   0.527 AU:2    UA:2    +
   56   121  2   0.0%   0.283 GC:1    AU:3    +
    3     8  2   0.0%   0.001 CG:1    UG:3    +
   48   123  2   0.0%   0.188 AU:3    UA:1    +
   55   127  2   0.0%   0.269 GC:1    UG:2    --:1    +
    2   126  2   0.0%   0.024 GU:1    AU:3    +
   73   165  2   0.0%   0.558 UG:1    UA:3    +
   45    68  2   0.0%   0.453 CG:1    UG:2    --:1    +
   61   113  2   0.0%   0.644 UG:2    UA:2    +
   47    62  2   0.0%   0.089 UG:3    UA:1    +
   76   147  2   0.0%   0.277 GC:3    GU:1    +
    5   134  2   0.0%   0.049 GU:1    AU:3    +
   54   164  2   0.0%   0.344 GU:1    AU:3    +
   83   112  3   0.2%   0.087 GC:1    UA:2    +
  120   154  2   0.0%   0.815 CG:1    UG:3    +
   54   120  2   0.0%   0.256 GU:1    AU:3    +
    2   134  2   0.0%   0.025 GU:1    AU:3    +
   68   132  2   0.0%   0.426 GC:2    GU:1    --:1    +
   45    78  2   0.0%   0.508 CG:1    UG:3    +
   45   122  2   0.0%   0.519 AU:1    UA:3    +
    8   123  2   0.0%   0.411 GC:1    GU:3    +
   86   143  2   0.0%   0.653 GC:3    GU:1    +
   47   113  2   0.0%   0.289 UG:2    UA:2    +
  130   154  2   0.0%   0.513 CG:2    UG:2    +
  108   132  2   0.0%   0.237 GC:3    GU:1    +
   71   152  2   0.0%   0.999 GC:3    GU:1    +
  107   153  2   0.0%   0.606 GC:1    AU:3    +
    9    84  2   0.0%   0.362 GC:2    GU:2    +
  113   133  2   0.0%   0.591 GU:2    AU:2    +
  107   120  2   0.0%   0.378 GU:1    AU:3    +
   40    83  2   0.0%   0.014 GC:3    GU:1    +
   43    71  2   0.0%   0.053 CG:3    UG:1    +
   44    71  2   0.0%   0.380 CG:3    UG:1    +
    3    77  2   0.0%   0.014 UG:1    UA:3    +
  124   153  2   0.0%   1.066 CG:1    GU:3    +
   76   130  2   0.0%   0.132 GC:3    GU:1    +
    8    83  2   0.0%   0.383 GC:3    GU:1    +
   91   130  2   0.0%   0.461 GC:3    GU:1    +
    5    85  2   0.0%   0.011 GU:1    AU:3    +
   78   143  2   0.0%   0.623 GC:3    GU:1    +
  125   154  2   0.0%   0.962 CG:1    UG:3    +
   74    84  2   0.0%   0.548 UG:2    AU:2    +
    8    58  2   0.0%   0.383 GU:3    UA:1    +
    2    79  2   0.0%   0.004 GU:1    AU:3    +
   12    83  2   0.0%   0.047 GC:3    AU:1    +
   67   113  2   0.0%   0.395 UG:2    UA:1    --:1    +
   62   126  2   0.0%   0.475 GU:3    AU:1    +
   45   127  2   0.0%   0.512 CG:1    UG:2    --:1    +
   10    84  2   0.0%   0.164 UG:2    AU:2    +
  127   146  2   0.0%   0.365 GC:2    GU:1    --:1    +
   88    99  2   0.0%   0.004 GU:3    UG:1    +
   52   146  2   0.0%   0.199 GC:2    GU:2    +
    6    74  2   0.0%   0.025 AU:1    UA:3    +
   56   116  2   0.0%   0.285 GU:1    AU:3    +
   76   113  2   0.0%   0.138 GU:2    UA:2    +
    6    10  2   0.0%   0.002 AU:1    UA:3    +
   54   139  2   0.0%   0.394 GC:1    AU:3    +
  103   113  2   0.0%   0.539 CG:2    UA:2    +
    6    78  2   0.0%   0.025 UG:3    UA:1    +
  138   164  2   0.0%   0.459 GU:1    AU:3    +
  108   123  2   0.0%   0.219 GC:1    GU:3    +
   49   150  2   0.0%   0.353 UG:1    AU:2    --:1    +
   48    68  2   0.0%   0.060 UG:2    AU:1    --:1    +
   45    71  2   0.0%   0.452 UG:3    AU:1    +
   77   139  2   0.0%   0.335 GC:1    AU:3    +
   55   126  2   0.0%   0.270 GC:1    AU:3    +
  119   153  2   0.0%   0.954 GC:1    GU:3    +
    5    79  2   0.0%   0.009 GU:1    AU:3    +
   71   142  2   0.0%   1.138 GC:2    GU:2    +
  138   153  2   0.0%   0.840 GU:1    AU:3    +
    7    55  2   0.0%   0.326 UG:1    UA:3    +
  110   152  2   0.0%   0.620 GC:3    AU:1    +
   55   120  2   0.0%   0.281 GC:1    AU:3    +
    2    61  2   0.0%   0.003 GC:1    AU:3    +
   75   154  2   0.0%   0.965 CG:1    UG:3    +
   54   156  2   0.0%   0.671 GU:1    AU:3    +
   57   153  2   0.0%   0.871 CG:1    AU:3    +
   55   129  2   0.0%   0.268 GC:1    UA:2    --:1    +
  110   153  2   0.0%   0.590 GU:3    AU:1    +
   55    85  2   0.0%   0.293 GU:1    AU:3    +
   93   122  2   0.0%   0.367 AU:1    UA:3    +
  111   154  2   0.0%   0.555 CG:3    UG:1    +
   61   154  2   0.0%   1.033 CG:1    UG:3    +
   52   132  2   0.0%   0.091 GC:2    GU:2    +
   52   116  2   0.0%   0.108 GC:1    GU:3    +
   58   100  2   0.0%   0.483 AU:1    UA:3    +
    1    99  2   0.0%   0.004 GU:2    AU:2    +
   48    66  2   0.0%   0.060 UG:1    AU:3    +
    2    66  2   0.0%   0.003 CG:1    AU:3    +
   62    85  2   0.0%   0.499 GU:3    AU:1    +
   47    88  2   0.0%   0.246 UG:3    UA:1    +
   62   153  2   0.0%   0.864 GU:3    UG:1    +
   73   131  2   0.0%   0.551 GC:1    UA:3    +
  113   156  2   0.0%   0.881 GU:2    AU:2    +
   54   125  2   0.0%   0.245 GC:1    AU:3    +
    3    71  2   0.0%   0.014 CG:1    UG:3    +
    4    73  2   0.0%   0.018 GU:2    AU:2    +
   71   147  2   0.0%   0.726 GC:2    GU:2    +
  113   157  2   0.0%   0.827 GU:2    AU:2    +
   68   122  2   0.0%   0.376 GU:2    UA:1    --:1    +
   74    93  2   0.0%   0.509 UG:1    AU:3    +
   52    87  2   0.0%   0.085 GC:2    GU:2    +
   75   110  2   0.0%   0.515 UG:3    UA:1    +
    2    72  2   0.0%   0.003 GU:1    AU:3    +
   54   116  2   0.0%   0.260 GU:1    AU:3    +
    5    72  2   0.0%   0.009 GU:1    AU:3    +
   76    93  2   0.0%   0.093 GU:3    UG:1    +
    6    77  2   0.0%   0.025 UG:1    UA:3    +
  110   123  2   0.0%   0.227 GU:2    AU:2    +
   58   137  2   0.0%   0.606 AU:1    UA:3    +
  110   141  2   0.0%   0.412 GC:3    AU:1    +
   88   141  2   0.0%   0.366 GC:3    AU:1    +
   10    18  2   0.0%   0.002 AU:3    UA:1    +
   66   110  2   0.0%   0.057 UG:3    UA:1    +
   51   107  2   0.0%   0.242 AU:1    UA:3    +
   77    93  2   0.0%   0.213 GU:1    AU:3    +
    1    45  2   0.0%   0.001 GC:1    AU:3    +
    6   106  2   0.0%   0.025 UG:1    UA:3    +
   66   122  2   0.0%   0.068 GU:1    UA:3    +
    2    75  2   0.0%   0.003 GU:1    AU:3    +
   11   107  2   0.0%   0.039 AU:1    UA:3    +
   78   164  2   0.0%   0.319 GU:3    AU:1    +
   71   103  2   0.0%   0.556 GC:2    GU:2    +
   66   115  2   0.0%   0.083 GU:1    UA:3    +
  102   139  2   0.0%   0.408 AU:3    UA:1    +
   76   156  2   0.0%   0.508 GC:1    GU:3    +
   99   110  2   0.0%   0.237 UG:3    UA:1    +
   91   104  1   0.2%   0.345 GU:3    --:2    +
   91   100  3   0.2%   0.071 GU:1    UA:2    +
  126   144  1   0.2%   0.734 UA:5    +
  125   140  2   0.3%   1.012 UA:3    --:1    +
   48    83  3   0.1%   0.189 UG:1    AU:2    +
  120   155  1   0.1%   0.800 UA:5    +
   94    99  2   0.3%   0.080 AU:4    +
   59    69  1   0.1%   0.075 AU:4    --:1    +
   69   129  1   0.1%   0.331 UA:4    --:1    +
   50    68  1   0.1%   0.050 CG:4    --:1    +
   46    85  1   0.1%   0.427 AU:5    +
  122   132  3   0.1%   0.268 AU:2    UA:1    +
    8    50  1   0.1%   0.396 GC:5    +
   90   102  3   0.4%   0.099 UA:3    +
    3   115  3   0.4%   0.075 UA:3    +
    9   136  1   0.1%   0.512 GC:5    +
   70   128  1   0.1%   0.412 UA:4    --:1    +
   58    62  3   0.1%   0.029 UG:2    AU:1    +
   60    70  1   0.1%   0.495 AU:4    --:1    +
  134   144  1   0.1%   0.924 UA:5    +
   66   132  3   0.1%   0.123 GC:2    UA:1    +
    3   154  3   0.1%   0.079 CG:1    UG:2    +
  148   154  3   0.1%   0.668 CG:1    UG:2    +
  115   148  3   0.1%   0.533 UG:1    AU:2    +
  116   140  1   0.1%   0.449 UA:4    --:1    +
  127   134  1   0.1%   0.183 GU:4    --:1    +
  114   150  3   0.1%   0.593 CG:2    GC:1    +
   98   105  1   0.1%   0.330 UA:3    --:2    +
   90   105  1   0.1%   0.061 UA:3    --:2    +
   11    46  3   0.3%   0.357 UA:3    +
  120   144  1   0.1%   0.742 UA:5    +
    7    52  1   0.1%   0.339 UG:5    +
  113   120  3   0.1%   0.526 GU:2    AU:1    +
   46    72  1   0.1%   0.340 AU:5    +
    9   150  3   0.1%   1.066 GC:1    GU:2    +
    5   119  3   0.1%   0.052 CG:2    GU:1    +
    7    48  2   0.2%   0.363 UA:4    +
  114   151  3   0.1%   0.862 CG:1    GC:2    +
    7   150  3   0.1%   0.790 UG:2    UA:1    +
  113   126  3   0.1%   0.503 GU:2    AU:1    +
   48   154  3   0.1%   0.564 UG:2    AU:1    +
   11    48  3   0.1%   0.100 AU:1    UA:2    +
    4   121  3   0.1%   0.069 GC:1    GU:2    +
   68    75  1   0.1%   0.877 GU:4    --:1    +
  113   152  3   0.1%   0.941 GC:2    AU:1    +
    3   121  3   0.1%   0.050 AU:1    UA:2    +
  122   144  3   0.1%   0.675 AU:1    UA:2    +
   73   121  3   0.1%   0.563 GU:1    UA:2    +
  124   143  3   0.0%   1.076 GC:2    UA:1    +
    4   152  3   0.0%   0.253 GC:2    GU:1    +
    4   164  3   0.0%   0.564 GU:1    AU:2    +
   83   109  3   0.0%   0.037 GC:1    UA:2    +
  116   124  3   0.0%   0.565 CG:1    UG:2    +
  132   138  3   0.0%   0.502 CG:1    UA:2    +
   55    75  3   0.0%   0.492 GC:1    AU:2    +
  146   154  3   0.0%   0.641 CG:2    UG:1    +
    4   142  3   0.0%   0.076 GC:1    GU:2    +
   45    52  3   0.0%   0.481 CG:1    UG:2    +
   70    77  1   0.0%   0.582 UA:4    --:1    +
   67    76  1   0.0%   0.428 UG:4    --:1    +
    4   141  3   0.0%   0.071 GC:2    GU:1    +
   89   114  3   0.0%   0.426 CG:2    GC:1    +
    8    48  3   0.0%   0.409 GU:2    UA:1    +
  133   137  1   0.0%   0.874 UA:5    +
    2   123  3   0.0%   0.028 GU:1    AU:2    +
   51    84  3   0.0%   0.258 UG:1    AU:2    +
   52    69  1   0.0%   0.054 GU:4    --:1    +
    9   124  3   0.0%   0.397 GC:2    GU:1    +
   67   137  1   0.0%   0.492 UA:4    --:1    +
  116   121  3   0.0%   0.285 AU:1    UA:2    +
    5   120  3   0.0%   0.056 GU:1    AU:2    +
  145   156  1   0.0%   0.893 AU:5    +
  138   146  3   0.0%   0.574 GC:1    AU:2    +
   48   144  3   0.0%   0.583 AU:1    UA:2    +
   69    77  1   0.0%   0.495 UA:4    --:1    +
   46    79  1   0.0%   0.388 AU:5    +
    5   116  3   0.0%   0.055 GC:1    AU:2    +
   54    66  3   0.0%   0.012 GU:1    AU:2    +
   72   129  1   0.0%   0.580 UA:4    --:1    +
  114   136  3   0.0%   0.676 CG:1    GC:2    +
    6   150  3   0.0%   0.496 UG:2    AU:1    +
    2   139  3   0.0%   0.031 GU:1    AU:2    +
  120   127  1   0.0%   0.233 UG:4    --:1    +
   57    67  1   0.0%   0.070 AU:4    --:1    +
  144   157  1   0.0%   0.841 AU:5    +
   71    76  3   0.0%   0.635 GU:2    UG:1    +
  127   133  1   0.0%   0.148 GU:4    --:1    +
   89   110  3   0.3%   0.155 CG:3    +
  120   150  3   0.0%   0.422 UG:2    UA:1    +
  113   119  3   0.0%   0.606 UG:2    AU:1    +
    7    49  1   0.0%   0.317 UA:4    --:1    +
  111   127  1   0.0%   0.127 CG:4    --:1    +
  113   144  3   0.0%   0.896 AU:1    UA:2    +
   45    93  3   0.0%   0.508 UG:1    AU:2    +
   85   122  2   0.2%   0.499 UA:4    +
  150   157  3   0.0%   0.386 GU:2    AU:1    +
   15   127  1   0.0%   0.013 CG:4    --:1    +
   51    76  3   0.0%   0.083 UG:2    AU:1    +
  124   142  3   0.0%   1.275 GC:2    GU:1    +
  101   121  3   0.0%   0.204 AU:1    UA:2    +
    8   158  1   0.0%   1.457 GU:5    +
   47    59  1   0.0%   0.090 UA:5    +
   61   140  1   0.0%   0.656 UA:4    --:1    +
   13   129  1   0.0%   0.019 UA:4    --:1    +
    8   113  3   0.0%   0.444 GU:2    UA:1    +
  150   154  3   0.0%   0.561 GC:1    UG:2    +
  106   114  3   0.0%   0.502 GC:2    AU:1    +
   62    71  3   0.0%   1.014 GU:1    UG:2    +
    1   121  3   0.0%   0.008 GU:2    AU:1    +
   45   153  3   0.0%   0.845 UG:1    AU:2    +
   45    74  3   0.0%   0.456 AU:1    UA:2    +
    6    54  3   0.0%   0.027 UG:1    UA:2    +
   90    97  1   0.0%   0.009 UA:5    +
  124   147  3   0.0%   0.843 GC:2    GU:1    +
   58    66  3   0.0%   0.051 UG:1    AU:2    +
   11   146  3   0.0%   0.155 AU:2    UA:1    +
  127   141  1   0.0%   0.542 GC:4    --:1    +
   11   122  3   0.0%   0.057 AU:1    UA:2    +
   57    69  1   0.0%   0.068 AU:4    --:1    +
  127   142  1   0.0%   0.849 GC:4    --:1    +
    8   121  3   0.0%   0.419 GC:1    GU:2    +
    1   141  3   0.0%   0.011 GC:2    AU:1    +
   16   126  1   0.0%   0.099 AU:5    +
   12    45  3   0.0%   0.490 GC:1    GU:2    +
    8    15  1   0.0%   0.004 GC:5    +
   13    46  1   0.0%   0.334 UA:5    +
   49    73  1   0.0%   0.117 AU:4    --:1    +
    8   114  3   0.0%   0.432 GC:2    GU:1    +
   52   141  1   0.0%   0.380 GC:5    +
  124   151  3   0.0%   0.973 CG:1    GC:2    +
   52    67  1   0.0%   0.035 GU:4    --:1    +
  120   128  1   0.0%   0.223 UA:4    --:1    +
   13   145  1   0.0%   0.396 UA:5    +
   68    73  1   0.0%   0.890 GU:4    --:1    +
    5   130  3   0.0%   0.049 GC:1    AU:2    +
  119   132  3   0.0%   0.394 GC:2    GU:1    +
  116   128  1   0.0%   0.387 UA:4    --:1    +
    8   115  3   0.0%   0.430 GU:2    UA:1    +
   67    74  1   0.0%   0.849 UA:4    --:1    +
   49    85  1   0.0%   0.349 AU:4    --:1    +
   73   127  1   0.0%   0.546 UG:4    --:1    +
   69   128  1   0.0%   0.308 UA:4    --:1    +
   76   100  3   0.0%   0.094 GU:1    UA:2    +
  126   140  1   0.0%   0.725 UA:4    --:1    +
    8   157  1   0.0%   1.711 GU:5    +
   68    79  1   0.0%   0.713 GU:4    --:1    +
   69   108  1   0.0%   0.304 UG:4    --:1    +
  115   132  3   0.0%   0.416 AU:2    UA:1    +
  113   141  3   0.0%   0.708 GC:2    AU:1    +
  138   147  3   0.0%   0.617 GU:2    AU:1    +
   79   129  1   0.0%   0.411 UA:4    --:1    +
  107   115  3   0.0%   0.393 AU:2    UA:1    +
   54   147  3   0.0%   0.466 GC:1    AU:2    +
   13    41  1   0.0%   0.003 UA:5    +
   73    77  1   0.0%   0.730 UA:5    +
   78   114  3   0.0%   0.235 GC:2    GU:1    +
  115   139  3   0.0%   0.453 AU:2    UA:1    +
   47    52  1   0.0%   0.111 UG:5    +
   50   127  1   0.0%   0.267 CG:4    --:1    +
  113   130  3   0.0%   0.501 GC:2    AU:1    +
    8   122  3   0.0%   0.414 GU:2    UA:1    +
  113   143  3   0.0%   0.854 GC:2    UA:1    +
   78   124  3   0.0%   0.260 GC:2    AU:1    +
   45    62  3   0.0%   0.453 UG:2    AU:1    +
   14    45  3   0.0%   0.457 AU:2    UA:1    +
   69   155  1   0.0%   0.693 UA:4    --:1    +
  137   146  3   0.0%   0.514 AU:2    UA:1    +
    4    51  3   0.0%   0.019 GU:1    AU:2    +
   69   145  1   0.0%   0.691 UA:4    --:1    +
  108   114  3   0.0%   0.535 GC:2    GU:1    +
   70   140  1   0.0%   0.446 UA:4    --:1    +
   73   114  3   0.0%   0.563 GC:1    UG:2    +
   51    56  3   0.0%   0.023 UG:1    UA:2    +
   79   115  2   0.2%   0.414 UA:4    +
    5   124  3   0.0%   0.046 CG:2    AU:1    +
   45    54  3   0.0%   0.452 UG:1    UA:2    +
  145   158  1   0.0%   0.572 AU:5    +
   51    66  3   0.0%   0.023 UG:1    AU:2    +
   49   157  1   0.0%   0.643 AU:4    --:1    +
  113   153  3   0.0%   0.904 GU:2    AU:1    +
    7   127  1   0.0%   0.343 UG:4    --:1    +
   55   158  3   0.0%   0.386 GU:1    AU:2    +
   39    46  1   0.0%   0.412 UA:5    +
   66    73  3   0.0%   0.583 GU:2    UG:1    +
  132   137  3   0.0%   0.440 AU:1    UA:2    +
   75   124  3   0.0%   0.527 CG:1    UG:2    +
   59    72  1   0.0%   0.495 AU:5    +
   47   144  1   0.0%   0.653 UA:5    +
   52    85  1   0.0%   0.115 GU:5    +
    6    45  3   0.0%   0.003 AU:1    UA:2    +
   80    95  1   0.0%   0.002 GC:1    --:4    +
   81    90  1   0.0%   0.122 AU:5    +
   27    32  1   0.0%   0.121 UA:5    +
   46   158  1   0.0%   0.471 AU:5    +
   84    90  3   0.0%   0.062 GU:2    UA:1    +
   73    81  1   0.0%   0.645 UA:5    +
   10   125  3   0.0%   0.177 AU:2    UA:1    +
   83   122  3   0.0%   0.292 GU:1    UA:2    +
   81    92  1   0.0%   0.122 AU:5    +
   67   144  1   0.0%   0.765 UA:4    --:1    +
  131   150  3   0.0%   0.074 CG:2    AU:1    +
  127   152  1   0.0%   0.661 GC:4    --:1    +
   60    73  1   0.0%   1.060 AU:5    +
  126   145  1   0.0%   0.731 UA:5    +
    3    54  3   0.0%   0.013 UG:1    UA:2    +
   10   137  3   0.0%   0.268 AU:1    UA:2    +
   60   156  1   0.0%   0.893 AU:5    +
  140   156  1   0.0%   0.886 AU:4    --:1    +
   11   115  3   0.0%   0.065 AU:1    UA:2    +
   13   155  1   0.0%   0.393 UA:5    +
    4   130  3   0.0%   0.059 GC:2    GU:1    +
   61   155  1   0.0%   0.983 UA:5    +
   56   147  3   0.0%   0.460 GU:1    AU:2    +
   79   150  3   0.0%   0.456 UG:2    UA:1    +
   85   144  1   0.0%   0.844 UA:5    +
   69    81  1   0.0%   0.410 UA:4    --:1    +
   83    88  3   0.0%   0.024 CG:2    UA:1    +
    1   139  3   0.0%   0.008 GU:2    AU:1    +
  137   157  1   0.0%   0.698 AU:5    +
   59   157  1   0.0%   0.808 AU:5    +
   45    56  3   0.0%   0.452 UG:1    UA:2    +
   70    81  1   0.0%   0.493 UA:4    --:1    +
  138   148  3   0.0%   0.577 GU:1    AU:2    +
   70   155  1   0.0%   0.775 UA:4    --:1    +
   25    34  3   0.0%   0.326 GU:2    UA:1    +
   62   146  3   0.0%   0.510 GC:2    AU:1    +
   44   138  3   0.0%   0.476 CG:2    UA:1    +
    6   125  3   0.0%   0.032 AU:2    UA:1    +
   61    81  1   0.0%   0.710 UA:5    +
  114   138  3   0.0%   0.615 CG:2    UA:1    +
  108   121  3   0.0%   0.235 GC:1    GU:2    +
    8   133  1   0.0%   0.417 GU:5    +
   62   130  3   0.0%   0.474 GC:2    GU:1    +
   44   127  1   0.0%   0.400 CG:4    --:1    +
    5   126  3   0.0%   0.048 GU:1    AU:2    +
   74   125  3   0.0%   0.520 AU:2    UA:1    +
   41    47  1   0.0%   0.090 AU:5    +
   51    74  3   0.0%   0.084 AU:1    UA:2    +
  136   150  3   0.0%   0.414 CG:2    GU:1    +
   49    92  1   0.0%   0.335 AU:4    --:1    +
  133   144  1   0.0%   0.986 UA:5    +
   85   137  1   0.0%   0.566 UA:5    +
    6    51  3   0.0%   0.021 AU:1    UA:2    +
   68   141  1   0.0%   0.595 GC:4    --:1    +
   83   154  3   0.0%   0.705 CG:2    UG:1    +
    6   121  3   0.0%   0.039 AU:1    UA:2    +
  101   105  1   0.0%   0.439 UA:3    --:2    +
   44   113  3   0.0%   0.437 CG:2    UA:1    +
   51    62  3   0.0%   0.023 UG:2    AU:1    +
   56    69  1   0.0%   0.071 AU:4    --:1    +
   44    68  1   0.0%   0.380 CG:4    --:1    +
   94   126  1   0.0%   0.180 AU:5    +
   86   136  1   0.0%   0.429 GC:5    +
    1   125  3   0.0%   0.006 GU:2    AU:1    +
   40    48  3   0.0%   0.071 GU:2    UA:1    +
   81   158  1   0.0%   0.338 AU:5    +
    5   121  3   0.0%   0.054 GU:1    AU:2    +
   75   128  1   0.0%   0.533 UA:4    --:1    +
   76   137  3   0.0%   0.247 GU:1    UA:2    +
   45   154  3   0.0%   0.880 CG:1    UG:2    +
  140   164  1   0.0%   0.528 AU:4    --:1    +
   40    44  1   0.0%   0.374 GC:5    +
   47   150  3   0.0%   0.277 UG:2    UA:1    +
   54   148  3   0.0%   0.420 GU:1    AU:2    +
   46   157  1   0.0%   0.728 AU:5    +
   86    92  1   0.0%   0.025 GU:5    +
  114   165  3   0.0%   0.554 CG:2    UA:1    +
  137   150  3   0.0%   0.422 UG:1    AU:2    +
   58    76  3   0.0%   0.554 UG:2    AU:1    +
   54   153  3   0.0%   0.706 GU:1    AU:2    +
   79   100  1   0.0%   0.354 UA:5    +
  133   150  3   0.0%   0.557 UG:2    UA:1    +
   68   142  1   0.0%   0.948 GC:4    --:1    +
   44   108  1   0.0%   0.396 CG:5    +
   45   124  3   0.0%   0.516 UG:2    AU:1    +
  124   148  3   0.0%   0.802 CG:1    GU:2    +
  121   153  3   0.0%   0.511 CG:1    AU:2    +
   84   124  3   0.0%   0.482 CG:2    GC:1    +
  131   148  3   0.0%   0.171 CG:1    AU:2    +
   51   164  3   0.0%   0.391 AU:2    UA:1    +
   49   158  1   0.0%   0.385 AU:4    --:1    +
   11    54  3   0.0%   0.041 UG:1    UA:2    +
   47    68  1   0.0%   0.088 UG:4    --:1    +
  109   127  1   0.0%   0.186 CG:4    --:1    +
   12   143  3   0.0%   0.421 GC:2    GU:1    +
  110   121  3   0.0%   0.243 GU:1    AU:2    +
   88   116  3   0.0%   0.363 GU:2    AU:1    +
  105   123  1   0.0%   0.329 AU:3    --:2    +
   51   138  3   0.0%   0.389 UG:1    UA:2    +
   69   140  1   0.0%   0.363 UA:4    --:1    +
   71    84  3   0.0%   0.599 GC:2    AU:1    +
   81   126  1   0.0%   0.285 AU:5    +
   52   143  3   0.0%   0.528 GC:2    GU:1    +
    8   134  1   0.0%   0.417 GU:5    +
  126   150  3   0.0%   0.290 UG:2    UA:1    +
   55   119  3   0.0%   0.279 UG:2    AU:1    +
   39    49  1   0.0%   0.094 UA:4    --:1    +
   68   157  1   0.0%   0.690 GU:4    --:1    +
   46   150  3   0.0%   0.437 CG:1    AU:2    +
   13   108  1   0.0%   0.013 UG:5    +
   11   113  3   0.0%   0.080 UG:2    AU:1    +
   68   152  1   0.0%   0.806 GC:4    --:1    +
   90    94  1   0.0%   0.005 UA:5    +
   56   146  3   0.0%   0.342 GC:1    AU:2    +
   46    69  1   0.0%   0.324 AU:4    --:1    +
   54    58  3   0.0%   0.007 GU:1    AU:2    +
  127   158  1   0.0%   0.290 GU:4    --:1    +
    7    59  1   0.0%   0.326 UA:5    +
   62   147  3   0.0%   0.628 GC:2    GU:1    +
   79   144  1   0.0%   0.804 UA:5    +
    4    76  3   0.0%   0.018 CG:1    GU:2    +
   52    72  1   0.0%   0.105 GU:5    +
  122   154  3   0.0%   0.660 UG:2    AU:1    +
    5    61  3   0.0%   0.009 GU:1    AU:2    +
  131   153  3   0.0%   0.434 CG:1    AU:2    +
   47   137  1   0.0%   0.312 UA:5    +
   85   150  3   0.0%   0.476 UG:2    UA:1    +
    1   132  3   0.0%   0.007 GC:1    AU:2    +
   48   119  3   0.0%   0.193 UG:2    AU:1    +
   52   120  1   0.0%   0.104 GU:5    +
   84   144  3   0.0%   0.863 GU:1    UA:2    +
   59   158  1   0.0%   0.550 AU:5    +
   45   115  3   0.0%   0.529 AU:1    UA:2    +
   68   158  1   0.0%   0.431 GU:4    --:1    +
   72   127  1   0.0%   0.568 UG:4    --:1    +
   59    79  1   0.0%   0.841 AU:5    +
   74   137  3   0.0%   0.639 AU:1    UA:2    +
   68    72  1   0.0%   0.909 GU:4    --:1    +
    8    85  1   0.0%   0.385 GU:5    +
   52   114  3   0.0%   0.116 GC:2    GU:1    +
   66   131  3   0.0%   0.061 GC:1    UA:2    +
  131   154  3   0.0%   0.477 CG:2    AU:1    +
   11   123  3   0.0%   0.054 AU:2    UA:1    +
   97   120  1   0.0%   0.217 AU:5    +
   59    84  3   0.0%   0.539 CG:1    AU:2    +
   59   134  1   0.0%   0.620 AU:5    +
   75   127  1   0.0%   0.525 UG:4    --:1    +
  113   154  3   0.0%   0.945 GU:1    UG:2    +
   94   120  1   0.0%   0.339 AU:5    +
   52   157  1   0.0%   0.532 GU:5    +
    5    75  3   0.0%   0.009 GC:1    AU:2    +
   79   108  1   0.0%   0.354 UG:5    +
   83    87  3   0.0%   0.023 GC:1    UA:2    +
   55   154  3   0.0%   0.761 UG:2    AU:1    +
   44   124  3   0.0%   0.403 CG:2    UG:1    +
   46    70  1   0.0%   0.324 AU:4    --:1    +
   67   154  1   0.0%   0.794 UG:4    --:1    +
   51   115  3   0.0%   0.269 AU:1    UA:2    +
   52   134  1   0.0%   0.140 GU:5    +
   85   127  1   0.0%   0.445 UG:4    --:1    +
  134   150  3   0.0%   0.476 UG:2    UA:1    +
   67   127  1   0.0%   0.358 UG:4    --:1    +
   58    84  3   0.0%   0.525 UG:1    AU:2    +
  103   124  3   0.0%   0.245 CG:2    UG:1    +
  115   154  3   0.0%   0.828 UG:2    AU:1    +
   49    67  1   0.0%   0.004 AU:4    --:1    +
   13    81  1   0.0%   0.014 UA:5    +
  107   123  3   0.0%   0.244 GU:1    AU:2    +
   99   121  3   0.0%   0.109 GU:1    UA:2    +
   76   132  3   0.0%   0.169 GC:2    GU:1    +
    4    44  3   0.0%   0.000 GC:2    GU:1    +
   61   128  1   0.0%   0.606 UA:4    --:1    +
   40    50  1   0.0%   0.038 GC:5    +
   81   156  1   0.0%   0.652 AU:5    +
  129   157  1   0.0%   0.750 AU:4    --:1    +
  123   154  3   0.0%   1.067 CG:1    UG:2    +
    7   129  1   0.0%   0.343 UA:4    --:1    +
   86    90  1   0.0%   0.025 GU:5    +
   15    78  1   0.0%   0.007 CG:5    +
   68    85  1   0.0%   0.395 GU:4    --:1    +
   68   126  1   0.0%   0.372 GU:4    --:1    +
   41   134  1   0.0%   0.063 AU:5    +
  105   116  1   0.0%   0.511 AU:3    --:2    +
   92   129  1   0.0%   0.655 UA:4    --:1    +
    9    17  1   0.0%   0.003 GC:5    +
   75   140  1   0.0%   0.572 UA:4    --:1    +
    4    62  3   0.0%   0.018 CG:1    GU:2    +
   11    55  3   0.0%   0.040 AU:1    UA:2    +
    1    83  3   0.0%   0.002 GC:1    AU:2    +
   85   100  1   0.0%   0.054 UA:5    +
   83   164  3   0.0%   0.293 GU:1    UA:2    +
  136   165  3   0.0%   0.373 CG:2    GU:1    +
   45   138  3   0.0%   0.587 UG:1    UA:2    +
   55   144  3   0.0%   0.729 GU:1    UA:2    +
    9    38  1   0.0%   0.002 GC:5    +
   47   127  1   0.0%   0.257 UG:4    --:1    +
   56   125  3   0.0%   0.271 GU:1    AU:2    +
   40    47  1   0.0%   0.092 GU:5    +
   85   129  1   0.0%   0.453 UA:4    --:1    +
   79   127  1   0.0%   0.402 UG:4    --:1    +
   13    40  1   0.0%   0.000 UG:5    +
   59    85  1   0.0%   0.528 AU:5    +
    5    12  3   0.0%   0.000 CG:2    AU:1    +
    8    43  1   0.0%   0.002 GC:5    +
   59   133  1   0.0%   0.601 AU:5    +
  106   125  3   0.0%   0.156 GU:1    AU:2    +
   60   126  1   0.0%   0.542 AU:5    +
  103   127  1   0.0%   0.229 CG:4    --:1    +
   51   139  3   0.0%   0.392 AU:2    UA:1    +
   21   140  1   0.0%   0.161 UA:4    --:1    +
   60   120  1   0.0%   0.553 AU:5    +
  104   110  1   0.0%   0.299 UG:3    --:2    +
   66   150  3   0.0%   0.095 GU:1    UG:2    +
  102   125  3   0.0%   0.334 AU:2    UA:1    +
  127   164  1   0.0%   0.255 GU:4    --:1    +
  121   164  3   0.0%   0.148 AU:2    UA:1    +
   47   129  1   0.0%   0.256 UA:4    --:1    +
   59   150  3   0.0%   0.524 CG:1    AU:2    +
  104   127  1   0.0%   0.128 UG:3    --:2    +
   62   137  3   0.0%   0.594 GU:1    UA:2    +
  126   155  1   0.0%   0.652 UA:5    +
   78   150  3   0.0%   0.313 GC:1    GU:2    +
   28    32  1   0.0%   0.120 UA:5    +
   42   120  1   0.0%   0.030 AU:5    +
   74   104  1   0.0%   0.507 AU:3    --:2    +
   86   104  1   0.0%   0.040 GU:3    --:2    +
   20    38  1   0.0%   0.156 GC:5    +
    8    55  3   0.0%   0.384 GU:2    UA:1    +
   84   131  3   0.0%   0.471 GC:2    UA:1    +
   23    43  1   0.0%   0.163 GC:5    +
   49   133  1   0.0%   0.372 AU:4    --:1    +
    8   104  1   0.0%   0.384 GU:3    --:2    +
   85   108  1   0.0%   0.068 UG:5    +
   54   130  3   0.0%   0.243 GC:1    AU:2    +
   77   104  1   0.0%   0.212 AU:3    --:2    +
   12    48  3   0.0%   0.103 GU:2    UA:1    +
   69   127  1   0.0%   0.307 UG:4    --:1    +
   16   120  1   0.0%   0.105 AU:5    +
   58   138  3   0.0%   0.563 UG:1    UA:2    +
   58   164  3   0.0%   0.509 AU:2    UA:1    +
   66   125  3   0.0%   0.065 GU:2    UA:1    +
   75   129  1   0.0%   0.532 UA:4    --:1    +
    1    44  3   0.0%   0.001 GC:2    AU:1    +
   10    51  3   0.0%   0.178 AU:2    UA:1    +
   61    97  1   0.0%   0.602 UA:5    +
   12   121  3   0.0%   0.063 GU:2    AU:1    +
    7    40  1   0.0%   0.003 UG:5    +
   11    78  3   0.0%   0.039 UG:2    UA:1    +
   19    39  1   0.0%   0.234 GU:5    +
   73   155  1   0.0%   0.941 UA:5    +
   48   132  3   0.0%   0.183 AU:2    UA:1    +
   46   134  1   0.0%   0.468 AU:5    +
   13    49  1   0.0%   0.015 UA:4    --:1    +
   22    39  1   0.0%   0.207 AU:5    +
  113   158  3   0.0%   0.567 GU:2    AU:1    +
   73    94  1   0.0%   0.532 UA:5    +
    2    45  3   0.0%   0.002 GC:1    AU:2    +
  128   156  1   0.0%   0.697 AU:4    --:1    +
   67   129  1   0.0%   0.357 UA:4    --:1    +
   15    52  1   0.0%   0.016 CG:5    +
    1    11  3   0.0%   0.001 GU:1    AU:2    +
    6    58  3   0.0%   0.025 AU:1    UA:2    +
   41   157  1   0.0%   0.317 AU:5    +
  127   157  1   0.0%   0.549 GU:4    --:1    +
    2    87  3   0.0%   0.005 GC:1    AU:2    +
   73   129  1   0.0%   0.554 UA:4    --:1    +
    9    37  1   0.0%   0.002 GC:5    +
   46   133  1   0.0%   0.455 AU:5    +
  124   158  3   0.0%   0.722 GC:1    GU:2    +
   42   156  1   0.0%   0.365 AU:5    +
    5   108  3   0.0%   0.009 CG:2    GC:1    +
   89   127  1   0.0%   0.071 CG:4    --:1    +
   76   146  3   0.0%   0.163 GC:2    GU:1    +
   77    92  1   0.0%   0.213 AU:5    +
   50   108  1   0.0%   0.261 CG:5    +
   61   145  1   0.0%   0.981 UA:5    +
  129   158  1   0.0%   0.490 AU:4    --:1    +
   92   145  1   0.0%   1.043 UA:5    +
   77   130  3   0.0%   0.260 GC:1    AU:2    +
  128   164  1   0.0%   0.339 AU:4    --:1    +
   68   103  1   0.0%   0.364 GC:4    --:1    +
  129   164  1   0.0%   0.455 AU:4    --:1    +
   73    86  1   0.0%   0.552 UG:5    +
   54   123  3   0.0%   0.248 GU:1    AU:2    +
    4    58  3   0.0%   0.017 GU:1    AU:2    +
  110   151  3   0.0%   0.497 GC:2    GU:1    +
   60   158  1   0.0%   0.588 AU:5    +
   73   145  1   0.0%   0.925 UA:5    +
   90   140  1   0.0%   0.329 UA:4    --:1    +
   91   146  3   0.0%   0.508 GC:2    GU:1    +
   40   158  1   0.0%   0.062 GU:5    +
  104   128  1   0.0%   0.135 UA:3    --:2    +
   52   126  1   0.0%   0.093 GU:5    +
   81   104  1   0.0%   0.119 AU:3    --:2    +
    3    14  3   0.0%   0.001 AU:1    UA:2    +
  104   108  1   0.0%   0.290 UG:3    --:2    +
   39   113  3   0.0%   0.132 UG:2    UA:1    +
   62   123  3   0.0%   0.477 GU:2    AU:1    +
   41   150  3   0.0%   0.030 CG:1    AU:2    +
    4   111  3   0.0%   0.018 GC:2    GU:1    +
   99   114  3   0.0%   0.419 GC:1    UG:2    +
   14    54  3   0.0%   0.014 UG:1    UA:2    +
  104   119  1   0.0%   0.317 UG:3    --:2    +
   79   137  1   0.0%   0.524 UA:5    +
    1   111  3   0.0%   0.003 GC:2    AU:1    +
   39    77  1   0.0%   0.092 UA:5    +
   52   133  1   0.0%   0.126 GU:5    +
   17   127  1   0.0%   0.011 CG:4    --:1    +
   52   111  1   0.0%   0.101 GC:5    +
   51   124  3   0.0%   0.251 UG:2    AU:1    +
    8    79  1   0.0%   0.383 GU:5    +
   71   164  3   0.0%   0.606 GU:2    AU:1    +
   41    85  1   0.0%   0.013 AU:5    +
   11    47  3   0.2%   0.126 AU:3    +
   76   158  2   0.1%   0.222 GU:4    +
    2   116  3   0.2%   0.045 AU:3    +
   98   106  2   0.1%   0.186 UA:3    --:1    +
   51    85  3   0.2%   0.283 AU:3    +
   10   134  2   0.1%   0.269 AU:4    +
   67   131  2   0.1%   0.380 UA:3    --:1    +
   99   106  2   0.1%   0.202 UA:4    +
   49    69  2   0.1%   0.027 AU:3    --:1    +
   71   156  2   0.1%   0.952 GU:4    +
   48    70  2   0.1%   0.082 AU:3    --:1    +
   79   122  2   0.1%   0.439 UA:4    +
  119   136  2   0.1%   0.503 GC:4    +
  124   130  3   0.2%   0.288 GC:3    +
  123   131  3   0.2%   0.255 UA:3    +
   60    66  2   0.1%   0.054 AU:4    +
  125   145  3   0.1%   1.009 UA:3    +
   25    32  2   0.1%   0.333 UA:4    +
   48    85  2   0.1%   0.193 AU:4    +
   86   109  2   0.1%   0.057 GC:4    +
   72   122  2   0.1%   0.581 UA:4    +
   97   101  3   0.1%   0.187 AU:3    +
   90   100  2   0.1%   0.031 UA:4    +
   74   120  2   0.0%   0.536 AU:4    +
   46   156  2   0.0%   0.776 AU:4    +
  123   144  2   0.0%   1.091 UA:4    +
   56    66  2   0.0%   0.025 AU:4    +
   73   144  2   0.0%   0.951 UA:4    +
    3   145  2   0.0%   0.065 UA:4    +
   75   119  2   0.0%   0.538 UG:4    +
   46   120  2   0.0%   0.435 AU:4    +
    6    52  2   0.0%   0.029 UG:4    +
   10   157  2   0.0%   0.784 AU:4    +
   94    98  2   0.0%   0.033 AU:3    --:1    +
  115   120  2   0.0%   0.387 AU:4    +
  155   164  2   0.0%   0.459 AU:4    +
    9   112  2   0.0%   0.401 GC:4    +
   76    85  2   0.0%   0.127 GU:4    +
  144   158  2   0.0%   0.584 AU:4    +
   44    76  2   0.0%   0.386 CG:4    +
  119   126  2   0.0%   0.325 GU:4    +
    3   140  2   0.0%   0.056 UA:3    --:1    +
   50    76  2   0.0%   0.135 CG:4    +
   47    91  2   0.0%   0.252 UG:4    +
  102   120  2   0.0%   0.493 AU:4    +
  140   148  2   0.0%   0.650 AU:3    --:1    +
   48   156  2   0.0%   0.544 AU:4    +
  115   126  2   0.0%   0.379 AU:4    +
   44   154  2   0.0%   0.769 CG:4    +
  122   153  3   0.1%   0.624 AU:3    +
    3   144  2   0.0%   0.059 UA:4    +
   57    70  2   0.0%   0.057 AU:3    --:1    +
  115   134  2   0.0%   0.491 AU:4    +
  108   112  2   0.0%   0.350 GC:4    +
  123   128  2   0.0%   0.231 UA:3    --:1    +
   10   120  2   0.0%   0.180 AU:4    +
  145   153  2   0.0%   0.943 AU:4    +
   14   128  2   0.0%   0.019 UA:3    --:1    +
   12   141  2   0.0%   0.274 GC:4    +
   49    75  2   0.0%   0.114 AU:3    --:1    +
   93    97  2   0.0%   0.029 UA:4    +
   46   116  2   0.0%   0.433 AU:4    +
   47   115  2   0.0%   0.277 UA:4    +
   10   158  2   0.0%   0.528 AU:4    +
    6   129  2   0.0%   0.034 UA:3    --:1    +
   11   133  3   0.1%   0.097 AU:3    +
    7   115  2   0.0%   0.363 UA:4    +
  123   155  2   0.0%   1.029 UA:4    +
  120   124  3   0.1%   0.413 UG:3    +
   52   112  2   0.0%   0.109 GC:4    +
   76   134  2   0.0%   0.243 GU:4    +
   77    99  2   0.0%   0.214 AU:4    +
    7   122  2   0.0%   0.347 UA:4    +
  123   129  2   0.0%   0.261 UA:3    --:1    +
   49   156  2   0.0%   0.690 AU:3    --:1    +
   76   120  2   0.0%   0.120 GU:4    +
   47    57  2   0.0%   0.087 UA:4    +
    4    50  3   0.1%   0.030 GC:3    +
   48   157  2   0.0%   0.498 AU:4    +
    3   127  2   0.0%   0.048 UG:3    --:1    +
   46    61  2   0.0%   0.325 AU:4    +
  129   139  2   0.0%   0.886 AU:3    --:1    +
  122   156  2   0.0%   0.597 AU:4    +
  116   127  2   0.0%   0.396 UG:3    --:1    +
   45   140  2   0.0%   0.559 UA:3    --:1    +
   86    93  2   0.0%   0.027 GU:4    +
   74   126  2   0.0%   0.522 AU:4    +
   44   119  2   0.0%   0.407 CG:4    +
   60    75  2   0.0%   1.039 AU:4    +
   76   142  2   0.0%   0.693 GC:4    +
  122   134  2   0.0%   0.327 AU:4    +
    9   164  2   0.0%   1.413 GU:4    +
  154   158  2   0.0%   0.577 GU:4    +
    7    51  3   0.1%   0.333 UA:3    +
   70   144  2   0.0%   0.795 UA:3    --:1    +
    3    52  2   0.0%   0.014 UG:4    +
  116   129  2   0.0%   0.387 UA:3    --:1    +
   72   115  2   0.0%   0.584 UA:4    +
   50   119  2   0.0%   0.276 CG:4    +
    6   140  2   0.0%   0.089 UA:3    --:1    +
   76   152  2   0.0%   0.571 GC:4    +
   81   153  2   0.0%   0.675 AU:4    +
   81   123  2   0.0%   0.295 AU:4    +
   76   141  2   0.0%   0.339 GC:4    +
  123   145  2   0.0%   1.095 UA:4    +
  122   133  2   0.0%   0.305 AU:4    +
   47   154  2   0.0%   0.627 UG:4    +
   52    73  2   0.0%   0.102 GU:4    +
   73   137  2   0.0%   0.667 UA:4    +
   49   120  2   0.0%   0.350 AU:3    --:1    +
   75    81  2   0.0%   0.627 UA:4    +
   57    79  2   0.0%   0.823 AU:4    +
   47   122  2   0.0%   0.264 UA:4    +
    6   128  2   0.0%   0.031 UA:3    --:1    +
   74    79  2   0.0%   0.856 AU:4    +
   68    83  2   0.0%   0.379 GC:3    --:1    +
   91   111  2   0.0%   0.549 GC:4    +
   66   145  2   0.0%   0.446 UA:4    +
   75   144  2   0.0%   0.924 UA:4    +
  123   127  2   0.0%   0.237 UG:3    --:1    +
  128   139  2   0.0%   0.769 AU:3    --:1    +
   76   126  2   0.0%   0.126 GU:4    +
   74    85  2   0.0%   0.538 AU:4    +
   70   137  2   0.0%   0.519 UA:3    --:1    +
   52   164  2   0.0%   0.251 GU:4    +
   66    81  2   0.0%   0.166 UA:4    +
  145   164  2   0.0%   0.535 AU:4    +
  134   154  2   0.0%   0.880 UG:4    +
  115   133  2   0.0%   0.468 AU:4    +
   50    91  2   0.0%   0.263 CG:4    +
  144   156  2   0.0%   0.899 AU:4    +
   12    17  2   0.0%   0.001 GC:4    +
  120   137  2   0.0%   0.369 UA:4    +
   61   137  2   0.0%   0.726 UA:4    +
   57   120  2   0.0%   0.498 AU:4    +
    3   128  2   0.0%   0.047 UA:3    --:1    +
   15   154  2   0.0%   0.375 CG:4    +
   77    98  2   0.0%   0.211 AU:3    --:1    +
   69   131  2   0.0%   0.322 UA:3    --:1    +
   51   140  2   0.0%   0.358 UA:3    --:1    +
   49   164  2   0.0%   0.360 AU:3    --:1    +
   75   155  2   0.0%   0.915 UA:4    +
   59    75  2   0.0%   1.002 AU:4    +
   11   129  2   0.0%   0.047 UA:3    --:1    +
   48    61  2   0.0%   0.061 AU:4    +
  137   158  2   0.0%   0.438 AU:4    +
    6   127  2   0.0%   0.031 UG:3    --:1    +
   10    85  2   0.0%   0.164 AU:4    +
   49    61  2   0.0%   0.005 AU:3    --:1    +
   46   164  2   0.0%   0.447 AU:4    +
  140   153  2   0.0%   0.909 AU:3    --:1    +
   61   144  2   0.0%   1.004 UA:4    +
   83   127  2   0.0%   0.272 CG:3    --:1    +
  107   116  2   0.0%   0.425 AU:4    +
   16   153  2   0.0%   0.424 AU:4    +
    6    60  2   0.0%   0.025 UA:4    +
    3   129  2   0.0%   0.047 UA:3    --:1    +
  116   155  2   0.0%   0.847 UA:4    +
   57   158  2   0.0%   0.533 AU:4    +
   81    99  2   0.0%   0.120 AU:4    +
   57    85  2   0.0%   0.511 AU:4    +
   56   164  2   0.0%   0.334 AU:4    +
   90   108  2   0.0%   0.225 UG:4    +
   11   128  2   0.0%   0.047 UA:3    --:1    +
   49    70  2   0.0%   0.019 AU:3    --:1    +
   48    67  2   0.0%   0.060 AU:3    --:1    +
    3    81  2   0.0%   0.014 UA:4    +
   85    91  2   0.0%   0.056 UG:4    +
   72    76  2   0.0%   0.633 UG:4    +
   56   153  2   0.0%   0.697 AU:4    +
  129   156  2   0.0%   0.813 AU:3    --:1    +
   85   154  2   0.0%   0.880 UG:4    +
   59   156  2   0.0%   0.854 AU:4    +
  100   120  2   0.0%   0.274 AU:4    +
    6    56  2   0.0%   0.025 UA:4    +
   70    74  2   0.0%   0.882 UA:3    --:1    +
   52    89  2   0.0%   0.086 GC:4    +
  115   157  2   0.0%   0.709 AU:4    +
   81    93  2   0.0%   0.121 AU:4    +
    8   116  2   0.0%   0.423 GU:4    +
   59   116  2   0.0%   0.519 AU:4    +
   47    76  2   0.0%   0.186 UG:4    +
   70   122  2   0.0%   0.395 UA:3    --:1    +
   85   102  2   0.0%   0.053 UA:4    +
   48    72  2   0.0%   0.073 AU:4    +
   81   164  2   0.0%   0.304 AU:4    +
   46   126  2   0.0%   0.421 AU:4    +
   66   155  2   0.0%   0.447 UA:4    +
   58   128  2   0.0%   0.487 UA:3    --:1    +
   40   136  2   0.0%   0.078 GC:4    +
   46    90  2   0.0%   0.409 AU:4    +
   48   134  2   0.0%   0.231 AU:4    +
    6    81  2   0.0%   0.025 UA:4    +
   76   111  2   0.0%   0.108 GC:4    +
  128   148  2   0.0%   0.457 AU:3    --:1    +
   66   128  2   0.0%   0.062 UA:3    --:1    +
   10   126  2   0.0%   0.175 AU:4    +
   10    79  2   0.0%   0.162 AU:4    +
   76   103  2   0.0%   0.093 GC:4    +
   75   102  2   0.0%   0.514 UA:4    +
   57   133  2   0.0%   0.584 AU:4    +
   49   116  2   0.0%   0.354 AU:3    --:1    +
   86    99  2   0.0%   0.024 GU:4    +
   39   137  2   0.0%   0.150 UA:4    +
   43   119  2   0.0%   0.067 CG:4    +
   79    91  2   0.0%   0.354 UG:4    +
   75    91  2   0.0%   0.516 UG:4    +
   11   127  2   0.0%   0.047 UG:3    --:1    +
   67   122  2   0.0%   0.364 UA:3    --:1    +
   18    41  2   0.0%   0.094 UA:4    +
   76   157  2   0.0%   0.454 GU:4    +
    3    60  2   0.0%   0.014 UA:4    +
   58   140  2   0.0%   0.533 UA:3    --:1    +
   12    50  2   0.0%   0.071 GC:4    +
   59   126  2   0.0%   0.503 AU:4    +
   57   157  2   0.0%   0.791 AU:4    +
   48   133  2   0.0%   0.218 AU:4    +
   61   129  2   0.0%   0.605 UA:3    --:1    +
   12   152  2   0.0%   0.430 GC:4    +
   72   154  2   0.0%   0.999 UG:4    +
   13   137  2   0.0%   0.074 UA:4    +
   93   128  2   0.0%   0.333 UA:3    --:1    +
    3    97  2   0.0%   0.014 UA:4    +
   44    91  2   0.0%   0.395 CG:4    +
   79   154  2   0.0%   0.860 UG:4    +
  133   154  2   0.0%   0.960 UG:4    +
   90   137  2   0.0%   0.401 UA:4    +
   12    38  2   0.0%   0.000 GC:4    +
   77   164  2   0.0%   0.308 AU:4    +
   43    76  2   0.0%   0.053 CG:4    +
  122   157  2   0.0%   0.533 AU:4    +
   10    75  2   0.0%   0.162 AU:4    +
   38    52  2   0.0%   0.033 CG:4    +
   60    98  2   0.0%   0.536 AU:3    --:1    +
   79   102  2   0.0%   0.353 UA:4    +
   57   164  2   0.0%   0.507 AU:4    +
   70   129  2   0.0%   0.404 UA:3    --:1    +
   78   136  2   0.0%   0.395 GC:4    +
   17    78  2   0.0%   0.008 CG:4    +
   21    42  2   0.0%   0.125 UA:4    +
   69    88  2   0.0%   0.301 UG:3    --:1    +
  137   156  2   0.0%   0.760 AU:4    +
   60   153  2   0.0%   0.926 AU:4    +
  128   153  2   0.0%   0.719 AU:3    --:1    +
   97   116  2   0.0%   0.265 AU:4    +
   45   128  2   0.0%   0.512 UA:3    --:1    +
   18    77  2   0.0%   0.084 UA:4    +
   66   140  2   0.0%   0.119 UA:3    --:1    +
    3    68  2   0.0%   0.014 UG:3    --:1    +
   57   126  2   0.0%   0.486 AU:4    +
   60   164  2   0.0%   0.562 AU:4    +
  108   116  2   0.0%   0.392 GU:4    +
    7    57  2   0.0%   0.325 UA:4    +
   23    34  2   0.0%   0.226 GU:4    +
   68   123  2   0.0%   0.374 GU:3    --:1    +
   91   141  2   0.0%   0.665 GC:4    +
   75   145  2   0.0%   0.901 UA:4    +
   69   154  2   0.0%   0.741 UG:3    --:1    +
   18    42  2   0.0%   0.096 UA:4    +
   52   123  2   0.0%   0.096 GU:4    +
   60   116  2   0.0%   0.557 AU:4    +
   71    90  2   0.0%   0.558 GU:4    +
   57   134  2   0.0%   0.603 AU:4    +
   59   164  2   0.0%   0.524 AU:4    +
   13   144  2   0.0%   0.415 UA:4    +
   38    78  2   0.0%   0.025 CG:4    +
   15    76  2   0.0%   0.007 CG:4    +
  147   155  3   0.1%   0.626 UA:3    +
  116   144  3   0.1%   0.844 UA:3    +
    6    46  3   0.1%   0.018 UA:3    +
   51    81  3   0.1%   0.339 UA:3    +
   45    81  3   0.1%   0.511 UA:3    +
   51    79  3   0.1%   0.545 AU:3    +
   81   125  3   0.0%   0.293 AU:3    +
   76    83  3   0.0%   0.108 GC:3    +
  116   137  3   0.0%   0.508 UA:3    +
   45    77  3   0.0%   0.503 UA:3    +
  121   145  3   0.0%   0.591 UA:3    +
   81   121  3   0.0%   0.322 AU:3    +
  139   145  3   0.0%   0.963 UA:3    +
   51    78  3   0.0%   0.397 UG:3    +
  136   154  3   0.0%   0.823 CG:3    +
   58    72  3   0.0%   0.489 AU:3    +
  148   155  3   0.0%   0.581 UA:3    +
  154   164  3   0.0%   0.543 GU:3    +
   10   123  3   0.0%   0.181 AU:3    +
   46    51  3   0.0%   0.342 AU:3    +
    3   119  3   0.0%   0.040 UG:3    +
  119   123  3   0.0%   0.492 GU:3    +
   11   145  3   0.0%   0.492 UA:3    +
  137   153  3   0.0%   0.785 AU:3    +
    5   125  3   0.0%   0.048 AU:3    +
   56   148  3   0.0%   0.419 AU:3    +
   10   156  3   0.0%   0.823 AU:3    +
   46   139  3   0.0%   0.502 AU:3    +
   11   157  3   0.0%   0.428 AU:3    +
    9   131  3   0.0%   0.393 GC:3    +
  126   131  3   0.0%   0.047 UA:3    +
   79   131  3   0.0%   0.410 UA:3    +
   11   155  3   0.0%   0.493 UA:3    +
    6   119  3   0.0%   0.037 UG:3    +
  112   154  3   0.0%   0.699 CG:3    +
   79   124  3   0.0%   0.408 UG:3    +
   61    74  3   0.0%   1.098 UA:3    +
  120   131  3   0.0%   0.252 UA:3    +
   11    42  3   0.0%   0.003 UA:3    +
  124   133  3   0.0%   0.328 GU:3    +
   78   112  3   0.0%   0.229 GC:3    +
    2     6  3   0.0%   0.003 AU:3    +
   77   148  3   0.0%   0.398 AU:3    +
   81   139  3   0.0%   0.365 AU:3    +
   46    58  3   0.0%   0.324 AU:3    +
   51   126  3   0.0%   0.250 AU:3    +
   72   131  3   0.0%   0.577 UA:3    +
  122   126  3   0.0%   0.209 AU:3    +
   78    89  3   0.0%   0.201 GC:3    +
   66    71  3   0.0%   0.602 UG:3    +
   48   158  3   0.0%   0.240 AU:3    +
   83    91  3   0.0%   0.027 CG:3    +
   13   131  3   0.0%   0.018 UA:3    +
   75   137  3   0.0%   0.646 UA:3    +
    6   124  3   0.0%   0.032 UG:3    +
   59    66  3   0.0%   0.043 AU:3    +
   76   116  3   0.0%   0.119 GU:3    +
   48   153  3   0.0%   0.516 AU:3    +
  124   134  3   0.0%   0.348 GU:3    +
   77   125  3   0.0%   0.255 AU:3    +
   76   123  3   0.0%   0.127 GU:3    +
    3   124  3   0.0%   0.047 UG:3    +
   51    59  3   0.0%   0.023 UA:3    +
    7   131  3   0.0%   0.343 UA:3    +
   45    59  3   0.0%   0.452 UA:3    +
  115   158  3   0.0%   0.450 AU:3    +
   47    51  3   0.0%   0.099 UA:3    +
  111   124  3   0.0%   0.139 CG:3    +
    9    14  3   0.0%   0.001 GU:3    +
   62    83  3   0.0%   0.482 GC:3    +
    3    10  3   0.0%   0.002 UA:3    +
  139   155  3   0.0%   0.877 UA:3    +
   10   116  3   0.0%   0.182 AU:3    +
    3    46  3   0.0%   0.002 UA:3    +
   74   123  3   0.0%   0.525 AU:3    +
   50    62  3   0.0%   0.027 CG:3    +
   57    61  3   0.0%   0.007 AU:3    +
   46   123  3   0.0%   0.425 AU:3    +
   71   153  3   0.0%   0.963 GU:3    +
   51   155  3   0.0%   0.744 UA:3    +
   51    60  3   0.0%   0.022 UA:3    +
   57   156  3   0.0%   0.837 AU:3    +
    1    51  3   0.0%   0.003 AU:3    +
   71   136  3   0.0%   0.708 GC:3    +
    2    11  3   0.0%   0.003 AU:3    +
   72   124  3   0.0%   0.570 UG:3    +
  124   152  3   0.0%   1.092 GC:3    +
   81   148  3   0.0%   0.406 AU:3    +
   14    42  3   0.0%   0.024 UA:3    +
   88   120  3   0.0%   0.315 GU:3    +
   75   100  3   0.0%   0.514 UA:3    +
    3   137  3   0.0%   0.047 UA:3    +
   11   110  3   0.0%   0.040 UG:3    +
   11    41  3   0.0%   0.001 UA:3    +
   52   121  3   0.0%   0.106 GU:3    +
   46   153  3   0.0%   0.750 AU:3    +
   58   155  3   0.0%   0.862 UA:3    +
   85   131  3   0.0%   0.451 UA:3    +
    6   137  3   0.0%   0.032 UA:3    +
   47   124  3   0.0%   0.260 UG:3    +
   58    78  3   0.0%   0.659 UG:3    +
   44    62  3   0.0%   0.380 CG:3    +
   58    77  3   0.0%   0.671 UA:3    +
  132   154  3   0.0%   0.526 CG:3    +
  125   155  3   0.0%   0.921 UA:3    +
    7   124  3   0.0%   0.343 UG:3    +
   85   124  3   0.0%   0.462 UG:3    +
   58   157  3   0.0%   0.793 AU:3    +
   97   125  3   0.0%   0.062 AU:3    +
   11   134  3   0.0%   0.104 AU:3    +
   58    81  3   0.0%   0.591 UA:3    +
   51    72  3   0.0%   0.087 AU:3    +
   14   155  3   0.0%   0.387 UA:3    +
   48   120  3   0.0%   0.195 AU:3    +
  131   158  3   0.0%   0.089 AU:3    +
   78   109  3   0.0%   0.202 GC:3    +
  115   156  3   0.0%   0.763 AU:3    +
   74   156  3   0.0%   0.887 AU:3    +
   11    85  3   0.0%   0.041 AU:3    +
   93   108  3   0.0%   0.487 UG:3    +
   51   157  3   0.0%   0.673 AU:3    +
   46   148  3   0.0%   0.526 AU:3    +
   62   142  3   0.0%   1.043 GC:3    +
   81   147  3   0.0%   0.451 AU:3    +
   46    66  3   0.0%   0.324 AU:3    +
   74   116  3   0.0%   0.529 AU:3    +
  121   155  3   0.0%   0.529 UA:3    +
  139   154  3   0.0%   0.919 UG:3    +
   58    85  3   0.0%   0.513 AU:3    +
   75   115  3   0.0%   0.541 UA:3    +
  137   164  3   0.0%   0.403 AU:3    +
   48   126  3   0.0%   0.184 AU:3    +
    3    57  3   0.0%   0.014 UA:3    +
   45   155  3   0.0%   0.884 UA:3    +
   11    81  3   0.0%   0.039 UA:3    +
   62   141  3   0.0%   0.689 GC:3    +
   39    48  3   0.0%   0.148 UA:3    +
   46   125  3   0.0%   0.422 AU:3    +
  102   116  3   0.0%   0.535 AU:3    +
   92   122  3   0.0%   0.689 UA:3    +
   14    79  3   0.0%   0.013 AU:3    +
    7    11  3   0.0%   0.003 UA:3    +
  124   156  3   0.0%   1.045 GU:3    +
   45   145  3   0.0%   0.884 UA:3    +
  109   154  3   0.0%   0.617 CG:3    +
   11    52  3   0.0%   0.047 UG:3    +
   59   139  3   0.0%   0.582 AU:3    +
    6    57  3   0.0%   0.025 UA:3    +
   50   124  3   0.0%   0.268 CG:3    +
   73   122  3   0.0%   0.552 UA:3    +
   44    88  3   0.0%   0.395 CG:3    +
   62   152  3   0.0%   0.901 GC:3    +
   60   148  3   0.0%   0.647 AU:3    +
   94   121  3   0.0%   0.219 AU:3    +
   75    88  3   0.0%   0.514 UG:3    +
   58    79  3   0.0%   0.827 AU:3    +
   75   131  3   0.0%   0.529 UA:3    +
   51   145  3   0.0%   0.685 UA:3    +
   60   139  3   0.0%   0.620 AU:3    +
   55   153  3   0.0%   0.722 AU:3    +
   59   148  3   0.0%   0.608 AU:3    +
   11    56  3   0.0%   0.039 UA:3    +
  122   158  3   0.0%   0.273 AU:3    +
   60   147  3   0.0%   0.690 AU:3    +
   51    94  3   0.0%   0.242 UA:3    +
   57   139  3   0.0%   0.565 AU:3    +
   60   125  3   0.0%   0.542 AU:3    +
   62   156  3   0.0%   0.830 GU:3    +
   25    41  3   0.0%   0.220 UA:3    +
   47    58  3   0.0%   0.086 UA:3    +
  116   154  3   0.0%   0.888 UG:3    +
   58   134  3   0.0%   0.606 AU:3    +
   47   131  3   0.0%   0.255 UA:3    +
   26    40  3   0.0%   0.359 CG:3    +
   91   123  3   0.0%   0.480 GU:3    +
  131   157  3   0.0%   0.348 AU:3    +
    3    62  3   0.0%   0.014 UG:3    +
   58   145  3   0.0%   0.860 UA:3    +
  101   110  3   0.0%   0.328 UG:3    +
   62   111  3   0.0%   0.483 GC:3    +
   62   116  3   0.0%   0.490 GU:3    +
   22   139  3   0.0%   0.199 AU:3    +
   57   123  3   0.0%   0.489 AU:3    +
   61   124  3   0.0%   0.609 UG:3    +
   56   139  3   0.0%   0.390 AU:3    +
   45    60  3   0.0%   0.451 UA:3    +
    3    76  3   0.0%   0.014 UG:3    +
   58   133  3   0.0%   0.587 AU:3    +
   51   133  3   0.0%   0.283 AU:3    +
    1    58  3   0.0%   0.002 AU:3    +
   14   145  3   0.0%   0.389 UA:3    +
   11    57  3   0.0%   0.039 UA:3    +
   41    45  3   0.0%   0.456 AU:3    +
   16    51  3   0.0%   0.108 AU:3    +
    3    74  3   0.0%   0.014 UA:3    +
   11    16  3   0.0%   0.001 UA:3    +
    3    59  3   0.0%   0.014 UA:3    +
   11    79  3   0.0%   0.039 AU:3    +
   51   120  3   0.0%   0.260 AU:3    +
    6   107  3   0.0%   0.025 UA:3    +
   57   101  3   0.0%   0.480 AU:3    +
   11    77  3   0.0%   0.039 UA:3    +
    6    41  3   0.0%   0.001 UA:3    +
    6    59  3   0.0%   0.025 UA:3    +
   93   137  3   0.0%   0.445 UA:3    +
    9    51  3   0.0%   0.376 GU:3    +
    6    71  3   0.0%   0.025 UG:3    +
   73   115  3   0.0%   0.559 UA:3    +
   61   115  3   0.0%   0.628 UA:3    +
   66   108  3   0.0%   0.057 UG:3    +
   14    77  3   0.0%   0.012 UA:3    +
......(((..(((((..(((((((.....))))))).))))))))..(((..((((((((......)))))))).)))......(((((................)))))......................................................
