3 sequence; length of alignment 159
alifold output
   86    96  0 100.0%   0.001 GC:2    GU:1   
  121   135  0 100.0%   0.002 GC:1    AU:2   
   45    62  0  99.9%   0.006 CG:2    UG:1   
  120   136  0 100.0%   0.001 CG:3   
   81   101  0 100.0%   0.001 CG:3   
   44    63  0  99.9%   0.006 CG:3   
   43    64  0  99.9%   0.010 GC:3   
  122   134  0  99.9%   0.003 UA:3   
   82   100  0  99.9%   0.002 UA:3   
  125   131  0  99.9%   0.006 CG:3   
  124   132  0  99.9%   0.003 AU:3   
  118   138  0  99.9%   0.010 GC:3   
  123   133  0  99.9%   0.004 UG:3   
   87    95  0  99.9%   0.005 UA:3   
   85    97  0  99.9%   0.004 UA:3   
  119   137  0  99.9%   0.011 UG:3   
    9    20  0  99.3%   0.026 GC:3   
    8    21  0  99.3%   0.030 GC:3   
   83    99  1  99.5%   0.015 AU:2   
   84    98  1  99.2%   0.024 UA:2   
   10    19  0  98.6%   0.043 AU:3   
   42    65  0  97.7%   0.080 UA:3   
   88    94  0  97.4%   0.081 AU:3   
   46    61  0  96.9%   0.097 AU:3   
   77   104  0  94.5%   0.278 AU:3   
   76   105  1  93.6%   0.206 UA:2   
   78   103  0  92.0%   0.350 CG:1    UG:2   
   48    59  0  91.6%   0.246 CG:3   
   30    39  0  89.7%   0.304 AU:3   
   29    40  0  89.5%   0.321 CG:3   
    7    22  0  88.9%   0.322 UA:3   
   75   106  1  88.3%   0.422 UA:2   
   31    38  0  87.3%   0.372 UA:3   
   41    66  1  87.1%   0.390 AU:2   
  117   139  0  85.4%   0.457 UA:3   
   74   107  1  85.3%   0.515 GC:2   
  126   130  0  84.0%   0.444 UG:3   
    5   143  0  80.4%   0.713 GC:3   
   11    18  1  80.6%   0.523 AU:2   
    4   144  0  78.8%   1.032 UA:3   
   80   102  0  78.1%   0.907 AU:3   
    3   145  0  73.3%   1.230 UA:3   
    2   146  1  48.9%   1.448 UG:2   
   79   102  0  20.7%   1.085 GU:3    +
   50    57  0   7.9%   0.640 AU:3    +
  111   145  0   5.2%   0.943 UA:3    +
    1   146  1   5.3%   0.469 CG:2    +
  110   146  1   5.1%   1.018 CG:2    +
   40    68  0   4.5%   0.597 GC:3    +
    2   145  0   4.2%   0.512 UA:3    +
  112   144  1   4.5%   0.825 UA:2    +
   70   109  0   2.8%   0.364 CG:1    AU:2    +
    5   113  0   3.7%   0.390 GC:3    +
    4   114  0   3.6%   0.576 UA:3    +
    4    24  0   2.3%   0.320 UG:1    UA:2    +
    4   157  0   2.2%   0.852 UG:2    UA:1    +
    3   115  0   3.0%   0.514 UA:3    +
    5   156  0   1.7%   0.648 GC:1    GU:2    +
   29    79  0   2.7%   0.402 CG:3    +
    3   144  0   2.6%   0.608 UA:3    +
   31    77  0   2.5%   0.426 UA:3    +
    4    25  0   2.3%   0.488 UA:3    +
    3    25  0   2.3%   0.313 UA:3    +
   30    78  1   2.7%   0.406 AU:2    +
    3   158  0   2.2%   0.927 UA:3    +
   36   157  0   0.0%   0.220 CG:1    UG:1    UA:1    +
   74    78  0   0.0%   0.205 GC:1    GU:1    AU:1    +
   36    74  0   0.0%   0.147 CG:1    UG:1    UA:1    +
   78   157  0   0.0%   0.325 CG:1    UG:1    UA:1    +
   17    78  0   0.0%   0.051 GC:1    GU:1    AU:1    +
   13    17  0   0.8%   0.120 UG:2    UA:1    +
    2    26  0   1.8%   0.245 UA:3    +
   50    58  0   1.8%   0.452 AU:3    +
    3    26  0   1.7%   0.401 UA:3    +
    5   140  0   0.7%   0.258 GC:2    GU:1    +
   71   108  1   2.2%   0.335 AU:2    +
    3    24  0   0.5%   0.089 UG:1    UA:2    +
   72   115  0   1.5%   0.322 UA:3    +
   34    74  1   1.9%   0.262 CG:2    +
   71   116  0   1.4%   0.418 AU:3    +
    2   159  0   1.3%   0.786 UA:3    +
   40    66  0   0.3%   0.218 GC:1    GU:2    +
    6   157  0   0.3%   0.196 CG:2    UA:1    +
    3   157  0   0.2%   0.706 UG:2    UA:1    +
   24    37  0   0.2%   0.181 GU:1    AU:2    +
   73   141  0   0.2%   0.173 AU:1    UA:2    +
   74   140  0   0.2%   0.373 GC:2    AU:1    +
   51    59  0   0.2%   0.150 CG:2    UG:1    +
  112   141  0   0.2%   0.171 AU:1    UA:2    +
    5   155  0   0.1%   0.456 GC:2    GU:1    +
   17   140  0   0.1%   0.111 GC:2    AU:1    +
  112   142  0   0.1%   0.153 AU:1    UA:2    +
  140   157  0   0.1%   0.229 CG:2    UA:1    +
   24   154  0   0.1%   0.180 GC:1    AU:2    +
    6   103  0   0.1%   0.020 CG:2    UG:1    +
   24    32  0   0.1%   0.147 GU:1    AU:2    +
    2    24  0   0.1%   0.015 UG:1    UA:2    +
    6   137  0   0.1%   0.022 CG:2    UG:1    +
    7    17  0   0.1%   0.013 UG:2    UA:1    +
   24    31  0   0.1%   0.136 GU:1    AU:2    +
   12    66  0   0.0%   0.047 GC:1    AU:2    +
   17    61  0   0.0%   0.058 GU:2    AU:1    +
    6    74  0   0.0%   0.010 CG:2    UA:1    +
   12    31  0   0.0%   0.041 GU:1    AU:2    +
   24    56  0   0.0%   0.158 GU:1    AU:2    +
    5    75  0   0.0%   0.022 GC:1    GU:2    +
    5   154  0   0.0%   0.432 GC:1    GU:2    +
   24   156  0   0.0%   0.244 GC:1    AU:2    +
   74   104  0   0.0%   0.127 GU:2    AU:1    +
   75   103  0   0.0%   0.101 CG:1    UG:2    +
   32   157  0   0.0%   0.201 UG:2    UA:1    +
    2   157  0   0.0%   0.619 UG:2    UA:1    +
  109   146  0   0.0%   0.706 GC:1    UG:2    +
   40   140  0   0.0%   0.374 GC:2    GU:1    +
    8   140  0   0.0%   0.057 GC:2    GU:1    +
  109   141  0   0.0%   0.219 GU:1    UA:2    +
  108   142  0   0.0%   0.163 AU:1    UA:2    +
  142   152  0   0.0%   0.094 AU:2    UA:1    +
    9   155  0   0.0%   0.059 GC:2    GU:1    +
    8   156  0   0.0%   0.121 GC:1    GU:2    +
  141   153  0   0.0%   0.134 AU:2    UA:1    +
   37   157  0   0.0%   0.264 UG:2    UA:1    +
  141   150  0   0.0%   0.140 AU:2    UA:1    +
   32    74  0   0.0%   0.054 UG:2    UA:1    +
    7    24  0   0.0%   0.241 UG:1    UA:2    +
  105   109  0   0.0%   0.208 CG:1    AU:2    +
   24    35  0   0.0%   0.133 GU:1    AU:2    +
    7   157  0   0.0%   0.306 UG:2    UA:1    +
   36    40  0   0.0%   0.184 CG:1    UG:2    +
  142   153  0   0.0%   0.090 AU:2    UA:1    +
  142   147  0   0.0%   0.129 AU:2    UA:1    +
  118   140  0   0.0%   0.065 GC:2    GU:1    +
   40   155  0   0.0%   0.350 GC:2    GU:1    +
  141   147  0   0.0%   0.173 AU:2    UA:1    +
  142   150  0   0.0%   0.095 AU:2    UA:1    +
   18   142  0   0.0%   0.248 AU:1    UA:2    +
  103   155  0   0.0%   0.152 GC:2    GU:1    +
   24   111  0   0.0%   0.157 GU:1    AU:2    +
   74   116  0   0.0%   0.354 GU:2    AU:1    +
   74    96  0   0.0%   0.104 GC:2    AU:1    +
   12    19  0   0.0%   0.067 GU:1    AU:2    +
   35    74  0   0.0%   0.107 UG:2    UA:1    +
   24    72  0   0.0%   0.154 GU:1    AU:2    +
   74   111  0   0.0%   0.312 GU:2    AU:1    +
  103   140  0   0.0%   0.191 GC:2    GU:1    +
   19    24  0   0.0%   0.155 UG:1    UA:2    +
   43    60  0   0.0%   0.005 GC:2    GU:1    +
   66   103  0   0.0%   0.162 CG:1    UG:2    +
  103   154  0   0.0%   0.152 GC:1    GU:2    +
   73   142  0   0.0%   0.134 AU:1    UA:2    +
  108   141  0   0.0%   0.185 AU:1    UA:2    +
  109   142  0   0.0%   0.192 GU:1    UA:2    +
   69   141  0   0.0%   0.109 AU:1    UA:2    +
   75    79  0   0.0%   0.184 CG:1    UG:2    +
   69   142  0   0.0%   0.085 AU:1    UA:2    +
   24   116  0   0.0%   0.157 GU:1    AU:2    +
   40   154  0   0.0%   0.349 GC:1    GU:2    +
   45    59  0   0.0%   0.005 CG:2    UG:1    +
   24   117  0   0.0%   0.157 GU:1    AU:2    +
   24    75  0   0.0%   0.157 GC:1    AU:2    +
   40   156  0   0.0%   0.417 GC:1    GU:2    +
    5    66  0   0.0%   0.009 GC:1    GU:2    +
  141   152  0   0.0%   0.135 AU:2    UA:1    +
   31    74  0   0.0%   0.149 UG:2    UA:1    +
   54    59  0   0.0%   0.130 CG:1    UG:2    +
    6    17  0   0.0%   0.001 CG:2    UA:1    +
    6    14  0   0.0%   0.001 CG:2    UG:1    +
    8   155  0   0.0%   0.057 GC:2    GU:1    +
    9   154  0   0.0%   0.048 GC:1    GU:2    +
   37    74  0   0.0%   0.195 UG:2    UA:1    +
   24    66  0   0.0%   0.157 GC:1    AU:2    +
    9    36  0   0.0%   0.016 GC:1    GU:2    +
   18   141  0   0.0%   0.270 AU:1    UA:2    +
   39   121  0   0.0%   0.138 UG:1    UA:2    +
   39   157  0   0.0%   0.291 UG:2    UA:1    +
   39    74  0   0.0%   0.213 UG:2    UA:1    +
   96   103  0   0.0%   0.097 CG:2    UG:1    +
   24    39  0   0.0%   0.151 GU:1    AU:2    +
   17    39  0   0.0%   0.048 GU:2    AU:1    +
   74   155  0   0.0%   0.314 GC:2    AU:1    +
    6    40  0   0.0%   0.001 CG:2    UG:1    +
  103   156  0   0.0%   0.219 GC:1    GU:2    +
    6    79  0   0.0%   0.005 CG:2    UG:1    +
   66    79  0   0.0%   0.247 CG:1    UG:2    +
   14   140  0   0.0%   0.050 GC:2    GU:1    +
   79   156  0   0.0%   0.522 GC:1    GU:2    +
   13    24  0   0.0%   0.162 UG:1    UA:2    +
   76   157  0   0.0%   0.217 UG:2    UA:1    +
   79   140  0   0.0%   0.501 GC:2    GU:1    +
   35   157  0   0.0%   0.177 UG:2    UA:1    +
   24    57  0   0.0%   0.156 GU:1    AU:2    +
   79   155  0   0.0%   0.454 GC:2    GU:1    +
   45   136  0   0.0%   0.002 CG:2    UG:1    +
   24    42  0   0.0%   0.149 GU:1    AU:2    +
   24    53  0   0.0%   0.149 GU:1    AU:2    +
   61   121  0   0.0%   0.043 UG:1    UA:2    +
   51   131  0   0.0%   0.012 CG:2    UG:1    +
  121   132  0   0.0%   0.001 GU:1    AU:2    +
  118   135  0   0.0%   0.003 GC:1    GU:2    +
   31   157  0   0.0%   0.383 UG:2    UA:1    +
   72   157  0   0.0%   0.241 UG:2    UA:1    +
   42    74  0   0.0%   0.111 UG:2    UA:1    +
  117   157  0   0.0%   0.314 UG:2    UA:1    +
   24    76  0   0.0%   0.154 GU:1    AU:2    +
   84   101  0   0.0%   0.009 CG:1    UG:2    +
  116   157  0   0.0%   0.268 UG:2    UA:1    +
   86    99  0   0.0%   0.006 GC:1    GU:2    +
   78    86  0   0.0%   0.101 CG:1    UG:2    +
   17   116  0   0.0%   0.051 GU:2    AU:1    +
   43    51  0   0.0%   0.004 GC:2    GU:1    +
   36   130  0   0.0%   0.067 CG:1    UG:2    +
    4    74  0   0.0%   0.208 UG:2    UA:1    +
    5    78  0   0.0%   0.016 GC:1    GU:2    +
   79   154  0   0.0%   0.454 GC:1    GU:2    +
   73   114  1   1.5%   0.337 UA:2    +
   33    75  1   1.4%   0.220 AU:2    +
   71   111  0   0.8%   0.324 AU:3    +
   34    40  0   0.6%   0.220 CG:3    +
   50    56  0   0.6%   0.099 AU:3    +
   49    59  0   0.6%   0.175 UG:3    +
    9   148  0   0.5%   0.117 GC:3    +
    8   149  0   0.5%   0.130 GC:3    +
    5   149  0   0.5%   0.471 GC:3    +
   37    70  1   1.0%   0.190 UA:2    +
   33    37  0   0.4%   0.095 AU:3    +
    2    25  0   0.4%   0.077 UA:3    +
    4    23  0   0.4%   0.080 UA:3    +
   14   143  0   0.4%   0.252 GC:3    +
   13   144  0   0.4%   0.398 UA:3    +
   37    71  0   0.4%   0.202 UA:3    +
   36    71  1   0.9%   0.153 UA:2    +
  103   113  0   0.3%   0.337 GC:3    +
   11    19  0   0.3%   0.247 AU:3    +
   39    67  0   0.3%   0.163 UA:3    +
   32    38  0   0.3%   0.188 UA:3    +
   74   113  1   0.8%   0.493 GC:2    +
    5   148  0   0.3%   0.423 GC:3    +
  148   157  1   0.7%   0.312 CG:2    +
    2   158  0   0.2%   0.644 UA:3    +
    7   145  0   0.2%   0.567 UA:3    +
   38    69  1   0.7%   0.249 AU:2    +
   26    35  0   0.2%   0.204 AU:3    +
   28    40  0   0.2%   0.050 CG:3    +
   70   112  1   0.7%   0.295 AU:2    +
    7    23  0   0.2%   0.172 UA:3    +
  116   141  1   0.6%   0.257 UA:2    +
    4   158  0   0.1%   0.780 UA:3    +
  116   139  0   0.1%   0.108 UA:3    +
   12    18  1   0.6%   0.271 AU:2    +
   47    61  0   0.1%   0.068 AU:3    +
   35   145  0   0.1%   0.434 UA:3    +
    4   141  1   0.6%   0.434 UA:2    +
   32    40  0   0.1%   0.176 UG:3    +
   33    39  0   0.1%   0.145 AU:3    +
   40   143  0   0.1%   0.543 GC:3    +
    3   159  0   0.1%   0.823 UA:3    +
    4   151  0   0.1%   0.592 UA:3    +
  104   151  0   0.1%   0.117 UA:3    +
  149   157  1   0.6%   0.342 CG:2    +
   31    41  0   0.1%   0.155 UA:3    +
   40   113  0   0.1%   0.458 GC:3    +
   39   144  0   0.1%   0.471 UA:3    +
  103   107  0   0.1%   0.256 GC:3    +
   24    36  1   0.1%   0.148 GU:1    AU:1    +
    3    23  0   0.1%   0.017 UA:3    +
   39   114  0   0.1%   0.272 UA:3    +
   25    35  0   0.1%   0.230 AU:3    +
   68    79  0   0.1%   0.280 CG:3    +
   30    42  0   0.1%   0.124 AU:3    +
  102   114  0   0.1%   0.735 UA:3    +
    5   104  0   0.1%   0.032 GU:3    +
   23    37  0   0.1%   0.064 AU:3    +
   67    72  0   0.1%   0.046 AU:3    +
   25    32  0   0.1%   0.235 AU:3    +
    9    15  0   0.1%   0.015 GC:3    +
   23    32  0   0.1%   0.060 AU:3    +
  106   111  0   0.1%   0.205 AU:3    +
   34   103  0   0.1%   0.130 CG:3    +
   33   104  0   0.1%   0.120 AU:3    +
   25    31  0   0.1%   0.225 AU:3    +
   14    21  0   0.1%   0.025 GC:3    +
    4   145  0   0.1%   0.934 UA:3    +
    5   138  0   0.1%   0.159 GC:3    +
    2   151  0   0.1%   0.606 UA:3    +
   13    22  0   0.1%   0.160 UA:3    +
   79   107  0   0.1%   0.586 GC:3    +
    3   106  0   0.1%   0.203 UA:3    +
  111   115  0   0.1%   0.279 UA:3    +
    5    68  0   0.1%   0.021 GC:3    +
    4    22  0   0.1%   0.012 UA:3    +
    4   139  0   0.1%   0.346 UA:3    +
   19    25  0   0.1%   0.245 UA:3    +
   26    31  0   0.1%   0.174 AU:3    +
   14    64  0   0.1%   0.020 GC:3    +
   15    63  0   0.1%   0.017 CG:3    +
   13    65  0   0.1%   0.058 UA:3    +
   31   106  0   0.1%   0.254 UA:3    +
   29    43  0   0.0%   0.115 CG:3    +
   21    59  0   0.0%   0.028 CG:3    +
    5    21  0   0.0%   0.011 GC:3    +
   22    58  0   0.0%   0.126 AU:3    +
  125   130  0   0.0%   0.011 CG:3    +
   23    57  0   0.0%   0.064 AU:3    +
    3   151  0   0.0%   0.660 UA:3    +
   76   106  0   0.0%   0.199 UA:3    +
   38    72  0   0.0%   0.187 AU:3    +
   13    30  0   0.0%   0.054 UA:3    +
   14    29  0   0.0%   0.017 GC:3    +
   39    71  0   0.0%   0.205 UA:3    +
   27   103  0   0.0%   0.026 CG:3    +
   70   117  1   0.5%   0.300 AU:2    +
   72    77  0   0.0%   0.121 UA:3    +
    4    26  0   0.0%   0.353 UA:3    +
   72   106  0   0.0%   0.036 UA:3    +
  147   158  1   0.5%   0.256 UA:2    +
   47    56  0   0.0%   0.013 AU:3    +
   31    71  0   0.0%   0.152 UA:3    +
   26   104  0   0.0%   0.186 AU:3    +
   11    32  0   0.0%   0.202 AU:3    +
   30    37  0   0.0%   0.035 AU:3    +
   30    72  0   0.0%   0.122 AU:3    +
   27    40  0   0.0%   0.017 CG:3    +
   68   103  0   0.0%   0.190 CG:3    +
   67   111  0   0.0%   0.056 AU:3    +
   67   104  0   0.0%   0.063 AU:3    +
    2   115  0   0.0%   0.109 UA:3    +
   40   149  0   0.0%   0.396 GC:3    +
    2   144  0   0.0%   0.114 UA:3    +
    5    27  0   0.0%   0.010 GC:3    +
    9    27  0   0.0%   0.020 GC:3    +
    8    28  0   0.0%   0.019 GC:3    +
   31   158  0   0.0%   0.358 UA:3    +
    5   107  0   0.0%   0.027 GC:3    +
   47    58  0   0.0%   0.016 AU:3    +
   67   116  0   0.0%   0.061 AU:3    +
    3   114  0   0.0%   0.200 UA:3    +
   79   113  0   0.0%   0.612 GC:3    +
   40   148  0   0.0%   0.382 GC:3    +
   22    39  0   0.0%   0.119 AU:3    +
   79   104  0   0.0%   0.510 GU:3    +
   21    40  0   0.0%   0.021 CG:3    +
   47    57  0   0.0%   0.014 AU:3    +
   33    76  0   0.0%   0.101 AU:3    +
  111   144  0   0.0%   0.412 UA:3    +
   35   158  0   0.0%   0.150 UA:3    +
   35    71  0   0.0%   0.034 UA:3    +
   65    72  0   0.0%   0.040 AU:3    +
    7   151  0   0.0%   0.190 UA:3    +
   28    79  0   0.0%   0.024 CG:3    +
   65   116  0   0.0%   0.036 AU:3    +
  104   115  0   0.0%   0.254 UA:3    +
   71    76  0   0.0%   0.082 AU:3    +
    4   159  0   0.0%   0.732 UA:3    +
  103   116  0   0.0%   0.199 GU:3    +
    8    29  0   0.0%   0.019 GC:3    +
    9    28  0   0.0%   0.021 GC:3    +
   37   151  0   0.0%   0.138 UA:3    +
   52    59  0   0.0%   0.131 UG:3    +
   13   151  0   0.0%   0.090 UA:3    +
   46    57  0   0.0%   0.007 AU:3    +
    7    30  0   0.0%   0.126 UA:3    +
   68   118  0   0.0%   0.175 CG:3    +
    2    71  0   0.0%   0.104 UA:3    +
    1    79  0   0.0%   0.004 CG:3    +
   32    77  0   0.0%   0.145 UA:3    +
   67   119  0   0.0%   0.058 AU:3    +
   37   145  0   0.0%   0.508 UA:3    +
   39   151  0   0.0%   0.168 UA:3    +
   25   111  0   0.0%   0.241 AU:3    +
   25    37  0   0.0%   0.254 AU:3    +
    3    71  0   0.0%   0.193 UA:3    +
   67    76  0   0.0%   0.047 AU:3    +
   37    67  0   0.0%   0.050 UA:3    +
   23    31  0   0.0%   0.047 AU:3    +
   36   146  1   0.0%   0.622 CG:1    UG:1    +
   72   145  0   0.0%   0.491 UA:3    +
  116   144  0   0.0%   0.585 UA:3    +
    5    28  0   0.0%   0.009 GC:3    +
    5    29  0   0.0%   0.010 GC:3    +
   46    58  0   0.0%   0.008 AU:3    +
   26    32  0   0.0%   0.174 AU:3    +
   25    72  0   0.0%   0.237 AU:3    +
   90    94  0   0.0%   0.028 AU:3    +
   26    72  0   0.0%   0.175 AU:3    +
    4    30  0   0.0%   0.208 UA:3    +
   35    40  0   0.0%   0.181 UG:3    +
   35   159  0   0.0%   0.105 UA:3    +
    7    25  0   0.0%   0.321 UA:3    +
  116   145  0   0.0%   0.674 UA:3    +
  103   149  0   0.0%   0.192 GC:3    +
   26   111  0   0.0%   0.180 AU:3    +
   31   115  0   0.0%   0.352 UA:3    +
   32   151  0   0.0%   0.074 UA:3    +
    1   103  0   0.0%   0.004 CG:3    +
   32   114  0   0.0%   0.178 UA:3    +
   35    41  0   0.0%   0.031 UA:3    +
   30   116  0   0.0%   0.215 AU:3    +
    9    34  0   0.0%   0.017 GC:3    +
   30    35  0   0.0%   0.028 AU:3    +
   47    52  0   0.0%   0.002 AU:3    +
  103   143  0   0.0%   0.338 GC:3    +
  116   151  0   0.0%   0.151 UA:3    +
    7   139  0   0.0%   0.130 UA:3    +
   41    72  0   0.0%   0.139 AU:3    +
  111   159  0   0.0%   0.309 UA:3    +
   31   134  0   0.0%   0.244 UA:3    +
   33   132  0   0.0%   0.104 AU:3    +
   32   133  0   0.0%   0.055 UG:3    +
   34   131  0   0.0%   0.113 CG:3    +
   29   136  0   0.0%   0.207 CG:3    +
    1     5  0   0.0%   0.001 CG:3    +
   31   151  0   0.0%   0.262 UA:3    +
   47    53  0   0.0%   0.003 AU:3    +
   28   137  0   0.0%   0.026 CG:3    +
   23    39  0   0.0%   0.057 AU:3    +
   32   158  0   0.0%   0.169 UA:3    +
   25    42  0   0.0%   0.234 AU:3    +
   26    42  0   0.0%   0.172 AU:3    +
   35   130  0   0.0%   0.028 UG:3    +
   31    40  0   0.0%   0.254 UG:3    +
  119   139  0   0.0%   0.162 UA:3    +
   22    32  0   0.0%   0.117 AU:3    +
    7   158  0   0.0%   0.283 UA:3    +
   22    37  0   0.0%   0.115 AU:3    +
   72   158  0   0.0%   0.211 UA:3    +
    8    35  0   0.0%   0.017 GU:3    +
   72   151  0   0.0%   0.118 UA:3    +
   32    41  0   0.0%   0.051 UA:3    +
    4   115  0   0.0%   0.442 UA:3    +
  117   144  0   0.0%   0.632 UA:3    +
   35    67  0   0.0%   0.025 UA:3    +
  113   118  0   0.0%   0.191 CG:3    +
   72   114  0   0.0%   0.158 UA:3    +
   68   101  0   0.0%   0.170 CG:3    +
   67   102  0   0.0%   0.044 AU:3    +
   72    98  0   0.0%   0.020 UA:3    +
    2   114  0   0.0%   0.104 UA:3    +
   81    86  0   0.0%   0.001 CG:3    +
   89    95  0   0.0%   0.003 UA:3    +
  106   116  0   0.0%   0.199 AU:3    +
   31   159  0   0.0%   0.313 UA:3    +
   25   116  0   0.0%   0.240 AU:3    +
   44    59  0   0.0%   0.005 CG:3    +
    2    23  0   0.0%   0.001 UA:3    +
   27    79  0   0.0%   0.013 CG:3    +
   23   111  0   0.0%   0.060 AU:3    +
   37   144  0   0.0%   0.429 UA:3    +
   25    76  0   0.0%   0.237 AU:3    +
   80    87  0   0.0%   0.001 AU:3    +
   26   116  0   0.0%   0.178 AU:3    +
   33    72  0   0.0%   0.039 AU:3    +
    7   144  0   0.0%   0.443 UA:3    +
   37   158  0   0.0%   0.233 UA:3    +
    7   114  0   0.0%   0.247 UA:3    +
   28   103  0   0.0%   0.030 CG:3    +
   23    35  0   0.0%   0.048 AU:3    +
   46    53  0   0.0%   0.001 AU:3    +
   76   114  0   0.0%   0.270 UA:3    +
    8   113  0   0.0%   0.139 GC:3    +
   32   145  0   0.0%   0.437 UA:3    +
   79   143  0   0.0%   0.647 GC:3    +
    7    26  0   0.0%   0.268 UA:3    +
   23    72  0   0.0%   0.058 AU:3    +
  107   118  0   0.0%   0.151 CG:3    +
    3    77  0   0.0%   0.191 UA:3    +
  118   143  0   0.0%   0.211 GC:3    +
   26    53  0   0.0%   0.171 AU:3    +
   25    53  0   0.0%   0.234 AU:3    +
   38   116  0   0.0%   0.179 AU:3    +
   25   117  0   0.0%   0.240 AU:3    +
   65   104  0   0.0%   0.043 AU:3    +
  104   114  0   0.0%   0.279 UA:3    +
  103   111  0   0.0%   0.172 GU:3    +
   26    52  0   0.0%   0.171 AU:3    +
   19    23  0   0.0%   0.075 UA:3    +
    4    67  0   0.0%   0.207 UA:3    +
   39    65  0   0.0%   0.112 UA:3    +
   32   144  0   0.0%   0.362 UA:3    +
  106   119  0   0.0%   0.134 AU:3    +
   10   147  1   0.5%   0.107 AU:2    +
   72    79  0   0.0%   0.125 UG:3    +
   50    61  0   0.0%   0.347 AU:3    +
   31   145  0   0.0%   0.625 UA:3    +
   67   117  0   0.0%   0.056 AU:3    +
   23   117  0   0.0%   0.061 AU:3    +
   10   111  0   0.0%   0.016 AU:3    +
   39   115  0   0.0%   0.247 UA:3    +
   26    37  0   0.0%   0.190 AU:3    +
   71   117  0   0.0%   0.324 AU:3    +
   72    80  0   0.0%   0.019 UA:3    +
   42    67  0   0.0%   0.050 UA:3    +
   23    76  0   0.0%   0.059 AU:3    +
   39    77  0   0.0%   0.227 UA:3    +
  104   139  0   0.0%   0.089 UA:3    +
   23   116  0   0.0%   0.060 AU:3    +
    9   149  0   0.0%   0.100 GC:3    +
    8   143  0   0.0%   0.194 GC:3    +
   42    71  0   0.0%   0.101 UA:3    +
   53    59  0   0.0%   0.129 UG:3    +
   40    76  0   0.0%   0.320 GU:3    +
   72   159  0   0.0%   0.164 UA:3    +
   79   149  0   0.0%   0.500 GC:3    +
   76   103  0   0.0%   0.026 UG:3    +
   64    79  0   0.0%   0.105 CG:3    +
  126   131  0   0.0%   0.149 UG:3    +
   72   103  0   0.0%   0.036 UG:3    +
    2   139  0   0.0%   0.106 UA:3    +
   25    39  0   0.0%   0.236 AU:3    +
    5    15  0   0.0%   0.001 GC:3    +
   14   149  0   0.0%   0.089 GC:3    +
   71   104  0   0.0%   0.094 AU:3    +
   77    89  0   0.0%   0.100 AU:3    +
   76    90  0   0.0%   0.006 UA:3    +
   24    54  1   0.0%   0.150 GU:1    AU:1    +
   26    39  0   0.0%   0.173 AU:3    +
   37    79  0   0.0%   0.215 UG:3    +
   19    26  0   0.0%   0.189 UA:3    +
   43    48  0   0.0%   0.004 GC:3    +
  103   148  0   0.0%   0.179 GC:3    +
  111   139  0   0.0%   0.087 UA:3    +
   79   148  0   0.0%   0.489 GC:3    +
   85   114  0   0.0%   0.201 UA:3    +
    4    71  0   0.0%   0.210 UA:3    +
   86   113  0   0.0%   0.170 GC:3    +
   37   115  0   0.0%   0.223 UA:3    +
   80   104  0   0.0%   0.267 AU:3    +
   10    35  0   0.0%   0.015 AU:3    +
    8    37  0   0.0%   0.016 GU:3    +
   40   120  0   0.0%   0.324 GC:3    +
    5   111  0   0.0%   0.024 GU:3    +
   13   145  0   0.0%   0.452 UA:3    +
    2   106  0   0.0%   0.103 UA:3    +
   79   120  0   0.0%   0.442 GC:3    +
   80   119  0   0.0%   0.196 AU:3    +
   81   118  0   0.0%   0.003 CG:3    +
  102   144  0   0.0%   0.847 UA:3    +
    9    68  0   0.0%   0.020 GC:3    +
    3   139  0   0.0%   0.302 UA:3    +
   13    23  0   0.0%   0.084 UA:3    +
    7    38  0   0.0%   0.124 UA:3    +
   78   121  1   0.0%   0.180 UG:1    UA:1    +
    3    22  0   0.0%   0.000 UA:3    +
   95   104  0   0.0%   0.076 AU:3    +
   83   116  0   0.0%   0.070 AU:3    +
    5    32  0   0.0%   0.008 GU:3    +
   48    62  0   0.0%   0.086 CG:3    +
  118   125  0   0.0%   0.003 GC:3    +
    7   159  0   0.0%   0.240 UA:3    +
   77   111  0   0.0%   0.217 AU:3    +
   77   122  0   0.0%   0.155 AU:3    +
   14    20  0   0.0%   0.008 GC:3    +
    8    15  0   0.0%   0.001 GC:3    +
  106   117  0   0.0%   0.161 AU:3    +
   38   122  0   0.0%   0.177 AU:3    +
    4    33  0   0.0%   0.206 UA:3    +
    2    30  0   0.0%   0.101 UA:3    +
   38   104  0   0.0%   0.190 AU:3    +
  119   124  0   0.0%   0.002 UA:3    +
   20   137  0   0.0%   0.012 CG:3    +
    2    67  0   0.0%   0.101 UA:3    +
   97   102  0   0.0%   0.522 AU:3    +
   92   101  0   0.0%   0.001 CG:3    +
   39   103  0   0.0%   0.146 UG:3    +
    5   116  0   0.0%   0.147 GU:3    +
   91   103  0   0.0%   0.097 CG:3    +
   41   119  0   0.0%   0.133 AU:3    +
   39   158  0   0.0%   0.260 UA:3    +
   90   104  0   0.0%   0.075 AU:3    +
   21   136  0   0.0%   0.021 CG:3    +
   35   115  0   0.0%   0.135 UA:3    +
   81   103  0   0.0%   0.097 CG:3    +
   22    31  0   0.0%   0.116 AU:3    +
    9   113  0   0.0%   0.139 GC:3    +
   76   151  0   0.0%   0.093 UA:3    +
   79    91  0   0.0%   0.107 GC:3    +
   86   107  0   0.0%   0.143 GC:3    +
   37   114  0   0.0%   0.238 UA:3    +
   20    40  0   0.0%   0.008 CG:3    +
   32    71  0   0.0%   0.052 UA:3    +
   65   117  0   0.0%   0.032 AU:3    +
   27    43  0   0.0%   0.011 CG:3    +
   41   116  0   0.0%   0.135 AU:3    +
  117   145  0   0.0%   0.719 UA:3    +
   87   106  0   0.0%   0.127 UA:3    +
    7   115  0   0.0%   0.232 UA:3    +
   11   111  0   0.0%   0.197 AU:3    +
   77   102  0   0.0%   0.101 AU:3    +
   42   118  0   0.0%   0.030 UG:3    +
   40    64  0   0.0%   0.162 GC:3    +
   40   107  0   0.0%   0.319 GC:3    +
   79    87  0   0.0%   0.107 GU:3    +
   42   115  0   0.0%   0.139 UA:3    +
   30    76  0   0.0%   0.116 AU:3    +
   32    67  0   0.0%   0.044 UA:3    +
   40    72  0   0.0%   0.325 GU:3    +
   27   131  0   0.0%   0.015 CG:3    +
   28   130  0   0.0%   0.020 CG:3    +
   20    59  0   0.0%   0.007 CG:3    +
   40   125  0   0.0%   0.324 GC:3    +
    3    67  0   0.0%   0.188 UA:3    +
   14    28  0   0.0%   0.010 GC:3    +
   26   132  0   0.0%   0.177 AU:3    +
   34    43  0   0.0%   0.036 CG:3    +
   14    27  0   0.0%   0.010 GC:3    +
  102   106  0   0.0%   0.646 UA:3    +
    4    77  0   0.0%   0.208 UA:3    +
  101   107  0   0.0%   0.143 GC:3    +
    1    40  0   0.0%   0.001 CG:3    +
    5    34  0   0.0%   0.008 GC:3    +
   33    42  0   0.0%   0.038 AU:3    +
   89   103  0   0.0%   0.097 UG:3    +
   90   102  0   0.0%   0.521 AU:3    +
   39   145  0   0.0%   0.537 UA:3    +
   88   104  0   0.0%   0.104 AU:3    +
   35   151  0   0.0%   0.054 UA:3    +
    7    67  0   0.0%   0.124 UA:3    +
  116   158  0   0.0%   0.237 UA:3    +
    4   106  0   0.0%   0.217 UA:3    +
   46    52  0   0.0%   0.000 AU:3    +
   19    41  0   0.0%   0.039 UA:3    +
   91   101  0   0.0%   0.001 CG:3    +
  111   158  0   0.0%   0.355 UA:3    +
  102   115  0   0.0%   0.701 UA:3    +
   26   117  0   0.0%   0.177 AU:3    +
   34    79  0   0.0%   0.207 CG:3    +
   25    56  0   0.0%   0.237 AU:3    +
   32   159  0   0.0%   0.124 UA:3    +
   42   151  0   0.0%   0.051 UA:3    +
   46    56  0   0.0%   0.004 AU:3    +
   41   111  0   0.0%   0.133 AU:3    +
    5    72  0   0.0%   0.013 GU:3    +
  103   117  0   0.0%   0.160 GU:3    +
   72   144  0   0.0%   0.415 UA:3    +
    9    21  0   0.0%   0.023 GC:3    +
    8    20  0   0.0%   0.005 GC:3    +
    7    71  0   0.0%   0.126 UA:3    +
   85    98  0   0.0%   0.010 UA:3    +
   76   115  0   0.0%   0.247 UA:3    +
   37   124  0   0.0%   0.115 UA:3    +
    5    20  0   0.0%   0.001 GC:3    +
  120   137  0   0.0%   0.007 CG:3    +
  103   125  0   0.0%   0.131 GC:3    +
  104   124  0   0.0%   0.076 UA:3    +
   77   116  0   0.0%   0.219 AU:3    +
   13    25  0   0.0%   0.241 UA:3    +
   23    56  0   0.0%   0.054 AU:3    +
    9    19  0   0.0%   0.005 GU:3    +
   24    51  1   0.0%   0.149 GC:1    AU:1    +
   14    19  0   0.0%   0.035 GU:3    +
   19   158  0   0.0%   0.147 UA:3    +
   35   144  0   0.0%   0.334 UA:3    +
   25    52  0   0.0%   0.234 AU:3    +
   39   159  0   0.0%   0.214 UA:3    +
   64   118  0   0.0%   0.005 CG:3    +
   63   119  0   0.0%   0.005 GU:3    +
   62   120  0   0.0%   0.005 GC:3    +
   29   103  0   0.0%   0.214 CG:3    +
   44   137  0   0.0%   0.006 CG:3    +
   43   138  0   0.0%   0.009 GC:3    +
   28    43  0   0.0%   0.018 CG:3    +
   22    57  0   0.0%   0.116 AU:3    +
   23    52  0   0.0%   0.054 AU:3    +
   31   144  0   0.0%   0.550 UA:3    +
   14   148  0   0.0%   0.078 GC:3    +
    8    27  0   0.0%   0.014 GC:3    +
   37   159  0   0.0%   0.186 UA:3    +
   52   130  0   0.0%   0.003 UG:3    +
   50   132  0   0.0%   0.304 AU:3    +
    8    34  0   0.0%   0.016 GC:3    +
   42   139  0   0.0%   0.038 UA:3    +
   22    35  0   0.0%   0.114 AU:3    +
  120   133  0   0.0%   0.001 CG:3    +
   19   139  0   0.0%   0.047 UA:3    +
  119   134  0   0.0%   0.002 UA:3    +
    5    76  0   0.0%   0.016 GU:3    +
   32   115  0   0.0%   0.162 UA:3    +
   25    49  0   0.0%   0.233 AU:3    +
  122   131  0   0.0%   0.001 UG:3    +
   13    26  0   0.0%   0.189 UA:3    +
    2    77  0   0.0%   0.102 UA:3    +
   22   111  0   0.0%   0.120 AU:3    +
   53   129  0   0.0%   0.002 UA:3    +
   27   118  0   0.0%   0.015 CG:3    +
  106   122  0   0.0%   0.132 AU:3    +
   37    41  0   0.0%   0.054 UA:3    +
   79    92  0   0.0%   0.107 GC:3    +
    1     8  0   0.0%   0.001 CG:3    +
    3    30  0   0.0%   0.188 UA:3    +
   14   113  0   0.0%   0.135 GC:3    +
   22   117  0   0.0%   0.120 AU:3    +
  111   151  0   0.0%   0.269 UA:3    +
   23    58  0   0.0%   0.061 AU:3    +
    5   117  0   0.0%   0.146 GU:3    +
   26   119  0   0.0%   0.177 AU:3    +
  123   130  0   0.0%   0.001 UG:3    +
   49    62  0   0.0%   0.035 UG:3    +
   15   103  0   0.0%   0.015 CG:3    +
   38   123  0   0.0%   0.177 AU:3    +
   22    53  0   0.0%   0.116 AU:3    +
    1     9  0   0.0%   0.001 CG:3    +
   14   104  0   0.0%   0.018 GU:3    +
   13   114  0   0.0%   0.173 UA:3    +
    2     8  0   0.0%   0.000 UG:3    +
  111   118  0   0.0%   0.076 UG:3    +
  116   159  0   0.0%   0.189 UA:3    +
   23    42  0   0.0%   0.054 AU:3    +
   72   139  0   0.0%   0.093 UA:3    +
   37    77  0   0.0%   0.209 UA:3    +
   25   104  0   0.0%   0.242 AU:3    +
   19   144  0   0.0%   0.346 UA:3    +
   38    76  0   0.0%   0.178 AU:3    +
   79    89  0   0.0%   0.107 GU:3    +
    8   111  0   0.0%   0.016 GU:3    +
   48   133  0   0.0%   0.081 CG:3    +
    2    33  0   0.0%   0.101 UA:3    +
   42    47  0   0.0%   0.007 UA:3    +
   35   114  0   0.0%   0.150 UA:3    +
   31    67  0   0.0%   0.142 UA:3    +
   59   123  0   0.0%   0.128 GU:3    +
  125   133  0   0.0%   0.006 CG:3    +
   22   116  0   0.0%   0.120 AU:3    +
   77    94  0   0.0%   0.100 AU:3    +
   58   124  0   0.0%   0.077 UA:3    +
   83   102  0   0.0%   0.525 AU:3    +
   76   139  0   0.0%   0.085 UA:3    +
   14   138  0   0.0%   0.017 GC:3    +
   15   137  0   0.0%   0.013 CG:3    +
   79   111  0   0.0%   0.502 GU:3    +
   22    72  0   0.0%   0.120 AU:3    +
   85   100  0   0.0%   0.002 UA:3    +
   42    50  0   0.0%   0.007 UA:3    +
    9   143  0   0.0%   0.192 GC:3    +
   13   139  0   0.0%   0.055 UA:3    +
   76   158  0   0.0%   0.186 UA:3    +
   19   145  0   0.0%   0.420 UA:3    +
   87    98  0   0.0%   0.010 UA:3    +
   82   145  0   0.0%   0.395 UA:3    +
   39   129  0   0.0%   0.138 UA:3    +
   37   129  0   0.0%   0.115 UA:3    +
    7   106  0   0.0%   0.128 UA:3    +
   30   111  0   0.0%   0.215 AU:3    +
    4    65  0   0.0%   0.206 UA:3    +
   77    87  0   0.0%   0.100 AU:3    +
    2   103  0   0.0%   0.103 UG:3    +
   43    49  0   0.0%   0.004 GU:3    +
    7   136  0   0.0%   0.124 UG:3    +
   48    63  0   0.0%   0.085 CG:3    +
   76    88  0   0.0%   0.006 UA:3    +
   19   114  0   0.0%   0.162 UA:3    +
    5    64  0   0.0%   0.008 GC:3    +
   19    59  0   0.0%   0.039 UG:3    +
   31   114  0   0.0%   0.365 UA:3    +
   76   145  0   0.0%   0.466 UA:3    +
   21    79  0   0.0%   0.022 CG:3    +
    8    68  0   0.0%   0.020 GC:3    +
    4    79  0   0.0%   0.209 UG:3    +
    2    79  0   0.0%   0.103 UG:3    +
   76    95  0   0.0%   0.006 UA:3    +
   26    76  0   0.0%   0.173 AU:3    +
   49   133  0   0.0%   0.031 UG:3    +
    8   148  0   0.0%   0.035 GC:3    +
   42   158  0   0.0%   0.144 UA:3    +
   23   104  0   0.0%   0.064 AU:3    +
   71   109  1   0.4%   0.335 AU:2    +
    6   146  1   0.4%   0.588 CG:2    +
  146   155  1   0.4%   0.793 GC:2    +
   68    74  1   0.4%   0.285 CG:2    +
    7   141  1   0.3%   0.217 UA:2    +
   70   111  1   0.3%   0.222 AU:2    +
  108   115  1   0.3%   0.324 UA:2    +
    1   157  1   0.3%   0.204 CG:2    +
    3   142  1   0.3%   0.349 UA:2    +
   25    36  1   0.2%   0.267 AU:2    +
    5   147  1   0.2%   0.399 GU:2    +
   71   112  1   0.2%   0.305 AU:2    +
    7   142  1   0.2%   0.199 UA:2    +
  109   114  1   0.2%   0.375 UA:2    +
   67    75  1   0.2%   0.129 AU:2    +
  145   156  1   0.2%   0.681 AU:2    +
  116   142  1   0.2%   0.203 UA:2    +
   72   142  1   0.2%   0.148 UA:2    +
  111   142  1   0.2%   0.151 UA:2    +
   34   146  1   0.1%   0.675 CG:2    +
   36   144  1   0.1%   0.392 UA:2    +
  150   157  1   0.1%   0.263 UG:2    +
  108   114  1   0.1%   0.317 UA:2    +
  105   150  1   0.1%   0.115 AU:2    +
   33   147  1   0.1%   0.162 AU:2    +
  103   152  1   0.1%   0.158 GU:2    +
  141   156  1   0.1%   0.219 AU:2    +
  103   110  1   0.1%   0.125 GC:2    +
  105   112  1   0.1%   0.155 AU:2    +
    5   150  1   0.1%   0.433 GU:2    +
   69   114  1   0.1%   0.191 UA:2    +
   25   153  1   0.1%   0.259 AU:2    +
    4   105  1   0.1%   0.223 UA:2    +
  151   156  1   0.1%   0.146 AU:2    +
   75   139  1   0.1%   0.214 UA:2    +
    8    16  1   0.1%   0.015 GC:2    +
   67    73  1   0.1%   0.045 AU:2    +
   32   105  1   0.1%   0.068 UA:2    +
   88    93  1   0.1%   0.013 AU:2    +
   67   112  1   0.1%   0.066 AU:2    +
   18    26  1   0.1%   0.366 UA:2    +
    3   146  1   0.1%   1.159 UG:2    +
  109   115  1   0.1%   0.346 UA:2    +
   28   157  1   0.1%   0.168 CG:2    +
   17    27  1   0.1%   0.060 GC:2    +
  140   146  1   0.1%   0.779 CG:2    +
   74   110  1   0.1%   0.258 GC:2    +
   16    62  1   0.1%   0.016 CG:2    +
   70   108  1   0.0%   0.069 AU:2    +
   18   139  1   0.0%   0.227 UA:2    +
  145   152  1   0.0%   0.579 AU:2    +
   27   146  1   0.0%   0.556 CG:2    +
   39    70  1   0.0%   0.185 UA:2    +
   73   105  1   0.0%   0.031 UA:2    +
   26   152  1   0.0%   0.191 AU:2    +
  146   153  1   0.0%   0.738 GU:2    +
  153   158  1   0.0%   0.177 UA:2    +
   32    70  1   0.0%   0.054 UA:2    +
   71    78  1   0.0%   0.181 AU:2    +
   41   112  1   0.0%   0.140 AU:2    +
  144   153  1   0.0%   0.485 AU:2    +
   68   146  1   0.0%   0.727 CG:2    +
   33    69  1   0.0%   0.039 AU:2    +
  152   158  1   0.0%   0.176 UA:2    +
    4   142  1   0.0%   0.392 UA:2    +
   74   108  1   0.0%   0.338 GU:2    +
  147   151  1   0.0%   0.090 UA:2    +
   27   157  1   0.0%   0.156 CG:2    +
   66   115  1   0.0%   0.264 UA:2    +
  146   152  1   0.0%   0.737 GU:2    +
   66    71  1   0.0%   0.221 UA:2    +
  143   157  1   0.0%   0.365 CG:2    +
  153   157  1   0.0%   0.256 UG:2    +
   26   147  1   0.0%   0.222 AU:2    +
  152   159  1   0.0%   0.102 UA:2    +
  108   145  1   0.0%   0.517 UA:2    +
   69   145  1   0.0%   0.451 UA:2    +
  117   141  1   0.0%   0.286 UA:2    +
  152   157  1   0.0%   0.256 UG:2    +
  107   146  1   0.0%   0.704 CG:2    +
   28   146  1   0.0%   0.561 CG:2    +
   33   156  1   0.0%   0.191 AU:2    +
  145   153  1   0.0%   0.576 AU:2    +
  105   111  1   0.0%   0.146 AU:2    +
   33    73  1   0.0%   0.041 AU:2    +
   67   147  1   0.0%   0.109 AU:2    +
  145   154  1   0.0%   0.577 AU:2    +
  150   158  1   0.0%   0.176 UA:2    +
   41    69  1   0.0%   0.173 AU:2    +
   39   141  1   0.0%   0.196 UA:2    +
  144   156  1   0.0%   0.560 AU:2    +
   69   115  1   0.0%   0.166 UA:2    +
  109   144  1   0.0%   0.472 UA:2    +
  154   158  1   0.0%   0.171 UA:2    +
   29   157  1   0.0%   0.347 CG:2    +
  106   147  1   0.0%   0.186 AU:2    +
   10   154  1   0.0%   0.048 AU:2    +
   73   106  1   0.0%   0.029 UA:2    +
   78   114  1   0.0%   0.380 UA:2    +
   30    36  1   0.0%   0.031 AU:2    +
   38   150  1   0.0%   0.189 AU:2    +
   11   153  1   0.0%   0.201 AU:2    +
   74   109  1   0.0%   0.374 GU:2    +
   70    76  1   0.0%   0.062 AU:2    +
   40    69  1   0.0%   0.359 GU:2    +
   12   152  1   0.0%   0.044 AU:2    +
   75   105  1   0.0%   0.097 UA:2    +
  153   159  1   0.0%   0.099 UA:2    +
    2   142  1   0.0%   0.110 UA:2    +
  139   147  1   0.0%   0.214 AU:2    +
  112   145  1   0.0%   0.776 UA:2    +
  106   150  1   0.0%   0.153 AU:2    +
  144   154  1   0.0%   0.484 AU:2    +
   36   158  1   0.0%   0.190 UA:2    +
   69    77  1   0.0%   0.143 UA:2    +
   38   156  1   0.0%   0.260 AU:2    +
    3    70  1   0.0%   0.191 UA:2    +
   66   105  1   0.0%   0.160 UA:2    +
    3   141  1   0.0%   0.306 UA:2    +
  150   159  1   0.0%   0.101 UA:2    +
   73   144  1   0.0%   0.414 UA:2    +
    2   141  1   0.0%   0.108 UA:2    +
   23    36  1   0.0%   0.050 AU:2    +
    4    70  1   0.0%   0.210 UA:2    +
  146   154  1   0.0%   0.735 GU:2    +
   74   143  1   0.0%   0.508 GC:2    +
   69    74  1   0.0%   0.147 UG:2    +
  103   112  1   0.0%   0.169 GU:2    +
    5   152  1   0.0%   0.425 GU:2    +
   24   112  1   0.0%   0.158 AU:2    +
  154   159  1   0.0%   0.093 UA:2    +
   38   152  1   0.0%   0.187 AU:2    +
  113   157  1   0.0%   0.337 CG:2    +
   14   150  1   0.0%   0.042 GU:2    +
   25    73  1   0.0%   0.239 AU:2    +
   30   156  1   0.0%   0.292 AU:2    +
   24    73  1   0.0%   0.156 AU:2    +
   80   112  1   0.0%   0.253 AU:2    +
   26    36  1   0.0%   0.192 AU:2    +
  111   141  1   0.0%   0.147 UA:2    +
  144   150  1   0.0%   0.487 AU:2    +
  111   146  1   0.0%   0.947 UG:2    +
  112   158  1   0.0%   0.340 UA:2    +
  147   159  1   0.0%   0.155 UA:2    +
   41   147  1   0.0%   0.182 AU:2    +
   24   153  1   0.0%   0.162 AU:2    +
    5   153  1   0.0%   0.426 GU:2    +
   38    66  1   0.0%   0.142 AU:2    +
   67   108  1   0.0%   0.049 AU:2    +
   66   114  1   0.0%   0.279 UA:2    +
   75   142  1   0.0%   0.241 UA:2    +
  145   150  1   0.0%   0.575 AU:2    +
   73    79  1   0.0%   0.118 UG:2    +
   25   112  1   0.0%   0.242 AU:2    +
   50    54  1   0.0%   0.003 AU:2    +
   73   115  1   0.0%   0.254 UA:2    +
   71    75  1   0.0%   0.151 AU:2    +
   40   150  1   0.0%   0.347 GU:2    +
   23   154  1   0.0%   0.067 AU:2    +
  114   156  1   0.0%   0.305 AU:2    +
  106   112  1   0.0%   0.196 AU:2    +
   33   150  1   0.0%   0.118 AU:2    +
   66    77  1   0.0%   0.243 UA:2    +
   47    54  1   0.0%   0.003 AU:2    +
   25   152  1   0.0%   0.244 AU:2    +
   35    70  1   0.0%   0.030 UA:2    +
    5   110  1   0.0%   0.025 GC:2    +
  103   109  1   0.0%   0.231 GU:2    +
  141   154  1   0.0%   0.135 AU:2    +
   30   135  1   0.0%   0.214 AU:2    +
   14    18  1   0.0%   0.208 GU:2    +
    5    69  1   0.0%   0.014 GU:2    +
   10    18  1   0.0%   0.002 AU:2    +
  146   150  1   0.0%   0.733 GU:2    +
   27    74  1   0.0%   0.015 CG:2    +
  104   142  1   0.0%   0.120 UA:2    +
  115   152  1   0.0%   0.217 AU:2    +
  147   157  1   0.0%   0.213 UG:2    +
   18    25  1   0.0%   0.407 UA:2    +
   26   153  1   0.0%   0.192 AU:2    +
   75   115  1   0.0%   0.367 UA:2    +
   30   152  1   0.0%   0.221 AU:2    +
   23   112  1   0.0%   0.061 AU:2    +
   71   152  1   0.0%   0.304 AU:2    +
   66    70  1   0.0%   0.198 UA:2    +
   25   154  1   0.0%   0.257 AU:2    +
   26    75  1   0.0%   0.176 AU:2    +
   25   156  1   0.0%   0.322 AU:2    +
   73   157  1   0.0%   0.238 UG:2    +
   23    73  1   0.0%   0.059 AU:2    +
   70    75  1   0.0%   0.131 AU:2    +
   23   153  1   0.0%   0.064 AU:2    +
  113   146  1   0.0%   0.896 CG:2    +
   73    97  1   0.0%   0.012 UA:2    +
   23   156  1   0.0%   0.135 AU:2    +
   19   141  1   0.0%   0.093 UA:2    +
   25   150  1   0.0%   0.247 AU:2    +
  108   146  1   0.0%   0.672 UG:2    +
  109   145  1   0.0%   0.546 UA:2    +
  117   142  1   0.0%   0.241 UA:2    +
   75    95  1   0.0%   0.078 UA:2    +
   69   100  1   0.0%   0.046 UA:2    +
   17   143  1   0.0%   0.256 GC:2    +
   25   108  1   0.0%   0.238 AU:2    +
   65    78  1   0.0%   0.127 AU:2    +
   36   145  1   0.0%   0.464 UA:2    +
   24   108  1   0.0%   0.155 AU:2    +
   24   152  1   0.0%   0.160 AU:2    +
   25   109  1   0.0%   0.238 AU:2    +
   77   109  1   0.0%   0.282 AU:2    +
  116   146  1   0.0%   0.828 UG:2    +
   26   154  1   0.0%   0.194 AU:2    +
   69   118  1   0.0%   0.054 UG:2    +
  103   108  1   0.0%   0.195 GU:2    +
   23   109  1   0.0%   0.060 AU:2    +
   23   150  1   0.0%   0.067 AU:2    +
   36   129  1   0.0%   0.067 UA:2    +
   77   108  1   0.0%   0.246 AU:2    +
   65    73  1   0.0%   0.034 AU:2    +
    4   146  1   0.0%   1.074 UG:2    +
   34   157  1   0.0%   0.263 CG:2    +
   26   108  1   0.0%   0.177 AU:2    +
   68   157  1   0.0%   0.320 CG:2    +
   76   141  1   0.0%   0.141 UA:2    +
   24   109  1   0.0%   0.156 AU:2    +
   26   150  1   0.0%   0.187 AU:2    +
   37   146  1   0.0%   0.664 UG:2    +
   26   156  1   0.0%   0.259 AU:2    +
   24   150  1   0.0%   0.164 AU:2    +
  110   157  1   0.0%   0.308 CG:2    +
   25    54  1   0.0%   0.235 AU:2    +
  114   153  1   0.0%   0.234 AU:2    +
   38    73  1   0.0%   0.181 AU:2    +
   31   146  1   0.0%   0.781 UG:2    +
   70   116  1   0.0%   0.221 AU:2    +
   78   106  1   0.0%   0.304 UA:2    +
  108   151  1   0.0%   0.148 UA:2    +
   79   110  1   0.0%   0.445 GC:2    +
   18    24  1   0.0%   0.327 UA:2    +
   70   153  1   0.0%   0.253 AU:2    +
  109   151  1   0.0%   0.179 UA:2    +
  103   153  1   0.0%   0.149 GU:2    +
  109   158  1   0.0%   0.266 UA:2    +
   35   146  1   0.0%   0.582 UG:2    +
    9   112  1   0.0%   0.017 GU:2    +
   41    73  1   0.0%   0.135 AU:2    +
  115   147  1   0.0%   0.254 AU:2    +
   30   150  1   0.0%   0.222 AU:2    +
   29   146  1   0.0%   0.743 CG:2    +
   28    74  1   0.0%   0.023 CG:2    +
   73   158  1   0.0%   0.207 UA:2    +
  144   152  1   0.0%   0.482 AU:2    +
   30   147  1   0.0%   0.256 AU:2    +
   25   147  1   0.0%   0.279 AU:2    +
   71    99  1   0.0%   0.079 AU:2    +
   40    73  1   0.0%   0.321 GU:2    +
   78   144  1   0.0%   0.501 UA:2    +
   67   109  1   0.0%   0.048 AU:2    +
   24   147  1   0.0%   0.196 AU:2    +
   70    99  1   0.0%   0.057 AU:2    +
   25    69  1   0.0%   0.236 AU:2    +
   23   147  1   0.0%   0.100 AU:2    +
  146   156  1   0.0%   0.838 GU:2    +
   38    78  1   0.0%   0.274 AU:2    +
   79   108  1   0.0%   0.532 GU:2    +
    8   150  1   0.0%   0.053 GU:2    +
   24    69  1   0.0%   0.154 AU:2    +
   23   108  1   0.0%   0.059 AU:2    +
   23    69  1   0.0%   0.058 AU:2    +
   26    54  1   0.0%   0.172 AU:2    +
   66    74  1   0.0%   0.228 UG:2    +
  112   146  1   0.0%   0.930 UG:2    +
   46    54  1   0.0%   0.002 AU:2    +
  106   152  1   0.0%   0.149 AU:2    +
  119   142  1   0.0%   0.078 UA:2    +
   23   152  1   0.0%   0.063 AU:2    +
   74   112  1   0.0%   0.307 GU:2    +
   30    75  1   0.0%   0.119 AU:2    +
   36   159  1   0.0%   0.144 UA:2    +
  142   156  1   0.0%   0.164 AU:2    +
   17    28  1   0.0%   0.052 GC:2    +
   69   151  1   0.0%   0.076 UA:2    +
   29    74  1   0.0%   0.112 CG:2    +
   70   150  1   0.0%   0.254 AU:2    +
   78    88  1   0.0%   0.101 UA:2    +
   10   153  1   0.0%   0.043 AU:2    +
   37   142  1   0.0%   0.146 UA:2    +
   55    59  1   0.0%   0.128 CG:2    +
   30    73  1   0.0%   0.118 AU:2    +
   26    69  1   0.0%   0.172 AU:2    +
    5   109  1   0.0%   0.024 GU:2    +
    5   108  1   0.0%   0.024 GU:2    +
   26   109  1   0.0%   0.177 AU:2    +
    5   112  1   0.0%   0.025 GU:2    +
   84   115  1   0.0%   0.184 UA:2    +
   17    21  1   0.0%   0.059 GC:2    +
   22    73  1   0.0%   0.120 AU:2    +
   42   146  1   0.0%   0.578 UG:2    +
  105   117  1   0.0%   0.115 AU:2    +
   69   157  1   0.0%   0.200 UG:2    +
  105   153  1   0.0%   0.102 AU:2    +
   36    67  1   0.0%   0.026 UA:2    +
  105   152  1   0.0%   0.106 AU:2    +
   26    73  1   0.0%   0.174 AU:2    +
   70   156  1   0.0%   0.323 AU:2    +
  112   139  1   0.0%   0.079 UA:2    +
  105   147  1   0.0%   0.136 AU:2    +
   41   154  1   0.0%   0.146 AU:2    +
   41   153  1   0.0%   0.143 AU:2    +
   72   141  1   0.0%   0.141 UA:2    +
    2    70  1   0.0%   0.101 UA:2    +
   26   112  1   0.0%   0.179 AU:2    +
   94   105  1   0.0%   0.104 UA:2    +
   22   112  1   0.0%   0.120 AU:2    +
   71   147  1   0.0%   0.345 AU:2    +
   40   110  1   0.0%   0.318 GC:2    +
  142   154  1   0.0%   0.090 AU:2    +
   67    78  1   0.0%   0.140 AU:2    +
    8    69  1   0.0%   0.017 GU:2    +
   65    69  1   0.0%   0.070 AU:2    +
   38    75  1   0.0%   0.241 AU:2    +
    7   146  1   0.0%   0.703 UG:2    +
   69    79  1   0.0%   0.151 UG:2    +
   72   146  1   0.0%   0.646 UG:2    +
   37   105  1   0.0%   0.124 UA:2    +
   22    36  1   0.0%   0.114 AU:2    +
   18    38  1   0.0%   0.213 UA:2    +
  109   157  1   0.0%   0.296 UG:2    +
   16    40  1   0.0%   0.005 CG:2    +
   22   156  1   0.0%   0.192 AU:2    +
   93   100  1   0.0%   0.006 UA:2    +
   39   142  1   0.0%   0.171 UA:2    +
  110   118  1   0.0%   0.013 CG:2    +
   73    77  1   0.0%   0.110 UA:2    +
    7    70  1   0.0%   0.126 UA:2    +
   73   145  1   0.0%   0.487 UA:2    +
   30   153  1   0.0%   0.223 AU:2    +
   89   105  1   0.0%   0.078 UA:2    +
   10   112  1   0.0%   0.016 AU:2    +
  108   159  1   0.0%   0.187 UA:2    +
   41    75  1   0.0%   0.194 AU:2    +
   77   150  1   0.0%   0.165 AU:2    +
   11   152  1   0.0%   0.198 AU:2    +
    3   105  1   0.0%   0.191 UA:2    +
  108   158  1   0.0%   0.234 UA:2    +
   69   158  1   0.0%   0.169 UA:2    +
   36   115  1   0.0%   0.174 UA:2    +
   93   106  1   0.0%   0.130 UA:2    +
   36   114  1   0.0%   0.189 UA:2    +
   74   125  1   0.0%   0.289 GC:2    +
   71   153  1   0.0%   0.305 AU:2    +
    1    74  1   0.0%   0.001 CG:2    +
   30   108  1   0.0%   0.214 AU:2    +
   36   106  1   0.0%   0.074 UA:2    +
   70   154  1   0.0%   0.256 AU:2    +
   22   154  1   0.0%   0.124 AU:2    +
   69   106  1   0.0%   0.054 UA:2    +
   70   147  1   0.0%   0.293 AU:2    +
   18    23  1   0.0%   0.248 UA:2    +
   73    80  1   0.0%   0.011 UA:2    +
  105   116  1   0.0%   0.152 AU:2    +
   32   141  1   0.0%   0.108 UA:2    +
   41   152  1   0.0%   0.141 AU:2    +
   79   109  1   0.0%   0.567 GU:2    +
   37   141  1   0.0%   0.169 UA:2    +
   75   124  1   0.0%   0.191 UA:2    +
   74   149  1   0.0%   0.360 GC:2    +
   22   135  1   0.0%   0.120 AU:2    +
   67   150  1   0.0%   0.068 AU:2    +
    5    73  1   0.0%   0.013 GU:2    +
   71   156  1   0.0%   0.375 AU:2    +
   69   144  1   0.0%   0.373 UA:2    +
   73   151  1   0.0%   0.114 UA:2    +
   33   153  1   0.0%   0.118 AU:2    +
  106   153  1   0.0%   0.145 AU:2    +
   71   150  1   0.0%   0.306 AU:2    +
  108   144  1   0.0%   0.438 UA:2    +
   31   142  1   0.0%   0.275 UA:2    +
  114   147  1   0.0%   0.275 AU:2    +
   13   141  1   0.0%   0.103 UA:2    +
    8   110  1   0.0%   0.017 GC:2    +
   40   153  1   0.0%   0.346 GU:2    +
   80   109  1   0.0%   0.321 AU:2    +
   77   112  1   0.0%   0.211 AU:2    +
   11   147  1   0.0%   0.235 AU:2    +
   65    75  1   0.0%   0.093 AU:2    +
   67   156  1   0.0%   0.137 AU:2    +
  112   157  1   0.0%   0.369 UG:2    +
   72   105  1   0.0%   0.030 UA:2    +
   16   146  1   0.0%   0.541 CG:2    +
   33    66  1   0.0%   0.035 AU:2    +
   22   109  1   0.0%   0.120 AU:2    +
   15   146  1   0.0%   0.541 CG:2    +
  105   123  1   0.0%   0.085 AU:2    +
   80   147  1   0.0%   0.245 AU:2    +
   78   151  1   0.0%   0.201 UA:2    +
   16    79  1   0.0%   0.010 CG:2    +
   22   153  1   0.0%   0.122 AU:2    +
   71   154  1   0.0%   0.308 AU:2    +
   69   146  1   0.0%   0.605 UG:2    +
  102   141  1   0.0%   0.595 UA:2    +
   77   156  1   0.0%   0.234 AU:2    +
   20   157  1   0.0%   0.138 CG:2    +
   18    77  1   0.0%   0.213 UA:2    +
    5    18  1   0.0%   0.001 GU:2    +
   38   147  1   0.0%   0.225 AU:2    +
   75   158  1   0.0%   0.311 UA:2    +
  109   139  1   0.0%   0.158 UA:2    +
   77   152  1   0.0%   0.162 AU:2    +
   21    74  1   0.0%   0.024 CG:2    +
   87   105  1   0.0%   0.079 UA:2    +
  107   157  1   0.0%   0.296 CG:2    +
  103   150  1   0.0%   0.143 GU:2    +
   30   154  1   0.0%   0.226 AU:2    +
   36   151  1   0.0%   0.092 UA:2    +
   38   154  1   0.0%   0.191 AU:2    +
   75   114  1   0.0%   0.388 UA:2    +
   41   109  1   0.0%   0.131 AU:2    +
  105   154  1   0.0%   0.104 AU:2    +
   22   150  1   0.0%   0.126 AU:2    +
   38   153  1   0.0%   0.188 AU:2    +
   74   148  1   0.0%   0.349 GC:2    +
  108   139  1   0.0%   0.128 UA:2    +
   36    41  1   0.0%   0.032 UA:2    +
   46   135  1   0.0%   0.034 AU:2    +
   41   156  1   0.0%   0.213 AU:2    +
   32   142  1   0.0%   0.086 UA:2    +
   33   152  1   0.0%   0.115 AU:2    +
   13   146  1   0.0%   0.603 UG:2    +
   41   150  1   0.0%   0.144 AU:2    +
   33   154  1   0.0%   0.120 AU:2    +
   77    93  1   0.0%   0.100 AU:2    +
   67   153  1   0.0%   0.066 AU:2    +
   78   115  1   0.0%   0.355 UA:2    +
   30   109  1   0.0%   0.214 AU:2    +
   38   127  1   0.0%   0.177 AU:2    +
   65   112  1   0.0%   0.035 AU:2    +
    9    16  1   0.0%   0.010 GC:2    +
   67   154  1   0.0%   0.069 AU:2    +
   67   152  1   0.0%   0.065 AU:2    +
   69   105  1   0.0%   0.057 UA:2    +
   18   145  1   0.0%   0.598 UA:2    +
   79   150  1   0.0%   0.453 GU:2    +
    9   110  1   0.0%   0.017 GC:2    +
   35   141  1   0.0%   0.081 UA:2    +
   17    34  1   0.0%   0.048 GC:2    +
   22   108  1   0.0%   0.120 AU:2    +
   39   146  1   0.0%   0.693 UG:2    +
    2   105  1   0.0%   0.102 UA:2    +
   18    33  1   0.0%   0.212 UA:2    +
   17   149  1   0.0%   0.114 GC:2    +
  100   108  1   0.0%   0.093 AU:2    +
   78    90  1   0.0%   0.101 UA:2    +
   18   159  1   0.0%   0.282 UA:2    +
   23    54  1   0.0%   0.054 AU:2    +
   18    22  1   0.0%   0.320 UA:2    +
   81   146  1   0.0%   0.551 CG:2    +
   70   152  1   0.0%   0.251 AU:2    +
   25    66  1   0.0%   0.238 AU:2    +
   74   156  1   0.0%   0.382 GU:2    +
   69   159  1   0.0%   0.123 UA:2    +
   21   157  1   0.0%   0.152 CG:2    +
   22   147  1   0.0%   0.159 AU:2    +
   35   142  1   0.0%   0.058 UA:2    +
   42    70  1   0.0%   0.084 UA:2    +
    9   109  1   0.0%   0.016 GU:2    +
   66   142  1   0.0%   0.182 UA:2    +
   30    69  1   0.0%   0.114 AU:2    +
   41   108  1   0.0%   0.131 AU:2    +
   22    69  1   0.0%   0.120 AU:2    +
   66   141  1   0.0%   0.206 UA:2    +
   31   141  1   0.0%   0.297 UA:2    +
   73   159  1   0.0%   0.160 UA:2    +
   69   139  1   0.0%   0.061 UA:2    +
   10   109  1   0.0%   0.015 AU:2    +
   73   139  1   0.0%   0.086 UA:2    +
  139   150  1   0.0%   0.177 AU:2    +
   22   152  1   0.0%   0.122 AU:2    +
   40   128  1   0.0%   0.324 GC:2    +
   13   105  1   0.0%   0.055 UA:2    +
   32   146  1   0.0%   0.592 UG:2    +
   17   148  1   0.0%   0.104 GC:2    +
   18   115  1   0.0%   0.320 UA:2    +
   23    66  1   0.0%   0.061 AU:2    +
   18   146  1   0.0%   0.748 UG:2    +
  115   153  1   0.0%   0.213 AU:2    +
   25    75  1   0.0%   0.239 AU:2    +
   38   112  1   0.0%   0.179 AU:2    +
   31    70  1   0.0%   0.144 UA:2    +
   26    66  1   0.0%   0.175 AU:2    +
   10   108  1   0.0%   0.015 AU:2    +
   66   151  1   0.0%   0.171 UA:2    +
  139   152  1   0.0%   0.174 AU:2    +
   23    78  1   0.0%   0.058 AU:2    +
   65   108  1   0.0%   0.031 AU:2    +
   42   141  1   0.0%   0.086 UA:2    +
   33   112  1   0.0%   0.105 AU:2    +
  139   156  1   0.0%   0.240 AU:2    +
   36   124  1   0.0%   0.066 UA:2    +
   79   112  1   0.0%   0.497 GU:2    +
   69    80  1   0.0%   0.045 UA:2    +
   14   147  1   0.0%   0.073 GU:2    +
  114   154  1   0.0%   0.236 AU:2    +
   74   150  1   0.0%   0.313 GU:2    +
   23    75  1   0.0%   0.061 AU:2    +
   75    80  1   0.0%   0.077 UA:2    +
.((((.(((((......)))))......(((......)))((((((.(..........).)))))).......(((((.(((((((((.....)))))))))))))).........((((((((((...))))))))))...)))).............
