6 sequence; length of alignment 160
alifold output
  124   133  0  99.7%   0.031 CG:2    GC:2    AU:1    UA:1   
  123   134  0  99.7%   0.043 GC:6   
  122   135  0  99.7%   0.045 GC:6   
   85    92  0  98.6%   0.059 CG:3    UG:3   
   75   101  0  99.6%   0.016 GC:6   
   76   100  2  99.4%   0.021 GC:1    GU:3   
   83    94  0  98.0%   0.086 UG:4    UA:2   
   77    99  1  99.4%   0.020 GC:5   
   84    93  0  98.8%   0.067 UA:6   
   64   109  2  98.2%   0.054 CG:1    AU:2    UA:1   
   65   108  1  98.2%   0.056 GC:4    GU:1   
   63   110  3  98.3%   0.054 GC:3   
   62   111  1  97.6%   0.074 CG:5   
   74   102  0  96.9%   0.094 UA:6   
   82    95  1  96.8%   0.115 CG:3    UG:2   
   66   107  2  96.3%   0.110 UA:4   
   67   106  2  89.6%   0.296 GC:1    UG:1    AU:2   
  125   132  0  88.3%   0.351 AU:6   
   21    42  0  85.1%   0.687 GC:6   
   22    41  1  85.0%   0.675 UA:5   
   61   112  2  84.4%   0.492 GU:1    AU:3   
   23    40  3  84.7%   0.673 UA:3   
   24    39  0  83.3%   0.660 AU:6   
   20    43  1  81.0%   0.789 GC:1    GU:4   
   78    98  1  77.5%   0.597 UG:5   
  121   136  2  76.0%   0.703 UA:4   
   25    38  1  75.1%   0.690 UA:5   
   47   153  0  68.5%   1.333 GC:6   
   48   152  0  66.0%   1.310 AU:6   
   86    91  1  59.0%   0.946 GC:1    GU:4   
   69   105  0  57.7%   0.966 GC:6    +
   70   104  3  54.7%   1.018 UG:3    +
   54   147  0  52.8%   1.597 CG:6    +
   53   148  3  51.2%   1.245 GC:1    GU:2    +
   55   146  0  48.8%   2.029 CG:1    UG:5    +
   19    44  3  49.5%   1.106 UA:3   
   49   151  3  49.5%   1.258 AU:3   
   52   149  0  40.4%   1.686 GU:1    AU:5    +
   50   150  1  41.7%   1.293 GU:5   
   80    97  1  40.8%   1.472 GC:1    GU:4    +
   51   149  0  38.7%   1.262 AU:6   
   79    97  3  38.1%   1.110 UG:1    AU:2   
   51   150  0  35.5%   1.977 AU:6    +
   71   105  1  35.6%   1.781 GC:5   
   54   146  0  34.6%   1.323 CG:6   
   55   145  1  34.6%   1.336 UA:5   
   72   104  3  34.3%   1.466 CG:3   
   56   144  0  31.1%   1.468 GU:1    AU:5   
   71   103  0  28.2%   1.098 GU:5    AU:1    +
   50   151  1  25.6%   1.956 GU:5    +
   27    36  3  17.9%   1.143 GU:3    +
   47   156  0  13.7%   1.714 GC:6    +
   46   157  3  11.8%   1.021 AU:2    UA:1    +
   50   153  1  11.8%   2.056 GC:5    +
   51   152  0  11.1%   2.184 AU:6    +
   49   154  2  10.8%   1.615 UG:1    AU:2    UA:1    +
   29    36  0   9.5%   1.316 AU:6    +
   52   151  0   8.3%   1.904 GU:1    AU:5    +
   30    35  0   8.8%   0.959 AU:6    +
   79    98  3   9.5%   1.243 UG:3    +
   30    36  0   8.7%   1.618 AU:6    +
    5    28  0   6.7%   0.795 GC:1    GU:4    AU:1    +
   29    37  1   9.0%   1.255 AU:5    +
  146   153  0   7.5%   2.162 GC:6    +
   42   159  0   7.4%   0.994 CG:6    +
    2    31  1   6.8%   0.589 CG:2    UG:2    UA:1    +
    3    30  0   7.2%   0.675 UA:6    +
   12    21  2   7.8%   0.691 CG:4    +
   43   158  1   7.1%   1.002 CG:1    UG:4    +
   13    20  2   7.4%   0.676 CG:3    UG:1    +
   11    22  2   7.6%   0.645 AU:4    +
  144   155  0   6.9%   1.338 UA:6    +
  145   154  3   7.4%   1.667 AU:3    +
   10    23  2   6.9%   0.618 GU:3    AU:1    +
    4    29  3   7.1%   0.716 UA:3    +
   49   152  3   6.5%   1.481 AU:3    +
   73   104  1   5.7%   1.204 CG:4    UG:1    +
  147   152  0   5.6%   1.739 GU:6    +
   20    55  0   4.2%   0.877 GC:1    GU:5    +
    9    24  2   5.8%   0.555 UA:4    +
   28    38  1   5.6%   1.016 UA:5    +
   59   144  0   5.0%   1.172 AU:6    +
  119   138  1   4.9%   0.570 GU:1    AU:4    +
   16    47  1   4.7%   0.761 CG:1    UG:4    +
   72   105  3   5.5%   1.552 GC:3    +
   44   159  3   5.5%   1.256 CG:3    +
   31    35  1   4.7%   0.949 GU:4    AU:1    +
   15    48  0   4.4%   0.672 UA:6    +
   57   142  0   3.3%   0.817 UG:2    UA:4    +
   45   156  2   5.0%   0.746 GC:4    +
   21    54  0   4.2%   0.826 GC:6    +
   41   160  3   4.8%   0.725 AU:3    +
   60   143  2   4.1%   0.740 GC:1    GU:1    AU:2    +
   53   150  0   3.8%   1.678 GU:6    +
    5    16  1   3.3%   0.463 GC:1    GU:3    AU:1    +
   19    56  2   4.1%   0.865 UG:1    UA:3    +
   23    52  0   2.7%   0.736 UG:1    UA:5    +
   71   106  1   3.2%   1.172 GC:1    GU:3    AU:1    +
  140   159  0   3.6%   1.178 CG:6    +
   22    53  1   4.0%   0.813 UG:5    +
    6    15  0   3.5%   0.365 AU:6    +
    1    32  2   3.5%   0.384 GC:1    GU:2    AU:1    +
   58   145  3   4.2%   1.431 UA:3    +
   18    57  2   4.0%   0.517 AU:4    +
   17    58  3   3.8%   0.513 GC:1    GU:2    +
   15    60  0   2.3%   0.724 UG:3    UA:3    +
   27    34  3   3.6%   0.444 CG:2    GU:1    +
  137   146  0   2.0%   1.109 CG:3    UG:3    +
   28    45  0   1.0%   0.725 CG:1    UG:3    UA:2    +
  138   145  0   3.0%   1.123 UA:6    +
   57   114  1   3.3%   0.565 UA:5    +
   16    59  2   3.3%   0.831 UA:4    +
    7    14  3   3.1%   0.402 UG:1    UA:2    +
  139   160  2   2.6%   0.719 GU:1    AU:2    UA:1    +
   58   113  3   3.0%   0.539 CG:1    UG:2    +
   15    45  0   1.5%   0.347 UG:4    UA:2    +
    4   154  3   2.7%   0.727 GC:1    GU:1    UG:1    +
   26    47  1   2.4%   0.546 CG:2    UG:3    +
  139   144  1   2.4%   0.914 GU:1    AU:4    +
    3   155  0   2.4%   0.650 UA:6    +
    6   152  0   2.3%   0.517 AU:6    +
   31    42  2   3.0%   0.842 GC:4    +
   77   130  0   0.3%   0.062 GC:2    GU:3    AU:1    +
    5   153  1   2.7%   0.825 GC:5    +
   57   116  0   1.2%   0.538 UG:2    UA:4    +
   32    41  3   2.9%   0.584 UA:3    +
    3    60  0   1.1%   0.475 UG:3    UA:3    +
    5   137  0   0.1%   0.529 GC:3    GU:2    AU:1    +
   55   158  0   1.1%   1.469 CG:1    UG:5    +
    1     7  0   0.1%   0.012 GC:1    GU:2    AU:3    +
   25   142  0   0.0%   0.371 CG:1    UG:1    UA:4    +
   73    98  0   0.0%   0.007 CG:4    UG:1    AU:1    +
    7    45  0   0.0%   0.176 CG:1    UG:3    UA:2    +
    5    55  0   0.0%   0.445 GC:1    GU:4    AU:1    +
    5    37  0   0.0%   0.448 GC:1    GU:4    AU:1    +
    1    28  0   0.0%   0.033 GC:1    GU:2    AU:3    +
    1    37  0   0.0%   0.154 GC:1    GU:2    AU:3    +
   22   139  0   0.0%   0.544 GU:1    UG:1    UA:4    +
   25    60  0   0.0%   0.502 CG:1    UG:2    UA:3    +
   37    45  0   0.0%   0.516 CG:1    UG:3    UA:2    +
   98   112  0   0.0%   0.661 GC:1    GU:4    UA:1    +
    7    63  0   0.0%   0.249 CG:1    UG:2    UA:3    +
   22    34  0   0.0%   0.275 GU:1    UG:3    UA:2    +
   25    45  0   0.0%   0.386 CG:1    UG:3    UA:2    +
   63    90  0   0.0%   0.002 GC:2    GU:1    AU:3    +
   28    60  0   0.0%   0.661 CG:1    UG:2    UA:3    +
   71   137  0   0.0%   0.894 GC:3    GU:2    AU:1    +
   37    60  0   0.0%   0.539 CG:1    UG:2    UA:3    +
   50   108  0   0.0%   0.174 CG:1    GC:4    GU:1    +
   55    63  0   0.0%   0.162 CG:1    UG:2    UA:3    +
   55    71  0   0.0%   0.161 CG:1    UG:4    UA:1    +
   56   115  3   2.5%   0.485 GU:1    AU:2    +
   25    48  1   2.5%   0.679 UA:5    +
   35    52  0   0.9%   0.740 UG:1    UA:5    +
   59   115  3   2.6%   0.596 AU:3    +
   30    43  2   2.5%   1.134 AU:4    +
   33    40  3   2.5%   0.517 UA:3    +
  140   158  0   1.8%   0.866 CG:6    +
   58   116  3   2.4%   0.682 UA:3    +
   58   141  3   2.4%   0.727 UA:3    +
   29    33  0   1.6%   0.440 AU:6    +
    4    13  3   1.8%   0.249 GC:1    AU:1    UA:1    +
    6    57  0   1.6%   0.381 AU:6    +
   39    48  0   1.5%   0.739 UA:6    +
   37    50  1   1.5%   0.612 CG:1    UG:4    +
   84    94  0   0.5%   0.132 UG:4    UA:2    +
   36    51  0   1.5%   1.048 UA:6    +
    7    56  1   1.4%   0.372 UG:1    UA:4    +
   34    39  1   1.4%   0.627 GU:3    AU:2    +
   28    34  2   1.7%   0.585 UG:3    UA:1    +
   63   112  1   0.9%   0.322 GC:1    GU:2    AU:2    +
    5    12  2   2.0%   0.243 GC:4    +
   85   122  0   0.3%   0.092 CG:3    UG:3    +
   69   137  0   0.3%   0.479 GC:3    GU:3    +
   16    45  1   0.8%   0.378 CG:1    UG:2    UA:2    +
   69   108  1   1.2%   0.531 GC:4    GU:1    +
   52   150  0   0.2%   1.338 GU:1    AU:5    +
    5    58  2   1.5%   0.645 GC:1    GU:3    +
   19    45  1   0.7%   0.582 CG:1    UG:2    UA:2    +
    5    36  0   0.1%   0.455 GU:5    AU:1    +
    3    52  0   0.1%   0.326 UG:1    UA:5    +
   70   107  3   1.6%   0.590 AU:1    UA:2    +
   54   159  0   1.1%   1.518 CG:6    +
   33    52  0   0.1%   0.350 UG:1    UA:5    +
   86    90  0   0.1%   0.025 GC:2    GU:4    +
    2    10  1   0.1%   0.037 CG:2    UG:1    AU:1    UA:1    +
   24    49  3   1.8%   0.602 AU:3    +
   60   138  0   0.1%   0.229 GU:3    AU:3    +
    3   142  0   0.1%   0.390 UG:2    UA:4    +
   81    90  0   0.1%   0.017 GC:2    GU:4    +
  138   142  0   0.1%   0.495 UG:2    UA:4    +
    5    57  0   0.1%   0.455 GU:5    AU:1    +
   20    37  0   0.0%   0.285 GC:1    GU:5    +
    7    21  0   0.0%   0.140 CG:1    UG:5    +
    5    33  0   0.0%   0.439 GU:5    AU:1    +
    7    53  0   0.0%   0.202 CG:1    UG:5    +
    5    23  0   0.0%   0.239 GU:5    AU:1    +
   56   149  0   0.0%   1.507 GU:1    AU:5    +
    5    15  0   0.0%   0.128 GU:5    AU:1    +
    7   159  0   0.0%   0.288 CG:1    UG:5    +
  116   121  0   0.0%   0.250 GU:2    AU:4    +
    1    33  0   0.0%   0.158 GU:3    AU:3    +
  137   147  0   0.0%   0.539 CG:3    UG:3    +
   61   138  0   0.0%   0.209 GU:1    AU:5    +
   28    47  0   0.0%   0.826 CG:1    UG:5    +
  116   138  0   0.0%   0.285 GU:2    AU:4    +
  116   144  0   0.0%   0.788 GU:2    AU:4    +
   39    56  0   0.0%   0.541 UG:1    UA:5    +
   35    45  0   0.0%   0.669 UG:4    UA:2    +
    5   144  0   0.0%   0.534 GU:5    AU:1    +
   20    28  0   0.0%   0.468 GC:1    GU:5    +
   61   152  0   0.0%   1.009 GU:1    AU:5    +
   52    57  0   0.0%   0.398 GU:1    AU:5    +
   52    83  0   0.0%   0.184 GU:1    AU:5    +
  137   159  0   0.0%   0.689 CG:3    UG:3    +
   55    80  0   0.0%   0.167 CG:1    UG:5    +
   60   144  0   0.0%   0.920 GU:3    AU:3    +
   21    25  0   0.0%   0.275 GC:1    GU:5    +
   37    47  0   0.0%   0.652 CG:1    UG:5    +
  142   149  0   0.0%   1.040 GU:2    AU:4    +
    5   150  0   0.0%   0.532 GU:5    AU:1    +
   15    52  0   0.0%   0.425 UG:1    UA:5    +
   55   147  0   0.0%   1.299 CG:1    UG:5    +
    5   138  0   0.0%   0.526 GU:5    AU:1    +
   20    25  0   0.0%   0.266 GC:1    GU:5    +
   56   138  0   0.0%   0.320 GU:1    AU:5    +
   67   154  1   0.0%   0.550 GC:1    UG:1    AU:2    UA:1    +
   52   121  0   0.0%   0.187 GU:1    AU:5    +
   15    61  0   0.0%   0.518 UG:1    UA:5    +
   25    47  0   0.0%   0.453 CG:1    UG:5    +
    7   158  0   0.0%   0.280 CG:1    UG:5    +
   90   104  0   0.0%   0.887 CG:2    UG:4    +
   94   151  0   0.0%   1.008 GU:4    AU:2    +
   15   142  0   0.0%   0.505 UG:2    UA:4    +
    1    15  0   0.0%   0.023 GU:3    AU:3    +
   57    61  0   0.0%   0.244 UG:1    UA:5    +
   53   137  0   0.0%   0.193 GC:3    GU:3    +
   33    56  0   0.0%   0.410 UG:1    UA:5    +
   52   138  0   0.0%   0.195 GU:1    AU:5    +
   36    60  0   0.0%   1.020 UG:3    UA:3    +
    3   116  0   0.0%   0.369 UG:2    UA:4    +
   36    52  0   0.0%   1.045 UG:1    UA:5    +
   36    45  0   0.0%   0.997 UG:4    UA:2    +
    7   147  0   0.0%   0.255 CG:1    UG:5    +
   56   121  0   0.0%   0.311 GU:1    AU:5    +
   85   123  0   0.0%   0.076 CG:3    UG:3    +
  121   142  0   0.0%   0.504 UG:2    UA:4    +
   35    60  0   0.0%   0.672 UG:3    UA:3    +
   23   116  0   0.0%   0.523 UG:2    UA:4    +
  142   151  0   0.0%   1.183 GU:2    AU:4    +
    1    35  0   0.0%   0.153 GU:3    AU:3    +
  142   150  0   0.0%   1.142 GU:2    AU:4    +
   35    61  0   0.0%   0.549 UG:1    UA:5    +
   10    32  1   0.0%   0.372 GC:1    GU:2    AU:1    UA:1    +
  137   158  0   0.0%   0.592 CG:3    UG:3    +
   61   144  0   0.0%   0.717 GU:1    AU:5    +
    3    56  0   0.0%   0.310 UG:1    UA:5    +
   57    63  0   0.0%   0.220 UG:3    UA:3    +
   60   151  0   0.0%   1.308 GU:3    AU:3    +
    7    20  0   0.0%   0.130 CG:1    UG:5    +
   60   121  0   0.0%   0.183 GU:3    AU:3    +
   71   151  0   0.0%   1.786 GU:5    AU:1    +
    3    45  0   0.0%   0.302 UG:4    UA:2    +
   39    45  0   0.0%   0.469 UG:4    UA:2    +
    5   151  0   0.0%   0.531 GU:5    AU:1    +
   63    74  0   0.0%   0.004 GU:3    AU:3    +
    1    39  0   0.0%   0.154 GU:3    AU:3    +
   60   152  0   0.0%   1.206 GU:3    AU:3    +
    5    39  0   0.0%   0.439 GU:5    AU:1    +
   85    95  0   0.0%   0.103 CG:3    UG:3    +
    1   138  0   0.0%   0.162 GU:3    AU:3    +
   85    89  0   0.0%   0.008 CG:3    UG:3    +
    5   121  0   0.0%   0.513 GU:5    AU:1    +
   21    28  0   0.0%   0.471 GC:1    GU:5    +
    7    47  0   0.0%   0.172 CG:1    UG:5    +
    5   152  0   0.0%   0.531 GU:5    AU:1    +
   15   116  0   0.0%   0.496 UG:2    UA:4    +
    1   144  0   0.0%   0.163 GU:3    AU:3    +
   52   152  0   0.0%   1.596 GU:1    AU:5    +
    3    61  0   0.0%   0.390 UG:1    UA:5    +
   56    78  0   0.0%   0.208 GU:1    AU:5    +
   33    63  0   0.0%   0.214 UG:3    UA:3    +
   69    85  0   0.0%   0.004 GC:3    GU:3    +
   57    77  0   0.0%   0.221 UG:5    UA:1    +
    1    36  0   0.0%   0.153 GU:3    AU:3    +
   55   122  0   0.0%   0.203 CG:1    UG:5    +
   21   137  0   0.0%   0.550 GC:3    GU:3    +
   60   150  0   0.0%   1.266 GU:3    AU:3    +
   61   150  0   0.0%   1.064 GU:1    AU:5    +
   28    52  0   0.0%   0.633 CG:1    UA:5    +
   45   152  0   0.0%   0.311 GU:4    AU:2    +
   66    71  0   0.0%   0.003 UG:5    UA:1    +
   61    66  0   0.0%   0.026 GU:1    AU:5    +
   28   146  0   0.0%   0.580 CG:1    UG:5    +
   61   151  0   0.0%   1.105 GU:1    AU:5    +
   47   137  0   0.0%   0.408 GC:3    GU:3    +
    7    65  0   0.0%   0.249 CG:1    UG:5    +
   47    55  0   0.0%   0.539 GC:1    GU:5    +
   60   149  0   0.0%   1.164 GU:3    AU:3    +
   33    45  0   0.0%   0.391 UG:4    UA:2    +
   80    85  0   0.0%   0.004 GC:3    GU:3    +
   28   158  0   0.0%   0.662 CG:1    UG:5    +
   55    65  0   0.0%   0.162 CG:1    UG:5    +
   56    66  0   0.0%   0.208 GU:1    AU:5    +
   60    66  0   0.0%   0.153 GU:3    AU:3    +
   77    88  0   0.0%   0.001 GU:5    AU:1    +
   21    37  0   0.0%   0.285 GC:1    GU:5    +
   37   158  0   0.0%   0.514 CG:1    UG:5    +
   33   142  0   0.0%   0.245 UG:2    UA:4    +
   56   150  0   0.0%   1.606 GU:1    AU:5    +
   55   159  0   0.0%   1.513 CG:1    UG:5    +
    1    57  0   0.0%   0.161 GU:3    AU:3    +
   76   130  0   0.0%   0.013 GC:2    GU:4    +
    7   146  0   0.0%   0.254 CG:1    UG:5    +
   61   149  0   0.0%   0.962 GU:1    AU:5    +
   61    78  0   0.0%   0.026 GU:1    AU:5    +
   50    62  0   0.0%   0.172 CG:1    GC:5    +
  111   137  0   0.0%   0.119 GC:3    GU:3    +
   79   107  0   0.0%   0.708 AU:2    UA:4    +
   65   137  0   0.0%   0.082 GC:3    GU:3    +
   63    88  0   0.0%   0.002 GU:3    AU:3    +
   61   121  0   0.0%   0.176 GU:1    AU:5    +
   25   159  0   0.0%   0.494 CG:1    UG:5    +
   37   159  0   0.0%   0.504 CG:1    UG:5    +
   75    90  0   0.0%   0.002 GC:2    GU:4    +
  103   142  0   0.0%   0.605 UG:2    UA:4    +
   23    60  0   0.0%   0.666 UG:3    UA:3    +
   45    57  0   0.0%   0.405 GU:4    AU:2    +
   10   112  1   0.0%   0.262 GC:1    GU:2    AU:1    UA:1    +
   33   116  0   0.0%   0.217 UG:2    UA:4    +
   85    96  0   0.0%   0.076 CG:3    UG:3    +
   52   144  0   0.0%   0.211 GU:1    AU:5    +
   55    95  0   0.0%   0.163 CG:1    UG:5    +
   20   137  0   0.0%   0.616 GC:3    GU:3    +
   15    56  0   0.0%   0.468 UG:1    UA:5    +
   66   142  0   0.0%   0.264 UG:2    UA:4    +
   35   142  0   0.0%   0.550 UG:2    UA:4    +
    7   111  0   0.0%   0.249 CG:1    UG:5    +
    5   149  0   0.0%   0.529 GU:5    AU:1    +
   71    83  0   0.0%   0.004 GU:5    AU:1    +
   78    94  0   0.0%   0.003 UG:4    UA:2    +
   78   142  0   0.0%   0.417 UG:2    UA:4    +
   90    96  0   0.0%   0.047 CG:2    UG:4    +
    5    35  0   0.0%   0.429 GU:5    AU:1    +
   88    94  0   0.0%   0.059 UG:4    UA:2    +
   80    90  0   0.0%   0.003 GC:2    GU:4    +
   85   111  0   0.0%   0.107 CG:3    UG:3    +
    1   121  0   0.0%   0.162 GU:3    AU:3    +
   63   138  0   0.0%   0.093 GU:3    AU:3    +
   90   158  0   0.0%   0.468 CG:2    UG:4    +
    1    23  0   0.0%   0.031 GU:3    AU:3    +
    1   149  0   0.0%   0.164 GU:3    AU:3    +
   71   132  0   0.0%   0.839 GU:5    AU:1    +
   45   151  0   0.0%   0.203 GU:4    AU:2    +
   28   159  0   0.0%   0.653 CG:1    UG:5    +
   35    56  0   0.0%   0.720 UG:1    UA:5    +
   88   116  0   0.0%   0.183 UG:2    UA:4    +
   77   103  0   0.0%   0.411 GU:5    AU:1    +
   25    53  0   0.0%   0.502 CG:1    UG:5    +
   74    94  0   0.0%   0.002 UG:4    UA:2    +
   36    61  0   0.0%   0.896 UG:1    UA:5    +
   28    53  0   0.0%   0.657 CG:1    UG:5    +
   47    85  0   0.0%   0.400 GC:3    GU:3    +
   25   147  0   0.0%   0.373 CG:1    UG:5    +
    1   152  0   0.0%   0.164 GU:3    AU:3    +
  116   150  0   0.0%   1.103 GU:2    AU:4    +
   14    46  3   1.4%   0.429 GC:1    AU:2    +
   40    47  3   1.4%   0.761 CG:2    UG:1    +
   57   146  0   0.9%   1.478 UG:6    +
   29    35  0   0.9%   0.462 AU:6    +
   62   113  1   0.9%   0.262 CG:4    GC:1    +
   58   142  3   1.6%   0.847 UA:3    +
  140   147  0   0.9%   0.679 CG:6    +
   57   117  2   1.1%   0.547 UG:2    UA:2    +
  141   157  3   1.5%   0.743 AU:3    +
  140   146  0   0.8%   1.130 CG:6    +
    4    10  1   0.2%   0.056 GU:2    UG:2    UA:1    +
   42   158  0   0.7%   0.497 CG:6    +
   55   116  1   0.7%   0.275 UG:2    UA:3    +
   38    49  3   1.5%   0.710 AU:3    +
    1     9  1   0.2%   0.045 GC:1    GU:2    AU:2    +
   13    21  2   1.0%   0.632 CG:3    UG:1    +
   91   116  1   0.2%   0.557 CG:1    UG:1    UA:3    +
   82    96  1   0.6%   0.151 CG:3    UG:2    +
    7    34  1   0.1%   0.189 CG:1    UG:2    UA:2    +
   31    37  1   0.1%   0.716 GC:1    GU:3    AU:1    +
    1    16  1   0.1%   0.046 GC:1    GU:1    AU:3    +
   25    34  1   0.1%   0.063 CG:1    UG:2    UA:2    +
   53   160  2   0.9%   0.994 GC:1    GU:3    +
    4    59  3   1.3%   0.540 UA:3    +
   94   112  1   0.1%   0.307 GC:1    GU:2    AU:2    +
    7    31  1   0.1%   0.354 CG:1    UG:3    UA:1    +
   10   157  1   0.1%   0.298 GU:2    AU:1    UA:2    +
   31    36  1   0.6%   1.197 GU:4    AU:1    +
   83    95  0   0.5%   0.153 UG:6    +
    3    14  3   1.0%   0.162 UG:1    UA:2    +
   81    97  1   0.5%   0.825 GC:1    GU:4    +
  113   137  1   0.0%   0.250 GC:2    GU:2    AU:1    +
    2    45  1   0.0%   0.228 CG:2    UG:1    UA:2    +
   15   158  0   0.5%   0.694 UG:6    +
    9    45  1   0.0%   0.226 CG:1    UG:2    UA:2    +
   85    94  1   0.0%   0.100 CG:2    UG:2    UA:1    +
   16    60  1   0.0%   0.688 CG:1    UG:1    UA:3    +
    1    19  1   0.0%   0.034 GC:1    GU:1    AU:3    +
   64   111  2   0.8%   0.164 CG:1    UG:3    +
   12    22  3   1.0%   0.628 CG:1    AU:2    +
    5    19  1   0.0%   0.232 GC:1    GU:3    AU:1    +
    9    31  1   0.0%   0.406 CG:1    UG:3    UA:1    +
   19   119  1   0.0%   0.543 UG:1    AU:1    UA:3    +
  113   118  2   0.8%   0.311 GC:3    GU:1    +
   34    55  1   0.0%   0.472 GC:1    GU:2    AU:2    +
   26    45  1   0.0%   0.211 CG:2    UG:1    UA:2    +
   55   113  1   0.0%   0.166 CG:1    UG:3    UA:1    +
  115   148  1   0.0%   0.651 CG:1    AU:2    UA:2    +
   10    22  1   0.0%   0.064 GU:3    UG:1    AU:1    +
   71    82  1   0.0%   0.004 GC:3    GU:1    AU:1    +
   16   142  1   0.0%   0.552 CG:1    UG:1    UA:3    +
    8    34  1   0.0%   0.083 GU:1    UG:3    UA:1    +
   10    67  1   0.0%   0.262 GU:3    UG:1    UA:1    +
  108   113  1   0.0%   0.242 CG:3    GC:1    UG:1    +
   63   137  1   0.0%   0.083 GC:2    GU:1    AU:2    +
    9    60  1   0.0%   0.294 CG:1    UG:1    UA:3    +
    8   139  1   0.0%   0.098 GU:1    UG:1    UA:3    +
    7   113  1   0.0%   0.249 CG:1    UG:3    UA:1    +
   16   116  1   0.0%   0.544 CG:1    UG:1    UA:3    +
   60    91  1   0.0%   0.154 GC:1    GU:2    AU:2    +
   90   113  1   0.0%   0.166 CG:2    UG:2    UA:1    +
    8   119  1   0.0%   0.094 GU:1    UG:1    UA:3    +
    5   131  1   0.0%   0.513 GC:1    GU:3    AU:1    +
   65   140  0   0.5%   0.219 GC:6    +
   45    90  1   0.0%   0.200 GC:1    GU:3    AU:1    +
   45    91  1   0.0%   0.200 GC:1    GU:2    AU:2    +
   43    60  1   0.0%   0.425 CG:1    UG:1    UA:3    +
   27    39  3   1.2%   0.876 GU:3    +
   66   139  1   0.5%   0.133 UG:1    UA:4    +
  153   158  0   0.5%   1.468 CG:6    +
   13    47  2   0.8%   0.456 CG:3    UG:1    +
   11    23  1   0.9%   0.567 AU:5    +
   26   147  1   0.4%   0.277 CG:2    UG:3    +
   56   143  3   0.9%   0.459 GU:1    AU:2    +
   60   140  3   1.2%   0.376 GC:3    +
  113   144  1   0.4%   0.850 GU:4    AU:1    +
   29   144  0   0.4%   0.837 AU:6    +
   20   153  0   0.4%   0.779 GC:6    +
   24   149  0   0.4%   0.494 AU:6    +
   57   145  0   0.4%   1.033 UA:6    +
  139   148  3   0.6%   0.648 GU:1    AU:1    UA:1    +
    8   154  2   0.0%   0.207 GC:1    GU:1    UG:1    UA:1    +
  111   140  0   0.4%   0.247 GC:6    +
   21   152  0   0.4%   0.695 GU:6    +
    4    43  2   0.0%   0.348 GC:1    GU:1    UG:1    AU:1    +
  113   138  1   0.3%   0.319 GU:4    AU:1    +
   10    58  2   0.0%   0.333 GC:1    GU:1    AU:1    UA:1    +
  148   154  2   0.0%   1.061 CG:1    GU:1    AU:1    UA:1    +
    4    26  2   0.0%   0.128 GC:1    GU:1    AU:1    UA:1    +
   69   106  1   0.3%   0.484 GC:1    GU:4    +
    2   159  1   0.3%   0.327 CG:2    UG:3    +
   16    46  2   0.6%   0.426 AU:1    UA:3    +
  147   153  0   0.3%   1.491 GC:6    +
   89   118  1   0.3%   0.072 GC:4    GU:1    +
   88   119  1   0.3%   0.063 UG:1    UA:4    +
   13   158  2   0.6%   0.531 CG:3    UG:1    +
   78   129  0   0.3%   0.252 UA:6    +
   81   126  0   0.3%   0.087 GC:6    +
   86   121  0   0.3%   0.376 GU:6    +
   14    20  3   1.0%   0.525 CG:3    +
   76   131  1   0.3%   0.064 GC:1    GU:4    +
  153   159  0   0.3%   1.618 CG:6    +
   84   123  0   0.3%   0.102 UG:6    +
   60   115  2   0.3%   0.395 GC:1    GU:1    AU:2    +
   75   132  0   0.3%   0.053 GU:6    +
   58   117  2   0.2%   0.510 CG:1    UG:1    UA:2    +
  152   159  0   0.2%   1.706 UG:6    +
  146   156  0   0.2%   1.665 GC:6    +
    3   158  0   0.2%   0.521 UG:6    +
   35    41  0   0.2%   0.753 UA:6    +
   83    93  0   0.2%   0.045 UA:6    +
   53   149  0   0.2%   1.336 GU:6    +
   27    37  3   1.0%   0.660 GU:3    +
    1   160  2   0.2%   0.221 GC:1    GU:1    AU:2    +
   26    50  1   0.2%   0.285 CG:2    UG:3    +
   30    37  1   0.7%   1.027 AU:5    +
   32    53  1   0.2%   0.428 CG:2    UG:3    +
  120   142  1   0.2%   0.348 UG:1    UA:4    +
   69   103  0   0.2%   0.039 GU:6    +
  120   136  1   0.2%   0.114 GU:1    UA:4    +
   84    92  0   0.2%   0.042 UG:6    +
   59   138  0   0.2%   0.362 AU:6    +
    8    17  2   0.2%   0.075 GC:1    UG:2    UA:1    +
   47   151  0   0.2%   0.438 GU:6    +
   33   141  0   0.2%   0.264 UA:6    +
   48   150  0   0.2%   0.388 AU:6    +
  144   158  0   0.2%   1.392 UG:6    +
   60   137  2   0.2%   0.219 GC:1    GU:2    AU:1    +
   65   110  2   0.8%   0.156 GC:4    +
   53   118  1   0.2%   0.206 GC:4    GU:1    +
   96   105  0   0.2%   0.911 GC:6    +
    3    29  0   0.2%   0.120 UA:6    +
   51   151  0   0.2%   1.602 AU:6    +
   97   104  1   0.2%   1.665 CG:1    UG:4    +
   43   159  1   0.1%   0.803 CG:1    UG:4    +
   48    57  0   0.1%   0.573 AU:6    +
   95   106  1   0.1%   0.316 GC:1    GU:4    +
   33    41  0   0.1%   0.460 UA:6    +
    6    35  0   0.1%   0.192 AU:6    +
    5     9  1   0.1%   0.039 GC:1    GU:4    +
   13   159  2   0.5%   0.569 CG:3    UG:1    +
    2    53  1   0.1%   0.249 CG:2    UG:3    +
   57   141  0   0.1%   0.501 UA:6    +
    3    38  0   0.1%   0.314 UA:6    +
  127   131  2   0.4%   0.111 CG:1    AU:3    +
   50    55  1   0.1%   0.335 GC:1    GU:4    +
   15    47  0   0.1%   0.319 UG:6    +
    3    59  0   0.1%   0.330 UA:6    +
  121   141  0   0.1%   0.436 UA:6    +
   21    32  1   0.1%   0.404 GC:2    GU:3    +
   43   160  3   0.6%   0.730 GU:1    UA:2    +
   20    33  0   0.1%   0.283 GU:6    +
  113   121  1   0.1%   0.241 GU:4    AU:1    +
   19   154  3   0.3%   0.714 UG:1    AU:1    UA:1    +
   50   148  2   0.1%   0.220 CG:1    GC:1    GU:2    +
   23    30  0   0.1%   0.464 UA:6    +
   57   119  1   0.1%   0.463 UG:1    UA:4    +
   58   143  3   0.6%   0.736 AU:1    UA:2    +
    2    60  2   0.1%   0.251 CG:1    UG:1    UA:2    +
   23    51  0   0.1%   0.461 UA:6    +
   91   111  1   0.1%   0.413 CG:1    UG:4    +
   35   139  1   0.1%   0.550 UG:1    UA:4    +
   56   120  1   0.1%   0.321 GU:1    AU:4    +
    7    17  2   0.1%   0.135 CG:1    UG:2    UA:1    +
   16   157  3   0.6%   0.670 AU:1    UA:2    +
   24    35  0   0.1%   0.218 AU:6    +
   25    50  1   0.1%   0.421 CG:1    UG:4    +
    2   158  1   0.1%   0.284 CG:2    UG:3    +
  113   143  2   0.1%   0.485 GC:1    GU:2    AU:1    +
   47    54  0   0.1%   0.569 GC:6    +
    9   158  1   0.1%   0.281 CG:1    UG:4    +
   15   155  0   0.1%   0.612 UA:6    +
  115   142  3   0.6%   0.517 UG:1    UA:2    +
   80    91  1   0.1%   0.017 GC:1    GU:4    +
   82    89  1   0.1%   0.016 CG:3    UG:2    +
  111   118  1   0.1%   0.120 GC:4    GU:1    +
    2    61  2   0.4%   0.304 CG:1    UA:3    +
   26    31  2   0.1%   0.249 CG:1    UG:2    UA:1    +
   54   158  0   0.1%   1.282 CG:6    +
   10    49  1   0.1%   0.273 GU:3    UA:2    +
   76   101  0   0.1%   0.027 GC:6    +
   15    30  0   0.1%   0.356 UA:6    +
   24    33  0   0.1%   0.210 AU:6    +
   15   145  0   0.1%   0.510 UA:6    +
  116   143  2   0.1%   0.489 GC:1    GU:1    AU:2    +
    7    52  1   0.1%   0.200 UG:1    UA:4    +
   23    34  1   0.1%   0.270 UG:3    UA:2    +
    4    16  2   0.1%   0.139 GU:2    AU:1    UA:1    +
   77   100  2   0.1%   0.024 GC:1    GU:2    AU:1    +
    3   139  1   0.0%   0.380 UG:1    UA:4    +
   22    52  1   0.0%   0.434 UG:1    UA:4    +
   35    48  0   0.0%   0.756 UA:6    +
   36    47  0   0.0%   1.133 UG:6    +
   27    35  3   0.8%   0.297 GU:3    +
   21    36  0   0.0%   0.291 GU:6    +
   34    49  2   0.0%   0.437 GU:2    AU:1    UA:1    +
   21   153  0   0.0%   0.698 GC:6    +
   57   113  1   0.0%   0.233 UG:4    UA:1    +
   30    57  0   0.0%   0.990 AU:6    +
  147   156  0   0.0%   1.119 GC:6    +
  138   146  0   0.0%   1.236 UG:6    +
   23    29  0   0.0%   0.450 UA:6    +
   42    53  0   0.0%   0.430 CG:6    +
   20   156  0   0.0%   0.705 GC:6    +
  116   120  1   0.0%   0.258 GU:1    AU:4    +
  112   139  2   0.4%   0.346 CG:1    UA:3    +
   20    26  1   0.0%   0.285 GC:2    GU:3    +
   78    93  0   0.0%   0.008 UA:6    +
   57   155  0   0.0%   0.759 UA:6    +
   16   158  1   0.0%   0.704 CG:1    UG:4    +
    4    34  2   0.0%   0.340 GU:1    UG:1    UA:2    +
   23    38  0   0.0%   0.268 UA:6    +
   58   154  2   0.0%   1.166 CG:1    AU:2    UA:1    +
   21    26  1   0.0%   0.293 GC:2    GU:3    +
   21   156  0   0.0%   0.637 GC:6    +
   34    43  2   0.0%   0.593 GC:1    GU:2    AU:1    +
   15   159  0   0.0%   0.664 UG:6    +
   34    46  2   0.0%   0.473 GC:1    AU:2    UA:1    +
    9    53  1   0.0%   0.251 CG:1    UG:4    +
   25    52  1   0.0%   0.479 UG:1    UA:4    +
  105   111  0   0.0%   0.942 CG:6    +
    3   159  0   0.0%   0.511 UG:6    +
  122   140  0   0.0%   0.161 GC:6    +
    7   142  1   0.0%   0.262 UG:2    UA:3    +
   38    57  0   0.0%   0.682 AU:6    +
  104   112  1   0.0%   1.125 GC:1    GU:4    +
    3   146  0   0.0%   0.385 UG:6    +
   20   140  0   0.0%   0.625 GC:6    +
   52   120  1   0.0%   0.188 GU:1    AU:4    +
   54    81  0   0.0%   0.184 CG:6    +
   32    45  2   0.0%   0.432 CG:1    UG:2    UA:1    +
   53    82  1   0.0%   0.175 GC:3    GU:2    +
   45   160  2   0.0%   0.605 GC:1    GU:2    AU:1    +
   51    84  0   0.0%   0.125 AU:6    +
   15    20  0   0.0%   0.388 UG:6    +
   50    85  1   0.0%   0.177 GC:3    GU:2    +
    5   154  2   0.0%   0.732 GC:1    GU:2    AU:1    +
    2   147  1   0.0%   0.268 CG:2    UG:3    +
   29   138  0   0.0%   0.777 AU:6    +
   42    47  0   0.0%   0.648 CG:6    +
   33    47  0   0.0%   0.523 UG:6    +
   15    38  0   0.0%   0.159 UA:6    +
   57   139  1   0.0%   0.467 UG:1    UA:4    +
   48   151  0   0.0%   0.379 AU:6    +
   92   101  0   0.0%   0.045 GC:6    +
  138   158  0   0.0%   0.794 UG:6    +
   59    74  0   0.0%   0.192 AU:6    +
   20    32  1   0.0%   0.383 GC:2    GU:3    +
   51   121  0   0.0%   0.128 AU:6    +
   16    50  1   0.0%   0.471 CG:1    UG:4    +
   47   152  0   0.0%   0.542 GU:6    +
   53   156  0   0.0%   1.157 GC:6    +
   15    51  0   0.0%   0.425 UA:6    +
   60   120  1   0.0%   0.191 GU:2    AU:3    +
   51    57  0   0.0%   0.336 AU:6    +
   84    95  0   0.0%   0.116 UG:6    +
   36    48  0   0.0%   1.085 UA:6    +
   55    60  1   0.0%   0.314 UG:3    UA:2    +
   19   158  1   0.0%   0.690 CG:1    UG:4    +
   15    24  0   0.0%   0.322 UA:6    +
   21    39  0   0.0%   0.279 GU:6    +
    9   159  1   0.0%   0.278 CG:1    UG:4    +
   20    42  0   0.0%   0.273 GC:6    +
   33    38  0   0.0%   0.509 UA:6    +
   15    59  0   0.0%   0.474 UA:6    +
    6   149  0   0.0%   0.255 AU:6    +
   83    96  0   0.0%   0.101 UG:6    +
    9   116  1   0.0%   0.241 CG:1    UA:4    +
  119   144  1   0.0%   0.771 GU:1    AU:4    +
   57    76  0   0.0%   0.223 UG:6    +
   23    50  1   0.5%   0.514 UG:5    +
   30   144  0   0.0%   0.830 AU:6    +
   10    17  3   0.3%   0.122 GC:1    UG:1    UA:1    +
   95   108  1   0.0%   0.160 GC:4    GU:1    +
  139   157  2   0.0%   0.577 GU:1    AU:2    UA:1    +
   83   125  0   0.0%   0.080 UA:6    +
    3    31  1   0.0%   0.475 UG:4    UA:1    +
  141   150  0   0.0%   1.063 AU:6    +
   59   121  0   0.0%   0.320 AU:6    +
    5   118  1   0.0%   0.515 GC:4    AU:1    +
    8   117  2   0.0%   0.096 GC:1    UG:1    UA:2    +
   82   124  2   0.0%   0.087 CG:2    GC:1    UA:1    +
   65   156  0   0.0%   0.579 GC:6    +
   66   155  0   0.0%   0.187 UA:6    +
  103   113  1   0.0%   0.561 UG:4    UA:1    +
    4    19  2   0.0%   0.127 GU:2    AU:1    UA:1    +
  121   139  1   0.0%   0.328 UG:1    UA:4    +
   14   154  2   0.0%   0.447 CG:1    GU:1    AU:2    +
   13   154  2   0.0%   0.509 CG:1    AU:2    UA:1    +
    2   117  2   0.0%   0.263 CG:1    UG:1    UA:2    +
   20    54  0   0.0%   0.492 GC:6    +
  138   159  0   0.0%   0.887 UG:6    +
    3   141  0   0.0%   0.374 UA:6    +
    6    36  0   0.0%   0.185 AU:6    +
   16   159  1   0.0%   0.694 CG:1    UG:4    +
   89   105  0   0.0%   0.851 GC:6    +
   33    51  0   0.0%   0.260 UA:6    +
   92   153  0   0.0%   0.709 GC:6    +
   93   152  0   0.0%   0.897 AU:6    +
   89   156  0   0.0%   0.516 GC:6    +
   95   150  0   0.0%   0.965 GU:6    +
   31    57  1   0.0%   0.710 GU:4    AU:1    +
   18   120  1   0.0%   0.192 CG:1    AU:4    +
   20   118  1   0.0%   0.613 GC:4    GU:1    +
    9    47  1   0.0%   0.228 CG:1    UG:4    +
   36    59  0   0.0%   1.055 UA:6    +
    3    20  0   0.0%   0.090 UG:6    +
   24   150  0   0.0%   0.452 AU:6    +
   30    39  0   0.0%   0.894 AU:6    +
   21   140  0   0.0%   0.557 GC:6    +
   35    53  0   0.0%   0.685 UG:6    +
    6   138  0   0.0%   0.257 AU:6    +
   24    36  0   0.0%   0.212 AU:6    +
   57   147  0   0.0%   1.013 UG:6    +
   25    31  1   0.0%   0.221 UG:4    UA:1    +
   10    37  2   0.0%   0.261 GC:1    GU:2    AU:1    +
   96   149  0   0.0%   0.841 GU:6    +
  118   158  1   0.0%   0.516 CG:4    UG:1    +
   39   159  0   0.0%   0.456 UG:6    +
   83   123  0   0.0%   0.066 UG:6    +
   69   153  0   0.0%   1.082 GC:6    +
   36    41  0   0.0%   1.068 UA:6    +
   35    51  0   0.0%   0.535 UA:6    +
    5   160  2   0.0%   0.663 GC:1    GU:2    AU:1    +
   10    55  2   0.0%   0.263 GC:1    GU:2    AU:1    +
    3   145  0   0.0%   0.380 UA:6    +
   55   139  1   0.0%   0.218 CG:1    UA:4    +
    2     8  3   0.3%   0.050 CG:1    UG:1    AU:1    +
  105   146  0   0.0%   1.668 CG:6    +
  138   147  0   0.0%   0.734 UG:6    +
    2    21  1   0.0%   0.031 CG:2    UG:3    +
   96   108  1   0.0%   0.133 GC:4    GU:1    +
   26    60  1   0.0%   0.337 CG:2    UA:3    +
   97   148  2   0.0%   1.167 GU:1    UG:1    UA:2    +
    2   146  1   0.0%   0.264 CG:2    UG:3    +
    9   146  1   0.0%   0.244 CG:1    UG:4    +
   39    51  0   0.0%   0.456 UA:6    +
   35   155  0   0.0%   0.641 UA:6    +
   32   158  1   0.0%   0.389 CG:2    UG:3    +
    5    32  1   0.0%   0.543 GC:2    GU:3    +
   53   140  0   0.0%   0.211 GC:6    +
   28    56  1   0.0%   0.705 UG:1    UA:4    +
   23   145  0   0.0%   0.529 UA:6    +
    6   151  0   0.0%   0.255 AU:6    +
   23    53  0   0.0%   0.667 UG:6    +
  147   151  0   0.0%   1.357 GU:6    +
   96   106  1   0.0%   0.282 GC:1    GU:4    +
   23    41  0   0.0%   0.530 UA:6    +
   54    65  0   0.0%   0.179 CG:6    +
   32    47  1   0.0%   0.557 CG:2    UG:3    +
   53    66  0   0.0%   0.170 GU:6    +
    9   147  1   0.0%   0.244 CG:1    UG:4    +
   21    43  1   0.0%   0.588 GC:1    GU:4    +
    6    39  0   0.0%   0.176 AU:6    +
   21   118  1   0.0%   0.547 GC:4    GU:1    +
    2    20  1   0.0%   0.030 CG:2    UG:3    +
   24   144  0   0.0%   0.429 AU:6    +
   16    20  1   0.0%   0.403 CG:1    UG:4    +
   59   152  0   0.0%   1.311 AU:6    +
  141   151  0   0.0%   1.103 AU:6    +
   19    47  1   0.0%   0.617 CG:1    UG:4    +
    4    40  2   0.0%   0.345 GC:1    AU:1    UA:2    +
    7   116  1   0.0%   0.250 UG:2    UA:3    +
  128   132  0   0.0%   0.145 AU:6    +
   31    39  1   0.0%   0.601 GU:4    AU:1    +
   73    80  1   0.0%   0.004 CG:4    UG:1    +
   15    21  0   0.0%   0.393 UG:6    +
  118   159  1   0.0%   0.608 CG:4    UG:1    +
   82    92  1   0.0%   0.011 CG:3    UG:2    +
    3    24  0   0.0%   0.089 UA:6    +
   59    66  0   0.0%   0.189 AU:6    +
   26   116  1   0.0%   0.194 CG:2    UA:3    +
   65   118  1   0.0%   0.074 GC:4    GU:1    +
    9   142  1   0.0%   0.248 CG:1    UA:4    +
    3    34  1   0.0%   0.291 UG:3    UA:2    +
    3   119  1   0.0%   0.369 UG:1    UA:4    +
  141   152  0   0.0%   1.003 AU:6    +
   33    59  0   0.0%   0.397 UA:6    +
   19   159  1   0.0%   0.680 CG:1    UG:4    +
  139   149  1   0.0%   0.982 GU:1    AU:4    +
   64   119  2   0.0%   0.071 UG:1    AU:1    UA:2    +
    3    41  0   0.0%   0.299 UA:6    +
   16    21  1   0.0%   0.410 CG:1    UG:4    +
    6   150  0   0.0%   0.255 AU:6    +
   33    53  0   0.0%   0.373 UG:6    +
    9    20  1   0.0%   0.050 CG:1    UG:4    +
    1    22  1   0.0%   0.032 GU:3    AU:2    +
  103   111  0   0.0%   0.478 UG:6    +
  144   159  0   0.0%   1.518 UG:6    +
  102   149  0   0.0%   0.821 AU:6    +
   14    22  2   0.0%   0.483 CG:1    GU:1    AU:2    +
   47   140  0   0.0%   0.427 GC:6    +
   88    93  0   0.0%   0.052 UA:6    +
   33   139  1   0.0%   0.222 UG:1    UA:4    +
  113   150  1   0.0%   1.153 GU:4    AU:1    +
    7    61  1   0.0%   0.271 UG:1    UA:4    +
   51   138  0   0.0%   0.134 AU:6    +
   15    31  1   0.0%   0.339 UG:4    UA:1    +
  146   151  0   0.0%   1.853 GU:6    +
   34   138  1   0.0%   0.335 GU:3    AU:2    +
   84    96  0   0.0%   0.088 UG:6    +
   63   120  1   0.0%   0.073 GU:3    AU:2    +
   83    92  0   0.0%   0.007 UG:6    +
   53   151  0   0.0%   1.595 GU:6    +
  118   146  1   0.0%   0.879 CG:4    UG:1    +
  151   158  0   0.0%   1.455 UG:6    +
   57   159  0   0.0%   1.171 UG:6    +
   47    57  0   0.0%   0.596 GU:6    +
   65   112  1   0.0%   0.280 GC:1    GU:4    +
   15   146  0   0.0%   0.516 UG:6    +
  149   155  0   0.0%   1.096 UA:6    +
   53    57  0   0.0%   0.387 GU:6    +
   66   111  0   0.0%   0.102 UG:6    +
    7    50  1   0.0%   0.180 CG:1    UG:4    +
   87   121  0   0.0%   0.053 AU:6    +
   55    61  1   0.0%   0.185 UG:1    UA:4    +
   47   138  0   0.0%   0.410 GU:6    +
    1   137  2   0.0%   0.162 GC:1    GU:2    AU:1    +
    5    22  1   0.0%   0.229 GU:4    AU:1    +
    1    58  2   0.0%   0.161 GC:1    GU:1    AU:2    +
   45    58  2   0.0%   0.400 GC:1    GU:1    AU:2    +
    9    61  1   0.0%   0.259 CG:1    UA:4    +
  145   151  0   0.0%   1.604 AU:6    +
   55   142  1   0.0%   0.223 UG:2    UA:3    +
  145   152  0   0.0%   1.504 AU:6    +
  135   158  0   0.0%   0.459 CG:6    +
  134   159  0   0.0%   0.551 CG:6    +
   53   153  0   0.0%   1.319 GC:6    +
   54   123  0   0.0%   0.181 CG:6    +
  136   157  1   0.0%   0.623 AU:3    UA:2    +
   25    61  1   0.0%   0.379 UG:1    UA:4    +
   65   105  0   0.0%   0.002 GC:6    +
   66   104  0   0.0%   0.002 UG:6    +
    3    48  0   0.0%   0.301 UA:6    +
  118   147  1   0.0%   0.457 CG:4    UG:1    +
   20   138  0   0.0%   0.617 GU:6    +
  138   155  0   0.0%   0.471 UA:6    +
   29    57  0   0.0%   0.960 AU:6    +
   95   112  1   0.0%   0.301 GC:1    GU:4    +
   67   139  2   0.0%   0.172 GU:1    UG:1    UA:2    +
  146   150  0   0.0%   1.812 GU:6    +
   59   151  0   0.0%   1.413 AU:6    +
   75   135  0   0.0%   0.040 GC:6    +
   76   134  0   0.0%   0.047 GC:6    +
   69    84  0   0.0%   0.004 GU:6    +
   45    55  1   0.0%   0.348 GU:4    AU:1    +
   58   136  1   0.0%   0.428 AU:2    UA:3    +
  152   158  0   0.0%   1.526 UG:6    +
   29    39  0   0.0%   0.973 AU:6    +
   23    59  0   0.0%   0.699 UA:6    +
   97   113  2   0.0%   0.930 CG:1    UG:2    UA:1    +
   78    96  0   0.0%   0.003 UG:6    +
  150   159  0   0.0%   1.551 UG:6    +
   21    35  0   0.0%   0.281 GU:6    +
   16    31  2   0.0%   0.355 CG:1    UG:2    UA:1    +
  141   149  0   0.0%   0.958 AU:6    +
  145   150  0   0.0%   1.564 AU:6    +
   75   131  1   0.0%   0.007 GC:1    GU:4    +
  121   145  0   0.0%   0.826 UA:6    +
    7   117  2   0.0%   0.250 CG:1    UG:1    UA:2    +
   48   121  0   0.0%   0.349 AU:6    +
   47   150  0   0.0%   0.406 GU:6    +
   31    58  2   0.0%   0.706 GC:1    GU:2    AU:1    +
    6    66  0   0.0%   0.248 AU:6    +
   23    48  0   0.0%   0.551 UA:6    +
   65   138  0   0.0%   0.093 GU:6    +
   48   149  0   0.0%   0.375 AU:6    +
   66    87  0   0.0%   0.002 UA:6    +
    6    23  0   0.0%   0.136 AU:6    +
   65    73  1   0.0%   0.003 GC:4    GU:1    +
   65    88  0   0.0%   0.001 GU:6    +
   20    36  0   0.0%   0.277 GU:6    +
  104   140  0   0.0%   1.000 GC:6    +
   26   159  1   0.0%   0.329 CG:2    UG:3    +
   34   137  2   0.0%   0.333 GC:1    GU:2    AU:1    +
  112   146  1   0.0%   1.076 CG:1    UG:4    +
  103   141  0   0.0%   0.555 UA:6    +
  146   152  0   0.0%   1.752 GU:6    +
   53   121  0   0.0%   0.186 GU:6    +
   84   122  0   0.0%   0.053 UG:6    +
   17   137  2   0.0%   0.200 GC:2    GU:1    AU:1    +
  150   155  0   0.0%   1.198 UA:6    +
   22    60  1   0.0%   0.683 UG:3    UA:2    +
   78    87  0   0.0%   0.001 UA:6    +
    9    21  1   0.0%   0.050 CG:1    UG:4    +
  101   111  0   0.0%   0.085 CG:6    +
   32   159  1   0.0%   0.379 CG:2    UG:3    +
   57    65  0   0.0%   0.220 UG:6    +
    3    51  0   0.0%   0.301 UA:6    +
   59   150  0   0.0%   1.372 AU:6    +
   92   112  1   0.0%   0.263 GC:1    GU:4    +
    9   136  1   0.0%   0.238 AU:1    UA:4    +
   86   101  0   0.0%   0.329 GC:6    +
   90    98  1   0.0%   0.434 CG:2    UG:3    +
   66   113  1   0.0%   0.191 UG:4    UA:1    +
  151   159  0   0.0%   1.592 UG:6    +
    1   115  2   0.0%   0.161 GC:1    GU:2    AU:1    +
   33   158  0   0.0%   0.350 UG:6    +
   95   101  0   0.0%   0.074 GC:6    +
   20    39  0   0.0%   0.272 GU:6    +
   50   137  1   0.0%   0.182 GC:2    GU:3    +
   73   146  1   0.0%   0.968 CG:4    UG:1    +
   59   149  0   0.0%   1.270 AU:6    +
  150   158  0   0.0%   1.414 UG:6    +
   54   111  0   0.0%   0.180 CG:6    +
   53   112  1   0.0%   0.172 GC:1    GU:4    +
   59    78  0   0.0%   0.189 AU:6    +
   82   104  1   0.0%   0.957 CG:3    UG:2    +
    2    47  1   0.0%   0.224 CG:2    UG:3    +
   88    92  0   0.0%   0.030 UG:6    +
   81   105  0   0.0%   0.880 GC:6    +
    1    26  2   0.0%   0.032 GC:1    GU:1    AU:2    +
    3    21  0   0.0%   0.089 UG:6    +
   48    88  0   0.0%   0.349 AU:6    +
   36   159  0   0.0%   0.985 UG:6    +
   23   155  0   0.0%   0.630 UA:6    +
   24   138  0   0.0%   0.431 AU:6    +
   74   145  0   0.0%   0.594 UA:6    +
   80   106  1   0.0%   0.599 GC:1    GU:4    +
  149   158  0   0.0%   1.312 UG:6    +
    6    33  0   0.0%   0.172 AU:6    +
   91   113  2   0.0%   0.488 CG:1    UG:2    UA:1    +
   16    61  1   0.0%   0.564 CG:1    UA:4    +
   64   107  1   0.0%   0.002 AU:2    UA:3    +
   15    29  0   0.0%   0.343 UA:6    +
   30   138  0   0.0%   0.795 AU:6    +
   86   108  1   0.0%   0.393 GC:4    GU:1    +
    6   144  0   0.0%   0.254 AU:6    +
  105   147  0   0.0%   1.246 CG:6    +
   65   106  1   0.0%   0.002 GC:1    GU:4    +
   21   151  0   0.0%   0.546 GU:6    +
   33    48  0   0.0%   0.473 UA:6    +
  109   115  2   0.0%   0.253 GU:1    AU:1    UA:2    +
  106   146  1   0.0%   1.040 CG:1    UG:4    +
   47    88  0   0.0%   0.400 GU:6    +
   35    47  0   0.0%   0.794 UG:6    +
   58    63  2   0.0%   0.213 CG:1    UG:2    UA:1    +
  100   107  1   0.0%   0.123 AU:2    UA:3    +
  111   156  0   0.0%   0.592 GC:6    +
   53   105  0   0.0%   0.171 GC:6    +
   54   104  0   0.0%   0.180 CG:6    +
   23    31  1   0.0%   0.443 UG:4    UA:1    +
    7    60  1   0.0%   0.305 UG:3    UA:2    +
  145   149  0   0.0%   1.462 AU:6    +
   42   146  0   0.0%   0.305 CG:6    +
   26   158  1   0.0%   0.339 CG:2    UG:3    +
   30    66  0   0.0%   0.785 AU:6    +
   69   134  0   0.0%   0.407 GC:6    +
   60   160  2   0.0%   0.625 GC:1    GU:2    AU:1    +
   45   143  2   0.0%   0.222 GC:1    GU:2    AU:1    +
   22    61  1   0.0%   0.560 UG:1    UA:4    +
   47   118  1   0.0%   0.403 GC:4    GU:1    +
   15   141  0   0.0%   0.504 UA:6    +
    1   120  1   0.0%   0.162 GU:2    AU:3    +
   75   144  0   0.0%   0.563 GU:6    +
  149   159  0   0.0%   1.449 UG:6    +
    3   113  1   0.0%   0.368 UG:4    UA:1    +
   80   126  0   0.0%   0.373 GC:6    +
  135   146  0   0.0%   0.823 CG:6    +
   23   139  1   0.0%   0.526 UG:1    UA:4    +
   76   132  0   0.0%   0.045 GU:6    +
   34   157  2   0.0%   0.403 GU:2    AU:1    UA:1    +
   15   139  1   0.0%   0.499 UG:1    UA:4    +
   43    47  1   0.0%   0.659 CG:1    UG:4    +
  134   147  0   0.0%   0.400 CG:6    +
    3   147  0   0.0%   0.383 UG:6    +
   25    56  1   0.0%   0.549 UG:1    UA:4    +
   92   108  1   0.0%   0.105 GC:4    GU:1    +
   19    31  2   0.0%   0.208 CG:1    UG:2    UA:1    +
  113   149  1   0.0%   1.050 GU:4    AU:1    +
   84    89  0   0.0%   0.007 UG:6    +
   54    96  0   0.0%   0.180 CG:6    +
   65    74  0   0.0%   0.003 GU:6    +
    5   120  1   0.0%   0.513 GU:4    AU:1    +
   75   103  0   0.0%   0.408 GU:6    +
   97   111  1   0.0%   0.849 CG:1    UG:4    +
    4   120  2   0.0%   0.419 GU:2    UG:1    AU:1    +
   53    97  1   0.0%   0.171 GC:1    GU:4    +
    3    53  0   0.0%   0.318 UG:6    +
   24    57  0   0.0%   0.621 AU:6    +
   80   140  0   0.0%   0.496 GC:6    +
   38   138  0   0.0%   0.486 AU:6    +
   89   140  0   0.0%   0.129 GC:6    +
   21    33  0   0.0%   0.280 GU:6    +
   81    91  1   0.0%   0.012 GC:1    GU:4    +
   20   150  0   0.0%   0.616 GU:6    +
   20   135  0   0.0%   0.610 GC:6    +
   49   139  2   0.0%   0.201 UG:1    AU:1    UA:2    +
   21   134  0   0.0%   0.544 GC:6    +
   74    96  0   0.0%   0.002 UG:6    +
   22   116  1   0.0%   0.539 UG:2    UA:3    +
   95   105  0   0.0%   0.907 GC:6    +
    6   121  0   0.0%   0.249 AU:6    +
    8   110  2   0.0%   0.092 GC:2    UG:1    UA:1    +
   24   151  0   0.0%   0.449 AU:6    +
  139   150  1   0.0%   1.083 GU:1    AU:4    +
   15    34  1   0.0%   0.156 UG:3    UA:2    +
   88   141  0   0.0%   0.167 UA:6    +
   22   133  2   0.0%   0.537 GC:1    UG:2    UA:1    +
   22    45  1   0.0%   0.541 UG:4    UA:1    +
   69    73  1   0.0%   0.003 GC:4    GU:1    +
  139   151  1   0.0%   1.125 GU:1    AU:4    +
  151   155  0   0.0%   1.239 UA:6    +
  121   155  0   0.0%   0.382 UA:6    +
   98   110  1   0.0%   0.512 GC:4    UA:1    +
   92   156  0   0.0%   0.541 GC:6    +
   33   155  0   0.0%   0.335 UA:6    +
   83    89  0   0.0%   0.007 UG:6    +
   15    53  0   0.0%   0.422 UG:6    +
    3    47  0   0.0%   0.301 UG:6    +
   78   128  0   0.0%   0.200 UA:6    +
   48   138  0   0.0%   0.359 AU:6    +
   34    57  1   0.0%   0.528 GU:3    AU:2    +
   21    57  0   0.0%   0.742 GU:6    +
   96   112  1   0.0%   0.279 GC:1    GU:4    +
   39    47  0   0.0%   0.599 UG:6    +
   15    41  0   0.0%   0.147 UA:6    +
  113   148  2   0.0%   0.653 CG:1    GC:1    GU:2    +
   35   159  0   0.0%   0.644 UG:6    +
   37    56  1   0.0%   0.586 UG:1    UA:4    +
    1    55  1   0.0%   0.161 GU:3    AU:2    +
   19   147  1   0.0%   0.558 CG:1    UG:4    +
  123   153  0   0.0%   0.679 GC:6    +
   21   149  0   0.0%   0.549 GU:6    +
    1    25  1   0.0%   0.031 GU:3    AU:2    +
   15   147  0   0.0%   0.514 UG:6    +
   73    81  1   0.0%   0.004 CG:4    UG:1    +
   71   118  1   0.0%   0.853 GC:4    GU:1    +
  124   131  2   0.0%   0.030 CG:1    GU:2    AU:1    +
   80   101  0   0.0%   0.383 GC:6    +
   20   152  0   0.0%   0.703 GU:6    +
   96   101  0   0.0%   0.048 GC:6    +
   69   135  0   0.0%   0.407 GC:6    +
   73    96  1   0.0%   0.002 CG:4    UG:1    +
  106   113  2   0.0%   0.392 CG:1    UG:2    UA:1    +
   95   153  0   0.0%   0.733 GC:6    +
   74    80  0   0.0%   0.004 UG:6    +
   36   141  0   0.0%   0.898 UA:6    +
   89    97  1   0.0%   0.767 GC:1    GU:4    +
   73   158  1   0.0%   0.605 CG:4    UG:1    +
   72    97  2   0.0%   0.001 CG:1    GC:1    GU:2    +
  101   146  0   0.0%   0.814 CG:6    +
   21   150  0   0.0%   0.549 GU:6    +
   19    52  1   0.0%   0.429 CG:1    UA:4    +
   33   159  0   0.0%   0.340 UG:6    +
   23    47  0   0.0%   0.597 UG:6    +
   74    95  0   0.0%   0.002 UG:6    +
   75   134  0   0.0%   0.039 GC:6    +
   91    95  1   0.0%   0.390 CG:1    UG:4    +
   20   151  0   0.0%   0.614 GU:6    +
  123   135  0   0.0%   0.041 GC:6    +
   36   158  0   0.0%   0.995 UG:6    +
   65   135  0   0.0%   0.060 GC:6    +
   96   152  0   0.0%   0.884 GU:6    +
   20   144  0   0.0%   0.615 GU:6    +
  111   121  0   0.0%   0.103 GU:6    +
   20    35  0   0.0%   0.277 GU:6    +
  129   149  0   0.0%   0.805 AU:6    +
   48   103  0   0.0%   0.348 AU:6    +
   78   102  0   0.0%   0.233 UA:6    +
   37    52  1   0.0%   0.564 UG:1    UA:4    +
   15   113  1   0.0%   0.494 UG:4    UA:1    +
   33   145  0   0.0%   0.257 UA:6    +
   96   103  0   0.0%   0.437 GU:6    +
   73    95  1   0.0%   0.002 CG:4    UG:1    +
   75   156  0   0.0%   0.513 GC:6    +
   74   104  0   0.0%   0.905 UG:6    +
   57   111  0   0.0%   0.221 UG:6    +
   22   142  1   0.0%   0.548 UG:2    UA:3    +
   75   105  0   0.0%   0.850 GC:6    +
   53   138  0   0.0%   0.194 GU:6    +
  139   152  1   0.0%   1.025 GU:1    AU:4    +
   34   160  2   0.0%   0.354 GU:2    AU:1    UA:1    +
   39   158  0   0.0%   0.464 UG:6    +
   77    97  1   0.0%   0.000 GC:1    GU:4    +
   42    96  0   0.0%   0.264 CG:6    +
   26   142  1   0.0%   0.204 CG:2    UA:3    +
  112   147  1   0.0%   0.654 CG:1    UG:4    +
   43    95  1   0.0%   0.277 CG:1    UG:4    +
  128   150  0   0.0%   0.907 AU:6    +
   70   119  2   0.0%   0.425 UG:1    AU:1    UA:2    +
  111   144  0   0.0%   0.643 GU:6    +
   53    73  1   0.0%   0.169 GC:4    GU:1    +
   15   119  1   0.0%   0.495 UG:1    UA:4    +
  113   151  1   0.0%   1.194 GU:4    AU:1    +
   23   141  0   0.0%   0.533 UA:6    +
   75    97  1   0.0%   0.002 GC:1    GU:4    +
   78    95  0   0.0%   0.003 UG:6    +
   48    84  0   0.0%   0.348 AU:6    +
   32   146  1   0.0%   0.305 CG:2    UG:3    +
   97   117  2   0.0%   0.864 GC:1    UG:2    UA:1    +
   96   118  1   0.0%   0.084 GC:4    GU:1    +
   16   146  1   0.0%   0.559 CG:1    UG:4    +
  111   153  0   0.0%   0.759 GC:6    +
    9   111  1   0.0%   0.236 CG:1    UG:4    +
   69   101  0   0.0%   0.002 GC:6    +
   36    53  0   0.0%   1.031 UG:6    +
  135   147  0   0.0%   0.401 CG:6    +
   16   147  1   0.0%   0.557 CG:1    UG:4    +
   34   144  1   0.0%   0.364 GU:3    AU:2    +
  125   151  0   0.0%   1.046 AU:6    +
   51   144  0   0.0%   0.151 AU:6    +
   57    93  0   0.0%   0.221 UA:6    +
   83    87  0   0.0%   0.002 UA:6    +
  105   159  0   0.0%   1.396 CG:6    +
  106   158  1   0.0%   0.675 CG:1    UG:4    +
   88   102  0   0.0%   0.033 UA:6    +
   12   159  2   0.7%   0.486 CG:4    +
   90   117  2   0.3%   0.135 CG:2    UA:2    +
   16    44  3   0.7%   0.270 UA:3    +
   45   157  3   0.4%   0.519 GU:2    AU:1    +
   20    44  3   0.7%   0.931 GC:3    +
    5    13  2   0.3%   0.210 GC:3    GU:1    +
   28   145  1   0.4%   0.593 UA:5    +
    8    26  3   0.2%   0.102 GC:1    GU:1    UA:1    +
  117   138  2   0.2%   0.213 GU:2    AU:2    +
   44   158  3   0.7%   0.877 CG:3    +
   25   148  3   0.4%   0.430 UG:1    UA:2    +
  146   154  2   0.2%   1.769 GC:1    GU:3    +
   59   112  2   0.6%   0.278 AU:4    +
   34    40  3   0.2%   0.557 GC:1    GU:1    UA:1    +
    4    11  2   0.2%   0.072 GC:1    UA:3    +
  154   158  2   0.2%   1.213 CG:1    UG:3    +
   67   138  3   0.4%   0.202 GU:1    AU:2    +
   15    46  3   0.6%   0.370 UA:3    +
    5    26  2   0.2%   0.267 GC:1    GU:3    +
    8    16  3   0.1%   0.167 GC:1    GU:1    UA:1    +
   94   108  2   0.2%   0.166 GC:3    AU:1    +
   17   156  3   0.6%   0.316 GC:3    +
   56   157  3   0.6%   1.156 AU:3    +
  114   143  3   0.6%   0.484 AU:3    +
    4    58  3   0.1%   0.371 GU:1    AU:1    UA:1    +
   47   154  2   0.2%   0.855 GC:1    GU:3    +
   16   154  3   0.1%   0.665 UG:1    AU:1    UA:1    +
   97   109  3   0.1%   0.821 GU:1    UG:1    UA:1    +
  120   139  2   0.1%   0.159 UG:1    UA:3    +
    8    18  2   0.1%   0.095 GC:1    UA:3    +
   47    58  2   0.1%   0.618 GC:1    GU:3    +
   87   120  1   0.3%   0.077 AU:5    +
   80   127  3   0.3%   0.425 GC:2    GU:1    +
   71   135  1   0.3%   0.890 GC:5    +
   70   136  3   0.3%   0.468 AU:1    UA:2    +
    5   156  1   0.3%   0.693 GC:5    +
    8    14  3   0.0%   0.208 GC:1    UG:1    UA:1    +
   10   148  3   0.0%   0.273 GC:1    GU:1    UA:1    +
    9   154  3   0.0%   0.350 UG:1    AU:1    UA:1    +
  106   110  3   0.0%   0.317 GC:1    UG:1    UA:1    +
   92   115  2   0.1%   0.268 GC:1    GU:3    +
   27    50  2   0.1%   0.733 CG:3    GC:1    +
    8    32  3   0.0%   0.194 GC:1    GU:1    UA:1    +
    2   154  3   0.0%   0.267 CG:1    AU:1    UA:1    +
    4     8  3   0.0%   0.019 GU:1    UG:1    AU:1    +
   13   146  2   0.1%   0.414 CG:3    UG:1    +
   22    31  2   0.1%   0.465 UG:3    UA:1    +
  143   159  2   0.1%   0.964 CG:1    UG:3    +
   10    46  3   0.0%   0.256 GU:1    AU:1    UA:1    +
    4   160  3   0.0%   0.549 GU:1    AU:1    UA:1    +
    2    34  3   0.0%   0.223 CG:1    UG:1    UA:1    +
    4   118  3   0.0%   0.420 GC:1    GU:1    UA:1    +
   34    58  3   0.0%   0.525 GC:1    GU:1    AU:1    +
    9   148  3   0.0%   0.243 UG:1    AU:1    UA:1    +
   58    67  3   0.0%   0.214 UG:1    AU:1    UA:1    +
   60   112  2   0.1%   0.202 GU:2    AU:2    +
   43   154  3   0.0%   0.413 GU:1    UG:1    UA:1    +
   64   117  3   0.0%   0.130 CG:1    UG:1    UA:1    +
   10    40  3   0.0%   0.251 GC:1    GU:1    UA:1    +
    4    25  3   0.0%   0.127 GC:1    GU:1    AU:1    +
  133   160  3   0.0%   0.254 GC:1    GU:1    AU:1    +
  109   120  3   0.0%   0.070 GU:1    UG:1    AU:1    +
    4   117  3   0.0%   0.419 GC:1    UG:1    UA:1    +
  110   120  3   0.0%   0.109 CG:1    GU:1    AU:1    +
   58   148  3   0.0%   1.137 UG:1    AU:1    UA:1    +
   70   133  3   0.0%   0.415 UG:1    AU:1    UA:1    +
    4   143  3   0.0%   0.431 GC:1    GU:1    UA:1    +
   46   142  3   0.0%   0.180 CG:1    UG:1    UA:1    +
   31   160  3   0.0%   0.526 GC:1    GU:1    AU:1    +
    9   109  3   0.0%   0.236 UG:1    AU:1    UA:1    +
  113   154  3   0.0%   0.682 GC:1    GU:1    AU:1    +
   34   143  3   0.0%   0.358 GC:1    GU:1    AU:1    +
    2   148  3   0.0%   0.266 UG:1    AU:1    UA:1    +
   10   119  3   0.0%   0.263 GU:1    UG:1    UA:1    +
   26   154  3   0.0%   0.351 UG:1    AU:1    UA:1    +
    5   148  3   0.0%   0.530 GC:1    GU:1    AU:1    +
    3    10  2   0.1%   0.024 UG:3    UA:1    +
  142   157  3   0.5%   0.774 AU:3    +
   17    43  2   0.1%   0.080 CG:1    GU:3    +
   13    50  3   0.2%   0.428 CG:2    UG:1    +
    9    50  2   0.1%   0.238 CG:1    UG:3    +
   13   147  2   0.1%   0.419 CG:3    UG:1    +
   19    46  2   0.1%   0.547 AU:1    UA:3    +
   14   158  3   0.5%   0.481 CG:3    +
    8    52  2   0.1%   0.111 UG:1    UA:3    +
   26    34  3   0.2%   0.108 CG:1    UG:2    +
  143   157  2   0.1%   0.771 AU:2    UA:2    +
   64   141  3   0.5%   0.259 UA:3    +
    7    27  3   0.2%   0.190 CG:1    UG:2    +
    4    14  3   0.2%   0.188 GC:1    UA:2    +
   20   154  2   0.0%   0.776 GC:1    GU:3    +
    3    11  1   0.2%   0.048 UA:5    +
    3    17  2   0.0%   0.078 UG:3    UA:1    +
   25    51  1   0.2%   0.412 UA:5    +
  154   159  2   0.0%   1.338 CG:1    UG:3    +
   17    36  2   0.0%   0.079 GU:3    AU:1    +
    6    25  1   0.2%   0.170 AU:5    +
   43    52  2   0.0%   0.456 UG:1    UA:3    +
   58   147  2   0.0%   1.130 CG:1    UG:3    +
   10   150  2   0.0%   0.276 GU:3    AU:1    +
   82    94  3   0.2%   0.044 CG:1    UG:2    +
   52   160  2   0.0%   0.974 GC:1    AU:3    +
   17    28  2   0.0%   0.268 GU:3    AU:1    +
  114   121  1   0.2%   0.191 AU:5    +
   10    16  3   0.2%   0.198 GC:1    GU:2    +
   14   159  3   0.4%   0.522 CG:3    +
    8    12  2   0.0%   0.102 GC:2    UA:2    +
   28   139  2   0.0%   0.525 UG:1    UA:3    +
   10    15  2   0.0%   0.160 GU:3    AU:1    +
    1     8  2   0.0%   0.009 GU:2    AU:2    +
   72    99  2   0.0%   0.005 CG:1    GC:3    +
   58    75  2   0.0%   0.217 CG:1    UG:3    +
   55   119  2   0.0%   0.207 UG:1    UA:3    +
   56    79  2   0.0%   0.211 GU:1    AU:3    +
   83   124  3   0.2%   0.100 UG:2    UA:1    +
   71   108  2   0.0%   0.913 GC:3    GU:1    +
    9    52  2   0.0%   0.252 UG:1    UA:3    +
   58   119  2   0.0%   0.437 AU:1    UA:3    +
  117   121  2   0.0%   0.140 GU:2    AU:2    +
   98   108  2   0.0%   0.523 GC:3    GU:1    +
    6    28  1   0.2%   0.373 AU:5    +
   26    46  2   0.0%   0.204 AU:1    UA:3    +
   56   137  2   0.0%   0.317 GC:1    AU:3    +
   32    56  2   0.0%   0.452 CG:1    UA:3    +
   64    69  2   0.0%   0.004 CG:1    UG:3    +
   18    43  2   0.0%   0.069 CG:1    AU:3    +
    2   142  2   0.0%   0.264 CG:1    UA:3    +
    4   139  2   0.0%   0.429 GU:1    UA:3    +
    8    60  2   0.0%   0.149 UG:2    UA:2    +
   10   151  2   0.0%   0.273 GU:3    AU:1    +
   10   149  2   0.0%   0.269 GU:3    AU:1    +
   27   146  3   0.4%   0.720 CG:3    +
   58   146  2   0.0%   1.547 CG:1    UG:3    +
   65   115  2   0.0%   0.266 GC:1    GU:3    +
  143   158  2   0.0%   0.804 CG:1    UG:3    +
   10    25  2   0.0%   0.259 GU:3    AU:1    +
    8   142  2   0.0%   0.105 UG:1    UA:3    +
  112   116  2   0.0%   0.426 UG:1    UA:3    +
   85    93  3   0.4%   0.113 UA:3    +
    8    45  2   0.0%   0.077 UG:3    UA:1    +
   31    43  2   0.0%   0.764 GU:3    AU:1    +
  117   144  2   0.0%   0.682 GU:2    AU:2    +
   13    53  2   0.0%   0.406 CG:3    UG:1    +
  119   157  2   0.0%   0.577 AU:3    UA:1    +
   10   144  2   0.0%   0.268 GU:3    AU:1    +
    8   115  2   0.0%   0.093 GU:2    UA:2    +
    4    31  2   0.0%   0.517 GC:1    UG:3    +
   17   121  2   0.0%   0.194 GU:3    AU:1    +
   10    33  2   0.0%   0.257 GU:3    AU:1    +
   26   113  2   0.0%   0.192 CG:1    UG:3    +
   56    64  2   0.0%   0.208 GC:1    AU:3    +
  148   152  3   0.2%   1.448 GU:1    AU:2    +
   71   100  2   0.0%   0.003 GC:1    GU:3    +
  112   142  2   0.0%   0.466 UG:1    UA:3    +
    9    56  2   0.0%   0.298 UG:1    UA:3    +
   17    23  2   0.0%   0.290 GU:3    AU:1    +
   58   158  2   0.0%   1.192 CG:1    UG:3    +
  147   154  2   0.0%   1.229 GC:1    GU:3    +
   66   117  2   0.0%   0.109 UG:2    UA:2    +
    7   119  2   0.0%   0.250 UG:1    UA:3    +
   56   112  2   0.0%   0.210 GU:1    AU:3    +
    8   143  2   0.0%   0.098 GU:2    UA:2    +
   53    58  2   0.0%   0.382 GC:1    GU:3    +
   25   117  2   0.0%   0.359 UG:2    UA:2    +
   10   138  2   0.0%   0.270 GU:3    AU:1    +
   52   137  2   0.0%   0.192 GC:1    AU:3    +
   17    37  2   0.0%   0.074 GU:3    AU:1    +
   75   100  2   0.0%   0.003 GC:1    GU:3    +
  109   142  2   0.0%   0.240 UG:2    UA:2    +
   17   144  2   0.0%   0.198 GU:3    AU:1    +
    7   139  2   0.0%   0.255 UG:1    UA:3    +
   17   118  2   0.0%   0.195 GC:3    AU:1    +
   63   118  2   0.0%   0.074 GC:3    AU:1    +
   49   120  2   0.0%   0.189 UG:1    AU:3    +
   64   113  2   0.0%   0.213 CG:1    UG:3    +
   58    76  2   0.0%   0.216 CG:1    UG:3    +
   27    43  2   0.0%   0.787 CG:1    GU:3    +
    2    50  2   0.0%   0.225 CG:2    UG:2    +
   16   119  2   0.0%   0.542 UG:1    UA:3    +
   10   152  2   0.0%   0.359 GU:3    AU:1    +
   10    36  2   0.0%   0.260 GU:3    AU:1    +
   13    31  2   0.0%   0.525 CG:3    UA:1    +
    5   115  2   0.0%   0.512 GC:1    GU:3    +
    8   116  2   0.0%   0.093 UG:1    UA:3    +
   64    89  2   0.0%   0.002 CG:1    UG:3    +
    2   136  2   0.0%   0.262 AU:1    UA:3    +
    3   117  2   0.0%   0.369 UG:2    UA:2    +
    2   116  2   0.0%   0.261 CG:1    UA:3    +
   52   115  2   0.0%   0.183 GC:1    AU:3    +
   72   106  2   0.0%   0.774 CG:1    GU:3    +
   58    65  2   0.0%   0.213 CG:1    UG:3    +
   26    61  2   0.0%   0.214 CG:1    UA:3    +
   31   137  2   0.0%   0.514 GC:2    GU:2    +
  143   147  2   0.0%   0.710 CG:1    UG:3    +
   50   118  2   0.0%   0.177 GC:3    GU:1    +
   56   154  2   0.0%   1.129 GC:1    AU:3    +
   10    35  2   0.0%   0.259 GU:3    AU:1    +
  115   147  2   0.0%   0.640 CG:1    UG:3    +
  111   115  2   0.0%   0.288 GC:1    GU:3    +
   61    90  2   0.0%   0.026 GU:1    AU:3    +
   32   117  2   0.0%   0.260 CG:2    UA:2    +
   17   138  2   0.0%   0.201 GU:3    AU:1    +
   15   117  2   0.0%   0.496 UG:2    UA:2    +
    9   117  2   0.0%   0.240 UG:2    UA:2    +
   58    77  2   0.0%   0.215 CG:1    UG:3    +
   17    57  2   0.0%   0.138 GU:3    AU:1    +
   17    35  2   0.0%   0.069 GU:3    AU:1    +
   82    98  2   0.0%   0.506 CG:2    UG:2    +
   52   106  2   0.0%   0.181 GU:1    AU:3    +
  109   116  2   0.0%   0.236 UG:2    UA:2    +
    8   136  2   0.0%   0.094 GU:1    UA:3    +
   17   151  2   0.0%   0.196 GU:3    AU:1    +
   58   159  2   0.0%   1.284 CG:1    UG:3    +
  115   159  2   0.0%   0.791 CG:1    UG:3    +
   79    94  2   0.0%   0.005 UG:2    UA:2    +
   53   115  2   0.0%   0.174 GC:1    GU:3    +
   60    79  2   0.0%   0.155 GU:1    AU:3    +
   32    50  2   0.0%   0.336 CG:2    UG:2    +
   64    75  2   0.0%   0.003 CG:1    UG:3    +
   79   127  2   0.0%   0.598 AU:1    UA:3    +
   96   100  2   0.0%   0.048 GC:1    GU:3    +
  111   143  2   0.0%   0.335 GC:1    GU:3    +
   43    50  2   0.0%   0.435 CG:1    UG:3    +
   19   142  2   0.0%   0.553 UG:1    UA:3    +
  112   136  2   0.0%   0.261 AU:1    UA:3    +
   53   143  2   0.0%   0.205 GC:1    GU:3    +
   43    56  2   0.0%   0.475 UG:1    UA:3    +
   19   136  2   0.0%   0.542 AU:1    UA:3    +
   47   160  2   0.0%   1.151 GC:1    GU:3    +
   65   143  2   0.0%   0.321 GC:1    GU:3    +
   26   119  2   0.0%   0.192 CG:1    UA:3    +
   17    33  2   0.0%   0.067 GU:3    AU:1    +
   90   139  2   0.0%   0.072 UG:1    UA:3    +
    9    63  2   0.0%   0.236 UG:3    UA:1    +
   10    39  2   0.0%   0.251 GU:3    AU:1    +
  115   146  2   0.0%   1.063 CG:1    UG:3    +
   76   143  2   0.0%   0.264 GC:1    GU:3    +
   77   108  2   0.0%   0.084 GC:3    GU:1    +
   80   100  2   0.0%   0.383 GC:1    GU:3    +
  122   154  2   0.0%   0.441 GC:1    GU:3    +
   89   115  2   0.0%   0.211 GC:1    GU:3    +
   20    58  2   0.0%   0.804 GC:1    GU:3    +
   10   121  2   0.0%   0.263 GU:3    AU:1    +
  115   158  2   0.0%   0.698 CG:1    UG:3    +
   37   139  2   0.0%   0.404 UG:1    UA:3    +
   20   160  2   0.0%   0.658 GC:1    GU:3    +
  115   160  2   0.0%   0.503 AU:2    UA:2    +
   21   143  2   0.0%   0.547 GC:1    GU:3    +
   10   110  2   0.0%   0.262 GC:3    UA:1    +
   64    71  2   0.0%   0.003 CG:1    UG:3    +
   47   143  2   0.0%   0.421 GC:1    GU:3    +
   77   109  2   0.0%   0.032 GU:3    AU:1    +
   16    56  2   0.0%   0.490 UG:1    UA:3    +
  100   147  2   0.0%   0.393 CG:1    UG:3    +
   17    39  2   0.0%   0.065 GU:3    AU:1    +
   17   152  2   0.0%   0.284 GU:3    AU:1    +
   58   111  2   0.0%   0.215 CG:1    UG:3    +
   63   109  2   0.0%   0.002 GU:1    AU:3    +
    8    68  2   0.0%   0.092 GC:2    UA:2    +
    7    24  1   0.2%   0.166 UA:5    +
  119   143  3   0.2%   0.489 GC:1    AU:2    +
   30    55  1   0.2%   0.937 AU:5    +
   55   148  3   0.1%   1.327 UG:1    UA:2    +
    3    18  2   0.3%   0.124 UA:4    +
  115   120  3   0.1%   0.285 UG:1    AU:2    +
    4    28  3   0.1%   0.162 GU:2    AU:1    +
   11    15  1   0.1%   0.186 AU:5    +
   74   133  3   0.1%   0.058 UG:2    UA:1    +
   79   128  2   0.3%   0.650 UA:4    +
    4    37  3   0.1%   0.361 GU:2    AU:1    +
   99   104  1   0.1%   0.918 CG:5    +
   98   105  1   0.1%   1.305 GC:5    +
   72   103  3   0.4%   0.445 GU:3    +
    5   140  1   0.1%   0.542 GC:5    +
   67   107  3   0.1%   0.158 AU:1    UA:2    +
   32   142  3   0.1%   0.291 UG:1    UA:2    +
    7    48  1   0.1%   0.193 UA:5    +
   22    51  1   0.1%   0.437 UA:5    +
    4    27  3   0.1%   0.147 GC:1    UG:2    +
    1   157  3   0.1%   0.195 GU:2    AU:1    +
   16    48  2   0.3%   0.601 UA:4    +
   45   153  2   0.2%   0.373 GC:4    +
  114   144  1   0.1%   0.766 AU:5    +
    4   138  3   0.1%   0.434 GU:2    AU:1    +
   46    53  3   0.1%   0.333 CG:1    UG:2    +
  112   117  3   0.1%   0.331 UG:2    UA:1    +
    4    15  3   0.1%   0.129 GU:2    AU:1    +
  120   141  1   0.1%   0.248 UA:5    +
  114   137  3   0.3%   0.232 AU:3    +
   50   152  1   0.1%   1.486 GU:5    +
   14    31  3   0.1%   0.438 CG:2    GC:1    +
    6    22  1   0.0%   0.140 AU:5    +
   14    50  3   0.3%   0.391 CG:3    +
   31    54  2   0.2%   0.681 GC:4    +
   57   148  3   0.0%   1.031 UG:1    UA:2    +
    7   155  1   0.0%   0.357 UA:5    +
   98   103  1   0.0%   0.833 GU:5    +
  137   142  3   0.0%   0.315 UG:2    UA:1    +
   72   134  3   0.3%   0.600 GC:3    +
   28    48  1   0.0%   0.782 UA:5    +
   28    59  1   0.0%   0.699 UA:5    +
    5    54  1   0.0%   0.455 GC:5    +
  116   137  3   0.0%   0.269 GU:2    AU:1    +
   24    37  1   0.0%   0.217 AU:5    +
   27    32  3   0.0%   0.169 GC:2    GU:1    +
   11   149  1   0.0%   0.309 AU:5    +
   22    30  1   0.0%   0.465 UA:5    +
  115   136  3   0.0%   0.248 AU:1    UA:2    +
   68   104  2   0.2%   0.038 CG:4    +
   24    28  1   0.0%   0.399 AU:5    +
   13    45  3   0.0%   0.348 CG:2    UA:1    +
   46   158  3   0.0%   0.816 CG:1    UG:2    +
   46   159  3   0.0%   0.913 CG:1    UG:2    +
   19    27  3   0.0%   0.039 CG:1    UG:2    +
   45   154  3   0.3%   0.401 GU:3    +
   87    91  2   0.2%   0.353 AU:4    +
   70   109  3   0.0%   0.439 UG:1    AU:2    +
   67   109  3   0.0%   0.131 AU:2    UA:1    +
    1    13  3   0.0%   0.025 GC:2    AU:1    +
   55    59  1   0.0%   0.349 UA:5    +
   33    50  1   0.0%   0.304 UG:5    +
   27    47  3   0.3%   0.955 CG:3    +
   50    54  1   0.0%   0.340 GC:5    +
   10    14  3   0.0%   0.215 GC:2    UG:1    +
   10    18  3   0.0%   0.112 GC:1    UA:2    +
   55   117  3   0.0%   0.208 UG:2    UA:1    +
   15   157  3   0.3%   0.569 UA:3    +
   22   155  1   0.0%   0.651 UA:5    +
    2    17  3   0.0%   0.033 CG:1    UG:2    +
  120   143  3   0.0%   0.383 GU:1    UA:2    +
   13    17  3   0.0%   0.151 CG:2    UG:1    +
   13    22  3   0.0%   0.585 CG:1    AU:2    +
   71   101  1   0.0%   0.007 GC:5    +
  142   160  3   0.0%   0.617 GU:2    AU:1    +
   60    73  3   0.0%   0.157 GC:2    AU:1    +
   14    39  3   0.0%   0.245 GU:1    AU:2    +
   50    58  3   0.0%   0.384 GC:1    GU:2    +
    5    42  1   0.0%   0.442 GC:5    +
   93   109  2   0.2%   0.109 AU:4    +
   11   152  1   0.0%   0.394 AU:5    +
    8    46  3   0.0%   0.077 GU:1    UA:2    +
   20    40  3   0.0%   0.272 GC:2    GU:1    +
   22    38  1   0.0%   0.276 UA:5    +
   14    25  3   0.0%   0.252 GC:1    AU:2    +
    8    44  3   0.0%   0.076 GC:1    UA:2    +
   76    99  1   0.0%   0.006 GC:5    +
   53   120  1   0.0%   0.189 GU:5    +
    7   148  3   0.0%   0.257 UG:1    UA:2    +
    1   148  3   0.0%   0.166 GC:1    AU:2    +
   52   157  3   0.0%   1.116 GU:1    AU:2    +
   61   137  3   0.0%   0.194 GU:1    AU:2    +
   63    70  3   0.0%   0.005 GU:1    AU:2    +
   62    69  1   0.0%   0.004 CG:5    +
   61   115  3   0.0%   0.376 GU:1    AU:2    +
   31    49  3   0.0%   0.600 GU:2    AU:1    +
    8    27  3   0.0%   0.087 GC:1    UG:2    +
   40   159  3   0.0%   0.437 CG:2    UG:1    +
  111   120  1   0.0%   0.112 GU:5    +
   61   143  3   0.0%   0.409 GU:1    AU:2    +
   10   115  3   0.0%   0.265 GU:2    UA:1    +
   11    57  1   0.0%   0.369 AU:5    +
    1   118  3   0.0%   0.163 GC:2    AU:1    +
  143   148  3   0.0%   0.710 AU:1    UA:2    +
   51   120  1   0.0%   0.125 AU:5    +
  138   148  3   0.0%   0.742 UG:1    UA:2    +
   40   158  3   0.0%   0.445 CG:2    UG:1    +
   92   110  2   0.2%   0.124 GC:4    +
   40    45  3   0.0%   0.452 CG:2    UA:1    +
   25    41  1   0.0%   0.384 UA:5    +
    4   151  3   0.0%   0.435 GU:2    AU:1    +
   37    59  1   0.0%   0.575 UA:5    +
    2    27  3   0.0%   0.032 CG:1    UG:2    +
   84   124  3   0.0%   0.083 UG:2    UA:1    +
   10    26  3   0.0%   0.274 GC:1    GU:2    +
   66   114  1   0.0%   0.155 UA:5    +
   50   149  1   0.0%   0.218 GU:5    +
  120   145  1   0.0%   0.661 UA:5    +
  114   138  1   0.0%   0.229 AU:5    +
    5    25  1   0.0%   0.234 GU:5    +
   11   150  1   0.0%   0.307 AU:5    +
    7    30  1   0.0%   0.356 UA:5    +
   11    36  1   0.0%   0.304 AU:5    +
   10   160  3   0.0%   0.295 GU:2    UA:1    +
   15    49  3   0.3%   0.450 UA:3    +
   12   154  3   0.0%   0.459 CG:1    AU:2    +
   40    50  3   0.0%   0.479 CG:2    UG:1    +
   50   121  1   0.0%   0.176 GU:5    +
   11    25  1   0.0%   0.306 AU:5    +
   37    51  1   0.0%   0.507 UA:5    +
    4   144  3   0.0%   0.433 GU:2    AU:1    +
   62   159  1   0.0%   0.599 CG:5    +
   25    30  1   0.0%   0.236 UA:5    +
   67   113  3   0.0%   0.263 UG:2    UA:1    +
   50   154  3   0.0%   1.562 GC:1    GU:2    +
   50   140  1   0.0%   0.201 GC:5    +
   10    27  3   0.0%   0.269 GC:2    UG:1    +
   99   146  1   0.0%   0.821 CG:5    +
   50   156  1   0.0%   1.640 GC:5    +
   27    58  3   0.0%   0.828 GC:1    GU:2    +
   30   143  3   0.3%   0.835 AU:3    +
   36    50  1   0.0%   0.907 UG:5    +
    4    33  3   0.0%   0.336 GU:2    AU:1    +
    7    38  1   0.0%   0.179 UA:5    +
   32    52  3   0.0%   0.366 UG:1    UA:2    +
   22   146  1   0.0%   0.556 UG:5    +
   22   117  3   0.0%   0.540 UG:1    UA:2    +
  103   148  3   0.0%   0.796 UG:1    UA:2    +
    1   154  3   0.0%   0.165 GU:2    AU:1    +
    9   160  3   0.0%   0.265 AU:1    UA:2    +
   62   158  1   0.0%   0.506 CG:5    +
   28    41  1   0.0%   0.587 UA:5    +
    8    49  3   0.0%   0.089 GU:1    UA:2    +
    7    41  1   0.0%   0.171 UA:5    +
    8    40  3   0.0%   0.072 GC:1    UA:2    +
   64   116  3   0.0%   0.243 UG:1    UA:2    +
   42    50  1   0.0%   0.422 CG:5    +
  114   149  1   0.0%   0.979 AU:5    +
    6   120  1   0.0%   0.249 AU:5    +
   27   115  3   0.0%   0.634 GC:1    GU:2    +
    1   143  3   0.0%   0.163 GU:2    AU:1    +
   11   138  1   0.0%   0.306 AU:5    +
   63   157  3   0.0%   0.440 GU:2    AU:1    +
   32   139  3   0.0%   0.265 UG:1    UA:2    +
   28   114  1   0.0%   0.516 UA:5    +
   62    75  1   0.0%   0.005 CG:5    +
   14    27  3   0.0%   0.258 CG:2    GC:1    +
   29    55  1   0.0%   0.897 AU:5    +
    4    23  3   0.0%   0.125 GU:2    AU:1    +
   20   148  3   0.0%   0.617 GC:1    GU:2    +
    4    60  3   0.0%   0.475 UG:2    UA:1    +
   20    46  3   0.0%   0.609 GC:1    GU:2    +
   61   160  3   0.0%   0.419 GU:1    AU:2    +
    6    55  1   0.0%   0.184 AU:5    +
   43    49  3   0.0%   0.449 GU:1    UA:2    +
   14   117  3   0.0%   0.335 CG:2    GC:1    +
   46   139  3   0.0%   0.174 AU:1    UA:2    +
   25    29  1   0.0%   0.230 UA:5    +
   61   120  1   0.0%   0.183 AU:5    +
   14   144  3   0.0%   0.336 GU:1    AU:2    +
   37    48  1   0.0%   0.603 UA:5    +
   48    55  1   0.0%   0.487 AU:5    +
  108   142  3   0.0%   0.287 CG:2    UA:1    +
   35    50  1   0.0%   0.577 UG:5    +
   15    50  1   0.0%   0.445 UG:5    +
   67   116  3   0.0%   0.293 UG:1    UA:2    +
   32    60  3   0.0%   0.404 UG:2    UA:1    +
   11   151  1   0.0%   0.305 AU:5    +
   22    29  1   0.0%   0.457 UA:5    +
  100   106  3   0.0%   0.248 CG:1    AU:2    +
   11    66  1   0.0%   0.299 AU:5    +
   46    58  3   0.0%   0.361 AU:2    UA:1    +
   14    23  3   0.0%   0.466 GU:1    AU:2    +
    4   152  3   0.0%   0.435 GU:2    AU:1    +
   52    58  3   0.0%   0.391 GU:1    AU:2    +
   59   120  1   0.0%   0.324 AU:5    +
   99   111  1   0.0%   0.091 CG:5    +
    8    31  3   0.0%   0.259 UG:2    UA:1    +
   64   139  3   0.0%   0.077 UG:1    UA:2    +
    8    62  3   0.0%   0.092 GC:2    UG:1    +
    9   139  3   0.0%   0.243 UG:1    UA:2    +
  143   160  3   0.0%   0.636 AU:1    UA:2    +
   53   124  3   0.0%   0.183 GC:2    GU:1    +
   49    58  3   0.0%   0.395 AU:2    UA:1    +
   99   117  3   0.0%   0.107 CG:2    GC:1    +
   19   160  3   0.0%   0.583 AU:1    UA:2    +
   28   155  1   0.0%   0.649 UA:5    +
   67   103  3   0.0%   0.001 GU:1    AU:2    +
   21    40  3   0.0%   0.274 GC:2    GU:1    +
   50    57  1   0.0%   0.385 GU:5    +
   12   120  3   0.0%   0.343 CG:1    AU:2    +
   28    51  1   0.0%   0.562 UA:5    +
    7    51  1   0.0%   0.188 UA:5    +
   53    62  1   0.0%   0.170 GC:5    +
   10   137  3   0.0%   0.269 GC:1    GU:2    +
  107   143  3   0.0%   0.345 AU:2    UA:1    +
   11    33  1   0.0%   0.300 AU:5    +
   52   154  3   0.0%   1.180 GU:1    AU:2    +
    7    29  1   0.0%   0.354 UA:5    +
   11    35  1   0.0%   0.303 AU:5    +
   61    67  3   0.0%   0.026 GU:1    AU:2    +
   37    41  1   0.0%   0.589 UA:5    +
   60    67  3   0.0%   0.153 GU:1    AU:2    +
   11   121  1   0.0%   0.299 AU:5    +
   51    55  1   0.0%   0.274 AU:5    +
   14   138  3   0.0%   0.340 GU:1    AU:2    +
   11    39  1   0.0%   0.294 AU:5    +
    4   116  3   0.0%   0.419 UG:1    UA:2    +
   55   141  1   0.0%   0.230 UA:5    +
   46    60  3   0.0%   0.309 CG:1    UG:2    +
    4    68  3   0.0%   0.418 GC:2    UA:1    +
    2    56  3   0.0%   0.233 UG:1    UA:2    +
   49    60  3   0.0%   0.335 UG:1    UA:2    +
    4    57  3   0.0%   0.355 GU:2    AU:1    +
   45    49  3   0.0%   0.369 GU:2    AU:1    +
  100   116  3   0.0%   0.209 UG:1    UA:2    +
   32    64  3   0.0%   0.257 AU:1    UA:2    +
   64   106  3   0.0%   0.002 UG:1    AU:2    +
   13   113  3   0.0%   0.390 CG:2    UG:1    +
    3   114  1   0.0%   0.368 UA:5    +
  100   112  3   0.0%   0.239 AU:2    UA:1    +
   17    22  3   0.0%   0.306 GU:2    AU:1    +
   15   114  1   0.0%   0.495 UA:5    +
    9    34  3   0.0%   0.227 UG:2    UA:1    +
   89    99  1   0.0%   0.014 GC:5    +
    4    39  3   0.0%   0.344 GU:2    AU:1    +
   19   139  3   0.0%   0.546 UG:1    UA:2    +
   63   143  3   0.0%   0.295 GU:2    AU:1    +
   11   144  1   0.0%   0.302 AU:5    +
   55   155  1   0.0%   1.044 UA:5    +
    7   141  1   0.0%   0.258 UA:5    +
   64   112  3   0.0%   0.280 AU:2    UA:1    +
   28    50  1   0.0%   0.606 UG:5    +
   13   117  3   0.0%   0.391 CG:2    UA:1    +
   64   142  3   0.0%   0.285 UG:1    UA:2    +
   62    89  1   0.0%   0.004 CG:5    +
  114   152  1   0.0%   1.022 AU:5    +
   14    33  3   0.0%   0.247 GU:1    AU:2    +
    2    52  3   0.0%   0.225 UG:1    UA:2    +
  114   148  3   0.0%   0.581 CG:1    AU:2    +
   88   114  1   0.0%   0.116 UA:5    +
   63   108  3   0.0%   0.002 GC:2    GU:1    +
   77   133  3   0.0%   0.036 GC:2    GU:1    +
   75   133  3   0.0%   0.031 GC:2    GU:1    +
    4    66  3   0.0%   0.418 GU:2    AU:1    +
   19    49  3   0.0%   0.442 AU:1    UA:2    +
   81    99  1   0.0%   0.044 GC:5    +
    4    52  3   0.0%   0.363 UG:1    UA:2    +
   64   136  3   0.0%   0.062 AU:1    UA:2    +
  104   148  3   0.0%   1.284 GC:1    GU:2    +
  144   148  3   0.0%   1.087 UG:1    UA:2    +
   10    43  3   0.0%   0.252 GU:2    AU:1    +
   25    59  1   0.0%   0.535 UA:5    +
   41    55  1   0.0%   0.416 AU:5    +
   75    99  1   0.0%   0.004 GC:5    +
   21    62  1   0.0%   0.543 GC:5    +
   22   145  1   0.0%   0.545 UA:5    +
   50   138  1   0.0%   0.184 GU:5    +
   80    99  1   0.0%   0.381 GC:5    +
   17    32  3   0.0%   0.183 GC:2    GU:1    +
   71   148  3   0.0%   1.245 GC:1    GU:2    +
  103   114  1   0.0%   0.521 UA:5    +
   60   157  3   0.0%   0.762 GU:1    AU:2    +
  120   146  1   0.0%   0.899 UG:5    +
    2   113  3   0.0%   0.261 CG:1    UG:2    +
    7   129  1   0.0%   0.250 UA:5    +
   37   155  1   0.0%   0.500 UA:5    +
   16   139  3   0.0%   0.546 UG:1    UA:2    +
   49    63  3   0.0%   0.187 UG:2    UA:1    +
   71   134  1   0.0%   0.839 GC:5    +
    4   136  3   0.0%   0.419 GU:1    UA:2    +
   96   120  1   0.0%   0.083 GU:5    +
   13   136  3   0.0%   0.390 AU:2    UA:1    +
  124   132  3   0.0%   0.029 GU:2    AU:1    +
   64   115  3   0.0%   0.265 AU:1    UA:2    +
   46    89  3   0.0%   0.160 CG:1    UG:2    +
   14    57  3   0.0%   0.402 GU:1    AU:2    +
    6    37  1   0.0%   0.184 AU:5    +
    7    59  1   0.0%   0.313 UA:5    +
   63   115  3   0.0%   0.265 GU:2    AU:1    +
  116   160  3   0.0%   0.456 GU:2    AU:1    +
   64    70  3   0.0%   0.003 AU:1    UA:2    +
   49   136  3   0.0%   0.188 AU:1    UA:2    +
  148   159  3   0.0%   1.094 CG:1    UG:2    +
    4   142  3   0.0%   0.437 UG:1    UA:2    +
    3    67  3   0.0%   0.368 UG:1    UA:2    +
   34   154  3   0.0%   0.473 GU:1    AU:2    +
   38    55  1   0.0%   0.620 AU:5    +
   91   157  3   0.0%   0.728 AU:1    UA:2    +
   49   109  3   0.0%   0.187 AU:2    UA:1    +
  108   116  3   0.0%   0.283 CG:2    UA:1    +
   22    56  1   0.0%   0.731 UA:5    +
    4   150  3   0.0%   0.434 GU:2    AU:1    +
   50   101  1   0.0%   0.174 GC:5    +
    4   121  3   0.0%   0.418 GU:2    AU:1    +
   55    67  3   0.0%   0.162 UG:1    UA:2    +
    4    36  3   0.0%   0.335 GU:2    AU:1    +
   18   148  3   0.0%   0.195 CG:1    AU:2    +
   50   126  1   0.0%   0.174 GC:5    +
    4    35  3   0.0%   0.335 GU:2    AU:1    +
   28   117  3   0.0%   0.517 UG:2    UA:1    +
   14   149  3   0.0%   0.342 GU:1    AU:2    +
  124   152  3   0.0%   0.847 GU:2    AU:1    +
   62    76  1   0.0%   0.005 CG:5    +
   79    91  3   0.0%   0.002 AU:2    UA:1    +
    4   132  3   0.0%   0.418 GU:2    AU:1    +
    8   112  3   0.0%   0.092 GU:2    UA:1    +
   72   117  3   0.0%   0.619 CG:2    GC:1    +
   26    56  3   0.0%   0.383 UG:1    UA:2    +
  148   158  3   0.0%   0.957 CG:1    UG:2    +
  114   150  1   0.0%   1.081 AU:5    +
   32   136  3   0.0%   0.257 AU:1    UA:2    +
   14    36  3   0.0%   0.250 GU:1    AU:2    +
  130   148  3   0.0%   0.408 CG:1    UA:2    +
   21    46  3   0.0%   0.543 GC:1    GU:2    +
   15   148  3   0.0%   0.504 UG:1    UA:2    +
   14    55  3   0.0%   0.334 GU:1    AU:2    +
   14   151  3   0.0%   0.340 GU:1    AU:2    +
  109   113  3   0.0%   0.195 UG:2    UA:1    +
   99   147  1   0.0%   0.399 CG:5    +
   14    35  3   0.0%   0.249 GU:1    AU:2    +
   10   108  3   0.0%   0.262 GC:2    GU:1    +
   49   127  3   0.0%   0.187 AU:1    UA:2    +
   48   120  1   0.0%   0.350 AU:5    +
  120   159  1   0.0%   0.627 UG:5    +
   23   114  1   0.0%   0.521 UA:5    +
   46   152  3   0.2%   0.314 AU:3    +
   26    38  3   0.2%   0.328 UA:3    +
  114   120  2   0.1%   0.179 AU:4    +
   34    42  3   0.2%   0.589 GC:3    +
  145   157  3   0.2%   1.380 AU:3    +
   26    48  3   0.2%   0.450 UA:3    +
   28    46  3   0.2%   0.666 UA:3    +
  113   140  2   0.1%   0.378 GC:4    +
    9    18  3   0.2%   0.106 UA:3    +
  112   145  2   0.1%   0.843 UA:4    +
   14    47  3   0.2%   0.381 CG:3    +
   70   103  3   0.2%   0.051 AU:3    +
   12   147  2   0.1%   0.369 CG:4    +
   34   140  3   0.2%   0.374 GC:3    +
    1   156  3   0.2%   0.199 GC:3    +
   11    16  3   0.2%   0.217 AU:3    +
   27    33  3   0.2%   0.082 GU:3    +
    9    17  3   0.2%   0.076 UG:3    +
    6    19  2   0.1%   0.143 AU:4    +
    5    14  3   0.2%   0.195 GC:3    +
   45    54  2   0.1%   0.374 GC:4    +
   12   158  2   0.1%   0.397 CG:4    +
    8    51  2   0.1%   0.104 UA:4    +
   12    50  2   0.1%   0.356 CG:4    +
   96   110  2   0.1%   0.135 GC:4    +
    8    47  2   0.1%   0.089 UG:4    +
   36    40  3   0.1%   1.066 UA:3    +
    9    51  2   0.1%   0.254 UA:4    +
   49   149  3   0.1%   0.242 AU:3    +
   18    35  2   0.1%   0.076 AU:4    +
  113   120  2   0.1%   0.239 GU:4    +
    8    30  2   0.1%   0.277 UA:4    +
   49    56  3   0.1%   0.402 UA:3    +
   16    29  2   0.1%   0.371 UA:4    +
    7    18  3   0.1%   0.164 UA:3    +
  125   131  2   0.1%   0.030 AU:4    +
    9    29  2   0.0%   0.421 UA:4    +
   79    92  2   0.0%   0.012 UG:4    +
  112   119  3   0.1%   0.287 UA:3    +
   19    38  2   0.0%   0.039 UA:4    +
    4    51  3   0.1%   0.371 UA:3    +
  112   141  2   0.0%   0.421 UA:4    +
   19   155  2   0.0%   0.675 UA:4    +
   69   110  2   0.0%   0.469 GC:4    +
   68   111  2   0.0%   0.085 CG:4    +
    8   159  2   0.0%   0.135 UG:4    +
    8    20  2   0.0%   0.059 UG:4    +
   59   143  3   0.1%   0.444 AU:3    +
   12   146  2   0.0%   0.353 CG:4    +
   18    39  2   0.0%   0.068 AU:4    +
   48   154  3   0.1%   0.821 AU:3    +
    6    49  3   0.1%   0.198 AU:3    +
    8   158  2   0.0%   0.129 UG:4    +
    6    16  2   0.0%   0.251 AU:4    +
   18    28  2   0.0%   0.264 AU:4    +
    2    30  3   0.1%   0.053 UA:3    +
   19   141  2   0.0%   0.557 UA:4    +
    7    11  2   0.0%   0.039 UA:4    +
   19    29  2   0.0%   0.223 UA:4    +
   12    20  2   0.0%   0.096 CG:4    +
    8   141  2   0.0%   0.105 UA:4    +
    8   155  2   0.0%   0.201 UA:4    +
    1    54  3   0.1%   0.174 GC:3    +
   79    96  2   0.0%   0.010 UG:4    +
   62    71  2   0.0%   0.006 CG:4    +
   12    53  2   0.0%   0.359 CG:4    +
    4   141  3   0.1%   0.445 UA:3    +
   95   110  2   0.0%   0.148 GC:4    +
    8    24  2   0.0%   0.069 UA:4    +
   12    17  3   0.1%   0.149 CG:3    +
   18   152  2   0.0%   0.283 AU:4    +
   91   102  2   0.0%   0.364 UA:4    +
   16   155  2   0.0%   0.653 UA:4    +
   96   109  2   0.0%   0.084 GU:4    +
   16    51  2   0.0%   0.448 UA:4    +
  136   144  2   0.0%   0.818 AU:4    +
   12    47  2   0.0%   0.343 CG:4    +
   29    43  2   0.0%   0.941 AU:4    +
    9   141  2   0.0%   0.249 UA:4    +
    9    59  2   0.0%   0.302 UA:4    +
   16   141  2   0.0%   0.554 UA:4    +
   94   109  2   0.0%   0.107 GU:4    +
   19    41  2   0.0%   0.025 UA:4    +
  125   130  2   0.0%   0.020 AU:4    +
   90   155  2   0.0%   0.152 UA:4    +
    8    48  2   0.0%   0.088 UA:4    +
    8    53  2   0.0%   0.103 UG:4    +
   93   112  2   0.0%   0.287 AU:4    +
    8   147  2   0.0%   0.100 UG:4    +
    8    29  2   0.0%   0.265 UA:4    +
   43   155  2   0.0%   0.388 UA:4    +
   57   136  2   0.0%   0.450 UA:4    +
    9    38  2   0.0%   0.226 UA:4    +
  106   145  2   0.0%   0.792 UA:4    +
    9   145  2   0.0%   0.243 UA:4    +
    8   146  2   0.0%   0.099 UG:4    +
  107   144  2   0.0%   0.654 AU:4    +
   31   140  2   0.0%   0.522 GC:4    +
    8    56  2   0.0%   0.154 UA:4    +
    9   155  2   0.0%   0.342 UA:4    +
   38    43  2   0.0%   0.686 AU:4    +
   25   114  2   0.0%   0.358 UA:4    +
    9    48  2   0.0%   0.231 UA:4    +
   54   113  2   0.0%   0.182 CG:4    +
   95   109  2   0.0%   0.108 GU:4    +
   16    30  2   0.0%   0.368 UA:4    +
   16    24  2   0.0%   0.337 UA:4    +
    7   114  2   0.0%   0.249 UA:4    +
   18    23  2   0.0%   0.284 AU:4    +
  101   113  2   0.0%   0.166 CG:4    +
  102   112  2   0.0%   0.260 AU:4    +
  109   141  2   0.0%   0.190 UA:4    +
  104   110  2   0.0%   0.970 GC:4    +
   19    24  2   0.0%   0.191 UA:4    +
   45   140  2   0.0%   0.227 GC:4    +
    9    30  2   0.0%   0.418 UA:4    +
  110   147  2   0.0%   0.459 CG:4    +
  136   151  2   0.0%   1.174 AU:4    +
   16   145  2   0.0%   0.550 UA:4    +
   19    48  2   0.0%   0.572 UA:4    +
   18    36  2   0.0%   0.071 AU:4    +
   12    65  2   0.0%   0.343 CG:4    +
   16    38  2   0.0%   0.171 UA:4    +
   68    86  2   0.0%   0.001 CG:4    +
  136   150  2   0.0%   1.132 AU:4    +
   98   118  2   0.0%   0.467 GC:4    +
   79    95  2   0.0%   0.006 UG:4    +
   74   136  2   0.0%   0.060 UA:4    +
   11    55  2   0.0%   0.299 AU:4    +
  113   156  2   0.0%   0.755 GC:4    +
   86   110  2   0.0%   0.379 GC:4    +
  136   149  2   0.0%   1.030 AU:4    +
   16    41  2   0.0%   0.161 UA:4    +
   79    93  2   0.0%   0.008 UA:4    +
   79    86  2   0.0%   0.002 UG:4    +
   87   109  2   0.0%   0.035 AU:4    +
   11    28  2   0.0%   0.496 AU:4    +
   55   114  2   0.0%   0.165 UA:4    +
   31    55  2   0.0%   0.651 GU:4    +
    8    21  2   0.0%   0.057 UG:4    +
    9    41  2   0.0%   0.217 UA:4    +
   50   120  2   0.0%   0.175 GU:4    +
   16   113  2   0.0%   0.542 UG:4    +
  113   153  2   0.0%   0.922 GC:4    +
   62    77  2   0.0%   0.004 CG:4    +
   19    30  2   0.0%   0.221 UA:4    +
   24    43  2   0.0%   0.527 AU:4    +
    8    59  2   0.0%   0.155 UA:4    +
   31   156  2   0.0%   0.574 GC:4    +
   18   138  2   0.0%   0.198 AU:4    +
   18   150  2   0.0%   0.195 AU:4    +
   65   109  2   0.0%   0.037 GU:4    +
   43   145  2   0.0%   0.308 UA:4    +
    8   145  2   0.0%   0.098 UA:4    +
  112   155  2   0.0%   0.394 UA:4    +
    3   136  2   0.0%   0.369 UA:4    +
   18    33  2   0.0%   0.061 AU:4    +
   25   136  2   0.0%   0.357 UA:4    +
   43    61  2   0.0%   0.301 UA:4    +
   11   112  2   0.0%   0.298 AU:4    +
   11   120  2   0.0%   0.299 AU:4    +
   47    68  2   0.0%   0.400 GC:4    +
    8   128  2   0.0%   0.093 UA:4    +
    8    61  2   0.0%   0.114 UA:4    +
    6   130  2   0.0%   0.248 AU:4    +
    8    38  2   0.0%   0.080 UA:4    +
   43    48  2   0.0%   0.612 UA:4    +
   16    52  2   0.0%   0.446 UA:4    +
   79   141  2   0.0%   0.764 UA:4    +
   18    37  2   0.0%   0.068 AU:4    +
    9   119  2   0.0%   0.238 UA:4    +
   12   111  2   0.0%   0.342 CG:4    +
    6   112  2   0.0%   0.248 AU:4    +
    8    41  2   0.0%   0.072 UA:4    +
  110   146  2   0.0%   0.881 CG:4    +
   11    43  2   0.0%   0.295 AU:4    +
   19    59  2   0.0%   0.720 UA:4    +
   69   109  2   0.0%   0.424 GU:4    +
   75   110  2   0.0%   0.066 GC:4    +
   76   109  2   0.0%   0.035 GU:4    +
   66   136  2   0.0%   0.040 UA:4    +
   76   110  2   0.0%   0.073 GC:4    +
   43    59  2   0.0%   0.461 UA:4    +
   94   106  2   0.0%   0.286 GU:4    +
   39   136  2   0.0%   0.342 UA:4    +
   16   114  2   0.0%   0.542 UA:4    +
   94   105  2   0.0%   0.905 GC:4    +
    5   110  2   0.0%   0.512 GC:4    +
   43    93  2   0.0%   0.277 UA:4    +
   93   106  2   0.0%   0.279 AU:4    +
   42    94  2   0.0%   0.264 CG:4    +
   11    37  2   0.0%   0.304 AU:4    +
   79   102  2   0.0%   0.630 UA:4    +
   18   144  2   0.0%   0.194 AU:4    +
   18   151  2   0.0%   0.193 AU:4    +
   35   136  2   0.0%   0.525 UA:4    +
   15   136  2   0.0%   0.495 UA:4    +
   47   110  2   0.0%   0.400 GC:4    +
   43    51  2   0.0%   0.391 UA:4    +
    6   109  2   0.0%   0.248 AU:4    +
   26    51  3   0.1%   0.246 UA:3    +
    6    26  3   0.1%   0.172 AU:3    +
   10    54  3   0.1%   0.280 GC:3    +
  115   141  3   0.1%   0.391 UA:3    +
   19    34  3   0.1%   0.040 UG:3    +
   14   146  3   0.1%   0.359 CG:3    +
   58   155  3   0.1%   0.878 UA:3    +
  137   145  3   0.1%   0.644 UA:3    +
   59   154  3   0.1%   0.910 AU:3    +
   60   153  3   0.1%   1.043 GC:3    +
    6    32  3   0.1%   0.290 AU:3    +
   11    49  3   0.0%   0.318 AU:3    +
   55   157  3   0.0%   1.287 UA:3    +
    2    11  3   0.0%   0.035 UA:3    +
    3   157  3   0.0%   0.486 UA:3    +
   37    46  3   0.0%   0.483 UA:3    +
   29    58  3   0.0%   0.967 AU:3    +
    2   155  3   0.0%   0.275 UA:3    +
    9    46  3   0.0%   0.228 UA:3    +
    2     6  3   0.0%   0.008 UA:3    +
   10    28  3   0.0%   0.456 GU:3    +
   54    60  3   0.0%   0.331 CG:3    +
   20    27  3   0.0%   0.283 GC:3    +
   33    44  3   0.0%   0.628 UA:3    +
    4    24  3   0.0%   0.131 UA:3    +
  137   141  3   0.0%   0.236 UA:3    +
    6   143  3   0.0%   0.256 AU:3    +
   40    55  3   0.0%   0.470 AU:3    +
   70   102  3   0.0%   0.008 UA:3    +
    4   145  3   0.0%   0.438 UA:3    +
  115   145  3   0.0%   0.826 UA:3    +
   49   155  3   0.0%   1.081 UA:3    +
   20   157  3   0.0%   0.708 GU:3    +
   14    21  3   0.0%   0.489 CG:3    +
   36    44  3   0.0%   1.232 UA:3    +
   17   153  3   0.0%   0.300 GC:3    +
   31   143  3   0.0%   0.532 GU:3    +
   21    27  3   0.0%   0.290 GC:3    +
   27   140  3   0.0%   0.649 GC:3    +
  143   155  3   0.0%   0.412 UA:3    +
   26   141  3   0.0%   0.209 UA:3    +
   10   153  3   0.0%   0.374 GC:3    +
    6   160  3   0.0%   0.362 AU:3    +
  146   157  3   0.0%   1.637 GU:3    +
   93   100  3   0.0%   0.067 AU:3    +
    3    44  3   0.0%   0.303 UA:3    +
   32    51  3   0.0%   0.297 UA:3    +
   10   156  3   0.0%   0.305 GC:3    +
   94    99  3   0.0%   0.071 GC:3    +
   51    58  3   0.0%   0.333 AU:3    +
    4   158  3   0.0%   0.557 UG:3    +
    4   155  3   0.0%   0.628 UA:3    +
   49    55  3   0.0%   0.328 AU:3    +
    4    30  3   0.0%   0.531 UA:3    +
   15    44  3   0.0%   0.153 UA:3    +
   28    44  3   0.0%   0.871 UA:3    +
   32    48  3   0.0%   0.513 UA:3    +
   35    40  3   0.0%   0.706 UA:3    +
   35    49  3   0.0%   0.592 UA:3    +
   48   157  3   0.0%   0.989 AU:3    +
   24   143  3   0.0%   0.430 AU:3    +
   49   150  3   0.0%   0.217 AU:3    +
    5   157  3   0.0%   0.660 GU:3    +
   34    54  3   0.0%   0.488 GC:3    +
    4   159  3   0.0%   0.557 UG:3    +
   14    53  3   0.0%   0.350 CG:3    +
   10   140  3   0.0%   0.274 GC:3    +
    6   157  3   0.0%   0.355 AU:3    +
  127   132  3   0.0%   0.170 AU:3    +
   61    70  3   0.0%   0.027 AU:3    +
   32    38  3   0.0%   0.546 UA:3    +
   30   137  3   0.0%   0.794 AU:3    +
   26    30  3   0.0%   0.253 UA:3    +
   17   140  3   0.0%   0.204 GC:3    +
   49    59  3   0.0%   0.372 UA:3    +
   11   157  3   0.0%   0.322 AU:3    +
   32   141  3   0.0%   0.273 UA:3    +
   60   156  3   0.0%   0.873 GC:3    +
   59   137  3   0.0%   0.325 AU:3    +
   41   157  3   0.0%   0.335 AU:3    +
    4    56  3   0.0%   0.356 UA:3    +
    6   154  3   0.0%   0.443 AU:3    +
   39    46  3   0.0%   0.431 UA:3    +
   37    44  3   0.0%   0.751 UA:3    +
    6   137  3   0.0%   0.256 AU:3    +
   34   156  3   0.0%   0.404 GC:3    +
   59   157  3   0.0%   0.868 AU:3    +
   49    86  3   0.0%   0.188 UG:3    +
   88   157  3   0.0%   0.399 UA:3    +
   70   152  3   0.0%   1.263 AU:3    +
   33   157  3   0.0%   0.292 UA:3    +
    2    29  3   0.0%   0.032 UA:3    +
    4    38  3   0.0%   0.352 UA:3    +
    7    49  3   0.0%   0.188 UA:3    +
   26    59  3   0.0%   0.370 UA:3    +
   11    19  3   0.0%   0.062 AU:3    +
   11    32  3   0.0%   0.416 AU:3    +
  155   160  3   0.0%   0.646 AU:3    +
    9    44  3   0.0%   0.220 UA:3    +
   41    49  3   0.0%   0.443 AU:3    +
   24   115  3   0.0%   0.425 AU:3    +
    9    27  3   0.0%   0.233 UG:3    +
   25    46  3   0.0%   0.378 UA:3    +
   12    31  3   0.0%   0.525 CG:3    +
   25    40  3   0.0%   0.386 UA:3    +
   27    42  3   0.0%   0.749 GC:3    +
    7   157  3   0.0%   0.269 UA:3    +
   44    60  3   0.0%   0.578 CG:3    +
   47   157  3   0.0%   1.298 GU:3    +
   33    46  3   0.0%   0.350 UA:3    +
   35    44  3   0.0%   0.898 UA:3    +
   72    81  3   0.0%   0.003 CG:3    +
  100   145  3   0.0%   0.567 UA:3    +
    4    45  3   0.0%   0.348 UG:3    +
    1   140  3   0.0%   0.163 GC:3    +
   38   160  3   0.0%   0.494 AU:3    +
    3    27  3   0.0%   0.090 UG:3    +
   30    58  3   0.0%   0.985 AU:3    +
   39    44  3   0.0%   0.704 UA:3    +
    9   114  3   0.0%   0.237 UA:3    +
   35    46  3   0.0%   0.626 UA:3    +
    7   136  3   0.0%   0.250 UA:3    +
   34    62  3   0.0%   0.326 GC:3    +
   18    25  3   0.0%   0.067 AU:3    +
    3    46  3   0.0%   0.301 UA:3    +
   49   141  3   0.0%   0.215 UA:3    +
  138   157  3   0.0%   0.731 UA:3    +
   11   143  3   0.0%   0.302 AU:3    +
    6   115  3   0.0%   0.249 AU:3    +
   36    49  3   0.0%   0.920 UA:3    +
   38    58  3   0.0%   0.676 AU:3    +
   12   113  3   0.0%   0.343 CG:3    +
   27    57  3   0.0%   0.830 GU:3    +
   14   147  3   0.0%   0.353 CG:3    +
   11    26  3   0.0%   0.321 AU:3    +
   70    83  3   0.0%   0.004 AU:3    +
  144   157  3   0.0%   1.323 UA:3    +
   37    49  3   0.0%   0.439 UA:3    +
  100   114  3   0.0%   0.128 UA:3    +
   17    26  3   0.0%   0.086 GU:3    +
    4    20  3   0.0%   0.125 UG:3    +
   24    32  3   0.0%   0.315 AU:3    +
  141   160  3   0.0%   0.572 AU:3    +
   44    53  3   0.0%   0.592 CG:3    +
    8   113  3   0.0%   0.092 UG:3    +
   36    46  3   0.0%   0.954 UA:3    +
    4    21  3   0.0%   0.125 UG:3    +
   63   140  3   0.0%   0.140 GC:3    +
   65    72  3   0.0%   0.001 GC:3    +
   52    67  3   0.0%   0.179 AU:3    +
   49    57  3   0.0%   0.401 AU:3    +
   14   113  3   0.0%   0.333 CG:3    +
   46    57  3   0.0%   0.365 AU:3    +
   13    27  3   0.0%   0.357 CG:3    +
    3    49  3   0.0%   0.301 UA:3    +
   60    68  3   0.0%   0.153 GC:3    +
   29    49  3   0.0%   0.867 AU:3    +
   57   157  3   0.0%   1.020 UA:3    +
   26    44  3   0.0%   0.489 UA:3    +
   23    49  3   0.0%   0.422 UA:3    +
   27   156  3   0.0%   0.722 GC:3    +
    1    42  3   0.0%   0.154 GC:3    +
    1   153  3   0.0%   0.164 GC:3    +
    2    41  3   0.0%   0.223 UA:3    +
    4    48  3   0.0%   0.346 UA:3    +
    5   143  3   0.0%   0.527 GU:3    +
    4    47  3   0.0%   0.346 UG:3    +
  152   157  3   0.0%   1.493 UA:3    +
   48    58  3   0.0%   0.558 AU:3    +
  139   154  3   0.0%   0.612 AU:3    +
    8    50  3   0.0%   0.080 UG:3    +
   24    58  3   0.0%   0.618 AU:3    +
    6    58  3   0.0%   0.318 AU:3    +
   27   147  3   0.0%   0.695 CG:3    +
   30    49  3   0.0%   0.877 AU:3    +
   29   154  3   0.0%   0.924 AU:3    +
    6    64  3   0.0%   0.248 AU:3    +
    3    40  3   0.0%   0.298 UA:3    +
   18    22  3   0.0%   0.300 AU:3    +
    5    67  3   0.0%   0.512 GU:3    +
   27   158  3   0.0%   0.780 CG:3    +
   46   151  3   0.0%   0.163 AU:3    +
   18    26  3   0.0%   0.080 AU:3    +
   27   159  3   0.0%   0.771 CG:3    +
   46   138  3   0.0%   0.170 AU:3    +
    9   113  3   0.0%   0.237 UG:3    +
   59    64  3   0.0%   0.188 AU:3    +
   70    84  3   0.0%   0.004 AU:3    +
   67    86  3   0.0%   0.002 UG:3    +
   48   137  3   0.0%   0.356 AU:3    +
   66    72  3   0.0%   0.002 UG:3    +
   27    53  3   0.0%   0.778 CG:3    +
   24   137  3   0.0%   0.430 AU:3    +
   99   113  3   0.0%   0.172 CG:3    +
    2    38  3   0.0%   0.223 UA:3    +
   56   160  3   0.0%   0.989 AU:3    +
   44    57  3   0.0%   0.634 AU:3    +
   87   100  3   0.0%   0.023 AU:3    +
    2    59  3   0.0%   0.233 UA:3    +
   72   147  3   0.0%   0.945 CG:3    +
   72   150  3   0.0%   1.454 GU:3    +
    8   114  3   0.0%   0.092 UA:3    +
   26    41  3   0.0%   0.207 UA:3    +
   97   119  3   0.0%   0.804 UA:3    +
   49   159  3   0.0%   1.446 UG:3    +
    2   141  3   0.0%   0.262 UA:3    +
   67    87  3   0.0%   0.001 UA:3    +
   24   154  3   0.0%   0.582 AU:3    +
  102   143  3   0.0%   0.268 AU:3    +
   85   102  3   0.0%   0.073 UA:3    +
   49   138  3   0.0%   0.197 AU:3    +
    2   119  3   0.0%   0.262 UA:3    +
   28   157  3   0.0%   0.604 UA:3    +
   29   157  3   0.0%   0.853 AU:3    +
   49    53  3   0.0%   0.343 UG:3    +
   59    67  3   0.0%   0.188 AU:3    +
   23    44  3   0.0%   0.811 UA:3    +
  151   157  3   0.0%   1.422 UA:3    +
   31   118  3   0.0%   0.510 GC:3    +
   14    63  3   0.0%   0.332 CG:3    +
   38   157  3   0.0%   0.541 AU:3    +
   91   114  3   0.0%   0.451 UA:3    +
   44   144  3   0.0%   0.457 AU:3    +
   26    52  3   0.0%   0.311 UA:3    +
   38   154  3   0.0%   0.612 AU:3    +
    9    40  3   0.0%   0.217 UA:3    +
  150   157  3   0.0%   1.381 UA:3    +
   64   114  3   0.0%   0.174 UA:3    +
   87   115  3   0.0%   0.218 AU:3    +
   48   160  3   0.0%   0.840 AU:3    +
    5    49  3   0.0%   0.440 GU:3    +
   30   160  3   0.0%   0.819 AU:3    +
   49   158  3   0.0%   1.351 UG:3    +
   38   137  3   0.0%   0.484 AU:3    +
   49    87  3   0.0%   0.187 UA:3    +
   48    67  3   0.0%   0.349 AU:3    +
   22   136  3   0.0%   0.538 UA:3    +
   33    49  3   0.0%   0.309 UA:3    +
   11   115  3   0.0%   0.300 AU:3    +
   30   157  3   0.0%   0.867 AU:3    +
   15    40  3   0.0%   0.147 UA:3    +
   27   118  3   0.0%   0.635 GC:3    +
   21    44  3   0.0%   0.831 GC:3    +
    9   127  3   0.0%   0.238 UA:3    +
   49    66  3   0.0%   0.187 AU:3    +
   64    87  3   0.0%   0.002 UA:3    +
  109   114  3   0.0%   0.156 UA:3    +
   70   138  3   0.0%   0.484 AU:3    +
   10   126  3   0.0%   0.263 GC:3    +
   29    67  3   0.0%   0.765 AU:3    +
   49   121  3   0.0%   0.188 AU:3    +
   51   160  3   0.0%   1.309 AU:3    +
   10    62  3   0.0%   0.262 GC:3    +
   32   155  3   0.0%   0.374 UA:3    +
   90   114  3   0.0%   0.128 UA:3    +
   48    64  3   0.0%   0.349 AU:3    +
   15    27  3   0.0%   0.163 UG:3    +
    2    24  3   0.0%   0.030 UA:3    +
  114   160  3   0.0%   0.433 AU:3    +
  102   115  3   0.0%   0.246 AU:3    +
   67   111  3   0.0%   0.173 UG:3    +
   60   154  3   0.0%   0.800 GU:3    +
   51   157  3   0.0%   1.457 AU:3    +
   17    25  3   0.0%   0.072 GU:3    +
   27   112  3   0.0%   0.632 GU:3    +
   67   141  3   0.0%   0.279 UA:3    +
   12    63  3   0.0%   0.342 CG:3    +
   23    27  3   0.0%   0.262 UG:3    +
   50   160  3   0.0%   1.347 GU:3    +
   17    42  3   0.0%   0.064 GC:3    +
    2    48  3   0.0%   0.224 UA:3    +
   50    68  3   0.0%   0.172 GC:3    +
   49   102  3   0.0%   0.187 UA:3    +
   44    92  3   0.0%   0.429 CG:3    +
   51   137  3   0.0%   0.132 AU:3    +
  116   157  3   0.0%   0.593 AU:3    +
   16    34  3   0.0%   0.172 UG:3    +
   93   115  3   0.0%   0.277 AU:3    +
   72   159  3   0.0%   1.095 CG:3    +
   51   100  3   0.0%   0.122 AU:3    +
   42    60  3   0.0%   0.412 CG:3    +
   74   157  3   0.0%   0.420 UA:3    +
    4   146  3   0.0%   0.436 UG:3    +
   46    88  3   0.0%   0.160 AU:3    +
   72    96  3   0.0%   0.001 CG:3    +
   46    66  3   0.0%   0.161 AU:3    +
   41   154  3   0.0%   0.404 AU:3    +
   51    64  3   0.0%   0.120 AU:3    +
   54    72  3   0.0%   0.178 CG:3    +
   44   152  3   0.0%   0.540 AU:3    +
   10    42  3   0.0%   0.252 GC:3    +
   51    67  3   0.0%   0.120 AU:3    +
   94   154  3   0.0%   0.495 GU:3    +
   44    94  3   0.0%   0.429 CG:3    +
  149   157  3   0.0%   1.279 UA:3    +
   18    55  3   0.0%   0.063 AU:3    +
   70   149  3   0.0%   1.218 AU:3    +
   24   160  3   0.0%   0.463 AU:3    +
   49    83  3   0.0%   0.187 AU:3    +
   52   143  3   0.0%   0.205 AU:3    +
..................(((((((............)))))))..(((((..(((....(((((((...((.((((((..(((((....))))).)))))).)))))))))........(((((......))))).......)))..))))).......
