3 sequence; length of alignment 161
alifold output
   54    77  0 100.0%   0.000 CG:1    UA:2   
   65    71  0  99.8%   0.005 CG:2    UG:1   
  134   144  0  99.1%   0.070 CG:2    UG:1   
   51    80  0  99.0%   0.044 GU:1    AU:2   
   53    78  0 100.0%   0.000 GC:3   
   56    75  0 100.0%   0.000 GC:3   
   64    72  0 100.0%   0.002 GC:3   
   63    73  0 100.0%   0.003 GC:3   
   34    95  0  99.9%   0.004 CG:3   
   55    76  0  99.9%   0.002 UA:3   
   35    94  0  99.9%   0.004 AU:3   
   52    79  0  99.8%   0.008 AU:3   
   36    93  0  99.7%   0.010 CG:3   
   43    86  0  98.6%   0.041 CG:2    UG:1   
   42    87  0  99.4%   0.017 GC:3   
   41    88  0  99.3%   0.021 GC:3   
  135   143  1  99.2%   0.042 CG:2   
  136   142  0  98.5%   0.071 AU:3   
   47    84  0  97.4%   0.078 GC:3   
   48    83  0  96.2%   0.131 UA:3   
   15   105  0  95.5%   0.197 GC:3   
    6   111  0  95.5%   0.132 CG:3   
    8   109  0  95.2%   0.161 GC:3   
   14   106  0  95.2%   0.192 CG:3   
    7   110  1  95.2%   0.146 GU:1    AU:1   
  137   141  0  93.9%   0.203 CG:1    UA:2   
   29   101  0  93.3%   0.366 GC:2    AU:1   
    9   108  0  94.0%   0.199 AU:3   
   31    99  0  93.9%   0.349 UA:3   
   30   100  0  93.8%   0.354 AU:3   
  129   147  0  93.5%   0.238 CG:3   
   32    98  0  93.4%   0.391 GC:3   
  128   148  0  93.4%   0.231 UA:3   
   57    74  0  91.8%   0.236 GC:1    AU:2   
    5   112  0  92.3%   0.223 UA:3   
   16   104  0  92.0%   0.260 UA:3   
  127   149  1  86.4%   0.557 CG:2   
  133   145  0  82.6%   0.539 GU:3   
   13   107  0  80.5%   0.841 AU:3   
  130   146  0  76.8%   0.650 AU:3   
   38    91  0  70.8%   0.863 UA:3   
    4   113  0  68.3%   0.783 AU:3   
   44    85  1  67.1%   0.804 UA:2   
   39    90  0  65.5%   1.166 GU:3   
  115   156  0  54.7%   1.441 CG:3   
  114   157  0  54.7%   1.735 GC:3   
   33    96  0  52.6%   1.017 GU:3    +
  116   155  1  51.7%   1.282 UA:2   
   33    97  0  46.4%   1.438 GU:3   
  121   153  1  44.4%   1.293 CG:2   
  120   154  0  43.4%   1.262 AU:3   
  122   152  0  39.7%   1.297 CG:1    UG:2   
   66    70  0  38.0%   1.105 GU:3    +
  123   151  0  31.9%   1.615 GU:2    AU:1   
    3   114  0  27.0%   1.077 UG:3    +
  152   157  0  22.3%   2.595 GC:3    +
  151   158  0  22.3%   2.421 UA:3    +
  150   159  0  22.2%   1.663 CG:3    +
   39    89  0  22.1%   1.002 GC:3    +
  113   158  0  21.2%   1.499 UA:3    +
  125   151  1  16.9%   1.496 AU:2    +
  132   146  0  16.1%   1.146 GU:3    +
  124   152  0  14.7%   1.763 CG:3    +
   10   107  0  14.4%   0.869 GU:3    +
  123   154  0  13.2%   2.082 GU:2    AU:1    +
  124   153  0  11.3%   1.941 CG:3    +
  122   155  1  11.1%   1.615 UA:2    +
  114   124  0   9.2%   1.154 GC:3    +
  121   156  1   9.3%   1.517 CG:2    +
  115   123  1   9.2%   0.772 CG:2    +
   62    74  1   7.9%   0.690 AU:2    +
  124   156  0   6.2%   2.095 CG:3    +
  131   147  0   5.1%   0.573 CG:1    UG:2    +
   21    31  0   6.0%   0.523 AU:3    +
   20    32  0   5.9%   0.542 CG:3    +
  123   157  1   6.3%   1.917 GC:2    +
   45    85  0   5.7%   0.760 UA:3    +
   23    29  1   6.0%   0.551 CG:2    +
   22    30  1   6.0%   0.567 UA:2    +
  122   158  1   5.9%   1.580 UA:2    +
   24    28  0   5.1%   0.567 UA:3    +
  126   153  1   5.5%   1.344 CG:2    +
  121   159  1   5.4%   1.304 CG:2    +
    7   151  0   3.7%   0.429 GU:1    AU:2    +
  125   154  1   5.2%   1.652 AU:2    +
   24   103  0   4.7%   0.706 UA:3    +
  127   152  1   4.9%   1.444 CG:2    +
  129   149  0   4.4%   0.791 CG:3    +
  124   149  0   4.3%   0.669 CG:3    +
   25   102  1   4.6%   0.541 UA:2    +
    2   156  0   3.0%   0.341 CG:1    UG:2    +
   37    91  0   4.0%   0.386 UA:3    +
  123   150  1   4.3%   0.800 GC:2    +
    6   152  0   3.7%   0.425 CG:3    +
    5   153  0   3.7%   0.447 UG:3    +
    4   154  0   3.7%   0.629 AU:3    +
    8   150  0   3.7%   0.445 GC:3    +
   10   116  0   2.3%   0.653 GC:1    GU:2    +
  117   159  0   2.3%   0.439 CG:2    UG:1    +
    3   155  1   3.6%   0.720 UA:2    +
   25   103  1   3.1%   0.720 UA:2    +
   11   115  0   2.4%   0.420 GC:3    +
   12   114  0   2.4%   0.688 CG:3    +
   44    86  0   1.3%   0.448 CG:1    UG:2    +
  113   125  1   2.6%   0.660 UA:2    +
   13   113  0   1.9%   0.667 AU:3    +
   24   104  0   1.6%   0.690 UA:3    +
  115   159  0   1.6%   0.917 CG:3    +
   20   106  0   1.5%   0.489 CG:3    +
   22   106  0   0.5%   0.484 CG:1    UG:2    +
   19   107  0   1.5%   0.743 AU:3    +
  117   153  0   0.4%   0.241 CG:2    UG:1    +
   11    22  0   0.4%   0.069 GC:1    GU:2    +
   19    24  0   1.3%   0.213 AU:3    +
  122   153  0   0.3%   0.971 CG:1    UG:2    +
   11   108  0   1.3%   0.310 GU:3    +
    8    25  0   0.3%   0.053 GC:1    GU:2    +
    1   159  0   0.2%   0.065 CG:2    UG:1    +
  134   149  0   0.2%   0.498 CG:2    UG:1    +
  117   147  0   0.2%   0.065 CG:2    UG:1    +
   18   108  0   1.2%   0.373 AU:3    +
  131   141  0   0.2%   0.047 CG:1    UA:2    +
  116   152  0   0.2%   0.275 CG:1    UG:2    +
   17   118  0   0.2%   0.106 CG:2    GU:1    +
  117   123  0   0.2%   0.284 CG:2    UA:1    +
   10   109  0   1.2%   0.526 GC:3    +
    2   114  0   0.2%   0.039 CG:1    UG:2    +
  131   144  0   0.2%   0.067 CG:1    UG:2    +
  131   152  0   0.1%   1.235 CG:1    UG:2    +
   15    22  0   0.1%   0.075 GC:1    GU:2    +
  117   156  0   0.1%   0.521 CG:2    UG:1    +
  137   144  0   0.1%   0.121 CG:1    UG:2    +
    2   159  0   0.1%   0.171 CG:1    UG:2    +
    7   122  0   0.1%   0.071 GC:1    AU:2    +
  118   126  0   0.1%   0.072 GC:2    UA:1    +
   12   106  0   1.1%   0.147 CG:3    +
  116   160  1   1.6%   0.758 UA:2    +
   10   117  0   0.0%   0.491 GC:2    GU:1    +
  116   159  0   0.0%   0.652 CG:1    UG:2    +
    1   114  0   0.0%   0.013 CG:2    UG:1    +
    1   156  0   0.0%   0.026 CG:2    UG:1    +
    8   117  0   0.0%   0.077 GC:2    GU:1    +
    7    24  0   0.0%   0.010 GU:1    AU:2    +
  117   152  0   0.0%   0.177 CG:2    UG:1    +
   51    79  0   0.0%   0.008 GU:1    AU:2    +
    7   131  0   0.0%   0.067 GC:1    AU:2    +
  118   127  0   0.0%   0.066 GC:2    UA:1    +
    2     7  0   0.0%   0.007 CG:1    UA:2    +
    1     8  0   0.0%   0.007 CG:2    UG:1    +
  121   143  0   0.0%   0.020 CG:2    GC:1    +
    7   113  0   0.0%   0.319 GU:1    AU:2    +
   14   111  0   1.0%   0.235 CG:3    +
  116   153  0   0.0%   0.271 CG:1    UG:2    +
  106   131  0   0.0%   0.210 GC:1    GU:2    +
   63    69  0   0.0%   0.004 GC:1    GU:2    +
   11   116  0   0.0%   0.331 GC:1    GU:2    +
   15    25  0   0.0%   0.071 GC:1    GU:2    +
  122   141  0   0.0%   0.028 CG:1    UA:2    +
  101   111  0   0.0%   0.218 CG:2    UG:1    +
  131   149  0   0.0%   0.616 CG:1    UG:2    +
  106   137  0   0.0%   0.207 GC:1    GU:2    +
    2    10  0   0.0%   0.005 CG:1    UG:2    +
  123   142  0   0.0%   0.258 GU:2    AU:1    +
    1    11  0   0.0%   0.005 CG:2    UG:1    +
  123   145  0   0.0%   0.271 GU:2    AU:1    +
   25   106  0   0.0%   0.548 CG:1    UG:2    +
   11   117  0   0.0%   0.248 GC:2    GU:1    +
   25   147  0   0.0%   0.355 CG:1    UG:2    +
  122   159  0   0.0%   1.183 CG:1    UG:2    +
  111   116  0   0.0%   0.250 GC:1    GU:2    +
   11   134  0   0.0%   0.257 GC:2    GU:1    +
  116   156  0   0.0%   0.909 CG:1    UG:2    +
  111   117  0   0.0%   0.162 GC:2    GU:1    +
   15   122  0   0.0%   0.184 GC:1    GU:2    +
   15   117  0   0.0%   0.173 GC:2    GU:1    +
    1    10  0   0.0%   0.003 CG:2    UG:1    +
  116   132  0   0.0%   0.105 CG:1    UG:2    +
  122   156  0   0.0%   1.325 CG:1    UG:2    +
   15   131  0   0.0%   0.170 GC:1    GU:2    +
  125   140  0   0.0%   0.100 CG:1    AU:2    +
    7   116  0   0.0%   0.055 GC:1    AU:2    +
   22   141  0   0.0%   0.288 CG:1    UA:2    +
   22    33  0   0.0%   0.231 CG:1    UG:2    +
  114   134  0   0.0%   0.703 GC:2    GU:1    +
    1   149  0   0.0%   0.018 CG:2    UG:1    +
  134   153  0   0.0%   1.007 CG:2    UG:1    +
    7   146  0   0.0%   0.064 GU:1    AU:2    +
  138   145  0   0.0%   0.213 GU:2    AU:1    +
  141   146  0   0.0%   0.609 GU:1    AU:2    +
  122   149  0   0.0%   0.047 CG:1    UG:2    +
  106   134  0   0.0%   0.206 GC:2    GU:1    +
  114   122  0   0.0%   0.500 GC:1    GU:2    +
   24    29  0   0.0%   0.424 UG:2    UA:1    +
   29   100  0   0.0%   0.177 GU:2    AU:1    +
  122   132  0   0.0%   0.032 CG:1    UG:2    +
   10    25  0   0.0%   0.047 GC:1    GU:2    +
    7   137  0   0.0%   0.063 GC:1    AU:2    +
   94   123  0   0.0%   0.024 UG:2    UA:1    +
   64    69  0   0.0%   0.003 GC:1    GU:2    +
  132   137  0   0.0%   0.012 GC:1    GU:2    +
    3   123  0   0.0%   0.358 UG:2    UA:1    +
  106   122  0   0.0%   0.221 GC:1    GU:2    +
    7    25  0   0.0%   0.006 GC:1    AU:2    +
  138   142  0   0.0%   0.047 GU:2    AU:1    +
   10    43  0   0.0%   0.031 GC:2    GU:1    +
   10    22  0   0.0%   0.009 GC:1    GU:2    +
   63    74  0   0.0%   0.289 GC:1    GU:2    +
    2   149  0   0.0%   0.023 CG:1    UG:2    +
   16   123  0   0.0%   0.186 UG:2    UA:1    +
   11    25  0   0.0%   0.047 GC:1    GU:2    +
    5   141  0   0.0%   0.080 UG:1    UA:2    +
    1   153  0   0.0%   0.017 CG:2    UG:1    +
   11    43  0   0.0%   0.031 GC:2    GU:1    +
   10    44  0   0.0%   0.031 GC:1    GU:2    +
    2   144  0   0.0%   0.022 CG:1    UG:2    +
    2     8  0   0.0%   0.005 CG:1    UG:2    +
   33   101  0   0.0%   0.763 GC:2    GU:1    +
   25   141  0   0.0%   0.352 CG:1    UA:2    +
   33    43  0   0.0%   0.002 GC:2    GU:1    +
    3     7  0   0.0%   0.003 UG:1    UA:2    +
    2   152  0   0.0%   0.022 CG:1    UG:2    +
   15   101  0   0.0%   0.055 GC:2    GU:1    +
   25    32  0   0.0%   0.269 CG:1    UG:2    +
   10   122  0   0.0%   0.487 GC:1    GU:2    +
   32   101  0   0.0%   0.328 GC:2    GU:1    +
  131   153  0   0.0%   1.162 CG:1    UG:2    +
   95   122  0   0.0%   0.021 GC:1    GU:2    +
  101   106  0   0.0%   0.262 CG:2    UG:1    +
  113   123  0   0.0%   0.398 UG:2    UA:1    +
   95   101  0   0.0%   0.067 GC:2    GU:1    +
  138   146  0   0.0%   0.533 GU:2    AU:1    +
  137   147  0   0.0%   0.322 CG:1    UG:2    +
  106   117  0   0.0%   0.206 GC:2    GU:1    +
  107   123  0   0.0%   0.612 UG:2    UA:1    +
    3   141  0   0.0%   0.358 UG:1    UA:2    +
  133   137  0   0.0%   0.008 GC:1    GU:2    +
   96   123  0   0.0%   0.362 UG:2    UA:1    +
  117   149  0   0.0%   0.051 CG:2    UG:1    +
  122   144  0   0.0%   0.032 CG:1    UG:2    +
    8   137  0   0.0%   0.080 GC:1    GU:2    +
   95   117  0   0.0%   0.011 GC:2    GU:1    +
    2   153  0   0.0%   0.022 CG:1    UG:2    +
   25   111  0   0.0%   0.502 CG:1    UG:2    +
  117   132  0   0.0%   0.026 CG:2    UG:1    +
  134   147  0   0.0%   0.264 CG:2    UG:1    +
    2    11  0   0.0%   0.004 CG:1    UG:2    +
    7   142  0   0.0%   0.063 GU:1    AU:2    +
    1   144  0   0.0%   0.017 CG:2    UG:1    +
    1   147  0   0.0%   0.017 CG:2    UG:1    +
  122   133  0   0.0%   0.028 CG:1    UG:2    +
  123   128  0   0.0%   0.265 GU:2    AU:1    +
  111   122  0   0.0%   0.171 GC:1    GU:2    +
    7   128  0   0.0%   0.060 GU:1    AU:2    +
   17   143  0   0.0%   0.063 CG:2    GC:1    +
   33   134  0   0.0%   0.699 GC:2    GU:1    +
   29   108  0   0.0%   0.426 GU:2    AU:1    +
    1   106  0   0.0%   0.003 CG:2    UG:1    +
  122   147  0   0.0%   0.045 CG:1    UG:2    +
  140   155  0   0.0%   0.730 GU:1    UA:2    +
  116   133  0   0.0%   0.102 CG:1    UG:2    +
  141   154  0   0.0%   1.028 GU:1    AU:2    +
    2   147  0   0.0%   0.022 CG:1    UG:2    +
   18    25  1   1.5%   0.228 AU:2    +
  116   158  1   1.5%   1.016 UA:2    +
   16   112  0   0.9%   0.313 UA:3    +
   41    89  0   0.6%   0.439 GC:3    +
   11   107  0   0.6%   0.419 GU:3    +
   42    88  0   0.6%   0.099 GC:3    +
   32    97  0   0.5%   0.257 GU:3    +
   21   107  0   0.5%   0.814 AU:3    +
   15    20  0   0.5%   0.087 GC:3    +
    9   110  1   1.0%   0.264 AU:2    +
   17   111  1   1.0%   0.232 CG:2    +
  126   152  1   0.9%   0.982 CG:2    +
   15   113  0   0.4%   0.549 GU:3    +
  132   145  0   0.4%   0.107 GU:3    +
   10    23  0   0.4%   0.073 GC:3    +
   11   109  0   0.3%   0.286 GC:3    +
    9    24  0   0.3%   0.064 AU:3    +
  109   159  0   0.3%   0.211 CG:3    +
  108   160  0   0.3%   0.259 UA:3    +
  119   154  0   0.3%   0.236 AU:3    +
  115   153  0   0.3%   0.501 CG:3    +
  111   157  0   0.3%   0.221 GC:3    +
  114   154  0   0.3%   0.883 GU:3    +
   18    24  0   0.3%   0.079 AU:3    +
   15    23  0   0.3%   0.107 GC:3    +
   18   110  1   0.8%   0.394 AU:2    +
  133   150  0   0.2%   0.499 GC:3    +
   11   124  0   0.2%   0.283 GC:3    +
  135   147  0   0.2%   0.291 CG:3    +
  115   149  0   0.2%   0.357 CG:3    +
   23   111  0   0.2%   0.400 CG:3    +
  132   151  0   0.2%   1.185 GU:3    +
   21   113  0   0.2%   0.615 AU:3    +
   20   114  0   0.2%   0.774 CG:3    +
  130   142  0   0.2%   0.046 AU:3    +
   15   110  1   0.7%   0.317 GU:2    +
  150   156  0   0.2%   1.168 CG:3    +
  149   157  0   0.2%   1.030 GC:3    +
   16   119  0   0.2%   0.195 UA:3    +
   10   108  0   0.2%   0.404 GU:3    +
  107   161  0   0.2%   0.632 UA:3    +
  136   146  0   0.2%   0.570 AU:3    +
   24   102  0   0.2%   0.295 UA:3    +
   23   106  0   0.2%   0.428 CG:3    +
   48    82  0   0.2%   0.040 UA:3    +
  129   152  0   0.2%   1.269 CG:3    +
    1   118  1   0.2%   0.037 CG:1    UG:1    +
  133   142  0   0.2%   0.057 GU:3    +
  130   151  0   0.1%   1.052 AU:3    +
   11   105  0   0.1%   0.061 GC:3    +
  128   144  0   0.1%   0.047 UG:3    +
   16    21  0   0.1%   0.028 UA:3    +
  134   141  1   0.1%   0.048 CG:1    UA:1    +
  119   145  0   0.1%   0.055 AU:3    +
   16   103  0   0.1%   0.049 UA:3    +
   48    81  0   0.1%   0.025 UG:3    +
  114   150  0   0.1%   0.847 GC:3    +
   14   114  0   0.1%   0.577 CG:3    +
  111   129  0   0.1%   0.185 GC:3    +
  128   153  0   0.1%   1.063 UG:3    +
   40    91  0   0.1%   0.395 UA:3    +
   39    92  0   0.1%   0.633 GU:3    +
  129   153  0   0.1%   1.217 CG:3    +
  112   128  0   0.1%   0.156 AU:3    +
  130   145  0   0.1%   0.053 AU:3    +
   15   109  0   0.1%   0.236 GC:3    +
  121   152  1   0.6%   0.248 CG:2    +
   50    80  0   0.1%   0.025 GU:2    --:1    +
   49    80  0   0.1%   0.018 AU:3    +
    3   160  0   0.1%   0.506 UA:3    +
   26   108  0   0.1%   0.207 AU:3    +
   11    20  0   0.1%   0.022 GC:3    +
   27   107  0   0.1%   0.607 AU:3    +
    3   158  0   0.1%   0.504 UA:3    +
   16   102  0   0.1%   0.032 UA:3    +
  108   119  0   0.1%   0.222 UA:3    +
  107   120  0   0.1%   0.603 UA:3    +
  136   145  0   0.1%   0.231 AU:3    +
   10    20  0   0.1%   0.015 GC:3    +
  134   138  1   0.0%   0.016 CG:1    UG:1    +
    5   119  0   0.0%   0.087 UA:3    +
    8    23  0   0.0%   0.012 GC:3    +
    9   128  0   0.0%   0.138 AU:3    +
    8   129  0   0.0%   0.086 GC:3    +
  128   152  0   0.0%   1.103 UG:3    +
  119   151  0   0.0%   0.169 AU:3    +
   16    30  0   0.0%   0.021 UA:3    +
   15    31  0   0.0%   0.059 GU:3    +
   14    32  0   0.0%   0.008 CG:3    +
    6   132  0   0.0%   0.062 CG:3    +
  120   151  0   0.0%   0.146 AU:3    +
   11    23  0   0.0%   0.058 GC:3    +
  119   128  0   0.0%   0.040 AU:3    +
   17   110  1   0.0%   0.152 CG:1    GU:1    +
    6   159  0   0.0%   0.209 CG:3    +
  120   145  0   0.0%   0.026 AU:3    +
    5   160  0   0.0%   0.217 UA:3    +
  110   127  1   0.0%   0.191 GC:1    UA:1    +
   33    98  0   0.0%   0.767 GC:3    +
    3   159  0   0.0%   0.511 UG:3    +
   10    24  0   0.0%   0.055 GU:3    +
    6   114  0   0.0%   0.417 CG:3    +
   16    27  0   0.0%   0.017 UA:3    +
   18   146  0   0.0%   0.184 AU:3    +
   19   145  0   0.0%   0.141 AU:3    +
  119   146  0   0.0%   0.054 AU:3    +
   20   144  0   0.0%   0.287 CG:3    +
   16   148  0   0.0%   0.171 UA:3    +
  124   147  0   0.0%   0.266 CG:3    +
   97   103  0   0.0%   0.657 UA:3    +
   18   100  0   0.0%   0.089 AU:3    +
   45    83  0   0.0%   0.005 UA:3    +
  105   132  0   0.0%   0.064 CG:3    +
   19   100  0   0.0%   0.072 AU:3    +
    9   107  0   0.0%   0.028 AU:3    +
   16   111  0   0.0%   0.203 UG:3    +
   21   108  0   0.0%   0.394 AU:3    +
  107   130  0   0.0%   0.594 UA:3    +
   62    70  0   0.0%   0.005 AU:3    +
   97   102  0   0.0%   0.552 UA:3    +
  124   132  0   0.0%   0.249 CG:3    +
   10   115  0   0.0%   0.393 GC:3    +
   12    33  0   0.0%   0.004 CG:3    +
   28   107  0   0.0%   0.750 AU:3    +
   11    34  0   0.0%   0.033 GC:3    +
   12   149  0   0.0%   0.159 CG:3    +
    5    28  0   0.0%   0.004 UA:3    +
  133   146  0   0.0%   0.698 GU:3    +
  109   132  0   0.0%   0.137 CG:3    +
   16   120  0   0.0%   0.169 UA:3    +
   11   150  0   0.0%   0.381 GC:3    +
   52    80  0   0.0%   0.027 AU:3    +
  132   150  0   0.0%   0.614 GC:3    +
   27   108  0   0.0%   0.208 AU:3    +
   19   108  0   0.0%   0.313 AU:3    +
  124   133  0   0.0%   0.246 CG:3    +
   16    28  0   0.0%   0.017 UA:3    +
    3   119  0   0.0%   0.362 UA:3    +
  100   112  0   0.0%   0.198 UA:3    +
   10   105  0   0.0%   0.034 GC:3    +
    3   161  0   0.0%   0.498 UA:3    +
   23    32  0   0.0%   0.383 CG:3    +
   16    26  0   0.0%   0.013 UA:3    +
   99   113  0   0.0%   0.438 AU:3    +
  134   143  1   0.0%   0.034 CG:1    UG:1    +
   13    24  0   0.0%   0.028 AU:3    +
   98   114  0   0.0%   0.549 CG:3    +
   36    95  0   0.0%   0.007 CG:3    +
  123   134  1   0.0%   0.257 GC:1    GU:1    +
  124   144  0   0.0%   0.249 CG:3    +
   35    96  0   0.0%   0.343 AU:3    +
   41    90  0   0.0%   0.319 GU:3    +
  108   133  0   0.0%   0.198 UG:3    +
   96   104  0   0.0%   0.498 UA:3    +
   95   105  0   0.0%   0.060 GC:3    +
   42    89  0   0.0%   0.403 GC:3    +
   26   107  0   0.0%   0.586 AU:3    +
    5   133  0   0.0%   0.081 UG:3    +
   14    93  0   0.0%   0.005 CG:3    +
   13    94  0   0.0%   0.005 AU:3    +
   12    95  0   0.0%   0.004 CG:3    +
  108   148  0   0.0%   0.200 UA:3    +
  109   147  0   0.0%   0.136 CG:3    +
   10   151  0   0.0%   0.610 GU:3    +
  107   136  0   0.0%   0.594 UA:3    +
    3     9  0   0.0%   0.003 UA:3    +
  107   149  0   0.0%   0.597 UG:3    +
  106   150  0   0.0%   0.330 GC:3    +
  153   157  0   0.0%   1.864 GC:3    +
  105   111  0   0.0%   0.209 CG:3    +
   24   106  0   0.0%   0.670 UG:3    +
   50    79  0   0.0%   0.002 GU:2    --:1    +
   11    96  0   0.0%   0.033 GU:3    +
    8   157  0   0.0%   0.203 GC:3    +
   14   149  0   0.0%   0.109 CG:3    +
  129   159  0   0.0%   0.604 CG:3    +
    3    26  0   0.0%   0.003 UA:3    +
  128   160  0   0.0%   0.192 UA:3    +
  135   144  0   0.0%   0.046 CG:3    +
   24   148  0   0.0%   0.477 UA:3    +
   23   149  0   0.0%   0.240 CG:3    +
   15    92  0   0.0%   0.056 GU:3    +
   12   156  0   0.0%   0.266 CG:3    +
   11   157  0   0.0%   0.260 GC:3    +
   26   146  0   0.0%   0.018 AU:3    +
   10    36  0   0.0%   0.031 GC:3    +
   16    91  0   0.0%   0.018 UA:3    +
  113   159  0   0.0%   0.854 UG:3    +
   12   133  0   0.0%   0.157 CG:3    +
   10   135  0   0.0%   0.487 GC:3    +
   15    36  0   0.0%   0.056 GC:3    +
  113   160  0   0.0%   0.840 UA:3    +
   10    14  0   0.0%   0.003 GC:3    +
   16    35  0   0.0%   0.017 UA:3    +
   34    93  0   0.0%   0.004 CG:3    +
  129   144  0   0.0%   0.042 CG:3    +
   14   153  0   0.0%   0.231 CG:3    +
   13   154  0   0.0%   0.389 AU:3    +
   13   108  0   0.0%   0.305 AU:3    +
   35    92  0   0.0%   0.002 AU:3    +
  115   133  0   0.0%   0.315 CG:3    +
   33    94  0   0.0%   0.004 GU:3    +
   61    70  0   0.0%   0.001 AU:3    +
    9    37  0   0.0%   0.025 AU:3    +
   14   132  0   0.0%   0.109 CG:3    +
   93   105  0   0.0%   0.060 GC:3    +
   96   103  0   0.0%   0.606 UA:3    +
    6   147  0   0.0%   0.059 CG:3    +
   94   104  0   0.0%   0.158 UA:3    +
    8   115  0   0.0%   0.069 GC:3    +
   11    16  0   0.0%   0.002 GU:3    +
   15    24  0   0.0%   0.076 GU:3    +
  128   149  0   0.0%   0.379 UG:3    +
   82    97  0   0.0%   0.397 AU:3    +
   81    98  0   0.0%   0.075 GC:3    +
   84    95  0   0.0%   0.029 CG:3    +
   83    96  0   0.0%   0.379 AU:3    +
   21   142  0   0.0%   0.227 AU:3    +
    5    26  0   0.0%   0.002 UA:3    +
    5   148  0   0.0%   0.081 UA:3    +
  106   115  0   0.0%   0.290 GC:3    +
    3   112  0   0.0%   0.003 UA:3    +
   12    39  0   0.0%   0.002 CG:3    +
   16   130  0   0.0%   0.166 UA:3    +
  107   114  0   0.0%   1.066 UG:3    +
   85    94  0   0.0%   0.434 AU:3    +
   13    38  0   0.0%   0.004 AU:3    +
    3     8  0   0.0%   0.003 UG:3    +
   64    73  0   0.0%   0.002 GC:3    +
   92   106  0   0.0%   0.206 UG:3    +
   66    72  0   0.0%   0.369 GC:3    +
   11    40  0   0.0%   0.031 GU:3    +
   93    98  0   0.0%   0.072 GC:3    +
   10    97  0   0.0%   0.031 GU:3    +
   92    99  0   0.0%   0.068 UA:3    +
   67    71  0   0.0%   0.003 UG:3    +
  146   160  0   0.0%   0.622 UA:3    +
   34    39  0   0.0%   0.003 CG:3    +
   30    97  0   0.0%   0.172 AU:3    +
  135   152  0   0.0%   1.056 CG:3    +
   33    40  0   0.0%   0.003 GU:3    +
  136   151  0   0.0%   0.852 AU:3    +
   27   145  0   0.0%   0.022 AU:3    +
   91   107  0   0.0%   0.966 AU:3    +
   21   100  0   0.0%   0.187 AU:3    +
   91   100  0   0.0%   0.445 AU:3    +
   18   107  0   0.0%   0.574 AU:3    +
  113   120  0   0.0%   0.385 UA:3    +
   12   111  0   0.0%   0.096 CG:3    +
   14    39  0   0.0%   0.004 CG:3    +
  107   133  0   0.0%   0.594 UG:3    +
   13    40  0   0.0%   0.004 AU:3    +
  108   132  0   0.0%   0.198 UG:3    +
   20   111  0   0.0%   0.405 CG:3    +
  133   154  0   0.0%   1.142 GU:3    +
   20   152  0   0.0%   0.407 CG:3    +
   21   151  0   0.0%   0.350 AU:3    +
   38    93  0   0.0%   0.250 UG:3    +
   11   154  0   0.0%   0.380 GU:3    +
   13   151  0   0.0%   0.389 AU:3    +
  128   147  0   0.0%   0.046 UG:3    +
   12   153  0   0.0%   0.280 CG:3    +
   94   106  0   0.0%   0.200 UG:3    +
   12   152  0   0.0%   0.280 CG:3    +
   63    70  0   0.0%   0.004 GU:3    +
   93   124  0   0.0%   0.020 GC:3    +
  106   135  0   0.0%   0.206 GC:3    +
   15    38  0   0.0%   0.055 GU:3    +
   11    24  0   0.0%   0.053 GU:3    +
   12    41  0   0.0%   0.002 CG:3    +
  106   113  0   0.0%   0.574 GU:3    +
  111   115  0   0.0%   0.245 GC:3    +
    9    16  0   0.0%   0.002 AU:3    +
   45    86  0   0.0%   0.235 UG:3    +
  105   114  0   0.0%   0.537 CG:3    +
   96   120  0   0.0%   0.344 UA:3    +
  107   112  0   0.0%   0.717 UA:3    +
   10   124  0   0.0%   0.482 GC:3    +
   97   119  0   0.0%   0.408 UA:3    +
    3   120  0   0.0%   0.359 UA:3    +
    5   120  0   0.0%   0.080 UA:3    +
  113   161  0   0.0%   0.827 UA:3    +
  124   159  0   0.0%   1.441 CG:3    +
   50    84  0   0.0%   0.033 GC:2    --:1    +
    3   147  0   0.0%   0.359 UG:3    +
  129   133  0   0.0%   0.019 CG:3    +
   45    81  0   0.0%   0.001 UG:3    +
  110   126  1   0.0%   0.185 GC:1    UA:1    +
   80    99  0   0.0%   0.083 UA:3    +
   37    93  0   0.0%   0.133 UG:3    +
   15   124  0   0.0%   0.182 GC:3    +
  145   161  0   0.0%   0.223 UA:3    +
   18    31  0   0.0%   0.087 AU:3    +
   27   100  0   0.0%   0.016 AU:3    +
    5    27  0   0.0%   0.001 UA:3    +
   98   111  0   0.0%   0.218 CG:3    +
   45    82  0   0.0%   0.001 UA:3    +
   15   150  0   0.0%   0.290 GC:3    +
  102   108  0   0.0%   0.352 AU:3    +
  132   157  0   0.0%   0.900 GC:3    +
    3    27  0   0.0%   0.003 UA:3    +
    4   142  0   0.0%   0.262 AU:3    +
   63    72  0   0.0%   0.002 GC:3    +
   97   112  0   0.0%   0.520 UA:3    +
  115   132  0   0.0%   0.317 CG:3    +
    3   156  0   0.0%   0.587 UG:3    +
   10   154  0   0.0%   0.609 GU:3    +
  103   107  0   0.0%   0.852 AU:3    +
  111   124  0   0.0%   0.169 GC:3    +
    4   146  0   0.0%   0.262 AU:3    +
  113   119  0   0.0%   0.400 UA:3    +
   24    30  0   0.0%   0.422 UA:3    +
   97   104  0   0.0%   0.545 UA:3    +
   46    80  0   0.0%   0.000 AU:3    +
    3    28  0   0.0%   0.002 UA:3    +
    3   148  0   0.0%   0.359 UA:3    +
  130   154  0   0.0%   1.183 AU:3    +
    6   106  0   0.0%   0.000 CG:3    +
    9   113  0   0.0%   0.391 AU:3    +
  103   108  0   0.0%   0.456 AU:3    +
   34    42  0   0.0%   0.002 CG:3    +
   96   102  0   0.0%   0.502 UA:3    +
   15   157  0   0.0%   0.169 GC:3    +
  102   107  0   0.0%   0.748 AU:3    +
   36    41  0   0.0%   0.001 CG:3    +
   16   156  0   0.0%   0.276 UG:3    +
   14   152  0   0.0%   0.229 CG:3    +
   28   100  0   0.0%   0.167 AU:3    +
  132   142  0   0.0%   0.037 GU:3    +
   98   106  0   0.0%   0.264 CG:3    +
   12   147  0   0.0%   0.156 CG:3    +
  128   158  0   0.0%   0.686 UA:3    +
   14   147  0   0.0%   0.107 CG:3    +
    6    10  0   0.0%   0.001 CG:3    +
   12   144  0   0.0%   0.156 CG:3    +
   11   145  0   0.0%   0.256 GU:3    +
   28   108  0   0.0%   0.353 AU:3    +
   98   147  0   0.0%   0.071 CG:3    +
   10    98  0   0.0%   0.031 GC:3    +
   16    99  0   0.0%   0.017 UA:3    +
   97   148  0   0.0%   0.392 UA:3    +
    9    45  0   0.0%   0.024 AU:3    +
    8    38  0   0.0%   0.022 GU:3    +
   26    31  0   0.0%   0.178 AU:3    +
   19    97  0   0.0%   0.067 AU:3    +
  109   133  0   0.0%   0.133 CG:3    +
  102   142  0   0.0%   0.165 AU:3    +
   10    16  0   0.0%   0.002 GU:3    +
   87    93  0   0.0%   0.010 CG:3    +
   47    80  0   0.0%   0.000 GU:3    +
  146   159  0   0.0%   0.886 UG:3    +
  109   114  0   0.0%   0.605 CG:3    +
    6    11  0   0.0%   0.001 CG:3    +
  128   136  0   0.0%   0.013 UA:3    +
    1   123  1   0.0%   0.017 CG:1    UG:1    +
  100   144  0   0.0%   0.067 UG:3    +
   15   100  0   0.0%   0.055 GU:3    +
   31   102  0   0.0%   0.392 UA:3    +
   10   146  0   0.0%   0.487 GU:3    +
   12    42  0   0.0%   0.002 CG:3    +
  128   132  0   0.0%   0.022 UG:3    +
  104   108  0   0.0%   0.345 AU:3    +
  145   160  0   0.0%   0.300 UA:3    +
   16    33  0   0.0%   0.017 UG:3    +
   96   149  0   0.0%   0.344 UG:3    +
   15    34  0   0.0%   0.055 GC:3    +
   18    97  0   0.0%   0.085 AU:3    +
  106   124  0   0.0%   0.218 GC:3    +
  129   156  0   0.0%   1.084 CG:3    +
   62    67  0   0.0%   0.000 AU:3    +
   95   150  0   0.0%   0.126 GC:3    +
  151   160  0   0.0%   1.257 UA:3    +
   13   146  0   0.0%   0.266 AU:3    +
  114   129  0   0.0%   0.711 GC:3    +
   20    33  0   0.0%   0.206 CG:3    +
  154   160  0   0.0%   1.040 UA:3    +
  115   144  0   0.0%   0.314 CG:3    +
   36    47  0   0.0%   0.001 CG:3    +
   37    46  0   0.0%   0.001 UA:3    +
   58    70  0   0.0%   0.000 AU:3    +
   99   146  0   0.0%   0.064 AU:3    +
  154   159  0   0.0%   1.639 UG:3    +
    5   161  0   0.0%   0.209 UA:3    +
   95   124  0   0.0%   0.018 GC:3    +
   35    48  0   0.0%   0.001 AU:3    +
   15   146  0   0.0%   0.168 GU:3    +
    1     7  1   0.0%   0.000 CG:1    UA:1    +
   11    97  0   0.0%   0.032 GU:3    +
    8   145  0   0.0%   0.080 GU:3    +
    5    11  0   0.0%   0.001 UG:3    +
  144   150  0   0.0%   0.333 GC:3    +
   18   113  0   0.0%   0.538 AU:3    +
   14   144  0   0.0%   0.106 CG:3    +
  114   135  0   0.0%   0.702 GC:3    +
    5    30  0   0.0%   0.002 UA:3    +
   10   150  0   0.0%   0.608 GC:3    +
  145   149  0   0.0%   0.649 UG:3    +
  113   156  0   0.0%   0.589 UG:3    +
   15   151  0   0.0%   0.290 GU:3    +
  113   136  0   0.0%   0.472 UA:3    +
    4    31  0   0.0%   0.001 AU:3    +
  100   104  0   0.0%   0.220 UA:3    +
  120   128  0   0.0%   0.021 AU:3    +
    8    98  0   0.0%   0.022 GC:3    +
    8    24  0   0.0%   0.009 GU:3    +
  113   130  0   0.0%   0.476 UA:3    +
   16   149  0   0.0%   0.170 UG:3    +
   99   145  0   0.0%   0.063 AU:3    +
   13   145  0   0.0%   0.265 AU:3    +
  114   145  0   0.0%   0.704 GU:3    +
    8    12  0   0.0%   0.003 GC:3    +
    9    97  0   0.0%   0.024 AU:3    +
   24   112  0   0.0%   0.604 UA:3    +
  154   161  0   0.0%   0.963 UA:3    +
   48    85  0   0.0%   0.487 UA:3    +
    3    10  0   0.0%   0.002 UG:3    +
    8   113  0   0.0%   0.331 GU:3    +
    8    14  0   0.0%   0.003 GC:3    +
    6    15  0   0.0%   0.000 CG:3    +
   94   102  0   0.0%   0.165 UA:3    +
   18    90  0   0.0%   0.084 AU:3    +
    5   144  0   0.0%   0.080 UG:3    +
   33   100  0   0.0%   0.762 GU:3    +
   26   100  0   0.0%   0.010 AU:3    +
  107   160  0   0.0%   0.604 UA:3    +
    4    48  0   0.0%   0.001 AU:3    +
    3    49  0   0.0%   0.002 UA:3    +
   86    94  0   0.0%   0.071 GU:3    +
    3    32  0   0.0%   0.002 UG:3    +
    9   151  0   0.0%   0.254 AU:3    +
    3   149  0   0.0%   0.359 UG:3    +
  135   149  0   0.0%   0.468 CG:3    +
    3   152  0   0.0%   0.359 UG:3    +
  113   153  0   0.0%   0.594 UG:3    +
  112   154  0   0.0%   0.262 AU:3    +
   39    88  0   0.0%   0.001 GC:3    +
    8   124  0   0.0%   0.077 GC:3    +
   31   106  0   0.0%   0.427 UG:3    +
   32   105  0   0.0%   0.318 GC:3    +
    3   103  0   0.0%   0.002 UA:3    +
   91   154  0   0.0%   0.504 AU:3    +
   18   128  0   0.0%   0.181 AU:3    +
    2    50  0   0.0%   0.004 UG:2    --:1    +
    4   145  0   0.0%   0.262 AU:3    +
   92   153  0   0.0%   0.132 UG:3    +
   30   107  0   0.0%   0.815 AU:3    +
    8    45  0   0.0%   0.022 GU:3    +
   89   156  0   0.0%   0.475 CG:3    +
    3   102  0   0.0%   0.002 UA:3    +
   32   135  0   0.0%   0.264 GC:3    +
   31   136  0   0.0%   0.230 UA:3    +
   47    79  0   0.0%   0.000 GU:3    +
   15   115  0   0.0%   0.256 GC:3    +
  103   113  0   0.0%   0.644 AU:3    +
  154   158  0   0.0%   1.870 UA:3    +
   34   133  0   0.0%   0.004 CG:3    +
    5    47  0   0.0%   0.002 UG:3    +
   24    32  0   0.0%   0.423 UG:3    +
   90   102  0   0.0%   0.440 UA:3    +
   23    33  0   0.0%   0.213 CG:3    +
   32    96  0   0.0%   0.172 GU:3    +
    8   108  0   0.0%   0.022 GU:3    +
  105   133  0   0.0%   0.059 CG:3    +
  151   159  0   0.0%   1.856 UG:3    +
   18   142  0   0.0%   0.178 AU:3    +
   14   159  0   0.0%   0.132 CG:3    +
   59    70  0   0.0%   0.000 AU:3    +
  115   147  0   0.0%   0.316 CG:3    +
   10    96  0   0.0%   0.031 GU:3    +
   10   157  0   0.0%   0.488 GC:3    +
  106   157  0   0.0%   0.208 GC:3    +
  107   156  0   0.0%   0.702 UG:3    +
    3    18  0   0.0%   0.001 UA:3    +
    3   111  0   0.0%   0.002 UG:3    +
   41    87  0   0.0%   0.000 GC:3    +
   19    96  0   0.0%   0.067 AU:3    +
  100   106  0   0.0%   0.261 UG:3    +
    5   159  0   0.0%   0.225 UG:3    +
    4   151  0   0.0%   0.262 AU:3    +
    6   153  0   0.0%   0.303 CG:3    +
   93   107  0   0.0%   0.590 GU:3    +
  118   157  1   0.5%   0.507 GC:2    +
  110   158  1   0.3%   0.255 UA:2    +
   10   110  1   0.2%   0.510 GU:2    +
   12   123  1   0.2%   0.189 CG:2    +
  116   148  1   0.2%   0.144 UA:2    +
   22   112  1   0.2%   0.432 UA:2    +
  129   143  1   0.2%   0.055 CG:2    +
  132   140  1   0.2%   0.048 GU:2    +
  126   149  1   0.2%   0.209 CG:2    +
   13   122  1   0.2%   0.293 AU:2    +
  118   146  1   0.2%   0.092 GU:2    +
   22    27  1   0.2%   0.074 UA:2    +
   19    25  1   0.1%   0.167 AU:2    +
  113   155  1   0.1%   0.621 UA:2    +
    2   158  1   0.1%   0.156 UA:2    +
   22    28  1   0.1%   0.080 UA:2    +
  151   155  1   0.1%   1.561 UA:2    +
  118   150  1   0.1%   0.221 GC:2    +
   22   104  1   0.1%   0.338 UA:2    +
  133   139  1   0.1%   0.029 GU:2    +
  118   122  1   0.1%   0.074 GU:2    +
   21    25  1   0.1%   0.119 AU:2    +
  127   153  1   0.1%   1.252 CG:2    +
    8   121  1   0.1%   0.088 GC:2    +
   22   102  1   0.1%   0.250 UA:2    +
    6   123  1   0.1%   0.066 CG:2    +
   22    26  1   0.1%   0.054 UA:2    +
  109   118  1   0.1%   0.170 CG:2    +
  111   126  1   0.1%   0.171 GC:2    +
  118   124  1   0.1%   0.291 GC:2    +
   22   103  1   0.1%   0.258 UA:2    +
  118   154  1   0.1%   0.232 GU:2    +
  106   121  1   0.1%   0.220 GC:2    +
   18    22  1   0.1%   0.046 AU:2    +
   19   116  1   0.1%   0.237 AU:2    +
   25   104  1   0.1%   0.509 UA:2    +
  126   147  1   0.0%   0.046 CG:2    +
   58    74  1   0.0%   0.089 AU:2    +
  110   130  1   0.0%   0.196 UA:2    +
    2   161  1   0.0%   0.157 UA:2    +
    6   118  1   0.0%   0.070 CG:2    +
  131   148  1   0.0%   0.273 UA:2    +
    2   118  1   0.0%   0.034 UG:2    +
   10   127  1   0.0%   0.491 GC:2    +
   17    29  1   0.0%   0.009 CG:2    +
    2   160  1   0.0%   0.152 UA:2    +
   61    74  1   0.0%   0.091 AU:2    +
    9    22  1   0.0%   0.009 AU:2    +
  121   144  1   0.0%   0.025 CG:2    +
  118   129  1   0.0%   0.071 GC:2    +
    2   119  1   0.0%   0.024 UA:2    +
  118   151  1   0.0%   0.205 GU:2    +
  111   127  1   0.0%   0.169 GC:2    +
  127   132  1   0.0%   0.022 CG:2    +
  126   133  1   0.0%   0.023 CG:2    +
   17   147  1   0.0%   0.069 CG:2    +
    2   155  1   0.0%   0.027 UA:2    +
   18   116  1   0.0%   0.272 AU:2    +
   10   126  1   0.0%   0.486 GC:2    +
   15   121  1   0.0%   0.175 GC:2    +
  125   146  1   0.0%   0.118 AU:2    +
    9   116  1   0.0%   0.133 AU:2    +
    2   120  1   0.0%   0.024 UA:2    +
  122   143  1   0.0%   0.032 UG:2    +
   13    22  1   0.0%   0.026 AU:2    +
   11   126  1   0.0%   0.259 GC:2    +
  124   138  1   0.0%   0.245 CG:2    +
  125   131  1   0.0%   0.103 AU:2    +
    3   118  1   0.0%   0.371 UG:2    +
  114   121  1   0.0%   0.495 GC:2    +
  125   137  1   0.0%   0.100 AU:2    +
  102   110  1   0.0%   0.347 AU:2    +
   20    29  1   0.0%   0.041 CG:2    +
  123   139  1   0.0%   0.257 GU:2    +
  116   161  1   0.0%   0.618 UA:2    +
  105   138  1   0.0%   0.061 CG:2    +
  116   120  1   0.0%   0.107 UA:2    +
   10    17  1   0.0%   0.004 GC:2    +
    9    25  1   0.0%   0.041 AU:2    +
  127   147  1   0.0%   0.037 CG:2    +
   59    74  1   0.0%   0.084 AU:2    +
  127   144  1   0.0%   0.019 CG:2    +
  104   139  1   0.0%   0.158 AU:2    +
  116   125  1   0.0%   0.195 UA:2    +
   13    25  1   0.0%   0.021 AU:2    +
  121   149  1   0.0%   0.037 CG:2    +
  123   140  1   0.0%   0.257 GU:2    +
   14   123  1   0.0%   0.126 CG:2    +
  122   148  1   0.0%   0.046 UA:2    +
    4    25  1   0.0%   0.001 AU:2    +
    2    27  1   0.0%   0.005 UA:2    +
  116   123  1   0.0%   0.340 UG:2    +
   64    68  1   0.0%   0.001 GU:2    +
  103   140  1   0.0%   0.269 AU:2    +
   14   118  1   0.0%   0.123 CG:2    +
    2     9  1   0.0%   0.004 UA:2    +
  129   138  1   0.0%   0.016 CG:2    +
  114   126  1   0.0%   0.710 GC:2    +
   62    69  1   0.0%   0.001 AU:2    +
   29    98  1   0.0%   0.174 GC:2    +
  128   155  1   0.0%   0.812 UA:2    +
  130   137  1   0.0%   0.008 AU:2    +
  126   144  1   0.0%   0.022 CG:2    +
  126   138  1   0.0%   0.018 CG:2    +
   11    17  1   0.0%   0.003 GC:2    +
  139   148  1   0.0%   0.095 UA:2    +
   29   105  1   0.0%   0.292 GC:2    +
  140   147  1   0.0%   0.268 UG:2    +
  127   138  1   0.0%   0.014 CG:2    +
   19   110  1   0.0%   0.312 AU:2    +
    2   148  1   0.0%   0.022 UA:2    +
  105   123  1   0.0%   0.078 CG:2    +
  122   160  1   0.0%   0.918 UA:2    +
  125   139  1   0.0%   0.099 AU:2    +
   21   110  1   0.0%   0.393 AU:2    +
  121   133  1   0.0%   0.016 CG:2    +
  131   136  1   0.0%   0.007 UA:2    +
  112   116  1   0.0%   0.230 AU:2    +
    6   138  1   0.0%   0.058 CG:2    +
  106   110  1   0.0%   0.380 GU:2    +
  139   143  1   0.0%   0.035 UG:2    +
  110   161  1   0.0%   0.222 UA:2    +
    4   116  1   0.0%   0.262 AU:2    +
    9   122  1   0.0%   0.135 AU:2    +
  127   143  1   0.0%   0.016 CG:2    +
  125   145  1   0.0%   0.112 AU:2    +
    8    17  1   0.0%   0.003 GC:2    +
  123   127  1   0.0%   0.262 GC:2    +
  123   129  1   0.0%   0.266 GC:2    +
    2   125  1   0.0%   0.022 UA:2    +
   92   125  1   0.0%   0.009 UA:2    +
   95   121  1   0.0%   0.011 GC:2    +
  139   144  1   0.0%   0.054 UG:2    +
   17    32  1   0.0%   0.007 CG:2    +
  136   140  1   0.0%   0.015 AU:2    +
   22    99  1   0.0%   0.230 UA:2    +
    4   122  1   0.0%   0.262 AU:2    +
    2   123  1   0.0%   0.022 UG:2    +
   63    68  1   0.0%   0.000 GU:2    +
  132   139  1   0.0%   0.012 GU:2    +
  126   132  1   0.0%   0.022 CG:2    +
   25    29  1   0.0%   0.270 UG:2    +
    8   110  1   0.0%   0.115 GU:2    +
  131   138  1   0.0%   0.009 UG:2    +
    2   112  1   0.0%   0.004 UA:2    +
  123   131  1   0.0%   0.258 GU:2    +
  121   138  1   0.0%   0.014 CG:2    +
  131   158  1   0.0%   0.785 UA:2    +
    3   143  1   0.0%   0.358 UG:2    +
  120   139  1   0.0%   0.010 AU:2    +
  127   156  1   0.0%   1.134 CG:2    +
    2    28  1   0.0%   0.004 UA:2    +
   99   110  1   0.0%   0.241 AU:2    +
   10   121  1   0.0%   0.487 GC:2    +
  122   130  1   0.0%   0.030 UA:2    +
   13   110  1   0.0%   0.285 AU:2    +
  133   140  1   0.0%   0.027 GU:2    +
    3   125  1   0.0%   0.358 UA:2    +
  126   156  1   0.0%   1.077 CG:2    +
   12   118  1   0.0%   0.157 CG:2    +
  127   133  1   0.0%   0.017 CG:2    +
  137   143  1   0.0%   0.087 UG:2    +
  127   159  1   0.0%   0.652 CG:2    +
  130   139  1   0.0%   0.008 AU:2    +
   26   140  1   0.0%   0.014 AU:2    +
   44    83  1   0.0%   0.000 UA:2    +
   13   116  1   0.0%   0.344 AU:2    +
  121   147  1   0.0%   0.035 CG:2    +
   17    33  1   0.0%   0.005 CG:2    +
   11   121  1   0.0%   0.246 GC:2    +
   22    29  1   0.0%   0.064 UG:2    +
    5   125  1   0.0%   0.079 UA:2    +
  101   143  1   0.0%   0.066 CG:2    +
    9    44  1   0.0%   0.024 AU:2    +
  123   135  1   0.0%   0.255 GC:2    +
  122   136  1   0.0%   0.026 UA:2    +
   44    82  1   0.0%   0.000 UA:2    +
  103   110  1   0.0%   0.449 AU:2    +
   17   106  1   0.0%   0.099 CG:2    +
   20   143  1   0.0%   0.282 CG:2    +
   61    68  1   0.0%   0.000 AU:2    +
   98   118  1   0.0%   0.098 CG:2    +
    4   140  1   0.0%   0.262 AU:2    +
   16   118  1   0.0%   0.170 UG:2    +
  138   150  1   0.0%   0.296 GC:2    +
  105   118  1   0.0%   0.087 CG:2    +
   26   110  1   0.0%   0.195 AU:2    +
   59    69  1   0.0%   0.000 AU:2    +
  128   143  1   0.0%   0.016 UG:2    +
  139   149  1   0.0%   0.454 UG:2    +
  122   161  1   0.0%   0.841 UA:2    +
    8   127  1   0.0%   0.077 GC:2    +
   94   125  1   0.0%   0.004 UA:2    +
  116   143  1   0.0%   0.099 UG:2    +
   93   126  1   0.0%   0.008 GC:2    +
  125   142  1   0.0%   0.099 AU:2    +
   27   139  1   0.0%   0.019 AU:2    +
  121   132  1   0.0%   0.019 CG:2    +
  119   140  1   0.0%   0.026 AU:2    +
    6    29  1   0.0%   0.000 CG:2    +
  110   160  1   0.0%   0.234 UA:2    +
  131   143  1   0.0%   0.035 UG:2    +
  124   143  1   0.0%   0.246 CG:2    +
  140   148  1   0.0%   0.099 UA:2    +
  110   132  1   0.0%   0.193 UG:2    +
   17   114  1   0.0%   0.516 CG:2    +
  112   137  1   0.0%   0.140 AU:2    +
    8   126  1   0.0%   0.077 GC:2    +
   25    30  1   0.0%   0.268 UA:2    +
    6   143  1   0.0%   0.058 CG:2    +
  104   122  1   0.0%   0.174 AU:2    +
  140   144  1   0.0%   0.058 UG:2    +
  126   143  1   0.0%   0.020 CG:2    +
   28   110  1   0.0%   0.346 AU:2    +
    2   143  1   0.0%   0.022 UG:2    +
   23   143  1   0.0%   0.236 CG:2    +
  104   110  1   0.0%   0.338 AU:2    +
  112   131  1   0.0%   0.143 AU:2    +
  143   151  1   0.0%   0.844 GU:2    +
   90   155  1   0.0%   0.400 UA:2    +
  111   121  1   0.0%   0.166 GC:2    +
   30   137  1   0.0%   0.231 AU:2    +
  114   127  1   0.0%   0.708 GC:2    +
    2   103  1   0.0%   0.004 UA:2    +
  126   159  1   0.0%   0.596 CG:2    +
    9   137  1   0.0%   0.133 AU:2    +
    2   104  1   0.0%   0.004 UA:2    +
  138   157  1   0.0%   0.555 GC:2    +
   20   138  1   0.0%   0.281 CG:2    +
  139   156  1   0.0%   0.851 UG:2    +
   61    69  1   0.0%   0.000 AU:2    +
   62    68  1   0.0%   0.000 AU:2    +
   14   143  1   0.0%   0.106 CG:2    +
   19   139  1   0.0%   0.136 AU:2    +
  101   118  1   0.0%   0.096 CG:2    +
...((((((...((((............((((((((.((.((((..((..(((((((.....(((.....))))))))))..)))))).)).))).)))))..))))))))))(((...((((...((((..(((((...))))))))).)))))))....
