3 sequence; length of alignment 160
alifold output
  109   118  0  99.9%   0.005 CG:2    AU:1   
    9    36  0 100.0%   0.000 CG:3   
   10    35  0 100.0%   0.000 CG:3   
   17    26  0  99.9%   0.002 CG:3   
   16    27  0  99.9%   0.002 CG:3   
    8    37  0  99.9%   0.003 AU:3   
  111   116  0  99.9%   0.005 CG:3   
  134   145  0  98.8%   0.055 GC:1    GU:2   
    7    38  0  99.8%   0.011 AU:3   
  131   148  0  99.7%   0.024 CG:3   
  130   149  0  99.6%   0.025 UA:3   
  135   144  0  99.6%   0.039 GC:3   
    6    39  0  99.6%   0.019 UA:3   
  110   117  1  99.8%   0.005 UA:2   
  129   150  0  99.2%   0.031 UA:3   
   18    25  1  99.5%   0.015 CG:2   
   53    84  0  98.7%   0.080 GC:3   
   54    83  0  98.7%   0.084 CG:3   
   52    85  1  98.4%   0.098 GC:2   
    5    40  1  97.5%   0.088 AU:2   
  128   151  0  96.9%   0.158 AU:3   
  132   147  0  96.9%   0.104 UG:3   
   11    34  0  96.6%   0.099 AU:3   
  136   143  0  96.5%   0.132 AU:3   
   51    86  0  95.8%   0.230 AU:3   
  108   119  1  93.2%   0.202 UA:2   
   15    28  1  92.8%   0.208 AU:2   
   55    82  1  91.7%   0.266 AU:2   
   50    87  0  89.9%   0.503 GU:3   
  127   152  0  86.6%   0.521 GU:1    AU:2   
    4    41  0  86.2%   0.401 UA:3   
  102   125  0  77.4%   0.740 CG:3   
  103   124  1  72.7%   0.830 UA:2   
   49    88  0  62.5%   1.249 GU:2    AU:1   
   60    75  0  63.2%   0.888 CG:3   
   59    76  1  61.4%   0.938 AU:2   
   61    74  1  59.8%   0.940 AU:2   
  137   142  1  58.4%   0.975 AU:2   
   47    95  0  51.8%   1.474 GC:3   
   45    97  0  51.5%   1.461 UA:3   
   46    96  1  51.7%   1.395 AU:2   
  101   126  0  50.7%   1.116 UA:3   
   44    98  1  48.7%   1.626 GC:2   
   63    72  1  47.4%   1.177 UA:2   
   95   158  0  43.8%   1.671 CG:3    +
   48    94  1  44.0%   1.668 AU:2   
   96   157  0  43.4%   1.654 UA:3    +
   94   159  1  41.8%   1.531 UA:2    +
   13    33  0  36.0%   1.435 GC:1    UA:2    +
   14    32  0  35.2%   1.627 UG:1    UA:2    +
  126   153  0  36.2%   2.005 AU:3    +
   99   154  0  36.0%   1.346 CG:3    +
   65    73  1  36.2%   1.190 CG:2    +
   66    72  0  35.6%   1.546 UA:3    +
   64    74  1  32.1%   1.452 GU:2    +
   48    89  0  30.2%   1.633 AU:3    +
   63    75  0  28.7%   1.837 CG:1    UG:2    +
   93   160  0  28.7%   1.490 UA:3    +
   67    71  0  27.6%   1.165 UA:3    +
   98   156  0  24.4%   1.558 CG:3    +
   45    90  0  23.9%   1.085 UA:3    +
   44    91  1  24.2%   1.245 GC:2    +
   62    76  0  21.9%   1.358 GC:1    GU:2    +
  100   153  1  21.6%   1.115 AU:2    +
   49    93  0  19.5%   1.406 GU:2    AU:1    +
   46    89  1  19.0%   1.000 AU:2    +
   43    92  1  14.1%   0.889 UA:2    +
   13    32  1  13.3%   0.868 UA:2    +
   14    31  1  12.1%   0.830 UA:2    +
   47    88  0  11.0%   0.782 GU:3    +
    1    44  0   6.0%   0.504 CG:1    GC:1    UG:1    +
  122   154  1   7.8%   1.092 CG:2    +
  121   155  1   7.6%   0.869 GC:2    +
  123   153  0   6.5%   0.936 AU:3    +
   48    87  0   6.3%   0.528 AU:3    +
  106   121  1   6.6%   0.658 UG:2    +
   47    91  0   4.0%   1.050 GC:2    GU:1    +
  102   158  0   5.0%   1.476 CG:3    +
  101   159  0   4.6%   1.317 UA:3    +
   42   158  0   4.3%   0.577 CG:3    +
  103   157  1   4.3%   1.397 UA:2    +
   43   100  0   2.7%   0.627 AU:1    UA:2    +
  124   152  0   3.6%   0.624 AU:3    +
   43   157  1   3.8%   0.882 UA:2    +
   49    86  0   1.8%   0.223 GU:2    AU:1    +
   65    75  0   2.8%   1.387 CG:3    +
   13    31  0   1.5%   0.190 GU:1    UA:2    +
   46   103  0   1.3%   0.886 AU:2    UA:1    +
   63    70  0   1.3%   0.206 CG:1    UA:2    +
   64    76  1   2.7%   1.379 GU:2    +
   45   104  0   1.2%   0.937 UG:1    UA:2    +
  102   156  0   2.2%   1.019 CG:3    +
  101   157  0   2.1%   1.224 UA:3    +
   49   145  0   0.0%   0.789 GC:1    GU:1    AU:1    +
   63    77  1   2.4%   1.100 UA:2    +
   45    92  0   0.7%   0.783 UG:1    UA:2    +
   52    66  0   0.7%   0.109 GU:2    AU:1    +
   76    83  0   0.7%   0.899 CG:1    UG:2    +
   57    66  0   0.7%   0.139 GU:1    AU:2    +
   75    91  0   0.6%   1.399 GC:2    GU:1    +
   74    92  0   0.6%   1.109 UG:1    UA:2    +
   73    93  0   0.6%   0.903 GU:2    AU:1    +
   99   158  0   1.6%   1.298 CG:3    +
   70    88  0   0.5%   0.754 GU:1    AU:2    +
   50    91  0   0.5%   0.700 GC:2    GU:1    +
   66    73  0   0.4%   0.901 UG:2    UA:1    +
   47   102  0   1.3%   0.966 GC:3    +
   49    89  0   0.3%   1.150 GU:2    AU:1    +
   63    92  0   0.3%   1.289 CG:1    UA:2    +
   48   101  0   1.3%   1.117 AU:3    +
   49    87  0   0.3%   0.306 GU:2    AU:1    +
   15    30  1   1.8%   0.334 AU:2    +
   58    76  0   0.3%   0.089 GC:1    GU:2    +
  125   151  0   1.2%   0.400 GU:3    +
  127   153  0   0.2%   1.077 GU:1    AU:2    +
   57    96  0   0.2%   0.435 GU:1    AU:2    +
   52    96  0   0.2%   0.440 GU:2    AU:1    +
   61    94  0   0.2%   0.750 AU:2    UA:1    +
    3    45  0   1.2%   0.204 AU:3    +
   67    73  0   0.1%   0.876 UG:2    UA:1    +
   44   122  0   0.1%   1.048 CG:1    GC:2    +
   15    29  0   1.1%   0.219 AU:3    +
   66    70  0   0.1%   0.152 UG:1    UA:2    +
    2   157  0   1.1%   0.247 UA:3    +
   70    87  0   0.1%   0.386 GU:1    AU:2    +
  127   151  0   0.1%   0.080 GU:1    AU:2    +
   43    61  0   0.1%   0.070 AU:1    UA:2    +
  102   121  0   1.1%   0.230 CG:3    +
   64   155  0   0.1%   0.541 GC:2    UA:1    +
   44    99  1   1.6%   1.119 GC:2    +
    1   158  1   1.1%   0.365 CG:1    UG:1    +
   53    63  0   0.0%   0.013 GC:1    GU:2    +
   63   156  0   0.0%   1.010 CG:1    UG:2    +
   46   106  0   0.0%   0.779 AU:2    UA:1    +
  100   106  0   0.0%   0.112 AU:2    UA:1    +
   45   107  0   0.0%   0.839 UG:1    UA:2    +
   70    96  0   0.0%   0.478 GU:1    AU:2    +
   57    82  0   0.0%   0.154 GU:1    AU:2    +
  100   133  0   0.0%   0.108 AU:2    UA:1    +
  108   121  0   0.0%   0.357 CG:1    UG:2    +
   63    83  0   0.0%   0.939 CG:1    UG:2    +
   49    66  0   0.0%   0.010 GU:2    AU:1    +
  118   142  0   0.0%   0.007 GU:2    UA:1    +
   49    96  0   0.0%   1.084 GU:2    AU:1    +
   52    86  0   0.0%   0.172 GU:2    AU:1    +
   73    86  0   0.0%   0.602 GU:2    AU:1    +
   70    89  0   0.0%   0.863 GU:1    AU:2    +
  107   153  0   0.0%   0.357 GU:1    AU:2    +
   55    94  0   0.0%   0.476 AU:2    UA:1    +
  100   105  0   0.0%   0.134 AU:2    UA:1    +
  101   127  0   0.0%   0.429 UG:1    UA:2    +
   70    76  0   0.0%   0.847 GC:1    AU:2    +
   46    94  0   0.0%   0.373 AU:2    UA:1    +
   52    91  0   0.0%   0.562 GC:2    AU:1    +
   57    86  0   0.0%   0.160 GU:1    AU:2    +
  101   107  0   0.0%   0.071 UG:1    UA:2    +
   64   122  0   0.0%   0.531 GC:2    UG:1    +
   57    89  0   0.0%   0.769 GU:1    AU:2    +
  104   146  0   0.0%   0.057 GU:1    AU:2    +
  104   108  0   0.0%   0.056 GC:1    AU:2    +
  104   153  0   0.0%   0.404 GU:1    AU:2    +
   91   140  0   0.0%   0.558 CG:2    UG:1    +
   93   127  0   0.0%   0.401 UG:1    UA:2    +
   92   139  0   0.0%   0.363 GU:1    AU:2    +
   62    91  0   0.0%   0.854 GC:2    GU:1    +
   52    93  0   0.0%   0.406 GU:2    AU:1    +
  107   152  0   0.0%   0.009 GU:1    AU:2    +
  108   154  0   0.0%   0.566 CG:1    UG:2    +
   57    88  0   0.0%   0.632 GU:1    AU:2    +
    2   104  0   0.0%   0.077 UG:1    UA:2    +
    2   107  0   0.0%   0.077 UG:1    UA:2    +
   58    63  0   0.0%   0.034 GC:1    GU:2    +
   40   154  0   0.0%   0.051 CG:1    UG:2    +
   40   156  0   0.0%   0.048 CG:1    UG:2    +
    2    92  0   0.0%   0.076 UG:1    UA:2    +
    2   127  0   0.0%   0.082 UG:1    UA:2    +
  107   112  0   0.0%   0.005 GU:1    AU:2    +
   96   104  0   0.0%   0.429 UG:1    UA:2    +
  104   115  0   0.0%   0.055 GU:1    AU:2    +
   96   107  0   0.0%   0.379 UG:1    UA:2    +
   40   158  0   0.0%   0.091 CG:1    UG:2    +
   94   100  0   0.0%   0.505 AU:1    UA:2    +
   92   101  0   0.0%   0.427 GU:1    AU:2    +
   91   154  0   0.0%   0.615 CG:2    UG:1    +
   92   151  0   0.0%   0.362 GU:1    AU:2    +
   91   158  0   0.0%   0.749 CG:2    UG:1    +
   57    87  0   0.0%   0.343 GU:1    AU:2    +
   46   105  0   0.0%   0.801 AU:2    UA:1    +
   70    74  0   0.0%   0.751 GU:1    AU:2    +
   52    87  0   0.0%   0.355 GU:2    AU:1    +
   88    92  0   0.0%   1.020 UG:1    UA:2    +
  108   156  0   0.0%   0.623 CG:1    UG:2    +
    4    92  0   0.0%   0.162 UG:1    UA:2    +
   93   107  0   0.0%   0.403 UG:1    UA:2    +
   58    91  0   0.0%   0.562 GC:2    GU:1    +
   92   108  0   0.0%   0.362 GC:1    AU:2    +
   92   153  0   0.0%   0.378 GU:1    AU:2    +
   57   143  0   0.0%   0.054 GU:1    AU:2    +
   53    91  0   0.0%   0.560 GC:2    GU:1    +
   92    96  0   0.0%   0.736 GU:1    AU:2    +
   91   156  0   0.0%   0.618 CG:2    UG:1    +
  106   118  0   0.0%   0.008 UG:2    AU:1    +
  135   145  0   0.0%   0.035 GC:1    GU:2    +
   70   153  0   0.0%   0.118 GU:1    AU:2    +
   73    87  0   0.0%   0.786 GU:2    AU:1    +
   73    91  0   0.0%   0.971 GC:2    AU:1    +
   87    92  0   0.0%   0.731 UG:1    UA:2    +
   66    92  0   0.0%   0.813 UG:1    UA:2    +
  140   145  0   0.0%   0.024 GC:1    GU:2    +
   57   151  0   0.0%   0.054 GU:1    AU:2    +
   49   101  0   0.0%   0.843 GU:2    AU:1    +
   49    67  0   0.0%   0.008 GU:2    AU:1    +
  107   115  0   0.0%   0.006 GU:1    AU:2    +
  104   112  0   0.0%   0.055 GU:1    AU:2    +
   52    67  0   0.0%   0.070 GU:2    AU:1    +
   93   104  0   0.0%   0.453 UG:1    UA:2    +
   52    88  0   0.0%   0.643 GU:2    AU:1    +
  104   151  0   0.0%   0.056 GU:1    AU:2    +
   91   125  0   0.0%   0.569 CG:2    UG:1    +
   40    47  0   0.0%   0.072 CG:1    UG:2    +
  110   116  0   0.0%   0.001 CG:1    UG:2    +
  104   152  0   0.0%   0.058 GU:1    AU:2    +
   57    67  0   0.0%   0.100 GU:1    AU:2    +
  107   151  0   0.0%   0.006 GU:1    AU:2    +
   31   103  0   0.0%   0.319 AU:2    UA:1    +
   43    55  0   0.0%   0.053 AU:1    UA:2    +
   53   108  0   0.0%   0.078 GC:1    GU:2    +
   49   112  0   0.0%   0.788 GU:2    AU:1    +
   73    82  0   0.0%   0.532 GU:2    AU:1    +
  105   118  0   0.0%   0.035 UG:2    AU:1    +
   67    92  0   0.0%   0.797 UG:1    UA:2    +
    4   104  0   0.0%   0.162 UG:1    UA:2    +
  108   125  0   0.0%   0.318 CG:1    UG:2    +
  118   122  0   0.0%   0.012 GC:2    UG:1    +
   61   133  0   0.0%   0.353 AU:2    UA:1    +
   49   151  0   0.0%   0.789 GU:2    AU:1    +
   96   127  0   0.0%   0.378 UG:1    UA:2    +
   70    86  0   0.0%   0.183 GU:1    AU:2    +
  108   158  0   0.0%   0.863 CG:1    UG:2    +
    4   127  0   0.0%   0.162 UG:1    UA:2    +
   45    49  0   0.0%   0.055 UG:2    UA:1    +
  104   110  0   0.0%   0.055 GC:1    AU:2    +
   45    70  0   0.0%   0.057 UG:1    UA:2    +
   57    93  0   0.0%   0.393 GU:1    AU:2    +
    4   107  0   0.0%   0.162 UG:1    UA:2    +
  145   154  0   0.0%   0.697 CG:1    UG:2    +
   57   132  0   0.0%   0.053 GU:1    AU:2    +
   49   153  0   0.0%   0.803 GU:2    AU:1    +
   55   106  0   0.0%   0.112 AU:2    UA:1    +
   50    98  0   0.9%   0.652 GC:3    +
   42   156  0   0.9%   0.210 CG:3    +
   98   154  0   0.9%   0.591 CG:3    +
    1    47  1   0.8%   0.284 CG:1    UG:1    +
   53    65  0   0.7%   0.114 GC:3    +
   75    84  0   0.7%   0.866 GC:3    +
   58    65  0   0.7%   0.141 GC:3    +
  125   155  1   1.1%   0.663 GC:2    +
   56    67  0   0.6%   0.131 AU:3    +
    2    46  1   1.1%   0.178 UA:2    +
   42   154  0   0.6%   0.152 CG:3    +
   51    67  0   0.6%   0.098 AU:3    +
   72    86  0   0.6%   0.959 AU:3    +
   99   156  0   0.6%   1.021 CG:3    +
   77    89  0   0.6%   0.973 AU:3    +
   78    88  0   0.6%   0.721 AU:3    +
   79    87  0   0.6%   0.434 AU:3    +
   56    82  0   0.6%   0.202 AU:3    +
   71    87  0   0.6%   0.788 AU:3    +
   77    82  0   0.6%   0.299 AU:3    +
  103   120  1   1.0%   0.219 UA:2    +
   48    88  0   0.5%   0.506 AU:3    +
   47    89  0   0.5%   0.687 GU:3    +
   69    89  0   0.4%   0.819 AU:3    +
   49    99  1   0.9%   0.935 GC:2    +
   50    88  0   0.4%   0.751 GU:3    +
   67    72  0   0.4%   1.209 UA:3    +
    3    43  1   0.9%   0.131 AU:2    +
   62    93  0   0.3%   0.751 GU:3    +
   99   125  0   0.3%   0.187 CG:3    +
   48    93  0   0.2%   0.627 AU:3    +
   54    64  1   0.7%   0.116 CG:2    +
  137   141  0   0.2%   0.048 AU:3    +
   51    87  0   0.2%   0.401 AU:3    +
   95   156  0   0.2%   0.475 CG:3    +
   42    47  0   0.2%   0.075 CG:3    +
   58    95  0   0.2%   0.449 GC:3    +
  101   123  0   0.2%   0.109 UA:3    +
   53    95  0   0.2%   0.437 GC:3    +
    2   154  0   0.2%   0.119 UG:3    +
   53    98  0   0.2%   0.494 GC:3    +
   59    74  0   0.2%   0.040 AU:3    +
   42   125  0   0.2%   0.065 CG:3    +
    3   153  0   0.2%   0.134 AU:3    +
  131   158  0   0.2%   0.836 CG:3    +
  132   157  0   0.2%   0.833 UA:3    +
  130   159  0   0.2%   0.565 UA:3    +
    2    41  0   0.2%   0.030 UA:3    +
   67    90  0   0.1%   0.831 UA:3    +
   42   121  0   0.1%   0.052 CG:3    +
   49    91  1   0.1%   0.909 GC:1    GU:1    +
   68    89  0   0.1%   0.756 AU:3    +
    2   159  0   0.1%   0.181 UA:3    +
  136   153  0   0.1%   0.994 AU:3    +
   73    85  1   0.6%   0.539 GC:2    +
  134   144  0   0.1%   0.036 GC:3    +
   66    71  0   0.1%   0.127 UA:3    +
  135   143  0   0.1%   0.035 GU:3    +
  137   152  0   0.1%   0.623 AU:3    +
   45   121  0   0.1%   0.867 UG:3    +
   69    88  0   0.1%   0.616 AU:3    +
  128   152  0   0.1%   0.318 AU:3    +
  126   152  0   0.1%   0.506 AU:3    +
  129   160  0   0.1%   0.400 UA:3    +
   44   105  1   0.6%   1.082 GU:2    +
    1   156  1   0.1%   0.235 CG:1    UG:1    +
   76    90  1   0.6%   1.263 UA:2    +
  125   153  0   0.1%   0.848 GU:3    +
    2   158  0   0.1%   0.214 UG:3    +
   93   158  0   0.1%   0.611 UG:3    +
  153   159  0   0.1%   1.495 UA:3    +
  153   158  0   0.1%   1.756 UG:3    +
    4    39  0   0.1%   0.018 UA:3    +
   42    62  0   0.1%   0.033 CG:3    +
   45    59  0   0.1%   0.068 UA:3    +
    2   156  0   0.1%   0.115 UG:3    +
   45   154  0   0.1%   0.904 UG:3    +
  102   154  0   0.1%   0.797 CG:3    +
   18    26  0   0.1%   0.021 CG:3    +
   17    27  0   0.1%   0.016 CG:3    +
  152   159  0   0.1%   0.828 UA:3    +
   51    96  0   0.1%   0.447 AU:3    +
   59    82  0   0.1%   0.445 AU:3    +
   50   102  0   0.1%   0.291 GC:3    +
   80    86  1   0.6%   0.245 AU:2    +
   51   101  0   0.1%   0.169 AU:3    +
   57    76  1   0.1%   0.048 GU:1    AU:1    +
  125   144  0   0.1%   0.252 GC:3    +
  126   143  0   0.1%   0.364 AU:3    +
  123   146  0   0.1%   0.062 AU:3    +
  128   141  0   0.1%   0.015 AU:3    +
   93   159  0   0.1%   0.432 UA:3    +
   65   154  0   0.1%   0.609 CG:3    +
   49   103  1   0.1%   0.855 GU:1    AU:1    +
   71    86  0   0.1%   0.517 AU:3    +
  141   150  0   0.1%   0.042 UA:3    +
    5    38  0   0.1%   0.012 AU:3    +
  140   151  0   0.1%   0.113 GU:3    +
   54    62  0   0.1%   0.022 CG:3    +
  125   152  0   0.0%   0.429 GU:3    +
  124   153  0   0.0%   0.918 AU:3    +
  129   140  0   0.0%   0.013 UG:3    +
   50    99  0   0.0%   0.334 GC:3    +
   50    86  0   0.0%   0.103 GU:3    +
   50    89  0   0.0%   0.874 GU:3    +
   41   101  0   0.0%   0.152 AU:3    +
   61    76  1   0.5%   0.719 AU:2    +
  138   148  0   0.0%   0.021 CG:3    +
    1   154  1   0.0%   0.221 CG:1    UG:1    +
  139   147  0   0.0%   0.053 UG:3    +
    2   160  0   0.0%   0.172 UA:3    +
  126   151  0   0.0%   0.415 AU:3    +
  131   147  0   0.0%   0.020 CG:3    +
  125   131  0   0.0%   0.242 GC:3    +
  124   132  0   0.0%   0.259 AU:3    +
   98   158  0   0.0%   1.363 CG:3    +
  144   148  0   0.0%   0.043 CG:3    +
  144   158  0   0.0%   0.834 CG:3    +
  146   156  0   0.0%   0.579 UG:3    +
  143   159  0   0.0%   0.598 UA:3    +
  130   148  0   0.0%   0.016 UG:3    +
  143   149  0   0.0%   0.075 UA:3    +
   66    90  0   0.0%   0.831 UA:3    +
  137   143  0   0.0%   0.386 AU:3    +
  129   149  0   0.0%   0.016 UA:3    +
  153   160  0   0.0%   1.324 UA:3    +
  140   146  0   0.0%   0.020 GU:3    +
  126   130  0   0.0%   0.353 AU:3    +
    1    46  1   0.0%   0.175 GU:1    UA:1    +
  143   148  0   0.0%   0.072 UG:3    +
    2   124  0   0.0%   0.085 UA:3    +
    1   125  1   0.0%   0.216 CG:1    UG:1    +
  131   135  0   0.0%   0.011 CG:3    +
  130   136  0   0.0%   0.009 UA:3    +
   95   125  0   0.0%   0.391 CG:3    +
   51    88  0   0.0%   0.680 AU:3    +
   96   124  0   0.0%   0.392 UA:3    +
   67    79  0   0.0%   0.461 UA:3    +
  102   148  0   0.0%   0.316 CG:3    +
   62    74  0   0.0%   0.334 GU:3    +
  101   149  0   0.0%   0.432 UA:3    +
   99   134  0   0.0%   0.146 CG:3    +
   98   135  0   0.0%   0.413 CG:3    +
  152   160  0   0.0%   0.661 UA:3    +
   50    54  0   0.0%   0.009 GC:3    +
    2   120  0   0.0%   0.081 UA:3    +
   55    63  1   0.5%   0.087 AU:2    +
   51    66  0   0.0%   0.006 AU:3    +
   59    66  0   0.0%   0.082 AU:3    +
   50    65  0   0.0%   0.007 GC:3    +
   98   125  0   0.0%   0.425 CG:3    +
  101   124  0   0.0%   0.096 UA:3    +
   62    84  0   0.0%   0.362 GC:3    +
   58    67  0   0.0%   0.105 GU:3    +
   58    82  0   0.0%   0.168 GU:3    +
  111   148  0   0.0%   0.009 CG:3    +
  112   147  0   0.0%   0.007 UG:3    +
  116   144  0   0.0%   0.007 GC:3    +
  113   146  0   0.0%   0.006 AU:3    +
  101   154  0   0.0%   0.901 UG:3    +
   50    95  0   0.0%   0.516 GC:3    +
    4   157  0   0.0%   0.217 UA:3    +
   50    67  0   0.0%   0.010 GU:3    +
  121   138  0   0.0%   0.274 GC:3    +
    4   159  0   0.0%   0.178 UA:3    +
  120   139  0   0.0%   0.113 AU:3    +
    1   121  1   0.0%   0.212 CG:1    UG:1    +
   72    87  0   0.0%   1.117 AU:3    +
  151   160  0   0.0%   0.474 UA:3    +
   71    88  0   0.0%   1.051 AU:3    +
  119   141  0   0.0%   0.074 AU:3    +
   47   152  0   0.0%   0.856 GU:3    +
   42    50  0   0.0%   0.018 CG:3    +
   43    49  1   0.0%   0.058 UG:1    UA:1    +
   48    67  0   0.0%   0.006 AU:3    +
   47    93  0   0.0%   0.468 GU:3    +
   99   121  0   0.0%   0.147 CG:3    +
  149   153  0   0.0%   0.946 AU:3    +
  101   156  0   0.0%   0.883 UG:3    +
  153   157  0   0.0%   1.713 UA:3    +
   96   156  0   0.0%   0.457 UG:3    +
   96   154  0   0.0%   0.440 UG:3    +
  111   156  0   0.0%   0.543 CG:3    +
   41    93  0   0.0%   0.143 AU:3    +
  129   137  0   0.0%   0.003 UA:3    +
    4   154  0   0.0%   0.179 UG:3    +
  139   150  0   0.0%   0.017 UA:3    +
   97   153  0   0.0%   0.363 AU:3    +
  152   158  0   0.0%   1.086 UG:3    +
   95   121  0   0.0%   0.393 CG:3    +
   96   120  0   0.0%   0.388 UA:3    +
    4    44  1   0.5%   0.397 UG:2    +
   62    67  0   0.0%   0.079 GU:3    +
  101   125  0   0.0%   0.114 UG:3    +
  138   147  0   0.0%   0.044 CG:3    +
   49    94  1   0.0%   1.102 GU:1    AU:1    +
   53    82  0   0.0%   0.042 GU:3    +
   51    89  0   0.0%   0.816 AU:3    +
    4   156  0   0.0%   0.177 UG:3    +
   54   154  0   0.0%   0.113 CG:3    +
    4   160  0   0.0%   0.171 UA:3    +
  141   148  0   0.0%   0.035 UG:3    +
   56    87  0   0.0%   0.366 AU:3    +
   65   121  0   0.0%   0.563 CG:3    +
   56    93  0   0.0%   0.416 AU:3    +
  111   125  0   0.0%   0.236 CG:3    +
   74    79  0   0.0%   0.690 UA:3    +
   50   144  0   0.0%   0.225 GC:3    +
   51   143  0   0.0%   0.101 AU:3    +
   66   120  0   0.0%   0.495 UA:3    +
   54   140  0   0.0%   0.059 CG:3    +
   53   141  0   0.0%   0.079 GU:3    +
  112   124  0   0.0%   0.252 UA:3    +
   65   158  0   0.0%   0.740 CG:3    +
   66   157  0   0.0%   0.659 UA:3    +
   67    77  0   0.0%   0.545 UA:3    +
   58    88  0   0.0%   0.646 GU:3    +
   69    74  0   0.0%   0.689 AU:3    +
   59    87  0   0.0%   0.627 AU:3    +
   71    96  0   0.0%   0.796 AU:3    +
    4   158  0   0.0%   0.221 UG:3    +
   48   146  0   0.0%   1.002 AU:3    +
  101   120  0   0.0%   0.080 UA:3    +
   50   101  0   0.0%   0.280 GU:3    +
   67   156  0   0.0%   0.530 UG:3    +
   40    64  1   0.0%   0.035 CG:1    UG:1    +
  136   152  0   0.0%   0.318 AU:3    +
   47    54  0   0.0%   0.052 GC:3    +
   68    74  0   0.0%   0.687 AU:3    +
  101   160  0   0.0%   1.018 UA:3    +
   90    96  0   0.0%   0.761 AU:3    +
  137   151  0   0.0%   0.426 AU:3    +
  151   159  0   0.0%   0.635 UA:3    +
   66    78  0   0.0%   0.479 UA:3    +
  128   153  0   0.0%   0.961 AU:3    +
   68    96  0   0.0%   0.383 AU:3    +
  101   119  0   0.0%   0.069 UA:3    +
   96   159  0   0.0%   1.125 UA:3    +
   95   154  0   0.0%   0.434 CG:3    +
  135   153  0   0.0%   0.935 GU:3    +
  111   158  0   0.0%   0.784 CG:3    +
    5   153  0   0.0%   0.049 AU:3    +
  134   146  0   0.0%   0.033 GU:3    +
  112   157  0   0.0%   0.772 UA:3    +
   89    97  0   0.0%   1.136 UA:3    +
   95   135  0   0.0%   0.375 CG:3    +
   67   119  0   0.0%   0.468 UA:3    +
   50    93  0   0.0%   0.520 GU:3    +
   93   137  0   0.0%   0.401 UA:3    +
   96   134  0   0.0%   0.379 UG:3    +
  136   141  0   0.0%   0.010 AU:3    +
   90   141  0   0.0%   0.388 AU:3    +
   36    98  0   0.0%   0.001 GC:3    +
   35    99  0   0.0%   0.001 GC:3    +
   47    98  0   0.0%   1.143 GC:3    +
   48   151  0   0.0%   1.002 AU:3    +
  141   147  0   0.0%   0.065 UG:3    +
   67    97  0   0.0%   0.810 UA:3    +
  115   123  0   0.0%   0.045 UA:3    +
   37    97  0   0.0%   0.002 UA:3    +
    2   123  0   0.0%   0.079 UA:3    +
  140   152  0   0.0%   0.288 GU:3    +
    3   152  0   0.0%   0.103 AU:3    +
   57    63  1   0.0%   0.034 GU:1    AU:1    +
  139   149  0   0.0%   0.016 UA:3    +
   47    99  0   0.0%   0.858 GC:3    +
    2    47  0   0.0%   0.113 UG:3    +
  131   140  0   0.0%   0.011 CG:3    +
    2    90  0   0.0%   0.076 UA:3    +
   58    87  0   0.0%   0.357 GU:3    +
    2   125  0   0.0%   0.084 UG:3    +
   59    86  0   0.0%   0.442 AU:3    +
  138   154  0   0.0%   0.685 CG:3    +
   47    87  0   0.0%   0.052 GU:3    +
   99   116  0   0.0%   0.124 CG:3    +
   41   153  0   0.0%   0.157 AU:3    +
   56   152  0   0.0%   0.067 AU:3    +
  102   116  0   0.0%   0.064 CG:3    +
   72    96  0   0.0%   1.171 AU:3    +
   56    89  0   0.0%   0.790 AU:3    +
   93   157  0   0.0%   0.576 UA:3    +
  141   149  0   0.0%   0.032 UA:3    +
  152   157  0   0.0%   1.059 UA:3    +
  111   121  0   0.0%   0.272 CG:3    +
  152   156  0   0.0%   0.841 UG:3    +
    6    41  0   0.0%   0.143 UA:3    +
  112   120  0   0.0%   0.108 UA:3    +
  101   114  0   0.0%   0.067 UA:3    +
   53    99  0   0.0%   0.201 GC:3    +
   53    60  0   0.0%   0.006 GC:3    +
    2   121  0   0.0%   0.080 UG:3    +
   47   153  0   0.0%   0.869 GU:3    +
   69    96  0   0.0%   0.406 AU:3    +
   62   138  0   0.0%   0.365 GC:3    +
   98   121  0   0.0%   0.427 CG:3    +
   60   140  0   0.0%   0.317 CG:3    +
   96   158  0   0.0%   1.303 UG:3    +
    3    89  0   0.0%   0.102 AU:3    +
   48    86  0   0.0%   0.004 AU:3    +
   59   141  0   0.0%   0.333 AU:3    +
    2    97  0   0.0%   0.076 UA:3    +
   95   148  0   0.0%   0.375 CG:3    +
    5    45  0   0.0%   0.089 AU:3    +
    3    96  0   0.0%   0.102 AU:3    +
   48    96  0   0.0%   1.286 AU:3    +
   93   150  0   0.0%   0.400 UA:3    +
   67    75  0   0.0%   1.202 UG:3    +
    2   126  0   0.0%   0.082 UA:3    +
   74    83  0   0.0%   0.703 UG:3    +
   41    96  0   0.0%   0.142 AU:3    +
    3   101  0   0.0%   0.102 AU:3    +
   60    83  0   0.0%   0.330 CG:3    +
   96   147  0   0.0%   0.379 UG:3    +
   72    93  0   0.0%   1.145 AU:3    +
  115   120  0   0.0%   0.108 UA:3    +
    3    93  0   0.0%   0.102 AU:3    +
   54    58  0   0.0%   0.005 CG:3    +
  132   137  0   0.0%   0.005 UA:3    +
   45   157  0   0.0%   1.021 UA:3    +
   62    66  0   0.0%   0.083 GU:3    +
  123   152  0   0.0%   0.055 AU:3    +
   56    88  0   0.0%   0.654 AU:3    +
   11    29  0   0.0%   0.000 AU:3    +
  130   150  0   0.0%   0.019 UA:3    +
   72    82  0   0.0%   0.863 AU:3    +
   97   101  0   0.0%   0.409 AU:3    +
   97   146  0   0.0%   0.345 AU:3    +
  101   158  0   0.0%   1.141 UG:3    +
   58    86  0   0.0%   0.172 GU:3    +
  102   135  0   0.0%   0.313 CG:3    +
  151   157  0   0.0%   0.879 UA:3    +
   93   124  0   0.0%   0.410 UA:3    +
   75    82  0   0.0%   0.868 GU:3    +
  101   136  0   0.0%   0.427 UA:3    +
  124   151  0   0.0%   0.259 AU:3    +
    1   100  1   0.0%   0.209 GU:1    UA:1    +
   16    26  0   0.0%   0.000 CG:3    +
   67    78  0   0.0%   0.456 UA:3    +
  143   147  0   0.0%   0.097 UG:3    +
   66    75  0   0.0%   1.225 UG:3    +
   78    82  0   0.0%   0.151 AU:3    +
   96   136  0   0.0%   0.379 UA:3    +
    2   119  0   0.0%   0.077 UA:3    +
   96   137  0   0.0%   0.379 UA:3    +
   10   156  0   0.0%   0.013 CG:3    +
   48    66  0   0.0%   0.003 AU:3    +
   88    97  0   0.0%   1.002 UA:3    +
   66    79  0   0.0%   0.478 UA:3    +
   45   159  0   0.0%   0.858 UA:3    +
   58   102  0   0.0%   0.130 GC:3    +
   59   101  0   0.0%   0.397 AU:3    +
  139   148  0   0.0%   0.018 UG:3    +
   62    98  0   0.0%   0.770 GC:3    +
   42   140  0   0.0%   0.042 CG:3    +
   45   156  0   0.0%   0.903 UG:3    +
   47    67  0   0.0%   0.051 GU:3    +
   93    97  0   0.0%   0.742 UA:3    +
   12   158  0   0.0%   0.055 CG:3    +
   96   160  0   0.0%   1.107 UA:3    +
   68    88  0   0.0%   0.592 AU:3    +
    4   120  0   0.0%   0.163 UA:3    +
   57   103  1   0.0%   0.116 GU:1    AU:1    +
    7    37  0   0.0%   0.000 AU:3    +
  120   153  0   0.0%   0.458 AU:3    +
   48   152  0   0.0%   1.003 AU:3    +
   58    89  0   0.0%   0.782 GU:3    +
   59    88  0   0.0%   0.914 AU:3    +
  112   154  0   0.0%   0.483 UG:3    +
   56    66  0   0.0%   0.039 AU:3    +
   12   154  0   0.0%   0.016 CG:3    +
   51    93  0   0.0%   0.439 AU:3    +
   57    91  1   0.0%   0.549 GC:1    AU:1    +
  140   144  0   0.0%   0.024 GC:3    +
   18    27  0   0.0%   0.016 CG:3    +
   65   135  0   0.0%   0.543 CG:3    +
   54   147  0   0.0%   0.058 CG:3    +
   58    74  0   0.0%   0.036 GU:3    +
   59    96  0   0.0%   0.702 AU:3    +
   99   147  0   0.0%   0.142 CG:3    +
  134   143  0   0.0%   0.011 GU:3    +
   56    96  0   0.0%   0.424 AU:3    +
   98   148  0   0.0%   0.410 CG:3    +
   14   156  0   0.0%   0.640 UG:3    +
  113   153  0   0.0%   0.351 AU:3    +
   93   123  0   0.0%   0.406 UA:3    +
   60   158  0   0.0%   0.508 CG:3    +
   69    87  0   0.0%   0.305 AU:3    +
   45   158  0   0.0%   1.038 UG:3    +
    2    39  0   0.0%   0.000 UA:3    +
   99   140  0   0.0%   0.143 CG:3    +
   45   160  0   0.0%   0.850 UA:3    +
   42    53  0   0.0%   0.016 CG:3    +
   72    88  0   0.0%   1.404 AU:3    +
   79    86  0   0.0%   0.158 AU:3    +
   74    90  0   0.0%   1.043 UA:3    +
   10   154  0   0.0%   0.016 CG:3    +
    3   151  0   0.0%   0.102 AU:3    +
   42   148  0   0.0%   0.042 CG:3    +
    9   158  0   0.0%   0.055 CG:3    +
   71    89  0   0.0%   1.183 AU:3    +
   78    87  0   0.0%   0.341 AU:3    +
   41   141  0   0.0%   0.145 AU:3    +
  136   151  0   0.0%   0.142 AU:3    +
  135   152  0   0.0%   0.284 GU:3    +
   45   149  0   0.0%   0.841 UA:3    +
    4   124  0   0.0%   0.164 UA:3    +
    4   123  0   0.0%   0.162 UA:3    +
   74    78  0   0.0%   0.688 UA:3    +
  114   152  0   0.0%   0.005 AU:3    +
   40   104  1   0.0%   0.035 UG:1    UA:1    +
  101   150  0   0.0%   0.429 UA:3    +
  101   121  0   0.0%   0.089 UG:3    +
   39    96  0   0.0%   0.011 AU:3    +
  144   156  0   0.0%   0.583 CG:3    +
    3    38  0   0.0%   0.000 AU:3    +
    9   156  0   0.0%   0.013 CG:3    +
  143   157  0   0.0%   0.835 UA:3    +
   62    95  0   0.0%   0.735 GC:3    +
   95   140  0   0.0%   0.376 CG:3    +
  121   152  0   0.0%   0.275 GU:3    +
    6   159  0   0.0%   0.015 UA:3    +
  151   158  0   0.0%   0.905 UG:3    +
    6   157  0   0.0%   0.056 UA:3    +
  115   121  0   0.0%   0.271 UG:3    +
   93   156  0   0.0%   0.462 UG:3    +
  121   153  0   0.0%   0.621 GU:3    +
    2   128  0   0.0%   0.081 UA:3    +
   50    66  0   0.0%   0.006 GU:3    +
   47    96  0   0.0%   1.133 GU:3    +
  130   137  0   0.0%   0.006 UA:3    +
   45    53  0   0.0%   0.052 UG:3    +
   50   111  0   0.0%   0.223 GC:3    +
   66   134  0   0.0%   0.483 UG:3    +
   47   111  0   0.0%   0.852 GC:3    +
   77    88  0   0.0%   0.748 AU:3    +
  137   153  0   0.0%   1.267 AU:3    +
   47   138  0   0.0%   0.853 GC:3    +
   45   120  0   0.0%   0.843 UA:3    +
  141   159  0   0.0%   0.559 UA:3    +
   75    89  0   0.0%   1.544 GU:3    +
  116   153  0   0.0%   0.353 GU:3    +
   11   153  0   0.0%   0.044 AU:3    +
   45   113  0   0.0%   0.833 UA:3    +
  121   131  0   0.0%   0.270 GC:3    +
  124   129  0   0.0%   0.251 AU:3    +
   12    35  0   0.0%   0.000 CG:3    +
    4   121  0   0.0%   0.163 UG:3    +
   41    45  0   0.0%   0.190 AU:3    +
   71    93  0   0.0%   0.791 AU:3    +
   79    88  0   0.0%   0.692 AU:3    +
   48   153  0   0.0%   1.017 AU:3    +
   71   152  0   0.0%   0.424 AU:3    +
  120   152  0   0.0%   0.112 AU:3    +
   60   134  0   0.0%   0.316 CG:3    +
  120   132  0   0.0%   0.108 AU:3    +
  115   154  0   0.0%   0.481 UG:3    +
   89   160  0   0.0%   0.797 UA:3    +
   40    44  1   0.0%   0.243 CG:1    UG:1    +
   10   158  0   0.0%   0.055 CG:3    +
    2   150  0   0.0%   0.082 UA:3    +
  123   130  0   0.0%   0.044 AU:3    +
   58    98  0   0.0%   0.472 GC:3    +
    2    48  0   0.0%   0.075 UA:3    +
    8    38  0   0.0%   0.007 AU:3    +
   89   156  0   0.0%   0.854 UG:3    +
   71    82  0   0.0%   0.506 AU:3    +
  134   138  0   0.0%   0.006 GC:3    +
  121   151  0   0.0%   0.272 GU:3    +
  101   128  0   0.0%   0.427 UA:3    +
   58    66  0   0.0%   0.106 GU:3    +
   53    96  0   0.0%   0.425 GU:3    +
   88   157  0   0.0%   0.834 UA:3    +
    4   150  0   0.0%   0.162 UA:3    +
   39    45  0   0.0%   0.062 AU:3    +
   45   140  0   0.0%   0.841 UG:3    +
   40   107  1   0.0%   0.035 UG:1    UA:1    +
   38    97  0   0.0%   0.007 UA:3    +
   68    93  0   0.0%   0.380 AU:3    +
    4   126  0   0.0%   0.162 UA:3    +
   90   153  0   0.0%   0.403 AU:3    +
  120   151  0   0.0%   0.110 AU:3    +
  119   153  0   0.0%   0.419 AU:3    +
   12   156  0   0.0%   0.013 CG:3    +
    4    90  0   0.0%   0.162 UA:3    +
   42    58  0   0.0%   0.016 CG:3    +
   42   135  0   0.0%   0.042 CG:3    +
    6   154  0   0.0%   0.020 UG:3    +
  115   124  0   0.0%   0.252 UA:3    +
   42   116  0   0.0%   0.022 CG:3    +
   97   152  0   0.0%   0.346 AU:3    +
  134   153  0   0.0%   0.943 GU:3    +
   68   153  0   0.0%   0.027 AU:3    +
  135   146  0   0.0%   0.024 GU:3    +
   43    57  1   0.0%   0.053 UG:1    UA:1    +
   57    94  1   0.0%   0.409 GU:1    AU:1    +
   62   132  0   0.0%   0.364 GU:3    +
   89   159  0   0.0%   0.805 UA:3    +
   56    74  0   0.0%   0.033 AU:3    +
   40    92  1   0.0%   0.035 UG:1    UA:1    +
   58   144  0   0.0%   0.068 GC:3    +
  119   152  0   0.0%   0.073 AU:3    +
   45   137  0   0.0%   0.841 UA:3    +
   58   138  0   0.0%   0.067 GC:3    +
   89   158  0   0.0%   0.985 UG:3    +
  148   153  0   0.0%   0.946 GU:3    +
   57   145  1   0.0%   0.054 GU:1    AU:1    +
   78    89  0   0.0%   0.824 AU:3    +
   69   153  0   0.0%   0.050 AU:3    +
   53    89  0   0.0%   0.780 GU:3    +
   45    56  0   0.0%   0.052 UA:3    +
   69    93  0   0.0%   0.403 AU:3    +
    2   116  0   0.0%   0.076 UG:3    +
   87    97  0   0.0%   0.713 UA:3    +
  121   139  0   0.0%   0.274 GU:3    +
    4   125  0   0.0%   0.164 UG:3    +
   53   144  0   0.0%   0.078 GC:3    +
   88   159  0   0.0%   0.671 UA:3    +
   58   131  0   0.0%   0.067 GC:3    +
    4    47  0   0.0%   0.200 UG:3    +
    3   115  0   0.0%   0.102 AU:3    +
   65    83  0   0.0%   0.557 CG:3    +
    6   160  0   0.0%   0.008 UA:3    +
   51   146  0   0.0%   0.100 AU:3    +
   59    89  0   0.0%   1.050 AU:3    +
   89   157  0   0.0%   0.968 UA:3    +
   66    77  0   0.0%   0.567 UA:3    +
    1   117  1   0.0%   0.208 GC:1    UA:1    +
   45    58  0   0.0%   0.052 UG:3    +
   59   130  0   0.0%   0.332 AU:3    +
  121   141  0   0.0%   0.274 GU:3    +
  112   116  0   0.0%   0.003 UG:3    +
  125   138  0   0.0%   0.238 GC:3    +
   50    84  0   0.0%   0.006 GC:3    +
  151   156  0   0.0%   0.661 UG:3    +
   68   151  0   0.0%   0.012 AU:3    +
   58    99  0   0.0%   0.190 GC:3    +
   50   152  0   0.0%   0.225 GU:3    +
   56   146  0   0.0%   0.065 AU:3    +
   54   148  0   0.0%   0.058 CG:3    +
  146   157  0   0.0%   0.794 UA:3    +
   81    85  1   0.5%   0.150 GC:2    +
   63    71  1   0.4%   0.160 UA:2    +
  106   120  1   0.4%   0.144 UA:2    +
   72    94  1   0.4%   1.224 AU:2    +
  105   121  1   0.3%   0.169 UG:2    +
   64    91  1   0.3%   1.063 GC:2    +
  108   120  1   0.3%   0.208 UA:2    +
  122   158  1   0.3%   1.055 CG:2    +
   50    85  1   0.2%   0.049 GC:2    +
    2    44  1   0.2%   0.221 UG:2    +
   44    93  1   0.2%   0.602 GU:2    +
  122   156  1   0.2%   0.793 CG:2    +
   94   157  1   0.2%   0.620 UA:2    +
  136   142  1   0.2%   0.043 AU:2    +
   60    73  1   0.2%   0.041 CG:2    +
   52    99  1   0.2%   0.215 GC:2    +
  133   156  1   0.2%   0.587 UG:2    +
  134   155  1   0.2%   0.312 GC:2    +
  103   123  1   0.2%   0.160 UA:2    +
  106   123  1   0.1%   0.272 UA:2    +
    3    40  1   0.1%   0.026 AU:2    +
   43   120  1   0.1%   0.461 UA:2    +
  105   120  1   0.1%   0.120 UA:2    +
    5    43  1   0.1%   0.095 AU:2    +
   43   124  1   0.1%   0.475 UA:2    +
   59    94  1   0.1%   0.715 AU:2    +
   60    81  1   0.1%   0.332 CG:2    +
   43   123  1   0.1%   0.462 UA:2    +
   44   155  1   0.1%   1.048 GC:2    +
   44    60  1   0.1%   0.227 GC:2    +
  105   123  1   0.1%   0.108 UA:2    +
   52    95  1   0.1%   0.411 GC:2    +
   14    33  1   0.1%   1.004 UA:2    +
  124   145  1   0.1%   0.269 AU:2    +
  105   124  1   0.1%   0.326 UA:2    +
  127   142  1   0.1%   0.017 AU:2    +
  122   147  1   0.1%   0.027 CG:2    +
   46   153  1   0.0%   0.795 AU:2    +
  142   149  1   0.0%   0.353 UA:2    +
   43   156  1   0.0%   0.522 UG:2    +
   63    73  1   0.0%   0.490 UG:2    +
  123   133  1   0.0%   0.054 AU:2    +
  145   157  1   0.0%   0.805 UA:2    +
  147   155  1   0.0%   0.321 GC:2    +
  122   134  1   0.0%   0.020 CG:2    +
  106   154  1   0.0%   0.705 UG:2    +
   47   105  1   0.0%   0.888 GU:2    +
   42    49  1   0.0%   0.020 CG:2    +
   43    48  1   0.0%   0.056 UA:2    +
   65    81  1   0.0%   0.555 CG:2    +
   66    80  1   0.0%   0.484 UA:2    +
   49    54  1   0.0%   0.010 GC:2    +
  142   150  1   0.0%   0.355 UA:2    +
  103   125  1   0.0%   0.589 UG:2    +
   64    82  1   0.0%   0.624 GU:2    +
   63    69  1   0.0%   0.039 UA:2    +
  105   154  1   0.0%   0.553 UG:2    +
   41    63  1   0.0%   0.143 AU:2    +
   43   159  1   0.0%   0.600 UA:2    +
  117   143  1   0.0%   0.007 AU:2    +
  106   119  1   0.0%   0.013 UA:2    +
  142   160  1   0.0%   0.713 UA:2    +
   52    65  1   0.0%   0.006 GC:2    +
   60    64  1   0.0%   0.046 CG:2    +
  110   149  1   0.0%   0.008 UA:2    +
  114   145  1   0.0%   0.005 AU:2    +
   46    93  1   0.0%   0.387 AU:2    +
   94   126  1   0.0%   0.411 UA:2    +
  100   152  1   0.0%   0.109 AU:2    +
  103   154  1   0.0%   0.834 UG:2    +
   44    95  1   0.0%   0.576 GC:2    +
   43   154  1   0.0%   0.507 UG:2    +
  110   157  1   0.0%   0.773 UA:2    +
   53    94  1   0.0%   0.421 GU:2    +
  109   158  1   0.0%   0.781 CG:2    +
   51    94  1   0.0%   0.456 AU:2    +
  106   156  1   0.0%   0.761 UG:2    +
  105   156  1   0.0%   0.612 UG:2    +
   94   160  1   0.0%   1.151 UA:2    +
   43   107  1   0.0%   0.435 UA:2    +
   54    81  1   0.0%   0.046 CG:2    +
   43   158  1   0.0%   0.777 UG:2    +
   53   155  1   0.0%   0.086 GC:2    +
  103   147  1   0.0%   0.358 UG:2    +
  133   147  1   0.0%   0.047 UG:2    +
   58    85  1   0.0%   0.085 GC:2    +
   41    94  1   0.0%   0.143 AU:2    +
  108   159  1   0.0%   0.611 UA:2    +
  103   156  1   0.0%   0.894 UG:2    +
   52   142  1   0.0%   0.083 GU:2    +
   63    78  1   0.0%   0.922 UA:2    +
   55    88  1   0.0%   0.698 AU:2    +
   44    94  1   0.0%   0.575 GU:2    +
   44   106  1   0.0%   1.022 GU:2    +
  142   147  1   0.0%   0.378 UG:2    +
   68    76  1   0.0%   0.782 AU:2    +
   55   153  1   0.0%   0.126 AU:2    +
   56    63  1   0.0%   0.034 AU:2    +
   49   102  1   0.0%   0.842 GC:2    +
   55   139  1   0.0%   0.110 AU:2    +
   44   108  1   0.0%   1.022 GU:2    +
  106   124  1   0.0%   0.471 UA:2    +
  103   107  1   0.0%   0.069 UA:2    +
   43   160  1   0.0%   0.591 UA:2    +
   43    90  1   0.0%   0.060 UA:2    +
   48   103  1   0.0%   1.060 AU:2    +
  103   126  1   0.0%   0.702 UA:2    +
   46    88  1   0.0%   0.054 AU:2    +
  102   118  1   0.0%   0.065 CG:2    +
   94   136  1   0.0%   0.409 UA:2    +
   11    30  1   0.0%   0.001 AU:2    +
   47   155  1   0.0%   0.861 GC:2    +
   63    68  1   0.0%   0.035 UA:2    +
  116   122  1   0.0%   0.013 GC:2    +
  105   157  1   0.0%   0.843 UA:2    +
  110   159  1   0.0%   0.529 UA:2    +
   94   158  1   0.0%   0.620 UG:2    +
   74    80  1   0.0%   0.690 UA:2    +
  105   125  1   0.0%   0.306 UG:2    +
  103   121  1   0.0%   0.182 UG:2    +
   63    90  1   0.0%   1.266 UA:2    +
  105   119  1   0.0%   0.037 UA:2    +
  103   117  1   0.0%   0.065 UA:2    +
   43   104  1   0.0%   0.434 UA:2    +
   34   100  1   0.0%   0.034 UA:2    +
   63   123  1   0.0%   0.949 UA:2    +
   97   106  1   0.0%   0.348 AU:2    +
  109   116  1   0.0%   0.001 CG:2    +
   97   133  1   0.0%   0.345 AU:2    +
  110   126  1   0.0%   0.349 UA:2    +
  105   114  1   0.0%   0.035 UA:2    +
   56    76  1   0.0%   0.033 AU:2    +
  106   113  1   0.0%   0.008 UA:2    +
   97   103  1   0.0%   0.407 AU:2    +
    2   100  1   0.0%   0.077 UA:2    +
  100   115  1   0.0%   0.103 AU:2    +
   59    63  1   0.0%   0.040 AU:2    +
    3   106  1   0.0%   0.103 AU:2    +
    3   103  1   0.0%   0.102 AU:2    +
  142   148  1   0.0%   0.346 UG:2    +
  108   117  1   0.0%   0.002 UA:2    +
   49    95  1   0.0%   1.080 GC:2    +
   47    94  1   0.0%   0.453 GU:2    +
  101   117  1   0.0%   0.067 UA:2    +
    4    46  1   0.0%   0.215 UA:2    +
   93   100  1   0.0%   0.497 UA:2    +
   44    89  1   0.0%   0.216 GU:2    +
   73    95  1   0.0%   0.847 GC:2    +
   55    93  1   0.0%   0.459 AU:2    +
   61   139  1   0.0%   0.354 AU:2    +
   71    94  1   0.0%   0.808 AU:2    +
   40   159  1   0.0%   0.046 UA:2    +
   69    76  1   0.0%   0.783 AU:2    +
  111   118  1   0.0%   0.004 CG:2    +
   94   149  1   0.0%   0.409 UA:2    +
  106   157  1   0.0%   0.991 UA:2    +
   63   137  1   0.0%   0.942 UA:2    +
   94   156  1   0.0%   0.471 UG:2    +
   43    47  1   0.0%   0.100 UG:2    +
   73    84  1   0.0%   0.428 GC:2    +
  100   108  1   0.0%   0.103 AU:2    +
   61    82  1   0.0%   0.460 AU:2    +
   49    98  1   0.0%   1.091 GC:2    +
   58   142  1   0.0%   0.068 GU:2    +
  106   158  1   0.0%   1.001 UG:2    +
  105   159  1   0.0%   0.598 UA:2    +
   33   101  1   0.0%   0.373 AU:2    +
   74    81  1   0.0%   0.698 UG:2    +
   40   160  1   0.0%   0.040 UA:2    +
  112   117  1   0.0%   0.003 UA:2    +
  110   119  1   0.0%   0.071 UA:2    +
   41   103  1   0.0%   0.146 AU:2    +
    7    40  1   0.0%   0.036 AU:2    +
  103   159  1   0.0%   1.017 UA:2    +
   63    79  1   0.0%   0.921 UA:2    +
   94   123  1   0.0%   0.415 UA:2    +
  106   159  1   0.0%   0.747 UA:2    +
  106   125  1   0.0%   0.453 UG:2    +
   43    97  1   0.0%   0.336 UA:2    +
   53    85  1   0.0%   0.084 GC:2    +
   55    89  1   0.0%   0.834 AU:2    +
   63    81  1   0.0%   0.930 UG:2    +
  135   142  1   0.0%   0.011 GU:2    +
   17    25  1   0.0%   0.000 CG:2    +
   76    81  1   0.0%   0.793 UG:2    +
    4   100  1   0.0%   0.162 UA:2    +
   52    98  1   0.0%   0.465 GC:2    +
   44    96  1   0.0%   0.575 GU:2    +
   71    76  1   0.0%   1.168 AU:2    +
   50    94  1   0.0%   0.534 GU:2    +
  108   123  1   0.0%   0.129 UA:2    +
   44   102  1   0.0%   0.990 GC:2    +
   49    65  1   0.0%   0.006 GC:2    +
   63    80  1   0.0%   0.921 UA:2    +
   90    94  1   0.0%   0.793 AU:2    +
  148   155  1   0.0%   0.289 GC:2    +
   64    89  1   0.0%   1.230 GU:2    +
   63    97  1   0.0%   1.284 UA:2    +
   40    97  1   0.0%   0.035 UA:2    +
   40   157  1   0.0%   0.086 UA:2    +
   44   101  1   0.0%   0.993 GU:2    +
   13   157  1   0.0%   0.751 UA:2    +
   96   100  1   0.0%   0.473 UA:2    +
   55    96  1   0.0%   0.468 AU:2    +
    6    44  1   0.0%   0.214 UG:2    +
  103   150  1   0.0%   0.357 UA:2    +
  103   116  1   0.0%   0.064 UG:2    +
   41   106  1   0.0%   0.146 AU:2    +
  103   158  1   0.0%   1.271 UG:2    +
  106   114  1   0.0%   0.008 UA:2    +
  103   119  1   0.0%   0.065 UA:2    +
  105   158  1   0.0%   0.852 UG:2    +
   61    67  1   0.0%   0.073 AU:2    +
   55   146  1   0.0%   0.110 AU:2    +
   70    94  1   0.0%   0.486 AU:2    +
  105   160  1   0.0%   0.439 UA:2    +
   55    67  1   0.0%   0.061 AU:2    +
  105   126  1   0.0%   0.419 UA:2    +
  100   129  1   0.0%   0.102 AU:2    +
   45   100  1   0.0%   0.875 UA:2    +
   43    52  1   0.0%   0.053 UG:2    +
   52    84  1   0.0%   0.037 GC:2    +
   56   145  1   0.0%   0.065 AU:2    +
    3   105  1   0.0%   0.102 AU:2    +
   64    96  1   0.0%   0.891 GU:2    +
  100   139  1   0.0%   0.105 AU:2    +
  100   151  1   0.0%   0.105 AU:2    +
  100   146  1   0.0%   0.105 AU:2    +
   97   105  1   0.0%   0.377 AU:2    +
  105   150  1   0.0%   0.073 UA:2    +
   61    86  1   0.0%   0.461 AU:2    +
  103   113  1   0.0%   0.064 UA:2    +
   44    54  1   0.0%   0.209 GC:2    +
  108   124  1   0.0%   0.336 UA:2    +
  106   116  1   0.0%   0.008 UG:2    +
  142   158  1   0.0%   1.143 UG:2    +
   76    80  1   0.0%   0.784 UA:2    +
   80    87  1   0.0%   0.402 AU:2    +
   52   109  1   0.0%   0.081 GC:2    +
   51   110  1   0.0%   0.099 AU:2    +
   47   106  1   0.0%   0.856 GU:2    +
   61    66  1   0.0%   0.079 AU:2    +
   43   127  1   0.0%   0.457 UA:2    +
   46   112  1   0.0%   0.773 AU:2    +
   61    96  1   0.0%   0.724 AU:2    +
   44   153  1   0.0%   1.042 GU:2    +
   46   139  1   0.0%   0.773 AU:2    +
   52    60  1   0.0%   0.006 GC:2    +
   81    86  1   0.0%   0.221 GU:2    +
  109   125  1   0.0%   0.235 CG:2    +
   43   147  1   0.0%   0.457 UG:2    +
  108   114  1   0.0%   0.002 UA:2    +
  117   152  1   0.0%   0.007 AU:2    +
  103   134  1   0.0%   0.358 UG:2    +
   30   104  1   0.0%   0.072 UA:2    +
  100   130  1   0.0%   0.102 AU:2    +
  105   149  1   0.0%   0.075 UA:2    +
   48   105  1   0.0%   1.034 AU:2    +
   48   110  1   0.0%   1.001 AU:2    +
   56    94  1   0.0%   0.431 AU:2    +
  106   160  1   0.0%   0.588 UA:2    +
  105   117  1   0.0%   0.035 UA:2    +
  108   150  1   0.0%   0.086 UA:2    +
  106   148  1   0.0%   0.222 UG:2    +
   98   118  1   0.0%   0.406 CG:2    +
   43   125  1   0.0%   0.470 UG:2    +
   72    76  1   0.0%   1.524 AU:2    +
   29    33  1   0.0%   0.422 UA:2    +
  106   149  1   0.0%   0.222 UA:2    +
   92   105  1   0.0%   0.395 AU:2    +
   43   126  1   0.0%   0.457 UA:2    +
   58    94  1   0.0%   0.422 GU:2    +
  136   145  1   0.0%   0.067 AU:2    +
  103   160  1   0.0%   0.858 UA:2    +
   68    94  1   0.0%   0.397 AU:2    +
   94   137  1   0.0%   0.409 UA:2    +
   69    94  1   0.0%   0.420 AU:2    +
   44   138  1   0.0%   1.030 GC:2    +
  108   157  1   0.0%   0.853 UA:2    +
   44   103  1   0.0%   0.990 GU:2    +
  110   124  1   0.0%   0.252 UA:2    +
   43   121  1   0.0%   0.453 UG:2    +
   43   119  1   0.0%   0.434 UA:2    +
   41   108  1   0.0%   0.145 AU:2    +
  109   121  1   0.0%   0.271 CG:2    +
   61    93  1   0.0%   0.694 AU:2    +
  122   135  1   0.0%   0.015 CG:2    +
  118   151  1   0.0%   0.004 GU:2    +
   39   103  1   0.0%   0.011 AU:2    +
  106   117  1   0.0%   0.008 UA:2    +
   43    72  1   0.0%   0.059 UA:2    +
    7    43  1   0.0%   0.052 AU:2    +
  135   155  1   0.0%   0.284 GC:2    +
   43    51  1   0.0%   0.053 UA:2    +
  105   148  1   0.0%   0.075 UG:2    +
   52   145  1   0.0%   0.082 GU:2    +
   47   122  1   0.0%   0.861 GC:2    +
   42    52  1   0.0%   0.016 CG:2    +
   64    84  1   0.0%   0.517 GC:2    +
  122   140  1   0.0%   0.014 CG:2    +
   56   133  1   0.0%   0.064 AU:2    +
   42    73  1   0.0%   0.022 CG:2    +
   38    46  1   0.0%   0.059 UA:2    +
   41   105  1   0.0%   0.145 AU:2    +
    3    94  1   0.0%   0.101 AU:2    +
   44    88  1   0.0%   0.215 GU:2    +
  109   156  1   0.0%   0.539 CG:2    +
   99   118  1   0.0%   0.124 CG:2    +
...((((((((...((((......)))).....))))))))..((((((((((((...(((.(........).))).....))))))).....)))))..(((....((((....))))....)))((((((.((((....)))).))))))........
