6 sequence; length of alignment 161
alifold output
  114   129  0  99.1%   0.084 AU:6   
  107   134  0  98.9%   0.108 UA:6   
  118   125  0  97.9%   0.102 GU:2    AU:4   
  101   138  0  97.8%   0.102 GC:4    GU:2   
  106   135  1  99.1%   0.100 GC:5   
  113   130  2  99.1%   0.083 CG:4   
   99   140  0  98.4%   0.109 UA:6   
  115   128  0  96.9%   0.132 GC:2    AU:4   
   98   141  0  97.7%   0.214 GC:6   
  119   124  0  96.6%   0.162 UG:1    UA:5   
  100   139  2  98.2%   0.094 UA:4   
  108   133  2  97.5%   0.122 AU:4   
  117   126  0  94.4%   0.208 UA:6   
   97   142  1  94.7%   0.303 UA:5   
  112   131  0  93.9%   0.185 UA:6   
  105   136  2  89.2%   0.472 AU:4   
   29    59  0  85.9%   0.688 CG:4    UG:2   
   27    61  1  85.7%   0.434 CG:1    GC:1    GU:2    UG:1   
   28    60  0  86.0%   0.681 CG:6   
   19    68  0  82.9%   0.508 CG:2    UG:2    UA:2   
   20    67  1  83.7%   0.522 UG:2    AU:2    UA:1   
   96   143  0  82.5%   0.857 AU:6   
   15    72  2  82.5%   0.628 GC:3    GU:1   
   39    49  1  80.8%   0.832 GC:3    GU:1    AU:1   
   16    71  2  81.9%   0.579 UA:4   
   21    66  2  81.7%   0.607 GC:4   
   40    48  1  80.5%   1.037 GU:1    AU:4   
   17    70  1  79.7%   0.636 AU:4    UA:1   
   41    47  1  79.3%   0.995 GC:4    GU:1   
   14    73  1  78.1%   0.735 AU:5   
   38    50  2  75.5%   1.158 AU:4   
   26    62  3  75.3%   0.825 UG:2    UA:1   
  109   132  1  69.9%   0.797 UG:1    UA:4   
   30    58  2  69.8%   1.020 AU:4   
   13    74  1  65.2%   0.929 AU:5   
   25    63  3  64.3%   1.094 UA:3   
   95   144  0  61.3%   1.624 AU:6   
   81   155  0  49.1%   1.409 CG:4    AU:2    +
    2    83  0  49.5%   1.113 CG:6   
    3    82  0  49.5%   1.140 UA:6   
   83   153  0  49.2%   1.452 GC:6    +
    1    84  0  49.1%   1.073 CG:6   
   84   152  0  49.1%   1.470 GC:6    +
   24    64  2  48.8%   1.270 UG:2    AU:1    UA:1   
    4    81  2  49.4%   1.173 GC:4   
   82   154  3  49.1%   1.406 AU:3    +
    5    80  2  40.1%   1.215 UA:4   
   80   156  3  35.7%   1.585 AU:3    +
   91   147  0  27.0%   1.642 GC:6    +
   86   148  3  23.0%   1.058 AU:2    UA:1    +
   87   147  2  22.8%   1.048 GC:4    +
   85   149  2  21.8%   1.114 CG:4    +
   93   145  0  20.3%   1.321 UA:6    +
   32    57  0  19.7%   1.184 UA:6    +
   33    56  1  19.5%   1.757 GU:3    AU:2    +
   94   144  0  16.6%   1.214 GU:6    +
   34    55  0  15.9%   1.694 GU:6    +
   10    76  0  14.7%   0.942 UG:3    UA:3    +
   11    75  0  15.1%   0.998 AU:6    +
   64    73  0  13.0%   1.409 GU:3    AU:2    UA:1    +
   62    75  0  13.9%   1.520 GU:2    AU:4    +
   60    77  0  14.0%   0.968 GC:6    +
   59    78  0  14.0%   0.961 GC:6    +
   88   146  2  14.6%   0.888 UG:4    +
   61    76  3  13.9%   1.397 UG:1    UA:2    +
   63    74  1  13.7%   1.547 AU:5    +
   29    51  0  10.4%   0.790 CG:4    UA:2    +
   93   146  0  11.4%   1.498 UG:6    +
   90   149  0  10.7%   1.438 UG:6    +
   89   150  0  10.4%   0.972 AU:6    +
   28    52  1  10.4%   0.785 CG:5    +
   33    55  1   9.2%   1.243 GU:3    AU:2    +
   95   143  0   8.4%   0.796 AU:6    +
   30    50  3   8.9%   0.675 AU:3    +
   90   145  0   8.2%   0.657 UA:6    +
  103   137  1   7.8%   0.654 AU:1    UA:4    +
   91   144  0   7.2%   0.614 GU:6    +
   92   143  0   5.6%   0.502 AU:6    +
   34    47  0   4.5%   0.767 GC:5    GU:1    +
   39    47  1   4.8%   0.752 GC:4    GU:1    +
   34    46  0   3.8%   0.466 GC:3    GU:3    +
   91   148  1   5.2%   1.578 GU:5    +
   40    46  2   4.7%   0.708 GC:1    AU:3    +
   89   148  1   4.7%   0.859 AU:5    +
   33    48  1   4.2%   0.615 GU:3    AU:2    +
  146   156  2   4.2%   1.441 GC:1    GU:3    +
   32    51  0   2.8%   0.605 UG:4    UA:2    +
  147   155  2   4.3%   1.629 CG:4    +
   33    47  2   3.9%   0.471 GC:3    AU:1    +
  145   157  1   3.9%   1.176 AU:5    +
   38    48  0   3.4%   0.626 AU:6    +
   88   149  2   3.9%   1.080 UG:4    +
  104   136  2   3.9%   0.419 AU:4    +
   34    49  1   3.2%   0.707 GC:3    GU:2    +
  144   158  0   3.1%   1.358 UA:6    +
   25    67  0   0.1%   0.666 GU:1    UG:2    AU:2    UA:1    +
   12    76  2   2.8%   0.685 CG:1    UG:2    UA:1    +
  106   127  0   0.7%   0.113 GC:1    GU:4    AU:1    +
   13    75  0   2.7%   0.982 AU:6    +
   31    52  2   2.7%   0.596 CG:2    UG:1    UA:1    +
   23    56  0   1.6%   0.323 GU:2    AU:4    +
   33    50  2   2.9%   0.888 GU:3    AU:1    +
   93   142  1   3.1%   0.340 UA:5    +
   35    46  3   3.3%   0.502 AU:3    +
    5    17  0   1.6%   0.232 AU:2    UA:4    +
  118   127  0   0.4%   0.128 GC:1    GU:1    AU:4    +
   35    48  0   2.3%   0.549 AU:6    +
   87   156  0   0.3%   0.994 GC:1    GU:3    UA:2    +
   94   147  0   2.2%   1.372 GC:6    +
   26    39  0   0.2%   0.077 CG:3    UG:2    UA:1    +
    7    23  0   0.2%   0.152 CG:1    UG:1    UA:4    +
   26    52  0   0.1%   0.081 CG:3    UG:2    UA:1    +
    4    26  0   0.1%   0.120 GC:3    GU:1    AU:2    +
  149   160  0   1.1%   1.197 GC:1    GU:5    +
   21    26  0   0.1%   0.074 GC:3    GU:1    AU:2    +
   15   160  0   0.1%   0.412 GC:1    GU:4    AU:1    +
   68   160  0   0.0%   0.261 GC:1    GU:3    AU:2    +
  106   138  0   0.0%   0.107 GC:4    GU:1    AU:1    +
   23   160  0   0.0%   0.227 GC:1    GU:1    AU:4    +
   15    26  0   0.0%   0.156 GC:3    GU:2    AU:1    +
   26    51  0   0.0%   0.062 CG:3    UG:1    UA:2    +
   29    52  0   0.0%   0.558 CG:4    UG:1    UA:1    +
   12    68  0   0.0%   0.051 CG:3    UG:1    UA:2    +
   29    39  0   0.0%   0.082 CG:4    UG:1    UA:1    +
   23   157  0   0.0%   0.214 GC:1    GU:1    AU:4    +
   15   157  0   0.0%   0.392 GC:1    GU:4    AU:1    +
   64    70  0   0.0%   0.562 GU:3    AU:2    UA:1    +
   15    29  0   0.0%   0.145 GC:4    GU:1    AU:1    +
   33    79  0   0.0%   1.056 GU:3    AU:2    UA:1    +
    9    73  0   0.0%   0.050 GU:2    AU:3    UA:1    +
    9    70  0   0.0%   0.050 GU:2    AU:3    UA:1    +
   52   157  0   0.0%   0.415 GC:1    GU:4    AU:1    +
   42    64  0   0.0%   0.424 GU:1    UG:3    UA:2    +
  106   128  0   0.0%   0.076 GC:2    GU:3    AU:1    +
   66    87  0   0.0%   0.174 CG:4    GU:1    AU:1    +
   52   160  0   0.0%   0.423 GC:1    GU:4    AU:1    +
   39   157  0   0.0%   0.409 GC:1    GU:4    AU:1    +
   68   157  0   0.0%   0.239 GC:1    GU:3    AU:2    +
    9    42  0   0.0%   0.047 GU:2    UG:1    AU:3    +
  109   130  0   0.0%   0.069 CG:1    UG:3    UA:2    +
   15   127  0   0.0%   0.349 GC:1    GU:4    AU:1    +
   50    68  0   0.0%   0.818 CG:2    UG:2    UA:2    +
    8    76  0   1.0%   0.267 UG:3    UA:3    +
   94   141  0   1.9%   0.264 GC:6    +
  143   159  0   1.8%   0.916 UA:6    +
  109   124  0   0.7%   0.108 CG:1    UA:5    +
   40    50  1   1.5%   1.107 GC:1    AU:4    +
  149   153  0   1.5%   1.399 GC:6    +
   98   138  0   0.5%   0.119 GC:4    GU:2    +
    8    14  0   1.5%   0.268 UA:6    +
   76   160  1   1.4%   1.067 GU:3    AU:2    +
    4    10  0   0.3%   0.061 GU:4    AU:2    +
   23    55  0   0.3%   0.138 GU:2    AU:4    +
   19    34  0   0.3%   0.084 CG:2    UG:4    +
   88   155  0   0.3%   0.897 UG:4    AU:2    +
   22    56  0   0.3%   0.152 GU:1    AU:5    +
   14    74  1   1.8%   0.856 AU:5    +
   21    32  0   0.3%   0.123 GU:4    AU:2    +
    8    21  0   0.3%   0.162 UG:4    UA:2    +
   79   158  1   1.7%   0.418 UA:5    +
   75   161  0   1.2%   0.980 UA:6    +
   41    49  2   1.5%   0.706 GC:3    GU:1    +
   12   149  0   0.2%   0.198 CG:3    UG:3    +
   91   157  0   0.2%   1.003 GC:1    GU:5    +
   23    69  0   0.2%   0.197 GC:2    AU:4    +
    8    22  0   0.2%   0.160 UG:1    UA:5    +
   21    56  0   0.1%   0.124 GU:4    AU:2    +
   22    55  0   0.1%   0.105 GU:1    AU:5    +
    9   160  1   0.6%   0.285 GC:1    GU:1    AU:3    +
  149   157  0   0.1%   1.179 GC:1    GU:5    +
   25    54  3   1.9%   0.300 UA:3    +
   10    15  0   0.1%   0.164 UG:5    UA:1    +
   98   133  0   0.1%   0.025 GC:2    GU:4    +
   99   132  0   0.1%   0.024 UG:1    UA:5    +
   10    21  0   0.1%   0.084 UG:4    UA:2    +
   22    32  0   0.1%   0.094 GU:1    AU:5    +
   26    53  3   1.8%   0.290 UA:3    +
   21    29  0   0.1%   0.075 GC:4    AU:2    +
   21    58  0   0.1%   0.121 GU:4    AU:2    +
   22    58  0   0.1%   0.129 GU:1    AU:5    +
    9    75  1   1.1%   0.199 GU:2    AU:3    +
    4    32  0   0.1%   0.129 GU:4    AU:2    +
   87   152  2   1.7%   1.036 GC:4    +
   23    58  0   0.1%   0.186 GU:2    AU:4    +
  150   159  0   1.1%   0.787 UA:6    +
   86   155  0   0.1%   0.753 UG:4    AU:2    +
  146   153  0   1.1%   1.120 GC:6    +
   71   157  0   0.1%   0.245 GC:1    AU:5    +
    3    51  0   0.1%   0.108 UG:4    UA:2    +
   22    48  0   0.1%   0.080 GU:1    AU:5    +
   34    50  0   0.0%   0.806 GC:2    GU:4    +
   77    84  0   1.0%   0.779 CG:6    +
   78    83  0   1.0%   0.770 CG:6    +
   94   138  0   0.0%   0.037 GC:4    GU:2    +
   24    55  3   1.8%   0.324 AU:3    +
   37    55  0   0.0%   0.734 GU:1    AU:5    +
   10    23  0   0.0%   0.067 UG:2    UA:4    +
   94   157  0   0.0%   0.721 GC:1    GU:5    +
   29    34  0   0.0%   0.146 CG:4    UG:2    +
    4     8  0   0.0%   0.007 GU:4    AU:2    +
   91   100  0   0.0%   0.034 GC:2    GU:4    +
    4    93  0   0.0%   0.483 GU:4    AU:2    +
   26    34  0   0.0%   0.069 CG:3    UG:3    +
    8    37  0   0.0%   0.130 UG:1    UA:5    +
  107   132  0   0.0%   0.052 UG:1    UA:5    +
    4    29  0   0.0%   0.115 GC:4    AU:2    +
  101   133  0   0.0%   0.015 GC:2    GU:4    +
   87   151  2   1.4%   0.610 GU:2    UA:2    +
  112   132  0   0.0%   0.325 UG:1    UA:5    +
   99   124  0   0.0%   0.008 UG:1    UA:5    +
   37    48  0   0.0%   0.281 GU:1    AU:5    +
   32    52  0   0.0%   0.508 UG:5    UA:1    +
  117   124  0   0.0%   0.044 UG:1    UA:5    +
    4   144  0   0.0%   0.483 GU:4    AU:2    +
    8    15  0   0.0%   0.214 UG:5    UA:1    +
  120   127  0   0.0%   0.128 GC:1    GU:5    +
   51    56  0   0.0%   0.847 GU:4    AU:2    +
   91   160  0   0.0%   0.960 GC:1    GU:5    +
   19    23  0   0.0%   0.050 CG:2    UA:4    +
    4    75  0   0.0%   0.126 GU:4    AU:2    +
    3    21  0   0.0%   0.092 UG:4    UA:2    +
   37    56  0   0.0%   0.540 GU:1    AU:5    +
   23    32  0   0.0%   0.084 GU:2    AU:4    +
  146   160  0   0.0%   0.972 GC:1    GU:5    +
  146   157  0   0.0%   1.081 GC:1    GU:5    +
   81    87  0   0.0%   0.361 CG:4    AU:2    +
    3    76  0   0.0%   0.097 UG:3    UA:3    +
   15    55  0   0.0%   0.157 GU:5    AU:1    +
   51    58  0   0.0%   0.648 GU:4    AU:2    +
    6    16  3   1.5%   0.213 AU:2    UA:1    +
   71    90  0   0.0%   0.180 GU:1    AU:5    +
    5   155  0   0.0%   0.487 UG:4    AU:2    +
  100   149  0   0.0%   0.803 CG:2    UG:4    +
    3    22  0   0.0%   0.076 UG:1    UA:5    +
   93   130  0   0.0%   0.011 UG:4    UA:2    +
   39    48  0   0.0%   0.534 GU:5    AU:1    +
   90   132  0   0.0%   0.017 UG:1    UA:5    +
    8    23  0   0.0%   0.144 UG:2    UA:4    +
   12    34  0   0.0%   0.056 CG:3    UG:3    +
   39    56  0   0.0%   0.839 GU:5    AU:1    +
   68    93  0   0.0%   0.181 GU:4    AU:2    +
   94   160  0   0.0%   0.685 GC:1    GU:5    +
   23    50  0   0.0%   0.071 GC:2    AU:4    +
    8    39  0   0.0%   0.130 UG:5    UA:1    +
   26    60  0   0.0%   0.146 CG:3    UG:3    +
  107   118  0   0.0%   0.003 UG:2    UA:4    +
   15    58  0   0.0%   0.157 GU:5    AU:1    +
  106   119  0   0.0%   0.002 GU:5    AU:1    +
   10    22  0   0.0%   0.065 UG:1    UA:5    +
   19    62  0   0.0%   0.039 CG:2    UA:4    +
  107   115  0   0.0%   0.002 UG:2    UA:4    +
    4    90  0   0.0%   0.477 GU:4    AU:2    +
    3    23  0   0.0%   0.076 UG:2    UA:4    +
   98   160  0   0.0%   0.242 GC:1    GU:5    +
   71   160  0   0.0%   0.253 GC:1    AU:5    +
   76   150  0   0.0%   0.777 GU:3    AU:3    +
   15    75  0   0.0%   0.776 GU:5    AU:1    +
  115   125  0   0.0%   0.040 GU:2    AU:4    +
   39    55  0   0.0%   1.033 GU:5    AU:1    +
    8    51  0   0.0%   0.138 UG:4    UA:2    +
   23    48  0   0.0%   0.071 GU:2    AU:4    +
  112   130  0   0.0%   0.037 UG:4    UA:2    +
   52    56  0   0.0%   0.847 GU:5    AU:1    +
   68    75  0   0.0%   0.894 GU:4    AU:2    +
    3    15  0   0.0%   0.111 UG:5    UA:1    +
    7    34  0   0.0%   0.134 CG:1    UG:5    +
    4    56  0   0.0%   0.122 GU:4    AU:2    +
   32    37  0   0.0%   0.046 UG:1    UA:5    +
   71    75  0   0.0%   0.888 GU:1    AU:5    +
   98   109  0   0.0%   0.004 GC:1    GU:5    +
    4    58  0   0.0%   0.122 GU:4    AU:2    +
   10    51  0   0.0%   0.055 UG:4    UA:2    +
   91   133  0   0.0%   0.031 GC:2    GU:4    +
    8    52  0   0.0%   0.138 UG:5    UA:1    +
   21    75  0   0.0%   0.726 GU:4    AU:2    +
    5    87  0   0.0%   0.482 UG:4    AU:2    +
  130   138  0   0.0%   0.098 GC:4    AU:2    +
   12    91  0   0.0%   0.168 CG:3    UG:3    +
   94   100  0   0.0%   0.028 GC:2    GU:4    +
   52    58  0   0.0%   0.648 GU:5    AU:1    +
   62    69  0   0.0%   0.271 GC:2    AU:4    +
   34   157  0   0.0%   0.842 GC:1    GU:5    +
   19   149  0   0.0%   0.212 CG:2    UG:4    +
   37    58  0   0.0%   0.342 GU:1    AU:5    +
   21    48  0   0.0%   0.083 GU:4    AU:2    +
   65   155  0   0.0%   0.014 CG:4    AU:2    +
   64   156  1   0.0%   0.648 GC:1    GU:2    AU:1    UA:1    +
   47    59  0   0.0%   0.738 CG:5    UG:1    +
    8    71  0   0.0%   0.128 UG:1    UA:5    +
   51    55  0   0.0%   1.039 GU:4    AU:2    +
   46    60  0   0.0%   0.535 CG:3    UG:3    +
  101   157  0   0.0%   0.228 GC:1    GU:5    +
   10    71  0   0.0%   0.047 UG:1    UA:5    +
   32    39  0   0.0%   0.069 UG:5    UA:1    +
    7   146  0   0.0%   0.158 CG:1    UG:5    +
    4    55  0   0.0%   0.122 GU:4    AU:2    +
    4   138  0   0.0%   0.479 GC:4    AU:2    +
   10    37  0   0.0%   0.046 UG:1    UA:5    +
   21    55  0   0.0%   0.093 GU:4    AU:2    +
  112   118  0   0.0%   0.001 UG:2    UA:4    +
   17    88  0   0.0%   0.290 AU:4    UA:2    +
   12   146  0   0.0%   0.163 CG:3    UG:3    +
   16   155  0   0.0%   0.264 UG:4    AU:2    +
  109   149  0   0.0%   1.066 CG:1    UG:5    +
   83   157  0   0.0%   0.919 GC:1    GU:5    +
   99   106  0   0.0%   0.003 UG:5    UA:1    +
   18    87  0   0.0%   0.104 GU:2    UG:4    +
   48    52  0   0.0%   0.891 UG:5    UA:1    +
   15    90  0   0.0%   0.357 GU:5    AU:1    +
   71   150  0   0.0%   0.184 GU:1    AU:5    +
  103   155  0   0.0%   0.652 UG:4    AU:2    +
   69    91  0   0.0%   0.029 CG:2    UG:4    +
   19    60  0   0.0%   0.038 CG:2    UG:4    +
  115   129  0   0.0%   0.078 GU:2    AU:4    +
   12    94  0   0.0%   0.162 CG:3    UG:3    +
    4   150  0   0.0%   0.481 GU:4    AU:2    +
   15    56  0   0.0%   0.158 GU:5    AU:1    +
   15    48  0   0.0%   0.147 GU:5    AU:1    +
   69   146  0   0.0%   0.027 CG:2    UG:4    +
   50    59  0   0.0%   0.776 CG:2    UG:4    +
   76    93  0   0.0%   0.767 GU:3    AU:3    +
   10   132  0   0.0%   0.343 UG:1    UA:5    +
   15    32  0   0.0%   0.154 GU:5    AU:1    +
   34   160  0   0.0%   0.850 GC:1    GU:5    +
   90   118  0   0.0%   0.015 UG:2    UA:4    +
   56    62  0   0.0%   0.731 UG:2    UA:4    +
  106   121  0   0.0%   0.002 GU:5    AU:1    +
   10    68  0   0.0%   0.047 UG:4    UA:2    +
   10    52  0   0.0%   0.055 UG:5    UA:1    +
   99   115  0   0.0%   0.003 UG:2    UA:4    +
   98   116  0   0.0%   0.004 GC:2    GU:4    +
  117   130  0   0.0%   0.103 UG:4    UA:2    +
   93   132  0   0.0%   0.011 UG:1    UA:5    +
   84   157  0   0.0%   0.939 GC:1    GU:5    +
  118   129  0   0.0%   0.090 GU:2    AU:4    +
  133   149  0   0.0%   0.824 CG:2    UG:4    +
   50    62  0   0.0%   0.896 CG:2    UA:4    +
   56    76  0   0.0%   0.920 UG:3    UA:3    +
  132   150  0   0.0%   0.666 GU:1    AU:5    +
    4    48  0   0.0%   0.118 GU:4    AU:2    +
  138   146  0   0.0%   0.628 CG:4    UG:2    +
   22    75  0   0.0%   0.558 GU:1    AU:5    +
   60    69  0   0.0%   0.150 GC:2    GU:4    +
  115   119  0   0.0%   0.020 GU:2    AU:4    +
    3    37  0   0.0%   0.088 UG:1    UA:5    +
  116   120  0   0.0%   0.044 CG:2    UG:4    +
   58    68  0   0.0%   0.455 UG:4    UA:2    +
   39    58  0   0.0%   0.642 GU:5    AU:1    +
   50    60  0   0.0%   0.775 CG:2    UG:4    +
   97   106  0   0.0%   0.004 UG:5    UA:1    +
    7    91  0   0.0%   0.152 CG:1    UG:5    +
    3    52  0   0.0%   0.104 UG:5    UA:1    +
   69    84  0   0.0%   0.369 CG:2    UG:4    +
   58    71  0   0.0%   0.450 UG:1    UA:5    +
   71   144  0   0.0%   0.173 GU:1    AU:5    +
    3    71  0   0.0%   0.094 UG:1    UA:5    +
   71    93  0   0.0%   0.174 GU:1    AU:5    +
    4    97  0   0.0%   0.479 GU:4    AU:2    +
  120   133  0   0.0%   0.117 GC:2    GU:4    +
  119   132  0   0.0%   0.340 UG:1    UA:5    +
    7   149  0   0.0%   0.156 CG:1    UG:5    +
   93   115  0   0.0%   0.009 UG:2    UA:4    +
    7    94  0   0.0%   0.157 CG:1    UG:5    +
  138   149  0   0.0%   0.824 CG:4    UG:2    +
   18   155  0   0.0%   0.097 GU:2    UG:4    +
   26    59  0   0.0%   0.145 CG:3    UG:3    +
  109   120  0   0.0%   0.002 CG:1    UG:5    +
   48    62  0   0.0%   0.776 UG:2    UA:4    +
   68    90  0   0.0%   0.185 GU:4    AU:2    +
   69    94  0   0.0%   0.024 CG:2    UG:4    +
    7    15  1   1.5%   0.276 UG:5    +
   32    54  0   1.0%   0.400 UA:6    +
    9   157  1   0.5%   0.237 GC:1    GU:1    AU:3    +
   76   157  1   1.0%   0.965 GU:3    AU:2    +
   75   158  0   1.0%   0.923 UA:6    +
   92   150  0   0.9%   0.680 AU:6    +
   28    34  0   0.9%   0.172 CG:6    +
    8    80  0   0.9%   0.686 UA:6    +
   93   149  0   0.8%   1.541 UG:6    +
   20    33  1   0.3%   0.109 UG:3    AU:1    UA:1    +
   80   157  1   1.3%   1.119 AU:5    +
  107   126  0   0.7%   0.113 UA:6    +
  108   125  0   0.7%   0.112 AU:6    +
    9    20  1   0.2%   0.074 GU:1    AU:3    UA:1    +
    5     9  1   0.2%   0.047 UG:1    AU:1    UA:3    +
  104   129  0   0.7%   0.108 AU:6    +
    9    79  2   1.0%   0.241 GU:1    AU:3    +
  142   160  1   1.2%   0.465 AU:5    +
    3    14  0   0.6%   0.138 UA:6    +
   91   152  0   0.6%   1.278 GC:6    +
   34    56  0   0.6%   1.298 GU:6    +
    9    16  1   0.1%   0.103 GU:1    AU:3    UA:1    +
   10   159  0   0.6%   0.481 UA:6    +
    4    18  2   1.3%   0.210 GU:4    +
   87   150  2   1.3%   0.561 GU:4    +
   91   150  0   0.6%   1.144 GU:6    +
   35    55  0   0.6%   0.973 AU:6    +
    9    18  1   0.0%   0.089 GU:1    UG:1    AU:3    +
   98   135  0   0.5%   0.096 GC:6    +
    9    88  1   0.0%   0.153 GU:1    AU:3    UA:1    +
   15    49  1   0.0%   0.153 GC:3    GU:1    AU:1    +
   16    33  1   0.0%   0.100 UG:3    AU:1    UA:1    +
   99   134  0   0.5%   0.099 UA:6    +
    9    19  1   0.0%   0.031 GC:1    GU:1    AU:3    +
   16    64  1   0.0%   0.089 UG:3    AU:1    UA:1    +
   25    61  1   0.0%   0.154 GU:1    UG:2    AU:2    +
   25    45  1   0.0%   0.047 GC:1    UG:2    UA:1    --:1    +
    9    50  1   0.0%   0.050 GC:1    GU:1    AU:3    +
   30    43  1   0.0%   0.035 UG:1    AU:3    UA:1    +
   18    67  1   0.0%   0.091 GU:2    UG:2    UA:1    +
   18    33  1   0.0%   0.085 GU:1    UG:3    UA:1    +
   67    86  1   0.0%   0.184 GU:2    AU:1    UA:2    +
    9    69  1   0.0%   0.050 GC:1    GU:1    AU:3    +
   20    64  1   0.0%   0.072 UG:3    AU:1    UA:1    +
    5    64  1   0.0%   0.113 UG:3    AU:1    UA:1    +
   16    67  1   0.0%   0.089 UG:2    AU:2    UA:1    +
    9    86  1   0.0%   0.147 GU:1    AU:3    UA:1    +
   18    64  1   0.0%   0.091 GU:1    UG:3    UA:1    +
  118   133  1   0.0%   0.097 GC:1    GU:1    AU:3    +
   24    63  3   1.2%   0.328 UA:3    +
    8   158  0   0.5%   0.308 UA:6    +
    8   161  0   0.5%   0.336 UA:6    +
   29    33  2   0.8%   0.176 CG:3    UA:1    +
  119   126  0   0.4%   0.220 UA:6    +
    6    15  2   0.4%   0.107 CG:2    UG:1    UA:1    +
    8    13  0   0.4%   0.091 UA:6    +
   56    80  0   0.4%   0.984 UA:6    +
  113   120  0   0.4%   0.086 CG:6    +
  111   120  0   0.4%   0.063 CG:6    +
   27    33  2   0.0%   0.059 CG:1    GU:1    UG:1    UA:1    +
  120   125  0   0.3%   0.160 GU:6    +
  114   119  0   0.3%   0.058 AU:6    +
  110   121  0   0.3%   0.058 AU:6    +
    3    13  0   0.3%   0.078 UA:6    +
    3    11  0   0.3%   0.057 UA:6    +
   56   158  0   0.3%   0.600 UA:6    +
   55   159  0   0.3%   0.799 UA:6    +
  102   146  0   0.3%   0.611 CG:6    +
  101   147  0   0.3%   0.875 GC:6    +
  104   144  0   0.3%   1.023 AU:6    +
   76    85  3   1.0%   0.856 GC:3    +
    7    22  1   0.2%   0.141 UG:1    UA:4    +
   84   150  0   0.2%   0.471 GU:6    +
   37    43  2   0.5%   0.124 GC:1    AU:3    +
   23    42  1   0.2%   0.089 GU:1    AU:4    +
   11   150  0   0.2%   0.429 AU:6    +
  146   152  0   0.2%   1.071 GC:6    +
    2    15  1   0.7%   0.106 CG:5    +
  105   143  0   0.2%   0.705 AU:6    +
   22    70  1   0.2%   0.320 GU:1    AU:4    +
   92   144  0   0.2%   0.407 AU:6    +
   84   147  0   0.2%   0.438 GC:6    +
   90   158  0   0.2%   0.715 UA:6    +
   88   148  3   0.6%   0.767 AU:2    UA:1    +
   75   159  0   0.1%   0.918 UA:6    +
   80   150  0   0.1%   0.506 AU:6    +
   37    42  1   0.1%   0.054 GU:1    AU:4    +
   90   146  0   0.1%   0.551 UG:6    +
   91   153  0   0.1%   1.192 GC:6    +
   94   154  1   0.1%   0.924 GC:2    GU:3    +
   39    43  2   0.1%   0.112 GC:1    GU:2    AU:1    +
   24    30  1   0.1%   0.061 AU:2    UA:3    +
   89   144  0   0.1%   0.049 AU:6    +
  148   161  1   0.6%   0.942 UA:5    +
    4   160  1   0.1%   0.508 GU:4    AU:1    +
   10    89  0   0.1%   0.359 UA:6    +
    9    90  1   0.1%   0.170 GU:2    AU:3    +
   32    53  0   0.1%   0.256 UA:6    +
    2    34  0   0.1%   0.077 CG:6    +
    1    34  0   0.1%   0.032 CG:6    +
    3    33  1   0.1%   0.108 UG:3    UA:2    +
   83   147  0   0.1%   0.419 GC:6    +
    8    91  0   0.1%   0.237 UG:6    +
   97   134  0   0.1%   0.025 UA:6    +
   13    56  0   0.1%   0.077 AU:6    +
  145   154  3   0.8%   1.074 AU:3    +
   12    23  1   0.1%   0.073 CG:2    UA:3    +
  149   154  1   0.1%   1.274 GC:2    GU:3    +
   14    55  0   0.1%   0.155 AU:6    +
    3   161  0   0.1%   0.473 UA:6    +
    4    12  2   0.4%   0.090 GC:1    GU:3    +
   10    80  0   0.1%   0.777 UA:6    +
   98   152  0   0.1%   0.562 GC:6    +
   11    58  0   0.1%   0.082 AU:6    +
    3   158  0   0.1%   0.465 UA:6    +
  105   128  2   0.7%   0.111 AU:4    +
  150   158  0   0.1%   0.740 UA:6    +
   94   153  0   0.1%   0.920 GC:6    +
   10   158  0   0.1%   0.401 UA:6    +
    4   157  1   0.1%   0.496 GU:4    AU:1    +
   34    48  0   0.1%   0.507 GU:6    +
   21   157  1   0.1%   0.336 GU:4    AU:1    +
   94   150  0   0.1%   0.925 GU:6    +
   26    33  1   0.1%   0.067 CG:3    UA:2    +
   58    80  0   0.1%   0.755 UA:6    +
   10   161  0   0.1%   0.436 UA:6    +
   39    46  1   0.1%   0.299 GC:2    GU:3    +
   90   159  0   0.1%   0.668 UA:6    +
   91   141  0   0.1%   0.042 GC:6    +
   90    96  0   0.1%   0.023 UA:6    +
   21    49  1   0.1%   0.098 GC:3    AU:2    +
   43    51  2   0.1%   0.442 CG:1    UG:2    UA:1    +
   32    38  0   0.1%   0.057 UA:6    +
   39    50  1   0.0%   0.938 GC:1    GU:4    +
   31    39  2   0.0%   0.069 CG:2    UG:1    UA:1    +
   89   143  0   0.0%   0.029 AU:6    +
   89    97  0   0.0%   0.025 AU:6    +
   94   152  0   0.0%   0.982 GC:6    +
  101   135  0   0.0%   0.043 GC:6    +
  145   150  0   0.0%   0.983 AU:6    +
    2   146  0   0.0%   0.428 CG:6    +
    3   145  0   0.0%   0.455 UA:6    +
   17    24  1   0.0%   0.112 AU:3    UA:2    +
   58   159  0   0.0%   0.387 UA:6    +
   19    71  1   0.0%   0.369 CG:1    UA:4    +
    3     9  1   0.0%   0.008 UG:2    UA:3    +
   62    74  1   0.0%   0.635 GU:1    AU:4    +
   41    46  1   0.0%   0.429 GC:2    GU:3    +
   56   161  0   0.0%   0.566 UA:6    +
    9    24  2   0.0%   0.060 GU:1    AU:2    UA:1    +
   17    73  1   0.0%   0.509 AU:4    UA:1    +
   26    41  1   0.0%   0.067 CG:3    UG:2    +
   15    31  2   0.0%   0.154 GC:2    GU:1    AU:1    +
   89    93  0   0.0%   0.023 AU:6    +
    7    76  1   0.0%   0.132 UG:3    UA:2    +
   93   158  0   0.0%   0.949 UA:6    +
   92    99  0   0.0%   0.019 AU:6    +
  150   161  0   0.0%   0.607 UA:6    +
   57    79  1   0.5%   0.489 AU:5    +
  107   140  0   0.0%   0.077 UA:6    +
    6    39  2   0.0%   0.117 CG:2    UG:1    UA:1    +
   14    32  0   0.0%   0.145 AU:6    +
   14    75  0   0.0%   0.852 AU:6    +
   93    98  0   0.0%   0.014 UG:6    +
   35    56  0   0.0%   0.756 AU:6    +
   90    95  0   0.0%   0.016 UA:6    +
   41    50  1   0.0%   0.918 GC:1    GU:4    +
   26    64  1   0.0%   0.739 CG:3    UA:2    +
   21    43  2   0.0%   0.086 GC:1    GU:2    AU:1    +
  106   133  1   0.0%   0.053 GC:1    GU:4    +
    5    40  1   0.0%   0.116 AU:1    UA:4    +
   32    40  1   0.0%   0.070 UG:1    UA:4    +
    7    21  1   0.0%   0.115 UG:4    UA:1    +
   10    57  0   0.0%   0.051 UA:6    +
   18    31  2   0.0%   0.080 GC:1    GU:1    UA:2    +
    8    89  0   0.0%   0.219 UA:6    +
   47    52  1   0.0%   0.974 CG:4    UG:1    +
   22    42  1   0.0%   0.061 GU:1    AU:4    +
   11    56  0   0.0%   0.068 AU:6    +
   98   125  0   0.0%   0.009 GU:6    +
   97   126  0   0.0%   0.009 UA:6    +
  101   122  0   0.0%   0.006 GC:6    +
    9    58  1   0.0%   0.053 GU:2    AU:3    +
   15    73  1   0.5%   0.595 GU:5    +
  119   123  0   0.0%   0.027 UA:6    +
    3   159  0   0.0%   0.459 UA:6    +
   43    52  2   0.0%   0.441 CG:1    UG:2    UA:1    +
   15    74  1   0.0%   0.714 GU:4    AU:1    +
   94   143  0   0.0%   0.276 GU:6    +
    3    94  0   0.0%   0.450 UG:6    +
   74    87  1   0.0%   0.662 UG:4    AU:1    +
  102   120  0   0.0%   0.004 CG:6    +
   91   143  0   0.0%   0.041 GU:6    +
   15    47  1   0.0%   0.149 GC:4    GU:1    +
   96   144  0   0.0%   0.979 AU:6    +
   40    56  1   0.0%   0.886 GU:1    AU:4    +
   33    46  2   0.0%   0.089 GC:1    GU:2    AU:1    +
   98   150  0   0.0%   0.495 GU:6    +
    6    18  2   0.0%   0.145 CG:1    UG:1    AU:2    +
    4    49  1   0.0%   0.121 GC:3    AU:2    +
  121   126  0   0.0%   0.141 UA:6    +
   53    58  0   0.0%   0.383 AU:6    +
   14    48  0   0.0%   0.138 AU:6    +
   96   150  0   0.0%   0.572 AU:6    +
   97   149  0   0.0%   0.860 UG:6    +
    3    38  0   0.0%   0.091 UA:6    +
    6    27  2   0.0%   0.115 CG:2    UG:1    AU:1    +
   15    19  1   0.0%   0.142 GC:1    GU:4    +
    2    94  0   0.0%   0.420 CG:6    +
   19    40  1   0.0%   0.040 CG:1    UA:4    +
   33    43  2   0.0%   0.100 GU:2    UG:1    AU:1    +
   99   149  0   0.0%   0.850 UG:6    +
   90   161  0   0.0%   0.620 UA:6    +
   28    59  0   0.0%   0.292 CG:6    +
   38    55  0   0.0%   1.049 AU:6    +
   93   159  0   0.0%   0.901 UA:6    +
    4    79  1   0.0%   0.130 GU:4    AU:1    +
    8   159  0   0.0%   0.280 UA:6    +
  115   127  1   0.0%   0.042 GU:2    AU:3    +
    2   149  0   0.0%   0.425 CG:6    +
   18    41  1   0.0%   0.091 GU:1    UG:4    +
   84   153  0   0.0%   1.123 GC:6    +
   32    44  1   0.0%   0.051 UG:1    UA:4    +
   17    25  1   0.0%   0.098 AU:3    UA:2    +
   94   129  0   0.0%   0.028 GU:6    +
  117   123  0   0.0%   0.006 UA:6    +
   15    69  1   0.0%   0.155 GC:1    GU:4    +
    3    80  0   0.0%   0.097 UA:6    +
   15    50  1   0.0%   0.154 GC:1    GU:4    +
   29    41  1   0.0%   0.079 CG:4    UG:1    +
   17    42  1   0.0%   0.089 UG:1    AU:4    +
   14    56  0   0.0%   0.153 AU:6    +
   44    56  1   0.0%   0.489 GU:1    AU:4    +
   19    52  1   0.0%   0.050 CG:1    UG:4    +
   12    41  1   0.0%   0.044 CG:2    UG:3    +
   45    55  1   0.0%   0.681 GU:2    AU:2    --:1    +
   91   154  1   0.0%   1.175 GC:2    GU:3    +
   46    52  1   0.0%   0.768 CG:2    UG:3    +
   16    40  1   0.0%   0.088 AU:1    UA:4    +
   33    58  1   0.0%   1.276 GU:3    AU:2    +
   10    14  0   0.0%   0.141 UA:6    +
   12    33  2   0.0%   0.056 CG:1    UG:2    UA:1    +
   55    80  0   0.0%   1.113 UA:6    +
   40    55  1   0.0%   1.078 GU:1    AU:4    +
  104   117  0   0.0%   0.002 AU:6    +
   21    70  1   0.0%   0.467 GU:4    AU:1    +
    9    56  1   0.0%   0.049 GU:2    AU:3    +
    8    57  0   0.0%   0.129 UA:6    +
   67    73  2   0.0%   0.684 GU:2    AU:1    UA:1    +
   41   160  1   0.0%   0.335 GC:1    GU:4    +
   97   140  0   0.0%   0.039 UA:6    +
   13    32  0   0.0%   0.063 AU:6    +
   22   157  1   0.0%   0.163 GU:1    AU:4    +
   33   157  1   0.0%   1.045 GU:3    AU:2    +
   32   158  0   0.0%   0.568 UA:6    +
  146   154  1   0.0%   1.058 GC:2    GU:3    +
  146   150  0   0.0%   0.984 GU:6    +
   54    58  0   0.0%   0.441 AU:6    +
    7    40  1   0.0%   0.125 CG:1    UA:4    +
    2    91  0   0.0%   0.418 CG:6    +
  123   129  0   0.0%   0.051 AU:6    +
   75    80  0   0.0%   1.185 UA:6    +
   42    51  1   0.0%   0.413 UG:4    UA:1    +
  141   149  0   0.0%   0.878 CG:6    +
  121   131  0   0.0%   0.087 UA:6    +
    1   149  0   0.0%   0.376 CG:6    +
  101   107  0   0.0%   0.001 GU:6    +
  140   150  0   0.0%   0.425 AU:6    +
   93   161  0   0.0%   0.855 UA:6    +
  106   116  1   0.0%   0.002 GC:1    GU:4    +
  108   117  0   0.0%   0.003 AU:6    +
   24    33  2   0.0%   0.072 UG:2    AU:1    UA:1    +
  105   117  0   0.0%   0.002 AU:6    +
   98   111  0   0.0%   0.005 GC:6    +
   99   110  0   0.0%   0.004 UA:6    +
   67    74  2   0.0%   0.829 GU:2    AU:1    UA:1    +
   98   153  0   0.0%   0.484 GC:6    +
   68    73  1   0.0%   0.679 GU:3    AU:2    +
    8    44  1   0.0%   0.127 UG:1    UA:4    +
    9    93  1   0.0%   0.159 GU:2    AU:3    +
   10   149  0   0.0%   0.346 UG:6    +
   10    92  0   0.0%   0.351 UA:6    +
   21   160  1   0.0%   0.340 GU:4    AU:1    +
   10    44  1   0.0%   0.045 UG:1    UA:4    +
   99   159  0   0.0%   0.236 UA:6    +
   19    39  1   0.0%   0.038 CG:1    UG:4    +
    9   150  1   0.0%   0.157 GU:2    AU:3    +
   88   137  1   0.0%   0.017 AU:1    UA:4    +
   77   149  0   0.0%   0.350 CG:6    +
   10    54  0   0.0%   0.046 UA:6    +
   68    74  1   0.0%   0.825 GU:3    AU:2    +
   22   160  1   0.0%   0.171 GU:1    AU:4    +
   90    94  0   0.0%   0.034 UG:6    +
   83   154  1   0.0%   1.105 GC:2    GU:3    +
    8    53  0   0.0%   0.128 UA:6    +
    8    94  0   0.0%   0.226 UG:6    +
   63    75  0   0.0%   1.344 AU:6    +
    9    55  1   0.0%   0.048 GU:2    AU:3    +
   18    40  1   0.0%   0.090 GU:1    UA:4    +
   77    91  0   0.0%   0.345 CG:6    +
   38    56  0   0.0%   0.854 AU:6    +
   86   139  1   0.0%   0.010 AU:1    UA:4    +
   93   140  0   0.0%   0.014 UA:6    +
   20    40  1   0.0%   0.065 AU:1    UA:4    +
  144   159  0   0.0%   1.168 UA:6    +
   97   161  0   0.0%   0.198 UA:6    +
  144   161  0   0.0%   1.050 UA:6    +
    3    40  1   0.0%   0.090 UG:1    UA:4    +
    8    33  1   0.0%   0.138 UG:3    UA:2    +
   83   152  0   0.0%   0.405 GC:6    +
  107   114  0   0.0%   0.001 UA:6    +
   19    41  1   0.0%   0.038 CG:1    UG:4    +
    4    43  2   0.0%   0.118 GC:1    GU:2    AU:1    +
    9   154  2   0.0%   0.158 GC:1    GU:1    AU:2    +
   12    52  1   0.0%   0.054 CG:2    UG:3    +
    3    57  0   0.0%   0.095 UA:6    +
   74   159  1   0.5%   0.831 UA:5    +
    1    94  0   0.0%   0.375 CG:6    +
   10    33  1   0.0%   0.058 UG:3    UA:2    +
    9    32  1   0.0%   0.053 GU:2    AU:3    +
    3    89  0   0.0%   0.445 UA:6    +
   38    58  0   0.0%   0.658 AU:6    +
   11    32  0   0.0%   0.068 AU:6    +
   70    76  1   0.0%   0.912 UG:3    UA:2    +
    3    44  1   0.0%   0.090 UG:1    UA:4    +
    1    91  0   0.0%   0.375 CG:6    +
    6    52  2   0.0%   0.123 CG:2    UG:1    UA:1    +
    6    25  2   0.0%   0.109 UG:1    AU:2    UA:1    +
   78    91  0   0.0%   0.337 CG:6    +
   98   102  0   0.0%   0.004 GC:6    +
   95   150  0   0.0%   0.917 AU:6    +
    3    91  0   0.0%   0.445 UG:6    +
   25    31  2   0.0%   0.055 GU:1    AU:1    UA:2    +
   24    67  2   0.0%   0.727 UG:1    AU:2    UA:1    +
   10    35  0   0.0%   0.045 UA:6    +
   99   108  0   0.0%   0.003 UA:6    +
    2    84  0   0.0%   0.766 CG:6    +
   17    79  1   0.0%   0.338 AU:4    UA:1    +
   90   134  0   0.0%   0.017 UA:6    +
   44    48  1   0.0%   0.529 GU:1    AU:4    +
   39    74  1   0.0%   0.737 GU:4    AU:1    +
   97   110  0   0.0%   0.005 UA:6    +
   42    71  1   0.0%   0.227 UG:1    UA:4    +
   32    45  1   0.0%   0.049 UG:2    UA:2    --:1    +
  101   141  0   0.0%   0.133 GC:6    +
   34    78  0   0.0%   0.799 GC:6    +
   38    75  0   0.0%   0.822 AU:6    +
   22    74  1   0.0%   0.489 GU:1    AU:4    +
   48    57  0   0.0%   0.870 UA:6    +
    3    83  0   0.0%   0.792 UG:6    +
   17    74  1   0.0%   0.649 AU:4    UA:1    +
   21    79  1   0.0%   0.341 GU:4    AU:1    +
  103   139  1   0.0%   0.277 AU:1    UA:4    +
    1   146  0   0.0%   0.375 CG:6    +
    9   156  2   0.0%   0.158 GU:1    AU:2    UA:1    +
   48    53  0   0.0%   0.624 UA:6    +
   23    73  1   0.0%   0.401 GU:1    AU:4    +
    7    51  1   0.0%   0.133 UG:4    UA:1    +
   34   152  0   0.0%   0.796 GC:6    +
    2    59  0   0.0%   0.069 CG:6    +
   21    42  1   0.0%   0.081 GU:4    AU:1    +
   75    89  0   0.0%   0.729 UA:6    +
    1    60  0   0.0%   0.025 CG:6    +
   56   159  0   0.0%   0.611 UA:6    +
   32    80  0   0.0%   0.957 UA:6    +
   11    90  0   0.0%   0.398 AU:6    +
   14    58  0   0.0%   0.151 AU:6    +
   67    79  2   0.0%   0.267 GU:2    AU:1    UA:1    +
   58   158  0   0.0%   0.351 UA:6    +
   62    70  1   0.0%   0.447 GU:1    AU:4    +
   22    79  1   0.0%   0.173 GU:1    AU:4    +
   95    99  0   0.0%   0.006 AU:6    +
    9    46  2   0.0%   0.047 GC:1    GU:1    AU:2    +
   34    58  0   0.0%   1.074 GU:6    +
    8   145  0   0.0%   0.226 UA:6    +
   11    55  0   0.0%   0.063 AU:6    +
   72    91  1   0.0%   0.195 CG:4    UG:1    +
    8    35  0   0.0%   0.124 UA:6    +
   10    34  0   0.0%   0.058 UG:6    +
   73    87  1   0.0%   0.513 UG:4    AU:1    +
   97   104  0   0.0%   0.004 UA:6    +
   92    97  0   0.0%   0.016 AU:6    +
   11    93  0   0.0%   0.394 AU:6    +
   10    45  1   0.0%   0.045 UG:2    UA:2    --:1    +
  109   118  1   0.0%   0.002 UG:2    UA:3    +
   13    90  0   0.0%   0.461 AU:6    +
   48    54  0   0.0%   0.683 UA:6    +
   27    31  2   0.0%   0.047 GC:2    GU:1    UA:1    +
   15    79  1   0.0%   0.406 GU:4    AU:1    +
   10    53  0   0.0%   0.045 UA:6    +
   97   108  0   0.0%   0.004 UA:6    +
  108   119  0   0.0%   0.002 AU:6    +
   98   107  0   0.0%   0.004 GU:6    +
   44    55  1   0.0%   0.682 GU:1    AU:4    +
   35    58  0   0.0%   0.558 AU:6    +
  105   112  0   0.0%   0.000 AU:6    +
   17   156  1   0.0%   0.284 AU:3    UA:2    +
    5   137  1   0.0%   0.485 AU:1    UA:4    +
   51   157  1   0.0%   0.415 GU:4    AU:1    +
  110   117  0   0.0%   0.002 AU:6    +
   33   160  1   0.0%   1.053 GU:3    AU:2    +
    1    83  0   0.0%   0.025 CG:6    +
   41    65  1   0.0%   0.291 GC:4    UA:1    +
   10    91  0   0.0%   0.352 UG:6    +
   90   101  0   0.0%   0.015 UG:6    +
   10    94  0   0.0%   0.347 UG:6    +
   97   145  0   0.0%   0.641 UA:6    +
   32   161  0   0.0%   0.559 UA:6    +
  108   150  0   0.0%   0.469 AU:6    +
    3    53  0   0.0%   0.094 UA:6    +
   59   153  0   0.0%   0.409 GC:6    +
   60   152  0   0.0%   0.408 GC:6    +
   23    79  1   0.0%   0.226 GU:1    AU:4    +
    8    45  1   0.0%   0.127 UG:2    UA:2    --:1    +
  144   149  0   0.0%   1.599 UG:6    +
   34   153  0   0.0%   0.797 GC:6    +
   60    72  1   0.0%   0.294 GC:4    GU:1    +
    8    34  0   0.0%   0.138 UG:6    +
   91   135  0   0.0%   0.031 GC:6    +
   84   154  1   0.0%   1.123 GC:2    GU:3    +
   56    91  0   0.0%   0.511 UG:6    +
   60    78  0   0.0%   0.685 GC:6    +
  104   119  0   0.0%   0.001 AU:6    +
   55    92  0   0.0%   0.682 UA:6    +
   94   113  0   0.0%   0.026 GC:6    +
  135   146  0   0.0%   0.616 CG:6    +
   57    90  0   0.0%   0.383 AU:6    +
   95   112  0   0.0%   0.004 AU:6    +
   23    46  1   0.0%   0.062 GC:2    AU:3    +
    7    37  1   0.0%   0.120 UG:1    UA:4    +
   75    91  0   0.0%   0.729 UG:6    +
  107   120  0   0.0%   0.003 UG:6    +
   15    46  1   0.0%   0.145 GC:2    GU:3    +
  105   129  0   0.0%   0.074 AU:6    +
   54    93  0   0.0%   0.162 AU:6    +
   58    89  0   0.0%   0.295 UA:6    +
   37   157  1   0.0%   0.110 GU:1    AU:4    +
   72   149  1   0.0%   0.199 CG:4    UG:1    +
   55   158  0   0.0%   0.723 UA:6    +
   27    41  2   0.0%   0.039 CG:1    GU:1    UG:2    +
    4    74  1   0.0%   0.123 GU:4    AU:1    +
  143   158  0   0.0%   0.743 UA:6    +
   75    82  0   0.0%   1.067 UA:6    +
   79   155  1   0.0%   0.097 UG:4    AU:1    +
   20    41  1   0.0%   0.062 UG:4    AU:1    +
    3    92  0   0.0%   0.445 UA:6    +
   93   114  0   0.0%   0.009 UA:6    +
   32   159  0   0.0%   0.594 UA:6    +
   58   161  0   0.0%   0.331 UA:6    +
    8    54  0   0.0%   0.128 UA:6    +
   98   144  0   0.0%   0.899 GU:6    +
  143   149  0   0.0%   1.316 UG:6    +
   75    94  0   0.0%   0.723 UG:6    +
    4   148  1   0.0%   0.481 GU:3    AU:2    +
   10    59  0   0.0%   0.047 UG:6    +
    8   134  0   0.0%   0.222 UA:6    +
   91    97  0   0.0%   0.031 GU:6    +
   91   122  0   0.0%   0.030 GC:6    +
   92   121  0   0.0%   0.014 AU:6    +
    3    54  0   0.0%   0.094 UA:6    +
    9   144  1   0.0%   0.158 GU:2    AU:3    +
   90    98  0   0.0%   0.016 UG:6    +
   13    93  0   0.0%   0.456 AU:6    +
  104   143  0   0.0%   0.696 AU:6    +
  111   146  0   0.0%   0.598 CG:6    +
   89    99  0   0.0%   0.017 AU:6    +
  135   149  0   0.0%   0.812 CG:6    +
    3   149  0   0.0%   0.450 UG:6    +
   93   131  0   0.0%   0.010 UA:6    +
   89   119  0   0.0%   0.017 AU:6    +
  134   150  0   0.0%   0.459 AU:6    +
   91   117  0   0.0%   0.030 GU:6    +
   82    90  0   0.0%   0.357 AU:6    +
   55   161  0   0.0%   0.730 UA:6    +
   58   149  0   0.0%   0.300 UG:6    +
   57   150  0   0.0%   0.388 AU:6    +
   94   135  0   0.0%   0.027 GC:6    +
   55    63  0   0.0%   1.022 UA:6    +
   15    43  2   0.0%   0.147 GC:1    GU:2    AU:1    +
   60   147  0   0.0%   0.411 GC:6    +
   40    58  1   0.0%   0.686 GU:1    AU:4    +
   37   160  1   0.0%   0.118 GU:1    AU:4    +
   93   120  0   0.0%   0.009 UG:6    +
    8    38  0   0.0%   0.129 UA:6    +
   90   123  0   0.0%   0.015 UA:6    +
   49    60  1   0.0%   0.501 CG:3    UG:2    +
    8    92  0   0.0%   0.229 UA:6    +
  101   113  0   0.0%   0.001 GC:6    +
    3    95  0   0.0%   0.446 UA:6    +
   13    55  0   0.0%   0.058 AU:6    +
   98   147  0   0.0%   0.884 GC:6    +
   99   146  0   0.0%   0.636 UG:6    +
   52    79  1   0.0%   0.426 GU:4    AU:1    +
   99   104  0   0.0%   0.003 UA:6    +
   57    75  0   0.0%   0.790 AU:6    +
   51    79  1   0.0%   0.426 GU:4    AU:1    +
    7    44  1   0.0%   0.122 CG:1    UA:4    +
   13    58  0   0.0%   0.070 AU:6    +
   34    77  0   0.0%   0.806 GC:6    +
    3    96  0   0.0%   0.446 UA:6    +
  143   161  0   0.0%   0.723 UA:6    +
   51    61  2   0.0%   0.501 GC:1    GU:1    AU:2    +
   10   145  0   0.0%   0.347 UA:6    +
  109   115  1   0.0%   0.001 UG:2    UA:3    +
    8   149  0   0.0%   0.224 UG:6    +
  112   123  0   0.0%   0.002 UA:6    +
   84   102  0   0.0%   0.397 GC:6    +
   11    48  0   0.0%   0.062 AU:6    +
  112   145  0   0.0%   0.630 UA:6    +
   23    74  1   0.0%   0.542 GU:1    AU:4    +
   45    56  1   0.0%   0.485 GU:2    AU:2    --:1    +
   10    40  1   0.0%   0.046 UG:1    UA:4    +
   94   102  0   0.0%   0.026 GC:6    +
   13    48  0   0.0%   0.057 AU:6    +
   45    58  1   0.0%   0.286 GU:2    AU:2    --:1    +
    3    35  0   0.0%   0.088 UA:6    +
   12    39  1   0.0%   0.045 CG:2    UG:3    +
   48    63  0   0.0%   0.872 UA:6    +
   51   160  1   0.0%   0.423 GU:4    AU:1    +
   97   159  0   0.0%   0.243 UA:6    +
   62    73  1   0.0%   0.485 GU:1    AU:4    +
   98   154  1   0.0%   0.477 GC:2    GU:3    +
   23    70  1   0.0%   0.362 GU:1    AU:4    +
   78    84  0   0.0%   0.723 CG:6    +
   75    92  0   0.0%   0.727 UA:6    +
    8    40  1   0.0%   0.129 UG:1    UA:4    +
   13   129  0   0.0%   0.454 AU:6    +
   12    45  2   0.0%   0.043 CG:1    UG:1    UA:1    --:1    +
   96   107  0   0.0%   0.004 AU:6    +
  141   146  0   0.0%   0.681 CG:6    +
   10    38  0   0.0%   0.047 UA:6    +
   24   155  1   0.0%   0.581 UG:3    AU:2    +
   90   108  0   0.0%   0.015 UA:6    +
   91   102  0   0.0%   0.030 GC:6    +
    3    63  0   0.0%   0.094 UA:6    +
    4    42  1   0.0%   0.118 GU:4    AU:1    +
  110   129  0   0.0%   0.056 AU:6    +
   93   101  0   0.0%   0.009 UG:6    +
   21    73  1   0.0%   0.515 GU:4    AU:1    +
    3    59  0   0.0%   0.094 UG:6    +
    2    60  0   0.0%   0.069 CG:6    +
   55    82  0   0.0%   1.022 UA:6    +
  110   119  0   0.0%   0.001 AU:6    +
   40   157  1   0.0%   0.454 GU:1    AU:4    +
  101   121  0   0.0%   0.001 GU:6    +
   64    75  1   0.0%   1.358 GU:3    AU:2    +
   27    49  2   0.0%   0.031 GC:1    GU:2    UA:1    +
   91   107  0   0.0%   0.030 GU:6    +
    4    70  1   0.0%   0.122 GU:4    AU:1    +
   82    93  0   0.0%   0.352 AU:6    +
   21    74  1   0.0%   0.657 GU:4    AU:1    +
  101   111  0   0.0%   0.001 GC:6    +
   11   144  0   0.0%   0.392 AU:6    +
   45   160  1   0.0%   0.062 GU:2    AU:2    --:1    +
    4    73  1   0.0%   0.122 GU:4    AU:1    +
   16    41  1   0.0%   0.086 UG:4    AU:1    +
   37    79  1   0.0%   0.121 GU:1    AU:4    +
   94   119  0   0.0%   0.026 GU:6    +
   73   155  1   0.0%   0.506 UG:4    AU:1    +
   44    58  1   0.0%   0.289 GU:1    AU:4    +
   77    83  0   0.0%   0.635 CG:6    +
   86   137  1   0.0%   0.009 AU:1    UA:4    +
  119   134  0   0.0%   0.133 UA:6    +
   23   154  1   0.0%   0.169 GC:2    AU:3    +
   97   105  0   0.0%   0.004 UA:6    +
  105   119  0   0.0%   0.001 AU:6    +
   77   146  0   0.0%   0.341 CG:6    +
   78    94  0   0.0%   0.330 CG:6    +
   78   149  0   0.0%   0.341 CG:6    +
   85   155  2   0.3%   0.835 CG:3    AU:1    +
    7    14  1   0.5%   0.111 UA:5    +
   25    62  3   0.7%   0.262 UA:3    +
  103   130  2   0.6%   0.096 UG:4    +
   97   139  1   0.4%   0.088 UA:5    +
    7    80  1   0.4%   0.563 UA:5    +
   94   148  1   0.4%   1.268 GU:5    +
   25    40  2   0.2%   0.076 AU:1    UA:3    +
    6    23  3   0.1%   0.121 CG:1    UG:1    UA:1    +
   38    42  1   0.4%   0.106 AU:5    +
   24    41  2   0.2%   0.083 UG:3    AU:1    +
    7   159  1   0.4%   0.225 UA:5    +
   25    64  2   0.2%   0.861 UG:3    AU:1    +
   23    31  3   0.1%   0.086 GC:1    GU:1    AU:1    +
   11    74  1   0.3%   0.132 AU:5    +
   37    50  2   0.2%   0.426 GU:1    AU:3    +
   33    49  2   0.2%   0.385 GC:3    AU:1    +
   90   151  2   0.5%   0.627 UA:4    +
   64    72  2   0.1%   0.556 GC:3    AU:1    +
   87   153  2   0.5%   0.970 GC:4    +
   18    72  3   0.0%   0.261 GC:1    GU:1    UA:1    +
   16    76  2   0.1%   0.708 UG:3    UA:1    +
   22    31  3   0.3%   0.090 GC:1    AU:2    +
   99   137  2   0.4%   0.111 UA:4    +
    4    31  3   0.0%   0.115 GC:1    GU:1    AU:1    +
   25    55  3   0.3%   0.285 GU:1    AU:2    +
   31    51  3   0.0%   0.303 CG:1    UG:1    UA:1    +
    6    21  3   0.0%   0.107 CG:1    UG:1    UA:1    +
   12    87  2   0.1%   0.172 CG:1    UG:3    +
   54   160  1   0.3%   0.260 AU:5    +
   43    70  3   0.0%   0.272 GU:1    AU:1    UA:1    +
    9    27  3   0.0%   0.053 GU:1    UG:1    AU:1    +
   25    43  3   0.0%   0.057 GC:1    AU:1    UA:1    +
   44    49  3   0.0%   0.372 GU:1    AU:1    UA:1    +
   17    44  3   0.0%   0.087 UG:1    AU:1    UA:1    +
    9    30  3   0.0%   0.049 GU:1    AU:1    UA:1    +
    9   151  3   0.0%   0.157 GU:1    AU:1    UA:1    +
   21    31  3   0.0%   0.070 GC:1    GU:1    AU:1    +
   57   157  1   0.3%   0.467 AU:5    +
    6    51  3   0.0%   0.122 CG:1    UG:1    UA:1    +
   20    68  2   0.1%   0.395 UG:2    UA:2    +
   20    30  2   0.1%   0.053 AU:1    UA:3    +
   44    50  2   0.1%   0.656 GC:1    AU:3    +
   12    21  2   0.1%   0.080 CG:1    UG:3    +
    5    11  2   0.4%   0.096 UA:4    +
   92   148  1   0.2%   0.918 AU:5    +
   22   156  2   0.0%   0.127 GC:1    AU:3    +
   45    49  2   0.0%   0.378 GC:2    AU:1    --:1    +
   34    43  2   0.0%   0.110 GC:1    GU:3    +
   16    30  2   0.0%   0.088 AU:1    UA:3    +
    6    91  2   0.0%   0.119 CG:2    UG:2    +
   18    68  2   0.0%   0.096 UG:2    UA:2    +
  149   156  2   0.0%   1.383 GC:1    GU:3    +
   67    72  3   0.2%   0.374 GC:2    UA:1    +
    9    74  2   0.0%   0.054 GU:1    AU:3    +
    5    76  2   0.0%   0.119 UG:3    UA:1    +
    5    30  2   0.0%   0.110 AU:1    UA:3    +
  100   132  2   0.0%   0.020 UG:1    UA:3    +
   69    76  2   0.0%   0.737 UG:3    UA:1    +
   68    72  2   0.0%   0.360 GC:3    GU:1    +
   12    71  2   0.0%   0.053 CG:1    UA:3    +
   22    26  2   0.0%   0.050 GC:1    AU:3    +
  116   124  2   0.0%   0.040 UG:1    UA:3    +
   21    47  2   0.0%   0.084 GC:3    GU:1    +
   84   156  2   0.0%   1.149 GC:1    GU:3    +
   19    45  2   0.0%   0.038 UG:2    UA:1    --:1    +
   22    46  2   0.0%   0.068 GC:1    AU:3    +
  151   155  2   0.0%   0.666 UG:2    AU:2    +
   18    37  2   0.0%   0.090 UG:1    UA:3    +
   47    51  2   0.0%   0.970 CG:3    UG:1    +
   24    40  2   0.0%   0.046 AU:1    UA:3    +
   20    45  2   0.0%   0.065 UG:2    UA:1    --:1    +
   16    22  2   0.0%   0.104 UG:1    UA:3    +
    4   156  2   0.0%   0.483 GC:1    GU:3    +
   15   156  2   0.0%   0.356 GC:1    GU:3    +
    5    22  2   0.0%   0.104 UG:1    UA:3    +
    6    34  2   0.0%   0.124 CG:2    UG:2    +
   19    44  2   0.0%   0.038 CG:1    UA:3    +
   22    69  2   0.0%   0.112 GU:1    AU:3    +
   29    45  2   0.0%   0.062 CG:2    UA:1    --:1    +
   18    45  2   0.0%   0.089 UG:2    UA:1    --:1    +
    7    33  2   0.0%   0.133 UG:3    UA:1    +
    9    25  2   0.0%   0.050 AU:3    UA:1    +
   21    72  2   0.0%   0.446 GC:3    AU:1    +
   44   157  2   0.0%   0.057 GU:1    AU:3    +
   16    37  2   0.0%   0.086 UG:1    UA:3    +
   91   156  2   0.0%   1.192 GC:1    GU:3    +
   64    74  2   0.0%   1.290 GU:3    AU:1    +
    6    94  2   0.0%   0.118 CG:2    UG:2    +
   34   156  2   0.0%   0.802 GC:1    GU:3    +
   94   156  2   0.0%   0.937 GC:1    GU:3    +
   20    61  2   0.0%   0.072 UG:2    AU:2    +
  124   128  2   0.0%   0.143 GU:1    AU:3    +
   64    69  2   0.0%   0.385 GU:3    AU:1    +
   18    22  2   0.0%   0.095 UG:1    UA:3    +
    7    45  2   0.0%   0.123 UG:2    UA:1    --:1    +
   12    40  2   0.0%   0.044 CG:1    UA:3    +
   46    51  2   0.0%   0.766 CG:1    UG:3    +
   41    72  2   0.0%   0.442 GC:3    GU:1    +
   19    37  2   0.0%   0.037 UG:1    UA:3    +
   21   156  2   0.0%   0.287 GC:1    GU:3    +
    4    72  2   0.0%   0.123 GC:3    AU:1    +
   17    27  2   0.0%   0.094 UG:2    AU:2    +
   12   155  2   0.0%   0.173 CG:1    UG:3    +
   44    69  2   0.0%   0.029 GC:1    AU:3    +
   26    45  2   0.0%   0.049 CG:2    UA:1    --:1    +
   16    68  2   0.0%   0.089 UG:2    UA:2    +
   45    50  2   0.0%   0.649 GU:2    AU:1    --:1    +
   12    51  2   0.0%   0.053 CG:1    UG:3    +
   20    37  2   0.0%   0.062 UG:1    UA:3    +
   25    33  2   0.0%   0.057 UG:3    AU:1    +
   33    42  2   0.0%   0.101 GU:3    AU:1    +
   21    46  2   0.0%   0.081 GC:1    GU:3    +
   25    44  2   0.0%   0.047 GU:1    UA:3    +
   20    76  2   0.0%   0.667 UG:3    UA:1    +
   19    33  2   0.0%   0.028 UG:3    UA:1    +
  103   132  2   0.0%   0.041 UG:1    UA:3    +
   76    86  2   0.0%   0.767 GU:3    AU:1    +
   16    45  2   0.0%   0.085 UG:2    UA:1    --:1    +
    6   146  2   0.0%   0.119 CG:2    UG:2    +
    9   133  2   0.0%   0.156 GU:2    AU:2    +
   52   156  2   0.0%   0.374 GC:1    GU:3    +
    4    47  2   0.0%   0.118 GC:3    GU:1    +
   18    61  2   0.0%   0.090 GU:2    UG:2    +
   61   146  2   0.0%   0.414 CG:1    UG:3    +
   17   151  2   0.0%   0.293 AU:2    UA:2    +
   22    50  2   0.0%   0.076 GU:1    AU:3    +
   61    65  2   0.0%   0.146 GC:2    UA:2    +
   24    61  2   0.0%   0.162 UG:2    AU:2    +
   49    68  2   0.0%   0.543 CG:2    UG:2    +
   47    64  2   0.0%   0.971 CG:3    UA:1    +
    9   148  2   0.0%   0.156 GU:2    AU:2    +
   31    59  2   0.0%   0.271 CG:2    UG:2    +
   76    88  2   0.0%   0.773 GU:3    AU:1    +
   12   130  2   0.0%   0.159 CG:1    UG:3    +
   18    30  2   0.0%   0.073 GU:1    UA:3    +
    6   149  2   0.0%   0.116 CG:2    UG:2    +
   49    64  2   0.0%   0.735 CG:3    UA:1    +
   19    64  2   0.0%   0.039 UG:3    UA:1    +
   18    76  2   0.0%   0.536 UG:3    UA:1    +
   40   156  2   0.0%   0.414 AU:3    UA:1    +
   40   148  2   0.0%   0.418 GU:1    AU:3    +
    6    83  2   0.0%   0.460 CG:2    UG:2    +
    5    37  2   0.0%   0.110 UG:1    UA:3    +
   24    68  3   0.2%   0.763 UG:2    UA:1    +
   79   159  1   0.1%   0.329 UA:5    +
   85    94  2   0.3%   0.119 CG:4    +
  110   133  2   0.3%   0.107 AU:4    +
   82   148  1   0.1%   0.383 AU:5    +
  109   134  1   0.1%   0.357 UA:5    +
   15    77  1   0.1%   0.366 GC:5    +
  148   158  1   0.1%   1.065 UA:5    +
   13   148  1   0.1%   0.477 AU:5    +
    6    24  3   0.1%   0.124 AU:2    UA:1    +
  103   145  2   0.3%   0.832 UA:4    +
   18    35  2   0.3%   0.119 UA:4    +
   13    73  1   0.1%   0.089 AU:5    +
   85    91  2   0.3%   0.103 CG:4    +
   11    79  1   0.1%   0.443 AU:5    +
    1    52  1   0.1%   0.037 CG:5    +
   25    29  3   0.1%   0.041 GC:1    AU:2    +
   35    50  2   0.2%   0.608 AU:4    +
   27    51  3   0.1%   0.052 CG:1    UG:2    +
   27    52  3   0.1%   0.064 CG:1    UG:2    +
   63    73  1   0.1%   0.598 AU:5    +
   85   146  2   0.2%   0.129 CG:4    +
   21    67  3   0.1%   0.443 GU:1    AU:2    +
    7    92  1   0.1%   0.166 UA:5    +
   11   160  1   0.1%   0.462 AU:5    +
   11   157  1   0.1%   0.448 AU:5    +
   89   160  1   0.1%   0.580 AU:5    +
   86   145  2   0.2%   0.054 UA:4    +
    2    52  1   0.1%   0.083 CG:5    +
   90   142  1   0.1%   0.028 UA:5    +
    1    15  1   0.1%   0.012 CG:5    +
   70   158  1   0.1%   0.274 UA:5    +
   12    27  3   0.1%   0.054 CG:2    UG:1    +
   89   154  3   0.3%   0.817 AU:3    +
   24    54  3   0.3%   0.110 UA:3    +
   10    25  3   0.1%   0.054 UG:1    UA:2    +
    5    31  3   0.0%   0.118 AU:1    UA:2    +
   23    47  3   0.0%   0.073 GC:2    AU:1    +
   93   139  1   0.0%   0.021 UA:5    +
   25    56  3   0.0%   0.272 GU:1    AU:2    +
   35    42  1   0.0%   0.053 AU:5    +
   57   160  1   0.0%   0.470 AU:5    +
   37    46  3   0.0%   0.294 GU:1    AU:2    +
   42    52  1   0.0%   0.422 UG:5    +
   26    54  3   0.3%   0.272 UA:3    +
   15   147  1   0.0%   0.358 GC:5    +
   28    39  1   0.0%   0.074 CG:5    +
   27    40  3   0.0%   0.045 GU:1    UA:2    +
  106   141  1   0.0%   0.162 GC:5    +
   13   157  1   0.0%   0.503 AU:5    +
    7    38  1   0.0%   0.127 UA:5    +
    6    22  3   0.0%   0.096 CG:1    UA:2    +
   41    48  1   0.0%   0.736 GU:5    +
   31    41  3   0.0%   0.064 CG:2    UG:1    +
   42    54  1   0.0%   0.218 UA:5    +
   41    55  1   0.0%   0.953 GU:5    +
    8    25  3   0.0%   0.128 UG:1    UA:2    +
   74   161  1   0.0%   0.728 UA:5    +
   83   148  1   0.0%   0.426 GU:5    +
   26    37  3   0.0%   0.038 UG:1    UA:2    +
   14    79  1   0.0%   0.474 AU:5    +
   96   127  1   0.0%   0.009 AU:5    +
   14   148  1   0.0%   0.428 AU:5    +
   79   161  1   0.0%   0.278 UA:5    +
   15    78  1   0.0%   0.353 GC:5    +
   27    34  3   0.0%   0.063 CG:1    UG:2    +
   11    73  1   0.0%   0.075 AU:5    +
   19    67  3   0.0%   0.044 UG:2    UA:1    +
   13    79  1   0.0%   0.507 AU:5    +
    5    49  3   0.0%   0.117 AU:2    UA:1    +
    7    13  1   0.0%   0.024 UA:5    +
   42    53  1   0.0%   0.155 UA:5    +
  148   159  1   0.0%   0.971 UA:5    +
    2    39  1   0.0%   0.060 CG:5    +
   27    50  3   0.0%   0.030 GC:2    GU:1    +
   24    31  3   0.0%   0.070 AU:1    UA:2    +
   67    71  3   0.0%   0.338 UG:1    UA:2    +
   80   160  1   0.0%   1.039 AU:5    +
   92   160  1   0.0%   0.399 AU:5    +
   16    49  3   0.0%   0.091 AU:2    UA:1    +
   14   157  1   0.0%   0.457 AU:5    +
   13    70  1   0.0%   0.067 AU:5    +
   21    27  3   0.0%   0.066 GC:1    GU:2    +
   14    42  1   0.0%   0.137 AU:5    +
   27    60  3   0.0%   0.037 CG:1    UG:2    +
    3    25  3   0.0%   0.078 UG:1    UA:2    +
   89   157  1   0.0%   0.596 AU:5    +
   27   157  3   0.0%   0.214 GC:1    GU:2    +
   70    91  1   0.0%   0.208 UG:5    +
    7    11  1   0.0%   0.041 UA:5    +
   79    89  1   0.0%   0.099 UA:5    +
   34    42  1   0.0%   0.107 GU:5    +
   15    70  1   0.0%   0.155 GU:5    +
  145   160  1   0.0%   0.940 AU:5    +
  109   131  1   0.0%   0.044 UA:5    +
   14    70  1   0.0%   0.148 AU:5    +
   28    41  1   0.0%   0.069 CG:5    +
   19    27  3   0.0%   0.022 CG:2    UG:1    +
   25    30  3   0.0%   0.041 AU:1    UA:2    +
   11    42  1   0.0%   0.063 AU:5    +
    6   154  3   0.0%   0.117 CG:1    AU:2    +
   13   160  1   0.0%   0.510 AU:5    +
   12    44  3   0.0%   0.044 CG:1    UA:2    +
   21    65  2   0.2%   0.135 GC:4    +
   31    43  3   0.0%   0.055 CG:1    AU:2    +
   25    58  3   0.0%   0.179 GU:1    AU:2    +
   42   159  1   0.0%   0.135 UA:5    +
   95   148  1   0.0%   1.246 AU:5    +
   30    44  3   0.0%   0.026 AU:1    UA:2    +
    7   158  1   0.0%   0.161 UA:5    +
  157   161  1   0.0%   0.466 UA:5    +
   70    89  1   0.0%   0.207 UA:5    +
   74   158  1   0.0%   0.722 UA:5    +
   10   151  2   0.2%   0.377 UA:4    +
   29    37  3   0.0%   0.065 CG:1    UA:2    +
   23    67  3   0.0%   0.315 GU:2    AU:1    +
   24    49  3   0.0%   0.064 AU:2    UA:1    +
  102   106  1   0.0%   0.002 CG:5    +
   15    28  1   0.0%   0.143 GC:5    +
   98   148  1   0.0%   0.820 GU:5    +
    6    41  3   0.0%   0.113 CG:2    UG:1    +
   24    37  3   0.0%   0.042 UG:1    UA:2    +
   73   161  1   0.0%   0.550 UA:5    +
   73   159  1   0.0%   0.604 UA:5    +
   14   160  1   0.0%   0.464 AU:5    +
   18    49  3   0.0%   0.094 GU:2    UA:1    +
   54    79  1   0.0%   0.218 AU:5    +
    9    43  3   0.0%   0.048 GC:1    AU:2    +
   27   160  3   0.0%   0.223 GC:1    GU:2    +
    2    41  1   0.0%   0.059 CG:5    +
    6    20  3   0.0%   0.089 AU:2    UA:1    +
   15   153  1   0.0%   0.353 GC:5    +
   22    29  3   0.0%   0.040 GC:1    AU:2    +
    6    88  3   0.0%   0.113 AU:2    UA:1    +
   92   157  1   0.0%   0.431 AU:5    +
  139   151  3   0.0%   0.160 AU:2    UA:1    +
   67    75  3   0.0%   0.898 GU:2    AU:1    +
   25    32  3   0.0%   0.057 GU:1    AU:2    +
    7   161  1   0.0%   0.183 UA:5    +
   22    49  3   0.0%   0.080 GC:1    AU:2    +
   11   148  1   0.0%   0.392 AU:5    +
   27    59  3   0.0%   0.035 CG:1    UG:2    +
   70   161  1   0.0%   0.245 UA:5    +
    7    54  1   0.0%   0.124 UA:5    +
   53    79  1   0.0%   0.160 AU:5    +
   63    70  1   0.0%   0.544 AU:5    +
  109   123  1   0.0%   0.003 UA:5    +
    7    27  3   0.0%   0.125 CG:1    UG:2    +
   32    41  1   0.0%   0.067 UG:5    +
   31    42  3   0.0%   0.058 UG:1    AU:2    +
   74    80  1   0.0%   1.115 UA:5    +
   42    57  1   0.0%   0.404 UA:5    +
   15    27  3   0.0%   0.152 GC:1    GU:2    +
    7    52  1   0.0%   0.133 UG:5    +
   95   157  1   0.0%   0.698 AU:5    +
   12    22  3   0.0%   0.059 UG:1    UA:2    +
   53   160  1   0.0%   0.157 AU:5    +
    6   156  3   0.0%   0.116 AU:2    UA:1    +
    7    95  1   0.0%   0.155 UA:5    +
    7    53  1   0.0%   0.123 UA:5    +
  106   111  1   0.0%   0.001 GC:5    +
    1    41  1   0.0%   0.019 CG:5    +
   25    48  3   0.0%   0.050 GU:1    AU:2    +
   41    58  1   0.0%   0.558 GU:5    +
  129   139  1   0.0%   0.092 UA:5    +
   73    80  1   0.0%   0.970 UA:5    +
   67    76  3   0.0%   0.896 UG:1    UA:2    +
   53   157  1   0.0%   0.148 AU:5    +
   20   148  3   0.0%   0.237 AU:2    UA:1    +
   59    79  1   0.0%   0.494 GU:5    +
   20    49  3   0.0%   0.068 AU:2    UA:1    +
   63    79  1   0.0%   0.713 AU:5    +
    6    86  3   0.0%   0.112 AU:2    UA:1    +
   74    89  1   0.0%   0.662 UA:5    +
  106   113  1   0.0%   0.001 GC:5    +
    4    27  3   0.0%   0.113 GC:1    GU:2    +
    6    70  3   0.0%   0.112 AU:2    UA:1    +
   96   109  1   0.0%   0.005 AU:5    +
   11    70  1   0.0%   0.071 AU:5    +
   63   157  1   0.0%   0.689 AU:5    +
    3   139  1   0.0%   0.446 UA:5    +
  106   152  1   0.0%   0.516 GC:5    +
   61    71  3   0.0%   0.302 UG:1    UA:2    +
   71    79  1   0.0%   0.256 AU:5    +
   67    93  3   0.0%   0.183 GU:2    AU:1    +
   99   139  1   0.0%   0.089 UA:5    +
    7    35  1   0.0%   0.120 UA:5    +
   35   157  1   0.0%   0.326 AU:5    +
   17    43  3   0.0%   0.087 UG:1    AU:2    +
  110   148  1   0.0%   0.769 AU:5    +
   52   152  1   0.0%   0.369 GC:5    +
   73    89  1   0.0%   0.515 UA:5    +
    6   136  3   0.0%   0.115 AU:2    UA:1    +
   33   154  3   0.0%   1.000 GU:2    AU:1    +
    7    57  1   0.0%   0.124 UA:5    +
   54   157  1   0.0%   0.207 AU:5    +
   70    80  1   0.0%   0.661 UA:5    +
   96   148  1   0.0%   0.898 AU:5    +
   63   148  1   0.0%   0.637 AU:5    +
    7   145  1   0.0%   0.157 UA:5    +
   59    73  1   0.0%   0.365 GU:5    +
   35   160  1   0.0%   0.334 AU:5    +
  114   127  1   0.0%   0.058 AU:5    +
   20    31  3   0.0%   0.045 AU:1    UA:2    +
   74    92  1   0.0%   0.660 UA:5    +
    3    67  3   0.0%   0.094 UG:2    UA:1    +
   13    42  1   0.0%   0.057 AU:5    +
   72    76  3   0.0%   0.901 CG:2    UA:1    +
    6    33  3   0.0%   0.122 CG:1    UA:2    +
   16    31  3   0.0%   0.088 AU:1    UA:2    +
   70   145  1   0.0%   0.200 UA:5    +
   41    56  1   0.0%   0.756 GU:5    +
  142   157  1   0.0%   0.345 AU:5    +
   31   156  3   0.0%   0.145 AU:2    UA:1    +
   15   152  1   0.0%   0.352 GC:5    +
   59   148  1   0.0%   0.418 GU:5    +
    1    39  1   0.0%   0.018 CG:5    +
    6    73  3   0.0%   0.112 AU:2    UA:1    +
   95   160  1   0.0%   0.663 AU:5    +
   61    70  3   0.0%   0.328 GU:2    UA:1    +
   70    92  1   0.0%   0.205 UA:5    +
   58    67  3   0.0%   0.448 UG:2    UA:1    +
  136   148  3   0.0%   0.965 AU:2    UA:1    +
   73   158  1   0.0%   0.574 UA:5    +
   50    67  3   0.0%   0.810 UG:2    UA:1    +
  142   150  1   0.0%   0.568 AU:5    +
   23    43  3   0.0%   0.074 GU:1    AU:2    +
  134   148  1   0.0%   0.786 AU:5    +
   52    77  1   0.0%   0.378 GC:5    +
   96   160  1   0.0%   0.315 AU:5    +
   10    41  1   0.0%   0.045 UG:5    +
  104   109  1   0.0%   0.001 AU:5    +
   27    39  3   0.0%   0.038 CG:1    UG:2    +
   59    70  1   0.0%   0.327 GU:5    +
   15    42  1   0.0%   0.146 GU:5    +
  107   139  1   0.0%   0.099 UA:5    +
   38   157  1   0.0%   0.425 AU:5    +
    7    39  1   0.0%   0.125 UG:5    +
   49    61  3   0.0%   0.503 CG:2    AU:1    +
   89   109  1   0.0%   0.017 AU:5    +
   74    95  1   0.0%   0.652 UA:5    +
    5   148  3   0.0%   0.485 AU:2    UA:1    +
   79    83  1   0.0%   0.483 UG:5    +
   35    79  1   0.0%   0.337 AU:5    +
   37   156  3   0.0%   0.070 GU:1    AU:2    +
   51    67  3   0.0%   0.534 GU:1    AU:2    +
    7    82  1   0.0%   0.497 UA:5    +
   70    94  1   0.0%   0.201 UG:5    +
   41   147  1   0.0%   0.283 GC:5    +
   70    83  1   0.0%   0.544 UG:5    +
    7    41  1   0.0%   0.123 UG:5    +
   73    91  1   0.0%   0.515 UG:5    +
    3    41  1   0.0%   0.090 UG:5    +
   42   146  1   0.0%   0.065 UG:5    +
    6    43  3   0.0%   0.112 CG:1    AU:2    +
  109   114  1   0.0%   0.001 UA:5    +
   12    37  3   0.0%   0.043 UG:1    UA:2    +
   38   160  1   0.0%   0.433 AU:5    +
   30    41  3   0.0%   0.040 UG:2    AU:1    +
   62    67  3   0.0%   0.418 GU:2    AU:1    +
   61    68  3   0.0%   0.308 UG:2    UA:1    +
    2    21  2   0.1%   0.068 CG:4    +
   93   155  2   0.1%   1.158 UG:4    +
   81   149  2   0.1%   0.390 CG:4    +
   20    57  2   0.1%   0.097 UA:4    +
    1    21  2   0.1%   0.026 CG:4    +
   25    53  3   0.2%   0.084 UA:3    +
   11    20  2   0.1%   0.085 AU:4    +
   11    88  2   0.1%   0.407 AU:4    +
   88   145  2   0.1%   0.054 UA:4    +
    8    17  2   0.1%   0.173 UA:4    +
   17    75  2   0.1%   0.730 AU:4    +
    5   159  2   0.1%   0.506 UA:4    +
    2    51  2   0.1%   0.076 CG:4    +
   92   156  3   0.2%   0.664 AU:3    +
   86   149  2   0.1%   0.734 UG:4    +
   24    56  3   0.2%   0.280 AU:3    +
  100   131  2   0.1%   0.021 UA:4    +
   38    43  3   0.2%   0.114 AU:3    +
  144   155  2   0.1%   1.249 UG:4    +
   99   151  2   0.1%   0.202 UA:4    +
   28    51  2   0.1%   0.083 CG:4    +
   22    43  3   0.1%   0.088 AU:3    +
   13    20  2   0.1%   0.082 AU:4    +
   26    63  3   0.1%   0.727 UA:3    +
   16    23  2   0.1%   0.120 UA:4    +
   11    18  2   0.1%   0.114 AU:4    +
   20   158  2   0.1%   0.281 UA:4    +
   16   159  2   0.1%   0.339 UA:4    +
   93   151  2   0.1%   0.848 UA:4    +
   69   159  2   0.0%   0.127 UA:4    +
   87   144  2   0.0%   0.026 GU:4    +
   17    69  2   0.0%   0.101 AU:4    +
   14    19  2   0.0%   0.135 AU:4    +
   10    17  2   0.0%   0.109 UA:4    +
   30    56  2   0.0%   0.367 AU:4    +
   20    34  2   0.0%   0.098 UG:4    +
   88   161  2   0.0%   0.595 UA:4    +
   13    86  2   0.0%   0.459 AU:4    +
   19   159  2   0.0%   0.276 UA:4    +
    4    50  2   0.0%   0.127 GU:4    +
  107   137  2   0.0%   0.283 UA:4    +
  111   130  2   0.0%   0.061 CG:4    +
   18    23  2   0.0%   0.108 UA:4    +
   19    35  2   0.0%   0.055 UA:4    +
   88    94  2   0.0%   0.041 UG:4    +
   16   146  2   0.0%   0.271 UG:4    +
    5    92  2   0.0%   0.489 UA:4    +
   11    16  2   0.0%   0.117 AU:4    +
  108   136  2   0.0%   0.300 AU:4    +
  116   126  2   0.0%   0.047 UA:4    +
   38    46  3   0.1%   0.309 AU:3    +
   86    92  2   0.0%   0.020 UA:4    +
   15    20  2   0.0%   0.167 GU:4    +
    4    77  2   0.0%   0.130 GC:4    +
   21    28  2   0.0%   0.059 GC:4    +
   79   151  3   0.1%   0.121 UA:3    +
    5    23  2   0.0%   0.108 UA:4    +
   11    19  2   0.0%   0.053 AU:4    +
   17    32  2   0.0%   0.097 AU:4    +
    3    30  2   0.0%   0.085 UA:4    +
   95   136  2   0.0%   0.011 AU:4    +
  100   123  2   0.0%   0.008 UA:4    +
   95   128  2   0.0%   0.008 AU:4    +
   97   137  2   0.0%   0.017 UA:4    +
  144   151  2   0.0%   0.946 UA:4    +
   10    87  2   0.0%   0.339 UG:4    +
   30    55  2   0.0%   0.364 AU:4    +
   14    20  2   0.0%   0.156 AU:4    +
  102   130  2   0.0%   0.007 CG:4    +
   14    50  2   0.0%   0.143 AU:4    +
   87    93  2   0.0%   0.018 GU:4    +
   18   159  2   0.0%   0.168 UA:4    +
   87   148  3   0.1%   0.732 GU:3    +
   17   160  2   0.0%   0.335 AU:4    +
    7    17  2   0.0%   0.159 UA:4    +
   96   136  2   0.0%   0.011 AU:4    +
  100   134  2   0.0%   0.048 UA:4    +
    4    78  2   0.0%   0.129 GC:4    +
   88    92  2   0.0%   0.024 UA:4    +
   68    77  2   0.0%   0.464 GC:4    +
  150   155  2   0.0%   0.960 UG:4    +
    2    33  3   0.1%   0.063 CG:3    +
   86   158  2   0.0%   0.559 UA:4    +
   86    91  2   0.0%   0.034 UG:4    +
   97   151  2   0.0%   0.200 UA:4    +
    5   161  2   0.0%   0.501 UA:4    +
   50    57  2   0.0%   0.992 UA:4    +
  155   160  2   0.0%   0.804 GU:4    +
   11    86  2   0.0%   0.386 AU:4    +
   19   158  2   0.0%   0.241 UA:4    +
   20    39  2   0.0%   0.065 UG:4    +
   17    48  2   0.0%   0.090 AU:4    +
   14    69  2   0.0%   0.147 AU:4    +
   13    18  2   0.0%   0.110 AU:4    +
   88    98  2   0.0%   0.017 UG:4    +
   88   159  2   0.0%   0.632 UA:4    +
   87   160  2   0.0%   0.730 GU:4    +
   80    88  2   0.0%   0.478 AU:4    +
   86    94  2   0.0%   0.032 UG:4    +
   13    19  2   0.0%   0.050 AU:4    +
   15    65  2   0.0%   0.152 GC:4    +
   88   158  2   0.0%   0.671 UA:4    +
   87   157  2   0.0%   0.757 GU:4    +
   16   161  2   0.0%   0.307 UA:4    +
   16    54  2   0.0%   0.089 UA:4    +
   11    69  2   0.0%   0.072 AU:4    +
   86    95  2   0.0%   0.011 UA:4    +
    4    19  2   0.0%   0.102 GU:4    +
   90   155  2   0.0%   0.894 UG:4    +
   69    92  2   0.0%   0.030 UA:4    +
    4   147  2   0.0%   0.482 GC:4    +
   16   158  2   0.0%   0.303 UA:4    +
   16    38  2   0.0%   0.088 UA:4    +
    4    20  2   0.0%   0.102 GU:4    +
    5    13  2   0.0%   0.056 UA:4    +
   17   157  2   0.0%   0.321 AU:4    +
   19    51  2   0.0%   0.049 UG:4    +
   18    53  2   0.0%   0.092 UA:4    +
   71    88  2   0.0%   0.181 AU:4    +
   89   133  2   0.0%   0.019 AU:4    +
   82    86  2   0.0%   0.353 AU:4    +
   88   134  2   0.0%   0.017 UA:4    +
   77   155  2   0.0%   0.338 CG:4    +
   16    21  2   0.0%   0.121 UG:4    +
   20    51  2   0.0%   0.075 UG:4    +
  103   118  2   0.0%   0.002 UA:4    +
   87   135  2   0.0%   0.014 GC:4    +
  105   116  2   0.0%   0.002 AU:4    +
    5   146  2   0.0%   0.489 UG:4    +
   21    69  2   0.0%   0.289 GU:4    +
  100   140  2   0.0%   0.048 UA:4    +
   14    18  2   0.0%   0.186 AU:4    +
   86   161  2   0.0%   0.476 UA:4    +
  122   130  2   0.0%   0.047 CG:4    +
  114   128  2   0.0%   0.059 AU:4    +
    5    35  2   0.0%   0.110 UA:4    +
    5    14  2   0.0%   0.070 UA:4    +
   16    53  2   0.0%   0.088 UA:4    +
    3    17  2   0.0%   0.074 UA:4    +
   16    57  2   0.0%   0.097 UA:4    +
   20    71  2   0.0%   0.395 UA:4    +
   18    52  2   0.0%   0.101 UG:4    +
   86   159  2   0.0%   0.519 UA:4    +
   18    71  2   0.0%   0.258 UA:4    +
   17    50  2   0.0%   0.093 AU:4    +
  100   137  2   0.0%   0.039 UA:4    +
  103   131  2   0.0%   0.038 UA:4    +
   88    95  2   0.0%   0.016 UA:4    +
    5    89  2   0.0%   0.483 UA:4    +
    5   158  2   0.0%   0.492 UA:4    +
   16    51  2   0.0%   0.097 UG:4    +
   87   138  2   0.0%   0.014 GC:4    +
  142   148  2   0.0%   0.896 AU:4    +
   19    53  2   0.0%   0.040 UA:4    +
   20   159  2   0.0%   0.304 UA:4    +
    4    16  2   0.0%   0.045 GU:4    +
  100   158  2   0.0%   0.231 UA:4    +
   18    63  2   0.0%   0.091 UA:4    +
  100   108  2   0.0%   0.004 UA:4    +
   17    56  2   0.0%   0.097 AU:4    +
   20    38  2   0.0%   0.063 UA:4    +
   20   161  2   0.0%   0.271 UA:4    +
   89   136  2   0.0%   0.019 AU:4    +
   78   155  2   0.0%   0.330 CG:4    +
    8   151  2   0.0%   0.223 UA:4    +
   19    57  2   0.0%   0.048 UA:4    +
    5    94  2   0.0%   0.487 UG:4    +
   18    54  2   0.0%   0.092 UA:4    +
   75   151  2   0.0%   0.731 UA:4    +
   21    50  2   0.0%   0.091 GU:4    +
   18    57  2   0.0%   0.099 UA:4    +
    2   155  2   0.0%   0.423 CG:4    +
   20    53  2   0.0%   0.065 UA:4    +
    4   153  2   0.0%   0.482 GC:4    +
   18    51  2   0.0%   0.100 UG:4    +
    5    21  2   0.0%   0.119 UG:4    +
   17    58  2   0.0%   0.096 AU:4    +
    4    88  2   0.0%   0.477 GU:4    +
  103   134  2   0.0%   0.068 UA:4    +
  101   136  2   0.0%   0.011 GU:4    +
   18   158  2   0.0%   0.136 UA:4    +
   20    35  2   0.0%   0.078 UA:4    +
    8   155  2   0.0%   0.224 UG:4    +
   17    55  2   0.0%   0.095 AU:4    +
   98   136  2   0.0%   0.043 GU:4    +
   68    78  2   0.0%   0.455 GC:4    +
    5    57  2   0.0%   0.114 UA:4    +
   19    54  2   0.0%   0.040 UA:4    +
   40    73  2   0.0%   0.641 AU:4    +
    5    53  2   0.0%   0.113 UA:4    +
   20    52  2   0.0%   0.075 UG:4    +
   11    50  2   0.0%   0.065 AU:4    +
    7    87  2   0.0%   0.150 UG:4    +
   63    69  2   0.0%   0.367 AU:4    +
    5    71  2   0.0%   0.114 UA:4    +
   30    48  2   0.0%   0.028 AU:4    +
   75    87  2   0.0%   0.729 UG:4    +
   21   147  2   0.0%   0.287 GC:4    +
    5    15  2   0.0%   0.075 UG:4    +
   87    99  2   0.0%   0.013 GU:4    +
   16   145  2   0.0%   0.263 UA:4    +
   18    38  2   0.0%   0.090 UA:4    +
    7   155  2   0.0%   0.156 UG:4    +
   66    94  2   0.0%   0.169 CG:4    +
   15    66  2   0.0%   0.151 GC:4    +
   13    50  2   0.0%   0.060 AU:4    +
   16    80  2   0.0%   0.697 UA:4    +
  100   142  2   0.0%   0.194 UA:4    +
   60    65  2   0.0%   0.144 GC:4    +
    5    95  2   0.0%   0.485 UA:4    +
   59    66  2   0.0%   0.298 GC:4    +
  104   133  2   0.0%   0.046 AU:4    +
    1   155  2   0.0%   0.375 CG:4    +
   88    96  2   0.0%   0.015 UA:4    +
    5    54  2   0.0%   0.113 UA:4    +
    4   152  2   0.0%   0.481 GC:4    +
   18   161  2   0.0%   0.136 UA:4    +
  100   105  2   0.0%   0.003 UA:4    +
   97   155  2   0.0%   0.495 UG:4    +
    4    28  2   0.0%   0.109 GC:4    +
   19   161  2   0.0%   0.241 UA:4    +
   16    52  2   0.0%   0.097 UG:4    +
  116   123  2   0.0%   0.003 UA:4    +
   16    39  2   0.0%   0.087 UG:4    +
   16    89  2   0.0%   0.269 UA:4    +
   86    96  2   0.0%   0.009 UA:4    +
  107   151  2   0.0%   0.169 UA:4    +
   86   146  2   0.0%   0.044 UG:4    +
   20    80  2   0.0%   0.665 UA:4    +
   10   155  2   0.0%   0.356 UG:4    +
   87    97  2   0.0%   0.012 GU:4    +
  110   136  2   0.0%   0.271 AU:4    +
   50   158  2   0.0%   0.692 UA:4    +
  136   145  2   0.0%   0.802 UA:4    +
  103   120  2   0.0%   0.002 UG:4    +
   16    34  2   0.0%   0.098 UG:4    +
   51   153  2   0.0%   0.369 GC:4    +
   98   103  2   0.0%   0.003 GU:4    +
   20    59  2   0.0%   0.072 UG:4    +
   19    38  2   0.0%   0.037 UA:4    +
  106   136  2   0.0%   0.281 GU:4    +
    1    51  2   0.0%   0.019 CG:4    +
  103   140  2   0.0%   0.248 UA:4    +
    5    38  2   0.0%   0.111 UA:4    +
   16    35  2   0.0%   0.084 UA:4    +
   75   155  2   0.0%   0.721 UG:4    +
   50    54  2   0.0%   0.802 UA:4    +
   65   146  2   0.0%   0.019 CG:4    +
    3   151  2   0.0%   0.449 UA:4    +
  128   140  2   0.0%   0.088 UA:4    +
  137   144  2   0.0%   1.054 AU:4    +
    8    30  2   0.0%   0.126 UA:4    +
   30   157  2   0.0%   0.538 AU:4    +
   13    88  2   0.0%   0.462 AU:4    +
    2    68  2   0.0%   0.069 CG:4    +
   68   147  2   0.0%   0.181 GC:4    +
    4    66  2   0.0%   0.122 GC:4    +
    1    87  2   0.0%   0.374 CG:4    +
   51    66  2   0.0%   0.533 GC:4    +
   52    65  2   0.0%   0.380 GC:4    +
   30   160  2   0.0%   0.546 AU:4    +
   32   155  2   0.0%   0.520 UG:4    +
   18    34  2   0.0%   0.084 UG:4    +
   81    91  2   0.0%   0.360 CG:4    +
   92   133  2   0.0%   0.015 AU:4    +
    2    87  2   0.0%   0.417 CG:4    +
   92   116  2   0.0%   0.014 AU:4    +
    4    65  2   0.0%   0.122 GC:4    +
  100   114  2   0.0%   0.003 UA:4    +
   15    81  2   0.0%   0.698 GC:4    +
   56   151  2   0.0%   0.513 UA:4    +
   60    66  2   0.0%   0.297 GC:4    +
   85   101  2   0.0%   0.080 CG:4    +
    3   155  2   0.0%   0.450 UG:4    +
  116   131  2   0.0%   0.070 UA:4    +
   19    63  2   0.0%   0.039 UA:4    +
   18    62  2   0.0%   0.090 UA:4    +
   88   120  2   0.0%   0.015 UG:4    +
   95   100  2   0.0%   0.006 AU:4    +
   51    78  2   0.0%   0.371 GC:4    +
   20    62  2   0.0%   0.072 UA:4    +
   20    54  2   0.0%   0.065 UA:4    +
   10    30  2   0.0%   0.046 UA:4    +
    5    34  2   0.0%   0.123 UG:4    +
  103   110  2   0.0%   0.001 UA:4    +
   68   153  2   0.0%   0.178 GC:4    +
   13    69  2   0.0%   0.065 AU:4    +
  108   116  2   0.0%   0.002 AU:4    +
   17   144  2   0.0%   0.283 AU:4    +
   18    39  2   0.0%   0.090 UG:4    +
   21   153  2   0.0%   0.284 GC:4    +
   85    98  2   0.0%   0.080 CG:4    +
   65    94  2   0.0%   0.016 CG:4    +
    5   149  2   0.0%   0.486 UG:4    +
   20    63  2   0.0%   0.072 UA:4    +
   14   128  2   0.0%   0.415 AU:4    +
    5    82  2   0.0%   0.829 UA:4    +
  109   139  2   0.0%   0.340 UA:4    +
   88   110  2   0.0%   0.015 UA:4    +
   16   126  2   0.0%   0.260 UA:4    +
   87   111  2   0.0%   0.012 GC:4    +
    8    87  2   0.0%   0.214 UG:4    +
   52    66  2   0.0%   0.533 GC:4    +
    5    96  2   0.0%   0.484 UA:4    +
   39    66  2   0.0%   0.528 GC:4    +
  131   136  2   0.0%   0.300 AU:4    +
   66    91  2   0.0%   0.175 CG:4    +
  100   145  2   0.0%   0.583 UA:4    +
  130   135  2   0.0%   0.086 GC:4    +
   17   125  2   0.0%   0.281 AU:4    +
   81    94  2   0.0%   0.353 CG:4    +
   59    88  2   0.0%   0.417 GU:4    +
  104   128  2   0.0%   0.002 AU:4    +
  100   104  2   0.0%   0.003 UA:4    +
   50    63  2   0.0%   0.992 UA:4    +
  139   148  2   0.0%   0.777 AU:4    +
   87   143  2   0.0%   0.013 GU:4    +
   57    69  2   0.0%   0.366 AU:4    +
   20   145  2   0.0%   0.230 UA:4    +
    5    51  2   0.0%   0.123 UG:4    +
   92   100  2   0.0%   0.016 AU:4    +
  143   151  2   0.0%   0.658 UA:4    +
   21    81  2   0.0%   0.632 GC:4    +
  100   130  2   0.0%   0.005 UG:4    +
   87   102  2   0.0%   0.012 GC:4    +
   50   161  2   0.0%   0.684 UA:4    +
   96   103  2   0.0%   0.004 AU:4    +
   19    80  2   0.0%   0.636 UA:4    +
   12    57  3   0.1%   0.063 UA:3    +
   35    43  3   0.1%   0.063 AU:3    +
   24    57  3   0.1%   0.189 UA:3    +
   11    24  3   0.1%   0.084 AU:3    +
   14    25  3   0.1%   0.150 AU:3    +
   15    24  3   0.1%   0.169 GU:3    +
   13    26  3   0.1%   0.072 AU:3    +
  151   157  3   0.1%   0.450 AU:3    +
   87   154  3   0.1%   0.933 GU:3    +
    3    27  3   0.1%   0.088 UG:3    +
   12   159  3   0.0%   0.245 UA:3    +
   12    17  3   0.0%   0.108 UA:3    +
   25    34  3   0.0%   0.067 UG:3    +
  151   160  3   0.0%   0.378 AU:3    +
  148   155  3   0.0%   1.284 UG:3    +
   26    35  3   0.0%   0.054 UA:3    +
  154   159  3   0.0%   0.710 UA:3    +
   12   158  3   0.0%   0.215 UA:3    +
   24    62  3   0.0%   0.168 UA:3    +
   27    32  3   0.0%   0.054 GU:3    +
   24   159  3   0.0%   0.657 UA:3    +
   24    35  3   0.0%   0.061 UA:3    +
   20    44  3   0.0%   0.067 UA:3    +
   43    53  3   0.0%   0.177 UA:3    +
   28    33  3   0.0%   0.049 CG:3    +
   25    37  3   0.0%   0.034 UA:3    +
   67   161  3   0.0%   0.227 UA:3    +
    4    24  3   0.0%   0.106 GU:3    +
   25    57  3   0.0%   0.177 UA:3    +
   24    53  3   0.0%   0.060 UA:3    +
   19    30  3   0.0%   0.019 UA:3    +
   24    58  3   0.0%   0.189 AU:3    +
   25    35  3   0.0%   0.049 UA:3    +
   25    38  3   0.0%   0.036 UA:3    +
   46    53  3   0.0%   0.504 UA:3    +
   22    67  3   0.0%   0.263 AU:3    +
   25   158  3   0.0%   0.541 UA:3    +
   26   158  3   0.0%   0.420 UA:3    +
   95   156  3   0.0%   0.920 AU:3    +
   25    52  3   0.0%   0.059 UG:3    +
  156   161  3   0.0%   0.682 UA:3    +
   30    42  3   0.0%   0.039 AU:3    +
   25   159  3   0.0%   0.570 UA:3    +
   13    43  3   0.0%   0.059 AU:3    +
   13    67  3   0.0%   0.065 AU:3    +
   14   156  3   0.0%   0.420 AU:3    +
   27    56  3   0.0%   0.153 GU:3    +
  154   161  3   0.0%   0.572 UA:3    +
   24    38  3   0.0%   0.045 UA:3    +
   12    80  3   0.0%   0.591 UA:3    +
   26    57  3   0.0%   0.171 UA:3    +
   72    87  3   0.0%   0.194 CG:3    +
   43    57  3   0.0%   0.424 UA:3    +
   46    54  3   0.0%   0.563 UA:3    +
  154   158  3   0.0%   0.750 UA:3    +
   25    39  3   0.0%   0.035 UG:3    +
   26    38  3   0.0%   0.037 UA:3    +
   89   156  3   0.0%   0.819 AU:3    +
   12   161  3   0.0%   0.216 UA:3    +
    2    27  3   0.0%   0.044 CG:3    +
   27    55  3   0.0%   0.157 GU:3    +
   43   158  3   0.0%   0.126 UA:3    +
   76   156  3   0.0%   0.772 GU:3    +
   14    24  3   0.0%   0.145 AU:3    +
   96   154  3   0.0%   0.551 AU:3    +
   24    39  3   0.0%   0.045 UG:3    +
   92   154  3   0.0%   0.614 AU:3    +
    8    27  3   0.0%   0.130 UG:3    +
    4    25  3   0.0%   0.104 GU:3    +
   17    46  3   0.0%   0.087 AU:3    +
   11    43  3   0.0%   0.063 AU:3    +
   10    24  3   0.0%   0.052 UA:3    +
   13    25  3   0.0%   0.058 AU:3    +
   14    26  3   0.0%   0.143 AU:3    +
   66    76  3   0.0%   0.881 CG:3    +
   15    25  3   0.0%   0.154 GU:3    +
   14   154  3   0.0%   0.418 AU:3    +
   67    94  3   0.0%   0.185 UG:3    +
  145   156  3   0.0%   1.016 AU:3    +
   11   156  3   0.0%   0.405 AU:3    +
   96   156  3   0.0%   0.572 AU:3    +
    3    24  3   0.0%   0.076 UA:3    +
    2    76  3   0.0%   0.069 CG:3    +
   24   158  3   0.0%   0.625 UA:3    +
   65    76  3   0.0%   0.727 CG:3    +
   24    32  3   0.0%   0.071 AU:3    +
   23   156  3   0.0%   0.174 AU:3    +
   13   156  3   0.0%   0.463 AU:3    +
   21    25  3   0.0%   0.061 GU:3    +
   64    77  3   0.0%   0.927 GC:3    +
   64    78  3   0.0%   0.920 GC:3    +
   33   153  3   0.0%   0.999 GC:3    +
   27    58  3   0.0%   0.061 GU:3    +
    8    24  3   0.0%   0.131 UA:3    +
   26   159  3   0.0%   0.447 UA:3    +
    1    27  3   0.0%   0.012 CG:3    +
   26   161  3   0.0%   0.412 UA:3    +
   11    26  3   0.0%   0.067 AU:3    +
   11    25  3   0.0%   0.069 AU:3    +
   12    54  3   0.0%   0.044 UA:3    +
   12    53  3   0.0%   0.044 UA:3    +
   12    89  3   0.0%   0.168 UA:3    +
   10    27  3   0.0%   0.050 UG:3    +
   76   153  3   0.0%   0.765 GC:3    +
   27    47  3   0.0%   0.026 GC:3    +
   95   154  3   0.0%   0.897 AU:3    +
   13    24  3   0.0%   0.068 AU:3    +
  109   137  3   0.0%   0.522 UA:3    +
   12    92  3   0.0%   0.166 UA:3    +
   14    67  3   0.0%   0.145 AU:3    +
   76    81  3   0.0%   1.065 GC:3    +
   43    63  3   0.0%   0.425 UA:3    +
   24   161  3   0.0%   0.621 UA:3    +
   18    44  3   0.0%   0.089 UA:3    +
   27    46  3   0.0%   0.022 GC:3    +
   76   154  3   0.0%   0.765 GU:3    +
    1    76  3   0.0%   0.025 CG:3    +
   64   147  3   0.0%   0.645 GC:3    +
  104   154  3   0.0%   0.561 AU:3    +
   76   152  3   0.0%   0.764 GC:3    +
   70   151  3   0.0%   0.208 UA:3    +
   25   161  3   0.0%   0.534 UA:3    +
    7    30  3   0.0%   0.122 UA:3    +
   16    44  3   0.0%   0.086 UA:3    +
   17   154  3   0.0%   0.283 AU:3    +
   11   154  3   0.0%   0.405 AU:3    +
   53   156  3   0.0%   0.108 AU:3    +
   13   154  3   0.0%   0.462 AU:3    +
   24    34  3   0.0%   0.073 UG:3    +
   35   156  3   0.0%   0.286 AU:3    +
   54   156  3   0.0%   0.166 AU:3    +
   30    46  3   0.0%   0.023 AU:3    +
   43    54  3   0.0%   0.234 UA:3    +
  133   151  3   0.0%   0.167 UA:3    +
   33    78  3   0.0%   1.001 GC:3    +
   46    57  3   0.0%   0.750 UA:3    +
   12    35  3   0.0%   0.042 UA:3    +
   57    61  3   0.0%   0.481 AU:3    +
   11    67  3   0.0%   0.070 AU:3    +
    4   154  3   0.0%   0.481 GU:3    +
   68    85  3   0.0%   0.177 GC:3    +
   59    67  3   0.0%   0.299 GU:3    +
   67   158  3   0.0%   0.246 UA:3    +
   11    46  3   0.0%   0.062 AU:3    +
   14    43  3   0.0%   0.136 AU:3    +
   14    46  3   0.0%   0.135 AU:3    +
    2    64  3   0.0%   0.068 CG:3    +
   67    92  3   0.0%   0.188 UA:3    +
   12    38  3   0.0%   0.044 UA:3    +
   57   156  3   0.0%   0.381 AU:3    +
   80   154  3   0.0%   0.477 AU:3    +
   38   156  3   0.0%   0.385 AU:3    +
    1    33  3   0.0%   0.012 CG:3    +
   13    46  3   0.0%   0.057 AU:3    +
   46   159  3   0.0%   0.479 UA:3    +
   76   147  3   0.0%   0.767 GC:3    +
(((((.......(((((.(((..(((((((.......((((.....)))).......))))))).))).))))).....)))))..........(((((((...(((((..((((.(((....))).))))))))).))))))).................
