6 sequence; length of alignment 164
alifold output
   44    76  0 100.0%   0.000 CG:3    GC:1    AU:2   
   50    70  0 100.0%   0.000 CG:1    GC:3    UA:2   
  116   136  0 100.0%   0.000 CG:2    AU:1    UA:3   
  118   134  0 100.0%   0.001 CG:2    AU:1    UA:3   
   49    71  0  99.7%   0.009 CG:3    GC:1    GU:2   
  114   138  0  99.7%   0.010 UG:1    AU:4    UA:1   
   38    82  0 100.0%   0.000 CG:2    GC:4   
   40    80  0 100.0%   0.000 CG:4    AU:2   
  115   137  0 100.0%   0.000 CG:3    AU:3   
   28    89  0 100.0%   0.000 GC:2    AU:4   
  117   135  0 100.0%   0.001 AU:3    UA:3   
   39    81  0  99.9%   0.002 GU:5    AU:1   
   27    90  0  99.9%   0.002 CG:4    AU:2   
  120   132  0  99.7%   0.013 CG:4    UA:2   
   51    69  0  99.7%   0.010 GC:3    UA:3   
   43    77  1 100.0%   0.001 GC:2    UA:3   
   29    88  0 100.0%   0.001 AU:6   
   30    87  0  99.9%   0.002 GC:6   
  119   133  0  99.9%   0.002 AU:6   
   41    79  1  99.9%   0.002 AU:1    UA:4   
   42    78  1  99.9%   0.003 AU:4    UA:1   
   37    83  0  99.8%   0.006 GU:5    --:1   
   36    84  0  98.2%   0.053 GC:2    UA:3    --:1   
   45    75  0  98.1%   0.055 GC:1    UA:3    --:2   
   55    65  1  98.4%   0.049 CG:3    AU:1    UA:1   
   56    64  0  98.9%   0.057 GC:6   
  112   139  0  96.8%   0.097 GU:1    AU:3    UA:2   
   34    85  0  95.1%   0.146 GC:6   
   26    91  1  89.7%   0.295 AU:5   
  111   140  0  88.5%   0.338 UA:6   
  109   142  0  66.3%   1.020 GC:6   
   31    86  0  63.2%   0.873 GU:3    AU:1    UA:2   
   25    92  0  64.1%   0.868 CG:5    --:1    +
   99   151  0  49.4%   1.953 GC:3    GU:1    AU:2   
  100   150  1  47.3%   1.731 AU:3    UA:2   
   98   152  1  45.0%   1.959 AU:2    UA:3   
   46    74  1  42.2%   1.092 AU:3    --:2   
  104   147  0  40.6%   1.964 AU:3    UA:3   
   93   157  0  40.6%   1.579 CG:6   
  103   148  0  38.8%   1.775 AU:4    --:2   
   92   158  1  35.3%   1.517 GC:5   
   33    86  2  33.2%   1.388 AU:3    UA:1    +
  105   146  3  30.9%   1.837 UA:3   
  123   128  1  29.6%   1.104 CG:3    UG:2    +
  122   129  3  26.2%   1.076 GU:3    +
   47    74  1  18.9%   1.309 AU:3    UA:2    +
   96   105  0  14.2%   1.113 AU:6    +
   95   106  2  14.2%   1.156 GC:4    +
  123   129  3  11.0%   1.485 UA:3    +
  104   146  0   9.1%   1.116 AU:3    UA:3    +
   95   153  1   9.3%   1.524 CG:2    GC:3    +
   97   104  3   9.1%   0.926 AU:3    +
   16    95  2   8.3%   0.664 CG:3    GC:1    +
   13    98  2   8.4%   0.647 AU:4    +
   12    99  2   8.4%   0.691 CG:4    +
   15    96  3   8.5%   0.784 UA:3    +
  123   130  3   8.5%   1.254 UA:3    +
  103   147  3   8.5%   0.963 AU:3    +
   14    97  3   8.5%   0.705 UA:3    +
  111   141  2   7.7%   0.729 UA:4    +
  100   148  0   6.0%   0.949 GU:1    AU:3    --:2    +
   96   152  3   7.7%   1.356 AU:3    +
   94   107  3   6.8%   0.657 AU:3    +
   91   159  3   6.6%   0.722 UA:3    +
   93   109  0   5.8%   0.612 CG:6    +
   99   149  3   6.5%   1.076 GC:3    +
   11   100  2   5.8%   0.619 UG:1    UA:3    +
  100   144  0   2.5%   0.582 GC:1    AU:3    UA:2    +
   98   103  2   4.9%   0.722 UA:4    +
   18   151  0   3.1%   0.628 GC:3    AU:3    +
  123   131  0   2.1%   1.079 CG:3    UG:2    UA:1    +
   97   151  3   4.3%   1.103 GU:2    AU:1    +
   94   155  0   3.3%   0.934 AU:6    +
   99   108  0   1.2%   0.582 GC:3    GU:1    AU:2    +
   15   153  0   2.2%   0.672 GC:3    UG:3    +
  124   129  3   3.8%   0.992 AU:3    +
   94   108  3   3.8%   0.657 AU:3    +
  107   152  0   1.7%   1.211 AU:3    UA:3    +
   17   152  2   2.7%   0.443 GU:1    AU:2    UA:1    +
   98   146  1   2.6%   0.780 AU:2    UA:3    +
   99   145  1   2.6%   0.697 GU:3    AU:2    +
   96   148  0   2.5%   0.796 AU:4    --:2    +
   14   100  0   0.2%   0.481 CG:1    AU:2    UA:3    +
   22    99  0   0.1%   0.425 CG:3    UG:1    UA:2    +
   13   155  0   2.1%   0.527 AU:6    +
   97   147  3   2.6%   0.776 GU:2    AU:1    +
   22    92  0   0.0%   0.052 CG:3    UG:2    UA:1    +
   92   108  0   0.0%   0.303 GC:3    GU:2    AU:1    +
  136   145  0   0.0%   0.180 GU:2    AU:3    UA:1    +
   92   151  0   0.0%   0.423 GC:3    GU:2    AU:1    +
   99   164  0   0.0%   1.031 GC:3    GU:1    AU:2    +
   14   112  0   0.0%   0.299 CG:1    AU:2    UA:3    +
  112   144  0   0.0%   0.201 GC:1    AU:3    UA:2    +
  131   151  0   0.0%   0.793 GC:3    GU:2    AU:1    +
   11    92  0   0.0%   0.114 CG:2    UG:3    UA:1    +
   98   112  0   0.0%   0.425 UG:1    AU:2    UA:3    +
   14    90  0   0.0%   0.075 CG:1    UG:3    AU:2    +
   18    93  3   2.7%   0.464 GC:3    +
   11   157  0   0.9%   0.473 CG:2    UG:4    +
    9   104  0   0.8%   0.255 AU:3    UA:3    +
  105   154  0   1.8%   1.075 UA:6    +
  109   143  0   0.7%   0.623 GC:4    GU:2    +
   95   149  3   2.3%   0.881 GC:3    +
   19   150  3   2.2%   0.412 AU:3    +
   10    15  0   0.5%   0.198 CG:3    GU:3    +
   14   154  3   2.2%   0.591 UA:3    +
  155   160  0   0.4%   0.549 UG:1    UA:5    +
   97   155  0   0.3%   1.044 GU:2    AU:4    +
   14   159  1   1.2%   0.581 AU:2    UA:3    +
    9   107  0   0.2%   0.202 AU:3    UA:3    +
  107   146  0   0.2%   1.064 AU:3    UA:3    +
   12   157  0   1.2%   0.516 CG:6    +
  143   157  0   0.2%   0.707 CG:4    UG:2    +
  151   157  0   0.1%   1.291 CG:3    UG:3    +
   18    22  0   0.1%   0.216 GC:3    AU:3    +
    9   144  1   1.1%   0.336 AU:3    UA:2    +
  109   151  0   0.1%   1.187 GC:3    GU:3    +
   16   157  2   1.4%   0.560 CG:3    UG:1    +
   97   111  0   0.1%   0.455 GU:2    AU:4    +
   15   149  0   0.1%   0.388 GC:3    UA:3    +
   92   111  0   0.1%   0.304 GU:5    AU:1    +
  106   153  3   1.8%   0.906 CG:3    +
   97   105  0   0.1%   0.775 GU:2    AU:4    +
   18   164  0   0.0%   0.428 GC:3    AU:3    +
  150   159  0   0.0%   0.912 AU:3    UA:3    +
   11    19  1   1.0%   0.285 CG:1    UA:4    +
   22   157  0   0.0%   0.371 CG:3    UG:3    +
  146   150  0   0.0%   1.328 AU:3    UA:3    +
   18   108  0   0.0%   0.285 GC:3    AU:3    +
   18   155  0   0.0%   0.521 GU:3    AU:3    +
  100   107  1   1.0%   0.546 AU:3    UA:2    +
   22    94  3   1.8%   0.272 UA:3    +
   97   161  0   0.0%   0.746 GU:2    AU:4    +
   15   150  0   0.0%   0.390 GU:3    UA:3    +
  157   164  0   0.0%   0.646 GC:3    GU:3    +
   99   105  0   0.0%   0.608 GU:4    AU:2    +
   19   155  0   0.0%   0.353 GU:1    AU:5    +
  107   147  0   0.0%   1.025 AU:3    UA:3    +
   19   161  0   0.0%   0.268 GU:1    AU:5    +
   56    62  0   0.0%   0.004 GC:3    GU:3    +
    9   150  0   0.0%   0.237 AU:3    UA:3    +
  104   159  0   0.0%   1.259 AU:3    UA:3    +
   18   161  0   0.0%   0.442 GU:3    AU:3    +
  112   148  0   0.0%   0.685 GU:1    AU:3    --:2    +
  124   133  0   0.0%   0.128 GU:3    AU:3    +
   99   155  0   0.0%   1.309 GU:4    AU:2    +
   19   105  0   0.0%   0.187 GU:1    AU:5    +
   18   148  0   0.0%   0.288 GU:3    AU:1    --:2    +
   56    61  0   0.0%   0.001 GC:3    GU:3    +
   11    97  0   0.0%   0.127 CG:2    UA:4    +
  123   157  0   0.0%   1.476 CG:3    UG:3    +
   22   109  0   0.0%   0.168 CG:3    UG:3    +
  135   146  0   0.0%   0.771 AU:3    UA:3    +
   15   104  0   0.0%   0.424 GU:3    UA:3    +
  129   152  0   0.0%   1.528 AU:3    UA:3    +
  105   160  0   0.0%   0.831 UG:1    UA:5    +
   18   105  0   0.0%   0.322 GU:3    AU:3    +
  108   157  0   0.0%   0.776 CG:3    UG:3    +
   34    83  0   0.0%   0.001 GC:1    GU:5    +
  107   159  0   0.0%   0.687 AU:3    UA:3    +
   45    72  0   0.0%   0.000 GC:1    UA:3    --:2    +
    6   100  1   0.0%   0.056 GU:1    UG:1    AU:1    UA:2    +
  104   152  0   0.0%   1.586 AU:3    UA:3    +
  111   124  0   0.0%   0.011 UG:3    UA:3    +
    6   112  1   0.0%   0.058 GU:1    UG:1    AU:1    UA:2    +
   15   107  0   0.0%   0.380 GU:3    UA:3    +
  137   149  0   0.0%   0.303 GC:3    UA:3    +
   11   109  0   0.0%   0.295 CG:2    UG:4    +
   56    67  0   0.0%   0.035 GC:1    GU:5    +
   19   111  0   0.0%   0.134 GU:1    AU:5    +
   99   161  0   0.0%   1.061 GU:4    AU:2    +
   99   111  0   0.0%   0.344 GU:4    AU:2    +
   91   109  0   0.0%   0.108 CG:1    UG:5    +
   92   155  0   0.0%   0.423 GU:5    AU:1    +
   92   161  0   0.0%   0.693 GU:5    AU:1    +
  132   148  0   0.0%   0.654 GU:2    AU:2    --:2    +
  109   164  0   0.0%   0.550 GC:3    GU:3    +
   91   157  0   0.0%   0.288 CG:1    UG:5    +
   18   111  0   0.0%   0.272 GU:3    AU:3    +
  135   147  0   0.0%   0.741 AU:3    UA:3    +
  125   131  1   1.5%   0.272 CG:5    +
    9    14  1   0.9%   0.158 AU:3    UA:2    +
   15   158  3   1.5%   0.717 GC:3    +
    6   147  2   0.8%   0.181 GU:1    AU:1    UA:2    +
   98   159  1   0.7%   1.293 AU:2    UA:3    +
   15    20  1   0.2%   0.189 GC:3    UG:1    UA:1    +
  104   155  3   1.4%   1.380 AU:3    +
   96   155  0   0.6%   1.188 AU:6    +
   11    17  2   0.9%   0.191 CG:1    UA:3    +
    8    15  3   0.8%   0.185 CG:1    GU:1    AU:1    +
   20    95  3   1.3%   0.443 CG:3    +
    3    18  1   0.0%   0.041 CG:2    UG:1    UA:2    +
    2   145  1   0.0%   0.092 GU:2    AU:2    UA:1    +
    3    99  1   0.0%   0.079 CG:2    UG:1    UA:2    +
  138   147  1   0.0%   0.744 GU:1    AU:1    UA:3    +
  138   146  1   0.0%   0.773 GU:1    AU:1    UA:3    +
    4    18  3   1.0%   0.155 CG:2    UA:1    +
  144   152  1   0.5%   1.028 AU:2    UA:3    +
    6    17  2   0.8%   0.123 AU:1    UA:3    +
   12    18  3   1.2%   0.270 CG:3    +
   94   150  3   1.2%   0.650 AU:3    +
   56    63  0   0.4%   0.066 GC:6    +
    3    19  3   0.9%   0.159 UG:1    UA:2    +
  154   161  0   0.4%   0.370 AU:6    +
    2    10  2   0.4%   0.076 CG:1    GC:2    UG:1    +
   10    18  3   1.1%   0.259 CG:3    +
    8   105  2   0.7%   0.195 GU:1    AU:3    +
    8   145  3   1.1%   0.280 AU:3    +
    8    14  2   0.3%   0.059 GC:1    AU:2    UA:1    +
    7   105  0   0.3%   0.083 AU:6    +
    2    16  2   0.3%   0.081 CG:1    GC:2    AU:1    +
   10   143  3   1.0%   0.285 GC:3    +
    3    15  2   0.2%   0.048 CG:2    GU:1    UG:1    +
   16    99  2   0.6%   0.543 CG:3    UA:1    +
    2    20  3   0.7%   0.156 GC:2    UG:1    +
    9    19  3   0.7%   0.205 UG:1    UA:2    +
   22    95  2   0.5%   0.478 CG:3    UG:1    +
    7   146  3   0.9%   0.204 AU:3    +
  148   156  0   0.2%   0.795 UA:4    --:2    +
   23   155  0   0.2%   0.190 AU:6    +
    8   144  2   0.2%   0.147 GC:1    AU:2    UA:1    +
   10    95  1   0.2%   0.144 CG:3    GC:2    +
   10   158  3   0.9%   0.350 GC:3    +
    6   146  2   0.2%   0.089 GU:1    AU:1    UA:2    +
   95   155  2   0.8%   1.291 GU:4    +
   99   158  2   0.8%   1.618 GC:4    +
  148   154  0   0.1%   0.919 UA:4    --:2    +
   96   161  0   0.1%   0.897 AU:6    +
   98   147  1   0.1%   0.685 AU:2    UA:3    +
   11   160  1   0.1%   0.410 CG:1    UA:4    +
    7   155  0   0.1%   0.135 AU:6    +
   14   152  1   0.1%   0.343 AU:2    UA:3    +
  145   156  1   0.6%   0.337 UA:5    +
   17   159  2   0.1%   0.314 GU:1    AU:2    UA:1    +
  142   157  0   0.1%   0.857 CG:6    +
   23   148  0   0.1%   0.058 AU:4    --:2    +
  156   161  0   0.1%   0.207 AU:6    +
   97   148  0   0.1%   0.657 AU:4    --:2    +
  148   160  0   0.1%   0.724 UA:4    --:2    +
   13   161  0   0.1%   0.372 AU:6    +
    6   152  2   0.1%   0.121 GU:1    AU:1    UA:2    +
   14   146  1   0.1%   0.368 AU:2    UA:3    +
  120   131  1   0.1%   0.014 CG:3    UG:2    +
  144   157  2   0.4%   0.842 CG:1    UG:3    +
    7   161  0   0.1%   0.139 AU:6    +
   12   109  0   0.1%   0.288 CG:6    +
  106   157  0   0.0%   0.944 CG:6    +
    6    15  2   0.0%   0.048 GU:1    UG:2    AU:1    +
   95   151  2   0.4%   0.882 GC:3    GU:1    +
   18   145  1   0.0%   0.350 GU:3    AU:2    +
   19   148  0   0.0%   0.156 AU:4    --:2    +
  109   158  0   0.0%   1.106 GC:6    +
   17   147  2   0.0%   0.170 GU:1    AU:2    UA:1    +
   19   145  1   0.0%   0.216 GU:1    AU:4    +
    2   153  2   0.0%   0.112 CG:1    GC:2    UG:1    +
   17   146  2   0.0%   0.182 GU:1    AU:2    UA:1    +
    2   150  2   0.0%   0.099 GU:2    AU:1    UA:1    +
   14   147  1   0.0%   0.353 AU:2    UA:3    +
   95   158  2   0.7%   1.562 GC:4    +
   13   148  0   0.0%   0.246 AU:4    --:2    +
  111   157  0   0.0%   0.882 UG:6    +
  144   159  1   0.0%   0.557 AU:2    UA:3    +
    6   159  2   0.0%   0.125 GU:1    AU:1    UA:2    +
  100   104  1   0.0%   0.462 AU:3    UA:2    +
    9    17  2   0.0%   0.095 UG:1    AU:1    UA:2    +
   91   160  1   0.0%   0.310 UG:1    UA:4    +
  103   155  0   0.0%   1.093 AU:6    +
    3   157  1   0.0%   0.088 CG:2    UG:3    +
  109   148  0   0.0%   1.159 GU:4    --:2    +
  105   140  0   0.0%   0.350 UA:6    +
   56    66  0   0.0%   0.037 GU:6    +
   94   105  0   0.0%   0.146 AU:6    +
   17   155  1   0.0%   0.336 GU:1    AU:4    +
    6   145  2   0.0%   0.063 GU:1    AU:2    UA:1    +
  103   161  0   0.0%   0.806 AU:6    +
    2   107  2   0.0%   0.087 GU:2    AU:1    UA:1    +
    3   109  1   0.0%   0.082 CG:2    UG:3    +
   17   161  1   0.0%   0.258 GU:1    AU:4    +
  157   161  0   0.0%   0.704 GU:6    +
   23   161  0   0.0%   0.083 AU:6    +
  139   146  1   0.0%   0.805 AU:2    UA:3    +
   15    98  1   0.0%   0.567 GU:3    UA:2    +
  139   147  1   0.0%   0.776 AU:2    UA:3    +
   99   148  0   0.0%   0.549 GU:4    --:2    +
  141   148  0   0.0%   0.868 AU:4    --:2    +
  148   157  0   0.0%   1.284 UG:4    --:2    +
   13   105  0   0.0%   0.285 AU:6    +
   94   161  0   0.0%   0.640 AU:6    +
    2   148  1   0.0%   0.091 GU:2    AU:1    --:2    +
  139   152  1   0.0%   0.822 AU:2    UA:3    +
  122   158  0   0.0%   0.916 GC:6    +
  109   155  0   0.0%   0.928 GU:6    +
  145   160  1   0.0%   0.261 UG:1    UA:4    +
   53    65  1   0.0%   0.001 UG:3    UA:2    +
    7   148  0   0.0%   0.107 AU:4    --:2    +
  137   144  1   0.0%   0.169 GU:3    UA:2    +
  119   161  0   0.0%   0.044 AU:6    +
   30    88  0   0.0%   0.002 GU:6    +
   15   144  1   0.0%   0.430 GU:3    UA:2    +
  123   134  1   0.0%   0.916 CG:2    UA:3    +
   34    87  0   0.0%   0.055 GC:6    +
  103   111  0   0.0%   0.184 AU:6    +
    9    98  1   0.0%   0.105 AU:3    UA:2    +
   96   111  0   0.0%   0.511 AU:6    +
   25   157  0   0.0%   0.480 CG:5    --:1    +
  120   128  1   0.0%   0.001 CG:3    UG:2    +
    8   148  1   0.0%   0.171 GU:1    AU:2    --:2    +
  121   133  0   0.0%   0.024 AU:6    +
  111   154  0   0.0%   0.525 UA:6    +
    2   104  2   0.0%   0.084 GU:2    AU:1    UA:1    +
   95   148  0   0.0%   0.618 GU:4    --:2    +
  105   109  0   0.0%   0.540 UG:6    +
  105   156  0   0.0%   0.843 UA:6    +
   19    91  1   0.0%   0.129 GU:1    AU:4    +
   97   145  1   0.0%   0.516 GU:2    AU:3    +
   17   105  1   0.0%   0.168 GU:1    AU:4    +
  140   155  0   0.0%   0.505 AU:6    +
  109   125  0   0.0%   0.195 GC:6    +
    8    98  2   0.0%   0.059 GU:1    AU:2    UA:1    +
   52    65  1   0.0%   0.000 UG:3    UA:2    +
    7   111  0   0.0%   0.049 AU:6    +
  104   112  1   0.0%   0.285 AU:2    UA:3    +
   26   161  0   0.0%   0.129 AU:6    +
   94   148  0   0.0%   0.411 AU:4    --:2    +
   94   111  0   0.0%   0.401 AU:6    +
  111   156  0   0.0%   0.366 UA:6    +
   37    85  0   0.0%   0.052 GC:5    --:1    +
   15   139  1   0.0%   0.365 GU:3    UA:2    +
   13   111  0   0.0%   0.234 AU:6    +
   18    91  1   0.0%   0.169 GU:3    AU:2    +
  126   155  0   0.0%   0.391 AU:6    +
   23   105  0   0.0%   0.082 AU:6    +
  105   157  0   0.0%   1.353 UG:6    +
  140   148  0   0.0%   0.763 AU:4    --:2    +
  140   161  0   0.0%   0.157 AU:6    +
  112   150  1   0.0%   0.582 AU:3    UA:2    +
  109   161  0   0.0%   0.582 GU:6    +
  133   156  0   0.0%   0.049 UA:6    +
  107   112  1   0.0%   0.270 AU:2    UA:3    +
  134   155  1   0.0%   0.392 GU:2    AU:3    +
  134   148  1   0.0%   0.651 GU:2    AU:1    --:2    +
    9   139  1   0.0%   0.173 AU:3    UA:2    +
  122   133  0   0.0%   0.352 GU:6    +
    8   139  2   0.0%   0.111 GU:1    AU:2    UA:1    +
  120   124  1   0.0%   0.000 CG:3    UA:2    +
  127   155  0   0.0%   0.413 AU:6    +
    3    16  3   0.2%   0.079 GC:1    UG:1    UA:1    +
    4    15  2   0.3%   0.062 CG:2    AU:2    +
    1    10  2   0.2%   0.041 CG:2    GC:2    +
  146   155  3   0.6%   1.265 AU:3    +
    8   104  3   0.3%   0.116 AU:2    UA:1    +
   11   154  2   0.5%   0.378 UA:4    +
    1   153  2   0.1%   0.077 CG:2    GC:2    +
   17   100  3   0.0%   0.291 GU:1    AU:1    UA:1    +
    8   161  2   0.1%   0.206 GU:1    AU:3    +
   17    98  3   0.5%   0.377 AU:3    +
   12   153  3   0.5%   0.368 CG:3    +
    2   143  3   0.0%   0.090 GC:1    GU:1    AU:1    +
  100   105  2   0.1%   0.535 GU:1    AU:3    +
   94   159  3   0.5%   0.922 AU:3    +
  147   154  3   0.5%   1.036 UA:3    +
   15   145  2   0.1%   0.441 GU:3    UA:1    +
  143   153  3   0.5%   0.616 CG:3    +
  109   144  2   0.0%   0.677 GC:1    GU:3    +
   98   109  2   0.4%   0.638 UG:4    +
   95   108  2   0.0%   0.744 GC:3    GU:1    +
   11    18  2   0.0%   0.172 UG:3    UA:1    +
   95   164  2   0.0%   1.021 GC:3    GU:1    +
    7   145  1   0.2%   0.088 AU:5    +
  145   152  2   0.0%   0.998 AU:1    UA:3    +
   54    65  2   0.0%   0.005 UG:3    UA:1    +
    8   155  2   0.0%   0.190 GU:1    AU:3    +
   14   157  2   0.0%   0.510 CG:1    UG:3    +
  145   159  2   0.0%   0.560 AU:1    UA:3    +
   18    98  2   0.0%   0.508 GU:3    AU:1    +
    2   161  2   0.0%   0.104 GU:2    AU:2    +
   91   112  2   0.0%   0.103 CG:1    UA:3    +
   99   144  2   0.0%   0.405 GC:1    GU:3    +
    2   155  2   0.0%   0.102 GU:2    AU:2    +
  114   139  2   0.0%   0.039 AU:3    UA:1    +
   17   145  2   0.0%   0.182 GU:1    AU:3    +
   97   143  2   0.0%   0.491 GC:2    AU:2    +
    2   105  2   0.0%   0.086 GU:2    AU:2    +
   14    99  2   0.0%   0.497 CG:1    UG:3    +
  123   132  2   0.0%   0.919 CG:1    UG:3    +
    9   145  2   0.0%   0.286 AU:3    UA:1    +
    1    22  3   0.2%   0.068 GC:2    GU:1    +
  134   147  2   0.0%   0.741 AU:3    UA:1    +
  128   153  2   0.0%   0.816 GC:3    UG:1    +
    6   141  2   0.0%   0.059 GC:1    UA:3    +
   16   109  2   0.0%   0.275 CG:3    UG:1    +
   99   143  2   0.0%   0.385 GC:2    GU:2    +
  112   138  2   0.0%   0.002 UG:1    AU:3    +
    2   111  2   0.0%   0.088 GU:2    AU:2    +
  100   155  2   0.0%   1.182 GU:1    AU:3    +
   14    95  2   0.0%   0.089 CG:1    UG:3    +
   14   109  2   0.0%   0.306 CG:1    UG:3    +
   95   143  2   0.0%   0.652 GC:2    GU:2    +
   95   144  2   0.0%   0.670 GC:1    GU:3    +
  100   161  2   0.0%   0.895 GU:1    AU:3    +
  136   150  2   0.0%   0.549 AU:3    UA:1    +
  112   155  2   0.0%   0.425 GU:1    AU:3    +
   17    91  2   0.0%   0.085 GU:1    AU:3    +
  134   152  2   0.0%   0.787 AU:3    UA:1    +
    6    95  2   0.0%   0.055 GC:1    UG:3    +
   49    65  2   0.0%   0.000 CG:3    GU:1    +
   50    68  2   0.0%   0.000 GU:3    UA:1    +
  100   111  2   0.0%   0.241 GU:1    AU:3    +
    8    91  2   0.0%   0.058 GC:1    AU:3    +
   20    90  2   0.0%   0.050 CG:3    AU:1    +
   18   139  2   0.0%   0.271 GU:3    AU:1    +
  121   129  3   0.4%   0.068 AU:3    +
  123   127  3   0.4%   0.068 UA:3    +
    1    11  3   0.1%   0.043 GC:1    GU:2    +
    9   160  3   0.1%   0.272 UG:1    UA:2    +
   94   152  3   0.4%   0.641 AU:3    +
   93   153  3   0.4%   0.463 CG:3    +
    2    11  3   0.1%   0.054 GU:2    AU:1    +
  145   154  1   0.1%   0.410 UA:5    +
   15    99  3   0.1%   0.587 UG:1    UA:2    +
   97   152  3   0.1%   1.046 GU:2    AU:1    +
   99   146  3   0.1%   0.611 GU:1    AU:2    +
  145   157  1   0.1%   0.834 UG:5    +
    8   150  3   0.1%   0.188 AU:2    UA:1    +
   19   152  3   0.1%   0.366 GU:1    AU:2    +
    9   103  3   0.3%   0.157 UA:3    +
   99   106  2   0.2%   0.600 GC:4    +
   10   155  3   0.3%   0.254 GU:3    +
    4   157  3   0.0%   0.076 CG:2    UG:1    +
    1   151  3   0.0%   0.062 GC:2    GU:1    +
   20   157  2   0.2%   0.319 CG:4    +
   17   151  3   0.0%   0.146 GU:1    AU:2    +
    2   108  3   0.0%   0.094 GC:2    AU:1    +
   98   154  2   0.2%   1.042 UA:4    +
  103   145  1   0.0%   0.357 AU:5    +
    2   151  3   0.0%   0.103 GC:2    AU:1    +
  108   150  3   0.3%   0.773 UA:3    +
   23    91  1   0.0%   0.021 AU:5    +
    1    20  3   0.0%   0.039 CG:1    GC:2    +
  143   160  3   0.0%   0.156 CG:1    UA:2    +
  148   152  1   0.0%   1.469 UA:3    --:2    +
   99   152  3   0.0%   1.686 GU:1    AU:2    +
    6   105  3   0.0%   0.062 GU:1    AU:2    +
  151   160  3   0.0%   0.703 UG:1    UA:2    +
   17   148  1   0.0%   0.128 AU:3    --:2    +
    2   149  3   0.0%   0.094 GC:2    UA:1    +
   99   159  3   0.0%   1.346 GU:1    AU:2    +
    2     6  3   0.0%   0.004 CG:1    GU:2    +
   17    22  3   0.0%   0.121 GU:1    AU:2    +
    3   144  3   0.0%   0.083 GC:1    UA:2    +
  147   160  3   0.0%   0.824 UG:1    UA:2    +
  148   159  1   0.0%   1.008 UA:3    --:2    +
  100   143  3   0.0%   0.285 GC:1    AU:2    +
   23   145  1   0.0%   0.104 AU:5    +
    3   160  3   0.0%   0.088 UG:1    UA:2    +
    1   108  3   0.0%   0.052 GC:2    GU:1    +
    2    14  3   0.0%   0.032 GU:2    AU:1    +
    2    22  3   0.0%   0.097 GC:2    AU:1    +
    8   107  3   0.0%   0.114 AU:2    UA:1    +
   95   107  3   0.3%   0.832 GU:3    +
   11   153  3   0.0%   0.311 CG:2    UG:1    +
  109   145  1   0.0%   0.687 GU:5    +
   19   146  3   0.0%   0.207 GU:1    AU:2    +
   19   159  3   0.0%   0.318 GU:1    AU:2    +
   19   143  3   0.0%   0.184 GC:1    AU:2    +
    6   161  3   0.0%   0.132 GU:1    AU:2    +
    3    14  3   0.0%   0.006 GC:1    UA:2    +
   35    83  1   0.0%   0.002 AU:5    +
   98   145  3   0.0%   0.501 AU:2    UA:1    +
   97   108  3   0.0%   0.576 GU:2    AU:1    +
    1   164  3   0.0%   0.070 GC:2    GU:1    +
  152   160  3   0.0%   0.865 UG:1    UA:2    +
   22   160  3   0.0%   0.208 UG:1    UA:2    +
  140   145  1   0.0%   0.293 AU:5    +
   15    19  3   0.0%   0.243 UG:1    UA:2    +
    1   143  3   0.0%   0.054 GC:2    GU:1    +
    6    18  3   0.0%   0.098 UG:2    UA:1    +
    2   164  3   0.0%   0.103 GC:2    AU:1    +
   19   147  3   0.0%   0.190 GU:1    AU:2    +
    4    98  3   0.0%   0.063 AU:2    UA:1    +
    9   148  1   0.0%   0.225 AU:3    --:2    +
   97   146  3   0.0%   0.509 GU:2    AU:1    +
   22    97  3   0.0%   0.360 UG:2    UA:1    +
   19   151  3   0.0%   0.357 GU:1    AU:2    +
   18   143  3   0.0%   0.321 GC:1    GU:2    +
   12    92  1   0.0%   0.064 CG:5    +
    4   109  3   0.0%   0.066 CG:2    UG:1    +
   13   145  1   0.0%   0.297 AU:5    +
  120   160  3   0.0%   0.038 CG:1    UA:2    +
    6   155  3   0.0%   0.118 GU:1    AU:2    +
  160   164  3   0.0%   0.078 GU:1    AU:2    +
   15   160  3   0.0%   0.566 UG:1    UA:2    +
    2   144  3   0.0%   0.089 GU:2    AU:1    +
   15   148  1   0.0%   0.374 GU:3    --:2    +
   15   143  3   0.0%   0.414 GC:1    GU:2    +
   17   164  3   0.0%   0.233 GU:1    AU:2    +
   13    91  1   0.0%   0.020 AU:5    +
   99   147  3   0.0%   0.589 GU:1    AU:2    +
   19   164  3   0.0%   0.244 GU:1    AU:2    +
   17   108  3   0.0%   0.123 GU:1    AU:2    +
   97   159  3   0.0%   0.989 GU:2    AU:1    +
  146   160  3   0.0%   0.857 UG:1    UA:2    +
   16    92  3   0.0%   0.032 CG:2    UG:1    +
    4    99  3   0.0%   0.063 CG:2    UA:1    +
  139   145  3   0.0%   0.214 AU:2    UA:1    +
   94   145  1   0.0%   0.471 AU:5    +
   15    97  3   0.0%   0.565 UG:2    UA:1    +
  106   128  1   0.0%   0.308 CG:5    +
   92   159  3   0.0%   0.925 GU:2    AU:1    +
   96   145  1   0.0%   0.581 AU:5    +
    1    95  3   0.0%   0.048 CG:2    GC:1    +
    9    97  3   0.0%   0.103 UG:2    UA:1    +
  108   160  3   0.0%   0.248 UG:1    UA:2    +
  132   150  3   0.0%   0.552 GU:1    AU:2    +
   97   164  3   0.0%   0.713 GU:2    AU:1    +
  112   143  3   0.0%   0.120 GC:1    AU:2    +
   51    67  3   0.0%   0.000 GC:1    GU:2    +
   92   152  3   0.0%   0.424 GU:2    AU:1    +
   92   106  1   0.0%   0.307 GC:5    +
   59    65  3   0.0%   0.019 UG:2    AU:1    +
   48    66  1   0.0%   0.000 AU:5    +
   19   108  3   0.0%   0.145 GU:1    AU:2    +
    3    95  3   0.0%   0.077 CG:2    UG:1    +
    6   111  3   0.0%   0.058 GU:1    AU:2    +
   60    65  3   0.0%   0.019 UG:2    AU:1    +
   91   154  1   0.0%   0.221 UA:5    +
    9    99  3   0.0%   0.104 UG:1    UA:2    +
   91   156  1   0.0%   0.143 UA:5    +
    4   139  3   0.0%   0.063 AU:2    UA:1    +
  131   158  1   0.0%   0.711 GC:5    +
    3    97  3   0.0%   0.077 UG:2    UA:1    +
    7    91  1   0.0%   0.026 AU:5    +
   10    91  3   0.0%   0.109 GC:1    GU:2    +
  109   149  3   0.2%   0.839 GC:3    +
   10   106  3   0.2%   0.167 GC:3    +
   11    94  2   0.2%   0.145 UA:4    +
   23    98  2   0.1%   0.287 AU:4    +
   13   152  3   0.2%   0.286 AU:3    +
    7    15  3   0.2%   0.080 AU:3    +
   22   156  3   0.2%   0.234 UA:3    +
  149   155  3   0.2%   0.771 AU:3    +
   11   156  2   0.1%   0.366 UA:4    +
   96   150  3   0.2%   0.786 AU:3    +
   15    22  3   0.2%   0.185 GC:3    +
   93    99  2   0.1%   0.380 CG:4    +
  105   141  2   0.1%   0.377 UA:4    +
    1    12  3   0.2%   0.056 GC:3    +
    9    13  3   0.2%   0.039 UA:3    +
   99   153  3   0.2%   1.370 GC:3    +
    9   156  3   0.2%   0.270 UA:3    +
  147   155  3   0.2%   1.221 AU:3    +
   11   141  2   0.1%   0.307 UA:4    +
  146   156  3   0.1%   0.929 UA:3    +
  105   147  3   0.1%   1.474 UA:3    +
  144   156  3   0.1%   0.267 UA:3    +
   18    25  2   0.1%   0.180 GC:3    --:1    +
   94    98  2   0.1%   0.346 AU:4    +
    9    96  3   0.1%   0.120 UA:3    +
   10   159  3   0.1%   0.291 GU:3    +
   10   157  3   0.1%   0.239 CG:3    +
   34    86  2   0.0%   0.713 GU:4    +
  150   154  3   0.1%   0.825 UA:3    +
   18   158  3   0.1%   0.538 GC:3    +
   15    25  2   0.0%   0.149 GC:3    --:1    +
   19    98  2   0.0%   0.373 AU:4    +
   11   103  2   0.0%   0.314 UA:4    +
   98   160  2   0.0%   0.966 UA:4    +
   20    92  2   0.0%   0.056 CG:4    +
    7    22  3   0.1%   0.052 AU:3    +
   15   154  3   0.1%   0.600 UA:3    +
   12    95  2   0.0%   0.078 CG:4    +
  146   153  3   0.1%   1.274 UG:3    +
    1    25  2   0.0%   0.050 GC:3    --:1    +
   15   151  3   0.1%   0.407 GC:3    +
   11    96  2   0.0%   0.136 UA:4    +
  109   139  2   0.0%   0.198 GU:4    +
  125   132  2   0.0%   0.068 CG:4    +
    7    11  2   0.0%   0.021 AU:4    +
  147   157  3   0.1%   1.403 UG:3    +
   98   156  2   0.0%   0.942 UA:4    +
    7    98  2   0.0%   0.029 AU:4    +
  141   155  2   0.0%   0.610 AU:4    +
   11    23  2   0.0%   0.122 UA:4    +
   95   105  2   0.0%   0.364 GU:4    +
   95   161  2   0.0%   1.038 GU:4    +
    6   156  3   0.1%   0.134 UA:3    +
  103   146  3   0.1%   0.364 AU:3    +
   20   109  2   0.0%   0.118 CG:4    +
   98   157  2   0.0%   1.452 UG:4    +
  139   160  2   0.0%   0.066 UA:4    +
  141   161  2   0.0%   0.261 AU:4    +
  139   156  2   0.0%   0.083 UA:4    +
   22   149  3   0.1%   0.191 UA:3    +
   11    99  2   0.0%   0.127 UG:4    +
   25    95  2   0.0%   0.598 CG:3    --:1    +
   99   142  2   0.0%   0.341 GC:4    +
   25    90  2   0.0%   0.008 CG:3    --:1    +
   52    60  2   0.0%   0.000 UA:4    +
   11    26  2   0.0%   0.114 UA:4    +
   23   139  2   0.0%   0.027 AU:4    +
   95   142  2   0.0%   0.609 GC:4    +
   59    66  2   0.0%   0.001 AU:4    +
   13   139  2   0.0%   0.233 AU:4    +
   11   140  2   0.0%   0.292 UA:4    +
   56    68  2   0.0%   0.035 GU:4    +
   95   111  2   0.0%   0.607 GU:4    +
    7   139  2   0.0%   0.048 AU:4    +
   11    95  2   0.0%   0.136 UG:4    +
   90   161  2   0.0%   0.031 GU:4    +
   29    89  2   0.0%   0.001 AU:4    +
   53    59  2   0.0%   0.000 UA:4    +
   98   141  2   0.0%   0.429 UA:4    +
   60    66  2   0.0%   0.001 AU:4    +
   52    59  2   0.0%   0.000 UA:4    +
  103   139  2   0.0%   0.173 AU:4    +
  132   142  2   0.0%   0.283 GC:4    +
   18   153  3   0.1%   0.534 GC:3    +
   14    23  3   0.1%   0.093 UA:3    +
    6    23  3   0.1%   0.066 UA:3    +
  109   150  3   0.1%   1.080 GU:3    +
    7   151  3   0.1%   0.127 AU:3    +
   10   142  3   0.1%   0.153 GC:3    +
  152   156  3   0.1%   0.945 UA:3    +
  149   159  3   0.1%   0.664 AU:3    +
    6    13  3   0.1%   0.018 UA:3    +
   10   161  3   0.1%   0.300 GU:3    +
  100   145  3   0.1%   0.511 AU:3    +
   18   149  3   0.1%   0.304 GC:3    +
    7    14  3   0.1%   0.017 AU:3    +
   99   150  3   0.1%   0.793 GU:3    +
    6   160  3   0.1%   0.136 UA:3    +
  153   158  3   0.1%   1.068 GC:3    +
    7   159  3   0.1%   0.133 AU:3    +
    1   158  3   0.0%   0.075 GC:3    +
   13   147  3   0.0%   0.283 AU:3    +
   22    96  3   0.0%   0.376 UA:3    +
   14   160  3   0.0%   0.484 UA:3    +
    9    18  3   0.0%   0.113 UA:3    +
  107   141  3   0.0%   0.294 UA:3    +
   48    74  3   0.0%   0.689 AU:3    +
   11   159  3   0.0%   0.398 UA:3    +
   18   146  3   0.0%   0.348 AU:3    +
    9   149  3   0.0%   0.235 UA:3    +
  147   161  3   0.0%   0.842 AU:3    +
  107   156  3   0.0%   0.409 UA:3    +
   13   108  3   0.0%   0.245 AU:3    +
   14    19  3   0.0%   0.199 UA:3    +
  146   154  3   0.0%   1.002 UA:3    +
  147   153  3   0.0%   1.236 UG:3    +
  151   156  3   0.0%   0.767 UA:3    +
  150   156  3   0.0%   0.678 UA:3    +
    4   161  3   0.0%   0.077 AU:3    +
   31    85  3   0.0%   0.008 GC:3    +
   96   107  3   0.0%   0.726 AU:3    +
   19   144  3   0.0%   0.206 AU:3    +
    4   155  3   0.0%   0.071 AU:3    +
    3   156  3   0.0%   0.088 UA:3    +
   31    87  3   0.0%   0.300 GC:3    +
  149   157  3   0.0%   0.932 CG:3    +
   15    93  3   0.0%   0.151 GC:3    +
   96   151  3   0.0%   0.767 AU:3    +
  108   149  3   0.0%   0.489 UA:3    +
   23   147  3   0.0%   0.085 AU:3    +
  104   141  3   0.0%   0.295 UA:3    +
   97   150  3   0.0%   0.709 AU:3    +
    7   104  3   0.0%   0.033 AU:3    +
  150   157  3   0.0%   1.182 UG:3    +
   14   103  3   0.0%   0.322 UA:3    +
    3    13  3   0.0%   0.007 UA:3    +
   19   107  3   0.0%   0.153 AU:3    +
  147   156  3   0.0%   0.881 UA:3    +
  111   150  3   0.0%   0.869 UA:3    +
  103   144  3   0.0%   0.341 AU:3    +
    9   154  3   0.0%   0.236 UA:3    +
   15    23  3   0.0%   0.157 UA:3    +
  108   140  3   0.0%   0.203 UA:3    +
   13   104  3   0.0%   0.291 AU:3    +
    7   108  3   0.0%   0.055 AU:3    +
    6   154  3   0.0%   0.117 UA:3    +
   18   150  3   0.0%   0.302 GU:3    +
   15   156  3   0.0%   0.507 UA:3    +
   13    22  3   0.0%   0.042 AU:3    +
   18   147  3   0.0%   0.331 AU:3    +
   58    65  3   0.0%   0.022 CG:3    +
    1   109  3   0.0%   0.054 CG:3    +
  153   157  3   0.0%   1.118 CG:3    +
   14   156  3   0.0%   0.426 UA:3    +
  154   159  3   0.0%   0.603 AU:3    +
  103   108  3   0.0%   0.370 AU:3    +
    9   161  3   0.0%   0.269 AU:3    +
   18   159  3   0.0%   0.494 AU:3    +
   94   151  3   0.0%   0.579 AU:3    +
   96   108  3   0.0%   0.646 AU:3    +
  153   164  3   0.0%   0.511 GU:3    +
  152   161  3   0.0%   0.873 AU:3    +
  152   157  3   0.0%   1.447 UG:3    +
   97   107  3   0.0%   0.655 AU:3    +
  144   160  3   0.0%   0.260 UA:3    +
   14    94  3   0.0%   0.088 UA:3    +
  153   159  3   0.0%   0.839 GU:3    +
   15   155  3   0.0%   0.587 GU:3    +
    9    23  3   0.0%   0.102 UA:3    +
  150   161  3   0.0%   0.620 AU:3    +
  109   153  3   0.0%   0.992 GC:3    +
  108   154  3   0.0%   0.424 UA:3    +
   10    22  3   0.0%   0.130 GU:3    +
    3   154  3   0.0%   0.083 UA:3    +
  104   160  3   0.0%   0.963 UA:3    +
  111   149  3   0.0%   0.620 UA:3    +
  107   151  3   0.0%   0.925 AU:3    +
  150   160  3   0.0%   0.611 UA:3    +
    7   144  3   0.0%   0.053 AU:3    +
  150   155  3   0.0%   1.006 AU:3    +
   23   159  3   0.0%   0.134 AU:3    +
   23   146  3   0.0%   0.097 AU:3    +
    1   157  3   0.0%   0.066 CG:3    +
    3     7  3   0.0%   0.003 UA:3    +
   11    15  3   0.0%   0.134 UG:3    +
   18   144  3   0.0%   0.339 GU:3    +
  103   150  3   0.0%   1.285 AU:3    +
   95   104  3   0.0%   0.369 GU:3    +
   96   104  3   0.0%   0.288 AU:3    +
  146   161  3   0.0%   0.869 AU:3    +
    6    19  3   0.0%   0.092 UA:3    +
   20    99  3   0.0%   0.358 CG:3    +
   13   159  3   0.0%   0.355 AU:3    +
  149   161  3   0.0%   0.371 AU:3    +
  146   157  3   0.0%   1.428 UG:3    +
  105   149  3   0.0%   1.013 UA:3    +
  141   150  3   0.0%   0.767 AU:3    +
    1   106  3   0.0%   0.050 GC:3    +
   10    93  3   0.0%   0.112 GC:3    +
  105   159  3   0.0%   1.128 UA:3    +
   18   152  3   0.0%   0.520 AU:3    +
  140   146  3   0.0%   0.884 AU:3    +
   22   153  3   0.0%   0.295 UG:3    +
  141   145  3   0.0%   0.398 AU:3    +
   18   142  3   0.0%   0.279 GC:3    +
   15   142  3   0.0%   0.372 GC:3    +
   15   164  3   0.0%   0.546 GC:3    +
    9   157  3   0.0%   0.248 UG:3    +
    7   164  3   0.0%   0.130 AU:3    +
   23   152  3   0.0%   0.168 AU:3    +
   10   147  3   0.0%   0.229 GU:3    +
    9   153  3   0.0%   0.239 UG:3    +
  104   154  3   0.0%   1.004 UA:3    +
   18   106  3   0.0%   0.285 GC:3    +
   95   150  3   0.0%   0.841 GU:3    +
    9   105  3   0.0%   0.213 AU:3    +
   15   106  3   0.0%   0.381 GC:3    +
   10   105  3   0.0%   0.176 GU:3    +
   15   161  3   0.0%   0.569 GU:3    +
   96   144  3   0.0%   0.575 AU:3    +
    7   107  3   0.0%   0.049 AU:3    +
   11   152  3   0.0%   0.305 UA:3    +
  140   151  3   0.0%   0.760 AU:3    +
   22   150  3   0.0%   0.265 UA:3    +
    6   103  3   0.0%   0.057 UA:3    +
    6   109  3   0.0%   0.062 UG:3    +
   22   154  3   0.0%   0.287 UA:3    +
    7   152  3   0.0%   0.118 AU:3    +
    1   142  3   0.0%   0.053 GC:3    +
   15   103  3   0.0%   0.386 UA:3    +
    6    99  3   0.0%   0.057 UG:3    +
    9   155  3   0.0%   0.243 AU:3    +
   14    18  3   0.0%   0.222 UG:3    +
    6   157  3   0.0%   0.126 UG:3    +
  156   164  3   0.0%   0.139 AU:3    +
   35    86  3   0.0%   0.661 AU:3    +
  104   109  3   0.0%   0.478 UG:3    +
   13   151  3   0.0%   0.252 AU:3    +
   14    26  3   0.0%   0.076 UA:3    +
   99   104  3   0.0%   0.546 GU:3    +
   11   146  3   0.0%   0.353 UA:3    +
  155   159  3   0.0%   0.789 UA:3    +
   23   144  3   0.0%   0.095 AU:3    +
   10   152  3   0.0%   0.197 GU:3    +
  107   155  3   0.0%   0.747 AU:3    +
   14   141  3   0.0%   0.305 UA:3    +
   95   145  3   0.0%   0.679 GU:3    +
  121   159  3   0.0%   0.351 AU:3    +
  108   156  3   0.0%   0.265 UA:3    +
    9    94  3   0.0%   0.095 UA:3    +
   96   147  3   0.0%   0.558 AU:3    +
    1    93  3   0.0%   0.049 GC:3    +
   10   164  3   0.0%   0.276 GU:3    +
    3    23  3   0.0%   0.078 UA:3    +
   23   151  3   0.0%   0.166 AU:3    +
  154   164  3   0.0%   0.292 AU:3    +
    1   161  3   0.0%   0.069 GU:3    +
  142   153  3   0.0%   0.735 CG:3    +
    7   147  3   0.0%   0.144 AU:3    +
  104   108  3   0.0%   0.479 AU:3    +
    4   105  3   0.0%   0.064 AU:3    +
  144   154  3   0.0%   0.399 UA:3    +
   11   147  3   0.0%   0.336 UA:3    +
    1   155  3   0.0%   0.064 GU:3    +
   15   108  3   0.0%   0.373 GC:3    +
  105   153  3   0.0%   1.109 UG:3    +
    6    97  3   0.0%   0.056 UA:3    +
   23   108  3   0.0%   0.039 AU:3    +
  103   151  3   0.0%   1.398 AU:3    +
  153   161  3   0.0%   0.547 GU:3    +
   13   164  3   0.0%   0.344 AU:3    +
  111   147  3   0.0%   1.056 UA:3    +
   52    69  3   0.0%   0.004 UA:3    +
  104   156  3   0.0%   0.974 UA:3    +
  103   107  3   0.0%   0.439 AU:3    +
  130   151  3   0.0%   0.856 AU:3    +
   13   150  3   0.0%   0.250 AU:3    +
  104   151  3   0.0%   1.508 AU:3    +
  103   152  3   0.0%   1.476 AU:3    +
   94   104  3   0.0%   0.149 AU:3    +
  109   146  3   0.0%   1.276 GU:3    +
   13   144  3   0.0%   0.297 AU:3    +
   15   157  3   0.0%   0.587 UG:3    +
    7   150  3   0.0%   0.110 AU:3    +
    1   145  3   0.0%   0.053 GU:3    +
    3   103  3   0.0%   0.078 UA:3    +
   23   150  3   0.0%   0.136 AU:3    +
   10   108  3   0.0%   0.143 GU:3    +
   99   107  3   0.0%   0.501 GU:3    +
  104   161  3   0.0%   0.976 AU:3    +
   94   146  3   0.0%   0.464 AU:3    +
  109   147  3   0.0%   1.246 GU:3    +
   13   146  3   0.0%   0.289 AU:3    +
   23   164  3   0.0%   0.059 AU:3    +
  107   140  3   0.0%   0.270 UA:3    +
   19   104  3   0.0%   0.192 AU:3    +
  105   150  3   0.0%   1.253 UA:3    +
   10    99  3   0.0%   0.123 CG:3    +
  140   159  3   0.0%   0.441 AU:3    +
  107   157  3   0.0%   0.917 UG:3    +
  131   150  3   0.0%   0.696 GU:3    +
   10   151  3   0.0%   0.201 GU:3    +
   10   109  3   0.0%   0.141 CG:3    +
  108   153  3   0.0%   0.670 UG:3    +
   10   146  3   0.0%   0.244 GU:3    +
  104   157  3   0.0%   1.484 UG:3    +
   96   164  3   0.0%   0.861 AU:3    +
   15    94  3   0.0%   0.157 UA:3    +
   18   104  3   0.0%   0.328 GU:3    +
   15   140  3   0.0%   0.365 UA:3    +
  103   159  3   0.0%   1.087 AU:3    +
   94   164  3   0.0%   0.616 AU:3    +
   15    26  3   0.0%   0.144 UA:3    +
  108   126  3   0.0%   0.197 UA:3    +
  107   127  3   0.0%   0.268 UA:3    +
   96   146  3   0.0%   0.574 AU:3    +
   33    88  3   0.0%   0.367 AU:3    +
   96   159  3   0.0%   1.131 AU:3    +
  104   140  3   0.0%   0.284 UA:3    +
  140   144  3   0.0%   0.280 AU:3    +
   15   111  3   0.0%   0.365 GU:3    +
   14    96  3   0.0%   0.086 UA:3    +
  105   129  3   0.0%   0.346 UA:3    +
  149   164  3   0.0%   0.334 AU:3    +
   22    26  3   0.0%   0.044 UA:3    +
  111   146  3   0.0%   1.085 UA:3    +
  107   160  3   0.0%   0.389 UA:3    +
   94   144  3   0.0%   0.464 AU:3    +
   92   153  3   0.0%   0.423 GC:3    +
  107   154  3   0.0%   0.560 UA:3    +
  140   147  3   0.0%   0.854 AU:3    +
   18   107  3   0.0%   0.285 GU:3    +
   97   144  3   0.0%   0.508 AU:3    +
  111   152  3   0.0%   1.105 UA:3    +
   14   140  3   0.0%   0.299 UA:3    +
   22   140  3   0.0%   0.160 UA:3    +
  109   152  3   0.0%   1.321 GU:3    +
   15   105  3   0.0%   0.418 GU:3    +
  150   164  3   0.0%   0.581 AU:3    +
  104   130  3   0.0%   0.284 UA:3    +
  133   149  3   0.0%   0.304 UA:3    +
    1   105  3   0.0%   0.048 GU:3    +
  135   151  3   0.0%   0.647 AU:3    +
  107   161  3   0.0%   0.402 AU:3    +
   13   107  3   0.0%   0.246 AU:3    +
    4   111  3   0.0%   0.063 AU:3    +
  119   129  3   0.0%   0.000 AU:3    +
    9    26  3   0.0%   0.094 UA:3    +
    3    26  3   0.0%   0.077 UA:3    +
    6    26  3   0.0%   0.055 UA:3    +
   23   104  3   0.0%   0.087 AU:3    +
  112   145  3   0.0%   0.213 AU:3    +
  130   152  3   0.0%   0.996 AU:3    +
    6   140  3   0.0%   0.058 UA:3    +
  122   135  3   0.0%   0.352 GU:3    +
    6    96  3   0.0%   0.055 UA:3    +
    3   140  3   0.0%   0.079 UA:3    +
  131   149  3   0.0%   0.449 GC:3    +
   53    69  3   0.0%   0.004 UA:3    +
    9   109  3   0.0%   0.176 UG:3    +
    1   111  3   0.0%   0.052 GU:3    +
   91   152  3   0.0%   0.230 UA:3    +
   22   103  3   0.0%   0.181 UA:3    +
   50    64  3   0.0%   0.000 GC:3    +
   94   147  3   0.0%   0.448 AU:3    +
   51    63  3   0.0%   0.000 GC:3    +
   47    67  3   0.0%   0.000 AU:3    +
  104   111  3   0.0%   0.294 AU:3    +
  130   150  3   0.0%   0.757 AU:3    +
  105   152  3   0.0%   1.443 UA:3    +
   49    69  3   0.0%   0.000 GC:3    +
   23   107  3   0.0%   0.045 AU:3    +
    3    96  3   0.0%   0.077 UA:3    +
  129   151  3   0.0%   1.387 AU:3    +
  140   150  3   0.0%   0.661 AU:3    +
    6    94  3   0.0%   0.055 UA:3    +
  109   159  3   0.0%   0.867 GU:3    +
   26   159  3   0.0%   0.180 AU:3    +
   22   107  3   0.0%   0.177 UA:3    +
   26   164  3   0.0%   0.106 AU:3    +
    3    94  3   0.0%   0.077 UA:3    +
    9   140  3   0.0%   0.173 UA:3    +
   15    91  3   0.0%   0.143 GU:3    +
  103   164  3   0.0%   0.773 AU:3    +
  107   111  3   0.0%   0.279 AU:3    +
    9   111  3   0.0%   0.173 AU:3    +
  133   153  3   0.0%   0.456 UG:3    +
  130   159  3   0.0%   0.537 AU:3    +
   22   104  3   0.0%   0.220 UA:3    +
  140   152  3   0.0%   0.900 AU:3    +
   59    67  3   0.0%   0.000 AU:3    +
   10   111  3   0.0%   0.138 GU:3    +
.........................((((((..(.(((((((((((..(((...((.......))...)))..))))))))))))))))))((....(((..(((...(.((.(((((((...........))))))))).)...))).)))....))......
