6 sequence; length of alignment 132
alifold output
   42    54  2  94.4%   0.171 GC:1    AU:2    UA:1   
   41    55  3  94.0%   0.188 GC:3   
   43    53  1  91.5%   0.255 CG:2    GC:2    UG:1   
   37    59  0  91.4%   0.328 GC:3    --:3   
   38    58  3  91.2%   0.274 GC:3   
   40    56  3  90.1%   0.286 CG:3   
   36    60  0  85.2%   0.568 GC:2    AU:1    --:3   
   99   120  0  83.1%   1.065 CG:1    GC:2    UG:1    UA:2   
   98   121  0  84.4%   0.954 CG:3    GC:3   
   97   122  3  79.6%   1.146 GC:3   
   35    61  0  72.3%   1.172 GC:3    --:3   
  104   113  0  49.1%   1.513 CG:6   
  105   112  0  44.3%   1.592 CG:3    UG:3   
  106   112  0  45.1%   1.980 CG:6    +
  105   113  0  40.2%   2.288 CG:3    UG:3    +
  101   116  0  34.5%   1.258 UA:6   
   70    90  0  33.6%   2.107 CG:6    +
   71    89  0  33.1%   2.135 CG:6    +
   66    94  0  32.9%   1.814 UA:6    +
   16    89  0  32.7%   1.202 CG:6   
   15    90  1  32.6%   1.154 CG:4    UG:1   
  100   117  2  32.9%   1.475 CG:4   
   14    91  0  31.2%   1.105 GU:1    AU:5   
   65    95  3  32.6%   1.956 GC:3    +
   17    88  1  32.4%   1.142 AU:5   
   69    91  2  32.5%   1.907 AU:4    +
   67    93  3  32.5%   2.123 GC:3    +
  100   118  2  31.2%   1.873 CG:4    +
   64    96  2  29.5%   1.761 CG:1    GC:2    GU:1    +
   18    87  1  28.4%   1.163 GC:1    GU:3    AU:1   
   25    80  0  28.9%   1.219 GC:6   
   24    81  1  28.9%   1.088 AU:5   
  101   117  0  27.0%   2.062 UG:4    UA:2    +
   22    83  3  28.7%   1.211 GC:3   
   21    84  2  28.2%   1.165 GC:1    UG:3   
   20    85  1  27.0%   1.093 GU:1    AU:4   
   66    79  0  26.4%   1.428 UA:6    +
   67    78  3  27.1%   1.483 GC:3    +
   25   124  0  25.3%   2.296 GC:6    +
   68    77  3  25.5%   1.256 UA:3    +
   24   125  1  25.0%   2.170 AU:5    +
   25    86  0  23.5%   1.743 GC:6    +
   20    91  1  22.9%   1.747 GU:1    AU:4    +
   19    92  2  23.1%   1.405 AU:3    UA:1    +
   24    87  2  23.3%   1.911 AU:4    +
   18    93  1  23.0%   1.463 GC:5    +
   13    92  2  23.1%   1.036 AU:4   
   23    88  1  22.7%   1.609 GU:5    +
   21    90  1  22.4%   1.820 UG:5    +
   23   126  1  22.3%   1.909 GU:5    +
  107   111  3  22.2%   1.340 AU:3    +
   22    89  3  20.5%   1.898 CG:2    UG:1    +
   29    83  0  19.9%   1.402 GC:3    --:3    +
   18   132  0  18.6%   1.792 GC:5    AU:1    +
   65    80  3  20.2%   1.938 GC:3    +
   28    84  0  18.7%   1.509 CG:3    --:3    +
   30    82  0  18.5%   1.042 CG:3    --:3    +
   19   131  3  18.6%   1.387 AU:3    +
   20   130  1  17.6%   1.667 GU:1    AU:4    +
   21   129  2  15.8%   1.797 GC:1    UA:3    +
  102   117  1  14.0%   1.818 CG:3    UG:1    UA:1    +
  101   118  1  12.5%   2.172 UG:4    UA:1    +
   26    85  0  10.5%   1.230 GU:1    AU:2    --:3    +
   27    85  0  10.4%   1.475 AU:3    --:3    +
   73    88  0   9.6%   1.691 AU:6    +
   34    61  0   9.4%   0.811 GC:3    --:3    +
   16   112  0   7.1%   1.042 CG:6    +
   74    87  2   7.7%   1.825 AU:4    +
   15   113  1   7.0%   0.984 CG:4    UG:1    +
   74    85  0   6.4%   1.768 AU:6    +
   75    84  3   7.1%   1.727 UG:3    +
   64    81  2   7.0%   1.730 GU:4    +
   33    62  0   6.1%   0.591 UA:3    --:3    +
   17   111  3   6.8%   0.959 AU:3    +
   82    95  0   5.8%   1.636 GC:6    +
   80    97  0   5.6%   1.476 CG:6    +
   31    81  0   5.5%   0.862 AU:3    --:3    +
   67   121  0   4.4%   1.564 GC:3    UG:3    +
  116   125  0   5.3%   1.471 AU:6    +
   35    60  0   4.3%   0.461 GC:2    GU:1    --:3    +
   81    96  3   5.7%   2.015 UG:1    UA:2    +
   83    94  3   5.7%   2.043 UA:3    +
   84    93  3   5.7%   2.405 GC:3    +
   62   126  0   3.9%   1.227 GU:3    AU:3    +
   25   104  0   4.8%   1.496 GC:6    +
  115   126  0   4.7%   0.994 AU:6    +
  117   124  2   5.3%   2.177 GC:4    +
   63   125  0   4.4%   1.124 AU:6    +
   64    71  2   5.0%   0.797 GC:4    +
   38    84  0   3.3%   1.291 CG:3    GC:3    +
   23   106  1   4.7%   1.195 GC:5    +
   68   120  2   4.1%   0.988 CG:1    UG:1    UA:2    +
   24   105  3   4.7%   1.381 AU:3    +
   65   123  3   4.4%   1.791 CG:1    GC:2    +
   64    98  1   3.9%   1.456 CG:2    GC:3    +
   76    83  3   4.6%   1.503 AU:3    +
   65    70  3   4.6%   0.777 GC:3    +
   64   124  2   4.5%   1.978 GC:4    +
   72    89  1   3.7%   1.657 CG:4    UG:1    +
   66   122  3   4.4%   1.616 UA:3    +
   76    85  0   3.3%   1.894 AU:6    +
  118   123  3   3.7%   1.459 GC:2    GU:1    +
   71    90  0   3.2%   2.112 CG:6    +
   26    99  0   2.2%   0.539 GU:1    AU:2    --:3    +
   25   100  0   3.2%   1.264 GC:6    +
  102   118  2   3.4%   1.559 CG:3    UG:1    +
   23   102  1   3.0%   0.891 GC:4    GU:1    +
   39    83  3   3.2%   1.080 GC:1    GU:1    AU:1    +
   65    97  3   3.7%   1.633 CG:3    +
   66    96  3   3.5%   1.791 UG:1    UA:2    +
   63    99  3   3.6%   0.649 AU:3    +
  101   119  1   3.4%   1.567 UA:5    +
   67    95  3   3.5%   1.764 GC:3    +
   44    53  1   2.7%   0.480 CG:3    GC:2    +
   24   101  1   3.2%   1.129 AU:5    +
   62   100  3   3.4%   0.805 GC:3    +
   40    82  2   3.2%   0.753 CG:4    +
   44    51  3   2.7%   0.297 CG:1    GC:1    GU:1    +
   70   118  2   3.0%   0.974 CG:4    +
   99   119  2   2.6%   0.589 GU:1    UA:3    +
   75    82  0   2.2%   0.919 UG:6    +
   57    66  0   1.2%   0.314 GU:3    AU:2    --:1    +
   23    86  1   2.7%   0.458 GC:5    +
   24    85  1   2.7%   1.028 AU:5    +
    7   114  0   0.2%   0.099 CG:1    GC:3    AU:2    +
   62    68  0   1.1%   0.425 GC:3    AU:3    +
   43    65  1   1.6%   0.372 CG:2    GC:2    UG:1    +
   71   117  2   2.8%   1.116 CG:4    +
   19    67  0   0.1%   0.038 CG:2    UG:1    AU:3    +
   73    87  2   2.7%   1.282 AU:4    +
   67   128  0   0.0%   1.336 GC:3    UG:1    UA:2    +
   38    53  0   0.0%   0.018 CG:3    GC:2    GU:1    +
   76    81  0   2.0%   1.270 AU:6    +
   18    83  0   0.0%   0.051 GC:3    GU:2    AU:1    +
   36    54  0   0.0%   0.007 GC:1    GU:1    AU:1    --:3    +
   22    38  0   0.0%   0.053 CG:2    GC:3    UG:1    +
   53    67  0   0.0%   0.296 CG:2    GU:3    UG:1    +
   56    83  0   0.0%   0.959 GC:3    GU:1    AU:2    +
   18   102  0   0.0%   0.778 GC:4    GU:1    AU:1    +
    3    67  0   0.0%   0.004 CG:1    UG:2    AU:3    +
   22    98  0   0.0%   0.883 CG:2    GC:3    UG:1    +
   53    98  0   0.0%   0.261 CG:2    GC:3    UG:1    +
   22    67  0   0.0%   0.114 CG:2    GU:3    UG:1    +
   83   117  0   0.0%   1.413 CG:3    UG:1    UA:2    +
   66    74  0   2.0%   0.446 UA:6    +
   68    94  3   2.6%   1.167 UA:3    +
   25    84  3   2.6%   1.143 GC:3    +
   37    85  0   1.8%   1.338 GU:3    --:3    +
   41    81  0   1.8%   0.894 GU:6    +
   63    81  0   1.7%   0.936 AU:6    +
   82   111  0   0.6%   1.128 GC:3    GU:3    +
   78    82  0   0.6%   1.171 CG:3    UG:3    +
   26    67  0   0.4%   0.094 GU:1    AU:2    --:3    +
  117   125  0   0.4%   2.141 GU:4    AU:2    +
   85   108  0   0.4%   1.524 UG:2    UA:4    +
   98   120  3   1.9%   0.600 CG:1    GC:2    +
   25    68  0   0.3%   0.166 GC:3    GU:3    +
   89   105  0   0.3%   1.460 GC:3    GU:3    +
   62    78  0   0.2%   0.403 GC:3    AU:3    +
   72    82  1   1.2%   0.764 CG:4    UG:1    +
   44    64  2   1.6%   0.444 CG:3    GC:1    +
   90   105  0   0.2%   1.507 GC:3    GU:3    +
   34    60  0   0.2%   0.105 GC:2    GU:1    --:3    +
   22    87  2   1.5%   1.053 GU:3    UA:1    +
   73    81  0   1.2%   1.164 AU:6    +
   42    66  2   1.5%   0.321 GU:1    AU:3    +
   26    78  0   0.2%   0.076 GU:1    AU:2    --:3    +
   32    81  0   0.2%   0.580 GU:2    AU:1    --:3    +
   18   131  0   0.1%   0.885 GU:5    AU:1    +
   37    60  0   0.1%   0.417 GC:2    GU:1    --:3    +
   65    98  0   0.1%   1.532 CG:3    GC:3    +
   57    91  0   0.1%   0.808 GU:3    AU:2    --:1    +
   62    81  0   0.1%   0.958 GU:3    AU:3    +
   41    68  0   0.1%   0.170 GC:3    GU:3    +
   18   130  0   0.1%   0.863 GU:5    AU:1    +
   14   125  0   0.1%   0.401 GU:1    AU:5    +
   36    85  0   0.1%   1.114 GU:2    AU:1    --:3    +
   94   125  0   1.1%   1.334 AU:6    +
   78   112  0   0.1%   0.797 CG:3    UG:3    +
   42    67  1   0.1%   0.226 CG:1    GU:1    UG:1    AU:2    +
   14    66  0   0.1%   0.019 GU:1    AU:5    +
   26    33  0   0.1%   0.025 GU:1    AU:2    --:3    +
   25   132  0   0.1%   1.926 GC:5    GU:1    +
   13    21  0   0.1%   0.018 CG:1    AU:5    +
    1     8  0   0.0%   0.012 UG:2    UA:1    --:3    +
   84    98  0   0.0%   1.574 CG:3    GC:3    +
   26    68  0   0.0%   0.068 GU:1    AU:2    --:3    +
    8    92  0   0.0%   0.020 GU:2    AU:1    --:3    +
   97   111  0   0.0%   0.632 GC:3    GU:3    +
   32    75  0   0.0%   0.037 GU:2    AU:1    --:3    +
   26   131  0   0.0%   0.743 GU:1    AU:2    --:3    +
   14    85  0   0.0%   0.017 GU:1    AU:5    +
   97   102  0   0.0%   0.513 GC:4    GU:2    +
   37    54  0   0.0%   0.018 GC:1    GU:2    --:3    +
    1    26  0   0.0%   0.031 UG:1    UA:2    --:3    +
   38    65  0   0.0%   0.200 CG:3    GC:3    +
   56    66  0   0.0%   0.257 GU:4    AU:2    +
  102   112  0   0.0%   0.414 CG:4    UG:2    +
   62    75  0   0.0%   0.323 GU:3    AU:3    +
   91   108  0   0.0%   1.189 UG:2    UA:4    +
    8   125  0   0.0%   0.023 GU:2    AU:1    --:3    +
   89   102  0   0.0%   1.374 GC:4    GU:2    +
   26   105  0   0.0%   0.562 GU:1    AU:2    --:3    +
    6    11  0   0.0%   0.017 UG:2    UA:1    --:3    +
   32    66  0   0.0%   0.089 GU:2    AU:1    --:3    +
   36    99  0   0.0%   0.256 GU:2    AU:1    --:3    +
   32    78  0   0.0%   0.068 GU:2    AU:1    --:3    +
   14   130  0   0.0%   0.394 GU:1    AU:5    +
   82   102  0   0.0%   0.953 GC:4    GU:2    +
  102   113  0   0.0%   0.401 CG:4    UG:2    +
   11    92  0   0.0%   0.024 GU:2    AU:1    --:3    +
   26    66  0   0.0%   0.027 GU:1    AU:2    --:3    +
   91   127  0   0.0%   1.161 UG:2    UA:4    +
   83   113  0   0.0%   1.520 CG:3    UG:3    +
   35    43  0   0.0%   0.025 GC:2    GU:1    --:3    +
   32    85  0   0.0%   0.987 GU:2    AU:1    --:3    +
   32    67  0   0.0%   0.063 GU:2    AU:1    --:3    +
   29    60  0   0.0%   0.039 GC:2    GU:1    --:3    +
   36    67  0   0.0%   0.189 GU:2    AU:1    --:3    +
   62    66  0   0.0%   0.425 GU:3    AU:3    +
   68    82  0   0.0%   0.965 CG:3    UG:3    +
   25   102  0   0.0%   1.156 GC:4    GU:2    +
    8    12  0   0.0%   0.015 GU:2    AU:1    --:3    +
    6   120  0   0.0%   0.049 UG:1    UA:2    --:3    +
   78   113  0   0.0%   0.785 CG:3    UG:3    +
   11   130  0   0.0%   0.024 GU:2    AU:1    --:3    +
   26    92  0   0.0%   0.975 GU:1    AU:2    --:3    +
   12    26  0   0.0%   0.021 UG:1    UA:2    --:3    +
   26   101  0   0.0%   0.484 GU:1    AU:2    --:3    +
   47    75  0   0.0%   0.052 GU:3    AU:3    +
    8   130  0   0.0%   0.021 GU:2    AU:1    --:3    +
   83    90  0   0.0%   2.283 CG:3    UG:3    +
    8   131  0   0.0%   0.022 GU:2    AU:1    --:3    +
   26    75  0   0.0%   0.043 GU:1    AU:2    --:3    +
  127   131  0   0.0%   0.411 GU:2    AU:4    +
   81   117  0   0.0%   1.371 UG:4    UA:2    +
   18   125  0   0.0%   0.858 GU:5    AU:1    +
   62    88  0   0.0%   1.061 GU:3    AU:3    +
   32    99  0   0.0%   0.136 GU:2    AU:1    --:3    +
  117   126  0   0.0%   2.013 GU:4    AU:2    +
   78    90  0   0.0%   1.759 CG:3    UG:3    +
   39    99  1   0.0%   0.275 GC:1    GU:1    UG:1    AU:2    +
    6   128  0   0.0%   0.052 UG:1    UA:2    --:3    +
    1    11  0   0.0%   0.007 UG:2    UA:1    --:3    +
   18    88  0   0.0%   0.805 GU:5    AU:1    +
   14   126  0   0.0%   0.403 GU:1    AU:5    +
   18   126  0   0.0%   0.859 GU:5    AU:1    +
   67   122  0   0.0%   1.437 GC:3    UA:3    +
   14   131  0   0.0%   0.394 GU:1    AU:5    +
   83   112  0   0.0%   1.530 CG:3    UG:3    +
   11   125  0   0.0%   0.023 GU:2    AU:1    --:3    +
   26   125  0   0.0%   0.780 GU:1    AU:2    --:3    +
   26   126  0   0.0%   0.756 GU:1    AU:2    --:3    +
   11    68  0   0.0%   0.013 GU:2    AU:1    --:3    +
   97   105  0   0.0%   0.586 GC:3    GU:3    +
   25    83  0   0.0%   0.859 GC:3    GU:3    +
   11   126  0   0.0%   0.029 GU:2    AU:1    --:3    +
   11   131  0   0.0%   0.024 GU:2    AU:1    --:3    +
   12   128  0   0.0%   0.039 UG:1    UA:2    --:3    +
    8   126  0   0.0%   0.027 GU:2    AU:1    --:3    +
   32    68  0   0.0%   0.049 GU:2    AU:1    --:3    +
   21    32  0   0.0%   0.030 UG:2    UA:1    --:3    +
   11    21  0   0.0%   0.014 GU:2    AU:1    --:3    +
   57   131  0   0.0%   0.446 GU:3    AU:2    --:1    +
   33   128  0   0.0%   0.349 UG:1    UA:2    --:3    +
   21    26  0   0.0%   0.026 UG:1    UA:2    --:3    +
   47    68  0   0.0%   0.075 GC:3    AU:3    +
   47    78  0   0.0%   0.093 GC:3    AU:3    +
    8    87  0   0.0%   0.009 GU:2    AU:1    --:3    +
   11    87  0   0.0%   0.013 GU:2    AU:1    --:3    +
    6    32  0   0.0%   0.034 UG:2    UA:1    --:3    +
   62   131  0   0.0%   0.958 GU:3    AU:3    +
   36   101  0   0.0%   0.266 GU:2    AU:1    --:3    +
   32   130  0   0.0%   0.389 GU:2    AU:1    --:3    +
   37    43  0   0.0%   0.013 GC:2    GU:1    --:3    +
   36    75  0   0.0%   0.157 GU:2    AU:1    --:3    +
   35    54  0   0.0%   0.022 GC:1    GU:2    --:3    +
  108   131  0   0.0%   0.438 GU:2    AU:4    +
   57    85  0   0.0%   1.119 GU:3    AU:2    --:1    +
   33    39  0   0.0%   0.034 UG:1    UA:2    --:3    +
  112   132  0   0.0%   1.364 GC:5    GU:1    +
   34    43  0   0.0%   0.054 GC:2    GU:1    --:3    +
   62   101  0   0.0%   0.575 GU:3    AU:3    +
   56    81  0   0.0%   0.768 GU:4    AU:2    +
   75   127  0   0.0%   0.462 UG:2    UA:4    +
  117   130  0   0.0%   1.683 GU:4    AU:2    +
   62    85  0   0.0%   1.384 GU:3    AU:3    +
   75   117  0   0.0%   0.551 UG:4    UA:2    +
  108   130  0   0.0%   0.429 GU:2    AU:4    +
   11    91  0   0.0%   0.014 GU:2    AU:1    --:3    +
   36    81  0   0.0%   0.684 GU:2    AU:1    --:3    +
   38   121  0   0.0%   0.298 CG:3    GC:3    +
   41    78  0   0.0%   0.180 GC:3    GU:3    +
   18    75  0   0.0%   0.042 GU:5    AU:1    +
   33    42  0   0.0%   0.035 UG:1    UA:2    --:3    +
  108   125  0   0.0%   0.693 GU:2    AU:4    +
   32   125  0   0.0%   0.441 GU:2    AU:1    --:3    +
  101   108  0   0.0%   0.199 UG:2    UA:4    +
   25    78  0   0.0%   0.141 GC:3    GU:3    +
   26   130  0   0.0%   0.727 GU:1    AU:2    --:3    +
   32   101  0   0.0%   0.148 GU:2    AU:1    --:3    +
   36    78  0   0.0%   0.199 GU:2    AU:1    --:3    +
    8    91  0   0.0%   0.010 GU:2    AU:1    --:3    +
   36    66  0   0.0%   0.212 GU:2    AU:1    --:3    +
   33    57  0   0.0%   0.035 UG:2    UA:1    --:3    +
   18    66  0   0.0%   0.041 GU:5    AU:1    +
    8    21  0   0.0%   0.007 GU:2    AU:1    --:3    +
   12    32  0   0.0%   0.023 UG:2    UA:1    --:3    +
   62   111  0   0.0%   0.661 GC:3    AU:3    +
   26    81  0   0.0%   0.416 GU:1    AU:2    --:3    +
   47    66  0   0.0%   0.171 GU:3    AU:3    +
   36    68  0   0.0%   0.174 GU:2    AU:1    --:3    +
   97   132  0   0.0%   1.015 GC:5    GU:1    +
   18    91  0   0.0%   0.805 GU:5    AU:1    +
   89   111  0   0.0%   1.510 GC:3    GU:3    +
   32   126  0   0.0%   0.417 GU:2    AU:1    --:3    +
   78    89  0   0.0%   1.759 CG:3    UG:3    +
    6    26  0   0.0%   0.028 UG:1    UA:2    --:3    +
   29    54  0   0.0%   0.027 GC:1    GU:2    --:3    +
   11    33  0   0.0%   0.015 GU:2    AU:1    --:3    +
   32   131  0   0.0%   0.399 GU:2    AU:1    --:3    +
   25   105  0   0.0%   1.375 GC:3    GU:3    +
    8    85  0   0.0%   0.008 GU:2    AU:1    --:3    +
   90   102  0   0.0%   1.381 GC:4    GU:2    +
   18    85  0   0.0%   0.051 GU:5    AU:1    +
   67    84  0   0.0%   1.584 GC:3    UG:3    +
    8    33  0   0.0%   0.011 GU:2    AU:1    --:3    +
   89   132  0   0.0%   1.611 GC:5    GU:1    +
   62   130  0   0.0%   0.948 GU:3    AU:3    +
   62   125  0   0.0%   0.873 GU:3    AU:3    +
   26    54  0   0.0%   0.009 GC:1    AU:2    --:3    +
   68    97  0   0.0%   0.781 CG:3    UG:3    +
   41   102  0   0.0%   0.352 GC:4    GU:2    +
  117   131  0   0.0%   1.685 GU:4    AU:2    +
   41   132  0   0.0%   0.561 GC:5    GU:1    +
   11   111  0   0.0%   0.015 GU:2    AU:1    --:3    +
    6    39  0   0.0%   0.031 UG:1    UA:2    --:3    +
   57   130  0   0.0%   0.435 GU:3    AU:2    --:1    +
  108   126  0   0.0%   0.600 GU:2    AU:4    +
   75   108  0   0.0%   0.435 UG:2    UA:4    +
   67   129  0   0.0%   1.601 GC:3    UA:3    +
   29    43  0   0.0%   0.029 GC:2    GU:1    --:3    +
   56   131  0   0.0%   0.516 GU:4    AU:2    +
    8   101  0   0.0%   0.012 GU:2    AU:1    --:3    +
   11    88  0   0.0%   0.014 GU:2    AU:1    --:3    +
   51    67  1   0.0%   0.197 CG:1    GU:1    UG:1    AU:2    +
   83    97  0   0.0%   1.586 CG:3    UG:3    +
  113   132  0   0.0%   1.360 GC:5    GU:1    +
   32    87  0   0.0%   0.807 GU:2    AU:1    --:3    +
   34    54  0   0.0%   0.053 GC:1    GU:2    --:3    +
   57   101  0   0.0%   0.198 GU:3    AU:2    --:1    +
   33    51  0   0.0%   0.034 UG:1    UA:2    --:3    +
   12   120  0   0.0%   0.032 UG:1    UA:2    --:3    +
   57    75  0   0.0%   0.084 GU:3    AU:2    --:1    +
   78    97  0   0.0%   0.741 CG:3    UG:3    +
    1    32  0   0.0%   0.027 UG:2    UA:1    --:3    +
   83    89  0   0.0%   2.282 CG:3    UG:3    +
   36    92  0   0.0%   0.835 GU:2    AU:1    --:3    +
   56    91  0   0.0%   0.862 GU:4    AU:2    +
   56    75  0   0.0%   0.159 GU:4    AU:2    +
   88   108  0   0.0%   1.085 UG:2    UA:4    +
    1    36  0   0.0%   0.027 UG:2    UA:1    --:3    +
   36   125  0   0.0%   0.556 GU:2    AU:1    --:3    +
   57    81  0   0.0%   0.691 GU:3    AU:2    --:1    +
   11    75  0   0.0%   0.012 GU:2    AU:1    --:3    +
    6    36  0   0.0%   0.031 UG:2    UA:1    --:3    +
   56   101  0   0.0%   0.270 GU:4    AU:2    +
   56   130  0   0.0%   0.506 GU:4    AU:2    +
   33   120  0   0.0%   0.312 UG:1    UA:2    --:3    +
   91   117  0   0.0%   1.247 UG:4    UA:2    +
    8    88  0   0.0%   0.009 GU:2    AU:1    --:3    +
   66   117  0   0.0%   1.205 UG:4    UA:2    +
   36   131  0   0.0%   0.513 GU:2    AU:1    --:3    +
   88   127  0   0.0%   1.059 UG:2    UA:4    +
   65    75  3   1.7%   0.645 GU:3    +
   39    69  3   1.2%   0.167 GC:1    AU:1    UA:1    +
   25    59  0   0.9%   0.177 GC:6    +
   21   107  1   1.4%   0.972 UA:5    +
   37    71  0   0.9%   0.308 GC:3    --:3    +
   64    80  2   1.6%   0.994 GC:4    +
   34    72  0   0.8%   0.442 GC:3    --:3    +
   74    83  3   1.5%   1.144 AU:3    +
   97   121  3   1.5%   0.719 GC:3    +
   30    65  0   0.7%   0.211 CG:3    --:3    +
   21   128  2   0.7%   0.992 GC:1    UG:1    UA:2    +
   97   124  0   0.7%   1.280 GC:6    +
   29    98  0   0.7%   0.506 GC:3    --:3    +
   28    34  0   0.6%   0.122 CG:3    --:3    +
   80   113  0   0.6%   1.268 CG:6    +
   81   112  0   0.6%   1.520 UG:6    +
   28    65  0   0.6%   0.185 CG:3    --:3    +
   59    64  2   1.3%   0.453 CG:4    +
   38    70  3   1.3%   0.323 GC:3    +
   35    71  0   0.6%   0.542 GC:3    --:3    +
   67    73  3   1.3%   0.392 UA:3    +
   16    25  0   0.6%   0.161 CG:6    +
   30    97  0   0.6%   0.518 CG:3    --:3    +
   33    73  0   0.6%   0.336 UA:3    --:3    +
   90   104  0   0.6%   1.488 GC:6    +
  106   113  0   0.6%   1.673 CG:6    +
   91   103  0   0.6%   1.214 UA:6    +
   58    65  3   1.3%   0.427 CG:3    +
   57    83  1   0.0%   0.888 GC:2    GU:1    AU:1    --:1    +
   89   106  0   0.5%   1.545 GC:6    +
   88   107  0   0.5%   1.145 UA:6    +
   21    42  1   0.0%   0.030 GC:1    UG:1    UA:3    +
   57    68  1   0.0%   0.111 GC:1    GU:2    AU:1    --:1    +
   27    66  0   0.5%   0.106 AU:3    --:3    +
   23    61  1   1.0%   0.197 GC:5    +
   19    99  1   0.0%   0.384 CG:1    UG:1    AU:3    +
   39    92  1   0.0%   0.857 GU:2    AU:2    UA:1    +
   99   128  1   0.0%   0.607 GC:2    UG:1    UA:2    +
   57    78  1   0.0%   0.125 GC:1    GU:2    AU:1    --:1    +
   43    84  1   0.0%   1.046 CG:2    GC:2    UG:1    +
   67   120  1   0.0%   1.151 GC:2    UG:1    UA:2    +
   22    43  1   0.0%   0.055 CG:2    GC:2    GU:1    +
   56   102  1   0.0%   0.279 GC:3    GU:1    AU:1    +
   56   114  1   0.0%   0.168 GC:3    GU:1    AU:1    +
   43   121  1   0.0%   0.175 CG:2    GC:2    UG:1    +
   62    87  1   0.0%   1.127 GC:1    GU:1    AU:3    +
   22    62  3   1.0%   0.194 CG:2    UG:1    +
   29    66  0   0.4%   0.150 GU:3    --:3    +
   33    79  0   0.4%   0.338 UA:3    --:3    +
   66    77  1   0.9%   0.439 UA:5    +
   86    90  0   0.4%   1.776 CG:6    +
   77    85  1   0.9%   1.910 AU:5    +
   30    64  0   0.4%   0.120 CG:3    --:3    +
   35    72  0   0.4%   0.568 GC:3    --:3    +
  116   126  0   0.4%   1.276 AU:6    +
   79    85  0   0.4%   1.877 AU:6    +
   43    51  2   0.0%   0.013 CG:1    GC:1    GU:1    UA:1    +
   66    76  0   0.4%   0.349 UA:6    +
   22   106  3   1.1%   1.063 GC:3    +
   76    88  0   0.3%   1.438 AU:6    +
   27    78  0   0.3%   0.112 AU:3    --:3    +
   21    63  1   0.8%   0.146 UA:5    +
   33    63  0   0.3%   0.292 UA:3    --:3    +
  104   112  0   0.3%   0.511 CG:6    +
   33   103  0   0.3%   0.351 UA:3    --:3    +
   45    88  0   0.3%   0.755 AU:6    +
   97   106  0   0.3%   0.663 GC:6    +
   41    80  0   0.3%   0.541 GC:6    +
   74    88  0   0.3%   1.534 AU:6    +
   21   108  1   0.2%   0.897 UG:2    UA:3    +
   73    85  0   0.2%   1.282 AU:6    +
   34   102  0   0.2%   0.535 GC:3    --:3    +
   23   105  1   0.2%   0.747 GC:2    GU:3    +
    6    17  0   0.2%   0.051 UA:3    --:3    +
   34    78  0   0.2%   0.429 GU:3    --:3    +
   94   126  0   0.2%   1.245 AU:6    +
   78    84  3   1.0%   1.766 UG:3    +
   35    59  0   0.2%   0.114 GC:3    --:3    +
   27    99  0   0.2%   0.419 AU:3    --:3    +
   30    34  0   0.2%   0.088 CG:3    --:3    +
   29    33  0   0.2%   0.065 GU:3    --:3    +
   25    70  0   0.2%   0.170 GC:6    +
   28    35  0   0.2%   0.086 CG:3    --:3    +
   28    64  0   0.2%   0.106 CG:3    --:3    +
   52    82  0   0.2%   0.521 CG:6    +
   82   109  0   0.2%   0.883 GC:6    +
   63   101  0   0.2%   0.445 AU:6    +
   66    73  0   0.2%   0.273 UA:6    +
   81   110  0   0.2%   1.244 UA:6    +
   89    95  0   0.2%   1.903 GC:6    +
   23   124  1   0.7%   0.950 GC:5    +
   33    64  0   0.2%   0.289 UG:3    --:3    +
   83   108  2   0.1%   1.287 CG:1    UG:1    UA:2    +
   18    86  1   0.6%   0.145 GC:5    +
   41    93  0   0.1%   0.592 GC:6    +
   27    33  0   0.1%   0.041 AU:3    --:3    +
   41    67  3   0.9%   0.249 GU:3    +
   29    61  0   0.1%   0.121 GC:3    --:3    +
   69    92  2   0.5%   1.225 AU:3    UA:1    +
   34    71  0   0.1%   0.352 GC:3    --:3    +
   82    86  0   0.1%   1.150 GC:6    +
    5    18  0   0.1%   0.049 CG:3    --:3    +
   25   125  0   0.1%   1.976 GU:6    +
   23   132  1   0.1%   1.567 GC:4    GU:1    +
  109   113  0   0.1%   1.100 CG:6    +
   64    70  2   0.8%   0.394 GC:4    +
   30    84  0   0.1%   1.201 CG:3    --:3    +
   67    76  3   0.9%   0.391 UA:3    +
    6   115  0   0.1%   0.060 UA:3    --:3    +
    9    18  1   0.1%   0.048 CG:4    UG:1    +
   58    90  0   0.1%   0.903 CG:6    +
   59    89  0   0.1%   0.953 CG:6    +
  110   130  0   0.1%   0.439 AU:6    +
   12    94  0   0.1%   0.046 UA:3    --:3    +
   75    79  0   0.1%   0.542 UA:6    +
   41    52  0   0.1%   0.023 GC:6    +
   21   127  1   0.1%   0.917 UG:1    UA:4    +
   66    97  0   0.1%   1.382 UG:6    +
   16    97  0   0.1%   0.492 CG:6    +
   29    85  0   0.1%   1.360 GU:3    --:3    +
   25   130  0   0.1%   1.940 GU:6    +
   34    80  0   0.1%   0.742 GC:3    --:3    +
   29    78  0   0.1%   0.121 GU:3    --:3    +
   97   104  0   0.1%   0.573 GC:6    +
    6    94  0   0.1%   0.048 UA:3    --:3    +
   30    37  0   0.1%   0.052 CG:3    --:3    +
   29    38  0   0.1%   0.039 GC:3    --:3    +
   35    70  0   0.1%   0.450 GC:3    --:3    +
  101   115  0   0.1%   0.179 UA:6    +
   30    35  0   0.1%   0.055 CG:3    --:3    +
    4   126  0   0.1%   0.032 AU:6    +
   12   127  0   0.1%   0.056 UA:3    --:3    +
   86   112  0   0.1%   0.793 CG:6    +
   85   113  0   0.1%   1.702 UG:6    +
   37    58  0   0.1%   0.034 GC:3    --:3    +
   75   115  0   0.1%   0.445 UA:6    +
   59    97  0   0.1%   0.295 CG:6    +
   20    66  1   0.1%   0.023 GU:1    AU:4    +
   74    81  0   0.1%   1.055 AU:6    +
   18    68  1   0.1%   0.051 GC:2    GU:3    +
   87    97  1   0.1%   1.471 CG:1    UG:4    +
   63    85  0   0.1%   1.233 AU:6    +
    7    30  0   0.1%   0.053 GC:3    --:3    +
   16    82  0   0.1%   0.114 CG:6    +
   99   122  1   0.1%   0.902 GC:2    UA:3    +
   63    75  0   0.1%   0.124 AU:6    +
   20   126  1   0.1%   0.756 GU:1    AU:4    +
   34    83  0   0.1%   1.066 GC:3    --:3    +
   75   116  0   0.1%   0.444 UA:6    +
   80   112  0   0.1%   1.190 CG:6    +
    9   117  1   0.1%   0.049 CG:4    UA:1    +
    4    12  0   0.1%   0.015 AU:3    --:3    +
   65    99  1   0.1%   1.589 CG:2    GU:3    +
   34    59  0   0.1%   0.113 GC:3    --:3    +
   96   125  3   0.6%   1.349 GU:1    AU:2    +
   34    81  0   0.1%   0.915 GU:3    --:3    +
    6    31  0   0.1%   0.038 UA:3    --:3    +
    9    29  0   0.1%   0.025 CG:3    --:3    +
    6    10  0   0.0%   0.012 UA:3    --:3    +
   27    67  0   0.0%   0.085 AU:3    --:3    +
   68   127  1   0.0%   0.764 CG:2    UA:3    +
    7   126  1   0.0%   0.101 GU:3    AU:2    +
   52    97  0   0.0%   0.124 CG:6    +
   93    97  0   0.0%   1.260 CG:6    +
   95   113  0   0.0%   0.924 CG:6    +
   37    98  0   0.0%   0.282 GC:3    --:3    +
    4   125  0   0.0%   0.019 AU:6    +
   22    28  0   0.0%   0.059 GC:3    --:3    +
   15    29  0   0.0%   0.057 CG:3    --:3    +
   12    22  0   0.0%   0.028 UG:3    --:3    +
   72   112  1   0.0%   0.538 CG:4    UG:1    +
   88   110  0   0.0%   1.090 UA:6    +
   12   116  0   0.0%   0.037 UA:3    --:3    +
   90   100  0   0.0%   1.489 GC:6    +
   31    75  0   0.0%   0.027 AU:3    --:3    +
   82   104  0   0.0%   0.981 GC:6    +
   71   113  0   0.0%   1.003 CG:6    +
   31    66  0   0.0%   0.080 AU:3    --:3    +
    4   130  0   0.0%   0.027 AU:6    +
   35    58  0   0.0%   0.034 GC:3    --:3    +
    6   127  0   0.0%   0.062 UA:3    --:3    +
   25   106  0   0.0%   1.415 GC:6    +
   22    30  0   0.0%   0.066 GC:3    --:3    +
   58    82  0   0.0%   0.615 CG:6    +
    9   113  1   0.0%   0.037 CG:4    UG:1    +
   24   123  3   0.5%   1.141 UG:1    AU:2    +
   89   109  0   0.0%   1.356 GC:6    +
  100   112  0   0.0%   0.514 CG:6    +
   90    95  0   0.0%   1.911 GC:6    +
   41    58  0   0.0%   0.171 GC:6    +
   37    70  0   0.0%   0.151 GC:3    --:3    +
  112   124  0   0.0%   1.582 GC:6    +
   33    74  0   0.0%   0.272 UA:3    --:3    +
   86    97  0   0.0%   0.881 CG:6    +
   85    97  0   0.0%   1.778 UG:6    +
   28    37  0   0.0%   0.072 CG:3    --:3    +
   37    72  0   0.0%   0.244 GC:3    --:3    +
   15    25  1   0.0%   0.054 CG:4    UG:1    +
   29   102  0   0.0%   0.557 GC:3    --:3    +
   82   100  0   0.0%   1.059 GC:6    +
   28    82  0   0.0%   0.125 CG:3    --:3    +
   99   121  1   0.0%   0.907 GC:2    UG:3    +
   94   101  0   0.0%   0.782 AU:6    +
    5    22  0   0.0%   0.024 CG:3    --:3    +
   34    98  0   0.0%   0.418 GC:3    --:3    +
    4    33  0   0.0%   0.012 AU:3    --:3    +
   80    90  0   0.0%   2.016 CG:6    +
   82    88  0   0.0%   1.630 GU:6    +
   81    89  0   0.0%   2.245 UG:6    +
   34    70  0   0.0%   0.325 GC:3    --:3    +
   41    59  0   0.0%   0.239 GC:6    +
   79    91  0   0.0%   1.532 AU:6    +
   88   103  0   0.0%   1.034 UA:6    +
   37    66  0   0.0%   0.187 GU:3    --:3    +
   33    65  0   0.0%   0.316 UG:3    --:3    +
    7    12  0   0.0%   0.023 GU:3    --:3    +
  100   113  0   0.0%   0.502 CG:6    +
   29    75  0   0.0%   0.079 GU:3    --:3    +
   31    78  0   0.0%   0.059 AU:3    --:3    +
    6    13  0   0.0%   0.012 UA:3    --:3    +
   39    68  2   0.0%   0.041 GC:1    GU:1    AU:2    +
   35    98  0   0.0%   0.514 GC:3    --:3    +
   33    77  0   0.0%   0.275 UA:3    --:3    +
   28    97  0   0.0%   0.443 CG:3    --:3    +
  118   131  1   0.0%   1.427 GU:4    AU:1    +
    9    97  1   0.0%   0.032 CG:4    UG:1    +
  117   132  1   0.0%   1.659 GC:4    AU:1    +
   89    93  0   0.0%   2.104 GC:6    +
   29    67  0   0.0%   0.107 GU:3    --:3    +
   89   101  0   0.0%   1.360 GU:6    +
   25    30  0   0.0%   0.057 GC:3    --:3    +
   16    34  0   0.0%   0.101 CG:3    --:3    +
   90   109  0   0.0%   1.364 GC:6    +
    6    14  0   0.0%   0.014 UA:3    --:3    +
    9    25  1   0.0%   0.020 CG:4    UG:1    +
   88    94  0   0.0%   1.629 UA:6    +
   10    21  0   0.0%   0.012 AU:3    --:3    +
   81   103  0   0.0%   1.229 UA:6    +
   82   114  1   0.0%   0.882 GC:3    GU:2    +
   35    85  0   0.0%   1.427 GU:3    --:3    +
   35   101  0   0.0%   0.592 GU:3    --:3    +
   21    62  1   0.0%   0.033 UG:2    UA:3    +
   33    76  0   0.0%   0.271 UA:3    --:3    +
   17    33  0   0.0%   0.037 AU:3    --:3    +
   81   116  0   0.0%   1.260 UA:6    +
   79    88  0   0.0%   1.418 AU:6    +
   34    44  0   0.0%   0.057 GC:3    --:3    +
   34    75  0   0.0%   0.362 GU:3    --:3    +
   25    58  0   0.0%   0.048 GC:6    +
   20    81  1   0.0%   0.021 GU:1    AU:4    +
   81   115  0   0.0%   1.266 UA:6    +
   18   111  1   0.0%   1.012 GC:2    GU:3    +
   23    28  0   0.0%   0.056 GC:3    --:3    +
  101   112  0   0.0%   0.400 UG:6    +
   35    80  0   0.0%   0.841 GC:3    --:3    +
   34    85  0   0.0%   1.330 GU:3    --:3    +
   31    67  0   0.0%   0.055 AU:3    --:3    +
   82   106  0   0.0%   1.038 GC:6    +
   44    65  1   0.0%   0.419 CG:3    GC:2    +
   81   107  0   0.0%   1.265 UA:6    +
   20   131  1   0.0%   1.370 GU:1    AU:4    +
   15    34  0   0.0%   0.052 CG:3    --:3    +
   12    17  0   0.0%   0.027 UA:3    --:3    +
   85   103  0   0.0%   1.462 UA:6    +
   33    84  0   0.0%   1.074 UG:3    --:3    +
   27    68  0   0.0%   0.073 AU:3    --:3    +
   34    99  0   0.0%   0.483 GU:3    --:3    +
   23    30  0   0.0%   0.061 GC:3    --:3    +
   31    85  0   0.0%   1.128 AU:3    --:3    +
    3    12  0   0.0%   0.004 AU:3    --:3    +
   22    44  1   0.0%   0.058 CG:2    GC:3    +
   28   121  0   0.0%   0.434 CG:3    --:3    +
   10    92  0   0.0%   0.017 AU:3    --:3    +
   29    72  0   0.0%   0.090 GC:3    --:3    +
   76   101  0   0.0%   0.575 AU:6    +
  101   113  0   0.0%   0.387 UG:6    +
    1    10  0   0.0%   0.008 UA:3    --:3    +
   25    93  0   0.0%   1.285 GC:6    +
   21    31  0   0.0%   0.031 UA:3    --:3    +
   12    27  0   0.0%   0.021 UA:3    --:3    +
   58   113  0   0.0%   0.370 CG:6    +
   59   112  0   0.0%   0.435 CG:6    +
    6   129  0   0.0%   0.055 UA:3    --:3    +
   27   130  0   0.0%   0.666 AU:3    --:3    +
   29    70  0   0.0%   0.091 GC:3    --:3    +
   29    99  0   0.0%   0.539 GU:3    --:3    +
   35    55  0   0.0%   0.026 GC:3    --:3    +
   20    75  1   0.0%   0.013 GU:1    AU:4    +
   33    82  0   0.0%   0.617 UG:3    --:3    +
   85   110  0   0.0%   1.510 UA:6    +
    5   121  0   0.0%   0.028 CG:3    --:3    +
    7    28  0   0.0%   0.041 GC:3    --:3    +
   70   113  0   0.0%   0.844 CG:6    +
   71   112  0   0.0%   1.000 CG:6    +
   41   100  0   0.0%   0.340 GC:6    +
    7   131  1   0.0%   0.092 GU:3    AU:2    +
   84    99  1   0.0%   1.617 CG:2    GU:3    +
    7   125  1   0.0%   0.087 GU:3    AU:2    +
   12   129  0   0.0%   0.042 UA:3    --:3    +
   71    82  0   0.0%   0.788 CG:6    +
    3    92  1   0.0%   0.007 AU:3    UA:2    +
   37    61  0   0.0%   0.642 GC:3    --:3    +
   15    35  0   0.0%   0.050 CG:3    --:3    +
   42    99  2   0.0%   0.250 CG:1    GU:1    AU:2    +
  110   131  0   0.0%   0.436 AU:6    +
   21    69  1   0.0%   0.076 GU:1    UA:4    +
   99   108  2   0.0%   0.326 CG:1    UG:1    UA:2    +
    4    91  0   0.0%   0.010 AU:6    +
   29    59  0   0.0%   0.076 GC:3    --:3    +
   80    89  0   0.0%   2.012 CG:6    +
   66    82  0   0.0%   1.165 UG:6    +
   16   113  0   0.0%   0.856 CG:6    +
   29    68  0   0.0%   0.096 GU:3    --:3    +
   31    99  0   0.0%   0.278 AU:3    --:3    +
   21    29  0   0.0%   0.033 UG:3    --:3    +
   15    97  1   0.0%   0.427 CG:4    UG:1    +
   29    71  0   0.0%   0.097 GC:3    --:3    +
   41    66  0   0.0%   0.149 GU:6    +
   23    83  1   0.0%   0.495 GC:3    GU:2    +
   93   112  0   0.0%   1.150 CG:6    +
   34    58  0   0.0%   0.058 GC:3    --:3    +
   25   126  0   0.0%   1.945 GU:6    +
   31    68  0   0.0%   0.042 AU:3    --:3    +
   39    67  2   0.0%   0.050 GU:1    UG:1    AU:2    +
   12   115  0   0.0%   0.036 UA:3    --:3    +
   29   124  0   0.0%   0.839 GC:3    --:3    +
   14    21  1   0.0%   0.013 GU:1    AU:4    +
    9    34  0   0.0%   0.020 CG:3    --:3    +
    4   131  0   0.0%   0.026 AU:6    +
   48    54  1   0.0%   0.063 AU:3    UA:1    --:1    +
   10   131  0   0.0%   0.019 AU:3    --:3    +
   33    45  0   0.0%   0.036 UA:3    --:3    +
   37    83  0   0.0%   0.849 GC:3    --:3    +
    5    34  0   0.0%   0.025 CG:3    --:3    +
   88    97  0   0.0%   1.354 UG:6    +
   71    97  0   0.0%   0.986 CG:6    +
   29    58  0   0.0%   0.032 GC:3    --:3    +
   34    68  0   0.0%   0.328 GU:3    --:3    +
  118   126  1   0.0%   1.750 GU:4    AU:1    +
   35    68  0   0.0%   0.441 GU:3    --:3    +
   85    90  0   0.0%   2.632 UG:6    +
    5    90  0   0.0%   0.025 CG:3    --:3    +
   75   113  0   0.0%   0.619 UG:6    +
   35   100  0   0.0%   0.586 GC:3    --:3    +
   28    56  0   0.0%   0.070 CG:3    --:3    +
   34    66  0   0.0%   0.365 GU:3    --:3    +
   35    44  0   0.0%   0.025 GC:3    --:3    +
   35    83  0   0.0%   1.157 GC:3    --:3    +
   34   124  0   0.0%   0.791 GC:3    --:3    +
   18   114  1   0.0%   0.842 GC:3    GU:2    +
   75   112  0   0.0%   0.623 UG:6    +
    9   112  1   0.0%   0.030 CG:4    UG:1    +
   90   101  0   0.0%   1.371 GU:6    +
   10    33  0   0.0%   0.011 AU:3    --:3    +
   70    82  0   0.0%   0.746 CG:6    +
   10   126  0   0.0%   0.024 AU:3    --:3    +
   29    81  0   0.0%   0.445 GU:3    --:3    +
  117   123  2   0.0%   1.322 GC:2    GU:1    AU:1    +
   12    19  0   0.0%   0.028 UA:3    --:3    +
   30   121  0   0.0%   0.451 CG:3    --:3    +
   27    75  0   0.0%   0.048 AU:3    --:3    +
   34    67  0   0.0%   0.340 GU:3    --:3    +
   91   107  0   0.0%   1.217 UA:6    +
   33    69  0   0.0%   0.236 UA:3    --:3    +
  113   124  0   0.0%   1.584 GC:6    +
    5   117  0   0.0%   0.029 CG:3    --:3    +
   89   100  0   0.0%   1.471 GC:6    +
  118   125  1   0.0%   1.855 GU:4    AU:1    +
   25    71  0   0.0%   0.166 GC:6    +
   41    95  0   0.0%   0.238 GC:6    +
    6    89  0   0.0%   0.033 UG:3    --:3    +
   29    55  0   0.0%   0.029 GC:3    --:3    +
   75   103  0   0.0%   0.445 UA:6    +
    6    19  0   0.0%   0.040 UA:3    --:3    +
   27   101  0   0.0%   0.422 AU:3    --:3    +
   24    33  0   0.0%   0.009 AU:3    --:3    +
   29   100  0   0.0%   0.551 GC:3    --:3    +
   63   131  0   0.0%   0.809 AU:6    +
   64    72  3   0.8%   0.562 GC:3    +
   85   107  0   0.0%   1.493 UA:6    +
   39    81  1   0.0%   0.601 GU:2    AU:3    +
   59    82  0   0.0%   0.673 CG:6    +
  112   125  0   0.0%   1.630 GU:6    +
   97   125  0   0.0%   1.299 GU:6    +
   41    71  0   0.0%   0.237 GC:6    +
    6    20  0   0.0%   0.025 UA:3    --:3    +
   34    55  0   0.0%   0.055 GC:3    --:3    +
   41    70  0   0.0%   0.215 GC:6    +
    7    88  1   0.0%   0.046 GU:3    AU:2    +
    2    34  0   0.0%   0.035 CG:3    --:3    +
   12    20  0   0.0%   0.013 UA:3    --:3    +
    7   130  1   0.0%   0.090 GU:3    AU:2    +
   34    38  0   0.0%   0.058 GC:3    --:3    +
   35    81  0   0.0%   1.010 GU:3    --:3    +
    5   118  0   0.0%   0.029 CG:3    --:3    +
   31   101  0   0.0%   0.291 AU:3    --:3    +
   18    30  0   0.0%   0.043 GC:3    --:3    +
   10   111  0   0.0%   0.011 AU:3    --:3    +
    6   116  0   0.0%   0.046 UA:3    --:3    +
   10   130  0   0.0%   0.017 AU:3    --:3    +
   82    87  1   0.0%   1.746 GC:1    GU:4    +
   21    27  0   0.0%   0.025 UA:3    --:3    +
    5    25  0   0.0%   0.023 CG:3    --:3    +
   29   101  0   0.0%   0.553 GU:3    --:3    +
   56   132  1   0.0%   0.489 GC:4    AU:1    +
   97   109  0   0.0%   0.468 GC:6    +
   20    33  0   0.0%   0.008 AU:3    --:3    +
    6    22  0   0.0%   0.030 UG:3    --:3    +
   20   125  1   0.0%   0.742 GU:1    AU:4    +
   34   101  0   0.0%   0.494 GU:3    --:3    +
   86   113  0   0.0%   0.774 CG:6    +
   18    28  0   0.0%   0.038 GC:3    --:3    +
    6    24  0   0.0%   0.027 UA:3    --:3    +
   12    24  0   0.0%   0.017 UA:3    --:3    +
   12    25  0   0.0%   0.023 UG:3    --:3    +
    9    89  1   0.0%   0.019 CG:4    UG:1    +
   37    44  0   0.0%   0.014 GC:3    --:3    +
   87   112  1   0.0%   1.376 CG:1    UG:4    +
   12   117  0   0.0%   0.041 UG:3    --:3    +
    5    23  0   0.0%   0.020 CG:3    --:3    +
   18    72  1   0.0%   0.042 GC:4    GU:1    +
   72   113  1   0.0%   0.531 CG:4    UG:1    +
   39    60  2   0.0%   0.302 GC:2    AU:1    UA:1    +
   35    75  0   0.0%   0.481 GU:3    --:3    +
    6    29  0   0.0%   0.027 UG:3    --:3    +
   89   124  0   0.0%   1.809 GC:6    +
   35   102  0   0.0%   0.602 GC:3    --:3    +
   25    52  0   0.0%   0.044 GC:6    +
   75   110  0   0.0%   0.432 UA:6    +
  115   131  0   0.0%   0.544 AU:6    +
   35    78  0   0.0%   0.523 GU:3    --:3    +
  116   130  0   0.0%   0.926 AU:6    +
   10    88  0   0.0%   0.009 AU:3    --:3    +
   10   125  0   0.0%   0.018 AU:3    --:3    +
   34    49  0   0.0%   0.053 GC:3    --:3    +
    3    33  0   0.0%   0.005 AU:3    --:3    +
    1   123  2   0.0%   0.031 CG:1    AU:2    UA:1    +
  110   125  0   0.0%   0.682 AU:6    +
   27   125  0   0.0%   0.716 AU:3    --:3    +
   12    29  0   0.0%   0.024 UG:3    --:3    +
   37    52  0   0.0%   0.011 GC:3    --:3    +
   63   126  0   0.0%   0.952 AU:6    +
   25    81  0   0.0%   0.863 GU:6    +
    6   117  0   0.0%   0.050 UG:3    --:3    +
   27    91  0   0.0%   1.002 AU:3    --:3    +
   74   101  0   0.0%   0.688 AU:6    +
  112   130  0   0.0%   1.392 GU:6    +
   33   129  0   0.0%   0.619 UA:3    --:3    +
   12    18  0   0.0%   0.045 UG:3    --:3    +
    5    29  0   0.0%   0.019 CG:3    --:3    +
   12   118  0   0.0%   0.038 UG:3    --:3    +
   37    95  0   0.0%   0.245 GC:3    --:3    +
   89   104  0   0.0%   1.391 GC:6    +
   82    93  0   0.0%   1.371 GC:6    +
   43    64  2   0.0%   0.138 CG:2    GC:1    UG:1    +
   75    89  0   0.0%   1.623 UG:6    +
   48    67  1   0.0%   0.099 UG:1    AU:3    --:1    +
  101   110  0   0.0%   0.195 UA:6    +
   25   131  0   0.0%   1.943 GU:6    +
  111   127  1   0.0%   0.614 CG:2    UA:3    +
   45    75  0   0.0%   0.019 AU:6    +
  110   126  0   0.0%   0.589 AU:6    +
   82    91  0   0.0%   1.737 GU:6    +
   23    87  1   0.0%   0.664 GC:1    GU:4    +
   63   130  0   0.0%   0.798 AU:6    +
   76   126  0   0.0%   0.956 AU:6    +
   81    94  0   0.0%   1.512 UA:6    +
    6   119  0   0.0%   0.048 UA:3    --:3    +
   18   105  1   0.0%   0.779 GC:2    GU:3    +
   35    86  0   0.0%   0.941 GC:3    --:3    +
    6   121  0   0.0%   0.049 UG:3    --:3    +
   45   126  0   0.0%   0.402 AU:6    +
   35    99  0   0.0%   0.575 GU:3    --:3    +
   85    89  0   0.0%   2.632 UG:6    +
   94   130  0   0.0%   1.064 AU:6    +
   66   110  0   0.0%   1.205 UA:6    +
  107   131  0   0.0%   0.796 AU:6    +
   35    67  0   0.0%   0.452 GU:3    --:3    +
   27    81  0   0.0%   0.428 AU:3    --:3    +
  113   130  0   0.0%   1.389 GU:6    +
   12    31  0   0.0%   0.023 UA:3    --:3    +
   65    71  3   0.8%   0.745 GC:3    +
  116   131  0   0.0%   0.928 AU:6    +
   24    92  1   0.0%   1.486 AU:4    UA:1    +
   22    33  0   0.0%   0.058 GU:3    --:3    +
  113   131  0   0.0%   1.391 GU:6    +
   89   114  1   0.0%   1.298 GC:3    GU:2    +
   88   115  0   0.0%   1.052 UA:6    +
   27   131  0   0.0%   0.675 AU:3    --:3    +
    5    97  0   0.0%   0.025 CG:3    --:3    +
   23    68  1   0.0%   0.111 GC:2    GU:3    +
   25    66  0   0.0%   0.122 GU:6    +
   39    54  2   0.0%   0.005 GU:1    AU:2    UA:1    +
   27   126  0   0.0%   0.692 AU:3    --:3    +
   18   123  2   0.0%   0.829 GC:2    GU:1    AU:1    +
   68   108  2   0.0%   0.612 CG:1    UG:1    UA:2    +
    6    18  0   0.0%   0.050 UG:3    --:3    +
   10    68  0   0.0%   0.008 AU:3    --:3    +
   31   131  0   0.0%   0.542 AU:3    --:3    +
   31   126  0   0.0%   0.560 AU:3    --:3    +
   29    80  0   0.0%   0.441 GC:3    --:3    +
    7    33  0   0.0%   0.046 GU:3    --:3    +
   12   112  0   0.0%   0.028 UG:3    --:3    +
   16    29  0   0.0%   0.101 CG:3    --:3    +
   94   131  0   0.0%   1.073 AU:6    +
   21    56  1   0.0%   0.028 UG:4    UA:1    +
   37   100  0   0.0%   0.348 GC:3    --:3    +
  115   125  0   0.0%   0.653 AU:6    +
   45    81  0   0.0%   0.618 AU:6    +
   33    50  0   0.0%   0.034 UA:3    --:3    +
   33   127  0   0.0%   0.338 UA:3    --:3    +
   38    64  1   0.0%   0.160 CG:3    GC:2    +
   28    90  0   0.0%   1.129 CG:3    --:3    +
   20    88  1   0.0%   0.735 GU:1    AU:4    +
    1    27  0   0.0%   0.027 UA:3    --:3    +
  101   107  0   0.0%   0.232 UA:6    +
    4    88  0   0.0%   0.008 AU:6    +
    6    34  0   0.0%   0.032 UG:3    --:3    +
  112   126  0   0.0%   1.537 GU:6    +
   48    99  1   0.0%   0.124 UG:1    AU:3    --:1    +
   97   130  0   0.0%   1.036 GU:6    +
   35    49  0   0.0%   0.021 GC:3    --:3    +
   34   100  0   0.0%   0.492 GC:3    --:3    +
    6   118  0   0.0%   0.050 UG:3    --:3    +
   27   105  0   0.0%   0.496 AU:3    --:3    +
   34   126  0   0.0%   0.778 GU:3    --:3    +
   29   104  0   0.0%   0.601 GC:3    --:3    +
  107   126  0   0.0%   0.959 AU:6    +
   52    90  0   0.0%   0.785 CG:6    +
   19    33  0   0.0%   0.022 AU:3    --:3    +
   33    56  0   0.0%   0.036 UG:3    --:3    +
  112   131  0   0.0%   1.394 GU:6    +
   25    33  0   0.0%   0.049 GU:3    --:3    +
    6   122  0   0.0%   0.048 UA:3    --:3    +
   37    80  0   0.0%   0.531 GC:3    --:3    +
   78   127  1   0.0%   0.621 CG:2    UA:3    +
   34   132  0   0.0%   0.731 GC:3    --:3    +
   97   126  0   0.0%   1.205 GU:6    +
   29   126  0   0.0%   0.825 GU:3    --:3    +
   25    95  0   0.0%   0.946 GC:6    +
   35   124  0   0.0%   0.871 GC:3    --:3    +
   73   101  0   0.0%   0.650 AU:6    +
    5    35  0   0.0%   0.023 CG:3    --:3    +
   12   119  0   0.0%   0.034 UA:3    --:3    +
   91   112  0   0.0%   1.377 UG:6    +
   79   126  0   0.0%   0.955 AU:6    +
   34   125  0   0.0%   0.802 GU:3    --:3    +
   74   130  0   0.0%   0.915 AU:6    +
   35    66  0   0.0%   0.478 GU:3    --:3    +
   39   101  1   0.0%   0.286 GU:2    AU:3    +
   79   101  0   0.0%   0.569 AU:6    +
   33    94  0   0.0%   0.308 UA:3    --:3    +
   89   130  0   0.0%   1.632 GU:6    +
   34    52  0   0.0%   0.053 GC:3    --:3    +
   35    95  0   0.0%   0.483 GC:3    --:3    +
   30    53  0   0.0%   0.039 CG:3    --:3    +
   37   101  0   0.0%   0.352 GU:3    --:3    +
   85   118  1   0.0%   1.582 UG:4    UA:1    +
   29   125  0   0.0%   0.849 GU:3    --:3    +
   29    44  0   0.0%   0.028 GC:3    --:3    +
   28    53  0   0.0%   0.068 CG:3    --:3    +
   41    86  0   0.0%   0.681 GC:6    +
   30    56  0   0.0%   0.039 CG:3    --:3    +
   34    95  0   0.0%   0.388 GC:3    --:3    +
   25    91  0   0.0%   1.637 GU:6    +
   73   131  0   0.0%   0.889 AU:6    +
  115   130  0   0.0%   0.541 AU:6    +
   31   125  0   0.0%   0.584 AU:3    --:3    +
   28    41  0   0.0%   0.069 CG:3    --:3    +
   50    75  0   0.0%   0.019 AU:6    +
   29    52  0   0.0%   0.027 GC:3    --:3    +
    9    90  1   0.0%   0.019 CG:4    UG:1    +
   41   124  0   0.0%   0.621 GC:6    +
   14    33  0   0.0%   0.008 AU:3    --:3    +
   29   132  0   0.0%   0.779 GC:3    --:3    +
   34    93  0   0.0%   0.727 GC:3    --:3    +
   15   112  1   0.0%   0.424 CG:4    UG:1    +
   95   112  0   0.0%   0.928 CG:6    +
    6    27  0   0.0%   0.026 UA:3    --:3    +
   72    97  1   0.0%   0.516 CG:4    UG:1    +
   21    34  0   0.0%   0.030 UG:3    --:3    +
   10    91  0   0.0%   0.009 AU:3    --:3    +
   31   130  0   0.0%   0.532 AU:3    --:3    +
   29   130  0   0.0%   0.797 GU:3    --:3    +
   37    49  0   0.0%   0.010 GC:3    --:3    +
   97   101  0   0.0%   0.497 GU:6    +
   15    64  1   0.0%   0.048 CG:4    GC:1    +
   30    41  0   0.0%   0.040 CG:3    --:3    +
   97   114  1   0.0%   0.413 GC:3    GU:2    +
   91    97  0   0.0%   1.451 UG:6    +
   37    55  0   0.0%   0.015 GC:3    --:3    +
   25   109  0   0.0%   1.229 GC:6    +
   29   131  0   0.0%   0.807 GU:3    --:3    +
    4    66  0   0.0%   0.007 AU:6    +
   12    97  0   0.0%   0.029 UG:3    --:3    +
    5    65  0   0.0%   0.023 CG:3    --:3    +
   41   131  0   0.0%   0.589 GU:6    +
   23    33  0   0.0%   0.054 GU:3    --:3    +
   25    72  1   0.0%   0.156 GC:4    GU:1    +
   18    78  1   0.0%   0.041 GC:2    GU:3    +
   17    92  1   0.0%   0.757 AU:4    UA:1    +
    6    97  0   0.0%   0.038 UG:3    --:3    +
   33    46  0   0.0%   0.034 UA:3    --:3    +
    2    35  0   0.0%   0.034 CG:3    --:3    +
   30   118  0   0.0%   0.455 CG:3    --:3    +
    7    83  1   0.0%   0.044 GC:3    AU:2    +
   13    33  0   0.0%   0.010 AU:3    --:3    +
   33    97  0   0.0%   0.337 UG:3    --:3    +
   33    37  0   0.0%   0.041 UG:3    --:3    +
    6    25  0   0.0%   0.030 UG:3    --:3    +
   34    86  0   0.0%   0.847 GC:3    --:3    +
   41    72  1   0.0%   0.206 GC:4    GU:1    +
   29    49  0   0.0%   0.027 GC:3    --:3    +
   30    89  0   0.0%   1.108 CG:3    --:3    +
    9    35  0   0.0%   0.017 CG:3    --:3    +
   34   131  0   0.0%   0.759 GU:3    --:3    +
    6    23  0   0.0%   0.027 UG:3    --:3    +
   12    23  0   0.0%   0.018 UG:3    --:3    +
   35    52  0   0.0%   0.021 GC:3    --:3    +
   50    66  0   0.0%   0.139 AU:6    +
   66   103  0   0.0%   1.217 UA:6    +
    2    29  0   0.0%   0.034 CG:3    --:3    +
    6    73  0   0.0%   0.031 UA:3    --:3    +
   93   113  0   0.0%   1.135 CG:6    +
   34    87  0   0.0%   1.149 GU:3    --:3    +
   58    97  0   0.0%   0.220 CG:6    +
  113   125  0   0.0%   1.633 GU:6    +
   12    34  0   0.0%   0.021 UG:3    --:3    +
   90   124  0   0.0%   1.817 GC:6    +
   75   118  1   0.0%   0.553 UG:4    UA:1    +
   21    64  1   0.0%   0.074 GC:1    UG:4    +
   31    88  0   0.0%   0.881 AU:3    --:3    +
   37    68  0   0.0%   0.144 GU:3    --:3    +
    6    64  0   0.0%   0.031 UG:3    --:3    +
   90   131  0   0.0%   1.649 GU:6    +
   78   108  2   0.0%   0.595 CG:1    UG:1    UA:2    +
   34   130  0   0.0%   0.749 GU:3    --:3    +
   33   122  0   0.0%   0.323 UA:3    --:3    +
   76   131  0   0.0%   0.810 AU:6    +
   12   122  0   0.0%   0.032 UA:3    --:3    +
   16    41  0   0.0%   0.094 CG:6    +
    7    91  1   0.0%   0.046 GU:3    AU:2    +
   75   107  0   0.0%   0.480 UA:6    +
    9    82  1   0.0%   0.017 CG:4    UG:1    +
   12   110  0   0.0%   0.026 UA:3    --:3    +
   35    93  0   0.0%   0.821 GC:3    --:3    +
   27    92  0   0.0%   0.984 AU:3    --:3    +
   89   125  0   0.0%   1.818 GU:6    +
   34   104  0   0.0%   0.553 GC:3    --:3    +
   37    75  0   0.0%   0.174 GU:3    --:3    +
   37   102  0   0.0%   0.363 GC:3    --:3    +
   70    89  0   0.0%   0.998 CG:6    +
   96   118  2   0.0%   0.792 CG:2    GC:1    UG:1    +
   90   130  0   0.0%   1.640 GU:6    +
   45   131  0   0.0%   0.383 AU:6    +
   44   121  1   0.0%   0.287 CG:3    GC:2    +
   29    95  0   0.0%   0.416 GC:3    --:3    +
   16    35  0   0.0%   0.096 CG:3    --:3    +
  118   130  1   0.0%   1.419 GU:4    AU:1    +
    5    84  0   0.0%   0.023 CG:3    --:3    +
    4    85  0   0.0%   0.007 AU:6    +
   75    94  0   0.0%   0.894 UA:6    +
   37    81  0   0.0%   0.700 GU:3    --:3    +
   37    93  0   0.0%   0.583 GC:3    --:3    +
   64   123  2   0.0%   1.199 CG:1    GC:2    GU:1    +
   10    87  0   0.0%   0.008 AU:3    --:3    +
   59    90  0   0.0%   0.955 CG:6    +
   37    99  0   0.0%   0.340 GU:3    --:3    +
   78   120  2   0.0%   0.722 CG:1    UG:1    UA:2    +
   33    53  0   0.0%   0.034 UG:3    --:3    +
    1    31  0   0.0%   0.027 UA:3    --:3    +
   43   128  2   0.0%   0.209 CG:1    GC:2    UA:1    +
   39    78  2   0.0%   0.115 GC:1    GU:1    AU:2    +
   92   119  1   0.0%   0.732 AU:1    UA:4    +
   33    48  0   0.0%   0.034 UA:3    --:3    +
   74    91  0   0.0%   1.648 AU:6    +
   85    94  0   0.0%   2.064 UA:6    +
   30   117  0   0.0%   0.458 CG:3    --:3    +
   74   125  0   0.0%   1.102 AU:6    +
    1    35  0   0.0%   0.027 UG:3    --:3    +
   90   106  0   0.0%   1.526 GC:6    +
    6   103  0   0.0%   0.037 UA:3    --:3    +
    1    29  0   0.0%   0.027 UG:3    --:3    +
   33   121  0   0.0%   0.315 UG:3    --:3    +
   33    47  0   0.0%   0.034 UA:3    --:3    +
   37    67  0   0.0%   0.158 GU:3    --:3    +
   23    96  2   0.0%   0.579 CG:1    GC:2    GU:1    +
   73   126  0   0.0%   1.035 AU:6    +
   34   114  0   0.0%   0.410 GC:3    --:3    +
   18    33  0   0.0%   0.040 GU:3    --:3    +
   12    69  0   0.0%   0.019 UA:3    --:3    +
   10    81  0   0.0%   0.008 AU:3    --:3    +
   75    90  0   0.0%   1.621 UG:6    +
   16    90  0   0.0%   0.836 CG:6    +
   15    37  0   0.0%   0.048 CG:3    --:3    +
    1    42  2   0.0%   0.027 UG:1    AU:1    UA:2    +
   25   101  0   0.0%   1.154 GU:6    +
    1    34  0   0.0%   0.027 UG:3    --:3    +
    6   110  0   0.0%   0.037 UA:3    --:3    +
   50    81  0   0.0%   0.615 AU:6    +
   81    97  0   0.0%   1.545 UG:6    +
   28   118  0   0.0%   0.438 CG:3    --:3    +
   41   106  0   0.0%   0.443 GC:6    +
   35    92  0   0.0%   1.157 GU:3    --:3    +
   54   118  2   0.0%   0.077 CG:1    UG:2    UA:1    +
   22    99  1   0.0%   0.883 CG:2    GU:3    +
    6    84  0   0.0%   0.031 UG:3    --:3    +
   25    85  0   0.0%   1.063 GU:6    +
   12    89  0   0.0%   0.020 UG:3    --:3    +
   12   121  0   0.0%   0.033 UG:3    --:3    +
    9    37  0   0.0%   0.017 CG:3    --:3    +
   70    97  0   0.0%   0.833 CG:6    +
   57   102  1   0.0%   0.207 GC:3    AU:1    --:1    +
   35   126  0   0.0%   0.858 GU:3    --:3    +
  107   130  0   0.0%   0.788 AU:6    +
   35   132  0   0.0%   0.811 GC:3    --:3    +
  113   126  0   0.0%   1.540 GU:6    +
   39    66  1   0.0%   0.075 GU:2    AU:3    +
   23   111  1   0.0%   1.031 GC:2    GU:3    +
   35   131  0   0.0%   0.839 GU:3    --:3    +
   89   131  0   0.0%   1.641 GU:6    +
   37    78  0   0.0%   0.215 GU:3    --:3    +
   63    88  0   0.0%   0.896 AU:6    +
   66   112  0   0.0%   1.390 UG:6    +
   29   105  0   0.0%   0.629 GU:3    --:3    +
   97   131  0   0.0%   1.044 GU:6    +
  111   120  2   0.0%   0.939 CG:1    UG:1    UA:2    +
   33   115  0   0.0%   0.319 UA:3    --:3    +
    6    35  0   0.0%   0.031 UG:3    --:3    +
   10    85  0   0.0%   0.008 AU:3    --:3    +
   82   101  0   0.0%   0.942 GU:6    +
   41    75  0   0.0%   0.138 GU:6    +
   33    41  0   0.0%   0.035 UG:3    --:3    +
   35   125  0   0.0%   0.882 GU:3    --:3    +
   12    74  0   0.0%   0.019 UA:3    --:3    +
   50    85  0   0.0%   1.062 AU:6    +
   29    86  0   0.0%   0.875 GC:3    --:3    +
   88   112  0   0.0%   1.280 UG:6    +
    5    37  0   0.0%   0.023 CG:3    --:3    +
   21    35  0   0.0%   0.026 UG:3    --:3    +
   73   125  0   0.0%   1.067 AU:6    +
   52   113  0   0.0%   0.262 CG:6    +
   12   113  0   0.0%   0.029 UG:3    --:3    +
   88   116  0   0.0%   1.040 UA:6    +
   99   129  1   0.0%   0.874 GC:2    UA:3    +
   37   124  0   0.0%   0.632 GC:3    --:3    +
   31   105  0   0.0%   0.364 AU:3    --:3    +
   45    66  0   0.0%   0.140 AU:6    +
   29   114  0   0.0%   0.458 GC:3    --:3    +
   57   132  1   0.0%   0.417 GC:3    AU:1    --:1    +
   28   117  0   0.0%   0.440 CG:3    --:3    +
   12    76  0   0.0%   0.019 UA:3    --:3    +
   15    89  1   0.0%   0.058 CG:4    UG:1    +
   34   105  0   0.0%   0.581 GU:3    --:3    +
   35   104  0   0.0%   0.634 GC:3    --:3    +
   72    90  1   0.0%   1.533 CG:4    UG:1    +
   39    75  1   0.0%   0.073 GU:2    AU:3    +
    9    41  1   0.0%   0.017 CG:4    UG:1    +
   87   127  1   0.0%   1.155 CG:1    UA:4    +
   35   130  0   0.0%   0.829 GU:3    --:3    +
   48    92  1   0.0%   0.713 AU:3    UA:1    --:1    +
    7    75  1   0.0%   0.044 GU:3    AU:2    +
   66   107  0   0.0%   1.253 UA:6    +
   25    87  1   0.0%   1.705 GC:1    GU:4    +
    6    74  0   0.0%   0.031 UA:3    --:3    +
   67    77  2   0.3%   0.391 GC:1    UA:3    +
   65    78  3   0.7%   0.666 GU:3    +
   99   118  3   0.7%   0.502 UG:3    +
   18   109  1   0.4%   0.871 GC:5    +
   43    90  2   0.3%   0.904 CG:3    UG:1    +
    1    19  2   0.2%   0.052 AU:1    UA:3    +
   18   106  1   0.4%   0.844 GC:5    +
   15    23  2   0.5%   0.099 CG:4    +
    9    96  3   0.1%   0.042 CG:1    AU:1    UA:1    +
   42    91  2   0.2%   0.869 GU:1    AU:3    +
   83   110  3   0.6%   1.369 UA:3    +
   84   109  3   0.6%   1.502 GC:3    +
  108   114  3   0.1%   0.110 GC:1    GU:1    AU:1    +
   87   108  2   0.2%   1.195 UG:1    UA:3    +
   63    67  3   0.6%   0.278 AU:3    +
   16    22  3   0.6%   0.124 CG:3    +
    3   127  3   0.1%   0.029 CG:1    UG:1    UA:1    +
   23    71  1   0.3%   0.177 GC:5    +
   20   111  2   0.1%   0.922 GC:1    AU:3    +
   56    67  3   0.5%   0.295 GU:3    +
    2    18  1   0.3%   0.061 CG:5    +
   51    98  3   0.0%   0.156 CG:1    GC:1    UG:1    +
   97   123  2   0.1%   0.829 GC:2    GU:2    +
  114   121  2   0.1%   0.413 CG:3    GC:1    +
  118   124  2   0.4%   1.828 GC:4    +
   53    61  2   0.1%   0.740 GC:3    UA:1    +
   47    52  3   0.5%   0.090 GC:3    +
   20    43  3   0.0%   0.005 CG:1    GC:1    AU:1    +
   51    72  3   0.0%   0.189 GC:1    AU:1    UA:1    +
   48    85  1   0.3%   1.082 AU:4    --:1    +
   72   117  2   0.1%   0.467 CG:3    UG:1    +
  114   120  3   0.0%   0.397 CG:1    GC:1    UG:1    +
   51    60  3   0.0%   0.402 GC:1    AU:1    UA:1    +
   38    51  3   0.0%   0.009 CG:1    GC:1    GU:1    +
    3    18  3   0.0%   0.020 CG:1    UG:1    UA:1    +
   38    42  3   0.0%   0.010 CG:1    GC:1    GU:1    +
   92    96  3   0.0%   1.390 UG:1    AU:1    UA:1    +
    7    15  2   0.1%   0.031 GC:3    AU:1    +
   69    75  2   0.4%   0.241 AU:4    +
   19    43  3   0.0%   0.017 CG:1    UG:1    AU:1    +
  102   108  3   0.0%   0.210 CG:1    UG:1    UA:1    +
   69    96  3   0.0%   0.967 CG:1    AU:1    UA:1    +
   39    72  3   0.0%   0.141 GC:1    GU:1    UA:1    +
   39    43  3   0.0%   0.005 GC:1    GU:1    UG:1    +
   51   114  3   0.0%   0.122 GC:1    UG:1    AU:1    +
  102   127  3   0.0%   0.579 CG:1    UG:1    UA:1    +
   20   114  3   0.0%   0.734 CG:1    GU:1    AU:1    +
   25    61  1   0.2%   0.186 GC:5    +
   64    83  2   0.1%   1.503 GC:3    GU:1    +
   84   114  2   0.1%   1.431 CG:1    GC:3    +
   21    73  1   0.2%   0.117 UA:5    +
   15    22  2   0.1%   0.031 CG:3    GC:1    +
   15    65  2   0.1%   0.063 CG:3    GC:1    +
   20   105  2   0.1%   0.737 GC:1    AU:3    +
  112   123  2   0.1%   1.192 GC:2    GU:2    +
   16    23  1   0.2%   0.121 CG:5    +
   92   127  2   0.1%   0.773 UG:1    UA:3    +
   21    65  2   0.1%   0.086 GC:1    UG:3    +
   13    67  2   0.1%   0.019 CG:1    AU:3    +
   22   125  3   0.5%   1.055 GU:3    +
   98   118  2   0.1%   0.375 CG:3    GC:1    +
   57    99  2   0.0%   0.194 GU:2    AU:1    --:1    +
   68    76  3   0.5%   0.257 UA:3    +
   24   130  1   0.2%   1.812 AU:5    +
   64    99  2   0.0%   1.396 CG:1    GU:3    +
   64    78  2   0.0%   0.492 GC:1    GU:3    +
   22    61  2   0.0%   0.067 GC:3    UA:1    +
   24   126  1   0.2%   1.833 AU:5    +
   15    84  2   0.0%   0.062 CG:3    GC:1    +
   20    78  2   0.0%   0.018 GC:1    AU:3    +
   25    60  2   0.0%   0.101 GC:3    GU:1    +
  101   120  2   0.0%   1.608 UG:2    UA:2    +
   23   131  1   0.2%   1.583 GU:5    +
    1   119  2   0.0%   0.034 AU:1    UA:3    +
   78    98  3   0.4%   0.814 CG:3    +
   64    68  2   0.0%   0.282 GC:1    GU:3    +
    9   118  2   0.0%   0.046 CG:3    UA:1    +
   99   113  2   0.0%   0.510 CG:1    UG:3    +
   23    67  2   0.0%   0.117 CG:1    GU:3    +
   54    82  2   0.0%   0.514 CG:1    UG:3    +
   62    99  2   0.0%   0.455 GC:1    AU:3    +
   98   128  2   0.0%   0.515 CG:1    GC:3    +
  113   123  2   0.0%   1.196 GC:2    GU:2    +
   99   127  2   0.0%   0.598 CG:1    UA:3    +
   99   117  2   0.0%   0.391 CG:1    UG:3    +
   57   114  2   0.0%   0.099 GC:2    GU:1    --:1    +
  105   117  2   0.0%   2.100 CG:1    UG:3    +
    3    21  2   0.0%   0.006 UG:1    AU:3    +
   21   110  1   0.2%   0.901 UA:5    +
   43    56  2   0.0%   0.187 CG:3    UG:1    +
    7    98  2   0.0%   0.067 CG:1    GC:3    +
   42    81  2   0.0%   0.741 GU:1    AU:3    +
  118   132  2   0.0%   1.395 GC:3    GU:1    +
   24    99  2   0.0%   0.803 UG:1    AU:3    +
    1    23  2   0.0%   0.024 CG:1    UG:3    +
  120   130  2   0.0%   0.734 GU:2    AU:2    +
   90    99  2   0.0%   1.494 GC:1    GU:3    +
    1   127  2   0.0%   0.032 CG:1    UA:3    +
   25   123  2   0.0%   1.240 GC:2    GU:2    +
   14    92  2   0.0%   0.723 GU:1    AU:3    +
   56    68  2   0.0%   0.185 GC:1    GU:3    +
   56    60  2   0.0%   0.410 GC:3    GU:1    +
    9    23  2   0.0%   0.013 CG:3    UG:1    +
    7    92  2   0.0%   0.047 GU:3    AU:1    +
   69    99  2   0.0%   0.718 UG:1    AU:3    +
  120   125  2   0.0%   1.167 GU:2    AU:2    +
    7    21  2   0.0%   0.039 GU:3    AU:1    +
   21    39  2   0.0%   0.026 UG:2    UA:2    +
   60    90  2   0.0%   1.030 CG:3    UG:1    +
   90   123  2   0.0%   1.453 GC:2    GU:2    +
   51    66  2   0.0%   0.240 GU:1    AU:3    +
    1    17  2   0.0%   0.008 AU:1    UA:3    +
   22    55  2   0.0%   0.056 GC:3    UA:1    +
   51    85  2   0.0%   1.152 GU:1    AU:3    +
  114   118  2   0.0%   0.937 CG:3    UA:1    +
   23    54  2   0.0%   0.051 GC:1    GU:3    +
   22   114  2   0.0%   0.970 CG:1    GC:3    +
   56    72  2   0.0%   0.226 GC:3    GU:1    +
   57    67  2   0.0%   0.192 GU:2    AU:1    --:1    +
   24    67  2   0.0%   0.017 UG:1    AU:3    +
   41    54  2   0.0%   0.014 GC:1    GU:3    +
  105   118  2   0.0%   1.868 CG:1    UG:3    +
   56    78  2   0.0%   0.200 GC:1    GU:3    +
   60    97  2   0.0%   0.359 CG:3    UG:1    +
   51    91  2   0.0%   0.821 GU:1    AU:3    +
   60    82  2   0.0%   0.753 CG:3    UG:1    +
   57    92  2   0.0%   0.775 GU:2    AU:1    --:1    +
  120   126  2   0.0%   1.062 GU:2    AU:2    +
   14   111  2   0.0%   0.377 GC:1    AU:3    +
   42   130  2   0.0%   0.497 GU:1    AU:3    +
    7    72  2   0.0%   0.044 GC:3    AU:1    +
   38   128  2   0.0%   0.332 CG:1    GC:3    +
   46    67  2   0.0%   0.098 CG:1    AU:3    +
   14    99  2   0.0%   0.376 GC:1    AU:3    +
   42    85  2   0.0%   1.160 GU:1    AU:3    +
    1    90  2   0.0%   0.027 CG:1    UG:3    +
    1   113  2   0.0%   0.027 CG:1    UG:3    +
   42    75  2   0.0%   0.140 GU:1    AU:3    +
   17    67  2   0.0%   0.035 UG:1    AU:3    +
    7    38  2   0.0%   0.044 CG:1    GC:3    +
   41    60  2   0.0%   0.374 GC:3    GU:1    +
    1    22  2   0.0%   0.023 UG:3    AU:1    +
   15   117  2   0.0%   0.618 CG:3    UG:1    +
   78   117  2   0.0%   0.710 CG:1    UG:3    +
    1    18  2   0.0%   0.008 CG:1    UG:3    +
   60   113  2   0.0%   0.496 CG:3    UG:1    +
   57   123  2   0.0%   0.114 GC:2    AU:1    --:1    +
    7   102  2   0.0%   0.066 GC:3    AU:1    +
   68   118  2   0.0%   0.606 CG:1    UG:3    +
   99   112  2   0.0%   0.519 CG:1    UG:3    +
  120   131  2   0.0%   0.736 GU:2    AU:2    +
   15   121  2   0.0%   0.613 CG:3    GC:1    +
   51    81  2   0.0%   0.717 GU:1    AU:3    +
   64   105  2   0.0%   1.353 GC:1    GU:3    +
   23    38  2   0.0%   0.048 CG:1    GC:3    +
   68   117  2   0.0%   0.608 CG:1    UG:3    +
   54    97  2   0.0%   0.117 CG:1    UG:3    +
   42   131  2   0.0%   0.507 GU:1    AU:3    +
   21   122  2   0.0%   0.879 GC:1    UA:3    +
   14    78  2   0.0%   0.009 GC:1    AU:3    +
   64   132  2   0.0%   1.642 GC:3    GU:1    +
   42   101  2   0.0%   0.259 GU:1    AU:3    +
   23    98  2   0.0%   0.570 CG:1    GC:3    +
  111   117  2   0.0%   1.711 CG:1    UG:3    +
    1    25  2   0.0%   0.024 CG:1    UG:3    +
   89    99  2   0.0%   1.483 GC:1    GU:3    +
  111   118  2   0.0%   1.480 CG:1    UG:3    +
   13    99  2   0.0%   0.351 CG:1    AU:3    +
    1    97  2   0.0%   0.027 CG:1    UG:3    +
   20    67  2   0.0%   0.018 CG:1    AU:3    +
   44   120  2   0.0%   0.284 CG:2    GC:2    +
   87   117  2   0.0%   1.247 UG:3    UA:1    +
   20    68  2   0.0%   0.014 GC:1    AU:3    +
   60    89  2   0.0%   1.019 CG:3    UG:1    +
   54   119  2   0.0%   0.071 AU:1    UA:3    +
   15    53  2   0.0%   0.048 CG:3    GC:1    +
   67   118  2   0.0%   1.159 GC:1    UG:3    +
   91   120  2   0.0%   1.257 UG:2    UA:2    +
   18    60  2   0.0%   0.035 GC:3    GU:1    +
   78   118  2   0.0%   0.712 CG:1    UG:3    +
   23    70  1   0.2%   0.135 GC:5    +
   79    83  3   0.4%   1.508 AU:3    +
   28    32  1   0.2%   0.043 CG:2    --:3    +
   62   102  3   0.1%   0.613 GC:1    GU:2    +
   88    96  3   0.1%   1.666 UG:1    UA:2    +
   77    81  1   0.1%   1.465 AU:5    +
   21   103  1   0.1%   0.809 UA:5    +
   18   124  1   0.1%   0.854 GC:5    +
   77    87  2   0.3%   1.603 AU:4    +
   80    84  3   0.4%   2.013 CG:3    +
   24   131  1   0.1%   1.829 AU:5    +
   17   125  1   0.1%   0.633 AU:5    +
  104   117  2   0.3%   1.731 CG:4    +
   61    82  1   0.1%   1.013 CG:5    +
   13   126  1   0.1%   0.386 AU:5    +
   44    89  2   0.3%   1.006 CG:4    +
   19   112  3   0.1%   0.610 CG:2    UG:1    +
    5    11  1   0.1%   0.020 CG:2    --:3    +
   67    75  3   0.3%   0.382 GU:3    +
   49    84  2   0.3%   0.941 CG:3    --:1    +
   19   127  3   0.1%   0.440 CG:2    UA:1    +
   17   131  1   0.1%   0.632 AU:5    +
   19   105  3   0.3%   0.438 AU:3    +
    7    16  3   0.3%   0.074 GC:3    +
   18    80  1   0.1%   0.055 GC:5    +
   17    81  1   0.1%   0.045 AU:5    +
   22    72  3   0.3%   0.169 GC:3    +
    2    25  1   0.1%   0.041 CG:5    +
   96   126  3   0.0%   1.235 GU:1    AU:2    +
    5    32  1   0.0%   0.029 CG:2    --:3    +
   96   112  3   0.0%   0.929 CG:2    UG:1    +
   17   114  3   0.0%   0.615 UG:1    AU:2    +
   42    92  3   0.0%   0.840 GU:1    AU:2    +
    3   117  3   0.0%   0.016 CG:1    UA:2    +
   23    60  3   0.0%   0.062 GC:2    GU:1    +
   17    21  2   0.2%   0.062 AU:4    +
   72    84  3   0.3%   1.159 CG:3    +
   19    85  3   0.3%   0.079 AU:3    +
   53    96  3   0.0%   0.231 GC:2    UG:1    +
   89    96  3   0.0%   1.891 GC:2    GU:1    +
   28    36  1   0.0%   0.069 CG:2    --:3    +
    8    30  1   0.0%   0.017 GC:2    --:3    +
   23   104  1   0.0%   0.693 GC:5    +
   38    59  3   0.3%   0.290 GC:3    +
   24    66  1   0.0%   0.019 AU:5    +
   77    99  3   0.3%   0.774 AU:3    +
   54    65  3   0.0%   0.221 CG:1    UG:2    +
   40    67  3   0.0%   0.153 CG:2    AU:1    +
   13   131  1   0.0%   0.372 AU:5    +
   23   125  1   0.0%   0.925 GU:5    +
   19    82  3   0.0%   0.034 CG:2    UG:1    +
  119   130  1   0.0%   0.585 AU:5    +
   11    28  1   0.0%   0.016 GC:2    --:3    +
   13    91  1   0.0%   0.017 AU:5    +
   23   123  3   0.0%   0.844 GC:2    GU:1    +
   47    53  3   0.0%   0.215 GC:2    GU:1    +
   77    88  1   0.0%   1.466 AU:5    +
   22    41  3   0.0%   0.057 CG:2    UG:1    +
   17   130  1   0.0%   0.618 AU:5    +
   51    68  3   0.0%   0.146 GU:1    AU:2    +
   47    86  3   0.3%   0.552 GC:3    +
   96   121  3   0.0%   0.814 CG:2    GC:1    +
   46    87  3   0.3%   0.822 AU:3    +
   61    97  1   0.0%   0.610 CG:5    +
   92   128  3   0.0%   0.781 UG:1    UA:2    +
   23    95  1   0.0%   0.582 GC:5    +
   21    45  1   0.0%   0.030 UA:5    +
   23    43  3   0.0%   0.054 GC:2    GU:1    +
   65    96  3   0.0%   1.585 CG:1    GC:2    +
   22    96  3   0.0%   0.893 GC:2    UG:1    +
    3    14  3   0.0%   0.005 CG:1    UA:2    +
  127   132  3   0.0%   0.381 GC:2    AU:1    +
   23    59  1   0.0%   0.054 GC:5    +
   96   130  3   0.0%   1.062 GU:1    AU:2    +
   91   128  3   0.0%   1.173 UG:1    UA:2    +
   48    75  1   0.0%   0.021 AU:4    --:1    +
    7   123  3   0.0%   0.080 GC:2    AU:1    +
   17   126  1   0.0%   0.628 AU:5    +
   30    36  1   0.0%   0.037 CG:2    --:3    +
   21    74  1   0.0%   0.091 UA:5    +
   22    60  3   0.0%   0.058 GC:2    GU:1    +
   60    65  3   0.0%   0.517 CG:2    UG:1    +
   62    71  3   0.3%   0.444 GC:3    +
   46    75  1   0.0%   0.020 AU:5    +
   60    64  3   0.0%   0.480 CG:2    UG:1    +
  119   131  1   0.0%   0.588 AU:5    +
  119   125  1   0.0%   1.017 AU:5    +
   41    61  1   0.0%   0.606 GC:5    +
   23   100  1   0.0%   0.572 GC:5    +
   18   100  1   0.0%   0.779 GC:5    +
   53    62  3   0.0%   0.419 CG:2    UG:1    +
   77   101  1   0.0%   0.633 AU:5    +
   18   104  1   0.0%   0.780 GC:5    +
   77    91  1   0.0%   1.576 AU:5    +
   46    66  1   0.0%   0.140 AU:5    +
    2    97  1   0.0%   0.036 CG:5    +
   19    25  3   0.0%   0.057 CG:2    UG:1    +
  119   126  1   0.0%   0.912 AU:5    +
  108   132  3   0.0%   0.409 GC:2    AU:1    +
   18    95  1   0.0%   0.788 GC:5    +
   17   101  1   0.0%   0.412 AU:5    +
   13   130  1   0.0%   0.367 AU:5    +
    8    28  1   0.0%   0.008 GC:2    --:3    +
   11    30  1   0.0%   0.020 GC:2    --:3    +
   61    89  1   0.0%   1.269 CG:5    +
   42    78  3   0.0%   0.184 GU:1    AU:2    +
   13   125  1   0.0%   0.361 AU:5    +
   53    60  3   0.0%   0.489 GC:2    GU:1    +
   22    82  3   0.0%   0.142 CG:2    UG:1    +
   62   132  3   0.0%   0.931 GC:2    GU:1    +
   23   101  1   0.0%   0.572 GU:5    +
   48    66  1   0.0%   0.140 AU:4    --:1    +
   23    80  1   0.0%   0.138 GC:5    +
   22   123  3   0.0%   0.958 CG:1    GC:2    +
   19   113  3   0.0%   0.598 CG:2    UG:1    +
   96   131  3   0.0%   1.070 GU:1    AU:2    +
    1   128  3   0.0%   0.032 UG:1    UA:2    +
   21    97  1   0.0%   0.795 UG:5    +
    4    21  1   0.0%   0.007 AU:5    +
   46   101  1   0.0%   0.135 AU:5    +
   13   123  3   0.0%   0.353 CG:1    AU:2    +
   23    81  1   0.0%   0.140 GU:5    +
   98   102  3   0.0%   0.369 GC:1    GU:2    +
   47    54  3   0.0%   0.091 GU:1    AU:2    +
   23   130  1   0.0%   1.541 GU:5    +
   46   125  1   0.0%   0.426 AU:5    +
   23    58  1   0.0%   0.051 GC:5    +
   23    85  1   0.0%   0.507 GU:5    +
   23    93  1   0.0%   0.917 GC:5    +
   98   105  3   0.3%   0.484 GC:3    +
    2    89  1   0.0%   0.035 CG:5    +
   77   125  1   0.0%   1.046 AU:5    +
   60    84  3   0.0%   1.211 CG:2    UG:1    +
    2    90  1   0.0%   0.035 CG:5    +
    3    89  3   0.0%   0.005 CG:1    UG:2    +
    2   112  1   0.0%   0.035 CG:5    +
   21    82  1   0.0%   0.098 UG:5    +
   41    53  3   0.0%   0.013 GC:2    GU:1    +
   75   119  1   0.0%   0.435 UA:5    +
   17    66  1   0.0%   0.035 AU:5    +
   21   115  1   0.0%   0.887 UA:5    +
   41    96  3   0.0%   0.234 GC:2    GU:1    +
   44   128  3   0.0%   0.321 CG:1    GC:2    +
  114   119  3   0.0%   0.245 GU:1    UA:2    +
   43   129  3   0.0%   0.479 GC:2    UA:1    +
   96   101  3   0.0%   0.801 GU:1    AU:2    +
   53    89  3   0.0%   0.920 CG:2    UG:1    +
   21    76  1   0.0%   0.089 UA:5    +
   54    62  3   0.0%   0.286 UG:1    UA:2    +
   19    47  3   0.0%   0.017 CG:2    UG:1    +
   17    75  1   0.0%   0.031 AU:5    +
   46    81  1   0.0%   0.617 AU:5    +
   39    44  3   0.0%   0.005 GC:2    UG:1    +
   38   102  3   0.0%   0.420 GC:1    GU:2    +
    2   113  1   0.0%   0.036 CG:5    +
   21    25  1   0.0%   0.061 UG:5    +
   18    71  1   0.0%   0.041 GC:5    +
   96   117  3   0.0%   0.791 CG:2    UA:1    +
   18    70  1   0.0%   0.041 GC:5    +
    3   112  3   0.0%   0.006 CG:1    UG:2    +
   61   112  1   0.0%   0.751 CG:5    +
   13    85  1   0.0%   0.011 AU:5    +
   19    90  3   0.0%   0.410 CG:2    UG:1    +
   67   102  3   0.0%   1.286 GC:1    GU:2    +
    1    21  3   0.0%   0.023 CG:1    AU:2    +
   77   130  1   0.0%   0.859 AU:5    +
   91    96  3   0.0%   1.758 UG:1    UA:2    +
   54    64  3   0.0%   0.177 CG:1    UG:2    +
   18    59  1   0.0%   0.035 GC:5    +
   24    88  1   0.0%   1.504 AU:5    +
   53    82  3   0.0%   0.654 CG:2    UG:1    +
   23   109  1   0.0%   0.871 GC:5    +
   21    79  1   0.0%   0.091 UA:5    +
   46   130  1   0.0%   0.373 AU:5    +
   19    62  3   0.0%   0.017 CG:2    UG:1    +
    3    97  3   0.0%   0.006 CG:1    UG:2    +
   48   101  1   0.0%   0.134 AU:4    --:1    +
   14    83  3   0.0%   0.009 GU:1    AU:2    +
    3    25  3   0.0%   0.008 CG:1    UG:2    +
    2    41  1   0.0%   0.034 CG:5    +
   43   122  3   0.0%   0.184 GC:2    UA:1    +
   13    88  1   0.0%   0.012 AU:5    +
   22    90  3   0.0%   1.583 CG:2    UG:1    +
   19    89  3   0.0%   0.410 CG:2    UG:1    +
   47   102  3   0.0%   0.177 GC:1    GU:2    +
   23    66  1   0.0%   0.112 GU:5    +
   68   128  3   0.0%   0.773 UG:1    UA:2    +
   84    96  3   0.0%   2.006 CG:1    GC:2    +
   42    68  3   0.0%   0.167 GU:1    AU:2    +
  111   128  3   0.0%   0.624 UG:1    UA:2    +
   23    75  1   0.0%   0.135 GU:5    +
   18    96  3   0.0%   0.785 GC:2    AU:1    +
   42   105  3   0.0%   0.330 GU:1    AU:2    +
   18    58  1   0.0%   0.035 GC:5    +
   22   112  3   0.0%   1.150 CG:2    UG:1    +
   85   119  1   0.0%   1.463 UA:5    +
   17    91  1   0.0%   0.777 AU:5    +
    1   120  3   0.0%   0.030 UG:1    UA:2    +
   21    50  1   0.0%   0.028 UA:5    +
   21    89  1   0.0%   0.815 UG:5    +
   19    41  3   0.0%   0.017 CG:2    UG:1    +
    5    36  1   0.0%   0.023 CG:2    --:3    +
   21   113  1   0.0%   1.069 UG:5    +
   13    75  1   0.0%   0.011 AU:5    +
   18    52  1   0.0%   0.035 GC:5    +
   90    96  3   0.0%   1.898 GC:2    GU:1    +
   19    38  3   0.0%   0.017 CG:2    UG:1    +
    3    38  3   0.0%   0.004 CG:1    UG:2    +
   53   112  3   0.0%   0.412 CG:2    UG:1    +
    9   108  3   0.0%   0.028 CG:2    UA:1    +
   46   126  1   0.0%   0.401 AU:5    +
   21    94  1   0.0%   0.796 UA:5    +
   81   119  1   0.0%   1.251 UA:5    +
   65    72  3   0.2%   0.556 GC:3    +
   64   100  2   0.1%   1.419 GC:4    +
   68    74  3   0.2%   0.231 UA:3    +
   50    83  3   0.2%   0.839 AU:3    +
   25   129  3   0.2%   1.896 GC:3    +
   73    83  3   0.2%   1.043 AU:3    +
  113   128  3   0.2%   1.101 GC:3    +
   71   118  2   0.1%   1.038 CG:4    +
   25   122  3   0.2%   1.230 GC:3    +
   52    56  2   0.1%   0.153 CG:4    +
   22   109  3   0.2%   0.999 GC:3    +
  112   129  3   0.2%   1.369 GC:3    +
    7    93  3   0.2%   0.076 GC:3    +
   52    57  2   0.1%   0.061 CG:3    --:1    +
   16    64  2   0.1%   0.110 CG:4    +
   17    87  3   0.2%   0.066 AU:3    +
   19   130  3   0.2%   0.460 AU:3    +
    2     7  3   0.2%   0.030 CG:3    +
   22    71  3   0.2%   0.135 GC:3    +
    7    95  3   0.1%   0.084 GC:3    +
   41    92  2   0.1%   0.910 GU:4    +
   40    57  2   0.1%   0.108 CG:3    --:1    +
   56    92  2   0.1%   0.851 GU:4    +
   56   100  2   0.0%   0.274 GC:4    +
   22   104  3   0.1%   0.911 GC:3    +
  112   128  3   0.1%   1.079 GC:3    +
   87   107  2   0.0%   1.180 UA:4    +
   69   126  2   0.0%   0.994 AU:4    +
   49    56  2   0.0%   0.109 CG:3    --:1    +
  111   129  3   0.1%   0.915 UA:3    +
   22   132  3   0.1%   1.325 GC:3    +
   53    81  3   0.1%   0.840 GU:3    +
   56    80  2   0.0%   0.536 GC:4    +
   16   117  2   0.0%   0.681 CG:4    +
   92   107  2   0.0%   0.826 UA:4    +
   58    64  2   0.0%   0.225 CG:4    +
   15   118  2   0.0%   0.622 CG:4    +
   69    78  3   0.1%   0.570 AU:3    +
   64    75  2   0.0%   0.434 GU:4    +
   21    77  2   0.0%   0.095 UA:4    +
   70   117  2   0.0%   0.668 CG:4    +
   64    95  2   0.0%   0.685 GC:4    +
  104   118  2   0.0%   1.488 CG:4    +
   92   103  2   0.0%   0.792 UA:4    +
   76    87  2   0.0%   1.511 AU:4    +
   44    56  2   0.0%   0.299 CG:4    +
   80   117  2   0.0%   1.130 CG:4    +
   68    79  3   0.1%   0.889 UA:3    +
   52    62  3   0.1%   0.282 CG:3    +
  113   122  3   0.1%   1.361 GC:3    +
    2    23  2   0.0%   0.032 CG:4    +
   69    81  2   0.0%   0.975 AU:4    +
   64    86  2   0.0%   1.159 GC:4    +
   62    84  3   0.1%   1.257 GC:3    +
   64   131  2   0.0%   1.672 GU:4    +
   63    87  2   0.0%   0.965 AU:4    +
   56    71  2   0.0%   0.256 GC:4    +
   52    64  2   0.0%   0.169 CG:4    +
   57    70  2   0.0%   0.164 GC:3    --:1    +
   57    61  2   0.0%   0.553 GC:3    --:1    +
   49    53  2   0.0%   0.188 CG:3    --:1    +
   80   118  2   0.0%   1.131 CG:4    +
   41    49  2   0.0%   0.005 GC:3    --:1    +
   56    93  2   0.0%   0.510 GC:4    +
    2   117  2   0.0%   0.037 CG:4    +
   76    92  2   0.0%   1.167 AU:4    +
   49    65  2   0.0%   0.158 CG:3    --:1    +
   23    72  2   0.0%   0.151 GC:4    +
  106   117  2   0.0%   1.786 CG:4    +
   40    97  2   0.0%   0.257 CG:4    +
   25    40  2   0.0%   0.045 GC:4    +
   62    83  3   0.1%   1.157 GU:3    +
   69    85  2   0.0%   1.142 AU:4    +
   92   113  2   0.0%   0.967 UG:4    +
  106   118  2   0.0%   1.555 CG:4    +
   79    87  2   0.0%   1.537 AU:4    +
   49    64  2   0.0%   0.119 CG:3    --:1    +
   56    70  2   0.0%   0.237 GC:4    +
   57    71  2   0.0%   0.181 GC:3    --:1    +
   56    86  2   0.0%   0.631 GC:4    +
    4    92  2   0.0%   0.010 AU:4    +
   64   130  2   0.0%   1.660 GU:4    +
   18    44  2   0.0%   0.035 GC:4    +
   87   116  2   0.0%   1.136 UA:4    +
   57    80  2   0.0%   0.457 GC:3    --:1    +
   86   117  2   0.0%   0.659 CG:4    +
   87   103  2   0.0%   1.141 UA:4    +
   44    82  2   0.0%   0.700 CG:4    +
   92    97  2   0.0%   1.083 UG:4    +
    4    87  2   0.0%   0.008 AU:4    +
   44    97  2   0.0%   0.328 CG:4    +
   64    93  2   0.0%   1.027 GC:4    +
   95   118  2   0.0%   0.802 CG:4    +
   16   118  2   0.0%   0.676 CG:4    +
   63    92  2   0.0%   0.874 AU:4    +
   50    92  2   0.0%   0.708 AU:4    +
   18    61  2   0.0%   0.035 GC:4    +
  109   118  2   0.0%   0.995 CG:4    +
   56   124  2   0.0%   0.549 GC:4    +
  109   117  2   0.0%   1.226 CG:4    +
   64   125  2   0.0%   1.849 GU:4    +
   57    72  2   0.0%   0.151 GC:3    --:1    +
   93   118  2   0.0%   1.019 CG:4    +
   25    44  2   0.0%   0.044 GC:4    +
   87   110  2   0.0%   1.179 UA:4    +
   56    95  2   0.0%   0.163 GC:4    +
   73    92  2   0.0%   1.245 AU:4    +
   64    91  2   0.0%   1.390 GU:4    +
   13    87  2   0.0%   0.012 AU:4    +
   93   117  2   0.0%   1.019 CG:4    +
   57   100  2   0.0%   0.198 GC:3    --:1    +
   92   116  2   0.0%   0.740 UA:4    +
   18    49  2   0.0%   0.035 GC:3    --:1    +
   18    40  2   0.0%   0.035 GC:4    +
   22    49  2   0.0%   0.055 GC:3    --:1    +
   64    87  2   0.0%   1.454 GU:4    +
   49    82  2   0.0%   0.439 CG:3    --:1    +
   64    85  2   0.0%   1.719 GU:4    +
   86   118  2   0.0%   0.659 CG:4    +
   52   118  2   0.0%   0.080 CG:4    +
   18    92  2   0.0%   0.785 GU:4    +
   64   104  2   0.0%   1.325 GC:4    +
   64   109  2   0.0%   1.201 GC:4    +
   14    87  2   0.0%   0.013 AU:4    +
   57    86  2   0.0%   0.556 GC:3    --:1    +
   48    78  2   0.0%   0.061 AU:3    --:1    +
   67    80  3   0.1%   1.455 GC:3    +
   58    98  3   0.1%   0.232 CG:3    +
   65    82  3   0.1%   1.307 CG:3    +
   79   111  3   0.1%   0.651 AU:3    +
   62    86  3   0.1%   0.836 GC:3    +
   86    98  3   0.1%   0.756 CG:3    +
  100   121  3   0.1%   1.348 CG:3    +
   83   115  3   0.1%   1.318 UA:3    +
   22   126  3   0.1%   1.023 GU:3    +
   68    73  3   0.1%   0.226 UA:3    +
   62    70  3   0.1%   0.389 GC:3    +
   53    70  3   0.1%   0.302 GC:3    +
   67    74  3   0.1%   0.316 UA:3    +
   63    83  3   0.1%   1.000 AU:3    +
   67    71  3   0.0%   0.490 GC:3    +
    2   118  3   0.0%   0.046 CG:3    +
   55    64  3   0.0%   0.186 CG:3    +
  105   116  3   0.0%   1.348 UA:3    +
   63    68  3   0.0%   0.192 AU:3    +
   78   115  3   0.0%   0.609 UA:3    +
   83   103  3   0.0%   1.276 UA:3    +
    3   126  3   0.0%   0.019 AU:3    +
   84   102  3   0.0%   1.505 GC:3    +
   66   129  3   0.0%   1.647 UA:3    +
   98   122  3   0.0%   0.802 GC:3    +
   38    97  3   0.0%   0.341 CG:3    +
   61    84  3   0.0%   1.465 CG:3    +
    3   131  3   0.0%   0.027 AU:3    +
    7   124  3   0.0%   0.086 GC:3    +
   38    71  3   0.0%   0.291 GC:3    +
   73    78  3   0.0%   0.601 AU:3    +
   73   111  3   0.0%   0.723 AU:3    +
   63    78  3   0.0%   0.174 AU:3    +
    9    22  3   0.0%   0.019 CG:3    +
   25    65  3   0.0%   0.122 GC:3    +
   22   105  3   0.0%   0.923 GU:3    +
   22   124  3   0.0%   0.972 GC:3    +
   62    67  3   0.0%   0.360 AU:3    +
   55    81  3   0.0%   0.693 AU:3    +
   65   130  3   0.0%   1.843 GU:3    +
   52    67  3   0.0%   0.157 CG:3    +
   98   104  3   0.0%   0.425 GC:3    +
   55   101  3   0.0%   0.189 AU:3    +
   56    61  3   0.0%   0.651 GC:3    +
   66    98  3   0.0%   1.380 UG:3    +
   53    66  3   0.0%   0.339 GU:3    +
   22   102  3   0.0%   0.888 GC:3    +
  103   111  3   0.0%   0.310 AU:3    +
  105   115  3   0.0%   0.991 UA:3    +
   85    98  3   0.0%   1.646 UG:3    +
   84   112  3   0.0%   1.644 CG:3    +
    2    22  3   0.0%   0.031 CG:3    +
   47    59  3   0.0%   0.199 GC:3    +
   19    75  3   0.0%   0.027 AU:3    +
   84   104  3   0.0%   1.526 GC:3    +
   74    78  3   0.0%   0.583 AU:3    +
   53    83  3   0.0%   1.027 GC:3    +
   90   128  3   0.0%   1.328 GC:3    +
   22    68  3   0.0%   0.114 GU:3    +
   97   129  3   0.0%   0.994 GC:3    +
   23    40  3   0.0%   0.052 GC:3    +
   79    99  3   0.0%   0.698 AU:3    +
   65    83  3   0.0%   1.678 GC:3    +
   58    67  3   0.0%   0.290 CG:3    +
    7   132  3   0.0%   0.090 GC:3    +
   78   116  3   0.0%   0.601 UA:3    +
   72   118  3   0.0%   0.464 CG:3    +
   46    54  3   0.0%   0.063 AU:3    +
   47    58  3   0.0%   0.130 GC:3    +
   38    68  3   0.0%   0.150 GC:3    +
   54    94  3   0.0%   0.083 UA:3    +
   99   103  3   0.0%   0.327 UA:3    +
   89   129  3   0.0%   1.588 GC:3    +
   84   100  3   0.0%   1.604 GC:3    +
   98   109  3   0.0%   0.323 GC:3    +
   84    89  3   0.0%   2.398 CG:3    +
   53    58  3   0.0%   0.287 GC:3    +
   50    99  3   0.0%   0.122 AU:3    +
   53    95  3   0.0%   0.228 GC:3    +
   25    38  3   0.0%   0.045 GC:3    +
   67    83  3   0.0%   1.502 GU:3    +
   70    98  3   0.0%   0.837 CG:3    +
   53    59  3   0.0%   0.354 GC:3    +
   94   111  3   0.0%   0.883 AU:3    +
   38    82  3   0.0%   0.501 CG:3    +
    1     7  3   0.0%   0.002 UG:3    +
   62    80  3   0.0%   0.707 GC:3    +
   52    84  3   0.0%   0.974 CG:3    +
   53    71  3   0.0%   0.316 GC:3    +
    1    24  3   0.0%   0.025 UA:3    +
   45    78  3   0.0%   0.063 AU:3    +
   67    79  3   0.0%   1.037 UA:3    +
   93    98  3   0.0%   1.118 CG:3    +
   45    54  3   0.0%   0.063 AU:3    +
   38   100  3   0.0%   0.407 GC:3    +
   59    65  3   0.0%   0.435 CG:3    +
   84   111  3   0.0%   1.631 GU:3    +
   70    84  3   0.0%   1.200 CG:3    +
   38    95  3   0.0%   0.303 GC:3    +
   47    65  3   0.0%   0.185 GC:3    +
   65    81  3   0.0%   1.723 GU:3    +
   61    65  3   0.0%   0.756 CG:3    +
  125   129  3   0.0%   1.138 UA:3    +
   25    98  3   0.0%   0.937 GC:3    +
   58    62  3   0.0%   0.325 CG:3    +
   19   126  3   0.0%   0.432 AU:3    +
   77   111  3   0.0%   0.701 AU:3    +
   76   111  3   0.0%   0.643 AU:3    +
   62   128  3   0.0%   0.633 GC:3    +
    1    13  3   0.0%   0.008 UA:3    +
   54    63  3   0.0%   0.119 UA:3    +
  113   129  3   0.0%   1.357 GC:3    +
   55    65  3   0.0%   0.221 CG:3    +
   25   128  3   0.0%   1.602 GC:3    +
   19    87  3   0.0%   0.412 AU:3    +
   65    85  3   0.0%   1.898 GU:3    +
   22   130  3   0.0%   1.319 GU:3    +
  113   121  3   0.0%   1.358 GC:3    +
  122   131  3   0.0%   0.718 AU:3    +
   52    65  3   0.0%   0.207 CG:3    +
    1   129  3   0.0%   0.032 UA:3    +
   67    94  3   0.0%   1.413 UA:3    +
    3   125  3   0.0%   0.010 AU:3    +
    3   130  3   0.0%   0.019 AU:3    +
   66    84  3   0.0%   1.620 UG:3    +
    1    14  3   0.0%   0.008 UA:3    +
  112   122  3   0.0%   1.339 GC:3    +
   38    93  3   0.0%   0.640 GC:3    +
   92   129  3   0.0%   1.048 UA:3    +
   94    99  3   0.0%   0.903 AU:3    +
   84   106  3   0.0%   1.582 GC:3    +
   90   129  3   0.0%   1.596 GC:3    +
   47   100  3   0.0%   0.165 GC:3    +
   19   125  3   0.0%   0.431 AU:3    +
   22   101  3   0.0%   0.884 GU:3    +
    2   121  3   0.0%   0.040 CG:3    +
   22    86  3   0.0%   0.526 GC:3    +
   17   105  3   0.0%   0.412 AU:3    +
   53    68  3   0.0%   0.241 GU:3    +
   68   121  3   0.0%   0.869 UG:3    +
   45    67  3   0.0%   0.099 AU:3    +
   22    81  3   0.0%   0.141 GU:3    +
   22   131  3   0.0%   1.326 GU:3    +
   76    99  3   0.0%   0.684 AU:3    +
   62   129  3   0.0%   0.902 GC:3    +
   74   111  3   0.0%   0.757 AU:3    +
  105   110  3   0.0%   0.290 UA:3    +
   55    66  3   0.0%   0.207 AU:3    +
   53    80  3   0.0%   0.590 GC:3    +
   91    98  3   0.0%   1.315 UG:3    +
   38    56  3   0.0%   0.013 CG:3    +
   95   121  3   0.0%   0.821 CG:3    +
   91   129  3   0.0%   1.441 UA:3    +
  121   132  3   0.0%   0.704 GC:3    +
   67    81  3   0.0%   1.553 GU:3    +
   78   110  3   0.0%   0.592 UA:3    +
    1   118  3   0.0%   0.028 UG:3    +
  105   119  3   0.0%   1.177 UA:3    +
   58    84  3   0.0%   1.070 CG:3    +
   47   124  3   0.0%   0.447 GC:3    +
   22    59  3   0.0%   0.056 GC:3    +
   47    67  3   0.0%   0.129 AU:3    +
   67   109  3   0.0%   1.185 GC:3    +
   38    80  3   0.0%   0.548 GC:3    +
   20    87  3   0.0%   0.736 AU:3    +
   68   119  3   0.0%   0.600 UA:3    +
   54    79  3   0.0%   0.088 UA:3    +
   46    78  3   0.0%   0.061 AU:3    +
   55    84  3   0.0%   0.975 CG:3    +
   59    67  3   0.0%   0.352 CG:3    +
   65   111  3   0.0%   1.539 GU:3    +
   84    88  3   0.0%   2.172 GU:3    +
    9   121  3   0.0%   0.040 CG:3    +
   55    82  3   0.0%   0.513 CG:3    +
   53    72  3   0.0%   0.287 GC:3    +
    3    88  3   0.0%   0.005 AU:3    +
  112   121  3   0.0%   1.355 GC:3    +
   47    80  3   0.0%   0.422 GC:3    +
   98   129  3   0.0%   0.781 GC:3    +
   16    67  3   0.0%   0.104 CG:3    +
   38    52  3   0.0%   0.009 GC:3    +
   99   116  3   0.0%   0.277 UA:3    +
    1   122  3   0.0%   0.030 UA:3    +
   46    68  3   0.0%   0.044 AU:3    +
   24    68  3   0.0%   0.012 AU:3    +
   38    78  3   0.0%   0.233 GC:3    +
   13   111  3   0.0%   0.352 AU:3    +
   98   106  3   0.0%   0.501 GC:3    +
   25    67  3   0.0%   0.121 GU:3    +
   78   119  3   0.0%   0.594 UA:3    +
   50    67  3   0.0%   0.098 AU:3    +
   84    92  3   0.0%   1.913 GU:3    +
  121   126  3   0.0%   1.062 GU:3    +
   83   107  3   0.0%   1.305 UA:3    +
   98   117  3   0.0%   0.363 CG:3    +
  111   122  3   0.0%   0.915 UA:3    +
   53   102  3   0.0%   0.343 GC:3    +
   98   111  3   0.0%   0.480 GC:3    +
   71    98  3   0.0%   0.987 CG:3    +
   98   113  3   0.0%   0.482 CG:3    +
   19    78  3   0.0%   0.024 AU:3    +
   19    88  3   0.0%   0.410 AU:3    +
   99   110  3   0.0%   0.321 UA:3    +
   84    90  3   0.0%   2.395 CG:3    +
  122   126  3   0.0%   1.044 AU:3    +
   59    98  3   0.0%   0.287 CG:3    +
   99   115  3   0.0%   0.288 UA:3    +
   75   129  3   0.0%   0.743 UA:3    +
    1    94  3   0.0%   0.027 UA:3    +
    3   111  3   0.0%   0.006 AU:3    +
   98   124  3   0.0%   1.035 GC:3    +
    7    86  3   0.0%   0.044 GC:3    +
   59    84  3   0.0%   1.130 CG:3    +
   62   124  3   0.0%   0.863 GC:3    +
   19   111  3   0.0%   0.586 AU:3    +
   79   105  3   0.0%   0.625 AU:3    +
   75    98  3   0.0%   0.606 UG:3    +
  122   130  3   0.0%   0.715 AU:3    +
   65    93  3   0.0%   1.204 GC:3    +
   65    92  3   0.0%   1.542 GU:3    +
   17    78  3   0.0%   0.031 AU:3    +
  111   116  3   0.0%   0.958 UA:3    +
   45    68  3   0.0%   0.045 AU:3    +
   84    91  3   0.0%   2.282 GU:3    +
   71    84  3   0.0%   1.240 CG:3    +
   62    93  3   0.0%   0.701 GC:3    +
    7    70  3   0.0%   0.044 GC:3    +
   50    54  3   0.0%   0.062 AU:3    +
  121   130  3   0.0%   0.733 GU:3    +
   22    75  3   0.0%   0.136 GU:3    +
    1    20  3   0.0%   0.023 UA:3    +
   62    95  3   0.0%   0.355 GC:3    +
   47    70  3   0.0%   0.126 GC:3    +
   19   101  3   0.0%   0.383 AU:3    +
   47    71  3   0.0%   0.146 GC:3    +
   97   128  3   0.0%   0.722 GC:3    +
    9    84  3   0.0%   0.017 CG:3    +
   94   105  3   0.0%   0.859 AU:3    +
   68   115  3   0.0%   0.605 UA:3    +
   77    92  3   0.0%   1.209 AU:3    +
   65   104  3   0.0%   1.503 GC:3    +
    4   111  3   0.0%   0.009 AU:3    +
  121   125  3   0.0%   1.167 GU:3    +
   55    75  3   0.0%   0.084 AU:3    +
   22    85  3   0.0%   0.866 GU:3    +
   80    98  3   0.0%   1.180 CG:3    +
   22    70  3   0.0%   0.106 GC:3    +
   25    55  3   0.0%   0.044 GC:3    +
   54    76  3   0.0%   0.067 UA:3    +
   47   129  3   0.0%   0.358 GC:3    +
   90    98  3   0.0%   1.454 GC:3    +
   22    88  3   0.0%   0.924 GU:3    +
   78   129  3   0.0%   0.902 UA:3    +
   41    65  3   0.0%   0.157 GC:3    +
   74    99  3   0.0%   0.799 AU:3    +
   93   121  3   0.0%   1.038 CG:3    +
   83   116  3   0.0%   1.302 UA:3    +
   54    73  3   0.0%   0.109 UA:3    +
  121   131  3   0.0%   0.735 GU:3    +
    7   109  3   0.0%   0.066 GC:3    +
   55   125  3   0.0%   0.476 AU:3    +
   68    98  3   0.0%   0.782 CG:3    +
   38    81  3   0.0%   0.718 GU:3    +
   67    97  3   0.0%   1.334 UG:3    +
   16    62  3   0.0%   0.094 CG:3    +
   38   101  3   0.0%   0.409 GU:3    +
    7    71  3   0.0%   0.044 GC:3    +
   89   128  3   0.0%   1.316 GC:3    +
   54   103  3   0.0%   0.092 UA:3    +
   99   107  3   0.0%   0.357 UA:3    +
   55   117  3   0.0%   0.082 CG:3    +
   55    85  3   0.0%   1.117 AU:3    +
   16   121  3   0.0%   0.669 CG:3    +
   38   129  3   0.0%   0.601 GC:3    +
   62   109  3   0.0%   0.501 GC:3    +
   16    47  3   0.0%   0.094 CG:3    +
   53    93  3   0.0%   0.572 GC:3    +
   88   129  3   0.0%   1.340 UA:3    +
   62   122  3   0.0%   0.479 GC:3    +
   65   124  3   0.0%   2.017 GC:3    +
   22    80  3   0.0%   0.138 GC:3    +
   98   131  3   0.0%   0.833 GU:3    +
   91   122  3   0.0%   1.275 UA:3    +
   84    95  3   0.0%   2.015 GC:3    +
   50    68  3   0.0%   0.043 AU:3    +
   78   107  3   0.0%   0.640 UA:3    +
   92   122  3   0.0%   0.878 UA:3    +
   68   116  3   0.0%   0.600 UA:3    +
   22    78  3   0.0%   0.137 GU:3    +
   38   124  3   0.0%   0.689 GC:3    +
   82    98  3   0.0%   1.020 GC:3    +
   65    86  3   0.0%   1.336 GC:3    +
   83   121  3   0.0%   1.432 CG:3    +
   53   104  3   0.0%   0.374 GC:3    +
   67   111  3   0.0%   1.344 GC:3    +
   65   113  3   0.0%   1.537 CG:3    +
   64   114  3   0.0%   1.183 GC:3    +
   19    66  3   0.0%   0.022 AU:3    +
   62   106  3   0.0%   0.684 GC:3    +
   82   122  3   0.0%   1.011 GC:3    +
    1   121  3   0.0%   0.030 UG:3    +
   63   105  3   0.0%   0.492 AU:3    +
    7    87  3   0.0%   0.044 GU:3    +
   66   121  3   0.0%   1.197 UG:3    +
   89    98  3   0.0%   1.444 GC:3    +
   98   112  3   0.0%   0.497 CG:3    +
   47    93  3   0.0%   0.410 GC:3    +
   19    68  3   0.0%   0.028 AU:3    +
   54    74  3   0.0%   0.068 UA:3    +
   65   131  3   0.0%   1.850 GU:3    +
   68   110  3   0.0%   0.608 UA:3    +
   38    75  3   0.0%   0.191 GU:3    +
   55   118  3   0.0%   0.079 CG:3    +
   74   105  3   0.0%   0.745 AU:3    +
    7    61  3   0.0%   0.044 GC:3    +
   72   121  3   0.0%   0.483 CG:3    +
   67   116  3   0.0%   1.153 UA:3    +
   73   105  3   0.0%   0.708 AU:3    +
    7   100  3   0.0%   0.066 GC:3    +
   13    68  3   0.0%   0.011 AU:3    +
   78   103  3   0.0%   0.605 UA:3    +
   18    67  3   0.0%   0.040 GU:3    +
   67    91  3   0.0%   1.391 GU:3    +
   25   121  3   0.0%   1.197 GC:3    +
   92   118  3   0.0%   0.851 UG:3    +
   38    83  3   0.0%   0.866 GU:3    +
   17    68  3   0.0%   0.031 AU:3    +
   68    84  3   0.0%   1.417 UG:3    +
  104   121  3   0.0%   0.938 CG:3    +
   77   105  3   0.0%   0.688 AU:3    +
   98   130  3   0.0%   0.825 GU:3    +
   22    93  3   0.0%   1.230 GC:3    +
   84   105  3   0.0%   1.548 GU:3    +
  111   119  3   0.0%   0.789 UA:3    +
  102   121  3   0.0%   0.897 CG:3    +
   22    95  3   0.0%   0.892 GC:3    +
   67   106  3   0.0%   1.367 GC:3    +
   67    86  3   0.0%   1.159 GC:3    +
............((((((.(((.((.........((((.((((.........)))).))))..................)).))).))))))....(((((..((......))..))..)))..........
