3 sequence; length of alignment 160
alifold output
   25    57  0 100.0%   0.001 GC:1    AU:2   
   28    54  0 100.0%   0.001 GC:2    GU:1   
   27    55  0 100.0%   0.001 CG:1    UA:2   
   24    58  0 100.0%   0.001 UA:3   
   26    56  0  99.9%   0.002 AU:3   
   23    59  0  99.9%   0.003 GU:3   
   22    60  0  99.9%   0.004 UA:3   
   21    61  0  99.9%   0.004 GC:3   
   29    53  0  99.0%   0.035 UA:3   
   36    48  0  98.5%   0.072 UA:3   
   35    49  0  98.5%   0.106 CG:3   
   37    47  0  98.5%   0.111 AU:3   
   38    46  0  94.3%   0.235 CG:3   
   67    80  0  85.8%   0.474 CG:3   
   68    79  1  85.8%   0.432 CG:2   
   66    81  0  84.4%   0.519 AU:3   
   69    78  1  82.6%   0.498 AU:2   
  106   112  0  77.6%   0.894 CG:3   
   92   130  0  77.4%   1.077 CG:3   
   93   129  0  75.3%   1.037 AU:3   
  105   113  1  75.5%   0.915 UA:2   
  102   117  0  73.1%   1.107 AU:1    UA:2   
   91   131  0  74.1%   0.795 AU:3   
   96   126  0  71.1%   1.184 GU:1    AU:2   
   97   125  0  71.4%   1.266 GC:3   
  101   118  0  70.8%   1.128 UA:3   
   20    62  0  68.7%   0.785 AU:3    +
   65    82  1  67.9%   1.182 AU:2   
   90   132  1  61.6%   1.027 UA:2   
   99   122  0  59.8%   1.446 GC:3   
   98   123  0  59.6%   1.637 AU:3   
  103   116  0  59.1%   1.763 GU:3   
  104   115  0  59.0%   1.968 GC:3   
   64    83  0  57.8%   1.327 AU:3   
  100   119  1  57.4%   1.461 GU:2   
   19    63  0  55.2%   1.053 GU:3    +
   95   127  0  52.6%   1.192 AU:3   
   63    84  1  41.9%   1.431 UG:1    UA:1   
   18    64  1  36.4%   1.208 UA:2    +
   17   155  0  28.5%   1.840 UA:3   
   16   156  1  28.7%   1.459 CG:2   
   62    85  0  27.5%   1.334 UA:3   
   18   154  1  27.5%   1.715 UA:2   
   15   157  1  26.1%   1.660 UA:2   
   89   133  0  24.9%   1.173 UG:3    +
   19   153  0  24.8%   1.636 GU:3   
   17    65  0  24.6%   1.276 UA:3    +
  143   149  0  21.7%   2.805 GC:3   
   14   158  0  21.5%   1.607 UA:3   
  146   155  0  20.8%   2.089 UA:3    +
  147   154  0  20.6%   2.335 UA:3    +
  104   114  0  20.2%   1.358 GU:3    +
  145   156  1  20.6%   2.394 CG:2    +
  103   115  0  20.1%   1.476 GC:3    +
  142   150  1  20.2%   2.203 AU:2   
   20   152  0  19.2%   1.360 AU:3   
  133   140  0  18.8%   2.207 GC:3    +
    9   146  0  17.0%   1.294 GU:1    AU:2    +
  148   153  0  17.8%   2.572 AU:3    +
   10   145  1  17.3%   1.554 GC:2    +
   11   144  1  16.8%   1.434 AU:2    +
   12   143  1  16.4%   1.377 CG:2    +
  144   148  1  16.3%   2.201 UA:2   
    8   147  0  15.7%   1.310 AU:3    +
    6   149  0  15.6%   1.559 GC:3    +
   79   150  0  13.1%   1.319 GC:1    GU:1    AU:1    +
    6   140  0  14.1%   1.211 GC:3    +
   71    76  1  14.6%   0.964 CG:2    +
  134   139  1  14.4%   1.653 AU:2    +
   76   153  0  12.9%   1.520 GU:2    AU:1    +
   80   149  0  13.1%   1.349 GC:3    +
   77   152  0  13.0%   1.217 AU:3    +
  123   132  0  12.0%   2.042 UG:1    UA:2    +
    5   150  1  13.5%   1.406 AU:2    +
   81   148  0  12.8%   0.988 UA:3    +
  141   151  1  13.2%   2.154 UA:2   
   78   151  1  13.1%   1.000 UA:2    +
    5   141  1  12.8%   1.095 AU:2    +
  125   130  0  12.2%   1.510 CG:3    +
    7   139  1  12.6%   1.022 AU:2    +
  124   131  0  12.1%   1.435 GU:3    +
  122   133  0  11.9%   2.156 CG:3    +
   75   154  0  11.7%   1.175 UA:3    +
  144   157  1  10.4%   2.509 UA:2    +
    4   143  0   9.2%   0.976 CG:3    +
  105   121  0   8.1%   1.099 CG:1    UG:2    +
   84   145  1   9.1%   1.460 GC:1    UA:1    +
  132   141  1   8.8%   1.811 AU:2    +
  106   120  0   8.1%   1.248 CG:3    +
  104   122  0   8.1%   2.074 GC:3    +
   88   138  0   7.1%   0.937 GC:1    AU:2    +
   85   144  1   8.3%   1.568 AU:2    +
  103   123  0   7.7%   2.151 GU:3    +
  107   119  0   6.9%   1.097 AU:3    +
   96   116  0   5.7%   0.596 GU:1    AU:2    +
  132   150  0   5.7%   2.144 GC:1    AU:2    +
   92   120  0   6.6%   0.726 CG:3    +
   93   119  0   6.6%   0.631 AU:3    +
   89   137  0   6.4%   1.145 UA:3    +
  126   155  0   5.9%   1.454 UA:3    +
  125   156  0   5.9%   1.836 CG:3    +
  127   154  0   5.9%   1.753 UA:3    +
   97   115  0   5.8%   0.686 GC:3    +
   98   114  0   5.8%   0.659 AU:3    +
    3   144  1   6.2%   0.607 AU:2    +
  133   149  0   5.7%   2.395 GC:3    +
   13   138  0   3.6%   0.741 GC:1    GU:1    AU:1    +
  131   151  0   5.4%   1.632 UA:3    +
   40    45  0   5.3%   0.648 GU:3    +
  128   153  0   5.2%   1.299 AU:3    +
   40    44  0   5.1%   0.513 GU:3    +
   10   140  0   5.0%   1.196 GC:3    +
    8   138  1   5.4%   0.706 AU:2    +
  130   152  0   4.9%   1.859 GU:3    +
   12   100  0   3.2%   0.450 CG:2    AU:1    +
  120   150  0   3.2%   1.647 GC:1    GU:2    +
   39    46  0   4.2%   0.577 CG:3    +
   99   125  0   4.2%   1.297 GC:3    +
   87   139  1   4.6%   0.936 AU:2    +
   98   126  0   4.1%   1.444 AU:3    +
   96   123  0   3.1%   0.780 GU:1    AU:2    +
   11   139  1   4.5%   0.891 AU:2    +
   97   127  0   3.9%   1.489 GU:3    +
  131   142  0   3.7%   1.124 UA:3    +
    4   124  0   3.7%   0.494 CG:3    +
    5   123  0   3.7%   0.486 AU:3    +
    6   122  0   3.7%   0.621 GC:3    +
    9   141  1   4.1%   0.886 AU:2    +
   14   137  0   3.6%   0.826 UA:3    +
  103   110  1   4.1%   0.530 GC:2    +
   12    70  0   2.4%   0.293 CG:2    AU:1    +
   97   122  0   3.3%   0.890 GC:3    +
   11   101  0   3.2%   0.386 AU:3    +
  119   151  0   3.2%   1.434 UA:3    +
  121   149  0   3.2%   1.390 GC:3    +
    9   150  0   2.2%   1.192 GC:1    AU:2    +
  118   152  0   3.2%   1.292 AU:3    +
  102   124  1   3.5%   1.250 UG:2    +
  102   111  1   3.5%   0.575 UA:2    +
    8    14  0   2.9%   0.358 AU:3    +
  115   156  0   2.8%   1.705 CG:3    +
   15    97  0   1.8%   0.528 CG:1    UG:2    +
    6    16  1   3.2%   0.358 GC:2    +
    7    15  1   3.2%   0.372 AU:2    +
   84   141  0   0.7%   0.950 GU:1    AU:1    UA:1    +
   10    71  0   2.7%   0.463 GC:3    +
   84    90  0   0.6%   0.479 GU:1    AU:1    UA:1    +
    9    17  0   1.6%   0.359 GU:1    AU:2    +
  117   153  1   3.1%   1.295 AU:2    +
  103   108  0   1.6%   0.249 GC:2    GU:1    +
  138   143  0   1.6%   1.613 CG:1    UG:2    +
  101   112  0   2.5%   0.488 UG:3    +
  114   157  0   2.5%   1.280 UA:3    +
    6   106  0   2.5%   0.439 GC:3    +
    5    17  0   2.5%   0.276 AU:3    +
   39    43  0   2.4%   0.335 CG:3    +
   10   102  1   2.9%   0.578 GU:2    +
   17    96  0   1.4%   0.776 UG:1    UA:2    +
  101   113  0   2.3%   0.560 UA:3    +
   99   115  0   2.3%   0.554 GC:3    +
   15   136  1   2.7%   0.785 UA:2    +
   98   116  0   2.2%   0.749 AU:3    +
    9   126  0   1.2%   0.304 GU:1    AU:2    +
   10   149  0   2.2%   1.469 GC:3    +
   84   139  0   0.2%   0.929 GU:1    AU:1    UA:1    +
   13   160  1   2.7%   0.654 GC:2    +
  124   144  0   1.2%   1.563 GC:1    GU:2    +
    2   132  0   1.1%   0.170 UG:1    UA:2    +
   14   159  0   2.1%   1.185 UA:3    +
   90   136  1   2.6%   0.825 UA:2    +
   13   144  0   0.1%   0.829 GC:1    GU:1    AU:1    +
   18    84  0   0.0%   0.478 UG:1    AU:1    UA:1    +
   84   102  0   0.0%   0.556 GU:1    AU:1    UA:1    +
   13   150  0   0.0%   0.692 GC:1    GU:1    AU:1    +
   76   150  0   0.0%   0.656 GC:1    GU:1    AU:1    +
   79   144  0   0.0%   0.659 GC:1    GU:1    AU:1    +
   15    76  0   0.0%   0.297 CG:1    UG:1    UA:1    +
   76   144  0   0.0%   0.795 GC:1    GU:1    AU:1    +
   78    84  0   0.0%   0.534 UG:1    AU:1    UA:1    +
   13   105  0   0.0%   0.275 GC:1    GU:1    AU:1    +
   14    98  0   2.0%   0.536 UA:3    +
   14    66  0   1.9%   0.421 UA:3    +
    7   105  1   2.4%   0.413 AU:2    +
  120   135  1   2.4%   0.912 GC:2    +
  101   120  0   1.9%   1.049 UG:3    +
  111   123  0   0.8%   1.138 GU:1    AU:2    +
  100   114  1   2.3%   0.636 GU:2    +
  119   136  0   1.8%   1.193 UA:3    +
  116   154  0   1.7%   1.453 UA:3    +
   92   124  0   1.6%   0.690 CG:3    +
   99   138  0   0.6%   1.347 GC:1    GU:2    +
    9   138  0   0.6%   0.448 GC:1    AU:2    +
   93   123  0   1.6%   0.582 AU:3    +
  130   138  0   0.5%   1.216 GC:1    GU:2    +
  101   121  0   1.5%   0.917 UG:3    +
   10    16  1   2.0%   0.414 GC:2    +
   99   123  0   1.5%   1.319 GU:3    +
  102   112  1   2.0%   0.664 UG:2    +
   13    67  1   2.0%   0.282 GC:2    +
  100   122  1   2.0%   1.461 GC:2    +
  132   147  0   0.5%   1.306 GU:1    AU:2    +
  132   146  0   0.5%   1.303 GU:1    AU:2    +
  116   155  0   1.4%   1.223 UA:3    +
    4   130  0   1.4%   0.426 CG:3    +
  140   156  0   1.4%   1.770 CG:3    +
   88   144  0   0.4%   1.010 GC:1    AU:2    +
    9    15  0   0.4%   0.231 GC:1    AU:2    +
  100   110  0   0.4%   0.242 GC:2    UA:1    +
    6    15  0   0.4%   0.070 GC:1    GU:2    +
    9    14  0   0.3%   0.210 GU:1    AU:2    +
    5   129  0   1.3%   0.417 AU:3    +
  135   143  1   1.8%   1.153 CG:2    +
   15   133  0   0.3%   0.534 CG:1    UG:2    +
    3   131  0   1.3%   0.197 AU:3    +
  109   116  0   0.3%   0.721 GU:1    AU:2    +
  108   130  0   0.3%   0.387 CG:2    UG:1    +
   75    96  0   0.3%   0.131 UG:1    UA:2    +
  134   144  1   1.8%   1.435 AU:2    +
  101   109  0   0.3%   0.218 UG:1    UA:2    +
  109   129  0   0.3%   0.443 GU:1    AU:2    +
   71   156  0   1.3%   1.016 CG:3    +
   10   125  0   1.2%   0.564 GC:3    +
  117   139  0   0.2%   0.972 AU:2    UA:1    +
  125   143  0   1.2%   1.532 CG:3    +
  101   111  0   0.2%   0.225 UG:1    UA:2    +
    9   119  0   0.2%   0.162 GU:1    AU:2    +
   16   100  0   0.2%   0.425 CG:2    AU:1    +
  100   139  0   0.2%   1.392 GU:2    UA:1    +
   10    15  0   0.1%   0.256 GC:1    GU:2    +
  132   138  0   0.1%   1.268 GC:1    AU:2    +
    6   144  0   0.1%   0.859 GC:1    GU:2    +
  121   144  0   0.1%   1.190 GC:1    GU:2    +
  111   116  0   0.1%   0.746 GU:1    AU:2    +
   14    96  0   0.1%   0.320 UG:1    UA:2    +
   83    88  0   0.1%   0.366 UG:1    UA:2    +
   15    19  0   0.1%   0.300 CG:1    UG:2    +
   15   120  0   0.1%   0.477 CG:1    UG:2    +
    9   116  0   0.1%   0.138 GU:1    AU:2    +
   89   132  0   0.1%   0.137 UG:1    UA:2    +
  109   144  0   0.1%   0.909 GC:1    AU:2    +
  103   150  0   0.1%   1.737 GC:1    GU:2    +
   16    70  0   0.1%   0.313 CG:2    AU:1    +
   94   122  1   1.6%   0.390 GC:2    +
  104   108  0   0.1%   0.146 GC:2    GU:1    +
   29    52  0   0.1%   0.017 UG:2    UA:1    +
   15   156  0   0.1%   0.642 CG:1    UG:2    +
  117   141  0   0.1%   0.796 AU:2    UA:1    +
    8   127  0   1.1%   0.329 AU:3    +
  133   138  0   0.1%   1.351 GC:1    GU:2    +
   13   146  0   0.1%   0.669 GU:2    AU:1    +
   13   119  0   0.1%   0.198 GU:2    AU:1    +
   82    94  0   0.1%   0.335 GC:1    UG:2    +
   89    96  0   0.1%   0.137 UG:1    UA:2    +
  143   150  0   0.1%   2.438 GC:1    GU:2    +
  126   132  0   0.1%   1.102 UG:1    UA:2    +
    9   123  0   0.1%   0.269 GU:1    AU:2    +
  108   112  0   0.1%   0.466 CG:2    UG:1    +
   21   138  0   0.0%   0.329 GC:1    GU:2    +
   13   123  0   0.0%   0.319 GU:2    AU:1    +
   15   132  0   0.0%   0.517 CG:1    UA:2    +
  130   150  0   0.0%   1.378 GC:1    GU:2    +
  149   156  0   1.0%   2.557 CG:3    +
   15   112  0   0.0%   0.453 CG:1    UG:2    +
   10   138  0   0.0%   0.670 GC:1    GU:2    +
   81    88  0   0.0%   0.166 UG:1    UA:2    +
   88   101  0   0.0%   0.183 GU:1    AU:2    +
    2     9  0   0.0%   0.013 UG:1    UA:2    +
   90   117  0   0.0%   0.077 AU:1    UA:2    +
   96   127  0   0.0%   1.022 GU:1    AU:2    +
   15   121  0   0.0%   0.472 CG:1    UG:2    +
  105   112  0   0.0%   0.372 CG:1    UG:2    +
   88   119  0   0.0%   0.051 GU:1    AU:2    +
   17   132  0   0.0%   0.729 UG:1    UA:2    +
   13   114  0   0.0%   0.181 GU:2    AU:1    +
  100   135  0   0.0%   0.756 GC:2    UA:1    +
  126   142  0   1.0%   0.745 UA:3    +
    4    10  0   1.0%   0.141 CG:3    +
   18   117  0   0.0%   0.575 AU:1    UA:2    +
   70    78  0   0.0%   0.279 GU:2    UA:1    +
   96   101  0   0.0%   0.262 GU:1    AU:2    +
   96   119  0   0.0%   0.469 GU:1    AU:2    +
   15    73  0   0.0%   0.299 CG:1    UA:2    +
    6   150  0   0.0%   1.266 GC:1    GU:2    +
   96   146  0   0.0%   1.020 GU:1    AU:2    +
  130   144  0   0.0%   1.407 GC:1    GU:2    +
   88   129  0   0.0%   0.090 GU:1    AU:2    +
  111   150  0   0.0%   0.840 GC:1    AU:2    +
  133   145  1   1.5%   1.787 GC:2    +
  150   156  0   0.0%   2.464 CG:1    UG:2    +
   19   140  0   1.0%   1.026 GC:3    +
  111   146  0   0.0%   0.574 GU:1    AU:2    +
   88   146  0   0.0%   0.616 GU:1    AU:2    +
   13    17  0   0.0%   0.224 GU:2    AU:1    +
    2    13  0   0.0%   0.016 UG:2    UA:1    +
   15   143  0   0.0%   1.113 CG:1    UG:2    +
   88   152  0   0.0%   0.938 GU:1    AU:2    +
   13    75  0   0.0%   0.169 GU:2    AU:1    +
  111   119  0   0.0%   0.867 GU:1    AU:2    +
  109   114  0   0.0%   0.688 GU:1    AU:2    +
   14   111  0   0.0%   0.425 UG:1    UA:2    +
    9   144  0   0.0%   0.560 GC:1    AU:2    +
   13   129  0   0.0%   0.248 GU:2    AU:1    +
  100   145  0   0.0%   1.260 GC:2    UA:1    +
   99   108  0   0.0%   0.118 GC:2    GU:1    +
    6   138  0   0.0%   0.384 GC:1    GU:2    +
   92    99  0   1.0%   0.310 CG:3    +
   14    88  0   0.0%   0.298 UG:1    UA:2    +
  111   126  0   0.0%   0.657 GU:1    AU:2    +
   62    88  0   0.0%   0.633 UG:1    UA:2    +
   83   111  0   0.0%   0.375 UG:1    UA:2    +
   88   147  0   0.0%   0.592 GU:1    AU:2    +
   10   144  0   0.0%   0.826 GC:1    GU:2    +
   14    73  0   0.0%   0.288 UG:1    UA:2    +
   19   150  0   0.0%   0.873 GC:1    GU:2    +
   88   150  0   0.0%   0.887 GC:1    AU:2    +
    9   152  0   0.0%   0.841 GU:1    AU:2    +
  121   138  0   0.0%   0.981 GC:1    GU:2    +
  138   156  0   0.0%   1.441 CG:1    UG:2    +
   13    89  0   0.0%   0.168 GU:2    AU:1    +
    6   108  0   0.0%   0.254 GC:2    GU:1    +
  133   144  0   0.0%   1.861 GC:1    GU:2    +
   14   132  0   0.0%   0.492 UG:1    UA:2    +
   17   111  0   0.0%   0.670 UG:1    UA:2    +
   19   138  0   0.0%   0.772 GC:1    GU:2    +
    2    88  0   0.0%   0.019 UG:1    UA:2    +
   97   108  0   0.0%   0.180 GC:2    GU:1    +
   13   147  0   0.0%   0.642 GU:2    AU:1    +
   15    88  0   0.0%   0.306 CG:1    UA:2    +
   96   129  0   0.0%   0.890 GU:1    AU:2    +
   90   100  0   0.0%   0.233 UG:2    AU:1    +
   15   111  0   0.0%   0.442 CG:1    UA:2    +
  108   143  0   0.0%   0.724 CG:2    UG:1    +
   36    52  0   0.0%   0.062 UG:2    UA:1    +
   10   150  0   0.0%   1.379 GC:1    GU:2    +
   99   150  0   0.0%   1.400 GC:1    GU:2    +
    9   147  0   0.0%   0.970 GU:1    AU:2    +
   17    88  0   0.0%   0.556 UG:1    UA:2    +
   88   126  0   0.0%   0.084 GU:1    AU:2    +
  144   156  0   0.0%   2.071 CG:1    UG:2    +
    9   153  0   0.0%   0.834 GU:1    AU:2    +
   83    96  0   0.0%   0.454 UG:1    UA:2    +
  133   150  0   0.0%   2.193 GC:1    GU:2    +
  132   144  0   0.0%   1.677 GC:1    AU:2    +
   13   152  0   0.0%   0.425 GU:2    AU:1    +
   73   153  0   0.0%   0.448 GU:1    AU:2    +
   15    99  0   0.0%   0.479 CG:1    UG:2    +
   30    54  0   0.0%   0.002 GC:2    GU:1    +
   15   109  0   0.0%   0.440 CG:1    UA:2    +
  116   132  0   0.0%   0.963 UG:1    UA:2    +
  120   138  0   0.0%   1.245 GC:1    GU:2    +
   88   131  0   0.0%   0.085 GU:1    AU:2    +
  109   119  0   0.0%   0.839 GU:1    AU:2    +
   13    83  0   0.0%   0.166 GU:2    AU:1    +
   79   116  0   0.0%   0.161 GU:2    AU:1    +
   78   117  0   0.0%   0.189 AU:1    UA:2    +
    9    89  0   0.0%   0.116 GU:1    AU:2    +
  111   147  0   0.0%   0.539 GU:1    AU:2    +
   25   147  0   0.0%   0.320 GU:1    AU:2    +
    2   111  0   0.0%   0.019 UG:1    UA:2    +
   80   138  0   0.0%   0.493 GC:1    GU:2    +
    2   109  0   0.0%   0.019 UG:1    UA:2    +
   75    88  0   0.0%   0.018 UG:1    UA:2    +
    9    75  0   0.0%   0.117 GU:1    AU:2    +
  105   133  0   0.0%   1.035 CG:1    UG:2    +
   63    88  0   0.0%   0.712 UG:1    UA:2    +
  109   127  0   0.0%   0.655 GU:1    AU:2    +
   17    73  0   0.0%   0.553 UG:1    UA:2    +
  108   120  0   0.0%   0.601 CG:2    UG:1    +
    9    83  0   0.0%   0.116 GU:1    AU:2    +
    9   101  0   0.0%   0.116 GU:1    AU:2    +
   19   108  0   0.0%   0.431 GC:2    GU:1    +
    6   105  0   0.0%   0.160 GC:1    GU:2    +
   28   108  0   0.0%   0.002 GC:2    GU:1    +
  109   126  0   0.0%   0.589 GU:1    AU:2    +
   27   109  0   0.0%   0.001 CG:1    UA:2    +
   88   127  0   0.0%   0.079 GU:1    AU:2    +
   88   114  0   0.0%   0.033 GU:1    AU:2    +
   81    96  0   0.0%   0.271 UG:1    UA:2    +
   13   101  0   0.0%   0.277 GU:2    AU:1    +
   19   144  0   0.0%   1.010 GC:1    GU:2    +
   83   132  0   0.0%   0.428 UG:1    UA:2    +
  111   144  0   0.0%   0.956 GC:1    AU:2    +
   76    83  0   0.0%   0.611 GU:2    AU:1    +
   13   153  0   0.0%   0.418 GU:2    AU:1    +
   13   116  0   0.0%   0.178 GU:2    AU:1    +
   79    89  0   0.0%   0.137 GU:2    AU:1    +
  111   127  0   0.0%   0.722 GU:1    AU:2    +
   99   105  0   0.0%   0.257 GC:1    GU:2    +
  109   152  0   0.0%   0.824 GU:1    AU:2    +
   97   138  0   0.0%   1.365 GC:1    GU:2    +
   96   152  0   0.0%   1.330 GU:1    AU:2    +
   79   147  0   0.0%   0.471 GU:2    AU:1    +
   29    55  0   0.0%   0.016 UG:1    UA:2    +
    9   127  0   0.0%   0.245 GU:1    AU:2    +
  105   124  0   0.0%   0.932 CG:1    UG:2    +
   88   123  0   0.0%   0.158 GU:1    AU:2    +
   59    88  0   0.0%   0.003 UG:1    UA:2    +
  108   124  0   0.0%   0.408 CG:2    UG:1    +
  108   121  0   0.0%   0.371 CG:2    UG:1    +
   70    82  0   0.0%   0.389 GU:2    UG:1    +
   10   108  0   0.0%   0.389 GC:2    GU:1    +
  109   147  0   0.0%   0.485 GU:1    AU:2    +
  104   144  0   0.0%   1.738 GC:1    GU:2    +
   76   147  0   0.0%   0.607 GU:2    AU:1    +
  112   144  0   0.0%   1.202 GC:1    GU:2    +
  124   150  0   0.0%   1.453 GC:1    GU:2    +
   15   124  0   0.0%   0.588 CG:1    UG:2    +
   76   116  0   0.0%   0.297 GU:2    AU:1    +
  127   132  0   0.0%   1.160 UG:1    UA:2    +
  109   150  0   0.0%   0.782 GC:1    AU:2    +
   21   150  0   0.0%   0.375 GC:1    GU:2    +
  105   130  0   0.0%   0.862 CG:1    UG:2    +
   96   131  0   0.0%   0.891 GU:1    AU:2    +
   15   103  0   0.0%   0.441 CG:1    UG:2    +
  105   143  0   0.0%   1.246 CG:1    UG:2    +
   73   119  0   0.0%   0.028 GU:1    AU:2    +
   73    83  0   0.0%   0.333 GU:1    AU:2    +
  109   131  0   0.0%   0.428 GU:1    AU:2    +
    2    73  0   0.0%   0.017 UG:1    UA:2    +
   97   144  0   0.0%   1.622 GC:1    GU:2    +
   17   109  0   0.0%   0.667 UG:1    UA:2    +
   88   153  0   0.0%   0.959 GU:1    AU:2    +
   96   153  0   0.0%   1.351 GU:1    AU:2    +
   15   104  0   0.0%   0.457 CG:1    UG:2    +
   78   100  0   0.0%   0.348 UG:2    AU:1    +
   79   146  0   0.0%   0.494 GU:2    AU:1    +
  111   129  0   0.0%   0.478 GU:1    AU:2    +
   13    63  0   0.0%   0.047 GU:2    AU:1    +
  109   146  0   0.0%   0.517 GU:1    AU:2    +
    9    81  0   0.0%   0.115 GU:1    AU:2    +
   25    59  0   0.0%   0.001 GU:1    AU:2    +
   96   114  0   0.0%   0.103 GU:1    AU:2    +
   96   147  0   0.0%   0.988 GU:1    AU:2    +
   76   119  0   0.0%   0.308 GU:2    AU:1    +
   79    83  0   0.0%   0.459 GU:2    AU:1    +
   23   150  0   0.0%   0.371 GC:1    GU:2    +
   18    70  0   0.0%   0.580 UG:2    AU:1    +
   50    57  0   0.0%   0.014 GC:1    GU:2    +
  109   123  0   0.0%   0.992 GU:1    AU:2    +
   73   147  0   0.0%   0.327 GU:1    AU:2    +
   27    88  0   0.0%   0.003 CG:1    UA:2    +
   14   109  0   0.0%   0.423 UG:1    UA:2    +
   73   152  0   0.0%   0.425 GU:1    AU:2    +
   76   152  0   0.0%   0.705 GU:2    AU:1    +
   97   150  0   0.0%   1.505 GC:1    GU:2    +
   82   100  0   0.0%   0.454 GU:1    UG:2    +
   99   144  0   0.0%   1.518 GC:1    GU:2    +
  132   153  0   0.0%   2.027 GU:1    AU:2    +
    2    79  0   0.0%   0.017 UG:2    UA:1    +
  124   138  0   0.0%   1.216 GC:1    GU:2    +
   73   150  0   0.0%   0.376 GC:1    AU:2    +
    2    25  0   0.0%   0.017 UG:1    UA:2    +
  137   144  1   1.5%   1.495 AU:2    +
  104   110  1   1.4%   0.401 GC:2    +
  115   120  0   0.9%   1.547 CG:3    +
   68   103  0   0.9%   0.295 CG:3    +
   67   104  0   0.9%   0.353 CG:3    +
   16    97  1   1.4%   0.464 CG:2    +
  114   121  0   0.9%   1.004 UG:3    +
  112   122  0   0.8%   1.412 GC:3    +
   14    99  0   0.8%   0.504 UG:3    +
    4    19  0   0.8%   0.193 CG:3    +
   17   142  0   0.8%   0.857 UA:3    +
  121   135  1   1.3%   0.670 GC:2    +
  139   157  1   1.3%   1.622 UA:2    +
    7   152  0   0.7%   0.682 AU:3    +
   97   140  0   0.7%   1.416 GC:3    +
  130   149  0   0.7%   1.448 GC:3    +
  131   148  0   0.7%   1.112 UA:3    +
    6   153  0   0.7%   1.126 GU:3    +
   83   142  0   0.7%   0.561 UA:3    +
   15   158  1   1.2%   1.443 UA:2    +
  143   160  0   0.7%   1.462 GC:3    +
   38    43  0   0.7%   0.133 CG:3    +
    4   156  0   0.7%   0.638 CG:3    +
   35    46  0   0.7%   0.129 CG:3    +
   15    98  1   1.2%   0.617 UA:2    +
   37    44  0   0.6%   0.125 AU:3    +
   34    47  0   0.6%   0.126 AU:3    +
    2   154  0   0.6%   0.199 UA:3    +
  134   147  0   0.6%   0.947 AU:3    +
    3   153  0   0.6%   0.401 AU:3    +
  105   109  1   0.6%   0.312 UG:1    UA:1    +
  102   109  1   1.1%   0.327 UA:2    +
   96   141  1   0.6%   1.173 GU:1    AU:1    +
   92    97  0   0.6%   0.312 CG:3    +
   19    92  0   0.6%   0.490 GC:3    +
   10   160  0   0.6%   1.110 GC:3    +
   80    92  0   0.6%   0.280 GC:3    +
  137   146  0   0.6%   0.991 AU:3    +
   81    91  0   0.6%   0.249 UA:3    +
   35    43  0   0.5%   0.086 CG:3    +
   18    95  1   1.0%   0.675 UA:2    +
   34    44  0   0.5%   0.085 AU:3    +
   17   134  0   0.5%   0.783 UA:3    +
  136   147  0   0.5%   0.856 AU:3    +
  131   137  0   0.5%   1.012 UA:3    +
   33    45  0   0.5%   0.084 AU:3    +
   36    42  0   0.5%   0.084 UA:3    +
  143   152  0   0.5%   2.221 GU:3    +
  142   153  0   0.5%   1.690 AU:3    +
   89   134  0   0.5%   0.551 UA:3    +
   85    89  0   0.5%   0.466 AU:3    +
  102   120  1   1.0%   1.049 UG:2    +
    3   152  0   0.5%   0.370 AU:3    +
  141   155  1   1.0%   1.788 UA:2    +
   83    91  0   0.5%   0.452 UA:3    +
    8    18  1   0.9%   0.291 AU:2    +
   17   137  0   0.4%   0.892 UA:3    +
   84   135  1   0.4%   0.514 GC:1    UA:1    +
   83   136  0   0.4%   0.568 UA:3    +
    3    14  0   0.4%   0.067 AU:3    +
   15    65  1   0.9%   0.355 UA:2    +
   11    15  1   0.9%   0.306 AU:2    +
   69   102  1   0.9%   0.413 AU:2    +
   89   143  0   0.4%   1.284 UG:3    +
  150   155  1   0.9%   2.341 UA:2    +
   71   100  1   0.8%   0.651 CG:2    +
   70   101  1   0.8%   0.354 GU:2    +
    7    14  0   0.3%   0.087 AU:3    +
    5   146  0   0.3%   0.627 AU:3    +
   16   143  1   0.8%   0.945 CG:2    +
   14   134  0   0.3%   0.501 UA:3    +
  110   124  1   0.8%   0.663 CG:2    +
    2   151  0   0.3%   0.140 UA:3    +
    7   153  0   0.3%   0.692 AU:3    +
    8   152  0   0.3%   0.841 AU:3    +
   93   126  0   0.3%   0.428 AU:3    +
   10   106  0   0.3%   0.516 GC:3    +
  106   133  0   0.3%   1.002 CG:3    +
  107   131  0   0.3%   0.519 AU:3    +
    1   152  0   0.3%   0.059 AU:3    +
   20   139  1   0.8%   0.803 AU:2    +
   13    18  1   0.3%   0.159 GU:1    AU:1    +
   17    95  0   0.3%   0.634 UA:3    +
  123   148  0   0.2%   1.505 UA:3    +
   17    93  0   0.2%   0.595 UA:3    +
   95   126  0   0.2%   0.215 AU:3    +
  119   137  0   0.2%   1.192 UA:3    +
  147   157  0   0.2%   1.601 UA:3    +
  136   146  0   0.2%   0.800 AU:3    +
   98   139  1   0.7%   1.586 AU:2    +
   99   140  0   0.2%   1.301 GC:3    +
   10    14  0   0.2%   0.253 GU:3    +
   63    85  0   0.2%   1.094 UA:3    +
   66   105  1   0.7%   0.448 AU:2    +
    6    17  0   0.2%   0.266 GU:3    +
  146   158  0   0.2%   1.271 UA:3    +
   10    68  0   0.2%   0.195 GC:3    +
  129   151  0   0.2%   0.744 UA:3    +
  142   147  0   0.2%   0.786 AU:3    +
  147   158  0   0.2%   1.289 UA:3    +
  133   146  0   0.2%   1.535 GU:3    +
   62    86  0   0.2%   0.656 UA:3    +
   85   147  0   0.2%   1.010 AU:3    +
    7   147  0   0.2%   0.560 AU:3    +
   41    45  0   0.2%   0.217 AU:3    +
   86   146  0   0.2%   0.432 AU:3    +
   17    99  0   0.2%   0.733 UG:3    +
   14   142  0   0.2%   0.620 UA:3    +
  124   147  0   0.2%   1.065 GU:3    +
  101   124  0   0.2%   0.998 UG:3    +
  146   159  0   0.1%   0.961 UA:3    +
   92   143  0   0.1%   1.267 CG:3    +
    8   146  0   0.1%   0.460 AU:3    +
  112   140  0   0.1%   0.982 GC:3    +
   82   143  1   0.6%   0.969 UG:2    +
   14   121  0   0.1%   0.459 UG:3    +
  122   143  0   0.1%   1.868 CG:3    +
    8    17  0   0.1%   0.253 AU:3    +
  123   142  0   0.1%   1.313 UA:3    +
   93   146  0   0.1%   0.940 AU:3    +
    6   160  0   0.1%   1.043 GC:3    +
   39    49  0   0.1%   0.266 CG:3    +
   38    50  0   0.1%   0.120 CG:3    +
   10   115  0   0.1%   0.412 GC:3    +
   92   103  0   0.1%   0.225 CG:3    +
   14   157  0   0.1%   0.629 UA:3    +
  147   156  0   0.1%   1.926 UG:3    +
  146   157  0   0.1%   1.572 UA:3    +
  128   152  0   0.1%   0.833 AU:3    +
   11   114  0   0.1%   0.203 AU:3    +
    4   133  0   0.1%   0.327 CG:3    +
  104   149  0   0.1%   1.644 GC:3    +
   14    20  0   0.1%   0.204 UA:3    +
    2   158  0   0.1%   0.163 UA:3    +
   16    84  1   0.1%   0.214 CG:1    AU:1    +
   89    98  0   0.1%   0.205 UA:3    +
  153   158  0   0.1%   1.790 UA:3    +
   92   121  0   0.1%   0.385 CG:3    +
  137   152  0   0.1%   1.470 AU:3    +
  116   142  0   0.1%   0.728 UA:3    +
  130   140  0   0.1%   1.130 GC:3    +
  115   143  0   0.1%   1.594 CG:3    +
    2   157  0   0.1%   0.155 UA:3    +
   85   146  0   0.1%   1.007 AU:3    +
   17    64  0   0.1%   0.210 UA:3    +
   14    86  0   0.1%   0.306 UA:3    +
   84   147  1   0.1%   1.039 GU:1    AU:1    +
  152   159  0   0.1%   1.133 UA:3    +
    3   147  0   0.1%   0.278 AU:3    +
   11   147  0   0.1%   0.961 AU:3    +
   83    87  0   0.1%   0.352 UA:3    +
    2   148  0   0.1%   0.096 UA:3    +
   35    50  0   0.1%   0.093 CG:3    +
   89   136  0   0.1%   0.607 UA:3    +
   99   126  0   0.1%   1.193 GU:3    +
   11    17  0   0.1%   0.246 AU:3    +
  136   153  0   0.1%   1.364 AU:3    +
   17    69  0   0.1%   0.576 UA:3    +
   99   106  0   0.1%   0.239 GC:3    +
    6    71  0   0.1%   0.168 GC:3    +
   95   119  0   0.1%   0.307 AU:3    +
   65    83  0   0.1%   0.987 AU:3    +
  137   147  0   0.1%   0.958 AU:3    +
  112   160  0   0.1%   0.592 GC:3    +
    4    13  1   0.6%   0.135 CG:2    +
  101   137  0   0.1%   1.139 UA:3    +
    2   142  0   0.1%   0.087 UA:3    +
   14   118  0   0.1%   0.440 UA:3    +
   97   106  0   0.1%   0.297 GC:3    +
   10    17  0   0.1%   0.342 GU:3    +
    2    11  0   0.1%   0.022 UA:3    +
   10   122  0   0.1%   0.530 GC:3    +
    1   146  0   0.1%   0.019 AU:3    +
   17    98  0   0.1%   0.792 UA:3    +
  125   133  0   0.1%   1.434 CG:3    +
  129   136  0   0.1%   0.636 UA:3    +
    1   153  0   0.1%   0.040 AU:3    +
   14   133  0   0.1%   0.468 UG:3    +
   74    81  0   0.1%   0.162 AU:3    +
  100   105  1   0.1%   0.333 GC:1    GU:1    +
   75    80  0   0.1%   0.157 UG:3    +
   36    49  0   0.1%   0.069 UG:3    +
   84   138  1   0.1%   0.763 GU:1    AU:1    +
   83    93  0   0.1%   0.433 UA:3    +
   14   143  0   0.1%   1.125 UG:3    +
   91   101  0   0.1%   0.231 AU:3    +
   97   119  0   0.0%   0.565 GU:3    +
   98   127  0   0.0%   1.391 AU:3    +
   99   119  0   0.0%   0.429 GU:3    +
   86   147  0   0.0%   0.408 AU:3    +
   89    95  0   0.0%   0.125 UA:3    +
  121   140  0   0.0%   0.945 GC:3    +
   14   136  0   0.0%   0.475 UA:3    +
   87   146  0   0.0%   0.540 AU:3    +
  120   140  0   0.0%   1.203 GC:3    +
   72    83  0   0.0%   0.336 AU:3    +
   71    80  0   0.0%   0.541 CG:3    +
    2   159  0   0.0%   0.160 UA:3    +
    4   120  0   0.0%   0.132 CG:3    +
   69   123  0   0.0%   0.365 AU:3    +
   71   121  0   0.0%   0.468 CG:3    +
   68   124  0   0.0%   0.352 CG:3    +
   22   137  0   0.0%   0.159 UA:3    +
  138   158  1   0.5%   1.197 UA:2    +
  129   137  0   0.0%   0.679 UA:3    +
   14   113  0   0.0%   0.433 UA:3    +
  134   146  0   0.0%   0.889 AU:3    +
    4   112  0   0.0%   0.128 CG:3    +
   69    75  0   0.0%   0.034 AU:3    +
   17    66  0   0.0%   0.636 UA:3    +
   17   158  0   0.0%   1.522 UA:3    +
   84   144  1   0.0%   0.996 GU:1    AU:1    +
  143   153  0   0.0%   2.220 GU:3    +
    2     7  0   0.0%   0.008 UA:3    +
    5   119  0   0.0%   0.125 AU:3    +
    8   126  0   0.0%   0.186 AU:3    +
  152   158  0   0.0%   1.449 UA:3    +
  156   160  0   0.0%   1.357 GC:3    +
   95   129  0   0.0%   0.731 AU:3    +
  146   151  0   0.0%   1.341 UA:3    +
  107   146  0   0.0%   0.591 AU:3    +
    7   127  0   0.0%   0.242 AU:3    +
  153   157  0   0.0%   2.096 UA:3    +
   89   118  0   0.0%   0.070 UA:3    +
   89   142  0   0.0%   0.724 UA:3    +
   62    87  0   0.0%   0.636 UA:3    +
   17   159  0   0.0%   1.218 UA:3    +
   63    86  0   0.0%   0.731 UA:3    +
    2     8  0   0.0%   0.010 UA:3    +
   80    89  0   0.0%   0.151 GU:3    +
   14    69  0   0.0%   0.274 UA:3    +
   13   141  1   0.0%   0.719 GU:1    AU:1    +
   19   160  0   0.0%   0.992 GC:3    +
  119   142  0   0.0%   0.930 UA:3    +
  128   147  0   0.0%   0.378 AU:3    +
   75   155  0   0.0%   0.653 UA:3    +
    1   147  0   0.0%   0.017 AU:3    +
    2   155  0   0.0%   0.142 UA:3    +
   84   146  1   0.0%   1.049 GU:1    AU:1    +
    5    14  0   0.0%   0.029 AU:3    +
   17   118  0   0.0%   0.677 UA:3    +
   91   127  0   0.0%   0.127 AU:3    +
    2    20  0   0.0%   0.021 UA:3    +
   81    95  0   0.0%   0.266 UA:3    +
   84    89  1   0.0%   0.387 GU:1    AU:1    +
    2   143  0   0.0%   0.084 UG:3    +
  127   148  0   0.0%   0.846 UA:3    +
  101   134  0   0.0%   0.867 UA:3    +
   94   125  1   0.5%   0.258 GC:2    +
   86   101  0   0.0%   0.183 AU:3    +
  133   147  0   0.0%   1.496 GU:3    +
   83   148  0   0.0%   0.710 UA:3    +
    5    75  0   0.0%   0.118 AU:3    +
   91   116  0   0.0%   0.080 AU:3    +
    6   147  0   0.0%   0.702 GU:3    +
   14    74  0   0.0%   0.292 UA:3    +
   14    19  0   0.0%   0.244 UG:3    +
   89   128  0   0.0%   0.066 UA:3    +
  148   152  0   0.0%   1.633 AU:3    +
   79    90  1   0.0%   0.142 GU:1    AU:1    +
    6    68  0   0.0%   0.157 GC:3    +
  112   149  0   0.0%   1.094 GC:3    +
   95   147  0   0.0%   0.807 AU:3    +
   83   137  0   0.0%   0.567 UA:3    +
   83   143  0   0.0%   1.032 UG:3    +
    7   146  0   0.0%   0.545 AU:3    +
   20   153  0   0.0%   1.069 AU:3    +
    5   153  0   0.0%   0.896 AU:3    +
   89    99  0   0.0%   0.114 UG:3    +
   11   146  0   0.0%   0.971 AU:3    +
    7    17  0   0.0%   0.240 AU:3    +
   75    93  0   0.0%   0.057 UA:3    +
   91   147  0   0.0%   0.650 AU:3    +
    2   137  0   0.0%   0.076 UA:3    +
   68   156  0   0.0%   0.621 CG:3    +
   87   147  0   0.0%   0.517 AU:3    +
   19    62  0   0.0%   0.071 GU:3    +
  127   142  0   0.0%   0.717 UA:3    +
    6   152  0   0.0%   1.028 GU:3    +
   19   116  0   0.0%   0.442 GU:3    +
   98   119  0   0.0%   0.620 AU:3    +
  112   116  0   0.0%   0.986 GU:3    +
  103   119  0   0.0%   1.420 GU:3    +
   17   157  0   0.0%   1.490 UA:3    +
   95   101  0   0.0%   0.256 AU:3    +
   10   147  0   0.0%   1.241 GU:3    +
   14   148  0   0.0%   0.609 UA:3    +
  129   143  0   0.0%   1.011 UG:3    +
   14    65  0   0.0%   0.193 UA:3    +
   90    96  1   0.0%   0.142 UG:1    UA:1    +
   65    81  0   0.0%   0.395 AU:3    +
  107   114  0   0.0%   0.592 AU:3    +
   68   120  0   0.0%   0.231 CG:3    +
   67   121  0   0.0%   0.269 CG:3    +
   10   153  0   0.0%   1.106 GU:3    +
   97   126  0   0.0%   1.040 GU:3    +
   10    67  0   0.0%   0.160 GC:3    +
  143   147  0   0.0%   1.313 GU:3    +
   89   151  0   0.0%   0.934 UA:3    +
    6   125  0   0.0%   0.381 GC:3    +
    2   128  0   0.0%   0.023 UA:3    +
   19   149  0   0.0%   0.881 GC:3    +
    5   152  0   0.0%   0.900 AU:3    +
   11   152  0   0.0%   0.739 AU:3    +
  124   140  0   0.0%   1.173 GC:3    +
  153   159  0   0.0%   1.456 UA:3    +
  115   121  0   0.0%   1.276 CG:3    +
   98   146  0   0.0%   1.274 AU:3    +
   92   133  0   0.0%   1.053 CG:3    +
   81    87  0   0.0%   0.161 UA:3    +
   77    89  0   0.0%   0.007 AU:3    +
    1   129  0   0.0%   0.006 AU:3    +
    3   127  0   0.0%   0.028 AU:3    +
    8   153  0   0.0%   0.818 AU:3    +
   93   127  0   0.0%   0.391 AU:3    +
   97   147  0   0.0%   1.214 GU:3    +
   17   156  0   0.0%   1.524 UG:3    +
   87   153  0   0.0%   0.883 AU:3    +
  122   130  0   0.0%   1.225 CG:3    +
   17    85  0   0.0%   0.560 UA:3    +
   76    90  1   0.0%   0.291 GU:1    AU:1    +
    8   119  0   0.0%   0.181 AU:3    +
  116   120  0   0.0%   1.168 UG:3    +
    6   115  0   0.0%   0.257 GC:3    +
    1    14  0   0.0%   0.003 AU:3    +
  137   153  0   0.0%   1.484 AU:3    +
   11    89  0   0.0%   0.057 AU:3    +
  131   136  0   0.0%   0.888 UA:3    +
  152   157  0   0.0%   1.764 UA:3    +
   71    99  0   0.0%   0.463 CG:3    +
    5   126  0   0.0%   0.244 AU:3    +
   63    87  0   0.0%   0.715 UA:3    +
  142   152  0   0.0%   1.593 AU:3    +
  123   158  0   0.0%   1.595 UA:3    +
    2   134  0   0.0%   0.073 UA:3    +
   17   136  0   0.0%   0.805 UA:3    +
   99   146  0   0.0%   1.140 GU:3    +
    4   103  0   0.0%   0.120 CG:3    +
    7   114  0   0.0%   0.234 AU:3    +
   97   149  0   0.0%   1.513 GC:3    +
   75    91  0   0.0%   0.019 UA:3    +
   98   147  0   0.0%   1.245 AU:3    +
   14    91  0   0.0%   0.299 UA:3    +
  118   146  0   0.0%   0.660 AU:3    +
  112   125  0   0.0%   0.890 GC:3    +
  147   155  0   0.0%   1.759 UA:3    +
   84   153  1   0.0%   1.415 GU:1    AU:1    +
   14   128  0   0.0%   0.443 UA:3    +
   11   131  0   0.0%   0.249 AU:3    +
   75    97  0   0.0%   0.169 UG:3    +
   75    95  0   0.0%   0.092 UA:3    +
   20    63  0   0.0%   0.598 AU:3    +
   17   133  0   0.0%   0.719 UG:3    +
  127   151  0   0.0%   0.949 UA:3    +
   83   154  0   0.0%   1.075 UA:3    +
  114   158  0   0.0%   1.124 UA:3    +
  147   151  0   0.0%   1.338 UA:3    +
  127   136  0   0.0%   0.869 UA:3    +
   68    99  0   0.0%   0.227 CG:3    +
   19   106  0   0.0%   0.541 GC:3    +
  123   157  0   0.0%   1.658 UA:3    +
    5   116  0   0.0%   0.118 AU:3    +
   20    89  0   0.0%   0.273 AU:3    +
  126   137  0   0.0%   0.849 UA:3    +
   62    84  1   0.0%   0.270 UG:1    UA:1    +
   69   119  0   0.0%   0.248 AU:3    +
   91   126  0   0.0%   0.128 AU:3    +
    4   121  0   0.0%   0.127 CG:3    +
   17   143  0   0.0%   1.327 UG:3    +
   96   150  1   0.0%   1.281 GU:1    AU:1    +
  121   131  0   0.0%   0.634 GU:3    +
   21   149  0   0.0%   0.384 GC:3    +
  116   148  0   0.0%   0.891 UA:3    +
   89    97  0   0.0%   0.182 UG:3    +
   81   113  0   0.0%   0.194 UA:3    +
   85   152  0   0.0%   1.348 AU:3    +
  101   107  0   0.0%   0.173 UA:3    +
   84   110  1   0.0%   0.412 GC:1    UA:1    +
   87   101  0   0.0%   0.172 AU:3    +
  146   154  0   0.0%   1.364 UA:3    +
   66   101  0   0.0%   0.348 AU:3    +
  106   130  0   0.0%   0.783 CG:3    +
    2    19  0   0.0%   0.016 UG:3    +
   83    95  0   0.0%   0.448 UA:3    +
   17    86  0   0.0%   0.560 UA:3    +
  124   146  0   0.0%   1.070 GU:3    +
   14    72  0   0.0%   0.288 UA:3    +
   95   114  0   0.0%   0.101 AU:3    +
  114   118  0   0.0%   0.848 UA:3    +
  107   129  0   0.0%   0.471 AU:3    +
  116   137  0   0.0%   0.957 UA:3    +
   80   140  0   0.0%   0.652 GC:3    +
   96   138  1   0.0%   1.148 GU:1    AU:1    +
   10    92  0   0.0%   0.269 GC:3    +
   32    47  0   0.0%   0.003 AU:3    +
   13   139  1   0.0%   0.730 GU:1    AU:1    +
   97   116  0   0.0%   0.522 GU:3    +
   17    87  0   0.0%   0.555 UA:3    +
  121   160  0   0.0%   0.662 GC:3    +
   93   131  0   0.0%   0.830 AU:3    +
   75    98  0   0.0%   0.175 UA:3    +
   89    93  0   0.0%   0.098 UA:3    +
   15    96  1   0.0%   0.323 UG:1    UA:1    +
   79   141  1   0.0%   0.555 GU:1    AU:1    +
   91   129  0   0.0%   0.133 AU:3    +
   19    68  0   0.0%   0.433 GC:3    +
   80   114  0   0.0%   0.183 GU:3    +
    7   126  0   0.0%   0.235 AU:3    +
  142   146  0   0.0%   0.765 AU:3    +
    6    14  0   0.0%   0.034 GU:3    +
   92   104  0   0.0%   0.228 CG:3    +
   99   114  0   0.0%   0.293 GU:3    +
  146   156  0   0.0%   1.910 UG:3    +
  123   136  0   0.0%   1.499 UA:3    +
    6    92  0   0.0%   0.160 GC:3    +
   93   116  0   0.0%   0.082 AU:3    +
   22   148  0   0.0%   0.013 UA:3    +
    6   127  0   0.0%   0.381 GU:3    +
  101   136  0   0.0%   1.030 UA:3    +
    5   147  0   0.0%   0.594 AU:3    +
   14   155  0   0.0%   0.605 UA:3    +
    2   156  0   0.0%   0.139 UG:3    +
   83   157  0   0.0%   0.805 UA:3    +
   81   159  0   0.0%   0.542 UA:3    +
    2    10  0   0.0%   0.009 UG:3    +
   11   116  0   0.0%   0.198 AU:3    +
    2   136  0   0.0%   0.073 UA:3    +
   14    87  0   0.0%   0.297 UA:3    +
   67   156  0   0.0%   0.657 CG:3    +
   14    97  0   0.0%   0.307 UG:3    +
   83   134  0   0.0%   0.430 UA:3    +
   81    86  0   0.0%   0.174 UA:3    +
   80   160  0   0.0%   0.579 GC:3    +
   19   152  0   0.0%   0.606 GU:3    +
  120   160  0   0.0%   0.925 GC:3    +
    1    89  0   0.0%   0.003 AU:3    +
   82    96  1   0.0%   0.372 UG:1    UA:1    +
   30    47  0   0.0%   0.002 GU:3    +
   85   101  0   0.0%   0.561 AU:3    +
  107   116  0   0.0%   0.578 AU:3    +
  126   148  0   0.0%   0.824 UA:3    +
  103   122  0   0.0%   1.583 GC:3    +
  114   137  0   0.0%   0.985 UA:3    +
  124   149  0   0.0%   1.461 GC:3    +
   14    85  0   0.0%   0.290 UA:3    +
    6   146  0   0.0%   0.713 GU:3    +
   14   112  0   0.0%   0.429 UG:3    +
  105   111  1   0.0%   0.316 UG:1    UA:1    +
  134   152  0   0.0%   1.447 AU:3    +
  116   136  0   0.0%   0.857 UA:3    +
   23   149  0   0.0%   0.379 GC:3    +
   11   123  0   0.0%   0.317 AU:3    +
   95   123  0   0.0%   0.295 AU:3    +
   99   149  0   0.0%   1.407 GC:3    +
  126   143  0   0.0%   1.230 UG:3    +
   15    84  1   0.0%   0.297 UG:1    UA:1    +
   31    47  0   0.0%   0.002 AU:3    +
   21    92  0   0.0%   0.035 GC:3    +
    4    99  0   0.0%   0.118 CG:3    +
   89   121  0   0.0%   0.077 UG:3    +
   13   102  1   0.0%   0.271 GU:1    AU:1    +
  129   134  0   0.0%   0.401 UA:3    +
    4   104  0   0.0%   0.120 CG:3    +
  113   147  0   0.0%   0.665 AU:3    +
   19   147  0   0.0%   0.823 GU:3    +
   42    47  0   0.0%   0.078 AU:3    +
   81   142  0   0.0%   0.248 UA:3    +
   19    67  0   0.0%   0.477 GC:3    +
  133   153  0   0.0%   2.240 GU:3    +
   17   154  0   0.0%   0.797 UA:3    +
    2     6  0   0.0%   0.001 UG:3    +
   12    84  1   0.0%   0.116 CG:1    AU:1    +
  101   148  0   0.0%   1.060 UA:3    +
  133   160  0   0.0%   1.416 GC:3    +
   96   108  1   0.0%   0.093 GC:1    AU:1    +
   71    97  0   0.0%   0.538 CG:3    +
   24   148  0   0.0%   0.009 UA:3    +
   87   127  0   0.0%   0.072 AU:3    +
  128   146  0   0.0%   0.397 AU:3    +
  118   147  0   0.0%   0.626 AU:3    +
  127   137  0   0.0%   0.911 UA:3    +
   89   130  0   0.0%   0.122 UG:3    +
   83   133  0   0.0%   0.439 UG:3    +
   92   112  0   0.0%   0.178 CG:3    +
   20   146  0   0.0%   0.650 AU:3    +
    6   101  0   0.0%   0.160 GU:3    +
   74   119  0   0.0%   0.028 AU:3    +
   10   101  0   0.0%   0.269 GU:3    +
  113   119  0   0.0%   1.031 AU:3    +
  129   142  0   0.0%   0.478 UA:3    +
  130   147  0   0.0%   0.937 GU:3    +
    2   113  0   0.0%   0.020 UA:3    +
   75   118  0   0.0%   0.042 UA:3    +
   22    91  0   0.0%   0.004 UA:3    +
  120   125  0   0.0%   1.030 GC:3    +
  129   154  0   0.0%   1.193 UA:3    +
   14   151  0   0.0%   0.620 UA:3    +
    6    67  0   0.0%   0.152 GC:3    +
  129   148  0   0.0%   0.605 UA:3    +
  127   143  0   0.0%   1.247 UG:3    +
    6   129  0   0.0%   0.439 GU:3    +
    1   127  0   0.0%   0.003 AU:3    +
  118   153  0   0.0%   1.202 AU:3    +
   66    83  0   0.0%   0.557 AU:3    +
   74   152  0   0.0%   0.425 AU:3    +
  101   143  0   0.0%   1.412 UG:3    +
   37    45  0   0.0%   0.061 AU:3    +
   41    47  0   0.0%   0.061 AU:3    +
  113   146  0   0.0%   0.699 AU:3    +
   95   116  0   0.0%   0.102 AU:3    +
  115   133  0   0.0%   1.390 CG:3    +
   14    64  0   0.0%   0.190 UA:3    +
    4    97  0   0.0%   0.118 CG:3    +
  136   152  0   0.0%   1.331 AU:3    +
   81   134  0   0.0%   0.245 UA:3    +
  114   134  0   0.0%   0.733 UA:3    +
  115   124  0   0.0%   1.310 CG:3    +
   19    71  0   0.0%   0.517 GC:3    +
  113   123  0   0.0%   1.223 AU:3    +
   87   152  0   0.0%   0.860 AU:3    +
  119   128  0   0.0%   0.731 UA:3    +
  124   160  0   0.0%   0.842 GC:3    +
   75   151  0   0.0%   0.055 UA:3    +
   86   153  0   0.0%   0.771 AU:3    +
   11   119  0   0.0%   0.206 AU:3    +
   10   146  0   0.0%   1.262 GU:3    +
   14   156  0   0.0%   0.639 UG:3    +
  118   129  0   0.0%   0.556 AU:3    +
  112   147  0   0.0%   0.786 GU:3    +
   30    35  0   0.0%   0.001 GC:3    +
  104   131  0   0.0%   1.246 GU:3    +
   89   158  0   0.0%   1.044 UA:3    +
   29    49  0   0.0%   0.001 UG:3    +
  120   127  0   0.0%   1.107 GU:3    +
   81   137  0   0.0%   0.340 UA:3    +
  130   153  0   0.0%   1.731 GU:3    +
   80   115  0   0.0%   0.182 GC:3    +
   75   157  0   0.0%   0.656 UA:3    +
   10   152  0   0.0%   1.111 GU:3    +
    2    86  0   0.0%   0.018 UA:3    +
  120   149  0   0.0%   1.323 GC:3    +
    8    89  0   0.0%   0.176 AU:3    +
  147   159  0   0.0%   0.951 UA:3    +
    2    87  0   0.0%   0.018 UA:3    +
   81   143  0   0.0%   0.754 UG:3    +
  114   156  0   0.0%   1.091 UG:3    +
    7    75  0   0.0%   0.142 AU:3    +
   83    98  0   0.0%   0.512 UA:3    +
  112   146  0   0.0%   0.819 GU:3    +
    2   133  0   0.0%   0.071 UG:3    +
  104   140  0   0.0%   1.508 GC:3    +
    8    75  0   0.0%   0.177 AU:3    +
   86   152  0   0.0%   0.750 AU:3    +
  123   159  0   0.0%   1.285 UA:3    +
   93   101  0   0.0%   0.224 AU:3    +
   36    46  0   0.0%   0.062 UG:3    +
    3   146  0   0.0%   0.264 AU:3    +
   89   159  0   0.0%   0.736 UA:3    +
   81    93  0   0.0%   0.242 UA:3    +
   85   153  0   0.0%   1.369 AU:3    +
    2    91  0   0.0%   0.019 UA:3    +
    8    83  0   0.0%   0.176 AU:3    +
   83    97  0   0.0%   0.506 UG:3    +
  107   147  0   0.0%   0.556 AU:3    +
   74    89  0   0.0%   0.010 AU:3    +
   75   156  0   0.0%   0.746 UG:3    +
   19    61  0   0.0%   0.068 GC:3    +
    2    85  0   0.0%   0.018 UA:3    +
  152   156  0   0.0%   2.156 UG:3    +
    7    83  0   0.0%   0.141 AU:3    +
   29    50  0   0.0%   0.001 UG:3    +
   87   129  0   0.0%   0.079 AU:3    +
   96   102  1   0.0%   0.252 GU:1    AU:1    +
   81    85  0   0.0%   0.528 UA:3    +
   99   116  0   0.0%   0.465 GU:3    +
  127   157  0   0.0%   1.175 UA:3    +
   78    96  1   0.0%   0.265 UG:1    UA:1    +
   91   119  0   0.0%   0.091 AU:3    +
   29    48  0   0.0%   0.001 UA:3    +
    3   101  0   0.0%   0.025 AU:3    +
   11   153  0   0.0%   0.731 AU:3    +
   36    41  0   0.0%   0.000 UA:3    +
   99   127  0   0.0%   1.254 GU:3    +
  101   151  0   0.0%   1.071 UA:3    +
  131   143  0   0.0%   1.411 UG:3    +
   87   131  0   0.0%   0.077 AU:3    +
  126   157  0   0.0%   1.157 UA:3    +
  127   156  0   0.0%   1.439 UG:3    +
    7    89  0   0.0%   0.141 AU:3    +
   18    96  1   0.0%   0.620 UG:1    UA:1    +
    8   116  0   0.0%   0.177 AU:3    +
   89   148  0   0.0%   0.920 UA:3    +
    2    84  1   0.0%   0.017 UG:1    UA:1    +
   97   101  0   0.0%   0.342 GU:3    +
    3    83  0   0.0%   0.025 AU:3    +
   95   146  0   0.0%   0.833 AU:3    +
   83   158  0   0.0%   0.833 UA:3    +
  126   158  0   0.0%   1.093 UA:3    +
   23   147  0   0.0%   0.321 GU:3    +
    4    80  0   0.0%   0.117 CG:3    +
   74   153  0   0.0%   0.448 AU:3    +
  101   159  0   0.0%   0.873 UA:3    +
  119   134  0   0.0%   0.828 UA:3    +
  106   124  0   0.0%   0.852 CG:3    +
   92   156  0   0.0%   1.089 CG:3    +
   23    61  0   0.0%   0.003 GC:3    +
   93   147  0   0.0%   0.902 AU:3    +
  113   126  0   0.0%   0.780 AU:3    +
   33    47  0   0.0%   0.030 AU:3    +
    6    75  0   0.0%   0.160 GU:3    +
    2   107  0   0.0%   0.019 UA:3    +
   13   108  1   0.0%   0.167 GC:1    GU:1    +
  116   121  0   0.0%   0.935 UG:3    +
  107   123  0   0.0%   1.066 AU:3    +
  112   127  0   0.0%   0.967 GU:3    +
   46    92  0   0.0%   0.254 GC:3    +
   39    99  0   0.0%   0.287 CG:3    +
   47    91  0   0.0%   0.052 UA:3    +
   30   106  0   0.0%   0.113 GC:3    +
   29   107  0   0.0%   0.017 UA:3    +
  121   126  0   0.0%   0.809 GU:3    +
   45    93  0   0.0%   0.233 UA:3    +
    3    81  0   0.0%   0.024 AU:3    +
   11    81  0   0.0%   0.054 AU:3    +
   69    81  0   0.0%   0.327 AU:3    +
   14    95  0   0.0%   0.297 UA:3    +
  121   125  0   0.0%   0.798 GC:3    +
   89   113  0   0.0%   0.061 UA:3    +
    7   119  0   0.0%   0.235 AU:3    +
   14   107  0   0.0%   0.423 UA:3    +
   32    45  0   0.0%   0.000 AU:3    +
   26   146  0   0.0%   0.343 AU:3    +
  107   127  0   0.0%   0.729 AU:3    +
  104   125  0   0.0%   1.426 GC:3    +
   37   101  0   0.0%   0.159 AU:3    +
   97   123  0   0.0%   0.769 GU:3    +
   75   158  0   0.0%   0.684 UA:3    +
   69   101  0   0.0%   0.297 AU:3    +
    2   130  0   0.0%   0.021 UG:3    +
  114   155  0   0.0%   0.996 UA:3    +
  114   143  0   0.0%   1.266 UG:3    +
   19   115  0   0.0%   0.439 GC:3    +
  114   142  0   0.0%   0.739 UA:3    +
    1   114  0   0.0%   0.003 AU:3    +
    3   129  0   0.0%   0.027 AU:3    +
    5    83  0   0.0%   0.115 AU:3    +
  103   126  0   0.0%   1.551 GU:3    +
   10   119  0   0.0%   0.412 GU:3    +
   89   155  0   0.0%   1.011 UA:3    +
    3    17  0   0.0%   0.023 AU:3    +
   91   153  0   0.0%   1.013 AU:3    +
  101   128  0   0.0%   0.782 UA:3    +
   14   154  0   0.0%   0.634 UA:3    +
    8   101  0   0.0%   0.176 AU:3    +
  120   126  0   0.0%   1.041 GU:3    +
    1   131  0   0.0%   0.004 AU:3    +
    2   124  0   0.0%   0.020 UG:3    +
   81    98  0   0.0%   0.328 UA:3    +
   95   131  0   0.0%   0.730 AU:3    +
   49    89  0   0.0%   0.030 GU:3    +
   24    60  0   0.0%   0.002 UA:3    +
   99   153  0   0.0%   1.470 GU:3    +
  127   155  0   0.0%   1.305 UA:3    +
  122   156  0   0.0%   1.769 CG:3    +
    3   126  0   0.0%   0.025 AU:3    +
   79   139  1   0.0%   0.610 GU:1    AU:1    +
  123   155  0   0.0%   1.620 UA:3    +
   40    47  0   0.0%   0.356 GU:3    +
   24   134  0   0.0%   0.056 UA:3    +
  112   119  0   0.0%   1.110 GU:3    +
  127   133  0   0.0%   1.247 UG:3    +
    1    17  0   0.0%   0.001 AU:3    +
   20   114  0   0.0%   0.280 AU:3    +
   75    99  0   0.0%   0.092 UG:3    +
  126   156  0   0.0%   1.420 UG:3    +
   97   129  0   0.0%   1.108 GU:3    +
   65    89  0   0.0%   0.663 AU:3    +
  113   152  0   0.0%   1.004 AU:3    +
    2    74  0   0.0%   0.017 UA:3    +
  106   121  0   0.0%   0.814 CG:3    +
   10    83  0   0.0%   0.267 GU:3    +
   86   131  0   0.0%   0.085 AU:3    +
   17   120  0   0.0%   0.686 UG:3    +
   77   153  0   0.0%   0.972 AU:3    +
   68    80  0   0.0%   0.301 CG:3    +
   20   147  0   0.0%   0.627 AU:3    +
   10    89  0   0.0%   0.267 GU:3    +
  112   153  0   0.0%   1.147 GU:3    +
   86   127  0   0.0%   0.080 AU:3    +
  114   151  0   0.0%   0.923 UA:3    +
   83   103  0   0.0%   0.414 UG:3    +
    6    83  0   0.0%   0.159 GU:3    +
   91   146  0   0.0%   0.670 AU:3    +
  126   134  0   0.0%   0.582 UA:3    +
    3   123  0   0.0%   0.025 AU:3    +
    1   123  0   0.0%   0.003 AU:3    +
    2    77  0   0.0%   0.017 UA:3    +
   69    83  0   0.0%   0.507 AU:3    +
   95   153  0   0.0%   1.168 AU:3    +
   98   129  0   0.0%   1.128 AU:3    +
   22   136  0   0.0%   0.130 UA:3    +
  114   148  0   0.0%   0.913 UA:3    +
   81   156  0   0.0%   0.912 UG:3    +
  126   154  0   0.0%   1.235 UA:3    +
   35   104  0   0.0%   0.104 CG:3    +
   99   160  0   0.0%   0.901 GC:3    +
   87   126  0   0.0%   0.076 AU:3    +
   89   157  0   0.0%   1.015 UA:3    +
   33    44  0   0.0%   0.000 AU:3    +
   36   103  0   0.0%   0.053 UG:3    +
    7   101  0   0.0%   0.141 AU:3    +
  103   146  0   0.0%   1.458 GU:3    +
    6   126  0   0.0%   0.380 GU:3    +
    2    72  0   0.0%   0.017 UA:3    +
   11    22  0   0.0%   0.053 AU:3    +
   98   131  0   0.0%   1.129 AU:3    +
   91   123  0   0.0%   0.200 AU:3    +
   66    75  0   0.0%   0.092 AU:3    +
    7   129  0   0.0%   0.295 AU:3    +
   77   116  0   0.0%   0.011 AU:3    +
   34    45  0   0.0%   0.057 AU:3    +
   83    99  0   0.0%   0.429 UG:3    +
   17   151  0   0.0%   0.782 UA:3    +
   81    97  0   0.0%   0.323 UG:3    +
  106   143  0   0.0%   1.166 CG:3    +
   17    97  0   0.0%   0.782 UG:3    +
   10   116  0   0.0%   0.404 GU:3    +
   10   126  0   0.0%   0.512 GU:3    +
   29    34  0   0.0%   0.000 UA:3    +
   89   124  0   0.0%   0.193 UG:3    +
   80   146  0   0.0%   0.516 GU:3    +
   19    83  0   0.0%   0.399 GU:3    +
   77   146  0   0.0%   0.344 AU:3    +
   89   107  0   0.0%   0.057 UA:3    +
   64    89  0   0.0%   0.696 AU:3    +
   11    83  0   0.0%   0.054 AU:3    +
   98   152  0   0.0%   1.584 AU:3    +
   84   127  1   0.0%   0.462 GU:1    AU:1    +
  114   120  0   0.0%   1.113 UG:3    +
   96   139  1   0.0%   1.243 GU:1    AU:1    +
   19    89  0   0.0%   0.401 GU:3    +
   22   151  0   0.0%   0.025 UA:3    +
   97   153  0   0.0%   1.575 GU:3    +
  104   116  0   0.0%   1.333 GU:3    +
    3    89  0   0.0%   0.025 AU:3    +
   58    89  0   0.0%   0.004 AU:3    +
   86   129  0   0.0%   0.087 AU:3    +
   14    77  0   0.0%   0.289 UA:3    +
   75   148  0   0.0%   0.043 UA:3    +
    2   112  0   0.0%   0.019 UG:3    +
  106   156  0   0.0%   0.997 CG:3    +
   19   122  0   0.0%   0.566 GC:3    +
   75   159  0   0.0%   0.376 UA:3    +
   75    84  1   0.0%   0.387 UG:1    UA:1    +
   83   155  0   0.0%   0.800 UA:3    +
   19   127  0   0.0%   0.484 GU:3    +
   14   103  0   0.0%   0.424 UG:3    +
   74   101  0   0.0%   0.159 AU:3    +
    4    21  0   0.0%   0.115 CG:3    +
   11    75  0   0.0%   0.056 AU:3    +
   83   128  0   0.0%   0.373 UA:3    +
   63    91  0   0.0%   0.711 UA:3    +
   17    84  1   0.0%   0.558 UG:1    UA:1    +
    1    75  0   0.0%   0.002 AU:3    +
   21   152  0   0.0%   0.424 GU:3    +
  133   152  0   0.0%   2.220 GU:3    +
   35   103  0   0.0%   0.088 CG:3    +
   83   159  0   0.0%   0.524 UA:3    +
   85   126  0   0.0%   0.467 AU:3    +
  134   153  0   0.0%   1.466 AU:3    +
   17   148  0   0.0%   0.770 UA:3    +
   20   126  0   0.0%   0.328 AU:3    +
   13    90  1   0.0%   0.166 GU:1    AU:1    +
  118   126  0   0.0%   0.733 AU:3    +
    7    81  0   0.0%   0.140 AU:3    +
   97   160  0   0.0%   1.007 GC:3    +
   20   131  0   0.0%   0.328 AU:3    +
   98   153  0   0.0%   1.605 AU:3    +
    6    89  0   0.0%   0.159 GU:3    +
  104   119  0   0.0%   1.299 GU:3    +
  112   126  0   0.0%   0.901 GU:3    +
    1    83  0   0.0%   0.002 AU:3    +
   77    83  0   0.0%   0.327 AU:3    +
    5    89  0   0.0%   0.116 AU:3    +
   99   152  0   0.0%   1.448 GU:3    +
    3    22  0   0.0%   0.024 AU:3    +
   85   127  0   0.0%   0.462 AU:3    +
  116   128  0   0.0%   0.606 UA:3    +
   96   144  1   0.0%   1.399 GU:1    AU:1    +
    2   118  0   0.0%   0.020 UA:3    +
   93   153  0   0.0%   1.266 AU:3    +
   17    91  0   0.0%   0.554 UA:3    +
   14   124  0   0.0%   0.571 UG:3    +
   19   125  0   0.0%   0.487 GC:3    +
   86   126  0   0.0%   0.085 AU:3    +
    2    66  0   0.0%   0.017 UA:3    +
  130   146  0   0.0%   0.959 GU:3    +
   17    72  0   0.0%   0.552 UA:3    +
   89   103  0   0.0%   0.099 UG:3    +
   77   114  0   0.0%   0.012 AU:3    +
   95   152  0   0.0%   1.146 AU:3    +
   14    84  1   0.0%   0.289 UG:1    UA:1    +
   74    83  0   0.0%   0.332 AU:3    +
   97   152  0   0.0%   1.554 GU:3    +
   93   114  0   0.0%   0.080 AU:3    +
  123   151  0   0.0%   1.596 UA:3    +
    1   119  0   0.0%   0.002 AU:3    +
   71   124  0   0.0%   0.582 CG:3    +
    5   127  0   0.0%   0.244 AU:3    +
   63   158  0   0.0%   1.104 UA:3    +
  114   159  0   0.0%   0.814 UA:3    +
   17    74  0   0.0%   0.552 UA:3    +
  103   140  0   0.0%   1.608 GC:3    +
  127   134  0   0.0%   0.643 UA:3    +
  126   133  0   0.0%   1.185 UG:3    +
    2    95  0   0.0%   0.019 UA:3    +
   19   131  0   0.0%   0.489 GU:3    +
    8   123  0   0.0%   0.299 AU:3    +
   85   131  0   0.0%   0.466 AU:3    +
   21    62  0   0.0%   0.261 GU:3    +
   13    78  1   0.0%   0.164 GU:1    AU:1    +
    2   121  0   0.0%   0.020 UG:3    +
   64   153  0   0.0%   1.133 AU:3    +
   72   153  0   0.0%   0.447 AU:3    +
   66   126  0   0.0%   0.328 AU:3    +
   72   119  0   0.0%   0.027 AU:3    +
   71   143  0   0.0%   1.012 CG:3    +
   23    92  0   0.0%   0.033 GC:3    +
   38    49  0   0.0%   0.109 CG:3    +
   17   121  0   0.0%   0.682 UG:3    +
   22    93  0   0.0%   0.039 UA:3    +
   84   131  1   0.0%   0.467 GU:1    AU:1    +
   69   126  0   0.0%   0.287 AU:3    +
   77   101  0   0.0%   0.154 AU:3    +
  130   160  0   0.0%   0.907 GC:3    +
   24    91  0   0.0%   0.003 UA:3    +
   28    35  0   0.0%   0.000 GC:3    +
   14   120  0   0.0%   0.438 UG:3    +
   87   123  0   0.0%   0.151 AU:3    +
   63   154  0   0.0%   1.097 UA:3    +
    1   101  0   0.0%   0.002 AU:3    +
   21   160  0   0.0%   0.144 GC:3    +
   84   101  1   0.0%   0.561 GU:1    AU:1    +
  126   151  0   0.0%   0.929 UA:3    +
    2    69  0   0.0%   0.017 UA:3    +
   14   104  0   0.0%   0.440 UG:3    +
   83   156  0   0.0%   0.894 UG:3    +
  121   147  0   0.0%   0.755 GU:3    +
   63   157  0   0.0%   1.076 UA:3    +
   21   125  0   0.0%   0.057 GC:3    +
  119   148  0   0.0%   1.094 UA:3    +
   21   140  0   0.0%   0.483 GC:3    +
   71   120  0   0.0%   0.463 CG:3    +
   11   126  0   0.0%   0.248 AU:3    +
   85   129  0   0.0%   0.469 AU:3    +
  129   155  0   0.0%   0.910 UA:3    +
   75   120  0   0.0%   0.053 UG:3    +
  121   146  0   0.0%   0.789 GU:3    +
    5   131  0   0.0%   0.357 AU:3    +
  120   147  0   0.0%   1.019 GU:3    +
   10   123  0   0.0%   0.526 GU:3    +
  124   129  0   0.0%   0.666 GU:3    +
  131   159  0   0.0%   0.989 UA:3    +
  116   151  0   0.0%   0.900 UA:3    +
    2    23  0   0.0%   0.017 UG:3    +
   10   127  0   0.0%   0.508 GU:3    +
   10    81  0   0.0%   0.266 GU:3    +
   89   120  0   0.0%   0.076 UG:3    +
    7   116  0   0.0%   0.233 AU:3    +
    8    81  0   0.0%   0.175 AU:3    +
  120   146  0   0.0%   1.052 GU:3    +
   65   127  0   0.0%   0.713 AU:3    +
   72   116  0   0.0%   0.016 AU:3    +
   68    97  0   0.0%   0.303 CG:3    +
   84   150  1   0.0%   1.343 GU:1    AU:1    +
  101   158  0   0.0%   1.181 UA:3    +
    2    98  0   0.0%   0.019 UA:3    +
   22   159  0   0.0%   0.093 UA:3    +
  103   114  0   0.0%   0.510 GU:3    +
   83   112  0   0.0%   0.381 UG:3    +
  123   128  0   0.0%   0.923 UA:3    +
   76   102  1   0.0%   0.433 GU:1    AU:1    +
  103   125  0   0.0%   1.539 GC:3    +
  112   123  0   0.0%   1.343 GU:3    +
   74   146  0   0.0%   0.349 AU:3    +
   83   151  0   0.0%   0.720 UA:3    +
   26    89  0   0.0%   0.004 AU:3    +
   87   119  0   0.0%   0.039 AU:3    +
   76    82  1   0.0%   0.557 GU:1    AU:1    +
  126   130  0   0.0%   1.009 UG:3    +
    3    75  0   0.0%   0.024 AU:3    +
   77    81  0   0.0%   0.152 AU:3    +
   66    89  0   0.0%   0.238 AU:3    +
   62   158  0   0.0%   1.025 UA:3    +
   67   124  0   0.0%   0.385 CG:3    +
   65   152  0   0.0%   1.078 AU:3    +
    4    23  0   0.0%   0.115 CG:3    +
    2    93  0   0.0%   0.019 UA:3    +
    9   105  1   0.0%   0.207 GU:1    AU:1    +
   13    82  1   0.0%   0.165 GU:1    AU:1    +
   97   146  0   0.0%   1.242 GU:3    +
   81   157  0   0.0%   0.821 UA:3    +
  127   158  0   0.0%   1.111 UA:3    +
    5    22  0   0.0%   0.113 AU:3    +
    1    24  0   0.0%   0.002 AU:3    +
  105   132  1   0.0%   0.964 UG:1    UA:1    +
    2   120  0   0.0%   0.020 UG:3    +
   28    56  0   0.0%   0.001 GU:3    +
   19   146  0   0.0%   0.845 GU:3    +
   89   104  0   0.0%   0.114 UG:3    +
    2    65  0   0.0%   0.017 UA:3    +
   72   123  0   0.0%   0.139 AU:3    +
   81    99  0   0.0%   0.246 UG:3    +
    3    24  0   0.0%   0.024 AU:3    +
   63   142  0   0.0%   0.766 UA:3    +
   72    81  0   0.0%   0.151 AU:3    +
   47    60  0   0.0%   0.051 UA:3    +
   46    61  0   0.0%   0.223 GC:3    +
   63   159  0   0.0%   0.796 UA:3    +
  101   142  0   0.0%   0.891 UA:3    +
   48    59  0   0.0%   0.016 AU:3    +
  103   149  0   0.0%   1.725 GC:3    +
    3   119  0   0.0%   0.025 AU:3    +
   10    63  0   0.0%   0.156 GU:3    +
    2    64  0   0.0%   0.017 UA:3    +
  123   134  0   0.0%   1.275 UA:3    +
  120   153  0   0.0%   1.595 GU:3    +
   67    99  0   0.0%   0.267 CG:3    +
  126   159  0   0.0%   0.784 UA:3    +
   17   112  0   0.0%   0.675 UG:3    +
   62   159  0   0.0%   0.717 UA:3    +
    3   116  0   0.0%   0.025 AU:3    +
  104   160  0   0.0%   1.125 GC:3    +
   11    63  0   0.0%   0.053 AU:3    +
   62   155  0   0.0%   0.991 UA:3    +
   81   121  0   0.0%   0.206 UG:3    +
   10    75  0   0.0%   0.268 GU:3    +
   62    91  0   0.0%   0.632 UA:3    +
   80   122  0   0.0%   0.310 GC:3    +
   75    85  0   0.0%   0.390 UA:3    +
    2    80  0   0.0%   0.017 UG:3    +
  120   129  0   0.0%   0.864 GU:3    +
    1    81  0   0.0%   0.002 AU:3    +
   67   143  0   0.0%   0.818 CG:3    +
   63   136  0   0.0%   0.837 UA:3    +
   75    87  0   0.0%   0.019 UA:3    +
  119   154  0   0.0%   1.630 UA:3    +
   22   124  0   0.0%   0.133 UG:3    +
   72   101  0   0.0%   0.159 AU:3    +
    7   123  0   0.0%   0.355 AU:3    +
   39    50  0   0.0%   0.244 CG:3    +
  116   143  0   0.0%   1.249 UG:3    +
  144   159  1   0.5%   1.691 UA:2    +
   18   136  1   0.5%   0.765 UA:2    +
   18    93  1   0.4%   0.556 UA:2    +
   19   135  1   0.4%   0.515 GC:2    +
  144   151  1   0.4%   2.173 UA:2    +
    6   145  1   0.4%   0.731 GC:2    +
   13    68  1   0.4%   0.201 GC:2    +
    5    18  1   0.3%   0.153 AU:2    +
   18   133  1   0.3%   0.672 UG:2    +
    8   139  1   0.3%   0.706 AU:2    +
   12    19  1   0.3%   0.103 CG:2    +
    7   144  1   0.3%   0.736 AU:2    +
   13    71  1   0.3%   0.299 GC:2    +
   78    93  1   0.3%   0.254 UA:2    +
   11   105  1   0.3%   0.307 AU:2    +
   90   133  1   0.3%   0.832 UG:2    +
   82   137  1   0.3%   0.492 UA:2    +
   12   104  1   0.3%   0.278 CG:2    +
  141   154  1   0.3%   1.966 UA:2    +
   14    70  1   0.3%   0.407 UG:2    +
    8    15  1   0.3%   0.284 AU:2    +
  118   138  1   0.3%   0.879 AU:2    +
  105   134  1   0.3%   0.737 UA:2    +
   16    94  1   0.3%   0.248 CG:2    +
   79    92  1   0.3%   0.214 GC:2    +
  104   135  1   0.2%   1.074 GC:2    +
   15    69  1   0.2%   0.323 UA:2    +
   10   135  1   0.2%   0.497 GC:2    +
   85   141  1   0.2%   0.902 AU:2    +
   85   138  1   0.2%   0.772 AU:2    +
   94   127  1   0.2%   0.245 GU:2    +
   17    94  1   0.2%   0.617 UG:2    +
   98   141  1   0.2%   1.419 AU:2    +
   90   142  1   0.2%   0.610 UA:2    +
  141   148  1   0.2%   1.131 UA:2    +
   18    94  1   0.2%   0.554 UG:2    +
    3   150  1   0.2%   0.297 AU:2    +
   15    95  1   0.2%   0.335 UA:2    +
   94   145  1   0.1%   0.736 GC:2    +
   13   122  1   0.1%   0.327 GC:2    +
   16   133  1   0.1%   0.358 CG:2    +
   86   139  1   0.1%   0.534 AU:2    +
   15    66  1   0.1%   0.372 UA:2    +
  113   139  1   0.1%   1.010 AU:2    +
   88   141  1   0.1%   0.701 AU:2    +
   12   133  1   0.1%   0.290 CG:2    +
   12   124  1   0.1%   0.397 CG:2    +
   95   144  1   0.1%   1.224 AU:2    +
  111   141  1   0.1%   0.718 AU:2    +
  120   145  1   0.1%   1.242 GC:2    +
   93   102  1   0.1%   0.235 AU:2    +
    6    12  1   0.1%   0.022 GC:2    +
   91   144  1   0.1%   1.060 AU:2    +
   18    98  1   0.1%   0.711 UA:2    +
   15   134  1   0.1%   0.518 UA:2    +
  110   143  1   0.1%   0.903 CG:2    +
    7    18  1   0.1%   0.175 AU:2    +
   15    85  1   0.1%   0.316 UA:2    +
  105   148  1   0.1%   0.912 UA:2    +
   90    97  1   0.1%   0.206 UG:2    +
   87   138  1   0.1%   0.379 AU:2    +
  101   117  1   0.1%   0.405 UA:2    +
  100   125  1   0.1%   1.156 GC:2    +
   86   138  1   0.1%   0.381 AU:2    +
   86   141  1   0.1%   0.508 AU:2    +
  138   151  1   0.1%   1.295 UA:2    +
  124   141  1   0.1%   1.172 GU:2    +
   13   140  1   0.1%   0.748 GC:2    +
   82    88  1   0.1%   0.298 UA:2    +
  102   151  1   0.1%   1.110 UA:2    +
   35    52  1   0.1%   0.101 CG:2    +
   90    95  1   0.1%   0.140 UA:2    +
   88   139  1   0.1%   0.854 AU:2    +
   36    51  1   0.1%   0.059 UA:2    +
   92   100  1   0.1%   0.337 CG:2    +
   94   101  1   0.1%   0.223 GU:2    +
   85   139  1   0.1%   0.905 AU:2    +
   98   105  1   0.1%   0.306 AU:2    +
  130   135  1   0.1%   0.771 GC:2    +
   16    99  1   0.1%   0.329 CG:2    +
   10    18  1   0.1%   0.240 GU:2    +
  134   141  1   0.1%   1.150 AU:2    +
  102   136  1   0.1%   1.066 UA:2    +
   12   120  1   0.1%   0.261 CG:2    +
    9    18  1   0.1%   0.194 AU:2    +
   91   141  1   0.0%   0.770 AU:2    +
  102   118  1   0.0%   0.900 UA:2    +
   73    82  1   0.0%   0.283 AU:2    +
  137   141  1   0.0%   1.171 AU:2    +
   15   117  1   0.0%   0.455 UA:2    +
   70    75  1   0.0%   0.129 GU:2    +
  136   141  1   0.0%   1.098 AU:2    +
   85    90  1   0.0%   0.452 AU:2    +
   86   144  1   0.0%   0.774 AU:2    +
  134   138  1   0.0%   0.748 AU:2    +
   70   122  1   0.0%   0.306 GC:2    +
   18   137  1   0.0%   0.766 UA:2    +
   82    87  1   0.0%   0.290 UA:2    +
   15   142  1   0.0%   0.609 UA:2    +
   18    97  1   0.0%   0.694 UG:2    +
    3   141  1   0.0%   0.093 AU:2    +
  117   138  1   0.0%   0.823 AU:2    +
   70    81  1   0.0%   0.271 GU:2    +
   90    94  1   0.0%   0.097 UG:2    +
  121   139  1   0.0%   1.101 GU:2    +
  120   141  1   0.0%   1.194 GU:2    +
  139   143  1   0.0%   1.838 UG:2    +
  128   138  1   0.0%   0.604 AU:2    +
   90    99  1   0.0%   0.128 UG:2    +
   66    82  1   0.0%   0.504 AU:2    +
   89   100  1   0.0%   0.226 UG:2    +
   18   157  1   0.0%   1.345 UA:2    +
   18   158  1   0.0%   1.376 UA:2    +
  103   135  1   0.0%   1.147 GC:2    +
   18    65  1   0.0%   0.861 UA:2    +
  138   142  1   0.0%   0.941 UA:2    +
   90    98  1   0.0%   0.212 UA:2    +
  133   139  1   0.0%   1.424 GU:2    +
   16   120  1   0.0%   0.312 CG:2    +
   94   126  1   0.0%   0.231 GU:2    +
  144   158  1   0.0%   1.954 UA:2    +
   68    76  1   0.0%   0.043 CG:2    +
   15   100  1   0.0%   0.555 UG:2    +
   11    18  1   0.0%   0.137 AU:2    +
  128   141  1   0.0%   0.549 AU:2    +
  102   137  1   0.0%   1.164 UA:2    +
   87   102  1   0.0%   0.170 AU:2    +
   87   141  1   0.0%   0.628 AU:2    +
  112   145  1   0.0%   0.996 GC:2    +
   97   145  1   0.0%   1.421 GC:2    +
   90   128  1   0.0%   0.076 UA:2    +
    6   110  1   0.0%   0.258 GC:2    +
   95   102  1   0.0%   0.251 AU:2    +
  113   144  1   0.0%   1.086 AU:2    +
  132   139  1   0.0%   1.338 AU:2    +
  124   145  1   0.0%   1.253 GC:2    +
   82   142  1   0.0%   0.370 UA:2    +
    4    76  1   0.0%   0.120 CG:2    +
    3    18  1   0.0%   0.027 AU:2    +
   85   102  1   0.0%   0.558 AU:2    +
  136   144  1   0.0%   1.243 AU:2    +
   69    82  1   0.0%   0.454 AU:2    +
   94   140  1   0.0%   0.647 GC:2    +
  138   154  1   0.0%   1.590 UA:2    +
   76    92  1   0.0%   0.322 GC:2    +
   82    86  1   0.0%   0.298 UA:2    +
   78    91  1   0.0%   0.169 UA:2    +
  128   144  1   0.0%   0.843 AU:2    +
   70   160  1   0.0%   0.305 GC:2    +
   86    90  1   0.0%   0.069 AU:2    +
   95   139  1   0.0%   1.084 AU:2    +
  141   158  1   0.0%   1.534 UA:2    +
   94   129  1   0.0%   0.442 GU:2    +
   13   149  1   0.0%   0.700 GC:2    +
  139   151  1   0.0%   1.573 UA:2    +
   90   148  1   0.0%   0.769 UA:2    +
    8   141  1   0.0%   0.677 AU:2    +
   93   141  1   0.0%   1.021 AU:2    +
   12   112  1   0.0%   0.251 CG:2    +
   18   142  1   0.0%   0.674 UA:2    +
  100   123  1   0.0%   1.364 GU:2    +
    1   138  1   0.0%   0.007 AU:2    +
   82    91  1   0.0%   0.319 UA:2    +
   78    94  1   0.0%   0.222 UG:2    +
   16   112  1   0.0%   0.301 CG:2    +
   90   121  1   0.0%   0.087 UG:2    +
   90   134  1   0.0%   0.472 UA:2    +
    1   144  1   0.0%   0.008 AU:2    +
    9   139  1   0.0%   0.508 AU:2    +
   15    64  1   0.0%   0.230 UA:2    +
   18   134  1   0.0%   0.644 UA:2    +
   72    78  1   0.0%   0.165 AU:2    +
    7   138  1   0.0%   0.241 AU:2    +
   15   137  1   0.0%   0.707 UA:2    +
   64    82  1   0.0%   0.378 AU:2    +
   15   113  1   0.0%   0.449 UA:2    +
   94   102  1   0.0%   0.213 GU:2    +
  133   141  1   0.0%   1.781 GU:2    +
   99   145  1   0.0%   1.316 GC:2    +
   12   156  1   0.0%   0.601 CG:2    +
   78    88  1   0.0%   0.167 UA:2    +
  139   148  1   0.0%   1.328 UA:2    +
   98   144  1   0.0%   1.655 AU:2    +
   12   130  1   0.0%   0.320 CG:2    +
   15    72  1   0.0%   0.296 UA:2    +
   13    92  1   0.0%   0.169 GC:2    +
  141   159  1   0.0%   1.196 UA:2    +
    5   144  1   0.0%   0.741 AU:2    +
  124   135  1   0.0%   0.852 GC:2    +
  128   150  1   0.0%   0.773 AU:2    +
  138   148  1   0.0%   1.043 UA:2    +
   19    90  1   0.0%   0.402 GU:2    +
  117   147  1   0.0%   0.615 AU:2    +
  100   138  1   0.0%   1.263 GU:2    +
   87   144  1   0.0%   0.891 AU:2    +
    6    18  1   0.0%   0.174 GU:2    +
  102   133  1   0.0%   1.236 UG:2    +
   11   138  1   0.0%   0.388 AU:2    +
   12    99  1   0.0%   0.118 CG:2    +
    6   135  1   0.0%   0.382 GC:2    +
   12   121  1   0.0%   0.252 CG:2    +
   67   100  1   0.0%   0.338 CG:2    +
   10    90  1   0.0%   0.269 GU:2    +
   18   155  1   0.0%   1.335 UA:2    +
  139   155  1   0.0%   1.588 UA:2    +
   18    91  1   0.0%   0.474 UA:2    +
   99   110  1   0.0%   0.119 GC:2    +
  100   108  1   0.0%   0.182 GC:2    +
    5   139  1   0.0%   0.303 AU:2    +
   94   115  1   0.0%   0.065 GC:2    +
   82   112  1   0.0%   0.299 UG:2    +
   18   107  1   0.0%   0.566 UA:2    +
  110   120  1   0.0%   0.739 CG:2    +
   93   144  1   0.0%   1.300 AU:2    +
    5   102  1   0.0%   0.117 AU:2    +
   71    79  1   0.0%   0.533 CG:2    +
   15    87  1   0.0%   0.305 UA:2    +
   15    20  1   0.0%   0.236 UA:2    +
   20    90  1   0.0%   0.273 AU:2    +
  130   145  1   0.0%   1.143 GC:2    +
   18    85  1   0.0%   0.479 UA:2    +
   86   102  1   0.0%   0.176 AU:2    +
    7   141  1   0.0%   0.767 AU:2    +
   20   150  1   0.0%   0.678 AU:2    +
   82   158  1   0.0%   0.739 UA:2    +
  139   158  1   0.0%   1.477 UA:2    +
   15   159  1   0.0%   1.085 UA:2    +
   18    86  1   0.0%   0.479 UA:2    +
    6   141  1   0.0%   0.926 GU:2    +
   79   115  1   0.0%   0.160 GC:2    +
   18   156  1   0.0%   1.375 UG:2    +
  150   157  1   0.0%   2.070 UA:2    +
   82   155  1   0.0%   0.706 UA:2    +
  118   139  1   0.0%   0.976 AU:2    +
  139   154  1   0.0%   1.870 UA:2    +
   90   137  1   0.0%   0.828 UA:2    +
   18   151  1   0.0%   0.637 UA:2    +
   82   148  1   0.0%   0.614 UA:2    +
   15    86  1   0.0%   0.309 UA:2    +
   18    69  1   0.0%   0.490 UA:2    +
   15   154  1   0.0%   0.623 UA:2    +
   18   159  1   0.0%   1.066 UA:2    +
   91   105  1   0.0%   0.210 AU:2    +
    7   150  1   0.0%   0.813 AU:2    +
   19   141  1   0.0%   0.906 GU:2    +
    8   144  1   0.0%   0.609 AU:2    +
   20   105  1   0.0%   0.379 AU:2    +
    5    15  1   0.0%   0.004 AU:2    +
   90   130  1   0.0%   0.131 UG:2    +
   78    95  1   0.0%   0.257 UA:2    +
   89    94  1   0.0%   0.082 UG:2    +
    9   102  1   0.0%   0.117 AU:2    +
   78   142  1   0.0%   0.241 UA:2    +
   94   149  1   0.0%   0.819 GC:2    +
  138   159  1   0.0%   0.832 UA:2    +
   83    94  1   0.0%   0.414 UG:2    +
  100   149  1   0.0%   1.350 GC:2    +
   12    97  1   0.0%   0.117 CG:2    +
   10   141  1   0.0%   1.022 GU:2    +
  128   139  1   0.0%   0.713 AU:2    +
   13   115  1   0.0%   0.178 GC:2    +
    1   150  1   0.0%   0.013 AU:2    +
  100   116  1   0.0%   0.548 GU:2    +
  130   139  1   0.0%   1.271 GU:2    +
   98   150  1   0.0%   1.535 AU:2    +
  107   144  1   0.0%   0.965 AU:2    +
   65   102  1   0.0%   0.765 AU:2    +
    1    15  1   0.0%   0.002 AU:2    +
   82   134  1   0.0%   0.346 UA:2    +
   10   139  1   0.0%   0.755 GU:2    +
   82    95  1   0.0%   0.365 UA:2    +
   18    87  1   0.0%   0.473 UA:2    +
   93   150  1   0.0%   1.195 AU:2    +
  138   155  1   0.0%   1.306 UA:2    +
  150   154  1   0.0%   2.471 UA:2    +
  100   144  1   0.0%   1.462 GU:2    +
    3   105  1   0.0%   0.026 AU:2    +
  135   156  1   0.0%   1.029 CG:2    +
   82   136  1   0.0%   0.419 UA:2    +
   94   119  1   0.0%   0.258 GU:2    +
   91   138  1   0.0%   0.829 AU:2    +
    1   141  1   0.0%   0.006 AU:2    +
  138   157  1   0.0%   1.177 UA:2    +
    6   139  1   0.0%   0.383 GU:2    +
   19   145  1   0.0%   0.828 GC:2    +
   95   141  1   0.0%   0.922 AU:2    +
   82   133  1   0.0%   0.356 UG:2    +
   12   103  1   0.0%   0.229 CG:2    +
  139   156  1   0.0%   1.721 UG:2    +
  113   138  1   0.0%   0.876 AU:2    +
  150   159  1   0.0%   1.422 UA:2    +
   88   102  1   0.0%   0.173 AU:2    +
   73    78  1   0.0%   0.164 AU:2    +
  102   142  1   0.0%   0.918 UA:2    +
   18   148  1   0.0%   0.624 UA:2    +
   20   138  1   0.0%   0.587 AU:2    +
   18    72  1   0.0%   0.471 UA:2    +
   11   141  1   0.0%   0.731 AU:2    +
   15   155  1   0.0%   0.593 UA:2    +
   82    97  1   0.0%   0.424 UG:2    +
   19   139  1   0.0%   0.878 GU:2    +
    4    70  1   0.0%   0.116 CG:2    +
  102   107  1   0.0%   0.164 UA:2    +
  100   126  1   0.0%   1.163 GU:2    +
   80   135  1   0.0%   0.210 GC:2    +
   17    70  1   0.0%   0.663 UG:2    +
   94   110  1   0.0%   0.056 GC:2    +
   82    93  1   0.0%   0.340 UA:2    +
   18   132  1   0.0%   0.623 UA:2    +
  120   139  1   0.0%   1.357 GU:2    +
  102   121  1   0.0%   0.773 UG:2    +
    7    90  1   0.0%   0.141 AU:2    +
    8   105  1   0.0%   0.267 AU:2    +
  100   153  1   0.0%   1.413 GU:2    +
   16   121  1   0.0%   0.306 CG:2    +
  130   141  1   0.0%   1.110 GU:2    +
  103   141  1   0.0%   1.593 GU:2    +
   90   157  1   0.0%   0.862 UA:2    +
   90   120  1   0.0%   0.085 UG:2    +
    1    18  1   0.0%   0.002 AU:2    +
  150   158  1   0.0%   1.749 UA:2    +
   99   135  1   0.0%   0.776 GC:2    +
  117   131  1   0.0%   0.541 AU:2    +
   14   100  1   0.0%   0.534 UG:2    +
   99   139  1   0.0%   1.415 GU:2    +
  141   157  1   0.0%   1.622 UA:2    +
    4   100  1   0.0%   0.118 CG:2    +
   80    90  1   0.0%   0.148 GU:2    +
   90   158  1   0.0%   0.890 UA:2    +
    3    90  1   0.0%   0.025 AU:2    +
   10    82  1   0.0%   0.267 GU:2    +
    8    90  1   0.0%   0.176 AU:2    +
    3   138  1   0.0%   0.085 AU:2    +
   18    66  1   0.0%   0.556 UA:2    +
   94   108  1   0.0%   0.054 GC:2    +
  100   152  1   0.0%   1.391 GU:2    +
   20   144  1   0.0%   0.815 AU:2    +
    9    82  1   0.0%   0.115 AU:2    +
    3    15  1   0.0%   0.023 AU:2    +
   94   135  1   0.0%   0.225 GC:2    +
    8    82  1   0.0%   0.175 AU:2    +
   94   147  1   0.0%   0.519 GU:2    +
    8   102  1   0.0%   0.177 AU:2    +
   18   109  1   0.0%   0.566 UA:2    +
    3   139  1   0.0%   0.084 AU:2    +
   93   139  1   0.0%   1.179 AU:2    +
  137   150  1   0.0%   1.425 AU:2    +
   38   100  1   0.0%   0.223 CG:2    +
  100   160  1   0.0%   0.844 GC:2    +
   82    99  1   0.0%   0.347 UG:2    +
    8   150  1   0.0%   0.990 AU:2    +
   48    90  1   0.0%   0.018 AU:2    +
    5    78  1   0.0%   0.115 AU:2    +
  102   113  1   0.0%   0.499 UA:2    +
   73    90  1   0.0%   0.010 AU:2    +
   23   135  1   0.0%   0.039 GC:2    +
   44    94  1   0.0%   0.250 UG:2    +
    4    79  1   0.0%   0.117 CG:2    +
    6    90  1   0.0%   0.159 GU:2    +
   90   154  1   0.0%   1.132 UA:2    +
   82    98  1   0.0%   0.429 UA:2    +
  102   158  1   0.0%   1.211 UA:2    +
   90   143  1   0.0%   1.110 UG:2    +
  134   150  1   0.0%   1.420 AU:2    +
   90   112  1   0.0%   0.073 UG:2    +
   79   140  1   0.0%   0.628 GC:2    +
   12    80  1   0.0%   0.115 CG:2    +
  136   150  1   0.0%   1.303 AU:2    +
   15    70  1   0.0%   0.398 UG:2    +
  144   154  1   0.0%   2.177 UA:2    +
   97   102  1   0.0%   0.334 GU:2    +
    7   102  1   0.0%   0.142 AU:2    +
    5   138  1   0.0%   0.302 AU:2    +
   15    94  1   0.0%   0.304 UG:2    +
  100   106  1   0.0%   0.298 GC:2    +
   91   150  1   0.0%   0.942 AU:2    +
    4    94  1   0.0%   0.117 CG:2    +
   31   105  1   0.0%   0.110 AU:2    +
  100   129  1   0.0%   0.970 GU:2    +
   82   159  1   0.0%   0.431 UA:2    +
   97   110  1   0.0%   0.180 GC:2    +
   98   102  1   0.0%   0.311 AU:2    +
   29    51  1   0.0%   0.001 UA:2    +
    6    82  1   0.0%   0.158 GU:2    +
   91   139  1   0.0%   0.924 AU:2    +
    1   139  1   0.0%   0.005 AU:2    +
   20   141  1   0.0%   0.710 AU:2    +
   12    21  1   0.0%   0.026 CG:2    +
   90   151  1   0.0%   0.780 UA:2    +
   80   139  1   0.0%   0.632 GU:2    +
   11   102  1   0.0%   0.269 AU:2    +
   94   144  1   0.0%   0.915 GU:2    +
   18    88  1   0.0%   0.473 UA:2    +
   12    94  1   0.0%   0.116 CG:2    +
  139   159  1   0.0%   1.139 UA:2    +
   16   124  1   0.0%   0.424 CG:2    +
   64    90  1   0.0%   0.696 AU:2    +
   94   131  1   0.0%   0.445 GU:2    +
   11   150  1   0.0%   1.005 AU:2    +
   77    82  1   0.0%   0.273 AU:2    +
  104   145  1   0.0%   1.535 GC:2    +
   94   146  1   0.0%   0.549 GU:2    +
   18   143  1   0.0%   1.180 UG:2    +
   15   148  1   0.0%   0.596 UA:2    +
   75    94  1   0.0%   0.055 UG:2    +
   78   148  1   0.0%   0.191 UA:2    +
  118   141  1   0.0%   0.802 AU:2    +
   90   124  1   0.0%   0.202 UG:2    +
    7    82  1   0.0%   0.140 AU:2    +
   74    78  1   0.0%   0.163 AU:2    +
  100   140  1   0.0%   1.231 GC:2    +
    9    90  1   0.0%   0.116 AU:2    +
   87   150  1   0.0%   0.810 AU:2    +
    5   105  1   0.0%   0.116 AU:2    +
   10   110  1   0.0%   0.390 GC:2    +
   16   130  1   0.0%   0.354 CG:2    +
  100   115  1   0.0%   0.549 GC:2    +
  113   141  1   0.0%   0.836 AU:2    +
   97   135  1   0.0%   0.889 GC:2    +
    1    78  1   0.0%   0.002 AU:2    +
   18   118  1   0.0%   0.574 UA:2    +
   11    82  1   0.0%   0.054 AU:2    +
  112   139  1   0.0%   1.105 GU:2    +
    6   102  1   0.0%   0.160 GU:2    +
  103   145  1   0.0%   1.635 GC:2    +
   11    90  1   0.0%   0.056 AU:2    +
   75   117  1   0.0%   0.040 UA:2    +
   94   138  1   0.0%   0.700 GU:2    +
   23    90  1   0.0%   0.004 GU:2    +
   91   102  1   0.0%   0.216 AU:2    +
   75   100  1   0.0%   0.200 UG:2    +
   94   106  1   0.0%   0.164 GC:2    +
   99   141  1   0.0%   1.273 GU:2    +
   78    85  1   0.0%   0.537 UA:2    +
  121   145  1   0.0%   0.971 GC:2    +
   94   152  1   0.0%   0.862 GU:2    +
   78    87  1   0.0%   0.167 UA:2    +
   13   106  1   0.0%   0.277 GC:2    +
   94   141  1   0.0%   0.636 GU:2    +
   19   110  1   0.0%   0.431 GC:2    +
  117   127  1   0.0%   0.783 AU:2    +
   67    76  1   0.0%   0.081 CG:2    +
   18   128  1   0.0%   0.569 UA:2    +
   16   103  1   0.0%   0.291 CG:2    +
   95   105  1   0.0%   0.233 AU:2    +
  102   134  1   0.0%   0.890 UA:2    +
   80   145  1   0.0%   0.498 GC:2    +
   65   105  1   0.0%   0.769 AU:2    +
    5    90  1   0.0%   0.115 AU:2    +
   82   156  1   0.0%   0.800 UG:2    +
   15   151  1   0.0%   0.608 UA:2    +
   98   138  1   0.0%   1.385 AU:2    +
   76   115  1   0.0%   0.296 GC:2    +
   74    82  1   0.0%   0.278 AU:2    +
   86   150  1   0.0%   0.700 AU:2    +
   81    94  1   0.0%   0.225 UG:2    +
  110   130  1   0.0%   0.531 CG:2    +
   34   105  1   0.0%   0.170 AU:2    +
   94   139  1   0.0%   0.795 GU:2    +
   70   125  1   0.0%   0.220 GC:2    +
   18   111  1   0.0%   0.567 UA:2    +
    1   102  1   0.0%   0.002 AU:2    +
   78   113  1   0.0%   0.187 UA:2    +
   77    90  1   0.0%   0.006 AU:2    +
   82   157  1   0.0%   0.709 UA:2    +
   94   153  1   0.0%   0.883 GU:2    +
   13   125  1   0.0%   0.241 GC:2    +
   90   156  1   0.0%   0.952 UG:2    +
  117   144  1   0.0%   1.032 AU:2    +
   66    78  1   0.0%   0.089 AU:2    +
  100   127  1   0.0%   1.229 GU:2    +
    1    90  1   0.0%   0.002 AU:2    +
  144   155  1   0.0%   1.923 UA:2    +
  110   121  1   0.0%   0.508 CG:2    +
  105   118  1   0.0%   0.656 UA:2    +
  105   157  1   0.0%   0.993 UA:2    +
    2   100  1   0.0%   0.019 UG:2    +
   95   138  1   0.0%   0.985 AU:2    +
   97   141  1   0.0%   1.366 GU:2    +
   73   102  1   0.0%   0.153 AU:2    +
   18    73  1   0.0%   0.471 UA:2    +
   90   103  1   0.0%   0.106 UG:2    +
  117   150  1   0.0%   0.911 AU:2    +
   71    94  1   0.0%   0.441 CG:2    +
  141   156  1   0.0%   1.889 UG:2    +
   94   116  1   0.0%   0.066 GU:2    +
   76   140  1   0.0%   0.764 GC:2    +
   90   159  1   0.0%   0.582 UA:2    +
  102   157  1   0.0%   1.183 UA:2    +
  121   141  1   0.0%   0.927 GU:2    +
   25    90  1   0.0%   0.003 AU:2    +
   51    56  1   0.0%   0.005 AU:2    +
   94   123  1   0.0%   0.320 GU:2    +
   15    74  1   0.0%   0.297 UA:2    +
   70   144  1   0.0%   0.672 GU:2    +
   90   104  1   0.0%   0.122 UG:2    +
   67    79  1   0.0%   0.080 CG:2    +
   65    90  1   0.0%   0.663 AU:2    +
   15    93  1   0.0%   0.304 UA:2    +
    3    78  1   0.0%   0.024 AU:2    +
   77   139  1   0.0%   0.461 AU:2    +
   90   113  1   0.0%   0.069 UA:2    +
    5    82  1   0.0%   0.115 AU:2    +
   93   138  1   0.0%   1.084 AU:2    +
   85   150  1   0.0%   1.297 AU:2    +
  112   135  1   0.0%   0.507 GC:2    +
   78   137  1   0.0%   0.333 UA:2    +
   21   145  1   0.0%   0.331 GC:2    +
   82   113  1   0.0%   0.294 UA:2    +
   78    86  1   0.0%   0.182 UA:2    +
    2   117  1   0.0%   0.019 UA:2    +
   94   160  1   0.0%   0.315 GC:2    +
   95   150  1   0.0%   1.097 AU:2    +
   21   135  1   0.0%   0.040 GC:2    +
  112   141  1   0.0%   0.957 GU:2    +
   64   141  1   0.0%   1.096 AU:2    +
   77   138  1   0.0%   0.322 AU:2    +
   82   132  1   0.0%   0.345 UA:2    +
  118   144  1   0.0%   1.043 AU:2    +
   15    91  1   0.0%   0.305 UA:2    +
   97   139  1   0.0%   1.461 GU:2    +
  102   143  1   0.0%   1.437 UG:2    +
   83   100  1   0.0%   0.536 UG:2    +
   15   118  1   0.0%   0.452 UA:2    +
   14    94  1   0.0%   0.297 UG:2    +
  110   156  1   0.0%   0.720 CG:2    +
.............((((((((((((((((.....((((.......))))...)))))))))((((((((........))))))))....((((.((((((((((((.....)).)))))..)).))).))))........((((...)))))))))))..
