3 sequence; length of alignment 160
alifold output
  118   125  0  99.9%   0.004 GC:2    GU:1   
  106   137  0  99.3%   0.050 GC:2    AU:1   
  115   128  0 100.0%   0.000 CG:3   
  108   135  0 100.0%   0.000 GC:3   
  117   126  0 100.0%   0.000 GC:3   
  113   130  0 100.0%   0.000 CG:3   
  114   129  0 100.0%   0.001 AU:3   
  116   127  0 100.0%   0.001 UA:3   
  112   131  0  99.9%   0.002 AU:3   
  109   134  0  99.9%   0.004 AU:3   
  107   136  0  99.8%   0.005 UA:3   
   66    84  0  99.8%   0.024 GC:3   
   67    83  0  99.8%   0.024 CG:3   
  111   132  0  99.0%   0.031 UG:3   
   71    78  0  96.8%   0.097 GC:2    GU:1   
   32    43  0  96.7%   0.273 GU:1    AU:2   
   34    41  0  97.3%   0.180 AU:3   
   33    42  0  97.2%   0.256 GU:3   
   35    40  0  97.0%   0.178 GC:3   
   31    44  0  96.9%   0.247 AU:3   
   30    45  0  96.4%   0.227 CG:3   
   65    85  0  95.9%   0.132 UA:3   
   68    82  0  95.9%   0.186 UA:3   
   70    79  0  92.3%   0.230 AU:3   
  119   124  0  92.1%   0.227 UA:3   
   29    46  0  92.1%   0.447 AU:3   
   72    77  0  91.3%   0.256 UA:3   
  105   138  0  90.9%   0.442 AU:3   
  104   139  1  57.4%   1.680 UA:2    +
   64    87  0  53.1%   1.543 CG:3   
   28    47  0  52.4%   1.699 AU:3   
   63    88  0  51.1%   1.586 CG:3   
   62    89  0  46.5%   1.931 AU:3   
   20    51  0  44.3%   1.261 UA:3   
   21    50  0  44.2%   1.275 CG:3   
   10    57  0  41.0%   1.467 CG:3    +
    9    58  0  41.0%   1.553 GC:3    +
   61    87  0  38.4%   1.184 CG:3    +
   11    56  1  37.9%   1.776 UG:1    UA:1    +
   19    52  0  37.7%   1.816 AU:3   
   60    88  0  37.0%   1.166 CG:3    +
   59    89  0  34.7%   1.291 AU:3    +
   18    53  0  34.3%   1.908 UG:3   
   62    86  1  32.9%   1.156 AU:2    +
   17    54  0  32.2%   1.786 AU:3   
   58   102  0  27.6%   2.010 CG:3   
   57   103  0  27.6%   2.039 GC:3   
  100   144  0  27.4%   2.773 GC:3    +
   59   101  0  26.7%   2.001 AU:3   
   99   145  0  26.2%   2.057 UA:3    +
   60   100  0  26.1%   1.917 CG:3   
   13    53  0  25.3%   1.469 CG:3    +
  101   143  1  25.7%   2.695 UA:2    +
   12    54  0  25.0%   1.698 AU:3    +
    1    13  0  23.2%   1.181 GC:3   
    2    12  0  23.2%   1.163 UA:3   
   53    91  0  22.6%   2.053 GC:3    +
   52    92  0  22.4%   1.890 UA:3    +
   54    90  0  22.4%   1.962 UA:3    +
   14    52  0  22.0%   1.082 AU:3    +
   25    48  0  21.9%   1.818 UA:3    +
    3    11  1  21.8%   0.996 AU:2   
   51    93  0  20.2%   1.359 AU:3    +
   24    49  0  19.5%   1.829 GU:3    +
   96   148  1  19.2%   1.435 AU:2    +
   56   104  0  16.3%   1.619 GU:1    UG:1    AU:1   
   91   100  0  17.7%   2.329 CG:3    +
   95   149  1  17.8%   1.291 UA:2    +
   90   101  0  17.1%   2.192 AU:3    +
   92    99  0  16.8%   1.645 AU:3    +
  152   158  0  15.3%   1.421 UG:1    UA:2    +
   97   147  1  16.4%   1.333 UA:2    +
  151   159  0  15.6%   1.715 CG:3    +
   50    94  0  15.5%   1.597 GU:3    +
   27   100  0  14.4%   1.349 CG:3    +
   26   101  0  14.4%   1.741 AU:3    +
   25   102  0  14.4%   1.856 UG:3    +
   24   103  0  14.4%   1.806 GC:3    +
   26    47  0  13.9%   1.382 AU:3    +
   94   150  0  13.4%   1.667 UA:3    +
   18    48  0  12.7%   0.853 UA:3    +
   17    49  0  12.4%   0.843 AU:3    +
   89   102  0  12.4%   2.418 UG:3    +
   88   103  0  11.4%   2.300 GC:3    +
    1   151  0  10.5%   1.729 GC:3    +
    2   150  0   9.8%   1.681 UA:3    +
   10    24  0   9.2%   0.816 CG:3    +
   23   104  1   9.7%   1.177 AU:2    +
   11    23  0   9.2%   1.039 UA:3    +
   12    22  0   8.6%   1.035 AU:3    +
    9    25  0   8.5%   0.865 GU:3    +
   19    47  0   8.3%   0.675 AU:3    +
    1   144  0   7.9%   1.373 GC:3    +
   28    99  0   7.8%   1.282 AU:3    +
   22   158  0   6.5%   1.216 UG:1    UA:2    +
   21   159  0   7.4%   1.110 CG:3    +
   53   144  0   6.8%   2.086 GC:3    +
   52   145  0   6.8%   1.885 UA:3    +
    2   143  1   7.1%   1.315 UA:2    +
  153   157  1   7.0%   0.773 UA:2    +
  154   159  0   6.2%   1.350 CG:3    +
   20   160  0   6.1%   1.113 UA:3    +
   54   143  1   5.9%   1.884 UA:2    +
   63    87  0   5.3%   0.849 CG:3    +
   22   105  0   5.2%   0.865 UA:3    +
   50    95  0   4.0%   1.439 GC:1    GU:2    +
    9   103  0   4.9%   1.318 GC:3    +
   51   146  0   4.9%   1.463 AU:3    +
    1    10  0   4.9%   0.459 GC:3    +
   10   102  0   4.9%   1.218 CG:3    +
    2     9  0   4.7%   0.433 UG:3    +
  102   144  0   4.6%   2.492 GC:3    +
  101   145  0   4.5%   2.695 UA:3    +
   13   100  0   4.5%   1.217 CG:3    +
  100   146  0   4.5%   2.417 GU:3    +
   26    49  0   4.4%   1.710 AU:3    +
   12   101  0   4.4%   1.439 AU:3    +
   99   147  0   3.9%   2.003 UA:3    +
   14    99  0   3.9%   0.872 AU:3    +
    8   104  0   2.8%   0.358 UG:1    AU:2    +
   48   148  0   3.6%   1.449 AU:3    +
   49    96  1   4.0%   1.475 UA:2    +
   24   151  0   3.5%   1.703 GC:3    +
   49   147  0   3.4%   1.703 UA:3    +
   23   152  0   3.3%   1.066 AU:3    +
  153   160  1   3.8%   0.915 UA:2    +
   25   150  0   3.3%   1.669 UA:3    +
   57    91  0   3.0%   1.190 GC:3    +
   47   149  0   3.0%   1.328 UA:3    +
    1    91  0   3.0%   0.929 GC:3    +
   92   101  0   3.0%   2.084 AU:3    +
   91   102  0   3.0%   2.295 CG:3    +
  139   148  0   3.0%   1.312 AU:3    +
   93   100  0   2.9%   1.785 UG:3    +
   22    48  0   2.9%   0.920 UA:3    +
    2    90  0   2.9%   0.896 UA:3    +
   32    41  0   1.8%   0.249 GU:1    AU:2    +
   48    97  1   3.2%   1.161 AU:2    +
  141   146  0   2.7%   0.911 AU:3    +
  140   147  1   3.1%   1.177 UA:2    +
   24   154  0   2.3%   1.512 GC:3    +
  102   140  0   1.3%   1.450 GC:1    GU:2    +
   23    49  0   2.2%   0.935 AU:3    +
   23   155  0   2.2%   1.039 AU:3    +
  138   149  0   2.2%   0.883 UA:3    +
   27    45  0   2.2%   0.370 CG:3    +
   28    44  0   2.1%   0.248 AU:3    +
   23    47  0   2.1%   0.673 AU:3    +
   26    46  0   2.1%   0.422 AU:3    +
   51    94  0   2.1%   1.241 AU:3    +
   56    86  0   0.0%   0.404 GU:1    AU:1    UA:1    +
   56    98  0   0.0%   0.528 GU:1    AU:1    UA:1    +
   56   153  0   0.0%   0.829 GU:1    UG:1    AU:1    +
   11   158  0   1.0%   1.221 UG:1    UA:2    +
    3   153  0   1.0%   0.638 CG:1    AU:2    +
   29    43  0   1.9%   0.262 AU:3    +
   13    24  0   1.9%   0.801 CG:3    +
   12    25  0   1.9%   1.056 AU:3    +
   33    40  0   1.9%   0.251 GC:3    +
    4   152  0   0.8%   0.167 GU:1    AU:2    +
    1    27  0   1.8%   0.725 GC:3    +
   11    26  0   1.8%   0.884 UA:3    +
    2    26  0   1.8%   0.705 UA:3    +
   31    42  0   1.7%   0.213 AU:3    +
  104   142  0   0.7%   1.141 GC:1    UA:2    +
   46   150  0   1.7%   0.737 UA:3    +
   53    58  0   1.7%   1.412 GC:3    +
   19    49  0   1.7%   0.773 AU:3    +
   50   146  0   1.7%   1.554 GU:3    +
   20    48  0   1.7%   0.574 UA:3    +
   52    59  0   1.6%   1.030 UA:3    +
   18    50  0   1.6%   0.590 UG:3    +
   27    50  0   1.6%   0.939 CG:3    +
   41   158  0   0.5%   0.417 UG:1    UA:2    +
   50    61  0   1.5%   0.848 GC:3    +
   22    32  0   0.5%   0.331 UG:1    UA:2    +
   22   156  0   1.5%   0.771 UA:3    +
   45   151  0   1.4%   0.698 GC:3    +
   14    20  0   1.4%   0.187 AU:3    +
    4   148  0   0.4%   0.144 GU:1    AU:2    +
   14    54  0   1.3%   0.934 AU:3    +
    8    98  0   0.3%   0.092 AU:2    UA:1    +
   70    80  1   1.8%   0.300 AU:2    +
   53   140  0   0.3%   1.350 GC:1    GU:2    +
  142   153  0   0.3%   0.254 CG:1    AU:2    +
    1   140  0   0.2%   0.801 GC:1    GU:2    +
  100   140  0   0.2%   1.349 GC:1    GU:2    +
    1   154  0   1.2%   1.416 GC:3    +
    4    11  0   0.2%   0.366 GU:1    AU:2    +
   28    49  0   1.2%   1.506 AU:3    +
    4   140  0   0.1%   0.066 GC:1    AU:2    +
   53    95  0   0.1%   1.444 GC:1    GU:2    +
    9    97  0   0.1%   0.855 GC:1    GU:2    +
   50   144  0   1.1%   1.504 GC:3    +
   35    39  0   0.0%   0.023 GC:2    GU:1    +
   10   159  0   1.0%   1.044 CG:3    +
   49   145  0   1.0%   1.371 UA:3    +
   93   158  0   0.0%   0.732 UG:1    UA:2    +
   71    79  0   1.0%   0.251 GU:3    +
   20   158  0   0.0%   0.650 UG:1    UA:2    +
  104   143  0   0.0%   1.764 GU:1    UA:2    +
   16    52  0   1.0%   0.533 AU:3    +
   25    50  0   1.0%   1.354 UG:3    +
    4   146  0   0.0%   0.079 GU:1    AU:2    +
    1    97  0   0.0%   0.726 GC:1    GU:2    +
  146   158  0   0.0%   0.930 UG:1    UA:2    +
    4   155  0   0.0%   0.109 GU:1    AU:2    +
    4    94  0   0.0%   0.019 GU:1    AU:2    +
    5   153  0   0.0%   0.083 UG:1    AU:2    +
    2   158  0   0.0%   1.245 UG:1    UA:2    +
   16    49  0   1.0%   0.152 AU:3    +
   65   158  0   0.0%   0.315 UG:1    UA:2    +
    8   153  0   0.0%   0.279 UG:1    AU:2    +
   95   158  0   0.0%   0.769 CG:1    UA:2    +
    4    95  0   0.0%   0.021 GC:1    AU:2    +
   98   143  0   0.0%   0.531 AU:1    UA:2    +
   48   146  0   1.0%   1.140 AU:3    +
   49    62  0   1.0%   1.139 UA:3    +
   57   140  0   0.0%   0.929 GC:1    GU:2    +
   32   155  0   0.0%   0.267 GU:1    AU:2    +
  140   158  0   0.0%   0.544 CG:1    UA:2    +
   24   140  0   0.0%   1.108 GC:1    GU:2    +
   42   158  0   0.0%   0.388 UG:1    UA:2    +
    3   104  0   0.0%   0.435 CG:1    AU:2    +
    5    98  0   0.0%   0.012 AU:2    UA:1    +
   50    97  0   0.0%   1.305 GC:1    GU:2    +
   18   158  0   0.0%   0.910 UG:1    UA:2    +
    4    99  0   0.0%   0.018 GU:1    AU:2    +
  143   153  0   0.0%   0.890 UG:1    AU:2    +
  148   158  0   0.0%   1.038 UG:1    UA:2    +
    9   140  0   0.0%   1.022 GC:1    GU:2    +
   24    97  0   0.0%   0.834 GC:1    GU:2    +
   95   159  0   0.0%   0.839 CG:1    UG:2    +
   96   153  0   0.0%   0.637 UG:1    AU:2    +
   18    75  0   0.0%   0.767 UG:2    UA:1    +
   97   159  0   0.0%   0.836 CG:1    UG:2    +
   32    42  0   0.0%   0.172 GU:1    AU:2    +
   95   100  0   0.0%   1.426 CG:1    UG:2    +
    4    25  0   0.0%   0.050 GU:1    AU:2    +
   57    95  0   0.0%   0.689 GC:1    GU:2    +
    4    89  0   0.0%   0.060 GU:1    AU:2    +
   95   102  0   0.0%   1.386 CG:1    UG:2    +
   81   153  0   0.0%   0.180 CG:1    AU:2    +
   33    39  0   0.0%   0.029 GC:2    GU:1    +
   87    95  0   0.0%   1.047 GC:1    GU:2    +
    8    86  0   0.0%   0.038 AU:2    UA:1    +
   32    44  0   0.0%   0.247 GU:1    AU:2    +
   86    96  0   0.0%   0.552 AU:1    UA:2    +
   94   158  0   0.0%   0.938 UG:1    UA:2    +
  138   158  0   0.0%   0.468 UG:1    UA:2    +
    4    93  0   0.0%   0.014 GU:1    AU:2    +
  140   159  0   0.0%   0.613 CG:1    UG:2    +
   97   102  0   0.0%   1.382 CG:1    UG:2    +
  137   159  0   0.0%   0.345 CG:2    UG:1    +
   47    75  0   0.0%   0.933 UG:2    UA:1    +
   57    97  0   0.0%   0.680 GC:1    GU:2    +
    4    52  0   0.0%   0.013 GU:1    AU:2    +
   43   158  0   0.0%   0.391 UG:1    UA:2    +
   18   147  0   1.0%   0.984 UA:3    +
   24    39  0   0.0%   0.368 GC:2    GU:1    +
   39   159  0   0.0%   0.277 CG:2    UG:1    +
  106   138  0   0.0%   0.140 GU:2    AU:1    +
   53    97  0   0.0%   1.428 GC:1    GU:2    +
   88    97  0   0.0%   0.911 GC:1    GU:2    +
    4   101  0   0.0%   0.030 GU:1    AU:2    +
    1    95  0   0.0%   0.720 GC:1    GU:2    +
   50   140  0   0.0%   1.190 GC:1    GU:2    +
    5   104  0   0.0%   0.023 UG:1    AU:2    +
    9    39  0   0.0%   0.450 GC:2    GU:1    +
    4    18  0   0.0%   0.013 GU:1    AU:2    +
    4   138  0   0.0%   0.025 GU:1    AU:2    +
   75    79  0   0.0%   0.132 GU:2    AU:1    +
   75   146  0   0.0%   0.389 GU:2    AU:1    +
   78    87  0   0.0%   0.900 CG:2    UG:1    +
   87   140  0   0.0%   0.984 GC:1    GU:2    +
   46   158  0   0.0%   0.515 UG:1    UA:2    +
   49   158  0   0.0%   1.615 UG:1    UA:2    +
   79   158  0   0.0%   0.385 UG:1    UA:2    +
   88    95  0   0.0%   0.917 GC:1    GU:2    +
   78   159  0   0.0%   0.363 CG:2    UG:1    +
    4    22  0   0.0%   0.012 GU:1    AU:2    +
   47   158  0   0.0%   1.340 UG:1    UA:2    +
    9   137  0   0.0%   0.986 GC:2    GU:1    +
    4    46  0   0.0%   0.012 GU:1    AU:2    +
   20   106  0   0.0%   0.540 UG:2    UA:1    +
    5    86  0   0.0%   0.007 AU:2    UA:1    +
   25   158  0   0.0%   1.448 UG:1    UA:2    +
    4    20  0   0.0%   0.012 GU:1    AU:2    +
    4    49  0   0.0%   0.013 GU:1    AU:2    +
   78    83  0   0.0%   0.042 CG:2    UG:1    +
    1   137  0   0.0%   0.757 GC:2    GU:1    +
    1    78  0   0.0%   0.613 GC:2    GU:1    +
   11    32  0   0.0%   0.672 UG:1    UA:2    +
   44   158  0   0.0%   0.374 UG:1    UA:2    +
   78    88  0   0.0%   0.770 CG:2    UG:1    +
   89   158  0   0.0%   1.323 UG:1    UA:2    +
   54   158  0   0.0%   1.645 UG:1    UA:2    +
    9    95  0   0.0%   0.834 GC:1    GU:2    +
   45    97  0   0.0%   0.170 GC:1    GU:2    +
   24    95  0   0.0%   0.814 GC:1    GU:2    +
   66    78  0   0.0%   0.011 GC:2    GU:1    +
   86   143  0   0.0%   0.752 AU:1    UA:2    +
    4    54  0   0.0%   0.012 GU:1    AU:2    +
   18   106  0   0.0%   0.796 UG:2    UA:1    +
   54   106  0   0.0%   1.196 UG:2    UA:1    +
   25    32  0   0.0%   0.413 UG:1    UA:2    +
    4    44  0   0.0%   0.012 GU:1    AU:2    +
    9    27  0   1.0%   0.611 GC:3    +
   19   146  0   1.0%   0.925 AU:3    +
   17   148  0   0.9%   0.918 AU:3    +
    9   151  0   0.9%   1.362 GC:3    +
   15    50  1   1.4%   0.201 CG:2    +
   20   145  0   0.9%   0.678 UA:3    +
    2   147  0   0.9%   1.071 UA:3    +
   15    53  1   1.4%   0.606 CG:2    +
    1   148  0   0.8%   1.099 GU:3    +
   27    53  0   0.8%   1.172 CG:3    +
   50    55  0   0.8%   0.743 GC:3    +
   26    54  0   0.7%   1.549 AU:3    +
   87   104  1   1.2%   1.655 GU:2    +
    9    21  0   0.7%   0.263 GC:3    +
    1   103  0   0.7%   0.826 GC:3    +
   29    98  1   1.2%   0.412 AU:2    +
    2   102  0   0.7%   0.795 UG:3    +
   53   151  0   0.6%   2.023 GC:3    +
   47   147  0   0.6%   1.137 UA:3    +
   11    19  0   0.6%   0.447 UA:3    +
   50   154  0   0.6%   1.529 GC:3    +
   28    52  0   0.6%   1.348 AU:3    +
  101   141  0   0.6%   1.367 UA:3    +
   12    18  0   0.6%   0.435 AU:3    +
   92   152  0   0.6%   1.081 AU:3    +
   54   150  0   0.6%   1.860 UA:3    +
   40   159  0   0.6%   0.463 CG:3    +
   42   157  0   0.5%   0.193 UA:3    +
    3    89  1   1.0%   0.512 AU:2    +
   24    30  0   0.5%   0.427 GC:3    +
   21    33  0   0.5%   0.117 CG:3    +
   24    91  0   0.5%   0.941 GC:3    +
   25    90  0   0.5%   0.966 UA:3    +
   24    47  0   0.5%   0.750 GU:3    +
   20    34  0   0.5%   0.158 UA:3    +
   25    29  0   0.5%   0.441 UA:3    +
   26    89  0   0.5%   0.818 AU:3    +
   68    81  1   0.9%   0.144 UA:2    +
   27    88  0   0.4%   0.376 CG:3    +
   61   100  0   0.4%   1.323 CG:3    +
   43   156  0   0.4%   0.260 UA:3    +
  149   155  0   0.4%   0.841 AU:3    +
   62    99  0   0.4%   1.228 AU:3    +
  148   156  0   0.4%   0.938 UA:3    +
    8   152  1   0.9%   0.327 AU:2    +
   49    56  1   0.4%   1.402 UG:1    UA:1    +
   14   101  0   0.4%   0.820 AU:3    +
   94   149  0   0.3%   0.601 UA:3    +
   16    99  0   0.3%   0.358 AU:3    +
    7    99  0   0.3%   0.068 AU:3    +
   19    25  0   0.3%   0.434 AU:3    +
   13   102  0   0.3%   1.159 CG:3    +
    2    59  0   0.3%   0.626 UA:3    +
    1    60  0   0.3%   0.646 GC:3    +
  139   146  0   0.3%   0.945 AU:3    +
   20    24  0   0.3%   0.439 UG:3    +
   18    26  0   0.3%   0.241 UA:3    +
   93   150  0   0.3%   0.937 UA:3    +
   24    46  0   0.3%   0.419 GU:3    +
   24    55  0   0.3%   0.790 GC:3    +
   11   149  0   0.3%   1.121 UA:3    +
  141   148  0   0.3%   0.942 AU:3    +
    3   146  1   0.8%   0.567 AU:2    +
    3    25  1   0.8%   0.444 AU:2    +
   12   148  0   0.3%   1.270 AU:3    +
   52   141  0   0.2%   1.274 UA:3    +
   50   148  0   0.2%   1.580 GU:3    +
   49   149  0   0.2%   1.528 UA:3    +
   99   141  0   0.2%   0.761 UA:3    +
   54   139  0   0.2%   1.227 UA:3    +
    2   139  0   0.2%   0.771 UA:3    +
  138   147  0   0.2%   0.835 UA:3    +
    9   154  0   0.2%   1.128 GC:3    +
   61   159  0   0.2%   0.818 CG:3    +
  101   139  0   0.2%   1.290 UA:3    +
    2   149  0   0.2%   1.023 UA:3    +
   25    51  0   0.2%   1.172 UA:3    +
    2   156  0   0.2%   1.259 UA:3    +
   15   153  1   0.2%   0.275 CG:1    AU:1    +
   28    46  0   0.2%   0.214 AU:3    +
   16   152  0   0.2%   0.292 AU:3    +
  147   155  0   0.2%   0.999 AU:3    +
   53    60  0   0.2%   0.951 GC:3    +
  146   156  0   0.2%   0.798 UA:3    +
   58    66  0   0.1%   0.477 CG:3    +
   57    67  0   0.1%   0.421 GC:3    +
  144   159  0   0.1%   1.312 CG:3    +
   54    59  0   0.1%   0.938 UA:3    +
   55   159  0   0.1%   0.390 CG:3    +
    9    13  0   0.1%   0.509 GC:3    +
   59    65  0   0.1%   0.130 AU:3    +
   18    24  0   0.1%   0.378 UG:3    +
   13   159  0   0.1%   1.021 CG:3    +
   17    25  0   0.1%   0.364 AU:3    +
  152   157  0   0.1%   0.357 UA:3    +
   26   152  0   0.1%   1.246 AU:3    +
    8    22  1   0.6%   0.098 AU:2    +
   16    54  0   0.1%   0.533 AU:3    +
   56    68  1   0.1%   0.415 GU:1    AU:1    +
   10    83  0   0.1%   0.758 CG:3    +
    9    84  0   0.1%   0.845 GC:3    +
   14    25  0   0.1%   0.421 AU:3    +
    2   145  0   0.1%   0.961 UA:3    +
   11    82  0   0.1%   1.064 UA:3    +
    1   146  0   0.1%   0.994 GU:3    +
   19   148  0   0.1%   0.934 AU:3    +
   24    52  0   0.1%   1.508 GU:3    +
   50    58  0   0.1%   1.036 GC:3    +
  152   159  0   0.1%   1.235 UG:3    +
    9   144  0   0.1%   1.208 GC:3    +
   18   149  0   0.1%   0.895 UA:3    +
   22    51  0   0.1%   0.769 UA:3    +
   17    97  1   0.6%   0.754 AU:2    +
   21   106  1   0.6%   0.520 CG:2    +
   20   147  0   0.1%   0.693 UA:3    +
   52   147  0   0.1%   1.686 UA:3    +
   13    57  0   0.1%   1.157 CG:3    +
   53   146  0   0.1%   1.848 GU:3    +
   24   144  0   0.1%   1.290 GC:3    +
   50    60  0   0.1%   0.689 GC:3    +
   22    92  0   0.1%   0.418 UA:3    +
   51   153  1   0.6%   1.135 AU:2    +
   51   148  0   0.1%   1.247 AU:3    +
   54   145  0   0.1%   1.649 UA:3    +
   49    59  0   0.1%   1.028 UA:3    +
   23    52  0   0.1%   1.156 AU:3    +
   18   156  0   0.1%   0.884 UA:3    +
    2    14  0   0.1%   0.501 UA:3    +
   70    74  0   0.1%   0.019 AU:3    +
   19   155  0   0.1%   0.836 AU:3    +
   11   102  0   0.1%   1.246 UG:3    +
   16    98  1   0.6%   0.230 AU:2    +
    2   141  0   0.1%   0.759 UA:3    +
   18    96  1   0.6%   0.857 UA:2    +
   26    52  0   0.1%   1.434 AU:3    +
    1    30  0   0.1%   0.597 GC:3    +
  102   138  0   0.1%   1.229 GU:3    +
   26   148  0   0.1%   1.166 AU:3    +
  152   160  0   0.1%   0.781 UA:3    +
   72    76  0   0.1%   0.020 UA:3    +
    2    29  0   0.1%   0.577 UA:3    +
   53    61  0   0.1%   0.985 GC:3    +
   14    22  0   0.1%   0.323 AU:3    +
   57    61  0   0.1%   0.467 GC:3    +
   68    76  0   0.1%   0.020 UA:3    +
   25    53  0   0.0%   1.572 UG:3    +
   60   159  0   0.0%   1.079 CG:3    +
   52    62  0   0.0%   0.930 UA:3    +
   16    20  0   0.0%   0.075 AU:3    +
   91   159  0   0.0%   1.329 CG:3    +
   27   159  0   0.0%   0.886 CG:3    +
   94   157  0   0.0%   0.722 UA:3    +
   48   155  0   0.0%   1.203 AU:3    +
   29    47  0   0.0%   1.125 AU:3    +
   90   155  0   0.0%   0.928 AU:3    +
   14    18  0   0.0%   0.050 AU:3    +
   24    58  0   0.0%   1.131 GC:3    +
   22    53  0   0.0%   1.181 UG:3    +
  148   157  0   0.0%   0.821 UA:3    +
   54   160  0   0.0%   1.574 UA:3    +
   87   144  0   0.0%   1.379 GC:3    +
  141   155  0   0.0%   0.345 AU:3    +
   25    57  0   0.0%   1.172 UG:3    +
   37   159  0   0.0%   0.280 CG:3    +
   99   149  0   0.0%   1.709 UA:3    +
    9    55  0   0.0%   0.462 GC:3    +
   25   149  0   0.0%   1.147 UA:3    +
   90    99  0   0.0%   0.867 AU:3    +
   30    35  0   0.0%   0.050 CG:3    +
   18    51  0   0.0%   0.405 UA:3    +
   12   155  0   0.0%   1.204 AU:3    +
   47   156  0   0.0%   1.195 UA:3    +
   22    50  0   0.0%   0.881 UG:3    +
   29    36  0   0.0%   0.046 AU:3    +
   11   156  0   0.0%   1.099 UA:3    +
   22   157  0   0.0%   0.642 UA:3    +
    7   146  0   0.0%   0.088 AU:3    +
  100   148  0   0.0%   2.376 GU:3    +
   17    36  0   0.0%   0.024 AU:3    +
   17    22  0   0.0%   0.260 AU:3    +
  150   155  0   0.0%   0.935 AU:3    +
   36   160  0   0.0%   0.193 UA:3    +
   64   159  0   0.0%   0.675 CG:3    +
  101   147  0   0.0%   2.466 UA:3    +
   50   151  0   0.0%   1.743 GC:3    +
   11   147  0   0.0%   1.108 UA:3    +
   56    89  1   0.0%   0.479 GU:1    AU:1    +
   61    88  0   0.0%   0.842 CG:3    +
   16    22  0   0.0%   0.261 AU:3    +
   18    35  0   0.0%   0.075 UG:3    +
   25   156  0   0.0%   1.305 UA:3    +
    1   155  0   0.0%   1.317 GU:3    +
   12   146  0   0.0%   1.203 AU:3    +
   60    87  0   0.0%   0.047 CG:3    +
   26   155  0   0.0%   1.156 AU:3    +
   11   150  0   0.0%   1.311 UA:3    +
    1    63  0   0.0%   0.617 GC:3    +
  102   146  0   0.0%   1.937 GU:3    +
    2    62  0   0.0%   0.595 UA:3    +
   57    89  0   0.0%   0.481 GU:3    +
   14   155  0   0.0%   0.665 AU:3    +
   17    52  0   0.0%   0.665 AU:3    +
   73    79  0   0.0%   0.130 AU:3    +
  145   152  0   0.0%   1.085 AU:3    +
   90   152  0   0.0%   1.007 AU:3    +
   11    16  0   0.0%   0.352 UA:3    +
   93   149  0   0.0%   0.607 UA:3    +
    7   155  0   0.0%   0.089 AU:3    +
    2   157  0   0.0%   1.244 UA:3    +
  146   157  0   0.0%   0.706 UA:3    +
   89   156  0   0.0%   1.178 UA:3    +
   21    53  0   0.0%   1.207 CG:3    +
    7   152  0   0.0%   0.084 AU:3    +
   18   141  0   0.0%   0.810 UA:3    +
   85   146  0   0.0%   0.426 AU:3    +
    1    58  0   0.0%   0.594 GC:3    +
   11   141  0   0.0%   1.066 UA:3    +
   18   139  0   0.0%   0.816 UA:3    +
   93   157  0   0.0%   0.505 UA:3    +
   58    87  0   0.0%   0.466 CG:3    +
   25   147  0   0.0%   1.203 UA:3    +
  152   156  0   0.0%   0.439 UA:3    +
    2     7  0   0.0%   0.005 UA:3    +
   14   146  0   0.0%   0.680 AU:3    +
    2   160  0   0.0%   1.248 UA:3    +
    2    57  0   0.0%   0.574 UG:3    +
   92   148  0   0.0%   1.060 AU:3    +
   93   147  0   0.0%   0.700 UA:3    +
   94   159  0   0.0%   1.013 UG:3    +
   56    93  1   0.0%   0.738 GU:1    AU:1    +
   11    17  0   0.0%   0.353 UA:3    +
    7   148  0   0.0%   0.115 AU:3    +
   20   139  0   0.0%   0.561 UA:3    +
   26   146  0   0.0%   1.113 AU:3    +
  147   152  0   0.0%   1.095 AU:3    +
   27    35  0   0.0%   0.128 CG:3    +
  100   151  0   0.0%   2.255 GC:3    +
   59    93  0   0.0%   0.818 AU:3    +
   19   138  0   0.0%   0.738 AU:3    +
    9    61  0   0.0%   0.826 GC:3    +
   24   148  0   0.0%   1.222 GU:3    +
   26    36  0   0.0%   0.171 AU:3    +
  101   150  0   0.0%   2.516 UA:3    +
    2   159  0   0.0%   1.246 UG:3    +
   93   160  0   0.0%   0.651 UA:3    +
   22   141  0   0.0%   0.571 UA:3    +
   58    88  0   0.0%   0.486 CG:3    +
   94   156  0   0.0%   0.787 UA:3    +
   57   151  0   0.0%   1.364 GC:3    +
    7    52  0   0.0%   0.009 AU:3    +
   50    64  0   0.0%   0.725 GC:3    +
   23   146  0   0.0%   0.732 AU:3    +
   22   147  0   0.0%   0.664 UA:3    +
   53   148  0   0.0%   1.761 GU:3    +
    1    61  0   0.0%   0.613 GC:3    +
   49   156  0   0.0%   1.469 UA:3    +
   21    57  0   0.0%   0.809 CG:3    +
   17   146  0   0.0%   0.751 AU:3    +
   18    23  0   0.0%   0.260 UA:3    +
   57    64  0   0.0%   0.395 GC:3    +
   17   152  0   0.0%   0.837 AU:3    +
    1    21  0   0.0%   0.514 GC:3    +
   20   157  0   0.0%   0.599 UA:3    +
   52   149  0   0.0%   1.589 UA:3    +
   10    35  0   0.0%   0.370 CG:3    +
   54   147  0   0.0%   1.612 UA:3    +
   56   152  1   0.0%   0.929 GU:1    AU:1    +
  155   160  0   0.0%   0.504 UA:3    +
   18   145  0   0.0%   0.811 UA:3    +
   23    93  0   0.0%   0.401 AU:3    +
   50    63  0   0.0%   0.726 GC:3    +
   18   157  0   0.0%   0.866 UA:3    +
   22    56  1   0.0%   0.767 UG:1    UA:1    +
   54    92  0   0.0%   1.511 UA:3    +
    2    19  0   0.0%   0.495 UA:3    +
   53    93  0   0.0%   1.581 GU:3    +
  155   159  0   0.0%   1.009 UG:3    +
   18   160  0   0.0%   0.867 UA:3    +
   22   145  0   0.0%   0.617 UA:3    +
  148   160  0   0.0%   0.953 UA:3    +
   90    94  0   0.0%   0.843 AU:3    +
   50    91  0   0.0%   0.858 GC:3    +
    1    55  0   0.0%   0.591 GC:3    +
   49    92  0   0.0%   1.056 UA:3    +
   44   156  0   0.0%   0.224 UA:3    +
   52    57  0   0.0%   1.188 UG:3    +
   42   156  0   0.0%   0.186 UA:3    +
   48    54  0   0.0%   1.586 AU:3    +
   46   157  0   0.0%   0.297 UA:3    +
   20    92  0   0.0%   0.542 UA:3    +
   19    93  0   0.0%   0.703 AU:3    +
   49    53  0   0.0%   1.798 UG:3    +
    9    36  0   0.0%   0.452 GU:3    +
   53    63  0   0.0%   0.916 GC:3    +
   48    93  0   0.0%   0.776 AU:3    +
   21    45  0   0.0%   0.066 CG:3    +
   57   154  0   0.0%   1.057 GC:3    +
  146   150  0   0.0%   1.390 UA:3    +
   22   149  0   0.0%   0.603 UA:3    +
   43   157  0   0.0%   0.171 UA:3    +
   54    62  0   0.0%   0.882 UA:3    +
   63   159  0   0.0%   0.835 CG:3    +
   56   148  1   0.0%   0.998 GU:1    AU:1    +
   23   148  0   0.0%   0.774 AU:3    +
   13    35  0   0.0%   0.427 CG:3    +
   56   155  1   0.0%   0.843 GU:1    AU:1    +
   10    53  0   0.0%   0.372 CG:3    +
    7    49  0   0.0%   0.007 AU:3    +
   33   154  0   0.0%   0.284 GC:3    +
   16   155  0   0.0%   0.225 AU:3    +
   45   154  0   0.0%   0.335 GC:3    +
   11    34  0   0.0%   0.674 UA:3    +
   14    36  0   0.0%   0.083 AU:3    +
   41   157  0   0.0%   0.113 UA:3    +
   11    59  0   0.0%   1.061 UA:3    +
   56    65  1   0.0%   0.393 GU:1    AU:1    +
   57    63  0   0.0%   0.395 GC:3    +
   12    36  0   0.0%   0.659 AU:3    +
   74   145  0   0.0%   0.299 UA:3    +
   73   146  0   0.0%   0.394 AU:3    +
   29    44  0   0.0%   0.194 AU:3    +
    1    20  0   0.0%   0.512 GU:3    +
   74    85  0   0.0%   0.051 UA:3    +
   72   147  0   0.0%   0.357 UA:3    +
   16   148  0   0.0%   0.269 AU:3    +
  139   155  0   0.0%   0.634 AU:3    +
  145   155  0   0.0%   0.960 AU:3    +
   25   139  0   0.0%   1.113 UA:3    +
   54   105  0   0.0%   1.321 UA:3    +
   71   148  0   0.0%   0.386 GU:3    +
   17    94  0   0.0%   0.650 AU:3    +
   35   152  0   0.0%   0.269 GU:3    +
   17    47  0   0.0%   0.018 AU:3    +
   19    94  0   0.0%   0.706 AU:3    +
   11   157  0   0.0%   1.086 UA:3    +
   16   146  0   0.0%   0.230 AU:3    +
    9    54  0   0.0%   0.454 GU:3    +
   58   159  0   0.0%   1.128 CG:3    +
   56   140  1   0.0%   0.761 GU:1    AU:1    +
   93   156  0   0.0%   0.576 UA:3    +
    9    18  0   0.0%   0.160 GU:3    +
   16    25  0   0.0%   0.344 AU:3    +
    2    92  0   0.0%   0.695 UA:3    +
    1   152  0   0.0%   1.258 GU:3    +
   57    93  0   0.0%   0.843 GU:3    +
   24    37  0   0.0%   0.369 GC:3    +
   21    71  0   0.0%   0.431 CG:3    +
   50    93  0   0.0%   0.732 GU:3    +
   22    70  0   0.0%   0.399 UA:3    +
   19    54  0   0.0%   1.477 AU:3    +
  138   156  0   0.0%   0.322 UA:3    +
   92   155  0   0.0%   0.941 AU:3    +
    1    93  0   0.0%   0.720 GU:3    +
   31    41  0   0.0%   0.003 AU:3    +
   20    53  0   0.0%   1.314 UG:3    +
   14   152  0   0.0%   0.710 AU:3    +
   20   156  0   0.0%   0.612 UA:3    +
   24    67  0   0.0%   0.758 GC:3    +
    2    48  0   0.0%   0.570 UA:3    +
   23    68  0   0.0%   0.395 AU:3    +
   25    66  0   0.0%   0.788 UG:3    +
   49   150  0   0.0%   1.767 UA:3    +
   12    20  0   0.0%   0.374 AU:3    +
    1    49  0   0.0%   0.589 GU:3    +
   22    26  0   0.0%   0.414 UA:3    +
   48    99  0   0.0%   1.260 AU:3    +
    7    11  0   0.0%   0.348 AU:3    +
   55    87  0   0.0%   0.065 CG:3    +
    9    30  0   0.0%   0.454 GC:3    +
   55    66  0   0.0%   0.062 CG:3    +
   24    40  0   0.0%   0.370 GC:3    +
   22    28  0   0.0%   0.255 UA:3    +
   19    36  0   0.0%   0.060 AU:3    +
   14   148  0   0.0%   0.717 AU:3    +
   56    94  1   0.0%   0.780 GU:1    AU:1    +
   57    94  0   0.0%   0.886 GU:3    +
   23    41  0   0.0%   0.222 AU:3    +
   18   150  0   0.0%   1.084 UA:3    +
   56    95  1   0.0%   0.583 GU:1    AU:1    +
   51   152  0   0.0%   1.173 AU:3    +
  138   145  0   0.0%   0.891 UA:3    +
   16    94  0   0.0%   0.117 AU:3    +
   26    65  0   0.0%   0.698 AU:3    +
   48    94  0   0.0%   0.776 AU:3    +
   72    87  0   0.0%   0.968 UG:3    +
   20    26  0   0.0%   0.243 UA:3    +
   11   160  0   0.0%   1.132 UA:3    +
   47   150  0   0.0%   1.491 UA:3    +
   41   159  0   0.0%   0.434 UG:3    +
  146   160  0   0.0%   0.843 UA:3    +
   17    93  0   0.0%   0.647 AU:3    +
   71    84  0   0.0%   0.099 GC:3    +
  103   159  0   0.0%   1.405 CG:3    +
    7    22  0   0.0%   0.004 AU:3    +
   72    83  0   0.0%   0.110 UG:3    +
   11   100  0   0.0%   1.070 UG:3    +
    9   152  0   0.0%   1.126 GU:3    +
   87   103  0   0.0%   1.688 GC:3    +
    2   105  0   0.0%   0.730 UA:3    +
   18    92  0   0.0%   0.768 UA:3    +
   19    74  0   0.0%   0.699 AU:3    +
   13    71  0   0.0%   0.779 CG:3    +
   57   144  0   0.0%   1.313 GC:3    +
   12    72  0   0.0%   1.004 AU:3    +
   20    73  0   0.0%   0.539 UA:3    +
   25   157  0   0.0%   1.228 UA:3    +
    2    17  0   0.0%   0.492 UA:3    +
    9    60  0   0.0%   0.840 GC:3    +
   12    99  0   0.0%   1.025 AU:3    +
   53    67  0   0.0%   0.913 GC:3    +
   11   139  0   0.0%   1.070 UA:3    +
   24    60  0   0.0%   0.776 GC:3    +
   12   152  0   0.0%   1.249 AU:3    +
    1    18  0   0.0%   0.510 GU:3    +
   59    94  0   0.0%   0.859 AU:3    +
  141   152  0   0.0%   0.448 AU:3    +
   25    59  0   0.0%   0.806 UA:3    +
   11   159  0   0.0%   1.188 UG:3    +
   18    73  0   0.0%   0.767 UA:3    +
   19   107  0   0.0%   0.725 AU:3    +
   20    50  0   0.0%   0.305 UG:3    +
   19    72  0   0.0%   0.699 AU:3    +
   51    68  0   0.0%   0.384 AU:3    +
   17    74  0   0.0%   0.644 AU:3    +
   28   152  0   0.0%   0.939 AU:3    +
   13    50  0   0.0%   0.426 CG:3    +
   94   147  0   0.0%   0.637 UA:3    +
  138   150  0   0.0%   0.944 UA:3    +
    9    37  0   0.0%   0.451 GC:3    +
   62    94  0   0.0%   1.153 AU:3    +
   17   155  0   0.0%   0.777 AU:3    +
   94   160  0   0.0%   0.859 UA:3    +
   52   139  0   0.0%   1.238 UA:3    +
    9    40  0   0.0%   0.451 GC:3    +
   30   159  0   0.0%   0.341 CG:3    +
   53    84  0   0.0%   0.921 GC:3    +
   24   155  0   0.0%   1.405 GU:3    +
   26   138  0   0.0%   1.012 AU:3    +
   33    43  0   0.0%   0.239 GU:3    +
   52    85  0   0.0%   0.875 UA:3    +
   34    42  0   0.0%   0.152 AU:3    +
   13    33  0   0.0%   0.423 CG:3    +
   94   100  0   0.0%   1.622 UG:3    +
   14    49  0   0.0%   0.082 AU:3    +
   52    70  0   0.0%   0.876 UA:3    +
   49    70  0   0.0%   1.045 UA:3    +
   54   141  0   0.0%   1.206 UA:3    +
   92   146  0   0.0%   1.140 AU:3    +
   31    43  0   0.0%   0.149 AU:3    +
   87   151  0   0.0%   1.422 GC:3    +
   25   141  0   0.0%   1.105 UA:3    +
    1    64  0   0.0%   0.614 GC:3    +
   47   157  0   0.0%   1.121 UA:3    +
    7    94  0   0.0%   0.013 AU:3    +
   83   151  0   0.0%   0.506 GC:3    +
   82   152  0   0.0%   0.274 AU:3    +
   48    52  0   0.0%   1.568 AU:3    +
   61   102  0   0.0%   1.307 CG:3    +
   24    54  0   0.0%   1.516 GU:3    +
    7    42  0   0.0%   0.004 AU:3    +
   54    83  0   0.0%   0.836 UG:3    +
    9    20  0   0.0%   0.159 GU:3    +
   55    71  0   0.0%   0.063 CG:3    +
   71   151  0   0.0%   0.584 GC:3    +
   18   159  0   0.0%   0.933 UG:3    +
   27    71  0   0.0%   0.310 CG:3    +
   26    72  0   0.0%   0.698 AU:3    +
   11   145  0   0.0%   1.066 UA:3    +
   49    73  0   0.0%   1.046 UA:3    +
  146   159  0   0.0%   1.006 UG:3    +
   25    73  0   0.0%   0.789 UA:3    +
   12   138  0   0.0%   1.150 AU:3    +
   48    74  0   0.0%   0.769 AU:3    +
   62    93  0   0.0%   1.110 AU:3    +
   70   152  0   0.0%   0.380 AU:3    +
   88    94  0   0.0%   1.116 GU:3    +
   23    54  0   0.0%   1.173 AU:3    +
    7   138  0   0.0%   0.038 AU:3    +
   53   154  0   0.0%   1.683 GC:3    +
    7    20  0   0.0%   0.004 AU:3    +
   23    94  0   0.0%   0.402 AU:3    +
   52    90  0   0.0%   1.003 UA:3    +
   24    74  0   0.0%   0.759 GU:3    +
   10    71  0   0.0%   0.735 CG:3    +
   27    33  0   0.0%   0.145 CG:3    +
    9    72  0   0.0%   0.823 GU:3    +
   58   100  0   0.0%   0.920 CG:3    +
  148   159  0   0.0%   1.115 UG:3    +
   87   154  0   0.0%   1.113 GC:3    +
   20   149  0   0.0%   0.626 UA:3    +
   60   102  0   0.0%   1.596 CG:3    +
   11    70  0   0.0%   1.042 UA:3    +
   11    73  0   0.0%   1.042 UA:3    +
   64    83  0   0.0%   0.012 CG:3    +
   35    41  0   0.0%   0.146 GU:3    +
   55    88  0   0.0%   0.085 CG:3    +
   65    82  0   0.0%   0.018 UA:3    +
    7   101  0   0.0%   0.052 AU:3    +
   50   155  0   0.0%   1.450 GU:3    +
   23    46  0   0.0%   0.222 AU:3    +
   93   145  0   0.0%   0.731 UA:3    +
   22   150  0   0.0%   0.796 UA:3    +
    9   148  0   0.0%   1.074 GU:3    +
   21    35  0   0.0%   0.069 CG:3    +
   52    56  1   0.0%   1.192 UG:1    UA:1    +
   50    72  0   0.0%   0.725 GU:3    +
   57   101  0   0.0%   0.972 GU:3    +
   22    34  0   0.0%   0.306 UA:3    +
   24    93  0   0.0%   0.789 GU:3    +
   25   145  0   0.0%   1.152 UA:3    +
   72   150  0   0.0%   0.543 UA:3    +
   49   100  0   0.0%   1.635 UG:3    +
   59   152  0   0.0%   1.061 AU:3    +
   99   157  0   0.0%   1.236 UA:3    +
   48   101  0   0.0%   1.354 AU:3    +
   24   146  0   0.0%   1.177 GU:3    +
   19    46  0   0.0%   0.054 AU:3    +
   25    92  0   0.0%   0.822 UA:3    +
   22   159  0   0.0%   1.074 UG:3    +
   44   157  0   0.0%   0.154 UA:3    +
   88   154  0   0.0%   1.173 GC:3    +
   59    99  0   0.0%   0.850 AU:3    +
   48   152  0   0.0%   1.281 AU:3    +
   52    73  0   0.0%   0.876 UA:3    +
   93   159  0   0.0%   0.800 UG:3    +
    9   155  0   0.0%   1.084 GU:3    +
   99   156  0   0.0%   1.310 UA:3    +
   51    74  0   0.0%   0.384 AU:3    +
   20    28  0   0.0%   0.083 UA:3    +
   29   152  0   0.0%   0.465 AU:3    +
    7    74  0   0.0%   0.006 AU:3    +
   20    71  0   0.0%   0.539 UG:3    +
    9   146  0   0.0%   1.047 GU:3    +
   53    72  0   0.0%   0.914 GU:3    +
   20   159  0   0.0%   0.667 UG:3    +
   87   155  0   0.0%   1.066 GU:3    +
   27    57  0   0.0%   0.691 CG:3    +
  111   133  0   0.0%   0.011 UG:3    +
  139   152  0   0.0%   0.745 AU:3    +
   97   158  1   0.0%   0.765 UG:1    UA:1    +
   11   105  0   0.0%   1.056 UA:3    +
   59   155  0   0.0%   0.974 AU:3    +
   25    56  1   0.0%   1.152 UG:1    UA:1    +
    9    91  0   0.0%   0.936 GC:3    +
   29    49  0   0.0%   1.159 AU:3    +
   33    41  0   0.0%   0.177 GU:3    +
   90   148  0   0.0%   1.072 AU:3    +
   41   156  0   0.0%   0.186 UA:3    +
   20   150  0   0.0%   0.821 UA:3    +
   24   152  0   0.0%   1.403 GU:3    +
   42   159  0   0.0%   0.431 UG:3    +
   47    53  0   0.0%   1.757 UG:3    +
   49   157  0   0.0%   1.395 UA:3    +
   32    39  1   0.0%   0.026 GC:1    AU:1    +
   20    35  0   0.0%   0.114 UG:3    +
   53   103  0   0.0%   1.722 GC:3    +
   28   148  0   0.0%   0.870 AU:3    +
    7    93  0   0.0%   0.011 AU:3    +
   54    70  0   0.0%   0.829 UA:3    +
   19   152  0   0.0%   0.881 AU:3    +
   35    42  0   0.0%   0.144 GU:3    +
   49   139  0   0.0%   1.194 UA:3    +
   59   148  0   0.0%   1.131 AU:3    +
   59   146  0   0.0%   1.213 AU:3    +
    7    25  0   0.0%   0.045 AU:3    +
   22    31  0   0.0%   0.254 UA:3    +
    1    37  0   0.0%   0.588 GC:3    +
   56    69  1   0.0%   0.400 GC:1    UG:1    +
   34    43  0   0.0%   0.162 AU:3    +
   20   105  0   0.0%   0.541 UA:3    +
   37    50  0   0.0%   0.607 CG:3    +
    7    18  0   0.0%   0.004 AU:3    +
   46   149  0   0.0%   0.225 UA:3    +
   36    51  0   0.0%   0.393 UA:3    +
   16    36  0   0.0%   0.012 AU:3    +
   12    94  0   0.0%   1.007 AU:3    +
   50    99  0   0.0%   1.514 GU:3    +
   41   160  0   0.0%   0.310 UA:3    +
   90   146  0   0.0%   1.156 AU:3    +
   54   149  0   0.0%   1.517 UA:3    +
   84   102  0   0.0%   0.851 CG:3    +
   83   103  0   0.0%   0.829 GC:3    +
   53   138  0   0.0%   1.270 GU:3    +
   22   160  0   0.0%   0.984 UA:3    +
  102   154  0   0.0%   1.594 GC:3    +
   30    50  0   0.0%   0.677 CG:3    +
   73   148  0   0.0%   0.310 AU:3    +
   47   141  0   0.0%   0.951 UA:3    +
   74   147  0   0.0%   0.266 UA:3    +
   85   101  0   0.0%   0.856 AU:3    +
   33    44  0   0.0%   0.244 GU:3    +
   20    76  0   0.0%   0.538 UA:3    +
   54   102  0   0.0%   1.649 UG:3    +
   49   141  0   0.0%   1.186 UA:3    +
   33    37  0   0.0%   0.029 GC:3    +
   40    45  0   0.0%   0.225 CG:3    +
   27    87  0   0.0%   0.311 CG:3    +
   56   146  1   0.0%   1.079 GU:1    AU:1    +
   35   154  0   0.0%   0.197 GC:3    +
  102   151  0   0.0%   1.904 GC:3    +
   35    52  0   0.0%   0.845 GU:3    +
   14    79  0   0.0%   0.471 AU:3    +
   28   146  0   0.0%   0.824 AU:3    +
   50    54  0   0.0%   1.423 GU:3    +
  100   155  0   0.0%   1.903 GU:3    +
   16   138  0   0.0%   0.180 AU:3    +
   47    56  1   0.0%   1.301 UG:1    UA:1    +
    1    11  0   0.0%   0.164 GU:3    +
   31    49  0   0.0%   1.073 AU:3    +
   10    50  0   0.0%   0.369 CG:3    +
   34   155  0   0.0%   0.187 AU:3    +
   18    56  1   0.0%   1.134 UG:1    UA:1    +
   29    99  0   0.0%   0.609 AU:3    +
   20   141  0   0.0%   0.551 UA:3    +
   11    57  0   0.0%   1.408 UG:3    +
   88   151  0   0.0%   1.481 GC:3    +
   89   149  0   0.0%   1.221 UA:3    +
   99   150  0   0.0%   1.931 UA:3    +
   62   155  0   0.0%   0.958 AU:3    +
   22    29  0   0.0%   0.259 UA:3    +
   89   105  0   0.0%   1.227 UA:3    +
   12    52  0   0.0%   0.658 AU:3    +
    4    97  1   0.0%   0.019 GU:1    AU:1    +
   62   148  0   0.0%   1.115 AU:3    +
   14   138  0   0.0%   0.627 AU:3    +
   89   150  0   0.0%   1.503 UA:3    +
   68    77  0   0.0%   0.013 UA:3    +
   62   146  0   0.0%   1.197 AU:3    +
   87    91  0   0.0%   1.443 GC:3    +
   28    43  0   0.0%   0.001 AU:3    +
  100   154  0   0.0%   1.944 GC:3    +
   16    47  0   0.0%   0.010 AU:3    +
  138   157  0   0.0%   0.247 UA:3    +
   22   139  0   0.0%   0.575 UA:3    +
   20    59  0   0.0%   0.557 UA:3    +
   64    88  0   0.0%   1.078 CG:3    +
   10   100  0   0.0%   0.762 CG:3    +
    2    16  0   0.0%   0.491 UA:3    +
    2    51  0   0.0%   0.569 UA:3    +
   46    76  0   0.0%   0.186 UA:3    +
   25    45  0   0.0%   0.388 UG:3    +
   23    43  0   0.0%   0.221 AU:3    +
   33    55  0   0.0%   0.151 GC:3    +
   29    42  0   0.0%   0.033 AU:3    +
   89   157  0   0.0%   1.102 UA:3    +
   46    57  0   0.0%   0.569 UG:3    +
    1    84  0   0.0%   0.613 GC:3    +
    9   101  0   0.0%   0.861 GU:3    +
    1    52  0   0.0%   0.588 GU:3    +
   52    71  0   0.0%   0.876 UG:3    +
   53    89  0   0.0%   0.984 GU:3    +
   24    42  0   0.0%   0.369 GU:3    +
   51    72  0   0.0%   0.384 AU:3    +
   27   102  0   0.0%   1.094 CG:3    +
   87    99  0   0.0%   1.257 GU:3    +
   45    58  0   0.0%   0.491 GC:3    +
    2    83  0   0.0%   0.591 UG:3    +
   47   102  0   0.0%   1.424 UG:3    +
   71    91  0   0.0%   0.663 GC:3    +
   72    90  0   0.0%   0.562 UA:3    +
   62   152  0   0.0%   1.044 AU:3    +
   73    89  0   0.0%   0.814 AU:3    +
   55   102  0   0.0%   0.546 CG:3    +
   34    54  0   0.0%   0.869 AU:3    +
   94   145  0   0.0%   0.671 UA:3    +
   74    88  0   0.0%   0.747 UG:3    +
    2    23  0   0.0%   0.493 UA:3    +
   47    51  0   0.0%   1.314 UA:3    +
    9    63  0   0.0%   0.824 GC:3    +
   72   149  0   0.0%   0.261 UA:3    +
   25   160  0   0.0%   1.394 UA:3    +
   52   156  0   0.0%   1.539 UA:3    +
   52   105  0   0.0%   1.373 UA:3    +
   65    87  0   0.0%   0.919 UG:3    +
  105   146  0   0.0%   0.782 AU:3    +
   89   147  0   0.0%   1.316 UA:3    +
   26    44  0   0.0%   0.162 AU:3    +
   25    31  0   0.0%   0.387 UA:3    +
   17    46  0   0.0%   0.016 AU:3    +
   22    90  0   0.0%   0.500 UA:3    +
   53   155  0   0.0%   1.635 GU:3    +
   18   105  0   0.0%   0.797 UA:3    +
   93   102  0   0.0%   1.642 UG:3    +
   49   160  0   0.0%   1.534 UA:3    +
   74    82  0   0.0%   0.056 UA:3    +
   49    76  0   0.0%   1.044 UA:3    +
    9    22  0   0.0%   0.224 GU:3    +
   11    53  0   0.0%   0.675 UG:3    +
   50   138  0   0.0%   1.158 GU:3    +
   53    64  0   0.0%   0.913 GC:3    +
    2    53  0   0.0%   0.569 UG:3    +
   87   152  0   0.0%   1.153 GU:3    +
   53    94  0   0.0%   1.625 GU:3    +
   55    83  0   0.0%   0.069 CG:3    +
    1    67  0   0.0%   0.613 GC:3    +
    2    66  0   0.0%   0.591 UG:3    +
   17   138  0   0.0%   0.697 AU:3    +
   35   151  0   0.0%   0.442 GC:3    +
   28   155  0   0.0%   0.849 AU:3    +
   49    57  0   0.0%   1.375 UG:3    +
   55   100  0   0.0%   0.521 CG:3    +
   67    71  0   0.0%   0.013 CG:3    +
   23    44  0   0.0%   0.221 AU:3    +
   66    72  0   0.0%   0.013 GU:3    +
   13    87  0   0.0%   0.781 CG:3    +
   17   107  0   0.0%   0.688 AU:3    +
   83   154  0   0.0%   0.197 GC:3    +
  105   148  0   0.0%   0.873 AU:3    +
   56    99  1   0.0%   0.772 GU:1    AU:1    +
   20    56  1   0.0%   0.905 UG:1    UA:1    +
   82   155  0   0.0%   0.187 AU:3    +
   18    28  0   0.0%   0.065 UA:3    +
    6    56  1   0.0%   0.029 CG:1    GU:1    +
   50   152  0   0.0%   1.504 GU:3    +
   47    59  0   0.0%   0.952 UA:3    +
   47   159  0   0.0%   1.383 UG:3    +
   65    73  0   0.0%   0.012 UA:3    +
   36   150  0   0.0%   0.352 UA:3    +
   34   152  0   0.0%   0.275 AU:3    +
   11    90  0   0.0%   1.151 UA:3    +
   16    93  0   0.0%   0.114 AU:3    +
   17    79  0   0.0%   0.643 AU:3    +
   11    28  0   0.0%   0.672 UA:3    +
   45   152  0   0.0%   0.403 GU:3    +
   24    43  0   0.0%   0.368 GU:3    +
   52   150  0   0.0%   1.840 UA:3    +
   12    89  0   0.0%   1.051 AU:3    +
    2    50  0   0.0%   0.569 UG:3    +
   17    99  0   0.0%   0.855 AU:3    +
   37    45  0   0.0%   0.121 CG:3    +
   57    84  0   0.0%   0.409 GC:3    +
   15   104  1   0.0%   0.267 CG:1    AU:1    +
   58    83  0   0.0%   0.465 CG:3    +
   45   155  0   0.0%   0.315 GU:3    +
   13    88  0   0.0%   0.778 CG:3    +
   44    59  0   0.0%   0.134 UA:3    +
   23    89  0   0.0%   0.442 AU:3    +
   20    29  0   0.0%   0.088 UA:3    +
   18    45  0   0.0%   0.067 UG:3    +
  102   148  0   0.0%   2.026 GU:3    +
   51   155  0   0.0%   1.116 AU:3    +
    2    28  0   0.0%   0.563 UA:3    +
   22    57  0   0.0%   0.777 UG:3    +
   19    44  0   0.0%   0.053 AU:3    +
   25   159  0   0.0%   1.484 UG:3    +
    2    77  0   0.0%   0.591 UA:3    +
   85    93  0   0.0%   0.377 AU:3    +
    7    89  0   0.0%   0.056 AU:3    +
   50    84  0   0.0%   0.731 GC:3    +
  138   159  0   0.0%   0.539 UG:3    +
   49    85  0   0.0%   1.044 UA:3    +
   10    33  0   0.0%   0.367 CG:3    +
   45   148  0   0.0%   0.274 GU:3    +
    9    64  0   0.0%   0.822 GC:3    +
   20    45  0   0.0%   0.108 UG:3    +
   23   138  0   0.0%   0.633 AU:3    +
   44   149  0   0.0%   0.154 UA:3    +
   51    99  0   0.0%   1.161 AU:3    +
   22    59  0   0.0%   0.417 UA:3    +
    1   138  0   0.0%   0.757 GU:3    +
   65   157  0   0.0%   0.091 UA:3    +
   46   147  0   0.0%   0.286 UA:3    +
   48    65  0   0.0%   0.768 AU:3    +
   19    99  0   0.0%   0.891 AU:3    +
  105   155  0   0.0%   0.400 AU:3    +
   24    63  0   0.0%   0.759 GC:3    +
   57   148  0   0.0%   1.163 GU:3    +
   85   148  0   0.0%   0.340 AU:3    +
   12    79  0   0.0%   1.003 AU:3    +
  118   123  0   0.0%   0.000 GU:3    +
   72    82  0   0.0%   0.146 UA:3    +
   18   100  0   0.0%   0.976 UG:3    +
   79    87  0   0.0%   0.992 UG:3    +
   54    88  0   0.0%   0.851 UG:3    +
   48    89  0   0.0%   0.840 AU:3    +
   54   157  0   0.0%   1.426 UA:3    +
    2   136  0   0.0%   0.729 UA:3    +
   17   101  0   0.0%   0.870 AU:3    +
   68    83  0   0.0%   0.107 UG:3    +
   49    88  0   0.0%   1.067 UG:3    +
   11    51  0   0.0%   0.673 UA:3    +
   16    44  0   0.0%   0.009 AU:3    +
   17    43  0   0.0%   0.016 AU:3    +
   87   146  0   0.0%   1.307 GU:3    +
   23    42  0   0.0%   0.221 AU:3    +
   25    62  0   0.0%   0.788 UA:3    +
   22    45  0   0.0%   0.281 UG:3    +
   89   100  0   0.0%   1.634 UG:3    +
   52   160  0   0.0%   1.605 UA:3    +
   56   101  1   0.0%   0.866 GU:1    AU:1    +
   28   101  0   0.0%   1.177 AU:3    +
  101   149  0   0.0%   2.287 UA:3    +
   43   159  0   0.0%   0.434 UG:3    +
   77    89  0   0.0%   0.884 AU:3    +
   64    71  0   0.0%   0.005 CG:3    +
   65    70  0   0.0%   0.012 UA:3    +
   50   103  0   0.0%   1.610 GC:3    +
   46    53  0   0.0%   1.010 UG:3    +
   62   101  0   0.0%   1.633 AU:3    +
   47    57  0   0.0%   1.315 UG:3    +
   35    43  0   0.0%   0.154 GU:3    +
   14    93  0   0.0%   0.473 AU:3    +
    1    94  0   0.0%   0.719 GU:3    +
    9   138  0   0.0%   0.995 GU:3    +
   47    90  0   0.0%   1.060 UA:3    +
   49   159  0   0.0%   1.658 UG:3    +
   57   152  0   0.0%   1.094 GU:3    +
   46    50  0   0.0%   0.790 UG:3    +
   14   107  0   0.0%   0.619 AU:3    +
   94   102  0   0.0%   1.582 UG:3    +
   74    92  0   0.0%   0.354 UA:3    +
   24    94  0   0.0%   0.790 GU:3    +
   47   100  0   0.0%   1.399 UG:3    +
   54    73  0   0.0%   0.829 UA:3    +
   14    41  0   0.0%   0.080 AU:3    +
   24    61  0   0.0%   0.760 GC:3    +
  105   152  0   0.0%   0.513 AU:3    +
   10   110  0   0.0%   0.890 CG:3    +
   11   109  0   0.0%   1.055 UA:3    +
   24    41  0   0.0%   0.369 GU:3    +
   53    74  0   0.0%   0.914 GU:3    +
   73    93  0   0.0%   0.348 AU:3    +
    2   100  0   0.0%   0.696 UG:3    +
   42   160  0   0.0%   0.307 UA:3    +
   43   150  0   0.0%   0.451 UA:3    +
   14    94  0   0.0%   0.475 AU:3    +
   13   108  0   0.0%   0.936 CG:3    +
   34    44  0   0.0%   0.167 AU:3    +
   48    72  0   0.0%   0.769 AU:3    +
   53   152  0   0.0%   1.721 GU:3    +
   11    24  0   0.0%   0.830 UG:3    +
   16   107  0   0.0%   0.171 AU:3    +
   89   160  0   0.0%   1.243 UA:3    +
   57   146  0   0.0%   1.245 GU:3    +
   54    71  0   0.0%   0.830 UG:3    +
   71   154  0   0.0%   0.275 GC:3    +
   51    65  0   0.0%   0.383 AU:3    +
   52   157  0   0.0%   1.467 UA:3    +
   16   101  0   0.0%   0.352 AU:3    +
   70   155  0   0.0%   0.293 AU:3    +
    9   111  0   0.0%   0.986 GU:3    +
   46    59  0   0.0%   0.205 UA:3    +
   17    41  0   0.0%   0.016 AU:3    +
   47   160  0   0.0%   1.259 UA:3    +
    7    44  0   0.0%   0.004 AU:3    +
   46   159  0   0.0%   0.558 UG:3    +
   54   156  0   0.0%   1.499 UA:3    +
   16    42  0   0.0%   0.009 AU:3    +
   25    34  0   0.0%   0.413 UA:3    +
   46    51  0   0.0%   0.567 UA:3    +
   45   144  0   0.0%   0.334 GC:3    +
   44   150  0   0.0%   0.456 UA:3    +
  138   160  0   0.0%   0.384 UA:3    +
   12    93  0   0.0%   1.006 AU:3    +
   28    36  0   0.0%   0.008 AU:3    +
    7   153  1   0.5%   0.164 AU:2    +
   19    95  1   0.4%   0.777 AU:2    +
   15   100  1   0.4%   0.365 CG:2    +
   62    98  1   0.4%   0.961 AU:2    +
    6   100  1   0.3%   0.089 CG:2    +
    1     6  1   0.3%   0.050 GC:2    +
  140   145  1   0.3%   0.968 UA:2    +
  140   149  1   0.3%   0.901 UA:2    +
    3   148  1   0.2%   0.569 AU:2    +
  143   152  1   0.2%   1.028 AU:2    +
   97   149  1   0.2%   1.008 UA:2    +
  101   142  1   0.2%   1.326 UA:2    +
   17    98  1   0.2%   0.764 AU:2    +
    3   101  1   0.2%   0.457 AU:2    +
   86   105  1   0.2%   0.563 UA:2    +
   98   142  1   0.2%   0.191 UA:2    +
    8   155  1   0.2%   0.256 AU:2    +
    5   101  1   0.2%   0.056 AU:2    +
    3   155  1   0.2%   0.583 AU:2    +
   15    24  1   0.2%   0.342 CG:2    +
    6    24  1   0.1%   0.046 CG:2    +
    6   159  1   0.1%   0.082 CG:2    +
   48    95  1   0.1%   0.828 AU:2    +
   98   149  1   0.1%   0.698 UA:2    +
   73    80  1   0.1%   0.109 AU:2    +
   72    81  1   0.1%   0.159 UA:2    +
   52    96  1   0.1%   1.406 UA:2    +
   16    97  1   0.1%   0.148 AU:2    +
    3   138  1   0.1%   0.457 AU:2    +
   51    97  1   0.1%   0.971 AU:2    +
   47    96  1   0.1%   0.988 UA:2    +
   97   150  1   0.1%   1.243 UA:2    +
   69    75  1   0.1%   0.023 CG:2    +
   71    80  1   0.1%   0.173 GU:2    +
    1    15  1   0.1%   0.520 GC:2    +
    3   140  1   0.1%   0.473 AU:2    +
   92   153  1   0.1%   0.936 AU:2    +
   25   143  1   0.1%   1.303 UA:2    +
   96   146  1   0.1%   0.577 AU:2    +
   15    57  1   0.1%   0.527 CG:2    +
  153   158  1   0.1%   0.915 UA:2    +
   95   147  1   0.1%   0.454 UA:2    +
   92    98  1   0.1%   0.507 AU:2    +
    5    25  1   0.1%   0.052 AU:2    +
    5   155  1   0.1%   0.060 AU:2    +
   98   147  1   0.1%   0.735 UA:2    +
  153   159  1   0.1%   1.003 UG:2    +
   50    98  1   0.1%   1.273 GU:2    +
   22   143  1   0.0%   0.759 UA:2    +
   95   156  1   0.0%   0.623 UA:2    +
    9    15  1   0.0%   0.168 GC:2    +
  104   141  1   0.0%   1.079 UA:2    +
   15   159  1   0.0%   0.253 CG:2    +
   92    97  1   0.0%   0.529 AU:2    +
    3   152  1   0.0%   0.509 AU:2    +
  140   156  1   0.0%   0.401 UA:2    +
   86   145  1   0.0%   0.682 UA:2    +
  147   153  1   0.0%   0.976 AU:2    +
   98   150  1   0.0%   0.923 UA:2    +
   26   153  1   0.0%   1.116 AU:2    +
    5   140  1   0.0%   0.060 AU:2    +
    6    87  1   0.0%   0.037 CG:2    +
   48    98  1   0.0%   1.014 AU:2    +
   52   142  1   0.0%   1.245 UA:2    +
    7    86  1   0.0%   0.014 AU:2    +
   96   155  1   0.0%   0.654 AU:2    +
    2    96  1   0.0%   0.701 UA:2    +
   97   145  1   0.0%   0.477 UA:2    +
    3    95  1   0.0%   0.425 AU:2    +
   90    95  1   0.0%   0.649 AU:2    +
    2   142  1   0.0%   0.755 UA:2    +
   90    97  1   0.0%   0.644 AU:2    +
   19   140  1   0.0%   0.771 AU:2    +
  143   148  1   0.0%   1.468 AU:2    +
   62    97  1   0.0%   0.951 AU:2    +
  145   153  1   0.0%   0.962 AU:2    +
    5   152  1   0.0%   0.075 AU:2    +
    5   148  1   0.0%   0.107 AU:2    +
    5   146  1   0.0%   0.077 AU:2    +
   95   150  1   0.0%   1.229 UA:2    +
    4   153  1   0.0%   0.138 AU:2    +
   59    86  1   0.0%   0.120 AU:2    +
  142   148  1   0.0%   0.814 AU:2    +
   12   140  1   0.0%   1.181 AU:2    +
   17   140  1   0.0%   0.730 AU:2    +
    6    53  1   0.0%   0.032 CG:2    +
   16   153  1   0.0%   0.276 AU:2    +
    2     8  1   0.0%   0.006 UA:2    +
   99   142  1   0.0%   0.729 UA:2    +
   16    95  1   0.0%   0.121 AU:2    +
    5    11  1   0.0%   0.348 AU:2    +
   90   153  1   0.0%   0.908 AU:2    +
   54   142  1   0.0%   1.190 UA:2    +
    5    54  1   0.0%   0.010 AU:2    +
   23   140  1   0.0%   0.666 AU:2    +
   52   143  1   0.0%   1.438 UA:2    +
    7   140  1   0.0%   0.065 AU:2    +
    3    18  1   0.0%   0.336 AU:2    +
  105   140  1   0.0%   0.387 AU:2    +
    5    94  1   0.0%   0.014 AU:2    +
  142   146  1   0.0%   0.715 AU:2    +
    5    93  1   0.0%   0.011 AU:2    +
    6    50  1   0.0%   0.029 CG:2    +
   74    81  1   0.0%   0.062 UA:2    +
   15    35  1   0.0%   0.024 CG:2    +
    8   146  1   0.0%   0.210 AU:2    +
  149   153  1   0.0%   0.773 AU:2    +
    8   148  1   0.0%   0.237 AU:2    +
   99   143  1   0.0%   1.079 UA:2    +
   98   145  1   0.0%   0.459 UA:2    +
    8    20  1   0.0%   0.005 AU:2    +
   90    98  1   0.0%   0.614 AU:2    +
   34   153  1   0.0%   0.149 AU:2    +
   75    84  1   0.0%   0.021 GC:2    +
   90   104  1   0.0%   1.455 AU:2    +
   75   144  1   0.0%   0.457 GC:2    +
   23   153  1   0.0%   0.832 AU:2    +
   28    98  1   0.0%   0.581 AU:2    +
   19    97  1   0.0%   0.774 AU:2    +
   20    96  1   0.0%   0.573 UA:2    +
   73    86  1   0.0%   0.386 AU:2    +
    8   140  1   0.0%   0.191 AU:2    +
  142   152  1   0.0%   0.334 AU:2    +
   89    96  1   0.0%   0.982 UA:2    +
    5    99  1   0.0%   0.013 AU:2    +
   75    80  1   0.0%   0.098 GU:2    +
   11   142  1   0.0%   1.061 UA:2    +
  141   153  1   0.0%   0.324 AU:2    +
    8    25  1   0.0%   0.077 AU:2    +
   98   156  1   0.0%   0.300 UA:2    +
   14   153  1   0.0%   0.700 AU:2    +
    6   102  1   0.0%   0.085 CG:2    +
   96   152  1   0.0%   0.763 AU:2    +
   97   157  1   0.0%   0.544 UA:2    +
   23    98  1   0.0%   0.459 AU:2    +
   25    96  1   0.0%   0.847 UA:2    +
    7   104  1   0.0%   0.031 AU:2    +
  140   150  1   0.0%   1.015 UA:2    +
   46    96  1   0.0%   0.220 UA:2    +
   98   158  1   0.0%   0.447 UA:2    +
   11   143  1   0.0%   1.247 UA:2    +
  143   155  1   0.0%   0.890 AU:2    +
   50    69  1   0.0%   0.724 GC:2    +
   14    98  1   0.0%   0.492 AU:2    +
    3    47  1   0.0%   0.371 AU:2    +
   51   140  1   0.0%   0.838 AU:2    +
    8    18  1   0.0%   0.004 AU:2    +
   62    95  1   0.0%   0.955 AU:2    +
   50   153  1   0.0%   1.377 GU:2    +
   29    97  1   0.0%   0.240 AU:2    +
   53    69  1   0.0%   0.913 GC:2    +
   16   140  1   0.0%   0.209 AU:2    +
   14   140  1   0.0%   0.656 AU:2    +
    8    41  1   0.0%   0.036 AU:2    +
  138   143  1   0.0%   0.825 UA:2    +
   22   142  1   0.0%   0.563 UA:2    +
   51    86  1   0.0%   0.387 AU:2    +
    8    93  1   0.0%   0.038 AU:2    +
   26    95  1   0.0%   0.753 AU:2    +
   17    95  1   0.0%   0.651 AU:2    +
   98   157  1   0.0%   0.226 UA:2    +
  104   158  1   0.0%   1.307 UA:2    +
   28   153  1   0.0%   0.811 AU:2    +
   95   145  1   0.0%   0.475 UA:2    +
   26   140  1   0.0%   1.045 AU:2    +
  142   155  1   0.0%   0.239 AU:2    +
    1   153  1   0.0%   1.257 GU:2    +
   12   104  1   0.0%   1.244 AU:2    +
   96   101  1   0.0%   1.401 AU:2    +
   12   153  1   0.0%   1.239 AU:2    +
   19   153  1   0.0%   0.872 AU:2    +
  140   157  1   0.0%   0.321 UA:2    +
   25    38  1   0.0%   0.388 UA:2    +
   95   157  1   0.0%   0.545 UA:2    +
    6    75  1   0.0%   0.030 CG:2    +
  139   153  1   0.0%   0.620 AU:2    +
    7    97  1   0.0%   0.012 AU:2    +
  138   142  1   0.0%   0.172 UA:2    +
   17   153  1   0.0%   0.827 AU:2    +
   48   140  1   0.0%   0.936 AU:2    +
    7    95  1   0.0%   0.013 AU:2    +
   20   143  1   0.0%   0.731 UA:2    +
    8    94  1   0.0%   0.039 AU:2    +
   48   153  1   0.0%   1.154 AU:2    +
    3    94  1   0.0%   0.418 AU:2    +
   54    96  1   0.0%   1.344 UA:2    +
   51    95  1   0.0%   0.955 AU:2    +
   12    80  1   0.0%   1.004 AU:2    +
    8    95  1   0.0%   0.040 AU:2    +
    6   106  1   0.0%   0.052 CG:2    +
   86   156  1   0.0%   0.500 UA:2    +
   21    75  1   0.0%   0.430 CG:2    +
   38    49  1   0.0%   0.971 AU:2    +
   59    95  1   0.0%   0.660 AU:2    +
   59   140  1   0.0%   0.896 AU:2    +
    8   138  1   0.0%   0.163 AU:2    +
   18    38  1   0.0%   0.067 UA:2    +
   59   153  1   0.0%   0.961 AU:2    +
   86   100  1   0.0%   1.206 UG:2    +
    3    98  1   0.0%   0.421 AU:2    +
    5    22  1   0.0%   0.002 AU:2    +
    4    98  1   0.0%   0.017 AU:2    +
   19    98  1   0.0%   0.787 AU:2    +
   85    97  1   0.0%   0.213 AU:2    +
   11    38  1   0.0%   0.673 UA:2    +
   18   142  1   0.0%   0.803 UA:2    +
   18   143  1   0.0%   0.989 UA:2    +
    9   153  1   0.0%   1.115 GU:2    +
  104   147  1   0.0%   1.732 UA:2    +
   11    96  1   0.0%   1.052 UA:2    +
   97   156  1   0.0%   0.618 UA:2    +
    5    18  1   0.0%   0.003 AU:2    +
   51    98  1   0.0%   0.917 AU:2    +
    5   138  1   0.0%   0.030 AU:2    +
   20   142  1   0.0%   0.545 UA:2    +
  104   145  1   0.0%   1.826 UA:2    +
    5    95  1   0.0%   0.014 AU:2    +
    3    93  1   0.0%   0.419 AU:2    +
   23    95  1   0.0%   0.426 AU:2    +
    3    22  1   0.0%   0.333 AU:2    +
  104   149  1   0.0%   1.556 UA:2    +
   86   141  1   0.0%   0.411 UA:2    +
    4   104  1   0.0%   0.018 AU:2    +
   86    92  1   0.0%   0.718 UA:2    +
  140   160  1   0.0%   0.458 UA:2    +
   12    95  1   0.0%   1.008 AU:2    +
   82   104  1   0.0%   0.672 AU:2    +
    7    98  1   0.0%   0.010 AU:2    +
   62   140  1   0.0%   0.880 AU:2    +
   80   157  1   0.0%   0.128 UA:2    +
    5    89  1   0.0%   0.055 AU:2    +
   14    97  1   0.0%   0.481 AU:2    +
   95   143  1   0.0%   0.549 UA:2    +
   98   159  1   0.0%   0.517 UG:2    +
   28    97  1   0.0%   0.566 AU:2    +
   22    96  1   0.0%   0.437 UA:2    +
    3    99  1   0.0%   0.421 AU:2    +
    5   107  1   0.0%   0.022 AU:2    +
   69    87  1   0.0%   0.875 CG:2    +
    3    65  1   0.0%   0.371 AU:2    +
    3    49  1   0.0%   0.371 AU:2    +
   70    86  1   0.0%   0.525 AU:2    +
    3    52  1   0.0%   0.371 AU:2    +
   19   104  1   0.0%   0.827 AU:2    +
   25   142  1   0.0%   1.097 UA:2    +
   96   140  1   0.0%   0.242 AU:2    +
    3    20  1   0.0%   0.334 AU:2    +
   95   141  1   0.0%   0.208 UA:2    +
    6    88  1   0.0%   0.032 CG:2    +
   16    80  1   0.0%   0.112 AU:2    +
    5    20  1   0.0%   0.002 AU:2    +
   62   153  1   0.0%   0.945 AU:2    +
    6    57  1   0.0%   0.031 CG:2    +
   53   104  1   0.0%   1.587 GU:2    +
   86   147  1   0.0%   0.644 UA:2    +
   14    86  1   0.0%   0.474 AU:2    +
   38    44  1   0.0%   0.115 AU:2    +
   88    98  1   0.0%   0.882 GU:2    +
   10   106  1   0.0%   0.890 CG:2    +
   29    95  1   0.0%   0.220 AU:2    +
   94   142  1   0.0%   0.386 UA:2    +
   28    86  1   0.0%   0.519 AU:2    +
   87    98  1   0.0%   1.012 GU:2    +
    9   104  1   0.0%   1.088 GU:2    +
    8    49  1   0.0%   0.036 AU:2    +
   48    86  1   0.0%   0.771 AU:2    +
   24   153  1   0.0%   1.280 GU:2    +
   97   160  1   0.0%   0.682 UA:2    +
    1   104  1   0.0%   0.756 GU:2    +
   11    81  1   0.0%   1.042 UA:2    +
   15   102  1   0.0%   0.369 CG:2    +
   14    80  1   0.0%   0.471 AU:2    +
    5    44  1   0.0%   0.006 AU:2    +
  104   156  1   0.0%   1.160 UA:2    +
   46   142  1   0.0%   0.189 UA:2    +
    5    49  1   0.0%   0.007 AU:2    +
   28    95  1   0.0%   0.546 AU:2    +
   94   143  1   0.0%   0.745 UA:2    +
   55    75  1   0.0%   0.061 CG:2    +
   95   142  1   0.0%   0.189 UA:2    +
   10    75  1   0.0%   0.735 CG:2    +
   93   143  1   0.0%   0.806 UA:2    +
   95   160  1   0.0%   0.684 UA:2    +
   55   106  1   0.0%   0.092 CG:2    +
   14    95  1   0.0%   0.476 AU:2    +
    8    99  1   0.0%   0.075 AU:2    +
   75    91  1   0.0%   0.584 GC:2    +
  104   150  1   0.0%   1.782 UA:2    +
   76    80  1   0.0%   0.098 AU:2    +
   76    86  1   0.0%   0.381 AU:2    +
    8    89  1   0.0%   0.083 AU:2    +
    1    98  1   0.0%   0.722 GU:2    +
    3    54  1   0.0%   0.371 AU:2    +
    8    65  1   0.0%   0.035 AU:2    +
   16   104  1   0.0%   0.273 AU:2    +
   97   139  1   0.0%   0.210 UA:2    +
   57    86  1   0.0%   0.404 GU:2    +
   49   143  1   0.0%   1.373 UA:2    +
   18    81  1   0.0%   0.766 UA:2    +
    3    86  1   0.0%   0.371 AU:2    +
   98   160  1   0.0%   0.363 UA:2    +
   49   142  1   0.0%   1.179 UA:2    +
   86   149  1   0.0%   0.548 UA:2    +
   90   140  1   0.0%   0.836 AU:2    +
   19    80  1   0.0%   0.698 AU:2    +
    5    52  1   0.0%   0.006 AU:2    +
   24    98  1   0.0%   0.847 GU:2    +
    6    35  1   0.0%   0.026 CG:2    +
  106   140  1   0.0%   0.169 GU:2    +
(((.......)))...(((((......((((((((....))))))))..))))).(((((.(((((((.(((....)))..)))).)))..........)))))(((((.(((((((((....))))))))).)))))......................
