2 sequence; length of alignment 142
alifold output
  106   114  0 100.0%   0.003 GC:2   
   90   134  0  99.9%   0.008 CG:2   
   89   135  0  99.9%   0.011 AU:2   
   88   136  0  99.9%   0.011 GC:2   
   85   138  0  99.9%   0.012 CG:2   
   84   139  0  99.7%   0.013 UA:2   
  105   115  0  99.7%   0.011 AU:2   
   91   133  0  99.2%   0.055 GU:2   
   83   140  0  98.7%   0.052 AU:2   
   52    60  0  98.4%   0.068 CG:2   
  107   113  0  98.4%   0.050 AU:2   
   49    63  0  98.3%   0.115 GC:2   
   43    70  0  98.3%   0.132 CG:2   
   48    64  0  98.3%   0.116 AU:2   
   42    71  0  98.3%   0.132 UA:2   
   92   132  0  98.2%   0.125 UA:2   
   41    72  0  98.2%   0.061 GC:2   
   47    65  0  98.1%   0.122 UA:2   
   53    59  0  98.1%   0.121 GC:2   
   86   137  0  96.5%   0.114 AU:2   
   51    61  0  95.3%   0.147 GU:2   
  104   116  0  94.4%   0.309 UA:2   
   28    38  0  93.0%   0.377 CG:2   
   29    37  0  92.9%   0.493 CG:2   
   30    36  0  91.6%   0.439 UG:2   
   93   131  0  90.4%   0.397 UA:2   
   46    66  0  90.2%   0.357 GU:2   
   82   141  0  89.9%   0.364 UA:2   
   27    39  0  87.8%   0.516 GU:1    AU:1   
    5    24  0  88.3%   0.344 CG:2   
    4    25  0  88.0%   0.346 CG:2   
   40    73  0  86.4%   0.411 AU:2   
   44    69  0  85.6%   0.736 UA:2   
   11    20  0  84.8%   0.559 CG:2   
    6    23  0  83.4%   0.457 UA:2   
  108   112  0  82.2%   0.486 UA:2   
   12    19  0  81.9%   0.619 AU:2   
   45    68  0  70.8%   1.399 UA:2   
   31    35  0  68.1%   0.856 AU:2   
  103   117  0  66.9%   1.175 UA:2   
   13    18  0  55.5%   0.999 AU:2   
  100   123  0  52.0%   1.717 GC:2    +
  101   122  0  51.6%   1.707 UA:2    +
  102   118  0  47.3%   1.568 UA:2   
   97   123  0  46.5%   1.098 GC:2   
   95   127  0  43.1%   1.141 GC:2    +
   98   122  0  42.2%   1.270 UA:2   
   99   124  0  41.5%   2.059 UA:2    +
   99   121  0  37.6%   1.491 UA:2   
  102   121  0  37.1%   2.233 UA:2    +
   96   124  0  31.5%   1.120 UA:2   
   97   127  0  31.0%   1.836 GC:2    +
   96   126  0  30.2%   1.527 UA:2    +
   98   125  0  27.5%   1.632 UA:2    +
   45    67  0  24.7%   1.097 UG:2    +
  103   120  0  22.7%   1.685 UG:2    +
   98   126  0  20.7%   2.237 UA:2    +
  100   119  0  18.6%   0.949 GC:2    +
  101   118  0  14.0%   0.835 UA:2    +
   44    68  0  12.4%   0.858 UA:2    +
   99   125  0  10.3%   2.069 UA:2    +
   99   120  0   9.7%   0.691 UG:2    +
  102   117  0   9.3%   0.666 UA:2    +
   98   121  0   5.0%   0.462 UA:2    +
  103   116  0   4.7%   0.433 UA:2    +
    2    79  0   3.1%   0.482 CG:1    UG:1    +
   10    19  0   3.5%   0.398 AU:2    +
    9    20  0   3.3%   0.408 UG:2    +
   29    36  0   3.1%   0.400 CG:2    +
   28    37  0   3.1%   0.410 CG:2    +
    5    81  0   3.1%   0.646 CG:2    +
    6    80  0   3.0%   0.741 UA:2    +
    7    79  0   2.8%   0.636 UG:2    +
    1    80  0   2.8%   0.342 UA:2    +
    5    25  0   2.6%   0.520 CG:2    +
    6    24  0   2.5%   0.544 UG:2    +
    7    23  0   2.4%   0.453 UA:2    +
    8    78  0   2.1%   0.420 UA:2    +
    2    27  0   1.0%   0.201 CG:1    UA:1    +
   29    79  0   1.9%   0.706 CG:2    +
   30    78  0   1.9%   0.487 UA:2    +
   31    77  0   1.8%   0.567 AU:2    +
   27    82  0   0.7%   0.335 GU:1    AU:1    +
   32    76  0   1.6%   0.279 AU:2    +
   19    48  0   1.6%   0.516 UA:2    +
   20    47  0   1.6%   0.509 GU:2    +
   18    49  0   1.6%   0.554 UG:2    +
   11    56  0   1.6%   0.367 CG:2    +
   12    55  0   1.6%   0.398 AU:2    +
   17    50  0   1.6%   0.259 AU:2    +
   13    54  0   1.6%   0.570 AU:2    +
   14    53  0   1.4%   0.219 UG:2    +
   10    57  0   1.4%   0.348 AU:2    +
   63    79  0   1.3%   0.590 CG:2    +
   64    78  0   1.3%   0.460 UA:2    +
   62    80  0   1.2%   0.432 UA:2    +
   25    43  0   1.2%   0.480 GC:2    +
   65    77  0   1.2%   0.373 AU:2    +
   24    44  0   1.2%   0.494 GU:2    +
   23    45  0   1.2%   0.510 AU:2    +
   26    42  0   1.2%   0.330 AU:2    +
   28    81  0   1.2%   0.526 CG:2    +
   33    75  0   1.1%   0.221 AU:2    +
    2    81  0   0.1%   0.284 CG:1    UG:1    +
    1    27  0   0.1%   0.036 UG:1    UA:1    +
   38    75  0   1.1%   0.387 GU:2    +
    2    25  0   0.1%   0.015 CG:1    UG:1    +
   18    27  0   0.0%   0.423 UG:1    UA:1    +
    6    27  0   0.0%   0.348 UG:1    UA:1    +
    2   138  0   0.0%   0.273 CG:1    UG:1    +
    2    24  0   0.0%   0.004 CG:1    UG:1    +
    2    67  0   0.0%   0.124 CG:1    UG:1    +
   27    74  0   0.0%   0.230 GU:1    AU:1    +
   14    27  0   0.0%   0.072 UG:1    UA:1    +
   19    27  0   0.0%   0.381 UG:1    UA:1    +
   27    75  0   0.0%   0.234 GU:1    AU:1    +
   27    76  0   0.0%   0.243 GU:1    AU:1    +
   27    73  0   0.0%   0.210 GU:1    AU:1    +
    7    27  0   0.0%   0.235 UG:1    UA:1    +
   27    34  0   0.0%   0.149 GU:1    AU:1    +
    2    20  0   0.0%   0.001 CG:1    UG:1    +
    2    38  0   0.0%   0.105 CG:1    UG:1    +
   15    27  0   0.0%   0.107 UG:1    UA:1    +
   27    77  0   0.0%   0.280 GU:1    AU:1    +
    8    27  0   0.0%   0.192 UG:1    UA:1    +
    2    70  0   0.0%   0.123 CG:1    UG:1    +
    2    36  0   0.0%   0.105 CG:1    UG:1    +
    2    60  0   0.0%   0.122 CG:1    UG:1    +
    2    51  0   0.0%   0.122 CG:1    UG:1    +
   21    46  0   1.0%   0.195 CG:2    +
    9    16  0   0.8%   0.139 UA:2    +
   68    74  0   0.8%   0.725 AU:2    +
   93   129  0   0.8%   0.154 UA:2    +
   26    39  0   0.8%   0.272 AU:2    +
   37    76  0   0.8%   0.493 GU:2    +
    8    17  0   0.8%   0.144 UA:2    +
    9    78  0   0.7%   0.432 UA:2    +
   10    77  0   0.7%   0.377 AU:2    +
   10    15  0   0.7%   0.109 AU:2    +
    4    38  0   0.7%   0.223 CG:2    +
   61    81  0   0.7%   0.408 UG:2    +
    2    26  1   1.2%   0.179 UA:1    +
    5    37  0   0.7%   0.333 CG:2    +
   67    75  0   0.7%   0.616 GU:2    +
   36    77  0   0.7%   0.528 GU:2    +
    3    39  0   0.7%   0.104 AU:2    +
    8    79  0   0.7%   0.569 UG:2    +
   35    78  0   0.7%   0.656 UA:2    +
   22    46  0   0.6%   0.171 CG:2    +
    7    80  0   0.6%   0.586 UA:2    +
    8    23  0   0.6%   0.394 UA:2    +
   95   128  0   0.6%   0.485 GU:2    +
   93   130  0   0.6%   0.181 UA:2    +
   38    74  0   0.5%   0.245 GU:2    +
   12    35  0   0.5%   0.259 AU:2    +
   13    34  0   0.5%   0.433 AU:2    +
   69    73  0   0.5%   0.369 AU:2    +
   96   125  0   0.5%   0.495 UA:2    +
   14    33  0   0.5%   0.097 UA:2    +
   11    36  0   0.5%   0.239 CG:2    +
    7    25  0   0.5%   0.433 UG:2    +
    8    24  0   0.5%   0.389 UG:2    +
    6    26  0   0.5%   0.395 UA:2    +
    9    23  0   0.5%   0.503 UA:2    +
   15    32  0   0.5%   0.129 UA:2    +
   23    35  0   0.4%   0.408 AU:2    +
   22    36  0   0.4%   0.116 CG:2    +
    5    79  0   0.4%   0.465 CG:2    +
   21    37  0   0.4%   0.135 CG:2    +
   20    28  0   0.4%   0.351 GC:2    +
   34    79  0   0.4%   0.499 UG:2    +
    4    81  0   0.4%   0.242 CG:2    +
   24    34  0   0.4%   0.364 GU:2    +
   92   126  0   0.4%   0.073 UA:2    +
   91   127  0   0.4%   0.075 GC:2    +
   24    43  0   0.4%   0.352 GC:2    +
    6    78  0   0.4%   0.384 UA:2    +
   23    44  0   0.4%   0.390 AU:2    +
    3    77  0   0.4%   0.110 AU:2    +
   25    42  0   0.4%   0.337 GU:2    +
   93   125  0   0.4%   0.073 UA:2    +
    6    81  0   0.4%   0.626 UG:2    +
   92   131  0   0.3%   0.108 UA:2    +
   13    19  0   0.3%   0.665 AU:2    +
   92   130  0   0.3%   0.088 UA:2    +
   96   129  0   0.3%   0.877 UA:2    +
   95   123  0   0.3%   0.072 GC:2    +
   96   122  0   0.3%   0.070 UA:2    +
   74    80  0   0.3%   0.530 UA:2    +
    3    82  0   0.3%   0.115 AU:2    +
   75    79  0   0.2%   0.711 UG:2    +
   37    75  0   0.2%   0.382 GU:2    +
    7    17  0   0.2%   0.053 UA:2    +
   10    76  0   0.2%   0.279 AU:2    +
    7    24  0   0.2%   0.369 UG:2    +
    8    16  0   0.2%   0.050 UA:2    +
   29    81  0   0.2%   0.524 CG:2    +
   74    79  0   0.2%   0.637 UG:2    +
    6    36  0   0.2%   0.324 UG:2    +
   30    80  0   0.2%   0.463 UA:2    +
   73    80  0   0.2%   0.530 UA:2    +
    1    79  0   0.2%   0.066 UG:2    +
  102   120  0   0.2%   0.856 UG:2    +
    1    26  0   0.2%   0.038 UA:2    +
   68    75  0   0.2%   0.779 AU:2    +
  101   121  0   0.2%   0.842 UA:2    +
   40    74  0   0.2%   0.252 AU:2    +
   72    81  0   0.2%   0.339 CG:2    +
   67    76  0   0.2%   0.585 GU:2    +
  104   117  0   0.2%   0.580 UA:2    +
    5    20  0   0.2%   0.033 CG:2    +
   69    74  0   0.2%   0.327 AU:2    +
   36    74  0   0.1%   0.310 GU:2    +
  103   118  0   0.1%   1.079 UA:2    +
    6    25  0   0.1%   0.483 UG:2    +
    8    25  0   0.1%   0.388 UG:2    +
    9    24  0   0.1%   0.451 UG:2    +
   24    76  0   0.1%   0.412 GU:2    +
   25    75  0   0.1%   0.390 GU:2    +
   12    18  0   0.1%   0.034 AU:2    +
   59    67  0   0.1%   0.396 CG:2    +
   26    74  0   0.1%   0.243 AU:2    +
   94   120  0   0.1%   0.028 CG:2    +
   95   119  0   0.1%   0.028 GC:2    +
   93   121  0   0.1%   0.028 UA:2    +
   37    74  0   0.1%   0.305 GU:2    +
    7    26  0   0.1%   0.275 UA:2    +
    4    60  0   0.1%   0.176 CG:2    +
   10    18  0   0.1%   0.060 AU:2    +
   60    66  0   0.1%   0.152 GU:2    +
   92   122  0   0.1%   0.025 UA:2    +
   58    68  0   0.1%   0.534 UA:2    +
   23    77  0   0.1%   0.486 AU:2    +
    7    20  0   0.1%   0.057 UG:2    +
   75    80  0   0.1%   0.579 UA:2    +
   91   123  0   0.1%   0.025 GC:2    +
    8    20  0   0.1%   0.095 UG:2    +
    9    31  0   0.1%   0.213 UA:2    +
    8    32  0   0.1%   0.149 UA:2    +
   12    75  0   0.1%   0.296 AU:2    +
   61    65  0   0.1%   0.093 UA:2    +
   22    79  0   0.1%   0.374 CG:2    +
   10    30  0   0.1%   0.184 AU:2    +
   74    81  0   0.1%   0.478 UG:2    +
   13    74  0   0.1%   0.468 AU:2    +
   96   118  0   0.1%   0.024 UA:2    +
    3    61  0   0.1%   0.055 AU:2    +
    7    33  0   0.1%   0.188 UA:2    +
   37    73  0   0.1%   0.264 GU:2    +
   20    39  0   0.1%   0.360 GU:2    +
   36    76  0   0.1%   0.394 GU:2    +
   21    38  0   0.1%   0.107 CG:2    +
   19    25  0   0.1%   0.580 UG:2    +
   97   128  0   0.1%   0.774 GU:2    +
   71    82  0   0.1%   0.106 AU:2    +
   18    26  0   0.1%   0.464 UA:2    +
   22    37  0   0.1%   0.101 CG:2    +
   21    81  0   0.1%   0.288 CG:2    +
   38    72  0   0.1%   0.129 GC:2    +
   82   142  0   0.1%   0.192 UA:2    +
   21    25  0   0.1%   0.282 CG:2    +
    7    16  0   0.1%   0.018 UA:2    +
    5    60  0   0.1%   0.284 CG:2    +
   63    70  0   0.1%   0.056 CG:2    +
   24    29  0   0.1%   0.277 GC:2    +
   64    69  0   0.1%   0.172 UA:2    +
   16    30  0   0.1%   0.080 AU:2    +
   39    71  0   0.1%   0.208 UA:2    +
    7    60  0   0.1%   0.202 UG:2    +
   73    81  0   0.1%   0.486 UG:2    +
   23    30  0   0.1%   0.329 AU:2    +
   19    26  0   0.1%   0.428 UA:2    +
   36    75  0   0.1%   0.357 GU:2    +
    1   142  0   0.1%   0.156 UA:2    +
   76    80  0   0.0%   0.530 UA:2    +
   19    40  0   0.0%   0.345 UA:2    +
   18    33  0   0.0%   0.399 UA:2    +
   17    34  0   0.0%   0.099 AU:2    +
   17    30  0   0.0%   0.079 AU:2    +
   16    35  0   0.0%   0.103 AU:2    +
   75    81  0   0.0%   0.526 UG:2    +
   73    78  0   0.0%   0.507 UA:2    +
   19    32  0   0.0%   0.359 UA:2    +
   15    31  0   0.0%   0.060 UA:2    +
   20    82  0   0.0%   0.407 GU:2    +
   43    67  0   0.0%   0.089 CG:2    +
   42    68  0   0.0%   0.086 UA:2    +
   62    71  0   0.0%   0.041 UA:2    +
   21    79  0   0.0%   0.403 CG:2    +
    1    81  0   0.0%   0.150 UG:2    +
   88    94  0   0.0%   0.010 GC:2    +
   60    72  0   0.0%   0.077 GC:2    +
   87    95  0   0.0%   0.010 UG:2    +
   86    96  0   0.0%   0.010 AU:2    +
    4    79  0   0.0%   0.291 CG:2    +
   85    97  0   0.0%   0.011 CG:2    +
   11    24  0   0.0%   0.403 CG:2    +
   68    76  0   0.0%   0.745 AU:2    +
   69    75  0   0.0%   0.385 AU:2    +
   57    69  0   0.0%   0.204 UA:2    +
   67    74  0   0.0%   0.453 GU:2    +
    9    17  0   0.0%   0.102 UA:2    +
   38    76  0   0.0%   0.351 GU:2    +
   98   124  0   0.0%   0.889 UA:2    +
  104   118  0   0.0%   0.721 UA:2    +
   12    76  0   0.0%   0.302 AU:2    +
   68    73  0   0.0%   0.666 AU:2    +
   63    67  0   0.0%   0.385 CG:2    +
   77   129  0   0.0%   0.252 UA:2    +
   76   130  0   0.0%   0.181 UA:2    +
   78   128  0   0.0%   0.345 AU:2    +
   62    68  0   0.0%   0.527 UA:2    +
   75   131  0   0.0%   0.232 UA:2    +
   79   127  0   0.0%   0.497 GC:2    +
   26    75  0   0.0%   0.244 AU:2    +
   12    74  0   0.0%   0.279 AU:2    +
   89    93  0   0.0%   0.009 AU:2    +
   15    25  0   0.0%   0.302 UG:2    +
   14    26  0   0.0%   0.110 UA:2    +
   16    77  0   0.0%   0.134 AU:2    +
   59    70  0   0.0%   0.054 CG:2    +
   74    78  0   0.0%   0.474 UA:2    +
   71   135  0   0.0%   0.044 AU:2    +
   70   136  0   0.0%   0.039 GC:2    +
   72   134  0   0.0%   0.050 CG:2    +
   15    78  0   0.0%   0.239 UA:2    +
   13    75  0   0.0%   0.467 AU:2    +
   74   132  0   0.0%   0.182 UA:2    +
   10    75  0   0.0%   0.240 AU:2    +
    5    70  0   0.0%   0.274 CG:2    +
  101   120  0   0.0%   0.520 UG:2    +
   76   142  0   0.0%   0.192 UA:2    +
   61    69  0   0.0%   0.206 UA:2    +
    6    69  0   0.0%   0.303 UA:2    +
   72    79  0   0.0%   0.489 CG:2    +
   92   129  0   0.0%   0.040 UA:2    +
   11    81  0   0.0%   0.406 CG:2    +
   67    77  0   0.0%   0.657 GU:2    +
   14    32  0   0.0%   0.021 UA:2    +
   69   137  0   0.0%   0.196 AU:2    +
   77   141  0   0.0%   0.259 UA:2    +
   58    71  0   0.0%   0.037 UA:2    +
   25    76  0   0.0%   0.396 GU:2    +
    7    68  0   0.0%   0.186 UA:2    +
   17    76  0   0.0%   0.155 AU:2    +
   77   142  0   0.0%   0.265 UA:2    +
    6    17  0   0.0%   0.007 UA:2    +
   33    74  0   0.0%   0.067 AU:2    +
    7    13  0   0.0%   0.007 UA:2    +
   10    74  0   0.0%   0.237 AU:2    +
    4    24  0   0.0%   0.008 CG:2    +
   61    71  0   0.0%   0.092 UA:2    +
    3    76  0   0.0%   0.052 AU:2    +
    1    78  0   0.0%   0.028 UA:2    +
   20    29  0   0.0%   0.309 GC:2    +
   26    34  0   0.0%   0.173 AU:2    +
    8    67  0   0.0%   0.141 UG:2    +
   25    35  0   0.0%   0.336 GU:2    +
   26    76  0   0.0%   0.254 AU:2    +
   15    36  0   0.0%   0.116 UG:2    +
   10    82  0   0.0%   0.305 AU:2    +
   24    77  0   0.0%   0.446 GU:2    +
   93   126  0   0.0%   0.058 UA:2    +
   96   130  0   0.0%   0.852 UA:2    +
   76    81  0   0.0%   0.475 UG:2    +
   19    83  0   0.0%   0.398 UA:2    +
    8    12  0   0.0%   0.006 UA:2    +
   14    79  0   0.0%   0.389 UG:2    +
   70    74  0   0.0%   0.166 GU:2    +
    3    75  0   0.0%   0.049 AU:2    +
   38    77  0   0.0%   0.383 GU:2    +
   26    77  0   0.0%   0.293 AU:2    +
    3    74  0   0.0%   0.047 AU:2    +
   66    78  0   0.0%   0.433 UA:2    +
    8    80  0   0.0%   0.496 UA:2    +
   32    75  0   0.0%   0.069 AU:2    +
   59   120  0   0.0%   0.035 CG:2    +
   60   119  0   0.0%   0.051 GC:2    +
   58   121  0   0.0%   0.015 UA:2    +
   38    73  0   0.0%   0.131 GU:2    +
    9    79  0   0.0%   0.525 UG:2    +
   57   122  0   0.0%   0.066 UA:2    +
   56   123  0   0.0%   0.070 GC:2    +
   79   103  0   0.0%   0.490 GU:2    +
   80   102  0   0.0%   0.361 AU:2    +
   78   104  0   0.0%   0.339 AU:2    +
   61   118  0   0.0%   0.104 UA:2    +
   77   105  0   0.0%   0.246 UA:2    +
   78   140  0   0.0%   0.346 AU:2    +
   51    62  0   0.0%   0.052 GU:2    +
   76   106  0   0.0%   0.175 UG:2    +
   19    24  0   0.0%   0.563 UG:2    +
   75   107  0   0.0%   0.226 UA:2    +
   36    73  0   0.0%   0.263 GU:2    +
   81   101  0   0.0%   0.307 GU:2    +
   11    25  0   0.0%   0.402 CG:2    +
   40    75  0   0.0%   0.307 AU:2    +
   25    29  0   0.0%   0.282 GC:2    +
   63    81  0   0.0%   0.357 CG:2    +
    3   140  0   0.0%   0.089 AU:2    +
   62   117  0   0.0%   0.067 UA:2    +
   67   111  0   0.0%   0.418 GC:2    +
   82   100  0   0.0%   0.069 UG:2    +
   66   112  0   0.0%   0.107 UA:2    +
   68   110  0   0.0%   0.582 AU:2    +
   39    78  0   0.0%   0.473 UA:2    +
   83    99  0   0.0%   0.012 AU:2    +
   69   109  0   0.0%   0.190 AU:2    +
   13    73  0   0.0%   0.445 AU:2    +
   55   124  0   0.0%   0.069 UA:2    +
   78   137  0   0.0%   0.346 AU:2    +
  103   121  0   0.0%   1.671 UA:2    +
   79   136  0   0.0%   0.497 GC:2    +
   60    82  0   0.0%   0.106 GU:2    +
   70   108  0   0.0%   0.033 GU:2    +
   77   138  0   0.0%   0.251 UG:2    +
    1   139  0   0.0%   0.146 UA:2    +
   80   135  0   0.0%   0.365 AU:2    +
   64    80  0   0.0%   0.395 UA:2    +
   65   113  0   0.0%   0.085 AU:2    +
   25    77  0   0.0%   0.434 GU:2    +
   25    34  0   0.0%   0.330 GU:2    +
   24    30  0   0.0%   0.289 GU:2    +
    4    20  0   0.0%   0.003 CG:2    +
  102   122  0   0.0%   1.694 UA:2    +
   76   139  0   0.0%   0.180 UA:2    +
   73    79  0   0.0%   0.631 UG:2    +
   40    77  0   0.0%   0.347 AU:2    +
    8    60  0   0.0%   0.155 UG:2    +
    3   137  0   0.0%   0.088 AU:2    +
   34    80  0   0.0%   0.341 UA:2    +
   21    51  0   0.0%   0.107 CG:2    +
   20    52  0   0.0%   0.381 GC:2    +
    9    25  0   0.0%   0.446 UG:2    +
   93   132  0   0.0%   0.217 UA:2    +
   75   142  0   0.0%   0.236 UA:2    +
    8    26  0   0.0%   0.226 UA:2    +
    9    83  0   0.0%   0.246 UA:2    +
   15    24  0   0.0%   0.297 UG:2    +
   33    76  0   0.0%   0.198 AU:2    +
   18    31  0   0.0%   0.367 UA:2    +
   36    72  0   0.0%   0.259 GC:2    +
   12    77  0   0.0%   0.340 AU:2    +
    7    81  0   0.0%   0.478 UG:2    +
    3    30  0   0.0%   0.003 AU:2    +
   35    79  0   0.0%   0.752 UG:2    +
   24    35  0   0.0%   0.347 GU:2    +
   86   133  0   0.0%   0.007 AU:2    +
   85   134  0   0.0%   0.011 CG:2    +
   67    85  0   0.0%   0.416 GC:2    +
   13    76  0   0.0%   0.473 AU:2    +
   68    84  0   0.0%   0.580 AU:2    +
   87   132  0   0.0%   0.010 UA:2    +
   66    86  0   0.0%   0.105 UA:2    +
   11    38  0   0.0%   0.209 CG:2    +
    7   131  0   0.0%   0.318 UA:2    +
    8   130  0   0.0%   0.255 UA:2    +
   10    14  0   0.0%   0.003 AU:2    +
  106   119  0   0.0%   0.327 GC:2    +
    7    12  0   0.0%   0.003 UA:2    +
   10    39  0   0.0%   0.206 AU:2    +
   81    90  0   0.0%   0.305 GC:2    +
   31    76  0   0.0%   0.312 AU:2    +
    9   129  0   0.0%   0.241 UA:2    +
   53   127  0   0.0%   0.085 GC:2    +
   54   125  0   0.0%   0.068 UA:2    +
   77    81  0   0.0%   0.545 UG:2    +
   18    25  0   0.0%   0.606 UG:2    +
    6   132  0   0.0%   0.448 UA:2    +
   81   123  0   0.0%   0.308 GC:2    +
   82    89  0   0.0%   0.067 UA:2    +
  104   120  0   0.0%   0.660 UG:2    +
   59    81  0   0.0%   0.270 CG:2    +
    1    32  0   0.0%   0.023 UA:2    +
   65    87  0   0.0%   0.083 AU:2    +
   15    51  0   0.0%   0.073 UG:2    +
   82   122  0   0.0%   0.070 UA:2    +
    1   141  0   0.0%   0.146 UA:2    +
   18    24  0   0.0%   0.604 UG:2    +
    4   134  0   0.0%   0.188 CG:2    +
   24    75  0   0.0%   0.380 GU:2    +
   74   142  0   0.0%   0.186 UA:2    +
   26    82  0   0.0%   0.243 AU:2    +
   18    23  0   0.0%   0.643 UA:2    +
    5    36  0   0.0%   0.228 CG:2    +
   53    58  0   0.0%   0.065 GU:2    +
   19    80  0   0.0%   0.631 UA:2    +
    4    37  0   0.0%   0.118 CG:2    +
   65   140  0   0.0%   0.086 AU:2    +
   10   128  0   0.0%   0.288 AU:2    +
   25    74  0   0.0%   0.366 GU:2    +
   14    20  0   0.0%   0.283 UG:2    +
   37    72  0   0.0%   0.244 GC:2    +
   40    76  0   0.0%   0.313 AU:2    +
   66   139  0   0.0%   0.108 UA:2    +
    7    78  0   0.0%   0.227 UA:2    +
   64   141  0   0.0%   0.085 UA:2    +
   15    26  0   0.0%   0.144 UA:2    +
    9    33  0   0.0%   0.206 UA:2    +
   19    23  0   0.0%   0.600 UA:2    +
  109   116  0   0.0%   0.202 UA:2    +
    3   135  0   0.0%   0.086 AU:2    +
  108   117  0   0.0%   0.667 UA:2    +
   32    77  0   0.0%   0.255 AU:2    +
   11    79  0   0.0%   0.525 CG:2    +
   18    81  0   0.0%   0.589 UG:2    +
   79    85  0   0.0%   0.488 GC:2    +
   22    81  0   0.0%   0.241 CG:2    +
   23    76  0   0.0%   0.426 AU:2    +
    6    79  0   0.0%   0.470 UG:2    +
   15    23  0   0.0%   0.336 UA:2    +
    8    33  0   0.0%   0.142 UA:2    +
   14    25  0   0.0%   0.260 UG:2    +
   76   141  0   0.0%   0.183 UA:2    +
   19    31  0   0.0%   0.326 UA:2    +
   54   126  0   0.0%   0.068 UA:2    +
    3    66  0   0.0%   0.044 AU:2    +
    1    68  0   0.0%   0.024 UA:2    +
    9    40  0   0.0%   0.217 UA:2    +
    6    20  0   0.0%   0.016 UG:2    +
   29    38  0   0.0%   0.297 CG:2    +
   30    37  0   0.0%   0.344 UG:2    +
   81   140  0   0.0%   0.311 GU:2    +
   37    77  0   0.0%   0.490 GU:2    +
   14    37  0   0.0%   0.073 UG:2    +
    1    25  0   0.0%   0.002 UG:2    +
    9    32  0   0.0%   0.207 UA:2    +
   45    69  0   0.0%   0.781 UA:2    +
   80    84  0   0.0%   0.359 AU:2    +
   26    73  0   0.0%   0.208 AU:2    +
    6    13  0   0.0%   0.002 UA:2    +
    6    60  0   0.0%   0.310 UG:2    +
   14    24  0   0.0%   0.260 UG:2    +
   75   141  0   0.0%   0.232 UA:2    +
   62    70  0   0.0%   0.028 UG:2    +
   93   124  0   0.0%   0.013 UA:2    +
   16    50  0   0.0%   0.069 AU:2    +
   17    82  0   0.0%   0.150 AU:2    +
   47    67  0   0.0%   0.437 UG:2    +
   53    72  0   0.0%   0.108 GC:2    +
   22   138  0   0.0%   0.072 CG:2    +
   23   137  0   0.0%   0.413 AU:2    +
   54    71  0   0.0%   0.088 UA:2    +
   24   136  0   0.0%   0.376 GC:2    +
   99   122  0   0.0%   0.988 UA:2    +
   19    53  0   0.0%   0.448 UG:2    +
   69    76  0   0.0%   0.352 AU:2    +
    9    60  0   0.0%   0.219 UG:2    +
   15    20  0   0.0%   0.317 UG:2    +
   39    79  0   0.0%   0.599 UG:2    +
   14    23  0   0.0%   0.300 UA:2    +
   55    70  0   0.0%   0.086 UG:2    +
   74   141  0   0.0%   0.183 UA:2    +
   18    32  0   0.0%   0.390 UA:2    +
    1    24  0   0.0%   0.001 UG:2    +
  109   117  0   0.0%   0.506 UA:2    +
   34    81  0   0.0%   0.319 UG:2    +
  108   118  0   0.0%   0.813 UA:2    +
    3     9  0   0.0%   0.001 AU:2    +
   55   125  0   0.0%   0.068 UA:2    +
  127   134  0   0.0%   0.757 CG:2    +
  110   116  0   0.0%   0.202 UA:2    +
    9    80  0   0.0%   0.481 UA:2    +
   70    75  0   0.0%   0.225 GU:2    +
   78    82  0   0.0%   0.400 AU:2    +
   67    72  0   0.0%   0.392 GC:2    +
   34    78  0   0.0%   0.294 UA:2    +
   59    79  0   0.0%   0.428 CG:2    +
   41    73  0   0.0%   0.157 GU:2    +
   67   114  0   0.0%   0.417 GC:2    +
   10    58  0   0.0%   0.230 AU:2    +
   20    30  0   0.0%   0.322 GU:2    +
   70   111  0   0.0%   0.033 GC:2    +
   68   113  0   0.0%   0.581 AU:2    +
   48    66  0   0.0%   0.177 AU:2    +
   58    80  0   0.0%   0.271 UA:2    +
    9    67  0   0.0%   0.203 UG:2    +
   17    39  0   0.0%   0.099 AU:2    +
    3    15  0   0.0%   0.001 AU:2    +
   35    80  0   0.0%   0.614 UA:2    +
  126   135  0   0.0%   0.718 AU:2    +
   60    90  0   0.0%   0.048 GC:2    +
   33    82  0   0.0%   0.151 AU:2    +
   18    41  0   0.0%   0.359 UG:2    +
   71   110  0   0.0%   0.038 AU:2    +
    9    26  0   0.0%   0.290 UA:2    +
    9    13  0   0.0%   0.004 UA:2    +
   25   135  0   0.0%   0.364 GU:2    +
   80   140  0   0.0%   0.364 AU:2    +
    8    13  0   0.0%   0.005 UA:2    +
   11   134  0   0.0%   0.242 CG:2    +
   39    80  0   0.0%   0.461 UA:2    +
   28    79  0   0.0%   0.498 CG:2    +
   26    35  0   0.0%   0.174 AU:2    +
   18    38  0   0.0%   0.395 UG:2    +
   49   127  0   0.0%   0.083 GC:2    +
   68   137  0   0.0%   0.582 AU:2    +
    8    68  0   0.0%   0.140 UA:2    +
   50   126  0   0.0%   0.066 UA:2    +
   48   128  0   0.0%   0.084 AU:2    +
   15    53  0   0.0%   0.133 UG:2    +
   33    77  0   0.0%   0.239 AU:2    +
   16    76  0   0.0%   0.089 AU:2    +
   64   116  0   0.0%   0.079 UA:2    +
    1    17  0   0.0%   0.001 UA:2    +
   16    74  0   0.0%   0.081 AU:2    +
   16    75  0   0.0%   0.082 AU:2    +
   10   135  0   0.0%   0.288 AU:2    +
   17    42  0   0.0%   0.064 AU:2    +
   25    39  0   0.0%   0.318 GU:2    +
    1    41  0   0.0%   0.023 UG:2    +
   17    75  0   0.0%   0.143 AU:2    +
    3    73  0   0.0%   0.044 AU:2    +
   82   139  0   0.0%   0.071 UA:2    +
    3    19  0   0.0%   0.001 AU:2    +
   83   133  0   0.0%   0.011 AU:2    +
   47   129  0   0.0%   0.086 UA:2    +
    8    81  0   0.0%   0.414 UG:2    +
   12   133  0   0.0%   0.282 AU:2    +
    9   141  0   0.0%   0.244 UA:2    +
    1    40  0   0.0%   0.022 UA:2    +
   17    74  0   0.0%   0.142 AU:2    +
   65   115  0   0.0%   0.083 AU:2    +
   31    82  0   0.0%   0.406 AU:2    +
   70    76  0   0.0%   0.195 GU:2    +
   84   132  0   0.0%   0.005 UA:2    +
    8   142  0   0.0%   0.260 UA:2    +
    7    69  0   0.0%   0.185 UA:2    +
   77    83  0   0.0%   0.250 UA:2    +
   92   125  0   0.0%   0.009 UA:2    +
   61    89  0   0.0%   0.100 UA:2    +
   17    54  0   0.0%   0.194 AU:2    +
   19    78  0   0.0%   0.548 UA:2    +
   16    55  0   0.0%   0.133 AU:2    +
   82   134  0   0.0%   0.072 UG:2    +
   59    91  0   0.0%   0.031 CG:2    +
   88   135  0   0.0%   0.009 GU:2    +
   11    60  0   0.0%   0.256 CG:2    +
   65    76  0   0.0%   0.178 AU:2    +
   13    77  0   0.0%   0.510 AU:2    +
   30    81  0   0.0%   0.428 UG:2    +
  106   111  0   0.0%   0.003 GC:2    +
   20    77  0   0.0%   0.439 GU:2    +
   68    77  0   0.0%   0.818 AU:2    +
   14    80  0   0.0%   0.342 UA:2    +
   15    79  0   0.0%   0.363 UG:2    +
   14    78  0   0.0%   0.257 UA:2    +
   10    66  0   0.0%   0.231 AU:2    +
    9    65  0   0.0%   0.200 UA:2    +
   24    28  0   0.0%   0.284 GC:2    +
    7    32  0   0.0%   0.170 UA:2    +
   71    75  0   0.0%   0.226 AU:2    +
   15    56  0   0.0%   0.137 UG:2    +
   63    88  0   0.0%   0.082 CG:2    +
   19    79  0   0.0%   0.675 UG:2    +
   24    74  0   0.0%   0.378 GU:2    +
   18    80  0   0.0%   0.667 UA:2    +
   23    75  0   0.0%   0.416 AU:2    +
    8    31  0   0.0%   0.128 UA:2    +
   76    83  0   0.0%   0.180 UA:2    +
   19   141  0   0.0%   0.393 UA:2    +
    6    16  0   0.0%   0.001 UA:2    +
   10    61  0   0.0%   0.236 AU:2    +
   15    80  0   0.0%   0.318 UA:2    +
   20   140  0   0.0%   0.384 GU:2    +
   74    83  0   0.0%   0.183 UA:2    +
   14    81  0   0.0%   0.263 UG:2    +
    5    38  0   0.0%   0.298 CG:2    +
   25    30  0   0.0%   0.294 GU:2    +
  101   124  0   0.0%   1.366 UA:2    +
    6    70  0   0.0%   0.301 UG:2    +
   19    81  0   0.0%   0.552 UG:2    +
    5   138  0   0.0%   0.401 CG:2    +
    6    37  0   0.0%   0.332 UG:2    +
    7   142  0   0.0%   0.322 UA:2    +
  101   117  0   0.0%   0.003 UA:2    +
   18   142  0   0.0%   0.431 UA:2    +
    9   142  0   0.0%   0.246 UA:2    +
   30    83  0   0.0%   0.199 UA:2    +
   12    73  0   0.0%   0.269 AU:2    +
   21    49  0   0.0%   0.169 CG:2    +
   18    40  0   0.0%   0.375 UA:2    +
   10   140  0   0.0%   0.289 AU:2    +
   73   142  0   0.0%   0.198 UA:2    +
   11    46  0   0.0%   0.172 CG:2    +
   39    81  0   0.0%   0.439 UG:2    +
   12    45  0   0.0%   0.203 AU:2    +
   79   140  0   0.0%   0.495 GU:2    +
    6   142  0   0.0%   0.452 UA:2    +
   26    30  0   0.0%   0.134 AU:2    +
   10    47  0   0.0%   0.170 AU:2    +
   61    80  0   0.0%   0.324 UA:2    +
   20    50  0   0.0%   0.443 GU:2    +
   13    44  0   0.0%   0.376 AU:2    +
   18    53  0   0.0%   0.485 UG:2    +
    9    48  0   0.0%   0.199 UA:2    +
   18    79  0   0.0%   0.712 UG:2    +
   69    77  0   0.0%   0.428 AU:2    +
   67    73  0   0.0%   0.501 GU:2    +
    5   134  0   0.0%   0.400 CG:2    +
   59   138  0   0.0%   0.035 CG:2    +
   10    64  0   0.0%   0.230 AU:2    +
   16    73  0   0.0%   0.070 AU:2    +
   13    82  0   0.0%   0.470 AU:2    +
   87   129  0   0.0%   0.008 UA:2    +
  100   127  0   0.0%   1.405 GC:2    +
  101   126  0   0.0%   1.345 UA:2    +
   34    38  0   0.0%   0.169 UG:2    +
   13    57  0   0.0%   0.500 AU:2    +
    6    12  0   0.0%   0.000 UA:2    +
   96   131  0   0.0%   0.912 UA:2    +
   55    71  0   0.0%   0.088 UA:2    +
   62   116  0   0.0%   0.063 UA:2    +
   11   138  0   0.0%   0.242 CG:2    +
   33    39  0   0.0%   0.234 AU:2    +
   17    73  0   0.0%   0.131 AU:2    +
   62    89  0   0.0%   0.063 UA:2    +
    1    10  0   0.0%   0.000 UA:2    +
   14   139  0   0.0%   0.101 UA:2    +
   58   139  0   0.0%   0.014 UA:2    +
   12    58  0   0.0%   0.268 AU:2    +
   15   138  0   0.0%   0.076 UG:2    +
   10    73  0   0.0%   0.230 AU:2    +
    3     8  0   0.0%   0.000 AU:2    +
   66    71  0   0.0%   0.131 UA:2    +
   13    61  0   0.0%   0.448 AU:2    +
   30    79  0   0.0%   0.550 UG:2    +
   13   140  0   0.0%   0.454 AU:2    +
   62    88  0   0.0%   0.063 UG:2    +
   74   107  0   0.0%   0.175 UA:2    +
   14    60  0   0.0%   0.116 UG:2    +
   98   117  0   0.0%   0.002 UA:2    +
   64    88  0   0.0%   0.079 UG:2    +
   12   137  0   0.0%   0.283 AU:2    +
   16   137  0   0.0%   0.072 AU:2    +
   42    69  0   0.0%   0.079 UA:2    +
   12    62  0   0.0%   0.268 AU:2    +
   42    70  0   0.0%   0.079 UG:2    +
   88   128  0   0.0%   0.007 GU:2    +
   10    34  0   0.0%   0.169 AU:2    +
    8    69  0   0.0%   0.140 UA:2    +
   61    68  0   0.0%   0.578 UA:2    +
    7    70  0   0.0%   0.185 UG:2    +
   14    56  0   0.0%   0.162 UG:2    +
   17    57  0   0.0%   0.188 AU:2    +
  102   116  0   0.0%   0.002 UA:2    +
   60    73  0   0.0%   0.184 GU:2    +
    8   141  0   0.0%   0.257 UA:2    +
   23    34  0   0.0%   0.336 AU:2    +
  124   133  0   0.0%   0.743 AU:2    +
    1    83  0   0.0%   0.143 UA:2    +
   71    76  0   0.0%   0.196 AU:2    +
   70    77  0   0.0%   0.270 GU:2    +
   43   138  0   0.0%   0.098 CG:2    +
    1    23  0   0.0%   0.001 UA:2    +
    7   141  0   0.0%   0.320 UA:2    +
   42   139  0   0.0%   0.095 UA:2    +
   18    56  0   0.0%   0.489 UG:2    +
  126   133  0   0.0%   0.722 AU:2    +
    6    10  0   0.0%   0.001 UA:2    +
   16    58  0   0.0%   0.069 AU:2    +
   52   134  0   0.0%   0.018 CG:2    +
   88   127  0   0.0%   0.007 GC:2    +
   98   118  0   0.0%   0.008 UA:2    +
    3    64  0   0.0%   0.043 AU:2    +
  102   125  0   0.0%   1.598 UA:2    +
   62    67  0   0.0%   0.362 UG:2    +
   41   140  0   0.0%   0.020 GU:2    +
   32    74  0   0.0%   0.062 AU:2    +
   14   131  0   0.0%   0.100 UA:2    +
    9    68  0   0.0%   0.203 UA:2    +
   91   128  0   0.0%   0.033 GU:2    +
   19    49  0   0.0%   0.451 UG:2    +
   97   119  0   0.0%   0.013 GC:2    +
    7   138  0   0.0%   0.318 UG:2    +
   75    83  0   0.0%   0.230 UA:2    +
   75   106  0   0.0%   0.222 UG:2    +
   15   130  0   0.0%   0.076 UA:2    +
   53   133  0   0.0%   0.084 GU:2    +
   63   138  0   0.0%   0.084 CG:2    +
    6    71  0   0.0%   0.299 UA:2    +
    8    49  0   0.0%   0.134 UG:2    +
   19    38  0   0.0%   0.353 UG:2    +
    6   139  0   0.0%   0.447 UA:2    +
   28    36  0   0.0%   0.091 CG:2    +
    9    38  0   0.0%   0.234 UG:2    +
   51   135  0   0.0%   0.051 GU:2    +
    6    33  0   0.0%   0.281 UA:2    +
   41   136  0   0.0%   0.019 GC:2    +
   12    30  0   0.0%   0.182 AU:2    +
   10    35  0   0.0%   0.169 AU:2    +
   60   137  0   0.0%   0.050 GU:2    +
   43   134  0   0.0%   0.097 CG:2    +
    7    36  0   0.0%   0.190 UG:2    +
   99   117  0   0.0%   0.003 UA:2    +
   62   139  0   0.0%   0.066 UA:2    +
   13    58  0   0.0%   0.442 AU:2    +
   40   137  0   0.0%   0.164 AU:2    +
   26   140  0   0.0%   0.222 AU:2    +
   13    39  0   0.0%   0.411 AU:2    +
   24    39  0   0.0%   0.330 GU:2    +
   11    67  0   0.0%   0.240 CG:2    +
   15   141  0   0.0%   0.079 UA:2    +
    1    31  0   0.0%   0.021 UA:2    +
   82   124  0   0.0%   0.069 UA:2    +
   14   142  0   0.0%   0.106 UA:2    +
   99   126  0   0.0%   1.908 UA:2    +
   89   128  0   0.0%   0.007 AU:2    +
   61   117  0   0.0%   0.100 UA:2    +
  111   120  0   0.0%   0.591 CG:2    +
   57    81  0   0.0%   0.300 UG:2    +
   72   106  0   0.0%   0.042 CG:2    +
   54   132  0   0.0%   0.068 UA:2    +
   99   116  0   0.0%   0.002 UA:2    +
   98   120  0   0.0%   0.010 UG:2    +
    9    81  0   0.0%   0.399 UG:2    +
  105   113  0   0.0%   0.003 AU:2    +
   15    33  0   0.0%   0.104 UA:2    +
  124   128  0   0.0%   0.773 AU:2    +
   19    51  0   0.0%   0.386 UG:2    +
    1    13  0   0.0%   0.000 UA:2    +
   14    38  0   0.0%   0.072 UG:2    +
   12    66  0   0.0%   0.269 AU:2    +
  100   111  0   0.0%   0.003 GC:2    +
   25    73  0   0.0%   0.352 GU:2    +
  124   137  0   0.0%   0.774 AU:2    +
  106   113  0   0.0%   0.003 GU:2    +
   32    82  0   0.0%   0.166 AU:2    +
  110   121  0   0.0%   0.910 UA:2    +
  128   132  0   0.0%   0.063 UA:2    +
  123   138  0   0.0%   0.728 CG:2    +
   99   112  0   0.0%   0.002 UA:2    +
   23    74  0   0.0%   0.415 AU:2    +
    9    37  0   0.0%   0.234 UG:2    +
   14   132  0   0.0%   0.100 UA:2    +
   12    34  0   0.0%   0.174 AU:2    +
   65    74  0   0.0%   0.107 AU:2    +
    9   138  0   0.0%   0.241 UG:2    +
    3     7  0   0.0%   0.000 AU:2    +
    1    71  0   0.0%   0.023 UA:2    +
    8   139  0   0.0%   0.254 UA:2    +
  129   133  0   0.0%   0.072 AU:2    +
   51    59  0   0.0%   0.002 GC:2    +
   15   131  0   0.0%   0.076 UA:2    +
    8   131  0   0.0%   0.254 UA:2    +
   67   140  0   0.0%   0.419 GU:2    +
   81    85  0   0.0%   0.304 GC:2    +
   15   129  0   0.0%   0.075 UA:2    +
   17    77  0   0.0%   0.192 AU:2    +
   39   142  0   0.0%   0.208 UA:2    +
   76   105  0   0.0%   0.171 UA:2    +
   16   128  0   0.0%   0.072 AU:2    +
    6   141  0   0.0%   0.450 UA:2    +
   71   108  0   0.0%   0.037 AU:2    +
   66   141  0   0.0%   0.110 UA:2    +
   20    74  0   0.0%   0.392 GU:2    +
    7   132  0   0.0%   0.317 UA:2    +
  125   133  0   0.0%   0.649 AU:2    +
   19    33  0   0.0%   0.355 UA:2    +
    9   130  0   0.0%   0.240 UA:2    +
   39    69  0   0.0%   0.198 UA:2    +
    8    70  0   0.0%   0.140 UG:2    +
   49    64  0   0.0%   0.099 GU:2    +
  103   124  0   0.0%   1.494 UA:2    +
   11    53  0   0.0%   0.172 CG:2    +
   44    67  0   0.0%   0.081 UG:2    +
   64    68  0   0.0%   0.537 UA:2    +
    4    70  0   0.0%   0.160 CG:2    +
    8    38  0   0.0%   0.170 UG:2    +
    4   138  0   0.0%   0.188 CG:2    +
   14   130  0   0.0%   0.100 UA:2    +
   41    74  0   0.0%   0.100 GU:2    +
   26    84  0   0.0%   0.220 AU:2    +
   16   140  0   0.0%   0.073 AU:2    +
   82   126  0   0.0%   0.068 UA:2    +
   58    81  0   0.0%   0.249 UG:2    +
    8   138  0   0.0%   0.255 UG:2    +
    3    35  0   0.0%   0.002 AU:2    +
  107   115  0   0.0%   0.021 AU:2    +
  100   114  0   0.0%   0.002 GC:2    +
   73   105  0   0.0%   0.191 UA:2    +
    9    69  0   0.0%   0.202 UA:2    +
    3    58  0   0.0%   0.036 AU:2    +
    7   139  0   0.0%   0.317 UA:2    +
    3    62  0   0.0%   0.042 AU:2    +
   78    87  0   0.0%   0.335 AU:2    +
    3    50  0   0.0%   0.036 AU:2    +
   98   130  0   0.0%   1.251 UA:2    +
   49   136  0   0.0%   0.083 GC:2    +
    4    49  0   0.0%   0.152 CG:2    +
   81   127  0   0.0%   0.309 GC:2    +
    4    53  0   0.0%   0.152 CG:2    +
   53    57  0   0.0%   0.121 GU:2    +
   48   137  0   0.0%   0.084 AU:2    +
   70    82  0   0.0%   0.088 GU:2    +
    7    71  0   0.0%   0.182 UA:2    +
   14    31  0   0.0%   0.014 UA:2    +
   50    60  0   0.0%   0.084 UG:2    +
   30    40  0   0.0%   0.124 UA:2    +
   80    87  0   0.0%   0.358 AU:2    +
   10    54  0   0.0%   0.170 AU:2    +
   33    73  0   0.0%   0.041 AU:2    +
   56    94  0   0.0%   0.066 GC:2    +
   31    39  0   0.0%   0.470 AU:2    +
   13    30  0   0.0%   0.355 AU:2    +
   13    35  0   0.0%   0.405 AU:2    +
   31    75  0   0.0%   0.300 AU:2    +
   70   109  0   0.0%   0.032 GU:2    +
  123   134  0   0.0%   0.728 CG:2    +
   13   133  0   0.0%   0.452 AU:2    +
   22    38  0   0.0%   0.073 CG:2    +
   29    41  0   0.0%   0.185 CG:2    +
   19   142  0   0.0%   0.395 UA:2    +
   44   132  0   0.0%   0.468 UA:2    +
  114   120  0   0.0%   0.590 CG:2    +
   25    85  0   0.0%   0.363 GC:2    +
   86   140  0   0.0%   0.057 AU:2    +
  108   116  0   0.0%   0.361 UA:2    +
   11    37  0   0.0%   0.207 CG:2    +
   24    85  0   0.0%   0.375 GC:2    +
    5    67  0   0.0%   0.268 CG:2    +
   47   138  0   0.0%   0.087 UG:2    +
   87   131  0   0.0%   0.008 UA:2    +
    3    54  0   0.0%   0.036 AU:2    +
   15   142  0   0.0%   0.081 UA:2    +
  105   128  0   0.0%   0.045 AU:2    +
  106   127  0   0.0%   0.754 GC:2    +
  104   129  0   0.0%   0.132 UA:2    +
  103   130  0   0.0%   0.813 UA:2    +
   45   131  0   0.0%   0.645 UA:2    +
   51   127  0   0.0%   0.050 GC:2    +
   83    98  0   0.0%   0.009 AU:2    +
  113   121  0   0.0%   0.926 UA:2    +
   87   139  0   0.0%   0.011 UA:2    +
   25    84  0   0.0%   0.363 GU:2    +
  106   115  0   0.0%   0.005 GU:2    +
   20    73  0   0.0%   0.380 GU:2    +
   96   120  0   0.0%   0.019 UG:2    +
   99   129  0   0.0%   1.258 UA:2    +
    9    36  0   0.0%   0.213 UG:2    +
   84   141  0   0.0%   0.108 UA:2    +
   58    69  0   0.0%   0.148 UA:2    +
   24    73  0   0.0%   0.366 GU:2    +
   22    49  0   0.0%   0.128 CG:2    +
   80   128  0   0.0%   0.362 AU:2    +
   20    75  0   0.0%   0.392 GU:2    +
   69    82  0   0.0%   0.245 AU:2    +
   41    76  0   0.0%   0.170 GU:2    +
   17    55  0   0.0%   0.194 AU:2    +
   90    97  0   0.0%   0.004 CG:2    +
   97   114  0   0.0%   0.003 GC:2    +
   90    95  0   0.0%   0.004 CG:2    +
   10   137  0   0.0%   0.288 AU:2    +
   89    98  0   0.0%   0.004 AU:2    +
   11    51  0   0.0%   0.172 CG:2    +
   81   136  0   0.0%   0.310 GC:2    +
   73   141  0   0.0%   0.196 UA:2    +
    1    37  0   0.0%   0.022 UG:2    +
  122   135  0   0.0%   0.739 AU:2    +
   80   137  0   0.0%   0.365 AU:2    +
   12    39  0   0.0%   0.238 AU:2    +
  102   131  0   0.0%   1.073 UA:2    +
  109   122  0   0.0%   0.736 UA:2    +
   84   121  0   0.0%   0.003 UA:2    +
   88    99  0   0.0%   0.005 GU:2    +
    7    67  0   0.0%   0.180 UG:2    +
   80   101  0   0.0%   0.357 AU:2    +
   39   138  0   0.0%   0.203 UG:2    +
   49    62  0   0.0%   0.066 GU:2    +
    5    51  0   0.0%   0.262 CG:2    +
    1    33  0   0.0%   0.022 UA:2    +
  110   117  0   0.0%   0.505 UA:2    +
   14    49  0   0.0%   0.036 UG:2    +
   15    48  0   0.0%   0.071 UA:2    +
   85   120  0   0.0%   0.006 CG:2    +
   41    75  0   0.0%   0.165 GU:2    +
   34    40  0   0.0%   0.078 UA:2    +
   79   102  0   0.0%   0.486 GU:2    +
   89    96  0   0.0%   0.007 AU:2    +
   55   131  0   0.0%   0.068 UA:2    +
   16    47  0   0.0%   0.067 AU:2    +
  109   118  0   0.0%   0.652 UA:2    +
  100   115  0   0.0%   0.001 GU:2    +
   78    84  0   0.0%   0.335 AU:2    +
   51    63  0   0.0%   0.066 GC:2    +
   65    75  0   0.0%   0.172 AU:2    +
   62    81  0   0.0%   0.336 UG:2    +
   24    42  0   0.0%   0.289 GU:2    +
   45    65  0   0.0%   0.054 UA:2    +
   15    37  0   0.0%   0.107 UG:2    +
   56    72  0   0.0%   0.091 GC:2    +
   52    56  0   0.0%   0.066 CG:2    +
   77    88  0   0.0%   0.242 UG:2    +
   23    39  0   0.0%   0.369 AU:2    +
   73   107  0   0.0%   0.191 UA:2    +
   60    74  0   0.0%   0.127 GU:2    +
   98   116  0   0.0%   0.000 UA:2    +
    7    31  0   0.0%   0.170 UA:2    +
  120   127  0   0.0%   1.340 GC:2    +
    6    68  0   0.0%   0.297 UA:2    +
   13    50  0   0.0%   0.376 AU:2    +
    7    40  0   0.0%   0.192 UA:2    +
   57    71  0   0.0%   0.084 UA:2    +
   87   126  0   0.0%   0.005 UA:2    +
   17    35  0   0.0%   0.096 AU:2    +
   78   103  0   0.0%   0.335 AU:2    +
  101   132  0   0.0%   0.655 UA:2    +
   69   110  0   0.0%   0.189 AU:2    +
  108   126  0   0.0%   0.875 UA:2    +
    1    38  0   0.0%   0.022 UG:2    +
    6    40  0   0.0%   0.312 UA:2    +
   21    27  1   0.4%   0.142 CG:1    +
    2    78  1   0.4%   0.186 UA:1    +
    2    40  1   0.3%   0.155 UA:1    +
    5    27  1   0.2%   0.301 CG:1    +
    2    83  1   0.1%   0.280 UA:1    +
    2    80  1   0.1%   0.365 UA:1    +
    2   141  1   0.0%   0.279 UA:1    +
    2   142  1   0.0%   0.282 UA:1    +
    2    31  1   0.0%   0.107 UA:1    +
    4    27  1   0.0%   0.170 CG:1    +
   22    27  1   0.0%   0.093 CG:1    +
    2    23  1   0.0%   0.002 UA:1    +
    2    16  1   0.0%   0.001 UA:1    +
    2    10  1   0.0%   0.001 UA:1    +
   11    27  1   0.0%   0.210 CG:1    +
    2    65  1   0.0%   0.122 UA:1    +
    2    12  1   0.0%   0.000 UA:1    +
    2   139  1   0.0%   0.271 UA:1    +
    2    32  1   0.0%   0.106 UA:1    +
...(((....(((....)))..))).(((((...)))))((((((((((.(((.....))).)))).))))))........(((((.((((((..((((..(((((((...)))))))..))))......))))))))))).
