6 sequence; length of alignment 157
alifold output
   35    95  0  99.5%   0.058 GC:4    GU:2   
   48    70  0  99.1%   0.037 UG:1    UA:5   
   47    71  2  99.3%   0.059 CG:2    UA:2   
   38    92  0  97.9%   0.113 UG:2    UA:4   
   36    94  2  99.5%   0.056 CG:4   
   46    72  2  98.7%   0.077 GC:1    GU:2    AU:1   
   54    65  2  99.3%   0.073 CG:4   
   56    64  1  98.9%   0.085 UA:5   
   37    93  1  98.7%   0.091 UA:5   
   53    66  3  98.6%   0.093 GC:3   
   44    87  2  97.9%   0.099 CG:3    UA:1   
   57    63  2  98.0%   0.086 GC:4   
   34    96  1  97.7%   0.095 UA:5   
   45    86  2  97.9%   0.093 AU:4   
   49    69  3  97.2%   0.084 GC:1    UA:2   
   39    91  1  96.1%   0.189 UA:5   
  111   123  1  92.2%   0.460 CG:1    UG:2    AU:1    UA:1   
  110   124  0  92.2%   0.462 GC:5    GU:1   
  112   122  0  92.1%   0.448 CG:1    UA:5   
  113   121  1  90.5%   0.457 GC:1    UA:4   
   33    97  2  89.3%   0.354 AU:4   
   26   106  0  86.8%   0.556 AU:2    UA:4   
   25   107  0  86.7%   0.663 GC:4    GU:2   
   40    90  1  86.5%   0.460 UG:2    UA:3   
   27   105  3  85.3%   0.543 AU:2    UA:1   
   52    67  0  83.1%   0.485 UG:1    UA:4    --:1   
   43    88  3  80.4%   0.566 UA:3   
   28   104  1  77.7%   0.765 UG:1    UA:4   
   50    68  2  76.2%   0.640 AU:3    UA:1   
  109   125  0  71.8%   1.027 GU:4    AU:1    --:1   
   24   108  2  68.3%   1.140 GU:4   
  128   149  0  60.0%   1.720 CG:4    AU:1    UA:1    +
  129   148  1  61.0%   1.361 AU:1    UA:4    +
  130   147  1  60.0%   1.629 UA:5    +
  131   146  2  51.8%   1.897 AU:4    +
   31    99  2  42.5%   1.220 GU:3    UA:1   
  132   145  2  37.9%   2.151 UA:4    +
   18   150  0  29.5%   1.964 GC:4    GU:1    UA:1   
   17   151  2  28.8%   1.612 UA:4   
   16   152  1  26.1%   1.829 CG:2    UG:1    UA:2   
    5    19  0  23.8%   1.142 CG:1    GC:1    GU:4    +
    6    18  0  24.0%   1.128 CG:5    AU:1    +
   19   149  2  21.0%   1.809 CG:1    UG:3   
   21   147  0  15.8%   1.334 UG:1    UA:5   
   22   146  2  15.9%   1.253 AU:4   
   23   145  1  14.5%   1.514 UA:5   
  132   144  1  12.6%   1.024 CG:1    UA:4    +
    8    17  0  11.4%   0.886 GU:2    AU:4    +
    9    16  1  11.3%   0.882 GC:2    AU:3    +
   23   109  0   9.3%   0.971 UG:4    UA:1    --:1    +
  133   143  0   8.8%   0.709 GC:1    AU:1    --:4    +
   12   156  0   5.4%   1.265 GC:1    UG:4    UA:1    +
   29   102  2   7.4%   0.820 GC:1    GU:2    AU:1    +
  131   145  3   6.1%   1.165 AU:1    UA:2    +
   30   101  2   5.5%   0.736 GU:1    UG:2    UA:1    +
   12   123  0   3.5%   0.809 GU:1    UG:3    UA:2    +
   31   100  2   5.7%   0.992 GU:3    UG:1    +
  126   151  2   5.7%   1.249 AU:1    UA:3    +
    7    24  1   5.4%   0.536 CG:2    UG:3    +
    7   155  0   4.3%   0.950 CG:1    UG:3    --:2    +
    8    23  0   4.2%   0.807 GU:2    AU:4    +
    9    21  0   4.1%   0.693 GU:2    AU:4    +
    5   157  1   5.0%   1.252 GC:4    GU:1    +
    6    25  1   5.4%   0.901 CG:5    +
   11    21  0   3.8%   0.813 GU:4    AU:2    +
   11    19  1   4.2%   0.908 GC:1    GU:3    AU:1    +
  125   152  0   3.7%   1.349 UG:4    UA:2    +
    6   156  2   5.3%   1.381 CG:4    +
   11   157  2   4.9%   1.317 GC:3    GU:1    +
  136   141  0   3.3%   0.389 CG:1    UA:1    --:4    +
   10    20  1   4.3%   0.446 UG:1    UA:4    +
  111   149  0   1.2%   0.883 CG:2    UG:2    AU:1    UA:1    +
  134   142  1   4.5%   0.548 UA:1    --:4    +
   13   155  1   4.4%   0.991 UG:3    --:2    +
    5    26  2   4.5%   0.856 GU:4    +
   32    99  1   3.8%   0.827 GU:4    AU:1    +
   29   101  3   4.3%   0.511 GC:1    AU:2    +
    9    23  0   2.7%   0.857 GU:2    AU:4    +
   14   121  1   3.5%   0.513 GC:2    UA:3    +
   13   122  1   3.5%   0.608 UG:1    UA:4    +
   11   124  1   3.5%   0.905 GC:4    AU:1    +
   28   147  0   2.4%   1.040 CG:1    UA:5    +
   32   100  1   3.4%   0.734 GU:4    AU:1    +
   29   146  0   2.4%   1.141 GU:4    AU:2    +
  115   119  1   3.9%   0.511 AU:4    --:1    +
    3    98  0   0.3%   0.164 CG:2    GC:1    UG:2    AU:1    +
    3   153  0   1.3%   0.326 CG:2    AU:1    UA:2    --:1    +
    8    16  1   3.3%   0.364 GC:2    AU:3    +
   12    20  1   3.7%   0.698 UA:5    +
   19   117  0   0.2%   0.689 CG:1    GU:1    UG:1    UA:2    --:1    +
    5   150  1   3.2%   1.017 GC:4    GU:1    +
   16   114  0   0.0%   0.537 CG:2    UG:2    AU:1    UA:1    +
   16   149  0   0.0%   0.669 CG:2    UG:2    AU:1    UA:1    +
   16   123  0   0.0%   0.663 CG:2    UG:1    AU:1    UA:2    +
   43   117  0   0.0%   0.304 CG:1    GU:1    UG:1    UA:2    --:1    +
   72   117  0   0.0%   0.106 CG:1    UG:1    AU:1    UA:2    --:1    +
   10    22  3   3.6%   0.562 UA:3    +
   15   120  3   3.4%   0.611 CG:3    +
  135   143  0   1.7%   0.585 GC:1    GU:1    --:4    +
  112   152  0   0.6%   0.922 CG:1    UG:3    UA:2    +
  111   153  0   0.6%   0.440 CG:2    AU:1    UA:2    --:1    +
   11   146  0   1.6%   0.853 GU:4    AU:2    +
   10   147  0   1.5%   0.571 CG:1    UA:5    +
   10    29  0   0.5%   0.407 CG:1    UG:3    UA:2    +
   28   103  2   3.1%   0.391 UA:4    +
    6   149  2   3.1%   1.020 CG:4    +
  104   129  0   0.4%   0.291 GC:1    AU:4    UA:1    +
   26   149  1   2.3%   1.049 UG:4    AU:1    +
   26   153  0   0.3%   0.590 UG:2    AU:1    UA:2    --:1    +
  123   128  1   1.8%   0.554 GC:3    AU:1    UA:1    +
   25   150  1   2.3%   1.258 GC:4    GU:1    +
   15   155  0   2.3%   1.023 CG:4    --:2    +
   12   149  0   0.2%   0.736 GU:1    UG:4    UA:1    +
   99   149  0   0.2%   1.298 UG:4    AU:1    UA:1    +
    7   148  2   2.5%   0.619 AU:1    UA:3    +
  104   130  0   0.2%   0.294 GU:1    UG:1    AU:4    +
   30   149  0   0.2%   0.994 GU:1    UG:4    UA:1    +
   12    18  2   2.8%   0.814 UG:4    +
   31   126  0   0.1%   0.729 GU:3    UG:1    UA:2    +
   12   153  0   0.1%   0.691 GU:1    UG:2    UA:2    --:1    +
   30   156  0   0.1%   0.908 GC:1    UG:4    UA:1    +
   16   109  0   0.1%   0.487 CG:2    UG:2    UA:1    --:1    +
   32   107  0   0.0%   0.480 GC:4    GU:1    AU:1    +
    4    14  0   0.0%   0.096 CG:1    UG:2    AU:3    +
   13    88  0   0.0%   0.146 GC:1    UG:1    UA:4    +
   40    92  0   0.0%   0.245 CG:1    UG:1    UA:4    +
    7   151  2   2.3%   0.706 AU:1    UA:3    +
   13   120  0   0.0%   0.218 GU:1    UG:3    UA:2    +
   92   112  0   0.0%   0.103 GC:1    GU:1    AU:4    +
   10    92  0   0.0%   0.329 CG:1    UG:1    UA:4    +
   94   107  0   0.0%   0.174 GC:4    GU:1    AU:1    +
  108   153  0   0.0%   0.488 UG:2    AU:1    UA:2    --:1    +
   46    86  0   0.0%   0.065 GC:1    GU:3    AU:2    +
   32    86  0   0.0%   0.063 GC:1    GU:4    AU:1    +
   86    92  0   0.0%   0.081 CG:1    UG:1    UA:4    +
   30   153  0   0.0%   0.573 GU:1    UG:2    UA:2    --:1    +
   18   129  0   0.0%   0.645 GC:1    GU:4    UA:1    +
   99   123  0   0.0%   0.857 UG:3    AU:1    UA:2    +
   44   114  0   0.0%   0.152 CG:4    AU:1    UA:1    +
  113   117  0   0.0%   0.137 GU:1    UG:2    UA:2    --:1    +
   47    65  0   0.0%   0.051 CG:4    UG:1    UA:1    +
  114   128  0   0.0%   0.221 GC:4    AU:1    UA:1    +
   99   153  0   0.0%   0.856 UG:2    AU:1    UA:2    --:1    +
   28    92  0   0.0%   0.063 CG:1    UG:1    UA:4    +
   30   123  0   0.0%   0.478 GU:1    UG:3    UA:2    +
   32    95  0   0.0%   0.079 GC:4    GU:1    AU:1    +
  108   117  0   0.0%   0.369 UG:2    AU:1    UA:2    --:1    +
   11    86  0   0.0%   0.437 GC:1    GU:3    AU:2    +
  104   113  0   0.0%   0.257 GU:1    UG:1    AU:4    +
   46   112  0   0.0%   0.086 GC:1    GU:3    AU:2    +
   71    86  0   0.0%   0.045 GC:1    GU:1    AU:4    +
  117   129  0   0.0%   0.166 GU:2    AU:2    UA:1    --:1    +
   11   112  0   0.0%   0.441 GC:1    GU:3    AU:2    +
   65    95  0   0.0%   0.056 GC:4    GU:1    AU:1    +
   12   114  0   0.0%   0.336 GU:1    UG:4    UA:1    +
    3   117  0   0.0%   0.129 CG:2    GU:1    UA:2    --:1    +
   86    94  0   0.0%   0.049 CG:1    UG:4    UA:1    +
   47    94  0   0.0%   0.057 CG:4    UG:1    UA:1    +
   39   114  0   0.0%   0.200 UG:4    AU:1    UA:1    +
   63    98  0   0.0%   0.077 CG:4    GC:1    AU:1    +
   97   153  0   0.0%   0.297 UG:2    AU:1    UA:2    --:1    +
  117   130  0   0.0%   0.163 GU:2    UG:1    AU:2    --:1    +
   15    24  0   2.0%   0.435 CG:6    +
  135   139  0   0.9%   0.190 GC:1    GU:1    --:4    +
   99   106  1   1.9%   0.967 AU:1    UA:4    +
   27   148  3   2.4%   0.669 AU:2    UA:1    +
  122   129  1   1.9%   0.544 GC:1    AU:4    +
  121   130  1   1.9%   0.513 CG:1    AU:4    +
   16    24  1   1.8%   0.848 CG:2    UG:3    +
   33    99  1   2.3%   0.900 AU:5    +
   15    25  0   1.8%   0.518 CG:6    +
    4    27  3   2.3%   0.387 AU:1    UA:2    +
   16   155  0   0.7%   1.405 CG:2    UG:2    --:2    +
    6   152  2   2.4%   1.127 CG:4    +
   14   153  1   1.2%   0.546 GU:1    UG:1    UA:2    --:1    +
    8   150  3   2.1%   0.949 GC:2    AU:1    +
   20   112  0   0.6%   0.392 GC:1    AU:5    +
    9   146  0   0.6%   0.656 GU:2    AU:4    +
  133   139  0   0.6%   0.095 GC:1    AU:1    --:4    +
   30   145  2   2.2%   0.984 UA:4    +
  133   140  0   0.5%   0.122 GU:1    AU:1    --:4    +
   17   147  0   0.5%   0.492 UG:1    UA:5    +
   14   115  1   1.5%   0.281 GC:1    UA:3    --:1    +
    2    23  0   0.4%   0.132 GU:2    AU:4    +
   34    67  0   0.4%   0.070 UG:1    UA:4    --:1    +
   12   117  1   1.4%   0.517 UG:2    UA:2    --:1    +
  138   143  0   0.3%   0.426 GC:1    GU:1    --:4    +
    6    11  2   2.0%   0.254 CG:4    +
   11   118  2   1.3%   0.608 GC:2    GU:1    AU:1    +
   98   107  2   1.9%   0.437 GC:4    +
   13   144  1   1.3%   0.501 UG:1    UA:4    +
    5   124  1   1.3%   0.787 GC:4    GU:1    +
    9   125  0   0.3%   0.619 GU:2    AU:4    +
  134   143  1   1.7%   0.693 AU:1    --:4    +
   37    92  0   0.2%   0.067 UG:2    UA:4    +
   14   156  2   1.6%   0.907 GC:1    UG:3    +
    3   155  0   0.2%   0.252 CG:2    UG:2    --:2    +
   20   146  0   0.2%   0.564 GU:1    AU:5    +
  135   140  0   1.1%   0.259 GU:2    --:4    +
   21    29  0   0.1%   0.379 UG:4    UA:2    +
   11    17  0   0.1%   0.430 GU:4    AU:2    +
  110   150  1   1.1%   1.035 GC:4    GU:1    +
   23   144  0   0.1%   0.614 UG:1    UA:5    +
   21   109  0   0.1%   0.352 UG:4    UA:1    --:1    +
  119   144  0   0.1%   0.333 UG:1    UA:5    +
   24   107  0   0.1%   0.368 GC:4    GU:2    +
   11    23  0   0.1%   0.681 GU:4    AU:2    +
   18   113  0   0.1%   0.583 GU:5    UG:1    +
    1    23  0   0.1%   0.039 GU:1    AU:5    +
   23   152  0   0.1%   1.429 UG:4    UA:2    +
    2    21  0   0.1%   0.070 GU:2    AU:4    +
   25   157  0   0.1%   0.875 GC:5    GU:1    +
   27   155  0   0.1%   0.835 CG:3    UG:1    --:2    +
  109   119  0   0.1%   0.269 GU:4    AU:1    --:1    +
    9    17  0   0.1%   0.542 GU:2    AU:4    +
  109   128  0   0.1%   0.593 GC:4    AU:1    --:1    +
   25   132  0   0.1%   0.451 GC:2    GU:4    +
   26   105  0   0.0%   0.190 AU:2    UA:4    +
   32   125  0   0.0%   0.393 GU:5    AU:1    +
   10    24  0   0.0%   0.471 CG:1    UG:5    +
    8   146  0   0.0%   0.596 GU:2    AU:4    +
   24   157  0   0.0%   0.999 GC:5    GU:1    +
   10   144  0   0.0%   0.353 CG:1    UA:5    +
    1    21  0   0.0%   0.026 GU:1    AU:5    +
   24   132  0   0.0%   0.655 GC:2    GU:4    +
   23   147  0   0.0%   1.220 UG:1    UA:5    +
   17   152  0   0.0%   1.309 UG:4    UA:2    +
   11   119  0   0.0%   0.505 GU:4    AU:2    +
    8   119  0   0.0%   0.571 GU:2    AU:4    +
   19   127  1   1.0%   0.763 GC:1    UA:4    +
   95   110  0   0.0%   0.084 CG:4    UG:2    +
  110   157  0   0.0%   0.576 GC:5    GU:1    +
   17    33  0   0.0%   0.299 UG:1    UA:5    +
   33   146  0   0.0%   0.757 GU:1    AU:5    +
   37    94  0   0.0%   0.078 UG:5    UA:1    +
   24    95  0   0.0%   0.348 GC:4    GU:2    +
   23    29  0   0.0%   0.346 UG:4    UA:2    +
   34   145  0   0.0%   0.586 AU:1    UA:5    +
    8    21  0   0.0%   0.409 GU:2    AU:4    +
   38    90  0   0.0%   0.010 UG:2    UA:4    +
    1    17  0   0.0%   0.021 GU:1    AU:5    +
   24    28  0   0.0%   0.387 GC:1    GU:5    +
    3    31  1   0.0%   0.124 CG:1    GU:1    UG:2    AU:1    +
  130   145  0   0.0%   0.687 GU:1    UA:5    +
   21   152  0   0.0%   1.235 UG:4    UA:2    +
    8   125  0   0.0%   0.607 GU:2    AU:4    +
  119   147  0   0.0%   0.723 UG:1    UA:5    +
  108   148  0   0.0%   0.546 AU:2    UA:4    +
   39    93  0   0.0%   0.135 AU:1    UA:5    +
   97   106  0   0.0%   0.267 AU:2    UA:4    +
    2   125  0   0.0%   0.131 GU:2    AU:4    +
   28   144  0   0.0%   0.441 CG:1    UA:5    +
   21   144  0   0.0%   0.404 UG:1    UA:5    +
    9   119  0   0.0%   0.537 GU:2    AU:4    +
  120   131  3   1.5%   0.382 AU:2    UA:1    +
   17    92  0   0.0%   0.296 UG:2    UA:4    +
   48    71  0   0.0%   0.031 UG:2    UA:4    +
   19   155  0   0.0%   1.443 CG:1    UG:3    --:2    +
   56    67  0   0.0%   0.217 UG:1    UA:4    --:1    +
   95   109  0   0.0%   0.272 CG:4    UA:1    --:1    +
   24   112  0   0.0%   0.650 GC:1    GU:5    +
  125   147  0   0.0%   0.849 UG:1    UA:5    +
    5   130  0   0.0%   0.688 CG:1    GU:5    +
  125   144  0   0.0%   0.453 UG:1    UA:5    +
   30   109  0   0.0%   0.549 UG:4    UA:1    --:1    +
    2   146  0   0.0%   0.141 GU:2    AU:4    +
   99   109  0   0.0%   0.928 UG:4    UA:1    --:1    +
  113   127  0   0.0%   0.260 GC:1    UA:5    +
   17   109  0   0.0%   0.310 UG:4    UA:1    --:1    +
  124   155  0   0.0%   0.702 CG:3    UG:1    --:2    +
    7   123  1   0.0%   0.385 CG:1    UG:2    AU:1    UA:1    +
   17   144  0   0.0%   0.397 UG:1    UA:5    +
   97   105  0   0.0%   0.277 AU:2    UA:4    +
   26   148  0   0.0%   0.444 AU:2    UA:4    +
    2    17  0   0.0%   0.030 GU:2    AU:4    +
   17    89  0   0.0%   0.300 UG:1    UA:5    +
   23    32  0   0.0%   0.333 UG:5    UA:1    +
   38    94  0   0.0%   0.089 UG:5    UA:1    +
   18   130  0   0.0%   0.637 GU:5    UG:1    +
   20    86  0   0.0%   0.280 GC:1    AU:5    +
   32   146  0   0.0%   0.865 GU:5    AU:1    +
  146   152  0   0.0%   1.735 UG:4    UA:2    +
   38    89  0   0.0%   0.008 UG:1    UA:5    +
   35   124  0   0.0%   0.205 GC:5    GU:1    +
   21    32  0   0.0%   0.361 UG:5    UA:1    +
   37   122  0   0.0%   0.216 UG:1    UA:5    +
    1   125  0   0.0%   0.064 GU:1    AU:5    +
   93    99  0   0.0%   0.641 AU:5    UA:1    +
   17    29  0   0.0%   0.346 UG:4    UA:2    +
   10    25  0   0.0%   0.458 CG:1    UG:5    +
    1   146  0   0.0%   0.071 GU:1    AU:5    +
   33    86  0   0.0%   0.028 GC:1    AU:5    +
   25   124  0   0.0%   0.572 GC:5    GU:1    +
   20   125  0   0.0%   0.408 GU:1    AU:5    +
   67    86  0   0.0%   0.203 GC:1    AU:4    --:1    +
   52    65  0   0.0%   0.027 UG:5    UA:1    +
    5    12  2   1.7%   0.234 GU:4    +
   45   113  0   0.0%   0.093 CG:1    AU:5    +
   23    33  0   0.0%   0.281 UG:1    UA:5    +
   24    86  0   0.0%   0.329 GC:1    GU:5    +
   37    90  0   0.0%   0.029 UG:2    UA:4    +
  102   120  1   0.0%   0.331 CG:1    UG:2    AU:1    UA:1    +
   23    87  0   0.0%   0.284 UG:3    UA:3    +
   75    84  0   0.0%   0.001 CG:1    AU:1    --:4    +
  115   130  0   0.0%   0.295 CG:1    AU:4    --:1    +
   87   119  0   0.0%   0.040 GU:3    AU:3    +
  110   132  0   0.0%   0.216 GC:2    GU:4    +
  111   155  0   0.0%   0.662 CG:2    UG:2    --:2    +
   60    70  0   0.0%   0.045 UG:1    UA:5    +
   17   122  0   0.0%   0.498 UG:1    UA:5    +
   17    32  0   0.0%   0.346 UG:5    UA:1    +
   97   148  0   0.0%   0.357 AU:2    UA:4    +
   77    84  0   0.0%   0.001 UG:1    AU:1    --:4    +
   38   147  0   0.0%   0.557 UG:1    UA:5    +
   20   119  0   0.0%   0.360 GU:1    AU:5    +
   25    86  0   0.0%   0.269 GC:1    GU:5    +
   38   122  0   0.0%   0.229 UG:1    UA:5    +
   21    87  0   0.0%   0.311 UG:3    UA:3    +
   21    33  0   0.0%   0.309 UG:1    UA:5    +
  113   145  0   0.0%   0.672 GU:1    UA:5    +
   70   125  0   0.0%   0.079 GU:1    AU:5    +
   72   123  1   0.0%   0.200 CG:1    UG:2    AU:1    UA:1    +
   79    85  0   0.0%   0.000 GC:1    UG:1    --:4    +
   21    89  0   0.0%   0.312 UG:1    UA:5    +
   75    79  0   0.0%   0.000 CG:1    AU:1    --:4    +
   86   122  0   0.0%   0.190 CG:1    UA:5    +
   11   125  0   0.0%   0.668 GU:4    AU:2    +
   23    67  0   0.0%   0.277 UG:1    UA:4    --:1    +
   23    89  0   0.0%   0.284 UG:1    UA:5    +
   33   125  0   0.0%   0.284 GU:1    AU:5    +
   21    92  0   0.0%   0.307 UG:2    UA:4    +
   23    90  0   0.0%   0.282 UG:2    UA:4    +
   70   119  0   0.0%   0.028 GU:1    AU:5    +
   32    60  0   0.0%   0.060 GU:5    AU:1    +
   12   109  0   0.0%   0.345 UG:4    UA:1    --:1    +
   35   157  0   0.0%   0.410 GC:5    GU:1    +
   32   119  0   0.0%   0.336 GU:5    AU:1    +
   89   119  0   0.0%   0.074 GU:1    AU:5    +
  109   146  0   0.0%   1.035 GU:4    AU:1    --:1    +
   18    34  0   0.0%   0.541 GU:5    UA:1    +
   60    71  0   0.0%   0.045 UG:2    UA:4    +
   24   124  0   0.0%   0.778 GC:5    GU:1    +
   23    94  0   0.0%   0.293 UG:5    UA:1    +
   33    38  0   0.0%   0.006 GU:1    AU:5    +
   17    87  0   0.0%   0.299 UG:3    UA:3    +
   18    66  0   0.0%   0.541 GC:5    UA:1    +
  119   152  0   0.0%   0.850 UG:4    UA:2    +
   17    67  0   0.0%   0.293 UG:1    UA:4    --:1    +
   25   112  0   0.0%   0.443 GC:1    GU:5    +
   23    92  0   0.0%   0.279 UG:2    UA:4    +
   52    70  0   0.0%   0.175 UG:1    UA:5    +
   52    89  0   0.0%   0.221 UG:1    UA:5    +
   23    71  0   0.0%   0.277 UG:2    UA:4    +
   40   144  0   0.0%   0.317 CG:1    UA:5    +
   47   110  0   0.0%   0.086 CG:4    UG:2    +
   13   116  1   1.5%   0.333 UA:5    +
  114   146  1   1.0%   0.800 GU:4    AU:1    +
    3    18  1   0.4%   0.095 CG:2    GU:1    UG:2    +
    2    19  1   0.4%   0.094 GC:1    GU:1    AU:3    +
    4   152  3   1.1%   0.466 CG:1    UG:1    UA:1    +
   12   145  2   1.5%   0.745 UA:4    +
    4    13  2   1.1%   0.206 CG:1    AU:3    +
  107   152  1   0.3%   0.909 CG:3    UG:1    UA:1    +
   31   144  3   1.3%   0.883 UG:1    UA:2    +
   40    89  1   0.8%   0.125 UG:1    UA:4    +
   15   114  2   1.4%   0.380 CG:4    +
   15   152  2   1.4%   0.747 CG:4    +
   39    90  1   0.8%   0.121 UG:2    UA:3    +
    7    18  2   1.1%   0.515 CG:1    UG:3    +
   15   156  2   1.4%   1.128 CG:4    +
   18   118  1   0.2%   0.672 GC:2    GU:2    UG:1    +
  136   142  1   1.2%   0.411 UA:1    --:4    +
   20   113  1   0.7%   0.427 GU:1    AU:4    +
    7    31  2   0.7%   0.332 CG:1    UG:2    AU:1    +
  113   151  1   0.6%   0.905 GC:1    UA:4    +
   14   151  1   0.1%   0.461 GC:1    GU:1    UA:3    +
   38    91  0   0.6%   0.101 UA:6    +
  105   130  1   0.6%   0.350 UG:1    AU:4    +
  113   147  1   1.1%   0.800 UA:5    +
  126   153  1   0.1%   0.502 UG:1    AU:1    UA:2    --:1    +
  134   141  1   1.1%   0.225 UG:1    --:4    +
   11    16  1   0.1%   0.515 GC:2    GU:1    AU:2    +
    8    30  1   0.6%   0.624 GU:2    AU:3    +
   19   152  1   0.1%   1.596 CG:1    UG:3    UA:1    +
  126   131  1   0.0%   0.233 GU:1    AU:1    UA:3    +
   11   132  1   0.0%   0.630 GC:1    GU:3    AU:1    +
   14   157  3   1.0%   0.893 GC:2    GU:1    +
  129   152  1   0.0%   1.282 CG:1    UG:3    UA:1    +
   16   156  1   0.0%   1.410 CG:2    UG:2    UA:1    +
   10   120  1   0.0%   0.345 CG:1    UG:2    UA:2    +
    7   153  1   0.0%   0.587 UG:2    AU:1    UA:1    --:1    +
  137   142  1   1.0%   0.380 UA:1    --:4    +
   94   111  1   0.0%   0.081 GC:2    GU:2    AU:1    +
   29   107  1   0.0%   0.576 GC:3    GU:1    AU:1    +
    3   149  1   0.0%   0.147 CG:2    UG:2    AU:1    +
  111   156  1   0.0%   0.714 CG:2    UG:2    UA:1    +
   19    29  1   0.0%   0.564 CG:1    UG:2    UA:2    +
   29   132  1   0.0%   0.485 GC:1    GU:3    AU:1    +
  114   119  1   0.5%   0.204 GU:4    AU:1    +
   19   153  1   0.0%   1.145 CG:1    UG:1    UA:2    --:1    +
    6   123  3   1.3%   0.808 CG:3    +
   18    27  1   0.0%   0.661 GC:3    GU:1    UA:1    +
    7    29  1   0.0%   0.242 CG:2    UG:2    UA:1    +
  106   129  1   0.5%   0.349 AU:4    UA:1    +
   11   107  1   0.0%   0.450 GC:3    GU:1    AU:1    +
   16    32  1   0.0%   0.519 CG:2    UG:2    UA:1    +
   11    95  1   0.0%   0.452 GC:3    GU:1    AU:1    +
    3   114  1   0.0%   0.130 CG:2    UG:2    AU:1    +
   27    98  1   0.0%   0.149 CG:3    UG:1    AU:1    +
   19    87  1   0.0%   0.520 CG:1    UG:2    UA:2    +
  132   152  1   0.0%   1.526 CG:1    UG:3    UA:1    +
    5   118  1   0.0%   0.621 CG:1    GC:2    GU:2    +
    7   149  1   0.0%   0.543 CG:1    UG:3    AU:1    +
   44    57  1   0.5%   0.080 CG:4    UA:1    +
   27   149  1   0.0%   0.922 CG:3    UG:1    AU:1    +
   26   123  1   0.0%   0.476 UG:3    AU:1    UA:1    +
   40   120  1   0.0%   0.312 CG:1    UG:2    UA:2    +
   16    29  1   0.0%   0.513 CG:2    UG:2    UA:1    +
   18    72  1   0.0%   0.542 GC:1    GU:3    UA:1    +
   19    98  1   0.0%   0.534 CG:1    GC:1    UG:3    +
   19    71  1   0.0%   0.513 CG:1    UG:1    UA:3    +
   72    98  1   0.0%   0.082 CG:1    UG:3    AU:1    +
   31    72  1   0.0%   0.111 GC:1    GU:2    UA:2    +
   59    71  1   0.0%   0.045 CG:1    UG:1    UA:3    +
   11   129  1   0.0%   0.630 GC:1    GU:3    AU:1    +
   95   152  1   0.0%   0.650 CG:3    UG:1    UA:1    +
  117   126  1   0.0%   0.194 GU:1    AU:2    UA:1    --:1    +
   29    95  1   0.0%   0.097 GC:3    GU:1    AU:1    +
   98   111  1   0.0%   0.187 GC:2    GU:2    UA:1    +
   27   123  1   0.0%   0.440 CG:3    AU:1    UA:1    +
   14   117  1   0.0%   0.219 GU:1    UG:1    UA:2    --:1    +
   16    87  1   0.0%   0.469 CG:2    UG:1    UA:2    +
   46    95  1   0.0%   0.063 GC:3    GU:1    AU:1    +
    7   114  1   0.0%   0.282 CG:1    UG:3    AU:1    +
   30   103  1   0.5%   0.467 GC:1    UA:4    +
  112   148  2   1.2%   0.527 UA:4    +
    9    30  1   0.5%   0.630 GU:2    AU:3    +
   41    60  0   0.5%   0.073 AU:6    +
    2    30  1   0.5%   0.158 GU:2    AU:3    +
   19   145  1   0.4%   0.811 GU:1    UA:4    +
   11    28  1   0.4%   0.507 GU:4    AU:1    +
   37    64  0   0.4%   0.070 UA:6    +
   19   114  2   0.7%   0.699 CG:1    UG:3    +
   18   128  2   1.0%   0.743 GC:4    +
  100   105  3   1.1%   0.626 UA:3    +
  104   131  3   0.6%   0.354 GU:1    AU:1    UA:1    +
  103   130  1   0.3%   0.217 CG:1    AU:4    +
    2    99  1   0.3%   0.164 GU:2    AU:3    +
   33    68  1   0.3%   0.063 GU:1    AU:4    +
   23   110  0   0.3%   0.595 UG:6    +
  108   151  1   0.3%   0.947 AU:1    UA:4    +
   29   150  2   0.6%   1.303 GC:3    AU:1    +
   39    92  1   0.3%   0.165 UG:1    UA:4    +
    4    97  1   0.3%   0.289 AU:3    UA:2    +
    2    12  1   0.3%   0.052 GU:2    AU:3    +
   27   152  2   0.6%   1.038 CG:3    UA:1    +
  137   141  1   0.8%   0.282 UA:1    --:4    +
   29   100  1   0.2%   0.147 GU:4    AU:1    +
   17   116  0   0.2%   0.435 UA:6    +
    5    95  1   0.2%   0.639 GC:4    GU:1    +
   19   110  1   0.2%   0.570 CG:1    UG:4    +
   19   115  1   0.2%   0.683 GC:1    UA:3    --:1    +
    7   122  3   1.0%   0.418 UA:3    +
  150   155  0   0.2%   1.316 CG:4    --:2    +
   33   100  1   0.2%   0.563 GU:1    AU:4    +
    1    13  1   0.2%   0.039 GU:1    AU:4    +
    6    32  1   0.7%   0.689 CG:5    +
   30    71  1   0.2%   0.132 UG:1    UA:4    +
   16   151  3   0.7%   0.755 AU:1    UA:2    +
  105   129  1   0.2%   0.273 AU:4    UA:1    +
   24   150  1   0.2%   1.229 GC:4    GU:1    +
   47    53  2   0.5%   0.079 CG:3    UG:1    +
   29    72  2   0.2%   0.100 GC:1    GU:2    AU:1    +
  134   140  1   0.7%   0.174 AU:1    --:4    +
   11   150  2   0.5%   0.963 GC:3    GU:1    +
   18   157  1   0.1%   1.404 GC:4    GU:1    +
   13   152  1   0.1%   0.584 UG:3    UA:2    +
    6   155  0   0.1%   0.930 CG:4    --:2    +
   21   110  0   0.1%   0.369 UG:6    +
    3   151  2   0.1%   0.166 GC:1    AU:1    UA:2    +
   19    31  2   0.1%   0.606 CG:1    GU:1    UG:2    +
    7   109  1   0.1%   0.298 CG:1    UG:3    --:1    +
   17   117  1   0.1%   0.410 UG:2    UA:2    --:1    +
   12    22  1   0.1%   0.485 GU:1    UA:4    +
  111   117  1   0.1%   0.154 CG:2    UA:2    --:1    +
   97   151  1   0.1%   0.728 AU:1    UA:4    +
   13    20  1   0.1%   0.372 UG:1    UA:4    +
   18   112  1   0.1%   0.580 GC:1    GU:4    +
   24   102  1   0.1%   0.348 GC:2    GU:3    +
   10   145  1   0.6%   0.438 UA:5    +
   13    22  1   0.1%   0.273 GU:1    UA:4    +
   20   132  1   0.1%   0.439 GC:1    AU:4    +
    9    13  1   0.1%   0.098 GU:2    AU:3    +
   12   152  1   0.1%   0.769 UG:3    UA:2    +
   16    31  2   0.1%   0.545 CG:2    UG:1    AU:1    +
  134   139  1   0.6%   0.135 AU:1    --:4    +
   29   157  1   0.1%   0.947 GC:4    AU:1    +
   30   151  1   0.1%   0.995 GU:1    UA:4    +
   29    99  1   0.1%   0.115 GU:4    AU:1    +
  124   152  1   0.1%   0.938 CG:4    UA:1    +
   22   154  1   0.1%   0.542 AU:2    UA:1    --:2    +
   32   132  1   0.1%   0.394 GC:1    GU:4    +
   21   114  1   0.1%   0.441 UG:4    UA:1    +
   23   153  1   0.1%   0.981 UG:2    UA:2    --:1    +
   15   110  0   0.1%   0.212 CG:6    +
    8    13  1   0.1%   0.090 GU:2    AU:3    +
   30    98  1   0.0%   0.143 GU:1    UG:4    +
   12    90  1   0.0%   0.341 UG:2    UA:3    +
    1    30  1   0.0%   0.039 GU:1    AU:4    +
   10   153  1   0.0%   0.540 UG:2    UA:2    --:1    +
   17   153  1   0.0%   0.866 UG:2    UA:2    --:1    +
   10   152  1   0.0%   0.622 UG:4    UA:1    +
  125   153  1   0.0%   0.632 UG:2    UA:2    --:1    +
  106   126  1   0.0%   0.312 AU:3    UA:2    +
   12   155  0   0.0%   0.781 UG:4    --:2    +
  129   145  1   0.0%   0.689 AU:1    UA:4    +
  117   146  1   0.0%   0.674 GU:2    AU:2    --:1    +
   43    87  2   0.0%   0.043 CG:1    UG:2    UA:1    +
   12   131  1   0.0%   0.530 GU:1    UA:4    +
   31   108  1   0.0%   0.917 GU:3    UA:2    +
  130   151  1   0.0%   1.278 GC:1    UA:4    +
    4   108  1   0.0%   0.265 AU:3    UA:2    +
   21   155  0   0.0%   1.089 UG:4    --:2    +
  107   156  1   0.0%   0.749 CG:4    UA:1    +
   17    24  0   0.0%   0.615 UG:6    +
    5   107  1   0.0%   0.621 GC:4    GU:1    +
  108   155  0   0.0%   0.775 UG:4    --:2    +
    7   120  2   0.0%   0.289 CG:2    UG:1    UA:1    +
    7    25  1   0.0%   0.376 CG:2    UG:3    +
   24   128  1   0.0%   0.676 GC:4    GU:1    +
   28   153  1   0.0%   0.656 UG:2    UA:2    --:1    +
   12   151  1   0.0%   0.726 GU:1    UA:4    +
   12    89  1   0.0%   0.334 UG:1    UA:4    +
  105   126  1   0.0%   0.291 AU:3    UA:2    +
    2    28  1   0.0%   0.087 GU:2    AU:3    +
    5   129  1   0.0%   0.694 GC:1    GU:4    +
   13   126  2   0.0%   0.367 GU:1    UG:1    UA:2    +
   17   155  0   0.0%   1.165 UG:4    --:2    +
  128   156  1   0.0%   0.967 CG:4    UA:1    +
   27    31  1   0.0%   0.215 CG:3    AU:2    +
    3   109  1   0.0%   0.133 CG:2    UG:2    --:1    +
   31    97  1   0.0%   0.127 GU:3    UA:2    +
   23    96  0   0.0%   0.285 UA:6    +
   30   106  1   0.0%   0.440 GU:1    UA:4    +
   32   150  1   0.0%   1.064 GC:4    GU:1    +
   19   109  1   0.0%   0.535 CG:1    UG:3    --:1    +
  113   122  1   0.0%   0.398 UG:1    UA:4    +
    1    10  1   0.0%   0.007 GU:1    AU:4    +
   39    89  1   0.0%   0.014 UG:1    UA:4    +
  116   146  0   0.0%   0.684 AU:6    +
   24   129  1   0.0%   0.626 GC:1    GU:4    +
  129   155  0   0.0%   0.923 UG:4    --:2    +
  120   132  2   0.0%   0.289 GC:1    GU:2    AU:1    +
   22    30  1   0.0%   0.278 UG:1    AU:4    +
   25   128  1   0.0%   0.469 GC:4    GU:1    +
   20   126  3   0.8%   0.501 AU:3    +
    5    27  2   0.4%   0.722 GC:3    GU:1    +
  130   148  1   0.0%   1.061 GU:1    UA:4    +
   24   146  0   0.0%   1.050 GU:6    +
   17   114  1   0.0%   0.364 UG:4    UA:1    +
   92   113  1   0.0%   0.107 GU:1    AU:4    +
   30   131  1   0.0%   0.333 GU:1    UA:4    +
   99   105  1   0.0%   0.755 AU:1    UA:4    +
   13    87  1   0.0%   0.140 UG:2    UA:3    +
  100   147  1   0.0%   0.879 UG:1    UA:4    +
   20    28  1   0.0%   0.321 GU:1    AU:4    +
    2    13  1   0.0%   0.035 GU:1    AU:4    +
    4    26  1   0.0%   0.133 AU:3    UA:2    +
   22   111  2   0.4%   0.283 AU:3    UA:1    +
   32   128  1   0.0%   0.412 GC:4    AU:1    +
   26   104  1   0.0%   0.184 AU:1    UA:4    +
    7   152  2   0.0%   0.671 CG:1    UG:2    UA:1    +
  101   128  2   0.0%   0.407 GC:2    AU:1    UA:1    +
   32   129  1   0.0%   0.354 GC:1    GU:4    +
   26    93  1   0.0%   0.185 AU:1    UA:4    +
   21   156  1   0.0%   1.130 UG:4    UA:1    +
   16   148  3   0.5%   0.675 AU:1    UA:2    +
   18   146  1   0.5%   0.815 GU:5    +
    3   106  2   0.0%   0.129 GU:1    AU:1    UA:2    +
   19    24  1   0.0%   0.829 CG:1    UG:4    +
   16    25  1   0.0%   0.723 CG:2    UG:3    +
  125   155  0   0.0%   0.882 UG:4    --:2    +
   52    64  0   0.0%   0.027 UA:6    +
    8    28  1   0.0%   0.534 GU:2    AU:3    +
   21   153  1   0.0%   0.785 UG:2    UA:2    --:1    +
  107   149  1   0.0%   0.827 CG:4    UA:1    +
   13   147  1   0.0%   0.457 UG:1    UA:4    +
   10   155  0   0.0%   0.632 UG:4    --:2    +
    7    11  2   0.0%   0.104 CG:1    UG:2    UA:1    +
   18   107  1   0.0%   0.556 GC:4    GU:1    +
    1    28  1   0.0%   0.030 GU:1    AU:4    +
   99   148  1   0.0%   0.912 AU:1    UA:4    +
   37    91  0   0.0%   0.028 UA:6    +
   99   156  1   0.0%   1.185 UG:4    UA:1    +
   12   121  1   0.0%   0.401 GC:1    UA:4    +
   23   156  1   0.0%   1.315 UG:4    UA:1    +
   10   117  1   0.0%   0.337 UG:2    UA:2    --:1    +
  132   147  1   0.0%   1.577 CG:1    UA:4    +
  107   155  0   0.0%   0.696 CG:4    --:2    +
    8    12  1   0.0%   0.097 GU:2    AU:3    +
    3    22  3   0.5%   0.131 AU:1    UA:2    +
   24   111  1   0.0%   0.653 GC:2    GU:3    +
    2    10  1   0.0%   0.006 GU:2    AU:3    +
   12   148  1   0.0%   0.684 GU:1    UA:4    +
   97   104  1   0.0%   0.336 AU:1    UA:4    +
  109   124  1   0.0%   0.430 GC:3    GU:1    --:1    +
  117   132  1   0.0%   0.171 GU:2    AU:2    --:1    +
  112   123  1   0.0%   0.385 UG:3    UA:2    +
   11    30  1   0.0%   0.520 GU:3    AU:2    +
   12   144  1   0.0%   0.527 UG:1    UA:4    +
  104   132  1   0.0%   0.352 GC:1    AU:4    +
  120   146  1   0.0%   0.785 GU:3    AU:2    +
   14   103  1   0.0%   0.096 GC:2    UA:3    +
  104   112  1   0.0%   0.259 GC:1    AU:4    +
  103   113  1   0.0%   0.192 CG:1    AU:4    +
   90   100  1   0.0%   0.498 GU:2    AU:3    +
   12   106  1   0.0%   0.343 GU:1    UA:4    +
  100   144  1   0.0%   0.511 UG:1    UA:4    +
   87    95  1   0.0%   0.057 GC:3    AU:2    +
  126   148  1   0.0%   0.409 AU:2    UA:3    +
  128   155  0   0.0%   0.915 CG:4    --:2    +
   14    22  1   0.0%   0.212 GU:2    UA:3    +
   23   155  0   0.0%   1.273 UG:4    --:2    +
   13    29  1   0.0%   0.191 UG:3    UA:2    +
   28   155  0   0.0%   0.934 UG:4    --:2    +
   12    29  1   0.0%   0.380 UG:4    UA:1    +
   27   109  1   0.0%   0.511 CG:3    UG:1    --:1    +
   94   150  1   0.0%   0.749 GC:4    GU:1    +
   95   149  1   0.0%   0.606 CG:4    UA:1    +
  106   130  1   0.0%   0.321 UG:1    AU:4    +
   25   111  1   0.0%   0.447 GC:2    GU:3    +
   16   120  2   0.0%   0.611 CG:2    UG:1    UA:1    +
   93   108  1   0.0%   0.321 AU:4    UA:1    +
  104   108  1   0.0%   0.496 AU:4    UA:1    +
   16   110  1   0.0%   0.482 CG:2    UG:3    +
   98   128  1   0.0%   0.214 GC:4    UA:1    +
  101   154  1   0.0%   0.344 GU:2    UA:1    --:2    +
  116   125  0   0.0%   0.404 AU:6    +
   12    94  1   0.0%   0.349 UG:4    UA:1    +
  112   155  0   0.0%   0.663 UG:4    --:2    +
  104   125  1   0.0%   0.269 GU:1    AU:4    +
  125   156  1   0.0%   0.930 UG:4    UA:1    +
   17   156  1   0.0%   1.198 UG:4    UA:1    +
   25   102  1   0.0%   0.280 GC:2    GU:3    +
   12   105  1   0.0%   0.336 GU:1    UA:4    +
   10    90  1   0.0%   0.327 UG:2    UA:3    +
    8   130  1   0.0%   0.591 GU:2    AU:3    +
  112   147  1   0.0%   0.628 UG:1    UA:4    +
   99   147  1   0.0%   1.175 UG:1    UA:4    +
   32   157  1   0.0%   0.722 GC:4    GU:1    +
   95   156  1   0.0%   0.515 CG:4    UA:1    +
   40    87  1   0.0%   0.009 UG:3    UA:2    +
   94   157  1   0.0%   0.408 GC:4    GU:1    +
   16    90  1   0.0%   0.468 CG:2    UA:3    +
    1   130  1   0.0%   0.071 GU:1    AU:4    +
  146   153  1   0.0%   1.129 UG:2    UA:2    --:1    +
   99   131  1   0.0%   0.702 AU:1    UA:4    +
    9    28  1   0.0%   0.523 GU:2    AU:3    +
   57    61  1   0.0%   0.028 GU:4    AU:1    +
   28    89  1   0.0%   0.068 UG:1    UA:4    +
   21    25  0   0.0%   0.561 UG:6    +
   26    31  1   0.0%   0.253 UG:3    AU:2    +
   30   152  1   0.0%   1.034 UG:3    UA:2    +
   17   110  0   0.0%   0.308 UG:6    +
   98   108  1   0.0%   0.417 GU:4    UA:1    +
  100   109  1   0.0%   0.629 UG:3    UA:1    --:1    +
   28    33  1   0.0%   0.066 UG:1    UA:4    +
  146   155  0   0.0%   1.375 UG:4    --:2    +
   33   129  1   0.0%   0.244 GC:1    AU:4    +
   19    25  1   0.0%   0.769 CG:1    UG:4    +
   30    69  1   0.0%   0.097 GC:1    UA:4    +
   28   152  1   0.0%   1.113 UG:4    UA:1    +
   30    89  1   0.0%   0.116 UG:1    UA:4    +
   21   116  0   0.0%   0.432 UA:6    +
  101   126  2   0.0%   0.407 GU:2    UG:1    UA:1    +
   30   148  1   0.0%   0.623 GU:1    UA:4    +
    2   111  1   0.0%   0.128 GC:2    AU:3    +
   31   154  1   0.0%   0.711 GU:2    UA:1    --:2    +
    5   132  1   0.0%   0.686 GC:1    GU:4    +
   31    88  2   0.0%   0.110 GC:1    UG:1    UA:2    +
   26   155  0   0.0%   0.848 UG:4    --:2    +
  107   114  1   0.0%   0.335 CG:4    UA:1    +
   27   153  2   0.0%   0.544 CG:1    UG:1    AU:1    --:1    +
  130   152  1   0.0%   1.276 UG:4    UA:1    +
   24   125  0   0.0%   0.660 GU:6    +
    1    12  1   0.0%   0.004 GU:1    AU:4    +
  120   125  1   0.0%   0.438 GU:3    AU:2    +
   25   129  1   0.0%   0.415 GC:1    GU:4    +
   17   149  1   0.0%   0.517 UG:4    UA:1    +
   30   105  1   0.0%   0.448 GU:1    UA:4    +
  131   154  1   0.0%   0.638 AU:2    UA:1    --:2    +
   18    95  1   0.0%   0.557 GC:4    GU:1    +
  129   153  1   0.0%   0.673 UG:2    UA:2    --:1    +
   14   148  1   0.0%   0.412 GU:2    UA:3    +
   17    96  0   0.0%   0.296 UA:6    +
   18   108  1   0.0%   0.554 GU:4    UA:1    +
  132   153  1   0.0%   0.920 UG:2    UA:2    --:1    +
   92   100  1   0.0%   0.383 GU:2    AU:3    +
   19    94  1   0.0%   0.529 CG:1    UG:4    +
  100   131  1   0.0%   0.402 GU:1    UA:4    +
   30   144  1   0.0%   0.384 UG:1    UA:4    +
   20   129  1   0.0%   0.404 GC:1    AU:4    +
  130   155  0   0.0%   0.916 UG:4    --:2    +
   12    71  1   0.0%   0.326 UG:1    UA:4    +
    2   130  1   0.0%   0.138 GU:2    AU:3    +
   21   149  1   0.0%   1.126 UG:4    UA:1    +
   23   114  1   0.0%   0.629 UG:4    UA:1    +
   26   145  1   0.0%   0.726 AU:1    UA:4    +
  125   149  1   0.0%   0.948 UG:4    UA:1    +
   11    72  2   0.0%   0.437 GC:1    GU:2    AU:1    +
    5   112  1   0.0%   0.624 GC:1    GU:4    +
   25   146  0   0.0%   0.839 GU:6    +
   14    69  1   0.0%   0.086 GC:2    UA:3    +
  146   156  1   0.0%   1.422 UG:4    UA:1    +
    3   148  2   0.0%   0.142 GU:1    AU:1    UA:2    +
   30    70  1   0.0%   0.097 UG:1    UA:4    +
   16   101  2   0.0%   0.465 CG:2    AU:1    UA:1    +
   41   119  0   0.0%   0.033 AU:6    +
   99   117  1   0.0%   0.763 UG:2    UA:2    --:1    +
    1   112  1   0.0%   0.064 GU:1    AU:4    +
    9   130  1   0.0%   0.565 GU:2    AU:3    +
  100   122  1   0.0%   0.545 UG:1    UA:4    +
  118   152  2   0.0%   0.767 CG:2    UG:1    UA:1    +
   43   115  1   0.0%   0.317 GC:1    UA:3    --:1    +
   11   130  1   0.0%   0.622 GU:4    AU:1    +
   76    82  0   0.0%   0.000 GC:2    --:4    +
   33   132  1   0.0%   0.276 GC:1    AU:4    +
   19    32  1   0.0%   0.568 CG:1    UG:4    +
   30   155  0   0.0%   0.852 UG:4    --:2    +
   18   101  2   0.0%   0.543 GC:1    GU:2    UA:1    +
    8   100  1   0.0%   0.572 GU:2    AU:3    +
   42    72  1   0.0%   0.036 AU:3    UA:2    +
  110   119  0   0.0%   0.074 GU:6    +
  110   125  0   0.0%   0.435 GU:6    +
    9    99  1   0.0%   0.543 GU:2    AU:3    +
   13    32  1   0.0%   0.185 UG:4    UA:1    +
   98   118  2   0.0%   0.210 CG:1    GC:1    GU:2    +
   18   132  1   0.0%   0.663 GC:1    GU:4    +
  113   148  1   0.0%   0.496 GU:1    UA:4    +
   29   130  1   0.0%   0.446 GU:3    AU:2    +
   48    64  0   0.0%   0.024 UA:6    +
   35   150  1   0.0%   0.751 GC:4    GU:1    +
   20   130  1   0.0%   0.396 GU:1    AU:4    +
   12   103  1   0.0%   0.334 GC:1    UA:4    +
   92    99  1   0.0%   0.657 GU:1    AU:4    +
   71    99  1   0.0%   0.621 GU:1    AU:4    +
   36   149  1   0.0%   0.607 CG:4    AU:1    +
   18    26  1   0.0%   0.702 GU:4    UA:1    +
   45    56  1   0.5%   0.080 AU:5    +
   17    25  0   0.0%   0.555 UG:6    +
   12    92  1   0.0%   0.334 UG:1    UA:4    +
  104   118  2   0.0%   0.284 GC:1    UG:1    AU:2    +
  100   152  1   0.0%   1.016 UG:4    UA:1    +
   13    90  1   0.0%   0.148 UG:2    UA:3    +
   12   147  1   0.0%   0.654 UG:1    UA:4    +
   70   100  1   0.0%   0.346 GU:1    AU:4    +
   23   104  1   0.0%   0.293 UG:1    UA:4    +
   14   120  2   0.0%   0.164 GU:1    UG:2    UA:1    +
   23    91  0   0.0%   0.278 UA:6    +
   60    64  0   0.0%   0.061 UA:6    +
   86   104  1   0.0%   0.232 CG:1    UA:4    +
  130   153  1   0.0%   0.670 UG:2    UA:2    --:1    +
   10   122  1   0.0%   0.383 UG:1    UA:4    +
   98   130  1   0.0%   0.148 CG:1    GU:4    +
   11   102  2   0.0%   0.438 GC:1    GU:2    AU:1    +
   21    96  0   0.0%   0.307 UA:6    +
   10    89  1   0.0%   0.326 UG:1    UA:4    +
   26    98  1   0.0%   0.191 UG:4    AU:1    +
    2   100  1   0.0%   0.139 GU:1    AU:4    +
    1   113  1   0.0%   0.064 GU:1    AU:4    +
   28    71  1   0.0%   0.061 UG:2    UA:3    +
   29   124  1   0.0%   0.603 GC:4    AU:1    +
  110   128  1   0.0%   0.220 GC:4    GU:1    +
   90    99  1   0.0%   0.771 GU:2    AU:3    +
  112   117  1   0.0%   0.143 UG:2    UA:2    --:1    +
   26   151  1   0.0%   0.936 AU:1    UA:4    +
   10    87  1   0.0%   0.326 UG:3    UA:2    +
   28    90  1   0.0%   0.066 UG:2    UA:3    +
   10    33  1   0.0%   0.326 UG:1    UA:4    +
   89   100  1   0.0%   0.392 GU:1    AU:4    +
   99   152  1   0.0%   1.318 UG:3    UA:2    +
   76    83  0   0.0%   0.000 GU:2    --:4    +
   20    34  1   0.0%   0.278 GU:1    AU:4    +
   29    86  1   0.0%   0.081 GU:4    AU:1    +
    2   112  1   0.0%   0.128 GU:2    AU:3    +
   23   149  1   0.0%   1.297 UG:4    UA:1    +
   11    34  1   0.0%   0.437 GU:4    AU:1    +
   89    99  1   0.0%   0.667 GU:1    AU:4    +
   78    83  0   0.0%   0.000 AU:2    --:4    +
   28    87  1   0.0%   0.068 UG:3    UA:2    +
  122   130  1   0.0%   0.466 GU:1    AU:4    +
   18   124  1   0.0%   0.758 GC:4    GU:1    +
   59    65  1   0.0%   0.058 CG:1    UG:4    +
  108   145  1   0.0%   0.823 AU:1    UA:4    +
   33   130  1   0.0%   0.238 GU:1    AU:4    +
    2   113  1   0.0%   0.128 GU:2    AU:3    +
   19   123  2   0.0%   0.770 CG:1    UG:2    UA:1    +
   36    98  1   0.0%   0.087 CG:4    AU:1    +
   15    35  0   0.0%   0.188 CG:6    +
   99   144  1   0.0%   0.809 UG:1    UA:4    +
   23   116  0   0.0%   0.623 UA:6    +
   19    35  1   0.0%   0.513 CG:1    UG:4    +
   18    36  1   0.0%   0.541 GC:4    UA:1    +
   93    97  1   0.0%   0.167 AU:4    UA:1    +
   13   101  2   0.0%   0.146 GC:1    UG:2    UA:1    +
   21   117  1   0.0%   0.414 UG:2    UA:2    --:1    +
   18    86  1   0.0%   0.543 GC:1    GU:4    +
  102   152  2   0.0%   0.848 CG:1    UG:2    UA:1    +
    9    34  1   0.0%   0.524 GU:2    AU:3    +
   30    94  1   0.0%   0.125 UG:4    UA:1    +
   95   155  0   0.0%   0.467 CG:4    --:2    +
  117   125  1   0.0%   0.388 GU:2    AU:2    --:1    +
   13    33  1   0.0%   0.136 UG:1    UA:4    +
   14   101  2   0.0%   0.094 GC:1    GU:1    UG:2    +
   23    88  1   0.0%   0.285 UG:1    UA:4    +
   19    89  1   0.0%   0.520 CG:1    UA:4    +
   12   101  2   0.0%   0.334 GU:1    UG:2    UA:1    +
    3   105  2   0.0%   0.125 GU:1    AU:1    UA:2    +
   30    42  1   0.0%   0.096 GU:1    UA:4    +
   12    87  1   0.0%   0.326 UG:3    UA:2    +
  119   156  1   0.0%   0.670 UG:4    UA:1    +
   38    64  0   0.0%   0.024 UA:6    +
   30   147  1   0.0%   0.887 UG:1    UA:4    +
   73    81  0   0.0%   0.000 UG:2    --:4    +
   13   109  1   0.0%   0.156 UG:3    UA:1    --:1    +
   29    68  1   0.0%   0.069 GU:3    AU:2    +
   94   124  1   0.0%   0.201 GC:4    GU:1    +
   12    32  1   0.0%   0.374 UG:4    UA:1    +
  119   155  0   0.0%   0.622 UG:4    --:2    +
  112   149  1   0.0%   0.829 UG:4    UA:1    +
   99   151  1   0.0%   1.281 AU:1    UA:4    +
   72   106  1   0.0%   0.160 AU:2    UA:3    +
   21    88  1   0.0%   0.313 UG:1    UA:4    +
   97   149  1   0.0%   0.708 UG:4    AU:1    +
  120   154  1   0.0%   0.211 GU:2    UA:1    --:2    +
  122   132  1   0.0%   0.399 GC:1    AU:4    +
   28   122  1   0.0%   0.530 UG:1    UA:4    +
   17   120  1   0.0%   0.457 UG:3    UA:2    +
   61    70  1   0.0%   0.021 UG:1    UA:4    +
   59    70  1   0.0%   0.045 CG:1    UA:4    +
   14   105  1   0.0%   0.095 GU:2    UA:3    +
   76    80  0   0.0%   0.000 GU:2    --:4    +
   21   104  1   0.0%   0.309 UG:1    UA:4    +
  132   155  0   0.0%   1.165 UG:4    --:2    +
   31   120  2   0.0%   0.756 GU:1    UG:1    UA:2    +
   30   121  1   0.0%   0.423 GC:1    UA:4    +
    1    99  1   0.0%   0.048 GU:1    AU:4    +
  108   114  1   0.0%   0.392 UG:4    AU:1    +
   20    68  1   0.0%   0.278 GU:1    AU:4    +
   17   104  1   0.0%   0.296 UG:1    UA:4    +
   29    34  1   0.0%   0.070 GU:3    AU:2    +
   30    87  1   0.0%   0.116 UG:3    UA:2    +
   86    90  1   0.0%   0.195 UG:2    UA:3    +
   73    78  0   0.0%   0.000 UA:2    --:4    +
   22    99  1   0.0%   0.205 AU:4    UA:1    +
  119   123  1   0.0%   0.416 UG:3    UA:2    +
  119   149  1   0.0%   0.820 UG:4    UA:1    +
   29    43  2   0.0%   0.069 GC:1    GU:2    AU:1    +
   94    99  1   0.0%   0.625 GU:4    AU:1    +
   37   116  0   0.0%   0.151 UA:6    +
   32    39  1   0.0%   0.060 GU:4    AU:1    +
   11   113  1   0.0%   0.438 GU:4    AU:1    +
   99   155  0   0.0%   1.136 UG:4    --:2    +
   21    91  0   0.0%   0.306 UA:6    +
   97   145  1   0.0%   0.636 AU:1    UA:4    +
   70    86  1   0.0%   0.045 GU:1    AU:4    +
   13    92  1   0.0%   0.145 UG:2    UA:3    +
  113   152  1   0.0%   0.910 UG:4    UA:1    +
   71   100  1   0.0%   0.346 GU:2    AU:3    +
  102   110  1   0.0%   0.262 CG:2    UG:3    +
   34    42  1   0.0%   0.001 AU:1    UA:4    +
  105   113  1   0.0%   0.247 UG:1    AU:4    +
    8   113  1   0.0%   0.564 GU:2    AU:3    +
  112   153  1   0.0%   0.409 UG:2    UA:2    --:1    +
   32    44  1   0.0%   0.060 GC:4    AU:1    +
   87   100  1   0.0%   0.358 GU:3    AU:2    +
   19    65  1   0.0%   0.513 CG:1    UG:4    +
   34   105  1   0.0%   0.224 AU:1    UA:4    +
    9   100  1   0.0%   0.538 GU:2    AU:3    +
   61    89  1   0.0%   0.066 UG:1    UA:4    +
   37   155  0   0.0%   0.493 UG:4    --:2    +
   96   146  0   0.0%   0.555 AU:6    +
   92   102  1   0.0%   0.260 GC:2    AU:3    +
   23   117  1   0.0%   0.606 UG:2    UA:2    --:1    +
    3   123  2   0.0%   0.129 CG:1    UG:2    AU:1    +
    9   112  1   0.0%   0.533 GU:2    AU:3    +
   68    87  1   0.0%   0.258 UG:3    UA:2    +
  113   153  1   0.0%   0.429 UG:2    UA:2    --:1    +
   41    48  0   0.0%   0.000 AU:6    +
  111   152  2   0.0%   0.828 CG:1    UG:2    UA:1    +
   12    98  1   0.0%   0.353 GU:1    UG:4    +
   37    96  0   0.0%   0.079 UA:6    +
   46   118  2   0.0%   0.115 GC:2    GU:1    AU:1    +
   30    90  1   0.0%   0.114 UG:2    UA:3    +
   48   116  0   0.0%   0.109 UA:6    +
  108   149  1   0.0%   0.899 UG:4    AU:1    +
   10   104  1   0.0%   0.329 UG:1    UA:4    +
   24    44  1   0.0%   0.327 GC:4    GU:1    +
   43    89  2   0.3%   0.306 CG:1    UA:3    +
   28   151  2   0.6%   1.097 UA:4    +
  114   150  2   0.6%   1.075 GC:4    +
   14   132  3   0.5%   0.357 GC:2    GU:1    +
    3    29  3   0.5%   0.153 CG:1    UG:2    +
   35    66  1   0.4%   0.073 GC:5    +
   34    98  2   0.6%   0.165 UG:4    +
   40    91  1   0.4%   0.307 UA:5    +
    4   125  3   0.7%   0.364 AU:3    +
   18   111  2   0.2%   0.594 GC:2    GU:2    +
  102   144  2   0.2%   0.382 CG:1    UA:3    +
    7    32  2   0.2%   0.324 CG:1    UG:3    +
    3    13  3   0.1%   0.060 CG:1    GU:1    AU:1    +
  113   120  2   0.2%   0.214 UG:2    UA:2    +
    5    16  2   0.2%   0.124 GC:2    GU:2    +
   13    26  3   0.4%   0.314 GU:1    UA:2    +
    3   156  2   0.2%   0.265 CG:2    UG:2    +
    7    93  2   0.2%   0.299 AU:1    UA:3    +
   14    25  3   0.6%   0.306 UG:3    +
  103   132  2   0.5%   0.298 AU:4    +
   11    15  2   0.5%   0.186 GC:4    +
   15   149  2   0.5%   0.575 CG:4    +
   22   104  3   0.1%   0.202 UG:1    AU:1    UA:1    +
    4    12  2   0.1%   0.065 UG:1    AU:3    +
    3    11  3   0.3%   0.053 CG:1    UG:2    +
  134   138  1   0.3%   0.052 UG:1    --:4    +
   19   156  2   0.1%   1.502 CG:1    UG:3    +
   32   101  3   0.3%   0.658 GC:1    GU:2    +
    4   126  2   0.1%   0.322 AU:2    UA:2    +
   17   115  1   0.3%   0.410 UA:4    --:1    +
    4    11  3   0.0%   0.043 CG:1    UG:1    UA:1    +
   36    65  2   0.4%   0.073 CG:4    +
   12   118  3   0.0%   0.461 GC:1    UG:1    UA:1    +
    1    31  3   0.3%   0.080 GU:1    AU:2    +
    9   118  3   0.0%   0.536 GC:1    GU:1    AU:1    +
   29   128  2   0.1%   0.518 GC:3    GU:1    +
   11    27  2   0.1%   0.532 GC:3    AU:1    +
   14    18  2   0.1%   0.584 GU:1    UG:3    +
  110   118  2   0.1%   0.149 GC:2    GU:2    +
    5   111  2   0.1%   0.633 GC:2    GU:2    +
   10   151  2   0.4%   0.608 UA:4    +
    8   108  2   0.1%   0.581 GU:2    AU:2    +
    4    29  3   0.0%   0.263 CG:1    UG:1    UA:1    +
    9   107  2   0.1%   0.547 GC:2    AU:2    +
    3   100  3   0.0%   0.140 CG:1    GU:1    AU:1    +
    2   101  3   0.0%   0.126 GC:1    GU:1    AU:1    +
  101   152  3   0.0%   0.960 CG:1    UG:1    UA:1    +
    4    32  3   0.0%   0.238 CG:1    UG:1    UA:1    +
    7   101  3   0.0%   0.275 CG:1    UG:1    AU:1    +
  118   123  3   0.0%   0.337 CG:1    UG:1    UA:1    +
   46    54  3   0.5%   0.080 GC:3    +
   71   107  3   0.0%   0.169 GC:1    GU:1    AU:1    +
   87   118  3   0.0%   0.107 GC:1    GU:1    AU:1    +
   90   118  3   0.0%   0.245 GC:1    GU:1    AU:1    +
   98   120  3   0.0%   0.258 CG:1    GU:1    UA:1    +
    8   118  3   0.0%   0.564 GC:1    GU:1    AU:1    +
  120   151  3   0.0%   0.841 GC:1    AU:1    UA:1    +
   13   156  2   0.1%   0.902 UG:3    UA:1    +
   31   150  2   0.1%   1.429 GC:3    UA:1    +
    8   126  3   0.2%   0.621 GU:2    AU:1    +
   22   108  2   0.1%   0.217 AU:3    UA:1    +
    6    94  1   0.2%   0.663 CG:5    +
   43    58  3   0.5%   0.077 UA:3    +
    1   100  1   0.2%   0.090 AU:5    +
    1   129  2   0.1%   0.078 GU:1    AU:3    +
   13   153  2   0.1%   0.493 UG:1    UA:2    --:1    +
   26   131  2   0.1%   0.328 AU:1    UA:3    +
   14    88  2   0.1%   0.103 GC:1    UA:3    +
    8   129  2   0.0%   0.602 GU:2    AU:2    +
   42    59  3   0.5%   0.075 AU:3    +
   32   102  2   0.0%   0.532 GC:1    GU:3    +
    9    19  2   0.0%   0.640 GU:2    AU:2    +
   21   145  1   0.2%   0.499 UA:5    +
   16   153  2   0.0%   1.036 UG:2    AU:1    --:1    +
   19   151  2   0.0%   1.540 GC:1    UA:3    +
  152   157  2   0.0%   1.218 GC:3    GU:1    +
    7   147  2   0.0%   0.346 CG:1    UA:3    +
    4   130  2   0.0%   0.313 UG:1    AU:3    +
   27    32  2   0.0%   0.187 CG:3    UG:1    +
  109   150  1   0.2%   1.276 GC:4    --:1    +
   11   128  2   0.0%   0.637 GC:3    AU:1    +
    4   129  2   0.0%   0.314 AU:3    UA:1    +
  128   153  2   0.0%   0.672 CG:2    AU:1    --:1    +
   22    97  2   0.0%   0.205 AU:3    UA:1    +
  150   156  2   0.4%   1.398 CG:4    +
    2   107  2   0.0%   0.131 GC:2    AU:2    +
    5    14  2   0.0%   0.087 CG:1    GU:3    +
   31   130  2   0.0%   0.657 GU:3    UG:1    +
    3    24  2   0.0%   0.081 CG:2    UG:2    +
    1   108  2   0.0%   0.066 GU:1    AU:3    +
  128   152  2   0.0%   1.273 CG:3    UA:1    +
    2   132  2   0.0%   0.142 GU:2    AU:2    +
   31   129  2   0.0%   0.659 GU:3    UA:1    +
    7   156  2   0.0%   0.832 CG:1    UG:3    +
    4    30  2   0.0%   0.268 UG:1    AU:3    +
  100   104  2   0.0%   0.537 UG:1    UA:3    +
  124   156  2   0.0%   0.752 CG:3    UG:1    +
   40    88  2   0.0%   0.013 UG:1    UA:3    +
   13   117  2   0.0%   0.273 UG:1    UA:2    --:1    +
   10    14  3   0.2%   0.081 CG:1    UG:2    +
   16    93  2   0.0%   0.479 AU:1    UA:3    +
    8    19  2   0.0%   0.738 GU:2    AU:2    +
  120   130  2   0.0%   0.216 GU:2    AU:2    +
   19   106  2   0.0%   0.524 GU:1    UA:3    +
   27    87  2   0.0%   0.133 CG:3    UA:1    +
  104   126  2   0.0%   0.296 AU:3    UA:1    +
   10   123  2   0.0%   0.396 UG:3    UA:1    +
   19   148  2   0.0%   0.809 GU:1    UA:3    +
   18   126  2   0.0%   0.621 GU:3    UA:1    +
    4    19  2   0.0%   0.127 UG:1    AU:3    +
   13   104  2   0.0%   0.148 UG:1    UA:3    +
   27   156  2   0.0%   0.873 CG:3    UG:1    +
  124   149  2   0.0%   0.895 CG:3    UG:1    +
   93   111  2   0.0%   0.091 AU:3    UA:1    +
   88   102  2   0.0%   0.392 GC:1    AU:3    +
  108   152  2   0.0%   0.967 UG:3    UA:1    +
  114   126  2   0.0%   0.243 GU:3    UA:1    +
    4    21  3   0.4%   0.181 AU:3    +
  108   131  2   0.0%   0.358 AU:1    UA:3    +
    9    97  2   0.0%   0.541 GU:2    AU:2    +
  102   153  2   0.0%   0.387 UG:1    UA:2    --:1    +
   29    97  2   0.0%   0.099 GU:3    AU:1    +
    4   113  2   0.0%   0.262 UG:1    AU:3    +
    2   129  2   0.0%   0.142 GU:2    AU:2    +
  126   145  2   0.0%   0.639 AU:1    UA:3    +
    6   117  2   0.0%   0.643 CG:2    AU:1    --:1    +
   14   104  2   0.0%   0.096 GU:1    UA:3    +
   36   123  2   0.0%   0.205 CG:3    AU:1    +
    9    26  2   0.0%   0.638 GU:2    AU:2    +
    3   110  2   0.0%   0.129 CG:2    UG:2    +
  102   147  2   0.0%   0.719 CG:1    UA:3    +
    3    32  2   0.0%   0.105 CG:2    UG:2    +
    1    19  2   0.0%   0.019 GU:1    AU:3    +
    9   129  2   0.0%   0.573 GU:2    AU:2    +
   33   102  2   0.0%   0.429 GC:1    AU:3    +
   31   128  2   0.0%   0.716 GC:3    UA:1    +
    6    31  2   0.0%   0.605 CG:3    AU:1    +
    4    34  2   0.0%   0.239 AU:3    UA:1    +
   11    26  2   0.0%   0.547 GU:3    AU:1    +
    3    25  2   0.0%   0.079 CG:2    UG:2    +
   31    68  2   0.0%   0.091 GU:3    UA:1    +
  126   149  2   0.0%   0.760 UG:3    AU:1    +
    1   132  2   0.0%   0.070 GU:1    AU:3    +
   20   102  2   0.0%   0.281 GC:1    AU:3    +
   14   127  2   0.0%   0.303 GC:1    UA:3    +
   13   114  2   0.0%   0.148 UG:3    UA:1    +
   98   124  2   0.0%   0.310 GC:3    GU:1    +
    4    99  2   0.0%   0.275 AU:3    UA:1    +
    2    26  2   0.0%   0.080 GU:2    AU:2    +
   22   102  2   0.0%   0.185 AU:3    UA:1    +
  120   157  2   0.0%   0.590 GC:3    AU:1    +
   19   103  2   0.0%   0.515 GC:1    UA:3    +
    9   132  2   0.0%   0.563 GU:2    AU:2    +
  109   118  2   0.0%   0.323 GC:1    GU:2    --:1    +
   13   149  2   0.0%   0.520 UG:3    UA:1    +
   94   102  2   0.0%   0.229 GC:1    GU:3    +
   14   145  2   0.0%   0.398 GU:1    UA:3    +
   22    26  2   0.0%   0.336 AU:3    UA:1    +
  100   153  2   0.0%   0.554 UG:1    UA:2    --:1    +
  112   120  2   0.0%   0.179 UG:3    UA:1    +
   14    31  2   0.0%   0.156 GU:2    UG:2    +
    7   144  2   0.0%   0.339 CG:1    UA:3    +
   39   120  2   0.0%   0.218 UG:3    UA:1    +
   14   114  2   0.0%   0.095 GU:1    UG:3    +
   12    31  2   0.0%   0.397 GU:1    UG:3    +
  120   124  2   0.0%   0.389 GC:3    AU:1    +
  111   131  2   0.0%   0.187 AU:1    UA:3    +
   43    71  2   0.0%   0.038 CG:1    UA:3    +
   98   126  2   0.0%   0.217 GU:3    UA:1    +
    7   105  2   0.0%   0.275 AU:1    UA:3    +
    8    26  2   0.0%   0.648 GU:2    AU:2    +
   18   102  2   0.0%   0.542 GC:1    GU:3    +
    2   108  2   0.0%   0.129 GU:2    AU:2    +
    7    92  2   0.0%   0.262 CG:1    UA:3    +
   86   120  2   0.0%   0.150 UG:3    UA:1    +
    8   132  2   0.0%   0.588 GU:2    AU:2    +
   49    67  2   0.0%   0.023 UG:1    UA:2    --:1    +
   88   100  2   0.0%   0.512 GU:1    AU:3    +
   11    97  2   0.0%   0.454 GU:3    AU:1    +
   25    72  2   0.0%   0.267 GC:1    GU:3    +
   97   131  2   0.0%   0.150 AU:1    UA:3    +
   90    95  2   0.0%   0.194 GC:2    AU:2    +
   14   149  2   0.0%   0.430 GU:1    UG:3    +
  117   150  2   0.0%   0.921 GC:2    UA:1    --:1    +
  107   123  2   0.0%   0.405 CG:3    UA:1    +
   29   129  2   0.0%   0.451 GU:3    AU:1    +
    3   115  2   0.0%   0.129 GC:1    UA:2    --:1    +
  123   129  2   0.0%   0.477 GU:3    AU:1    +
   26    71  2   0.0%   0.167 UG:1    UA:3    +
   31    61  2   0.0%   0.091 GU:3    UA:1    +
   19   120  2   0.0%   0.718 UG:2    UA:2    +
   32    72  2   0.0%   0.071 GC:1    GU:3    +
   12   120  2   0.0%   0.403 UG:3    UA:1    +
   26   152  2   0.0%   0.985 UG:3    UA:1    +
   19    33  2   0.0%   0.517 UG:1    UA:3    +
   27    65  2   0.0%   0.125 CG:3    UG:1    +
  123   130  2   0.0%   0.474 GU:3    AU:1    +
  114   124  2   0.0%   0.388 GC:3    GU:1    +
   19    69  2   0.0%   0.513 GC:1    UA:3    +
   95   123  2   0.0%   0.202 CG:3    UA:1    +
   10    88  2   0.0%   0.326 UG:1    UA:3    +
   14   100  2   0.0%   0.108 GU:3    UG:1    +
    1    26  2   0.0%   0.027 GU:1    AU:3    +
  100   156  2   0.0%   0.881 UG:3    UA:1    +
   19    90  2   0.0%   0.518 UG:2    UA:2    +
   65    72  2   0.0%   0.057 GC:1    GU:3    +
   33    59  2   0.0%   0.006 GU:1    AU:3    +
   70   108  2   0.0%   0.301 GU:1    AU:3    +
   53    59  2   0.0%   0.051 GC:2    GU:2    +
   11   108  2   0.0%   0.449 GU:3    AU:1    +
    9   108  2   0.0%   0.541 GU:2    AU:2    +
   26    87  2   0.0%   0.173 UG:3    UA:1    +
    7   106  2   0.0%   0.276 AU:1    UA:3    +
   29   108  2   0.0%   0.706 GU:3    AU:1    +
   53    69  2   0.0%   0.069 GC:2    UA:2    +
    8   107  2   0.0%   0.562 GC:2    AU:2    +
  123   132  2   0.0%   0.407 GU:3    AU:1    +
   87   150  2   0.0%   0.753 GC:3    AU:1    +
   36   117  2   0.0%   0.111 CG:2    AU:1    --:1    +
   28    88  2   0.0%   0.069 UG:1    UA:3    +
   35   118  2   0.0%   0.104 GC:2    GU:2    +
   72    94  2   0.0%   0.048 CG:1    UG:3    +
    3    35  2   0.0%   0.105 CG:2    UG:2    +
    8    95  2   0.0%   0.571 GC:2    AU:2    +
   72    93  2   0.0%   0.063 AU:1    UA:3    +
   72    89  2   0.0%   0.090 CG:1    UA:3    +
    5   102  2   0.0%   0.611 GC:1    GU:3    +
   27    94  2   0.0%   0.141 CG:3    UG:1    +
    1   111  2   0.0%   0.063 GC:1    AU:3    +
   26    89  2   0.0%   0.174 UG:1    UA:3    +
   27   110  2   0.0%   0.318 CG:3    UG:1    +
   19   105  2   0.0%   0.515 GU:1    UA:3    +
   47   117  2   0.0%   0.115 CG:2    UA:1    --:1    +
   22    72  2   0.0%   0.182 AU:3    UA:1    +
  113   123  2   0.0%   0.406 UG:3    UA:1    +
   38    93  1   0.2%   0.113 UA:5    +
    2   157  3   0.1%   0.174 GC:2    AU:1    +
  101   145  3   0.1%   0.861 AU:1    UA:2    +
    3   127  3   0.1%   0.158 GC:1    UA:2    +
  108   127  2   0.3%   0.428 UA:4    +
   20    30  1   0.1%   0.380 AU:5    +
  133   137  1   0.1%   0.026 AU:1    --:4    +
    9    14  3   0.1%   0.047 GU:2    AU:1    +
    6    24  1   0.1%   0.445 CG:5    +
    2   128  3   0.1%   0.152 GC:2    AU:1    +
    4    28  3   0.4%   0.280 AU:3    +
   14   155  1   0.1%   0.690 UG:3    --:2    +
  118   145  3   0.1%   0.624 GU:1    UA:2    +
    6   110  1   0.1%   0.656 CG:5    +
    8    14  3   0.1%   0.037 GU:2    AU:1    +
    8    31  3   0.3%   0.647 AU:3    +
   22   145  3   0.1%   0.381 AU:1    UA:2    +
    5    15  1   0.1%   0.093 GC:5    +
    9   126  3   0.1%   0.593 GU:2    AU:1    +
   10    18  1   0.1%   0.464 UG:5    +
    2    14  3   0.1%   0.038 GU:1    AU:2    +
  149   157  2   0.2%   1.381 GC:4    +
    4    17  3   0.3%   0.142 AU:3    +
   15    32  1   0.1%   0.248 CG:5    +
   13    27  3   0.1%   0.259 GC:1    UA:2    +
    2   150  3   0.1%   0.156 GC:2    AU:1    +
  107   126  3   0.1%   0.334 CG:1    UA:2    +
  112   116  1   0.1%   0.163 UA:5    +
    9   128  3   0.1%   0.580 GC:2    AU:1    +
   10   127  1   0.1%   0.371 UA:5    +
    3   152  3   0.1%   0.164 CG:1    UG:2    +
   25   101  3   0.1%   0.282 GC:1    GU:2    +
  114   118  3   0.1%   0.199 GC:1    GU:2    +
   13    89  1   0.1%   0.154 UA:5    +
   16    22  3   0.0%   0.552 AU:1    UA:2    +
  130   144  1   0.0%   0.315 UA:5    +
   26   100  3   0.0%   0.193 UG:1    AU:2    +
  101   107  3   0.0%   0.556 GC:2    AU:1    +
   18    23  1   0.0%   0.816 GU:5    +
   98   150  2   0.2%   0.896 GC:4    +
    4    10  3   0.3%   0.053 AU:3    +
  127   146  1   0.0%   0.696 AU:5    +
    5    10  1   0.0%   0.026 GU:5    +
  100   108  3   0.0%   0.668 GU:1    UA:2    +
    5   125  1   0.0%   0.717 GU:5    +
   93   112  1   0.0%   0.093 AU:5    +
    9   157  3   0.0%   0.759 GC:2    AU:1    +
    3   131  3   0.0%   0.145 AU:1    UA:2    +
   18    22  3   0.0%   0.710 GU:2    UA:1    +
   27   101  3   0.0%   0.137 CG:2    AU:1    +
    2    16  3   0.0%   0.031 GU:2    AU:1    +
   20    99  1   0.0%   0.303 AU:5    +
   16   116  3   0.3%   0.582 UA:3    +
   14    87  3   0.0%   0.093 UG:2    UA:1    +
    9   150  3   0.0%   0.792 GC:2    AU:1    +
    7    22  3   0.0%   0.084 AU:1    UA:2    +
   14   152  3   0.0%   0.483 UG:2    UA:1    +
  101   146  3   0.0%   0.867 GU:2    AU:1    +
  119   145  1   0.0%   0.702 UA:5    +
   14    86  3   0.0%   0.089 GC:1    GU:2    +
    2     7  3   0.0%   0.004 GU:2    AU:1    +
   27   106  3   0.0%   0.399 AU:2    UA:1    +
   21   115  1   0.0%   0.427 UA:4    --:1    +
    9    27  3   0.0%   0.605 GC:2    AU:1    +
    8   157  3   0.0%   0.833 GC:2    AU:1    +
    9   124  3   0.0%   0.591 GC:2    AU:1    +
  118   148  3   0.0%   0.386 GU:1    UA:2    +
    1     7  3   0.0%   0.003 GU:1    AU:2    +
   10    91  1   0.0%   0.329 UA:5    +
  126   146  3   0.0%   0.694 GU:1    AU:2    +
   15    94  1   0.0%   0.208 CG:5    +
   24   130  1   0.0%   0.620 GU:5    +
   14    95  3   0.0%   0.109 GC:1    GU:2    +
   17   127  1   0.0%   0.363 UA:5    +
    2   126  3   0.0%   0.132 GU:1    AU:2    +
   21   127  1   0.0%   0.409 UA:5    +
    1    14  3   0.0%   0.017 GU:1    AU:2    +
  125   145  1   0.0%   0.828 UA:5    +
  108   120  3   0.0%   0.412 UG:2    UA:1    +
   22   126  3   0.0%   0.299 AU:2    UA:1    +
   13    96  1   0.0%   0.147 UA:5    +
  126   155  1   0.0%   0.742 UG:3    --:2    +
  109   157  1   0.0%   0.901 GC:4    --:1    +
  100   155  1   0.0%   0.835 UG:3    --:2    +
  101   108  3   0.0%   0.611 GU:2    UA:1    +
   89   101  3   0.0%   0.388 GC:1    AU:2    +
   91    99  1   0.0%   0.699 AU:5    +
    5    21  1   0.0%   0.470 GU:5    +
   27   100  3   0.0%   0.146 UG:1    AU:2    +
   86    96  1   0.0%   0.054 UA:5    +
   91   113  1   0.0%   0.144 AU:5    +
   23   127  1   0.0%   0.601 UA:5    +
   14    28  3   0.0%   0.133 GC:1    GU:2    +
    4    24  3   0.0%   0.131 CG:1    UG:2    +
  115   146  1   0.0%   0.796 AU:4    --:1    +
   13    24  1   0.0%   0.279 UG:5    +
    2    31  3   0.0%   0.123 GU:1    AU:2    +
   24    30  1   0.0%   0.422 GU:5    +
    8   128  3   0.0%   0.593 GC:2    AU:1    +
  105   111  3   0.0%   0.252 AU:2    UA:1    +
   10    96  1   0.0%   0.329 UA:5    +
  115   125  1   0.0%   0.519 AU:4    --:1    +
   16   131  3   0.0%   0.496 AU:1    UA:2    +
   41    86  1   0.0%   0.028 AU:5    +
  111   148  3   0.0%   0.374 AU:1    UA:2    +
    1    16  3   0.0%   0.017 GU:1    AU:2    +
   22    31  3   0.0%   0.270 UG:1    AU:2    +
   15   109  1   0.0%   0.202 CG:4    --:1    +
   32   130  1   0.0%   0.347 GU:5    +
   47    70  3   0.0%   0.037 CG:1    UA:2    +
   11    31  3   0.0%   0.509 GU:1    AU:2    +
   25    34  1   0.0%   0.268 GU:5    +
   28    91  1   0.0%   0.063 UA:5    +
   13    25  1   0.0%   0.269 UG:5    +
    3   145  3   0.0%   0.142 GU:1    UA:2    +
   31   147  3   0.0%   1.191 UG:1    UA:2    +
   21   126  3   0.0%   0.407 UG:1    UA:2    +
    5    23  1   0.0%   0.470 GU:5    +
   27    90  3   0.0%   0.131 CG:2    UA:1    +
   26   101  3   0.0%   0.178 UG:2    AU:1    +
  119   126  3   0.0%   0.272 UG:1    UA:2    +
  118   127  3   0.0%   0.191 GC:1    UA:2    +
    7   131  3   0.0%   0.341 AU:1    UA:2    +
   25    30  1   0.0%   0.363 GU:5    +
   17   145  1   0.0%   0.433 UA:5    +
   10    32  1   0.0%   0.375 UG:5    +
   14   131  3   0.0%   0.283 GU:1    UA:2    +
   31   152  3   0.0%   1.328 UG:1    UA:2    +
  115   132  1   0.0%   0.301 AU:4    --:1    +
   23   126  3   0.0%   0.600 UG:1    UA:2    +
    8    27  3   0.0%   0.613 GC:2    AU:1    +
   18    28  1   0.0%   0.590 GU:5    +
   43    90  3   0.0%   0.393 UG:2    UA:1    +
   18   119  1   0.0%   0.591 GU:5    +
   12    24  1   0.0%   0.495 UG:5    +
  109   129  1   0.0%   0.583 GU:4    --:1    +
   13    70  1   0.0%   0.136 UA:5    +
    5    28  1   0.0%   0.620 GU:5    +
   12   115  1   0.0%   0.336 UA:4    --:1    +
  120   150  3   0.0%   1.034 GC:2    AU:1    +
   50    70  3   0.0%   0.227 UG:1    UA:2    +
  100   116  1   0.0%   0.480 UA:5    +
   86    91  1   0.0%   0.122 UA:5    +
    1   102  3   0.0%   0.062 GU:1    AU:2    +
   28    32  1   0.0%   0.120 UG:5    +
  109   130  1   0.0%   0.580 GU:4    --:1    +
   95   101  3   0.0%   0.345 CG:2    UA:1    +
   31    71  3   0.0%   0.112 UG:1    UA:2    +
   28   127  1   0.0%   0.444 UA:5    +
   12    25  1   0.0%   0.485 UG:5    +
   30    96  1   0.0%   0.113 UA:5    +
   21   101  3   0.0%   0.308 UG:2    UA:1    +
   23   101  3   0.0%   0.281 UG:2    UA:1    +
   24   100  1   0.0%   0.344 GU:5    +
    6   109  1   0.0%   0.637 CG:4    --:1    +
   17   126  3   0.0%   0.370 UG:1    UA:2    +
   14   112  3   0.0%   0.098 GC:1    GU:2    +
   42   118  3   0.0%   0.100 UG:1    AU:2    +
   12   116  1   0.0%   0.336 UA:5    +
   64    86  1   0.0%   0.061 AU:5    +
    5    17  1   0.0%   0.116 GU:5    +
   86    93  1   0.0%   0.065 UA:5    +
   96   100  1   0.0%   0.354 AU:5    +
   91   100  1   0.0%   0.424 AU:5    +
    3   103  3   0.0%   0.125 GC:1    UA:2    +
   20    31  3   0.0%   0.364 GU:1    AU:2    +
   12   122  1   0.0%   0.444 UA:5    +
   88   118  3   0.0%   0.261 GC:1    AU:2    +
   13    91  1   0.0%   0.145 UA:5    +
   56    65  1   0.0%   0.071 UG:5    +
   12    91  1   0.0%   0.334 UA:5    +
   16   144  3   0.0%   0.548 UG:1    UA:2    +
    5    34  1   0.0%   0.597 GU:5    +
    8   124  3   0.0%   0.622 GC:2    AU:1    +
   12    33  1   0.0%   0.326 UA:5    +
   25   100  1   0.0%   0.282 GU:5    +
  118   149  3   0.0%   0.737 CG:1    UG:2    +
  120   129  3   0.0%   0.216 GU:2    AU:1    +
  108   115  1   0.0%   0.381 UA:4    --:1    +
   76    85  1   0.0%   0.001 GC:1    --:4    +
   41    61  1   0.0%   0.025 AU:5    +
   24   113  1   0.0%   0.649 GU:5    +
   18   125  1   0.0%   0.639 GU:5    +
   25    99  1   0.0%   0.289 GU:5    +
   32    68  1   0.0%   0.061 GU:5    +
    5   146  1   0.0%   0.685 GU:5    +
   14    29  3   0.0%   0.138 UG:2    UA:1    +
   14    90  3   0.0%   0.096 UG:2    UA:1    +
   23   115  1   0.0%   0.618 UA:4    --:1    +
  119   127  1   0.0%   0.270 UA:5    +
   77    81  1   0.0%   0.000 UG:1    --:4    +
   71   124  3   0.0%   0.195 GC:2    AU:1    +
   49    71  3   0.0%   0.049 UG:1    UA:2    +
    5   101  3   0.0%   0.611 GC:1    GU:2    +
   75    83  1   0.0%   0.000 AU:1    --:4    +
   16   147  3   0.0%   0.560 UG:1    UA:2    +
   97   101  3   0.0%   0.448 UG:2    AU:1    +
   99   110  1   0.0%   0.736 UG:5    +
   74    85  1   0.0%   0.000 UG:1    --:4    +
   20   118  3   0.0%   0.427 GC:1    AU:2    +
   87   101  3   0.0%   0.353 GC:1    AU:2    +
   10   116  1   0.0%   0.335 UA:5    +
   75    81  1   0.0%   0.000 CG:1    --:4    +
    3   101  3   0.0%   0.125 UG:2    AU:1    +
    2   102  3   0.0%   0.126 GU:1    AU:2    +
  109   132  1   0.0%   0.585 GU:4    --:1    +
   28    96  1   0.0%   0.065 UA:5    +
   71   118  3   0.0%   0.095 GC:1    AU:2    +
   35    99  1   0.0%   0.631 GU:5    +
    6    35  1   0.0%   0.620 CG:5    +
  118   122  3   0.0%   0.327 CG:1    UA:2    +
   30    62  3   0.0%   0.096 GC:1    UA:2    +
   24   101  3   0.0%   0.330 GC:1    GU:2    +
   74    80  1   0.0%   0.000 AU:1    --:4    +
   28    64  1   0.0%   0.060 UA:5    +
   10   115  1   0.0%   0.334 UA:4    --:1    +
   32    40  1   0.0%   0.060 GU:5    +
   18   131  3   0.0%   0.640 GU:2    UA:1    +
  102   155  1   0.0%   0.666 UG:3    --:2    +
   33    39  1   0.0%   0.006 AU:5    +
   17   101  3   0.0%   0.295 UG:2    UA:1    +
   24    66  1   0.0%   0.327 GC:5    +
  116   130  1   0.0%   0.179 AU:5    +
   51    63  3   0.0%   0.000 CG:1    GC:2    +
   75    80  1   0.0%   0.000 AU:1    --:4    +
   74    83  1   0.0%   0.000 AU:1    --:4    +
   13   108  3   0.0%   0.157 GU:1    UA:2    +
   78    84  1   0.0%   0.000 AU:1    --:4    +
   86   116  1   0.0%   0.125 UA:5    +
   73    85  1   0.0%   0.000 UG:1    --:4    +
  120   128  3   0.0%   0.222 GC:2    GU:1    +
   66    94  1   0.0%   0.063 CG:5    +
   77    83  1   0.0%   0.000 AU:1    --:4    +
   73    84  1   0.0%   0.000 UG:1    --:4    +
   93   125  1   0.0%   0.101 AU:5    +
   12    96  1   0.0%   0.334 UA:5    +
    4    25  3   0.0%   0.129 CG:1    UG:2    +
    1   107  3   0.0%   0.062 GC:1    AU:2    +
   74    81  1   0.0%   0.000 UG:1    --:4    +
   26   109  1   0.0%   0.546 UG:4    --:1    +
   76    84  1   0.0%   0.000 GU:1    --:4    +
   31   122  3   0.0%   0.796 UG:1    UA:2    +
   68   127  1   0.0%   0.310 UA:5    +
    3   104  3   0.0%   0.125 GU:1    UA:2    +
   80    85  1   0.0%   0.000 UG:1    --:4    +
   94   101  3   0.0%   0.344 GC:1    GU:2    +
   80    84  1   0.0%   0.000 UG:1    --:4    +
   97   109  1   0.0%   0.377 UG:4    --:1    +
  101   125  3   0.0%   0.383 GU:2    AU:1    +
   28   145  1   0.0%   0.788 UA:5    +
   44    90  3   0.0%   0.217 CG:2    UA:1    +
  106   111  3   0.0%   0.267 AU:2    UA:1    +
   81    85  1   0.0%   0.001 GC:1    --:4    +
  109   113  1   0.0%   0.296 GU:4    --:1    +
   73    79  1   0.0%   0.000 UG:1    --:4    +
   79    83  1   0.0%   0.000 GU:1    --:4    +
   16   105  3   0.0%   0.465 AU:1    UA:2    +
   16   106  3   0.0%   0.472 AU:1    UA:2    +
   74    78  1   0.0%   0.000 UA:1    --:4    +
   25   130  1   0.0%   0.409 GU:5    +
   89    95  3   0.0%   0.089 GC:1    AU:2    +
   70   101  3   0.0%   0.340 GC:1    AU:2    +
   38   115  1   0.0%   0.159 UA:4    --:1    +
   28   109  1   0.0%   0.613 UG:4    --:1    +
  113   144  1   0.0%   0.298 UA:5    +
   48    93  1   0.0%   0.049 UA:5    +
   49    92  3   0.0%   0.084 UG:1    UA:2    +
  118   156  3   0.0%   0.587 CG:1    UG:2    +
   30    91  1   0.0%   0.111 UA:5    +
   34   144  1   0.0%   0.205 UA:5    +
   24    34  1   0.0%   0.327 GU:5    +
   10   109  1   0.0%   0.343 UG:4    --:1    +
   30    67  1   0.0%   0.096 UA:4    --:1    +
   73    77  1   0.0%   0.000 UA:1    --:4    +
   21    93  1   0.0%   0.319 UA:5    +
   53    88  3   0.0%   0.226 GC:1    UA:2    +
   22   118  3   0.0%   0.297 AU:2    UA:1    +
  115   129  1   0.0%   0.297 AU:4    --:1    +
   33   118  3   0.0%   0.300 GC:1    AU:2    +
   45   119  1   0.0%   0.055 AU:5    +
    3   121  3   0.0%   0.129 GC:1    UA:2    +
   34   127  1   0.0%   0.160 UA:5    +
   44   120  3   0.0%   0.170 CG:2    UG:1    +
    8   102  3   0.0%   0.557 GU:2    AU:1    +
   30    41  1   0.0%   0.096 UA:5    +
  109   126  2   0.1%   0.615 GU:3    --:1    +
   23   151  2   0.1%   1.377 UA:4    +
   13    18  2   0.1%   0.629 UG:4    +
   30   127  2   0.1%   0.401 UA:4    +
   19   147  2   0.1%   0.786 UA:4    +
  129   147  2   0.1%   0.724 UA:4    +
   23   103  2   0.1%   0.299 UA:4    +
  125   151  2   0.1%   0.957 UA:4    +
   21   131  2   0.1%   0.359 UA:4    +
   10   106  2   0.1%   0.347 UA:4    +
   17    22  2   0.1%   0.462 UA:4    +
   19   116  2   0.1%   0.686 UA:4    +
   26   156  2   0.1%   0.904 UG:4    +
  100   148  3   0.1%   0.639 UA:3    +
   32    97  2   0.1%   0.095 GU:4    +
   21   105  2   0.1%   0.321 UA:4    +
   31    70  3   0.1%   0.118 UA:3    +
   22   112  2   0.1%   0.267 AU:4    +
   13   148  3   0.1%   0.510 UA:3    +
    7   127  3   0.1%   0.365 UA:3    +
  112   121  2   0.0%   0.184 UA:4    +
   28   105  2   0.0%   0.517 UA:4    +
   10   156  2   0.0%   0.652 UG:4    +
    5   128  2   0.0%   0.693 GC:4    +
    5    13  2   0.0%   0.152 GU:4    +
  127   132  2   0.0%   0.194 AU:4    +
   12   127  2   0.0%   0.547 UA:4    +
   10   148  2   0.0%   0.540 UA:4    +
  126   152  3   0.1%   1.100 UG:3    +
   22    28  3   0.1%   0.245 AU:3    +
   21    98  2   0.0%   0.331 UG:4    +
   21   148  2   0.0%   0.784 UA:4    +
   20   111  3   0.1%   0.323 AU:3    +
   12    88  2   0.0%   0.330 UA:4    +
   26    32  2   0.0%   0.224 UG:4    +
   17   148  2   0.0%   0.501 UA:4    +
   23   131  2   0.0%   0.542 UA:4    +
  125   148  2   0.0%   0.597 UA:4    +
  119   131  2   0.0%   0.221 UA:4    +
   30   104  2   0.0%   0.507 UA:4    +
   26   127  2   0.0%   0.380 UA:4    +
  129   151  2   0.0%   1.274 UA:4    +
   20   108  2   0.0%   0.294 AU:4    +
  103   108  2   0.0%   0.430 AU:4    +
  129   144  2   0.0%   0.309 UA:4    +
   21   151  2   0.0%   1.182 UA:4    +
   98   157  2   0.0%   0.532 GC:4    +
   19   144  2   0.0%   0.705 UA:4    +
  106   125  2   0.0%   0.276 AU:4    +
   26    33  2   0.0%   0.173 UA:4    +
  125   131  2   0.0%   0.418 UA:4    +
   57    66  2   0.0%   0.087 GC:4    +
  132   148  2   0.0%   1.313 UA:4    +
   18    30  2   0.0%   0.626 GU:4    +
   99   145  2   0.0%   1.189 UA:4    +
   96   108  2   0.0%   0.310 AU:4    +
   98   146  2   0.0%   0.665 GU:4    +
  129   149  2   0.0%   1.417 UG:4    +
   48    69  2   0.0%   0.003 UA:4    +
   13   145  2   0.0%   0.483 UA:4    +
  121   129  2   0.0%   0.293 AU:4    +
   26   103  2   0.0%   0.182 UA:4    +
   99   104  2   0.0%   0.810 UA:4    +
   23   148  2   0.0%   0.955 UA:4    +
   12   104  2   0.0%   0.335 UA:4    +
   35    97  2   0.0%   0.158 GU:4    +
   28    98  2   0.0%   0.085 UG:4    +
   26   110  2   0.0%   0.354 UG:4    +
  132   149  2   0.0%   1.667 UG:4    +
   97   147  2   0.0%   0.622 UA:4    +
  108   156  2   0.0%   0.820 UG:4    +
   13    93  2   0.0%   0.157 UA:4    +
   99   127  2   0.0%   0.766 UA:4    +
   17   131  2   0.0%   0.344 UA:4    +
  116   132  2   0.0%   0.185 AU:4    +
  115   126  2   0.0%   0.326 AU:3    --:1    +
  146   151  2   0.0%   1.734 UA:4    +
   20    26  2   0.0%   0.431 AU:4    +
   39    88  2   0.0%   0.010 UA:4    +
  102   109  2   0.0%   0.455 UG:3    --:1    +
   42    86  2   0.0%   0.029 AU:4    +
   22   125  2   0.0%   0.278 AU:4    +
   25   108  2   0.0%   0.675 GU:4    +
   98   132  2   0.0%   0.187 GU:4    +
   30    88  2   0.0%   0.117 UA:4    +
  105   125  2   0.0%   0.259 AU:4    +
   99   103  2   0.0%   0.744 UA:4    +
  103   129  2   0.0%   0.165 AU:4    +
   17   121  2   0.0%   0.455 UA:4    +
  103   146  2   0.0%   0.722 AU:4    +
   23   106  2   0.0%   0.295 UA:4    +
   97   103  2   0.0%   0.270 UA:4    +
   26    91  2   0.0%   0.169 UA:4    +
  119   151  2   0.0%   0.813 UA:4    +
   10   149  2   0.0%   0.553 UG:4    +
  100   127  2   0.0%   0.466 UA:4    +
  130   149  2   0.0%   1.415 UG:4    +
   38   121  2   0.0%   0.186 UA:4    +
   23   105  2   0.0%   0.291 UA:4    +
   10   121  2   0.0%   0.338 UA:4    +
   28   106  2   0.0%   0.501 UA:4    +
  100   145  2   0.0%   0.889 UA:4    +
    6    98  2   0.0%   0.654 CG:4    +
  132   151  2   0.0%   1.525 UA:4    +
  105   132  2   0.0%   0.323 AU:4    +
   28   156  2   0.0%   0.976 UG:4    +
   46    66  2   0.0%   0.051 GC:4    +
  103   119  2   0.0%   0.152 AU:4    +
   59    64  2   0.0%   0.061 UA:4    +
   13   115  2   0.0%   0.147 UA:3    --:1    +
   21   103  2   0.0%   0.309 UA:4    +
   39   121  2   0.0%   0.216 UA:4    +
  108   144  2   0.0%   0.450 UA:4    +
    5    99  2   0.0%   0.631 GU:4    +
   28   148  2   0.0%   0.685 UA:4    +
   13   127  2   0.0%   0.356 UA:4    +
   10    98  2   0.0%   0.349 UG:4    +
   20    97  2   0.0%   0.296 AU:4    +
   34   151  2   0.0%   0.657 UA:4    +
   37   148  2   0.0%   0.279 UA:4    +
  129   156  2   0.0%   0.968 UG:4    +
   15    29  2   0.0%   0.237 CG:4    +
  116   129  2   0.0%   0.181 AU:4    +
   13   151  3   0.1%   0.536 UA:3    +
   61    69  2   0.0%   0.030 UA:4    +
  119   148  2   0.0%   0.468 UA:4    +
   26   144  2   0.0%   0.377 UA:4    +
   15    98  2   0.0%   0.212 CG:4    +
    5    30  2   0.0%   0.626 GU:4    +
   18    99  2   0.0%   0.561 GU:4    +
   52    69  2   0.0%   0.184 UA:4    +
   10   103  2   0.0%   0.329 UA:4    +
   22    86  2   0.0%   0.184 AU:4    +
   17   103  2   0.0%   0.296 UA:4    +
  106   132  2   0.0%   0.325 AU:4    +
   42    60  2   0.0%   0.049 AU:4    +
  105   112  2   0.0%   0.249 AU:4    +
   21    69  2   0.0%   0.305 UA:4    +
  108   122  2   0.0%   0.451 UA:4    +
   18   100  2   0.0%   0.556 GU:4    +
    5    36  2   0.0%   0.597 GC:4    +
  108   147  2   0.0%   0.800 UA:4    +
   28    69  2   0.0%   0.060 UA:4    +
  114   132  2   0.0%   0.217 GU:4    +
   91    97  2   0.0%   0.224 AU:4    +
   60    69  2   0.0%   0.054 UA:4    +
  108   116  2   0.0%   0.386 UA:4    +
   32   108  2   0.0%   0.609 GU:4    +
   17   105  2   0.0%   0.295 UA:4    +
  121   132  2   0.0%   0.372 AU:4    +
   14   109  2   0.0%   0.103 UG:3    --:1    +
   93   100  2   0.0%   0.366 AU:4    +
  132   156  2   0.0%   1.212 UG:4    +
   21   106  2   0.0%   0.320 UA:4    +
  130   156  2   0.0%   0.963 UG:4    +
   96   132  2   0.0%   0.078 AU:4    +
   36   156  2   0.0%   0.516 CG:4    +
   10   105  2   0.0%   0.329 UA:4    +
   97   127  2   0.0%   0.214 UA:4    +
   23    98  2   0.0%   0.301 UG:4    +
   86   105  2   0.0%   0.174 UA:4    +
   92    97  2   0.0%   0.183 AU:4    +
    5   108  2   0.0%   0.618 GU:4    +
  103   125  2   0.0%   0.202 AU:4    +
  121   125  2   0.0%   0.513 AU:4    +
   41    59  2   0.0%   0.000 AU:4    +
   69    86  2   0.0%   0.054 AU:4    +
   26    92  2   0.0%   0.169 UA:4    +
  113   149  2   0.0%   0.848 UG:4    +
   64    97  2   0.0%   0.164 AU:4    +
   86   151  2   0.0%   0.605 UA:4    +
   86   103  2   0.0%   0.168 UA:4    +
   10   114  2   0.0%   0.335 UG:4    +
   97   121  2   0.0%   0.250 UA:4    +
   88    99  2   0.0%   0.787 AU:4    +
  108   121  2   0.0%   0.408 UA:4    +
   28    93  2   0.0%   0.076 UA:4    +
   22   119  2   0.0%   0.230 AU:4    +
   10    93  2   0.0%   0.340 UA:4    +
  106   112  2   0.0%   0.264 AU:4    +
   33   108  2   0.0%   0.506 AU:4    +
  112   151  2   0.0%   0.789 UA:4    +
   19    91  2   0.0%   0.514 UA:4    +
   39   145  2   0.0%   0.601 UA:4    +
   22   130  3   0.1%   0.242 AU:3    +
   14    21  3   0.1%   0.348 GU:3    +
   22   113  3   0.1%   0.272 AU:3    +
   14   147  3   0.0%   0.381 UA:3    +
    4   112  3   0.0%   0.268 AU:3    +
   15    87  3   0.0%   0.200 CG:3    +
  126   147  3   0.0%   0.666 UA:3    +
    4    23  3   0.0%   0.162 AU:3    +
  126   144  3   0.0%   0.267 UA:3    +
   14    33  3   0.0%   0.089 UA:3    +
  103   126  3   0.0%   0.232 AU:3    +
  102   106  3   0.0%   0.423 UA:3    +
  102   127  3   0.0%   0.297 UA:3    +
   11   126  3   0.0%   0.650 GU:3    +
    1   126  3   0.0%   0.068 AU:3    +
   51    65  3   0.0%   0.028 CG:3    +
   14    20  3   0.0%   0.312 UA:3    +
   14    23  3   0.0%   0.323 GU:3    +
   49    70  3   0.0%   0.050 UA:3    +
   22   132  3   0.0%   0.268 AU:3    +
  102   145  3   0.0%   0.743 UA:3    +
  111   122  3   0.0%   0.226 UA:3    +
   21    31  3   0.0%   0.392 UG:3    +
   14   146  3   0.0%   0.405 GU:3    +
  123   157  3   0.0%   0.711 GC:3    +
  100   106  3   0.0%   0.591 UA:3    +
   17    31  3   0.0%   0.369 UG:3    +
   14   119  3   0.0%   0.165 GU:3    +
    7    20  3   0.0%   0.054 UA:3    +
  123   150  3   0.0%   1.155 GC:3    +
   26    88  3   0.0%   0.176 UA:3    +
    9    31  3   0.0%   0.595 AU:3    +
   13   105  3   0.0%   0.148 UA:3    +
   16    20  3   0.0%   0.647 UA:3    +
  102   114  3   0.0%   0.313 UG:3    +
   14   144  3   0.0%   0.362 UA:3    +
   13   131  3   0.0%   0.337 UA:3    +
   24    31  3   0.0%   0.415 GU:3    +
   45    72  3   0.0%   0.039 AU:3    +
   14   116  3   0.0%   0.220 UA:3    +
   14   125  3   0.0%   0.331 GU:3    +
   13   103  3   0.0%   0.146 UA:3    +
   10    31  3   0.0%   0.398 UG:3    +
   31    87  3   0.0%   0.109 UA:3    +
   24   126  3   0.0%   0.680 GU:3    +
   25    31  3   0.0%   0.355 GU:3    +
   15   123  3   0.0%   0.548 CG:3    +
   98   102  3   0.0%   0.263 GU:3    +
   14   124  3   0.0%   0.450 GC:3    +
   16   122  3   0.0%   0.651 UA:3    +
   14    92  3   0.0%   0.093 UA:3    +
    7   116  3   0.0%   0.282 UA:3    +
    4   119  3   0.0%   0.262 AU:3    +
  126   156  3   0.0%   0.789 UG:3    +
    7   121  3   0.0%   0.285 UA:3    +
   10   131  3   0.0%   0.346 UA:3    +
    4   132  3   0.0%   0.310 AU:3    +
   66    87  3   0.0%   0.072 CG:3    +
    5   126  3   0.0%   0.689 GU:3    +
   14    24  3   0.0%   0.222 UG:3    +
   23    31  3   0.0%   0.364 UG:3    +
   31   157  3   0.0%   1.085 GC:3    +
   63    87  3   0.0%   0.052 CG:3    +
  102   151  3   0.0%   0.811 UA:3    +
   29   126  3   0.0%   0.504 GU:3    +
   28   131  3   0.0%   0.386 UA:3    +
   13   121  3   0.0%   0.212 UA:3    +
    6    29  3   0.0%   0.611 CG:3    +
    4   102  3   0.0%   0.256 AU:3    +
   22   100  3   0.0%   0.199 AU:3    +
   31   132  3   0.0%   0.689 GU:3    +
    4   146  3   0.0%   0.309 AU:3    +
   15    31  3   0.0%   0.255 CG:3    +
   32   126  3   0.0%   0.414 GU:3    +
  102   156  3   0.0%   0.713 UG:3    +
   34   131  3   0.0%   0.097 UA:3    +
   14    32  3   0.0%   0.132 UG:3    +
   31    96  3   0.0%   0.105 UA:3    +
   22   129  3   0.0%   0.237 AU:3    +
   14    89  3   0.0%   0.098 UA:3    +
   22    34  3   0.0%   0.182 AU:3    +
    7    33  3   0.0%   0.262 UA:3    +
  111   120  3   0.0%   0.184 UG:3    +
  100   151  3   0.0%   0.978 UA:3    +
   31   146  3   0.0%   1.224 GU:3    +
   69   126  3   0.0%   0.111 AU:3    +
  121   126  3   0.0%   0.320 AU:3    +
    7   145  3   0.0%   0.339 UA:3    +
   22    68  3   0.0%   0.182 AU:3    +
   31    95  3   0.0%   0.119 GC:3    +
   96   102  3   0.0%   0.232 AU:3    +
   29    63  3   0.0%   0.069 GC:3    +
   33    72  3   0.0%   0.036 AU:3    +
   31   107  3   0.0%   0.776 GC:3    +
  116   126  3   0.0%   0.210 AU:3    +
  111   116  3   0.0%   0.152 UA:3    +
   31    41  3   0.0%   0.091 UA:3    +
   58    72  3   0.0%   0.050 AU:3    +
   53    68  3   0.0%   0.267 GU:3    +
   43    91  3   0.0%   0.319 UA:3    +
   33   126  3   0.0%   0.307 AU:3    +
   93   102  3   0.0%   0.244 AU:3    +
  110   126  3   0.0%   0.241 GU:3    +
   50    64  3   0.0%   0.024 UA:3    +
   92   126  3   0.0%   0.140 AU:3    +
   16    33  3   0.0%   0.465 UA:3    +
  122   126  3   0.0%   0.348 AU:3    +
   89   102  3   0.0%   0.271 AU:3    +
   31    86  3   0.0%   0.102 GU:3    +
   53    61  3   0.0%   0.027 GU:3    +
   33    43  3   0.0%   0.006 AU:3    +
   14   110  3   0.0%   0.101 UG:3    +
    4    37  3   0.0%   0.238 AU:3    +
   31    40  3   0.0%   0.091 GU:3    +
   69   102  3   0.0%   0.233 AU:3    +
   50    91  3   0.0%   0.303 UA:3    +
    7   103  3   0.0%   0.275 UA:3    +
   13   106  3   0.0%   0.154 UA:3    +
   72    92  3   0.0%   0.079 UA:3    +
    7    96  3   0.0%   0.274 UA:3    +
   88    97  3   0.0%   0.313 AU:3    +
   54    87  3   0.0%   0.065 CG:3    +
...............((((.((((((((..(.((((((((..((((((((.(((.((.....)))))))))).............))).)))))))).)....)))))(((((.......)))))...................))).)))).....
