6 sequence; length of alignment 154
alifold output
   30    77  0  99.6%   0.041 GC:6   
   32    75  0  99.6%   0.035 GC:6   
   33    74  0  99.6%   0.039 CG:6   
   31    76  3  99.5%   0.045 AU:2    UA:1   
   25    82  0  97.8%   0.108 UG:1    UA:5   
   34    73  1  98.8%   0.072 UG:3    UA:2   
  125   146  0  97.8%   0.208 GC:3    GU:3   
  120   151  0  97.8%   0.158 GC:1    GU:5   
   24    83  0  98.6%   0.085 GC:6   
  131   140  0  98.0%   0.169 GC:6   
  121   150  2  98.0%   0.123 CG:4   
  119   152  1  97.5%   0.174 CG:5   
   29    78  2  97.6%   0.098 CG:4   
  132   139  1  97.4%   0.156 AU:5   
  124   147  2  97.2%   0.153 GU:1    AU:3   
  123   148  1  96.7%   0.141 UG:3    UA:2   
  122   149  2  97.0%   0.121 UA:4   
  126   145  3  96.5%   0.251 CG:3   
   93   109  0  93.1%   0.228 GC:2    GU:4   
  130   141  0  93.5%   0.284 UA:6   
   94   108  0  92.9%   0.231 UA:6   
   89   113  1  92.3%   0.381 GU:1    AU:4   
   92   110  1  92.4%   0.247 UA:5   
   90   112  3  92.3%   0.393 CG:2    UA:1   
  133   138  2  91.9%   0.349 GC:4   
   88   114  3  90.1%   0.471 GU:1    AU:2   
   87   115  1  88.0%   0.551 GC:1    GU:2    AU:2   
   95   107  1  88.7%   0.333 UG:5   
   35    72  0  86.5%   0.656 AU:6   
   91   111  2  86.5%   0.403 UG:4   
   23    84  0  82.9%   0.698 UA:6   
   86   116  0  81.4%   0.675 GU:3    AU:3   
    9    19  0  78.9%   0.891 GC:1    GU:5   
   10    18  0  79.0%   1.051 GC:6   
   11    17  0  79.0%   1.045 GC:6   
  127   144  2  78.4%   0.701 GU:2    AU:2   
    8    20  0  77.8%   0.855 UA:6   
  118   153  2  69.1%   1.086 UA:4   
    7    21  0  65.7%   1.139 UA:6   
   22    85  0  58.3%   0.985 GU:4    AU:2   
   96   106  2  48.7%   1.398 GC:1    GU:3    +
   12    16  3  44.1%   1.426 AU:3   
   47    59  1  42.2%   1.386 CG:1    UG:3    UA:1    +
   46    60  1  42.4%   1.219 GC:4    UG:1    +
   97   105  3  38.0%   1.605 UG:3    +
   85   117  0  35.7%   1.516 UA:6    +
   98   104  2  31.7%   1.418 UG:1    AU:2    UA:1    +
   48    58  3  30.9%   1.623 GC:1    GU:1    UG:1    +
   50    56  2  22.5%   1.415 CG:2    AU:2    +
   51    55  0  16.3%   1.399 GC:2    GU:4    +
    6    16  0  16.3%   0.887 GC:3    GU:3    +
    5    17  0  16.3%   0.887 GC:6    +
    4    18  0  16.2%   0.886 GC:6    +
    7    15  0  15.9%   0.879 UA:6    +
   36    53  0  14.4%   0.899 UA:6    +
   37    52  3  14.4%   0.906 GC:1    GU:2    +
   38    51  0  11.6%   0.799 CG:6    +
   41    49  2   9.4%   0.774 AU:4    +
   40    50  3   9.3%   0.703 UA:3    +
   52    59  3   8.8%   1.589 CG:1    UA:2    +
   51    60  2   8.8%   1.931 GC:4    +
   42    48  3   8.5%   0.822 AU:3    +
   43    68  0   5.5%   0.908 CG:2    UG:1    UA:3    +
   35    54  0   7.3%   0.620 AU:6    +
   84   118  2   7.8%   0.823 AU:4    +
   37    69  0   6.6%   1.013 GU:6    +
   39    51  0   6.5%   0.855 CG:6    +
    5    23  0   6.4%   0.974 GU:6    +
   38    68  3   6.7%   0.887 CG:3    +
   90    96  0   4.9%   0.452 CG:5    UG:1    +
   53    58  3   6.6%   1.671 AU:3    +
   42    69  0   5.4%   1.192 AU:6    +
   49    58  2   4.8%   1.221 GU:1    UG:1    AU:1    UA:1    +
   40    58  2   5.0%   0.706 UG:1    AU:2    UA:1    +
   41    57  0   4.9%   0.777 AU:6    +
   89    97  1   4.9%   0.449 GU:1    AU:4    +
   88    98  2   4.9%   0.447 GU:1    AU:1    UA:2    +
    4    19  0   3.8%   0.712 GC:1    GU:5    +
   97   104  2   4.9%   0.641 UG:1    UA:3    +
   87    99  2   4.8%   0.445 CG:1    GC:3    +
   50    57  3   5.1%   1.212 AU:3    +
   96   105  3   5.0%   0.646 GC:3    +
   39    59  2   4.8%   0.699 CG:4    +
   45    53  0   4.1%   0.716 UA:6    +
   44    54  0   3.9%   0.621 AU:6    +
   47    68  0   1.9%   1.298 CG:2    UG:1    UA:3    +
    5    18  0   3.8%   0.961 GC:6    +
    6    17  0   3.7%   0.961 GC:6    +
    3    20  0   3.7%   0.409 UA:6    +
   42    56  3   4.1%   0.711 AU:3    +
   41    70  2   4.0%   1.102 AU:4    +
   45    68  0   2.3%   0.989 UG:3    UA:3    +
   37    70  2   3.9%   1.020 GU:4    +
   99   107  0   2.2%   0.618 CG:5    GC:1    +
   48    63  1   2.9%   1.243 GC:3    UG:2    +
   99   105  2   3.1%   1.012 CG:3    GC:1    +
    9    14  0   2.8%   0.313 GU:6    +
    8    15  0   2.7%   0.591 UA:6    +
   39    68  3   3.2%   0.931 CG:3    +
   52    62  1   2.3%   0.904 AU:3    UA:2    +
   46    67  2   2.3%   0.974 GC:2    GU:1    UA:1    +
   55    59  0   0.3%   1.261 CG:2    UG:2    UA:2    +
   44    69  0   2.2%   0.971 AU:6    +
   49    64  1   1.7%   0.772 GU:1    AU:1    UA:3    +
   86   100  3   2.7%   0.302 GU:1    AU:2    +
    5   115  0   1.2%   0.811 GC:2    GU:4    +
   37    71  0   1.1%   0.922 GC:1    GU:5    +
   48    56  0   0.1%   0.538 GU:3    UG:2    UA:1    +
  109   133  0   0.0%   0.200 CG:2    UG:2    UA:2    +
   59    71  0   0.0%   1.057 GC:1    GU:3    AU:2    +
   19   154  0   0.0%   0.373 CG:1    UG:1    UA:4    +
  115   133  0   0.0%   0.299 CG:2    UG:2    UA:2    +
   22   118  0   0.0%   0.394 GC:2    GU:2    AU:2    +
   34    59  0   0.0%   0.034 CG:1    UG:3    UA:2    +
  118   133  0   0.0%   0.361 CG:2    UG:2    UA:2    +
   34    68  0   0.0%   0.035 CG:1    UG:2    UA:3    +
   19    59  0   0.0%   0.359 CG:1    UG:3    UA:2    +
   16    22  0   0.0%   0.720 CG:3    UG:1    UA:2    +
   86   151  0   0.0%   0.318 GC:1    GU:2    AU:3    +
   22   146  0   0.0%   0.352 GC:3    GU:1    AU:2    +
   16   133  0   0.0%   0.714 CG:3    UG:1    UA:2    +
   46    65  2   2.3%   0.805 GC:3    GU:1    +
  137   151  0   0.9%   0.211 GC:1    GU:5    +
   48    67  2   1.8%   1.408 GC:2    UG:1    UA:1    +
   96   109  0   0.8%   0.885 GC:2    GU:4    +
   46    69  1   1.8%   1.411 GU:4    AU:1    +
   90   143  0   0.8%   0.368 CG:5    UG:1    +
   88   145  1   0.8%   0.366 CG:1    GU:1    UG:2    AU:1    +
  118   154  0   0.7%   0.680 CG:2    UA:4    +
  136   152  0   0.6%   0.184 CG:2    UG:4    +
   11    16  0   0.6%   0.404 GC:3    GU:3    +
   51    63  2   2.3%   1.524 GC:4    +
   86   147  0   0.6%   0.375 GU:3    AU:3    +
  100   106  3   1.8%   0.692 GC:1    UG:1    AU:1    +
   36    68  0   0.5%   0.473 UG:3    UA:3    +
   28    80  0   1.5%   0.232 UA:6    +
  111   115  0   0.5%   0.439 GC:2    GU:4    +
   44    62  2   2.1%   0.453 AU:4    +
  115   131  0   0.4%   0.317 CG:2    UG:4    +
   37    43  0   0.4%   0.089 GC:2    GU:4    +
  113   133  0   0.4%   0.198 UG:4    UA:2    +
   37    47  0   0.4%   0.105 GC:2    GU:4    +
   57    68  0   0.4%   1.120 UG:3    UA:3    +
   59    66  0   0.3%   1.101 GU:4    AU:2    +
   51    65  0   0.3%   1.365 GC:4    GU:2    +
   54    68  0   0.3%   1.065 UG:3    UA:3    +
   46    63  1   1.2%   0.688 GC:4    UG:1    +
   48    65  3   1.7%   1.248 GC:2    GU:1    +
    4   116  0   1.2%   0.638 GU:6    +
   90   111  0   0.2%   0.192 CG:5    UG:1    +
   37    55  0   0.2%   0.385 GC:2    GU:4    +
   47    51  0   0.2%   0.571 CG:2    UG:4    +
    3    22  0   0.2%   0.161 UG:4    UA:2    +
   10    71  0   0.2%   0.267 GC:1    GU:5    +
   13    68  0   0.2%   0.057 UG:3    UA:3    +
   68   130  0   0.2%   0.749 GU:3    AU:3    +
  130   142  0   0.2%   0.177 UG:1    UA:5    +
    3   117  0   1.2%   0.357 UA:6    +
  106   112  1   0.1%   0.556 CG:1    UG:1    AU:1    UA:2    +
    9    34  0   0.1%   0.375 GC:1    GU:5    +
  125   136  0   0.1%   0.140 GC:2    GU:4    +
    9    16  0   0.1%   0.437 GC:3    GU:3    +
   26    55  0   0.1%   0.045 GC:2    GU:4    +
    6   118  0   0.1%   0.574 GC:2    GU:4    +
   48    59  3   1.6%   1.475 UG:1    UA:2    +
   23    59  0   0.1%   0.233 UG:4    UA:2    +
   23    82  0   0.1%   0.240 UG:1    UA:5    +
   23    86  0   0.1%   0.402 UG:3    UA:3    +
    3   154  0   0.1%   0.297 UG:2    UA:4    +
   10    16  0   0.1%   0.320 GC:3    GU:3    +
   54    59  0   0.1%   1.213 UG:4    UA:2    +
    5   118  0   0.1%   0.751 GC:2    GU:4    +
   41    66  0   1.1%   0.639 AU:6    +
    7    22  0   0.1%   0.599 UG:4    UA:2    +
   16    24  0   0.1%   0.723 CG:3    UG:3    +
    4   115  0   0.1%   0.483 GC:2    GU:4    +
   45    59  0   0.0%   0.365 UG:4    UA:2    +
    6    90  0   0.0%   0.467 GC:5    GU:1    +
    5   122  0   0.0%   0.728 GC:2    GU:4    +
   25    59  0   0.0%   0.039 UG:4    UA:2    +
    6   115  0   0.0%   0.576 GC:2    GU:4    +
  116   154  0   0.0%   0.301 UG:2    UA:4    +
  109   137  0   0.0%   0.218 CG:2    UG:4    +
  100   124  1   0.0%   0.192 GU:1    UG:1    AU:1    UA:2    +
   51   146  0   0.0%   1.186 GC:3    GU:3    +
    6   109  0   0.0%   0.503 GC:2    GU:4    +
   47   150  0   0.0%   0.563 CG:2    UG:4    +
  114   133  0   0.0%   0.232 UG:4    UA:2    +
  111   122  0   0.0%   0.225 GC:2    GU:4    +
    4   109  0   0.0%   0.492 GC:2    GU:4    +
   59    69  0   0.0%   1.490 GU:4    AU:2    +
    3   133  0   0.0%   0.263 UG:4    UA:2    +
   37    65  0   0.0%   0.429 GC:4    GU:2    +
   51    71  0   0.0%   1.324 GC:1    GU:5    +
   32    47  0   0.0%   0.007 GC:2    GU:4    +
   28    82  0   0.0%   0.127 UG:1    UA:5    +
   19    93  0   0.0%   0.367 CG:1    UG:5    +
    4   118  0   0.0%   0.561 GC:2    GU:4    +
   86   114  0   0.0%   0.147 GU:3    AU:3    +
  134   154  0   0.0%   0.115 UG:2    UA:4    +
    7   154  0   0.0%   0.637 UG:2    UA:4    +
   82    94  0   0.0%   0.034 GU:1    AU:5    +
   24    43  0   0.0%   0.024 GC:2    GU:4    +
   22    45  0   0.0%   0.022 GU:4    AU:2    +
    5   151  0   0.0%   0.738 GC:1    GU:5    +
   43    51  0   0.0%   0.483 CG:2    UG:4    +
    5    19  0   0.0%   0.592 GC:1    GU:5    +
    5    90  0   0.0%   0.623 GC:5    GU:1    +
   36    59  0   0.0%   0.353 UG:4    UA:2    +
   26    43  0   0.0%   0.023 GC:2    GU:4    +
    5   109  0   0.0%   0.669 GC:2    GU:4    +
  114   154  0   0.0%   0.188 UG:2    UA:4    +
    5   146  0   0.0%   0.735 GC:3    GU:3    +
    7    82  0   0.0%   0.599 UG:1    UA:5    +
   78   122  0   0.0%   0.045 GC:2    GU:4    +
  109   135  0   0.0%   0.220 CG:2    UG:4    +
  142   151  0   0.0%   0.156 GC:1    AU:5    +
    4   122  0   0.0%   0.535 GC:2    GU:4    +
    6   146  0   0.0%   0.543 GC:3    GU:3    +
    1   103  1   0.0%   0.080 GC:1    UG:1    AU:1    UA:2    +
  113   154  0   0.0%   0.133 UG:2    UA:4    +
    4    90  0   0.0%   0.460 GC:5    GU:1    +
   68    72  0   0.0%   0.876 GU:3    AU:3    +
  120   136  0   0.0%   0.121 GC:2    GU:4    +
    6    19  0   0.0%   0.592 GC:1    GU:5    +
  111   118  0   0.0%   0.473 GC:2    GU:4    +
   24    65  0   0.0%   0.032 GC:4    GU:2    +
   96   136  0   0.0%   0.733 GC:2    GU:4    +
   86    95  0   0.0%   0.009 GU:3    AU:3    +
   23   154  0   0.0%   0.400 UG:2    UA:4    +
  115   152  0   0.0%   0.247 CG:2    UG:4    +
  146   152  0   0.0%   0.152 CG:3    UG:3    +
  118   152  0   0.0%   0.309 CG:2    UG:4    +
   10    19  0   0.0%   0.585 GC:1    GU:5    +
   59    72  0   0.0%   1.073 GU:4    AU:2    +
   10   115  0   0.0%   0.305 GC:2    GU:4    +
  122   131  0   0.0%   0.079 CG:2    UG:4    +
   19    24  0   0.0%   0.378 CG:1    UG:5    +
    4   151  0   0.0%   0.551 GC:1    GU:5    +
  122   150  0   0.0%   0.086 CG:2    UG:4    +
    4    43  0   0.0%   0.445 GC:2    GU:4    +
  146   150  0   0.0%   0.161 CG:3    UG:3    +
   22    36  0   0.0%   0.020 GU:4    AU:2    +
    8   154  0   0.0%   0.334 UG:2    UA:4    +
    4   136  0   0.0%   0.538 GC:2    GU:4    +
   86    92  0   0.0%   0.013 GU:3    AU:3    +
  118   150  0   0.0%   0.313 CG:2    UG:4    +
    8    22  0   0.0%   0.318 UG:4    UA:2    +
   93   115  0   0.0%   0.247 GC:2    GU:4    +
   65    74  0   0.0%   0.200 CG:4    UG:2    +
    3    86  0   0.0%   0.174 UG:3    UA:3    +
  115   125  0   0.0%   0.243 CG:2    UG:4    +
    5    16  0   0.0%   0.001 GC:3    GU:3    +
   10   122  0   0.0%   0.250 GC:2    GU:4    +
    6   151  0   0.0%   0.543 GC:1    GU:5    +
  111   136  0   0.0%   0.242 GC:2    GU:4    +
  142   147  0   0.0%   0.188 GU:1    AU:5    +
   22   114  0   0.0%   0.386 GU:4    AU:2    +
   82    97  0   0.0%   0.031 GU:1    AU:5    +
   10    34  0   0.0%   0.245 GC:1    GU:5    +
  135   146  0   0.0%   0.126 GC:3    GU:3    +
    6   122  0   0.0%   0.531 GC:2    GU:4    +
   86   113  0   0.0%   0.114 GU:3    AU:3    +
  131   136  0   0.0%   0.122 GC:2    GU:4    +
   26    34  0   0.0%   0.029 GC:1    GU:5    +
   22    28  0   0.0%   0.034 GU:4    AU:2    +
  109   125  0   0.0%   0.193 CG:2    UG:4    +
   96   118  0   0.0%   0.960 GC:2    GU:4    +
  115   120  0   0.0%   0.247 CG:2    UG:4    +
   74   122  0   0.0%   0.022 GC:2    GU:4    +
    4   146  0   0.0%   0.550 GC:3    GU:3    +
   30    55  0   0.0%   0.027 GC:2    GU:4    +
   93   118  0   0.0%   0.315 GC:2    GU:4    +
    4    34  0   0.0%   0.434 GC:1    GU:5    +
   19   152  0   0.0%   0.364 CG:1    UG:5    +
   43   152  0   0.0%   0.249 CG:2    UG:4    +
   22    54  0   0.0%   0.021 GU:4    AU:2    +
   24    34  0   0.0%   0.030 GC:1    GU:5    +
   90   135  0   0.0%   0.274 CG:5    UG:1    +
   90   150  0   0.0%   0.297 CG:5    UG:1    +
    5   136  0   0.0%   0.723 GC:2    GU:4    +
    7   133  0   0.0%   0.620 UG:4    UA:2    +
   22   113  0   0.0%   0.355 GU:4    AU:2    +
  123   142  0   0.0%   0.075 UG:1    UA:5    +
   85   154  0   0.0%   0.738 UG:2    UA:4    +
  122   143  0   0.0%   0.073 CG:2    UG:4    +
  120   146  0   0.0%   0.123 GC:3    GU:3    +
    3   142  0   0.0%   0.271 UG:1    UA:5    +
    6   136  0   0.0%   0.530 GC:2    GU:4    +
   71   125  0   0.0%   0.147 CG:1    UG:5    +
   22    57  0   0.0%   0.021 GU:4    AU:2    +
    7   142  0   0.0%   0.626 UG:1    UA:5    +
    6    43  0   0.0%   0.444 GC:2    GU:4    +
   19   131  0   0.0%   0.366 CG:1    UG:5    +
   19    26  0   0.0%   0.377 CG:1    UG:5    +
  147   154  0   0.0%   0.154 UG:2    UA:4    +
  115   150  0   0.0%   0.251 CG:2    UG:4    +
   96   146  0   0.0%   0.800 GC:3    GU:3    +
  123   133  0   0.0%   0.085 UG:4    UA:2    +
   22   130  0   0.0%   0.356 GU:4    AU:2    +
  122   135  0   0.0%   0.080 CG:2    UG:4    +
  109   131  0   0.0%   0.193 CG:2    UG:4    +
  118   131  0   0.0%   0.362 CG:2    UG:4    +
   85   133  0   0.0%   0.732 UG:4    UA:2    +
   24   109  0   0.0%   0.088 GC:2    GU:4    +
   19   135  0   0.0%   0.364 CG:1    UG:5    +
    1    88  1   0.0%   0.079 GU:1    UG:1    AU:1    UA:2    +
   24    55  0   0.0%   0.022 GC:2    GU:4    +
    9   109  0   0.0%   0.389 GC:2    GU:4    +
   86    97  0   0.0%   0.009 GU:3    AU:3    +
  118   125  0   0.0%   0.307 CG:2    UG:4    +
    5    34  0   0.0%   0.599 GC:1    GU:5    +
   90   131  0   0.0%   0.254 CG:5    UG:1    +
   19   111  0   0.0%   0.363 CG:1    UG:5    +
   22    69  0   0.0%   0.039 GU:4    AU:2    +
   23    68  0   0.0%   0.231 UG:3    UA:3    +
   96   115  0   0.0%   0.892 GC:2    GU:4    +
   47    78  0   0.0%   0.593 CG:2    UG:4    +
   26   109  0   0.0%   0.087 GC:2    GU:4    +
   34    74  0   0.0%   0.052 CG:1    UG:5    +
  109   120  0   0.0%   0.195 CG:2    UG:4    +
   19    96  0   0.0%   0.362 CG:1    UG:5    +
   86    94  0   0.0%   0.011 GU:3    AU:3    +
   22   116  0   0.0%   0.411 GU:4    AU:2    +
    8    86  0   0.0%   0.321 UG:3    UA:3    +
    7    86  0   0.0%   0.600 UG:3    UA:3    +
   53    61  3   1.7%   0.898 AU:3    +
  120   126  0   1.0%   0.194 GC:6    +
  138   150  0   0.9%   0.289 CG:6    +
   44    66  0   0.9%   0.489 AU:6    +
  141   147  0   0.9%   0.304 AU:6    +
   41    48  3   1.6%   0.284 AU:3    +
   51    56  3   1.6%   1.456 GU:3    +
   97   108  0   0.8%   0.912 UA:6    +
   46    55  1   0.3%   0.157 GC:2    GU:2    AU:1    +
   48    60  1   0.8%   1.312 GC:3    UG:2    +
   92   141  0   0.8%   0.215 UA:6    +
   93   140  0   0.8%   0.208 GC:6    +
   89   144  1   0.8%   0.352 GU:1    AU:4    +
   87   146  2   0.7%   0.380 GC:2    GU:1    AU:1    +
   34    46  1   0.2%   0.050 CG:1    UG:3    UA:1    +
   42    47  2   1.4%   0.220 AU:4    +
   10    17  0   0.7%   0.527 GC:6    +
    9    18  0   0.7%   0.645 GC:6    +
  124   139  1   0.2%   0.070 GU:1    AU:3    UA:1    +
   65   133  1   0.2%   0.213 CG:3    UG:1    UA:1    +
   96   138  0   0.6%   0.839 GC:6    +
   97   137  0   0.6%   0.858 UG:6    +
   59    65  1   0.1%   1.077 GC:3    GU:1    AU:1    +
    6   114  0   0.6%   0.577 GU:6    +
   43    67  3   0.8%   0.202 CG:1    UG:1    UA:1    +
    2    19  1   1.0%   0.142 AU:5    +
   43    59  1   0.0%   0.227 CG:1    UG:3    UA:1    +
  115   154  1   0.0%   0.260 CG:1    UG:1    UA:3    +
   46   151  1   0.0%   0.801 GC:1    GU:3    AU:1    +
  102   106  1   0.0%   0.488 CG:1    AU:3    UA:1    +
   56    70  1   0.0%   0.922 GU:2    AU:1    UA:2    +
   19    87  1   0.0%   0.362 CG:1    UG:2    UA:2    +
   46    71  1   0.0%   0.935 GC:1    GU:3    AU:1    +
   87   118  1   0.0%   0.509 GC:2    GU:1    AU:2    +
   43    73  1   0.0%   0.282 CG:1    UG:2    UA:2    +
   22    65  1   0.0%   0.029 GC:3    GU:1    AU:1    +
   91   112  1   0.0%   0.218 GU:1    UG:1    UA:3    +
   22    47  1   0.0%   0.022 GC:1    GU:3    AU:1    +
  122   148  1   0.0%   0.042 CG:2    UG:1    UA:2    +
    1   148  1   0.0%   0.102 GU:1    UG:3    UA:1    +
   73   122  1   0.0%   0.039 GC:2    GU:1    AU:2    +
   86   146  1   0.0%   0.283 GC:2    GU:1    AU:2    +
   94   111  0   0.5%   0.292 UG:6    +
   87    91  1   0.0%   0.006 CG:1    GU:3    AU:1    +
   86   136  1   0.0%   0.281 GC:1    GU:2    AU:2    +
   86   109  1   0.0%   0.131 GC:1    GU:2    AU:2    +
   22   109  1   0.0%   0.373 GC:1    GU:3    AU:1    +
   43    86  1   0.0%   0.256 CG:1    UG:2    UA:2    +
   59   136  1   0.0%   0.913 GC:1    GU:3    AU:1    +
   22   115  1   0.0%   0.410 GC:1    GU:3    AU:1    +
  136   154  1   0.0%   0.143 CG:1    UG:1    UA:3    +
   47    73  1   0.0%   0.590 CG:1    UG:2    UA:2    +
   26    83  0   0.5%   0.142 GC:6    +
   49    61  2   0.1%   0.515 GU:1    UG:1    AU:1    UA:1    +
   25    84  0   0.5%   0.291 UA:6    +
  114   132  0   0.5%   0.249 UA:6    +
   36    44  0   0.4%   0.084 UA:6    +
   41    69  0   0.4%   0.810 AU:6    +
   91   142  2   0.8%   0.266 UG:1    UA:3    +
   52    67  2   0.1%   0.874 CG:1    UG:1    AU:1    UA:1    +
  139   149  1   0.9%   0.209 UA:5    +
  112   134  1   0.4%   0.188 GU:2    AU:3    +
  106   127  2   0.0%   0.500 CG:1    UG:1    AU:1    UA:1    +
   24    85  0   0.4%   0.427 GU:6    +
  119   127  3   0.9%   0.188 CG:2    AU:1    +
  128   144  0   0.3%   0.352 AU:6    +
   42    66  0   0.3%   0.584 AU:6    +
   35    45  0   0.3%   0.071 AU:6    +
    1   106  2   0.0%   0.080 GU:1    UG:1    AU:1    UA:1    +
    1   100  2   0.0%   0.079 GU:1    UG:1    AU:1    UA:1    +
   87   103  2   0.0%   0.150 CG:1    GC:1    GU:1    AU:1    +
    3   108  0   0.3%   0.234 UA:6    +
   35    69  0   0.3%   0.303 AU:6    +
   41    72  0   0.3%   0.904 AU:6    +
   51    57  0   0.3%   1.203 GU:6    +
    9    13  0   0.3%   0.049 GU:6    +
  121   125  2   0.9%   0.164 CG:4    +
   95   110  1   0.8%   0.330 UA:5    +
  142   146  2   0.6%   0.206 GC:1    AU:3    +
   44    57  0   0.2%   0.365 AU:6    +
   53    69  0   0.2%   1.292 AU:6    +
    4    23  0   0.2%   0.470 GU:6    +
   40    48  1   0.2%   0.101 UG:3    AU:2    +
    1    20  2   0.9%   0.127 UA:4    +
    6    23  0   0.2%   0.658 GU:6    +
   90   133  1   0.2%   0.291 CG:4    UA:1    +
   46    61  3   0.4%   0.565 GC:1    GU:1    AU:1    +
   93   130  0   0.2%   0.125 GU:6    +
   92   131  0   0.2%   0.129 UG:6    +
  126   143  0   0.2%   0.176 CG:6    +
    4    77  0   0.2%   0.480 GC:6    +
    5    76  1   0.2%   0.645 GC:2    GU:3    +
    6    75  0   0.2%   0.479 GC:6    +
   89   134  1   0.2%   0.275 GU:1    AU:4    +
    7    74  0   0.2%   0.621 UG:6    +
  126   137  0   0.2%   0.164 CG:6    +
    4   140  0   0.2%   0.573 GC:6    +
  125   138  0   0.2%   0.163 GC:6    +
   58    67  3   0.4%   1.220 GU:1    UG:1    UA:1    +
    6   138  0   0.2%   0.564 GC:6    +
    3    78  0   0.2%   0.192 UG:6    +
  127   145  2   0.2%   0.374 CG:1    GU:2    UA:1    +
   96   126  0   0.2%   0.764 GC:6    +
    8    73  1   0.2%   0.341 UG:3    UA:2    +
   94   129  0   0.2%   0.151 UA:6    +
  110   116  1   0.7%   0.476 AU:5    +
    3   141  0   0.2%   0.291 UA:6    +
    9    72  0   0.2%   0.387 GU:6    +
   12    69  0   0.2%   0.404 AU:6    +
   66   132  0   0.2%   0.206 UA:6    +
   69   129  0   0.2%   0.613 UA:6    +
   97   125  0   0.2%   0.784 UG:6    +
  125   144  0   0.2%   0.166 GU:6    +
   75   125  0   0.2%   0.049 CG:6    +
   74   126  0   0.2%   0.051 GC:6    +
    6    38  0   0.1%   0.462 GC:6    +
    5    39  0   0.1%   0.629 GC:6    +
  102   124  2   0.1%   0.088 CG:1    AU:2    UA:1    +
    2    25  0   0.1%   0.085 AU:6    +
  140   148  3   0.9%   0.241 CG:3    +
  107   119  1   0.6%   0.311 GC:5    +
  126   135  0   0.1%   0.157 CG:6    +
    2    23  0   0.1%   0.076 AU:6    +
   48    62  1   0.1%   0.970 GU:3    UA:2    +
   10    33  0   0.1%   0.254 GC:6    +
   15    66  0   0.1%   0.430 AU:6    +
    7    37  0   0.1%   0.604 UG:6    +
    3    24  0   0.1%   0.164 UG:6    +
   95   128  0   0.1%   0.204 UA:6    +
   27    54  0   0.1%   0.040 AU:6    +
   91   110  1   0.1%   0.046 GC:1    UA:4    +
    8    35  0   0.1%   0.325 UA:6    +
    3    41  0   0.1%   0.174 UA:6    +
   31    49  2   0.1%   0.032 UG:1    AU:2    UA:1    +
   85   148  1   0.1%   0.746 UG:3    UA:2    +
    7   137  0   0.1%   0.641 UG:6    +
   28    53  0   0.1%   0.038 UA:6    +
   99   135  1   0.6%   0.458 CG:5    +
    3   153  0   0.1%   0.296 UA:6    +
   46    54  1   0.1%   0.421 GU:4    AU:1    +
   17    26  0   0.1%   0.673 CG:6    +
   36    42  0   0.1%   0.023 UA:6    +
   15    28  0   0.1%   0.422 AU:6    +
   26    79  1   0.1%   0.061 GC:2    GU:3    +
   53    66  0   0.1%   0.854 AU:6    +
   83   120  0   0.1%   0.076 CG:6    +
   46    62  1   0.1%   0.599 GU:4    UA:1    +
   18    24  0   0.1%   0.672 CG:6    +
   25    81  0   0.1%   0.049 UA:6    +
   80   123  0   0.1%   0.098 AU:6    +
   35    57  0   0.1%   0.251 AU:6    +
   79   124  2   0.1%   0.052 UG:1    AU:1    UA:2    +
   42    54  0   0.1%   0.508 AU:6    +
   46    66  1   0.1%   0.767 GU:4    AU:1    +
    7   117  0   0.1%   0.680 UA:6    +
  117   130  0   0.1%   0.514 AU:6    +
   13    30  0   0.1%   0.036 UG:6    +
   28    81  0   0.1%   0.112 UA:6    +
   40    64  1   0.1%   0.450 AU:2    UA:3    +
   25    80  0   0.1%   0.049 UA:6    +
   42    71  1   0.6%   0.852 AU:5    +
   37    72  0   0.1%   0.951 GU:6    +
   51    58  2   0.4%   1.573 GC:1    GU:3    +
   61    68  2   0.1%   0.862 CG:1    UG:2    UA:1    +
    8    21  0   0.1%   0.598 UA:6    +
   13    27  0   0.1%   0.033 UA:6    +
   14    26  0   0.1%   0.121 UG:6    +
   15    25  0   0.1%   0.417 AU:6    +
   12    28  0   0.1%   0.379 AU:6    +
  116   131  0   0.1%   0.339 UG:6    +
    2   130  0   0.1%   0.149 AU:6    +
  123   141  0   0.1%   0.088 UA:6    +
    3   129  0   0.1%   0.266 UA:6    +
  120   144  0   0.1%   0.131 GU:6    +
   37    63  2   0.7%   0.495 GC:4    +
   87   136  2   0.0%   0.278 GC:1    GU:2    AU:1    +
   21    85  0   0.0%   0.316 AU:6    +
    5   114  0   0.0%   0.660 GU:6    +
    7    20  0   0.0%   0.468 UA:6    +
   40    46  1   0.0%   0.084 UG:4    AU:1    +
    3    27  0   0.0%   0.157 UA:6    +
    3    21  0   0.0%   0.143 UA:6    +
    2    28  0   0.0%   0.077 AU:6    +
   83   150  0   0.0%   0.071 CG:6    +
  123   131  0   0.0%   0.090 UG:6    +
  108   114  0   0.0%   0.286 AU:6    +
   94   128  0   0.0%   0.121 UA:6    +
   41    45  0   0.0%   0.041 AU:6    +
    5   116  0   0.0%   0.769 GU:6    +
   82   151  1   0.0%   0.043 GU:1    AU:4    +
   87   114  1   0.0%   0.194 GU:3    AU:2    +
    4    83  0   0.0%   0.466 GC:6    +
   45    64  3   0.8%   0.384 UA:3    +
    3    84  0   0.0%   0.179 UA:6    +
   27    57  0   0.0%   0.034 AU:6    +
  107   115  1   0.0%   0.387 GC:1    GU:4    +
  112   118  2   0.0%   0.374 GC:1    GU:1    AU:2    +
  120   134  0   0.0%   0.136 GU:6    +
    4   123  0   0.0%   0.543 GU:6    +
   33    51  0   0.0%   0.031 CG:6    +
    4    92  0   0.0%   0.469 GU:6    +
  113   117  0   0.0%   0.564 UA:6    +
    6   113  0   0.0%   0.489 GU:6    +
   53    57  0   0.0%   0.807 AU:6    +
   40    70  2   0.4%   0.618 AU:2    UA:2    +
    2   116  0   0.0%   0.113 AU:6    +
    2    85  0   0.0%   0.089 AU:6    +
    3    93  0   0.0%   0.180 UG:6    +
   30    54  0   0.0%   0.031 GU:6    +
  113   129  0   0.0%   0.129 UA:6    +
  112   130  1   0.0%   0.129 GU:2    AU:3    +
  129   144  0   0.0%   0.304 AU:6    +
  108   134  0   0.0%   0.203 AU:6    +
    6   126  0   0.0%   0.535 GC:6    +
   51    66  0   0.0%   1.322 GU:6    +
    2    94  0   0.0%   0.090 AU:6    +
   95   108  0   0.0%   0.215 UA:6    +
    7    89  1   0.0%   0.605 UG:1    UA:4    +
   77   120  0   0.0%   0.024 CG:6    +
   54   143  0   0.0%   0.373 UG:6    +
   55   142  1   0.0%   0.391 CG:1    UA:4    +
   53   144  0   0.0%   0.721 AU:6    +
  106   120  2   0.4%   0.531 CG:1    UG:3    +
   49    70  2   0.0%   0.830 GU:1    AU:1    UA:2    +
   45    51  0   0.0%   0.473 UG:6    +
    5    25  0   0.0%   0.614 GU:6    +
  114   128  0   0.0%   0.176 UA:6    +
    9    17  0   0.0%   0.548 GC:6    +
   42    57  0   0.0%   0.593 AU:6    +
    4    25  0   0.0%   0.447 GU:6    +
    7   125  0   0.0%   0.621 UG:6    +
    7   108  0   0.0%   0.631 UA:6    +
   33    37  0   0.0%   0.025 CG:6    +
   32    38  0   0.0%   0.016 GC:6    +
   10    14  0   0.0%   0.104 GU:6    +
  126   131  0   0.0%   0.137 CG:6    +
   36    41  0   0.0%   0.014 UA:6    +
    2   134  0   0.0%   0.146 AU:6    +
   37    66  0   0.0%   0.440 GU:6    +
   28    78  0   0.0%   0.042 UG:6    +
   56    61  2   0.0%   0.726 GU:2    UG:1    UA:1    +
    8    12  0   0.0%   0.005 UA:6    +
   30    39  0   0.0%   0.019 GC:6    +
   38    74  0   0.0%   0.506 CG:6    +
   24    57  0   0.0%   0.026 GU:6    +
   87   116  1   0.0%   0.497 GU:3    AU:2    +
   39    74  0   0.0%   0.514 CG:6    +
   37    75  0   0.0%   0.826 GC:6    +
  116   153  0   0.0%   0.297 UA:6    +
   36    51  0   0.0%   0.065 UG:6    +
  130   143  0   0.0%   0.173 UG:6    +
   22    90  1   0.0%   0.357 GC:4    AU:1    +
   20    92  0   0.0%   0.376 AU:6    +
  135   140  0   0.0%   0.136 GC:6    +
  117   147  0   0.0%   0.508 AU:6    +
    3   112  1   0.0%   0.202 UG:2    UA:3    +
  134   141  0   0.0%   0.181 UA:6    +
    2   113  0   0.0%   0.107 AU:6    +
    7   120  0   0.0%   0.619 UG:6    +
  108   113  0   0.0%   0.225 AU:6    +
  134   153  0   0.0%   0.335 UA:6    +
  116   148  1   0.0%   0.292 UG:3    UA:2    +
   19    86  1   0.0%   0.363 UG:3    UA:2    +
  108   130  0   0.0%   0.201 AU:6    +
   87   113  1   0.0%   0.155 GU:3    AU:2    +
  116   129  0   0.0%   0.305 UA:6    +
   83    93  0   0.0%   0.057 CG:6    +
    3   120  0   0.0%   0.254 UG:6    +
   84    92  0   0.0%   0.190 AU:6    +
    7   112  1   0.0%   0.613 UG:2    UA:3    +
   23    89  1   0.0%   0.393 UG:1    UA:4    +
   25    42  0   0.0%   0.021 UA:6    +
   23    44  0   0.0%   0.216 UA:6    +
   44    72  0   0.0%   0.586 AU:6    +
   81    95  0   0.0%   0.013 AU:6    +
   79   120  1   0.0%   0.038 CG:2    UG:3    +
   20   116  0   0.0%   0.433 AU:6    +
  129   134  0   0.0%   0.095 AU:6    +
   20    85  0   0.0%   0.374 AU:6    +
   58    62  2   0.0%   1.090 GU:1    AU:1    UA:2    +
   45   152  0   0.0%   0.316 UG:6    +
   36    73  1   0.0%   0.431 UG:3    UA:2    +
  113   132  0   0.0%   0.125 UA:6    +
   37    54  0   0.0%   0.545 GU:6    +
    6   130  0   0.0%   0.535 GU:6    +
  114   131  0   0.0%   0.179 UG:6    +
   42    72  0   0.0%   0.856 AU:6    +
  109   117  2   0.7%   0.661 UA:4    +
  125   134  0   0.0%   0.127 GU:6    +
    7   129  0   0.0%   0.624 UA:6    +
   53    72  0   0.0%   0.875 AU:6    +
    7   153  0   0.0%   0.639 UA:6    +
    6    18  0   0.0%   0.840 GC:6    +
   46    57  1   0.0%   0.267 GU:4    AU:1    +
    3    26  0   0.0%   0.154 UG:6    +
    3    42  0   0.0%   0.159 UA:6    +
    4   114  0   0.0%   0.473 GU:6    +
   25    44  0   0.0%   0.022 UA:6    +
    6   116  0   0.0%   0.576 GU:6    +
   35    66  0   0.0%   0.249 AU:6    +
   24    45  0   0.0%   0.024 GU:6    +
  123   149  0   0.0%   0.098 UA:6    +
    4   126  0   0.0%   0.539 GC:6    +
   83   152  0   0.0%   0.065 CG:6    +
    3   150  0   0.0%   0.272 UG:6    +
  131   138  0   0.0%   0.121 GC:6    +
    5   113  0   0.0%   0.651 GU:6    +
   92   112  1   0.0%   0.158 UG:2    UA:3    +
   24    33  0   0.0%   0.031 GC:6    +
   40    61  2   0.0%   0.419 UG:1    AU:2    UA:1    +
    8   153  0   0.0%   0.337 UA:6    +
   25    32  0   0.0%   0.019 UG:6    +
   89   114  1   0.0%   0.360 GU:1    AU:4    +
    6    83  0   0.0%   0.460 GC:6    +
   37    45  0   0.0%   0.057 GU:6    +
   23   153  0   0.0%   0.403 UA:6    +
    4   147  0   0.0%   0.551 GU:6    +
   36    46  1   0.0%   0.048 UG:4    UA:1    +
   72   128  0   0.0%   0.174 UA:6    +
   80    97  0   0.0%   0.078 AU:6    +
   23    46  1   0.0%   0.215 UG:4    UA:1    +
   85   150  0   0.0%   0.735 UG:6    +
  120   138  0   0.0%   0.127 GC:6    +
  116   132  0   0.0%   0.332 UA:6    +
    5   126  0   0.0%   0.723 GC:6    +
   66    73  1   0.0%   0.211 UG:3    UA:2    +
  111   116  0   0.0%   0.470 GU:6    +
  114   150  0   0.0%   0.184 UG:6    +
   52    73  2   0.0%   0.651 CG:1    UG:2    AU:1    +
    7   149  0   0.0%   0.627 UA:6    +
    5   147  0   0.0%   0.736 GU:6    +
    8    32  0   0.0%   0.301 UG:6    +
   78    83  0   0.0%   0.088 GC:6    +
  128   134  0   0.0%   0.110 AU:6    +
   89   116  1   0.0%   0.458 GU:1    AU:4    +
    2     8  0   0.0%   0.001 AU:6    +
    8   112  1   0.0%   0.326 UG:2    UA:3    +
   28    41  0   0.0%   0.023 UA:6    +
  114   153  0   0.0%   0.190 UA:6    +
    4    39  0   0.0%   0.435 GC:6    +
    5    38  0   0.0%   0.600 GC:6    +
   21    66  0   0.0%   0.311 AU:6    +
   24    79  1   0.0%   0.042 GC:2    GU:3    +
    8   128  0   0.0%   0.325 UA:6    +
  113   120  0   0.0%   0.128 UG:6    +
  103   107  2   0.0%   0.236 CG:1    GC:1    UG:2    +
    2     7  0   0.0%   0.001 AU:6    +
  144   149  0   0.0%   0.342 UA:6    +
  104   124  2   0.0%   0.566 GU:1    AU:1    UA:2    +
   94   112  1   0.0%   0.180 UG:2    UA:3    +
  108   116  0   0.0%   0.377 AU:6    +
    7    12  0   0.0%   0.001 UA:6    +
   92   111  0   0.0%   0.218 UG:6    +
    8    81  0   0.0%   0.320 UA:6    +
   78   126  0   0.0%   0.054 GC:6    +
   23    80  0   0.0%   0.230 UA:6    +
   79   125  1   0.0%   0.050 CG:2    UG:3    +
    2    45  0   0.0%   0.072 AU:6    +
   17    24  0   0.0%   0.655 CG:6    +
    8   111  0   0.0%   0.323 UG:6    +
  133   139  1   0.0%   0.186 GU:4    AU:1    +
   33    78  0   0.0%   0.057 CG:6    +
    3   148  1   0.0%   0.271 UG:3    UA:2    +
   32    79  1   0.0%   0.047 GC:2    GU:3    +
    3   132  0   0.0%   0.259 UA:6    +
  111   134  0   0.0%   0.230 GU:6    +
   97   135  0   0.0%   0.773 UG:6    +
   95   111  0   0.0%   0.325 UG:6    +
  117   134  0   0.0%   0.522 AU:6    +
   93   116  0   0.0%   0.304 GU:6    +
    3    44  0   0.0%   0.160 UA:6    +
  138   143  0   0.0%   0.193 CG:6    +
   87    94  1   0.0%   0.005 GU:3    AU:2    +
   81   123  0   0.0%   0.027 AU:6    +
  137   144  0   0.0%   0.323 GU:6    +
   93   113  0   0.0%   0.154 GU:6    +
    3   149  0   0.0%   0.271 UA:6    +
    1   104  2   0.0%   0.080 UG:1    AU:1    UA:2    +
   92   117  0   0.0%   0.508 UA:6    +
    8   117  0   0.0%   0.383 UA:6    +
   11    18  0   0.0%   0.858 GC:6    +
    8   148  1   0.0%   0.325 UG:3    UA:2    +
    5    83  0   0.0%   0.625 GC:6    +
    2   114  0   0.0%   0.106 AU:6    +
   23   117  0   0.0%   0.450 UA:6    +
    9   116  0   0.0%   0.427 GU:6    +
   11   114  0   0.0%   0.268 GU:6    +
   95   137  0   0.0%   0.183 UG:6    +
   12   113  0   0.0%   0.388 AU:6    +
    2   147  0   0.0%   0.143 AU:6    +
    5   130  0   0.0%   0.727 GU:6    +
  117   123  0   0.0%   0.490 AU:6    +
   85   149  0   0.0%   0.731 UA:6    +
    3   152  0   0.0%   0.272 UG:6    +
   28    84  0   0.0%   0.281 UA:6    +
  147   153  0   0.0%   0.375 UA:6    +
  145   151  2   0.0%   0.158 GC:1    GU:2    AU:1    +
    2   144  0   0.0%   0.143 AU:6    +
   27    85  0   0.0%   0.383 AU:6    +
   78   123  0   0.0%   0.044 GU:6    +
   75   120  0   0.0%   0.019 CG:6    +
   31    59  2   0.0%   0.028 CG:1    UG:1    UA:2    +
   23    35  0   0.0%   0.222 UA:6    +
   64    73  2   0.0%   0.241 UG:2    AU:1    UA:1    +
  120   130  0   0.0%   0.115 GU:6    +
  123   128  0   0.0%   0.072 UA:6    +
  116   152  0   0.0%   0.283 UG:6    +
  125   147  0   0.0%   0.188 GU:6    +
    9   123  0   0.0%   0.370 GU:6    +
    6   134  0   0.0%   0.532 GU:6    +
    7   111  0   0.0%   0.609 UG:6    +
   25    87  1   0.0%   0.084 UG:3    UA:2    +
   21   116  0   0.0%   0.368 AU:6    +
  123   132  0   0.0%   0.084 UA:6    +
  112   116  1   0.0%   0.363 GU:2    AU:3    +
  116   135  0   0.0%   0.331 UG:6    +
   13   112  1   0.0%   0.039 UG:2    UA:3    +
  130   135  0   0.0%   0.105 UG:6    +
   51    72  0   0.0%   1.339 GU:6    +
   93   126  0   0.0%   0.087 GC:6    +
   27   113  0   0.0%   0.046 AU:6    +
   28   112  1   0.0%   0.100 UG:2    UA:3    +
   84   116  0   0.0%   0.246 AU:6    +
   94   125  0   0.0%   0.113 UG:6    +
  116   128  0   0.0%   0.298 UA:6    +
   30    38  0   0.0%   0.016 GC:6    +
    3   128  0   0.0%   0.254 UA:6    +
  140   152  0   0.0%   0.172 CG:6    +
    4   113  0   0.0%   0.472 GU:6    +
   26   114  0   0.0%   0.100 GU:6    +
   40    52  1   0.0%   0.536 AU:2    UA:3    +
   18    51  0   0.0%   0.646 CG:6    +
   25    53  0   0.0%   0.020 UA:6    +
    2    92  0   0.0%   0.084 AU:6    +
    3   135  0   0.0%   0.261 UG:6    +
   93   114  0   0.0%   0.206 GU:6    +
   21    57  0   0.0%   0.295 AU:6    +
  114   149  0   0.0%   0.180 UA:6    +
   26    54  0   0.0%   0.020 GU:6    +
   96   130  0   0.0%   0.756 GU:6    +
   82   118  1   0.0%   0.073 GC:1    AU:4    +
   24    54  0   0.0%   0.022 GU:6    +
   97   129  0   0.0%   0.778 UA:6    +
  136   145  2   0.0%   0.146 CG:1    UG:2    UA:1    +
    3   143  0   0.0%   0.271 UG:6    +
    4    17  0   0.0%   0.000 GC:6    +
  144   152  0   0.0%   0.326 UG:6    +
   24   116  0   0.0%   0.127 GU:6    +
   21   114  0   0.0%   0.342 AU:6    +
   41    54  0   0.0%   0.517 AU:6    +
   87    92  1   0.0%   0.006 GU:3    AU:2    +
   95   131  0   0.0%   0.199 UG:6    +
  115   148  2   0.0%   0.254 CG:1    UG:2    UA:1    +
    3   111  0   0.0%   0.199 UG:6    +
   25    35  0   0.0%   0.027 UA:6    +
   23    81  0   0.0%   0.222 UA:6    +
   24    36  0   0.0%   0.021 GU:6    +
  146   154  2   0.0%   0.142 CG:1    UG:1    UA:2    +
   83    96  0   0.0%   0.052 CG:6    +
   94   132  0   0.0%   0.138 UA:6    +
   11    33  0   0.0%   0.232 GC:6    +
   91   104  2   0.0%   0.011 GU:1    UG:1    UA:2    +
    7    80  0   0.0%   0.607 UA:6    +
  114   129  0   0.0%   0.178 UA:6    +
   84    95  0   0.0%   0.186 AU:6    +
   14   111  0   0.0%   0.116 UG:6    +
   26    33  0   0.0%   0.029 GC:6    +
    4   134  0   0.0%   0.540 GU:6    +
  113   150  0   0.0%   0.129 UG:6    +
    5   140  0   0.0%   0.746 GC:6    +
   96   123  0   0.0%   0.727 GU:6    +
   85    96  0   0.0%   0.342 UG:6    +
   22    58  2   0.0%   0.021 GC:1    GU:2    AU:1    +
   92   108  0   0.0%   0.026 UA:6    +
  111   126  0   0.0%   0.229 GC:6    +
   97   117  0   0.0%   1.170 UA:6    +
    8   152  0   0.0%   0.325 UG:6    +
   30    83  0   0.0%   0.073 GC:6    +
    5   123  0   0.0%   0.725 GU:6    +
   90   107  1   0.0%   0.156 CG:4    UG:1    +
   23    27  0   0.0%   0.228 UA:6    +
    6    28  0   0.0%   0.437 GU:6    +
    3    96  0   0.0%   0.175 UG:6    +
   23    37  0   0.0%   0.222 UG:6    +
    2    97  0   0.0%   0.086 AU:6    +
   37    57  0   0.0%   0.363 GU:6    +
   73   123  1   0.0%   0.038 GU:3    AU:2    +
   13   111  0   0.0%   0.037 UG:6    +
    2   123  0   0.0%   0.137 AU:6    +
    4    79  1   0.0%   0.467 GC:2    GU:3    +
   58    73  2   0.0%   0.941 GU:1    UG:2    UA:1    +
   94   117  0   0.0%   0.529 UA:6    +
  113   135  0   0.0%   0.174 UG:6    +
    3    80  0   0.0%   0.178 UA:6    +
  113   153  0   0.0%   0.135 UA:6    +
   84    97  0   0.0%   0.185 AU:6    +
   21    36  0   0.0%   0.294 AU:6    +
    7    27  0   0.0%   0.581 UA:6    +
   23    32  0   0.0%   0.213 UG:6    +
    3    35  0   0.0%   0.150 UA:6    +
    9    33  0   0.0%   0.347 GC:6    +
    6   140  0   0.0%   0.553 GC:6    +
   86   106  2   0.0%   0.128 GC:1    GU:1    AU:2    +
    6    85  0   0.0%   0.458 GU:6    +
   45    84  0   0.0%   0.497 UA:6    +
    7    11  0   0.0%   0.000 UG:6    +
    2    36  0   0.0%   0.070 AU:6    +
    5   134  0   0.0%   0.724 GU:6    +
   23    53  0   0.0%   0.214 UA:6    +
    5    33  0   0.0%   0.599 GC:6    +
   51    77  0   0.0%   1.195 GC:6    +
  112   136  2   0.0%   0.157 GC:1    GU:1    AU:2    +
   46    72  1   0.0%   0.953 GU:4    AU:1    +
   95   112  1   0.0%   0.237 UG:2    UA:3    +
    4    95  0   0.0%   0.463 GU:6    +
   45   153  0   0.0%   0.326 UA:6    +
   21   113  0   0.0%   0.311 AU:6    +
   51    69  0   0.0%   1.728 GU:6    +
  147   152  0   0.0%   0.164 UG:6    +
    4    85  0   0.0%   0.462 GU:6    +
   44    85  0   0.0%   0.768 AU:6    +
    4   130  0   0.0%   0.542 GU:6    +
   89    95  1   0.0%   0.004 GU:1    AU:4    +
  144   153  0   0.0%   0.537 UA:6    +
   97   128  0   0.0%   0.775 UA:6    +
   85    93  0   0.0%   0.346 UG:6    +
  123   129  0   0.0%   0.056 UA:6    +
   69    73  1   0.0%   0.614 UG:3    UA:2    +
   89    94  1   0.0%   0.006 GU:1    AU:4    +
   20   114  0   0.0%   0.406 AU:6    +
  108   123  0   0.0%   0.191 AU:6    +
   25    51  0   0.0%   0.020 UG:6    +
   56    73  2   0.0%   0.638 UG:1    AU:1    UA:2    +
    6   147  0   0.0%   0.543 GU:6    +
    5    85  0   0.0%   0.624 GU:6    +
    2    95  0   0.0%   0.086 AU:6    +
    6    13  0   0.0%   0.001 GU:6    +
    7   132  0   0.0%   0.619 UA:6    +
   45   150  0   0.0%   0.314 UG:6    +
  111   138  0   0.0%   0.248 GC:6    +
   10    39  0   0.0%   0.246 GC:6    +
    8    41  0   0.0%   0.317 UA:6    +
    4     8  0   0.0%   0.000 GU:6    +
    5    94  0   0.0%   0.627 GU:6    +
   83   135  0   0.0%   0.069 CG:6    +
   32    36  0   0.0%   0.001 GU:6    +
    7    42  0   0.0%   0.587 UA:6    +
   79   152  1   0.0%   0.040 CG:2    UG:3    +
   92   148  1   0.0%   0.139 UG:3    UA:2    +
    8   141  0   0.0%   0.334 UA:6    +
    8    26  0   0.0%   0.308 UG:6    +
    3   131  0   0.0%   0.262 UG:6    +
   11    38  0   0.0%   0.233 GC:6    +
    9   140  0   0.0%   0.379 GC:6    +
   85   153  0   0.0%   0.741 UA:6    +
    3    87  1   0.0%   0.173 UG:3    UA:2    +
  113   131  0   0.0%   0.125 UG:6    +
  101   148  2   0.0%   0.048 CG:2    UG:1    AU:1    +
   20    25  0   0.0%   0.381 AU:6    +
  116   149  0   0.0%   0.284 UA:6    +
   84   134  0   0.0%   0.395 AU:6    +
    6    25  0   0.0%   0.446 GU:6    +
  112   122  2   0.0%   0.114 GC:1    GU:1    AU:2    +
   96   114  0   0.0%   0.851 GU:6    +
    5   144  0   0.0%   0.734 GU:6    +
   20   130  0   0.0%   0.377 AU:6    +
  131   144  0   0.0%   0.347 GU:6    +
  111   123  0   0.0%   0.225 GU:6    +
  114   152  0   0.0%   0.179 UG:6    +
  114   120  0   0.0%   0.179 UG:6    +
   77   125  0   0.0%   0.030 CG:6    +
   23   108  0   0.0%   0.410 UA:6    +
   23   112  1   0.0%   0.392 UG:2    UA:3    +
   87    97  1   0.0%   0.002 GU:3    AU:2    +
   14    35  0   0.0%   0.113 UA:6    +
   72    80  0   0.0%   0.239 UA:6    +
    8   132  0   0.0%   0.324 UA:6    +
   73    79  2   0.0%   0.066 GC:1    GU:1    AU:2    +
    5   138  0   0.0%   0.722 GC:6    +
   28    42  0   0.0%   0.016 UA:6    +
   23   129  0   0.0%   0.394 UA:6    +
   19   107  1   0.0%   0.364 CG:1    UG:4    +
   18    26  0   0.0%   0.665 CG:6    +
  120   140  0   0.0%   0.130 GC:6    +
   88   101  2   0.0%   0.168 GC:1    AU:1    UA:2    +
   21   147  0   0.0%   0.308 AU:6    +
   28   108  0   0.0%   0.118 UA:6    +
   23    30  0   0.0%   0.218 UG:6    +
   84    94  0   0.0%   0.188 AU:6    +
    7   152  0   0.0%   0.627 UG:6    +
    6    33  0   0.0%   0.433 GC:6    +
    7    87  1   0.0%   0.598 UG:3    UA:2    +
   15    23  0   0.0%   0.604 AU:6    +
  125   130  0   0.0%   0.112 GU:6    +
   12    94  0   0.0%   0.386 AU:6    +
   11    95  0   0.0%   0.233 GU:6    +
   28   153  0   0.0%   0.110 UA:6    +
   87   147  1   0.0%   0.339 GU:3    AU:2    +
   79    96  1   0.0%   0.031 CG:2    UG:3    +
    7    84  0   0.0%   0.601 UA:6    +
   33   125  0   0.0%   0.022 CG:6    +
   32   126  0   0.0%   0.019 GC:6    +
   13    93  0   0.0%   0.039 UG:6    +
   25   108  0   0.0%   0.103 UA:6    +
    8   131  0   0.0%   0.327 UG:6    +
    3    89  1   0.0%   0.173 UG:1    UA:4    +
   96   116  0   0.0%   0.948 GU:6    +
   51   147  0   0.0%   1.184 GU:6    +
  107   118  1   0.0%   0.442 GC:2    GU:3    +
   25    78  0   0.0%   0.038 UG:6    +
   57    73  1   0.0%   0.428 UG:3    UA:2    +
   95   117  0   0.0%   0.587 UA:6    +
   20   123  0   0.0%   0.375 AU:6    +
    7    81  0   0.0%   0.598 UA:6    +
   11   138  0   0.0%   0.244 GC:6    +
   57   153  0   0.0%   0.406 UA:6    +
   83   131  0   0.0%   0.072 CG:6    +
   32    77  0   0.0%   0.031 GC:6    +
    7   128  0   0.0%   0.618 UA:6    +
   20   134  0   0.0%   0.374 AU:6    +
   35   123  0   0.0%   0.399 AU:6    +
    9    97  0   0.0%   0.367 GU:6    +
   97   152  0   0.0%   0.787 UG:6    +
   93   147  0   0.0%   0.156 GU:6    +
   15   134  0   0.0%   0.413 AU:6    +
   84   130  0   0.0%   0.398 AU:6    +
    8    80  0   0.0%   0.328 UA:6    +
    4    28  0   0.0%   0.438 GU:6    +
   15    54  0   0.0%   0.402 AU:6    +
   21    94  0   0.0%   0.309 AU:6    +
   30    79  1   0.0%   0.053 GC:2    GU:3    +
   14   135  0   0.0%   0.116 UG:6    +
   21    28  0   0.0%   0.308 AU:6    +
  144   150  0   0.0%   0.335 UG:6    +
   74   123  0   0.0%   0.022 GU:6    +
   20    95  0   0.0%   0.371 AU:6    +
  134   152  0   0.0%   0.090 UG:6    +
  123   135  0   0.0%   0.081 UG:6    +
   14    30  0   0.0%   0.110 UG:6    +
   17    32  0   0.0%   0.648 CG:6    +
   20   147  0   0.0%   0.373 AU:6    +
   19   148  1   0.0%   0.364 UG:3    UA:2    +
    7    32  0   0.0%   0.577 UG:6    +
   80    95  0   0.0%   0.077 AU:6    +
   25   153  0   0.0%   0.095 UA:6    +
  107   136  1   0.0%   0.270 GC:2    GU:3    +
   32    76  1   0.0%   0.032 GC:2    GU:3    +
   91   107  1   0.0%   0.007 GC:1    UG:4    +
  118   145  2   0.0%   0.343 CG:2    UG:1    UA:1    +
   51    75  0   0.0%   1.196 GC:6    +
  130   137  0   0.0%   0.097 UG:6    +
   23    87  1   0.0%   0.390 UG:3    UA:2    +
   85   129  0   0.0%   0.735 UA:6    +
    7   150  0   0.0%   0.627 UG:6    +
   32    39  0   0.0%   0.014 GC:6    +
   72   125  0   0.0%   0.164 UG:6    +
   17    51  0   0.0%   0.648 CG:6    +
   45    80  0   0.0%   0.390 UA:6    +
   25   117  0   0.0%   0.143 UA:6    +
   41    71  1   0.5%   0.834 AU:5    +
  108   118  2   0.7%   0.479 AU:4    +
    5   106  2   0.3%   0.683 GC:1    GU:3    +
  127   136  3   0.2%   0.146 GC:1    GU:1    AU:1    +
   36    64  3   0.7%   0.444 UA:3    +
   49    59  2   0.6%   1.098 UG:4    +
    2   118  2   0.6%   0.195 AU:4    +
   96   103  3   0.4%   0.224 GC:1    GU:2    +
   37    67  3   0.4%   0.502 GC:2    GU:1    +
   98   136  3   0.6%   0.626 AU:3    +
   40    68  2   0.2%   0.769 UG:1    UA:3    +
   37    61  2   0.2%   0.416 GC:1    GU:3    +
   97   103  3   0.3%   0.245 UG:1    UA:2    +
   46    58  3   0.0%   0.263 GC:1    GU:1    AU:1    +
   39    46  2   0.5%   0.122 CG:4    +
  104   114  2   0.1%   0.686 GU:1    AU:3    +
   47    67  3   0.0%   0.651 CG:1    UG:1    UA:1    +
   45    56  3   0.3%   0.362 UG:2    UA:1    +
   37    60  2   0.4%   0.435 GC:4    +
   42    70  2   0.4%   1.004 AU:4    +
   58   139  3   0.0%   0.924 GU:1    AU:1    UA:1    +
   71   127  2   0.1%   0.167 UG:2    UA:2    +
   42    64  3   0.5%   0.569 AU:3    +
   52    56  2   0.1%   0.885 UG:2    AU:2    +
  118   128  2   0.4%   0.375 UA:4    +
   58    70  3   0.0%   1.227 GU:1    AU:1    UA:1    +
   95   104  2   0.1%   0.032 UG:1    UA:3    +
  103   112  3   0.0%   0.125 GU:1    UG:1    UA:1    +
  127   134  2   0.1%   0.131 GU:2    AU:2    +
   31    48  3   0.0%   0.009 CG:1    UG:1    AU:1    +
   88   112  3   0.0%   0.154 UG:1    AU:1    UA:1    +
   98   112  3   0.0%   0.608 UG:1    AU:1    UA:1    +
  103   133  3   0.0%   0.090 CG:1    UG:1    UA:1    +
   49    76  3   0.0%   0.529 GC:1    AU:1    UA:1    +
   98   102  3   0.2%   0.218 AU:1    UA:2    +
    7   104  2   0.1%   0.619 UG:1    UA:3    +
   95   127  2   0.1%   0.183 UG:2    UA:2    +
   38    46  2   0.4%   0.094 CG:4    +
   55    67  3   0.2%   0.665 UG:2    UA:1    +
   24    58  2   0.1%   0.037 GC:1    GU:3    +
  122   142  2   0.1%   0.077 UG:1    UA:3    +
   44    71  1   0.2%   0.578 AU:5    +
    1    22  2   0.0%   0.064 UG:2    UA:2    +
   26    58  2   0.0%   0.042 GC:1    GU:3    +
  124   130  2   0.0%   0.069 GU:1    AU:3    +
    5   100  2   0.0%   0.636 GC:1    GU:3    +
   49    68  2   0.0%   1.181 UG:1    UA:3    +
   86   115  2   0.0%   0.176 GU:3    AU:1    +
   51    61  2   0.0%   1.142 GC:1    GU:3    +
    3   124  2   0.0%   0.258 UG:1    UA:3    +
   62    68  2   0.0%   0.929 UG:1    UA:3    +
   35    71  1   0.2%   0.304 AU:5    +
    5   139  1   0.2%   0.757 GU:5    +
    1    86  2   0.0%   0.082 UG:3    UA:1    +
    4   106  2   0.0%   0.472 GC:1    GU:3    +
  106   111  2   0.0%   0.618 CG:1    UG:3    +
  104   113  2   0.0%   0.611 GU:1    AU:3    +
   56    69  3   0.2%   1.190 GU:2    AU:1    +
  104   134  2   0.0%   0.573 GU:1    AU:3    +
    4   100  2   0.0%   0.466 GC:1    GU:3    +
  115   127  2   0.0%   0.234 UG:2    UA:2    +
   62    70  2   0.0%   0.536 AU:2    UA:2    +
   96   100  2   0.0%   0.252 GC:1    GU:3    +
   56    64  2   0.0%   0.782 GU:2    UA:2    +
  100   133  2   0.0%   0.206 CG:1    UG:3    +
  104   130  2   0.0%   0.575 GU:1    AU:3    +
    8   124  2   0.0%   0.327 UG:1    UA:3    +
   79    98  2   0.0%   0.033 AU:1    UA:3    +
   86   118  2   0.0%   0.522 GU:3    AU:1    +
   37    58  2   0.0%   0.362 GC:1    GU:3    +
   55    68  2   0.0%   1.069 UG:3    UA:1    +
    9    31  2   0.0%   0.348 GC:1    GU:3    +
   59    70  2   0.0%   1.231 GU:2    AU:2    +
   72   127  2   0.0%   0.171 UG:2    UA:2    +
    3   127  2   0.0%   0.255 UG:2    UA:2    +
   46    56  2   0.0%   0.259 GU:3    UG:1    +
  104   115  2   0.0%   0.719 GU:1    AU:3    +
    6   100  2   0.0%   0.466 GC:1    GU:3    +
   97   127  2   0.0%   0.766 UG:2    UA:2    +
   92   104  2   0.0%   0.012 UG:1    UA:3    +
  104   123  2   0.0%   0.566 GU:1    AU:3    +
    3   104  2   0.0%   0.179 UG:1    UA:3    +
   26    31  2   0.0%   0.026 GC:1    GU:3    +
   82   122  2   0.0%   0.040 GU:1    AU:3    +
   22    62  2   0.0%   0.034 GU:3    AU:1    +
    1   105  2   0.0%   0.080 GC:1    UG:3    +
    6   106  2   0.0%   0.496 GC:1    GU:3    +
   94   104  2   0.0%   0.011 UG:1    UA:3    +
  116   124  2   0.0%   0.296 UG:1    UA:3    +
    1   142  2   0.0%   0.101 UG:1    UA:3    +
   36    56  3   0.2%   0.370 UG:2    UA:1    +
   93   106  2   0.0%   0.025 GC:1    GU:3    +
  106   125  2   0.0%   0.507 CG:1    UG:3    +
  100   111  2   0.0%   0.343 CG:1    UG:3    +
  104   116  2   0.0%   0.773 GU:1    AU:3    +
   31    37  2   0.0%   0.016 CG:1    UG:3    +
  100   131  2   0.0%   0.205 CG:1    UG:3    +
   50    73  2   0.0%   0.781 CG:3    AU:1    +
   92   127  2   0.0%   0.087 UG:2    UA:2    +
   95   124  2   0.0%   0.167 UG:1    UA:3    +
  100   125  2   0.0%   0.204 CG:1    UG:3    +
   32    58  2   0.0%   0.020 GC:1    GU:3    +
   19    89  2   0.0%   0.363 UG:1    UA:3    +
   72   124  2   0.0%   0.165 UG:1    UA:3    +
    7   124  2   0.0%   0.618 UG:1    UA:3    +
    7   145  2   0.0%   0.626 UG:3    UA:1    +
   47    82  2   0.0%   0.586 UG:1    UA:3    +
    9   106  2   0.0%   0.385 GC:1    GU:3    +
   43   154  2   0.0%   0.257 UG:2    UA:2    +
   89   151  2   0.0%   0.283 GU:1    AU:3    +
  122   127  2   0.0%   0.080 CG:2    UA:2    +
  124   134  2   0.0%   0.078 GU:1    AU:3    +
   86    91  2   0.0%   0.013 GU:2    AU:2    +
   91    98  2   0.0%   0.154 AU:1    UA:3    +
   93   100  2   0.0%   0.106 GC:1    GU:3    +
  112   151  2   0.0%   0.124 GU:2    AU:2    +
  121   145  2   0.0%   0.097 CG:3    AU:1    +
   85   104  2   0.0%   0.358 UG:1    UA:3    +
   89   136  2   0.0%   0.243 GC:1    AU:3    +
   91   102  2   0.0%   0.008 GU:1    UA:3    +
   24    31  2   0.0%   0.026 GC:1    GU:3    +
   97   145  2   0.0%   0.821 UG:3    UA:1    +
    1   133  2   0.0%   0.100 UG:2    UA:2    +
  123   127  2   0.0%   0.081 UG:2    UA:2    +
   89   100  2   0.0%   0.252 AU:3    UA:1    +
   31    78  2   0.0%   0.059 CG:1    UG:3    +
   31    51  2   0.0%   0.025 CG:1    UG:3    +
   58   152  2   0.0%   0.911 CG:1    UG:3    +
   91   101  2   0.0%   0.023 GU:1    UA:3    +
   82   136  2   0.0%   0.031 GU:1    AU:3    +
  109   154  2   0.0%   0.181 UG:2    UA:2    +
   61   137  2   0.0%   0.156 CG:1    UG:3    +
   31    40  2   0.0%   0.016 AU:2    UA:2    +
  113   124  2   0.0%   0.118 UG:1    UA:3    +
   46    79  2   0.0%   0.826 GC:1    GU:3    +
  116   127  2   0.0%   0.291 UG:2    UA:2    +
   39    48  3   0.4%   0.127 CG:3    +
   67   131  3   0.2%   0.329 CG:2    UG:1    +
   14    67  3   0.2%   0.135 UG:2    UA:1    +
   38    59  2   0.3%   0.351 CG:4    +
  104   122  3   0.1%   0.574 GC:1    AU:2    +
   88   135  3   0.1%   0.284 CG:1    UG:2    +
  103   123  3   0.1%   0.093 GU:1    AU:2    +
    2   109  2   0.3%   0.140 AU:4    +
   97   102  2   0.3%   0.209 UA:4    +
   48    55  3   0.1%   0.422 GC:2    GU:1    +
  103   115  3   0.1%   0.244 GC:1    AU:2    +
   96   101  3   0.1%   0.190 GC:2    GU:1    +
   56    66  3   0.1%   0.753 GU:2    AU:1    +
    5   119  1   0.1%   0.736 GC:5    +
   40    73  3   0.1%   0.483 UG:1    UA:2    +
   45    67  3   0.1%   0.310 UG:2    UA:1    +
   58    63  3   0.1%   1.169 GC:1    UG:2    +
    4   119  1   0.1%   0.542 GC:5    +
   86   101  3   0.1%   0.131 GC:2    AU:1    +
   25    56  3   0.0%   0.031 UG:2    UA:1    +
   50    67  3   0.0%   0.993 CG:2    AU:1    +
   42    49  2   0.2%   0.553 AU:4    +
   41    47  2   0.2%   0.076 AU:4    +
  101   125  3   0.0%   0.066 CG:2    UG:1    +
    4   101  3   0.0%   0.474 GC:2    GU:1    +
  111   119  1   0.0%   0.252 GC:5    +
   32    52  3   0.0%   0.020 GC:1    GU:2    +
   91   132  2   0.2%   0.188 UA:4    +
  119   135  1   0.0%   0.149 CG:5    +
  107   126  1   0.0%   0.264 GC:5    +
   28    56  3   0.0%   0.035 UG:2    UA:1    +
    6    99  1   0.0%   0.467 GC:5    +
   36    67  3   0.0%   0.393 UG:2    UA:1    +
  101   106  3   0.0%   0.478 AU:2    UA:1    +
   99   125  1   0.0%   0.371 CG:5    +
   59    67  3   0.0%   1.206 GC:2    GU:1    +
   78   119  1   0.0%   0.055 GC:5    +
    1    29  3   0.0%   0.072 GC:1    UA:2    +
  110   123  1   0.0%   0.196 AU:5    +
   49   148  3   0.0%   0.518 UG:1    UA:2    +
   57    67  3   0.0%   0.643 UG:2    UA:1    +
  107   116  1   0.0%   0.441 GU:5    +
   34    44  1   0.0%   0.017 UA:5    +
    3   110  1   0.0%   0.215 UA:5    +
  109   124  3   0.0%   0.189 CG:1    UA:2    +
   59    64  3   0.0%   1.086 GU:1    AU:2    +
   97   107  1   0.0%   0.813 UG:5    +
   64    70  3   0.0%   0.528 AU:2    UA:1    +
  103   110  3   0.0%   0.181 GC:1    UA:2    +
   58    68  3   0.0%   1.614 UG:2    UA:1    +
  104   109  3   0.0%   0.657 GU:1    AU:2    +
  107   114  1   0.0%   0.340 GU:5    +
    8   107  1   0.0%   0.325 UG:5    +
   88   113  3   0.0%   0.159 GU:1    AU:2    +
  103   114  3   0.0%   0.182 GU:1    AU:2    +
  101   131  3   0.0%   0.065 CG:2    UG:1    +
    5    99  1   0.0%   0.628 GC:5    +
    8    88  3   0.0%   0.322 UG:1    UA:2    +
    8   103  3   0.0%   0.324 UG:1    UA:2    +
   19   117  1   0.0%   0.424 UA:5    +
   67    72  3   0.0%   0.458 GU:2    AU:1    +
   94   103  3   0.0%   0.008 UG:1    UA:2    +
   88   116  3   0.0%   0.476 GU:1    AU:2    +
   53    71  1   0.0%   0.858 AU:5    +
   95   103  3   0.0%   0.010 UG:1    UA:2    +
    2   151  1   0.0%   0.145 AU:5    +
   64    68  3   0.0%   0.918 UG:2    UA:1    +
   19    88  3   0.0%   0.363 UG:1    UA:2    +
   84   151  1   0.0%   0.391 AU:5    +
    6   119  1   0.0%   0.535 GC:5    +
   67    71  3   0.0%   0.440 GU:2    AU:1    +
   99   111  1   0.0%   0.509 CG:5    +
   78    99  1   0.0%   0.041 GC:5    +
   89   115  3   0.0%   0.402 GU:1    AU:2    +
    5   101  3   0.0%   0.634 GC:2    GU:1    +
  103   131  3   0.0%   0.091 CG:1    UG:2    +
   93    99  1   0.0%   0.156 GC:5    +
  110   134  1   0.0%   0.200 AU:5    +
   51    67  3   0.0%   1.423 GC:2    GU:1    +
   54    67  3   0.0%   0.603 UG:2    UA:1    +
    3   107  1   0.0%   0.179 UG:5    +
  124   148  3   0.0%   0.108 UG:2    AU:1    +
   19   153  1   0.0%   0.375 UA:5    +
  105   122  3   0.0%   0.676 GC:2    GU:1    +
   93   103  3   0.0%   0.008 GC:1    GU:2    +
  119   125  1   0.0%   0.078 CG:5    +
  101   111  3   0.0%   0.196 CG:2    UG:1    +
   71   128  1   0.0%   0.163 UA:5    +
    4   103  3   0.0%   0.468 GC:1    GU:2    +
   99   127  3   0.0%   0.359 CG:2    GU:1    +
   94   110  1   0.0%   0.171 UA:5    +
  119   131  1   0.0%   0.147 CG:5    +
  103   130  3   0.0%   0.092 GU:1    AU:2    +
   24    88  3   0.0%   0.068 GC:1    GU:2    +
  103   113  3   0.0%   0.127 GU:1    AU:2    +
   56    72  3   0.0%   0.764 GU:2    AU:1    +
    6   103  3   0.0%   0.463 GC:1    GU:2    +
  119   137  1   0.0%   0.138 CG:5    +
   34    67  3   0.0%   0.035 UG:2    UA:1    +
   94   107  1   0.0%   0.008 UG:5    +
    6   101  3   0.0%   0.466 GC:2    GU:1    +
   65    73  3   0.0%   0.216 CG:1    UG:2    +
   71   129  1   0.0%   0.167 UA:5    +
   46    70  3   0.0%   1.107 GU:2    AU:1    +
   91   105  3   0.0%   0.023 GC:1    UG:2    +
  103   116  3   0.0%   0.291 GU:1    AU:2    +
   36    48  3   0.3%   0.084 UG:3    +
    1    46  3   0.0%   0.069 UG:2    UA:1    +
  105   109  3   0.0%   0.775 GC:1    GU:2    +
  112   119  3   0.0%   0.142 GC:2    UA:1    +
   22    61  3   0.0%   0.034 GU:2    AU:1    +
   88    93  3   0.0%   0.007 CG:1    UG:2    +
  103   111  3   0.0%   0.211 CG:1    UG:2    +
    5   103  3   0.0%   0.630 GC:1    GU:2    +
    1   112  3   0.0%   0.094 UG:1    UA:2    +
  107   113  1   0.0%   0.286 GU:5    +
  117   151  1   0.0%   0.480 AU:5    +
  124   146  3   0.0%   0.074 GC:1    AU:2    +
   17   107  1   0.0%   0.650 CG:5    +
  100   112  3   0.0%   0.255 UG:1    UA:2    +
  103   125  3   0.0%   0.091 CG:1    UG:2    +
  107   138  1   0.0%   0.281 GC:5    +
    4    99  1   0.0%   0.463 GC:5    +
   92   107  1   0.0%   0.008 UG:5    +
   90   105  3   0.0%   0.172 CG:2    UG:1    +
   34    41  1   0.0%   0.018 UA:5    +
   14   110  1   0.0%   0.130 UA:5    +
   89   106  3   0.0%   0.171 GC:1    AU:2    +
    7   103  3   0.0%   0.603 UG:1    UA:2    +
    3   103  3   0.0%   0.178 UG:1    UA:2    +
  108   139  1   0.0%   0.187 AU:5    +
  141   151  1   0.0%   0.231 AU:5    +
  107   140  1   0.0%   0.284 GC:5    +
  139   153  1   0.0%   0.362 UA:5    +
   86    90  3   0.0%   0.014 GC:2    GU:1    +
   85   103  3   0.0%   0.354 UG:1    UA:2    +
  110   114  1   0.0%   0.283 AU:5    +
   49    73  3   0.0%   0.546 UG:1    UA:2    +
   26    52  3   0.0%   0.020 GC:1    GU:2    +
  103   120  3   0.0%   0.065 CG:1    UG:2    +
   98   127  3   0.0%   0.543 UG:2    AU:1    +
    8   110  1   0.0%   0.337 UA:5    +
  103   134  3   0.0%   0.089 GU:1    AU:2    +
  103   135  3   0.0%   0.115 CG:1    UG:2    +
   22    88  3   0.0%   0.351 GC:1    GU:2    +
   88   107  3   0.0%   0.152 CG:1    UG:2    +
   88    95  3   0.0%   0.003 GU:1    AU:2    +
   31    82  3   0.0%   0.053 UG:1    UA:2    +
   92   103  3   0.0%   0.007 UG:1    UA:2    +
  101   120  3   0.0%   0.042 CG:2    UG:1    +
   44   151  1   0.0%   0.428 AU:5    +
   29    56  3   0.0%   0.022 CG:2    AU:1    +
   24    52  3   0.0%   0.022 GC:1    GU:2    +
   88    96  3   0.0%   0.002 CG:1    UG:2    +
   21    34  1   0.0%   0.304 AU:5    +
    6    88  3   0.0%   0.456 GC:1    GU:2    +
   97   110  1   0.0%   0.875 UA:5    +
  107   123  1   0.0%   0.253 GU:5    +
   61    73  3   0.0%   0.180 UG:2    UA:1    +
   88   118  3   0.0%   0.488 GU:1    AU:2    +
   93   101  3   0.0%   0.023 GC:2    GU:1    +
  101   135  3   0.0%   0.088 CG:2    UG:1    +
  104   118  3   0.0%   0.778 GU:1    AU:2    +
  107   134  1   0.0%   0.260 GU:5    +
   79   154  3   0.0%   0.048 UG:2    UA:1    +
   99   112  3   0.0%   0.421 CG:2    GU:1    +
    7   110  1   0.0%   0.624 UA:5    +
    4    88  3   0.0%   0.460 GC:1    GU:2    +
   99   150  1   0.0%   0.383 CG:5    +
   99   143  1   0.0%   0.416 CG:5    +
   50   148  3   0.0%   0.752 CG:2    AU:1    +
   20   151  1   0.0%   0.374 AU:5    +
  119   150  1   0.0%   0.103 CG:5    +
   19    84  1   0.0%   0.362 UA:5    +
   88   152  3   0.0%   0.294 CG:1    UG:2    +
   99   120  1   0.0%   0.354 CG:5    +
    1   127  3   0.0%   0.097 UG:2    UA:1    +
    7   107  1   0.0%   0.608 UG:5    +
   15    34  1   0.0%   0.411 AU:5    +
  100   142  3   0.0%   0.220 UG:1    UA:2    +
  110   130  1   0.0%   0.201 AU:5    +
   71    81  1   0.0%   0.156 UA:5    +
   88   136  3   0.0%   0.259 GC:1    AU:2    +
   34   124  3   0.0%   0.039 UG:1    UA:2    +
    5    88  3   0.0%   0.621 GC:1    GU:2    +
   19    48  3   0.0%   0.358 CG:1    UG:2    +
   10   139  1   0.0%   0.258 GU:5    +
   88   111  3   0.0%   0.151 CG:1    UG:2    +
    6   139  1   0.0%   0.553 GU:5    +
    1    87  3   0.0%   0.079 UG:1    UA:2    +
   23    56  3   0.0%   0.214 UG:2    UA:1    +
   25   110  1   0.0%   0.098 UA:5    +
   19   124  3   0.0%   0.365 UG:1    UA:2    +
   23   110  1   0.0%   0.404 UA:5    +
   88    97  3   0.0%   0.003 GU:1    AU:2    +
   88    94  3   0.0%   0.005 GU:1    AU:2    +
   30    52  3   0.0%   0.018 GC:1    GU:2    +
   22    67  3   0.0%   0.039 GC:2    AU:1    +
   83   107  1   0.0%   0.054 CG:5    +
   85   110  1   0.0%   0.368 UA:5    +
   31   127  3   0.0%   0.024 UG:2    AU:1    +
  119   143  1   0.0%   0.133 CG:5    +
   26   119  1   0.0%   0.076 GC:5    +
  118   127  3   0.0%   0.296 UG:2    UA:1    +
   62    73  3   0.0%   0.250 UG:1    UA:2    +
   73   124  3   0.0%   0.038 GU:2    UA:1    +
   81   151  1   0.0%   0.021 AU:5    +
   88   102  3   0.0%   0.153 AU:1    UA:2    +
   88   146  3   0.0%   0.331 GC:1    AU:2    +
    1    21  2   0.2%   0.075 UA:4    +
    6   105  3   0.2%   0.509 GC:3    +
   11    70  2   0.2%   0.253 GU:4    +
   27    79  3   0.2%   0.086 AU:3    +
   70   128  2   0.1%   0.350 UA:4    +
    4    40  2   0.1%   0.463 GU:4    +
   63   135  2   0.1%   0.317 CG:4    +
   44    64  3   0.2%   0.387 AU:3    +
    1   110  3   0.2%   0.120 UA:3    +
   29    51  2   0.1%   0.033 CG:4    +
    1    80  2   0.1%   0.095 UA:4    +
   50    66  3   0.2%   0.894 AU:3    +
   47    53  2   0.1%   0.553 UA:4    +
    1    26  2   0.1%   0.081 UG:4    +
   44    61  3   0.2%   0.235 AU:3    +
   52    57  3   0.2%   0.686 AU:3    +
   22    83  2   0.1%   0.051 GC:4    +
  102   116  2   0.1%   0.292 AU:4    +
   59    63  2   0.1%   1.175 GC:4    +
   20    62  2   0.1%   0.380 AU:4    +
   43    53  2   0.1%   0.345 UA:4    +
    2    79  3   0.2%   0.101 AU:3    +
   81   122  2   0.1%   0.032 AU:4    +
   35    49  2   0.1%   0.056 AU:4    +
   53    62  2   0.1%   0.909 AU:4    +
   85   101  3   0.2%   0.375 UA:3    +
   64   134  3   0.2%   0.238 AU:3    +
   41    55  2   0.1%   0.350 AU:4    +
   43    48  3   0.1%   0.394 UG:3    +
   42    62  2   0.1%   0.459 AU:4    +
  121   143  2   0.1%   0.105 CG:4    +
   11    29  2   0.1%   0.233 GC:4    +
   35    43  2   0.1%   0.023 AU:4    +
  105   113  3   0.1%   0.755 GU:3    +
   30    50  3   0.1%   0.033 GC:3    +
   48    57  3   0.1%   0.562 GU:3    +
   41    62  2   0.0%   0.491 AU:4    +
    1   153  2   0.0%   0.113 UA:4    +
  122   132  2   0.0%   0.085 UA:4    +
    5    91  2   0.0%   0.632 GU:4    +
   95   102  2   0.0%   0.015 UA:4    +
    1   131  2   0.0%   0.106 UG:4    +
    6   121  2   0.0%   0.534 GC:4    +
   24    60  2   0.0%   0.044 GC:4    +
  115   132  2   0.0%   0.299 UA:4    +
  118   129  2   0.0%   0.341 UA:4    +
    1   117  2   0.0%   0.102 UA:4    +
   41    64  3   0.1%   0.539 AU:3    +
   44    55  2   0.0%   0.194 AU:4    +
    1   154  2   0.0%   0.113 UA:4    +
   35    70  2   0.0%   0.274 AU:4    +
   42    55  2   0.0%   0.328 AU:4    +
   59   138  2   0.0%   0.930 GC:4    +
   60   137  2   0.0%   0.663 CG:4    +
    3   102  2   0.0%   0.182 UA:4    +
   40    44  2   0.0%   0.043 UA:4    +
   51    62  2   0.0%   1.194 GU:4    +
   35    62  2   0.0%   0.247 AU:4    +
   35    55  2   0.0%   0.241 AU:4    +
  108   115  2   0.0%   0.326 AU:4    +
   37    49  2   0.0%   0.077 GU:4    +
   49    53  2   0.0%   0.688 UA:4    +
    1     6  2   0.0%   0.005 UG:4    +
   40    59  2   0.0%   0.576 UG:4    +
   33    46  2   0.0%   0.016 CG:4    +
   21    91  2   0.0%   0.312 AU:4    +
    1   135  2   0.0%   0.103 UG:4    +
   16    27  3   0.1%   0.734 UA:3    +
   22    60  3   0.1%   0.041 GC:3    +
    2    43  2   0.0%   0.073 AU:4    +
   18    22  2   0.0%   0.660 CG:4    +
   44    49  2   0.0%   0.283 AU:4    +
  109   129  2   0.0%   0.193 UA:4    +
    7    98  2   0.0%   0.603 UA:4    +
   78   121  2   0.0%   0.046 GC:4    +
   85   102  2   0.0%   0.356 UA:4    +
  126   133  2   0.0%   0.134 CG:4    +
  102   113  2   0.0%   0.124 AU:4    +
   44    70  2   0.0%   0.727 AU:4    +
    1    44  2   0.0%   0.070 UA:4    +
  115   149  2   0.0%   0.249 UA:4    +
   37    62  2   0.0%   0.398 GU:4    +
   17    22  2   0.0%   0.660 CG:4    +
    1     5  2   0.0%   0.002 UG:4    +
    1    24  2   0.0%   0.059 UG:4    +
  102   130  2   0.0%   0.087 AU:4    +
    1   152  2   0.0%   0.104 UG:4    +
   21   115  2   0.0%   0.367 AU:4    +
    1    27  2   0.0%   0.067 UA:4    +
    4    91  2   0.0%   0.461 GU:4    +
   53    70  2   0.0%   1.030 AU:4    +
    1   143  2   0.0%   0.102 UG:4    +
  121   137  2   0.0%   0.098 CG:4    +
    4   121  2   0.0%   0.535 GC:4    +
   21    61  3   0.1%   0.313 AU:3    +
    5   121  2   0.0%   0.720 GC:4    +
   94   102  2   0.0%   0.008 UA:4    +
   12    31  3   0.1%   0.386 AU:3    +
  102   109  2   0.0%   0.169 AU:4    +
   94    98  2   0.0%   0.153 UA:4    +
  121   135  2   0.0%   0.107 CG:4    +
  115   153  2   0.0%   0.258 UA:4    +
   98   134  2   0.0%   0.553 AU:4    +
  108   136  2   0.0%   0.209 AU:4    +
   21    62  2   0.0%   0.307 AU:4    +
  102   134  2   0.0%   0.083 AU:4    +
  102   114  2   0.0%   0.176 AU:4    +
   20    49  2   0.0%   0.364 AU:4    +
   26    63  2   0.0%   0.032 GC:4    +
   27    62  2   0.0%   0.033 AU:4    +
   35    47  2   0.0%   0.034 AU:4    +
  118   132  2   0.0%   0.359 UA:4    +
  110   115  2   0.0%   0.324 AU:4    +
   24    63  2   0.0%   0.032 GC:4    +
    1   111  2   0.0%   0.094 UG:4    +
    2   115  2   0.0%   0.106 AU:4    +
  133   140  2   0.0%   0.205 GC:4    +
   30    49  2   0.0%   0.007 GU:4    +
   74   121  2   0.0%   0.023 GC:4    +
   35    40  2   0.0%   0.018 AU:4    +
   30    60  2   0.0%   0.028 GC:4    +
  102   123  2   0.0%   0.060 AU:4    +
   15   109  2   0.0%   0.433 AU:4    +
   51    70  2   0.0%   1.494 GU:4    +
  111   121  2   0.0%   0.205 GC:4    +
  122   129  2   0.0%   0.055 UA:4    +
   27    55  2   0.0%   0.032 AU:4    +
    7   102  2   0.0%   0.604 UA:4    +
  115   129  2   0.0%   0.246 UA:4    +
   80   122  2   0.0%   0.082 AU:4    +
  136   153  2   0.0%   0.363 UA:4    +
   70   129  2   0.0%   0.345 UA:4    +
   29   111  2   0.0%   0.039 CG:4    +
    1   108  2   0.0%   0.080 UA:4    +
   24    29  2   0.0%   0.026 GC:4    +
   40    51  2   0.0%   0.690 UG:4    +
  121   131  2   0.0%   0.105 CG:4    +
   11   121  2   0.0%   0.237 GC:4    +
    1    93  2   0.0%   0.079 UG:4    +
  122   133  2   0.0%   0.084 UG:4    +
    1   132  2   0.0%   0.100 UA:4    +
    1    42  2   0.0%   0.068 UA:4    +
   20   115  2   0.0%   0.430 AU:4    +
   81   118  2   0.0%   0.055 AU:4    +
  129   136  2   0.0%   0.094 AU:4    +
  115   128  2   0.0%   0.241 UA:4    +
   91   128  2   0.0%   0.150 UA:4    +
   22    38  2   0.0%   0.030 GC:4    +
   98   116  2   0.0%   0.760 AU:4    +
  108   122  2   0.0%   0.190 AU:4    +
   91   117  2   0.0%   0.568 UA:4    +
   46    83  2   0.0%   0.845 GC:4    +
   22    33  2   0.0%   0.029 GC:4    +
   91   108  2   0.0%   0.026 UA:4    +
    2   122  2   0.0%   0.137 AU:4    +
   40    53  2   0.0%   0.539 UA:4    +
    8   102  2   0.0%   0.323 UA:4    +
    1    81  2   0.0%   0.078 UA:4    +
    2   136  2   0.0%   0.143 AU:4    +
    5    29  2   0.0%   0.601 GC:4    +
   49    80  2   0.0%   0.589 UA:4    +
    1   149  2   0.0%   0.102 UA:4    +
  122   128  2   0.0%   0.070 UA:4    +
    1    84  2   0.0%   0.078 UA:4    +
   21    55  2   0.0%   0.295 AU:4    +
   91   149  2   0.0%   0.192 UA:4    +
   21   118  2   0.0%   0.350 AU:4    +
   91    96  2   0.0%   0.154 UG:4    +
   80   118  2   0.0%   0.121 AU:4    +
   27    49  2   0.0%   0.015 AU:4    +
  122   141  2   0.0%   0.075 UA:4    +
    1   129  2   0.0%   0.097 UA:4    +
    1    96  2   0.0%   0.079 UG:4    +
    1     9  2   0.0%   0.002 UG:4    +
   98   123  2   0.0%   0.539 AU:4    +
    9    40  2   0.0%   0.366 GU:4    +
   60   135  2   0.0%   0.651 CG:4    +
   19   110  2   0.0%   0.377 UA:4    +
    1   128  2   0.0%   0.097 UA:4    +
   92   102  2   0.0%   0.008 UA:4    +
   98   144  2   0.0%   0.600 AU:4    +
    1   150  2   0.0%   0.102 UG:4    +
   32    49  2   0.0%   0.017 GU:4    +
  121   152  2   0.0%   0.105 CG:4    +
  128   136  2   0.0%   0.109 AU:4    +
   20   109  2   0.0%   0.393 AU:4    +
   49   149  2   0.0%   0.517 UA:4    +
  107   139  2   0.0%   0.248 GU:4    +
   29   107  2   0.0%   0.040 CG:4    +
   27    40  2   0.0%   0.024 AU:4    +
   33    59  2   0.0%   0.026 CG:4    +
   20    47  2   0.0%   0.363 AU:4    +
    1    41  2   0.0%   0.068 UA:4    +
   32    60  2   0.0%   0.021 GC:4    +
  110   139  2   0.0%   0.190 AU:4    +
  102   147  2   0.0%   0.092 AU:4    +
   98   113  2   0.0%   0.610 AU:4    +
  117   136  2   0.0%   0.512 AU:4    +
    2    40  2   0.0%   0.070 AU:4    +
    1    37  2   0.0%   0.068 UG:4    +
   21   122  2   0.0%   0.311 AU:4    +
  132   136  2   0.0%   0.117 AU:4    +
   43   153  2   0.0%   0.260 UA:4    +
   49   153  2   0.0%   0.526 UA:4    +
   30    40  2   0.0%   0.016 GU:4    +
   92    98  2   0.0%   0.154 UA:4    +
   20   118  2   0.0%   0.414 AU:4    +
  107   121  2   0.0%   0.237 GC:4    +
   21    70  2   0.0%   0.312 AU:4    +
   32    48  3   0.1%   0.019 GU:3    +
  110   136  3   0.1%   0.221 AU:3    +
   50    62  3   0.1%   0.851 AU:3    +
   45    52  3   0.0%   0.324 UA:3    +
   42    61  3   0.0%   0.460 AU:3    +
  121   133  3   0.0%   0.114 CG:3    +
   57    64  3   0.0%   0.576 UA:3    +
  119   145  3   0.0%   0.139 CG:3    +
   31    53  3   0.0%   0.031 UA:3    +
   50    54  3   0.0%   0.585 AU:3    +
   50    69  3   0.0%   1.299 AU:3    +
   28    52  3   0.0%   0.021 UA:3    +
   38    48  3   0.0%   0.062 CG:3    +
   50   147  3   0.0%   0.754 AU:3    +
   48   149  3   0.0%   1.104 UA:3    +
   56   141  3   0.0%   0.620 UA:3    +
   41    56  3   0.0%   0.343 AU:3    +
   48    69  3   0.0%   1.645 GU:3    +
   48    71  3   0.0%   1.241 GU:3    +
   41    58  3   0.0%   0.633 AU:3    +
   39    73  3   0.0%   0.521 CG:3    +
  101   123  3   0.0%   0.046 AU:3    +
   37    50  3   0.0%   0.075 GC:3    +
   48    66  3   0.0%   1.149 GU:3    +
    5   105  3   0.0%   0.635 GC:3    +
   97   101  3   0.0%   0.179 UA:3    +
   44    58  3   0.0%   0.340 AU:3    +
   48    54  3   0.0%   0.692 GU:3    +
   56    68  3   0.0%   1.278 UA:3    +
   36    50  3   0.0%   0.060 UA:3    +
   45    50  3   0.0%   0.260 UA:3    +
  105   111  3   0.0%   0.815 CG:3    +
   64    69  3   0.0%   0.784 AU:3    +
   95   105  3   0.0%   0.033 UG:3    +
   36    52  3   0.0%   0.059 UA:3    +
   48    53  3   0.0%   0.781 UA:3    +
  105   133  3   0.0%   0.685 CG:3    +
   38    73  3   0.0%   0.512 CG:3    +
   51    64  3   0.0%   1.357 GU:3    +
  106   117  3   0.0%   0.889 UA:3    +
  106   132  3   0.0%   0.508 UA:3    +
  102   115  3   0.0%   0.218 AU:3    +
  100   107  3   0.0%   0.370 UG:3    +
   42    58  3   0.0%   0.592 AU:3    +
  100   132  3   0.0%   0.205 UA:3    +
  101   116  3   0.0%   0.263 AU:3    +
   94   105  3   0.0%   0.024 UG:3    +
   95   101  3   0.0%   0.021 UA:3    +
   44    48  3   0.0%   0.376 AU:3    +
  106   110  3   0.0%   0.583 UA:3    +
   44    56  3   0.0%   0.313 AU:3    +
   41    61  3   0.0%   0.491 AU:3    +
    3   101  3   0.0%   0.177 UA:3    +
   35    61  3   0.0%   0.243 AU:3    +
   35    56  3   0.0%   0.237 AU:3    +
   53    64  3   0.0%   0.890 AU:3    +
   35    64  3   0.0%   0.240 AU:3    +
  101   114  3   0.0%   0.165 AU:3    +
    4   105  3   0.0%   0.469 GC:3    +
  105   114  3   0.0%   0.798 GU:3    +
   52    66  3   0.0%   0.753 AU:3    +
   50    72  3   0.0%   0.907 AU:3    +
   54    64  3   0.0%   0.549 UA:3    +
   23    64  3   0.0%   0.222 UA:3    +
  100   110  3   0.0%   0.311 UA:3    +
   64    72  3   0.0%   0.368 AU:3    +
  105   120  3   0.0%   0.667 CG:3    +
   52    72  3   0.0%   0.776 AU:3    +
   48    68  3   0.0%   1.759 UG:3    +
   99   133  3   0.0%   0.370 CG:3    +
   21    48  3   0.0%   0.295 AU:3    +
   37    48  3   0.0%   0.080 GU:3    +
  101   134  3   0.0%   0.062 AU:3    +
  100   117  3   0.0%   0.606 UA:3    +
    2   106  3   0.0%   0.087 AU:3    +
   35    58  3   0.0%   0.244 AU:3    +
   19    64  3   0.0%   0.359 UA:3    +
   86    99  3   0.0%   0.013 GC:3    +
    1   107  3   0.0%   0.081 UG:3    +
   37    64  3   0.0%   0.459 GU:3    +
  105   118  3   0.0%   0.898 GU:3    +
  105   123  3   0.0%   0.677 GU:3    +
   25    64  3   0.0%   0.027 UA:3    +
   52    69  3   0.0%   1.167 AU:3    +
  105   126  3   0.0%   0.681 GC:3    +
   86   119  3   0.0%   0.294 GC:3    +
   22    63  3   0.0%   0.029 GC:3    +
   20    61  3   0.0%   0.364 AU:3    +
   26    56  3   0.0%   0.033 GU:3    +
    3   105  3   0.0%   0.179 UG:3    +
  105   130  3   0.0%   0.685 GU:3    +
   31    80  3   0.0%   0.101 UA:3    +
  105   116  3   0.0%   0.893 GU:3    +
   21    64  3   0.0%   0.302 AU:3    +
   16   108  3   0.0%   0.733 UA:3    +
   87   100  3   0.0%   0.249 GU:3    +
   93   105  3   0.0%   0.023 GC:3    +
  105   115  3   0.0%   0.838 GU:3    +
  106   128  3   0.0%   0.504 UA:3    +
   20    58  3   0.0%   0.364 AU:3    +
   33    48  3   0.0%   0.019 CG:3    +
  105   131  3   0.0%   0.684 CG:3    +
  106   129  3   0.0%   0.507 UA:3    +
  101   122  3   0.0%   0.041 AU:3    +
  100   108  3   0.0%   0.307 UA:3    +
   22    56  3   0.0%   0.021 GU:3    +
   37    56  3   0.0%   0.371 GU:3    +
  106   141  3   0.0%   0.532 UA:3    +
  110   122  3   0.0%   0.189 AU:3    +
   35    76  3   0.0%   0.413 AU:3    +
   48    81  3   0.0%   1.109 UA:3    +
   94   101  3   0.0%   0.022 UA:3    +
   20    64  3   0.0%   0.369 AU:3    +
  101   130  3   0.0%   0.063 AU:3    +
   50    78  3   0.0%   0.783 CG:3    +
  101   113  3   0.0%   0.111 AU:3    +
   92   101  3   0.0%   0.023 UA:3    +
  100   128  3   0.0%   0.202 UA:3    +
  105   125  3   0.0%   0.684 CG:3    +
   79   153  3   0.0%   0.051 UA:3    +
   26    50  3   0.0%   0.020 GC:3    +
  110   118  3   0.0%   0.445 AU:3    +
   35    48  3   0.0%   0.038 AU:3    +
    2   100  3   0.0%   0.086 AU:3    +
  100   129  3   0.0%   0.205 UA:3    +
   16    53  3   0.0%   0.713 UA:3    +
   21    58  3   0.0%   0.295 AU:3    +
    8   101  3   0.0%   0.325 UA:3    +
   73   126  3   0.0%   0.038 GC:3    +
  100   149  3   0.0%   0.184 UA:3    +
   55    73  3   0.0%   0.419 UG:3    +
   48    72  3   0.0%   1.256 GU:3    +
   98   151  3   0.0%   0.567 AU:3    +
   34    48  3   0.0%   0.030 UG:3    +
    7   105  3   0.0%   0.624 UG:3    +
   20    56  3   0.0%   0.364 AU:3    +
  146   153  3   0.0%   0.362 UA:3    +
  105   134  3   0.0%   0.683 GU:3    +
   84   106  3   0.0%   0.203 AU:3    +
   92   105  3   0.0%   0.023 UG:3    +
   22    29  3   0.0%   0.026 GC:3    +
   24    56  3   0.0%   0.022 GU:3    +
   32    50  3   0.0%   0.017 GC:3    +
   20   106  3   0.0%   0.390 AU:3    +
   85   105  3   0.0%   0.369 UG:3    +
   33    73  3   0.0%   0.027 CG:3    +
   48    77  3   0.0%   1.113 GC:3    +
  117   146  3   0.0%   0.510 AU:3    +
   50   152  3   0.0%   0.751 CG:3    +
   22   121  3   0.0%   0.355 GC:3    +
  141   146  3   0.0%   0.179 AU:3    +
   87   119  3   0.0%   0.280 GC:3    +
    7   101  3   0.0%   0.605 UA:3    +
   28    48  3   0.0%   0.015 UG:3    +
  105   119  3   0.0%   0.669 GC:3    +
......((((((...))))))((((...(((((((....................................)))))))...))))((((((((((...........)))))))))).((((((((((..((((....))))..)))))))))).
