6 sequence; length of alignment 135
alifold output
   45    61  0  99.8%   0.012 CG:3    AU:3   
   44    62  0  99.8%   0.013 GC:6   
   48    58  2  99.7%   0.017 CG:4   
   46    60  3  99.7%   0.017 GC:3   
   47    59  3  99.7%   0.019 GC:3   
   49    57  3  96.2%   0.130 UA:3   
   68   107  0  94.7%   0.162 AU:6   
   71   104  0  94.6%   0.211 CG:6   
   70   105  3  94.9%   0.200 GC:3   
   69   106  1  94.7%   0.180 AU:5   
   65   110  0  93.4%   0.331 CG:6   
   67   108  3  94.1%   0.180 AU:3   
   66   109  2  94.0%   0.235 AU:4   
   72   101  0  93.3%   0.231 GC:6   
   73   100  3  93.4%   0.218 CG:1    UA:2   
   77    96  1  93.0%   0.217 GU:5   
   76    97  2  92.1%   0.242 UG:1    UA:3   
   78    95  1  91.4%   0.259 CG:5   
   74    99  3  90.7%   0.286 GC:1    GU:1    AU:1   
   75    98  3  90.2%   0.294 CG:1    UG:1    UA:1   
   50    56  3  89.8%   0.322 UA:3   
   51    55  2  76.7%   0.627 CG:2    AU:2   
   64   111  2  58.4%   1.567 CG:4   
   63   112  2  47.9%   2.057 GC:2    GU:2   
   36   114  0  39.9%   1.280 CG:3    AU:3    +
   37   113  2  39.6%   1.547 UA:4    +
   35   115  1  38.3%   1.491 GU:2    UA:3    +
   28   119  0  37.3%   1.782 CG:2    UG:4    +
   38   112  2  37.8%   1.564 GC:2    GU:2    +
   27   120  0  37.4%   1.909 CG:6    +
   39   111  0  36.3%   1.524 CG:6    +
   26   121  2  34.1%   1.565 AU:4    +
   29   118  2  32.6%   1.646 AU:4    +
   21   125  0  28.7%   1.758 CG:3    UG:3   
   14   133  2  29.4%   1.595 CG:2    GC:2   
   22   124  2  29.2%   1.727 UA:4   
   23   123  2  28.2%   1.711 GC:4   
   15   132  3  28.1%   1.192 GC:3   
   13   134  3  28.0%   1.440 GC:3   
   43    63  2  26.1%   1.393 CG:1    UG:3    +
   25   119  0  22.0%   1.149 CG:6   
   27   117  0  21.9%   1.203 CG:6   
   26   118  2  22.0%   1.124 AU:4   
   13    21  2  19.0%   1.068 GC:1    GU:2    AU:1    +
   12    22  2  18.9%   1.071 AU:4    +
   11    23  2  18.7%   1.185 CG:4    +
   14    20  3  18.2%   1.064 CG:3    +
   39   120  0  16.4%   2.445 CG:6    +
   41   118  1  16.3%   2.401 GC:1    GU:4    +
   42   117  1  16.4%   1.667 CG:5    +
   40   119  1  16.3%   2.171 UG:5    +
   24   120  0  15.1%   1.342 UG:6   
   10    24  0  12.7%   1.015 GU:3    AU:3    +
   11    38  0  13.0%   1.232 CG:6    +
   31   116  2  13.1%   1.100 GC:4    +
   10    39  3  12.9%   1.192 GC:3    +
   12    37  1  12.1%   1.087 AU:5    +
    9    40  2  12.2%   0.914 AU:4    +
   42    63  1  12.0%   0.838 CG:5    +
    8    41  2  10.8%   0.879 CG:3    UG:1    +
   41    64  3  10.9%   1.059 GC:3    +
   40   124  0   6.1%   1.965 AU:1    UA:5    +
   23   128  2   7.3%   1.575 GC:4    +
   14    35  0   4.7%   0.760 CG:3    GU:2    AU:1    +
   24   127  2   7.1%   1.412 UA:4    +
   39   125  0   6.0%   2.437 CG:6    +
   38   121  2   6.7%   1.861 GU:4    +
   37   124  2   6.6%   1.831 UA:4    +
   25   126  3   6.6%   1.258 CG:3    +
   38   123  0   5.9%   2.026 GC:6    +
   36   125  3   6.3%   1.637 CG:3    +
  119   134  0   5.5%   2.228 GC:6    +
   41   123  1   6.0%   2.039 GC:5    +
  115   121  0   3.4%   1.640 GU:1    AU:3    UA:2    +
  120   133  2   5.4%   2.314 GC:4    +
  125   134  0   4.2%   2.103 GC:6    +
   22   129  3   4.8%   1.487 UA:3    +
   78   111  0   4.0%   1.162 CG:6    +
   79   110  0   4.0%   0.613 CG:6    +
   71   117  0   3.9%   1.206 CG:6    +
   70   118  1   3.4%   1.580 GC:1    GU:1    AU:3    +
   21    31  0   1.8%   0.808 CG:3    UG:1    UA:2    +
   25   125  0   3.7%   1.245 CG:6    +
   73   115  2   3.8%   0.923 CG:1    UA:3    +
    4   118  0   0.5%   0.120 GC:1    GU:1    AU:3    UA:1    +
   72   116  1   4.0%   0.777 GC:5    +
   77   112  3   4.0%   1.209 GC:2    GU:1    +
   24   126  0   2.4%   1.065 UG:3    UA:3    +
   28    34  0   2.4%   0.435 CG:2    UA:4    +
    8    23  2   3.7%   0.372 CG:3    UA:1    +
   84    89  0   3.1%   0.393 AU:6    +
    9    22  2   3.7%   0.367 AU:4    +
   11    20  3   3.6%   0.360 CG:3    +
  116   120  1   3.3%   1.935 CG:5    +
   38   122  0   2.8%   1.415 GC:6    +
   10    21  3   3.6%   0.361 GU:3    +
   80   109  2   3.4%   0.534 AU:4    +
   84   107  0   2.6%   0.454 AU:6    +
   23    28  1   2.1%   0.767 GC:1    GU:3    AU:1    +
  114   122  3   3.2%   1.157 GC:3    +
   76   113  3   3.2%   0.824 UA:3    +
   35   131  0   0.3%   0.934 GC:2    GU:1    UA:3    +
   27   125  0   2.3%   1.648 CG:6    +
    7    24  1   2.8%   0.302 AU:5    +
   83   108  0   2.2%   0.379 AU:6    +
   95    99  0   0.2%   0.364 GC:4    GU:1    AU:1    +
   20    28  0   0.1%   0.566 GC:2    GU:1    AU:3    +
   37   126  0   0.1%   1.440 CG:1    UG:2    UA:3    +
   85   106  1   2.6%   0.378 AU:5    +
   76    98  0   0.1%   0.208 CG:1    UG:1    UA:4    +
   31   132  0   0.1%   1.004 GC:3    GU:1    AU:2    +
    2   114  0   0.1%   0.032 CG:3    GU:1    AU:2    +
   13    37  0   0.0%   0.590 GC:1    GU:2    AU:3    +
   37    74  0   0.0%   0.434 CG:1    UG:1    UA:4    +
   23    37  0   0.0%   0.839 GC:1    GU:3    AU:2    +
   20    37  0   0.0%   0.784 GC:1    GU:2    AU:3    +
    1   114  0   0.0%   0.019 CG:3    GU:1    AU:2    +
   37   103  0   0.0%   0.434 CG:1    UG:1    UA:4    +
   23   132  0   0.0%   1.570 GC:3    GU:1    AU:2    +
   73   126  0   0.0%   0.658 CG:2    UG:1    UA:3    +
   76    95  0   0.0%   0.018 CG:1    UG:4    UA:1    +
   10    28  0   0.0%   0.411 GC:2    GU:1    AU:3    +
   28   126  0   0.0%   1.084 CG:2    UG:1    UA:3    +
   35    67  0   0.0%   0.302 GC:2    GU:1    UA:3    +
   34    76  0   0.0%   0.135 GC:1    GU:1    AU:4    +
   23    60  0   0.0%   0.569 GC:3    GU:1    AU:2    +
   10    73  0   0.0%   0.665 GC:2    GU:1    AU:3    +
   37    70  0   0.0%   0.416 CG:1    UG:2    UA:3    +
   88   121  0   0.0%   0.735 GU:1    AU:3    UA:2    +
   10    37  0   0.0%   0.400 GC:1    GU:2    AU:3    +
   76   103  0   0.0%   0.118 CG:1    UG:1    UA:4    +
   58    76  0   0.0%   0.005 GC:1    GU:3    AU:2    +
   95   109  0   0.0%   0.499 GC:2    GU:3    AU:1    +
    4    40  0   0.0%   0.003 GU:2    AU:3    UA:1    +
   76   126  0   0.0%   0.677 CG:1    UG:2    UA:3    +
  118   135  2   2.6%   1.673 UA:4    +
  125   132  0   0.9%   1.691 GC:3    GU:3    +
   22    29  2   2.6%   0.736 UA:4    +
   37   119  0   0.8%   1.640 CG:1    UG:5    +
   65   119  0   1.8%   1.456 CG:6    +
   86   105  3   2.5%   0.410 GC:3    +
   21    30  3   2.5%   0.746 UA:3    +
  119   132  0   0.7%   1.791 GC:3    GU:3    +
  120   132  0   0.7%   1.940 GC:3    GU:3    +
   35   126  3   2.4%   1.287 UA:3    +
   75   125  0   0.6%   1.269 CG:4    UG:2    +
   41    65  1   2.0%   0.810 GC:5    +
   24    32  0   1.4%   0.571 UA:6    +
   15    35  0   0.4%   0.253 CG:3    GU:3    +
   28   124  2   2.1%   1.304 UA:4    +
   80    94  2   2.0%   0.252 AU:4    +
   27    35  3   2.1%   0.487 CG:3    +
   75   114  3   2.0%   0.856 CG:3    +
   28    38  0   0.2%   0.652 CG:2    UG:4    +
   79    95  1   1.7%   0.331 CG:5    +
   83    89  0   1.2%   0.173 AU:6    +
   21    38  0   0.2%   0.979 CG:3    UG:3    +
  117   134  0   1.2%   1.502 GC:6    +
   89   103  0   0.1%   0.330 UG:2    UA:4    +
   37    72  0   0.1%   0.445 CG:1    UG:5    +
   72    99  0   0.1%   0.054 GC:4    GU:2    +
   73    98  0   0.1%   0.043 CG:2    UA:4    +
  103   108  0   0.1%   0.277 GU:2    AU:4    +
  107   126  0   0.1%   0.647 UG:3    UA:3    +
   64   120  2   1.8%   1.833 CG:4    +
   74    89  0   0.1%   0.020 GU:2    AU:4    +
   17   114  0   0.1%   0.048 CG:3    AU:3    +
    4    43  1   0.0%   0.068 GC:1    GU:1    UG:1    AU:2    +
   22    30  2   1.7%   0.843 UA:4    +
   38    73  0   0.0%   0.453 GC:2    GU:4    +
   28   115  2   1.4%   0.454 CG:1    UA:3    +
  117   132  0   0.0%   1.405 GC:3    GU:3    +
   37   125  0   0.0%   1.819 CG:1    UG:5    +
   74    96  0   0.0%   0.017 GU:2    AU:4    +
   89    95  0   0.0%   0.410 UG:5    UA:1    +
   37   117  0   0.0%   1.187 CG:1    UG:5    +
   94   117  0   0.0%   1.084 CG:2    UG:4    +
   89    98  0   0.0%   0.359 UG:2    UA:4    +
   51   114  0   0.0%   0.679 CG:3    AU:3    +
   28   125  0   0.0%   1.395 CG:2    UG:4    +
   99   104  0   0.0%   0.266 CG:4    UG:2    +
   24    31  0   0.0%   0.493 UG:4    UA:2    +
   37   111  0   0.0%   0.433 CG:1    UG:5    +
   21   120  0   0.0%   0.692 CG:3    UG:3    +
   39   117  0   1.0%   1.313 CG:6    +
   75   120  0   0.0%   1.305 CG:4    UG:2    +
   76   119  0   0.0%   1.384 CG:1    UG:5    +
   31    75  0   0.0%   0.286 GC:4    AU:2    +
   21   104  0   0.0%   0.667 CG:3    UG:3    +
   96   103  0   0.0%   0.202 UG:2    UA:4    +
    7    40  0   0.0%   0.120 AU:5    UA:1    +
   94   104  0   0.0%   0.317 CG:2    UG:4    +
   24    34  0   0.0%   0.466 UG:2    UA:4    +
   13    24  0   0.0%   0.687 GU:3    AU:3    +
   35   114  0   0.0%   0.410 GU:3    UG:3    +
   99   111  0   0.0%   0.962 CG:4    UG:2    +
   72    94  0   0.0%   0.028 GC:2    GU:4    +
   21    44  0   0.0%   0.666 CG:3    UG:3    +
   28   103  0   0.0%   0.267 CG:2    UA:4    +
   61   114  0   0.0%   0.482 GU:3    UG:3    +
   28   117  0   0.0%   0.711 CG:2    UG:4    +
   28   110  0   0.0%   0.267 CG:2    UG:4    +
   70    96  0   0.0%   0.040 GU:3    AU:3    +
   20    24  0   0.0%   0.814 GU:3    AU:3    +
   21   117  0   0.0%   0.715 CG:3    UG:3    +
   31   107  0   0.0%   0.286 GU:4    AU:2    +
   59   114  0   0.0%   0.477 CG:3    AU:3    +
   72    76  0   0.0%   0.017 GC:1    GU:5    +
   73   125  0   0.0%   1.224 CG:2    UG:4    +
   28   120  0   0.0%   1.378 CG:2    UG:4    +
   46    59  0   0.0%   0.009 GC:3    UA:3    +
   98   107  0   0.0%   0.306 GU:2    AU:4    +
   90   121  0   0.0%   0.738 AU:4    UA:2    +
    3    24  0   0.0%   0.004 GU:1    AU:5    +
   73   104  0   0.0%   0.166 CG:2    UG:4    +
   38   132  0   0.0%   1.779 GC:3    GU:3    +
   17    46  0   0.0%   0.016 CG:3    AU:3    +
   77   128  0   0.0%   0.528 GC:5    UG:1    +
   73   117  0   0.0%   1.084 CG:2    UG:4    +
  103   107  0   0.0%   0.250 GU:2    AU:4    +
   23    99  0   0.0%   0.568 GC:4    AU:2    +
   21   119  0   0.0%   0.680 CG:3    UG:3    +
   24    98  0   0.0%   0.460 UG:2    UA:4    +
   28    74  0   0.0%   0.265 CG:2    UA:4    +
   34   108  0   0.0%   0.137 GU:2    AU:4    +
   34   107  0   0.0%   0.137 GU:2    AU:4    +
   95   107  0   0.0%   0.471 GU:5    AU:1    +
   60   119  0   0.0%   1.100 CG:3    UG:3    +
  109   125  0   0.0%   1.281 CG:2    UG:4    +
  108   126  0   0.0%   0.654 UG:3    UA:3    +
   76   125  0   0.0%   1.275 CG:1    UG:5    +
   37   120  0   0.0%   1.559 CG:1    UG:5    +
   95   108  0   0.0%   0.476 GU:5    AU:1    +
   75   117  0   0.0%   1.038 CG:4    UG:2    +
   63   132  0   0.0%   1.468 GC:3    GU:3    +
   63    73  0   0.0%   0.626 GC:2    GU:4    +
   70   107  0   0.0%   0.143 GU:3    AU:3    +
   73   119  0   0.0%   1.391 CG:2    UG:4    +
   47    60  0   0.0%   0.015 GC:3    GU:3    +
   28   111  0   0.0%   0.267 CG:2    UG:4    +
   63   109  0   0.0%   0.631 GC:2    GU:4    +
   36    46  0   0.0%   0.074 CG:3    AU:3    +
   31   108  0   0.0%   0.285 GU:4    AU:2    +
   46    51  0   0.0%   0.009 GC:3    UA:3    +
   35    45  0   0.0%   0.294 GC:3    UA:3    +
   72   109  0   0.0%   0.170 GC:2    GU:4    +
  109   117  0   0.0%   1.118 CG:2    UG:4    +
   37    63  0   0.0%   0.406 CG:1    UG:5    +
   94   110  0   0.0%   0.478 CG:2    UG:4    +
  104   109  0   0.0%   0.368 GC:2    GU:4    +
   98   108  0   0.0%   0.310 GU:2    AU:4    +
   99   110  0   0.0%   0.412 CG:4    UG:2    +
   76   117  0   0.0%   1.075 CG:1    UG:5    +
   38   118  1   1.0%   1.741 GC:1    GU:4    +
   25    38  0   1.0%   0.528 CG:6    +
   25    31  2   1.5%   0.318 CG:4    +
   40   110  1   1.3%   0.635 UG:5    +
  120   128  1   1.3%   1.772 GC:5    +
   50    55  1   0.3%   0.053 UG:2    AU:2    UA:1    +
   85   107  0   0.7%   0.392 AU:6    +
   84   108  0   0.7%   0.464 AU:6    +
   22    34  1   0.2%   0.669 CG:1    UG:1    UA:3    +
   79   119  0   0.7%   1.504 CG:6    +
   78   120  0   0.7%   1.448 CG:6    +
   22   126  1   0.2%   1.094 CG:1    UG:1    UA:3    +
   13   118  1   0.1%   0.424 GC:1    GU:2    AU:2    +
   16    23  1   0.1%   0.463 CG:3    UG:1    UA:1    +
   10   118  1   0.1%   0.719 GC:1    GU:1    AU:3    +
    5    41  1   0.6%   0.100 CG:4    UG:1    +
   81   104  0   0.6%   0.207 CG:6    +
   76    87  1   0.1%   0.016 CG:1    UG:2    UA:2    +
   31   118  1   0.1%   1.328 GC:1    GU:3    AU:1    +
   35   127  1   0.0%   1.000 GC:1    GU:1    UA:3    +
   23   121  2   0.9%   0.710 GU:3    AU:1    +
   22   125  1   0.5%   1.469 CG:1    UG:4    +
   63   122  0   0.5%   1.249 GC:6    +
   38    71  0   0.5%   0.498 GC:6    +
   73   103  1   0.0%   0.116 CG:1    UG:1    UA:3    +
    4    28  1   0.0%   0.008 GC:1    GU:1    AU:3    +
   65   125  0   0.5%   1.274 CG:6    +
   94    98  1   0.0%   0.262 CG:1    UG:1    UA:3    +
  121   127  3   1.3%   1.297 UA:3    +
   35   129  1   0.5%   1.031 GC:2    UA:3    +
    5   117  1   0.5%   0.124 CG:4    UG:1    +
   31   109  1   0.0%   0.289 GC:1    GU:3    AU:1    +
   86   114  1   0.0%   0.803 CG:2    GU:2    AU:1    +
  118   126  1   0.0%   1.759 CG:1    UG:1    UA:3    +
   22   103  1   0.0%   0.649 CG:1    UG:1    UA:3    +
   10    22  1   0.0%   0.248 GC:1    GU:1    AU:3    +
   13    28  1   0.0%   0.335 GC:1    GU:2    AU:2    +
   20   118  1   0.0%   0.561 GC:1    GU:1    AU:3    +
   34   109  1   0.0%   0.137 GC:1    GU:1    AU:3    +
   87   109  1   0.0%   0.319 GC:1    GU:2    AU:2    +
   58   118  1   0.0%   1.130 GC:1    GU:2    AU:2    +
   34    73  1   0.0%   0.134 GC:1    GU:1    AU:3    +
   22   115  1   0.0%   0.657 CG:1    AU:1    UA:3    +
   58    75  1   0.0%   0.005 GC:3    GU:1    AU:1    +
  103   109  1   0.0%   0.295 GC:1    GU:1    AU:3    +
   20    94  1   0.0%   0.508 GC:1    GU:2    AU:2    +
    4    37  1   0.0%   0.003 GC:1    GU:1    AU:3    +
    4    73  1   0.0%   0.038 GC:1    GU:1    AU:3    +
   55    61  1   0.0%   0.222 GU:2    UG:2    AU:1    +
   89    97  1   0.5%   0.381 UG:1    UA:4    +
   80    96  0   0.5%   0.239 AU:6    +
   26    37  1   1.0%   0.446 AU:5    +
   40    66  1   0.9%   0.531 UA:5    +
   74   114  3   0.9%   0.709 GU:2    AU:1    +
   81   117  0   0.4%   1.028 CG:6    +
  117   122  0   0.4%   1.280 GC:6    +
   89    93  0   0.4%   0.267 UA:6    +
   20   131  3   0.9%   0.646 GC:2    GU:1    +
   82   110  1   0.4%   0.371 CG:4    UG:1    +
   30    40  1   0.9%   0.660 AU:5    +
   91   104  0   0.4%   0.221 CG:6    +
   86   106  2   0.7%   0.420 GU:3    AU:1    +
  122   126  3   1.1%   0.938 CG:3    +
  118   127  2   0.7%   1.690 AU:1    UA:3    +
   30    37  1   0.9%   0.637 AU:5    +
   85    89  0   0.4%   0.239 AU:6    +
   31    39  2   1.0%   0.671 GC:4    +
   86   112  2   0.0%   1.062 CG:1    GC:1    GU:1    AU:1    +
  121   130  2   0.7%   1.003 UG:1    UA:3    +
  119   123  0   0.3%   2.024 GC:6    +
   37   127  2   1.0%   1.355 UA:4    +
   81   111  0   0.3%   0.944 CG:6    +
   16    31  1   0.3%   0.066 CG:3    UA:2    +
  126   131  3   0.8%   0.743 GC:2    GU:1    +
  118   124  1   0.3%   2.199 AU:1    UA:4    +
   95   101  1   0.8%   0.410 GC:5    +
   20    27  3   1.0%   0.581 GC:3    +
   35   113  1   0.2%   0.351 GC:2    UA:3    +
  117   128  1   0.7%   1.292 GC:5    +
   34    40  1   0.2%   0.526 GU:1    AU:4    +
   96   104  0   0.2%   0.307 UG:6    +
   19    28  2   0.9%   0.140 AU:4    +
   77   121  1   0.2%   0.945 GU:4    UA:1    +
   31    36  3   0.9%   0.328 GC:3    +
  111   122  0   0.2%   1.081 GC:6    +
   43   119  2   0.5%   1.587 CG:1    UG:3    +
  121   131  2   0.5%   1.112 AU:1    UA:3    +
  120   131  3   0.7%   1.511 GC:2    GU:1    +
  110   123  0   0.2%   1.074 GC:6    +
   77    99  1   0.2%   0.212 GC:4    GU:1    +
  112   121  2   0.2%   1.601 GU:1    AU:1    UA:2    +
   29   114  3   0.9%   0.277 AU:3    +
   63    71  0   0.2%   0.669 GC:6    +
   11   120  0   0.2%   0.783 CG:6    +
  101   110  0   0.2%   0.424 CG:6    +
   80    89  0   0.2%   0.039 AU:6    +
   91   110  0   0.2%   0.381 CG:6    +
   88    94  2   0.5%   0.198 GC:1    AU:3    +
   27    38  0   0.1%   0.526 CG:6    +
   87    94  2   0.1%   0.190 GC:1    GU:2    AU:1    +
   93   108  0   0.1%   0.246 AU:6    +
   41   109  1   0.1%   0.686 GC:1    GU:4    +
    4    42  3   0.6%   0.099 GC:2    UA:1    +
  108   125  0   0.1%   1.262 UG:6    +
   11   117  0   0.1%   0.784 CG:6    +
   15   133  1   0.1%   0.859 CG:2    GC:3    +
   89   102  0   0.1%   0.280 UA:6    +
    8   114  1   0.1%   0.399 CG:3    AU:2    +
   42   120  1   0.6%   1.759 CG:5    +
  117   123  0   0.1%   1.689 GC:6    +
   97   114  2   0.1%   0.732 CG:1    GU:1    AU:2    +
   39    44  0   0.1%   0.391 CG:6    +
   72    91  0   0.1%   0.039 GC:6    +
   16   125  1   0.1%   0.057 CG:3    UG:2    +
   76   124  1   0.6%   1.113 UA:5    +
   63   134  0   0.1%   1.424 GC:6    +
   38   128  1   0.6%   1.609 GC:5    +
   38    65  0   0.1%   0.421 GC:6    +
   82   103  3   0.6%   0.126 CG:2    UA:1    +
   39   104  0   0.1%   0.432 CG:6    +
   38   105  0   0.1%   0.463 GC:6    +
   28    41  1   0.1%   0.591 CG:1    UG:4    +
   93   107  0   0.1%   0.228 AU:6    +
   92   108  0   0.1%   0.203 AU:6    +
   22   130  1   0.1%   1.208 CG:1    UA:4    +
   39    63  0   0.1%   0.392 CG:6    +
   12    40  1   0.6%   0.934 AU:5    +
    5   125  1   0.1%   0.089 CG:4    UG:1    +
   25   120  0   0.1%   0.791 CG:6    +
   40   103  1   0.1%   0.473 UG:1    UA:4    +
   86    99  2   0.1%   0.182 GC:2    GU:1    AU:1    +
   38   134  0   0.1%   1.726 GC:6    +
   27   119  0   0.1%   0.847 CG:6    +
   11    41  1   0.5%   1.057 CG:5    +
    5   119  1   0.0%   0.084 CG:4    UG:1    +
    5    31  1   0.0%   0.017 CG:4    UA:1    +
   11   119  0   0.0%   0.756 CG:6    +
  120   134  0   0.0%   2.160 GC:6    +
   39    72  0   0.0%   0.430 CG:6    +
   63   123  0   0.0%   1.750 GC:6    +
   24   125  0   0.0%   1.167 UG:6    +
   72    81  0   0.0%   0.026 GC:6    +
    5   120  1   0.0%   0.087 CG:4    UG:1    +
   11   125  0   0.0%   0.766 CG:6    +
  114   133  1   0.0%   1.140 GC:3    UG:2    +
   75    95  1   0.0%   0.010 CG:3    UG:2    +
   81   120  0   0.0%   1.287 CG:6    +
   82   119  1   0.0%   1.285 CG:4    UG:1    +
   72    78  0   0.0%   0.023 GC:6    +
   31    40  1   0.0%   0.640 GU:4    AU:1    +
   24    30  0   0.0%   0.549 UA:6    +
   61   113  1   0.0%   0.395 GC:2    UA:3    +
    3    22  1   0.0%   0.007 GC:1    AU:4    +
   91    95  1   0.5%   0.299 CG:5    +
   73    77  1   0.0%   0.013 CG:1    UG:4    +
   39    47  0   0.0%   0.390 CG:6    +
   38    48  0   0.0%   0.413 GC:6    +
   24    29  0   0.0%   0.485 UA:6    +
    3    28  1   0.0%   0.008 GC:1    AU:4    +
  105   111  0   0.0%   1.048 CG:6    +
   24    38  0   0.0%   0.763 UG:6    +
   31   112  2   0.0%   0.292 GC:2    GU:1    AU:1    +
   44   123  0   0.0%   0.729 GC:6    +
   24    33  0   0.0%   0.457 UA:6    +
   31    37  1   0.0%   0.611 GU:4    AU:1    +
   83   107  0   0.0%   0.121 AU:6    +
   13   132  2   0.0%   0.373 GC:1    GU:2    AU:1    +
   34   106  1   0.0%   0.139 GU:2    AU:3    +
   21    41  1   0.0%   0.969 CG:3    UG:2    +
   33   107  0   0.0%   0.033 AU:6    +
   81    95  1   0.5%   0.259 CG:5    +
   23    40  1   0.0%   0.873 GU:4    AU:1    +
   19    24  0   0.0%   0.381 AU:6    +
   32   108  0   0.0%   0.082 AU:6    +
   62    72  0   0.0%   0.019 CG:6    +
   50   115  1   0.0%   0.573 AU:2    UA:3    +
    7   118  1   0.0%   0.147 AU:4    UA:1    +
   39   119  0   0.0%   1.598 CG:6    +
   65   120  0   0.0%   1.342 CG:6    +
   87   108  1   0.0%   0.292 GU:3    AU:2    +
   85   108  0   0.0%   0.354 AU:6    +
   37    41  1   0.0%   0.734 CG:1    UG:4    +
   16   119  1   0.0%   0.044 CG:3    UG:2    +
   65   111  0   0.0%   0.833 CG:6    +
   48   117  0   0.0%   0.744 CG:6    +
   47   118  1   0.0%   1.139 GC:1    GU:4    +
   16   120  1   0.0%   0.054 CG:3    UG:2    +
   80   118  2   0.7%   1.600 AU:4    +
   77    94  1   0.0%   0.015 GC:1    GU:4    +
   89   104  0   0.0%   0.368 UG:6    +
   94   102  2   0.7%   0.277 UA:4    +
   22    38  1   0.0%   0.945 CG:1    UG:4    +
   10    43  2   0.0%   0.715 GC:1    GU:1    AU:2    +
   22   117  1   0.0%   0.700 CG:1    UG:4    +
   86   109  2   0.0%   0.413 GC:2    GU:1    AU:1    +
   80   108  0   0.0%   0.181 AU:6    +
   48   120  0   0.0%   1.063 CG:6    +
    4    24  1   0.0%   0.003 GU:2    AU:3    +
   78   117  0   0.0%   1.081 CG:6    +
   82   104  1   0.0%   0.153 CG:4    UG:1    +
   18    24  0   0.0%   0.380 AU:6    +
   12    24  0   0.0%   0.685 AU:6    +
    5    38  1   0.0%   0.008 CG:4    UG:1    +
  114   121  1   0.0%   1.327 GU:3    UA:2    +
   72    79  0   0.0%   0.019 GC:6    +
   72   123  0   0.0%   0.950 GC:6    +
  118   125  1   0.0%   2.371 CG:1    UG:4    +
   87   107  1   0.0%   0.294 GU:3    AU:2    +
   18   107  0   0.0%   0.007 AU:6    +
   96   102  0   0.0%   0.197 UA:6    +
   11   104  0   0.0%   0.730 CG:6    +
   87    96  1   0.0%   0.157 GU:3    AU:2    +
   27   104  0   0.0%   0.156 CG:6    +
   49    58  2   0.0%   0.060 CG:1    UG:2    UA:1    +
   66   108  0   0.0%   0.052 AU:6    +
    5    44  1   0.0%   0.039 CG:4    UG:1    +
   92   107  0   0.0%   0.195 AU:6    +
   40   127  1   0.0%   1.231 AU:1    UA:4    +
   89   111  0   0.0%   1.100 UG:6    +
   16    38  1   0.0%   0.320 CG:3    UG:2    +
   27   111  0   0.0%   0.155 CG:6    +
   71   125  0   0.0%   1.219 CG:6    +
   25   117  0   0.0%   0.187 CG:6    +
   22   119  1   0.0%   0.664 CG:1    UG:4    +
   23    43  2   0.0%   0.629 GC:1    GU:2    AU:1    +
  105   110  0   0.0%   0.496 CG:6    +
   11    72  0   0.0%   0.729 CG:6    +
   62   117  0   0.0%   0.736 CG:6    +
   30   108  0   0.0%   0.262 AU:6    +
   44   122  0   0.0%   0.179 GC:6    +
   22   120  1   0.0%   0.674 CG:1    UG:4    +
   92    96  0   0.0%   0.130 AU:6    +
   68   108  0   0.0%   0.117 AU:6    +
   72   122  0   0.0%   0.427 GC:6    +
   69   107  0   0.0%   0.128 AU:6    +
   16   117  1   0.0%   0.077 CG:3    UG:2    +
   41   133  1   0.0%   1.558 CG:1    GC:4    +
   95   106  1   0.0%   0.466 GU:4    AU:1    +
   91   120  0   0.0%   1.252 CG:6    +
   20    43  2   0.0%   0.560 GC:1    GU:1    AU:2    +
   85    96  0   0.0%   0.133 AU:6    +
   24   135  0   0.0%   1.038 UA:6    +
   97   108  1   0.0%   0.308 GU:1    AU:4    +
   78   104  0   0.0%   0.157 CG:6    +
   65    72  0   0.0%   0.097 CG:6    +
   61   115  1   0.0%   0.455 GU:2    UA:3    +
   79   125  0   0.0%   1.299 CG:6    +
   72   105  0   0.0%   0.164 GC:6    +
    5    63  1   0.0%   0.039 CG:4    UG:1    +
   11    63  0   0.0%   0.729 CG:6    +
   16    47  1   0.0%   0.027 CG:3    UG:2    +
   43   126  2   0.0%   0.885 CG:1    UG:1    UA:2    +
   71   119  0   0.0%   1.386 CG:6    +
   97   106  1   0.0%   0.298 GU:1    AU:4    +
   76    86  2   0.0%   0.005 CG:1    UG:2    UA:1    +
   82   111  1   0.0%   0.907 CG:4    UG:1    +
  102   108  0   0.0%   0.250 AU:6    +
   72   118  1   0.0%   1.493 GC:1    GU:4    +
   80   107  0   0.0%   0.173 AU:6    +
   39   110  0   0.0%   0.420 CG:6    +
   13    75  2   0.0%   0.356 GC:2    GU:1    AU:1    +
   91   111  0   0.0%   0.920 CG:6    +
   91   119  0   0.0%   1.293 CG:6    +
    3    37  1   0.0%   0.005 GU:1    AU:4    +
   47    62  0   0.0%   0.014 GC:6    +
   40   126  1   0.0%   1.397 UG:2    UA:3    +
   44   118  1   0.0%   1.134 GC:1    GU:4    +
   41   132  1   0.0%   1.592 GC:3    GU:2    +
   24   130  1   0.0%   1.041 UG:1    UA:4    +
  111   123  0   0.0%   1.613 GC:6    +
   89   120  0   0.0%   1.431 UG:6    +
   81   110  0   0.0%   0.330 CG:6    +
   77   100  2   0.0%   0.165 GC:1    GU:2    UG:1    +
   26    96  0   0.0%   0.074 AU:6    +
   83    96  0   0.0%   0.156 AU:6    +
   33   108  0   0.0%   0.032 AU:6    +
   89   110  0   0.0%   0.541 UG:6    +
  111   134  0   0.0%   1.237 GC:6    +
   69   108  0   0.0%   0.134 AU:6    +
   48   104  0   0.0%   0.026 CG:6    +
   47   105  0   0.0%   0.026 GC:6    +
   70   106  1   0.0%   0.143 GU:3    AU:2    +
   73    95  1   0.0%   0.017 CG:1    UG:4    +
   23   112  2   0.0%   0.569 GC:2    GU:1    AU:1    +
    5   111  1   0.0%   0.039 CG:4    UG:1    +
   63   105  0   0.0%   0.634 GC:6    +
   40    70  1   0.0%   0.486 UG:2    UA:3    +
  104   108  0   0.0%   0.343 GU:6    +
   95   112  2   0.0%   1.138 GC:2    GU:1    AU:1    +
   84    96  0   0.0%   0.208 AU:6    +
    5    72  1   0.0%   0.038 CG:4    UG:1    +
   20    40  1   0.0%   0.821 GU:2    AU:3    +
   38    78  0   0.0%   0.446 GC:6    +
   46   121  1   0.0%   0.663 GU:3    UA:2    +
   38    62  0   0.0%   0.403 GC:6    +
   71   120  0   0.0%   1.345 CG:6    +
   72    96  0   0.0%   0.028 GU:6    +
   97   107  1   0.0%   0.303 GU:1    AU:4    +
   48   119  0   0.0%   1.106 CG:6    +
   10    40  1   0.0%   0.937 GU:2    AU:3    +
   98   106  1   0.0%   0.300 GU:2    AU:3    +
   62   125  0   0.0%   0.975 CG:6    +
   24   111  0   0.0%   0.460 UG:6    +
   47    78  0   0.0%   0.012 GC:6    +
   25   110  0   0.0%   0.134 CG:6    +
   44    65  0   0.0%   0.092 GC:6    +
   27    72  0   0.0%   0.154 CG:6    +
   72   134  0   0.0%   0.636 GC:6    +
   41    73  1   0.0%   0.656 GC:1    GU:4    +
  110   134  0   0.0%   0.687 GC:6    +
   63    78  0   0.0%   0.621 GC:6    +
   32   107  0   0.0%   0.078 AU:6    +
  107   125  0   0.0%   1.225 UG:6    +
  111   118  1   0.0%   2.146 GC:1    GU:4    +
  106   126  1   0.0%   0.623 UG:3    UA:2    +
  101   111  0   0.0%   0.960 CG:6    +
   47   122  0   0.0%   0.183 GC:6    +
   11    47  0   0.0%   0.729 CG:6    +
   11    44  0   0.0%   0.729 CG:6    +
   73   130  1   0.0%   0.258 CG:1    UA:4    +
   82   117  1   0.0%   0.961 CG:4    UG:1    +
   71   110  0   0.0%   0.214 CG:6    +
  102   107  0   0.0%   0.245 AU:6    +
   72    89  0   0.0%   0.021 GU:6    +
   63   118  1   0.0%   2.101 GC:1    GU:4    +
   38   101  0   0.0%   0.446 GC:6    +
   13    43  2   0.0%   0.406 GC:1    GU:1    AU:2    +
   40    74  1   0.0%   0.461 UG:1    UA:4    +
   44   134  0   0.0%   0.386 GC:6    +
   35    64  1   0.0%   0.300 GC:3    UG:2    +
   11   111  0   0.0%   0.730 CG:6    +
   63    79  0   0.0%   0.620 GC:6    +
   91   117  0   0.0%   0.973 CG:6    +
  105   125  0   0.0%   1.234 CG:6    +
   72    82  1   0.0%   0.021 GC:4    GU:1    +
   79   111  0   0.0%   1.048 CG:6    +
   82   125  1   0.0%   1.109 CG:4    UG:1    +
   62   119  0   0.0%   1.098 CG:6    +
   24   117  0   0.0%   0.511 UG:6    +
   96   111  0   0.0%   0.992 UG:6    +
   44   105  0   0.0%   0.023 GC:6    +
   36   120  3   0.7%   1.250 CG:3    +
   72   128  1   0.5%   0.548 GC:5    +
  119   133  2   0.6%   1.791 GC:4    +
   31   133  2   0.6%   1.074 GC:4    +
  119   128  1   0.5%   1.602 GC:5    +
   77   123  1   0.5%   1.029 GC:5    +
   87   105  3   0.7%   0.324 GC:3    +
   22    43  3   0.1%   0.717 CG:1    AU:1    UA:1    +
   31   122  2   0.5%   0.677 GC:4    +
   42   114  2   0.2%   0.828 CG:3    AU:1    +
   90    96  2   0.5%   0.190 AU:4    +
   43   121  3   0.1%   1.134 GU:1    AU:1    UA:1    +
   96   100  3   0.4%   0.275 UG:1    UA:2    +
    1    15  2   0.2%   0.034 CG:3    GC:1    +
   83   109  2   0.5%   0.413 AU:4    +
   37   129  2   0.5%   1.327 UA:4    +
   40    69  1   0.3%   0.498 UA:5    +
   88    97  3   0.1%   0.119 GC:1    UG:1    UA:1    +
   13    39  3   0.6%   0.678 GC:3    +
   87   100  3   0.1%   0.151 GC:1    GU:1    AU:1    +
   32   132  3   0.6%   0.588 AU:3    +
   23   122  2   0.5%   0.692 GC:4    +
   10   121  2   0.1%   0.703 GU:1    AU:3    +
   67   121  2   0.1%   0.769 AU:3    UA:1    +
   96   115  2   0.1%   0.758 UG:1    UA:3    +
   39    70  3   0.5%   0.466 CG:3    +
   35    43  3   0.0%   0.374 GC:1    GU:1    UA:1    +
   14    38  3   0.5%   0.820 CG:3    +
   74   100  3   0.0%   0.167 GC:1    GU:1    AU:1    +
   66   118  2   0.4%   1.302 AU:4    +
   97   112  3   0.0%   0.970 CG:1    GU:1    AU:1    +
   99   103  3   0.0%   0.183 CG:1    UG:1    UA:1    +
   77   127  3   0.0%   0.523 GC:1    GU:1    UA:1    +
  100   115  3   0.0%   0.699 CG:1    GU:1    UA:1    +
   82   100  3   0.0%   0.098 CG:1    AU:1    UA:1    +
   16   112  3   0.0%   0.027 CG:1    AU:1    UA:1    +
   43   106  3   0.0%   0.441 GU:1    AU:1    UA:1    +
   34    49  2   0.1%   0.145 GC:1    AU:3    +
   34    43  2   0.1%   0.211 GC:1    AU:3    +
   35   124  2   0.1%   1.169 GU:1    UA:3    +
   64   126  3   0.5%   1.124 CG:3    +
   43   103  2   0.1%   0.455 CG:1    UA:3    +
   34   132  3   0.2%   0.611 GU:2    AU:1    +
   64   133  2   0.1%   1.084 CG:2    GC:2    +
   15   128  2   0.1%   0.130 CG:1    GC:3    +
   43   124  2   0.1%   1.294 GU:1    UA:3    +
   38    42  1   0.2%   0.477 GC:5    +
    7    43  2   0.1%   0.161 UG:1    AU:3    +
   29    37  1   0.2%   0.475 AU:5    +
   95   105  1   0.2%   0.491 GC:5    +
   63   121  2   0.4%   1.692 GU:4    +
   73   127  3   0.5%   0.537 UA:3    +
    5   114  2   0.0%   0.053 CG:3    AU:1    +
   32   121  2   0.4%   0.583 AU:4    +
  116   125  1   0.2%   1.620 CG:5    +
   22    31  2   0.0%   0.724 UG:3    UA:1    +
   38    43  2   0.0%   0.478 GC:1    GU:3    +
   35   130  2   0.0%   0.843 GC:1    UA:3    +
   34   118  2   0.0%   0.932 GU:1    AU:3    +
   31   121  2   0.0%   0.993 GU:3    AU:1    +
   40    46  2   0.0%   0.404 UG:3    AU:1    +
   35    41  2   0.0%   0.618 GC:1    UG:3    +
  104   112  2   0.0%   1.002 GC:2    GU:2    +
  114   128  2   0.0%   0.996 GC:3    UG:1    +
    2    14  3   0.2%   0.036 CG:2    GC:1    +
   88    96  2   0.0%   0.127 GU:1    AU:3    +
   82    95  2   0.0%   0.210 CG:3    UG:1    +
   16    41  2   0.0%   0.329 CG:3    UG:1    +
    8   117  2   0.0%   0.407 CG:3    UG:1    +
    2    15  2   0.0%   0.027 CG:3    GC:1    +
    8   120  2   0.0%   0.390 CG:3    UG:1    +
    8    38  2   0.0%   0.130 CG:3    UG:1    +
    5    23  2   0.0%   0.008 CG:3    UG:1    +
   41   112  2   0.0%   1.048 GC:2    GU:2    +
   24   115  2   0.0%   0.472 UG:1    UA:3    +
   86   107  2   0.0%   0.388 GU:3    AU:1    +
   88   107  2   0.0%   0.224 GU:1    AU:3    +
   43   120  2   0.0%   1.517 CG:1    UG:3    +
   13    22  2   0.0%   0.759 GU:2    AU:2    +
   20   121  2   0.0%   0.527 GU:1    AU:3    +
  121   126  2   0.0%   1.271 UG:1    UA:3    +
   87   106  2   0.0%   0.293 GU:3    AU:1    +
   49   119  2   0.0%   1.151 CG:1    UG:3    +
    8   125  2   0.0%   0.386 CG:3    UG:1    +
   87   114  2   0.0%   0.709 CG:1    GU:3    +
   28   130  2   0.0%   0.784 CG:1    UA:3    +
  112   119  2   0.0%   2.070 CG:2    UG:2    +
   74   121  2   0.0%   0.833 GU:1    AU:3    +
   16   114  2   0.0%   0.045 CG:3    AU:1    +
   41   115  3   0.2%   1.137 CG:1    GU:2    +
   86   108  2   0.0%   0.383 GU:3    AU:1    +
    8   119  2   0.0%   0.386 CG:3    UG:1    +
   94   103  2   0.0%   0.249 UG:2    UA:2    +
   77    82  2   0.0%   0.004 GC:3    GU:1    +
   34   121  2   0.0%   0.600 GU:1    AU:3    +
   73    97  2   0.0%   0.018 CG:1    UA:3    +
    2    41  2   0.0%   0.019 CG:3    GC:1    +
    3   121  2   0.0%   0.031 GU:1    AU:3    +
  112   117  2   0.0%   1.750 CG:2    UG:2    +
   88   108  2   0.0%   0.219 GU:1    AU:3    +
   43   117  2   0.0%   1.170 CG:1    UG:3    +
  114   118  2   0.0%   1.912 GU:3    UA:1    +
    8    31  2   0.0%   0.133 CG:3    UG:1    +
   86    96  2   0.0%   0.157 GU:3    AU:1    +
   74    94  2   0.0%   0.010 GU:2    AU:2    +
   43   129  2   0.0%   0.682 GC:1    UA:3    +
   37   130  2   0.0%   1.108 UG:1    UA:3    +
   40   114  2   0.0%   0.979 UG:3    AU:1    +
   13   121  2   0.0%   0.378 GU:1    AU:3    +
  112   120  2   0.0%   2.028 CG:2    UG:2    +
   53    61  2   0.0%   0.002 CG:1    AU:3    +
   55    59  2   0.0%   0.224 GC:2    UA:2    +
   37   115  2   0.0%   1.234 UG:1    UA:3    +
    9    35  2   0.0%   0.127 CG:1    AU:3    +
  112   125  2   0.0%   1.915 CG:2    UG:2    +
    4    22  2   0.0%   0.002 GU:1    AU:3    +
   36    77  2   0.0%   0.081 CG:3    AU:1    +
    6    35  2   0.0%   0.005 CG:1    AU:3    +
   43   125  2   0.0%   1.452 CG:1    UG:3    +
   49   103  2   0.0%   0.068 CG:1    UA:3    +
   43   127  2   0.0%   0.718 GU:1    UA:3    +
   35   106  2   0.0%   0.307 GU:3    UA:1    +
    1    41  2   0.0%   0.014 CG:3    GC:1    +
   46   116  2   0.0%   0.299 GC:3    UA:1    +
   36    55  2   0.0%   0.081 CG:2    AU:2    +
   59    77  2   0.0%   0.004 CG:3    AU:1    +
   74   118  2   0.0%   1.409 GU:1    AU:3    +
   70   121  2   0.0%   0.888 GU:1    AU:3    +
    7    35  2   0.0%   0.102 UG:1    AU:3    +
   58   121  2   0.0%   0.656 GU:3    AU:1    +
    4    35  2   0.0%   0.003 UG:1    AU:3    +
   46   118  2   0.0%   1.136 GU:3    UA:1    +
   70    82  2   0.0%   0.039 GC:3    AU:1    +
   76   115  2   0.0%   0.789 CG:1    UA:3    +
   34   114  3   0.2%   0.245 GU:2    AU:1    +
    3    43  3   0.4%   0.073 AU:3    +
   21    26  3   0.4%   0.508 UA:3    +
   94   100  3   0.2%   0.259 CG:1    UA:2    +
   19    40  1   0.1%   0.377 AU:5    +
   79    86  3   0.4%   0.071 CG:3    +
   76   100  3   0.1%   0.186 UG:1    UA:2    +
   24   124  1   0.1%   1.132 UA:5    +
  117   131  3   0.1%   1.043 GC:2    GU:1    +
   42   119  1   0.1%   1.723 CG:5    +
   28    35  3   0.1%   0.526 CG:2    UG:1    +
  100   111  3   0.1%   0.965 CG:1    UG:2    +
    6    40  2   0.3%   0.056 AU:4    +
   36   112  3   0.1%   0.109 CG:1    AU:2    +
   33    40  1   0.1%   0.410 AU:5    +
    7   115  3   0.1%   0.130 UG:1    AU:2    +
   24    41  1   0.1%   0.777 UG:5    +
   82    86  3   0.1%   0.055 CG:2    UG:1    +
   41   116  1   0.1%   0.979 GC:5    +
   42   104  1   0.1%   0.352 CG:5    +
   32    37  1   0.1%   0.474 AU:5    +
   41   105  1   0.1%   0.677 GC:5    +
   42   125  1   0.1%   1.664 CG:5    +
   85    94  2   0.3%   0.159 AU:4    +
    6    43  3   0.3%   0.105 AU:3    +
   25    41  1   0.1%   0.455 CG:5    +
   63   128  1   0.1%   1.278 GC:5    +
   26    40  1   0.1%   0.398 AU:5    +
   40   121  3   0.1%   1.465 AU:1    UA:2    +
   19   132  3   0.3%   0.472 AU:3    +
   29    40  1   0.1%   0.450 AU:5    +
   37    66  1   0.1%   0.419 UA:5    +
   15    37  3   0.3%   0.390 GU:3    +
   38    67  3   0.1%   0.424 GC:2    GU:1    +
   21    34  3   0.1%   0.649 UG:2    UA:1    +
   77    91  1   0.1%   0.026 GC:5    +
   31    42  2   0.2%   0.354 GC:4    +
   37    68  1   0.1%   0.422 UA:5    +
   77    86  3   0.1%   0.016 GC:2    UA:1    +
   87    99  3   0.1%   0.185 GC:1    GU:2    +
   76    92  1   0.0%   0.019 UA:5    +
   67   120  3   0.0%   1.198 CG:2    UG:1    +
   33    37  1   0.0%   0.417 AU:5    +
  128   133  3   0.0%   1.001 CG:2    GC:1    +
  118   129  3   0.3%   1.606 UA:3    +
    9    24  1   0.0%   0.232 AU:5    +
   77   122  1   0.0%   0.439 GC:5    +
  111   116  1   0.0%   1.278 GC:5    +
   63   116  1   0.0%   1.270 GC:5    +
   37   135  1   0.0%   1.110 UA:5    +
   32    40  1   0.0%   0.449 AU:5    +
   38   116  1   0.0%   1.104 GC:5    +
   41   122  1   0.0%   1.159 GC:5    +
  125   131  3   0.0%   1.196 GC:2    GU:1    +
   13    35  3   0.0%   0.329 GU:1    AU:2    +
   30   118  2   0.2%   1.053 AU:4    +
   14    22  3   0.0%   0.771 GU:2    AU:1    +
   37    69  1   0.0%   0.420 UA:5    +
   14   128  3   0.0%   0.519 CG:1    GC:2    +
   32   118  2   0.2%   0.880 AU:4    +
    4   115  3   0.0%   0.044 GU:2    UG:1    +
  106   110  1   0.0%   0.488 UG:5    +
   64   112  3   0.0%   1.305 CG:1    GC:2    +
   19    37  1   0.0%   0.329 AU:5    +
   14    24  3   0.0%   0.699 GU:2    AU:1    +
   84   106  1   0.0%   0.173 AU:5    +
   14    37  3   0.0%   0.735 GU:2    AU:1    +
   61    73  3   0.0%   0.010 GC:2    GU:1    +
   43   114  3   0.0%   0.912 GU:1    UG:2    +
   21   126  3   0.3%   1.078 UG:3    +
   31   114  3   0.0%   0.365 GU:1    AU:2    +
   86    91  3   0.3%   0.098 GC:3    +
   76    85  1   0.0%   0.006 UA:5    +
   14   121  3   0.0%   0.527 GU:2    AU:1    +
   67   117  3   0.0%   0.798 CG:2    UG:1    +
   83   106  1   0.0%   0.119 AU:5    +
   49    55  3   0.0%   0.010 UG:2    AU:1    +
   18    37  1   0.0%   0.287 AU:5    +
   75    86  3   0.0%   0.004 CG:1    UG:2    +
   14    43  3   0.0%   0.552 CG:1    GU:2    +
   42   111  1   0.0%   0.704 CG:5    +
   77   101  1   0.0%   0.159 GC:5    +
    1    24  3   0.0%   0.014 GU:1    AU:2    +
    5    13  3   0.0%   0.002 CG:2    UG:1    +
    4   113  3   0.0%   0.041 GC:2    UA:1    +
    6    24  1   0.0%   0.005 AU:5    +
   40   117  1   0.0%   0.956 UG:5    +
   75    97  3   0.0%   0.007 CG:1    UA:2    +
  112   124  3   0.0%   1.726 AU:1    UA:2    +
   30    76  1   0.0%   0.263 AU:5    +
    1    14  3   0.0%   0.002 CG:2    GC:1    +
   76   102  1   0.0%   0.113 UA:5    +
   19   106  1   0.0%   0.057 AU:5    +
   67   119  3   0.0%   1.232 CG:2    UG:1    +
   27    41  1   0.0%   0.470 CG:5    +
   41   134  1   0.0%   1.533 GC:5    +
   23    27  2   0.2%   0.534 GC:4    +
    4   116  3   0.0%   0.042 GC:2    UA:1    +
   95   100  3   0.0%   0.315 GC:1    GU:2    +
   89   100  3   0.0%   0.329 UG:1    UA:2    +
    6    37  1   0.0%   0.006 AU:5    +
    8    16  3   0.0%   0.006 AU:2    UA:1    +
    3   114  3   0.0%   0.035 GU:1    AU:2    +
  115   124  3   0.0%   1.547 GU:1    UA:2    +
   40    63  1   0.0%   0.400 UG:5    +
   76    83  1   0.0%   0.003 UA:5    +
   80   106  1   0.0%   0.174 AU:5    +
   93   106  1   0.0%   0.214 AU:5    +
  104   128  1   0.0%   0.405 GC:5    +
   35    75  3   0.0%   0.304 GC:1    GU:2    +
   71    95  1   0.0%   0.040 CG:5    +
   35    73  3   0.0%   0.303 GC:2    GU:1    +
   71    77  1   0.0%   0.040 CG:5    +
    2   132  3   0.0%   0.034 GU:1    AU:2    +
  119   131  3   0.0%   1.325 GC:2    GU:1    +
    3    40  1   0.0%   0.006 AU:5    +
   18    40  1   0.0%   0.309 AU:5    +
   14    28  3   0.0%   0.341 GU:2    AU:1    +
    3   132  3   0.0%   0.032 GU:1    AU:2    +
   10   131  3   0.0%   0.683 GC:2    GU:1    +
   60    74  3   0.0%   0.008 UG:2    UA:1    +
   76    93  1   0.0%   0.013 UA:5    +
   40   135  1   0.0%   0.998 UA:5    +
    1   132  3   0.0%   0.022 GU:1    AU:2    +
   35   112  3   0.0%   0.307 GU:2    UG:1    +
   40    68  1   0.0%   0.443 UA:5    +
   32   106  1   0.0%   0.078 AU:5    +
  110   116  1   0.0%   0.723 GC:5    +
   70   131  3   0.0%   0.267 GC:2    GU:1    +
   95   114  3   0.0%   0.879 GU:2    AU:1    +
   77   105  1   0.0%   0.156 GC:5    +
   68   106  1   0.0%   0.008 AU:5    +
   42   110  1   0.0%   0.390 CG:5    +
   77    81  1   0.0%   0.006 GC:5    +
   43   131  3   0.0%   0.546 GC:1    UA:2    +
   35    76  3   0.0%   0.304 GC:1    GU:2    +
   14    40  3   0.0%   0.802 GU:2    AU:1    +
   94   115  3   0.0%   0.770 UG:1    UA:2    +
   11    77  1   0.0%   0.729 CG:5    +
   12    76  1   0.0%   0.603 AU:5    +
   38   131  3   0.0%   1.408 GC:2    GU:1    +
    2   112  3   0.0%   0.019 CG:1    AU:2    +
   23   114  3   0.0%   0.591 GU:1    AU:2    +
   15    43  3   0.0%   0.145 CG:1    GU:2    +
   75    87  3   0.0%   0.002 CG:1    UG:2    +
   41   101  1   0.0%   0.652 GC:5    +
   76    84  1   0.0%   0.002 UA:5    +
    3    21  3   0.0%   0.000 GU:1    AU:2    +
   27    95  1   0.0%   0.154 CG:5    +
   33    76  1   0.0%   0.029 AU:5    +
    2    24  3   0.0%   0.016 GU:1    AU:2    +
   76    88  3   0.0%   0.008 UG:1    UA:2    +
   77    89  1   0.0%   0.013 GU:5    +
   67   110  3   0.0%   0.185 CG:2    UG:1    +
    2    21  3   0.0%   0.013 GU:1    AU:2    +
   72   100  3   0.0%   0.036 GC:1    GU:2    +
    4   112  3   0.0%   0.039 GU:2    UA:1    +
   57    76  1   0.0%   0.042 AU:5    +
   55    60  3   0.0%   0.224 GC:2    AU:1    +
    1   112  3   0.0%   0.014 CG:1    AU:2    +
   41    62  1   0.0%   0.334 GC:5    +
   40   102  1   0.0%   0.458 UA:5    +
   14   118  3   0.0%   0.561 GU:2    AU:1    +
   44   116  1   0.0%   0.297 GC:5    +
   92   106  1   0.0%   0.193 AU:5    +
   37    54  1   0.0%   0.405 UA:5    +
   82    98  3   0.0%   0.131 CG:2    UA:1    +
   42    47  1   0.0%   0.080 CG:5    +
   41    48  1   0.0%   0.342 GC:5    +
   40   125  1   0.0%   1.958 UG:5    +
   39    77  1   0.0%   0.415 CG:5    +
    7   112  3   0.0%   0.107 AU:2    UA:1    +
   40   120  1   0.0%   1.834 UG:5    +
   43    67  3   0.0%   0.438 GC:1    UA:2    +
    1    64  3   0.0%   0.014 CG:2    GC:1    +
   42    72  1   0.0%   0.339 CG:5    +
   48    77  1   0.0%   0.012 CG:5    +
   73    88  3   0.0%   0.010 UG:1    UA:2    +
   65    77  1   0.0%   0.083 CG:5    +
  100   104  3   0.0%   0.244 CG:1    UG:2    +
   28    55  3   0.0%   0.265 UG:2    UA:1    +
   66    76  1   0.0%   0.050 AU:5    +
   63    67  3   0.0%   0.615 GC:2    GU:1    +
    1    21  3   0.0%   0.012 GU:1    AU:2    +
   74    82  3   0.0%   0.004 GC:2    AU:1    +
   33   106  1   0.0%   0.029 AU:5    +
   72   131  3   0.0%   0.321 GC:2    GU:1    +
  108   124  1   0.0%   1.045 UA:5    +
   32    76  1   0.0%   0.078 AU:5    +
   41    71  1   0.0%   0.679 GC:5    +
   26    76  1   0.0%   0.074 AU:5    +
   25    77  1   0.0%   0.134 CG:5    +
   67    72  3   0.0%   0.020 CG:2    UG:1    +
   50    58  3   0.0%   0.124 UG:2    UA:1    +
   64   128  3   0.0%   0.908 CG:1    GC:2    +
   53   115  3   0.0%   0.450 CG:1    AU:2    +
   63   131  3   0.0%   1.097 GC:2    GU:1    +
    2    64  3   0.0%   0.018 CG:2    GC:1    +
   67   125  3   0.0%   1.076 CG:2    UG:1    +
  100   110  3   0.0%   0.392 CG:1    UG:2    +
   75   126  3   0.0%   0.641 CG:1    UG:2    +
   52    58  3   0.0%   0.006 UG:2    UA:1    +
   67   126  3   0.0%   0.507 CG:2    UG:1    +
   13   114  3   0.0%   0.372 GU:2    AU:1    +
   98   114  3   0.0%   0.720 GU:2    AU:1    +
   40   111  1   0.0%   0.889 UG:5    +
   55   118  3   0.0%   1.345 GU:2    AU:1    +
   23    42  2   0.2%   0.622 GC:4    +
   82    87  3   0.2%   0.084 CG:3    +
  109   124  2   0.2%   1.101 UA:4    +
  102   109  2   0.2%   0.302 AU:4    +
   92   109  2   0.1%   0.251 AU:4    +
   79    87  3   0.2%   0.071 CG:3    +
   31   123  2   0.1%   0.977 GC:4    +
  118   130  2   0.1%   1.405 UA:4    +
   35    39  3   0.2%   0.674 GC:3    +
  125   133  2   0.1%   1.721 GC:4    +
   95   116  2   0.1%   0.720 GC:4    +
   83    94  2   0.1%   0.156 AU:4    +
   73   102  2   0.1%   0.112 UA:4    +
   15    36  3   0.2%   0.097 GC:3    +
   23    39  2   0.1%   0.874 GC:4    +
   31   134  2   0.1%   1.024 GC:4    +
   20    39  3   0.2%   0.823 GC:3    +
   14   117  3   0.2%   0.570 CG:3    +
   81    87  3   0.2%   0.064 CG:3    +
   49    56  3   0.2%   0.039 UA:3    +
   15   116  3   0.2%   0.126 GC:3    +
   10    25  3   0.2%   0.416 GC:3    +
   64    70  3   0.2%   0.302 CG:3    +
   35   123  3   0.2%   1.094 GC:3    +
   22    33  2   0.1%   0.634 UA:4    +
   36    41  3   0.1%   0.416 CG:3    +
   84    94  2   0.1%   0.209 AU:4    +
   30    43  3   0.1%   0.340 AU:3    +
   17    31  3   0.1%   0.056 CG:3    +
   28    33  2   0.0%   0.165 UA:4    +
   22    32  2   0.0%   0.626 UA:4    +
   66   121  2   0.0%   0.813 AU:4    +
   33   118  2   0.0%   0.818 AU:4    +
    6    28  2   0.0%   0.015 AU:4    +
   21    35  3   0.1%   0.836 UG:3    +
   38    64  2   0.0%   0.411 GC:4    +
   73    80  2   0.0%   0.015 UA:4    +
   18    22  2   0.0%   0.451 AU:4    +
   80   121  2   0.0%   0.974 AU:4    +
    3   118  2   0.0%   0.034 AU:4    +
   12   118  2   0.0%   0.648 AU:4    +
   81    86  3   0.1%   0.052 CG:3    +
   83   118  2   0.0%   1.479 AU:4    +
   29   121  2   0.0%   0.961 AU:4    +
   22    26  2   0.0%   0.475 UA:4    +
    7    28  2   0.0%   0.112 AU:4    +
   27    31  2   0.0%   0.239 CG:4    +
   30   121  2   0.0%   0.709 AU:4    +
   28    32  2   0.0%   0.215 UA:4    +
  117   133  2   0.0%   1.376 GC:4    +
   23   134  2   0.0%   1.551 GC:4    +
   23   116  2   0.0%   0.583 GC:4    +
   12    28  2   0.0%   0.331 AU:4    +
    9    37  2   0.0%   0.130 AU:4    +
   31   128  3   0.1%   0.817 GC:3    +
   68   121  2   0.0%   0.744 AU:4    +
   33   121  2   0.0%   0.488 AU:4    +
   38    45  3   0.1%   0.414 GC:3    +
   47   121  2   0.0%   0.666 GU:4    +
   77   118  2   0.0%   1.486 GU:4    +
   22    41  2   0.0%   0.943 UG:4    +
   93   118  2   0.0%   1.340 AU:4    +
   36    47  3   0.1%   0.093 CG:3    +
   35    48  3   0.1%   0.313 GC:3    +
   18    28  2   0.0%   0.018 AU:4    +
   18   118  2   0.0%   0.058 AU:4    +
   64   125  2   0.0%   1.614 CG:4    +
   22   135  2   0.0%   1.202 UA:4    +
  113   121  2   0.0%   1.215 AU:4    +
    9   121  2   0.0%   0.389 AU:4    +
   37    46  3   0.1%   0.418 UG:3    +
   84   109  2   0.0%   0.458 AU:4    +
   73    93  2   0.0%   0.017 UA:4    +
   64   110  2   0.0%   0.313 CG:4    +
   69   121  2   0.0%   0.760 AU:4    +
  121   125  2   0.0%   1.882 UG:4    +
   69   118  2   0.0%   1.223 AU:4    +
   11    31  2   0.0%   0.442 CG:4    +
   28   129  2   0.0%   0.924 UA:4    +
   25    58  2   0.0%   0.135 CG:4    +
   29   109  2   0.0%   0.123 AU:4    +
   41   128  2   0.0%   1.393 GC:4    +
   19   121  2   0.0%   0.071 AU:4    +
    9   106  2   0.0%   0.385 AU:4    +
   96   113  2   0.0%   0.659 UA:4    +
   28   135  2   0.0%   0.781 UA:4    +
    9   118  2   0.0%   0.416 AU:4    +
   73    90  3   0.1%   0.028 UA:3    +
   44   121  2   0.0%   0.661 GU:4    +
   40   129  2   0.0%   1.194 UA:4    +
   89   113  2   0.0%   0.767 UA:4    +
   28   127  2   0.0%   0.967 UA:4    +
   68   118  2   0.0%   1.205 AU:4    +
   18   121  2   0.0%   0.021 AU:4    +
    6   121  2   0.0%   0.045 AU:4    +
    7    22  2   0.0%   0.003 AU:4    +
   85   109  2   0.0%   0.381 AU:4    +
   73   124  2   0.0%   1.033 UA:4    +
   23   118  2   0.0%   0.621 GU:4    +
   38   133  2   0.0%   1.745 GC:4    +
   24   129  2   0.0%   1.182 UA:4    +
  117   121  2   0.0%   1.715 GU:4    +
   64   119  2   0.0%   1.665 CG:4    +
   76   129  2   0.0%   0.446 UA:4    +
   33    73  2   0.0%   0.029 AU:4    +
   90   108  2   0.0%   0.222 AU:4    +
   68   109  2   0.0%   0.125 AU:4    +
  121   135  2   0.0%   1.047 UA:4    +
   29    73  2   0.0%   0.122 AU:4    +
   24   113  2   0.0%   0.461 UA:4    +
   33   109  2   0.0%   0.031 AU:4    +
   12   121  2   0.0%   0.617 AU:4    +
   32   109  2   0.0%   0.080 AU:4    +
   64   104  2   0.0%   0.268 CG:4    +
   28    53  2   0.0%   0.265 UA:4    +
   92   118  2   0.0%   1.319 AU:4    +
   58    78  2   0.0%   0.004 GC:4    +
   77   116  2   0.0%   0.640 GC:4    +
   22    92  2   0.0%   0.647 UA:4    +
   23    91  2   0.0%   0.568 GC:4    +
   31    78  2   0.0%   0.285 GC:4    +
   58    62  2   0.0%   0.006 GC:4    +
   31    79  2   0.0%   0.285 GC:4    +
   24    90  2   0.0%   0.460 UA:4    +
   63   133  2   0.0%   1.434 GC:4    +
  111   133  2   0.0%   1.263 GC:4    +
   64    72  2   0.0%   0.269 CG:4    +
   28    54  2   0.0%   0.265 UA:4    +
   31    62  2   0.0%   0.284 GC:4    +
   32    73  2   0.0%   0.077 AU:4    +
   26    73  2   0.0%   0.075 AU:4    +
   90   107  2   0.0%   0.226 AU:4    +
   31    71  2   0.0%   0.284 GC:4    +
    7    37  2   0.0%   0.102 AU:4    +
   56   118  2   0.0%   1.234 AU:4    +
  107   127  2   0.0%   0.468 UA:4    +
   28    56  2   0.0%   0.265 UA:4    +
   57   118  2   0.0%   1.166 AU:4    +
   66    73  2   0.0%   0.054 AU:4    +
   26   109  2   0.0%   0.074 AU:4    +
   40   130  2   0.0%   1.001 UA:4    +
   19   118  2   0.0%   0.106 AU:4    +
   73    83  2   0.0%   0.010 UA:4    +
   30   109  2   0.0%   0.262 AU:4    +
   21    29  3   0.1%   0.481 UA:3    +
   41   121  3   0.1%   1.635 GU:3    +
   35   122  3   0.1%   0.764 GC:3    +
   15   126  3   0.1%   0.126 CG:3    +
   30   114  3   0.1%   0.346 AU:3    +
  126   132  3   0.1%   1.095 GU:3    +
   15    24  3   0.1%   0.418 GU:3    +
   15    20  3   0.1%   0.466 CG:3    +
    2   119  3   0.1%   0.038 CG:3    +
   86   101  3   0.1%   0.145 GC:3    +
   17    23  3   0.1%   0.460 CG:3    +
    8    15  3   0.1%   0.026 CG:3    +
   78    87  3   0.1%   0.020 CG:3    +
   15    21  3   0.1%   0.474 GC:3    +
   86    94  3   0.1%   0.176 GU:3    +
    1   120  3   0.1%   0.028 CG:3    +
   30    35  3   0.1%   0.448 AU:3    +
   23    36  3   0.0%   0.568 GC:3    +
   20   122  3   0.0%   0.523 GC:3    +
   33    50  3   0.0%   0.035 AU:3    +
  106   127  3   0.0%   0.464 UA:3    +
  126   134  3   0.0%   1.274 GC:3    +
   87    91  3   0.0%   0.083 GC:3    +
   20   123  3   0.0%   0.524 GC:3    +
    2   120  3   0.0%   0.041 CG:3    +
   21    33  3   0.0%   0.643 UA:3    +
   50    57  3   0.0%   0.164 UA:3    +
   24    36  3   0.0%   0.474 UA:3    +
   25    35  3   0.0%   0.269 CG:3    +
   20    25  3   0.0%   0.457 GC:3    +
   21    36  3   0.0%   0.668 UA:3    +
   33   114  3   0.0%   0.113 AU:3    +
    2    31  3   0.0%   0.023 CG:3    +
    2    23  3   0.0%   0.020 CG:3    +
   90    94  3   0.0%   0.159 AU:3    +
   15   134  3   0.0%   0.848 GC:3    +
   10    27  3   0.0%   0.402 GC:3    +
   10    15  3   0.0%   0.025 GC:3    +
   60   114  3   0.0%   0.483 CG:3    +
  118   131  3   0.0%   1.459 UA:3    +
    6   118  3   0.0%   0.075 AU:3    +
    9    28  3   0.0%   0.139 AU:3    +
   50    54  3   0.0%   0.010 UA:3    +
  114   134  3   0.0%   1.114 GC:3    +
   15    25  3   0.0%   0.054 GC:3    +
   87   101  3   0.0%   0.144 GC:3    +
   10   134  3   0.0%   0.688 GC:3    +
   13    27  3   0.0%   0.327 GC:3    +
   13    25  3   0.0%   0.333 GC:3    +
   52    56  3   0.0%   0.113 UA:3    +
   21    32  3   0.0%   0.637 UA:3    +
    4   121  3   0.0%   0.072 AU:3    +
   35   105  3   0.0%   0.308 GC:3    +
   36   104  3   0.0%   0.087 CG:3    +
   15    22  3   0.0%   0.477 GU:3    +
   20    35  3   0.0%   0.667 AU:3    +
    2   125  3   0.0%   0.036 CG:3    +
   15    42  3   0.0%   0.128 GC:3    +
   52   113  3   0.0%   0.391 UA:3    +
   22   127  3   0.0%   1.052 UA:3    +
   29    35  3   0.0%   0.377 AU:3    +
   32   114  3   0.0%   0.157 AU:3    +
   18   132  3   0.0%   0.371 AU:3    +
   35   125  3   0.0%   1.330 UG:3    +
   30   132  3   0.0%   0.668 AU:3    +
    1    31  3   0.0%   0.016 CG:3    +
   28   114  3   0.0%   0.294 UG:3    +
   15   120  3   0.0%   0.130 CG:3    +
   40   113  3   0.0%   0.906 UA:3    +
    5    15  3   0.0%   0.017 CG:3    +
    2   117  3   0.0%   0.026 CG:3    +
   33   132  3   0.0%   0.458 AU:3    +
  113   118  3   0.0%   1.803 AU:3    +
   13   122  3   0.0%   0.369 GC:3    +
   39   114  3   0.0%   1.247 CG:3    +
   17   125  3   0.0%   0.042 CG:3    +
   12    21  3   0.0%   0.123 AU:3    +
   14   126  3   0.0%   0.516 CG:3    +
   11    15  3   0.0%   0.023 CG:3    +
   20   132  3   0.0%   0.943 GU:3    +
  114   119  3   0.0%   1.818 UG:3    +
   31    35  3   0.0%   0.454 GU:3    +
   10    14  3   0.0%   0.015 GC:3    +
  114   123  3   0.0%   1.481 GC:3    +
   25   114  3   0.0%   0.160 CG:3    +
   27   126  3   0.0%   1.253 CG:3    +
   19    35  3   0.0%   0.215 AU:3    +
   17   119  3   0.0%   0.038 CG:3    +
   17   132  3   0.0%   0.386 AU:3    +
   15   125  3   0.0%   0.119 CG:3    +
    6    22  3   0.0%   0.005 AU:3    +
  121   129  3   0.0%   1.105 UA:3    +
   24    35  3   0.0%   0.629 UG:3    +
    7   121  3   0.0%   0.120 AU:3    +
   29   132  3   0.0%   0.918 AU:3    +
   17    38  3   0.0%   0.311 CG:3    +
    1   125  3   0.0%   0.023 CG:3    +
   20   134  3   0.0%   0.924 GC:3    +
   33    43  3   0.0%   0.097 AU:3    +
   24   131  3   0.0%   1.082 UA:3    +
   46   122  3   0.0%   0.182 GC:3    +
   45   120  3   0.0%   1.058 CG:3    +
   20   105  3   0.0%   0.511 GC:3    +
   28   113  3   0.0%   0.269 UA:3    +
   28   131  3   0.0%   0.825 UA:3    +
   32    43  3   0.0%   0.149 AU:3    +
   15   121  3   0.0%   0.121 GU:3    +
   15    27  3   0.0%   0.045 GC:3    +
  114   132  3   0.0%   1.163 GC:3    +
   46   119  3   0.0%   1.106 UG:3    +
   17    24  3   0.0%   0.382 AU:3    +
   40   115  3   0.0%   0.959 UA:3    +
   52    57  3   0.0%   0.044 UA:3    +
  114   120  3   0.0%   1.775 UG:3    +
   49    54  3   0.0%   0.008 UA:3    +
   26    35  3   0.0%   0.209 AU:3    +
   12   132  3   0.0%   0.607 AU:3    +
   29    43  3   0.0%   0.184 AU:3    +
   17    41  3   0.0%   0.318 CG:3    +
   58   116  3   0.0%   0.293 GC:3    +
   22   131  3   0.0%   1.244 UA:3    +
   35    74  3   0.0%   0.303 UA:3    +
   13   123  3   0.0%   0.368 GC:3    +
    1   119  3   0.0%   0.017 CG:3    +
   10   105  3   0.0%   0.665 GC:3    +
   31    43  3   0.0%   0.355 GU:3    +
   18    35  3   0.0%   0.173 AU:3    +
   23    35  3   0.0%   0.722 GU:3    +
    1   117  3   0.0%   0.017 CG:3    +
   17    21  3   0.0%   0.441 AU:3    +
   36   132  3   0.0%   1.104 AU:3    +
   70    78  3   0.0%   0.040 GC:3    +
   20    45  3   0.0%   0.509 GC:3    +
   31    51  3   0.0%   0.284 GC:3    +
   36    72  3   0.0%   0.082 CG:3    +
   10   122  3   0.0%   0.682 GC:3    +
   78   114  3   0.0%   0.819 CG:3    +
   63   114  3   0.0%   1.450 GU:3    +
   35   117  3   0.0%   1.072 UG:3    +
   84   114  3   0.0%   0.846 AU:3    +
   88   106  3   0.0%   0.221 AU:3    +
   24    59  3   0.0%   0.460 UA:3    +
   36   119  3   0.0%   1.178 CG:3    +
   37   131  3   0.0%   1.165 UA:3    +
   85   114  3   0.0%   0.770 AU:3    +
   12    35  3   0.0%   0.319 AU:3    +
   11   126  3   0.0%   0.755 CG:3    +
   17   108  3   0.0%   0.017 AU:3    +
   62   114  3   0.0%   0.480 CG:3    +
   67   107  3   0.0%   0.009 AU:3    +
   15    39  3   0.0%   0.386 GC:3    +
   23   133  3   0.0%   1.555 GC:3    +
   40    67  3   0.0%   0.444 UA:3    +
   35   134  3   0.0%   1.222 GC:3    +
   78    86  3   0.0%   0.009 CG:3    +
   35    68  3   0.0%   0.301 UA:3    +
   30    52  3   0.0%   0.261 AU:3    +
   14   120  3   0.0%   0.533 CG:3    +
   31    52  3   0.0%   0.284 GU:3    +
   35   132  3   0.0%   1.287 GU:3    +
   15   122  3   0.0%   0.108 GC:3    +
   36   117  3   0.0%   0.842 CG:3    +
   26   132  3   0.0%   1.157 AU:3    +
   35   120  3   0.0%   1.371 UG:3    +
   35   119  3   0.0%   1.408 UG:3    +
   10   123  3   0.0%   0.682 GC:3    +
   32    50  3   0.0%   0.077 AU:3    +
   65   126  3   0.0%   0.678 CG:3    +
   13   116  3   0.0%   0.357 GC:3    +
   35   108  3   0.0%   0.307 GU:3    +
   15   123  3   0.0%   0.108 GC:3    +
   15   119  3   0.0%   0.117 CG:3    +
   54    60  3   0.0%   0.006 AU:3    +
   39   126  3   0.0%   1.706 CG:3    +
   15   118  3   0.0%   0.155 GU:3    +
   36   107  3   0.0%   0.085 AU:3    +
    2    44  3   0.0%   0.019 CG:3    +
   11    35  3   0.0%   0.435 CG:3    +
   78   126  3   0.0%   0.686 CG:3    +
   14   119  3   0.0%   0.523 CG:3    +
   14   125  3   0.0%   0.522 CG:3    +
   35    71  3   0.0%   0.302 GC:3    +
   71   126  3   0.0%   0.650 CG:3    +
   69   132  3   0.0%   0.509 AU:3    +
   90   106  3   0.0%   0.225 AU:3    +
   67   118  3   0.0%   1.213 AU:3    +
  114   125  3   0.0%   1.763 UG:3    +
   49    53  3   0.0%   0.006 UA:3    +
   19    43  3   0.0%   0.107 AU:3    +
   68   132  3   0.0%   0.493 AU:3    +
   37    67  3   0.0%   0.411 UA:3    +
   59   117  3   0.0%   0.735 CG:3    +
   66   132  3   0.0%   0.569 AU:3    +
   10    64  3   0.0%   0.664 GC:3    +
   15    28  3   0.0%   0.053 GU:3    +
   13    42  3   0.0%   0.388 GC:3    +
   79   114  3   0.0%   0.834 CG:3    +
   10   132  3   0.0%   0.683 GU:3    +
   15    48  3   0.0%   0.094 GC:3    +
   43    66  3   0.0%   0.481 UA:3    +
  114   126  3   0.0%   1.163 UG:3    +
   87   122  3   0.0%   0.306 GC:3    +
   45   121  3   0.0%   0.660 AU:3    +
  114   135  3   0.0%   0.735 UA:3    +
   15    38  3   0.0%   0.386 CG:3    +
   65    70  3   0.0%   0.120 CG:3    +
   10    78  3   0.0%   0.664 GC:3    +
   21   114  3   0.0%   0.687 CG:3    +
   12    43  3   0.0%   0.653 AU:3    +
   15   117  3   0.0%   0.153 CG:3    +
   48    61  3   0.0%   0.013 CG:3    +
   86   123  3   0.0%   0.945 GC:3    +
    2    38  3   0.0%   0.018 CG:3    +
   22   113  3   0.0%   0.649 UA:3    +
   17   117  3   0.0%   0.071 CG:3    +
   38   114  3   0.0%   1.275 GU:3    +
   21   135  3   0.0%   1.040 UA:3    +
   19    46  3   0.0%   0.055 AU:3    +
   35   107  3   0.0%   0.307 GU:3    +
    2    63  3   0.0%   0.019 CG:3    +
   35    78  3   0.0%   0.303 GC:3    +
   43   135  3   0.0%   0.486 UA:3    +
   36   106  3   0.0%   0.085 AU:3    +
   35    69  3   0.0%   0.301 UA:3    +
   76   114  3   0.0%   0.814 UG:3    +
    1    23  3   0.0%   0.012 CG:3    +
   45   119  3   0.0%   1.101 CG:3    +
   29    52  3   0.0%   0.122 AU:3    +
   51   117  3   0.0%   0.936 CG:3    +
   45   117  3   0.0%   0.738 CG:3    +
   59   120  3   0.0%   1.054 CG:3    +
   76    90  3   0.0%   0.014 UA:3    +
   83   114  3   0.0%   0.775 AU:3    +
   11   114  3   0.0%   0.746 CG:3    +
  101   114  3   0.0%   0.729 CG:3    +
   94   113  3   0.0%   0.694 UA:3    +
   54    61  3   0.0%   0.005 AU:3    +
   33    49  3   0.0%   0.024 AU:3    +
   36   111  3   0.0%   0.083 CG:3    +
   17   120  3   0.0%   0.046 CG:3    +
   18    43  3   0.0%   0.057 AU:3    +
   21    93  3   0.0%   0.664 UA:3    +
   35    70  3   0.0%   0.301 UA:3    +
   27   114  3   0.0%   0.178 CG:3    +
   18   114  3   0.0%   0.028 AU:3    +
   70   132  3   0.0%   0.638 GU:3    +
  102   114  3   0.0%   0.669 AU:3    +
   37   114  3   0.0%   1.254 UG:3    +
   73   114  3   0.0%   0.576 UG:3    +
   15    40  3   0.0%   0.395 GU:3    +
    3    35  3   0.0%   0.005 AU:3    +
   80   114  3   0.0%   0.834 AU:3    +
   50   102  3   0.0%   0.121 UA:3    +
   99   114  3   0.0%   0.739 CG:3    +
   35    56  3   0.0%   0.300 UA:3    +
   46    79  3   0.0%   0.012 GC:3    +
   32    61  3   0.0%   0.077 AU:3    +
   39    61  3   0.0%   0.379 CG:3    +
   36    44  3   0.0%   0.075 CG:3    +
   26    43  3   0.0%   0.135 AU:3    +
   93   114  3   0.0%   0.640 AU:3    +
   32    52  3   0.0%   0.077 AU:3    +
   36    63  3   0.0%   0.081 CG:3    +
   35    72  3   0.0%   0.302 UG:3    +
   10    48  3   0.0%   0.664 GC:3    +
   35   135  3   0.0%   0.854 UA:3    +
   64    77  3   0.0%   0.254 CG:3    +
   12    46  3   0.0%   0.603 AU:3    +
   34    52  3   0.0%   0.134 AU:3    +
   19   114  3   0.0%   0.078 AU:3    +
   46   123  3   0.0%   0.729 GC:3    +
   33    60  3   0.0%   0.028 AU:3    +
    1    63  3   0.0%   0.014 CG:3    +
   10    35  3   0.0%   0.399 AU:3    +
   45    52  3   0.0%   0.008 AU:3    +
    2   111  3   0.0%   0.018 CG:3    +
   61   126  3   0.0%   0.410 UA:3    +
   10    45  3   0.0%   0.664 GC:3    +
   35    65  3   0.0%   0.300 GC:3    +
   46   120  3   0.0%   1.061 UG:3    +
   73   129  3   0.0%   0.451 UA:3    +
   96   114  3   0.0%   0.763 UG:3    +
   41    59  3   0.0%   0.334 GC:3    +
   42    58  3   0.0%   0.072 CG:3    +
   10   114  3   0.0%   0.681 GU:3    +
   40    45  3   0.0%   0.399 UA:3    +
   43   102  3   0.0%   0.433 UA:3    +
   33    52  3   0.0%   0.028 AU:3    +
  106   129  3   0.0%   0.395 UA:3    +
............(((.....(((((((................((((((((...))))))))((((((((((((((((................)))))))..)))))))))....))))..)))......))).
